Current configuration:
[NAME]		[DEFLT]	[VALUE]
-allphones	no	no
-cntthresh	0.00001	1.000000e-05
-csplitmax	100	2000
-csplitmin	1	1
-csplitthr	8e-4	0.000000e+00
-example	no	no
-fullvar	no	no
-help		no	no
-meanfn			/home/yaroslav/model/model_parameters/ua.cd_cont_untied/means
-mixwfn			/home/yaroslav/model/model_parameters/ua.cd_cont_untied/mixture_weights
-moddeffn		/home/yaroslav/model/model_architecture/ua.untied.mdef
-mwfloor	1e-4	1.000000e-08
-phone			ZZ
-psetfn			/home/yaroslav/model/model_architecture/ua.tree_questions
-ssplitmax	5	7
-ssplitmin	1	1
-ssplitthr	8e-4	0.000000e+00
-state			1
-stwt			1.0,0.05,0.0,
-treefn			/home/yaroslav/model/trees/ua.unpruned/ZZ-1.dtree
-ts2cbfn	.semi.	.cont.
-varfloor	0.00001	1.000000e-05
-varfn			/home/yaroslav/model/model_parameters/ua.cd_cont_untied/variances

INFO: main.c(223): Reading: /home/yaroslav/model/model_architecture/ua.untied.mdef
INFO: model_def_io.c(573): Model definition info:
INFO: model_def_io.c(574): 9391 total models defined (51 base, 9340 tri)
INFO: model_def_io.c(575): 37564 total states
INFO: model_def_io.c(576): 28173 total tied states
INFO: model_def_io.c(577): 153 total tied CI states
INFO: model_def_io.c(578): 51 total tied transition matrices
INFO: model_def_io.c(579): 4 max state/model
INFO: model_def_io.c(580): 4 min state/model
INFO: main.c(242): Building trees for [ZZ A І b] through [ZZ І TT e]
INFO: main.c(269): Covering states |[26700 26777]| == 78
INFO: main.c(275): Reading: /home/yaroslav/model/model_parameters/ua.cd_cont_untied/mixture_weights
INFO: s3mixw_io.c(173): Read /home/yaroslav/model/model_parameters/ua.cd_cont_untied/mixture_weights [78x1x1 array]
INFO: main.c(311): 26 of 26 models have observation count greater than 0.000010
INFO: main.c(95): nrm stwt: 0.045 0.909 0.045 
INFO: s3gau_io.c(169): Read /home/yaroslav/model/model_parameters/ua.cd_cont_untied/means [28173x1x1 array]
INFO: s3gau_io.c(169): Read /home/yaroslav/model/model_parameters/ua.cd_cont_untied/variances [28173x1x1 array]
INFO: main.c(549): Reading: /home/yaroslav/model/model_architecture/ua.tree_questions
INFO: main.c(588): 174 total simple questions (166 phone; 8 word bndry)
INFO: main.c(590): 40 Left Only questions, and 42 Right Only questions
INFO: dtree.c(1478): Final simple tree
|( QUESTION14 -1 -1.645e+04 3.616e+02 2.365e+02
|    ( - -2.077e+03 1 0)
|    ( QUESTION0_18_R 1 -1.402e+04 3.149e+02 2.038e+02
|        ( - 2.333e+02 1 0)
|        ( QUESTION6 1 -1.393e+04 3.131e+02 2.028e+02
|            ( - 2.440e+02 1 0)
|            ( QUESTION19 -1 -1.386e+04 2.114e+02 2.018e+02
|                ( - -9.689e+03 10 0 QUESTION0_0_R 1 1.446e+02 1.448e+02)
|                ( QUESTION2_14_L -1 -3.964e+03 1.873e+02 5.704e+01
|                    ( - -4.004e+01 1 0)
|                    ( QUESTION13 -1 -3.737e+03 1.851e+02 5.404e+01
|                        ( - -3.292e+01 1 0)
|                        ( QUESTION0_2_R 1 -3.519e+03 1.781e+02 5.104e+01
|                            ( - 1.349e+02 1 0)
|                            ( - -3.476e+03 10 0 WDBNDRY_E 0 1.721e+02 5.050e+01))))))))
s>    ( QUESTION14 -1 -1.645e+04 3.616e+02 2.365e+02
s>        ( - -2.077e+03 1 0)
s>        ( QUESTION0_18_R 1 -1.402e+04 3.149e+02 2.038e+02
s>            ( - 2.333e+02 1 0)
s>            ( QUESTION6 1 -1.393e+04 3.131e+02 2.028e+02
s>                ( - 2.440e+02 1 0)
s>                ( QUESTION19 -1 -1.386e+04 2.114e+02 2.018e+02
s>                    ( - -9.689e+03 10 0 QUESTION0_0_R 1 1.446e+02 1.448e+02)
s>                    ( QUESTION2_14_L -1 -3.964e+03 1.873e+02 5.704e+01
s>                        ( - -4.004e+01 1 0)
s>                        ( QUESTION13 -1 -3.737e+03 1.851e+02 5.404e+01
s>                            ( - -3.292e+01 1 0)
s>                            ( QUESTION0_2_R 1 -3.519e+03 1.781e+02 5.104e+01
s>                                ( - 1.349e+02 1 0)
s>                                ( - -3.476e+03 10 0 WDBNDRY_E 0 1.721e+02 5.050e+01))))))))INFO: dtree.c(1315): Comp split 0
INFO: dtree.c(1439): stop. leaf nodes are specific
INFO: dtree.c(1478): Final simple tree
|( QUESTION13 -1 -2.289e+03 1.715e+02 3.572e+01
|    ( - -2.077e+03 1 0)
|    ( - -4.004e+01 1 0))
s>    ( QUESTION13 -1 -2.289e+03 1.715e+02 3.572e+01
s>        ( - -2.077e+03 1 0)
s>        ( - -4.004e+01 1 0))INFO: dtree.c(1478): Final simple tree
|( QUESTION0_18_R 1 -1.377e+04 3.153e+02 2.008e+02
|    ( - 2.333e+02 1 0)
|    ( QUESTION6 1 -1.369e+04 3.135e+02 1.998e+02
|        ( - 2.440e+02 1 0)
|        ( QUESTION19 -1 -1.362e+04 1.975e+02 1.988e+02
|            ( - -9.689e+03 10 0 QUESTION0_0_R 1 1.446e+02 1.448e+02)
|            ( QUESTION13 -1 -3.737e+03 1.851e+02 5.404e+01
|                ( - -3.292e+01 1 0)
|                ( QUESTION0_2_R 1 -3.519e+03 1.781e+02 5.104e+01
|                    ( - 1.349e+02 1 0)
|                    ( WDBNDRY_E 0 -3.476e+03 1.721e+02 5.050e+01
|                        ( - 1.349e+02 1 0)
|                        ( QUESTION0_12_R 1 -3.438e+03 1.598e+02 4.996e+01
|                            ( - -2.460e+02 1 0)
|                            ( - -3.033e+03 8 0 WDBNDRY_B 0 1.375e+02 4.496e+01))))))))
s>    ( QUESTION0_18_R 1 -1.377e+04 3.153e+02 2.008e+02
s>        ( - 2.333e+02 1 0)
s>        ( QUESTION6 1 -1.369e+04 3.135e+02 1.998e+02
s>            ( - 2.440e+02 1 0)
s>            ( QUESTION19 -1 -1.362e+04 1.975e+02 1.988e+02
s>                ( - -9.689e+03 10 0 QUESTION0_0_R 1 1.446e+02 1.448e+02)
s>                ( QUESTION13 -1 -3.737e+03 1.851e+02 5.404e+01
s>                    ( - -3.292e+01 1 0)
s>                    ( QUESTION0_2_R 1 -3.519e+03 1.781e+02 5.104e+01
s>                        ( - 1.349e+02 1 0)
s>                        ( WDBNDRY_E 0 -3.476e+03 1.721e+02 5.050e+01
s>                            ( - 1.349e+02 1 0)
s>                            ( QUESTION0_12_R 1 -3.438e+03 1.598e+02 4.996e+01
s>                                ( - -2.460e+02 1 0)
s>                                ( - -3.033e+03 8 0 WDBNDRY_B 0 1.375e+02 4.496e+01))))))))INFO: dtree.c(1315): Comp split 1
INFO: dtree.c(1478): Final simple tree
|( QUESTION6 1 -1.369e+04 3.135e+02 1.998e+02
|    ( - 2.440e+02 1 0)
|    ( QUESTION19 -1 -1.362e+04 1.975e+02 1.988e+02
|        ( QUESTION0_0_R 1 -9.689e+03 1.446e+02 1.448e+02
|            ( - -7.513e+03 5 0 WDBNDRY_B 0 1.638e+02 1.138e+02)
|            ( - -2.032e+03 5 0 WDBNDRY_B 0 9.388e+01 3.101e+01))
|        ( QUESTION13 -1 -3.737e+03 1.851e+02 5.404e+01
|            ( - -3.292e+01 1 0)
|            ( QUESTION0_2_R 1 -3.519e+03 1.781e+02 5.104e+01
|                ( - 1.349e+02 1 0)
|                ( WDBNDRY_E 0 -3.476e+03 1.721e+02 5.050e+01
|                    ( - 1.349e+02 1 0)
|                    ( QUESTION0_12_R 1 -3.438e+03 1.598e+02 4.996e+01
|                        ( - -2.460e+02 1 0)
|                        ( - -3.033e+03 8 0 WDBNDRY_B 0 1.375e+02 4.496e+01)))))))
s>    ( QUESTION6 1 -1.369e+04 3.135e+02 1.998e+02
s>        ( - 2.440e+02 1 0)
s>        ( QUESTION19 -1 -1.362e+04 1.975e+02 1.988e+02
s>            ( QUESTION0_0_R 1 -9.689e+03 1.446e+02 1.448e+02
s>                ( - -7.513e+03 5 0 WDBNDRY_B 0 1.638e+02 1.138e+02)
s>                ( - -2.032e+03 5 0 WDBNDRY_B 0 9.388e+01 3.101e+01))
s>            ( QUESTION13 -1 -3.737e+03 1.851e+02 5.404e+01
s>                ( - -3.292e+01 1 0)
s>                ( QUESTION0_2_R 1 -3.519e+03 1.781e+02 5.104e+01
s>                    ( - 1.349e+02 1 0)
s>                    ( WDBNDRY_E 0 -3.476e+03 1.721e+02 5.050e+01
s>                        ( - 1.349e+02 1 0)
s>                        ( QUESTION0_12_R 1 -3.438e+03 1.598e+02 4.996e+01
s>                            ( - -2.460e+02 1 0)
s>                            ( - -3.033e+03 8 0 WDBNDRY_B 0 1.375e+02 4.496e+01)))))))INFO: dtree.c(1315): Comp split 2
INFO: dtree.c(1478): Final simple tree
|( QUESTION19 -1 -1.362e+04 1.975e+02 1.988e+02
|    ( QUESTION0_0_R 1 -9.689e+03 1.446e+02 1.448e+02
|        ( WDBNDRY_B 0 -7.513e+03 1.638e+02 1.138e+02
|            ( - -9.167e+02 2 0)
|            ( - -6.432e+03 3 0))
|        ( - -2.032e+03 5 0 WDBNDRY_B 0 9.388e+01 3.101e+01))
|    ( QUESTION13 -1 -3.737e+03 1.851e+02 5.404e+01
|        ( - -3.292e+01 1 0)
|        ( QUESTION0_2_R 1 -3.519e+03 1.781e+02 5.104e+01
|            ( - 1.349e+02 1 0)
|            ( WDBNDRY_E 0 -3.476e+03 1.721e+02 5.050e+01
|                ( - 1.349e+02 1 0)
|                ( QUESTION0_12_R 1 -3.438e+03 1.598e+02 4.996e+01
|                    ( - -2.460e+02 1 0)
|                    ( - -3.033e+03 8 0 WDBNDRY_B 0 1.375e+02 4.496e+01))))))
s>    ( QUESTION19 -1 -1.362e+04 1.975e+02 1.988e+02
s>        ( QUESTION0_0_R 1 -9.689e+03 1.446e+02 1.448e+02
s>            ( WDBNDRY_B 0 -7.513e+03 1.638e+02 1.138e+02
s>                ( - -9.167e+02 2 0)
s>                ( - -6.432e+03 3 0))
s>            ( - -2.032e+03 5 0 WDBNDRY_B 0 9.388e+01 3.101e+01))
s>        ( QUESTION13 -1 -3.737e+03 1.851e+02 5.404e+01
s>            ( - -3.292e+01 1 0)
s>            ( QUESTION0_2_R 1 -3.519e+03 1.781e+02 5.104e+01
s>                ( - 1.349e+02 1 0)
s>                ( WDBNDRY_E 0 -3.476e+03 1.721e+02 5.050e+01
s>                    ( - 1.349e+02 1 0)
s>                    ( QUESTION0_12_R 1 -3.438e+03 1.598e+02 4.996e+01
s>                        ( - -2.460e+02 1 0)
s>                        ( - -3.033e+03 8 0 WDBNDRY_B 0 1.375e+02 4.496e+01))))))INFO: dtree.c(1315): Comp split 3
INFO: dtree.c(1478): Final simple tree
|( WDBNDRY_E 0 -4.521e+03 1.724e+02 6.650e+01
|    ( - 1.349e+02 1 0)
|    ( QUESTION0_12_R 1 -4.483e+03 1.541e+02 6.596e+01
|        ( - -2.460e+02 1 0)
|        ( QUESTION19 -1 -4.083e+03 1.338e+02 6.096e+01
|            ( - -9.167e+02 2 0)
|            ( WDBNDRY_B 0 -3.033e+03 1.375e+02 4.496e+01
|                ( QUESTION0_0_R 1 -6.468e+02 1.878e+02 1.100e+01
|                    ( - -4.823e+02 2 0 QUESTION0 -1 1.070e+02 9.000e+00)
|                    ( - 2.330e+01 1 0))
|                ( QUESTION2_5_L -1 -2.248e+03 1.857e+02 3.396e+01
|                    ( - -1.403e+01 1 0)
|                    ( QUESTION0_0_R 1 -2.049e+03 3.175e+02 3.096e+01
|                        ( - -1.935e+03 3 0 QUESTION0_9_R 1 1.170e+02 2.996e+01)
|                        ( - 2.038e+02 1 0)))))))
s>    ( WDBNDRY_E 0 -4.521e+03 1.724e+02 6.650e+01
s>        ( - 1.349e+02 1 0)
s>        ( QUESTION0_12_R 1 -4.483e+03 1.541e+02 6.596e+01
s>            ( - -2.460e+02 1 0)
s>            ( QUESTION19 -1 -4.083e+03 1.338e+02 6.096e+01
s>                ( - -9.167e+02 2 0)
s>                ( WDBNDRY_B 0 -3.033e+03 1.375e+02 4.496e+01
s>                    ( QUESTION0_0_R 1 -6.468e+02 1.878e+02 1.100e+01
s>                        ( - -4.823e+02 2 0 QUESTION0 -1 1.070e+02 9.000e+00)
s>                        ( - 2.330e+01 1 0))
s>                    ( QUESTION2_5_L -1 -2.248e+03 1.857e+02 3.396e+01
s>                        ( - -1.403e+01 1 0)
s>                        ( QUESTION0_0_R 1 -2.049e+03 3.175e+02 3.096e+01
s>                            ( - -1.935e+03 3 0 QUESTION0_9_R 1 1.170e+02 2.996e+01)
s>                            ( - 2.038e+02 1 0)))))))INFO: dtree.c(1439): stop. leaf nodes are specific
INFO: dtree.c(1478): Final simple tree
|( QUESTION13 -1 -8.867e+03 1.811e+02 1.323e+02
|    ( - -3.292e+01 1 0)
|    ( WDBNDRY_E 0 -8.653e+03 1.794e+02 1.293e+02
|        ( - 1.349e+02 1 0)
|        ( QUESTION0_0_R 1 -8.608e+03 1.442e+02 1.288e+02
|            ( - -6.432e+03 3 0)
|            ( WDBNDRY_B 0 -2.032e+03 9.388e+01 3.101e+01
|                ( - -7.681e+02 2 0)
|                ( - -1.170e+03 3 0)))))
s>    ( QUESTION13 -1 -8.867e+03 1.811e+02 1.323e+02
s>        ( - -3.292e+01 1 0)
s>        ( WDBNDRY_E 0 -8.653e+03 1.794e+02 1.293e+02
s>            ( - 1.349e+02 1 0)
s>            ( QUESTION0_0_R 1 -8.608e+03 1.442e+02 1.288e+02
s>                ( - -6.432e+03 3 0)
s>                ( WDBNDRY_B 0 -2.032e+03 9.388e+01 3.101e+01
s>                    ( - -7.681e+02 2 0)
s>                    ( - -1.170e+03 3 0)))))INFO: dtree.c(1315): Comp split 4
INFO: dtree.c(1478): Final simple tree
|( QUESTION6 -1 -4.411e+03 1.934e+02 6.550e+01
|    ( - -1.403e+01 1 0)
|    ( QUESTION0_0_R 1 -4.204e+03 1.925e+02 6.250e+01
|        ( WDBNDRY_E 0 -4.034e+03 1.731e+02 6.050e+01
|            ( - 1.349e+02 1 0)
|            ( QUESTION0_1_R 1 -3.996e+03 1.524e+02 5.996e+01
|                ( QUESTION10 -1 -3.598e+03 1.313e+02 5.496e+01
|                    ( WDBNDRY_B 0 -2.372e+03 1.184e+02 3.596e+01
|                        ( - -3.188e+02 1 0)
|                        ( - -1.935e+03 3 0 QUESTION0_9_R 1 1.170e+02 2.996e+01))
|                    ( QUESTION0 -1 -1.094e+03 1.210e+02 1.900e+01
|                        ( - -5.650e+01 1 0)
|                        ( - -9.167e+02 2 0)))
|                ( - -2.460e+02 1 0)))
|        ( - 2.330e+01 1 0)))
s>    ( QUESTION6 -1 -4.411e+03 1.934e+02 6.550e+01
s>        ( - -1.403e+01 1 0)
s>        ( QUESTION0_0_R 1 -4.204e+03 1.925e+02 6.250e+01
s>            ( WDBNDRY_E 0 -4.034e+03 1.731e+02 6.050e+01
s>                ( - 1.349e+02 1 0)
s>                ( QUESTION0_1_R 1 -3.996e+03 1.524e+02 5.996e+01
s>                    ( QUESTION10 -1 -3.598e+03 1.313e+02 5.496e+01
s>                        ( WDBNDRY_B 0 -2.372e+03 1.184e+02 3.596e+01
s>                            ( - -3.188e+02 1 0)
s>                            ( - -1.935e+03 3 0 QUESTION0_9_R 1 1.170e+02 2.996e+01))
s>                        ( QUESTION0 -1 -1.094e+03 1.210e+02 1.900e+01
s>                            ( - -5.650e+01 1 0)
s>                            ( - -9.167e+02 2 0)))
s>                    ( - -2.460e+02 1 0)))
s>            ( - 2.330e+01 1 0)))INFO: dtree.c(1315): Comp split 5
INFO: dtree.c(1478): Final simple tree
|( QUESTION0_0_R 1 -4.204e+03 1.925e+02 6.250e+01
|    ( WDBNDRY_E 0 -4.034e+03 1.731e+02 6.050e+01
|        ( - 1.349e+02 1 0)
|        ( QUESTION0_1_R 1 -3.996e+03 1.524e+02 5.996e+01
|            ( QUESTION10 -1 -3.598e+03 1.313e+02 5.496e+01
|                ( WDBNDRY_B 0 -2.372e+03 1.184e+02 3.596e+01
|                    ( - -3.188e+02 1 0)
|                    ( QUESTION0_9_R 1 -1.935e+03 1.170e+02 2.996e+01
|                        ( - -4.028e+02 1 0)
|                        ( - -1.415e+03 2 0)))
|                ( QUESTION0 -1 -1.094e+03 1.210e+02 1.900e+01
|                    ( - -5.650e+01 1 0)
|                    ( - -9.167e+02 2 0)))
|            ( - -2.460e+02 1 0)))
|    ( - 2.330e+01 1 0))
s>    ( QUESTION0_0_R 1 -4.204e+03 1.925e+02 6.250e+01
s>        ( WDBNDRY_E 0 -4.034e+03 1.731e+02 6.050e+01
s>            ( - 1.349e+02 1 0)
s>            ( QUESTION0_1_R 1 -3.996e+03 1.524e+02 5.996e+01
s>                ( QUESTION10 -1 -3.598e+03 1.313e+02 5.496e+01
s>                    ( WDBNDRY_B 0 -2.372e+03 1.184e+02 3.596e+01
s>                        ( - -3.188e+02 1 0)
s>                        ( QUESTION0_9_R 1 -1.935e+03 1.170e+02 2.996e+01
s>                            ( - -4.028e+02 1 0)
s>                            ( - -1.415e+03 2 0)))
s>                    ( QUESTION0 -1 -1.094e+03 1.210e+02 1.900e+01
s>                        ( - -5.650e+01 1 0)
s>                        ( - -9.167e+02 2 0)))
s>                ( - -2.460e+02 1 0)))
s>        ( - 2.330e+01 1 0))INFO: dtree.c(1315): Comp split 6
INFO: dtree.c(1439): stop. leaf nodes are specific
INFO: dtree.c(1478): Final simple tree
|( WDBNDRY_E 0 -4.034e+03 1.731e+02 6.050e+01
|    ( - 1.349e+02 1 0)
|    ( QUESTION0_1_R 1 -3.996e+03 1.524e+02 5.996e+01
|        ( QUESTION10 -1 -3.598e+03 1.313e+02 5.496e+01
|            ( WDBNDRY_B 0 -2.372e+03 1.184e+02 3.596e+01
|                ( - -3.188e+02 1 0)
|                ( QUESTION0_9_R 1 -1.935e+03 1.170e+02 2.996e+01
|                    ( - -4.028e+02 1 0)
|                    ( - -1.415e+03 2 0)))
|            ( QUESTION0 -1 -1.094e+03 1.210e+02 1.900e+01
|                ( - -5.650e+01 1 0)
|                ( - -9.167e+02 2 0)))
|        ( - -2.460e+02 1 0)))
s>    ( WDBNDRY_E 0 -4.034e+03 1.731e+02 6.050e+01
s>        ( - 1.349e+02 1 0)
s>        ( QUESTION0_1_R 1 -3.996e+03 1.524e+02 5.996e+01
s>            ( QUESTION10 -1 -3.598e+03 1.313e+02 5.496e+01
s>                ( WDBNDRY_B 0 -2.372e+03 1.184e+02 3.596e+01
s>                    ( - -3.188e+02 1 0)
s>                    ( QUESTION0_9_R 1 -1.935e+03 1.170e+02 2.996e+01
s>                        ( - -4.028e+02 1 0)
s>                        ( - -1.415e+03 2 0)))
s>                ( QUESTION0 -1 -1.094e+03 1.210e+02 1.900e+01
s>                    ( - -5.650e+01 1 0)
s>                    ( - -9.167e+02 2 0)))
s>            ( - -2.460e+02 1 0)))INFO: dtree.c(1315): Comp split 7
INFO: dtree.c(1439): stop. leaf nodes are specific
INFO: dtree.c(1478): Final simple tree
|( WDBNDRY_E 0 -8.653e+03 1.794e+02 1.293e+02
|    ( - 1.349e+02 1 0)
|    ( QUESTION0_0_R 1 -8.608e+03 1.442e+02 1.288e+02
|        ( - -6.432e+03 3 0)
|        ( WDBNDRY_B 0 -2.032e+03 9.388e+01 3.101e+01
|            ( - -7.681e+02 2 0)
|            ( - -1.170e+03 3 0))))
s>    ( WDBNDRY_E 0 -8.653e+03 1.794e+02 1.293e+02
s>        ( - 1.349e+02 1 0)
s>        ( QUESTION0_0_R 1 -8.608e+03 1.442e+02 1.288e+02
s>            ( - -6.432e+03 3 0)
s>            ( WDBNDRY_B 0 -2.032e+03 9.388e+01 3.101e+01
s>                ( - -7.681e+02 2 0)
s>                ( - -1.170e+03 3 0))))INFO: dtree.c(1315): Comp split 8
INFO: dtree.c(1439): stop. leaf nodes are specific
INFO: dtree.c(1478): Final simple tree
|( QUESTION0_0_R 1 -8.608e+03 1.442e+02 1.288e+02
|    ( - -6.432e+03 3 0)
|    ( WDBNDRY_B 0 -2.032e+03 9.388e+01 3.101e+01
|        ( - -7.681e+02 2 0)
|        ( - -1.170e+03 3 0)))
s>    ( QUESTION0_0_R 1 -8.608e+03 1.442e+02 1.288e+02
s>        ( - -6.432e+03 3 0)
s>        ( WDBNDRY_B 0 -2.032e+03 9.388e+01 3.101e+01
s>            ( - -7.681e+02 2 0)
s>            ( - -1.170e+03 3 0)))INFO: dtree.c(1315): Comp split 9
INFO: dtree.c(1439): stop. leaf nodes are specific
INFO: dtree.c(1478): Final simple tree
|( QUESTION0_1_R 1 -3.996e+03 1.524e+02 5.996e+01
|    ( QUESTION10 -1 -3.598e+03 1.313e+02 5.496e+01
|        ( WDBNDRY_B 0 -2.372e+03 1.184e+02 3.596e+01
|            ( - -3.188e+02 1 0)
|            ( QUESTION0_9_R 1 -1.935e+03 1.170e+02 2.996e+01
|                ( - -4.028e+02 1 0)
|                ( - -1.415e+03 2 0)))
|        ( QUESTION0 -1 -1.094e+03 1.210e+02 1.900e+01
|            ( - -5.650e+01 1 0)
|            ( - -9.167e+02 2 0)))
|    ( - -2.460e+02 1 0))
s>    ( QUESTION0_1_R 1 -3.996e+03 1.524e+02 5.996e+01
s>        ( QUESTION10 -1 -3.598e+03 1.313e+02 5.496e+01
s>            ( WDBNDRY_B 0 -2.372e+03 1.184e+02 3.596e+01
s>                ( - -3.188e+02 1 0)
s>                ( QUESTION0_9_R 1 -1.935e+03 1.170e+02 2.996e+01
s>                    ( - -4.028e+02 1 0)
s>                    ( - -1.415e+03 2 0)))
s>            ( QUESTION0 -1 -1.094e+03 1.210e+02 1.900e+01
s>                ( - -5.650e+01 1 0)
s>                ( - -9.167e+02 2 0)))
s>        ( - -2.460e+02 1 0))INFO: dtree.c(1315): Comp split 10
INFO: dtree.c(1315): Comp split 11
INFO: dtree.c(1439): stop. leaf nodes are specific
INFO: dtree.c(1478): Final simple tree
|( WDBNDRY_B 0 -2.979e+03 1.275e+02 4.596e+01
|    ( - -9.167e+02 2 0)
|    ( QUESTION0_9_R 1 -1.935e+03 1.170e+02 2.996e+01
|        ( - -4.028e+02 1 0)
|        ( - -1.415e+03 2 0)))
s>    ( WDBNDRY_B 0 -2.979e+03 1.275e+02 4.596e+01
s>        ( - -9.167e+02 2 0)
s>        ( QUESTION0_9_R 1 -1.935e+03 1.170e+02 2.996e+01
s>            ( - -4.028e+02 1 0)
s>            ( - -1.415e+03 2 0)))INFO: dtree.c(1439): stop. leaf nodes are specific
INFO: dtree.c(1478): Final simple tree
|( WDBNDRY_B 0 -8.617e+02 1.334e+02 1.400e+01
|    ( QUESTION0 -1 -4.823e+02 1.070e+02 9.000e+00
|        ( - -5.650e+01 1 0)
|        ( - -3.188e+02 1 0))
|    ( - -2.460e+02 1 0))
s>    ( WDBNDRY_B 0 -8.617e+02 1.334e+02 1.400e+01
s>        ( QUESTION0 -1 -4.823e+02 1.070e+02 9.000e+00
s>            ( - -5.650e+01 1 0)
s>            ( - -3.188e+02 1 0))
s>        ( - -2.460e+02 1 0))INFO: dtree.c(1315): Comp split 12
INFO: dtree.c(1439): stop. leaf nodes are specific
INFO: dtree.c(1478): Final simple tree
|( WDBNDRY_B 0 -2.032e+03 9.388e+01 3.101e+01
|    ( - -7.681e+02 2 0)
|    ( - -1.170e+03 3 0))
s>    ( WDBNDRY_B 0 -2.032e+03 9.388e+01 3.101e+01
s>        ( - -7.681e+02 2 0)
s>        ( - -1.170e+03 3 0))INFO: dtree.c(1315): Comp split 13
INFO: dtree.c(1439): stop. leaf nodes are specific
INFO: dtree.c(1478): Final simple tree
|( QUESTION0 -1 -4.823e+02 1.070e+02 9.000e+00
|    ( - -5.650e+01 1 0)
|    ( - -3.188e+02 1 0))
s>    ( QUESTION0 -1 -4.823e+02 1.070e+02 9.000e+00
s>        ( - -5.650e+01 1 0)
s>        ( - -3.188e+02 1 0))INFO: dtree.c(1315): Comp split 14
INFO: dtree.c(1439): stop. leaf nodes are specific
INFO: dtree.c(1478): Final simple tree
|( QUESTION0_9_R 1 -1.935e+03 1.170e+02 2.996e+01
|    ( - -4.028e+02 1 0)
|    ( - -1.415e+03 2 0))
s>    ( QUESTION0_9_R 1 -1.935e+03 1.170e+02 2.996e+01
s>        ( - -4.028e+02 1 0)
s>        ( - -1.415e+03 2 0))INFO: dtree.c(1315): Comp split 15
INFO: dtree.c(1315): Comp split 16
INFO: dtree.c(1315): Comp split 17
INFO: dtree.c(1315): Comp split 18
INFO: dtree.c(1318): stop. leaf nodes are specific
!!!!!!!!Allocated 66 lines
Fri Apr  8 23:11:38 2016
