Current configuration:
[NAME]		[DEFLT]	[VALUE]
-allphones	no	no
-cntthresh	0.00001	1.000000e-05
-csplitmax	100	2000
-csplitmin	1	1
-csplitthr	8e-4	0.000000e+00
-example	no	no
-fullvar	no	no
-help		no	no
-meanfn			/home/yaroslav/model/model_parameters/ua.cd_cont_untied/means
-mixwfn			/home/yaroslav/model/model_parameters/ua.cd_cont_untied/mixture_weights
-moddeffn		/home/yaroslav/model/model_architecture/ua.untied.mdef
-mwfloor	1e-4	1.000000e-08
-phone			NN
-psetfn			/home/yaroslav/model/model_architecture/ua.tree_questions
-ssplitmax	5	7
-ssplitmin	1	1
-ssplitthr	8e-4	0.000000e+00
-state			0
-stwt			1.0,0.05,0.0,
-treefn			/home/yaroslav/model/trees/ua.unpruned/NN-0.dtree
-ts2cbfn	.semi.	.cont.
-varfloor	0.00001	1.000000e-05
-varfn			/home/yaroslav/model/model_parameters/ua.cd_cont_untied/variances

INFO: main.c(223): Reading: /home/yaroslav/model/model_architecture/ua.untied.mdef
INFO: model_def_io.c(573): Model definition info:
INFO: model_def_io.c(574): 9365 total models defined (51 base, 9314 tri)
INFO: model_def_io.c(575): 37460 total states
INFO: model_def_io.c(576): 28095 total tied states
INFO: model_def_io.c(577): 153 total tied CI states
INFO: model_def_io.c(578): 51 total tied transition matrices
INFO: model_def_io.c(579): 4 max state/model
INFO: model_def_io.c(580): 4 min state/model
INFO: main.c(242): Building trees for [NN A A i] through [NN І І i]
INFO: main.c(269): Covering states |[12180 12449]| == 270
INFO: main.c(275): Reading: /home/yaroslav/model/model_parameters/ua.cd_cont_untied/mixture_weights
INFO: s3mixw_io.c(173): Read /home/yaroslav/model/model_parameters/ua.cd_cont_untied/mixture_weights [270x1x1 array]
INFO: main.c(311): 87 of 90 models have observation count greater than 0.000010
INFO: main.c(95): nrm stwt: 0.952 0.048 0.000 
INFO: s3gau_io.c(169): Read /home/yaroslav/model/model_parameters/ua.cd_cont_untied/means [28095x1x1 array]
INFO: s3gau_io.c(169): Read /home/yaroslav/model/model_parameters/ua.cd_cont_untied/variances [28095x1x1 array]
INFO: main.c(549): Reading: /home/yaroslav/model/model_architecture/ua.tree_questions
INFO: main.c(588): 180 total simple questions (172 phone; 8 word bndry)
INFO: main.c(590): 42 Left Only questions, and 42 Right Only questions
INFO: dtree.c(1478): Final simple tree
|( QUESTION1 -1 -3.329e+05 1.182e+03 1.596e+03
|    ( QUESTION2_12_L -1 -1.644e+05 9.194e+02 7.893e+02
|        ( - -6.328e+04 6 0 QUESTION0_0_R 1 4.501e+02 3.087e+02)
|        ( QUESTION2_2_L -1 -1.003e+05 5.832e+02 4.806e+02
|            ( QUESTION6 -1 -5.018e+04 4.557e+02 2.435e+02
|                ( - 2.415e+02 1 0)
|                ( - -4.997e+04 18 0 QUESTION8 -1 2.639e+02 2.425e+02))
|            ( QUESTION0_11_R 1 -4.949e+04 4.652e+02 2.370e+02
|                ( - 2.427e+02 1 0)
|                ( - -4.927e+04 25 0 QUESTION2 -1 2.852e+02 2.360e+02))))
|    ( QUESTION2_14_L -1 -1.672e+05 6.078e+02 8.070e+02
|        ( QUESTION0_12_R 1 -6.001e+04 4.560e+02 2.920e+02
|            ( - 2.422e+02 1 0)
|            ( - -5.980e+04 18 0 QUESTION8 1 1.906e+02 2.910e+02))
|        ( - -1.066e+05 17 0 SILENCE -1 3.944e+02 5.150e+02)))
s>    ( QUESTION1 -1 -3.329e+05 1.182e+03 1.596e+03
s>        ( QUESTION2_12_L -1 -1.644e+05 9.194e+02 7.893e+02
s>            ( - -6.328e+04 6 0 QUESTION0_0_R 1 4.501e+02 3.087e+02)
s>            ( QUESTION2_2_L -1 -1.003e+05 5.832e+02 4.806e+02
s>                ( QUESTION6 -1 -5.018e+04 4.557e+02 2.435e+02
s>                    ( - 2.415e+02 1 0)
s>                    ( - -4.997e+04 18 0 QUESTION8 -1 2.639e+02 2.425e+02))
s>                ( QUESTION0_11_R 1 -4.949e+04 4.652e+02 2.370e+02
s>                    ( - 2.427e+02 1 0)
s>                    ( - -4.927e+04 25 0 QUESTION2 -1 2.852e+02 2.360e+02))))
s>        ( QUESTION2_14_L -1 -1.672e+05 6.078e+02 8.070e+02
s>            ( QUESTION0_12_R 1 -6.001e+04 4.560e+02 2.920e+02
s>                ( - 2.422e+02 1 0)
s>                ( - -5.980e+04 18 0 QUESTION8 1 1.906e+02 2.910e+02))
s>            ( - -1.066e+05 17 0 SILENCE -1 3.944e+02 5.150e+02)))INFO: dtree.c(1315): Comp split 0
INFO: dtree.c(1478): Final simple tree
|( QUESTION2_14_L -1 -2.181e+05 7.728e+02 1.051e+03
|    ( QUESTION0_12_R 1 -6.001e+04 4.560e+02 2.920e+02
|        ( - 2.422e+02 1 0)
|        ( - -5.980e+04 18 0 QUESTION8 1 1.906e+02 2.910e+02))
|    ( QUESTION0 -1 -1.573e+05 5.751e+02 7.585e+02
|        ( QUESTION2_12_L -1 -1.047e+05 2.760e+02 5.070e+02
|            ( - -7.567e+04 13 0 WDBNDRY_B 0 2.088e+02 3.696e+02)
|            ( - -2.877e+04 3 0 WDBNDRY_B 0 2.412e+02 1.374e+02))
|        ( QUESTION6 -1 -5.205e+04 4.550e+02 2.515e+02
|            ( - 2.415e+02 1 0)
|            ( SILENCE -1 -5.184e+04 3.671e+02 2.505e+02
|                ( - -1.502e+03 1 0)
|                ( QUESTION8 -1 -4.997e+04 2.639e+02 2.425e+02
|                    ( - -2.296e+04 8 0 WDBNDRY_B 0 1.628e+02 1.124e+02)
|                    ( - -2.674e+04 10 0 QUESTION13 -1 2.232e+02 1.301e+02))))))
s>    ( QUESTION2_14_L -1 -2.181e+05 7.728e+02 1.051e+03
s>        ( QUESTION0_12_R 1 -6.001e+04 4.560e+02 2.920e+02
s>            ( - 2.422e+02 1 0)
s>            ( - -5.980e+04 18 0 QUESTION8 1 1.906e+02 2.910e+02))
s>        ( QUESTION0 -1 -1.573e+05 5.751e+02 7.585e+02
s>            ( QUESTION2_12_L -1 -1.047e+05 2.760e+02 5.070e+02
s>                ( - -7.567e+04 13 0 WDBNDRY_B 0 2.088e+02 3.696e+02)
s>                ( - -2.877e+04 3 0 WDBNDRY_B 0 2.412e+02 1.374e+02))
s>            ( QUESTION6 -1 -5.205e+04 4.550e+02 2.515e+02
s>                ( - 2.415e+02 1 0)
s>                ( SILENCE -1 -5.184e+04 3.671e+02 2.505e+02
s>                    ( - -1.502e+03 1 0)
s>                    ( QUESTION8 -1 -4.997e+04 2.639e+02 2.425e+02
s>                        ( - -2.296e+04 8 0 WDBNDRY_B 0 1.628e+02 1.124e+02)
s>                        ( - -2.674e+04 10 0 QUESTION13 -1 2.232e+02 1.301e+02))))))INFO: dtree.c(1478): Final simple tree
|( QUESTION0_20_R 1 -1.134e+05 6.653e+02 5.457e+02
|    ( QUESTION8 -1 -5.449e+04 3.367e+02 2.681e+02
|        ( - -4.742e+04 2 0)
|        ( QUESTION15 -1 -6.728e+03 2.294e+02 3.300e+01
|            ( - -8.700e+02 1 0)
|            ( - -5.629e+03 8 0 QUESTION18 -1 1.319e+02 2.800e+01)))
|    ( QUESTION0_11_R 1 -5.823e+04 4.651e+02 2.776e+02
|        ( - 2.427e+02 1 0)
|        ( QUESTION16 -1 -5.801e+04 2.897e+02 2.766e+02
|            ( WDBNDRY_B 0 -1.508e+04 2.479e+02 7.001e+01
|                ( - -8.586e+03 4 0 QUESTION19 -1 1.933e+02 4.142e+01)
|                ( - -6.245e+03 4 0 SILENCE 1 2.096e+02 2.859e+01))
|            ( QUESTION2 -1 -4.264e+04 2.163e+02 2.066e+02
|                ( - -2.370e+04 5 0 WDBNDRY_B 0 2.130e+02 1.170e+02)
|                ( - -1.872e+04 7 0 QUESTION8 -1 1.445e+02 8.956e+01)))))
s>    ( QUESTION0_20_R 1 -1.134e+05 6.653e+02 5.457e+02
s>        ( QUESTION8 -1 -5.449e+04 3.367e+02 2.681e+02
s>            ( - -4.742e+04 2 0)
s>            ( QUESTION15 -1 -6.728e+03 2.294e+02 3.300e+01
s>                ( - -8.700e+02 1 0)
s>                ( - -5.629e+03 8 0 QUESTION18 -1 1.319e+02 2.800e+01)))
s>        ( QUESTION0_11_R 1 -5.823e+04 4.651e+02 2.776e+02
s>            ( - 2.427e+02 1 0)
s>            ( QUESTION16 -1 -5.801e+04 2.897e+02 2.766e+02
s>                ( WDBNDRY_B 0 -1.508e+04 2.479e+02 7.001e+01
s>                    ( - -8.586e+03 4 0 QUESTION19 -1 1.933e+02 4.142e+01)
s>                    ( - -6.245e+03 4 0 SILENCE 1 2.096e+02 2.859e+01))
s>                ( QUESTION2 -1 -4.264e+04 2.163e+02 2.066e+02
s>                    ( - -2.370e+04 5 0 WDBNDRY_B 0 2.130e+02 1.170e+02)
s>                    ( - -1.872e+04 7 0 QUESTION8 -1 1.445e+02 8.956e+01)))))INFO: dtree.c(1315): Comp split 1
INFO: dtree.c(1478): Final simple tree
|( QUESTION16 -1 -6.485e+04 2.951e+02 3.096e+02
|    ( QUESTION18 -1 -1.855e+04 2.426e+02 8.701e+01
|        ( - -1.480e+03 3 0 QUESTION19 -1 1.363e+02 8.000e+00)
|        ( QUESTION17 -1 -1.683e+04 2.057e+02 7.901e+01
|            ( - -1.014e+04 3 0 WDBNDRY_B 0 1.777e+02 4.702e+01)
|            ( - -6.488e+03 6 0 QUESTION0_1_R 1 2.010e+02 3.200e+01)))
|    ( QUESTION2 -1 -4.600e+04 2.363e+02 2.226e+02
|        ( WDBNDRY_B 0 -2.596e+04 2.012e+02 1.280e+02
|            ( QUESTION0_0_R 1 -2.737e+03 4.641e+02 1.400e+01
|                ( - -2.515e+03 2 0)
|                ( - 2.418e+02 1 0))
|            ( - -2.302e+04 6 0 QUESTION0_0_R 1 7.812e+01 1.140e+02))
|        ( QUESTION0_0_R 1 -1.981e+04 2.200e+02 9.456e+01
|            ( - -1.872e+04 7 0 QUESTION8 -1 1.445e+02 8.956e+01)
|            ( - -8.700e+02 1 0))))
s>    ( QUESTION16 -1 -6.485e+04 2.951e+02 3.096e+02
s>        ( QUESTION18 -1 -1.855e+04 2.426e+02 8.701e+01
s>            ( - -1.480e+03 3 0 QUESTION19 -1 1.363e+02 8.000e+00)
s>            ( QUESTION17 -1 -1.683e+04 2.057e+02 7.901e+01
s>                ( - -1.014e+04 3 0 WDBNDRY_B 0 1.777e+02 4.702e+01)
s>                ( - -6.488e+03 6 0 QUESTION0_1_R 1 2.010e+02 3.200e+01)))
s>        ( QUESTION2 -1 -4.600e+04 2.363e+02 2.226e+02
s>            ( WDBNDRY_B 0 -2.596e+04 2.012e+02 1.280e+02
s>                ( QUESTION0_0_R 1 -2.737e+03 4.641e+02 1.400e+01
s>                    ( - -2.515e+03 2 0)
s>                    ( - 2.418e+02 1 0))
s>                ( - -2.302e+04 6 0 QUESTION0_0_R 1 7.812e+01 1.140e+02))
s>            ( QUESTION0_0_R 1 -1.981e+04 2.200e+02 9.456e+01
s>                ( - -1.872e+04 7 0 QUESTION8 -1 1.445e+02 8.956e+01)
s>                ( - -8.700e+02 1 0))))INFO: dtree.c(1439): stop. leaf nodes are specific
INFO: dtree.c(1478): Final simple tree
|( WDBNDRY_E 0 -4.764e+04 4.605e+02 2.361e+02
|    ( - 2.427e+02 1 0)
|    ( - -4.742e+04 2 0))
s>    ( WDBNDRY_E 0 -4.764e+04 4.605e+02 2.361e+02
s>        ( - 2.427e+02 1 0)
s>        ( - -4.742e+04 2 0))INFO: dtree.c(1315): Comp split 2
INFO: dtree.c(1478): Final simple tree
|( QUESTION8 1 -5.980e+04 1.906e+02 2.910e+02
|    ( - -4.059e+02 1 0)
|    ( QUESTION15 1 -5.920e+04 1.737e+02 2.880e+02
|        ( - -2.246e+02 1 0)
|        ( QUESTION2 1 -5.880e+04 1.712e+02 2.860e+02
|            ( QUESTION3 1 -9.016e+03 1.421e+02 4.514e+01
|                ( - -1.478e+03 1 0)
|                ( - -7.395e+03 5 0 WDBNDRY_E 0 1.068e+02 3.714e+01))
|            ( WDBNDRY_I 0 -4.961e+04 1.636e+02 2.409e+02
|                ( - -3.289e+04 3 0 QUESTION0_0_R 1 1.309e+02 1.590e+02)
|                ( QUESTION0_1_R 1 -1.657e+04 1.563e+02 8.188e+01
|                    ( - -2.697e+02 1 0)
|                    ( QUESTION0_6_R 1 -1.614e+04 1.391e+02 7.988e+01
|                        ( - -1.430e+03 1 0)
|                        ( - -1.457e+04 5 0 QUESTION0_11_R 1 1.477e+02 7.188e+01)))))))
s>    ( QUESTION8 1 -5.980e+04 1.906e+02 2.910e+02
s>        ( - -4.059e+02 1 0)
s>        ( QUESTION15 1 -5.920e+04 1.737e+02 2.880e+02
s>            ( - -2.246e+02 1 0)
s>            ( QUESTION2 1 -5.880e+04 1.712e+02 2.860e+02
s>                ( QUESTION3 1 -9.016e+03 1.421e+02 4.514e+01
s>                    ( - -1.478e+03 1 0)
s>                    ( - -7.395e+03 5 0 WDBNDRY_E 0 1.068e+02 3.714e+01))
s>                ( WDBNDRY_I 0 -4.961e+04 1.636e+02 2.409e+02
s>                    ( - -3.289e+04 3 0 QUESTION0_0_R 1 1.309e+02 1.590e+02)
s>                    ( QUESTION0_1_R 1 -1.657e+04 1.563e+02 8.188e+01
s>                        ( - -2.697e+02 1 0)
s>                        ( QUESTION0_6_R 1 -1.614e+04 1.391e+02 7.988e+01
s>                            ( - -1.430e+03 1 0)
s>                            ( - -1.457e+04 5 0 QUESTION0_11_R 1 1.477e+02 7.188e+01)))))))INFO: dtree.c(1478): Final simple tree
|( QUESTION0 -1 -1.576e+05 5.752e+02 7.595e+02
|    ( WDBNDRY_E 0 -1.049e+05 4.553e+02 5.080e+02
|        ( - 2.422e+02 1 0)
|        ( QUESTION2_12_L -1 -1.047e+05 2.760e+02 5.070e+02
|            ( - -7.567e+04 13 0 WDBNDRY_B 0 2.088e+02 3.696e+02)
|            ( WDBNDRY_B 0 -2.877e+04 2.412e+02 1.374e+02
|                ( - -1.560e+04 1 0)
|                ( - -1.293e+04 2 0 QUESTION0_0_R 1 1.924e+02 6.305e+01))))
|    ( QUESTION6 -1 -5.205e+04 4.550e+02 2.515e+02
|        ( - 2.415e+02 1 0)
|        ( SILENCE -1 -5.184e+04 3.671e+02 2.505e+02
|            ( - -1.502e+03 1 0)
|            ( QUESTION8 -1 -4.997e+04 2.639e+02 2.425e+02
|                ( - -2.296e+04 8 0 WDBNDRY_B 0 1.628e+02 1.124e+02)
|                ( - -2.674e+04 10 0 QUESTION13 -1 2.232e+02 1.301e+02)))))
s>    ( QUESTION0 -1 -1.576e+05 5.752e+02 7.595e+02
s>        ( WDBNDRY_E 0 -1.049e+05 4.553e+02 5.080e+02
s>            ( - 2.422e+02 1 0)
s>            ( QUESTION2_12_L -1 -1.047e+05 2.760e+02 5.070e+02
s>                ( - -7.567e+04 13 0 WDBNDRY_B 0 2.088e+02 3.696e+02)
s>                ( WDBNDRY_B 0 -2.877e+04 2.412e+02 1.374e+02
s>                    ( - -1.560e+04 1 0)
s>                    ( - -1.293e+04 2 0 QUESTION0_0_R 1 1.924e+02 6.305e+01))))
s>        ( QUESTION6 -1 -5.205e+04 4.550e+02 2.515e+02
s>            ( - 2.415e+02 1 0)
s>            ( SILENCE -1 -5.184e+04 3.671e+02 2.505e+02
s>                ( - -1.502e+03 1 0)
s>                ( QUESTION8 -1 -4.997e+04 2.639e+02 2.425e+02
s>                    ( - -2.296e+04 8 0 WDBNDRY_B 0 1.628e+02 1.124e+02)
s>                    ( - -2.674e+04 10 0 QUESTION13 -1 2.232e+02 1.301e+02)))))INFO: dtree.c(1315): Comp split 3
INFO: dtree.c(1478): Final simple tree
|( SILENCE -1 -5.184e+04 3.671e+02 2.505e+02
|    ( - -1.502e+03 1 0)
|    ( QUESTION8 -1 -4.997e+04 2.639e+02 2.425e+02
|        ( WDBNDRY_B 0 -2.296e+04 1.628e+02 1.124e+02
|            ( - -2.724e+03 1 0)
|            ( QUESTION0_0_R 1 -2.007e+04 1.657e+02 9.805e+01
|                ( - -1.239e+04 3 0)
|                ( - -7.518e+03 4 0)))
|        ( QUESTION13 -1 -2.674e+04 2.232e+02 1.301e+02
|            ( - -7.398e+02 1 0)
|            ( WDBNDRY_B 0 -2.578e+04 1.911e+02 1.251e+02
|                ( - -2.489e+02 1 0)
|                ( QUESTION11 -1 -2.534e+04 1.584e+02 1.231e+02
|                    ( - -2.003e+03 2 0 QUESTION0_0_R 1 1.523e+02 1.000e+01)
|                    ( - -2.318e+04 6 0 QUESTION2 -1 1.322e+02 1.131e+02))))))
s>    ( SILENCE -1 -5.184e+04 3.671e+02 2.505e+02
s>        ( - -1.502e+03 1 0)
s>        ( QUESTION8 -1 -4.997e+04 2.639e+02 2.425e+02
s>            ( WDBNDRY_B 0 -2.296e+04 1.628e+02 1.124e+02
s>                ( - -2.724e+03 1 0)
s>                ( QUESTION0_0_R 1 -2.007e+04 1.657e+02 9.805e+01
s>                    ( - -1.239e+04 3 0)
s>                    ( - -7.518e+03 4 0)))
s>            ( QUESTION13 -1 -2.674e+04 2.232e+02 1.301e+02
s>                ( - -7.398e+02 1 0)
s>                ( WDBNDRY_B 0 -2.578e+04 1.911e+02 1.251e+02
s>                    ( - -2.489e+02 1 0)
s>                    ( QUESTION11 -1 -2.534e+04 1.584e+02 1.231e+02
s>                        ( - -2.003e+03 2 0 QUESTION0_0_R 1 1.523e+02 1.000e+01)
s>                        ( - -2.318e+04 6 0 QUESTION2 -1 1.322e+02 1.131e+02))))))INFO: dtree.c(1478): Final simple tree
|( WDBNDRY_E 0 -1.051e+05 4.552e+02 5.090e+02
|    ( - 2.422e+02 1 0)
|    ( QUESTION0 -1 -1.049e+05 4.542e+02 5.080e+02
|        ( QUESTION2_12_L -1 -1.047e+05 2.760e+02 5.070e+02
|            ( WDBNDRY_B 0 -7.567e+04 2.088e+02 3.696e+02
|                ( QUESTION0_0_R 1 -2.994e+04 2.545e+02 1.479e+02
|                    ( - -2.180e+04 3 0)
|                    ( - -7.894e+03 3 0))
|                ( - -4.551e+04 7 0 QUESTION0_0_R 1 1.746e+02 2.217e+02))
|            ( WDBNDRY_B 0 -2.877e+04 2.412e+02 1.374e+02
|                ( - -1.560e+04 1 0)
|                ( QUESTION0_0_R 1 -1.293e+04 1.924e+02 6.305e+01
|                    ( - -9.470e+03 1 0)
|                    ( - -3.268e+03 1 0))))
|        ( - 2.415e+02 1 0)))
s>    ( WDBNDRY_E 0 -1.051e+05 4.552e+02 5.090e+02
s>        ( - 2.422e+02 1 0)
s>        ( QUESTION0 -1 -1.049e+05 4.542e+02 5.080e+02
s>            ( QUESTION2_12_L -1 -1.047e+05 2.760e+02 5.070e+02
s>                ( WDBNDRY_B 0 -7.567e+04 2.088e+02 3.696e+02
s>                    ( QUESTION0_0_R 1 -2.994e+04 2.545e+02 1.479e+02
s>                        ( - -2.180e+04 3 0)
s>                        ( - -7.894e+03 3 0))
s>                    ( - -4.551e+04 7 0 QUESTION0_0_R 1 1.746e+02 2.217e+02))
s>                ( WDBNDRY_B 0 -2.877e+04 2.412e+02 1.374e+02
s>                    ( - -1.560e+04 1 0)
s>                    ( QUESTION0_0_R 1 -1.293e+04 1.924e+02 6.305e+01
s>                        ( - -9.470e+03 1 0)
s>                        ( - -3.268e+03 1 0))))
s>            ( - 2.415e+02 1 0)))INFO: dtree.c(1315): Comp split 4
INFO: dtree.c(1315): Comp split 5
INFO: dtree.c(1478): Final simple tree
|( QUESTION0 -1 -1.049e+05 4.542e+02 5.080e+02
|    ( QUESTION2_12_L -1 -1.047e+05 2.760e+02 5.070e+02
|        ( WDBNDRY_B 0 -7.567e+04 2.088e+02 3.696e+02
|            ( QUESTION0_0_R 1 -2.994e+04 2.545e+02 1.479e+02
|                ( - -2.180e+04 3 0)
|                ( - -7.894e+03 3 0))
|            ( QUESTION0_0_R 1 -4.551e+04 1.746e+02 2.217e+02
|                ( - -3.193e+04 3 0)
|                ( - -1.341e+04 4 0)))
|        ( WDBNDRY_B 0 -2.877e+04 2.412e+02 1.374e+02
|            ( - -1.560e+04 1 0)
|            ( QUESTION0_0_R 1 -1.293e+04 1.924e+02 6.305e+01
|                ( - -9.470e+03 1 0)
|                ( - -3.268e+03 1 0))))
|    ( - 2.415e+02 1 0))
s>    ( QUESTION0 -1 -1.049e+05 4.542e+02 5.080e+02
s>        ( QUESTION2_12_L -1 -1.047e+05 2.760e+02 5.070e+02
s>            ( WDBNDRY_B 0 -7.567e+04 2.088e+02 3.696e+02
s>                ( QUESTION0_0_R 1 -2.994e+04 2.545e+02 1.479e+02
s>                    ( - -2.180e+04 3 0)
s>                    ( - -7.894e+03 3 0))
s>                ( QUESTION0_0_R 1 -4.551e+04 1.746e+02 2.217e+02
s>                    ( - -3.193e+04 3 0)
s>                    ( - -1.341e+04 4 0)))
s>            ( WDBNDRY_B 0 -2.877e+04 2.412e+02 1.374e+02
s>                ( - -1.560e+04 1 0)
s>                ( QUESTION0_0_R 1 -1.293e+04 1.924e+02 6.305e+01
s>                    ( - -9.470e+03 1 0)
s>                    ( - -3.268e+03 1 0))))
s>        ( - 2.415e+02 1 0))INFO: dtree.c(1315): Comp split 6
INFO: dtree.c(1439): stop. leaf nodes are specific
INFO: dtree.c(1478): Final simple tree
|( QUESTION2_12_L -1 -1.047e+05 2.760e+02 5.070e+02
|    ( WDBNDRY_B 0 -7.567e+04 2.088e+02 3.696e+02
|        ( QUESTION0_0_R 1 -2.994e+04 2.545e+02 1.479e+02
|            ( - -2.180e+04 3 0)
|            ( - -7.894e+03 3 0))
|        ( QUESTION0_0_R 1 -4.551e+04 1.746e+02 2.217e+02
|            ( - -3.193e+04 3 0)
|            ( - -1.341e+04 4 0)))
|    ( WDBNDRY_B 0 -2.877e+04 2.412e+02 1.374e+02
|        ( - -1.560e+04 1 0)
|        ( QUESTION0_0_R 1 -1.293e+04 1.924e+02 6.305e+01
|            ( - -9.470e+03 1 0)
|            ( - -3.268e+03 1 0))))
s>    ( QUESTION2_12_L -1 -1.047e+05 2.760e+02 5.070e+02
s>        ( WDBNDRY_B 0 -7.567e+04 2.088e+02 3.696e+02
s>            ( QUESTION0_0_R 1 -2.994e+04 2.545e+02 1.479e+02
s>                ( - -2.180e+04 3 0)
s>                ( - -7.894e+03 3 0))
s>            ( QUESTION0_0_R 1 -4.551e+04 1.746e+02 2.217e+02
s>                ( - -3.193e+04 3 0)
s>                ( - -1.341e+04 4 0)))
s>        ( WDBNDRY_B 0 -2.877e+04 2.412e+02 1.374e+02
s>            ( - -1.560e+04 1 0)
s>            ( QUESTION0_0_R 1 -1.293e+04 1.924e+02 6.305e+01
s>                ( - -9.470e+03 1 0)
s>                ( - -3.268e+03 1 0))))INFO: dtree.c(1315): Comp split 7
INFO: dtree.c(1478): Final simple tree
|( QUESTION16 -1 -6.464e+04 2.947e+02 3.086e+02
|    ( QUESTION18 -1 -1.855e+04 2.426e+02 8.701e+01
|        ( - -1.480e+03 3 0 QUESTION19 -1 1.363e+02 8.000e+00)
|        ( QUESTION17 -1 -1.683e+04 2.057e+02 7.901e+01
|            ( - -1.014e+04 3 0 WDBNDRY_B 0 1.777e+02 4.702e+01)
|            ( QUESTION0_1_R 1 -6.488e+03 2.010e+02 3.200e+01
|                ( - -2.539e+02 1 0)
|                ( - -6.034e+03 5 0 WDBNDRY_E 0 1.624e+02 3.000e+01))))
|    ( QUESTION2 -1 -4.579e+04 2.349e+02 2.216e+02
|        ( WDBNDRY_B 0 -2.575e+04 2.132e+02 1.270e+02
|            ( - -2.515e+03 2 0)
|            ( - -2.302e+04 6 0 QUESTION0_0_R 1 7.812e+01 1.140e+02))
|        ( QUESTION0_0_R 1 -1.981e+04 2.200e+02 9.456e+01
|            ( - -1.872e+04 7 0 QUESTION8 -1 1.445e+02 8.956e+01)
|            ( - -8.700e+02 1 0))))
s>    ( QUESTION16 -1 -6.464e+04 2.947e+02 3.086e+02
s>        ( QUESTION18 -1 -1.855e+04 2.426e+02 8.701e+01
s>            ( - -1.480e+03 3 0 QUESTION19 -1 1.363e+02 8.000e+00)
s>            ( QUESTION17 -1 -1.683e+04 2.057e+02 7.901e+01
s>                ( - -1.014e+04 3 0 WDBNDRY_B 0 1.777e+02 4.702e+01)
s>                ( QUESTION0_1_R 1 -6.488e+03 2.010e+02 3.200e+01
s>                    ( - -2.539e+02 1 0)
s>                    ( - -6.034e+03 5 0 WDBNDRY_E 0 1.624e+02 3.000e+01))))
s>        ( QUESTION2 -1 -4.579e+04 2.349e+02 2.216e+02
s>            ( WDBNDRY_B 0 -2.575e+04 2.132e+02 1.270e+02
s>                ( - -2.515e+03 2 0)
s>                ( - -2.302e+04 6 0 QUESTION0_0_R 1 7.812e+01 1.140e+02))
s>            ( QUESTION0_0_R 1 -1.981e+04 2.200e+02 9.456e+01
s>                ( - -1.872e+04 7 0 QUESTION8 -1 1.445e+02 8.956e+01)
s>                ( - -8.700e+02 1 0))))INFO: dtree.c(1315): Comp split 8
INFO: dtree.c(1478): Final simple tree
|( QUESTION17 -1 -1.955e+04 2.119e+02 9.201e+01
|    ( WDBNDRY_B 0 -1.014e+04 1.777e+02 4.702e+01
|        ( - -5.173e+03 1 0)
|        ( QUESTION0_0_R 1 -4.787e+03 2.155e+02 2.259e+01
|            ( - -3.517e+03 1 0)
|            ( - -1.055e+03 1 0)))
|    ( QUESTION0_1_R 1 -9.200e+03 1.994e+02 4.500e+01
|        ( - -2.539e+02 1 0)
|        ( QUESTION2 -1 -8.747e+03 1.981e+02 4.300e+01
|            ( - -2.515e+03 2 0)
|            ( WDBNDRY_E 0 -6.034e+03 1.624e+02 3.000e+01
|                ( - -4.197e+02 1 0)
|                ( WDBNDRY_B 0 -5.451e+03 1.525e+02 2.700e+01
|                    ( - -2.200e+03 1 0)
|                    ( - -3.099e+03 3 0 QUESTION0_0_R 1 9.099e+01 1.500e+01))))))
s>    ( QUESTION17 -1 -1.955e+04 2.119e+02 9.201e+01
s>        ( WDBNDRY_B 0 -1.014e+04 1.777e+02 4.702e+01
s>            ( - -5.173e+03 1 0)
s>            ( QUESTION0_0_R 1 -4.787e+03 2.155e+02 2.259e+01
s>                ( - -3.517e+03 1 0)
s>                ( - -1.055e+03 1 0)))
s>        ( QUESTION0_1_R 1 -9.200e+03 1.994e+02 4.500e+01
s>            ( - -2.539e+02 1 0)
s>            ( QUESTION2 -1 -8.747e+03 1.981e+02 4.300e+01
s>                ( - -2.515e+03 2 0)
s>                ( WDBNDRY_E 0 -6.034e+03 1.624e+02 3.000e+01
s>                    ( - -4.197e+02 1 0)
s>                    ( WDBNDRY_B 0 -5.451e+03 1.525e+02 2.700e+01
s>                        ( - -2.200e+03 1 0)
s>                        ( - -3.099e+03 3 0 QUESTION0_0_R 1 9.099e+01 1.500e+01))))))INFO: dtree.c(1478): Final simple tree
|( QUESTION2 -1 -4.472e+04 2.330e+02 2.166e+02
|    ( - -2.302e+04 6 0 QUESTION0_0_R 1 7.812e+01 1.140e+02)
|    ( QUESTION2_18_L -1 -2.146e+04 1.918e+02 1.026e+02
|        ( WDBNDRY_B 0 -3.144e+03 1.833e+02 1.600e+01
|            ( QUESTION14 -1 -2.523e+03 1.103e+02 1.300e+01
|                ( - -1.480e+03 3 0 QUESTION19 -1 1.363e+02 8.000e+00)
|                ( - -9.325e+02 1 0))
|            ( - -4.379e+02 1 0))
|        ( QUESTION0_0_R 1 -1.813e+04 2.191e+02 8.656e+01
|            ( WDBNDRY_B 0 -1.704e+04 1.758e+02 8.156e+01
|                ( - -6.035e+02 1 0)
|                ( QUESTION8 -1 -1.626e+04 1.364e+02 7.756e+01
|                    ( - -1.463e+04 3 0)
|                    ( - -1.495e+03 1 0)))
|            ( - -8.700e+02 1 0))))
s>    ( QUESTION2 -1 -4.472e+04 2.330e+02 2.166e+02
s>        ( - -2.302e+04 6 0 QUESTION0_0_R 1 7.812e+01 1.140e+02)
s>        ( QUESTION2_18_L -1 -2.146e+04 1.918e+02 1.026e+02
s>            ( WDBNDRY_B 0 -3.144e+03 1.833e+02 1.600e+01
s>                ( QUESTION14 -1 -2.523e+03 1.103e+02 1.300e+01
s>                    ( - -1.480e+03 3 0 QUESTION19 -1 1.363e+02 8.000e+00)
s>                    ( - -9.325e+02 1 0))
s>                ( - -4.379e+02 1 0))
s>            ( QUESTION0_0_R 1 -1.813e+04 2.191e+02 8.656e+01
s>                ( WDBNDRY_B 0 -1.704e+04 1.758e+02 8.156e+01
s>                    ( - -6.035e+02 1 0)
s>                    ( QUESTION8 -1 -1.626e+04 1.364e+02 7.756e+01
s>                        ( - -1.463e+04 3 0)
s>                        ( - -1.495e+03 1 0)))
s>                ( - -8.700e+02 1 0))))INFO: dtree.c(1315): Comp split 9
INFO: dtree.c(1478): Final simple tree
|( QUESTION8 -1 -4.997e+04 2.639e+02 2.425e+02
|    ( WDBNDRY_B 0 -2.296e+04 1.628e+02 1.124e+02
|        ( - -2.724e+03 1 0)
|        ( QUESTION0_0_R 1 -2.007e+04 1.657e+02 9.805e+01
|            ( - -1.239e+04 3 0)
|            ( - -7.518e+03 4 0)))
|    ( QUESTION13 -1 -2.674e+04 2.232e+02 1.301e+02
|        ( - -7.398e+02 1 0)
|        ( WDBNDRY_B 0 -2.578e+04 1.911e+02 1.251e+02
|            ( - -2.489e+02 1 0)
|            ( QUESTION11 -1 -2.534e+04 1.584e+02 1.231e+02
|                ( QUESTION0_0_R 1 -2.003e+03 1.523e+02 1.000e+01
|                    ( - -1.406e+03 1 0)
|                    ( - -4.447e+02 1 0))
|                ( - -2.318e+04 6 0 QUESTION2 -1 1.322e+02 1.131e+02)))))
s>    ( QUESTION8 -1 -4.997e+04 2.639e+02 2.425e+02
s>        ( WDBNDRY_B 0 -2.296e+04 1.628e+02 1.124e+02
s>            ( - -2.724e+03 1 0)
s>            ( QUESTION0_0_R 1 -2.007e+04 1.657e+02 9.805e+01
s>                ( - -1.239e+04 3 0)
s>                ( - -7.518e+03 4 0)))
s>        ( QUESTION13 -1 -2.674e+04 2.232e+02 1.301e+02
s>            ( - -7.398e+02 1 0)
s>            ( WDBNDRY_B 0 -2.578e+04 1.911e+02 1.251e+02
s>                ( - -2.489e+02 1 0)
s>                ( QUESTION11 -1 -2.534e+04 1.584e+02 1.231e+02
s>                    ( QUESTION0_0_R 1 -2.003e+03 1.523e+02 1.000e+01
s>                        ( - -1.406e+03 1 0)
s>                        ( - -4.447e+02 1 0))
s>                    ( - -2.318e+04 6 0 QUESTION2 -1 1.322e+02 1.131e+02)))))INFO: dtree.c(1315): Comp split 10
INFO: dtree.c(1439): stop. leaf nodes are specific
INFO: dtree.c(1478): Final simple tree
|( WDBNDRY_E 0 -3.959e+03 1.882e+02 1.859e+01
|    ( - -2.539e+02 1 0)
|    ( - -3.517e+03 1 0))
s>    ( WDBNDRY_E 0 -3.959e+03 1.882e+02 1.859e+01
s>        ( - -2.539e+02 1 0)
s>        ( - -3.517e+03 1 0))INFO: dtree.c(1439): stop. leaf nodes are specific
INFO: dtree.c(1478): Final simple tree
|( QUESTION2 -1 -1.527e+04 1.904e+02 7.342e+01
|    ( - -2.515e+03 2 0)
|    ( QUESTION17 -1 -1.256e+04 1.731e+02 6.042e+01
|        ( WDBNDRY_B 0 -6.354e+03 1.260e+02 3.042e+01
|            ( - -5.173e+03 1 0)
|            ( - -1.055e+03 1 0))
|        ( WDBNDRY_E 0 -6.034e+03 1.624e+02 3.000e+01
|            ( - -4.197e+02 1 0)
|            ( WDBNDRY_B 0 -5.451e+03 1.525e+02 2.700e+01
|                ( - -2.200e+03 1 0)
|                ( QUESTION0_0_R 1 -3.099e+03 9.099e+01 1.500e+01
|                    ( - -1.508e+03 1 0)
|                    ( - -1.500e+03 2 0))))))
s>    ( QUESTION2 -1 -1.527e+04 1.904e+02 7.342e+01
s>        ( - -2.515e+03 2 0)
s>        ( QUESTION17 -1 -1.256e+04 1.731e+02 6.042e+01
s>            ( WDBNDRY_B 0 -6.354e+03 1.260e+02 3.042e+01
s>                ( - -5.173e+03 1 0)
s>                ( - -1.055e+03 1 0))
s>            ( WDBNDRY_E 0 -6.034e+03 1.624e+02 3.000e+01
s>                ( - -4.197e+02 1 0)
s>                ( WDBNDRY_B 0 -5.451e+03 1.525e+02 2.700e+01
s>                    ( - -2.200e+03 1 0)
s>                    ( QUESTION0_0_R 1 -3.099e+03 9.099e+01 1.500e+01
s>                        ( - -1.508e+03 1 0)
s>                        ( - -1.500e+03 2 0))))))INFO: dtree.c(1315): Comp split 11
INFO: dtree.c(1439): stop. leaf nodes are specific
INFO: dtree.c(1478): Final simple tree
|( WDBNDRY_B 0 -1.138e+04 2.129e+02 5.702e+01
|    ( - -7.894e+03 3 0)
|    ( - -3.268e+03 1 0))
s>    ( WDBNDRY_B 0 -1.138e+04 2.129e+02 5.702e+01
s>        ( - -7.894e+03 3 0)
s>        ( - -3.268e+03 1 0))INFO: dtree.c(1439): stop. leaf nodes are specific
INFO: dtree.c(1478): Final simple tree
|( QUESTION2_12_L -1 -9.302e+04 2.560e+02 4.500e+02
|    ( QUESTION0_0_R 1 -6.748e+04 1.818e+02 3.296e+02
|        ( WDBNDRY_B 0 -5.389e+04 1.630e+02 2.632e+02
|            ( - -2.180e+04 3 0)
|            ( - -3.193e+04 3 0))
|        ( - -1.341e+04 4 0))
|    ( WDBNDRY_B 0 -2.528e+04 2.122e+02 1.204e+02
|        ( - -1.560e+04 1 0)
|        ( - -9.470e+03 1 0)))
s>    ( QUESTION2_12_L -1 -9.302e+04 2.560e+02 4.500e+02
s>        ( QUESTION0_0_R 1 -6.748e+04 1.818e+02 3.296e+02
s>            ( WDBNDRY_B 0 -5.389e+04 1.630e+02 2.632e+02
s>                ( - -2.180e+04 3 0)
s>                ( - -3.193e+04 3 0))
s>            ( - -1.341e+04 4 0))
s>        ( WDBNDRY_B 0 -2.528e+04 2.122e+02 1.204e+02
s>            ( - -1.560e+04 1 0)
s>            ( - -9.470e+03 1 0)))INFO: dtree.c(1315): Comp split 12
INFO: dtree.c(1439): stop. leaf nodes are specific
INFO: dtree.c(1478): Final simple tree
|( WDBNDRY_B 0 -2.362e+04 1.925e+02 1.151e+02
|    ( - -2.489e+02 1 0)
|    ( QUESTION2 -1 -2.318e+04 1.322e+02 1.131e+02
|        ( QUESTION0_0_R 1 -1.133e+04 1.091e+02 5.584e+01
|            ( - -5.654e+03 1 0)
|            ( - -5.566e+03 1 0))
|        ( QUESTION0_0_R 1 -1.172e+04 1.269e+02 5.727e+01
|            ( - -3.980e+03 1 0)
|            ( - -7.612e+03 3 0))))
s>    ( WDBNDRY_B 0 -2.362e+04 1.925e+02 1.151e+02
s>        ( - -2.489e+02 1 0)
s>        ( QUESTION2 -1 -2.318e+04 1.322e+02 1.131e+02
s>            ( QUESTION0_0_R 1 -1.133e+04 1.091e+02 5.584e+01
s>                ( - -5.654e+03 1 0)
s>                ( - -5.566e+03 1 0))
s>            ( QUESTION0_0_R 1 -1.172e+04 1.269e+02 5.727e+01
s>                ( - -3.980e+03 1 0)
s>                ( - -7.612e+03 3 0))))INFO: dtree.c(1439): stop. leaf nodes are specific
INFO: dtree.c(1478): Final simple tree
|( QUESTION13 -1 -2.606e+04 2.069e+02 1.274e+02
|    ( - -7.398e+02 1 0)
|    ( WDBNDRY_B 0 -2.511e+04 1.623e+02 1.224e+02
|        ( - -2.724e+03 1 0)
|        ( QUESTION8 -1 -2.222e+04 1.483e+02 1.080e+02
|            ( QUESTION0_0_R 1 -2.007e+04 1.657e+02 9.805e+01
|                ( - -1.239e+04 3 0)
|                ( - -7.518e+03 4 0))
|            ( QUESTION0_0_R 1 -2.003e+03 1.523e+02 1.000e+01
|                ( - -1.406e+03 1 0)
|                ( - -4.447e+02 1 0)))))
s>    ( QUESTION13 -1 -2.606e+04 2.069e+02 1.274e+02
s>        ( - -7.398e+02 1 0)
s>        ( WDBNDRY_B 0 -2.511e+04 1.623e+02 1.224e+02
s>            ( - -2.724e+03 1 0)
s>            ( QUESTION8 -1 -2.222e+04 1.483e+02 1.080e+02
s>                ( QUESTION0_0_R 1 -2.007e+04 1.657e+02 9.805e+01
s>                    ( - -1.239e+04 3 0)
s>                    ( - -7.518e+03 4 0))
s>                ( QUESTION0_0_R 1 -2.003e+03 1.523e+02 1.000e+01
s>                    ( - -1.406e+03 1 0)
s>                    ( - -4.447e+02 1 0)))))INFO: dtree.c(1315): Comp split 13
INFO: dtree.c(1439): stop. leaf nodes are specific
INFO: dtree.c(1478): Final simple tree
|( QUESTION0_0_R 1 -6.748e+04 1.818e+02 3.296e+02
|    ( WDBNDRY_B 0 -5.389e+04 1.630e+02 2.632e+02
|        ( - -2.180e+04 3 0)
|        ( - -3.193e+04 3 0))
|    ( - -1.341e+04 4 0))
s>    ( QUESTION0_0_R 1 -6.748e+04 1.818e+02 3.296e+02
s>        ( WDBNDRY_B 0 -5.389e+04 1.630e+02 2.632e+02
s>            ( - -2.180e+04 3 0)
s>            ( - -3.193e+04 3 0))
s>        ( - -1.341e+04 4 0))INFO: dtree.c(1439): stop. leaf nodes are specific
INFO: dtree.c(1478): Final simple tree
|( WDBNDRY_B 0 -2.528e+04 2.122e+02 1.204e+02
|    ( - -1.560e+04 1 0)
|    ( - -9.470e+03 1 0))
s>    ( WDBNDRY_B 0 -2.528e+04 2.122e+02 1.204e+02
s>        ( - -1.560e+04 1 0)
s>        ( - -9.470e+03 1 0))INFO: dtree.c(1315): Comp split 14
INFO: dtree.c(1439): stop. leaf nodes are specific
INFO: dtree.c(1478): Final simple tree
|( WDBNDRY_B 0 -2.466e+04 1.581e+02 1.220e+02
|    ( QUESTION19 -1 -1.480e+03 1.363e+02 8.000e+00
|        ( QUESTION0_0_R 1 -9.028e+02 2.007e+02 5.000e+00
|            ( - -2.023e+02 1 0)
|            ( - -4.998e+02 1 0))
|        ( - -4.406e+02 1 0))
|    ( QUESTION0_0_R 1 -2.302e+04 7.812e+01 1.140e+02
|        ( - -2.098e+04 3 0)
|        ( - -1.966e+03 3 0)))
s>    ( WDBNDRY_B 0 -2.466e+04 1.581e+02 1.220e+02
s>        ( QUESTION19 -1 -1.480e+03 1.363e+02 8.000e+00
s>            ( QUESTION0_0_R 1 -9.028e+02 2.007e+02 5.000e+00
s>                ( - -2.023e+02 1 0)
s>                ( - -4.998e+02 1 0))
s>            ( - -4.406e+02 1 0))
s>        ( QUESTION0_0_R 1 -2.302e+04 7.812e+01 1.140e+02
s>            ( - -2.098e+04 3 0)
s>            ( - -1.966e+03 3 0)))INFO: dtree.c(1439): stop. leaf nodes are specific
INFO: dtree.c(1478): Final simple tree
|( QUESTION0_0_R 1 -1.981e+04 2.200e+02 9.456e+01
|    ( QUESTION8 -1 -1.872e+04 1.445e+02 8.956e+01
|        ( WDBNDRY_B 0 -1.541e+04 1.754e+02 7.356e+01
|            ( - -6.035e+02 1 0)
|            ( - -1.463e+04 3 0))
|        ( QUESTION14 -1 -3.168e+03 1.228e+02 1.600e+01
|            ( - -1.495e+03 1 0)
|            ( WDBNDRY_B 0 -1.550e+03 1.795e+02 8.000e+00
|                ( - -9.325e+02 1 0)
|                ( - -4.379e+02 1 0))))
|    ( - -8.700e+02 1 0))
s>    ( QUESTION0_0_R 1 -1.981e+04 2.200e+02 9.456e+01
s>        ( QUESTION8 -1 -1.872e+04 1.445e+02 8.956e+01
s>            ( WDBNDRY_B 0 -1.541e+04 1.754e+02 7.356e+01
s>                ( - -6.035e+02 1 0)
s>                ( - -1.463e+04 3 0))
s>            ( QUESTION14 -1 -3.168e+03 1.228e+02 1.600e+01
s>                ( - -1.495e+03 1 0)
s>                ( WDBNDRY_B 0 -1.550e+03 1.795e+02 8.000e+00
s>                    ( - -9.325e+02 1 0)
s>                    ( - -4.379e+02 1 0))))
s>        ( - -8.700e+02 1 0))INFO: dtree.c(1315): Comp split 15
INFO: dtree.c(1439): stop. leaf nodes are specific
INFO: dtree.c(1478): Final simple tree
|( QUESTION8 -1 -1.872e+04 1.445e+02 8.956e+01
|    ( WDBNDRY_B 0 -1.541e+04 1.754e+02 7.356e+01
|        ( - -6.035e+02 1 0)
|        ( - -1.463e+04 3 0))
|    ( QUESTION14 -1 -3.168e+03 1.228e+02 1.600e+01
|        ( - -1.495e+03 1 0)
|        ( WDBNDRY_B 0 -1.550e+03 1.795e+02 8.000e+00
|            ( - -9.325e+02 1 0)
|            ( - -4.379e+02 1 0))))
s>    ( QUESTION8 -1 -1.872e+04 1.445e+02 8.956e+01
s>        ( WDBNDRY_B 0 -1.541e+04 1.754e+02 7.356e+01
s>            ( - -6.035e+02 1 0)
s>            ( - -1.463e+04 3 0))
s>        ( QUESTION14 -1 -3.168e+03 1.228e+02 1.600e+01
s>            ( - -1.495e+03 1 0)
s>            ( WDBNDRY_B 0 -1.550e+03 1.795e+02 8.000e+00
s>                ( - -9.325e+02 1 0)
s>                ( - -4.379e+02 1 0))))INFO: dtree.c(1315): Comp split 16
INFO: dtree.c(1315): Comp split 17
INFO: dtree.c(1315): Comp split 18
INFO: dtree.c(1439): stop. leaf nodes are specific
INFO: dtree.c(1478): Final simple tree
|( WDBNDRY_B 0 -2.511e+04 1.623e+02 1.224e+02
|    ( - -2.724e+03 1 0)
|    ( QUESTION8 -1 -2.222e+04 1.483e+02 1.080e+02
|        ( QUESTION0_0_R 1 -2.007e+04 1.657e+02 9.805e+01
|            ( - -1.239e+04 3 0)
|            ( - -7.518e+03 4 0))
|        ( QUESTION0_0_R 1 -2.003e+03 1.523e+02 1.000e+01
|            ( - -1.406e+03 1 0)
|            ( - -4.447e+02 1 0))))
s>    ( WDBNDRY_B 0 -2.511e+04 1.623e+02 1.224e+02
s>        ( - -2.724e+03 1 0)
s>        ( QUESTION8 -1 -2.222e+04 1.483e+02 1.080e+02
s>            ( QUESTION0_0_R 1 -2.007e+04 1.657e+02 9.805e+01
s>                ( - -1.239e+04 3 0)
s>                ( - -7.518e+03 4 0))
s>            ( QUESTION0_0_R 1 -2.003e+03 1.523e+02 1.000e+01
s>                ( - -1.406e+03 1 0)
s>                ( - -4.447e+02 1 0))))INFO: dtree.c(1315): Comp split 19
INFO: dtree.c(1439): stop. leaf nodes are specific
INFO: dtree.c(1478): Final simple tree
|( WDBNDRY_I 0 -1.776e+04 1.408e+02 8.788e+01
|    ( - -1.478e+03 1 0)
|    ( QUESTION0_6_R 1 -1.614e+04 1.391e+02 7.988e+01
|        ( - -1.430e+03 1 0)
|        ( QUESTION0_11_R 1 -1.457e+04 1.477e+02 7.188e+01
|            ( - -8.845e+02 1 0)
|            ( WDBNDRY_B 0 -1.354e+04 1.419e+02 6.688e+01
|                ( QUESTION0_0_R 1 -1.249e+04 8.917e+01 6.188e+01
|                    ( - -1.013e+04 2 0)
|                    ( - -2.269e+03 1 0))
|                ( - -9.042e+02 1 0)))))
s>    ( WDBNDRY_I 0 -1.776e+04 1.408e+02 8.788e+01
s>        ( - -1.478e+03 1 0)
s>        ( QUESTION0_6_R 1 -1.614e+04 1.391e+02 7.988e+01
s>            ( - -1.430e+03 1 0)
s>            ( QUESTION0_11_R 1 -1.457e+04 1.477e+02 7.188e+01
s>                ( - -8.845e+02 1 0)
s>                ( WDBNDRY_B 0 -1.354e+04 1.419e+02 6.688e+01
s>                    ( QUESTION0_0_R 1 -1.249e+04 8.917e+01 6.188e+01
s>                        ( - -1.013e+04 2 0)
s>                        ( - -2.269e+03 1 0))
s>                    ( - -9.042e+02 1 0)))))INFO: dtree.c(1439): stop. leaf nodes are specific
INFO: dtree.c(1478): Final simple tree
|( QUESTION8 1 -4.184e+04 1.894e+02 2.031e+02
|    ( - -4.059e+02 1 0)
|    ( QUESTION0_6_R 1 -4.124e+04 1.703e+02 2.001e+02
|        ( - -2.246e+02 1 0)
|        ( QUESTION2 1 -4.085e+04 1.547e+02 1.981e+02
|            ( WDBNDRY_E 0 -7.395e+03 1.068e+02 3.714e+01
|                ( - -2.586e+03 4 0)
|                ( - -4.703e+03 1 0))
|            ( WDBNDRY_E 0 -3.330e+04 1.411e+02 1.610e+02
|                ( - -2.697e+02 1 0)
|                ( QUESTION0_0_R 1 -3.289e+04 1.309e+02 1.590e+02
|                    ( - -2.925e+04 2 0)
|                    ( - -3.508e+03 1 0))))))
s>    ( QUESTION8 1 -4.184e+04 1.894e+02 2.031e+02
s>        ( - -4.059e+02 1 0)
s>        ( QUESTION0_6_R 1 -4.124e+04 1.703e+02 2.001e+02
s>            ( - -2.246e+02 1 0)
s>            ( QUESTION2 1 -4.085e+04 1.547e+02 1.981e+02
s>                ( WDBNDRY_E 0 -7.395e+03 1.068e+02 3.714e+01
s>                    ( - -2.586e+03 4 0)
s>                    ( - -4.703e+03 1 0))
s>                ( WDBNDRY_E 0 -3.330e+04 1.411e+02 1.610e+02
s>                    ( - -2.697e+02 1 0)
s>                    ( QUESTION0_0_R 1 -3.289e+04 1.309e+02 1.590e+02
s>                        ( - -2.925e+04 2 0)
s>                        ( - -3.508e+03 1 0))))))INFO: dtree.c(1315): Comp split 20
INFO: dtree.c(1439): stop. leaf nodes are specific
INFO: dtree.c(1478): Final simple tree
|( WDBNDRY_E 0 -1.516e+04 1.394e+02 7.488e+01
|    ( - -9.042e+02 1 0)
|    ( WDBNDRY_B 0 -1.411e+04 1.412e+02 6.988e+01
|        ( QUESTION0_0_R 1 -1.249e+04 8.917e+01 6.188e+01
|            ( - -1.013e+04 2 0)
|            ( - -2.269e+03 1 0))
|        ( - -1.478e+03 1 0)))
s>    ( WDBNDRY_E 0 -1.516e+04 1.394e+02 7.488e+01
s>        ( - -9.042e+02 1 0)
s>        ( WDBNDRY_B 0 -1.411e+04 1.412e+02 6.988e+01
s>            ( QUESTION0_0_R 1 -1.249e+04 8.917e+01 6.188e+01
s>                ( - -1.013e+04 2 0)
s>                ( - -2.269e+03 1 0))
s>            ( - -1.478e+03 1 0)))INFO: dtree.c(1439): stop. leaf nodes are specific
INFO: dtree.c(1478): Final simple tree
|( QUESTION0_3_R 1 -2.401e+03 8.670e+01 1.300e+01
|    ( - -1.430e+03 1 0)
|    ( - -8.845e+02 1 0))
s>    ( QUESTION0_3_R 1 -2.401e+03 8.670e+01 1.300e+01
s>        ( - -1.430e+03 1 0)
s>        ( - -8.845e+02 1 0))INFO: dtree.c(1315): Comp split 21
INFO: dtree.c(1439): stop. leaf nodes are specific
INFO: dtree.c(1478): Final simple tree
|( WDBNDRY_B 0 -2.426e+04 1.681e+02 1.200e+02
|    ( QUESTION0_0_R 1 -1.067e+03 1.267e+02 6.000e+00
|        ( - -4.406e+02 1 0)
|        ( - -4.998e+02 1 0))
|    ( QUESTION0_0_R 1 -2.302e+04 7.812e+01 1.140e+02
|        ( - -2.098e+04 3 0)
|        ( - -1.966e+03 3 0)))
s>    ( WDBNDRY_B 0 -2.426e+04 1.681e+02 1.200e+02
s>        ( QUESTION0_0_R 1 -1.067e+03 1.267e+02 6.000e+00
s>            ( - -4.406e+02 1 0)
s>            ( - -4.998e+02 1 0))
s>        ( QUESTION0_0_R 1 -2.302e+04 7.812e+01 1.140e+02
s>            ( - -2.098e+04 3 0)
s>            ( - -1.966e+03 3 0)))INFO: dtree.c(1315): Comp split 22
INFO: dtree.c(1439): stop. leaf nodes are specific
INFO: dtree.c(1478): Final simple tree
|( QUESTION2 -1 -1.112e+04 1.779e+02 5.242e+01
|    ( - -2.515e+03 2 0)
|    ( WDBNDRY_B 0 -8.428e+03 1.560e+02 3.942e+01
|        ( - -5.173e+03 1 0)
|        ( QUESTION0_0_R 1 -3.099e+03 9.099e+01 1.500e+01
|            ( - -1.508e+03 1 0)
|            ( - -1.500e+03 2 0))))
s>    ( QUESTION2 -1 -1.112e+04 1.779e+02 5.242e+01
s>        ( - -2.515e+03 2 0)
s>        ( WDBNDRY_B 0 -8.428e+03 1.560e+02 3.942e+01
s>            ( - -5.173e+03 1 0)
s>            ( QUESTION0_0_R 1 -3.099e+03 9.099e+01 1.500e+01
s>                ( - -1.508e+03 1 0)
s>                ( - -1.500e+03 2 0))))INFO: dtree.c(1439): stop. leaf nodes are specific
INFO: dtree.c(1478): Final simple tree
|( WDBNDRY_E 0 -3.951e+03 1.777e+02 2.100e+01
|    ( - -4.197e+02 1 0)
|    ( WDBNDRY_B 0 -3.353e+03 9.878e+01 1.800e+01
|        ( - -2.200e+03 1 0)
|        ( - -1.055e+03 1 0)))
s>    ( WDBNDRY_E 0 -3.951e+03 1.777e+02 2.100e+01
s>        ( - -4.197e+02 1 0)
s>        ( WDBNDRY_B 0 -3.353e+03 9.878e+01 1.800e+01
s>            ( - -2.200e+03 1 0)
s>            ( - -1.055e+03 1 0)))INFO: dtree.c(1315): Comp split 23
INFO: dtree.c(1439): stop. leaf nodes are specific
INFO: dtree.c(1478): Final simple tree
|( QUESTION2 -1 -2.318e+04 1.322e+02 1.131e+02
|    ( QUESTION0_0_R 1 -1.133e+04 1.091e+02 5.584e+01
|        ( - -5.654e+03 1 0)
|        ( - -5.566e+03 1 0))
|    ( QUESTION0_0_R 1 -1.172e+04 1.269e+02 5.727e+01
|        ( - -3.980e+03 1 0)
|        ( - -7.612e+03 3 0)))
s>    ( QUESTION2 -1 -2.318e+04 1.322e+02 1.131e+02
s>        ( QUESTION0_0_R 1 -1.133e+04 1.091e+02 5.584e+01
s>            ( - -5.654e+03 1 0)
s>            ( - -5.566e+03 1 0))
s>        ( QUESTION0_0_R 1 -1.172e+04 1.269e+02 5.727e+01
s>            ( - -3.980e+03 1 0)
s>            ( - -7.612e+03 3 0)))INFO: dtree.c(1315): Comp split 24
INFO: dtree.c(1439): stop. leaf nodes are specific
INFO: dtree.c(1478): Final simple tree
|( QUESTION0_6_R 1 -4.124e+04 1.703e+02 2.001e+02
|    ( - -2.246e+02 1 0)
|    ( QUESTION2 1 -4.085e+04 1.547e+02 1.981e+02
|        ( WDBNDRY_E 0 -7.395e+03 1.068e+02 3.714e+01
|            ( - -2.586e+03 4 0)
|            ( - -4.703e+03 1 0))
|        ( WDBNDRY_E 0 -3.330e+04 1.411e+02 1.610e+02
|            ( - -2.697e+02 1 0)
|            ( QUESTION0_0_R 1 -3.289e+04 1.309e+02 1.590e+02
|                ( - -2.925e+04 2 0)
|                ( - -3.508e+03 1 0)))))
s>    ( QUESTION0_6_R 1 -4.124e+04 1.703e+02 2.001e+02
s>        ( - -2.246e+02 1 0)
s>        ( QUESTION2 1 -4.085e+04 1.547e+02 1.981e+02
s>            ( WDBNDRY_E 0 -7.395e+03 1.068e+02 3.714e+01
s>                ( - -2.586e+03 4 0)
s>                ( - -4.703e+03 1 0))
s>            ( WDBNDRY_E 0 -3.330e+04 1.411e+02 1.610e+02
s>                ( - -2.697e+02 1 0)
s>                ( QUESTION0_0_R 1 -3.289e+04 1.309e+02 1.590e+02
s>                    ( - -2.925e+04 2 0)
s>                    ( - -3.508e+03 1 0)))))INFO: dtree.c(1315): Comp split 25
INFO: dtree.c(1315): Comp split 26
INFO: dtree.c(1439): stop. leaf nodes are specific
INFO: dtree.c(1478): Final simple tree
|( QUESTION8 -1 -1.810e+04 1.399e+02 8.656e+01
|    ( WDBNDRY_B 0 -1.541e+04 1.754e+02 7.356e+01
|        ( - -6.035e+02 1 0)
|        ( - -1.463e+04 3 0))
|    ( WDBNDRY_B 0 -2.552e+03 1.240e+02 1.300e+01
|        ( - -9.325e+02 1 0)
|        ( - -1.495e+03 1 0)))
s>    ( QUESTION8 -1 -1.810e+04 1.399e+02 8.656e+01
s>        ( WDBNDRY_B 0 -1.541e+04 1.754e+02 7.356e+01
s>            ( - -6.035e+02 1 0)
s>            ( - -1.463e+04 3 0))
s>        ( WDBNDRY_B 0 -2.552e+03 1.240e+02 1.300e+01
s>            ( - -9.325e+02 1 0)
s>            ( - -1.495e+03 1 0)))INFO: dtree.c(1315): Comp split 27
INFO: dtree.c(1439): stop. leaf nodes are specific
INFO: dtree.c(1478): Final simple tree
|( WDBNDRY_B 0 -5.389e+04 1.630e+02 2.632e+02
|    ( - -2.180e+04 3 0)
|    ( - -3.193e+04 3 0))
s>    ( WDBNDRY_B 0 -5.389e+04 1.630e+02 2.632e+02
s>        ( - -2.180e+04 3 0)
s>        ( - -3.193e+04 3 0))INFO: dtree.c(1315): Comp split 28
INFO: dtree.c(1439): stop. leaf nodes are specific
INFO: dtree.c(1478): Final simple tree
|( WDBNDRY_B 0 -8.428e+03 1.560e+02 3.942e+01
|    ( - -5.173e+03 1 0)
|    ( QUESTION0_0_R 1 -3.099e+03 9.099e+01 1.500e+01
|        ( - -1.508e+03 1 0)
|        ( - -1.500e+03 2 0)))
s>    ( WDBNDRY_B 0 -8.428e+03 1.560e+02 3.942e+01
s>        ( - -5.173e+03 1 0)
s>        ( QUESTION0_0_R 1 -3.099e+03 9.099e+01 1.500e+01
s>            ( - -1.508e+03 1 0)
s>            ( - -1.500e+03 2 0)))INFO: dtree.c(1315): Comp split 29
INFO: dtree.c(1439): stop. leaf nodes are specific
INFO: dtree.c(1478): Final simple tree
|( WDBNDRY_B 0 -3.353e+03 9.878e+01 1.800e+01
|    ( - -2.200e+03 1 0)
|    ( - -1.055e+03 1 0))
s>    ( WDBNDRY_B 0 -3.353e+03 9.878e+01 1.800e+01
s>        ( - -2.200e+03 1 0)
s>        ( - -1.055e+03 1 0))INFO: dtree.c(1315): Comp split 30
INFO: dtree.c(1439): stop. leaf nodes are specific
INFO: dtree.c(1478): Final simple tree
|( QUESTION8 -1 -1.732e+04 1.387e+02 8.256e+01
|    ( - -1.463e+04 3 0)
|    ( WDBNDRY_B 0 -2.552e+03 1.240e+02 1.300e+01
|        ( - -9.325e+02 1 0)
|        ( - -1.495e+03 1 0)))
s>    ( QUESTION8 -1 -1.732e+04 1.387e+02 8.256e+01
s>        ( - -1.463e+04 3 0)
s>        ( WDBNDRY_B 0 -2.552e+03 1.240e+02 1.300e+01
s>            ( - -9.325e+02 1 0)
s>            ( - -1.495e+03 1 0)))INFO: dtree.c(1315): Comp split 31
INFO: dtree.c(1439): stop. leaf nodes are specific
INFO: dtree.c(1478): Final simple tree
|( WDBNDRY_B 0 -2.449e+04 1.614e+02 1.194e+02
|    ( - -2.724e+03 1 0)
|    ( QUESTION0_0_R 1 -2.161e+04 1.539e+02 1.050e+02
|        ( QUESTION8 -1 -1.393e+04 1.384e+02 6.783e+01
|            ( - -1.239e+04 3 0)
|            ( - -1.406e+03 1 0))
|        ( - -7.518e+03 4 0)))
s>    ( WDBNDRY_B 0 -2.449e+04 1.614e+02 1.194e+02
s>        ( - -2.724e+03 1 0)
s>        ( QUESTION0_0_R 1 -2.161e+04 1.539e+02 1.050e+02
s>            ( QUESTION8 -1 -1.393e+04 1.384e+02 6.783e+01
s>                ( - -1.239e+04 3 0)
s>                ( - -1.406e+03 1 0))
s>            ( - -7.518e+03 4 0)))INFO: dtree.c(1315): Comp split 32
INFO: dtree.c(1439): stop. leaf nodes are specific
INFO: dtree.c(1478): Final simple tree
|( WDBNDRY_B 0 -2.364e+04 1.210e+02 1.170e+02
|    ( - -4.998e+02 1 0)
|    ( QUESTION0_0_R 1 -2.302e+04 7.812e+01 1.140e+02
|        ( - -2.098e+04 3 0)
|        ( - -1.966e+03 3 0)))
s>    ( WDBNDRY_B 0 -2.364e+04 1.210e+02 1.170e+02
s>        ( - -4.998e+02 1 0)
s>        ( QUESTION0_0_R 1 -2.302e+04 7.812e+01 1.140e+02
s>            ( - -2.098e+04 3 0)
s>            ( - -1.966e+03 3 0)))INFO: dtree.c(1315): Comp split 33
INFO: dtree.c(1439): stop. leaf nodes are specific
INFO: dtree.c(1478): Final simple tree
|( QUESTION2 1 -4.085e+04 1.547e+02 1.981e+02
|    ( WDBNDRY_E 0 -7.395e+03 1.068e+02 3.714e+01
|        ( - -2.586e+03 4 0)
|        ( - -4.703e+03 1 0))
|    ( WDBNDRY_E 0 -3.330e+04 1.411e+02 1.610e+02
|        ( - -2.697e+02 1 0)
|        ( QUESTION0_0_R 1 -3.289e+04 1.309e+02 1.590e+02
|            ( - -2.925e+04 2 0)
|            ( - -3.508e+03 1 0))))
s>    ( QUESTION2 1 -4.085e+04 1.547e+02 1.981e+02
s>        ( WDBNDRY_E 0 -7.395e+03 1.068e+02 3.714e+01
s>            ( - -2.586e+03 4 0)
s>            ( - -4.703e+03 1 0))
s>        ( WDBNDRY_E 0 -3.330e+04 1.411e+02 1.610e+02
s>            ( - -2.697e+02 1 0)
s>            ( QUESTION0_0_R 1 -3.289e+04 1.309e+02 1.590e+02
s>                ( - -2.925e+04 2 0)
s>                ( - -3.508e+03 1 0))))INFO: dtree.c(1315): Comp split 34
INFO: dtree.c(1439): stop. leaf nodes are specific
INFO: dtree.c(1478): Final simple tree
|( WDBNDRY_B 0 -1.193e+04 1.580e+02 5.859e+01
|    ( - -2.724e+03 1 0)
|    ( QUESTION0_0_R 1 -9.051e+03 1.269e+02 4.421e+01
|        ( - -1.406e+03 1 0)
|        ( - -7.518e+03 4 0)))
s>    ( WDBNDRY_B 0 -1.193e+04 1.580e+02 5.859e+01
s>        ( - -2.724e+03 1 0)
s>        ( QUESTION0_0_R 1 -9.051e+03 1.269e+02 4.421e+01
s>            ( - -1.406e+03 1 0)
s>            ( - -7.518e+03 4 0)))INFO: dtree.c(1315): Comp split 35
INFO: dtree.c(1315): Comp split 36
INFO: dtree.c(1439): stop. leaf nodes are specific
INFO: dtree.c(1478): Final simple tree
|( QUESTION0_0_R 1 -9.051e+03 1.269e+02 4.421e+01
|    ( - -1.406e+03 1 0)
|    ( - -7.518e+03 4 0))
s>    ( QUESTION0_0_R 1 -9.051e+03 1.269e+02 4.421e+01
s>        ( - -1.406e+03 1 0)
s>        ( - -7.518e+03 4 0))INFO: dtree.c(1315): Comp split 37
INFO: dtree.c(1439): stop. leaf nodes are specific
INFO: dtree.c(1478): Final simple tree
|( QUESTION0_0_R 1 -3.099e+03 9.099e+01 1.500e+01
|    ( - -1.508e+03 1 0)
|    ( - -1.500e+03 2 0))
s>    ( QUESTION0_0_R 1 -3.099e+03 9.099e+01 1.500e+01
s>        ( - -1.508e+03 1 0)
s>        ( - -1.500e+03 2 0))INFO: dtree.c(1315): Comp split 38
INFO: dtree.c(1439): stop. leaf nodes are specific
INFO: dtree.c(1478): Final simple tree
|( WDBNDRY_E 0 -3.330e+04 1.411e+02 1.610e+02
|    ( - -2.697e+02 1 0)
|    ( QUESTION0_0_R 1 -3.289e+04 1.309e+02 1.590e+02
|        ( - -2.925e+04 2 0)
|        ( - -3.508e+03 1 0)))
s>    ( WDBNDRY_E 0 -3.330e+04 1.411e+02 1.610e+02
s>        ( - -2.697e+02 1 0)
s>        ( QUESTION0_0_R 1 -3.289e+04 1.309e+02 1.590e+02
s>            ( - -2.925e+04 2 0)
s>            ( - -3.508e+03 1 0)))INFO: dtree.c(1439): stop. leaf nodes are specific
INFO: dtree.c(1478): Final simple tree
|( WDBNDRY_E 0 -7.395e+03 1.068e+02 3.714e+01
|    ( - -2.586e+03 4 0)
|    ( - -4.703e+03 1 0))
s>    ( WDBNDRY_E 0 -7.395e+03 1.068e+02 3.714e+01
s>        ( - -2.586e+03 4 0)
s>        ( - -4.703e+03 1 0))INFO: dtree.c(1315): Comp split 39
INFO: dtree.c(1439): stop. leaf nodes are specific
INFO: dtree.c(1478): Final simple tree
|( QUESTION2 -1 -1.543e+04 1.175e+02 7.598e+01
|    ( QUESTION0_0_R 1 -1.133e+04 1.091e+02 5.584e+01
|        ( - -5.654e+03 1 0)
|        ( - -5.566e+03 1 0))
|    ( - -3.980e+03 1 0))
s>    ( QUESTION2 -1 -1.543e+04 1.175e+02 7.598e+01
s>        ( QUESTION0_0_R 1 -1.133e+04 1.091e+02 5.584e+01
s>            ( - -5.654e+03 1 0)
s>            ( - -5.566e+03 1 0))
s>        ( - -3.980e+03 1 0))INFO: dtree.c(1315): Comp split 40
INFO: dtree.c(1439): stop. leaf nodes are specific
INFO: dtree.c(1478): Final simple tree
|( QUESTION0_0_R 1 -3.289e+04 1.309e+02 1.590e+02
|    ( - -2.925e+04 2 0)
|    ( - -3.508e+03 1 0))
s>    ( QUESTION0_0_R 1 -3.289e+04 1.309e+02 1.590e+02
s>        ( - -2.925e+04 2 0)
s>        ( - -3.508e+03 1 0))INFO: dtree.c(1315): Comp split 41
INFO: dtree.c(1439): stop. leaf nodes are specific
INFO: dtree.c(1478): Final simple tree
|( WDBNDRY_B 0 -1.411e+04 1.412e+02 6.988e+01
|    ( QUESTION0_0_R 1 -1.249e+04 8.917e+01 6.188e+01
|        ( - -1.013e+04 2 0)
|        ( - -2.269e+03 1 0))
|    ( - -1.478e+03 1 0))
s>    ( WDBNDRY_B 0 -1.411e+04 1.412e+02 6.988e+01
s>        ( QUESTION0_0_R 1 -1.249e+04 8.917e+01 6.188e+01
s>            ( - -1.013e+04 2 0)
s>            ( - -2.269e+03 1 0))
s>        ( - -1.478e+03 1 0))INFO: dtree.c(1315): Comp split 42
INFO: dtree.c(1439): stop. leaf nodes are specific
INFO: dtree.c(1478): Final simple tree
|( QUESTION0_0_R 1 -1.249e+04 8.917e+01 6.188e+01
|    ( - -1.013e+04 2 0)
|    ( - -2.269e+03 1 0))
s>    ( QUESTION0_0_R 1 -1.249e+04 8.917e+01 6.188e+01
s>        ( - -1.013e+04 2 0)
s>        ( - -2.269e+03 1 0))INFO: dtree.c(1315): Comp split 43
INFO: dtree.c(1439): stop. leaf nodes are specific
INFO: dtree.c(1478): Final simple tree
|( WDBNDRY_B 0 -2.552e+03 1.240e+02 1.300e+01
|    ( - -9.325e+02 1 0)
|    ( - -1.495e+03 1 0))
s>    ( WDBNDRY_B 0 -2.552e+03 1.240e+02 1.300e+01
s>        ( - -9.325e+02 1 0)
s>        ( - -1.495e+03 1 0))INFO: dtree.c(1315): Comp split 44
INFO: dtree.c(1315): Comp split 45
INFO: dtree.c(1315): Comp split 46
INFO: dtree.c(1315): Comp split 47
INFO: dtree.c(1439): stop. leaf nodes are specific
INFO: dtree.c(1478): Final simple tree
|( QUESTION0_0_R 1 -2.302e+04 7.812e+01 1.140e+02
|    ( - -2.098e+04 3 0)
|    ( - -1.966e+03 3 0))
s>    ( QUESTION0_0_R 1 -2.302e+04 7.812e+01 1.140e+02
s>        ( - -2.098e+04 3 0)
s>        ( - -1.966e+03 3 0))INFO: dtree.c(1315): Comp split 48
INFO: dtree.c(1439): stop. leaf nodes are specific
INFO: dtree.c(1478): Final simple tree
|( QUESTION0_0_R 1 -1.133e+04 1.091e+02 5.584e+01
|    ( - -5.654e+03 1 0)
|    ( - -5.566e+03 1 0))
s>    ( QUESTION0_0_R 1 -1.133e+04 1.091e+02 5.584e+01
s>        ( - -5.654e+03 1 0)
s>        ( - -5.566e+03 1 0))INFO: dtree.c(1315): Comp split 49
INFO: dtree.c(1315): Comp split 50
INFO: dtree.c(1315): Comp split 51
INFO: dtree.c(1315): Comp split 52
INFO: dtree.c(1315): Comp split 53
INFO: dtree.c(1315): Comp split 54
INFO: dtree.c(1315): Comp split 55
INFO: dtree.c(1315): Comp split 56
INFO: dtree.c(1318): stop. leaf nodes are specific
!!!!!!!!Allocated 68 lines
Fri Apr  8 18:31:53 2016
