Current configuration:
[NAME]		[DEFLT]	[VALUE]
-allphones	no	no
-cntthresh	0.00001	1.000000e-05
-csplitmax	100	2000
-csplitmin	1	1
-csplitthr	8e-4	0.000000e+00
-example	no	no
-fullvar	no	no
-help		no	no
-meanfn			/home/yaroslav/model/model_parameters/ua.cd_cont_untied/means
-mixwfn			/home/yaroslav/model/model_parameters/ua.cd_cont_untied/mixture_weights
-moddeffn		/home/yaroslav/model/model_architecture/ua.untied.mdef
-mwfloor	1e-4	1.000000e-08
-phone			MM
-psetfn			/home/yaroslav/model/model_architecture/ua.tree_questions
-ssplitmax	5	7
-ssplitmin	1	1
-ssplitthr	8e-4	0.000000e+00
-state			2
-stwt			1.0,0.05,0.0,
-treefn			/home/yaroslav/model/trees/ua.unpruned/MM-2.dtree
-ts2cbfn	.semi.	.cont.
-varfloor	0.00001	1.000000e-05
-varfn			/home/yaroslav/model/model_parameters/ua.cd_cont_untied/variances

INFO: main.c(223): Reading: /home/yaroslav/model/model_architecture/ua.untied.mdef
INFO: model_def_io.c(573): Model definition info:
INFO: model_def_io.c(574): 8408 total models defined (50 base, 8358 tri)
INFO: model_def_io.c(575): 33632 total states
INFO: model_def_io.c(576): 25224 total tied states
INFO: model_def_io.c(577): 150 total tied CI states
INFO: model_def_io.c(578): 50 total tied transition matrices
INFO: model_def_io.c(579): 4 max state/model
INFO: model_def_io.c(580): 4 min state/model
INFO: main.c(242): Building trees for [MM A A i] through [MM Z I i]
INFO: main.c(269): Covering states |[11523 11564]| == 42
INFO: main.c(275): Reading: /home/yaroslav/model/model_parameters/ua.cd_cont_untied/mixture_weights
INFO: s3mixw_io.c(173): Read /home/yaroslav/model/model_parameters/ua.cd_cont_untied/mixture_weights [42x1x1 array]
INFO: main.c(311): 14 of 14 models have observation count greater than 0.000010
INFO: main.c(95): nrm stwt: 0.000 0.048 0.952 
INFO: s3gau_io.c(169): Read /home/yaroslav/model/model_parameters/ua.cd_cont_untied/means [25224x1x1 array]
INFO: s3gau_io.c(169): Read /home/yaroslav/model/model_parameters/ua.cd_cont_untied/variances [25224x1x1 array]
INFO: main.c(549): Reading: /home/yaroslav/model/model_architecture/ua.tree_questions
INFO: main.c(588): 174 total simple questions (166 phone; 8 word bndry)
INFO: main.c(590): 42 Left Only questions, and 40 Right Only questions
INFO: dtree.c(1478): Final simple tree
|( QUESTION2_10_L -1 -4.749e+04 5.166e+02 2.263e+02
|    ( - -6.029e+03 2 0)
|    ( QUESTION2 -1 -4.094e+04 4.742e+02 1.972e+02
|        ( - 2.433e+02 1 0)
|        ( QUESTION0_0_R 1 -4.071e+04 4.462e+02 1.962e+02
|            ( - 1.986e+02 1 0)
|            ( WDBNDRY_B 0 -4.047e+04 4.300e+02 1.952e+02
|                ( - 1.974e+02 1 0)
|                ( QUESTION19 -1 -4.023e+04 3.309e+02 1.942e+02
|                    ( QUESTION2_0_L -1 -1.077e+04 1.750e+02 5.233e+01
|                        ( - -6.369e+03 1 0)
|                        ( - -4.226e+03 1 0))
|                    ( QUESTION16 -1 -2.913e+04 1.434e+02 1.419e+02
|                        ( - -6.944e+02 1 0)
|                        ( - -2.830e+04 6 0 QUESTION0 -1 1.152e+02 1.379e+02)))))))
s>    ( QUESTION2_10_L -1 -4.749e+04 5.166e+02 2.263e+02
s>        ( - -6.029e+03 2 0)
s>        ( QUESTION2 -1 -4.094e+04 4.742e+02 1.972e+02
s>            ( - 2.433e+02 1 0)
s>            ( QUESTION0_0_R 1 -4.071e+04 4.462e+02 1.962e+02
s>                ( - 1.986e+02 1 0)
s>                ( WDBNDRY_B 0 -4.047e+04 4.300e+02 1.952e+02
s>                    ( - 1.974e+02 1 0)
s>                    ( QUESTION19 -1 -4.023e+04 3.309e+02 1.942e+02
s>                        ( QUESTION2_0_L -1 -1.077e+04 1.750e+02 5.233e+01
s>                            ( - -6.369e+03 1 0)
s>                            ( - -4.226e+03 1 0))
s>                        ( QUESTION16 -1 -2.913e+04 1.434e+02 1.419e+02
s>                            ( - -6.944e+02 1 0)
s>                            ( - -2.830e+04 6 0 QUESTION0 -1 1.152e+02 1.379e+02)))))))INFO: dtree.c(1315): Comp split 0
INFO: dtree.c(1478): Final simple tree
|( QUESTION2 -1 -4.094e+04 4.742e+02 1.972e+02
|    ( - 2.433e+02 1 0)
|    ( QUESTION0_0_R 1 -4.071e+04 4.462e+02 1.962e+02
|        ( - 1.986e+02 1 0)
|        ( WDBNDRY_B 0 -4.047e+04 4.300e+02 1.952e+02
|            ( - 1.974e+02 1 0)
|            ( QUESTION19 -1 -4.023e+04 3.309e+02 1.942e+02
|                ( QUESTION2_0_L -1 -1.077e+04 1.750e+02 5.233e+01
|                    ( - -6.369e+03 1 0)
|                    ( - -4.226e+03 1 0))
|                ( QUESTION16 -1 -2.913e+04 1.434e+02 1.419e+02
|                    ( - -6.944e+02 1 0)
|                    ( QUESTION0 -1 -2.830e+04 1.152e+02 1.379e+02
|                        ( - -2.707e+04 5 0)
|                        ( - -1.109e+03 1 0)))))))
s>    ( QUESTION2 -1 -4.094e+04 4.742e+02 1.972e+02
s>        ( - 2.433e+02 1 0)
s>        ( QUESTION0_0_R 1 -4.071e+04 4.462e+02 1.962e+02
s>            ( - 1.986e+02 1 0)
s>            ( WDBNDRY_B 0 -4.047e+04 4.300e+02 1.952e+02
s>                ( - 1.974e+02 1 0)
s>                ( QUESTION19 -1 -4.023e+04 3.309e+02 1.942e+02
s>                    ( QUESTION2_0_L -1 -1.077e+04 1.750e+02 5.233e+01
s>                        ( - -6.369e+03 1 0)
s>                        ( - -4.226e+03 1 0))
s>                    ( QUESTION16 -1 -2.913e+04 1.434e+02 1.419e+02
s>                        ( - -6.944e+02 1 0)
s>                        ( QUESTION0 -1 -2.830e+04 1.152e+02 1.379e+02
s>                            ( - -2.707e+04 5 0)
s>                            ( - -1.109e+03 1 0)))))))INFO: dtree.c(1315): Comp split 1
INFO: dtree.c(1439): stop. leaf nodes are specific
INFO: dtree.c(1478): Final simple tree
|( QUESTION0_0_R 1 -4.071e+04 4.462e+02 1.962e+02
|    ( - 1.986e+02 1 0)
|    ( WDBNDRY_B 0 -4.047e+04 4.300e+02 1.952e+02
|        ( - 1.974e+02 1 0)
|        ( QUESTION19 -1 -4.023e+04 3.309e+02 1.942e+02
|            ( QUESTION2_0_L -1 -1.077e+04 1.750e+02 5.233e+01
|                ( - -6.369e+03 1 0)
|                ( - -4.226e+03 1 0))
|            ( QUESTION16 -1 -2.913e+04 1.434e+02 1.419e+02
|                ( - -6.944e+02 1 0)
|                ( QUESTION0 -1 -2.830e+04 1.152e+02 1.379e+02
|                    ( - -2.707e+04 5 0)
|                    ( - -1.109e+03 1 0))))))
s>    ( QUESTION0_0_R 1 -4.071e+04 4.462e+02 1.962e+02
s>        ( - 1.986e+02 1 0)
s>        ( WDBNDRY_B 0 -4.047e+04 4.300e+02 1.952e+02
s>            ( - 1.974e+02 1 0)
s>            ( QUESTION19 -1 -4.023e+04 3.309e+02 1.942e+02
s>                ( QUESTION2_0_L -1 -1.077e+04 1.750e+02 5.233e+01
s>                    ( - -6.369e+03 1 0)
s>                    ( - -4.226e+03 1 0))
s>                ( QUESTION16 -1 -2.913e+04 1.434e+02 1.419e+02
s>                    ( - -6.944e+02 1 0)
s>                    ( QUESTION0 -1 -2.830e+04 1.152e+02 1.379e+02
s>                        ( - -2.707e+04 5 0)
s>                        ( - -1.109e+03 1 0))))))INFO: dtree.c(1315): Comp split 2
INFO: dtree.c(1439): stop. leaf nodes are specific
INFO: dtree.c(1478): Final simple tree
|( WDBNDRY_B 0 -4.047e+04 4.300e+02 1.952e+02
|    ( - 1.974e+02 1 0)
|    ( QUESTION19 -1 -4.023e+04 3.309e+02 1.942e+02
|        ( QUESTION2_0_L -1 -1.077e+04 1.750e+02 5.233e+01
|            ( - -6.369e+03 1 0)
|            ( - -4.226e+03 1 0))
|        ( QUESTION16 -1 -2.913e+04 1.434e+02 1.419e+02
|            ( - -6.944e+02 1 0)
|            ( QUESTION0 -1 -2.830e+04 1.152e+02 1.379e+02
|                ( - -2.707e+04 5 0)
|                ( - -1.109e+03 1 0)))))
s>    ( WDBNDRY_B 0 -4.047e+04 4.300e+02 1.952e+02
s>        ( - 1.974e+02 1 0)
s>        ( QUESTION19 -1 -4.023e+04 3.309e+02 1.942e+02
s>            ( QUESTION2_0_L -1 -1.077e+04 1.750e+02 5.233e+01
s>                ( - -6.369e+03 1 0)
s>                ( - -4.226e+03 1 0))
s>            ( QUESTION16 -1 -2.913e+04 1.434e+02 1.419e+02
s>                ( - -6.944e+02 1 0)
s>                ( QUESTION0 -1 -2.830e+04 1.152e+02 1.379e+02
s>                    ( - -2.707e+04 5 0)
s>                    ( - -1.109e+03 1 0)))))INFO: dtree.c(1315): Comp split 3
INFO: dtree.c(1439): stop. leaf nodes are specific
INFO: dtree.c(1478): Final simple tree
|( QUESTION19 -1 -4.023e+04 3.309e+02 1.942e+02
|    ( QUESTION2_0_L -1 -1.077e+04 1.750e+02 5.233e+01
|        ( - -6.369e+03 1 0)
|        ( - -4.226e+03 1 0))
|    ( QUESTION16 -1 -2.913e+04 1.434e+02 1.419e+02
|        ( - -6.944e+02 1 0)
|        ( QUESTION0 -1 -2.830e+04 1.152e+02 1.379e+02
|            ( - -2.707e+04 5 0)
|            ( - -1.109e+03 1 0))))
s>    ( QUESTION19 -1 -4.023e+04 3.309e+02 1.942e+02
s>        ( QUESTION2_0_L -1 -1.077e+04 1.750e+02 5.233e+01
s>            ( - -6.369e+03 1 0)
s>            ( - -4.226e+03 1 0))
s>        ( QUESTION16 -1 -2.913e+04 1.434e+02 1.419e+02
s>            ( - -6.944e+02 1 0)
s>            ( QUESTION0 -1 -2.830e+04 1.152e+02 1.379e+02
s>                ( - -2.707e+04 5 0)
s>                ( - -1.109e+03 1 0))))INFO: dtree.c(1315): Comp split 4
INFO: dtree.c(1439): stop. leaf nodes are specific
INFO: dtree.c(1478): Final simple tree
|( QUESTION16 -1 -2.913e+04 1.434e+02 1.419e+02
|    ( - -6.944e+02 1 0)
|    ( QUESTION0 -1 -2.830e+04 1.152e+02 1.379e+02
|        ( - -2.707e+04 5 0)
|        ( - -1.109e+03 1 0)))
s>    ( QUESTION16 -1 -2.913e+04 1.434e+02 1.419e+02
s>        ( - -6.944e+02 1 0)
s>        ( QUESTION0 -1 -2.830e+04 1.152e+02 1.379e+02
s>            ( - -2.707e+04 5 0)
s>            ( - -1.109e+03 1 0)))INFO: dtree.c(1439): stop. leaf nodes are specific
INFO: dtree.c(1478): Final simple tree
|( QUESTION2_0_L -1 -1.077e+04 1.750e+02 5.233e+01
|    ( - -6.369e+03 1 0)
|    ( - -4.226e+03 1 0))
s>    ( QUESTION2_0_L -1 -1.077e+04 1.750e+02 5.233e+01
s>        ( - -6.369e+03 1 0)
s>        ( - -4.226e+03 1 0))INFO: dtree.c(1315): Comp split 5
INFO: dtree.c(1315): Comp split 6
INFO: dtree.c(1439): stop. leaf nodes are specific
INFO: dtree.c(1478): Final simple tree
|( QUESTION0 -1 -2.830e+04 1.152e+02 1.379e+02
|    ( - -2.707e+04 5 0)
|    ( - -1.109e+03 1 0))
s>    ( QUESTION0 -1 -2.830e+04 1.152e+02 1.379e+02
s>        ( - -2.707e+04 5 0)
s>        ( - -1.109e+03 1 0))INFO: dtree.c(1315): Comp split 7
INFO: dtree.c(1315): Comp split 8
INFO: dtree.c(1318): stop. leaf nodes are specific
!!!!!!!!Allocated 66 lines
Fri Apr  8 00:56:29 2016
