Current configuration:
[NAME]		[DEFLT]	[VALUE]
-allphones	no	no
-cntthresh	0.00001	1.000000e-05
-csplitmax	100	2000
-csplitmin	1	1
-csplitthr	8e-4	0.000000e+00
-example	no	no
-fullvar	no	no
-help		no	no
-meanfn			/home/yaroslav/model/model_parameters/ua.cd_cont_untied/means
-mixwfn			/home/yaroslav/model/model_parameters/ua.cd_cont_untied/mixture_weights
-moddeffn		/home/yaroslav/model/model_architecture/ua.untied.mdef
-mwfloor	1e-4	1.000000e-08
-phone			NN
-psetfn			/home/yaroslav/model/model_architecture/ua.tree_questions
-ssplitmax	5	7
-ssplitmin	1	1
-ssplitthr	8e-4	0.000000e+00
-state			2
-stwt			1.0,0.05,0.0,
-treefn			/home/yaroslav/model/trees/ua.unpruned/NN-2.dtree
-ts2cbfn	.semi.	.cont.
-varfloor	0.00001	1.000000e-05
-varfn			/home/yaroslav/model/model_parameters/ua.cd_cont_untied/variances

INFO: main.c(223): Reading: /home/yaroslav/model/model_architecture/ua.untied.mdef
INFO: model_def_io.c(573): Model definition info:
INFO: model_def_io.c(574): 9391 total models defined (51 base, 9340 tri)
INFO: model_def_io.c(575): 37564 total states
INFO: model_def_io.c(576): 28173 total tied states
INFO: model_def_io.c(577): 153 total tied CI states
INFO: model_def_io.c(578): 51 total tied transition matrices
INFO: model_def_io.c(579): 4 max state/model
INFO: model_def_io.c(580): 4 min state/model
INFO: main.c(242): Building trees for [NN A A i] through [NN І І i]
INFO: main.c(269): Covering states |[12210 12482]| == 273
INFO: main.c(275): Reading: /home/yaroslav/model/model_parameters/ua.cd_cont_untied/mixture_weights
INFO: s3mixw_io.c(173): Read /home/yaroslav/model/model_parameters/ua.cd_cont_untied/mixture_weights [273x1x1 array]
INFO: main.c(311): 78 of 91 models have observation count greater than 0.000010
INFO: main.c(95): nrm stwt: 0.000 0.048 0.952 
INFO: s3gau_io.c(169): Read /home/yaroslav/model/model_parameters/ua.cd_cont_untied/means [28173x1x1 array]
INFO: s3gau_io.c(169): Read /home/yaroslav/model/model_parameters/ua.cd_cont_untied/variances [28173x1x1 array]
INFO: main.c(549): Reading: /home/yaroslav/model/model_architecture/ua.tree_questions
INFO: main.c(588): 174 total simple questions (166 phone; 8 word bndry)
INFO: main.c(590): 40 Left Only questions, and 42 Right Only questions
INFO: dtree.c(1478): Final simple tree
|( QUESTION11 -1 -1.265e+05 1.414e+03 1.784e+03
|    ( QUESTION0_0_R 1 -3.181e+04 6.260e+02 4.902e+02
|        ( - -6.881e+03 3 0 QUESTION2_0_L -1 4.223e+02 1.030e+02)
|        ( - -2.431e+04 3 0))
|    ( QUESTION17 -1 -9.332e+04 8.081e+02 1.293e+03
|        ( - -7.259e+03 3 0 QUESTION0_0_R 1 3.612e+02 1.239e+02)
|        ( QUESTION0 -1 -8.525e+04 7.542e+02 1.170e+03
|            ( - -2.385e+04 26 0 QUESTION0_0_R 1 4.522e+02 3.180e+02)
|            ( QUESTION2_3_L -1 -6.064e+04 4.997e+02 8.517e+02
|                ( - -4.043e+03 7 0 WDBNDRY_B 0 3.347e+02 6.488e+01)
|                ( QUESTION0_12_R 1 -5.610e+04 4.740e+02 7.868e+02
|                    ( - -3.822e+03 5 0 QUESTION0_18_R 1 3.307e+02 6.434e+01)
|                    ( QUESTION0_0_R 1 -5.181e+04 4.559e+02 7.224e+02
|                        ( - -4.590e+04 18 0 QUESTION14 -1 3.323e+02 6.413e+02)
|                        ( - -5.447e+03 13 0 SILENCE -1 3.377e+02 8.113e+01)))))))
s>    ( QUESTION11 -1 -1.265e+05 1.414e+03 1.784e+03
s>        ( QUESTION0_0_R 1 -3.181e+04 6.260e+02 4.902e+02
s>            ( - -6.881e+03 3 0 QUESTION2_0_L -1 4.223e+02 1.030e+02)
s>            ( - -2.431e+04 3 0))
s>        ( QUESTION17 -1 -9.332e+04 8.081e+02 1.293e+03
s>            ( - -7.259e+03 3 0 QUESTION0_0_R 1 3.612e+02 1.239e+02)
s>            ( QUESTION0 -1 -8.525e+04 7.542e+02 1.170e+03
s>                ( - -2.385e+04 26 0 QUESTION0_0_R 1 4.522e+02 3.180e+02)
s>                ( QUESTION2_3_L -1 -6.064e+04 4.997e+02 8.517e+02
s>                    ( - -4.043e+03 7 0 WDBNDRY_B 0 3.347e+02 6.488e+01)
s>                    ( QUESTION0_12_R 1 -5.610e+04 4.740e+02 7.868e+02
s>                        ( - -3.822e+03 5 0 QUESTION0_18_R 1 3.307e+02 6.434e+01)
s>                        ( QUESTION0_0_R 1 -5.181e+04 4.559e+02 7.224e+02
s>                            ( - -4.590e+04 18 0 QUESTION14 -1 3.323e+02 6.413e+02)
s>                            ( - -5.447e+03 13 0 SILENCE -1 3.377e+02 8.113e+01)))))))INFO: dtree.c(1315): Comp split 0
INFO: dtree.c(1478): Final simple tree
|( QUESTION0 -1 -9.242e+04 8.085e+02 1.273e+03
|    ( QUESTION0_0_R 1 -2.385e+04 4.522e+02 3.180e+02
|        ( - -1.771e+04 14 0 QUESTION8 -1 3.356e+02 2.364e+02)
|        ( QUESTION2_9_L -1 -5.690e+03 3.416e+02 8.155e+01
|            ( - 2.245e+02 1 0)
|            ( - -5.573e+03 11 0 QUESTION3 -1 3.442e+02 8.055e+01)))
|    ( QUESTION0_12_R 1 -6.776e+04 4.751e+02 9.547e+02
|        ( - -3.822e+03 5 0 QUESTION0_18_R 1 3.307e+02 6.434e+01)
|        ( QUESTION2_3_L -1 -6.346e+04 4.036e+02 8.904e+02
|            ( QUESTION11 -1 -8.358e+03 4.598e+02 1.279e+02
|                ( - -3.855e+03 1 0)
|                ( - -4.043e+03 7 0 WDBNDRY_B 0 3.347e+02 6.488e+01))
|            ( QUESTION0_0_R 1 -5.470e+04 4.582e+02 7.625e+02
|                ( - -4.879e+04 20 0 QUESTION14 -1 3.331e+02 6.814e+02)
|                ( - -5.447e+03 13 0 SILENCE -1 3.377e+02 8.113e+01)))))
s>    ( QUESTION0 -1 -9.242e+04 8.085e+02 1.273e+03
s>        ( QUESTION0_0_R 1 -2.385e+04 4.522e+02 3.180e+02
s>            ( - -1.771e+04 14 0 QUESTION8 -1 3.356e+02 2.364e+02)
s>            ( QUESTION2_9_L -1 -5.690e+03 3.416e+02 8.155e+01
s>                ( - 2.245e+02 1 0)
s>                ( - -5.573e+03 11 0 QUESTION3 -1 3.442e+02 8.055e+01)))
s>        ( QUESTION0_12_R 1 -6.776e+04 4.751e+02 9.547e+02
s>            ( - -3.822e+03 5 0 QUESTION0_18_R 1 3.307e+02 6.434e+01)
s>            ( QUESTION2_3_L -1 -6.346e+04 4.036e+02 8.904e+02
s>                ( QUESTION11 -1 -8.358e+03 4.598e+02 1.279e+02
s>                    ( - -3.855e+03 1 0)
s>                    ( - -4.043e+03 7 0 WDBNDRY_B 0 3.347e+02 6.488e+01))
s>                ( QUESTION0_0_R 1 -5.470e+04 4.582e+02 7.625e+02
s>                    ( - -4.879e+04 20 0 QUESTION14 -1 3.331e+02 6.814e+02)
s>                    ( - -5.447e+03 13 0 SILENCE -1 3.377e+02 8.113e+01)))))INFO: dtree.c(1439): stop. leaf nodes are specific
INFO: dtree.c(1478): Final simple tree
|( QUESTION0_0_R 1 -3.232e+04 7.664e+02 5.110e+02
|    ( WDBNDRY_B 0 -6.831e+03 3.100e+02 1.209e+02
|        ( - -3.005e+03 1 0)
|        ( - -3.516e+03 1 0))
|    ( QUESTION11 -1 -2.472e+04 3.451e+02 3.902e+02
|        ( - -2.431e+04 3 0)
|        ( - -6.633e+01 1 0)))
s>    ( QUESTION0_0_R 1 -3.232e+04 7.664e+02 5.110e+02
s>        ( WDBNDRY_B 0 -6.831e+03 3.100e+02 1.209e+02
s>            ( - -3.005e+03 1 0)
s>            ( - -3.516e+03 1 0))
s>        ( QUESTION11 -1 -2.472e+04 3.451e+02 3.902e+02
s>            ( - -2.431e+04 3 0)
s>            ( - -6.633e+01 1 0)))INFO: dtree.c(1315): Comp split 1
INFO: dtree.c(1478): Final simple tree
|( QUESTION0_0_R 1 -2.373e+04 4.495e+02 3.170e+02
|    ( QUESTION8 -1 -1.771e+04 3.356e+02 2.364e+02
|        ( - 2.291e+02 1 0)
|        ( QUESTION6 -1 -1.760e+04 3.198e+02 2.354e+02
|            ( - -8.716e+03 6 0 QUESTION2_12_L -1 2.300e+02 1.163e+02)
|            ( WDBNDRY_B 0 -8.569e+03 3.429e+02 1.191e+02
|                ( - 2.290e+02 1 0)
|                ( QUESTION4 -1 -8.455e+03 3.043e+02 1.181e+02
|                    ( - -3.321e+03 1 0)
|                    ( - -4.829e+03 5 0 QUESTION2_9_L -1 2.631e+02 6.683e+01)))))
|    ( QUESTION3 -1 -5.573e+03 3.442e+02 8.055e+01
|        ( - 2.192e+02 1 0)
|        ( QUESTION2_8_L -1 -5.448e+03 2.766e+02 7.955e+01
|            ( - -2.115e+03 2 0)
|            ( - -3.056e+03 8 0 QUESTION1 -1 2.303e+02 4.260e+01))))
s>    ( QUESTION0_0_R 1 -2.373e+04 4.495e+02 3.170e+02
s>        ( QUESTION8 -1 -1.771e+04 3.356e+02 2.364e+02
s>            ( - 2.291e+02 1 0)
s>            ( QUESTION6 -1 -1.760e+04 3.198e+02 2.354e+02
s>                ( - -8.716e+03 6 0 QUESTION2_12_L -1 2.300e+02 1.163e+02)
s>                ( WDBNDRY_B 0 -8.569e+03 3.429e+02 1.191e+02
s>                    ( - 2.290e+02 1 0)
s>                    ( QUESTION4 -1 -8.455e+03 3.043e+02 1.181e+02
s>                        ( - -3.321e+03 1 0)
s>                        ( - -4.829e+03 5 0 QUESTION2_9_L -1 2.631e+02 6.683e+01)))))
s>        ( QUESTION3 -1 -5.573e+03 3.442e+02 8.055e+01
s>            ( - 2.192e+02 1 0)
s>            ( QUESTION2_8_L -1 -5.448e+03 2.766e+02 7.955e+01
s>                ( - -2.115e+03 2 0)
s>                ( - -3.056e+03 8 0 QUESTION1 -1 2.303e+02 4.260e+01))))INFO: dtree.c(1478): Final simple tree
|( QUESTION0_12_R 1 -6.788e+04 4.752e+02 9.557e+02
|    ( - -3.822e+03 5 0 QUESTION0_18_R 1 3.307e+02 6.434e+01)
|    ( QUESTION2_3_L -1 -6.358e+04 3.944e+02 8.914e+02
|        ( QUESTION11 -1 -8.487e+03 4.495e+02 1.289e+02
|            ( - -3.855e+03 1 0)
|            ( QUESTION0 -1 -4.182e+03 3.634e+02 6.588e+01
|                ( - 2.245e+02 1 0)
|                ( - -4.043e+03 7 0 WDBNDRY_B 0 3.347e+02 6.488e+01)))
|        ( QUESTION0_0_R 1 -5.470e+04 4.582e+02 7.625e+02
|            ( - -4.879e+04 20 0 QUESTION14 -1 3.331e+02 6.814e+02)
|            ( SILENCE -1 -5.447e+03 3.377e+02 8.113e+01
|                ( - 2.317e+02 1 0)
|                ( QUESTION13 -1 -5.341e+03 3.400e+02 8.013e+01
|                    ( - 2.202e+02 1 0)
|                    ( - -5.221e+03 11 0 QUESTION0 1 3.144e+02 7.913e+01))))))
s>    ( QUESTION0_12_R 1 -6.788e+04 4.752e+02 9.557e+02
s>        ( - -3.822e+03 5 0 QUESTION0_18_R 1 3.307e+02 6.434e+01)
s>        ( QUESTION2_3_L -1 -6.358e+04 3.944e+02 8.914e+02
s>            ( QUESTION11 -1 -8.487e+03 4.495e+02 1.289e+02
s>                ( - -3.855e+03 1 0)
s>                ( QUESTION0 -1 -4.182e+03 3.634e+02 6.588e+01
s>                    ( - 2.245e+02 1 0)
s>                    ( - -4.043e+03 7 0 WDBNDRY_B 0 3.347e+02 6.488e+01)))
s>            ( QUESTION0_0_R 1 -5.470e+04 4.582e+02 7.625e+02
s>                ( - -4.879e+04 20 0 QUESTION14 -1 3.331e+02 6.814e+02)
s>                ( SILENCE -1 -5.447e+03 3.377e+02 8.113e+01
s>                    ( - 2.317e+02 1 0)
s>                    ( QUESTION13 -1 -5.341e+03 3.400e+02 8.013e+01
s>                        ( - 2.202e+02 1 0)
s>                        ( - -5.221e+03 11 0 QUESTION0 1 3.144e+02 7.913e+01))))))INFO: dtree.c(1315): Comp split 2
INFO: dtree.c(1439): stop. leaf nodes are specific
INFO: dtree.c(1478): Final simple tree
|( QUESTION11 -1 -2.472e+04 3.451e+02 3.902e+02
|    ( - -2.431e+04 3 0)
|    ( - -6.633e+01 1 0))
s>    ( QUESTION11 -1 -2.472e+04 3.451e+02 3.902e+02
s>        ( - -2.431e+04 3 0)
s>        ( - -6.633e+01 1 0))INFO: dtree.c(1439): stop. leaf nodes are specific
INFO: dtree.c(1478): Final simple tree
|( WDBNDRY_B 0 -6.831e+03 3.100e+02 1.209e+02
|    ( - -3.005e+03 1 0)
|    ( - -3.516e+03 1 0))
s>    ( WDBNDRY_B 0 -6.831e+03 3.100e+02 1.209e+02
s>        ( - -3.005e+03 1 0)
s>        ( - -3.516e+03 1 0))INFO: dtree.c(1315): Comp split 3
INFO: dtree.c(1478): Final simple tree
|( QUESTION9 1 -8.298e+03 4.659e+02 1.292e+02
|    ( WDBNDRY_B 0 -3.850e+03 3.369e+02 6.288e+01
|        ( - 1.989e+02 1 0)
|        ( QUESTION0_0_R 1 -3.712e+03 2.088e+02 6.188e+01
|            ( - -2.605e+03 3 0 QUESTION2_19_L -1 3.292e+02 4.488e+01)
|            ( - -8.987e+02 2 0 QUESTION2_4_L -1 1.882e+02 1.700e+01)))
|    ( QUESTION0_18_R 1 -3.982e+03 3.293e+02 6.634e+01
|        ( - 2.440e+02 1 0)
|        ( QUESTION0_15_R 1 -3.897e+03 3.143e+02 6.534e+01
|            ( - 2.440e+02 1 0)
|            ( QUESTION0_13_R 1 -3.826e+03 3.140e+02 6.434e+01
|                ( - 2.440e+02 1 0)
|                ( WDBNDRY_E 0 -3.756e+03 2.175e+02 6.334e+01
|                    ( - 5.406e+01 1 0)
|                    ( - -3.593e+03 2 0 QUESTION5 1 2.039e+02 6.134e+01))))))
s>    ( QUESTION9 1 -8.298e+03 4.659e+02 1.292e+02
s>        ( WDBNDRY_B 0 -3.850e+03 3.369e+02 6.288e+01
s>            ( - 1.989e+02 1 0)
s>            ( QUESTION0_0_R 1 -3.712e+03 2.088e+02 6.188e+01
s>                ( - -2.605e+03 3 0 QUESTION2_19_L -1 3.292e+02 4.488e+01)
s>                ( - -8.987e+02 2 0 QUESTION2_4_L -1 1.882e+02 1.700e+01)))
s>        ( QUESTION0_18_R 1 -3.982e+03 3.293e+02 6.634e+01
s>            ( - 2.440e+02 1 0)
s>            ( QUESTION0_15_R 1 -3.897e+03 3.143e+02 6.534e+01
s>                ( - 2.440e+02 1 0)
s>                ( QUESTION0_13_R 1 -3.826e+03 3.140e+02 6.434e+01
s>                    ( - 2.440e+02 1 0)
s>                    ( WDBNDRY_E 0 -3.756e+03 2.175e+02 6.334e+01
s>                        ( - 5.406e+01 1 0)
s>                        ( - -3.593e+03 2 0 QUESTION5 1 2.039e+02 6.134e+01))))))INFO: dtree.c(1478): Final simple tree
|( QUESTION0_0_R 1 -5.902e+04 4.559e+02 8.265e+02
|    ( QUESTION2_3_L -1 -5.300e+04 3.520e+02 7.443e+02
|        ( - -3.855e+03 1 0)
|        ( QUESTION14 -1 -4.879e+04 3.331e+02 6.814e+02
|            ( - 2.286e+02 1 0)
|            ( QUESTION0_11_R 1 -4.869e+04 3.255e+02 6.804e+02
|                ( - 2.440e+02 1 0)
|                ( - -4.861e+04 18 0 WDBNDRY_E 0 3.244e+02 6.794e+02))))
|    ( QUESTION0 -1 -5.563e+03 3.407e+02 8.213e+01
|        ( - 2.245e+02 1 0)
|        ( SILENCE -1 -5.447e+03 3.377e+02 8.113e+01
|            ( - 2.317e+02 1 0)
|            ( QUESTION13 -1 -5.341e+03 3.400e+02 8.013e+01
|                ( - 2.202e+02 1 0)
|                ( - -5.221e+03 11 0 QUESTION0 1 3.144e+02 7.913e+01)))))
s>    ( QUESTION0_0_R 1 -5.902e+04 4.559e+02 8.265e+02
s>        ( QUESTION2_3_L -1 -5.300e+04 3.520e+02 7.443e+02
s>            ( - -3.855e+03 1 0)
s>            ( QUESTION14 -1 -4.879e+04 3.331e+02 6.814e+02
s>                ( - 2.286e+02 1 0)
s>                ( QUESTION0_11_R 1 -4.869e+04 3.255e+02 6.804e+02
s>                    ( - 2.440e+02 1 0)
s>                    ( - -4.861e+04 18 0 WDBNDRY_E 0 3.244e+02 6.794e+02))))
s>        ( QUESTION0 -1 -5.563e+03 3.407e+02 8.213e+01
s>            ( - 2.245e+02 1 0)
s>            ( SILENCE -1 -5.447e+03 3.377e+02 8.113e+01
s>                ( - 2.317e+02 1 0)
s>                ( QUESTION13 -1 -5.341e+03 3.400e+02 8.013e+01
s>                    ( - 2.202e+02 1 0)
s>                    ( - -5.221e+03 11 0 QUESTION0 1 3.144e+02 7.913e+01)))))INFO: dtree.c(1315): Comp split 4
INFO: dtree.c(1439): stop. leaf nodes are specific
INFO: dtree.c(1478): Final simple tree
|( QUESTION0_0_R 1 -3.712e+03 2.088e+02 6.188e+01
|    ( QUESTION2_19_L -1 -2.605e+03 3.292e+02 4.488e+01
|        ( - 2.065e+02 1 0)
|        ( QUESTION10 -1 -2.482e+03 2.219e+02 4.388e+01
|            ( - -1.870e+03 1 0)
|            ( - -3.895e+02 1 0)))
|    ( QUESTION2_4_L -1 -8.987e+02 1.882e+02 1.700e+01
|        ( - -3.738e+02 1 0)
|        ( - -3.367e+02 1 0)))
s>    ( QUESTION0_0_R 1 -3.712e+03 2.088e+02 6.188e+01
s>        ( QUESTION2_19_L -1 -2.605e+03 3.292e+02 4.488e+01
s>            ( - 2.065e+02 1 0)
s>            ( QUESTION10 -1 -2.482e+03 2.219e+02 4.388e+01
s>                ( - -1.870e+03 1 0)
s>                ( - -3.895e+02 1 0)))
s>        ( QUESTION2_4_L -1 -8.987e+02 1.882e+02 1.700e+01
s>            ( - -3.738e+02 1 0)
s>            ( - -3.367e+02 1 0)))INFO: dtree.c(1439): stop. leaf nodes are specific
INFO: dtree.c(1478): Final simple tree
|( QUESTION0_18_R 1 -4.110e+03 3.284e+02 6.734e+01
|    ( - 2.440e+02 1 0)
|    ( WDBNDRY_B 0 -4.025e+03 3.275e+02 6.634e+01
|        ( - 1.989e+02 1 0)
|        ( QUESTION0_15_R 1 -3.897e+03 3.143e+02 6.534e+01
|            ( - 2.440e+02 1 0)
|            ( QUESTION0_13_R 1 -3.826e+03 3.140e+02 6.434e+01
|                ( - 2.440e+02 1 0)
|                ( WDBNDRY_E 0 -3.756e+03 2.175e+02 6.334e+01
|                    ( - 5.406e+01 1 0)
|                    ( QUESTION5 1 -3.593e+03 2.039e+02 6.134e+01
|                        ( - -2.937e+03 1 0)
|                        ( - -4.523e+02 1 0)))))))
s>    ( QUESTION0_18_R 1 -4.110e+03 3.284e+02 6.734e+01
s>        ( - 2.440e+02 1 0)
s>        ( WDBNDRY_B 0 -4.025e+03 3.275e+02 6.634e+01
s>            ( - 1.989e+02 1 0)
s>            ( QUESTION0_15_R 1 -3.897e+03 3.143e+02 6.534e+01
s>                ( - 2.440e+02 1 0)
s>                ( QUESTION0_13_R 1 -3.826e+03 3.140e+02 6.434e+01
s>                    ( - 2.440e+02 1 0)
s>                    ( WDBNDRY_E 0 -3.756e+03 2.175e+02 6.334e+01
s>                        ( - 5.406e+01 1 0)
s>                        ( QUESTION5 1 -3.593e+03 2.039e+02 6.134e+01
s>                            ( - -2.937e+03 1 0)
s>                            ( - -4.523e+02 1 0)))))))INFO: dtree.c(1315): Comp split 5
INFO: dtree.c(1478): Final simple tree
|( QUESTION0 -1 -5.563e+03 3.407e+02 8.213e+01
|    ( - 2.245e+02 1 0)
|    ( SILENCE -1 -5.447e+03 3.377e+02 8.113e+01
|        ( - 2.317e+02 1 0)
|        ( QUESTION13 -1 -5.341e+03 3.400e+02 8.013e+01
|            ( - 2.202e+02 1 0)
|            ( QUESTION0 1 -5.221e+03 3.144e+02 7.913e+01
|                ( - 2.440e+02 1 0)
|                ( WDBNDRY_E 0 -5.151e+03 3.438e+02 7.813e+01
|                    ( - 2.331e+02 1 0)
|                    ( QUESTION10 -1 -5.040e+03 2.320e+02 7.713e+01
|                        ( - 1.344e+01 1 0)
|                        ( WDBNDRY_B 0 -4.821e+03 2.267e+02 7.513e+01
|                            ( - -2.641e+02 4 0)
|                            ( - -4.331e+03 4 0))))))))
s>    ( QUESTION0 -1 -5.563e+03 3.407e+02 8.213e+01
s>        ( - 2.245e+02 1 0)
s>        ( SILENCE -1 -5.447e+03 3.377e+02 8.113e+01
s>            ( - 2.317e+02 1 0)
s>            ( QUESTION13 -1 -5.341e+03 3.400e+02 8.013e+01
s>                ( - 2.202e+02 1 0)
s>                ( QUESTION0 1 -5.221e+03 3.144e+02 7.913e+01
s>                    ( - 2.440e+02 1 0)
s>                    ( WDBNDRY_E 0 -5.151e+03 3.438e+02 7.813e+01
s>                        ( - 2.331e+02 1 0)
s>                        ( QUESTION10 -1 -5.040e+03 2.320e+02 7.713e+01
s>                            ( - 1.344e+01 1 0)
s>                            ( WDBNDRY_B 0 -4.821e+03 2.267e+02 7.513e+01
s>                                ( - -2.641e+02 4 0)
s>                                ( - -4.331e+03 4 0))))))))INFO: dtree.c(1478): Final simple tree
|( QUESTION2_3_L -1 -5.300e+04 3.520e+02 7.443e+02
|    ( - -3.855e+03 1 0)
|    ( QUESTION14 -1 -4.879e+04 3.331e+02 6.814e+02
|        ( - 2.286e+02 1 0)
|        ( QUESTION0_11_R 1 -4.869e+04 3.255e+02 6.804e+02
|            ( - 2.440e+02 1 0)
|            ( WDBNDRY_E 0 -4.861e+04 3.244e+02 6.794e+02
|                ( - 2.305e+02 1 0)
|                ( QUESTION11 -1 -4.851e+04 2.870e+02 6.784e+02
|                    ( - -2.604e+03 2 0 WDBNDRY_B 0 2.392e+02 4.006e+01)
|                    ( WDBNDRY_B 0 -4.562e+04 2.649e+02 6.383e+02
|                        ( QUESTION13 -1 -1.498e+04 2.513e+02 2.149e+02
|                            ( - 5.136e+01 1 0)
|                            ( - -1.478e+04 8 0 QUESTION19 -1 2.372e+02 2.129e+02))
|                        ( - -3.038e+04 6 0 QUESTION10 -1 2.074e+02 4.234e+02)))))))
s>    ( QUESTION2_3_L -1 -5.300e+04 3.520e+02 7.443e+02
s>        ( - -3.855e+03 1 0)
s>        ( QUESTION14 -1 -4.879e+04 3.331e+02 6.814e+02
s>            ( - 2.286e+02 1 0)
s>            ( QUESTION0_11_R 1 -4.869e+04 3.255e+02 6.804e+02
s>                ( - 2.440e+02 1 0)
s>                ( WDBNDRY_E 0 -4.861e+04 3.244e+02 6.794e+02
s>                    ( - 2.305e+02 1 0)
s>                    ( QUESTION11 -1 -4.851e+04 2.870e+02 6.784e+02
s>                        ( - -2.604e+03 2 0 WDBNDRY_B 0 2.392e+02 4.006e+01)
s>                        ( WDBNDRY_B 0 -4.562e+04 2.649e+02 6.383e+02
s>                            ( QUESTION13 -1 -1.498e+04 2.513e+02 2.149e+02
s>                                ( - 5.136e+01 1 0)
s>                                ( - -1.478e+04 8 0 QUESTION19 -1 2.372e+02 2.129e+02))
s>                            ( - -3.038e+04 6 0 QUESTION10 -1 2.074e+02 4.234e+02)))))))INFO: dtree.c(1315): Comp split 6
INFO: dtree.c(1478): Final simple tree
|( QUESTION8 -1 -1.771e+04 3.356e+02 2.364e+02
|    ( - 2.291e+02 1 0)
|    ( QUESTION6 -1 -1.760e+04 3.198e+02 2.354e+02
|        ( QUESTION2_12_L -1 -8.716e+03 2.300e+02 1.163e+02
|            ( - -5.980e+03 2 0 WDBNDRY_B 0 1.825e+02 8.030e+01)
|            ( WDBNDRY_B 0 -2.506e+03 2.647e+02 3.600e+01
|                ( - -1.052e+03 2 0 QUESTION2_0_L -1 1.983e+02 1.700e+01)
|                ( - -1.189e+03 2 0 QUESTION2_1_L -1 1.433e+02 1.900e+01)))
|        ( WDBNDRY_B 0 -8.569e+03 3.429e+02 1.191e+02
|            ( - 2.290e+02 1 0)
|            ( QUESTION4 -1 -8.455e+03 3.043e+02 1.181e+02
|                ( - -3.321e+03 1 0)
|                ( QUESTION2_9_L -1 -4.829e+03 2.631e+02 6.683e+01
|                    ( - -2.919e+02 1 0)
|                    ( - -4.274e+03 4 0 QUESTION1 -1 2.107e+02 6.283e+01))))))
s>    ( QUESTION8 -1 -1.771e+04 3.356e+02 2.364e+02
s>        ( - 2.291e+02 1 0)
s>        ( QUESTION6 -1 -1.760e+04 3.198e+02 2.354e+02
s>            ( QUESTION2_12_L -1 -8.716e+03 2.300e+02 1.163e+02
s>                ( - -5.980e+03 2 0 WDBNDRY_B 0 1.825e+02 8.030e+01)
s>                ( WDBNDRY_B 0 -2.506e+03 2.647e+02 3.600e+01
s>                    ( - -1.052e+03 2 0 QUESTION2_0_L -1 1.983e+02 1.700e+01)
s>                    ( - -1.189e+03 2 0 QUESTION2_1_L -1 1.433e+02 1.900e+01)))
s>            ( WDBNDRY_B 0 -8.569e+03 3.429e+02 1.191e+02
s>                ( - 2.290e+02 1 0)
s>                ( QUESTION4 -1 -8.455e+03 3.043e+02 1.181e+02
s>                    ( - -3.321e+03 1 0)
s>                    ( QUESTION2_9_L -1 -4.829e+03 2.631e+02 6.683e+01
s>                        ( - -2.919e+02 1 0)
s>                        ( - -4.274e+03 4 0 QUESTION1 -1 2.107e+02 6.283e+01))))))INFO: dtree.c(1478): Final simple tree
|( QUESTION3 -1 -5.573e+03 3.442e+02 8.055e+01
|    ( - 2.192e+02 1 0)
|    ( QUESTION2_8_L -1 -5.448e+03 2.766e+02 7.955e+01
|        ( - -2.115e+03 2 0)
|        ( QUESTION1 -1 -3.056e+03 2.303e+02 4.260e+01
|            ( - -1.431e+03 1 0)
|            ( WDBNDRY_B 0 -1.395e+03 2.027e+02 1.802e+01
|                ( QUESTION2_0_L -1 -3.401e-01 4.616e+02 2.000e+00
|                    ( - 2.286e+02 1 0)
|                    ( - 2.327e+02 1 0))
|                ( QUESTION2_0_L -1 -1.192e+03 2.249e+02 1.602e+01
|                    ( - -6.453e+02 1 0)
|                    ( QUESTION5 -1 -3.215e+02 1.954e+02 5.000e+00
|                        ( - -1.262e+02 2 0)
|                        ( - 7.720e-02 2 0)))))))
s>    ( QUESTION3 -1 -5.573e+03 3.442e+02 8.055e+01
s>        ( - 2.192e+02 1 0)
s>        ( QUESTION2_8_L -1 -5.448e+03 2.766e+02 7.955e+01
s>            ( - -2.115e+03 2 0)
s>            ( QUESTION1 -1 -3.056e+03 2.303e+02 4.260e+01
s>                ( - -1.431e+03 1 0)
s>                ( WDBNDRY_B 0 -1.395e+03 2.027e+02 1.802e+01
s>                    ( QUESTION2_0_L -1 -3.401e-01 4.616e+02 2.000e+00
s>                        ( - 2.286e+02 1 0)
s>                        ( - 2.327e+02 1 0))
s>                    ( QUESTION2_0_L -1 -1.192e+03 2.249e+02 1.602e+01
s>                        ( - -6.453e+02 1 0)
s>                        ( QUESTION5 -1 -3.215e+02 1.954e+02 5.000e+00
s>                            ( - -1.262e+02 2 0)
s>                            ( - 7.720e-02 2 0)))))))INFO: dtree.c(1315): Comp split 7
INFO: dtree.c(1439): stop. leaf nodes are specific
INFO: dtree.c(1478): Final simple tree
|( QUESTION5 -1 -1.082e+04 3.018e+02 1.486e+02
|    ( - -3.321e+03 1 0)
|    ( QUESTION2_6_L -1 -7.196e+03 2.246e+02 9.730e+01
|        ( - -7.957e+01 1 0)
|        ( QUESTION2_0_L -1 -6.892e+03 1.378e+02 9.330e+01
|            ( - -7.745e+02 1 0)
|            ( WDBNDRY_B 0 -5.980e+03 1.825e+02 8.030e+01
|                ( - -5.695e+01 1 0)
|                ( - -5.740e+03 1 0)))))
s>    ( QUESTION5 -1 -1.082e+04 3.018e+02 1.486e+02
s>        ( - -3.321e+03 1 0)
s>        ( QUESTION2_6_L -1 -7.196e+03 2.246e+02 9.730e+01
s>            ( - -7.957e+01 1 0)
s>            ( QUESTION2_0_L -1 -6.892e+03 1.378e+02 9.330e+01
s>                ( - -7.745e+02 1 0)
s>                ( WDBNDRY_B 0 -5.980e+03 1.825e+02 8.030e+01
s>                    ( - -5.695e+01 1 0)
s>                    ( - -5.740e+03 1 0)))))INFO: dtree.c(1478): Final simple tree
|( QUESTION5 -1 -6.516e+03 3.386e+02 8.783e+01
|    ( - 2.290e+02 1 0)
|    ( WDBNDRY_B 0 -6.406e+03 3.375e+02 8.683e+01
|        ( - 2.291e+02 1 0)
|        ( QUESTION1 -1 -6.298e+03 3.086e+02 8.583e+01
|            ( QUESTION2_9_L -1 -4.041e+03 2.489e+02 5.683e+01
|                ( - -2.919e+02 1 0)
|                ( QUESTION2_7_L -1 -3.500e+03 1.814e+02 5.283e+01
|                    ( - -2.385e+03 2 0)
|                    ( - -9.337e+02 1 0)))
|            ( QUESTION3 -1 -1.948e+03 1.964e+02 2.900e+01
|                ( - -5.630e+02 1 0)
|                ( QUESTION2_1_L -1 -1.189e+03 1.433e+02 1.900e+01
|                    ( - -2.547e+02 1 0)
|                    ( - -7.909e+02 1 0))))))
s>    ( QUESTION5 -1 -6.516e+03 3.386e+02 8.783e+01
s>        ( - 2.290e+02 1 0)
s>        ( WDBNDRY_B 0 -6.406e+03 3.375e+02 8.683e+01
s>            ( - 2.291e+02 1 0)
s>            ( QUESTION1 -1 -6.298e+03 3.086e+02 8.583e+01
s>                ( QUESTION2_9_L -1 -4.041e+03 2.489e+02 5.683e+01
s>                    ( - -2.919e+02 1 0)
s>                    ( QUESTION2_7_L -1 -3.500e+03 1.814e+02 5.283e+01
s>                        ( - -2.385e+03 2 0)
s>                        ( - -9.337e+02 1 0)))
s>                ( QUESTION3 -1 -1.948e+03 1.964e+02 2.900e+01
s>                    ( - -5.630e+02 1 0)
s>                    ( QUESTION2_1_L -1 -1.189e+03 1.433e+02 1.900e+01
s>                        ( - -2.547e+02 1 0)
s>                        ( - -7.909e+02 1 0))))))INFO: dtree.c(1315): Comp split 8
INFO: dtree.c(1439): stop. leaf nodes are specific
INFO: dtree.c(1478): Final simple tree
|( QUESTION3 -1 -5.825e+02 3.099e+02 8.000e+00
|    ( - 2.192e+02 1 0)
|    ( QUESTION2_0_L -1 -4.917e+02 3.049e+02 7.000e+00
|        ( - 2.286e+02 1 0)
|        ( WDBNDRY_B 0 -4.154e+02 3.266e+02 6.000e+00
|            ( - 2.327e+02 1 0)
|            ( QUESTION5 -1 -3.215e+02 1.954e+02 5.000e+00
|                ( - -1.262e+02 2 0)
|                ( - 7.720e-02 2 0)))))
s>    ( QUESTION3 -1 -5.825e+02 3.099e+02 8.000e+00
s>        ( - 2.192e+02 1 0)
s>        ( QUESTION2_0_L -1 -4.917e+02 3.049e+02 7.000e+00
s>            ( - 2.286e+02 1 0)
s>            ( WDBNDRY_B 0 -4.154e+02 3.266e+02 6.000e+00
s>                ( - 2.327e+02 1 0)
s>                ( QUESTION5 -1 -3.215e+02 1.954e+02 5.000e+00
s>                    ( - -1.262e+02 2 0)
s>                    ( - 7.720e-02 2 0)))))INFO: dtree.c(1439): stop. leaf nodes are specific
INFO: dtree.c(1478): Final simple tree
|( QUESTION2_8_L -1 -4.627e+03 2.259e+02 7.255e+01
|    ( - -2.115e+03 2 0)
|    ( QUESTION1 -1 -2.286e+03 2.093e+02 3.560e+01
|        ( - -1.431e+03 1 0)
|        ( - -6.453e+02 1 0)))
s>    ( QUESTION2_8_L -1 -4.627e+03 2.259e+02 7.255e+01
s>        ( - -2.115e+03 2 0)
s>        ( QUESTION1 -1 -2.286e+03 2.093e+02 3.560e+01
s>            ( - -1.431e+03 1 0)
s>            ( - -6.453e+02 1 0)))INFO: dtree.c(1315): Comp split 9
INFO: dtree.c(1439): stop. leaf nodes are specific
INFO: dtree.c(1478): Final simple tree
|( QUESTION2_1_L -1 -1.760e+04 2.490e+02 2.529e+02
|    ( WDBNDRY_B 0 -6.879e+03 2.197e+02 9.787e+01
|        ( QUESTION10 -1 -4.281e+03 2.169e+02 5.981e+01
|            ( - 1.368e+01 1 0)
|            ( - -4.078e+03 4 0))
|        ( - -2.378e+03 1 0))
|    ( SILENCE -1 -1.047e+04 1.579e+02 1.551e+02
|        ( - -9.483e+02 1 0)
|        ( - -9.361e+03 3 0)))
s>    ( QUESTION2_1_L -1 -1.760e+04 2.490e+02 2.529e+02
s>        ( WDBNDRY_B 0 -6.879e+03 2.197e+02 9.787e+01
s>            ( QUESTION10 -1 -4.281e+03 2.169e+02 5.981e+01
s>                ( - 1.368e+01 1 0)
s>                ( - -4.078e+03 4 0))
s>            ( - -2.378e+03 1 0))
s>        ( SILENCE -1 -1.047e+04 1.579e+02 1.551e+02
s>            ( - -9.483e+02 1 0)
s>            ( - -9.361e+03 3 0)))INFO: dtree.c(1439): stop. leaf nodes are specific
INFO: dtree.c(1478): Final simple tree
|( QUESTION11 -1 -3.505e+04 3.489e+02 4.914e+02
|    ( - -3.855e+03 1 0)
|    ( QUESTION14 -1 -3.085e+04 3.316e+02 4.284e+02
|        ( - 2.286e+02 1 0)
|        ( QUESTION0_9_R 1 -3.074e+04 3.242e+02 4.274e+02
|            ( - 2.305e+02 1 0)
|            ( WDBNDRY_E 0 -3.065e+04 3.239e+02 4.264e+02
|                ( - 2.440e+02 1 0)
|                ( WDBNDRY_B 0 -3.057e+04 2.446e+02 4.254e+02
|                    ( - 5.136e+01 1 0)
|                    ( QUESTION10 -1 -3.038e+04 2.074e+02 4.234e+02
|                        ( - -1.204e+04 2 0)
|                        ( - -1.813e+04 4 0)))))))
s>    ( QUESTION11 -1 -3.505e+04 3.489e+02 4.914e+02
s>        ( - -3.855e+03 1 0)
s>        ( QUESTION14 -1 -3.085e+04 3.316e+02 4.284e+02
s>            ( - 2.286e+02 1 0)
s>            ( QUESTION0_9_R 1 -3.074e+04 3.242e+02 4.274e+02
s>                ( - 2.305e+02 1 0)
s>                ( WDBNDRY_E 0 -3.065e+04 3.239e+02 4.264e+02
s>                    ( - 2.440e+02 1 0)
s>                    ( WDBNDRY_B 0 -3.057e+04 2.446e+02 4.254e+02
s>                        ( - 5.136e+01 1 0)
s>                        ( QUESTION10 -1 -3.038e+04 2.074e+02 4.234e+02
s>                            ( - -1.204e+04 2 0)
s>                            ( - -1.813e+04 4 0)))))))INFO: dtree.c(1315): Comp split 10
INFO: dtree.c(1439): stop. leaf nodes are specific
INFO: dtree.c(1478): Final simple tree
|( QUESTION14 -1 -3.085e+04 3.316e+02 4.284e+02
|    ( - 2.286e+02 1 0)
|    ( QUESTION0_9_R 1 -3.074e+04 3.242e+02 4.274e+02
|        ( - 2.305e+02 1 0)
|        ( WDBNDRY_E 0 -3.065e+04 3.239e+02 4.264e+02
|            ( - 2.440e+02 1 0)
|            ( WDBNDRY_B 0 -3.057e+04 2.446e+02 4.254e+02
|                ( - 5.136e+01 1 0)
|                ( QUESTION10 -1 -3.038e+04 2.074e+02 4.234e+02
|                    ( - -1.204e+04 2 0)
|                    ( - -1.813e+04 4 0))))))
s>    ( QUESTION14 -1 -3.085e+04 3.316e+02 4.284e+02
s>        ( - 2.286e+02 1 0)
s>        ( QUESTION0_9_R 1 -3.074e+04 3.242e+02 4.274e+02
s>            ( - 2.305e+02 1 0)
s>            ( WDBNDRY_E 0 -3.065e+04 3.239e+02 4.264e+02
s>                ( - 2.440e+02 1 0)
s>                ( WDBNDRY_B 0 -3.057e+04 2.446e+02 4.254e+02
s>                    ( - 5.136e+01 1 0)
s>                    ( QUESTION10 -1 -3.038e+04 2.074e+02 4.234e+02
s>                        ( - -1.204e+04 2 0)
s>                        ( - -1.813e+04 4 0))))))INFO: dtree.c(1315): Comp split 11
INFO: dtree.c(1315): Comp split 12
INFO: dtree.c(1439): stop. leaf nodes are specific
INFO: dtree.c(1478): Final simple tree
|( QUESTION0 -1 -5.455e+03 3.417e+02 8.113e+01
|    ( - 2.245e+02 1 0)
|    ( SILENCE -1 -5.338e+03 3.389e+02 8.013e+01
|        ( - 2.317e+02 1 0)
|        ( QUESTION13 -1 -5.231e+03 3.408e+02 7.913e+01
|            ( - 2.202e+02 1 0)
|            ( WDBNDRY_E 0 -5.110e+03 3.145e+02 7.813e+01
|                ( - 2.440e+02 1 0)
|                ( QUESTION10 -1 -5.040e+03 2.320e+02 7.713e+01
|                    ( - 1.344e+01 1 0)
|                    ( WDBNDRY_B 0 -4.821e+03 2.267e+02 7.513e+01
|                        ( - -2.641e+02 4 0)
|                        ( - -4.331e+03 4 0)))))))
s>    ( QUESTION0 -1 -5.455e+03 3.417e+02 8.113e+01
s>        ( - 2.245e+02 1 0)
s>        ( SILENCE -1 -5.338e+03 3.389e+02 8.013e+01
s>            ( - 2.317e+02 1 0)
s>            ( QUESTION13 -1 -5.231e+03 3.408e+02 7.913e+01
s>                ( - 2.202e+02 1 0)
s>                ( WDBNDRY_E 0 -5.110e+03 3.145e+02 7.813e+01
s>                    ( - 2.440e+02 1 0)
s>                    ( QUESTION10 -1 -5.040e+03 2.320e+02 7.713e+01
s>                        ( - 1.344e+01 1 0)
s>                        ( WDBNDRY_B 0 -4.821e+03 2.267e+02 7.513e+01
s>                            ( - -2.641e+02 4 0)
s>                            ( - -4.331e+03 4 0)))))))INFO: dtree.c(1315): Comp split 13
INFO: dtree.c(1439): stop. leaf nodes are specific
INFO: dtree.c(1478): Final simple tree
|( SILENCE -1 -5.338e+03 3.389e+02 8.013e+01
|    ( - 2.317e+02 1 0)
|    ( QUESTION13 -1 -5.231e+03 3.408e+02 7.913e+01
|        ( - 2.202e+02 1 0)
|        ( WDBNDRY_E 0 -5.110e+03 3.145e+02 7.813e+01
|            ( - 2.440e+02 1 0)
|            ( QUESTION10 -1 -5.040e+03 2.320e+02 7.713e+01
|                ( - 1.344e+01 1 0)
|                ( WDBNDRY_B 0 -4.821e+03 2.267e+02 7.513e+01
|                    ( - -2.641e+02 4 0)
|                    ( - -4.331e+03 4 0))))))
s>    ( SILENCE -1 -5.338e+03 3.389e+02 8.013e+01
s>        ( - 2.317e+02 1 0)
s>        ( QUESTION13 -1 -5.231e+03 3.408e+02 7.913e+01
s>            ( - 2.202e+02 1 0)
s>            ( WDBNDRY_E 0 -5.110e+03 3.145e+02 7.813e+01
s>                ( - 2.440e+02 1 0)
s>                ( QUESTION10 -1 -5.040e+03 2.320e+02 7.713e+01
s>                    ( - 1.344e+01 1 0)
s>                    ( WDBNDRY_B 0 -4.821e+03 2.267e+02 7.513e+01
s>                        ( - -2.641e+02 4 0)
s>                        ( - -4.331e+03 4 0))))))INFO: dtree.c(1315): Comp split 14
INFO: dtree.c(1439): stop. leaf nodes are specific
INFO: dtree.c(1478): Final simple tree
|( QUESTION13 -1 -5.231e+03 3.408e+02 7.913e+01
|    ( - 2.202e+02 1 0)
|    ( WDBNDRY_E 0 -5.110e+03 3.145e+02 7.813e+01
|        ( - 2.440e+02 1 0)
|        ( QUESTION10 -1 -5.040e+03 2.320e+02 7.713e+01
|            ( - 1.344e+01 1 0)
|            ( WDBNDRY_B 0 -4.821e+03 2.267e+02 7.513e+01
|                ( - -2.641e+02 4 0)
|                ( - -4.331e+03 4 0)))))
s>    ( QUESTION13 -1 -5.231e+03 3.408e+02 7.913e+01
s>        ( - 2.202e+02 1 0)
s>        ( WDBNDRY_E 0 -5.110e+03 3.145e+02 7.813e+01
s>            ( - 2.440e+02 1 0)
s>            ( QUESTION10 -1 -5.040e+03 2.320e+02 7.713e+01
s>                ( - 1.344e+01 1 0)
s>                ( WDBNDRY_B 0 -4.821e+03 2.267e+02 7.513e+01
s>                    ( - -2.641e+02 4 0)
s>                    ( - -4.331e+03 4 0)))))INFO: dtree.c(1315): Comp split 15
INFO: dtree.c(1439): stop. leaf nodes are specific
INFO: dtree.c(1478): Final simple tree
|( WDBNDRY_E 0 -5.110e+03 3.145e+02 7.813e+01
|    ( - 2.440e+02 1 0)
|    ( QUESTION10 -1 -5.040e+03 2.320e+02 7.713e+01
|        ( - 1.344e+01 1 0)
|        ( WDBNDRY_B 0 -4.821e+03 2.267e+02 7.513e+01
|            ( - -2.641e+02 4 0)
|            ( - -4.331e+03 4 0))))
s>    ( WDBNDRY_E 0 -5.110e+03 3.145e+02 7.813e+01
s>        ( - 2.440e+02 1 0)
s>        ( QUESTION10 -1 -5.040e+03 2.320e+02 7.713e+01
s>            ( - 1.344e+01 1 0)
s>            ( WDBNDRY_B 0 -4.821e+03 2.267e+02 7.513e+01
s>                ( - -2.641e+02 4 0)
s>                ( - -4.331e+03 4 0))))INFO: dtree.c(1315): Comp split 16
INFO: dtree.c(1439): stop. leaf nodes are specific
INFO: dtree.c(1478): Final simple tree
|( WDBNDRY_B 0 -6.406e+03 3.375e+02 8.683e+01
|    ( - 2.291e+02 1 0)
|    ( QUESTION1 -1 -6.298e+03 3.086e+02 8.583e+01
|        ( QUESTION2_9_L -1 -4.041e+03 2.489e+02 5.683e+01
|            ( - -2.919e+02 1 0)
|            ( QUESTION2_7_L -1 -3.500e+03 1.814e+02 5.283e+01
|                ( - -2.385e+03 2 0)
|                ( - -9.337e+02 1 0)))
|        ( QUESTION3 -1 -1.948e+03 1.964e+02 2.900e+01
|            ( - -5.630e+02 1 0)
|            ( QUESTION2_1_L -1 -1.189e+03 1.433e+02 1.900e+01
|                ( - -2.547e+02 1 0)
|                ( - -7.909e+02 1 0)))))
s>    ( WDBNDRY_B 0 -6.406e+03 3.375e+02 8.683e+01
s>        ( - 2.291e+02 1 0)
s>        ( QUESTION1 -1 -6.298e+03 3.086e+02 8.583e+01
s>            ( QUESTION2_9_L -1 -4.041e+03 2.489e+02 5.683e+01
s>                ( - -2.919e+02 1 0)
s>                ( QUESTION2_7_L -1 -3.500e+03 1.814e+02 5.283e+01
s>                    ( - -2.385e+03 2 0)
s>                    ( - -9.337e+02 1 0)))
s>            ( QUESTION3 -1 -1.948e+03 1.964e+02 2.900e+01
s>                ( - -5.630e+02 1 0)
s>                ( QUESTION2_1_L -1 -1.189e+03 1.433e+02 1.900e+01
s>                    ( - -2.547e+02 1 0)
s>                    ( - -7.909e+02 1 0)))))INFO: dtree.c(1315): Comp split 17
INFO: dtree.c(1439): stop. leaf nodes are specific
INFO: dtree.c(1478): Final simple tree
|( QUESTION1 -1 -6.298e+03 3.086e+02 8.583e+01
|    ( QUESTION2_9_L -1 -4.041e+03 2.489e+02 5.683e+01
|        ( - -2.919e+02 1 0)
|        ( QUESTION2_7_L -1 -3.500e+03 1.814e+02 5.283e+01
|            ( - -2.385e+03 2 0)
|            ( - -9.337e+02 1 0)))
|    ( QUESTION3 -1 -1.948e+03 1.964e+02 2.900e+01
|        ( - -5.630e+02 1 0)
|        ( QUESTION2_1_L -1 -1.189e+03 1.433e+02 1.900e+01
|            ( - -2.547e+02 1 0)
|            ( - -7.909e+02 1 0))))
s>    ( QUESTION1 -1 -6.298e+03 3.086e+02 8.583e+01
s>        ( QUESTION2_9_L -1 -4.041e+03 2.489e+02 5.683e+01
s>            ( - -2.919e+02 1 0)
s>            ( QUESTION2_7_L -1 -3.500e+03 1.814e+02 5.283e+01
s>                ( - -2.385e+03 2 0)
s>                ( - -9.337e+02 1 0)))
s>        ( QUESTION3 -1 -1.948e+03 1.964e+02 2.900e+01
s>            ( - -5.630e+02 1 0)
s>            ( QUESTION2_1_L -1 -1.189e+03 1.433e+02 1.900e+01
s>                ( - -2.547e+02 1 0)
s>                ( - -7.909e+02 1 0))))INFO: dtree.c(1315): Comp split 18
INFO: dtree.c(1439): stop. leaf nodes are specific
INFO: dtree.c(1478): Final simple tree
|( QUESTION0_9_R 1 -3.074e+04 3.242e+02 4.274e+02
|    ( - 2.305e+02 1 0)
|    ( WDBNDRY_E 0 -3.065e+04 3.239e+02 4.264e+02
|        ( - 2.440e+02 1 0)
|        ( WDBNDRY_B 0 -3.057e+04 2.446e+02 4.254e+02
|            ( - 5.136e+01 1 0)
|            ( QUESTION10 -1 -3.038e+04 2.074e+02 4.234e+02
|                ( - -1.204e+04 2 0)
|                ( - -1.813e+04 4 0)))))
s>    ( QUESTION0_9_R 1 -3.074e+04 3.242e+02 4.274e+02
s>        ( - 2.305e+02 1 0)
s>        ( WDBNDRY_E 0 -3.065e+04 3.239e+02 4.264e+02
s>            ( - 2.440e+02 1 0)
s>            ( WDBNDRY_B 0 -3.057e+04 2.446e+02 4.254e+02
s>                ( - 5.136e+01 1 0)
s>                ( QUESTION10 -1 -3.038e+04 2.074e+02 4.234e+02
s>                    ( - -1.204e+04 2 0)
s>                    ( - -1.813e+04 4 0)))))INFO: dtree.c(1315): Comp split 19
INFO: dtree.c(1439): stop. leaf nodes are specific
INFO: dtree.c(1478): Final simple tree
|( WDBNDRY_B 0 -4.025e+03 3.275e+02 6.634e+01
|    ( - 1.989e+02 1 0)
|    ( QUESTION0_15_R 1 -3.897e+03 3.143e+02 6.534e+01
|        ( - 2.440e+02 1 0)
|        ( QUESTION0_13_R 1 -3.826e+03 3.140e+02 6.434e+01
|            ( - 2.440e+02 1 0)
|            ( WDBNDRY_E 0 -3.756e+03 2.175e+02 6.334e+01
|                ( - 5.406e+01 1 0)
|                ( QUESTION5 1 -3.593e+03 2.039e+02 6.134e+01
|                    ( - -2.937e+03 1 0)
|                    ( - -4.523e+02 1 0))))))
s>    ( WDBNDRY_B 0 -4.025e+03 3.275e+02 6.634e+01
s>        ( - 1.989e+02 1 0)
s>        ( QUESTION0_15_R 1 -3.897e+03 3.143e+02 6.534e+01
s>            ( - 2.440e+02 1 0)
s>            ( QUESTION0_13_R 1 -3.826e+03 3.140e+02 6.434e+01
s>                ( - 2.440e+02 1 0)
s>                ( WDBNDRY_E 0 -3.756e+03 2.175e+02 6.334e+01
s>                    ( - 5.406e+01 1 0)
s>                    ( QUESTION5 1 -3.593e+03 2.039e+02 6.134e+01
s>                        ( - -2.937e+03 1 0)
s>                        ( - -4.523e+02 1 0))))))INFO: dtree.c(1315): Comp split 20
INFO: dtree.c(1439): stop. leaf nodes are specific
INFO: dtree.c(1478): Final simple tree
|( QUESTION0_15_R 1 -3.897e+03 3.143e+02 6.534e+01
|    ( - 2.440e+02 1 0)
|    ( QUESTION0_13_R 1 -3.826e+03 3.140e+02 6.434e+01
|        ( - 2.440e+02 1 0)
|        ( WDBNDRY_E 0 -3.756e+03 2.175e+02 6.334e+01
|            ( - 5.406e+01 1 0)
|            ( QUESTION5 1 -3.593e+03 2.039e+02 6.134e+01
|                ( - -2.937e+03 1 0)
|                ( - -4.523e+02 1 0)))))
s>    ( QUESTION0_15_R 1 -3.897e+03 3.143e+02 6.534e+01
s>        ( - 2.440e+02 1 0)
s>        ( QUESTION0_13_R 1 -3.826e+03 3.140e+02 6.434e+01
s>            ( - 2.440e+02 1 0)
s>            ( WDBNDRY_E 0 -3.756e+03 2.175e+02 6.334e+01
s>                ( - 5.406e+01 1 0)
s>                ( QUESTION5 1 -3.593e+03 2.039e+02 6.134e+01
s>                    ( - -2.937e+03 1 0)
s>                    ( - -4.523e+02 1 0)))))INFO: dtree.c(1315): Comp split 21
INFO: dtree.c(1439): stop. leaf nodes are specific
INFO: dtree.c(1478): Final simple tree
|( QUESTION0_0_R 1 -3.592e+03 2.112e+02 6.088e+01
|    ( QUESTION10 -1 -2.482e+03 2.219e+02 4.388e+01
|        ( - -1.870e+03 1 0)
|        ( - -3.895e+02 1 0))
|    ( QUESTION2_4_L -1 -8.987e+02 1.882e+02 1.700e+01
|        ( - -3.738e+02 1 0)
|        ( - -3.367e+02 1 0)))
s>    ( QUESTION0_0_R 1 -3.592e+03 2.112e+02 6.088e+01
s>        ( QUESTION10 -1 -2.482e+03 2.219e+02 4.388e+01
s>            ( - -1.870e+03 1 0)
s>            ( - -3.895e+02 1 0))
s>        ( QUESTION2_4_L -1 -8.987e+02 1.882e+02 1.700e+01
s>            ( - -3.738e+02 1 0)
s>            ( - -3.367e+02 1 0)))INFO: dtree.c(1315): Comp split 22
INFO: dtree.c(1439): stop. leaf nodes are specific
INFO: dtree.c(1478): Final simple tree
|( WDBNDRY_E 0 -3.065e+04 3.239e+02 4.264e+02
|    ( - 2.440e+02 1 0)
|    ( WDBNDRY_B 0 -3.057e+04 2.446e+02 4.254e+02
|        ( - 5.136e+01 1 0)
|        ( QUESTION10 -1 -3.038e+04 2.074e+02 4.234e+02
|            ( - -1.204e+04 2 0)
|            ( - -1.813e+04 4 0))))
s>    ( WDBNDRY_E 0 -3.065e+04 3.239e+02 4.264e+02
s>        ( - 2.440e+02 1 0)
s>        ( WDBNDRY_B 0 -3.057e+04 2.446e+02 4.254e+02
s>            ( - 5.136e+01 1 0)
s>            ( QUESTION10 -1 -3.038e+04 2.074e+02 4.234e+02
s>                ( - -1.204e+04 2 0)
s>                ( - -1.813e+04 4 0))))INFO: dtree.c(1315): Comp split 23
INFO: dtree.c(1439): stop. leaf nodes are specific
INFO: dtree.c(1478): Final simple tree
|( WDBNDRY_B 0 -3.057e+04 2.446e+02 4.254e+02
|    ( - 5.136e+01 1 0)
|    ( QUESTION10 -1 -3.038e+04 2.074e+02 4.234e+02
|        ( - -1.204e+04 2 0)
|        ( - -1.813e+04 4 0)))
s>    ( WDBNDRY_B 0 -3.057e+04 2.446e+02 4.254e+02
s>        ( - 5.136e+01 1 0)
s>        ( QUESTION10 -1 -3.038e+04 2.074e+02 4.234e+02
s>            ( - -1.204e+04 2 0)
s>            ( - -1.813e+04 4 0)))INFO: dtree.c(1315): Comp split 24
INFO: dtree.c(1439): stop. leaf nodes are specific
INFO: dtree.c(1478): Final simple tree
|( WDBNDRY_B 0 -4.968e+02 3.218e+02 7.000e+00
|    ( - 2.286e+02 1 0)
|    ( QUESTION3 -1 -4.036e+02 3.013e+02 6.000e+00
|        ( - 2.192e+02 1 0)
|        ( QUESTION5 -1 -3.215e+02 1.954e+02 5.000e+00
|            ( - -1.262e+02 2 0)
|            ( - 7.720e-02 2 0))))
s>    ( WDBNDRY_B 0 -4.968e+02 3.218e+02 7.000e+00
s>        ( - 2.286e+02 1 0)
s>        ( QUESTION3 -1 -4.036e+02 3.013e+02 6.000e+00
s>            ( - 2.192e+02 1 0)
s>            ( QUESTION5 -1 -3.215e+02 1.954e+02 5.000e+00
s>                ( - -1.262e+02 2 0)
s>                ( - 7.720e-02 2 0))))INFO: dtree.c(1315): Comp split 25
INFO: dtree.c(1439): stop. leaf nodes are specific
INFO: dtree.c(1478): Final simple tree
|( QUESTION3 -1 -4.036e+02 3.013e+02 6.000e+00
|    ( - 2.192e+02 1 0)
|    ( QUESTION5 -1 -3.215e+02 1.954e+02 5.000e+00
|        ( - -1.262e+02 2 0)
|        ( - 7.720e-02 2 0)))
s>    ( QUESTION3 -1 -4.036e+02 3.013e+02 6.000e+00
s>        ( - 2.192e+02 1 0)
s>        ( QUESTION5 -1 -3.215e+02 1.954e+02 5.000e+00
s>            ( - -1.262e+02 2 0)
s>            ( - 7.720e-02 2 0)))INFO: dtree.c(1315): Comp split 26
INFO: dtree.c(1439): stop. leaf nodes are specific
INFO: dtree.c(1478): Final simple tree
|( QUESTION10 -1 -5.040e+03 2.320e+02 7.713e+01
|    ( - 1.344e+01 1 0)
|    ( WDBNDRY_B 0 -4.821e+03 2.267e+02 7.513e+01
|        ( - -2.641e+02 4 0)
|        ( - -4.331e+03 4 0)))
s>    ( QUESTION10 -1 -5.040e+03 2.320e+02 7.713e+01
s>        ( - 1.344e+01 1 0)
s>        ( WDBNDRY_B 0 -4.821e+03 2.267e+02 7.513e+01
s>            ( - -2.641e+02 4 0)
s>            ( - -4.331e+03 4 0)))INFO: dtree.c(1315): Comp split 27
INFO: dtree.c(1439): stop. leaf nodes are specific
INFO: dtree.c(1478): Final simple tree
|( QUESTION0_13_R 1 -3.826e+03 3.140e+02 6.434e+01
|    ( - 2.440e+02 1 0)
|    ( WDBNDRY_E 0 -3.756e+03 2.175e+02 6.334e+01
|        ( - 5.406e+01 1 0)
|        ( QUESTION5 1 -3.593e+03 2.039e+02 6.134e+01
|            ( - -2.937e+03 1 0)
|            ( - -4.523e+02 1 0))))
s>    ( QUESTION0_13_R 1 -3.826e+03 3.140e+02 6.434e+01
s>        ( - 2.440e+02 1 0)
s>        ( WDBNDRY_E 0 -3.756e+03 2.175e+02 6.334e+01
s>            ( - 5.406e+01 1 0)
s>            ( QUESTION5 1 -3.593e+03 2.039e+02 6.134e+01
s>                ( - -2.937e+03 1 0)
s>                ( - -4.523e+02 1 0))))INFO: dtree.c(1315): Comp split 28
INFO: dtree.c(1439): stop. leaf nodes are specific
INFO: dtree.c(1478): Final simple tree
|( WDBNDRY_E 0 -3.756e+03 2.175e+02 6.334e+01
|    ( - 5.406e+01 1 0)
|    ( QUESTION5 1 -3.593e+03 2.039e+02 6.134e+01
|        ( - -2.937e+03 1 0)
|        ( - -4.523e+02 1 0)))
s>    ( WDBNDRY_E 0 -3.756e+03 2.175e+02 6.334e+01
s>        ( - 5.406e+01 1 0)
s>        ( QUESTION5 1 -3.593e+03 2.039e+02 6.134e+01
s>            ( - -2.937e+03 1 0)
s>            ( - -4.523e+02 1 0)))INFO: dtree.c(1315): Comp split 29
INFO: dtree.c(1439): stop. leaf nodes are specific
INFO: dtree.c(1478): Final simple tree
|( QUESTION2_0_L -1 -6.892e+03 1.378e+02 9.330e+01
|    ( - -7.745e+02 1 0)
|    ( WDBNDRY_B 0 -5.980e+03 1.825e+02 8.030e+01
|        ( - -5.695e+01 1 0)
|        ( - -5.740e+03 1 0)))
s>    ( QUESTION2_0_L -1 -6.892e+03 1.378e+02 9.330e+01
s>        ( - -7.745e+02 1 0)
s>        ( WDBNDRY_B 0 -5.980e+03 1.825e+02 8.030e+01
s>            ( - -5.695e+01 1 0)
s>            ( - -5.740e+03 1 0)))INFO: dtree.c(1439): stop. leaf nodes are specific
INFO: dtree.c(1478): Final simple tree
|( WDBNDRY_B 0 -3.613e+03 2.124e+02 5.528e+01
|    ( - -7.957e+01 1 0)
|    ( - -3.321e+03 1 0))
s>    ( WDBNDRY_B 0 -3.613e+03 2.124e+02 5.528e+01
s>        ( - -7.957e+01 1 0)
s>        ( - -3.321e+03 1 0))INFO: dtree.c(1315): Comp split 30
INFO: dtree.c(1315): Comp split 31
INFO: dtree.c(1439): stop. leaf nodes are specific
INFO: dtree.c(1478): Final simple tree
|( QUESTION3 -1 -1.948e+03 1.964e+02 2.900e+01
|    ( - -5.630e+02 1 0)
|    ( QUESTION2_1_L -1 -1.189e+03 1.433e+02 1.900e+01
|        ( - -2.547e+02 1 0)
|        ( - -7.909e+02 1 0)))
s>    ( QUESTION3 -1 -1.948e+03 1.964e+02 2.900e+01
s>        ( - -5.630e+02 1 0)
s>        ( QUESTION2_1_L -1 -1.189e+03 1.433e+02 1.900e+01
s>            ( - -2.547e+02 1 0)
s>            ( - -7.909e+02 1 0)))INFO: dtree.c(1439): stop. leaf nodes are specific
INFO: dtree.c(1478): Final simple tree
|( QUESTION2_9_L -1 -4.041e+03 2.489e+02 5.683e+01
|    ( - -2.919e+02 1 0)
|    ( QUESTION2_7_L -1 -3.500e+03 1.814e+02 5.283e+01
|        ( - -2.385e+03 2 0)
|        ( - -9.337e+02 1 0)))
s>    ( QUESTION2_9_L -1 -4.041e+03 2.489e+02 5.683e+01
s>        ( - -2.919e+02 1 0)
s>        ( QUESTION2_7_L -1 -3.500e+03 1.814e+02 5.283e+01
s>            ( - -2.385e+03 2 0)
s>            ( - -9.337e+02 1 0)))INFO: dtree.c(1315): Comp split 32
INFO: dtree.c(1439): stop. leaf nodes are specific
INFO: dtree.c(1478): Final simple tree
|( QUESTION5 -1 -3.215e+02 1.954e+02 5.000e+00
|    ( - -1.262e+02 2 0)
|    ( - 7.720e-02 2 0))
s>    ( QUESTION5 -1 -3.215e+02 1.954e+02 5.000e+00
s>        ( - -1.262e+02 2 0)
s>        ( - 7.720e-02 2 0))INFO: dtree.c(1315): Comp split 33
INFO: dtree.c(1439): stop. leaf nodes are specific
INFO: dtree.c(1478): Final simple tree
|( WDBNDRY_B 0 -6.879e+03 2.197e+02 9.787e+01
|    ( QUESTION10 -1 -4.281e+03 2.169e+02 5.981e+01
|        ( - 1.368e+01 1 0)
|        ( - -4.078e+03 4 0))
|    ( - -2.378e+03 1 0))
s>    ( WDBNDRY_B 0 -6.879e+03 2.197e+02 9.787e+01
s>        ( QUESTION10 -1 -4.281e+03 2.169e+02 5.981e+01
s>            ( - 1.368e+01 1 0)
s>            ( - -4.078e+03 4 0))
s>        ( - -2.378e+03 1 0))INFO: dtree.c(1439): stop. leaf nodes are specific
INFO: dtree.c(1478): Final simple tree
|( SILENCE -1 -1.047e+04 1.579e+02 1.551e+02
|    ( - -9.483e+02 1 0)
|    ( - -9.361e+03 3 0))
s>    ( SILENCE -1 -1.047e+04 1.579e+02 1.551e+02
s>        ( - -9.483e+02 1 0)
s>        ( - -9.361e+03 3 0))INFO: dtree.c(1315): Comp split 34
INFO: dtree.c(1439): stop. leaf nodes are specific
INFO: dtree.c(1478): Final simple tree
|( QUESTION2_7_L -1 -3.500e+03 1.814e+02 5.283e+01
|    ( - -2.385e+03 2 0)
|    ( - -9.337e+02 1 0))
s>    ( QUESTION2_7_L -1 -3.500e+03 1.814e+02 5.283e+01
s>        ( - -2.385e+03 2 0)
s>        ( - -9.337e+02 1 0))INFO: dtree.c(1315): Comp split 35
INFO: dtree.c(1439): stop. leaf nodes are specific
INFO: dtree.c(1478): Final simple tree
|( QUESTION10 -1 -3.038e+04 2.074e+02 4.234e+02
|    ( - -1.204e+04 2 0)
|    ( - -1.813e+04 4 0))
s>    ( QUESTION10 -1 -3.038e+04 2.074e+02 4.234e+02
s>        ( - -1.204e+04 2 0)
s>        ( - -1.813e+04 4 0))INFO: dtree.c(1315): Comp split 36
INFO: dtree.c(1439): stop. leaf nodes are specific
INFO: dtree.c(1478): Final simple tree
|( QUESTION2_19_L -1 -1.478e+03 1.956e+02 2.500e+01
|    ( - -3.367e+02 1 0)
|    ( QUESTION0_0_R 1 -9.453e+02 1.819e+02 1.700e+01
|        ( - -3.895e+02 1 0)
|        ( - -3.738e+02 1 0)))
s>    ( QUESTION2_19_L -1 -1.478e+03 1.956e+02 2.500e+01
s>        ( - -3.367e+02 1 0)
s>        ( QUESTION0_0_R 1 -9.453e+02 1.819e+02 1.700e+01
s>            ( - -3.895e+02 1 0)
s>            ( - -3.738e+02 1 0)))INFO: dtree.c(1315): Comp split 37
INFO: dtree.c(1439): stop. leaf nodes are specific
INFO: dtree.c(1478): Final simple tree
|( WDBNDRY_B 0 -4.821e+03 2.267e+02 7.513e+01
|    ( - -2.641e+02 4 0)
|    ( - -4.331e+03 4 0))
s>    ( WDBNDRY_B 0 -4.821e+03 2.267e+02 7.513e+01
s>        ( - -2.641e+02 4 0)
s>        ( - -4.331e+03 4 0))INFO: dtree.c(1315): Comp split 38
INFO: dtree.c(1315): Comp split 39
INFO: dtree.c(1439): stop. leaf nodes are specific
INFO: dtree.c(1478): Final simple tree
|( QUESTION1 -1 -2.286e+03 2.093e+02 3.560e+01
|    ( - -1.431e+03 1 0)
|    ( - -6.453e+02 1 0))
s>    ( QUESTION1 -1 -2.286e+03 2.093e+02 3.560e+01
s>        ( - -1.431e+03 1 0)
s>        ( - -6.453e+02 1 0))INFO: dtree.c(1315): Comp split 40
INFO: dtree.c(1439): stop. leaf nodes are specific
INFO: dtree.c(1478): Final simple tree
|( QUESTION10 -1 -4.281e+03 2.169e+02 5.981e+01
|    ( - 1.368e+01 1 0)
|    ( - -4.078e+03 4 0))
s>    ( QUESTION10 -1 -4.281e+03 2.169e+02 5.981e+01
s>        ( - 1.368e+01 1 0)
s>        ( - -4.078e+03 4 0))INFO: dtree.c(1315): Comp split 41
INFO: dtree.c(1439): stop. leaf nodes are specific
INFO: dtree.c(1478): Final simple tree
|( QUESTION5 1 -3.593e+03 2.039e+02 6.134e+01
|    ( - -2.937e+03 1 0)
|    ( - -4.523e+02 1 0))
s>    ( QUESTION5 1 -3.593e+03 2.039e+02 6.134e+01
s>        ( - -2.937e+03 1 0)
s>        ( - -4.523e+02 1 0))INFO: dtree.c(1315): Comp split 42
INFO: dtree.c(1315): Comp split 43
INFO: dtree.c(1315): Comp split 44
INFO: dtree.c(1315): Comp split 45
INFO: dtree.c(1315): Comp split 46
INFO: dtree.c(1315): Comp split 47
INFO: dtree.c(1439): stop. leaf nodes are specific
INFO: dtree.c(1478): Final simple tree
|( QUESTION2_1_L -1 -1.189e+03 1.433e+02 1.900e+01
|    ( - -2.547e+02 1 0)
|    ( - -7.909e+02 1 0))
s>    ( QUESTION2_1_L -1 -1.189e+03 1.433e+02 1.900e+01
s>        ( - -2.547e+02 1 0)
s>        ( - -7.909e+02 1 0))INFO: dtree.c(1315): Comp split 48
INFO: dtree.c(1439): stop. leaf nodes are specific
INFO: dtree.c(1478): Final simple tree
|( QUESTION0_0_R 1 -9.453e+02 1.819e+02 1.700e+01
|    ( - -3.895e+02 1 0)
|    ( - -3.738e+02 1 0))
s>    ( QUESTION0_0_R 1 -9.453e+02 1.819e+02 1.700e+01
s>        ( - -3.895e+02 1 0)
s>        ( - -3.738e+02 1 0))INFO: dtree.c(1315): Comp split 49
INFO: dtree.c(1315): Comp split 50
INFO: dtree.c(1439): stop. leaf nodes are specific
INFO: dtree.c(1478): Final simple tree
|( WDBNDRY_B 0 -6.653e+03 1.379e+02 9.030e+01
|    ( - -7.745e+02 1 0)
|    ( - -5.740e+03 1 0))
s>    ( WDBNDRY_B 0 -6.653e+03 1.379e+02 9.030e+01
s>        ( - -7.745e+02 1 0)
s>        ( - -5.740e+03 1 0))INFO: dtree.c(1315): Comp split 51
INFO: dtree.c(1315): Comp split 52
INFO: dtree.c(1315): Comp split 53
INFO: dtree.c(1315): Comp split 54
INFO: dtree.c(1315): Comp split 55
INFO: dtree.c(1315): Comp split 56
INFO: dtree.c(1318): stop. leaf nodes are specific
!!!!!!!!Allocated 66 lines
Fri Apr  8 23:09:43 2016
