Current configuration:
[NAME]		[DEFLT]	[VALUE]
-allphones	no	no
-cntthresh	0.00001	1.000000e-05
-csplitmax	100	2000
-csplitmin	1	1
-csplitthr	8e-4	0.000000e+00
-example	no	no
-fullvar	no	no
-help		no	no
-meanfn			/home/yaroslav/model/model_parameters/ua.cd_cont_untied/means
-mixwfn			/home/yaroslav/model/model_parameters/ua.cd_cont_untied/mixture_weights
-moddeffn		/home/yaroslav/model/model_architecture/ua.untied.mdef
-mwfloor	1e-4	1.000000e-08
-phone			HH
-psetfn			/home/yaroslav/model/model_architecture/ua.tree_questions
-ssplitmax	5	7
-ssplitmin	1	1
-ssplitthr	8e-4	0.000000e+00
-state			2
-stwt			1.0,0.05,0.0,
-treefn			/home/yaroslav/model/trees/ua.unpruned/HH-2.dtree
-ts2cbfn	.semi.	.cont.
-varfloor	0.00001	1.000000e-05
-varfn			/home/yaroslav/model/model_parameters/ua.cd_cont_untied/variances

INFO: main.c(223): Reading: /home/yaroslav/model/model_architecture/ua.untied.mdef
INFO: model_def_io.c(573): Model definition info:
INFO: model_def_io.c(574): 9365 total models defined (51 base, 9314 tri)
INFO: model_def_io.c(575): 37460 total states
INFO: model_def_io.c(576): 28095 total tied states
INFO: model_def_io.c(577): 153 total tied CI states
INFO: model_def_io.c(578): 51 total tied transition matrices
INFO: model_def_io.c(579): 4 max state/model
INFO: model_def_io.c(580): 4 min state/model
INFO: main.c(242): Building trees for [HH A І i] through [HH Y І i]
INFO: main.c(269): Covering states |[7383 7409]| == 27
INFO: main.c(275): Reading: /home/yaroslav/model/model_parameters/ua.cd_cont_untied/mixture_weights
INFO: s3mixw_io.c(173): Read /home/yaroslav/model/model_parameters/ua.cd_cont_untied/mixture_weights [27x1x1 array]
INFO: main.c(311): 7 of 9 models have observation count greater than 0.000010
INFO: main.c(95): nrm stwt: 0.000 0.048 0.952 
INFO: s3gau_io.c(169): Read /home/yaroslav/model/model_parameters/ua.cd_cont_untied/means [28095x1x1 array]
INFO: s3gau_io.c(169): Read /home/yaroslav/model/model_parameters/ua.cd_cont_untied/variances [28095x1x1 array]
INFO: main.c(549): Reading: /home/yaroslav/model/model_architecture/ua.tree_questions
INFO: main.c(588): 180 total simple questions (172 phone; 8 word bndry)
INFO: main.c(590): 42 Left Only questions, and 42 Right Only questions
INFO: dtree.c(1439): stop. leaf nodes are specific
INFO: dtree.c(1478): Final simple tree
|( QUESTION2 -1 -2.343e+04 2.695e+02 1.081e+02
|    ( - -2.947e+03 1 0)
|    ( SILENCE -1 -2.022e+04 2.292e+02 9.402e+01
|        ( - -8.974e+02 1 0)
|        ( QUESTION0 -1 -1.909e+04 1.807e+02 8.902e+01
|            ( WDBNDRY_B 0 -7.888e+03 1.318e+02 3.692e+01
|                ( QUESTION2_12_L -1 -5.527e+02 5.021e+02 3.000e+00
|                    ( - 2.430e+02 1 0)
|                    ( - -2.936e+02 1 0))
|                ( QUESTION2_12_L -1 -7.203e+03 1.132e+02 3.392e+01
|                    ( - -8.896e+02 1 0)
|                    ( - -6.201e+03 1 0)))
|            ( - -1.102e+04 1 0))))
s>    ( QUESTION2 -1 -2.343e+04 2.695e+02 1.081e+02
s>        ( - -2.947e+03 1 0)
s>        ( SILENCE -1 -2.022e+04 2.292e+02 9.402e+01
s>            ( - -8.974e+02 1 0)
s>            ( QUESTION0 -1 -1.909e+04 1.807e+02 8.902e+01
s>                ( WDBNDRY_B 0 -7.888e+03 1.318e+02 3.692e+01
s>                    ( QUESTION2_12_L -1 -5.527e+02 5.021e+02 3.000e+00
s>                        ( - 2.430e+02 1 0)
s>                        ( - -2.936e+02 1 0))
s>                    ( QUESTION2_12_L -1 -7.203e+03 1.132e+02 3.392e+01
s>                        ( - -8.896e+02 1 0)
s>                        ( - -6.201e+03 1 0)))
s>                ( - -1.102e+04 1 0))))INFO: dtree.c(1315): Comp split 0
INFO: dtree.c(1439): stop. leaf nodes are specific
INFO: dtree.c(1478): Final simple tree
|( QUESTION2 -1 -2.320e+04 2.691e+02 1.071e+02
|    ( - -2.947e+03 1 0)
|    ( SILENCE -1 -1.999e+04 2.319e+02 9.302e+01
|        ( - -8.974e+02 1 0)
|        ( QUESTION0 -1 -1.886e+04 1.780e+02 8.802e+01
|            ( WDBNDRY_B 0 -7.658e+03 1.613e+02 3.592e+01
|                ( - -2.936e+02 1 0)
|                ( QUESTION2_12_L -1 -7.203e+03 1.132e+02 3.392e+01
|                    ( - -8.896e+02 1 0)
|                    ( - -6.201e+03 1 0)))
|            ( - -1.102e+04 1 0))))
s>    ( QUESTION2 -1 -2.320e+04 2.691e+02 1.071e+02
s>        ( - -2.947e+03 1 0)
s>        ( SILENCE -1 -1.999e+04 2.319e+02 9.302e+01
s>            ( - -8.974e+02 1 0)
s>            ( QUESTION0 -1 -1.886e+04 1.780e+02 8.802e+01
s>                ( WDBNDRY_B 0 -7.658e+03 1.613e+02 3.592e+01
s>                    ( - -2.936e+02 1 0)
s>                    ( QUESTION2_12_L -1 -7.203e+03 1.132e+02 3.392e+01
s>                        ( - -8.896e+02 1 0)
s>                        ( - -6.201e+03 1 0)))
s>                ( - -1.102e+04 1 0))))INFO: dtree.c(1315): Comp split 1
INFO: dtree.c(1439): stop. leaf nodes are specific
INFO: dtree.c(1478): Final simple tree
|( WDBNDRY_B 0 -1.145e+04 1.374e+02 5.410e+01
|    ( - -2.936e+02 1 0)
|    ( - -1.102e+04 1 0))
s>    ( WDBNDRY_B 0 -1.145e+04 1.374e+02 5.410e+01
s>        ( - -2.936e+02 1 0)
s>        ( - -1.102e+04 1 0))INFO: dtree.c(1439): stop. leaf nodes are specific
INFO: dtree.c(1478): Final simple tree
|( QUESTION1 -1 -1.147e+04 2.425e+02 5.297e+01
|    ( - -2.947e+03 1 0)
|    ( WDBNDRY_B 0 -8.280e+03 1.789e+02 3.892e+01
|        ( - -8.974e+02 1 0)
|        ( QUESTION2_12_L -1 -7.203e+03 1.132e+02 3.392e+01
|            ( - -8.896e+02 1 0)
|            ( - -6.201e+03 1 0))))
s>    ( QUESTION1 -1 -1.147e+04 2.425e+02 5.297e+01
s>        ( - -2.947e+03 1 0)
s>        ( WDBNDRY_B 0 -8.280e+03 1.789e+02 3.892e+01
s>            ( - -8.974e+02 1 0)
s>            ( QUESTION2_12_L -1 -7.203e+03 1.132e+02 3.392e+01
s>                ( - -8.896e+02 1 0)
s>                ( - -6.201e+03 1 0))))INFO: dtree.c(1315): Comp split 2
INFO: dtree.c(1439): stop. leaf nodes are specific
INFO: dtree.c(1478): Final simple tree
|( WDBNDRY_B 0 -8.280e+03 1.789e+02 3.892e+01
|    ( - -8.974e+02 1 0)
|    ( QUESTION2_12_L -1 -7.203e+03 1.132e+02 3.392e+01
|        ( - -8.896e+02 1 0)
|        ( - -6.201e+03 1 0)))
s>    ( WDBNDRY_B 0 -8.280e+03 1.789e+02 3.892e+01
s>        ( - -8.974e+02 1 0)
s>        ( QUESTION2_12_L -1 -7.203e+03 1.132e+02 3.392e+01
s>            ( - -8.896e+02 1 0)
s>            ( - -6.201e+03 1 0)))INFO: dtree.c(1315): Comp split 3
INFO: dtree.c(1439): stop. leaf nodes are specific
INFO: dtree.c(1478): Final simple tree
|( QUESTION2_12_L -1 -7.203e+03 1.132e+02 3.392e+01
|    ( - -8.896e+02 1 0)
|    ( - -6.201e+03 1 0))
s>    ( QUESTION2_12_L -1 -7.203e+03 1.132e+02 3.392e+01
s>        ( - -8.896e+02 1 0)
s>        ( - -6.201e+03 1 0))INFO: dtree.c(1315): Comp split 4
INFO: dtree.c(1315): Comp split 5
INFO: dtree.c(1315): Comp split 6
INFO: dtree.c(1318): stop. leaf nodes are specific
!!!!!!!!Allocated 68 lines
Fri Apr  8 18:31:13 2016
