Current configuration:
[NAME]		[DEFLT]	[VALUE]
-allphones	no	no
-cntthresh	0.00001	1.000000e-05
-csplitmax	100	2000
-csplitmin	1	1
-csplitthr	8e-4	0.000000e+00
-example	no	no
-fullvar	no	no
-help		no	no
-meanfn			/home/yaroslav/model/model_parameters/ua.cd_cont_untied/means
-mixwfn			/home/yaroslav/model/model_parameters/ua.cd_cont_untied/mixture_weights
-moddeffn		/home/yaroslav/model/model_architecture/ua.untied.mdef
-mwfloor	1e-4	1.000000e-08
-phone			DD
-psetfn			/home/yaroslav/model/model_architecture/ua.tree_questions
-ssplitmax	5	7
-ssplitmin	1	1
-ssplitthr	8e-4	0.000000e+00
-state			0
-stwt			1.0,0.05,0.0,
-treefn			/home/yaroslav/model/trees/ua.unpruned/DD-0.dtree
-ts2cbfn	.semi.	.cont.
-varfloor	0.00001	1.000000e-05
-varfn			/home/yaroslav/model/model_parameters/ua.cd_cont_untied/variances

INFO: main.c(223): Reading: /home/yaroslav/model/model_architecture/ua.untied.mdef
INFO: model_def_io.c(573): Model definition info:
INFO: model_def_io.c(574): 9365 total models defined (51 base, 9314 tri)
INFO: model_def_io.c(575): 37460 total states
INFO: model_def_io.c(576): 28095 total tied states
INFO: model_def_io.c(577): 153 total tied CI states
INFO: model_def_io.c(578): 51 total tied transition matrices
INFO: model_def_io.c(579): 4 max state/model
INFO: model_def_io.c(580): 4 min state/model
INFO: main.c(242): Building trees for [DD A A i] through [DD І І i]
INFO: main.c(269): Covering states |[4887 5006]| == 120
INFO: main.c(275): Reading: /home/yaroslav/model/model_parameters/ua.cd_cont_untied/mixture_weights
INFO: s3mixw_io.c(173): Read /home/yaroslav/model/model_parameters/ua.cd_cont_untied/mixture_weights [120x1x1 array]
INFO: main.c(311): 40 of 40 models have observation count greater than 0.000010
INFO: main.c(95): nrm stwt: 0.952 0.048 0.000 
INFO: s3gau_io.c(169): Read /home/yaroslav/model/model_parameters/ua.cd_cont_untied/means [28095x1x1 array]
INFO: s3gau_io.c(169): Read /home/yaroslav/model/model_parameters/ua.cd_cont_untied/variances [28095x1x1 array]
INFO: main.c(549): Reading: /home/yaroslav/model/model_architecture/ua.tree_questions
INFO: main.c(588): 180 total simple questions (172 phone; 8 word bndry)
INFO: main.c(590): 42 Left Only questions, and 42 Right Only questions
INFO: dtree.c(1478): Final simple tree
|( QUESTION0 -1 -1.389e+05 6.024e+02 6.653e+02
|    ( QUESTION0_12_R 1 -1.222e+05 4.496e+02 5.864e+02
|        ( - 2.411e+02 1 0)
|        ( QUESTION0_3_R 1 -1.219e+05 3.008e+02 5.854e+02
|            ( QUESTION2_12_L -1 -6.338e+04 2.016e+02 3.054e+02
|                ( - -4.263e+04 4 0 WDBNDRY_E 0 1.441e+02 2.059e+02)
|                ( - -2.054e+04 4 0 QUESTION2_14_L -1 1.879e+02 9.946e+01))
|            ( - -5.827e+04 19 0 QUESTION2_15_L -1 1.701e+02 2.800e+02)))
|    ( WDBNDRY_B 0 -1.615e+04 2.413e+02 7.889e+01
|        ( QUESTION2_0_L -1 -9.860e+03 4.193e+02 4.889e+01
|            ( - 1.979e+02 1 0)
|            ( QUESTION8 -1 -9.639e+03 2.015e+02 4.789e+01
|                ( - -3.888e+03 1 0)
|                ( - -5.549e+03 3 0 QUESTION17 -1 1.026e+02 2.792e+01)))
|        ( - -6.052e+03 7 0 QUESTION0_0_R 1 1.558e+02 3.000e+01)))
s>    ( QUESTION0 -1 -1.389e+05 6.024e+02 6.653e+02
s>        ( QUESTION0_12_R 1 -1.222e+05 4.496e+02 5.864e+02
s>            ( - 2.411e+02 1 0)
s>            ( QUESTION0_3_R 1 -1.219e+05 3.008e+02 5.854e+02
s>                ( QUESTION2_12_L -1 -6.338e+04 2.016e+02 3.054e+02
s>                    ( - -4.263e+04 4 0 WDBNDRY_E 0 1.441e+02 2.059e+02)
s>                    ( - -2.054e+04 4 0 QUESTION2_14_L -1 1.879e+02 9.946e+01))
s>                ( - -5.827e+04 19 0 QUESTION2_15_L -1 1.701e+02 2.800e+02)))
s>        ( WDBNDRY_B 0 -1.615e+04 2.413e+02 7.889e+01
s>            ( QUESTION2_0_L -1 -9.860e+03 4.193e+02 4.889e+01
s>                ( - 1.979e+02 1 0)
s>                ( QUESTION8 -1 -9.639e+03 2.015e+02 4.789e+01
s>                    ( - -3.888e+03 1 0)
s>                    ( - -5.549e+03 3 0 QUESTION17 -1 1.026e+02 2.792e+01)))
s>            ( - -6.052e+03 7 0 QUESTION0_0_R 1 1.558e+02 3.000e+01)))INFO: dtree.c(1315): Comp split 0
INFO: dtree.c(1478): Final simple tree
|( QUESTION0_3_R 1 -1.219e+05 3.008e+02 5.854e+02
|    ( QUESTION2_12_L -1 -6.338e+04 2.016e+02 3.054e+02
|        ( - -4.263e+04 4 0 WDBNDRY_E 0 1.441e+02 2.059e+02)
|        ( QUESTION2_14_L -1 -2.054e+04 1.879e+02 9.946e+01
|            ( WDBNDRY_B 0 -1.685e+04 1.755e+02 8.239e+01
|                ( - -4.709e+03 1 0)
|                ( - -1.197e+04 2 0))
|            ( - -3.503e+03 1 0)))
|    ( QUESTION2_15_L -1 -5.827e+04 1.701e+02 2.800e+02
|        ( - -9.051e+02 1 0)
|        ( WDBNDRY_E 0 -5.719e+04 1.589e+02 2.750e+02
|            ( - -1.261e+04 10 0 QUESTION0_2_R 1 1.397e+02 6.185e+01)
|            ( QUESTION0_2_R 1 -4.442e+04 1.873e+02 2.132e+02
|                ( - -2.303e+02 1 0)
|                ( - -4.401e+04 7 0 QUESTION2_12_L -1 1.239e+02 2.112e+02)))))
s>    ( QUESTION0_3_R 1 -1.219e+05 3.008e+02 5.854e+02
s>        ( QUESTION2_12_L -1 -6.338e+04 2.016e+02 3.054e+02
s>            ( - -4.263e+04 4 0 WDBNDRY_E 0 1.441e+02 2.059e+02)
s>            ( QUESTION2_14_L -1 -2.054e+04 1.879e+02 9.946e+01
s>                ( WDBNDRY_B 0 -1.685e+04 1.755e+02 8.239e+01
s>                    ( - -4.709e+03 1 0)
s>                    ( - -1.197e+04 2 0))
s>                ( - -3.503e+03 1 0)))
s>        ( QUESTION2_15_L -1 -5.827e+04 1.701e+02 2.800e+02
s>            ( - -9.051e+02 1 0)
s>            ( WDBNDRY_E 0 -5.719e+04 1.589e+02 2.750e+02
s>                ( - -1.261e+04 10 0 QUESTION0_2_R 1 1.397e+02 6.185e+01)
s>                ( QUESTION0_2_R 1 -4.442e+04 1.873e+02 2.132e+02
s>                    ( - -2.303e+02 1 0)
s>                    ( - -4.401e+04 7 0 QUESTION2_12_L -1 1.239e+02 2.112e+02)))))INFO: dtree.c(1478): Final simple tree
|( WDBNDRY_E 0 -1.635e+04 4.422e+02 7.989e+01
|    ( - 2.411e+02 1 0)
|    ( WDBNDRY_B 0 -1.615e+04 2.413e+02 7.889e+01
|        ( QUESTION2_0_L -1 -9.860e+03 4.193e+02 4.889e+01
|            ( - 1.979e+02 1 0)
|            ( QUESTION8 -1 -9.639e+03 2.015e+02 4.789e+01
|                ( - -3.888e+03 1 0)
|                ( - -5.549e+03 3 0 QUESTION17 -1 1.026e+02 2.792e+01)))
|        ( QUESTION0_0_R 1 -6.052e+03 1.558e+02 3.000e+01
|            ( QUESTION2_2_L -1 -4.187e+03 4.368e+02 2.100e+01
|                ( - 2.202e+02 1 0)
|                ( - -3.971e+03 3 0 QUESTION8 -1 1.468e+02 2.000e+01))
|            ( QUESTION2 -1 -1.709e+03 4.414e+02 9.000e+00
|                ( - -1.486e+03 2 0)
|                ( - 2.193e+02 1 0)))))
s>    ( WDBNDRY_E 0 -1.635e+04 4.422e+02 7.989e+01
s>        ( - 2.411e+02 1 0)
s>        ( WDBNDRY_B 0 -1.615e+04 2.413e+02 7.889e+01
s>            ( QUESTION2_0_L -1 -9.860e+03 4.193e+02 4.889e+01
s>                ( - 1.979e+02 1 0)
s>                ( QUESTION8 -1 -9.639e+03 2.015e+02 4.789e+01
s>                    ( - -3.888e+03 1 0)
s>                    ( - -5.549e+03 3 0 QUESTION17 -1 1.026e+02 2.792e+01)))
s>            ( QUESTION0_0_R 1 -6.052e+03 1.558e+02 3.000e+01
s>                ( QUESTION2_2_L -1 -4.187e+03 4.368e+02 2.100e+01
s>                    ( - 2.202e+02 1 0)
s>                    ( - -3.971e+03 3 0 QUESTION8 -1 1.468e+02 2.000e+01))
s>                ( QUESTION2 -1 -1.709e+03 4.414e+02 9.000e+00
s>                    ( - -1.486e+03 2 0)
s>                    ( - 2.193e+02 1 0)))))INFO: dtree.c(1315): Comp split 1
INFO: dtree.c(1478): Final simple tree
|( WDBNDRY_B 0 -1.615e+04 2.413e+02 7.889e+01
|    ( QUESTION2_0_L -1 -9.860e+03 4.193e+02 4.889e+01
|        ( - 1.979e+02 1 0)
|        ( QUESTION8 -1 -9.639e+03 2.015e+02 4.789e+01
|            ( - -3.888e+03 1 0)
|            ( - -5.549e+03 3 0 QUESTION17 -1 1.026e+02 2.792e+01)))
|    ( QUESTION0_0_R 1 -6.052e+03 1.558e+02 3.000e+01
|        ( QUESTION2_2_L -1 -4.187e+03 4.368e+02 2.100e+01
|            ( - 2.202e+02 1 0)
|            ( QUESTION8 -1 -3.971e+03 1.468e+02 2.000e+01
|                ( - -3.053e+02 1 0)
|                ( - -3.519e+03 2 0 QUESTION2 -1 1.040e+02 1.800e+01)))
|        ( QUESTION2 -1 -1.709e+03 4.414e+02 9.000e+00
|            ( - -1.486e+03 2 0)
|            ( - 2.193e+02 1 0))))
s>    ( WDBNDRY_B 0 -1.615e+04 2.413e+02 7.889e+01
s>        ( QUESTION2_0_L -1 -9.860e+03 4.193e+02 4.889e+01
s>            ( - 1.979e+02 1 0)
s>            ( QUESTION8 -1 -9.639e+03 2.015e+02 4.789e+01
s>                ( - -3.888e+03 1 0)
s>                ( - -5.549e+03 3 0 QUESTION17 -1 1.026e+02 2.792e+01)))
s>        ( QUESTION0_0_R 1 -6.052e+03 1.558e+02 3.000e+01
s>            ( QUESTION2_2_L -1 -4.187e+03 4.368e+02 2.100e+01
s>                ( - 2.202e+02 1 0)
s>                ( QUESTION8 -1 -3.971e+03 1.468e+02 2.000e+01
s>                    ( - -3.053e+02 1 0)
s>                    ( - -3.519e+03 2 0 QUESTION2 -1 1.040e+02 1.800e+01)))
s>            ( QUESTION2 -1 -1.709e+03 4.414e+02 9.000e+00
s>                ( - -1.486e+03 2 0)
s>                ( - 2.193e+02 1 0))))INFO: dtree.c(1315): Comp split 2
INFO: dtree.c(1478): Final simple tree
|( WDBNDRY_B 0 -1.595e+04 2.462e+02 7.789e+01
|    ( QUESTION2_0_L -1 -9.860e+03 4.193e+02 4.889e+01
|        ( - 1.979e+02 1 0)
|        ( QUESTION8 -1 -9.639e+03 2.015e+02 4.789e+01
|            ( - -3.888e+03 1 0)
|            ( - -5.549e+03 3 0 QUESTION17 -1 1.026e+02 2.792e+01)))
|    ( QUESTION2_2_L -1 -5.839e+03 4.272e+02 2.900e+01
|        ( - 2.193e+02 1 0)
|        ( QUESTION0_0_R 1 -5.632e+03 1.743e+02 2.800e+01
|            ( QUESTION8 -1 -3.971e+03 1.468e+02 2.000e+01
|                ( - -3.053e+02 1 0)
|                ( QUESTION2 -1 -3.519e+03 1.040e+02 1.800e+01
|                    ( - -1.089e+03 1 0)
|                    ( - -2.326e+03 1 0)))
|            ( - -1.486e+03 2 0))))
s>    ( WDBNDRY_B 0 -1.595e+04 2.462e+02 7.789e+01
s>        ( QUESTION2_0_L -1 -9.860e+03 4.193e+02 4.889e+01
s>            ( - 1.979e+02 1 0)
s>            ( QUESTION8 -1 -9.639e+03 2.015e+02 4.789e+01
s>                ( - -3.888e+03 1 0)
s>                ( - -5.549e+03 3 0 QUESTION17 -1 1.026e+02 2.792e+01)))
s>        ( QUESTION2_2_L -1 -5.839e+03 4.272e+02 2.900e+01
s>            ( - 2.193e+02 1 0)
s>            ( QUESTION0_0_R 1 -5.632e+03 1.743e+02 2.800e+01
s>                ( QUESTION8 -1 -3.971e+03 1.468e+02 2.000e+01
s>                    ( - -3.053e+02 1 0)
s>                    ( QUESTION2 -1 -3.519e+03 1.040e+02 1.800e+01
s>                        ( - -1.089e+03 1 0)
s>                        ( - -2.326e+03 1 0)))
s>                ( - -1.486e+03 2 0))))INFO: dtree.c(1315): Comp split 3
INFO: dtree.c(1478): Final simple tree
|( QUESTION2_2_L -1 -1.574e+04 4.175e+02 7.689e+01
|    ( - 1.979e+02 1 0)
|    ( WDBNDRY_B 0 -1.552e+04 2.488e+02 7.589e+01
|        ( QUESTION8 -1 -9.639e+03 2.015e+02 4.789e+01
|            ( - -3.888e+03 1 0)
|            ( QUESTION17 -1 -5.549e+03 1.026e+02 2.792e+01
|                ( - -1.573e+03 1 0)
|                ( - -3.874e+03 2 0 QUESTION14 -1 4.400e+02 1.989e+01)))
|        ( QUESTION0_0_R 1 -5.632e+03 1.743e+02 2.800e+01
|            ( QUESTION8 -1 -3.971e+03 1.468e+02 2.000e+01
|                ( - -3.053e+02 1 0)
|                ( QUESTION2 -1 -3.519e+03 1.040e+02 1.800e+01
|                    ( - -1.089e+03 1 0)
|                    ( - -2.326e+03 1 0)))
|            ( - -1.486e+03 2 0))))
s>    ( QUESTION2_2_L -1 -1.574e+04 4.175e+02 7.689e+01
s>        ( - 1.979e+02 1 0)
s>        ( WDBNDRY_B 0 -1.552e+04 2.488e+02 7.589e+01
s>            ( QUESTION8 -1 -9.639e+03 2.015e+02 4.789e+01
s>                ( - -3.888e+03 1 0)
s>                ( QUESTION17 -1 -5.549e+03 1.026e+02 2.792e+01
s>                    ( - -1.573e+03 1 0)
s>                    ( - -3.874e+03 2 0 QUESTION14 -1 4.400e+02 1.989e+01)))
s>            ( QUESTION0_0_R 1 -5.632e+03 1.743e+02 2.800e+01
s>                ( QUESTION8 -1 -3.971e+03 1.468e+02 2.000e+01
s>                    ( - -3.053e+02 1 0)
s>                    ( QUESTION2 -1 -3.519e+03 1.040e+02 1.800e+01
s>                        ( - -1.089e+03 1 0)
s>                        ( - -2.326e+03 1 0)))
s>                ( - -1.486e+03 2 0))))INFO: dtree.c(1315): Comp split 4
INFO: dtree.c(1478): Final simple tree
|( WDBNDRY_B 0 -1.552e+04 2.488e+02 7.589e+01
|    ( QUESTION8 -1 -9.639e+03 2.015e+02 4.789e+01
|        ( - -3.888e+03 1 0)
|        ( QUESTION17 -1 -5.549e+03 1.026e+02 2.792e+01
|            ( - -1.573e+03 1 0)
|            ( QUESTION14 -1 -3.874e+03 4.400e+02 1.989e+01
|                ( - 2.157e+02 1 0)
|                ( - -3.649e+03 1 0))))
|    ( QUESTION0_0_R 1 -5.632e+03 1.743e+02 2.800e+01
|        ( QUESTION8 -1 -3.971e+03 1.468e+02 2.000e+01
|            ( - -3.053e+02 1 0)
|            ( QUESTION2 -1 -3.519e+03 1.040e+02 1.800e+01
|                ( - -1.089e+03 1 0)
|                ( - -2.326e+03 1 0)))
|        ( - -1.486e+03 2 0)))
s>    ( WDBNDRY_B 0 -1.552e+04 2.488e+02 7.589e+01
s>        ( QUESTION8 -1 -9.639e+03 2.015e+02 4.789e+01
s>            ( - -3.888e+03 1 0)
s>            ( QUESTION17 -1 -5.549e+03 1.026e+02 2.792e+01
s>                ( - -1.573e+03 1 0)
s>                ( QUESTION14 -1 -3.874e+03 4.400e+02 1.989e+01
s>                    ( - 2.157e+02 1 0)
s>                    ( - -3.649e+03 1 0))))
s>        ( QUESTION0_0_R 1 -5.632e+03 1.743e+02 2.800e+01
s>            ( QUESTION8 -1 -3.971e+03 1.468e+02 2.000e+01
s>                ( - -3.053e+02 1 0)
s>                ( QUESTION2 -1 -3.519e+03 1.040e+02 1.800e+01
s>                    ( - -1.089e+03 1 0)
s>                    ( - -2.326e+03 1 0)))
s>            ( - -1.486e+03 2 0)))INFO: dtree.c(1315): Comp split 5
INFO: dtree.c(1439): stop. leaf nodes are specific
INFO: dtree.c(1478): Final simple tree
|( WDBNDRY_B 0 -1.531e+04 2.624e+02 7.489e+01
|    ( QUESTION8 -1 -9.415e+03 2.001e+02 4.689e+01
|        ( - -3.888e+03 1 0)
|        ( QUESTION14 -1 -5.327e+03 1.046e+02 2.692e+01
|            ( - -1.573e+03 1 0)
|            ( - -3.649e+03 1 0)))
|    ( QUESTION0_0_R 1 -5.632e+03 1.743e+02 2.800e+01
|        ( QUESTION8 -1 -3.971e+03 1.468e+02 2.000e+01
|            ( - -3.053e+02 1 0)
|            ( QUESTION2 -1 -3.519e+03 1.040e+02 1.800e+01
|                ( - -1.089e+03 1 0)
|                ( - -2.326e+03 1 0)))
|        ( - -1.486e+03 2 0)))
s>    ( WDBNDRY_B 0 -1.531e+04 2.624e+02 7.489e+01
s>        ( QUESTION8 -1 -9.415e+03 2.001e+02 4.689e+01
s>            ( - -3.888e+03 1 0)
s>            ( QUESTION14 -1 -5.327e+03 1.046e+02 2.692e+01
s>                ( - -1.573e+03 1 0)
s>                ( - -3.649e+03 1 0)))
s>        ( QUESTION0_0_R 1 -5.632e+03 1.743e+02 2.800e+01
s>            ( QUESTION8 -1 -3.971e+03 1.468e+02 2.000e+01
s>                ( - -3.053e+02 1 0)
s>                ( QUESTION2 -1 -3.519e+03 1.040e+02 1.800e+01
s>                    ( - -1.089e+03 1 0)
s>                    ( - -2.326e+03 1 0)))
s>            ( - -1.486e+03 2 0)))INFO: dtree.c(1315): Comp split 6
INFO: dtree.c(1478): Final simple tree
|( WDBNDRY_E 0 -5.719e+04 1.589e+02 2.750e+02
|    ( QUESTION0_2_R 1 -1.261e+04 1.397e+02 6.185e+01
|        ( - -7.670e+02 1 0)
|        ( QUESTION2 1 -1.170e+04 1.432e+02 5.785e+01
|            ( - -6.925e+03 3 0)
|            ( - -4.635e+03 6 0 QUESTION0_0_R 1 8.608e+01 2.300e+01)))
|    ( QUESTION0_2_R 1 -4.442e+04 1.873e+02 2.132e+02
|        ( - -2.303e+02 1 0)
|        ( QUESTION2_12_L -1 -4.401e+04 1.239e+02 2.112e+02
|            ( QUESTION2 1 -4.318e+04 1.185e+02 2.072e+02
|                ( - -1.998e+03 1 0)
|                ( QUESTION0_0_R 1 -4.107e+04 1.172e+02 1.972e+02
|                    ( - -7.604e+02 1 0)
|                    ( - -4.019e+04 4 0)))
|            ( - -6.968e+02 1 0))))
s>    ( WDBNDRY_E 0 -5.719e+04 1.589e+02 2.750e+02
s>        ( QUESTION0_2_R 1 -1.261e+04 1.397e+02 6.185e+01
s>            ( - -7.670e+02 1 0)
s>            ( QUESTION2 1 -1.170e+04 1.432e+02 5.785e+01
s>                ( - -6.925e+03 3 0)
s>                ( - -4.635e+03 6 0 QUESTION0_0_R 1 8.608e+01 2.300e+01)))
s>        ( QUESTION0_2_R 1 -4.442e+04 1.873e+02 2.132e+02
s>            ( - -2.303e+02 1 0)
s>            ( QUESTION2_12_L -1 -4.401e+04 1.239e+02 2.112e+02
s>                ( QUESTION2 1 -4.318e+04 1.185e+02 2.072e+02
s>                    ( - -1.998e+03 1 0)
s>                    ( QUESTION0_0_R 1 -4.107e+04 1.172e+02 1.972e+02
s>                        ( - -7.604e+02 1 0)
s>                        ( - -4.019e+04 4 0)))
s>                ( - -6.968e+02 1 0))))INFO: dtree.c(1439): stop. leaf nodes are specific
INFO: dtree.c(1478): Final simple tree
|( QUESTION2_12_L -1 -6.445e+04 2.087e+02 3.104e+02
|    ( WDBNDRY_E 0 -4.263e+04 1.441e+02 2.059e+02
|        ( - -5.501e+02 1 0)
|        ( - -4.194e+04 3 0))
|    ( QUESTION2_14_L -1 -2.161e+04 2.031e+02 1.045e+02
|        ( WDBNDRY_B 0 -1.685e+04 1.755e+02 8.239e+01
|            ( - -4.709e+03 1 0)
|            ( - -1.197e+04 2 0))
|        ( QUESTION0_0_R 1 -4.550e+03 1.421e+02 2.208e+01
|            ( - -3.503e+03 1 0)
|            ( - -9.051e+02 1 0))))
s>    ( QUESTION2_12_L -1 -6.445e+04 2.087e+02 3.104e+02
s>        ( WDBNDRY_E 0 -4.263e+04 1.441e+02 2.059e+02
s>            ( - -5.501e+02 1 0)
s>            ( - -4.194e+04 3 0))
s>        ( QUESTION2_14_L -1 -2.161e+04 2.031e+02 1.045e+02
s>            ( WDBNDRY_B 0 -1.685e+04 1.755e+02 8.239e+01
s>                ( - -4.709e+03 1 0)
s>                ( - -1.197e+04 2 0))
s>            ( QUESTION0_0_R 1 -4.550e+03 1.421e+02 2.208e+01
s>                ( - -3.503e+03 1 0)
s>                ( - -9.051e+02 1 0))))INFO: dtree.c(1315): Comp split 7
INFO: dtree.c(1439): stop. leaf nodes are specific
INFO: dtree.c(1478): Final simple tree
|( QUESTION2 -1 -3.519e+03 1.040e+02 1.800e+01
|    ( - -1.089e+03 1 0)
|    ( - -2.326e+03 1 0))
s>    ( QUESTION2 -1 -3.519e+03 1.040e+02 1.800e+01
s>        ( - -1.089e+03 1 0)
s>        ( - -2.326e+03 1 0))INFO: dtree.c(1439): stop. leaf nodes are specific
INFO: dtree.c(1478): Final simple tree
|( QUESTION8 -1 -1.150e+04 2.013e+02 5.689e+01
|    ( WDBNDRY_B 0 -4.358e+03 1.641e+02 2.197e+01
|        ( - -3.888e+03 1 0)
|        ( - -3.053e+02 1 0))
|    ( WDBNDRY_B 0 -6.946e+03 1.323e+02 3.492e+01
|        ( QUESTION14 -1 -5.327e+03 1.046e+02 2.692e+01
|            ( - -1.573e+03 1 0)
|            ( - -3.649e+03 1 0))
|        ( - -1.486e+03 2 0)))
s>    ( QUESTION8 -1 -1.150e+04 2.013e+02 5.689e+01
s>        ( WDBNDRY_B 0 -4.358e+03 1.641e+02 2.197e+01
s>            ( - -3.888e+03 1 0)
s>            ( - -3.053e+02 1 0))
s>        ( WDBNDRY_B 0 -6.946e+03 1.323e+02 3.492e+01
s>            ( QUESTION14 -1 -5.327e+03 1.046e+02 2.692e+01
s>                ( - -1.573e+03 1 0)
s>                ( - -3.649e+03 1 0))
s>            ( - -1.486e+03 2 0)))INFO: dtree.c(1315): Comp split 8
INFO: dtree.c(1439): stop. leaf nodes are specific
INFO: dtree.c(1478): Final simple tree
|( QUESTION8 -1 -7.397e+03 1.460e+02 3.692e+01
|    ( - -3.053e+02 1 0)
|    ( WDBNDRY_B 0 -6.946e+03 1.323e+02 3.492e+01
|        ( QUESTION14 -1 -5.327e+03 1.046e+02 2.692e+01
|            ( - -1.573e+03 1 0)
|            ( - -3.649e+03 1 0))
|        ( - -1.486e+03 2 0)))
s>    ( QUESTION8 -1 -7.397e+03 1.460e+02 3.692e+01
s>        ( - -3.053e+02 1 0)
s>        ( WDBNDRY_B 0 -6.946e+03 1.323e+02 3.492e+01
s>            ( QUESTION14 -1 -5.327e+03 1.046e+02 2.692e+01
s>                ( - -1.573e+03 1 0)
s>                ( - -3.649e+03 1 0))
s>            ( - -1.486e+03 2 0)))INFO: dtree.c(1315): Comp split 9
INFO: dtree.c(1439): stop. leaf nodes are specific
INFO: dtree.c(1478): Final simple tree
|( QUESTION2_15_L -1 -2.230e+04 2.047e+02 1.075e+02
|    ( QUESTION0_0_R 1 -4.550e+03 1.421e+02 2.208e+01
|        ( - -3.503e+03 1 0)
|        ( - -9.051e+02 1 0))
|    ( WDBNDRY_B 0 -1.754e+04 1.763e+02 8.539e+01
|        ( - -4.709e+03 1 0)
|        ( WDBNDRY_E 0 -1.266e+04 1.395e+02 6.133e+01
|            ( - -5.501e+02 1 0)
|            ( - -1.197e+04 2 0))))
s>    ( QUESTION2_15_L -1 -2.230e+04 2.047e+02 1.075e+02
s>        ( QUESTION0_0_R 1 -4.550e+03 1.421e+02 2.208e+01
s>            ( - -3.503e+03 1 0)
s>            ( - -9.051e+02 1 0))
s>        ( WDBNDRY_B 0 -1.754e+04 1.763e+02 8.539e+01
s>            ( - -4.709e+03 1 0)
s>            ( WDBNDRY_E 0 -1.266e+04 1.395e+02 6.133e+01
s>                ( - -5.501e+02 1 0)
s>                ( - -1.197e+04 2 0))))INFO: dtree.c(1315): Comp split 10
INFO: dtree.c(1439): stop. leaf nodes are specific
INFO: dtree.c(1478): Final simple tree
|( WDBNDRY_B 0 -1.754e+04 1.763e+02 8.539e+01
|    ( - -4.709e+03 1 0)
|    ( WDBNDRY_E 0 -1.266e+04 1.395e+02 6.133e+01
|        ( - -5.501e+02 1 0)
|        ( - -1.197e+04 2 0)))
s>    ( WDBNDRY_B 0 -1.754e+04 1.763e+02 8.539e+01
s>        ( - -4.709e+03 1 0)
s>        ( WDBNDRY_E 0 -1.266e+04 1.395e+02 6.133e+01
s>            ( - -5.501e+02 1 0)
s>            ( - -1.197e+04 2 0)))INFO: dtree.c(1439): stop. leaf nodes are specific
INFO: dtree.c(1478): Final simple tree
|( QUESTION0_0_R 1 -4.550e+03 1.421e+02 2.208e+01
|    ( - -3.503e+03 1 0)
|    ( - -9.051e+02 1 0))
s>    ( QUESTION0_0_R 1 -4.550e+03 1.421e+02 2.208e+01
s>        ( - -3.503e+03 1 0)
s>        ( - -9.051e+02 1 0))INFO: dtree.c(1315): Comp split 11
INFO: dtree.c(1478): Final simple tree
|( WDBNDRY_E 0 -5.678e+04 1.604e+02 2.730e+02
|    ( QUESTION0_2_R 1 -1.261e+04 1.397e+02 6.185e+01
|        ( - -7.670e+02 1 0)
|        ( QUESTION2 1 -1.170e+04 1.432e+02 5.785e+01
|            ( - -6.925e+03 3 0)
|            ( QUESTION0_0_R 1 -4.635e+03 8.608e+01 2.300e+01
|                ( - -3.198e+03 3 0 QUESTION2_12_L -1 1.234e+02 1.600e+01)
|                ( - -1.350e+03 3 0))))
|    ( QUESTION2_12_L -1 -4.401e+04 1.239e+02 2.112e+02
|        ( QUESTION2 1 -4.318e+04 1.185e+02 2.072e+02
|            ( - -1.998e+03 1 0)
|            ( QUESTION0_0_R 1 -4.107e+04 1.172e+02 1.972e+02
|                ( - -7.604e+02 1 0)
|                ( - -4.019e+04 4 0)))
|        ( - -6.968e+02 1 0)))
s>    ( WDBNDRY_E 0 -5.678e+04 1.604e+02 2.730e+02
s>        ( QUESTION0_2_R 1 -1.261e+04 1.397e+02 6.185e+01
s>            ( - -7.670e+02 1 0)
s>            ( QUESTION2 1 -1.170e+04 1.432e+02 5.785e+01
s>                ( - -6.925e+03 3 0)
s>                ( QUESTION0_0_R 1 -4.635e+03 8.608e+01 2.300e+01
s>                    ( - -3.198e+03 3 0 QUESTION2_12_L -1 1.234e+02 1.600e+01)
s>                    ( - -1.350e+03 3 0))))
s>        ( QUESTION2_12_L -1 -4.401e+04 1.239e+02 2.112e+02
s>            ( QUESTION2 1 -4.318e+04 1.185e+02 2.072e+02
s>                ( - -1.998e+03 1 0)
s>                ( QUESTION0_0_R 1 -4.107e+04 1.172e+02 1.972e+02
s>                    ( - -7.604e+02 1 0)
s>                    ( - -4.019e+04 4 0)))
s>            ( - -6.968e+02 1 0)))INFO: dtree.c(1315): Comp split 12
INFO: dtree.c(1439): stop. leaf nodes are specific
INFO: dtree.c(1478): Final simple tree
|( WDBNDRY_E 0 -1.266e+04 1.395e+02 6.133e+01
|    ( - -5.501e+02 1 0)
|    ( - -1.197e+04 2 0))
s>    ( WDBNDRY_E 0 -1.266e+04 1.395e+02 6.133e+01
s>        ( - -5.501e+02 1 0)
s>        ( - -1.197e+04 2 0))INFO: dtree.c(1315): Comp split 13
INFO: dtree.c(1439): stop. leaf nodes are specific
INFO: dtree.c(1478): Final simple tree
|( WDBNDRY_E 0 -4.796e+04 1.384e+02 2.302e+02
|    ( QUESTION0_0_R 1 -4.635e+03 8.608e+01 2.300e+01
|        ( QUESTION2_12_L -1 -3.198e+03 1.234e+02 1.600e+01
|            ( - -4.856e+02 1 0)
|            ( - -2.589e+03 2 0))
|        ( - -1.350e+03 3 0))
|    ( QUESTION2 1 -4.318e+04 1.185e+02 2.072e+02
|        ( - -1.998e+03 1 0)
|        ( QUESTION0_0_R 1 -4.107e+04 1.172e+02 1.972e+02
|            ( - -7.604e+02 1 0)
|            ( - -4.019e+04 4 0))))
s>    ( WDBNDRY_E 0 -4.796e+04 1.384e+02 2.302e+02
s>        ( QUESTION0_0_R 1 -4.635e+03 8.608e+01 2.300e+01
s>            ( QUESTION2_12_L -1 -3.198e+03 1.234e+02 1.600e+01
s>                ( - -4.856e+02 1 0)
s>                ( - -2.589e+03 2 0))
s>            ( - -1.350e+03 3 0))
s>        ( QUESTION2 1 -4.318e+04 1.185e+02 2.072e+02
s>            ( - -1.998e+03 1 0)
s>            ( QUESTION0_0_R 1 -4.107e+04 1.172e+02 1.972e+02
s>                ( - -7.604e+02 1 0)
s>                ( - -4.019e+04 4 0))))INFO: dtree.c(1439): stop. leaf nodes are specific
INFO: dtree.c(1478): Final simple tree
|( QUESTION0_1_R 1 -8.647e+03 1.307e+02 4.285e+01
|    ( - -6.925e+03 3 0)
|    ( WDBNDRY_E 0 -1.590e+03 1.267e+02 8.000e+00
|        ( - -7.670e+02 1 0)
|        ( - -6.968e+02 1 0)))
s>    ( QUESTION0_1_R 1 -8.647e+03 1.307e+02 4.285e+01
s>        ( - -6.925e+03 3 0)
s>        ( WDBNDRY_E 0 -1.590e+03 1.267e+02 8.000e+00
s>            ( - -7.670e+02 1 0)
s>            ( - -6.968e+02 1 0)))INFO: dtree.c(1315): Comp split 14
INFO: dtree.c(1439): stop. leaf nodes are specific
INFO: dtree.c(1478): Final simple tree
|( WDBNDRY_E 0 -4.167e+04 1.142e+02 2.002e+02
|    ( - -4.856e+02 1 0)
|    ( QUESTION0_0_R 1 -4.107e+04 1.172e+02 1.972e+02
|        ( - -7.604e+02 1 0)
|        ( - -4.019e+04 4 0)))
s>    ( WDBNDRY_E 0 -4.167e+04 1.142e+02 2.002e+02
s>        ( - -4.856e+02 1 0)
s>        ( QUESTION0_0_R 1 -4.107e+04 1.172e+02 1.972e+02
s>            ( - -7.604e+02 1 0)
s>            ( - -4.019e+04 4 0)))INFO: dtree.c(1439): stop. leaf nodes are specific
INFO: dtree.c(1478): Final simple tree
|( WDBNDRY_E 0 -6.119e+03 9.997e+01 3.000e+01
|    ( QUESTION0_0_R 1 -4.021e+03 8.192e+01 2.000e+01
|        ( - -2.589e+03 2 0)
|        ( - -1.350e+03 3 0))
|    ( - -1.998e+03 1 0))
s>    ( WDBNDRY_E 0 -6.119e+03 9.997e+01 3.000e+01
s>        ( QUESTION0_0_R 1 -4.021e+03 8.192e+01 2.000e+01
s>            ( - -2.589e+03 2 0)
s>            ( - -1.350e+03 3 0))
s>        ( - -1.998e+03 1 0))INFO: dtree.c(1315): Comp split 15
INFO: dtree.c(1439): stop. leaf nodes are specific
INFO: dtree.c(1478): Final simple tree
|( WDBNDRY_B 0 -6.946e+03 1.323e+02 3.492e+01
|    ( QUESTION14 -1 -5.327e+03 1.046e+02 2.692e+01
|        ( - -1.573e+03 1 0)
|        ( - -3.649e+03 1 0))
|    ( - -1.486e+03 2 0))
s>    ( WDBNDRY_B 0 -6.946e+03 1.323e+02 3.492e+01
s>        ( QUESTION14 -1 -5.327e+03 1.046e+02 2.692e+01
s>            ( - -1.573e+03 1 0)
s>            ( - -3.649e+03 1 0))
s>        ( - -1.486e+03 2 0))INFO: dtree.c(1315): Comp split 16
INFO: dtree.c(1315): Comp split 17
INFO: dtree.c(1315): Comp split 18
INFO: dtree.c(1439): stop. leaf nodes are specific
INFO: dtree.c(1478): Final simple tree
|( QUESTION14 -1 -5.327e+03 1.046e+02 2.692e+01
|    ( - -1.573e+03 1 0)
|    ( - -3.649e+03 1 0))
s>    ( QUESTION14 -1 -5.327e+03 1.046e+02 2.692e+01
s>        ( - -1.573e+03 1 0)
s>        ( - -3.649e+03 1 0))INFO: dtree.c(1315): Comp split 19
INFO: dtree.c(1439): stop. leaf nodes are specific
INFO: dtree.c(1478): Final simple tree
|( WDBNDRY_E 0 -1.590e+03 1.267e+02 8.000e+00
|    ( - -7.670e+02 1 0)
|    ( - -6.968e+02 1 0))
s>    ( WDBNDRY_E 0 -1.590e+03 1.267e+02 8.000e+00
s>        ( - -7.670e+02 1 0)
s>        ( - -6.968e+02 1 0))INFO: dtree.c(1315): Comp split 20
INFO: dtree.c(1315): Comp split 21
INFO: dtree.c(1439): stop. leaf nodes are specific
INFO: dtree.c(1478): Final simple tree
|( WDBNDRY_E 0 -4.079e+04 1.146e+02 1.962e+02
|    ( - -4.856e+02 1 0)
|    ( - -4.019e+04 4 0))
s>    ( WDBNDRY_E 0 -4.079e+04 1.146e+02 1.962e+02
s>        ( - -4.856e+02 1 0)
s>        ( - -4.019e+04 4 0))INFO: dtree.c(1315): Comp split 22
INFO: dtree.c(1315): Comp split 23
INFO: dtree.c(1315): Comp split 24
INFO: dtree.c(1315): Comp split 25
INFO: dtree.c(1439): stop. leaf nodes are specific
INFO: dtree.c(1478): Final simple tree
|( QUESTION0_0_R 1 -4.021e+03 8.192e+01 2.000e+01
|    ( - -2.589e+03 2 0)
|    ( - -1.350e+03 3 0))
s>    ( QUESTION0_0_R 1 -4.021e+03 8.192e+01 2.000e+01
s>        ( - -2.589e+03 2 0)
s>        ( - -1.350e+03 3 0))INFO: dtree.c(1315): Comp split 26
INFO: dtree.c(1315): Comp split 27
INFO: dtree.c(1318): stop. leaf nodes are specific
!!!!!!!!Allocated 68 lines
Fri Apr  8 18:30:55 2016
