Current configuration:
[NAME]		[DEFLT]	[VALUE]
-allphones	no	no
-cntthresh	0.00001	1.000000e-05
-csplitmax	100	2000
-csplitmin	1	1
-csplitthr	8e-4	0.000000e+00
-example	no	no
-fullvar	no	no
-help		no	no
-meanfn			/home/yaroslav/model/model_parameters/ua.cd_cont_untied/means
-mixwfn			/home/yaroslav/model/model_parameters/ua.cd_cont_untied/mixture_weights
-moddeffn		/home/yaroslav/model/model_architecture/ua.untied.mdef
-mwfloor	1e-4	1.000000e-08
-phone			LL
-psetfn			/home/yaroslav/model/model_architecture/ua.tree_questions
-ssplitmax	5	7
-ssplitmin	1	1
-ssplitthr	8e-4	0.000000e+00
-state			1
-stwt			1.0,0.05,0.0,
-treefn			/home/yaroslav/model/trees/ua.unpruned/LL-1.dtree
-ts2cbfn	.semi.	.cont.
-varfloor	0.00001	1.000000e-05
-varfn			/home/yaroslav/model/model_parameters/ua.cd_cont_untied/variances

INFO: main.c(223): Reading: /home/yaroslav/model/model_architecture/ua.untied.mdef
INFO: model_def_io.c(573): Model definition info:
INFO: model_def_io.c(574): 9391 total models defined (51 base, 9340 tri)
INFO: model_def_io.c(575): 37564 total states
INFO: model_def_io.c(576): 28173 total tied states
INFO: model_def_io.c(577): 153 total tied CI states
INFO: model_def_io.c(578): 51 total tied transition matrices
INFO: model_def_io.c(579): 4 max state/model
INFO: model_def_io.c(580): 4 min state/model
INFO: main.c(242): Building trees for [LL A A i] through [LL І І i]
INFO: main.c(269): Covering states |[10050 10400]| == 351
INFO: main.c(275): Reading: /home/yaroslav/model/model_parameters/ua.cd_cont_untied/mixture_weights
INFO: s3mixw_io.c(173): Read /home/yaroslav/model/model_parameters/ua.cd_cont_untied/mixture_weights [351x1x1 array]
INFO: main.c(311): 112 of 117 models have observation count greater than 0.000010
INFO: main.c(95): nrm stwt: 0.045 0.909 0.045 
INFO: s3gau_io.c(169): Read /home/yaroslav/model/model_parameters/ua.cd_cont_untied/means [28173x1x1 array]
INFO: s3gau_io.c(169): Read /home/yaroslav/model/model_parameters/ua.cd_cont_untied/variances [28173x1x1 array]
INFO: main.c(549): Reading: /home/yaroslav/model/model_architecture/ua.tree_questions
INFO: main.c(588): 174 total simple questions (166 phone; 8 word bndry)
INFO: main.c(590): 40 Left Only questions, and 42 Right Only questions
INFO: dtree.c(1478): Final simple tree
|( QUESTION19 1 -1.128e+05 1.327e+03 1.396e+03
|    ( WDBNDRY_I 0 -4.769e+04 6.625e+02 5.878e+02
|        ( - -2.989e+04 27 0 QUESTION2_14_L -1 2.724e+02 3.746e+02)
|        ( - -1.714e+04 22 0 QUESTION1 -1 3.447e+02 2.132e+02))
|    ( QUESTION18 1 -6.379e+04 1.083e+03 8.079e+02
|        ( QUESTION2_9_L -1 -3.555e+04 8.630e+02 4.757e+02
|            ( - -6.036e+03 2 0 WDBNDRY_B 0 2.800e+02 9.434e+01)
|            ( - -2.865e+04 25 0 QUESTION19 -1 3.957e+02 3.814e+02))
|        ( QUESTION0_5_R 1 -2.715e+04 6.418e+02 3.321e+02
|            ( - -3.930e+03 3 0 QUESTION10 -1 3.469e+02 6.183e+01)
|            ( QUESTION11 1 -2.258e+04 5.622e+02 2.703e+02
|                ( QUESTION10 -1 -6.555e+03 4.697e+02 9.250e+01
|                    ( - -2.365e+03 4 0 QUESTION2_0_L -1 1.610e+02 3.994e+01)
|                    ( - -3.720e+03 3 0))
|                ( - -1.546e+04 26 0 QUESTION0_7_R 1 3.246e+02 1.778e+02)))))
s>    ( QUESTION19 1 -1.128e+05 1.327e+03 1.396e+03
s>        ( WDBNDRY_I 0 -4.769e+04 6.625e+02 5.878e+02
s>            ( - -2.989e+04 27 0 QUESTION2_14_L -1 2.724e+02 3.746e+02)
s>            ( - -1.714e+04 22 0 QUESTION1 -1 3.447e+02 2.132e+02))
s>        ( QUESTION18 1 -6.379e+04 1.083e+03 8.079e+02
s>            ( QUESTION2_9_L -1 -3.555e+04 8.630e+02 4.757e+02
s>                ( - -6.036e+03 2 0 WDBNDRY_B 0 2.800e+02 9.434e+01)
s>                ( - -2.865e+04 25 0 QUESTION19 -1 3.957e+02 3.814e+02))
s>            ( QUESTION0_5_R 1 -2.715e+04 6.418e+02 3.321e+02
s>                ( - -3.930e+03 3 0 QUESTION10 -1 3.469e+02 6.183e+01)
s>                ( QUESTION11 1 -2.258e+04 5.622e+02 2.703e+02
s>                    ( QUESTION10 -1 -6.555e+03 4.697e+02 9.250e+01
s>                        ( - -2.365e+03 4 0 QUESTION2_0_L -1 1.610e+02 3.994e+01)
s>                        ( - -3.720e+03 3 0))
s>                    ( - -1.546e+04 26 0 QUESTION0_7_R 1 3.246e+02 1.778e+02)))))INFO: dtree.c(1315): Comp split 0
INFO: dtree.c(1478): Final simple tree
|( QUESTION0_1_R 1 -5.486e+04 6.108e+02 6.803e+02
|    ( QUESTION10 -1 -6.555e+03 4.697e+02 9.250e+01
|        ( - -2.365e+03 4 0 QUESTION2_0_L -1 1.610e+02 3.994e+01)
|        ( - -3.720e+03 3 0))
|    ( WDBNDRY_I 0 -4.769e+04 6.625e+02 5.878e+02
|        ( QUESTION2_14_L -1 -2.989e+04 2.724e+02 3.746e+02
|            ( - -6.789e+03 5 0 QUESTION0 -1 1.797e+02 8.556e+01)
|            ( QUESTION2_1_L -1 -2.283e+04 2.366e+02 2.890e+02
|                ( - -1.670e+04 12 0 QUESTION0 -1 1.450e+02 2.110e+02)
|                ( - -5.891e+03 10 0 QUESTION5 -1 2.138e+02 7.799e+01)))
|        ( QUESTION1 -1 -1.714e+04 3.447e+02 2.132e+02
|            ( - -1.848e+03 1 0)
|            ( QUESTION2_4_L -1 -1.495e+04 2.726e+02 1.870e+02
|                ( - -2.751e+03 1 0)
|                ( - -1.192e+04 20 0 QUESTION10 -1 1.962e+02 1.409e+02)))))
s>    ( QUESTION0_1_R 1 -5.486e+04 6.108e+02 6.803e+02
s>        ( QUESTION10 -1 -6.555e+03 4.697e+02 9.250e+01
s>            ( - -2.365e+03 4 0 QUESTION2_0_L -1 1.610e+02 3.994e+01)
s>            ( - -3.720e+03 3 0))
s>        ( WDBNDRY_I 0 -4.769e+04 6.625e+02 5.878e+02
s>            ( QUESTION2_14_L -1 -2.989e+04 2.724e+02 3.746e+02
s>                ( - -6.789e+03 5 0 QUESTION0 -1 1.797e+02 8.556e+01)
s>                ( QUESTION2_1_L -1 -2.283e+04 2.366e+02 2.890e+02
s>                    ( - -1.670e+04 12 0 QUESTION0 -1 1.450e+02 2.110e+02)
s>                    ( - -5.891e+03 10 0 QUESTION5 -1 2.138e+02 7.799e+01)))
s>            ( QUESTION1 -1 -1.714e+04 3.447e+02 2.132e+02
s>                ( - -1.848e+03 1 0)
s>                ( QUESTION2_4_L -1 -1.495e+04 2.726e+02 1.870e+02
s>                    ( - -2.751e+03 1 0)
s>                    ( - -1.192e+04 20 0 QUESTION10 -1 1.962e+02 1.409e+02)))))INFO: dtree.c(1478): Final simple tree
|( QUESTION18 1 -5.659e+04 9.992e+02 7.154e+02
|    ( QUESTION2_9_L -1 -3.555e+04 8.630e+02 4.757e+02
|        ( - -6.036e+03 2 0 WDBNDRY_B 0 2.800e+02 9.434e+01)
|        ( QUESTION19 -1 -2.865e+04 3.957e+02 3.814e+02
|            ( - -1.666e+04 8 0 QUESTION2_0_L -1 1.581e+02 2.247e+02)
|            ( - -1.159e+04 17 0 QUESTION17 -1 2.250e+02 1.567e+02)))
|    ( QUESTION0_5_R 1 -2.004e+04 6.470e+02 2.397e+02
|        ( QUESTION10 -1 -3.930e+03 3.469e+02 6.183e+01
|            ( - -3.807e+03 2 0)
|            ( - 2.242e+02 1 0))
|        ( QUESTION0_7_R 1 -1.546e+04 3.246e+02 1.778e+02
|            ( - 2.440e+02 1 0)
|            ( QUESTION5 1 -1.538e+04 3.158e+02 1.768e+02
|                ( - -7.643e+03 4 0 WDBNDRY_E 0 3.417e+02 9.672e+01)
|                ( - -7.425e+03 21 0 WDBNDRY_B 0 2.643e+02 8.010e+01)))))
s>    ( QUESTION18 1 -5.659e+04 9.992e+02 7.154e+02
s>        ( QUESTION2_9_L -1 -3.555e+04 8.630e+02 4.757e+02
s>            ( - -6.036e+03 2 0 WDBNDRY_B 0 2.800e+02 9.434e+01)
s>            ( QUESTION19 -1 -2.865e+04 3.957e+02 3.814e+02
s>                ( - -1.666e+04 8 0 QUESTION2_0_L -1 1.581e+02 2.247e+02)
s>                ( - -1.159e+04 17 0 QUESTION17 -1 2.250e+02 1.567e+02)))
s>        ( QUESTION0_5_R 1 -2.004e+04 6.470e+02 2.397e+02
s>            ( QUESTION10 -1 -3.930e+03 3.469e+02 6.183e+01
s>                ( - -3.807e+03 2 0)
s>                ( - 2.242e+02 1 0))
s>            ( QUESTION0_7_R 1 -1.546e+04 3.246e+02 1.778e+02
s>                ( - 2.440e+02 1 0)
s>                ( QUESTION5 1 -1.538e+04 3.158e+02 1.768e+02
s>                    ( - -7.643e+03 4 0 WDBNDRY_E 0 3.417e+02 9.672e+01)
s>                    ( - -7.425e+03 21 0 WDBNDRY_B 0 2.643e+02 8.010e+01)))))INFO: dtree.c(1315): Comp split 1
INFO: dtree.c(1439): stop. leaf nodes are specific
INFO: dtree.c(1478): Final simple tree
|( QUESTION0_2_R 1 -1.056e+04 7.121e+02 1.552e+02
|    ( - -3.807e+03 2 0)
|    ( WDBNDRY_B 0 -6.036e+03 2.800e+02 9.434e+01
|        ( - -4.903e+02 1 0)
|        ( - -5.266e+03 1 0)))
s>    ( QUESTION0_2_R 1 -1.056e+04 7.121e+02 1.552e+02
s>        ( - -3.807e+03 2 0)
s>        ( WDBNDRY_B 0 -6.036e+03 2.800e+02 9.434e+01
s>            ( - -4.903e+02 1 0)
s>            ( - -5.266e+03 1 0)))INFO: dtree.c(1478): Final simple tree
|( QUESTION18 1 -4.503e+04 8.139e+02 5.602e+02
|    ( QUESTION19 -1 -2.865e+04 3.957e+02 3.814e+02
|        ( - -1.666e+04 8 0 QUESTION2_0_L -1 1.581e+02 2.247e+02)
|        ( - -1.159e+04 17 0 QUESTION17 -1 2.250e+02 1.567e+02))
|    ( QUESTION0_7_R 1 -1.556e+04 3.244e+02 1.788e+02
|        ( - 2.440e+02 1 0)
|        ( QUESTION0_5_R 1 -1.548e+04 3.229e+02 1.778e+02
|            ( - 2.242e+02 1 0)
|            ( QUESTION5 1 -1.538e+04 3.158e+02 1.768e+02
|                ( WDBNDRY_E 0 -7.643e+03 3.417e+02 9.672e+01
|                    ( - 2.318e+02 1 0)
|                    ( - -7.533e+03 3 0 QUESTION13 -1 1.853e+02 9.572e+01))
|                ( WDBNDRY_B 0 -7.425e+03 2.643e+02 8.010e+01
|                    ( - -1.408e+03 2 0 QUESTION10 -1 1.991e+02 1.810e+01)
|                    ( - -5.753e+03 19 0 QUESTION0_17_R 1 2.038e+02 6.200e+01))))))
s>    ( QUESTION18 1 -4.503e+04 8.139e+02 5.602e+02
s>        ( QUESTION19 -1 -2.865e+04 3.957e+02 3.814e+02
s>            ( - -1.666e+04 8 0 QUESTION2_0_L -1 1.581e+02 2.247e+02)
s>            ( - -1.159e+04 17 0 QUESTION17 -1 2.250e+02 1.567e+02))
s>        ( QUESTION0_7_R 1 -1.556e+04 3.244e+02 1.788e+02
s>            ( - 2.440e+02 1 0)
s>            ( QUESTION0_5_R 1 -1.548e+04 3.229e+02 1.778e+02
s>                ( - 2.242e+02 1 0)
s>                ( QUESTION5 1 -1.538e+04 3.158e+02 1.768e+02
s>                    ( WDBNDRY_E 0 -7.643e+03 3.417e+02 9.672e+01
s>                        ( - 2.318e+02 1 0)
s>                        ( - -7.533e+03 3 0 QUESTION13 -1 1.853e+02 9.572e+01))
s>                    ( WDBNDRY_B 0 -7.425e+03 2.643e+02 8.010e+01
s>                        ( - -1.408e+03 2 0 QUESTION10 -1 1.991e+02 1.810e+01)
s>                        ( - -5.753e+03 19 0 QUESTION0_17_R 1 2.038e+02 6.200e+01))))))INFO: dtree.c(1315): Comp split 2
INFO: dtree.c(1478): Final simple tree
|( QUESTION2_14_L -1 -2.989e+04 2.724e+02 3.746e+02
|    ( QUESTION0 -1 -6.789e+03 1.797e+02 8.556e+01
|        ( - -1.382e+03 3 0 QUESTION2_17_L -1 1.217e+02 2.000e+01)
|        ( - -5.227e+03 2 0))
|    ( QUESTION2_1_L -1 -2.283e+04 2.366e+02 2.890e+02
|        ( - -1.670e+04 12 0 QUESTION0 -1 1.450e+02 2.110e+02)
|        ( QUESTION5 -1 -5.891e+03 2.138e+02 7.799e+01
|            ( - -8.807e+02 2 0)
|            ( QUESTION0 -1 -4.797e+03 1.976e+02 6.399e+01
|                ( QUESTION2_7_L -1 -2.064e+03 1.734e+02 2.799e+01
|                    ( - -3.765e+02 1 0)
|                    ( QUESTION1 -1 -1.515e+03 1.539e+02 2.299e+01
|                        ( - -4.580e+02 2 0)
|                        ( - -9.027e+02 1 0)))
|                ( - -2.535e+03 4 0 QUESTION2_0_L -1 1.301e+02 3.600e+01)))))
s>    ( QUESTION2_14_L -1 -2.989e+04 2.724e+02 3.746e+02
s>        ( QUESTION0 -1 -6.789e+03 1.797e+02 8.556e+01
s>            ( - -1.382e+03 3 0 QUESTION2_17_L -1 1.217e+02 2.000e+01)
s>            ( - -5.227e+03 2 0))
s>        ( QUESTION2_1_L -1 -2.283e+04 2.366e+02 2.890e+02
s>            ( - -1.670e+04 12 0 QUESTION0 -1 1.450e+02 2.110e+02)
s>            ( QUESTION5 -1 -5.891e+03 2.138e+02 7.799e+01
s>                ( - -8.807e+02 2 0)
s>                ( QUESTION0 -1 -4.797e+03 1.976e+02 6.399e+01
s>                    ( QUESTION2_7_L -1 -2.064e+03 1.734e+02 2.799e+01
s>                        ( - -3.765e+02 1 0)
s>                        ( QUESTION1 -1 -1.515e+03 1.539e+02 2.299e+01
s>                            ( - -4.580e+02 2 0)
s>                            ( - -9.027e+02 1 0)))
s>                    ( - -2.535e+03 4 0 QUESTION2_0_L -1 1.301e+02 3.600e+01)))))INFO: dtree.c(1478): Final simple tree
|( WDBNDRY_I 0 -2.412e+04 4.305e+02 3.057e+02
|    ( QUESTION10 -1 -6.555e+03 4.697e+02 9.250e+01
|        ( - -2.365e+03 4 0 QUESTION2_0_L -1 1.610e+02 3.994e+01)
|        ( - -3.720e+03 3 0))
|    ( QUESTION1 -1 -1.714e+04 3.447e+02 2.132e+02
|        ( - -1.848e+03 1 0)
|        ( QUESTION2_4_L -1 -1.495e+04 2.726e+02 1.870e+02
|            ( - -2.751e+03 1 0)
|            ( QUESTION10 -1 -1.192e+04 1.962e+02 1.409e+02
|                ( QUESTION18 -1 -5.620e+03 2.142e+02 7.559e+01
|                    ( - -4.804e+03 6 0 WDBNDRY_B 0 1.695e+02 6.459e+01)
|                    ( - -6.025e+02 2 0 QUESTION11 -1 1.333e+02 1.100e+01))
|                ( QUESTION2_2_L -1 -6.106e+03 1.853e+02 6.531e+01
|                    ( - 1.015e+01 1 0)
|                    ( - -5.931e+03 11 0 QUESTION6 -1 1.824e+02 6.331e+01))))))
s>    ( WDBNDRY_I 0 -2.412e+04 4.305e+02 3.057e+02
s>        ( QUESTION10 -1 -6.555e+03 4.697e+02 9.250e+01
s>            ( - -2.365e+03 4 0 QUESTION2_0_L -1 1.610e+02 3.994e+01)
s>            ( - -3.720e+03 3 0))
s>        ( QUESTION1 -1 -1.714e+04 3.447e+02 2.132e+02
s>            ( - -1.848e+03 1 0)
s>            ( QUESTION2_4_L -1 -1.495e+04 2.726e+02 1.870e+02
s>                ( - -2.751e+03 1 0)
s>                ( QUESTION10 -1 -1.192e+04 1.962e+02 1.409e+02
s>                    ( QUESTION18 -1 -5.620e+03 2.142e+02 7.559e+01
s>                        ( - -4.804e+03 6 0 WDBNDRY_B 0 1.695e+02 6.459e+01)
s>                        ( - -6.025e+02 2 0 QUESTION11 -1 1.333e+02 1.100e+01))
s>                    ( QUESTION2_2_L -1 -6.106e+03 1.853e+02 6.531e+01
s>                        ( - 1.015e+01 1 0)
s>                        ( - -5.931e+03 11 0 QUESTION6 -1 1.824e+02 6.331e+01))))))INFO: dtree.c(1315): Comp split 3
INFO: dtree.c(1478): Final simple tree
|( QUESTION19 -1 -3.031e+04 3.788e+02 3.995e+02
|    ( QUESTION0_9_R 1 -1.771e+04 2.483e+02 2.358e+02
|        ( - -8.028e+02 1 0)
|        ( - -1.666e+04 8 0 QUESTION2_0_L -1 1.581e+02 2.247e+02))
|    ( QUESTION2_4_L -1 -1.222e+04 2.175e+02 1.637e+02
|        ( - -1.025e+03 1 0)
|        ( QUESTION5 -1 -1.097e+04 2.198e+02 1.468e+02
|            ( - -2.368e+03 4 0 WDBNDRY_B 0 1.639e+02 3.489e+01)
|            ( QUESTION17 -1 -8.387e+03 2.306e+02 1.119e+02
|                ( QUESTION0_9_R 1 -2.380e+03 2.335e+02 3.568e+01
|                    ( - -4.060e+02 1 0)
|                    ( - -1.741e+03 1 0))
|                ( QUESTION2_2_L -1 -5.776e+03 1.805e+02 7.621e+01
|                    ( - -4.318e+03 7 0 QUESTION15 -1 1.727e+02 6.321e+01)
|                    ( - -1.278e+03 4 0 WDBNDRY_B 0 1.602e+02 1.300e+01))))))
s>    ( QUESTION19 -1 -3.031e+04 3.788e+02 3.995e+02
s>        ( QUESTION0_9_R 1 -1.771e+04 2.483e+02 2.358e+02
s>            ( - -8.028e+02 1 0)
s>            ( - -1.666e+04 8 0 QUESTION2_0_L -1 1.581e+02 2.247e+02))
s>        ( QUESTION2_4_L -1 -1.222e+04 2.175e+02 1.637e+02
s>            ( - -1.025e+03 1 0)
s>            ( QUESTION5 -1 -1.097e+04 2.198e+02 1.468e+02
s>                ( - -2.368e+03 4 0 WDBNDRY_B 0 1.639e+02 3.489e+01)
s>                ( QUESTION17 -1 -8.387e+03 2.306e+02 1.119e+02
s>                    ( QUESTION0_9_R 1 -2.380e+03 2.335e+02 3.568e+01
s>                        ( - -4.060e+02 1 0)
s>                        ( - -1.741e+03 1 0))
s>                    ( QUESTION2_2_L -1 -5.776e+03 1.805e+02 7.621e+01
s>                        ( - -4.318e+03 7 0 QUESTION15 -1 1.727e+02 6.321e+01)
s>                        ( - -1.278e+03 4 0 WDBNDRY_B 0 1.602e+02 1.300e+01))))))INFO: dtree.c(1478): Final simple tree
|( QUESTION0_7_R 1 -1.389e+04 3.251e+02 1.607e+02
|    ( - 2.440e+02 1 0)
|    ( QUESTION5 1 -1.381e+04 3.235e+02 1.597e+02
|        ( WDBNDRY_E 0 -7.643e+03 3.417e+02 9.672e+01
|            ( - 2.318e+02 1 0)
|            ( - -7.533e+03 3 0 QUESTION13 -1 1.853e+02 9.572e+01))
|        ( QUESTION0_5_R 1 -5.845e+03 3.171e+02 6.300e+01
|            ( - 2.242e+02 1 0)
|            ( QUESTION0_17_R 1 -5.753e+03 2.038e+02 6.200e+01
|                ( - 1.236e+01 1 0)
|                ( QUESTION0_9_R 1 -5.561e+03 1.910e+02 6.000e+01
|                    ( WDBNDRY_E 0 -1.402e+03 2.203e+02 1.900e+01
|                        ( - -4.157e+02 2 0 QUESTION10 -1 2.254e+02 7.000e+00)
|                        ( - -7.665e+02 2 0))
|                    ( - -3.968e+03 14 0 QUESTION0_20_R 1 1.729e+02 4.100e+01))))))
s>    ( QUESTION0_7_R 1 -1.389e+04 3.251e+02 1.607e+02
s>        ( - 2.440e+02 1 0)
s>        ( QUESTION5 1 -1.381e+04 3.235e+02 1.597e+02
s>            ( WDBNDRY_E 0 -7.643e+03 3.417e+02 9.672e+01
s>                ( - 2.318e+02 1 0)
s>                ( - -7.533e+03 3 0 QUESTION13 -1 1.853e+02 9.572e+01))
s>            ( QUESTION0_5_R 1 -5.845e+03 3.171e+02 6.300e+01
s>                ( - 2.242e+02 1 0)
s>                ( QUESTION0_17_R 1 -5.753e+03 2.038e+02 6.200e+01
s>                    ( - 1.236e+01 1 0)
s>                    ( QUESTION0_9_R 1 -5.561e+03 1.910e+02 6.000e+01
s>                        ( WDBNDRY_E 0 -1.402e+03 2.203e+02 1.900e+01
s>                            ( - -4.157e+02 2 0 QUESTION10 -1 2.254e+02 7.000e+00)
s>                            ( - -7.665e+02 2 0))
s>                        ( - -3.968e+03 14 0 QUESTION0_20_R 1 1.729e+02 4.100e+01))))))INFO: dtree.c(1315): Comp split 4
INFO: dtree.c(1439): stop. leaf nodes are specific
INFO: dtree.c(1478): Final simple tree
|( WDBNDRY_B 0 -6.036e+03 2.800e+02 9.434e+01
|    ( - -4.903e+02 1 0)
|    ( - -5.266e+03 1 0))
s>    ( WDBNDRY_B 0 -6.036e+03 2.800e+02 9.434e+01
s>        ( - -4.903e+02 1 0)
s>        ( - -5.266e+03 1 0))INFO: dtree.c(1315): Comp split 5
INFO: dtree.c(1478): Final simple tree
|( WDBNDRY_I 0 -1.985e+04 3.500e+02 2.532e+02
|    ( - -2.365e+03 4 0 QUESTION2_0_L -1 1.610e+02 3.994e+01)
|    ( QUESTION1 -1 -1.714e+04 3.447e+02 2.132e+02
|        ( - -1.848e+03 1 0)
|        ( QUESTION2_4_L -1 -1.495e+04 2.726e+02 1.870e+02
|            ( - -2.751e+03 1 0)
|            ( QUESTION10 -1 -1.192e+04 1.962e+02 1.409e+02
|                ( QUESTION18 -1 -5.620e+03 2.142e+02 7.559e+01
|                    ( - -4.804e+03 6 0 WDBNDRY_B 0 1.695e+02 6.459e+01)
|                    ( - -6.025e+02 2 0 QUESTION11 -1 1.333e+02 1.100e+01))
|                ( QUESTION2_2_L -1 -6.106e+03 1.853e+02 6.531e+01
|                    ( - 1.015e+01 1 0)
|                    ( QUESTION6 -1 -5.931e+03 1.824e+02 6.331e+01
|                        ( - -1.650e+02 1 0)
|                        ( - -5.584e+03 10 0 QUESTION0_0_R 1 1.567e+02 6.031e+01)))))))
s>    ( WDBNDRY_I 0 -1.985e+04 3.500e+02 2.532e+02
s>        ( - -2.365e+03 4 0 QUESTION2_0_L -1 1.610e+02 3.994e+01)
s>        ( QUESTION1 -1 -1.714e+04 3.447e+02 2.132e+02
s>            ( - -1.848e+03 1 0)
s>            ( QUESTION2_4_L -1 -1.495e+04 2.726e+02 1.870e+02
s>                ( - -2.751e+03 1 0)
s>                ( QUESTION10 -1 -1.192e+04 1.962e+02 1.409e+02
s>                    ( QUESTION18 -1 -5.620e+03 2.142e+02 7.559e+01
s>                        ( - -4.804e+03 6 0 WDBNDRY_B 0 1.695e+02 6.459e+01)
s>                        ( - -6.025e+02 2 0 QUESTION11 -1 1.333e+02 1.100e+01))
s>                    ( QUESTION2_2_L -1 -6.106e+03 1.853e+02 6.531e+01
s>                        ( - 1.015e+01 1 0)
s>                        ( QUESTION6 -1 -5.931e+03 1.824e+02 6.331e+01
s>                            ( - -1.650e+02 1 0)
s>                            ( - -5.584e+03 10 0 QUESTION0_0_R 1 1.567e+02 6.031e+01)))))))INFO: dtree.c(1315): Comp split 6
INFO: dtree.c(1478): Final simple tree
|( QUESTION2_4_L -1 -2.241e+04 2.286e+02 3.048e+02
|    ( - -1.025e+03 1 0)
|    ( QUESTION18 -1 -2.116e+04 1.843e+02 2.879e+02
|        ( WDBNDRY_B 0 -3.589e+03 1.553e+02 5.321e+01
|            ( - -1.186e+03 2 0)
|            ( - -2.248e+03 2 0))
|        ( QUESTION15 -1 -1.739e+04 1.716e+02 2.347e+02
|            ( - 4.810e+01 1 0)
|            ( QUESTION2_0_L -1 -1.726e+04 1.566e+02 2.327e+02
|                ( WDBNDRY_B 0 -1.637e+04 1.532e+02 2.217e+02
|                    ( QUESTION0 -1 -2.226e+03 1.642e+02 3.000e+01
|                        ( - -7.149e+01 1 0)
|                        ( - -1.991e+03 5 0 QUESTION10 -1 9.606e+01 2.700e+01))
|                    ( - -1.399e+04 3 0))
|                ( - -7.316e+02 1 0)))))
s>    ( QUESTION2_4_L -1 -2.241e+04 2.286e+02 3.048e+02
s>        ( - -1.025e+03 1 0)
s>        ( QUESTION18 -1 -2.116e+04 1.843e+02 2.879e+02
s>            ( WDBNDRY_B 0 -3.589e+03 1.553e+02 5.321e+01
s>                ( - -1.186e+03 2 0)
s>                ( - -2.248e+03 2 0))
s>            ( QUESTION15 -1 -1.739e+04 1.716e+02 2.347e+02
s>                ( - 4.810e+01 1 0)
s>                ( QUESTION2_0_L -1 -1.726e+04 1.566e+02 2.327e+02
s>                    ( WDBNDRY_B 0 -1.637e+04 1.532e+02 2.217e+02
s>                        ( QUESTION0 -1 -2.226e+03 1.642e+02 3.000e+01
s>                            ( - -7.149e+01 1 0)
s>                            ( - -1.991e+03 5 0 QUESTION10 -1 9.606e+01 2.700e+01))
s>                        ( - -1.399e+04 3 0))
s>                    ( - -7.316e+02 1 0)))))INFO: dtree.c(1478): Final simple tree
|( QUESTION0_9_R 1 -7.420e+03 2.316e+02 9.467e+01
|    ( QUESTION10 -1 -1.408e+03 1.991e+02 1.810e+01
|        ( - -4.060e+02 1 0)
|        ( - -8.028e+02 1 0))
|    ( QUESTION12 -1 -5.780e+03 2.007e+02 7.657e+01
|        ( - -1.741e+03 1 0)
|        ( WDBNDRY_B 0 -3.839e+03 2.195e+02 4.789e+01
|            ( QUESTION6 -1 -9.583e+02 1.337e+02 1.400e+01
|                ( - -4.944e+01 1 0)
|                ( QUESTION3 -1 -7.752e+02 1.338e+02 1.100e+01
|                    ( - -6.260e+01 1 0)
|                    ( - -5.789e+02 3 0 QUESTION1 -1 1.313e+02 8.000e+00)))
|            ( QUESTION0 -1 -2.661e+03 1.896e+02 3.389e+01
|                ( - -1.951e+03 2 0)
|                ( - -5.199e+02 1 0)))))
s>    ( QUESTION0_9_R 1 -7.420e+03 2.316e+02 9.467e+01
s>        ( QUESTION10 -1 -1.408e+03 1.991e+02 1.810e+01
s>            ( - -4.060e+02 1 0)
s>            ( - -8.028e+02 1 0))
s>        ( QUESTION12 -1 -5.780e+03 2.007e+02 7.657e+01
s>            ( - -1.741e+03 1 0)
s>            ( WDBNDRY_B 0 -3.839e+03 2.195e+02 4.789e+01
s>                ( QUESTION6 -1 -9.583e+02 1.337e+02 1.400e+01
s>                    ( - -4.944e+01 1 0)
s>                    ( QUESTION3 -1 -7.752e+02 1.338e+02 1.100e+01
s>                        ( - -6.260e+01 1 0)
s>                        ( - -5.789e+02 3 0 QUESTION1 -1 1.313e+02 8.000e+00)))
s>                ( QUESTION0 -1 -2.661e+03 1.896e+02 3.389e+01
s>                    ( - -1.951e+03 2 0)
s>                    ( - -5.199e+02 1 0)))))INFO: dtree.c(1315): Comp split 7
INFO: dtree.c(1478): Final simple tree
|( QUESTION1 -1 -1.412e+04 3.453e+02 1.671e+02
|    ( - -1.848e+03 1 0)
|    ( QUESTION10 -1 -1.192e+04 1.962e+02 1.409e+02
|        ( QUESTION18 -1 -5.620e+03 2.142e+02 7.559e+01
|            ( WDBNDRY_B 0 -4.804e+03 1.695e+02 6.459e+01
|                ( - -4.575e+03 5 0)
|                ( - -5.901e+01 1 0))
|            ( - -6.025e+02 2 0 QUESTION11 -1 1.333e+02 1.100e+01))
|        ( QUESTION2_2_L -1 -6.106e+03 1.853e+02 6.531e+01
|            ( - 1.015e+01 1 0)
|            ( QUESTION6 -1 -5.931e+03 1.824e+02 6.331e+01
|                ( - -1.650e+02 1 0)
|                ( QUESTION0_0_R 1 -5.584e+03 1.567e+02 6.031e+01
|                    ( - 1.028e+02 1 0)
|                    ( - -5.530e+03 9 0 WDBNDRY_B 0 3.412e+02 5.987e+01))))))
s>    ( QUESTION1 -1 -1.412e+04 3.453e+02 1.671e+02
s>        ( - -1.848e+03 1 0)
s>        ( QUESTION10 -1 -1.192e+04 1.962e+02 1.409e+02
s>            ( QUESTION18 -1 -5.620e+03 2.142e+02 7.559e+01
s>                ( WDBNDRY_B 0 -4.804e+03 1.695e+02 6.459e+01
s>                    ( - -4.575e+03 5 0)
s>                    ( - -5.901e+01 1 0))
s>                ( - -6.025e+02 2 0 QUESTION11 -1 1.333e+02 1.100e+01))
s>            ( QUESTION2_2_L -1 -6.106e+03 1.853e+02 6.531e+01
s>                ( - 1.015e+01 1 0)
s>                ( QUESTION6 -1 -5.931e+03 1.824e+02 6.331e+01
s>                    ( - -1.650e+02 1 0)
s>                    ( QUESTION0_0_R 1 -5.584e+03 1.567e+02 6.031e+01
s>                        ( - 1.028e+02 1 0)
s>                        ( - -5.530e+03 9 0 WDBNDRY_B 0 3.412e+02 5.987e+01))))))INFO: dtree.c(1439): stop. leaf nodes are specific
INFO: dtree.c(1478): Final simple tree
|( QUESTION2_0_L -1 -5.327e+03 2.219e+02 8.608e+01
|    ( - -2.045e+03 3 0)
|    ( WDBNDRY_B 0 -3.061e+03 1.505e+02 5.114e+01
|        ( - -2.751e+03 1 0)
|        ( - -1.597e+02 1 0)))
s>    ( QUESTION2_0_L -1 -5.327e+03 2.219e+02 8.608e+01
s>        ( - -2.045e+03 3 0)
s>        ( WDBNDRY_B 0 -3.061e+03 1.505e+02 5.114e+01
s>            ( - -2.751e+03 1 0)
s>            ( - -1.597e+02 1 0)))INFO: dtree.c(1315): Comp split 8
INFO: dtree.c(1439): stop. leaf nodes are specific
INFO: dtree.c(1478): Final simple tree
|( WDBNDRY_B 0 -2.071e+03 1.646e+02 2.918e+01
|    ( - -1.848e+03 1 0)
|    ( - -5.901e+01 1 0))
s>    ( WDBNDRY_B 0 -2.071e+03 1.646e+02 2.918e+01
s>        ( - -1.848e+03 1 0)
s>        ( - -5.901e+01 1 0))INFO: dtree.c(1478): Final simple tree
|( QUESTION10 -1 -1.170e+04 2.012e+02 1.379e+02
|    ( QUESTION18 -1 -5.389e+03 2.113e+02 7.259e+01
|        ( - -4.575e+03 5 0)
|        ( - -6.025e+02 2 0 QUESTION11 -1 1.333e+02 1.100e+01))
|    ( QUESTION2_2_L -1 -6.106e+03 1.853e+02 6.531e+01
|        ( - 1.015e+01 1 0)
|        ( QUESTION6 -1 -5.931e+03 1.824e+02 6.331e+01
|            ( - -1.650e+02 1 0)
|            ( QUESTION0_0_R 1 -5.584e+03 1.567e+02 6.031e+01
|                ( - 1.028e+02 1 0)
|                ( WDBNDRY_B 0 -5.530e+03 3.412e+02 5.987e+01
|                    ( SILENCE -1 -5.357e+03 1.569e+02 5.887e+01
|                        ( - -1.101e+03 2 0)
|                        ( - -4.100e+03 6 0))
|                    ( - 1.686e+02 1 0))))))
s>    ( QUESTION10 -1 -1.170e+04 2.012e+02 1.379e+02
s>        ( QUESTION18 -1 -5.389e+03 2.113e+02 7.259e+01
s>            ( - -4.575e+03 5 0)
s>            ( - -6.025e+02 2 0 QUESTION11 -1 1.333e+02 1.100e+01))
s>        ( QUESTION2_2_L -1 -6.106e+03 1.853e+02 6.531e+01
s>            ( - 1.015e+01 1 0)
s>            ( QUESTION6 -1 -5.931e+03 1.824e+02 6.331e+01
s>                ( - -1.650e+02 1 0)
s>                ( QUESTION0_0_R 1 -5.584e+03 1.567e+02 6.031e+01
s>                    ( - 1.028e+02 1 0)
s>                    ( WDBNDRY_B 0 -5.530e+03 3.412e+02 5.987e+01
s>                        ( SILENCE -1 -5.357e+03 1.569e+02 5.887e+01
s>                            ( - -1.101e+03 2 0)
s>                            ( - -4.100e+03 6 0))
s>                        ( - 1.686e+02 1 0))))))INFO: dtree.c(1315): Comp split 9
INFO: dtree.c(1478): Final simple tree
|( QUESTION10 -1 -1.152e+04 1.993e+02 1.369e+02
|    ( QUESTION18 -1 -5.389e+03 2.113e+02 7.259e+01
|        ( - -4.575e+03 5 0)
|        ( QUESTION11 -1 -6.025e+02 1.333e+02 1.100e+01
|            ( - -1.183e+02 1 0)
|            ( - -3.509e+02 1 0)))
|    ( QUESTION2_2_L -1 -5.936e+03 1.882e+02 6.431e+01
|        ( - 1.015e+01 1 0)
|        ( QUESTION6 -1 -5.758e+03 1.807e+02 6.231e+01
|            ( - -1.650e+02 1 0)
|            ( WDBNDRY_B 0 -5.412e+03 1.574e+02 5.931e+01
|                ( SILENCE -1 -5.357e+03 1.569e+02 5.887e+01
|                    ( - -1.101e+03 2 0)
|                    ( - -4.100e+03 6 0))
|                ( - 1.028e+02 1 0)))))
s>    ( QUESTION10 -1 -1.152e+04 1.993e+02 1.369e+02
s>        ( QUESTION18 -1 -5.389e+03 2.113e+02 7.259e+01
s>            ( - -4.575e+03 5 0)
s>            ( QUESTION11 -1 -6.025e+02 1.333e+02 1.100e+01
s>                ( - -1.183e+02 1 0)
s>                ( - -3.509e+02 1 0)))
s>        ( QUESTION2_2_L -1 -5.936e+03 1.882e+02 6.431e+01
s>            ( - 1.015e+01 1 0)
s>            ( QUESTION6 -1 -5.758e+03 1.807e+02 6.231e+01
s>                ( - -1.650e+02 1 0)
s>                ( WDBNDRY_B 0 -5.412e+03 1.574e+02 5.931e+01
s>                    ( SILENCE -1 -5.357e+03 1.569e+02 5.887e+01
s>                        ( - -1.101e+03 2 0)
s>                        ( - -4.100e+03 6 0))
s>                    ( - 1.028e+02 1 0)))))INFO: dtree.c(1315): Comp split 10
INFO: dtree.c(1478): Final simple tree
|( QUESTION5 1 -1.379e+04 3.313e+02 1.597e+02
|    ( - -7.533e+03 3 0 QUESTION13 -1 1.853e+02 9.572e+01)
|    ( QUESTION0_7_R 1 -5.925e+03 3.240e+02 6.400e+01
|        ( - 2.440e+02 1 0)
|        ( QUESTION0_5_R 1 -5.845e+03 3.171e+02 6.300e+01
|            ( - 2.242e+02 1 0)
|            ( QUESTION0_17_R 1 -5.753e+03 2.038e+02 6.200e+01
|                ( - 1.236e+01 1 0)
|                ( QUESTION0_9_R 1 -5.561e+03 1.910e+02 6.000e+01
|                    ( WDBNDRY_E 0 -1.402e+03 2.203e+02 1.900e+01
|                        ( QUESTION10 -1 -4.157e+02 2.254e+02 7.000e+00
|                            ( - -8.113e+01 1 0)
|                            ( - -1.091e+02 1 0))
|                        ( - -7.665e+02 2 0))
|                    ( - -3.968e+03 14 0 QUESTION0_20_R 1 1.729e+02 4.100e+01))))))
s>    ( QUESTION5 1 -1.379e+04 3.313e+02 1.597e+02
s>        ( - -7.533e+03 3 0 QUESTION13 -1 1.853e+02 9.572e+01)
s>        ( QUESTION0_7_R 1 -5.925e+03 3.240e+02 6.400e+01
s>            ( - 2.440e+02 1 0)
s>            ( QUESTION0_5_R 1 -5.845e+03 3.171e+02 6.300e+01
s>                ( - 2.242e+02 1 0)
s>                ( QUESTION0_17_R 1 -5.753e+03 2.038e+02 6.200e+01
s>                    ( - 1.236e+01 1 0)
s>                    ( QUESTION0_9_R 1 -5.561e+03 1.910e+02 6.000e+01
s>                        ( WDBNDRY_E 0 -1.402e+03 2.203e+02 1.900e+01
s>                            ( QUESTION10 -1 -4.157e+02 2.254e+02 7.000e+00
s>                                ( - -8.113e+01 1 0)
s>                                ( - -1.091e+02 1 0))
s>                            ( - -7.665e+02 2 0))
s>                        ( - -3.968e+03 14 0 QUESTION0_20_R 1 1.729e+02 4.100e+01))))))INFO: dtree.c(1315): Comp split 11
INFO: dtree.c(1439): stop. leaf nodes are specific
INFO: dtree.c(1478): Final simple tree
|( WDBNDRY_B 0 -3.895e+03 2.028e+02 5.957e+01
|    ( - -1.741e+03 1 0)
|    ( - -1.951e+03 2 0))
s>    ( WDBNDRY_B 0 -3.895e+03 2.028e+02 5.957e+01
s>        ( - -1.741e+03 1 0)
s>        ( - -1.951e+03 2 0))INFO: dtree.c(1439): stop. leaf nodes are specific
INFO: dtree.c(1478): Final simple tree
|( QUESTION12 -1 -3.191e+03 1.921e+02 3.510e+01
|    ( - -4.060e+02 1 0)
|    ( WDBNDRY_B 0 -2.593e+03 1.559e+02 2.810e+01
|        ( QUESTION0_9_R 1 -1.917e+03 1.557e+02 2.510e+01
|            ( - -8.028e+02 1 0)
|            ( QUESTION6 -1 -9.583e+02 1.337e+02 1.400e+01
|                ( - -4.944e+01 1 0)
|                ( QUESTION3 -1 -7.752e+02 1.338e+02 1.100e+01
|                    ( - -6.260e+01 1 0)
|                    ( QUESTION1 -1 -5.789e+02 1.313e+02 8.000e+00
|                        ( - -1.951e+02 1 0)
|                        ( - -2.525e+02 2 0)))))
|        ( - -5.199e+02 1 0)))
s>    ( QUESTION12 -1 -3.191e+03 1.921e+02 3.510e+01
s>        ( - -4.060e+02 1 0)
s>        ( WDBNDRY_B 0 -2.593e+03 1.559e+02 2.810e+01
s>            ( QUESTION0_9_R 1 -1.917e+03 1.557e+02 2.510e+01
s>                ( - -8.028e+02 1 0)
s>                ( QUESTION6 -1 -9.583e+02 1.337e+02 1.400e+01
s>                    ( - -4.944e+01 1 0)
s>                    ( QUESTION3 -1 -7.752e+02 1.338e+02 1.100e+01
s>                        ( - -6.260e+01 1 0)
s>                        ( QUESTION1 -1 -5.789e+02 1.313e+02 8.000e+00
s>                            ( - -1.951e+02 1 0)
s>                            ( - -2.525e+02 2 0)))))
s>            ( - -5.199e+02 1 0)))INFO: dtree.c(1315): Comp split 12
INFO: dtree.c(1439): stop. leaf nodes are specific
INFO: dtree.c(1478): Final simple tree
|( WDBNDRY_E 0 -7.843e+03 2.281e+02 1.007e+02
|    ( - -8.113e+01 1 0)
|    ( QUESTION13 -1 -7.533e+03 1.853e+02 9.572e+01
|        ( - -7.610e+02 1 0)
|        ( QUESTION2_0_L -1 -6.587e+03 1.451e+02 8.472e+01
|            ( - -5.965e+00 1 0)
|            ( - -6.436e+03 1 0))))
s>    ( WDBNDRY_E 0 -7.843e+03 2.281e+02 1.007e+02
s>        ( - -8.113e+01 1 0)
s>        ( QUESTION13 -1 -7.533e+03 1.853e+02 9.572e+01
s>            ( - -7.610e+02 1 0)
s>            ( QUESTION2_0_L -1 -6.587e+03 1.451e+02 8.472e+01
s>                ( - -5.965e+00 1 0)
s>                ( - -6.436e+03 1 0))))INFO: dtree.c(1478): Final simple tree
|( QUESTION0_7_R 1 -5.614e+03 3.239e+02 5.900e+01
|    ( - 2.440e+02 1 0)
|    ( QUESTION0_5_R 1 -5.535e+03 3.170e+02 5.800e+01
|        ( - 2.242e+02 1 0)
|        ( QUESTION0_17_R 1 -5.442e+03 2.024e+02 5.700e+01
|            ( - 1.236e+01 1 0)
|            ( QUESTION0_9_R 1 -5.252e+03 1.779e+02 5.500e+01
|                ( WDBNDRY_E 0 -1.106e+03 2.306e+02 1.400e+01
|                    ( - -1.091e+02 1 0)
|                    ( - -7.665e+02 2 0))
|                ( QUESTION0_20_R 1 -3.968e+03 1.729e+02 4.100e+01
|                    ( - -3.647e+01 1 0)
|                    ( QUESTION2_2_L -1 -3.758e+03 1.658e+02 3.900e+01
|                        ( - -1.178e+02 1 0)
|                        ( - -3.475e+03 12 0 QUESTION9 1 3.250e+02 3.600e+01)))))))
s>    ( QUESTION0_7_R 1 -5.614e+03 3.239e+02 5.900e+01
s>        ( - 2.440e+02 1 0)
s>        ( QUESTION0_5_R 1 -5.535e+03 3.170e+02 5.800e+01
s>            ( - 2.242e+02 1 0)
s>            ( QUESTION0_17_R 1 -5.442e+03 2.024e+02 5.700e+01
s>                ( - 1.236e+01 1 0)
s>                ( QUESTION0_9_R 1 -5.252e+03 1.779e+02 5.500e+01
s>                    ( WDBNDRY_E 0 -1.106e+03 2.306e+02 1.400e+01
s>                        ( - -1.091e+02 1 0)
s>                        ( - -7.665e+02 2 0))
s>                    ( QUESTION0_20_R 1 -3.968e+03 1.729e+02 4.100e+01
s>                        ( - -3.647e+01 1 0)
s>                        ( QUESTION2_2_L -1 -3.758e+03 1.658e+02 3.900e+01
s>                            ( - -1.178e+02 1 0)
s>                            ( - -3.475e+03 12 0 QUESTION9 1 3.250e+02 3.600e+01)))))))INFO: dtree.c(1315): Comp split 13
INFO: dtree.c(1439): stop. leaf nodes are specific
INFO: dtree.c(1478): Final simple tree
|( QUESTION0 -1 -5.892e+03 2.066e+02 7.356e+01
|    ( - -4.580e+02 2 0)
|    ( - -5.227e+03 2 0))
s>    ( QUESTION0 -1 -5.892e+03 2.066e+02 7.356e+01
s>        ( - -4.580e+02 2 0)
s>        ( - -5.227e+03 2 0))INFO: dtree.c(1478): Final simple tree
|( QUESTION2_1_L -1 -2.367e+04 2.262e+02 3.010e+02
|    ( QUESTION0 -1 -1.670e+04 1.450e+02 2.110e+02
|        ( - -8.663e+01 1 0)
|        ( - -1.647e+04 11 0 QUESTION10 -1 1.216e+02 2.080e+02))
|    ( QUESTION5 -1 -6.738e+03 1.934e+02 8.999e+01
|        ( - -8.807e+02 2 0)
|        ( QUESTION1 -1 -5.664e+03 1.646e+02 7.599e+01
|            ( - -3.765e+02 1 0)
|            ( QUESTION4 -1 -5.123e+03 1.688e+02 7.099e+01
|                ( - -9.027e+02 1 0)
|                ( QUESTION2_4_L -1 -4.052e+03 1.503e+02 5.600e+01
|                    ( - -1.106e+03 1 0)
|                    ( QUESTION2_17_L -1 -2.796e+03 1.404e+02 4.000e+01
|                        ( - -2.523e+02 1 0)
|                        ( - -2.403e+03 5 0 QUESTION0 -1 9.581e+01 3.500e+01)))))))
s>    ( QUESTION2_1_L -1 -2.367e+04 2.262e+02 3.010e+02
s>        ( QUESTION0 -1 -1.670e+04 1.450e+02 2.110e+02
s>            ( - -8.663e+01 1 0)
s>            ( - -1.647e+04 11 0 QUESTION10 -1 1.216e+02 2.080e+02))
s>        ( QUESTION5 -1 -6.738e+03 1.934e+02 8.999e+01
s>            ( - -8.807e+02 2 0)
s>            ( QUESTION1 -1 -5.664e+03 1.646e+02 7.599e+01
s>                ( - -3.765e+02 1 0)
s>                ( QUESTION4 -1 -5.123e+03 1.688e+02 7.099e+01
s>                    ( - -9.027e+02 1 0)
s>                    ( QUESTION2_4_L -1 -4.052e+03 1.503e+02 5.600e+01
s>                        ( - -1.106e+03 1 0)
s>                        ( QUESTION2_17_L -1 -2.796e+03 1.404e+02 4.000e+01
s>                            ( - -2.523e+02 1 0)
s>                            ( - -2.403e+03 5 0 QUESTION0 -1 9.581e+01 3.500e+01)))))))INFO: dtree.c(1315): Comp split 14
INFO: dtree.c(1478): Final simple tree
|( QUESTION0_5_R 1 -5.535e+03 3.170e+02 5.800e+01
|    ( - 2.242e+02 1 0)
|    ( QUESTION0_17_R 1 -5.442e+03 2.024e+02 5.700e+01
|        ( - 1.236e+01 1 0)
|        ( QUESTION0_9_R 1 -5.252e+03 1.779e+02 5.500e+01
|            ( WDBNDRY_E 0 -1.106e+03 2.306e+02 1.400e+01
|                ( - -1.091e+02 1 0)
|                ( - -7.665e+02 2 0))
|            ( QUESTION0_20_R 1 -3.968e+03 1.729e+02 4.100e+01
|                ( - -3.647e+01 1 0)
|                ( QUESTION2_2_L -1 -3.758e+03 1.658e+02 3.900e+01
|                    ( - -1.178e+02 1 0)
|                    ( QUESTION9 1 -3.475e+03 3.250e+02 3.600e+01
|                        ( - 1.652e+02 1 0)
|                        ( - -3.315e+03 11 0 QUESTION0_8_R 1 1.677e+02 3.500e+01)))))))
s>    ( QUESTION0_5_R 1 -5.535e+03 3.170e+02 5.800e+01
s>        ( - 2.242e+02 1 0)
s>        ( QUESTION0_17_R 1 -5.442e+03 2.024e+02 5.700e+01
s>            ( - 1.236e+01 1 0)
s>            ( QUESTION0_9_R 1 -5.252e+03 1.779e+02 5.500e+01
s>                ( WDBNDRY_E 0 -1.106e+03 2.306e+02 1.400e+01
s>                    ( - -1.091e+02 1 0)
s>                    ( - -7.665e+02 2 0))
s>                ( QUESTION0_20_R 1 -3.968e+03 1.729e+02 4.100e+01
s>                    ( - -3.647e+01 1 0)
s>                    ( QUESTION2_2_L -1 -3.758e+03 1.658e+02 3.900e+01
s>                        ( - -1.178e+02 1 0)
s>                        ( QUESTION9 1 -3.475e+03 3.250e+02 3.600e+01
s>                            ( - 1.652e+02 1 0)
s>                            ( - -3.315e+03 11 0 QUESTION0_8_R 1 1.677e+02 3.500e+01)))))))INFO: dtree.c(1315): Comp split 15
INFO: dtree.c(1478): Final simple tree
|( QUESTION0_5_R 1 -5.381e+03 3.166e+02 5.700e+01
|    ( - 2.242e+02 1 0)
|    ( QUESTION0_17_R 1 -5.289e+03 2.031e+02 5.600e+01
|        ( - 1.236e+01 1 0)
|        ( QUESTION0_9_R 1 -5.098e+03 1.795e+02 5.400e+01
|            ( WDBNDRY_E 0 -1.106e+03 2.306e+02 1.400e+01
|                ( - -1.091e+02 1 0)
|                ( - -7.665e+02 2 0))
|            ( QUESTION0_20_R 1 -3.812e+03 1.737e+02 4.000e+01
|                ( - -3.647e+01 1 0)
|                ( QUESTION9 1 -3.602e+03 1.696e+02 3.800e+01
|                    ( - -1.178e+02 1 0)
|                    ( QUESTION0_8_R 1 -3.315e+03 1.677e+02 3.500e+01
|                        ( - -8.352e+01 1 0)
|                        ( - -3.064e+03 10 0 SILENCE 1 1.486e+02 3.300e+01)))))))
s>    ( QUESTION0_5_R 1 -5.381e+03 3.166e+02 5.700e+01
s>        ( - 2.242e+02 1 0)
s>        ( QUESTION0_17_R 1 -5.289e+03 2.031e+02 5.600e+01
s>            ( - 1.236e+01 1 0)
s>            ( QUESTION0_9_R 1 -5.098e+03 1.795e+02 5.400e+01
s>                ( WDBNDRY_E 0 -1.106e+03 2.306e+02 1.400e+01
s>                    ( - -1.091e+02 1 0)
s>                    ( - -7.665e+02 2 0))
s>                ( QUESTION0_20_R 1 -3.812e+03 1.737e+02 4.000e+01
s>                    ( - -3.647e+01 1 0)
s>                    ( QUESTION9 1 -3.602e+03 1.696e+02 3.800e+01
s>                        ( - -1.178e+02 1 0)
s>                        ( QUESTION0_8_R 1 -3.315e+03 1.677e+02 3.500e+01
s>                            ( - -8.352e+01 1 0)
s>                            ( - -3.064e+03 10 0 SILENCE 1 1.486e+02 3.300e+01)))))))INFO: dtree.c(1315): Comp split 16
INFO: dtree.c(1478): Final simple tree
|( QUESTION0_17_R 1 -5.289e+03 2.031e+02 5.600e+01
|    ( - 1.236e+01 1 0)
|    ( QUESTION0_9_R 1 -5.098e+03 1.795e+02 5.400e+01
|        ( WDBNDRY_E 0 -1.106e+03 2.306e+02 1.400e+01
|            ( - -1.091e+02 1 0)
|            ( - -7.665e+02 2 0))
|        ( QUESTION0_20_R 1 -3.812e+03 1.737e+02 4.000e+01
|            ( - -3.647e+01 1 0)
|            ( QUESTION9 1 -3.602e+03 1.696e+02 3.800e+01
|                ( - -1.178e+02 1 0)
|                ( QUESTION0_8_R 1 -3.315e+03 1.677e+02 3.500e+01
|                    ( - -8.352e+01 1 0)
|                    ( SILENCE 1 -3.064e+03 1.486e+02 3.300e+01
|                        ( - -1.700e+02 1 0)
|                        ( - -2.745e+03 9 0 WDBNDRY_E 0 1.629e+02 2.900e+01)))))))
s>    ( QUESTION0_17_R 1 -5.289e+03 2.031e+02 5.600e+01
s>        ( - 1.236e+01 1 0)
s>        ( QUESTION0_9_R 1 -5.098e+03 1.795e+02 5.400e+01
s>            ( WDBNDRY_E 0 -1.106e+03 2.306e+02 1.400e+01
s>                ( - -1.091e+02 1 0)
s>                ( - -7.665e+02 2 0))
s>            ( QUESTION0_20_R 1 -3.812e+03 1.737e+02 4.000e+01
s>                ( - -3.647e+01 1 0)
s>                ( QUESTION9 1 -3.602e+03 1.696e+02 3.800e+01
s>                    ( - -1.178e+02 1 0)
s>                    ( QUESTION0_8_R 1 -3.315e+03 1.677e+02 3.500e+01
s>                        ( - -8.352e+01 1 0)
s>                        ( SILENCE 1 -3.064e+03 1.486e+02 3.300e+01
s>                            ( - -1.700e+02 1 0)
s>                            ( - -2.745e+03 9 0 WDBNDRY_E 0 1.629e+02 2.900e+01)))))))INFO: dtree.c(1315): Comp split 17
INFO: dtree.c(1315): Comp split 18
INFO: dtree.c(1439): stop. leaf nodes are specific
INFO: dtree.c(1478): Final simple tree
|( QUESTION2_1_L -1 -2.032e+04 1.766e+02 2.600e+02
|    ( QUESTION0 -1 -1.670e+04 1.450e+02 2.110e+02
|        ( - -8.663e+01 1 0)
|        ( QUESTION10 -1 -1.647e+04 1.216e+02 2.080e+02
|            ( - -1.626e+02 1 0)
|            ( - -1.619e+04 10 0)))
|    ( QUESTION4 -1 -3.443e+03 1.590e+02 4.900e+01
|        ( - -8.807e+02 2 0)
|        ( QUESTION0 -1 -2.403e+03 9.581e+01 3.500e+01
|            ( - -1.008e+03 2 0)
|            ( - -1.299e+03 3 0))))
s>    ( QUESTION2_1_L -1 -2.032e+04 1.766e+02 2.600e+02
s>        ( QUESTION0 -1 -1.670e+04 1.450e+02 2.110e+02
s>            ( - -8.663e+01 1 0)
s>            ( QUESTION10 -1 -1.647e+04 1.216e+02 2.080e+02
s>                ( - -1.626e+02 1 0)
s>                ( - -1.619e+04 10 0)))
s>        ( QUESTION4 -1 -3.443e+03 1.590e+02 4.900e+01
s>            ( - -8.807e+02 2 0)
s>            ( QUESTION0 -1 -2.403e+03 9.581e+01 3.500e+01
s>                ( - -1.008e+03 2 0)
s>                ( - -1.299e+03 3 0))))INFO: dtree.c(1439): stop. leaf nodes are specific
INFO: dtree.c(1478): Final simple tree
|( QUESTION1 -1 -3.076e+03 1.595e+02 4.099e+01
|    ( - -3.765e+02 1 0)
|    ( QUESTION0 -1 -2.540e+03 1.625e+02 3.599e+01
|        ( QUESTION3 -1 -1.272e+03 1.174e+02 1.999e+01
|            ( - -2.523e+02 1 0)
|            ( - -9.027e+02 1 0))
|        ( - -1.106e+03 1 0)))
s>    ( QUESTION1 -1 -3.076e+03 1.595e+02 4.099e+01
s>        ( - -3.765e+02 1 0)
s>        ( QUESTION0 -1 -2.540e+03 1.625e+02 3.599e+01
s>            ( QUESTION3 -1 -1.272e+03 1.174e+02 1.999e+01
s>                ( - -2.523e+02 1 0)
s>                ( - -9.027e+02 1 0))
s>            ( - -1.106e+03 1 0)))INFO: dtree.c(1315): Comp split 19
INFO: dtree.c(1439): stop. leaf nodes are specific
INFO: dtree.c(1478): Final simple tree
|( QUESTION18 -1 -1.678e+04 1.963e+02 2.329e+02
|    ( - -2.248e+03 2 0)
|    ( QUESTION10 -1 -1.433e+04 1.715e+02 1.967e+02
|        ( - 4.810e+01 1 0)
|        ( WDBNDRY_B 0 -1.421e+04 1.432e+02 1.947e+02
|            ( - -7.149e+01 1 0)
|            ( - -1.399e+04 3 0))))
s>    ( QUESTION18 -1 -1.678e+04 1.963e+02 2.329e+02
s>        ( - -2.248e+03 2 0)
s>        ( QUESTION10 -1 -1.433e+04 1.715e+02 1.967e+02
s>            ( - 4.810e+01 1 0)
s>            ( WDBNDRY_B 0 -1.421e+04 1.432e+02 1.947e+02
s>                ( - -7.149e+01 1 0)
s>                ( - -1.399e+04 3 0))))INFO: dtree.c(1439): stop. leaf nodes are specific
INFO: dtree.c(1478): Final simple tree
|( QUESTION2_4_L -1 -5.388e+03 2.050e+02 7.194e+01
|    ( - -1.025e+03 1 0)
|    ( QUESTION18 -1 -4.158e+03 1.271e+02 5.499e+01
|        ( - -1.186e+03 2 0)
|        ( WDBNDRY_B 0 -2.845e+03 1.223e+02 3.799e+01
|            ( QUESTION10 -1 -1.991e+03 9.606e+01 2.700e+01
|                ( - -2.636e+02 1 0)
|                ( - -1.631e+03 4 0))
|            ( - -7.316e+02 1 0))))
s>    ( QUESTION2_4_L -1 -5.388e+03 2.050e+02 7.194e+01
s>        ( - -1.025e+03 1 0)
s>        ( QUESTION18 -1 -4.158e+03 1.271e+02 5.499e+01
s>            ( - -1.186e+03 2 0)
s>            ( WDBNDRY_B 0 -2.845e+03 1.223e+02 3.799e+01
s>                ( QUESTION10 -1 -1.991e+03 9.606e+01 2.700e+01
s>                    ( - -2.636e+02 1 0)
s>                    ( - -1.631e+03 4 0))
s>                ( - -7.316e+02 1 0))))INFO: dtree.c(1315): Comp split 20
INFO: dtree.c(1478): Final simple tree
|( QUESTION0_17_R 1 -4.294e+03 2.100e+02 4.400e+01
|    ( - 1.236e+01 1 0)
|    ( QUESTION0_9_R 1 -4.097e+03 1.751e+02 4.200e+01
|        ( - -1.091e+02 1 0)
|        ( QUESTION0_20_R 1 -3.812e+03 1.737e+02 4.000e+01
|            ( - -3.647e+01 1 0)
|            ( QUESTION9 1 -3.602e+03 1.696e+02 3.800e+01
|                ( - -1.178e+02 1 0)
|                ( QUESTION0_8_R 1 -3.315e+03 1.677e+02 3.500e+01
|                    ( - -8.352e+01 1 0)
|                    ( SILENCE 1 -3.064e+03 1.486e+02 3.300e+01
|                        ( - -1.700e+02 1 0)
|                        ( WDBNDRY_E 0 -2.745e+03 1.629e+02 2.900e+01
|                            ( - -1.169e+01 1 0)
|                            ( - -2.571e+03 8 0 QUESTION0_16_R 1 1.464e+02 2.700e+01))))))))
s>    ( QUESTION0_17_R 1 -4.294e+03 2.100e+02 4.400e+01
s>        ( - 1.236e+01 1 0)
s>        ( QUESTION0_9_R 1 -4.097e+03 1.751e+02 4.200e+01
s>            ( - -1.091e+02 1 0)
s>            ( QUESTION0_20_R 1 -3.812e+03 1.737e+02 4.000e+01
s>                ( - -3.647e+01 1 0)
s>                ( QUESTION9 1 -3.602e+03 1.696e+02 3.800e+01
s>                    ( - -1.178e+02 1 0)
s>                    ( QUESTION0_8_R 1 -3.315e+03 1.677e+02 3.500e+01
s>                        ( - -8.352e+01 1 0)
s>                        ( SILENCE 1 -3.064e+03 1.486e+02 3.300e+01
s>                            ( - -1.700e+02 1 0)
s>                            ( WDBNDRY_E 0 -2.745e+03 1.629e+02 2.900e+01
s>                                ( - -1.169e+01 1 0)
s>                                ( - -2.571e+03 8 0 QUESTION0_16_R 1 1.464e+02 2.700e+01))))))))INFO: dtree.c(1315): Comp split 21
INFO: dtree.c(1439): stop. leaf nodes are specific
INFO: dtree.c(1478): Final simple tree
|( QUESTION13 -1 -7.533e+03 1.853e+02 9.572e+01
|    ( - -7.610e+02 1 0)
|    ( QUESTION2_0_L -1 -6.587e+03 1.451e+02 8.472e+01
|        ( - -5.965e+00 1 0)
|        ( - -6.436e+03 1 0)))
s>    ( QUESTION13 -1 -7.533e+03 1.853e+02 9.572e+01
s>        ( - -7.610e+02 1 0)
s>        ( QUESTION2_0_L -1 -6.587e+03 1.451e+02 8.472e+01
s>            ( - -5.965e+00 1 0)
s>            ( - -6.436e+03 1 0)))INFO: dtree.c(1315): Comp split 22
INFO: dtree.c(1439): stop. leaf nodes are specific
INFO: dtree.c(1478): Final simple tree
|( QUESTION0 -1 -9.378e+02 1.703e+02 1.400e+01
|    ( - -1.650e+02 1 0)
|    ( QUESTION11 -1 -6.025e+02 1.333e+02 1.100e+01
|        ( - -1.183e+02 1 0)
|        ( - -3.509e+02 1 0)))
s>    ( QUESTION0 -1 -9.378e+02 1.703e+02 1.400e+01
s>        ( - -1.650e+02 1 0)
s>        ( QUESTION11 -1 -6.025e+02 1.333e+02 1.100e+01
s>            ( - -1.183e+02 1 0)
s>            ( - -3.509e+02 1 0)))INFO: dtree.c(1439): stop. leaf nodes are specific
INFO: dtree.c(1478): Final simple tree
|( QUESTION2_2_L -1 -1.036e+04 2.051e+02 1.229e+02
|    ( QUESTION0 -1 -4.744e+03 1.792e+02 6.359e+01
|        ( - 1.015e+01 1 0)
|        ( - -4.575e+03 5 0))
|    ( WDBNDRY_B 0 -5.412e+03 1.574e+02 5.931e+01
|        ( SILENCE -1 -5.357e+03 1.569e+02 5.887e+01
|            ( - -1.101e+03 2 0)
|            ( - -4.100e+03 6 0))
|        ( - 1.028e+02 1 0)))
s>    ( QUESTION2_2_L -1 -1.036e+04 2.051e+02 1.229e+02
s>        ( QUESTION0 -1 -4.744e+03 1.792e+02 6.359e+01
s>            ( - 1.015e+01 1 0)
s>            ( - -4.575e+03 5 0))
s>        ( WDBNDRY_B 0 -5.412e+03 1.574e+02 5.931e+01
s>            ( SILENCE -1 -5.357e+03 1.569e+02 5.887e+01
s>                ( - -1.101e+03 2 0)
s>                ( - -4.100e+03 6 0))
s>            ( - 1.028e+02 1 0)))INFO: dtree.c(1315): Comp split 23
INFO: dtree.c(1439): stop. leaf nodes are specific
INFO: dtree.c(1478): Final simple tree
|( WDBNDRY_B 0 -3.061e+03 1.505e+02 5.114e+01
|    ( - -2.751e+03 1 0)
|    ( - -1.597e+02 1 0))
s>    ( WDBNDRY_B 0 -3.061e+03 1.505e+02 5.114e+01
s>        ( - -2.751e+03 1 0)
s>        ( - -1.597e+02 1 0))INFO: dtree.c(1315): Comp split 24
INFO: dtree.c(1478): Final simple tree
|( QUESTION0_9_R 1 -4.097e+03 1.751e+02 4.200e+01
|    ( - -1.091e+02 1 0)
|    ( QUESTION0_20_R 1 -3.812e+03 1.737e+02 4.000e+01
|        ( - -3.647e+01 1 0)
|        ( QUESTION9 1 -3.602e+03 1.696e+02 3.800e+01
|            ( - -1.178e+02 1 0)
|            ( QUESTION0_8_R 1 -3.315e+03 1.677e+02 3.500e+01
|                ( - -8.352e+01 1 0)
|                ( SILENCE 1 -3.064e+03 1.486e+02 3.300e+01
|                    ( - -1.700e+02 1 0)
|                    ( WDBNDRY_E 0 -2.745e+03 1.629e+02 2.900e+01
|                        ( - -1.169e+01 1 0)
|                        ( QUESTION0_16_R 1 -2.571e+03 1.464e+02 2.700e+01
|                            ( - -3.108e+02 2 0)
|                            ( - -2.113e+03 6 0 QUESTION0_1_R 1 1.339e+02 2.200e+01))))))))
s>    ( QUESTION0_9_R 1 -4.097e+03 1.751e+02 4.200e+01
s>        ( - -1.091e+02 1 0)
s>        ( QUESTION0_20_R 1 -3.812e+03 1.737e+02 4.000e+01
s>            ( - -3.647e+01 1 0)
s>            ( QUESTION9 1 -3.602e+03 1.696e+02 3.800e+01
s>                ( - -1.178e+02 1 0)
s>                ( QUESTION0_8_R 1 -3.315e+03 1.677e+02 3.500e+01
s>                    ( - -8.352e+01 1 0)
s>                    ( SILENCE 1 -3.064e+03 1.486e+02 3.300e+01
s>                        ( - -1.700e+02 1 0)
s>                        ( WDBNDRY_E 0 -2.745e+03 1.629e+02 2.900e+01
s>                            ( - -1.169e+01 1 0)
s>                            ( QUESTION0_16_R 1 -2.571e+03 1.464e+02 2.700e+01
s>                                ( - -3.108e+02 2 0)
s>                                ( - -2.113e+03 6 0 QUESTION0_1_R 1 1.339e+02 2.200e+01))))))))INFO: dtree.c(1315): Comp split 25
INFO: dtree.c(1315): Comp split 26
INFO: dtree.c(1439): stop. leaf nodes are specific
INFO: dtree.c(1478): Final simple tree
|( SILENCE -1 -5.357e+03 1.569e+02 5.887e+01
|    ( - -1.101e+03 2 0)
|    ( - -4.100e+03 6 0))
s>    ( SILENCE -1 -5.357e+03 1.569e+02 5.887e+01
s>        ( - -1.101e+03 2 0)
s>        ( - -4.100e+03 6 0))INFO: dtree.c(1439): stop. leaf nodes are specific
INFO: dtree.c(1478): Final simple tree
|( QUESTION6 -1 -4.799e+03 1.787e+02 6.404e+01
|    ( - 1.015e+01 1 0)
|    ( WDBNDRY_B 0 -4.630e+03 1.577e+02 6.204e+01
|        ( - -4.575e+03 5 0)
|        ( - 1.028e+02 1 0)))
s>    ( QUESTION6 -1 -4.799e+03 1.787e+02 6.404e+01
s>        ( - 1.015e+01 1 0)
s>        ( WDBNDRY_B 0 -4.630e+03 1.577e+02 6.204e+01
s>            ( - -4.575e+03 5 0)
s>            ( - 1.028e+02 1 0)))INFO: dtree.c(1315): Comp split 27
INFO: dtree.c(1439): stop. leaf nodes are specific
INFO: dtree.c(1478): Final simple tree
|( QUESTION18 -1 -4.158e+03 1.271e+02 5.499e+01
|    ( - -1.186e+03 2 0)
|    ( WDBNDRY_B 0 -2.845e+03 1.223e+02 3.799e+01
|        ( QUESTION10 -1 -1.991e+03 9.606e+01 2.700e+01
|            ( - -2.636e+02 1 0)
|            ( - -1.631e+03 4 0))
|        ( - -7.316e+02 1 0)))
s>    ( QUESTION18 -1 -4.158e+03 1.271e+02 5.499e+01
s>        ( - -1.186e+03 2 0)
s>        ( WDBNDRY_B 0 -2.845e+03 1.223e+02 3.799e+01
s>            ( QUESTION10 -1 -1.991e+03 9.606e+01 2.700e+01
s>                ( - -2.636e+02 1 0)
s>                ( - -1.631e+03 4 0))
s>            ( - -7.316e+02 1 0)))INFO: dtree.c(1315): Comp split 28
INFO: dtree.c(1315): Comp split 29
INFO: dtree.c(1439): stop. leaf nodes are specific
INFO: dtree.c(1478): Final simple tree
|( QUESTION10 -1 -1.433e+04 1.715e+02 1.967e+02
|    ( - 4.810e+01 1 0)
|    ( WDBNDRY_B 0 -1.421e+04 1.432e+02 1.947e+02
|        ( - -7.149e+01 1 0)
|        ( - -1.399e+04 3 0)))
s>    ( QUESTION10 -1 -1.433e+04 1.715e+02 1.967e+02
s>        ( - 4.810e+01 1 0)
s>        ( WDBNDRY_B 0 -1.421e+04 1.432e+02 1.947e+02
s>            ( - -7.149e+01 1 0)
s>            ( - -1.399e+04 3 0)))INFO: dtree.c(1315): Comp split 30
INFO: dtree.c(1439): stop. leaf nodes are specific
INFO: dtree.c(1478): Final simple tree
|( QUESTION0_20_R 1 -2.645e+03 1.765e+02 2.800e+01
|    ( - -3.647e+01 1 0)
|    ( WDBNDRY_E 0 -2.432e+03 1.483e+02 2.600e+01
|        ( - -1.700e+02 1 0)
|        ( QUESTION0_1_R 1 -2.113e+03 1.339e+02 2.200e+01
|            ( - -6.064e+01 2 0)
|            ( QUESTION10 -1 -1.919e+03 1.268e+02 2.000e+01
|                ( - -1.182e+02 1 0)
|                ( - -1.674e+03 3 0)))))
s>    ( QUESTION0_20_R 1 -2.645e+03 1.765e+02 2.800e+01
s>        ( - -3.647e+01 1 0)
s>        ( WDBNDRY_E 0 -2.432e+03 1.483e+02 2.600e+01
s>            ( - -1.700e+02 1 0)
s>            ( QUESTION0_1_R 1 -2.113e+03 1.339e+02 2.200e+01
s>                ( - -6.064e+01 2 0)
s>                ( QUESTION10 -1 -1.919e+03 1.268e+02 2.000e+01
s>                    ( - -1.182e+02 1 0)
s>                    ( - -1.674e+03 3 0)))))INFO: dtree.c(1439): stop. leaf nodes are specific
INFO: dtree.c(1478): Final simple tree
|( QUESTION0_9_R 1 -1.257e+03 1.810e+02 1.400e+01
|    ( - -1.091e+02 1 0)
|    ( QUESTION0 1 -9.665e+02 1.474e+02 1.200e+01
|        ( QUESTION0_15_R 1 -7.014e+02 1.455e+02 9.000e+00
|            ( - -1.169e+01 1 0)
|            ( WDBNDRY_E 0 -5.442e+02 1.499e+02 7.000e+00
|                ( - -8.352e+01 1 0)
|                ( - -3.108e+02 2 0)))
|        ( - -1.178e+02 1 0)))
s>    ( QUESTION0_9_R 1 -1.257e+03 1.810e+02 1.400e+01
s>        ( - -1.091e+02 1 0)
s>        ( QUESTION0 1 -9.665e+02 1.474e+02 1.200e+01
s>            ( QUESTION0_15_R 1 -7.014e+02 1.455e+02 9.000e+00
s>                ( - -1.169e+01 1 0)
s>                ( WDBNDRY_E 0 -5.442e+02 1.499e+02 7.000e+00
s>                    ( - -8.352e+01 1 0)
s>                    ( - -3.108e+02 2 0)))
s>            ( - -1.178e+02 1 0)))INFO: dtree.c(1315): Comp split 31
INFO: dtree.c(1439): stop. leaf nodes are specific
INFO: dtree.c(1478): Final simple tree
|( WDBNDRY_B 0 -2.593e+03 1.559e+02 2.810e+01
|    ( QUESTION0_9_R 1 -1.917e+03 1.557e+02 2.510e+01
|        ( - -8.028e+02 1 0)
|        ( QUESTION6 -1 -9.583e+02 1.337e+02 1.400e+01
|            ( - -4.944e+01 1 0)
|            ( QUESTION3 -1 -7.752e+02 1.338e+02 1.100e+01
|                ( - -6.260e+01 1 0)
|                ( QUESTION1 -1 -5.789e+02 1.313e+02 8.000e+00
|                    ( - -1.951e+02 1 0)
|                    ( - -2.525e+02 2 0)))))
|    ( - -5.199e+02 1 0))
s>    ( WDBNDRY_B 0 -2.593e+03 1.559e+02 2.810e+01
s>        ( QUESTION0_9_R 1 -1.917e+03 1.557e+02 2.510e+01
s>            ( - -8.028e+02 1 0)
s>            ( QUESTION6 -1 -9.583e+02 1.337e+02 1.400e+01
s>                ( - -4.944e+01 1 0)
s>                ( QUESTION3 -1 -7.752e+02 1.338e+02 1.100e+01
s>                    ( - -6.260e+01 1 0)
s>                    ( QUESTION1 -1 -5.789e+02 1.313e+02 8.000e+00
s>                        ( - -1.951e+02 1 0)
s>                        ( - -2.525e+02 2 0)))))
s>        ( - -5.199e+02 1 0))INFO: dtree.c(1315): Comp split 32
INFO: dtree.c(1439): stop. leaf nodes are specific
INFO: dtree.c(1478): Final simple tree
|( QUESTION2_0_L -1 -6.587e+03 1.451e+02 8.472e+01
|    ( - -5.965e+00 1 0)
|    ( - -6.436e+03 1 0))
s>    ( QUESTION2_0_L -1 -6.587e+03 1.451e+02 8.472e+01
s>        ( - -5.965e+00 1 0)
s>        ( - -6.436e+03 1 0))INFO: dtree.c(1315): Comp split 33
INFO: dtree.c(1439): stop. leaf nodes are specific
INFO: dtree.c(1478): Final simple tree
|( QUESTION0 1 -9.665e+02 1.474e+02 1.200e+01
|    ( QUESTION0_15_R 1 -7.014e+02 1.455e+02 9.000e+00
|        ( - -1.169e+01 1 0)
|        ( WDBNDRY_E 0 -5.442e+02 1.499e+02 7.000e+00
|            ( - -8.352e+01 1 0)
|            ( - -3.108e+02 2 0)))
|    ( - -1.178e+02 1 0))
s>    ( QUESTION0 1 -9.665e+02 1.474e+02 1.200e+01
s>        ( QUESTION0_15_R 1 -7.014e+02 1.455e+02 9.000e+00
s>            ( - -1.169e+01 1 0)
s>            ( WDBNDRY_E 0 -5.442e+02 1.499e+02 7.000e+00
s>                ( - -8.352e+01 1 0)
s>                ( - -3.108e+02 2 0)))
s>        ( - -1.178e+02 1 0))INFO: dtree.c(1315): Comp split 34
INFO: dtree.c(1439): stop. leaf nodes are specific
INFO: dtree.c(1478): Final simple tree
|( WDBNDRY_B 0 -4.630e+03 1.577e+02 6.204e+01
|    ( - -4.575e+03 5 0)
|    ( - 1.028e+02 1 0))
s>    ( WDBNDRY_B 0 -4.630e+03 1.577e+02 6.204e+01
s>        ( - -4.575e+03 5 0)
s>        ( - 1.028e+02 1 0))INFO: dtree.c(1315): Comp split 35
INFO: dtree.c(1439): stop. leaf nodes are specific
INFO: dtree.c(1478): Final simple tree
|( QUESTION4 -1 -3.727e+03 1.686e+02 5.300e+01
|    ( - -8.807e+02 2 0)
|    ( QUESTION11 -1 -2.677e+03 1.117e+02 3.900e+01
|        ( - -1.626e+02 1 0)
|        ( QUESTION0 -1 -2.403e+03 9.581e+01 3.500e+01
|            ( - -1.008e+03 2 0)
|            ( - -1.299e+03 3 0))))
s>    ( QUESTION4 -1 -3.727e+03 1.686e+02 5.300e+01
s>        ( - -8.807e+02 2 0)
s>        ( QUESTION11 -1 -2.677e+03 1.117e+02 3.900e+01
s>            ( - -1.626e+02 1 0)
s>            ( QUESTION0 -1 -2.403e+03 9.581e+01 3.500e+01
s>                ( - -1.008e+03 2 0)
s>                ( - -1.299e+03 3 0))))INFO: dtree.c(1439): stop. leaf nodes are specific
INFO: dtree.c(1478): Final simple tree
|( QUESTION0 -1 -1.642e+04 1.449e+02 2.070e+02
|    ( - -8.663e+01 1 0)
|    ( - -1.619e+04 10 0))
s>    ( QUESTION0 -1 -1.642e+04 1.449e+02 2.070e+02
s>        ( - -8.663e+01 1 0)
s>        ( - -1.619e+04 10 0))INFO: dtree.c(1315): Comp split 36
INFO: dtree.c(1439): stop. leaf nodes are specific
INFO: dtree.c(1478): Final simple tree
|( WDBNDRY_E 0 -2.432e+03 1.483e+02 2.600e+01
|    ( - -1.700e+02 1 0)
|    ( QUESTION0_1_R 1 -2.113e+03 1.339e+02 2.200e+01
|        ( - -6.064e+01 2 0)
|        ( QUESTION10 -1 -1.919e+03 1.268e+02 2.000e+01
|            ( - -1.182e+02 1 0)
|            ( - -1.674e+03 3 0))))
s>    ( WDBNDRY_E 0 -2.432e+03 1.483e+02 2.600e+01
s>        ( - -1.700e+02 1 0)
s>        ( QUESTION0_1_R 1 -2.113e+03 1.339e+02 2.200e+01
s>            ( - -6.064e+01 2 0)
s>            ( QUESTION10 -1 -1.919e+03 1.268e+02 2.000e+01
s>                ( - -1.182e+02 1 0)
s>                ( - -1.674e+03 3 0))))INFO: dtree.c(1315): Comp split 37
INFO: dtree.c(1439): stop. leaf nodes are specific
INFO: dtree.c(1478): Final simple tree
|( WDBNDRY_B 0 -1.421e+04 1.432e+02 1.947e+02
|    ( - -7.149e+01 1 0)
|    ( - -1.399e+04 3 0))
s>    ( WDBNDRY_B 0 -1.421e+04 1.432e+02 1.947e+02
s>        ( - -7.149e+01 1 0)
s>        ( - -1.399e+04 3 0))INFO: dtree.c(1315): Comp split 38
INFO: dtree.c(1439): stop. leaf nodes are specific
INFO: dtree.c(1478): Final simple tree
|( QUESTION11 -1 -6.025e+02 1.333e+02 1.100e+01
|    ( - -1.183e+02 1 0)
|    ( - -3.509e+02 1 0))
s>    ( QUESTION11 -1 -6.025e+02 1.333e+02 1.100e+01
s>        ( - -1.183e+02 1 0)
s>        ( - -3.509e+02 1 0))INFO: dtree.c(1315): Comp split 39
INFO: dtree.c(1439): stop. leaf nodes are specific
INFO: dtree.c(1478): Final simple tree
|( QUESTION11 -1 -2.677e+03 1.117e+02 3.900e+01
|    ( - -1.626e+02 1 0)
|    ( QUESTION0 -1 -2.403e+03 9.581e+01 3.500e+01
|        ( - -1.008e+03 2 0)
|        ( - -1.299e+03 3 0)))
s>    ( QUESTION11 -1 -2.677e+03 1.117e+02 3.900e+01
s>        ( - -1.626e+02 1 0)
s>        ( QUESTION0 -1 -2.403e+03 9.581e+01 3.500e+01
s>            ( - -1.008e+03 2 0)
s>            ( - -1.299e+03 3 0)))INFO: dtree.c(1315): Comp split 40
INFO: dtree.c(1315): Comp split 41
INFO: dtree.c(1439): stop. leaf nodes are specific
INFO: dtree.c(1478): Final simple tree
|( QUESTION0 -1 -2.540e+03 1.625e+02 3.599e+01
|    ( QUESTION3 -1 -1.272e+03 1.174e+02 1.999e+01
|        ( - -2.523e+02 1 0)
|        ( - -9.027e+02 1 0))
|    ( - -1.106e+03 1 0))
s>    ( QUESTION0 -1 -2.540e+03 1.625e+02 3.599e+01
s>        ( QUESTION3 -1 -1.272e+03 1.174e+02 1.999e+01
s>            ( - -2.523e+02 1 0)
s>            ( - -9.027e+02 1 0))
s>        ( - -1.106e+03 1 0))INFO: dtree.c(1315): Comp split 42
INFO: dtree.c(1439): stop. leaf nodes are specific
INFO: dtree.c(1478): Final simple tree
|( QUESTION3 -1 -1.272e+03 1.174e+02 1.999e+01
|    ( - -2.523e+02 1 0)
|    ( - -9.027e+02 1 0))
s>    ( QUESTION3 -1 -1.272e+03 1.174e+02 1.999e+01
s>        ( - -2.523e+02 1 0)
s>        ( - -9.027e+02 1 0))INFO: dtree.c(1315): Comp split 43
INFO: dtree.c(1315): Comp split 44
INFO: dtree.c(1315): Comp split 45
INFO: dtree.c(1439): stop. leaf nodes are specific
INFO: dtree.c(1478): Final simple tree
|( QUESTION0_9_R 1 -1.917e+03 1.557e+02 2.510e+01
|    ( - -8.028e+02 1 0)
|    ( QUESTION6 -1 -9.583e+02 1.337e+02 1.400e+01
|        ( - -4.944e+01 1 0)
|        ( QUESTION3 -1 -7.752e+02 1.338e+02 1.100e+01
|            ( - -6.260e+01 1 0)
|            ( QUESTION1 -1 -5.789e+02 1.313e+02 8.000e+00
|                ( - -1.951e+02 1 0)
|                ( - -2.525e+02 2 0)))))
s>    ( QUESTION0_9_R 1 -1.917e+03 1.557e+02 2.510e+01
s>        ( - -8.028e+02 1 0)
s>        ( QUESTION6 -1 -9.583e+02 1.337e+02 1.400e+01
s>            ( - -4.944e+01 1 0)
s>            ( QUESTION3 -1 -7.752e+02 1.338e+02 1.100e+01
s>                ( - -6.260e+01 1 0)
s>                ( QUESTION1 -1 -5.789e+02 1.313e+02 8.000e+00
s>                    ( - -1.951e+02 1 0)
s>                    ( - -2.525e+02 2 0)))))INFO: dtree.c(1315): Comp split 46
INFO: dtree.c(1439): stop. leaf nodes are specific
INFO: dtree.c(1478): Final simple tree
|( QUESTION6 -1 -9.583e+02 1.337e+02 1.400e+01
|    ( - -4.944e+01 1 0)
|    ( QUESTION3 -1 -7.752e+02 1.338e+02 1.100e+01
|        ( - -6.260e+01 1 0)
|        ( QUESTION1 -1 -5.789e+02 1.313e+02 8.000e+00
|            ( - -1.951e+02 1 0)
|            ( - -2.525e+02 2 0))))
s>    ( QUESTION6 -1 -9.583e+02 1.337e+02 1.400e+01
s>        ( - -4.944e+01 1 0)
s>        ( QUESTION3 -1 -7.752e+02 1.338e+02 1.100e+01
s>            ( - -6.260e+01 1 0)
s>            ( QUESTION1 -1 -5.789e+02 1.313e+02 8.000e+00
s>                ( - -1.951e+02 1 0)
s>                ( - -2.525e+02 2 0))))INFO: dtree.c(1315): Comp split 47
INFO: dtree.c(1315): Comp split 48
INFO: dtree.c(1439): stop. leaf nodes are specific
INFO: dtree.c(1478): Final simple tree
|( QUESTION0_1_R 1 -2.113e+03 1.339e+02 2.200e+01
|    ( - -6.064e+01 2 0)
|    ( QUESTION10 -1 -1.919e+03 1.268e+02 2.000e+01
|        ( - -1.182e+02 1 0)
|        ( - -1.674e+03 3 0)))
s>    ( QUESTION0_1_R 1 -2.113e+03 1.339e+02 2.200e+01
s>        ( - -6.064e+01 2 0)
s>        ( QUESTION10 -1 -1.919e+03 1.268e+02 2.000e+01
s>            ( - -1.182e+02 1 0)
s>            ( - -1.674e+03 3 0)))INFO: dtree.c(1315): Comp split 49
INFO: dtree.c(1439): stop. leaf nodes are specific
INFO: dtree.c(1478): Final simple tree
|( QUESTION0_15_R 1 -7.014e+02 1.455e+02 9.000e+00
|    ( - -1.169e+01 1 0)
|    ( WDBNDRY_E 0 -5.442e+02 1.499e+02 7.000e+00
|        ( - -8.352e+01 1 0)
|        ( - -3.108e+02 2 0)))
s>    ( QUESTION0_15_R 1 -7.014e+02 1.455e+02 9.000e+00
s>        ( - -1.169e+01 1 0)
s>        ( WDBNDRY_E 0 -5.442e+02 1.499e+02 7.000e+00
s>            ( - -8.352e+01 1 0)
s>            ( - -3.108e+02 2 0)))INFO: dtree.c(1315): Comp split 50
INFO: dtree.c(1439): stop. leaf nodes are specific
INFO: dtree.c(1478): Final simple tree
|( WDBNDRY_E 0 -5.442e+02 1.499e+02 7.000e+00
|    ( - -8.352e+01 1 0)
|    ( - -3.108e+02 2 0))
s>    ( WDBNDRY_E 0 -5.442e+02 1.499e+02 7.000e+00
s>        ( - -8.352e+01 1 0)
s>        ( - -3.108e+02 2 0))INFO: dtree.c(1315): Comp split 51
INFO: dtree.c(1315): Comp split 52
INFO: dtree.c(1315): Comp split 53
INFO: dtree.c(1315): Comp split 54
INFO: dtree.c(1315): Comp split 55
INFO: dtree.c(1439): stop. leaf nodes are specific
INFO: dtree.c(1478): Final simple tree
|( QUESTION10 -1 -1.919e+03 1.268e+02 2.000e+01
|    ( - -1.182e+02 1 0)
|    ( - -1.674e+03 3 0))
s>    ( QUESTION10 -1 -1.919e+03 1.268e+02 2.000e+01
s>        ( - -1.182e+02 1 0)
s>        ( - -1.674e+03 3 0))INFO: dtree.c(1315): Comp split 56
INFO: dtree.c(1439): stop. leaf nodes are specific
INFO: dtree.c(1478): Final simple tree
|( QUESTION3 -1 -7.752e+02 1.338e+02 1.100e+01
|    ( - -6.260e+01 1 0)
|    ( QUESTION1 -1 -5.789e+02 1.313e+02 8.000e+00
|        ( - -1.951e+02 1 0)
|        ( - -2.525e+02 2 0)))
s>    ( QUESTION3 -1 -7.752e+02 1.338e+02 1.100e+01
s>        ( - -6.260e+01 1 0)
s>        ( QUESTION1 -1 -5.789e+02 1.313e+02 8.000e+00
s>            ( - -1.951e+02 1 0)
s>            ( - -2.525e+02 2 0)))INFO: dtree.c(1315): Comp split 57
INFO: dtree.c(1439): stop. leaf nodes are specific
INFO: dtree.c(1478): Final simple tree
|( QUESTION1 -1 -5.789e+02 1.313e+02 8.000e+00
|    ( - -1.951e+02 1 0)
|    ( - -2.525e+02 2 0))
s>    ( QUESTION1 -1 -5.789e+02 1.313e+02 8.000e+00
s>        ( - -1.951e+02 1 0)
s>        ( - -2.525e+02 2 0))INFO: dtree.c(1315): Comp split 58
INFO: dtree.c(1315): Comp split 59
INFO: dtree.c(1315): Comp split 60
INFO: dtree.c(1439): stop. leaf nodes are specific
INFO: dtree.c(1478): Final simple tree
|( WDBNDRY_B 0 -2.845e+03 1.223e+02 3.799e+01
|    ( QUESTION10 -1 -1.991e+03 9.606e+01 2.700e+01
|        ( - -2.636e+02 1 0)
|        ( - -1.631e+03 4 0))
|    ( - -7.316e+02 1 0))
s>    ( WDBNDRY_B 0 -2.845e+03 1.223e+02 3.799e+01
s>        ( QUESTION10 -1 -1.991e+03 9.606e+01 2.700e+01
s>            ( - -2.636e+02 1 0)
s>            ( - -1.631e+03 4 0))
s>        ( - -7.316e+02 1 0))INFO: dtree.c(1315): Comp split 61
INFO: dtree.c(1315): Comp split 62
INFO: dtree.c(1439): stop. leaf nodes are specific
INFO: dtree.c(1478): Final simple tree
|( QUESTION10 -1 -1.991e+03 9.606e+01 2.700e+01
|    ( - -2.636e+02 1 0)
|    ( - -1.631e+03 4 0))
s>    ( QUESTION10 -1 -1.991e+03 9.606e+01 2.700e+01
s>        ( - -2.636e+02 1 0)
s>        ( - -1.631e+03 4 0))INFO: dtree.c(1315): Comp split 63
INFO: dtree.c(1315): Comp split 64
INFO: dtree.c(1439): stop. leaf nodes are specific
INFO: dtree.c(1478): Final simple tree
|( QUESTION0 -1 -2.403e+03 9.581e+01 3.500e+01
|    ( - -1.008e+03 2 0)
|    ( - -1.299e+03 3 0))
s>    ( QUESTION0 -1 -2.403e+03 9.581e+01 3.500e+01
s>        ( - -1.008e+03 2 0)
s>        ( - -1.299e+03 3 0))INFO: dtree.c(1315): Comp split 65
INFO: dtree.c(1315): Comp split 66
INFO: dtree.c(1315): Comp split 67
INFO: dtree.c(1318): stop. leaf nodes are specific
!!!!!!!!Allocated 66 lines
Fri Apr  8 23:09:28 2016
