Current configuration:
[NAME]		[DEFLT]	[VALUE]
-allphones	no	no
-cntthresh	0.00001	1.000000e-05
-csplitmax	100	2000
-csplitmin	1	1
-csplitthr	8e-4	0.000000e+00
-example	no	no
-fullvar	no	no
-help		no	no
-meanfn			/home/yaroslav/model/model_parameters/ua.cd_cont_untied/means
-mixwfn			/home/yaroslav/model/model_parameters/ua.cd_cont_untied/mixture_weights
-moddeffn		/home/yaroslav/model/model_architecture/ua.untied.mdef
-mwfloor	1e-4	1.000000e-08
-phone			BB
-psetfn			/home/yaroslav/model/model_architecture/ua.tree_questions
-ssplitmax	5	7
-ssplitmin	1	1
-ssplitthr	8e-4	0.000000e+00
-state			0
-stwt			1.0,0.05,0.0,
-treefn			/home/yaroslav/model/trees/ua.unpruned/BB-0.dtree
-ts2cbfn	.semi.	.cont.
-varfloor	0.00001	1.000000e-05
-varfn			/home/yaroslav/model/model_parameters/ua.cd_cont_untied/variances

INFO: main.c(223): Reading: /home/yaroslav/model/model_architecture/ua.untied.mdef
INFO: model_def_io.c(573): Model definition info:
INFO: model_def_io.c(574): 9391 total models defined (51 base, 9340 tri)
INFO: model_def_io.c(575): 37564 total states
INFO: model_def_io.c(576): 28173 total tied states
INFO: model_def_io.c(577): 153 total tied CI states
INFO: model_def_io.c(578): 51 total tied transition matrices
INFO: model_def_io.c(579): 4 max state/model
INFO: model_def_io.c(580): 4 min state/model
INFO: main.c(242): Building trees for [BB A І b] through [BB І І i]
INFO: main.c(269): Covering states |[3195 3275]| == 81
INFO: main.c(275): Reading: /home/yaroslav/model/model_parameters/ua.cd_cont_untied/mixture_weights
INFO: s3mixw_io.c(173): Read /home/yaroslav/model/model_parameters/ua.cd_cont_untied/mixture_weights [81x1x1 array]
INFO: main.c(311): 26 of 27 models have observation count greater than 0.000010
INFO: main.c(95): nrm stwt: 0.952 0.048 0.000 
INFO: s3gau_io.c(169): Read /home/yaroslav/model/model_parameters/ua.cd_cont_untied/means [28173x1x1 array]
INFO: s3gau_io.c(169): Read /home/yaroslav/model/model_parameters/ua.cd_cont_untied/variances [28173x1x1 array]
INFO: main.c(549): Reading: /home/yaroslav/model/model_architecture/ua.tree_questions
INFO: main.c(588): 174 total simple questions (166 phone; 8 word bndry)
INFO: main.c(590): 40 Left Only questions, and 42 Right Only questions
INFO: dtree.c(1478): Final simple tree
|( QUESTION10 -1 -4.542e+04 3.160e+02 6.230e+02
|    ( QUESTION2_1_L -1 -1.500e+04 2.582e+02 2.010e+02
|        ( - -2.391e+03 1 0)
|        ( QUESTION11 -1 -1.235e+04 1.580e+02 1.689e+02
|            ( - -1.093e+02 1 0)
|            ( - -1.208e+04 9 0 QUESTION0_0_R 1 1.502e+02 1.659e+02)))
|    ( QUESTION2_2_L -1 -3.011e+04 3.079e+02 4.220e+02
|        ( - 2.256e+02 1 0)
|        ( QUESTION0_0_R 1 -3.002e+04 2.019e+02 4.210e+02
|            ( WDBNDRY_B 0 -2.857e+04 1.739e+02 4.000e+02
|                ( QUESTION2_10_L -1 -1.023e+04 1.612e+02 1.448e+02
|                    ( - -2.164e+02 1 0)
|                    ( - -9.857e+03 7 0 SILENCE -1 1.537e+02 1.388e+02))
|                ( - -1.816e+04 5 0))
|            ( - -1.248e+03 1 0))))
s>    ( QUESTION10 -1 -4.542e+04 3.160e+02 6.230e+02
s>        ( QUESTION2_1_L -1 -1.500e+04 2.582e+02 2.010e+02
s>            ( - -2.391e+03 1 0)
s>            ( QUESTION11 -1 -1.235e+04 1.580e+02 1.689e+02
s>                ( - -1.093e+02 1 0)
s>                ( - -1.208e+04 9 0 QUESTION0_0_R 1 1.502e+02 1.659e+02)))
s>        ( QUESTION2_2_L -1 -3.011e+04 3.079e+02 4.220e+02
s>            ( - 2.256e+02 1 0)
s>            ( QUESTION0_0_R 1 -3.002e+04 2.019e+02 4.210e+02
s>                ( WDBNDRY_B 0 -2.857e+04 1.739e+02 4.000e+02
s>                    ( QUESTION2_10_L -1 -1.023e+04 1.612e+02 1.448e+02
s>                        ( - -2.164e+02 1 0)
s>                        ( - -9.857e+03 7 0 SILENCE -1 1.537e+02 1.388e+02))
s>                    ( - -1.816e+04 5 0))
s>                ( - -1.248e+03 1 0))))INFO: dtree.c(1315): Comp split 0
INFO: dtree.c(1439): stop. leaf nodes are specific
INFO: dtree.c(1478): Final simple tree
|( QUESTION0_0_R 1 -3.002e+04 2.019e+02 4.210e+02
|    ( WDBNDRY_B 0 -2.857e+04 1.739e+02 4.000e+02
|        ( QUESTION2_10_L -1 -1.023e+04 1.612e+02 1.448e+02
|            ( - -2.164e+02 1 0)
|            ( SILENCE -1 -9.857e+03 1.537e+02 1.388e+02
|                ( - -1.090e+02 1 0)
|                ( QUESTION1 -1 -9.595e+03 1.465e+02 1.348e+02
|                    ( - -1.016e+02 1 0)
|                    ( QUESTION0 -1 -9.346e+03 1.290e+02 1.318e+02
|                        ( - -3.187e+01 1 0)
|                        ( - -9.186e+03 4 0)))))
|        ( - -1.816e+04 5 0))
|    ( - -1.248e+03 1 0))
s>    ( QUESTION0_0_R 1 -3.002e+04 2.019e+02 4.210e+02
s>        ( WDBNDRY_B 0 -2.857e+04 1.739e+02 4.000e+02
s>            ( QUESTION2_10_L -1 -1.023e+04 1.612e+02 1.448e+02
s>                ( - -2.164e+02 1 0)
s>                ( SILENCE -1 -9.857e+03 1.537e+02 1.388e+02
s>                    ( - -1.090e+02 1 0)
s>                    ( QUESTION1 -1 -9.595e+03 1.465e+02 1.348e+02
s>                        ( - -1.016e+02 1 0)
s>                        ( QUESTION0 -1 -9.346e+03 1.290e+02 1.318e+02
s>                            ( - -3.187e+01 1 0)
s>                            ( - -9.186e+03 4 0)))))
s>            ( - -1.816e+04 5 0))
s>        ( - -1.248e+03 1 0))INFO: dtree.c(1478): Final simple tree
|( QUESTION0 -1 -1.508e+04 3.059e+02 2.020e+02
|    ( - 2.256e+02 1 0)
|    ( QUESTION2_1_L -1 -1.500e+04 2.582e+02 2.010e+02
|        ( - -2.391e+03 1 0)
|        ( QUESTION11 -1 -1.235e+04 1.580e+02 1.689e+02
|            ( - -1.093e+02 1 0)
|            ( QUESTION0_0_R 1 -1.208e+04 1.502e+02 1.659e+02
|                ( WDBNDRY_B 0 -1.121e+04 1.350e+02 1.529e+02
|                    ( QUESTION13 -1 -7.873e+03 1.735e+02 1.086e+02
|                        ( - -5.427e+03 2 0 QUESTION16 -1 1.174e+02 7.759e+01)
|                        ( QUESTION2_0_L -1 -2.272e+03 1.355e+02 3.100e+01
|                            ( - -1.615e+03 2 0)
|                            ( - -5.215e+02 1 0)))
|                    ( - -3.202e+03 2 0 QUESTION13 -1 1.167e+02 4.432e+01))
|                ( - -7.238e+02 2 0 QUESTION2_0_L -1 1.180e+02 1.300e+01)))))
s>    ( QUESTION0 -1 -1.508e+04 3.059e+02 2.020e+02
s>        ( - 2.256e+02 1 0)
s>        ( QUESTION2_1_L -1 -1.500e+04 2.582e+02 2.010e+02
s>            ( - -2.391e+03 1 0)
s>            ( QUESTION11 -1 -1.235e+04 1.580e+02 1.689e+02
s>                ( - -1.093e+02 1 0)
s>                ( QUESTION0_0_R 1 -1.208e+04 1.502e+02 1.659e+02
s>                    ( WDBNDRY_B 0 -1.121e+04 1.350e+02 1.529e+02
s>                        ( QUESTION13 -1 -7.873e+03 1.735e+02 1.086e+02
s>                            ( - -5.427e+03 2 0 QUESTION16 -1 1.174e+02 7.759e+01)
s>                            ( QUESTION2_0_L -1 -2.272e+03 1.355e+02 3.100e+01
s>                                ( - -1.615e+03 2 0)
s>                                ( - -5.215e+02 1 0)))
s>                        ( - -3.202e+03 2 0 QUESTION13 -1 1.167e+02 4.432e+01))
s>                    ( - -7.238e+02 2 0 QUESTION2_0_L -1 1.180e+02 1.300e+01)))))INFO: dtree.c(1315): Comp split 1
INFO: dtree.c(1478): Final simple tree
|( QUESTION2_1_L -1 -1.500e+04 2.582e+02 2.010e+02
|    ( - -2.391e+03 1 0)
|    ( QUESTION11 -1 -1.235e+04 1.580e+02 1.689e+02
|        ( - -1.093e+02 1 0)
|        ( QUESTION0_0_R 1 -1.208e+04 1.502e+02 1.659e+02
|            ( WDBNDRY_B 0 -1.121e+04 1.350e+02 1.529e+02
|                ( QUESTION13 -1 -7.873e+03 1.735e+02 1.086e+02
|                    ( - -5.427e+03 2 0 QUESTION16 -1 1.174e+02 7.759e+01)
|                    ( QUESTION2_0_L -1 -2.272e+03 1.355e+02 3.100e+01
|                        ( - -1.615e+03 2 0)
|                        ( - -5.215e+02 1 0)))
|                ( - -3.202e+03 2 0 QUESTION13 -1 1.167e+02 4.432e+01))
|            ( QUESTION2_0_L -1 -7.238e+02 1.180e+02 1.300e+01
|                ( - -2.050e+02 1 0)
|                ( - -4.009e+02 1 0)))))
s>    ( QUESTION2_1_L -1 -1.500e+04 2.582e+02 2.010e+02
s>        ( - -2.391e+03 1 0)
s>        ( QUESTION11 -1 -1.235e+04 1.580e+02 1.689e+02
s>            ( - -1.093e+02 1 0)
s>            ( QUESTION0_0_R 1 -1.208e+04 1.502e+02 1.659e+02
s>                ( WDBNDRY_B 0 -1.121e+04 1.350e+02 1.529e+02
s>                    ( QUESTION13 -1 -7.873e+03 1.735e+02 1.086e+02
s>                        ( - -5.427e+03 2 0 QUESTION16 -1 1.174e+02 7.759e+01)
s>                        ( QUESTION2_0_L -1 -2.272e+03 1.355e+02 3.100e+01
s>                            ( - -1.615e+03 2 0)
s>                            ( - -5.215e+02 1 0)))
s>                    ( - -3.202e+03 2 0 QUESTION13 -1 1.167e+02 4.432e+01))
s>                ( QUESTION2_0_L -1 -7.238e+02 1.180e+02 1.300e+01
s>                    ( - -2.050e+02 1 0)
s>                    ( - -4.009e+02 1 0)))))INFO: dtree.c(1315): Comp split 2
INFO: dtree.c(1478): Final simple tree
|( QUESTION11 -1 -1.235e+04 1.580e+02 1.689e+02
|    ( - -1.093e+02 1 0)
|    ( QUESTION0_0_R 1 -1.208e+04 1.502e+02 1.659e+02
|        ( WDBNDRY_B 0 -1.121e+04 1.350e+02 1.529e+02
|            ( QUESTION13 -1 -7.873e+03 1.735e+02 1.086e+02
|                ( QUESTION16 -1 -5.427e+03 1.174e+02 7.759e+01
|                    ( - -1.700e+02 1 0)
|                    ( - -5.139e+03 1 0))
|                ( QUESTION2_0_L -1 -2.272e+03 1.355e+02 3.100e+01
|                    ( - -1.615e+03 2 0)
|                    ( - -5.215e+02 1 0)))
|            ( - -3.202e+03 2 0 QUESTION13 -1 1.167e+02 4.432e+01))
|        ( QUESTION2_0_L -1 -7.238e+02 1.180e+02 1.300e+01
|            ( - -2.050e+02 1 0)
|            ( - -4.009e+02 1 0))))
s>    ( QUESTION11 -1 -1.235e+04 1.580e+02 1.689e+02
s>        ( - -1.093e+02 1 0)
s>        ( QUESTION0_0_R 1 -1.208e+04 1.502e+02 1.659e+02
s>            ( WDBNDRY_B 0 -1.121e+04 1.350e+02 1.529e+02
s>                ( QUESTION13 -1 -7.873e+03 1.735e+02 1.086e+02
s>                    ( QUESTION16 -1 -5.427e+03 1.174e+02 7.759e+01
s>                        ( - -1.700e+02 1 0)
s>                        ( - -5.139e+03 1 0))
s>                    ( QUESTION2_0_L -1 -2.272e+03 1.355e+02 3.100e+01
s>                        ( - -1.615e+03 2 0)
s>                        ( - -5.215e+02 1 0)))
s>                ( - -3.202e+03 2 0 QUESTION13 -1 1.167e+02 4.432e+01))
s>            ( QUESTION2_0_L -1 -7.238e+02 1.180e+02 1.300e+01
s>                ( - -2.050e+02 1 0)
s>                ( - -4.009e+02 1 0))))INFO: dtree.c(1315): Comp split 3
INFO: dtree.c(1439): stop. leaf nodes are specific
INFO: dtree.c(1478): Final simple tree
|( QUESTION17 -1 -6.292e+03 1.475e+02 9.059e+01
|    ( - -5.139e+03 1 0)
|    ( QUESTION2_0_L -1 -1.006e+03 1.300e+02 1.700e+01
|        ( QUESTION0_0_R 1 -4.748e+02 9.974e+01 9.000e+00
|            ( - -1.700e+02 1 0)
|            ( - -2.050e+02 1 0))
|        ( - -4.009e+02 1 0)))
s>    ( QUESTION17 -1 -6.292e+03 1.475e+02 9.059e+01
s>        ( - -5.139e+03 1 0)
s>        ( QUESTION2_0_L -1 -1.006e+03 1.300e+02 1.700e+01
s>            ( QUESTION0_0_R 1 -4.748e+02 9.974e+01 9.000e+00
s>                ( - -1.700e+02 1 0)
s>                ( - -2.050e+02 1 0))
s>            ( - -4.009e+02 1 0)))INFO: dtree.c(1439): stop. leaf nodes are specific
INFO: dtree.c(1478): Final simple tree
|( QUESTION11 -1 -5.850e+03 1.515e+02 7.832e+01
|    ( - -1.093e+02 1 0)
|    ( QUESTION2_0_L -1 -5.589e+03 1.293e+02 7.532e+01
|        ( WDBNDRY_B 0 -4.939e+03 1.214e+02 6.632e+01
|            ( - -1.615e+03 2 0)
|            ( QUESTION13 -1 -3.202e+03 1.167e+02 4.432e+01
|                ( - -2.471e+03 1 0)
|                ( - -6.138e+02 1 0)))
|        ( - -5.215e+02 1 0)))
s>    ( QUESTION11 -1 -5.850e+03 1.515e+02 7.832e+01
s>        ( - -1.093e+02 1 0)
s>        ( QUESTION2_0_L -1 -5.589e+03 1.293e+02 7.532e+01
s>            ( WDBNDRY_B 0 -4.939e+03 1.214e+02 6.632e+01
s>                ( - -1.615e+03 2 0)
s>                ( QUESTION13 -1 -3.202e+03 1.167e+02 4.432e+01
s>                    ( - -2.471e+03 1 0)
s>                    ( - -6.138e+02 1 0)))
s>            ( - -5.215e+02 1 0)))INFO: dtree.c(1315): Comp split 4
INFO: dtree.c(1439): stop. leaf nodes are specific
INFO: dtree.c(1478): Final simple tree
|( WDBNDRY_B 0 -2.819e+04 1.704e+02 3.940e+02
|    ( SILENCE -1 -9.857e+03 1.537e+02 1.388e+02
|        ( - -1.090e+02 1 0)
|        ( QUESTION1 -1 -9.595e+03 1.465e+02 1.348e+02
|            ( - -1.016e+02 1 0)
|            ( QUESTION0 -1 -9.346e+03 1.290e+02 1.318e+02
|                ( - -3.187e+01 1 0)
|                ( - -9.186e+03 4 0))))
|    ( - -1.816e+04 5 0))
s>    ( WDBNDRY_B 0 -2.819e+04 1.704e+02 3.940e+02
s>        ( SILENCE -1 -9.857e+03 1.537e+02 1.388e+02
s>            ( - -1.090e+02 1 0)
s>            ( QUESTION1 -1 -9.595e+03 1.465e+02 1.348e+02
s>                ( - -1.016e+02 1 0)
s>                ( QUESTION0 -1 -9.346e+03 1.290e+02 1.318e+02
s>                    ( - -3.187e+01 1 0)
s>                    ( - -9.186e+03 4 0))))
s>        ( - -1.816e+04 5 0))INFO: dtree.c(1439): stop. leaf nodes are specific
INFO: dtree.c(1478): Final simple tree
|( WDBNDRY_B 0 -1.625e+03 1.606e+02 2.700e+01
|    ( - -2.164e+02 1 0)
|    ( - -1.248e+03 1 0))
s>    ( WDBNDRY_B 0 -1.625e+03 1.606e+02 2.700e+01
s>        ( - -2.164e+02 1 0)
s>        ( - -1.248e+03 1 0))INFO: dtree.c(1315): Comp split 5
INFO: dtree.c(1439): stop. leaf nodes are specific
INFO: dtree.c(1478): Final simple tree
|( QUESTION0 -1 -9.346e+03 1.290e+02 1.318e+02
|    ( - -3.187e+01 1 0)
|    ( - -9.186e+03 4 0))
s>    ( QUESTION0 -1 -9.346e+03 1.290e+02 1.318e+02
s>        ( - -3.187e+01 1 0)
s>        ( - -9.186e+03 4 0))INFO: dtree.c(1439): stop. leaf nodes are specific
INFO: dtree.c(1478): Final simple tree
|( SILENCE -1 -1.866e+04 1.530e+02 2.622e+02
|    ( - -1.090e+02 1 0)
|    ( WDBNDRY_B 0 -1.840e+04 1.339e+02 2.582e+02
|        ( - -1.016e+02 1 0)
|        ( - -1.816e+04 5 0)))
s>    ( SILENCE -1 -1.866e+04 1.530e+02 2.622e+02
s>        ( - -1.090e+02 1 0)
s>        ( WDBNDRY_B 0 -1.840e+04 1.339e+02 2.582e+02
s>            ( - -1.016e+02 1 0)
s>            ( - -1.816e+04 5 0)))INFO: dtree.c(1315): Comp split 6
INFO: dtree.c(1315): Comp split 7
INFO: dtree.c(1439): stop. leaf nodes are specific
INFO: dtree.c(1478): Final simple tree
|( WDBNDRY_B 0 -1.840e+04 1.339e+02 2.582e+02
|    ( - -1.016e+02 1 0)
|    ( - -1.816e+04 5 0))
s>    ( WDBNDRY_B 0 -1.840e+04 1.339e+02 2.582e+02
s>        ( - -1.016e+02 1 0)
s>        ( - -1.816e+04 5 0))INFO: dtree.c(1315): Comp split 8
INFO: dtree.c(1439): stop. leaf nodes are specific
INFO: dtree.c(1478): Final simple tree
|( QUESTION2_0_L -1 -5.589e+03 1.293e+02 7.532e+01
|    ( WDBNDRY_B 0 -4.939e+03 1.214e+02 6.632e+01
|        ( - -1.615e+03 2 0)
|        ( QUESTION13 -1 -3.202e+03 1.167e+02 4.432e+01
|            ( - -2.471e+03 1 0)
|            ( - -6.138e+02 1 0)))
|    ( - -5.215e+02 1 0))
s>    ( QUESTION2_0_L -1 -5.589e+03 1.293e+02 7.532e+01
s>        ( WDBNDRY_B 0 -4.939e+03 1.214e+02 6.632e+01
s>            ( - -1.615e+03 2 0)
s>            ( QUESTION13 -1 -3.202e+03 1.167e+02 4.432e+01
s>                ( - -2.471e+03 1 0)
s>                ( - -6.138e+02 1 0)))
s>        ( - -5.215e+02 1 0))INFO: dtree.c(1315): Comp split 9
INFO: dtree.c(1439): stop. leaf nodes are specific
INFO: dtree.c(1478): Final simple tree
|( QUESTION2_0_L -1 -1.006e+03 1.300e+02 1.700e+01
|    ( QUESTION0_0_R 1 -4.748e+02 9.974e+01 9.000e+00
|        ( - -1.700e+02 1 0)
|        ( - -2.050e+02 1 0))
|    ( - -4.009e+02 1 0))
s>    ( QUESTION2_0_L -1 -1.006e+03 1.300e+02 1.700e+01
s>        ( QUESTION0_0_R 1 -4.748e+02 9.974e+01 9.000e+00
s>            ( - -1.700e+02 1 0)
s>            ( - -2.050e+02 1 0))
s>        ( - -4.009e+02 1 0))INFO: dtree.c(1315): Comp split 10
INFO: dtree.c(1315): Comp split 11
INFO: dtree.c(1439): stop. leaf nodes are specific
INFO: dtree.c(1478): Final simple tree
|( QUESTION0_0_R 1 -4.748e+02 9.974e+01 9.000e+00
|    ( - -1.700e+02 1 0)
|    ( - -2.050e+02 1 0))
s>    ( QUESTION0_0_R 1 -4.748e+02 9.974e+01 9.000e+00
s>        ( - -1.700e+02 1 0)
s>        ( - -2.050e+02 1 0))INFO: dtree.c(1315): Comp split 12
INFO: dtree.c(1439): stop. leaf nodes are specific
INFO: dtree.c(1478): Final simple tree
|( WDBNDRY_B 0 -4.939e+03 1.214e+02 6.632e+01
|    ( - -1.615e+03 2 0)
|    ( QUESTION13 -1 -3.202e+03 1.167e+02 4.432e+01
|        ( - -2.471e+03 1 0)
|        ( - -6.138e+02 1 0)))
s>    ( WDBNDRY_B 0 -4.939e+03 1.214e+02 6.632e+01
s>        ( - -1.615e+03 2 0)
s>        ( QUESTION13 -1 -3.202e+03 1.167e+02 4.432e+01
s>            ( - -2.471e+03 1 0)
s>            ( - -6.138e+02 1 0)))INFO: dtree.c(1315): Comp split 13
INFO: dtree.c(1315): Comp split 14
INFO: dtree.c(1439): stop. leaf nodes are specific
INFO: dtree.c(1478): Final simple tree
|( WDBNDRY_B 0 -4.201e+03 1.142e+02 5.532e+01
|    ( - -1.615e+03 2 0)
|    ( - -2.471e+03 1 0))
s>    ( WDBNDRY_B 0 -4.201e+03 1.142e+02 5.532e+01
s>        ( - -1.615e+03 2 0)
s>        ( - -2.471e+03 1 0))INFO: dtree.c(1315): Comp split 15
INFO: dtree.c(1315): Comp split 16
INFO: dtree.c(1315): Comp split 17
INFO: dtree.c(1318): stop. leaf nodes are specific
!!!!!!!!Allocated 66 lines
Fri Apr  8 23:08:16 2016
