Current configuration:
[NAME]		[DEFLT]	[VALUE]
-allphones	no	no
-cntthresh	0.00001	1.000000e-05
-csplitmax	100	2000
-csplitmin	1	1
-csplitthr	8e-4	0.000000e+00
-example	no	no
-fullvar	no	no
-help		no	no
-meanfn			
-mixwfn			/home/yaroslav/model/model_parameters/ua.cd_semi_untied/mixture_weights
-moddeffn		/home/yaroslav/model/model_architecture/ua.untied.mdef
-mwfloor	1e-4	1.000000e-08
-phone			YE
-psetfn			/home/yaroslav/model/model_architecture/ua.tree_questions
-ssplitmax	5	7
-ssplitmin	1	1
-ssplitthr	8e-4	0.000000e+00
-state			2
-stwt			1.0,0.05,0.0,
-treefn			/home/yaroslav/model/trees/ua.unpruned/YE-2.dtree
-ts2cbfn	.semi.	.semi.
-varfloor	0.00001	1.000000e-05
-varfn			

INFO: main.c(223): Reading: /home/yaroslav/model/model_architecture/ua.untied.mdef
INFO: model_def_io.c(573): Model definition info:
INFO: model_def_io.c(574): 7543 total models defined (49 base, 7494 tri)
INFO: model_def_io.c(575): 30172 total states
INFO: model_def_io.c(576): 22629 total tied states
INFO: model_def_io.c(577): 147 total tied CI states
INFO: model_def_io.c(578): 49 total tied transition matrices
INFO: model_def_io.c(579): 4 max state/model
INFO: model_def_io.c(580): 4 min state/model
INFO: main.c(242): Building trees for [YE A A e] through [YE Z V b]
INFO: main.c(269): Covering states |[20913 21206]| == 294
INFO: main.c(275): Reading: /home/yaroslav/model/model_parameters/ua.cd_semi_untied/mixture_weights
INFO: s3mixw_io.c(173): Read /home/yaroslav/model/model_parameters/ua.cd_semi_untied/mixture_weights [294x4x256 array]
INFO: main.c(311): 94 of 98 models have observation count greater than 0.000010
INFO: main.c(95): nrm stwt: 0.000 0.048 0.952 
INFO: main.c(411): 94-class entropy: 6.893486e+03
INFO: main.c(549): Reading: /home/yaroslav/model/model_architecture/ua.tree_questions
INFO: main.c(588): 176 total simple questions (168 phone; 8 word bndry)
INFO: main.c(590): 42 Left Only questions, and 42 Right Only questions
INFO: dtree.c(1478): Final simple tree
|( QUESTION0_12_R 1 1.703e+04 9.346e+02 7.071e+02
|    ( QUESTION2 1 7.260e+03 6.572e+02 3.338e+02
|        ( WDBNDRY_E 0 3.023e+03 3.838e+02 1.556e+02
|            ( - 9.602e+02 6 0 QUESTION0 -1 1.040e+02 5.751e+01)
|            ( - 1.679e+03 5 0 QUESTION0 -1 2.645e+02 9.813e+01))
|        ( WDBNDRY_E 0 3.580e+03 3.697e+02 1.782e+02
|            ( - 1.565e+03 10 0 QUESTION0 -1 1.798e+02 8.576e+01)
|            ( - 1.646e+03 14 0 QUESTION0 -1 1.816e+02 9.242e+01)))
|    ( QUESTION3 1 8.839e+03 6.299e+02 3.733e+02
|        ( WDBNDRY_E 0 2.871e+03 3.298e+02 1.357e+02
|            ( - 2.009e+03 12 0 QUESTION7 1 2.228e+02 9.867e+01)
|            ( - 5.316e+02 11 0 WDBNDRY_B 0 1.024e+02 3.698e+01))
|        ( QUESTION0_11_R 1 5.338e+03 4.415e+02 2.377e+02
|            ( - 3.310e+03 22 0 QUESTION0_18_R 1 3.179e+02 1.578e+02)
|            ( - 1.587e+03 14 0 QUESTION0_4_R 1 2.148e+02 7.987e+01))))
s>    ( QUESTION0_12_R 1 1.703e+04 9.346e+02 7.071e+02
s>        ( QUESTION2 1 7.260e+03 6.572e+02 3.338e+02
s>            ( WDBNDRY_E 0 3.023e+03 3.838e+02 1.556e+02
s>                ( - 9.602e+02 6 0 QUESTION0 -1 1.040e+02 5.751e+01)
s>                ( - 1.679e+03 5 0 QUESTION0 -1 2.645e+02 9.813e+01))
s>            ( WDBNDRY_E 0 3.580e+03 3.697e+02 1.782e+02
s>                ( - 1.565e+03 10 0 QUESTION0 -1 1.798e+02 8.576e+01)
s>                ( - 1.646e+03 14 0 QUESTION0 -1 1.816e+02 9.242e+01)))
s>        ( QUESTION3 1 8.839e+03 6.299e+02 3.733e+02
s>            ( WDBNDRY_E 0 2.871e+03 3.298e+02 1.357e+02
s>                ( - 2.009e+03 12 0 QUESTION7 1 2.228e+02 9.867e+01)
s>                ( - 5.316e+02 11 0 WDBNDRY_B 0 1.024e+02 3.698e+01))
s>            ( QUESTION0_11_R 1 5.338e+03 4.415e+02 2.377e+02
s>                ( - 3.310e+03 22 0 QUESTION0_18_R 1 3.179e+02 1.578e+02)
s>                ( - 1.587e+03 14 0 QUESTION0_4_R 1 2.148e+02 7.987e+01))))INFO: dtree.c(1315): Comp split 0
INFO: dtree.c(1478): Final simple tree
|( WDBNDRY_I 0 6.265e+03 6.053e+02 2.767e+02
|    ( QUESTION0 -1 1.679e+03 2.645e+02 9.813e+01
|        ( - 1.071e+03 3 0)
|        ( - 3.427e+02 2 0 QUESTION2 -1 9.333e+01 2.609e+01))
|    ( QUESTION0_1_R 1 3.981e+03 4.161e+02 1.785e+02
|        ( QUESTION7 1 1.992e+03 2.205e+02 9.898e+01
|            ( QUESTION0 -1 1.250e+03 1.764e+02 6.600e+01
|                ( - 7.237e+02 4 0 QUESTION8 1 2.604e+01 4.200e+01)
|                ( - 3.498e+02 3 0 QUESTION5 -1 8.485e+01 2.400e+01))
|            ( - 5.215e+02 5 0 QUESTION0 1 1.157e+02 3.298e+01))
|        ( QUESTION0_4_R 1 1.573e+03 1.959e+02 7.956e+01
|            ( QUESTION0 -1 9.533e+02 1.388e+02 5.160e+01
|                ( - 5.048e+02 5 0 QUESTION0_8_R 1 8.896e+01 3.008e+01)
|                ( - 3.097e+02 4 0 QUESTION0_5_R 1 7.019e+01 2.152e+01))
|            ( - 4.237e+02 5 0 WDBNDRY_E 0 6.940e+01 2.796e+01))))
s>    ( WDBNDRY_I 0 6.265e+03 6.053e+02 2.767e+02
s>        ( QUESTION0 -1 1.679e+03 2.645e+02 9.813e+01
s>            ( - 1.071e+03 3 0)
s>            ( - 3.427e+02 2 0 QUESTION2 -1 9.333e+01 2.609e+01))
s>        ( QUESTION0_1_R 1 3.981e+03 4.161e+02 1.785e+02
s>            ( QUESTION7 1 1.992e+03 2.205e+02 9.898e+01
s>                ( QUESTION0 -1 1.250e+03 1.764e+02 6.600e+01
s>                    ( - 7.237e+02 4 0 QUESTION8 1 2.604e+01 4.200e+01)
s>                    ( - 3.498e+02 3 0 QUESTION5 -1 8.485e+01 2.400e+01))
s>                ( - 5.215e+02 5 0 QUESTION0 1 1.157e+02 3.298e+01))
s>            ( QUESTION0_4_R 1 1.573e+03 1.959e+02 7.956e+01
s>                ( QUESTION0 -1 9.533e+02 1.388e+02 5.160e+01
s>                    ( - 5.048e+02 5 0 QUESTION0_8_R 1 8.896e+01 3.008e+01)
s>                    ( - 3.097e+02 4 0 QUESTION0_5_R 1 7.019e+01 2.152e+01))
s>                ( - 4.237e+02 5 0 WDBNDRY_E 0 6.940e+01 2.796e+01))))INFO: dtree.c(1478): Final simple tree
|( QUESTION0_12_R 1 9.815e+03 6.947e+02 4.305e+02
|    ( WDBNDRY_E 0 4.939e+03 4.302e+02 2.357e+02
|        ( QUESTION2 1 2.863e+03 3.381e+02 1.433e+02
|            ( - 9.602e+02 6 0 QUESTION0 -1 1.040e+02 5.751e+01)
|            ( - 1.565e+03 10 0 QUESTION0 -1 1.798e+02 8.576e+01))
|        ( QUESTION0 -1 1.646e+03 1.816e+02 9.242e+01
|            ( - 1.121e+03 10 0 WDBNDRY_S 0 9.101e+01 7.010e+01)
|            ( - 3.428e+02 4 0 QUESTION2 -1 5.362e+01 2.232e+01)))
|    ( QUESTION0_17_R 1 4.181e+03 4.045e+02 1.948e+02
|        ( QUESTION0_18_R 1 1.976e+03 2.430e+02 9.970e+01
|            ( - 9.529e+02 6 0 WDBNDRY_E 0 1.271e+02 5.470e+01)
|            ( - 7.806e+02 7 0 QUESTION0 -1 1.173e+02 4.500e+01))
|        ( WDBNDRY_E 0 1.801e+03 2.505e+02 9.506e+01
|            ( - 9.145e+02 8 0 QUESTION0_14_R 1 1.165e+02 5.308e+01)
|            ( - 6.356e+02 12 0 WDBNDRY_I 0 1.206e+02 4.198e+01))))
s>    ( QUESTION0_12_R 1 9.815e+03 6.947e+02 4.305e+02
s>        ( WDBNDRY_E 0 4.939e+03 4.302e+02 2.357e+02
s>            ( QUESTION2 1 2.863e+03 3.381e+02 1.433e+02
s>                ( - 9.602e+02 6 0 QUESTION0 -1 1.040e+02 5.751e+01)
s>                ( - 1.565e+03 10 0 QUESTION0 -1 1.798e+02 8.576e+01))
s>            ( QUESTION0 -1 1.646e+03 1.816e+02 9.242e+01
s>                ( - 1.121e+03 10 0 WDBNDRY_S 0 9.101e+01 7.010e+01)
s>                ( - 3.428e+02 4 0 QUESTION2 -1 5.362e+01 2.232e+01)))
s>        ( QUESTION0_17_R 1 4.181e+03 4.045e+02 1.948e+02
s>            ( QUESTION0_18_R 1 1.976e+03 2.430e+02 9.970e+01
s>                ( - 9.529e+02 6 0 WDBNDRY_E 0 1.271e+02 5.470e+01)
s>                ( - 7.806e+02 7 0 QUESTION0 -1 1.173e+02 4.500e+01))
s>            ( WDBNDRY_E 0 1.801e+03 2.505e+02 9.506e+01
s>                ( - 9.145e+02 8 0 QUESTION0_14_R 1 1.165e+02 5.308e+01)
s>                ( - 6.356e+02 12 0 WDBNDRY_I 0 1.206e+02 4.198e+01))))INFO: dtree.c(1315): Comp split 1
INFO: dtree.c(1478): Final simple tree
|( QUESTION0_17_R 1 4.181e+03 4.045e+02 1.948e+02
|    ( QUESTION0_18_R 1 1.976e+03 2.430e+02 9.970e+01
|        ( WDBNDRY_E 0 9.529e+02 1.271e+02 5.470e+01
|            ( - 5.817e+02 4 0 QUESTION0 -1 6.930e+01 3.662e+01)
|            ( - 2.442e+02 2 0))
|        ( QUESTION0 -1 7.806e+02 1.173e+02 4.500e+01
|            ( - 3.661e+02 3 0 WDBNDRY_E 0 6.231e+01 2.500e+01)
|            ( - 2.972e+02 4 0 QUESTION2_12_L -1 6.571e+01 2.000e+01)))
|    ( WDBNDRY_E 0 1.801e+03 2.505e+02 9.506e+01
|        ( QUESTION0_14_R 1 9.145e+02 1.165e+02 5.308e+01
|            ( - 6.276e+02 4 0 QUESTION0 -1 6.857e+01 3.999e+01)
|            ( - 1.703e+02 4 0 QUESTION0 -1 5.154e+01 1.309e+01))
|        ( WDBNDRY_I 0 6.356e+02 1.206e+02 4.198e+01
|            ( - 2.641e+02 5 0 QUESTION0_1_R 1 6.622e+01 2.201e+01)
|            ( - 2.509e+02 7 0 WDBNDRY_B 0 4.282e+01 1.997e+01))))
s>    ( QUESTION0_17_R 1 4.181e+03 4.045e+02 1.948e+02
s>        ( QUESTION0_18_R 1 1.976e+03 2.430e+02 9.970e+01
s>            ( WDBNDRY_E 0 9.529e+02 1.271e+02 5.470e+01
s>                ( - 5.817e+02 4 0 QUESTION0 -1 6.930e+01 3.662e+01)
s>                ( - 2.442e+02 2 0))
s>            ( QUESTION0 -1 7.806e+02 1.173e+02 4.500e+01
s>                ( - 3.661e+02 3 0 WDBNDRY_E 0 6.231e+01 2.500e+01)
s>                ( - 2.972e+02 4 0 QUESTION2_12_L -1 6.571e+01 2.000e+01)))
s>        ( WDBNDRY_E 0 1.801e+03 2.505e+02 9.506e+01
s>            ( QUESTION0_14_R 1 9.145e+02 1.165e+02 5.308e+01
s>                ( - 6.276e+02 4 0 QUESTION0 -1 6.857e+01 3.999e+01)
s>                ( - 1.703e+02 4 0 QUESTION0 -1 5.154e+01 1.309e+01))
s>            ( WDBNDRY_I 0 6.356e+02 1.206e+02 4.198e+01
s>                ( - 2.641e+02 5 0 QUESTION0_1_R 1 6.622e+01 2.201e+01)
s>                ( - 2.509e+02 7 0 WDBNDRY_B 0 4.282e+01 1.997e+01))))INFO: dtree.c(1478): Final simple tree
|( WDBNDRY_E 0 4.939e+03 4.302e+02 2.357e+02
|    ( QUESTION2 1 2.863e+03 3.381e+02 1.433e+02
|        ( QUESTION0 -1 9.602e+02 1.040e+02 5.751e+01
|            ( - 7.623e+02 4 0)
|            ( - 9.384e+01 2 0))
|        ( QUESTION0 -1 1.565e+03 1.798e+02 8.576e+01
|            ( QUESTION4 1 1.137e+03 7.062e+01 6.873e+01
|                ( - 1.018e+03 5 0)
|                ( - 4.863e+01 1 0))
|            ( - 2.474e+02 4 0 QUESTION4 1 3.152e+01 1.703e+01)))
|    ( QUESTION0 -1 1.646e+03 1.816e+02 9.242e+01
|        ( WDBNDRY_S 0 1.121e+03 9.101e+01 7.010e+01
|            ( - 4.644e+01 2 0)
|            ( - 9.837e+02 8 0))
|        ( - 3.428e+02 4 0 QUESTION2 -1 5.362e+01 2.232e+01)))
s>    ( WDBNDRY_E 0 4.939e+03 4.302e+02 2.357e+02
s>        ( QUESTION2 1 2.863e+03 3.381e+02 1.433e+02
s>            ( QUESTION0 -1 9.602e+02 1.040e+02 5.751e+01
s>                ( - 7.623e+02 4 0)
s>                ( - 9.384e+01 2 0))
s>            ( QUESTION0 -1 1.565e+03 1.798e+02 8.576e+01
s>                ( QUESTION4 1 1.137e+03 7.062e+01 6.873e+01
s>                    ( - 1.018e+03 5 0)
s>                    ( - 4.863e+01 1 0))
s>                ( - 2.474e+02 4 0 QUESTION4 1 3.152e+01 1.703e+01)))
s>        ( QUESTION0 -1 1.646e+03 1.816e+02 9.242e+01
s>            ( WDBNDRY_S 0 1.121e+03 9.101e+01 7.010e+01
s>                ( - 4.644e+01 2 0)
s>                ( - 9.837e+02 8 0))
s>            ( - 3.428e+02 4 0 QUESTION2 -1 5.362e+01 2.232e+01)))INFO: dtree.c(1315): Comp split 2
INFO: dtree.c(1478): Final simple tree
|( QUESTION0_1_R 1 3.981e+03 4.161e+02 1.785e+02
|    ( QUESTION7 1 1.992e+03 2.205e+02 9.898e+01
|        ( QUESTION0 -1 1.250e+03 1.764e+02 6.600e+01
|            ( - 7.237e+02 4 0 QUESTION8 1 2.604e+01 4.200e+01)
|            ( - 3.498e+02 3 0 QUESTION5 -1 8.485e+01 2.400e+01))
|        ( QUESTION0 1 5.215e+02 1.157e+02 3.298e+01
|            ( - 1.119e+02 2 0 QUESTION0 -1 2.623e+01 1.098e+01)
|            ( - 2.940e+02 3 0 QUESTION4 1 8.139e+01 2.200e+01)))
|    ( QUESTION0_4_R 1 1.573e+03 1.959e+02 7.956e+01
|        ( QUESTION0 -1 9.533e+02 1.388e+02 5.160e+01
|            ( QUESTION0_8_R 1 5.048e+02 8.896e+01 3.008e+01
|                ( - 1.064e+02 2 0)
|                ( - 3.094e+02 3 0 QUESTION0_5_R 1 4.718e+01 2.108e+01))
|            ( - 3.097e+02 4 0 QUESTION0_5_R 1 7.019e+01 2.152e+01))
|        ( - 4.237e+02 5 0 WDBNDRY_E 0 6.940e+01 2.796e+01)))
s>    ( QUESTION0_1_R 1 3.981e+03 4.161e+02 1.785e+02
s>        ( QUESTION7 1 1.992e+03 2.205e+02 9.898e+01
s>            ( QUESTION0 -1 1.250e+03 1.764e+02 6.600e+01
s>                ( - 7.237e+02 4 0 QUESTION8 1 2.604e+01 4.200e+01)
s>                ( - 3.498e+02 3 0 QUESTION5 -1 8.485e+01 2.400e+01))
s>            ( QUESTION0 1 5.215e+02 1.157e+02 3.298e+01
s>                ( - 1.119e+02 2 0 QUESTION0 -1 2.623e+01 1.098e+01)
s>                ( - 2.940e+02 3 0 QUESTION4 1 8.139e+01 2.200e+01)))
s>        ( QUESTION0_4_R 1 1.573e+03 1.959e+02 7.956e+01
s>            ( QUESTION0 -1 9.533e+02 1.388e+02 5.160e+01
s>                ( QUESTION0_8_R 1 5.048e+02 8.896e+01 3.008e+01
s>                    ( - 1.064e+02 2 0)
s>                    ( - 3.094e+02 3 0 QUESTION0_5_R 1 4.718e+01 2.108e+01))
s>                ( - 3.097e+02 4 0 QUESTION0_5_R 1 7.019e+01 2.152e+01))
s>            ( - 4.237e+02 5 0 WDBNDRY_E 0 6.940e+01 2.796e+01)))INFO: dtree.c(1439): stop. leaf nodes are specific
INFO: dtree.c(1478): Final simple tree
|( QUESTION0 -1 1.679e+03 2.645e+02 9.813e+01
|    ( - 1.071e+03 3 0)
|    ( QUESTION2 -1 3.427e+02 9.333e+01 2.609e+01
|        ( - 5.961e+01 1 0)
|        ( - 1.898e+02 1 0)))
s>    ( QUESTION0 -1 1.679e+03 2.645e+02 9.813e+01
s>        ( - 1.071e+03 3 0)
s>        ( QUESTION2 -1 3.427e+02 9.333e+01 2.609e+01
s>            ( - 5.961e+01 1 0)
s>            ( - 1.898e+02 1 0)))INFO: dtree.c(1315): Comp split 3
INFO: dtree.c(1439): stop. leaf nodes are specific
INFO: dtree.c(1478): Final simple tree
|( WDBNDRY_E 0 2.416e+03 2.949e+02 1.328e+02
|    ( QUESTION4 1 1.137e+03 7.062e+01 6.873e+01
|        ( - 1.018e+03 5 0)
|        ( - 4.863e+01 1 0))
|    ( - 9.837e+02 8 0))
s>    ( WDBNDRY_E 0 2.416e+03 2.949e+02 1.328e+02
s>        ( QUESTION4 1 1.137e+03 7.062e+01 6.873e+01
s>            ( - 1.018e+03 5 0)
s>            ( - 4.863e+01 1 0))
s>        ( - 9.837e+02 8 0))INFO: dtree.c(1478): Final simple tree
|( QUESTION3 -1 2.049e+03 2.759e+02 1.029e+02
|    ( WDBNDRY_E 0 7.997e+02 1.265e+02 4.435e+01
|        ( QUESTION4 1 4.106e+02 7.176e+01 2.603e+01
|            ( - 2.112e+02 3 0)
|            ( QUESTION2 1 1.276e+02 2.912e+01 1.100e+01
|                ( - 9.384e+01 2 0)
|                ( - 4.680e+00 1 0)))
|        ( WDBNDRY_S 0 2.625e+02 4.226e+01 1.832e+01
|            ( - 1.305e+01 1 0)
|            ( - 2.072e+02 2 0)))
|    ( WDBNDRY_E 0 9.738e+02 1.067e+02 5.851e+01
|        ( - 7.623e+02 4 0)
|        ( WDBNDRY_S 0 1.048e+02 3.174e+01 1.000e+01
|            ( - 4.644e+01 2 0)
|            ( - 2.664e+01 1 0))))
s>    ( QUESTION3 -1 2.049e+03 2.759e+02 1.029e+02
s>        ( WDBNDRY_E 0 7.997e+02 1.265e+02 4.435e+01
s>            ( QUESTION4 1 4.106e+02 7.176e+01 2.603e+01
s>                ( - 2.112e+02 3 0)
s>                ( QUESTION2 1 1.276e+02 2.912e+01 1.100e+01
s>                    ( - 9.384e+01 2 0)
s>                    ( - 4.680e+00 1 0)))
s>            ( WDBNDRY_S 0 2.625e+02 4.226e+01 1.832e+01
s>                ( - 1.305e+01 1 0)
s>                ( - 2.072e+02 2 0)))
s>        ( WDBNDRY_E 0 9.738e+02 1.067e+02 5.851e+01
s>            ( - 7.623e+02 4 0)
s>            ( WDBNDRY_S 0 1.048e+02 3.174e+01 1.000e+01
s>                ( - 4.644e+01 2 0)
s>                ( - 2.664e+01 1 0))))INFO: dtree.c(1315): Comp split 4
INFO: dtree.c(1478): Final simple tree
|( QUESTION7 1 2.207e+03 2.313e+02 1.080e+02
|    ( QUESTION0 -1 1.250e+03 1.764e+02 6.600e+01
|        ( - 7.237e+02 4 0 QUESTION8 1 2.604e+01 4.200e+01)
|        ( QUESTION5 -1 3.498e+02 8.485e+01 2.400e+01
|            ( - 1.989e+02 1 0)
|            ( QUESTION2 -1 6.610e+01 3.009e+01 8.001e+00
|                ( - 1.311e+01 1 0)
|                ( - 2.290e+01 1 0))))
|    ( QUESTION0 1 7.255e+02 1.407e+02 4.198e+01
|        ( QUESTION0_1_R 1 2.908e+02 7.249e+01 1.998e+01
|            ( - 1.119e+02 2 0 QUESTION0 -1 2.623e+01 1.098e+01)
|            ( - 1.064e+02 2 0))
|        ( QUESTION4 1 2.940e+02 8.139e+01 2.200e+01
|            ( - 9.720e+01 2 0)
|            ( - 1.154e+02 1 0))))
s>    ( QUESTION7 1 2.207e+03 2.313e+02 1.080e+02
s>        ( QUESTION0 -1 1.250e+03 1.764e+02 6.600e+01
s>            ( - 7.237e+02 4 0 QUESTION8 1 2.604e+01 4.200e+01)
s>            ( QUESTION5 -1 3.498e+02 8.485e+01 2.400e+01
s>                ( - 1.989e+02 1 0)
s>                ( QUESTION2 -1 6.610e+01 3.009e+01 8.001e+00
s>                    ( - 1.311e+01 1 0)
s>                    ( - 2.290e+01 1 0))))
s>        ( QUESTION0 1 7.255e+02 1.407e+02 4.198e+01
s>            ( QUESTION0_1_R 1 2.908e+02 7.249e+01 1.998e+01
s>                ( - 1.119e+02 2 0 QUESTION0 -1 2.623e+01 1.098e+01)
s>                ( - 1.064e+02 2 0))
s>            ( QUESTION4 1 2.940e+02 8.139e+01 2.200e+01
s>                ( - 9.720e+01 2 0)
s>                ( - 1.154e+02 1 0))))INFO: dtree.c(1478): Final simple tree
|( QUESTION0_4_R 1 1.346e+03 1.864e+02 7.056e+01
|    ( QUESTION3 -1 7.360e+02 1.171e+02 4.260e+01
|        ( QUESTION4 -1 1.622e+02 4.083e+01 1.389e+01
|            ( - 3.807e+01 1 0)
|            ( - 8.326e+01 2 0 QUESTION0_5_R 1 2.589e+01 8.894e+00))
|        ( QUESTION0 1 4.567e+02 6.968e+01 2.871e+01
|            ( - 2.531e+02 2 0 QUESTION0_5_R 1 2.859e+01 1.804e+01)
|            ( QUESTION0 -1 1.339e+02 3.352e+01 1.067e+01
|                ( - 1.799e+01 1 0)
|                ( - 8.240e+01 1 0))))
|    ( WDBNDRY_E 0 4.237e+02 6.940e+01 2.796e+01
|        ( SILENCE 1 2.738e+02 5.203e+01 1.996e+01
|            ( - 3.343e+01 1 0)
|            ( - 1.884e+02 3 0 QUESTION0 -1 3.329e+01 1.496e+01))
|        ( - 8.051e+01 1 0)))
s>    ( QUESTION0_4_R 1 1.346e+03 1.864e+02 7.056e+01
s>        ( QUESTION3 -1 7.360e+02 1.171e+02 4.260e+01
s>            ( QUESTION4 -1 1.622e+02 4.083e+01 1.389e+01
s>                ( - 3.807e+01 1 0)
s>                ( - 8.326e+01 2 0 QUESTION0_5_R 1 2.589e+01 8.894e+00))
s>            ( QUESTION0 1 4.567e+02 6.968e+01 2.871e+01
s>                ( - 2.531e+02 2 0 QUESTION0_5_R 1 2.859e+01 1.804e+01)
s>                ( QUESTION0 -1 1.339e+02 3.352e+01 1.067e+01
s>                    ( - 1.799e+01 1 0)
s>                    ( - 8.240e+01 1 0))))
s>        ( WDBNDRY_E 0 4.237e+02 6.940e+01 2.796e+01
s>            ( SILENCE 1 2.738e+02 5.203e+01 1.996e+01
s>                ( - 3.343e+01 1 0)
s>                ( - 1.884e+02 3 0 QUESTION0 -1 3.329e+01 1.496e+01))
s>            ( - 8.051e+01 1 0)))INFO: dtree.c(1315): Comp split 5
INFO: dtree.c(1478): Final simple tree
|( WDBNDRY_E 0 1.801e+03 2.505e+02 9.506e+01
|    ( QUESTION0_14_R 1 9.145e+02 1.165e+02 5.308e+01
|        ( QUESTION0 -1 6.276e+02 6.857e+01 3.999e+01
|            ( - 5.079e+02 3 0)
|            ( - 5.117e+01 1 0))
|        ( QUESTION0 -1 1.703e+02 5.154e+01 1.309e+01
|            ( - 6.126e+01 2 0)
|            ( - 5.754e+01 2 0)))
|    ( WDBNDRY_I 0 6.356e+02 1.206e+02 4.198e+01
|        ( QUESTION0_1_R 1 2.641e+02 6.622e+01 2.201e+01
|            ( - 1.556e+02 2 0 QUESTION2 -1 3.809e+01 1.700e+01)
|            ( - 4.229e+01 3 0 QUESTION0 -1 1.856e+01 5.006e+00))
|        ( WDBNDRY_B 0 2.509e+02 4.282e+01 1.997e+01
|            ( - 1.652e+02 6 0 QUESTION0 -1 3.748e+01 1.497e+01)
|            ( - 4.292e+01 1 0))))
s>    ( WDBNDRY_E 0 1.801e+03 2.505e+02 9.506e+01
s>        ( QUESTION0_14_R 1 9.145e+02 1.165e+02 5.308e+01
s>            ( QUESTION0 -1 6.276e+02 6.857e+01 3.999e+01
s>                ( - 5.079e+02 3 0)
s>                ( - 5.117e+01 1 0))
s>            ( QUESTION0 -1 1.703e+02 5.154e+01 1.309e+01
s>                ( - 6.126e+01 2 0)
s>                ( - 5.754e+01 2 0)))
s>        ( WDBNDRY_I 0 6.356e+02 1.206e+02 4.198e+01
s>            ( QUESTION0_1_R 1 2.641e+02 6.622e+01 2.201e+01
s>                ( - 1.556e+02 2 0 QUESTION2 -1 3.809e+01 1.700e+01)
s>                ( - 4.229e+01 3 0 QUESTION0 -1 1.856e+01 5.006e+00))
s>            ( WDBNDRY_B 0 2.509e+02 4.282e+01 1.997e+01
s>                ( - 1.652e+02 6 0 QUESTION0 -1 3.748e+01 1.497e+01)
s>                ( - 4.292e+01 1 0))))INFO: dtree.c(1478): Final simple tree
|( QUESTION0_18_R 1 1.976e+03 2.430e+02 9.970e+01
|    ( WDBNDRY_E 0 9.529e+02 1.271e+02 5.470e+01
|        ( QUESTION0 -1 5.817e+02 6.930e+01 3.662e+01
|            ( - 4.735e+02 3 0)
|            ( - 3.887e+01 1 0))
|        ( - 2.442e+02 2 0))
|    ( QUESTION0 -1 7.806e+02 1.173e+02 4.500e+01
|        ( WDBNDRY_E 0 3.661e+02 6.231e+01 2.500e+01
|            ( - 2.558e+02 1 0)
|            ( - 4.796e+01 2 0))
|        ( QUESTION2_12_L -1 2.972e+02 6.571e+01 2.000e+01
|            ( WDBNDRY_E 0 1.204e+02 3.242e+01 1.000e+01
|                ( - 1.714e+01 1 0)
|                ( - 7.081e+01 1 0))
|            ( - 1.111e+02 2 0 WDBNDRY_E 0 2.639e+01 1.000e+01))))
s>    ( QUESTION0_18_R 1 1.976e+03 2.430e+02 9.970e+01
s>        ( WDBNDRY_E 0 9.529e+02 1.271e+02 5.470e+01
s>            ( QUESTION0 -1 5.817e+02 6.930e+01 3.662e+01
s>                ( - 4.735e+02 3 0)
s>                ( - 3.887e+01 1 0))
s>            ( - 2.442e+02 2 0))
s>        ( QUESTION0 -1 7.806e+02 1.173e+02 4.500e+01
s>            ( WDBNDRY_E 0 3.661e+02 6.231e+01 2.500e+01
s>                ( - 2.558e+02 1 0)
s>                ( - 4.796e+01 2 0))
s>            ( QUESTION2_12_L -1 2.972e+02 6.571e+01 2.000e+01
s>                ( WDBNDRY_E 0 1.204e+02 3.242e+01 1.000e+01
s>                    ( - 1.714e+01 1 0)
s>                    ( - 7.081e+01 1 0))
s>                ( - 1.111e+02 2 0 WDBNDRY_E 0 2.639e+01 1.000e+01))))INFO: dtree.c(1315): Comp split 6
INFO: dtree.c(1439): stop. leaf nodes are specific
INFO: dtree.c(1478): Final simple tree
|( QUESTION4 1 1.137e+03 7.062e+01 6.873e+01
|    ( - 1.018e+03 5 0)
|    ( - 4.863e+01 1 0))
s>    ( QUESTION4 1 1.137e+03 7.062e+01 6.873e+01
s>        ( - 1.018e+03 5 0)
s>        ( - 4.863e+01 1 0))INFO: dtree.c(1315): Comp split 7
INFO: dtree.c(1439): stop. leaf nodes are specific
INFO: dtree.c(1478): Final simple tree
|( QUESTION5 1 8.045e+02 1.416e+02 4.700e+01
|    ( QUESTION0 -1 3.872e+02 7.294e+01 2.700e+01
|        ( - 1.154e+02 1 0)
|        ( - 1.989e+02 1 0))
|    ( QUESTION0_1_R 1 2.757e+02 7.209e+01 2.000e+01
|        ( - 9.720e+01 2 0)
|        ( - 1.064e+02 2 0)))
s>    ( QUESTION5 1 8.045e+02 1.416e+02 4.700e+01
s>        ( QUESTION0 -1 3.872e+02 7.294e+01 2.700e+01
s>            ( - 1.154e+02 1 0)
s>            ( - 1.989e+02 1 0))
s>        ( QUESTION0_1_R 1 2.757e+02 7.209e+01 2.000e+01
s>            ( - 9.720e+01 2 0)
s>            ( - 1.064e+02 2 0)))INFO: dtree.c(1439): stop. leaf nodes are specific
INFO: dtree.c(1478): Final simple tree
|( QUESTION15 1 1.121e+03 1.254e+02 6.098e+01
|    ( QUESTION0 -1 8.629e+02 1.001e+02 4.900e+01
|        ( - 6.967e+02 3 0)
|        ( QUESTION2 -1 6.610e+01 3.009e+01 8.001e+00
|            ( - 1.311e+01 1 0)
|            ( - 2.290e+01 1 0)))
|    ( QUESTION0 -1 1.325e+02 2.731e+01 1.198e+01
|        ( QUESTION0 1 1.022e+02 1.869e+01 9.980e+00
|            ( - 8.262e+01 1 0)
|            ( - 8.887e-01 1 0))
|        ( - 3.009e+00 1 0)))
s>    ( QUESTION15 1 1.121e+03 1.254e+02 6.098e+01
s>        ( QUESTION0 -1 8.629e+02 1.001e+02 4.900e+01
s>            ( - 6.967e+02 3 0)
s>            ( QUESTION2 -1 6.610e+01 3.009e+01 8.001e+00
s>                ( - 1.311e+01 1 0)
s>                ( - 2.290e+01 1 0)))
s>        ( QUESTION0 -1 1.325e+02 2.731e+01 1.198e+01
s>            ( QUESTION0 1 1.022e+02 1.869e+01 9.980e+00
s>                ( - 8.262e+01 1 0)
s>                ( - 8.887e-01 1 0))
s>            ( - 3.009e+00 1 0)))INFO: dtree.c(1315): Comp split 8
INFO: dtree.c(1439): stop. leaf nodes are specific
INFO: dtree.c(1478): Final simple tree
|( WDBNDRY_E 0 9.254e+02 1.481e+02 5.035e+01
|    ( QUESTION4 1 4.106e+02 7.176e+01 2.603e+01
|        ( - 2.112e+02 3 0)
|        ( QUESTION2 1 1.276e+02 2.912e+01 1.100e+01
|            ( - 9.384e+01 2 0)
|            ( - 4.680e+00 1 0)))
|    ( WDBNDRY_S 0 3.666e+02 6.692e+01 2.432e+01
|        ( QUESTION0 -1 9.246e+01 3.298e+01 9.000e+00
|            ( - 4.644e+01 2 0)
|            ( - 1.305e+01 1 0))
|        ( - 2.072e+02 2 0)))
s>    ( WDBNDRY_E 0 9.254e+02 1.481e+02 5.035e+01
s>        ( QUESTION4 1 4.106e+02 7.176e+01 2.603e+01
s>            ( - 2.112e+02 3 0)
s>            ( QUESTION2 1 1.276e+02 2.912e+01 1.100e+01
s>                ( - 9.384e+01 2 0)
s>                ( - 4.680e+00 1 0)))
s>        ( WDBNDRY_S 0 3.666e+02 6.692e+01 2.432e+01
s>            ( QUESTION0 -1 9.246e+01 3.298e+01 9.000e+00
s>                ( - 4.644e+01 2 0)
s>                ( - 1.305e+01 1 0))
s>            ( - 2.072e+02 2 0)))INFO: dtree.c(1439): stop. leaf nodes are specific
INFO: dtree.c(1478): Final simple tree
|( WDBNDRY_E 0 8.432e+02 5.421e+01 5.251e+01
|    ( - 7.623e+02 4 0)
|    ( - 2.664e+01 1 0))
s>    ( WDBNDRY_E 0 8.432e+02 5.421e+01 5.251e+01
s>        ( - 7.623e+02 4 0)
s>        ( - 2.664e+01 1 0))INFO: dtree.c(1315): Comp split 9
INFO: dtree.c(1439): stop. leaf nodes are specific
INFO: dtree.c(1478): Final simple tree
|( QUESTION2 -1 3.427e+02 9.333e+01 2.609e+01
|    ( - 5.961e+01 1 0)
|    ( - 1.898e+02 1 0))
s>    ( QUESTION2 -1 3.427e+02 9.333e+01 2.609e+01
s>        ( - 5.961e+01 1 0)
s>        ( - 1.898e+02 1 0))INFO: dtree.c(1315): Comp split 10
INFO: dtree.c(1478): Final simple tree
|( WDBNDRY_I 0 7.742e+02 1.418e+02 4.798e+01
|    ( QUESTION0_1_R 1 2.641e+02 6.622e+01 2.201e+01
|        ( QUESTION2 -1 1.556e+02 3.809e+01 1.700e+01
|            ( - 6.110e+01 1 0)
|            ( - 5.636e+01 1 0))
|        ( - 4.229e+01 3 0 QUESTION0 -1 1.856e+01 5.006e+00))
|    ( QUESTION0 -1 3.683e+02 6.486e+01 2.597e+01
|        ( WDBNDRY_B 0 1.559e+02 3.889e+01 1.400e+01
|            ( - 7.409e+01 4 0)
|            ( - 4.292e+01 1 0))
|        ( WDBNDRY_B 0 1.476e+02 3.643e+01 1.197e+01
|            ( QUESTION2_12_L -1 5.362e+01 2.137e+01 5.975e+00
|                ( - 1.809e+01 1 0)
|                ( - 1.416e+01 1 0))
|            ( - 5.754e+01 2 0))))
s>    ( WDBNDRY_I 0 7.742e+02 1.418e+02 4.798e+01
s>        ( QUESTION0_1_R 1 2.641e+02 6.622e+01 2.201e+01
s>            ( QUESTION2 -1 1.556e+02 3.809e+01 1.700e+01
s>                ( - 6.110e+01 1 0)
s>                ( - 5.636e+01 1 0))
s>            ( - 4.229e+01 3 0 QUESTION0 -1 1.856e+01 5.006e+00))
s>        ( QUESTION0 -1 3.683e+02 6.486e+01 2.597e+01
s>            ( WDBNDRY_B 0 1.559e+02 3.889e+01 1.400e+01
s>                ( - 7.409e+01 4 0)
s>                ( - 4.292e+01 1 0))
s>            ( WDBNDRY_B 0 1.476e+02 3.643e+01 1.197e+01
s>                ( QUESTION2_12_L -1 5.362e+01 2.137e+01 5.975e+00
s>                    ( - 1.809e+01 1 0)
s>                    ( - 1.416e+01 1 0))
s>                ( - 5.754e+01 2 0))))INFO: dtree.c(1439): stop. leaf nodes are specific
INFO: dtree.c(1478): Final simple tree
|( QUESTION0_14_R 1 7.715e+02 8.260e+01 4.708e+01
|    ( QUESTION0 -1 6.276e+02 6.857e+01 3.999e+01
|        ( - 5.079e+02 3 0)
|        ( - 5.117e+01 1 0))
|    ( - 6.126e+01 2 0))
s>    ( QUESTION0_14_R 1 7.715e+02 8.260e+01 4.708e+01
s>        ( QUESTION0 -1 6.276e+02 6.857e+01 3.999e+01
s>            ( - 5.079e+02 3 0)
s>            ( - 5.117e+01 1 0))
s>        ( - 6.126e+01 2 0))INFO: dtree.c(1315): Comp split 11
INFO: dtree.c(1439): stop. leaf nodes are specific
INFO: dtree.c(1478): Final simple tree
|( QUESTION0 -1 8.883e+02 1.330e+02 5.000e+01
|    ( WDBNDRY_E 0 3.661e+02 6.231e+01 2.500e+01
|        ( - 2.558e+02 1 0)
|        ( - 4.796e+01 2 0))
|    ( QUESTION2 -1 3.892e+02 8.267e+01 2.500e+01
|        ( QUESTION2_12_L -1 1.681e+02 2.993e+01 1.300e+01
|            ( WDBNDRY_E 0 1.204e+02 3.242e+01 1.000e+01
|                ( - 1.714e+01 1 0)
|                ( - 7.081e+01 1 0))
|            ( - 1.778e+01 1 0))
|        ( QUESTION0_18_R 1 1.385e+02 3.268e+01 1.200e+01
|            ( - 3.887e+01 1 0)
|            ( - 6.693e+01 1 0))))
s>    ( QUESTION0 -1 8.883e+02 1.330e+02 5.000e+01
s>        ( WDBNDRY_E 0 3.661e+02 6.231e+01 2.500e+01
s>            ( - 2.558e+02 1 0)
s>            ( - 4.796e+01 2 0))
s>        ( QUESTION2 -1 3.892e+02 8.267e+01 2.500e+01
s>            ( QUESTION2_12_L -1 1.681e+02 2.993e+01 1.300e+01
s>                ( WDBNDRY_E 0 1.204e+02 3.242e+01 1.000e+01
s>                    ( - 1.714e+01 1 0)
s>                    ( - 7.081e+01 1 0))
s>                ( - 1.778e+01 1 0))
s>            ( QUESTION0_18_R 1 1.385e+02 3.268e+01 1.200e+01
s>                ( - 3.887e+01 1 0)
s>                ( - 6.693e+01 1 0))))INFO: dtree.c(1439): stop. leaf nodes are specific
INFO: dtree.c(1478): Final simple tree
|( WDBNDRY_E 0 8.444e+02 1.267e+02 4.970e+01
|    ( - 4.735e+02 3 0)
|    ( - 2.442e+02 2 0))
s>    ( WDBNDRY_E 0 8.444e+02 1.267e+02 4.970e+01
s>        ( - 4.735e+02 3 0)
s>        ( - 2.442e+02 2 0))INFO: dtree.c(1315): Comp split 12
INFO: dtree.c(1439): stop. leaf nodes are specific
INFO: dtree.c(1478): Final simple tree
|( QUESTION0 1 4.567e+02 6.968e+01 2.871e+01
|    ( QUESTION0_5_R 1 2.531e+02 2.859e+01 1.804e+01
|        ( - 2.233e+02 1 0)
|        ( - 1.176e+00 1 0))
|    ( QUESTION0 -1 1.339e+02 3.352e+01 1.067e+01
|        ( - 1.799e+01 1 0)
|        ( - 8.240e+01 1 0)))
s>    ( QUESTION0 1 4.567e+02 6.968e+01 2.871e+01
s>        ( QUESTION0_5_R 1 2.531e+02 2.859e+01 1.804e+01
s>            ( - 2.233e+02 1 0)
s>            ( - 1.176e+00 1 0))
s>        ( QUESTION0 -1 1.339e+02 3.352e+01 1.067e+01
s>            ( - 1.799e+01 1 0)
s>            ( - 8.240e+01 1 0)))INFO: dtree.c(1439): stop. leaf nodes are specific
INFO: dtree.c(1478): Final simple tree
|( QUESTION0_3_R 1 6.913e+02 1.185e+02 4.185e+01
|    ( WDBNDRY_E 0 3.323e+02 6.339e+01 2.296e+01
|        ( QUESTION0 -1 1.884e+02 3.329e+01 1.496e+01
|            ( - 1.536e+02 2 0)
|            ( - 1.497e+00 1 0))
|        ( - 8.051e+01 1 0))
|    ( QUESTION5 -1 2.405e+02 5.604e+01 1.889e+01
|        ( QUESTION0_5_R 1 8.326e+01 2.589e+01 8.894e+00
|            ( - 5.491e+01 1 0)
|            ( - 2.451e+00 1 0))
|        ( SILENCE 1 1.012e+02 2.971e+01 1.000e+01
|            ( - 3.343e+01 1 0)
|            ( - 3.807e+01 1 0))))
s>    ( QUESTION0_3_R 1 6.913e+02 1.185e+02 4.185e+01
s>        ( WDBNDRY_E 0 3.323e+02 6.339e+01 2.296e+01
s>            ( QUESTION0 -1 1.884e+02 3.329e+01 1.496e+01
s>                ( - 1.536e+02 2 0)
s>                ( - 1.497e+00 1 0))
s>            ( - 8.051e+01 1 0))
s>        ( QUESTION5 -1 2.405e+02 5.604e+01 1.889e+01
s>            ( QUESTION0_5_R 1 8.326e+01 2.589e+01 8.894e+00
s>                ( - 5.491e+01 1 0)
s>                ( - 2.451e+00 1 0))
s>            ( SILENCE 1 1.012e+02 2.971e+01 1.000e+01
s>                ( - 3.343e+01 1 0)
s>                ( - 3.807e+01 1 0))))INFO: dtree.c(1315): Comp split 13
INFO: dtree.c(1439): stop. leaf nodes are specific
INFO: dtree.c(1478): Final simple tree
|( QUESTION0 1 2.644e+02 6.994e+01 1.998e+01
|    ( QUESTION0 -1 1.119e+02 2.623e+01 1.098e+01
|        ( - 8.262e+01 1 0)
|        ( - 3.009e+00 1 0))
|    ( QUESTION3 -1 8.256e+01 3.518e+01 9.001e+00
|        ( - 2.290e+01 1 0)
|        ( QUESTION0 -1 2.448e+01 1.048e+01 4.000e+00
|            ( - 8.887e-01 1 0)
|            ( - 1.311e+01 1 0))))
s>    ( QUESTION0 1 2.644e+02 6.994e+01 1.998e+01
s>        ( QUESTION0 -1 1.119e+02 2.623e+01 1.098e+01
s>            ( - 8.262e+01 1 0)
s>            ( - 3.009e+00 1 0))
s>        ( QUESTION3 -1 8.256e+01 3.518e+01 9.001e+00
s>            ( - 2.290e+01 1 0)
s>            ( QUESTION0 -1 2.448e+01 1.048e+01 4.000e+00
s>                ( - 8.887e-01 1 0)
s>                ( - 1.311e+01 1 0))))INFO: dtree.c(1315): Comp split 14
INFO: dtree.c(1439): stop. leaf nodes are specific
INFO: dtree.c(1478): Final simple tree
|( WDBNDRY_I 0 3.451e+02 6.116e+01 2.332e+01
|    ( - 2.072e+02 2 0)
|    ( WDBNDRY_E 0 7.667e+01 2.555e+01 8.000e+00
|        ( - 4.680e+00 1 0)
|        ( - 4.644e+01 2 0)))
s>    ( WDBNDRY_I 0 3.451e+02 6.116e+01 2.332e+01
s>        ( - 2.072e+02 2 0)
s>        ( WDBNDRY_E 0 7.667e+01 2.555e+01 8.000e+00
s>            ( - 4.680e+00 1 0)
s>            ( - 4.644e+01 2 0)))INFO: dtree.c(1439): stop. leaf nodes are specific
INFO: dtree.c(1478): Final simple tree
|( QUESTION2 1 4.268e+02 6.994e+01 2.703e+01
|    ( - 9.384e+01 2 0)
|    ( WDBNDRY_E 0 2.630e+02 3.876e+01 1.803e+01
|        ( - 2.112e+02 3 0)
|        ( - 1.305e+01 1 0)))
s>    ( QUESTION2 1 4.268e+02 6.994e+01 2.703e+01
s>        ( - 9.384e+01 2 0)
s>        ( WDBNDRY_E 0 2.630e+02 3.876e+01 1.803e+01
s>            ( - 2.112e+02 3 0)
s>            ( - 1.305e+01 1 0)))INFO: dtree.c(1315): Comp split 15
INFO: dtree.c(1439): stop. leaf nodes are specific
INFO: dtree.c(1478): Final simple tree
|( WDBNDRY_E 0 3.995e+02 7.294e+01 2.600e+01
|    ( - 2.558e+02 1 0)
|    ( - 7.081e+01 1 0))
s>    ( WDBNDRY_E 0 3.995e+02 7.294e+01 2.600e+01
s>        ( - 2.558e+02 1 0)
s>        ( - 7.081e+01 1 0))INFO: dtree.c(1439): stop. leaf nodes are specific
INFO: dtree.c(1478): Final simple tree
|( QUESTION3 -1 3.415e+02 7.172e+01 2.400e+01
|    ( QUESTION0_18_R 1 1.385e+02 3.268e+01 1.200e+01
|        ( - 3.887e+01 1 0)
|        ( - 6.693e+01 1 0))
|    ( QUESTION0 -1 1.313e+02 3.386e+01 1.200e+01
|        ( - 4.796e+01 2 0)
|        ( WDBNDRY_E 0 4.949e+01 1.458e+01 6.000e+00
|            ( - 1.714e+01 1 0)
|            ( - 1.778e+01 1 0))))
s>    ( QUESTION3 -1 3.415e+02 7.172e+01 2.400e+01
s>        ( QUESTION0_18_R 1 1.385e+02 3.268e+01 1.200e+01
s>            ( - 3.887e+01 1 0)
s>            ( - 6.693e+01 1 0))
s>        ( QUESTION0 -1 1.313e+02 3.386e+01 1.200e+01
s>            ( - 4.796e+01 2 0)
s>            ( WDBNDRY_E 0 4.949e+01 1.458e+01 6.000e+00
s>                ( - 1.714e+01 1 0)
s>                ( - 1.778e+01 1 0))))INFO: dtree.c(1315): Comp split 16
INFO: dtree.c(1439): stop. leaf nodes are specific
INFO: dtree.c(1478): Final simple tree
|( QUESTION0 -1 3.683e+02 6.486e+01 2.597e+01
|    ( WDBNDRY_B 0 1.559e+02 3.889e+01 1.400e+01
|        ( - 7.409e+01 4 0)
|        ( - 4.292e+01 1 0))
|    ( WDBNDRY_B 0 1.476e+02 3.643e+01 1.197e+01
|        ( QUESTION2_12_L -1 5.362e+01 2.137e+01 5.975e+00
|            ( - 1.809e+01 1 0)
|            ( - 1.416e+01 1 0))
|        ( - 5.754e+01 2 0)))
s>    ( QUESTION0 -1 3.683e+02 6.486e+01 2.597e+01
s>        ( WDBNDRY_B 0 1.559e+02 3.889e+01 1.400e+01
s>            ( - 7.409e+01 4 0)
s>            ( - 4.292e+01 1 0))
s>        ( WDBNDRY_B 0 1.476e+02 3.643e+01 1.197e+01
s>            ( QUESTION2_12_L -1 5.362e+01 2.137e+01 5.975e+00
s>                ( - 1.809e+01 1 0)
s>                ( - 1.416e+01 1 0))
s>            ( - 5.754e+01 2 0)))INFO: dtree.c(1439): stop. leaf nodes are specific
INFO: dtree.c(1478): Final simple tree
|( QUESTION0_1_R 1 2.641e+02 6.622e+01 2.201e+01
|    ( QUESTION2 -1 1.556e+02 3.809e+01 1.700e+01
|        ( - 6.110e+01 1 0)
|        ( - 5.636e+01 1 0))
|    ( QUESTION0 -1 4.229e+01 1.856e+01 5.006e+00
|        ( - 1.866e+01 2 0)
|        ( - 5.067e+00 1 0)))
s>    ( QUESTION0_1_R 1 2.641e+02 6.622e+01 2.201e+01
s>        ( QUESTION2 -1 1.556e+02 3.809e+01 1.700e+01
s>            ( - 6.110e+01 1 0)
s>            ( - 5.636e+01 1 0))
s>        ( QUESTION0 -1 4.229e+01 1.856e+01 5.006e+00
s>            ( - 1.866e+01 2 0)
s>            ( - 5.067e+00 1 0)))INFO: dtree.c(1315): Comp split 17
INFO: dtree.c(1439): stop. leaf nodes are specific
INFO: dtree.c(1478): Final simple tree
|( QUESTION0_1_R 1 2.757e+02 7.209e+01 2.000e+01
|    ( - 9.720e+01 2 0)
|    ( - 1.064e+02 2 0))
s>    ( QUESTION0_1_R 1 2.757e+02 7.209e+01 2.000e+01
s>        ( - 9.720e+01 2 0)
s>        ( - 1.064e+02 2 0))INFO: dtree.c(1439): stop. leaf nodes are specific
INFO: dtree.c(1478): Final simple tree
|( QUESTION0 -1 3.872e+02 7.294e+01 2.700e+01
|    ( - 1.154e+02 1 0)
|    ( - 1.989e+02 1 0))
s>    ( QUESTION0 -1 3.872e+02 7.294e+01 2.700e+01
s>        ( - 1.154e+02 1 0)
s>        ( - 1.989e+02 1 0))INFO: dtree.c(1315): Comp split 18
INFO: dtree.c(1315): Comp split 19
INFO: dtree.c(1439): stop. leaf nodes are specific
INFO: dtree.c(1478): Final simple tree
|( QUESTION5 -1 2.406e+02 5.660e+01 1.897e+01
|    ( QUESTION0_3_R 1 8.281e+01 2.640e+01 8.965e+00
|        ( - 1.497e+00 1 0)
|        ( - 5.491e+01 1 0))
|    ( SILENCE 1 1.012e+02 2.971e+01 1.000e+01
|        ( - 3.343e+01 1 0)
|        ( - 3.807e+01 1 0)))
s>    ( QUESTION5 -1 2.406e+02 5.660e+01 1.897e+01
s>        ( QUESTION0_3_R 1 8.281e+01 2.640e+01 8.965e+00
s>            ( - 1.497e+00 1 0)
s>            ( - 5.491e+01 1 0))
s>        ( SILENCE 1 1.012e+02 2.971e+01 1.000e+01
s>            ( - 3.343e+01 1 0)
s>            ( - 3.807e+01 1 0)))INFO: dtree.c(1439): stop. leaf nodes are specific
INFO: dtree.c(1478): Final simple tree
|( WDBNDRY_E 0 3.301e+02 6.317e+01 2.289e+01
|    ( QUESTION0_3_R 1 1.864e+02 3.041e+01 1.489e+01
|        ( - 1.536e+02 2 0)
|        ( - 2.451e+00 1 0))
|    ( - 8.051e+01 1 0))
s>    ( WDBNDRY_E 0 3.301e+02 6.317e+01 2.289e+01
s>        ( QUESTION0_3_R 1 1.864e+02 3.041e+01 1.489e+01
s>            ( - 1.536e+02 2 0)
s>            ( - 2.451e+00 1 0))
s>        ( - 8.051e+01 1 0))INFO: dtree.c(1315): Comp split 20
INFO: dtree.c(1439): stop. leaf nodes are specific
INFO: dtree.c(1478): Final simple tree
|( QUESTION0_14_R 1 1.548e+02 4.233e+01 1.286e+01
|    ( - 5.117e+01 1 0)
|    ( - 6.126e+01 2 0))
s>    ( QUESTION0_14_R 1 1.548e+02 4.233e+01 1.286e+01
s>        ( - 5.117e+01 1 0)
s>        ( - 6.126e+01 2 0))INFO: dtree.c(1315): Comp split 21
INFO: dtree.c(1315): Comp split 22
INFO: dtree.c(1439): stop. leaf nodes are specific
INFO: dtree.c(1478): Final simple tree
|( WDBNDRY_E 0 1.417e+02 3.485e+01 1.200e+01
|    ( - 9.384e+01 2 0)
|    ( - 1.305e+01 1 0))
s>    ( WDBNDRY_E 0 1.417e+02 3.485e+01 1.200e+01
s>        ( - 9.384e+01 2 0)
s>        ( - 1.305e+01 1 0))INFO: dtree.c(1315): Comp split 23
INFO: dtree.c(1315): Comp split 24
INFO: dtree.c(1315): Comp split 25
INFO: dtree.c(1315): Comp split 26
INFO: dtree.c(1439): stop. leaf nodes are specific
INFO: dtree.c(1478): Final simple tree
|( QUESTION0 -1 1.313e+02 3.386e+01 1.200e+01
|    ( - 4.796e+01 2 0)
|    ( WDBNDRY_E 0 4.949e+01 1.458e+01 6.000e+00
|        ( - 1.714e+01 1 0)
|        ( - 1.778e+01 1 0)))
s>    ( QUESTION0 -1 1.313e+02 3.386e+01 1.200e+01
s>        ( - 4.796e+01 2 0)
s>        ( WDBNDRY_E 0 4.949e+01 1.458e+01 6.000e+00
s>            ( - 1.714e+01 1 0)
s>            ( - 1.778e+01 1 0)))INFO: dtree.c(1439): stop. leaf nodes are specific
INFO: dtree.c(1478): Final simple tree
|( QUESTION0_18_R 1 1.385e+02 3.268e+01 1.200e+01
|    ( - 3.887e+01 1 0)
|    ( - 6.693e+01 1 0))
s>    ( QUESTION0_18_R 1 1.385e+02 3.268e+01 1.200e+01
s>        ( - 3.887e+01 1 0)
s>        ( - 6.693e+01 1 0))INFO: dtree.c(1315): Comp split 27
INFO: dtree.c(1439): stop. leaf nodes are specific
INFO: dtree.c(1478): Final simple tree
|( WDBNDRY_B 0 1.981e+02 3.977e+01 1.700e+01
|    ( QUESTION0 -1 1.154e+02 2.322e+01 1.200e+01
|        ( - 7.409e+01 4 0)
|        ( - 1.809e+01 1 0))
|    ( - 4.292e+01 1 0))
s>    ( WDBNDRY_B 0 1.981e+02 3.977e+01 1.700e+01
s>        ( QUESTION0 -1 1.154e+02 2.322e+01 1.200e+01
s>            ( - 7.409e+01 4 0)
s>            ( - 1.809e+01 1 0))
s>        ( - 4.292e+01 1 0))INFO: dtree.c(1439): stop. leaf nodes are specific
INFO: dtree.c(1478): Final simple tree
|( WDBNDRY_B 0 9.881e+01 2.711e+01 8.975e+00
|    ( - 1.416e+01 1 0)
|    ( - 5.754e+01 2 0))
s>    ( WDBNDRY_B 0 9.881e+01 2.711e+01 8.975e+00
s>        ( - 1.416e+01 1 0)
s>        ( - 5.754e+01 2 0))INFO: dtree.c(1315): Comp split 28
INFO: dtree.c(1439): stop. leaf nodes are specific
INFO: dtree.c(1478): Final simple tree
|( QUESTION4 -1 1.111e+02 4.304e+01 1.100e+01
|    ( - 2.290e+01 1 0)
|    ( QUESTION0 1 4.513e+01 1.765e+01 6.000e+00
|        ( - 3.009e+00 1 0)
|        ( QUESTION0 -1 2.448e+01 1.048e+01 4.000e+00
|            ( - 8.887e-01 1 0)
|            ( - 1.311e+01 1 0))))
s>    ( QUESTION4 -1 1.111e+02 4.304e+01 1.100e+01
s>        ( - 2.290e+01 1 0)
s>        ( QUESTION0 1 4.513e+01 1.765e+01 6.000e+00
s>            ( - 3.009e+00 1 0)
s>            ( QUESTION0 -1 2.448e+01 1.048e+01 4.000e+00
s>                ( - 8.887e-01 1 0)
s>                ( - 1.311e+01 1 0))))INFO: dtree.c(1315): Comp split 29
INFO: dtree.c(1315): Comp split 30
INFO: dtree.c(1439): stop. leaf nodes are specific
INFO: dtree.c(1478): Final simple tree
|( QUESTION0 -1 1.339e+02 3.352e+01 1.067e+01
|    ( - 1.799e+01 1 0)
|    ( - 8.240e+01 1 0))
s>    ( QUESTION0 -1 1.339e+02 3.352e+01 1.067e+01
s>        ( - 1.799e+01 1 0)
s>        ( - 8.240e+01 1 0))INFO: dtree.c(1439): stop. leaf nodes are specific
INFO: dtree.c(1478): Final simple tree
|( QUESTION0_5_R 1 2.531e+02 2.859e+01 1.804e+01
|    ( - 2.233e+02 1 0)
|    ( - 1.176e+00 1 0))
s>    ( QUESTION0_5_R 1 2.531e+02 2.859e+01 1.804e+01
s>        ( - 2.233e+02 1 0)
s>        ( - 1.176e+00 1 0))INFO: dtree.c(1315): Comp split 31
INFO: dtree.c(1439): stop. leaf nodes are specific
INFO: dtree.c(1478): Final simple tree
|( WDBNDRY_E 0 1.102e+02 2.729e+01 9.890e+00
|    ( - 2.451e+00 1 0)
|    ( - 8.051e+01 1 0))
s>    ( WDBNDRY_E 0 1.102e+02 2.729e+01 9.890e+00
s>        ( - 2.451e+00 1 0)
s>        ( - 8.051e+01 1 0))INFO: dtree.c(1315): Comp split 32
INFO: dtree.c(1439): stop. leaf nodes are specific
INFO: dtree.c(1478): Final simple tree
|( QUESTION0 -1 4.229e+01 1.856e+01 5.006e+00
|    ( - 1.866e+01 2 0)
|    ( - 5.067e+00 1 0))
s>    ( QUESTION0 -1 4.229e+01 1.856e+01 5.006e+00
s>        ( - 1.866e+01 2 0)
s>        ( - 5.067e+00 1 0))INFO: dtree.c(1439): stop. leaf nodes are specific
INFO: dtree.c(1478): Final simple tree
|( QUESTION2 -1 1.556e+02 3.809e+01 1.700e+01
|    ( - 6.110e+01 1 0)
|    ( - 5.636e+01 1 0))
s>    ( QUESTION2 -1 1.556e+02 3.809e+01 1.700e+01
s>        ( - 6.110e+01 1 0)
s>        ( - 5.636e+01 1 0))INFO: dtree.c(1315): Comp split 33
INFO: dtree.c(1439): stop. leaf nodes are specific
INFO: dtree.c(1478): Final simple tree
|( WDBNDRY_E 0 7.667e+01 2.555e+01 8.000e+00
|    ( - 4.680e+00 1 0)
|    ( - 4.644e+01 2 0))
s>    ( WDBNDRY_E 0 7.667e+01 2.555e+01 8.000e+00
s>        ( - 4.680e+00 1 0)
s>        ( - 4.644e+01 2 0))INFO: dtree.c(1315): Comp split 34
INFO: dtree.c(1439): stop. leaf nodes are specific
INFO: dtree.c(1478): Final simple tree
|( SILENCE 1 1.012e+02 2.971e+01 1.000e+01
|    ( - 3.343e+01 1 0)
|    ( - 3.807e+01 1 0))
s>    ( SILENCE 1 1.012e+02 2.971e+01 1.000e+01
s>        ( - 3.343e+01 1 0)
s>        ( - 3.807e+01 1 0))INFO: dtree.c(1439): stop. leaf nodes are specific
INFO: dtree.c(1478): Final simple tree
|( QUESTION0_3_R 1 8.281e+01 2.640e+01 8.965e+00
|    ( - 1.497e+00 1 0)
|    ( - 5.491e+01 1 0))
s>    ( QUESTION0_3_R 1 8.281e+01 2.640e+01 8.965e+00
s>        ( - 1.497e+00 1 0)
s>        ( - 5.491e+01 1 0))INFO: dtree.c(1315): Comp split 35
INFO: dtree.c(1315): Comp split 36
INFO: dtree.c(1439): stop. leaf nodes are specific
INFO: dtree.c(1478): Final simple tree
|( WDBNDRY_B 0 8.090e+01 1.988e+01 8.000e+00
|    ( - 1.809e+01 1 0)
|    ( - 4.292e+01 1 0))
s>    ( WDBNDRY_B 0 8.090e+01 1.988e+01 8.000e+00
s>        ( - 1.809e+01 1 0)
s>        ( - 4.292e+01 1 0))INFO: dtree.c(1315): Comp split 37
INFO: dtree.c(1439): stop. leaf nodes are specific
INFO: dtree.c(1478): Final simple tree
|( QUESTION0 1 4.513e+01 1.765e+01 6.000e+00
|    ( - 3.009e+00 1 0)
|    ( QUESTION0 -1 2.448e+01 1.048e+01 4.000e+00
|        ( - 8.887e-01 1 0)
|        ( - 1.311e+01 1 0)))
s>    ( QUESTION0 1 4.513e+01 1.765e+01 6.000e+00
s>        ( - 3.009e+00 1 0)
s>        ( QUESTION0 -1 2.448e+01 1.048e+01 4.000e+00
s>            ( - 8.887e-01 1 0)
s>            ( - 1.311e+01 1 0)))INFO: dtree.c(1315): Comp split 38
INFO: dtree.c(1315): Comp split 39
INFO: dtree.c(1315): Comp split 40
INFO: dtree.c(1315): Comp split 41
INFO: dtree.c(1439): stop. leaf nodes are specific
INFO: dtree.c(1478): Final simple tree
|( WDBNDRY_E 0 4.949e+01 1.458e+01 6.000e+00
|    ( - 1.714e+01 1 0)
|    ( - 1.778e+01 1 0))
s>    ( WDBNDRY_E 0 4.949e+01 1.458e+01 6.000e+00
s>        ( - 1.714e+01 1 0)
s>        ( - 1.778e+01 1 0))INFO: dtree.c(1315): Comp split 42
INFO: dtree.c(1315): Comp split 43
INFO: dtree.c(1315): Comp split 44
INFO: dtree.c(1315): Comp split 45
INFO: dtree.c(1315): Comp split 46
INFO: dtree.c(1315): Comp split 47
INFO: dtree.c(1315): Comp split 48
INFO: dtree.c(1315): Comp split 49
INFO: dtree.c(1315): Comp split 50
INFO: dtree.c(1315): Comp split 51
INFO: dtree.c(1315): Comp split 52
INFO: dtree.c(1439): stop. leaf nodes are specific
INFO: dtree.c(1478): Final simple tree
|( QUESTION0 -1 2.448e+01 1.048e+01 4.000e+00
|    ( - 8.887e-01 1 0)
|    ( - 1.311e+01 1 0))
s>    ( QUESTION0 -1 2.448e+01 1.048e+01 4.000e+00
s>        ( - 8.887e-01 1 0)
s>        ( - 1.311e+01 1 0))INFO: dtree.c(1315): Comp split 53
INFO: dtree.c(1315): Comp split 54
INFO: dtree.c(1315): Comp split 55
INFO: dtree.c(1318): stop. leaf nodes are specific
!!!!!!!!Allocated 67 lines
Thu Apr  7 00:40:51 2016
