Current configuration:
[NAME]		[DEFLT]	[VALUE]
-allphones	no	no
-cntthresh	0.00001	1.000000e-05
-csplitmax	100	2000
-csplitmin	1	1
-csplitthr	8e-4	0.000000e+00
-example	no	no
-fullvar	no	no
-help		no	no
-meanfn			/home/yaroslav/model/model_parameters/ua.cd_cont_untied/means
-mixwfn			/home/yaroslav/model/model_parameters/ua.cd_cont_untied/mixture_weights
-moddeffn		/home/yaroslav/model/model_architecture/ua.untied.mdef
-mwfloor	1e-4	1.000000e-08
-phone			C
-psetfn			/home/yaroslav/model/model_architecture/ua.tree_questions
-ssplitmax	5	7
-ssplitmin	1	1
-ssplitthr	8e-4	0.000000e+00
-state			1
-stwt			1.0,0.05,0.0,
-treefn			/home/yaroslav/model/trees/ua.unpruned/C-1.dtree
-ts2cbfn	.semi.	.cont.
-varfloor	0.00001	1.000000e-05
-varfn			/home/yaroslav/model/model_parameters/ua.cd_cont_untied/variances

INFO: main.c(223): Reading: /home/yaroslav/model/model_architecture/ua.untied.mdef
INFO: model_def_io.c(573): Model definition info:
INFO: model_def_io.c(574): 9391 total models defined (51 base, 9340 tri)
INFO: model_def_io.c(575): 37564 total states
INFO: model_def_io.c(576): 28173 total tied states
INFO: model_def_io.c(577): 153 total tied CI states
INFO: model_def_io.c(578): 51 total tied transition matrices
INFO: model_def_io.c(579): 4 max state/model
INFO: model_def_io.c(580): 4 min state/model
INFO: main.c(242): Building trees for [C A A i] through [C І Y i]
INFO: main.c(269): Covering states |[3276 3362]| == 87
INFO: main.c(275): Reading: /home/yaroslav/model/model_parameters/ua.cd_cont_untied/mixture_weights
INFO: s3mixw_io.c(173): Read /home/yaroslav/model/model_parameters/ua.cd_cont_untied/mixture_weights [87x1x1 array]
INFO: main.c(311): 27 of 29 models have observation count greater than 0.000010
INFO: main.c(95): nrm stwt: 0.045 0.909 0.045 
INFO: s3gau_io.c(169): Read /home/yaroslav/model/model_parameters/ua.cd_cont_untied/means [28173x1x1 array]
INFO: s3gau_io.c(169): Read /home/yaroslav/model/model_parameters/ua.cd_cont_untied/variances [28173x1x1 array]
INFO: main.c(549): Reading: /home/yaroslav/model/model_architecture/ua.tree_questions
INFO: main.c(588): 174 total simple questions (166 phone; 8 word bndry)
INFO: main.c(590): 40 Left Only questions, and 42 Right Only questions
INFO: dtree.c(1478): Final simple tree
|( QUESTION19 -1 -3.138e+04 2.300e+02 4.035e+02
|    ( WDBNDRY_B 0 -1.772e+04 1.988e+02 2.189e+02
|        ( - -1.438e+04 6 0 QUESTION10 1 1.309e+02 1.854e+02)
|        ( QUESTION10 1 -3.142e+03 1.563e+02 3.352e+01
|            ( - -2.514e+03 2 0 QUESTION0_0_R 1 1.254e+02 2.552e+01)
|            ( - -4.713e+02 1 0)))
|    ( QUESTION0_0_R 1 -1.343e+04 1.601e+02 1.846e+02
|        ( - -8.257e+00 1 0)
|        ( QUESTION7 -1 -1.327e+04 1.565e+02 1.826e+02
|            ( - -4.367e+01 1 0)
|            ( QUESTION2_8_L -1 -1.307e+04 1.557e+02 1.796e+02
|                ( WDBNDRY_B 0 -1.177e+03 1.533e+02 1.600e+01
|                    ( - -2.198e+01 1 0)
|                    ( - -1.002e+03 1 0))
|                ( - -1.173e+04 14 0 QUESTION2_5_L -1 1.207e+02 1.636e+02)))))
s>    ( QUESTION19 -1 -3.138e+04 2.300e+02 4.035e+02
s>        ( WDBNDRY_B 0 -1.772e+04 1.988e+02 2.189e+02
s>            ( - -1.438e+04 6 0 QUESTION10 1 1.309e+02 1.854e+02)
s>            ( QUESTION10 1 -3.142e+03 1.563e+02 3.352e+01
s>                ( - -2.514e+03 2 0 QUESTION0_0_R 1 1.254e+02 2.552e+01)
s>                ( - -4.713e+02 1 0)))
s>        ( QUESTION0_0_R 1 -1.343e+04 1.601e+02 1.846e+02
s>            ( - -8.257e+00 1 0)
s>            ( QUESTION7 -1 -1.327e+04 1.565e+02 1.826e+02
s>                ( - -4.367e+01 1 0)
s>                ( QUESTION2_8_L -1 -1.307e+04 1.557e+02 1.796e+02
s>                    ( WDBNDRY_B 0 -1.177e+03 1.533e+02 1.600e+01
s>                        ( - -2.198e+01 1 0)
s>                        ( - -1.002e+03 1 0))
s>                    ( - -1.173e+04 14 0 QUESTION2_5_L -1 1.207e+02 1.636e+02)))))INFO: dtree.c(1315): Comp split 0
INFO: dtree.c(1439): stop. leaf nodes are specific
INFO: dtree.c(1478): Final simple tree
|( WDBNDRY_B 0 -3.994e+03 1.593e+02 4.352e+01
|    ( - -2.198e+01 1 0)
|    ( QUESTION0_9_R 1 -3.813e+03 1.568e+02 4.152e+01
|        ( - -8.257e+00 1 0)
|        ( QUESTION0 -1 -3.648e+03 1.321e+02 3.952e+01
|            ( - -1.002e+03 1 0)
|            ( QUESTION0_0_R 1 -2.514e+03 1.254e+02 2.552e+01
|                ( - -7.848e+02 1 0)
|                ( - -1.604e+03 1 0)))))
s>    ( WDBNDRY_B 0 -3.994e+03 1.593e+02 4.352e+01
s>        ( - -2.198e+01 1 0)
s>        ( QUESTION0_9_R 1 -3.813e+03 1.568e+02 4.152e+01
s>            ( - -8.257e+00 1 0)
s>            ( QUESTION0 -1 -3.648e+03 1.321e+02 3.952e+01
s>                ( - -1.002e+03 1 0)
s>                ( QUESTION0_0_R 1 -2.514e+03 1.254e+02 2.552e+01
s>                    ( - -7.848e+02 1 0)
s>                    ( - -1.604e+03 1 0)))))INFO: dtree.c(1478): Final simple tree
|( QUESTION19 -1 -2.713e+04 2.204e+02 3.600e+02
|    ( WDBNDRY_B 0 -1.498e+04 1.287e+02 1.934e+02
|        ( QUESTION10 1 -1.438e+04 1.309e+02 1.854e+02
|            ( - -1.418e+04 5 0)
|            ( - -7.076e+01 1 0))
|        ( - -4.713e+02 1 0))
|    ( QUESTION7 -1 -1.193e+04 1.559e+02 1.666e+02
|        ( - -4.367e+01 1 0)
|        ( QUESTION2_5_L -1 -1.173e+04 1.207e+02 1.636e+02
|            ( WDBNDRY_B 0 -2.151e+03 1.184e+02 3.300e+01
|                ( - -1.545e+03 4 0 QUESTION1 -1 1.118e+02 2.400e+01)
|                ( - -4.879e+02 1 0))
|            ( QUESTION2_1_L -1 -9.461e+03 1.198e+02 1.306e+02
|                ( - -8.436e+01 1 0)
|                ( - -9.256e+03 8 0 QUESTION11 -1 9.736e+01 1.276e+02)))))
s>    ( QUESTION19 -1 -2.713e+04 2.204e+02 3.600e+02
s>        ( WDBNDRY_B 0 -1.498e+04 1.287e+02 1.934e+02
s>            ( QUESTION10 1 -1.438e+04 1.309e+02 1.854e+02
s>                ( - -1.418e+04 5 0)
s>                ( - -7.076e+01 1 0))
s>            ( - -4.713e+02 1 0))
s>        ( QUESTION7 -1 -1.193e+04 1.559e+02 1.666e+02
s>            ( - -4.367e+01 1 0)
s>            ( QUESTION2_5_L -1 -1.173e+04 1.207e+02 1.636e+02
s>                ( WDBNDRY_B 0 -2.151e+03 1.184e+02 3.300e+01
s>                    ( - -1.545e+03 4 0 QUESTION1 -1 1.118e+02 2.400e+01)
s>                    ( - -4.879e+02 1 0))
s>                ( QUESTION2_1_L -1 -9.461e+03 1.198e+02 1.306e+02
s>                    ( - -8.436e+01 1 0)
s>                    ( - -9.256e+03 8 0 QUESTION11 -1 9.736e+01 1.276e+02)))))INFO: dtree.c(1315): Comp split 1
INFO: dtree.c(1478): Final simple tree
|( QUESTION7 -1 -1.193e+04 1.559e+02 1.666e+02
|    ( - -4.367e+01 1 0)
|    ( QUESTION2_5_L -1 -1.173e+04 1.207e+02 1.636e+02
|        ( WDBNDRY_B 0 -2.151e+03 1.184e+02 3.300e+01
|            ( QUESTION1 -1 -1.545e+03 1.118e+02 2.400e+01
|                ( - -9.638e+01 1 0)
|                ( - -1.337e+03 3 0 QUESTION5 -1 9.495e+01 2.100e+01))
|            ( - -4.879e+02 1 0))
|        ( QUESTION2_1_L -1 -9.461e+03 1.198e+02 1.306e+02
|            ( - -8.436e+01 1 0)
|            ( QUESTION11 -1 -9.256e+03 9.736e+01 1.276e+02
|                ( - -3.318e+03 3 0 WDBNDRY_B 0 9.801e+01 4.850e+01)
|                ( QUESTION2_0_L -1 -5.841e+03 1.639e+02 7.910e+01
|                    ( - -4.546e+03 3 0 WDBNDRY_B 0 1.560e+02 6.410e+01)
|                    ( - -1.131e+03 2 0 WDBNDRY_B 0 1.832e+02 1.500e+01))))))
s>    ( QUESTION7 -1 -1.193e+04 1.559e+02 1.666e+02
s>        ( - -4.367e+01 1 0)
s>        ( QUESTION2_5_L -1 -1.173e+04 1.207e+02 1.636e+02
s>            ( WDBNDRY_B 0 -2.151e+03 1.184e+02 3.300e+01
s>                ( QUESTION1 -1 -1.545e+03 1.118e+02 2.400e+01
s>                    ( - -9.638e+01 1 0)
s>                    ( - -1.337e+03 3 0 QUESTION5 -1 9.495e+01 2.100e+01))
s>                ( - -4.879e+02 1 0))
s>            ( QUESTION2_1_L -1 -9.461e+03 1.198e+02 1.306e+02
s>                ( - -8.436e+01 1 0)
s>                ( QUESTION11 -1 -9.256e+03 9.736e+01 1.276e+02
s>                    ( - -3.318e+03 3 0 WDBNDRY_B 0 9.801e+01 4.850e+01)
s>                    ( QUESTION2_0_L -1 -5.841e+03 1.639e+02 7.910e+01
s>                        ( - -4.546e+03 3 0 WDBNDRY_B 0 1.560e+02 6.410e+01)
s>                        ( - -1.131e+03 2 0 WDBNDRY_B 0 1.832e+02 1.500e+01))))))INFO: dtree.c(1439): stop. leaf nodes are specific
INFO: dtree.c(1478): Final simple tree
|( WDBNDRY_B 0 -1.498e+04 1.287e+02 1.934e+02
|    ( QUESTION10 1 -1.438e+04 1.309e+02 1.854e+02
|        ( - -1.418e+04 5 0)
|        ( - -7.076e+01 1 0))
|    ( - -4.713e+02 1 0))
s>    ( WDBNDRY_B 0 -1.498e+04 1.287e+02 1.934e+02
s>        ( QUESTION10 1 -1.438e+04 1.309e+02 1.854e+02
s>            ( - -1.418e+04 5 0)
s>            ( - -7.076e+01 1 0))
s>        ( - -4.713e+02 1 0))INFO: dtree.c(1315): Comp split 2
INFO: dtree.c(1439): stop. leaf nodes are specific
INFO: dtree.c(1478): Final simple tree
|( WDBNDRY_B 0 -1.331e+03 1.669e+02 1.800e+01
|    ( QUESTION0 -1 -1.126e+03 1.722e+02 1.500e+01
|        ( - -4.367e+01 1 0)
|        ( - -9.105e+02 1 0))
|    ( - -3.763e+01 1 0))
s>    ( WDBNDRY_B 0 -1.331e+03 1.669e+02 1.800e+01
s>        ( QUESTION0 -1 -1.126e+03 1.722e+02 1.500e+01
s>            ( - -4.367e+01 1 0)
s>            ( - -9.105e+02 1 0))
s>        ( - -3.763e+01 1 0))INFO: dtree.c(1478): Final simple tree
|( QUESTION2_1_L -1 -1.041e+04 1.160e+02 1.486e+02
|    ( - -8.436e+01 1 0)
|    ( QUESTION5 -1 -1.021e+04 1.141e+02 1.456e+02
|        ( - -9.087e+02 2 0)
|        ( QUESTION1 -1 -9.188e+03 1.102e+02 1.296e+02
|            ( - -9.638e+01 1 0)
|            ( QUESTION2_5_L -1 -8.982e+03 9.807e+01 1.266e+02
|                ( WDBNDRY_B 0 -9.337e+02 1.129e+02 1.400e+01
|                    ( - -3.329e+02 1 0)
|                    ( - -4.879e+02 1 0))
|                ( WDBNDRY_B 0 -7.950e+03 8.841e+01 1.126e+02
|                    ( - -4.929e+03 3 0 QUESTION11 -1 9.272e+01 7.115e+01)
|                    ( QUESTION11 -1 -2.933e+03 1.589e+02 4.145e+01
|                        ( - -2.528e+03 2 0)
|                        ( - -2.458e+02 1 0)))))))
s>    ( QUESTION2_1_L -1 -1.041e+04 1.160e+02 1.486e+02
s>        ( - -8.436e+01 1 0)
s>        ( QUESTION5 -1 -1.021e+04 1.141e+02 1.456e+02
s>            ( - -9.087e+02 2 0)
s>            ( QUESTION1 -1 -9.188e+03 1.102e+02 1.296e+02
s>                ( - -9.638e+01 1 0)
s>                ( QUESTION2_5_L -1 -8.982e+03 9.807e+01 1.266e+02
s>                    ( WDBNDRY_B 0 -9.337e+02 1.129e+02 1.400e+01
s>                        ( - -3.329e+02 1 0)
s>                        ( - -4.879e+02 1 0))
s>                    ( WDBNDRY_B 0 -7.950e+03 8.841e+01 1.126e+02
s>                        ( - -4.929e+03 3 0 QUESTION11 -1 9.272e+01 7.115e+01)
s>                        ( QUESTION11 -1 -2.933e+03 1.589e+02 4.145e+01
s>                            ( - -2.528e+03 2 0)
s>                            ( - -2.458e+02 1 0)))))))INFO: dtree.c(1315): Comp split 3
INFO: dtree.c(1439): stop. leaf nodes are specific
INFO: dtree.c(1478): Final simple tree
|( WDBNDRY_B 0 -2.427e+02 1.614e+02 6.000e+00
|    ( - -4.367e+01 1 0)
|    ( - -3.763e+01 1 0))
s>    ( WDBNDRY_B 0 -2.427e+02 1.614e+02 6.000e+00
s>        ( - -4.367e+01 1 0)
s>        ( - -3.763e+01 1 0))INFO: dtree.c(1315): Comp split 4
INFO: dtree.c(1478): Final simple tree
|( QUESTION2_1_L -1 -1.000e+04 1.160e+02 1.436e+02
|    ( - -8.436e+01 1 0)
|    ( QUESTION5 -1 -9.800e+03 1.128e+02 1.406e+02
|        ( - -9.087e+02 2 0)
|        ( QUESTION1 -1 -8.779e+03 1.097e+02 1.246e+02
|            ( - -9.638e+01 1 0)
|            ( QUESTION2_5_L -1 -8.573e+03 9.743e+01 1.216e+02
|                ( WDBNDRY_B 0 -9.337e+02 1.129e+02 1.400e+01
|                    ( - -3.329e+02 1 0)
|                    ( - -4.879e+02 1 0))
|                ( WDBNDRY_B 0 -7.542e+03 8.482e+01 1.076e+02
|                    ( QUESTION11 -1 -4.929e+03 9.272e+01 7.115e+01
|                        ( - -6.919e+02 1 0)
|                        ( - -4.144e+03 2 0))
|                    ( - -2.528e+03 2 0))))))
s>    ( QUESTION2_1_L -1 -1.000e+04 1.160e+02 1.436e+02
s>        ( - -8.436e+01 1 0)
s>        ( QUESTION5 -1 -9.800e+03 1.128e+02 1.406e+02
s>            ( - -9.087e+02 2 0)
s>            ( QUESTION1 -1 -8.779e+03 1.097e+02 1.246e+02
s>                ( - -9.638e+01 1 0)
s>                ( QUESTION2_5_L -1 -8.573e+03 9.743e+01 1.216e+02
s>                    ( WDBNDRY_B 0 -9.337e+02 1.129e+02 1.400e+01
s>                        ( - -3.329e+02 1 0)
s>                        ( - -4.879e+02 1 0))
s>                    ( WDBNDRY_B 0 -7.542e+03 8.482e+01 1.076e+02
s>                        ( QUESTION11 -1 -4.929e+03 9.272e+01 7.115e+01
s>                            ( - -6.919e+02 1 0)
s>                            ( - -4.144e+03 2 0))
s>                        ( - -2.528e+03 2 0))))))INFO: dtree.c(1315): Comp split 5
INFO: dtree.c(1315): Comp split 6
INFO: dtree.c(1439): stop. leaf nodes are specific
INFO: dtree.c(1478): Final simple tree
|( QUESTION0_9_R 1 -3.813e+03 1.568e+02 4.152e+01
|    ( - -8.257e+00 1 0)
|    ( QUESTION0 -1 -3.648e+03 1.321e+02 3.952e+01
|        ( - -1.002e+03 1 0)
|        ( QUESTION0_0_R 1 -2.514e+03 1.254e+02 2.552e+01
|            ( - -7.848e+02 1 0)
|            ( - -1.604e+03 1 0))))
s>    ( QUESTION0_9_R 1 -3.813e+03 1.568e+02 4.152e+01
s>        ( - -8.257e+00 1 0)
s>        ( QUESTION0 -1 -3.648e+03 1.321e+02 3.952e+01
s>            ( - -1.002e+03 1 0)
s>            ( QUESTION0_0_R 1 -2.514e+03 1.254e+02 2.552e+01
s>                ( - -7.848e+02 1 0)
s>                ( - -1.604e+03 1 0))))INFO: dtree.c(1315): Comp split 7
INFO: dtree.c(1439): stop. leaf nodes are specific
INFO: dtree.c(1478): Final simple tree
|( QUESTION0 -1 -3.648e+03 1.321e+02 3.952e+01
|    ( - -1.002e+03 1 0)
|    ( QUESTION0_0_R 1 -2.514e+03 1.254e+02 2.552e+01
|        ( - -7.848e+02 1 0)
|        ( - -1.604e+03 1 0)))
s>    ( QUESTION0 -1 -3.648e+03 1.321e+02 3.952e+01
s>        ( - -1.002e+03 1 0)
s>        ( QUESTION0_0_R 1 -2.514e+03 1.254e+02 2.552e+01
s>            ( - -7.848e+02 1 0)
s>            ( - -1.604e+03 1 0)))INFO: dtree.c(1315): Comp split 8
INFO: dtree.c(1439): stop. leaf nodes are specific
INFO: dtree.c(1478): Final simple tree
|( QUESTION0_0_R 1 -2.514e+03 1.254e+02 2.552e+01
|    ( - -7.848e+02 1 0)
|    ( - -1.604e+03 1 0))
s>    ( QUESTION0_0_R 1 -2.514e+03 1.254e+02 2.552e+01
s>        ( - -7.848e+02 1 0)
s>        ( - -1.604e+03 1 0))INFO: dtree.c(1315): Comp split 9
INFO: dtree.c(1439): stop. leaf nodes are specific
INFO: dtree.c(1478): Final simple tree
|( WDBNDRY_B 0 -1.478e+04 1.282e+02 1.904e+02
|    ( - -1.418e+04 5 0)
|    ( - -4.713e+02 1 0))
s>    ( WDBNDRY_B 0 -1.478e+04 1.282e+02 1.904e+02
s>        ( - -1.418e+04 5 0)
s>        ( - -4.713e+02 1 0))INFO: dtree.c(1315): Comp split 10
INFO: dtree.c(1315): Comp split 11
INFO: dtree.c(1315): Comp split 12
INFO: dtree.c(1439): stop. leaf nodes are specific
INFO: dtree.c(1478): Final simple tree
|( WDBNDRY_B 0 -2.501e+03 1.106e+02 4.004e+01
|    ( QUESTION1 -1 -1.902e+03 1.061e+02 3.104e+01
|        ( - -9.638e+01 1 0)
|        ( QUESTION0 -1 -1.700e+03 9.931e+01 2.804e+01
|            ( - -9.087e+02 2 0)
|            ( - -6.919e+02 1 0)))
|    ( - -4.879e+02 1 0))
s>    ( WDBNDRY_B 0 -2.501e+03 1.106e+02 4.004e+01
s>        ( QUESTION1 -1 -1.902e+03 1.061e+02 3.104e+01
s>            ( - -9.638e+01 1 0)
s>            ( QUESTION0 -1 -1.700e+03 9.931e+01 2.804e+01
s>                ( - -9.087e+02 2 0)
s>                ( - -6.919e+02 1 0)))
s>        ( - -4.879e+02 1 0))INFO: dtree.c(1439): stop. leaf nodes are specific
INFO: dtree.c(1478): Final simple tree
|( QUESTION2_1_L -1 -7.380e+03 1.173e+02 1.036e+02
|    ( - -8.436e+01 1 0)
|    ( QUESTION0 -1 -7.178e+03 9.090e+01 1.006e+02
|        ( - -3.329e+02 1 0)
|        ( WDBNDRY_B 0 -6.754e+03 8.201e+01 9.556e+01
|            ( - -4.144e+03 2 0)
|            ( - -2.528e+03 2 0))))
s>    ( QUESTION2_1_L -1 -7.380e+03 1.173e+02 1.036e+02
s>        ( - -8.436e+01 1 0)
s>        ( QUESTION0 -1 -7.178e+03 9.090e+01 1.006e+02
s>            ( - -3.329e+02 1 0)
s>            ( WDBNDRY_B 0 -6.754e+03 8.201e+01 9.556e+01
s>                ( - -4.144e+03 2 0)
s>                ( - -2.528e+03 2 0))))INFO: dtree.c(1315): Comp split 13
INFO: dtree.c(1439): stop. leaf nodes are specific
INFO: dtree.c(1478): Final simple tree
|( QUESTION0 -1 -7.178e+03 9.090e+01 1.006e+02
|    ( - -3.329e+02 1 0)
|    ( WDBNDRY_B 0 -6.754e+03 8.201e+01 9.556e+01
|        ( - -4.144e+03 2 0)
|        ( - -2.528e+03 2 0)))
s>    ( QUESTION0 -1 -7.178e+03 9.090e+01 1.006e+02
s>        ( - -3.329e+02 1 0)
s>        ( WDBNDRY_B 0 -6.754e+03 8.201e+01 9.556e+01
s>            ( - -4.144e+03 2 0)
s>            ( - -2.528e+03 2 0)))INFO: dtree.c(1315): Comp split 14
INFO: dtree.c(1439): stop. leaf nodes are specific
INFO: dtree.c(1478): Final simple tree
|( QUESTION1 -1 -1.902e+03 1.061e+02 3.104e+01
|    ( - -9.638e+01 1 0)
|    ( QUESTION0 -1 -1.700e+03 9.931e+01 2.804e+01
|        ( - -9.087e+02 2 0)
|        ( - -6.919e+02 1 0)))
s>    ( QUESTION1 -1 -1.902e+03 1.061e+02 3.104e+01
s>        ( - -9.638e+01 1 0)
s>        ( QUESTION0 -1 -1.700e+03 9.931e+01 2.804e+01
s>            ( - -9.087e+02 2 0)
s>            ( - -6.919e+02 1 0)))INFO: dtree.c(1315): Comp split 15
INFO: dtree.c(1439): stop. leaf nodes are specific
INFO: dtree.c(1478): Final simple tree
|( QUESTION0 -1 -1.700e+03 9.931e+01 2.804e+01
|    ( - -9.087e+02 2 0)
|    ( - -6.919e+02 1 0))
s>    ( QUESTION0 -1 -1.700e+03 9.931e+01 2.804e+01
s>        ( - -9.087e+02 2 0)
s>        ( - -6.919e+02 1 0))INFO: dtree.c(1315): Comp split 16
INFO: dtree.c(1315): Comp split 17
INFO: dtree.c(1439): stop. leaf nodes are specific
INFO: dtree.c(1478): Final simple tree
|( WDBNDRY_B 0 -6.754e+03 8.201e+01 9.556e+01
|    ( - -4.144e+03 2 0)
|    ( - -2.528e+03 2 0))
s>    ( WDBNDRY_B 0 -6.754e+03 8.201e+01 9.556e+01
s>        ( - -4.144e+03 2 0)
s>        ( - -2.528e+03 2 0))INFO: dtree.c(1315): Comp split 18
INFO: dtree.c(1315): Comp split 19
INFO: dtree.c(1318): stop. leaf nodes are specific
!!!!!!!!Allocated 66 lines
Fri Apr  8 23:08:17 2016
