Current configuration:
[NAME]		[DEFLT]	[VALUE]
-allphones	no	no
-cntthresh	0.00001	1.000000e-05
-csplitmax	100	2000
-csplitmin	1	1
-csplitthr	8e-4	0.000000e+00
-example	no	no
-fullvar	no	no
-help		no	no
-meanfn			/home/yaroslav/model/model_parameters/ua.cd_cont_untied/means
-mixwfn			/home/yaroslav/model/model_parameters/ua.cd_cont_untied/mixture_weights
-moddeffn		/home/yaroslav/model/model_architecture/ua.untied.mdef
-mwfloor	1e-4	1.000000e-08
-phone			GG
-psetfn			/home/yaroslav/model/model_architecture/ua.tree_questions
-ssplitmax	5	7
-ssplitmin	1	1
-ssplitthr	8e-4	0.000000e+00
-state			0
-stwt			1.0,0.05,0.0,
-treefn			/home/yaroslav/model/trees/ua.unpruned/GG-0.dtree
-ts2cbfn	.semi.	.cont.
-varfloor	0.00001	1.000000e-05
-varfn			/home/yaroslav/model/model_parameters/ua.cd_cont_untied/variances

INFO: main.c(223): Reading: /home/yaroslav/model/model_architecture/ua.untied.mdef
INFO: model_def_io.c(573): Model definition info:
INFO: model_def_io.c(574): 9365 total models defined (51 base, 9314 tri)
INFO: model_def_io.c(575): 37460 total states
INFO: model_def_io.c(576): 28095 total tied states
INFO: model_def_io.c(577): 153 total tied CI states
INFO: model_def_io.c(578): 51 total tied transition matrices
INFO: model_def_io.c(579): 4 max state/model
INFO: model_def_io.c(580): 4 min state/model
INFO: main.c(242): Building trees for [GG A І b] through [GG ZH І b]
INFO: main.c(269): Covering states |[6819 6842]| == 24
INFO: main.c(275): Reading: /home/yaroslav/model/model_parameters/ua.cd_cont_untied/mixture_weights
INFO: s3mixw_io.c(173): Read /home/yaroslav/model/model_parameters/ua.cd_cont_untied/mixture_weights [24x1x1 array]
INFO: main.c(311): 8 of 8 models have observation count greater than 0.000010
INFO: main.c(95): nrm stwt: 0.952 0.048 0.000 
INFO: s3gau_io.c(169): Read /home/yaroslav/model/model_parameters/ua.cd_cont_untied/means [28095x1x1 array]
INFO: s3gau_io.c(169): Read /home/yaroslav/model/model_parameters/ua.cd_cont_untied/variances [28095x1x1 array]
INFO: main.c(549): Reading: /home/yaroslav/model/model_architecture/ua.tree_questions
INFO: main.c(588): 180 total simple questions (172 phone; 8 word bndry)
INFO: main.c(590): 42 Left Only questions, and 42 Right Only questions
INFO: dtree.c(1439): stop. leaf nodes are specific
INFO: dtree.c(1478): Final simple tree
|( QUESTION10 -1 -1.403e+04 4.382e+02 6.233e+01
|    ( - 2.004e+02 1 0)
|    ( QUESTION2_16_L -1 -1.379e+04 4.378e+02 6.133e+01
|        ( - 2.110e+02 1 0)
|        ( QUESTION0 -1 -1.357e+04 3.074e+02 6.033e+01
|            ( QUESTION2_12_L -1 -9.972e+03 1.539e+02 4.548e+01
|                ( WDBNDRY_B 0 -8.774e+03 2.066e+02 3.948e+01
|                    ( - -2.549e+02 1 0)
|                    ( - -8.312e+03 1 0))
|                ( WDBNDRY_B 0 -1.044e+03 1.653e+02 6.000e+00
|                    ( - -6.760e+02 2 0)
|                    ( - -2.029e+02 1 0)))
|            ( - -3.287e+03 1 0))))
s>    ( QUESTION10 -1 -1.403e+04 4.382e+02 6.233e+01
s>        ( - 2.004e+02 1 0)
s>        ( QUESTION2_16_L -1 -1.379e+04 4.378e+02 6.133e+01
s>            ( - 2.110e+02 1 0)
s>            ( QUESTION0 -1 -1.357e+04 3.074e+02 6.033e+01
s>                ( QUESTION2_12_L -1 -9.972e+03 1.539e+02 4.548e+01
s>                    ( WDBNDRY_B 0 -8.774e+03 2.066e+02 3.948e+01
s>                        ( - -2.549e+02 1 0)
s>                        ( - -8.312e+03 1 0))
s>                    ( WDBNDRY_B 0 -1.044e+03 1.653e+02 6.000e+00
s>                        ( - -6.760e+02 2 0)
s>                        ( - -2.029e+02 1 0)))
s>                ( - -3.287e+03 1 0))))INFO: dtree.c(1315): Comp split 0
INFO: dtree.c(1439): stop. leaf nodes are specific
INFO: dtree.c(1478): Final simple tree
|( QUESTION2_16_L -1 -1.379e+04 4.378e+02 6.133e+01
|    ( - 2.110e+02 1 0)
|    ( QUESTION0 -1 -1.357e+04 3.074e+02 6.033e+01
|        ( QUESTION2_12_L -1 -9.972e+03 1.539e+02 4.548e+01
|            ( WDBNDRY_B 0 -8.774e+03 2.066e+02 3.948e+01
|                ( - -2.549e+02 1 0)
|                ( - -8.312e+03 1 0))
|            ( WDBNDRY_B 0 -1.044e+03 1.653e+02 6.000e+00
|                ( - -6.760e+02 2 0)
|                ( - -2.029e+02 1 0)))
|        ( - -3.287e+03 1 0)))
s>    ( QUESTION2_16_L -1 -1.379e+04 4.378e+02 6.133e+01
s>        ( - 2.110e+02 1 0)
s>        ( QUESTION0 -1 -1.357e+04 3.074e+02 6.033e+01
s>            ( QUESTION2_12_L -1 -9.972e+03 1.539e+02 4.548e+01
s>                ( WDBNDRY_B 0 -8.774e+03 2.066e+02 3.948e+01
s>                    ( - -2.549e+02 1 0)
s>                    ( - -8.312e+03 1 0))
s>                ( WDBNDRY_B 0 -1.044e+03 1.653e+02 6.000e+00
s>                    ( - -6.760e+02 2 0)
s>                    ( - -2.029e+02 1 0)))
s>            ( - -3.287e+03 1 0)))INFO: dtree.c(1315): Comp split 1
INFO: dtree.c(1439): stop. leaf nodes are specific
INFO: dtree.c(1478): Final simple tree
|( QUESTION0 -1 -1.357e+04 3.074e+02 6.033e+01
|    ( QUESTION2_12_L -1 -9.972e+03 1.539e+02 4.548e+01
|        ( WDBNDRY_B 0 -8.774e+03 2.066e+02 3.948e+01
|            ( - -2.549e+02 1 0)
|            ( - -8.312e+03 1 0))
|        ( WDBNDRY_B 0 -1.044e+03 1.653e+02 6.000e+00
|            ( - -6.760e+02 2 0)
|            ( - -2.029e+02 1 0)))
|    ( - -3.287e+03 1 0))
s>    ( QUESTION0 -1 -1.357e+04 3.074e+02 6.033e+01
s>        ( QUESTION2_12_L -1 -9.972e+03 1.539e+02 4.548e+01
s>            ( WDBNDRY_B 0 -8.774e+03 2.066e+02 3.948e+01
s>                ( - -2.549e+02 1 0)
s>                ( - -8.312e+03 1 0))
s>            ( WDBNDRY_B 0 -1.044e+03 1.653e+02 6.000e+00
s>                ( - -6.760e+02 2 0)
s>                ( - -2.029e+02 1 0)))
s>        ( - -3.287e+03 1 0))INFO: dtree.c(1315): Comp split 2
INFO: dtree.c(1439): stop. leaf nodes are specific
INFO: dtree.c(1478): Final simple tree
|( QUESTION2_12_L -1 -9.972e+03 1.539e+02 4.548e+01
|    ( WDBNDRY_B 0 -8.774e+03 2.066e+02 3.948e+01
|        ( - -2.549e+02 1 0)
|        ( - -8.312e+03 1 0))
|    ( WDBNDRY_B 0 -1.044e+03 1.653e+02 6.000e+00
|        ( - -6.760e+02 2 0)
|        ( - -2.029e+02 1 0)))
s>    ( QUESTION2_12_L -1 -9.972e+03 1.539e+02 4.548e+01
s>        ( WDBNDRY_B 0 -8.774e+03 2.066e+02 3.948e+01
s>            ( - -2.549e+02 1 0)
s>            ( - -8.312e+03 1 0))
s>        ( WDBNDRY_B 0 -1.044e+03 1.653e+02 6.000e+00
s>            ( - -6.760e+02 2 0)
s>            ( - -2.029e+02 1 0)))INFO: dtree.c(1315): Comp split 3
INFO: dtree.c(1439): stop. leaf nodes are specific
INFO: dtree.c(1478): Final simple tree
|( QUESTION2_12_L -1 -9.509e+03 1.529e+02 4.348e+01
|    ( - -8.312e+03 1 0)
|    ( WDBNDRY_B 0 -1.044e+03 1.653e+02 6.000e+00
|        ( - -6.760e+02 2 0)
|        ( - -2.029e+02 1 0)))
s>    ( QUESTION2_12_L -1 -9.509e+03 1.529e+02 4.348e+01
s>        ( - -8.312e+03 1 0)
s>        ( WDBNDRY_B 0 -1.044e+03 1.653e+02 6.000e+00
s>            ( - -6.760e+02 2 0)
s>            ( - -2.029e+02 1 0)))INFO: dtree.c(1315): Comp split 4
INFO: dtree.c(1439): stop. leaf nodes are specific
INFO: dtree.c(1478): Final simple tree
|( WDBNDRY_B 0 -9.123e+03 1.348e+02 4.148e+01
|    ( - -6.760e+02 2 0)
|    ( - -8.312e+03 1 0))
s>    ( WDBNDRY_B 0 -9.123e+03 1.348e+02 4.148e+01
s>        ( - -6.760e+02 2 0)
s>        ( - -8.312e+03 1 0))INFO: dtree.c(1315): Comp split 5
INFO: dtree.c(1315): Comp split 6
INFO: dtree.c(1318): stop. leaf nodes are specific
!!!!!!!!Allocated 68 lines
Fri Apr  8 18:31:08 2016
