Current configuration:
[NAME]		[DEFLT]	[VALUE]
-allphones	no	no
-cntthresh	0.00001	1.000000e-05
-csplitmax	100	2000
-csplitmin	1	1
-csplitthr	8e-4	0.000000e+00
-example	no	no
-fullvar	no	no
-help		no	no
-meanfn			/home/yaroslav/model/model_parameters/ua.cd_cont_untied/means
-mixwfn			/home/yaroslav/model/model_parameters/ua.cd_cont_untied/mixture_weights
-moddeffn		/home/yaroslav/model/model_architecture/ua.untied.mdef
-mwfloor	1e-4	1.000000e-08
-phone			T
-psetfn			/home/yaroslav/model/model_architecture/ua.tree_questions
-ssplitmax	5	7
-ssplitmin	1	1
-ssplitthr	8e-4	0.000000e+00
-state			0
-stwt			1.0,0.05,0.0,
-treefn			/home/yaroslav/model/trees/ua.unpruned/T-0.dtree
-ts2cbfn	.semi.	.cont.
-varfloor	0.00001	1.000000e-05
-varfn			/home/yaroslav/model/model_parameters/ua.cd_cont_untied/variances

INFO: main.c(223): Reading: /home/yaroslav/model/model_architecture/ua.untied.mdef
INFO: model_def_io.c(573): Model definition info:
INFO: model_def_io.c(574): 8408 total models defined (50 base, 8358 tri)
INFO: model_def_io.c(575): 33632 total states
INFO: model_def_io.c(576): 25224 total tied states
INFO: model_def_io.c(577): 150 total tied CI states
INFO: model_def_io.c(578): 50 total tied transition matrices
INFO: model_def_io.c(579): 4 max state/model
INFO: model_def_io.c(580): 4 min state/model
INFO: main.c(242): Building trees for [T A A b] through [T ZZ I b]
INFO: main.c(269): Covering states |[17538 18470]| == 933
INFO: main.c(275): Reading: /home/yaroslav/model/model_parameters/ua.cd_cont_untied/mixture_weights
INFO: s3mixw_io.c(173): Read /home/yaroslav/model/model_parameters/ua.cd_cont_untied/mixture_weights [933x1x1 array]
INFO: main.c(311): 309 of 311 models have observation count greater than 0.000010
INFO: main.c(95): nrm stwt: 0.952 0.048 0.000 
INFO: s3gau_io.c(169): Read /home/yaroslav/model/model_parameters/ua.cd_cont_untied/means [25224x1x1 array]
INFO: s3gau_io.c(169): Read /home/yaroslav/model/model_parameters/ua.cd_cont_untied/variances [25224x1x1 array]
INFO: main.c(549): Reading: /home/yaroslav/model/model_architecture/ua.tree_questions
INFO: main.c(588): 174 total simple questions (166 phone; 8 word bndry)
INFO: main.c(590): 42 Left Only questions, and 40 Right Only questions
INFO: dtree.c(1478): Final simple tree
|( QUESTION0 -1 -1.830e+06 3.066e+03 9.128e+03
|    ( WDBNDRY_I 0 -1.066e+06 2.220e+03 5.314e+03
|        ( - -5.706e+05 60 0 QUESTION0_19_R 1 4.648e+02 2.817e+03)
|        ( QUESTION0_8_R 1 -4.927e+05 1.194e+03 2.497e+03
|            ( WDBNDRY_B 0 -1.007e+05 6.491e+02 5.262e+02
|                ( - -7.189e+04 7 0 QUESTION0 1 1.378e+02 3.832e+02)
|                ( - -2.813e+04 7 0 QUESTION0_9_R 1 6.122e+02 1.430e+02))
|            ( - -3.909e+05 60 0 QUESTION0_16_R 1 4.835e+02 1.971e+03)))
|    ( QUESTION10 -1 -7.619e+05 1.790e+03 3.814e+03
|        ( WDBNDRY_I 0 -3.949e+05 6.956e+02 1.993e+03
|            ( - -1.483e+05 29 0 QUESTION0_15_R 1 4.521e+02 7.352e+02)
|            ( - -2.459e+05 45 0 QUESTION2 1 4.411e+02 1.257e+03))
|        ( SILENCE -1 -3.651e+05 8.941e+02 1.821e+03
|            ( - -2.161e+04 5 0 QUESTION0_12_R 1 4.034e+02 1.098e+02)
|            ( - -3.426e+05 96 0 QUESTION2_9_L -1 5.736e+02 1.711e+03))))
s>    ( QUESTION0 -1 -1.830e+06 3.066e+03 9.128e+03
s>        ( WDBNDRY_I 0 -1.066e+06 2.220e+03 5.314e+03
s>            ( - -5.706e+05 60 0 QUESTION0_19_R 1 4.648e+02 2.817e+03)
s>            ( QUESTION0_8_R 1 -4.927e+05 1.194e+03 2.497e+03
s>                ( WDBNDRY_B 0 -1.007e+05 6.491e+02 5.262e+02
s>                    ( - -7.189e+04 7 0 QUESTION0 1 1.378e+02 3.832e+02)
s>                    ( - -2.813e+04 7 0 QUESTION0_9_R 1 6.122e+02 1.430e+02))
s>                ( - -3.909e+05 60 0 QUESTION0_16_R 1 4.835e+02 1.971e+03)))
s>        ( QUESTION10 -1 -7.619e+05 1.790e+03 3.814e+03
s>            ( WDBNDRY_I 0 -3.949e+05 6.956e+02 1.993e+03
s>                ( - -1.483e+05 29 0 QUESTION0_15_R 1 4.521e+02 7.352e+02)
s>                ( - -2.459e+05 45 0 QUESTION2 1 4.411e+02 1.257e+03))
s>            ( SILENCE -1 -3.651e+05 8.941e+02 1.821e+03
s>                ( - -2.161e+04 5 0 QUESTION0_12_R 1 4.034e+02 1.098e+02)
s>                ( - -3.426e+05 96 0 QUESTION2_9_L -1 5.736e+02 1.711e+03))))INFO: dtree.c(1315): Comp split 0
INFO: dtree.c(1478): Final simple tree
|( QUESTION0_19_R 1 -5.706e+05 4.648e+02 2.817e+03
|    ( - 2.420e+02 1 0)
|    ( QUESTION0_0_R 1 -5.703e+05 4.197e+02 2.816e+03
|        ( - -4.261e+05 25 0)
|        ( QUESTION0_9_R 1 -1.438e+05 4.855e+02 7.128e+02
|            ( - -6.830e+04 7 0 QUESTION0 1 9.751e+01 3.436e+02)
|            ( QUESTION19 1 -7.502e+04 3.023e+02 3.692e+02
|                ( - -3.729e+03 1 0)
|                ( QUESTION0_8_R 1 -7.099e+04 2.871e+02 3.492e+02
|                    ( - -2.011e+04 8 0)
|                    ( QUESTION17 1 -5.059e+04 2.855e+02 2.500e+02
|                        ( - -6.428e+03 2 0)
|                        ( QUESTION0_13_R 1 -4.387e+04 2.446e+02 2.181e+02
|                            ( - -1.791e+04 8 0 QUESTION13 1 1.911e+02 8.986e+01)
|                            ( - -2.571e+04 8 0 QUESTION0_15_R 1 2.157e+02 1.282e+02))))))))
s>    ( QUESTION0_19_R 1 -5.706e+05 4.648e+02 2.817e+03
s>        ( - 2.420e+02 1 0)
s>        ( QUESTION0_0_R 1 -5.703e+05 4.197e+02 2.816e+03
s>            ( - -4.261e+05 25 0)
s>            ( QUESTION0_9_R 1 -1.438e+05 4.855e+02 7.128e+02
s>                ( - -6.830e+04 7 0 QUESTION0 1 9.751e+01 3.436e+02)
s>                ( QUESTION19 1 -7.502e+04 3.023e+02 3.692e+02
s>                    ( - -3.729e+03 1 0)
s>                    ( QUESTION0_8_R 1 -7.099e+04 2.871e+02 3.492e+02
s>                        ( - -2.011e+04 8 0)
s>                        ( QUESTION17 1 -5.059e+04 2.855e+02 2.500e+02
s>                            ( - -6.428e+03 2 0)
s>                            ( QUESTION0_13_R 1 -4.387e+04 2.446e+02 2.181e+02
s>                                ( - -1.791e+04 8 0 QUESTION13 1 1.911e+02 8.986e+01)
s>                                ( - -2.571e+04 8 0 QUESTION0_15_R 1 2.157e+02 1.282e+02))))))))INFO: dtree.c(1478): Final simple tree
|( QUESTION2_20_L -1 -1.256e+06 1.850e+03 6.311e+03
|    ( QUESTION10 -1 -9.283e+05 1.205e+03 4.690e+03
|        ( WDBNDRY_I 0 -3.922e+05 6.910e+02 1.979e+03
|            ( - -1.483e+05 29 0 QUESTION0_15_R 1 4.521e+02 7.352e+02)
|            ( - -2.432e+05 41 0 QUESTION2 1 4.364e+02 1.243e+03))
|        ( QUESTION0_8_R 1 -5.349e+05 1.133e+03 2.712e+03
|            ( WDBNDRY_B 0 -1.095e+05 6.567e+02 5.705e+02
|                ( - -7.228e+04 8 0 QUESTION0 -1 1.491e+02 3.852e+02)
|                ( QUESTION0_9_R 1 -3.652e+04 5.749e+02 1.853e+02
|                    ( - -1.724e+04 6 0 QUESTION0 1 2.485e+02 8.540e+01)
|                    ( - -1.870e+04 4 0 QUESTION0 -1 2.285e+02 9.985e+01)))
|            ( - -4.243e+05 66 0 QUESTION0_16_R 1 4.840e+02 2.141e+03)))
|    ( SILENCE -1 -3.256e+05 8.682e+02 1.621e+03
|        ( - -2.161e+04 5 0 QUESTION0_12_R 1 4.034e+02 1.098e+02)
|        ( - -3.032e+05 90 0 QUESTION3 -1 4.953e+02 1.511e+03)))
s>    ( QUESTION2_20_L -1 -1.256e+06 1.850e+03 6.311e+03
s>        ( QUESTION10 -1 -9.283e+05 1.205e+03 4.690e+03
s>            ( WDBNDRY_I 0 -3.922e+05 6.910e+02 1.979e+03
s>                ( - -1.483e+05 29 0 QUESTION0_15_R 1 4.521e+02 7.352e+02)
s>                ( - -2.432e+05 41 0 QUESTION2 1 4.364e+02 1.243e+03))
s>            ( QUESTION0_8_R 1 -5.349e+05 1.133e+03 2.712e+03
s>                ( WDBNDRY_B 0 -1.095e+05 6.567e+02 5.705e+02
s>                    ( - -7.228e+04 8 0 QUESTION0 -1 1.491e+02 3.852e+02)
s>                    ( QUESTION0_9_R 1 -3.652e+04 5.749e+02 1.853e+02
s>                        ( - -1.724e+04 6 0 QUESTION0 1 2.485e+02 8.540e+01)
s>                        ( - -1.870e+04 4 0 QUESTION0 -1 2.285e+02 9.985e+01)))
s>                ( - -4.243e+05 66 0 QUESTION0_16_R 1 4.840e+02 2.141e+03)))
s>        ( SILENCE -1 -3.256e+05 8.682e+02 1.621e+03
s>            ( - -2.161e+04 5 0 QUESTION0_12_R 1 4.034e+02 1.098e+02)
s>            ( - -3.032e+05 90 0 QUESTION3 -1 4.953e+02 1.511e+03)))INFO: dtree.c(1315): Comp split 1
INFO: dtree.c(1478): Final simple tree
|( QUESTION1 -1 -4.184e+05 1.613e+03 2.106e+03
|    ( QUESTION5 -1 -3.076e+05 4.937e+02 1.534e+03
|        ( WDBNDRY_E 0 -3.040e+04 4.548e+02 1.542e+02
|            ( - 2.412e+02 1 0)
|            ( - -3.018e+04 13 0 QUESTION0_2_R 1 1.550e+02 1.532e+02))
|        ( SILENCE 1 -2.767e+05 4.573e+02 1.380e+03
|            ( - 2.413e+02 1 0)
|            ( QUESTION2_9_L -1 -2.765e+05 4.590e+02 1.379e+03
|                ( QUESTION3 1 -1.884e+05 4.462e+02 9.418e+02
|                    ( - 2.414e+02 1 0)
|                    ( - -1.882e+05 32 0 QUESTION0_3_R 1 1.741e+02 9.408e+02))
|                ( - -8.758e+04 45 0 QUESTION2_19_L -1 3.782e+02 4.367e+02))))
|    ( SILENCE -1 -1.092e+05 8.018e+02 5.719e+02
|        ( - -2.161e+04 5 0 QUESTION0_12_R 1 4.034e+02 1.098e+02)
|        ( - -8.681e+04 9 0 WDBNDRY_B 0 2.619e+02 4.622e+02)))
s>    ( QUESTION1 -1 -4.184e+05 1.613e+03 2.106e+03
s>        ( QUESTION5 -1 -3.076e+05 4.937e+02 1.534e+03
s>            ( WDBNDRY_E 0 -3.040e+04 4.548e+02 1.542e+02
s>                ( - 2.412e+02 1 0)
s>                ( - -3.018e+04 13 0 QUESTION0_2_R 1 1.550e+02 1.532e+02))
s>            ( SILENCE 1 -2.767e+05 4.573e+02 1.380e+03
s>                ( - 2.413e+02 1 0)
s>                ( QUESTION2_9_L -1 -2.765e+05 4.590e+02 1.379e+03
s>                    ( QUESTION3 1 -1.884e+05 4.462e+02 9.418e+02
s>                        ( - 2.414e+02 1 0)
s>                        ( - -1.882e+05 32 0 QUESTION0_3_R 1 1.741e+02 9.408e+02))
s>                    ( - -8.758e+04 45 0 QUESTION2_19_L -1 3.782e+02 4.367e+02))))
s>        ( SILENCE -1 -1.092e+05 8.018e+02 5.719e+02
s>            ( - -2.161e+04 5 0 QUESTION0_12_R 1 4.034e+02 1.098e+02)
s>            ( - -8.681e+04 9 0 WDBNDRY_B 0 2.619e+02 4.622e+02)))INFO: dtree.c(1478): Final simple tree
|( QUESTION10 -1 -8.354e+05 1.220e+03 4.205e+03
|    ( WDBNDRY_I 0 -3.922e+05 6.910e+02 1.979e+03
|        ( QUESTION0_15_R 1 -1.483e+05 4.521e+02 7.352e+02
|            ( - 2.411e+02 1 0)
|            ( - -1.481e+05 28 0 QUESTION0_0_R 1 2.779e+02 7.342e+02))
|        ( QUESTION2 1 -2.432e+05 4.364e+02 1.243e+03
|            ( - -3.889e+04 11 0 WDBNDRY_B 0 1.731e+02 1.999e+02)
|            ( - -2.038e+05 30 0 WDBNDRY_B 0 3.855e+02 1.043e+03)))
|    ( WDBNDRY_B 0 -4.420e+05 5.130e+02 2.226e+03
|        ( QUESTION0_0_R 1 -3.671e+05 4.035e+02 1.852e+03
|            ( - -3.321e+05 32 0 QUESTION0 -1 1.364e+02 1.676e+03)
|            ( - -3.465e+04 12 0))
|        ( QUESTION0_16_R 1 -7.432e+04 4.826e+02 3.746e+02
|            ( - 2.412e+02 1 0)
|            ( - -7.407e+04 27 0 QUESTION19 1 3.638e+02 3.736e+02))))
s>    ( QUESTION10 -1 -8.354e+05 1.220e+03 4.205e+03
s>        ( WDBNDRY_I 0 -3.922e+05 6.910e+02 1.979e+03
s>            ( QUESTION0_15_R 1 -1.483e+05 4.521e+02 7.352e+02
s>                ( - 2.411e+02 1 0)
s>                ( - -1.481e+05 28 0 QUESTION0_0_R 1 2.779e+02 7.342e+02))
s>            ( QUESTION2 1 -2.432e+05 4.364e+02 1.243e+03
s>                ( - -3.889e+04 11 0 WDBNDRY_B 0 1.731e+02 1.999e+02)
s>                ( - -2.038e+05 30 0 WDBNDRY_B 0 3.855e+02 1.043e+03)))
s>        ( WDBNDRY_B 0 -4.420e+05 5.130e+02 2.226e+03
s>            ( QUESTION0_0_R 1 -3.671e+05 4.035e+02 1.852e+03
s>                ( - -3.321e+05 32 0 QUESTION0 -1 1.364e+02 1.676e+03)
s>                ( - -3.465e+04 12 0))
s>            ( QUESTION0_16_R 1 -7.432e+04 4.826e+02 3.746e+02
s>                ( - 2.412e+02 1 0)
s>                ( - -7.407e+04 27 0 QUESTION19 1 3.638e+02 3.736e+02))))INFO: dtree.c(1315): Comp split 2
INFO: dtree.c(1478): Final simple tree
|( QUESTION5 -1 -3.074e+05 4.945e+02 1.533e+03
|    ( WDBNDRY_E 0 -3.040e+04 4.548e+02 1.542e+02
|        ( - 2.412e+02 1 0)
|        ( - -3.018e+04 13 0 QUESTION0_2_R 1 1.550e+02 1.532e+02))
|    ( QUESTION2_9_L -1 -2.765e+05 4.590e+02 1.379e+03
|        ( QUESTION3 1 -1.884e+05 4.462e+02 9.418e+02
|            ( - 2.414e+02 1 0)
|            ( - -1.882e+05 32 0 QUESTION0_3_R 1 1.741e+02 9.408e+02))
|        ( QUESTION2_19_L -1 -8.758e+04 3.782e+02 4.367e+02
|            ( QUESTION0_10_R 1 -6.019e+04 4.480e+02 3.006e+02
|                ( - 2.413e+02 1 0)
|                ( - -5.998e+04 28 0 WDBNDRY_B 0 1.765e+02 2.996e+02))
|            ( QUESTION2_8_L -1 -2.702e+04 1.811e+02 1.362e+02
|                ( - -1.668e+04 7 0 QUESTION2 -1 1.396e+02 8.327e+01)
|                ( - -1.016e+04 9 0 QUESTION0_12_R 1 2.210e+02 5.290e+01)))))
s>    ( QUESTION5 -1 -3.074e+05 4.945e+02 1.533e+03
s>        ( WDBNDRY_E 0 -3.040e+04 4.548e+02 1.542e+02
s>            ( - 2.412e+02 1 0)
s>            ( - -3.018e+04 13 0 QUESTION0_2_R 1 1.550e+02 1.532e+02))
s>        ( QUESTION2_9_L -1 -2.765e+05 4.590e+02 1.379e+03
s>            ( QUESTION3 1 -1.884e+05 4.462e+02 9.418e+02
s>                ( - 2.414e+02 1 0)
s>                ( - -1.882e+05 32 0 QUESTION0_3_R 1 1.741e+02 9.408e+02))
s>            ( QUESTION2_19_L -1 -8.758e+04 3.782e+02 4.367e+02
s>                ( QUESTION0_10_R 1 -6.019e+04 4.480e+02 3.006e+02
s>                    ( - 2.413e+02 1 0)
s>                    ( - -5.998e+04 28 0 WDBNDRY_B 0 1.765e+02 2.996e+02))
s>                ( QUESTION2_8_L -1 -2.702e+04 1.811e+02 1.362e+02
s>                    ( - -1.668e+04 7 0 QUESTION2 -1 1.396e+02 8.327e+01)
s>                    ( - -1.016e+04 9 0 QUESTION0_12_R 1 2.210e+02 5.290e+01)))))INFO: dtree.c(1439): stop. leaf nodes are specific
INFO: dtree.c(1478): Final simple tree
|( QUESTION0 -1 -1.094e+05 8.027e+02 5.729e+02
|    ( WDBNDRY_B 0 -8.681e+04 2.619e+02 4.622e+02
|        ( QUESTION0 1 -7.189e+04 1.378e+02 3.832e+02
|            ( - -2.523e+02 1 0)
|            ( - -7.150e+04 6 0))
|        ( - -1.466e+04 2 0))
|    ( WDBNDRY_B 0 -2.181e+04 4.493e+02 1.108e+02
|        ( QUESTION0_12_R 1 -2.161e+04 4.034e+02 1.098e+02
|            ( - -8.850e+03 1 0)
|            ( QUESTION0_0_R 1 -1.235e+04 7.816e+01 6.460e+01
|                ( - -1.050e+04 3 0)
|                ( - -1.772e+03 1 0)))
|        ( - 2.413e+02 1 0)))
s>    ( QUESTION0 -1 -1.094e+05 8.027e+02 5.729e+02
s>        ( WDBNDRY_B 0 -8.681e+04 2.619e+02 4.622e+02
s>            ( QUESTION0 1 -7.189e+04 1.378e+02 3.832e+02
s>                ( - -2.523e+02 1 0)
s>                ( - -7.150e+04 6 0))
s>            ( - -1.466e+04 2 0))
s>        ( WDBNDRY_B 0 -2.181e+04 4.493e+02 1.108e+02
s>            ( QUESTION0_12_R 1 -2.161e+04 4.034e+02 1.098e+02
s>                ( - -8.850e+03 1 0)
s>                ( QUESTION0_0_R 1 -1.235e+04 7.816e+01 6.460e+01
s>                    ( - -1.050e+04 3 0)
s>                    ( - -1.772e+03 1 0)))
s>            ( - 2.413e+02 1 0)))INFO: dtree.c(1315): Comp split 3
INFO: dtree.c(1478): Final simple tree
|( WDBNDRY_I 0 -4.271e+05 6.445e+02 2.154e+03
|    ( QUESTION0_15_R 1 -1.483e+05 4.521e+02 7.352e+02
|        ( - 2.411e+02 1 0)
|        ( QUESTION0_0_R 1 -1.481e+05 2.779e+02 7.342e+02
|            ( - -1.280e+05 16 0)
|            ( - -1.987e+04 12 0 QUESTION0_10_R 1 2.261e+02 9.813e+01)))
|    ( QUESTION0_0_R 1 -2.781e+05 5.055e+02 1.419e+03
|        ( - -1.837e+05 20 0)
|        ( WDBNDRY_B 0 -9.390e+04 3.210e+02 4.752e+02
|            ( QUESTION11 1 -8.146e+04 2.313e+02 4.129e+02
|                ( - -8.132e+03 4 0)
|                ( - -7.309e+04 23 0 QUESTION0 -1 2.528e+02 3.718e+02))
|            ( QUESTION0_8_R 1 -1.212e+04 2.684e+02 6.228e+01
|                ( - -6.528e+03 2 0)
|                ( - -5.324e+03 4 0 QUESTION0_13_R 1 1.292e+02 2.802e+01)))))
s>    ( WDBNDRY_I 0 -4.271e+05 6.445e+02 2.154e+03
s>        ( QUESTION0_15_R 1 -1.483e+05 4.521e+02 7.352e+02
s>            ( - 2.411e+02 1 0)
s>            ( QUESTION0_0_R 1 -1.481e+05 2.779e+02 7.342e+02
s>                ( - -1.280e+05 16 0)
s>                ( - -1.987e+04 12 0 QUESTION0_10_R 1 2.261e+02 9.813e+01)))
s>        ( QUESTION0_0_R 1 -2.781e+05 5.055e+02 1.419e+03
s>            ( - -1.837e+05 20 0)
s>            ( WDBNDRY_B 0 -9.390e+04 3.210e+02 4.752e+02
s>                ( QUESTION11 1 -8.146e+04 2.313e+02 4.129e+02
s>                    ( - -8.132e+03 4 0)
s>                    ( - -7.309e+04 23 0 QUESTION0 -1 2.528e+02 3.718e+02))
s>                ( QUESTION0_8_R 1 -1.212e+04 2.684e+02 6.228e+01
s>                    ( - -6.528e+03 2 0)
s>                    ( - -5.324e+03 4 0 QUESTION0_13_R 1 1.292e+02 2.802e+01)))))INFO: dtree.c(1478): Final simple tree
|( WDBNDRY_B 0 -4.069e+05 5.117e+02 2.051e+03
|    ( - -3.321e+05 32 0 QUESTION0 -1 1.364e+02 1.676e+03)
|    ( QUESTION0_16_R 1 -7.432e+04 4.826e+02 3.746e+02
|        ( - 2.412e+02 1 0)
|        ( QUESTION19 1 -7.407e+04 3.638e+02 3.736e+02
|            ( - -6.847e+03 3 0 QUESTION0_8_R 1 1.275e+02 3.523e+01)
|            ( QUESTION0_1_R 1 -6.686e+04 3.104e+02 3.383e+02
|                ( QUESTION2 1 -3.689e+04 2.244e+02 1.851e+02
|                    ( - -2.119e+04 6 0)
|                    ( WDBNDRY_E 0 -1.547e+04 1.933e+02 7.617e+01
|                        ( - -1.113e+04 9 0 QUESTION0_8_R 1 1.497e+02 5.477e+01)
|                        ( - -4.155e+03 1 0)))
|                ( SILENCE 1 -2.966e+04 1.802e+02 1.533e+02
|                    ( - -4.438e+02 1 0)
|                    ( - -2.904e+04 7 0 WDBNDRY_E 0 1.286e+02 1.503e+02))))))
s>    ( WDBNDRY_B 0 -4.069e+05 5.117e+02 2.051e+03
s>        ( - -3.321e+05 32 0 QUESTION0 -1 1.364e+02 1.676e+03)
s>        ( QUESTION0_16_R 1 -7.432e+04 4.826e+02 3.746e+02
s>            ( - 2.412e+02 1 0)
s>            ( QUESTION19 1 -7.407e+04 3.638e+02 3.736e+02
s>                ( - -6.847e+03 3 0 QUESTION0_8_R 1 1.275e+02 3.523e+01)
s>                ( QUESTION0_1_R 1 -6.686e+04 3.104e+02 3.383e+02
s>                    ( QUESTION2 1 -3.689e+04 2.244e+02 1.851e+02
s>                        ( - -2.119e+04 6 0)
s>                        ( WDBNDRY_E 0 -1.547e+04 1.933e+02 7.617e+01
s>                            ( - -1.113e+04 9 0 QUESTION0_8_R 1 1.497e+02 5.477e+01)
s>                            ( - -4.155e+03 1 0)))
s>                    ( SILENCE 1 -2.966e+04 1.802e+02 1.533e+02
s>                        ( - -4.438e+02 1 0)
s>                        ( - -2.904e+04 7 0 WDBNDRY_E 0 1.286e+02 1.503e+02))))))INFO: dtree.c(1315): Comp split 4
INFO: dtree.c(1439): stop. leaf nodes are specific
INFO: dtree.c(1478): Final simple tree
|( SILENCE -1 -9.601e+04 3.477e+02 5.073e+02
|    ( - -8.850e+03 1 0)
|    ( WDBNDRY_B 0 -8.681e+04 2.619e+02 4.622e+02
|        ( QUESTION0 1 -7.189e+04 1.378e+02 3.832e+02
|            ( - -2.523e+02 1 0)
|            ( - -7.150e+04 6 0))
|        ( - -1.466e+04 2 0)))
s>    ( SILENCE -1 -9.601e+04 3.477e+02 5.073e+02
s>        ( - -8.850e+03 1 0)
s>        ( WDBNDRY_B 0 -8.681e+04 2.619e+02 4.622e+02
s>            ( QUESTION0 1 -7.189e+04 1.378e+02 3.832e+02
s>                ( - -2.523e+02 1 0)
s>                ( - -7.150e+04 6 0))
s>            ( - -1.466e+04 2 0)))INFO: dtree.c(1439): stop. leaf nodes are specific
INFO: dtree.c(1478): Final simple tree
|( WDBNDRY_B 0 -1.256e+04 4.453e+02 6.560e+01
|    ( QUESTION0_0_R 1 -1.235e+04 7.816e+01 6.460e+01
|        ( - -1.050e+04 3 0)
|        ( - -1.772e+03 1 0))
|    ( - 2.413e+02 1 0))
s>    ( WDBNDRY_B 0 -1.256e+04 4.453e+02 6.560e+01
s>        ( QUESTION0_0_R 1 -1.235e+04 7.816e+01 6.460e+01
s>            ( - -1.050e+04 3 0)
s>            ( - -1.772e+03 1 0))
s>        ( - 2.413e+02 1 0))INFO: dtree.c(1315): Comp split 5
INFO: dtree.c(1439): stop. leaf nodes are specific
INFO: dtree.c(1478): Final simple tree
|( QUESTION0_14_R 1 -1.891e+05 1.220e+02 9.721e+02
|    ( - -2.418e+03 2 0)
|    ( WDBNDRY_B 0 -1.866e+05 1.215e+02 9.591e+02
|        ( - -1.837e+05 20 0)
|        ( - -2.778e+03 2 0)))
s>    ( QUESTION0_14_R 1 -1.891e+05 1.220e+02 9.721e+02
s>        ( - -2.418e+03 2 0)
s>        ( WDBNDRY_B 0 -1.866e+05 1.215e+02 9.591e+02
s>            ( - -1.837e+05 20 0)
s>            ( - -2.778e+03 2 0)))INFO: dtree.c(1478): Final simple tree
|( WDBNDRY_E 0 -2.372e+05 4.793e+02 1.182e+03
|    ( - -6.528e+03 2 0)
|    ( QUESTION0_13_R 1 -2.302e+05 4.517e+02 1.148e+03
|        ( QUESTION0 -1 -7.245e+04 2.177e+02 3.678e+02
|            ( - -3.465e+04 12 0)
|            ( WDBNDRY_B 0 -3.758e+04 2.533e+02 1.918e+02
|                ( - -3.499e+04 8 0)
|                ( - -2.335e+03 2 0)))
|        ( QUESTION0_15_R 1 -1.573e+05 4.521e+02 7.804e+02
|            ( - 2.411e+02 1 0)
|            ( QUESTION11 1 -1.571e+05 2.532e+02 7.794e+02
|                ( - -1.858e+04 8 0 QUESTION0_2_R 1 1.211e+02 9.230e+01)
|                ( QUESTION0_0_R 1 -1.383e+05 1.927e+02 6.871e+02
|                    ( - -1.280e+05 16 0)
|                    ( - -1.008e+04 9 0 QUESTION0_8_R 1 1.658e+02 5.101e+01))))))
s>    ( WDBNDRY_E 0 -2.372e+05 4.793e+02 1.182e+03
s>        ( - -6.528e+03 2 0)
s>        ( QUESTION0_13_R 1 -2.302e+05 4.517e+02 1.148e+03
s>            ( QUESTION0 -1 -7.245e+04 2.177e+02 3.678e+02
s>                ( - -3.465e+04 12 0)
s>                ( WDBNDRY_B 0 -3.758e+04 2.533e+02 1.918e+02
s>                    ( - -3.499e+04 8 0)
s>                    ( - -2.335e+03 2 0)))
s>            ( QUESTION0_15_R 1 -1.573e+05 4.521e+02 7.804e+02
s>                ( - 2.411e+02 1 0)
s>                ( QUESTION11 1 -1.571e+05 2.532e+02 7.794e+02
s>                    ( - -1.858e+04 8 0 QUESTION0_2_R 1 1.211e+02 9.230e+01)
s>                    ( QUESTION0_0_R 1 -1.383e+05 1.927e+02 6.871e+02
s>                        ( - -1.280e+05 16 0)
s>                        ( - -1.008e+04 9 0 QUESTION0_8_R 1 1.658e+02 5.101e+01))))))INFO: dtree.c(1315): Comp split 6
INFO: dtree.c(1439): stop. leaf nodes are specific
INFO: dtree.c(1478): Final simple tree
|( QUESTION19 1 -5.129e+05 3.849e+02 2.537e+03
|    ( - -6.765e+04 5 0)
|    ( QUESTION2 1 -4.449e+05 2.420e+02 2.196e+03
|        ( - -1.241e+04 5 0)
|        ( QUESTION13 1 -4.322e+05 1.773e+02 2.133e+03
|            ( - -8.601e+02 1 0)
|            ( QUESTION0_12_R 1 -4.312e+05 1.708e+02 2.128e+03
|                ( - -4.274e+03 2 0)
|                ( QUESTION0_0_R 1 -4.268e+05 8.855e+01 2.107e+03
|                    ( - -4.261e+05 25 0)
|                    ( - -5.544e+02 2 0))))))
s>    ( QUESTION19 1 -5.129e+05 3.849e+02 2.537e+03
s>        ( - -6.765e+04 5 0)
s>        ( QUESTION2 1 -4.449e+05 2.420e+02 2.196e+03
s>            ( - -1.241e+04 5 0)
s>            ( QUESTION13 1 -4.322e+05 1.773e+02 2.133e+03
s>                ( - -8.601e+02 1 0)
s>                ( QUESTION0_12_R 1 -4.312e+05 1.708e+02 2.128e+03
s>                    ( - -4.274e+03 2 0)
s>                    ( QUESTION0_0_R 1 -4.268e+05 8.855e+01 2.107e+03
s>                        ( - -4.261e+05 25 0)
s>                        ( - -5.544e+02 2 0))))))INFO: dtree.c(1478): Final simple tree
|( QUESTION0_19_R 1 -5.698e+04 4.641e+02 2.804e+02
|    ( - 2.420e+02 1 0)
|    ( QUESTION0_5_R 1 -5.676e+04 3.487e+02 2.794e+02
|        ( - -1.793e+04 4 0)
|        ( QUESTION19 1 -3.848e+04 2.811e+02 1.889e+02
|            ( - -3.729e+03 1 0)
|            ( QUESTION0_15_R 1 -3.447e+04 2.014e+02 1.689e+02
|                ( - -4.213e+03 1 0)
|                ( QUESTION0_12_R 1 -3.005e+04 2.029e+02 1.471e+02
|                    ( QUESTION0_13_R 1 -7.536e+03 1.775e+02 3.692e+01
|                        ( - -6.428e+03 2 0)
|                        ( - -9.307e+02 1 0))
|                    ( QUESTION0_4_R 1 -2.232e+04 1.819e+02 1.101e+02
|                        ( - -2.382e+02 1 0)
|                        ( - -2.190e+04 9 0 QUESTION0_2_R 1 1.760e+02 1.081e+02)))))))
s>    ( QUESTION0_19_R 1 -5.698e+04 4.641e+02 2.804e+02
s>        ( - 2.420e+02 1 0)
s>        ( QUESTION0_5_R 1 -5.676e+04 3.487e+02 2.794e+02
s>            ( - -1.793e+04 4 0)
s>            ( QUESTION19 1 -3.848e+04 2.811e+02 1.889e+02
s>                ( - -3.729e+03 1 0)
s>                ( QUESTION0_15_R 1 -3.447e+04 2.014e+02 1.689e+02
s>                    ( - -4.213e+03 1 0)
s>                    ( QUESTION0_12_R 1 -3.005e+04 2.029e+02 1.471e+02
s>                        ( QUESTION0_13_R 1 -7.536e+03 1.775e+02 3.692e+01
s>                            ( - -6.428e+03 2 0)
s>                            ( - -9.307e+02 1 0))
s>                        ( QUESTION0_4_R 1 -2.232e+04 1.819e+02 1.101e+02
s>                            ( - -2.382e+02 1 0)
s>                            ( - -2.190e+04 9 0 QUESTION0_2_R 1 1.760e+02 1.081e+02)))))))INFO: dtree.c(1315): Comp split 7
INFO: dtree.c(1478): Final simple tree
|( QUESTION0_0_R 1 -1.596e+05 2.638e+02 7.914e+02
|    ( - -1.280e+05 16 0)
|    ( QUESTION0_10_R 1 -3.133e+04 2.238e+02 1.553e+02
|        ( WDBNDRY_B 0 -6.375e+03 1.453e+02 3.301e+01
|            ( - -7.916e+02 1 0)
|            ( - -5.438e+03 4 0))
|        ( QUESTION0_14_R 1 -2.473e+04 1.707e+02 1.223e+02
|            ( - -2.313e+02 1 0)
|            ( QUESTION0 1 -2.432e+04 1.283e+02 1.203e+02
|                ( WDBNDRY_B 0 -3.177e+03 1.337e+02 1.600e+01
|                    ( - -2.100e+03 2 0)
|                    ( - -9.439e+02 1 0))
|                ( QUESTION0_2_R 1 -2.102e+04 1.196e+02 1.043e+02
|                    ( - -7.316e+02 1 0)
|                    ( - -2.017e+04 9 0 WDBNDRY_B 0 1.161e+02 1.003e+02))))))
s>    ( QUESTION0_0_R 1 -1.596e+05 2.638e+02 7.914e+02
s>        ( - -1.280e+05 16 0)
s>        ( QUESTION0_10_R 1 -3.133e+04 2.238e+02 1.553e+02
s>            ( WDBNDRY_B 0 -6.375e+03 1.453e+02 3.301e+01
s>                ( - -7.916e+02 1 0)
s>                ( - -5.438e+03 4 0))
s>            ( QUESTION0_14_R 1 -2.473e+04 1.707e+02 1.223e+02
s>                ( - -2.313e+02 1 0)
s>                ( QUESTION0 1 -2.432e+04 1.283e+02 1.203e+02
s>                    ( WDBNDRY_B 0 -3.177e+03 1.337e+02 1.600e+01
s>                        ( - -2.100e+03 2 0)
s>                        ( - -9.439e+02 1 0))
s>                    ( QUESTION0_2_R 1 -2.102e+04 1.196e+02 1.043e+02
s>                        ( - -7.316e+02 1 0)
s>                        ( - -2.017e+04 9 0 WDBNDRY_B 0 1.161e+02 1.003e+02))))))INFO: dtree.c(1439): stop. leaf nodes are specific
INFO: dtree.c(1478): Final simple tree
|( WDBNDRY_I 0 -7.707e+04 4.507e+02 3.910e+02
|    ( - 2.411e+02 1 0)
|    ( WDBNDRY_B 0 -7.686e+04 4.330e+02 3.900e+02
|        ( QUESTION0 -1 -6.990e+04 2.588e+02 3.558e+02
|            ( - -3.465e+04 12 0)
|            ( - -3.499e+04 8 0))
|        ( - -6.528e+03 2 0)))
s>    ( WDBNDRY_I 0 -7.707e+04 4.507e+02 3.910e+02
s>        ( - 2.411e+02 1 0)
s>        ( WDBNDRY_B 0 -7.686e+04 4.330e+02 3.900e+02
s>            ( QUESTION0 -1 -6.990e+04 2.588e+02 3.558e+02
s>                ( - -3.465e+04 12 0)
s>                ( - -3.499e+04 8 0))
s>            ( - -6.528e+03 2 0)))INFO: dtree.c(1315): Comp split 8
INFO: dtree.c(1439): stop. leaf nodes are specific
INFO: dtree.c(1478): Final simple tree
|( QUESTION0_16_R 1 -1.846e+04 4.701e+02 9.100e+01
|    ( - 2.412e+02 1 0)
|    ( QUESTION19 1 -1.823e+04 2.553e+02 9.000e+01
|        ( QUESTION0_8_R 1 -6.847e+03 1.275e+02 3.523e+01
|            ( - -6.206e+03 1 0)
|            ( - -5.127e+02 2 0))
|        ( QUESTION0_8_R 1 -1.113e+04 1.497e+02 5.477e+01
|            ( - -6.434e+03 4 0)
|            ( QUESTION0_2_R 1 -4.543e+03 1.416e+02 2.300e+01
|                ( QUESTION0_3_R 1 -3.278e+03 1.100e+02 1.700e+01
|                    ( - -7.256e+02 1 0)
|                    ( - -2.442e+03 2 0))
|                ( - -1.123e+03 2 0)))))
s>    ( QUESTION0_16_R 1 -1.846e+04 4.701e+02 9.100e+01
s>        ( - 2.412e+02 1 0)
s>        ( QUESTION19 1 -1.823e+04 2.553e+02 9.000e+01
s>            ( QUESTION0_8_R 1 -6.847e+03 1.275e+02 3.523e+01
s>                ( - -6.206e+03 1 0)
s>                ( - -5.127e+02 2 0))
s>            ( QUESTION0_8_R 1 -1.113e+04 1.497e+02 5.477e+01
s>                ( - -6.434e+03 4 0)
s>                ( QUESTION0_2_R 1 -4.543e+03 1.416e+02 2.300e+01
s>                    ( QUESTION0_3_R 1 -3.278e+03 1.100e+02 1.700e+01
s>                        ( - -7.256e+02 1 0)
s>                        ( - -2.442e+03 2 0))
s>                    ( - -1.123e+03 2 0)))))INFO: dtree.c(1439): stop. leaf nodes are specific
INFO: dtree.c(1478): Final simple tree
|( WDBNDRY_B 0 -3.879e+05 4.392e+02 1.960e+03
|    ( QUESTION0 -1 -3.321e+05 1.364e+02 1.676e+03
|        ( - -3.266e+05 30 0)
|        ( - -5.300e+03 2 0))
|    ( QUESTION0_1_R 1 -5.538e+04 2.354e+02 2.836e+02
|        ( WDBNDRY_E 0 -2.548e+04 1.359e+02 1.303e+02
|            ( - -2.119e+04 6 0)
|            ( - -4.155e+03 1 0))
|        ( SILENCE 1 -2.966e+04 1.802e+02 1.533e+02
|            ( - -4.438e+02 1 0)
|            ( WDBNDRY_E 0 -2.904e+04 1.286e+02 1.503e+02
|                ( - -1.340e+03 3 0)
|                ( - -2.757e+04 4 0)))))
s>    ( WDBNDRY_B 0 -3.879e+05 4.392e+02 1.960e+03
s>        ( QUESTION0 -1 -3.321e+05 1.364e+02 1.676e+03
s>            ( - -3.266e+05 30 0)
s>            ( - -5.300e+03 2 0))
s>        ( QUESTION0_1_R 1 -5.538e+04 2.354e+02 2.836e+02
s>            ( WDBNDRY_E 0 -2.548e+04 1.359e+02 1.303e+02
s>                ( - -2.119e+04 6 0)
s>                ( - -4.155e+03 1 0))
s>            ( SILENCE 1 -2.966e+04 1.802e+02 1.533e+02
s>                ( - -4.438e+02 1 0)
s>                ( WDBNDRY_E 0 -2.904e+04 1.286e+02 1.503e+02
s>                    ( - -1.340e+03 3 0)
s>                    ( - -2.757e+04 4 0)))))INFO: dtree.c(1315): Comp split 9
INFO: dtree.c(1478): Final simple tree
|( QUESTION3 1 -2.488e+05 4.467e+02 1.241e+03
|    ( - 2.414e+02 1 0)
|    ( QUESTION12 -1 -2.486e+05 4.253e+02 1.240e+03
|        ( WDBNDRY_B 0 -5.998e+04 1.765e+02 2.996e+02
|            ( QUESTION13 -1 -1.402e+04 1.524e+02 7.300e+01
|                ( - -7.879e+03 5 0)
|                ( - -5.987e+03 7 0 QUESTION0_0_R 1 9.629e+01 3.000e+01))
|            ( - -4.578e+04 16 0 QUESTION0_8_R 1 1.481e+02 2.266e+02))
|        ( QUESTION0_3_R 1 -1.882e+05 1.741e+02 9.408e+02
|            ( - -2.154e+02 1 0)
|            ( WDBNDRY_B 0 -1.878e+05 1.717e+02 9.388e+02
|                ( QUESTION2_10_L -1 -2.093e+04 1.882e+02 1.051e+02
|                    ( - -1.353e+04 8 0 QUESTION0_0_R 1 1.088e+02 6.780e+01)
|                    ( - -7.206e+03 3 0))
|                ( - -1.668e+05 20 0 QUESTION2_10_L -1 1.404e+02 8.337e+02)))))
s>    ( QUESTION3 1 -2.488e+05 4.467e+02 1.241e+03
s>        ( - 2.414e+02 1 0)
s>        ( QUESTION12 -1 -2.486e+05 4.253e+02 1.240e+03
s>            ( WDBNDRY_B 0 -5.998e+04 1.765e+02 2.996e+02
s>                ( QUESTION13 -1 -1.402e+04 1.524e+02 7.300e+01
s>                    ( - -7.879e+03 5 0)
s>                    ( - -5.987e+03 7 0 QUESTION0_0_R 1 9.629e+01 3.000e+01))
s>                ( - -4.578e+04 16 0 QUESTION0_8_R 1 1.481e+02 2.266e+02))
s>            ( QUESTION0_3_R 1 -1.882e+05 1.741e+02 9.408e+02
s>                ( - -2.154e+02 1 0)
s>                ( WDBNDRY_B 0 -1.878e+05 1.717e+02 9.388e+02
s>                    ( QUESTION2_10_L -1 -2.093e+04 1.882e+02 1.051e+02
s>                        ( - -1.353e+04 8 0 QUESTION0_0_R 1 1.088e+02 6.780e+01)
s>                        ( - -7.206e+03 3 0))
s>                    ( - -1.668e+05 20 0 QUESTION2_10_L -1 1.404e+02 8.337e+02)))))INFO: dtree.c(1478): Final simple tree
|( QUESTION13 -1 -5.798e+04 4.493e+02 2.914e+02
|    ( - 2.413e+02 1 0)
|    ( QUESTION3 -1 -5.778e+04 3.603e+02 2.904e+02
|        ( WDBNDRY_E 0 -3.079e+04 4.550e+02 1.562e+02
|            ( - 2.412e+02 1 0)
|            ( QUESTION0_2_R 1 -3.057e+04 1.549e+02 1.552e+02
|                ( - -2.198e+02 1 0)
|                ( - -3.020e+04 13 0 QUESTION9 -1 1.445e+02 1.532e+02)))
|        ( QUESTION0_9_R 1 -2.663e+04 1.848e+02 1.342e+02
|            ( - -4.285e+02 1 0)
|            ( QUESTION2_8_L -1 -2.602e+04 1.784e+02 1.312e+02
|                ( - -1.668e+04 7 0 QUESTION2 -1 1.396e+02 8.327e+01)
|                ( QUESTION0_12_R 1 -9.154e+03 2.244e+02 4.790e+01
|                    ( - -2.353e+02 1 0)
|                    ( - -8.694e+03 6 0 WDBNDRY_E 0 1.548e+02 4.590e+01))))))
s>    ( QUESTION13 -1 -5.798e+04 4.493e+02 2.914e+02
s>        ( - 2.413e+02 1 0)
s>        ( QUESTION3 -1 -5.778e+04 3.603e+02 2.904e+02
s>            ( WDBNDRY_E 0 -3.079e+04 4.550e+02 1.562e+02
s>                ( - 2.412e+02 1 0)
s>                ( QUESTION0_2_R 1 -3.057e+04 1.549e+02 1.552e+02
s>                    ( - -2.198e+02 1 0)
s>                    ( - -3.020e+04 13 0 QUESTION9 -1 1.445e+02 1.532e+02)))
s>            ( QUESTION0_9_R 1 -2.663e+04 1.848e+02 1.342e+02
s>                ( - -4.285e+02 1 0)
s>                ( QUESTION2_8_L -1 -2.602e+04 1.784e+02 1.312e+02
s>                    ( - -1.668e+04 7 0 QUESTION2 -1 1.396e+02 8.327e+01)
s>                    ( QUESTION0_12_R 1 -9.154e+03 2.244e+02 4.790e+01
s>                        ( - -2.353e+02 1 0)
s>                        ( - -8.694e+03 6 0 WDBNDRY_E 0 1.548e+02 4.590e+01))))))INFO: dtree.c(1315): Comp split 10
INFO: dtree.c(1439): stop. leaf nodes are specific
INFO: dtree.c(1478): Final simple tree
|( QUESTION19 1 -1.823e+04 2.553e+02 9.000e+01
|    ( QUESTION0_8_R 1 -6.847e+03 1.275e+02 3.523e+01
|        ( - -6.206e+03 1 0)
|        ( - -5.127e+02 2 0))
|    ( QUESTION0_8_R 1 -1.113e+04 1.497e+02 5.477e+01
|        ( - -6.434e+03 4 0)
|        ( QUESTION0_2_R 1 -4.543e+03 1.416e+02 2.300e+01
|            ( QUESTION0_3_R 1 -3.278e+03 1.100e+02 1.700e+01
|                ( - -7.256e+02 1 0)
|                ( - -2.442e+03 2 0))
|            ( - -1.123e+03 2 0))))
s>    ( QUESTION19 1 -1.823e+04 2.553e+02 9.000e+01
s>        ( QUESTION0_8_R 1 -6.847e+03 1.275e+02 3.523e+01
s>            ( - -6.206e+03 1 0)
s>            ( - -5.127e+02 2 0))
s>        ( QUESTION0_8_R 1 -1.113e+04 1.497e+02 5.477e+01
s>            ( - -6.434e+03 4 0)
s>            ( QUESTION0_2_R 1 -4.543e+03 1.416e+02 2.300e+01
s>                ( QUESTION0_3_R 1 -3.278e+03 1.100e+02 1.700e+01
s>                    ( - -7.256e+02 1 0)
s>                    ( - -2.442e+03 2 0))
s>                ( - -1.123e+03 2 0))))INFO: dtree.c(1315): Comp split 11
INFO: dtree.c(1478): Final simple tree
|( QUESTION0_5_R 1 -5.676e+04 3.487e+02 2.794e+02
|    ( - -1.793e+04 4 0)
|    ( QUESTION19 1 -3.848e+04 2.811e+02 1.889e+02
|        ( - -3.729e+03 1 0)
|        ( QUESTION0_15_R 1 -3.447e+04 2.014e+02 1.689e+02
|            ( - -4.213e+03 1 0)
|            ( QUESTION0_12_R 1 -3.005e+04 2.029e+02 1.471e+02
|                ( QUESTION0_13_R 1 -7.536e+03 1.775e+02 3.692e+01
|                    ( - -6.428e+03 2 0)
|                    ( - -9.307e+02 1 0))
|                ( QUESTION0_4_R 1 -2.232e+04 1.819e+02 1.101e+02
|                    ( - -2.382e+02 1 0)
|                    ( QUESTION0_2_R 1 -2.190e+04 1.760e+02 1.081e+02
|                        ( - -1.606e+03 1 0)
|                        ( - -2.011e+04 8 0)))))))
s>    ( QUESTION0_5_R 1 -5.676e+04 3.487e+02 2.794e+02
s>        ( - -1.793e+04 4 0)
s>        ( QUESTION19 1 -3.848e+04 2.811e+02 1.889e+02
s>            ( - -3.729e+03 1 0)
s>            ( QUESTION0_15_R 1 -3.447e+04 2.014e+02 1.689e+02
s>                ( - -4.213e+03 1 0)
s>                ( QUESTION0_12_R 1 -3.005e+04 2.029e+02 1.471e+02
s>                    ( QUESTION0_13_R 1 -7.536e+03 1.775e+02 3.692e+01
s>                        ( - -6.428e+03 2 0)
s>                        ( - -9.307e+02 1 0))
s>                    ( QUESTION0_4_R 1 -2.232e+04 1.819e+02 1.101e+02
s>                        ( - -2.382e+02 1 0)
s>                        ( QUESTION0_2_R 1 -2.190e+04 1.760e+02 1.081e+02
s>                            ( - -1.606e+03 1 0)
s>                            ( - -2.011e+04 8 0)))))))INFO: dtree.c(1315): Comp split 12
INFO: dtree.c(1478): Final simple tree
|( WDBNDRY_B 0 -7.408e+04 1.928e+02 3.694e+02
|    ( QUESTION13 -1 -2.772e+04 2.074e+02 1.408e+02
|        ( - -7.879e+03 5 0)
|        ( - -1.963e+04 15 0 QUESTION12 -1 1.153e+02 9.780e+01))
|    ( QUESTION0_2_R 1 -4.617e+04 1.719e+02 2.286e+02
|        ( - -2.154e+02 1 0)
|        ( QUESTION0_8_R 1 -4.578e+04 1.481e+02 2.266e+02
|            ( - -1.251e+03 1 0)
|            ( WDBNDRY_E 0 -4.438e+04 1.358e+02 2.196e+02
|                ( QUESTION0_0_R 1 -2.222e+03 1.709e+02 1.107e+01
|                    ( - -4.881e+02 1 0)
|                    ( - -1.563e+03 1 0))
|                ( QUESTION0_0_R 1 -4.203e+04 1.302e+02 2.085e+02
|                    ( - -4.124e+04 12 0 QUESTION13 -1 7.912e+01 2.045e+02)
|                    ( - -6.587e+02 1 0))))))
s>    ( WDBNDRY_B 0 -7.408e+04 1.928e+02 3.694e+02
s>        ( QUESTION13 -1 -2.772e+04 2.074e+02 1.408e+02
s>            ( - -7.879e+03 5 0)
s>            ( - -1.963e+04 15 0 QUESTION12 -1 1.153e+02 9.780e+01))
s>        ( QUESTION0_2_R 1 -4.617e+04 1.719e+02 2.286e+02
s>            ( - -2.154e+02 1 0)
s>            ( QUESTION0_8_R 1 -4.578e+04 1.481e+02 2.266e+02
s>                ( - -1.251e+03 1 0)
s>                ( WDBNDRY_E 0 -4.438e+04 1.358e+02 2.196e+02
s>                    ( QUESTION0_0_R 1 -2.222e+03 1.709e+02 1.107e+01
s>                        ( - -4.881e+02 1 0)
s>                        ( - -1.563e+03 1 0))
s>                    ( QUESTION0_0_R 1 -4.203e+04 1.302e+02 2.085e+02
s>                        ( - -4.124e+04 12 0 QUESTION13 -1 7.912e+01 2.045e+02)
s>                        ( - -6.587e+02 1 0))))))INFO: dtree.c(1478): Final simple tree
|( QUESTION3 1 -1.743e+05 4.463e+02 8.720e+02
|    ( - 2.414e+02 1 0)
|    ( QUESTION2_10_L -1 -1.741e+05 1.644e+02 8.710e+02
|        ( QUESTION0_12_R 1 -1.619e+05 1.353e+02 8.087e+02
|            ( - -2.985e+03 2 0 WDBNDRY_E 0 1.027e+02 1.601e+01)
|            ( QUESTION0_2_R 1 -1.588e+05 1.275e+02 7.927e+02
|                ( WDBNDRY_E 0 -1.023e+03 2.200e+02 6.000e+00
|                    ( - -2.388e+02 1 0)
|                    ( - -5.639e+02 1 0))
|                ( - -1.576e+05 12 0 QUESTION0_0_R 1 1.093e+02 7.867e+02)))
|        ( QUESTION0_0_R 1 -1.205e+04 1.489e+02 6.232e+01
|            ( WDBNDRY_B 0 -1.142e+04 1.224e+02 5.932e+01
|                ( - -7.206e+03 3 0)
|                ( - -4.091e+03 3 0))
|            ( - -4.845e+02 1 0))))
s>    ( QUESTION3 1 -1.743e+05 4.463e+02 8.720e+02
s>        ( - 2.414e+02 1 0)
s>        ( QUESTION2_10_L -1 -1.741e+05 1.644e+02 8.710e+02
s>            ( QUESTION0_12_R 1 -1.619e+05 1.353e+02 8.087e+02
s>                ( - -2.985e+03 2 0 WDBNDRY_E 0 1.027e+02 1.601e+01)
s>                ( QUESTION0_2_R 1 -1.588e+05 1.275e+02 7.927e+02
s>                    ( WDBNDRY_E 0 -1.023e+03 2.200e+02 6.000e+00
s>                        ( - -2.388e+02 1 0)
s>                        ( - -5.639e+02 1 0))
s>                    ( - -1.576e+05 12 0 QUESTION0_0_R 1 1.093e+02 7.867e+02)))
s>            ( QUESTION0_0_R 1 -1.205e+04 1.489e+02 6.232e+01
s>                ( WDBNDRY_B 0 -1.142e+04 1.224e+02 5.932e+01
s>                    ( - -7.206e+03 3 0)
s>                    ( - -4.091e+03 3 0))
s>                ( - -4.845e+02 1 0))))INFO: dtree.c(1315): Comp split 13
INFO: dtree.c(1478): Final simple tree
|( QUESTION13 -1 -5.777e+04 4.493e+02 2.904e+02
|    ( - 2.413e+02 1 0)
|    ( QUESTION3 -1 -5.756e+04 3.596e+02 2.894e+02
|        ( QUESTION0_2_R 1 -3.057e+04 1.549e+02 1.552e+02
|            ( - -2.198e+02 1 0)
|            ( - -3.020e+04 13 0 QUESTION9 -1 1.445e+02 1.532e+02))
|        ( QUESTION0_9_R 1 -2.663e+04 1.848e+02 1.342e+02
|            ( - -4.285e+02 1 0)
|            ( QUESTION2_8_L -1 -2.602e+04 1.784e+02 1.312e+02
|                ( - -1.668e+04 7 0 QUESTION2 -1 1.396e+02 8.327e+01)
|                ( QUESTION0_12_R 1 -9.154e+03 2.244e+02 4.790e+01
|                    ( - -2.353e+02 1 0)
|                    ( WDBNDRY_E 0 -8.694e+03 1.548e+02 4.590e+01
|                        ( - -6.083e+02 1 0)
|                        ( - -7.931e+03 5 0 QUESTION0_0_R 1 1.495e+02 4.190e+01)))))))
s>    ( QUESTION13 -1 -5.777e+04 4.493e+02 2.904e+02
s>        ( - 2.413e+02 1 0)
s>        ( QUESTION3 -1 -5.756e+04 3.596e+02 2.894e+02
s>            ( QUESTION0_2_R 1 -3.057e+04 1.549e+02 1.552e+02
s>                ( - -2.198e+02 1 0)
s>                ( - -3.020e+04 13 0 QUESTION9 -1 1.445e+02 1.532e+02))
s>            ( QUESTION0_9_R 1 -2.663e+04 1.848e+02 1.342e+02
s>                ( - -4.285e+02 1 0)
s>                ( QUESTION2_8_L -1 -2.602e+04 1.784e+02 1.312e+02
s>                    ( - -1.668e+04 7 0 QUESTION2 -1 1.396e+02 8.327e+01)
s>                    ( QUESTION0_12_R 1 -9.154e+03 2.244e+02 4.790e+01
s>                        ( - -2.353e+02 1 0)
s>                        ( WDBNDRY_E 0 -8.694e+03 1.548e+02 4.590e+01
s>                            ( - -6.083e+02 1 0)
s>                            ( - -7.931e+03 5 0 QUESTION0_0_R 1 1.495e+02 4.190e+01)))))))INFO: dtree.c(1315): Comp split 14
INFO: dtree.c(1439): stop. leaf nodes are specific
INFO: dtree.c(1478): Final simple tree
|( WDBNDRY_B 0 -7.686e+04 4.330e+02 3.900e+02
|    ( QUESTION0 -1 -6.990e+04 2.588e+02 3.558e+02
|        ( - -3.465e+04 12 0)
|        ( - -3.499e+04 8 0))
|    ( - -6.528e+03 2 0))
s>    ( WDBNDRY_B 0 -7.686e+04 4.330e+02 3.900e+02
s>        ( QUESTION0 -1 -6.990e+04 2.588e+02 3.558e+02
s>            ( - -3.465e+04 12 0)
s>            ( - -3.499e+04 8 0))
s>        ( - -6.528e+03 2 0))INFO: dtree.c(1315): Comp split 15
INFO: dtree.c(1478): Final simple tree
|( QUESTION3 -1 -5.756e+04 3.596e+02 2.894e+02
|    ( QUESTION0_2_R 1 -3.057e+04 1.549e+02 1.552e+02
|        ( - -2.198e+02 1 0)
|        ( - -3.020e+04 13 0 QUESTION9 -1 1.445e+02 1.532e+02))
|    ( QUESTION0_9_R 1 -2.663e+04 1.848e+02 1.342e+02
|        ( - -4.285e+02 1 0)
|        ( QUESTION2_8_L -1 -2.602e+04 1.784e+02 1.312e+02
|            ( - -1.668e+04 7 0 QUESTION2 -1 1.396e+02 8.327e+01)
|            ( QUESTION0_12_R 1 -9.154e+03 2.244e+02 4.790e+01
|                ( - -2.353e+02 1 0)
|                ( WDBNDRY_E 0 -8.694e+03 1.548e+02 4.590e+01
|                    ( - -6.083e+02 1 0)
|                    ( QUESTION0_0_R 1 -7.931e+03 1.495e+02 4.190e+01
|                        ( - -4.739e+03 4 0 QUESTION2 -1 1.189e+02 2.500e+01)
|                        ( - -3.043e+03 1 0)))))))
s>    ( QUESTION3 -1 -5.756e+04 3.596e+02 2.894e+02
s>        ( QUESTION0_2_R 1 -3.057e+04 1.549e+02 1.552e+02
s>            ( - -2.198e+02 1 0)
s>            ( - -3.020e+04 13 0 QUESTION9 -1 1.445e+02 1.532e+02))
s>        ( QUESTION0_9_R 1 -2.663e+04 1.848e+02 1.342e+02
s>            ( - -4.285e+02 1 0)
s>            ( QUESTION2_8_L -1 -2.602e+04 1.784e+02 1.312e+02
s>                ( - -1.668e+04 7 0 QUESTION2 -1 1.396e+02 8.327e+01)
s>                ( QUESTION0_12_R 1 -9.154e+03 2.244e+02 4.790e+01
s>                    ( - -2.353e+02 1 0)
s>                    ( WDBNDRY_E 0 -8.694e+03 1.548e+02 4.590e+01
s>                        ( - -6.083e+02 1 0)
s>                        ( QUESTION0_0_R 1 -7.931e+03 1.495e+02 4.190e+01
s>                            ( - -4.739e+03 4 0 QUESTION2 -1 1.189e+02 2.500e+01)
s>                            ( - -3.043e+03 1 0)))))))INFO: dtree.c(1315): Comp split 16
INFO: dtree.c(1478): Final simple tree
|( QUESTION2_10_L -1 -1.741e+05 1.644e+02 8.710e+02
|    ( QUESTION0_12_R 1 -1.619e+05 1.353e+02 8.087e+02
|        ( - -2.985e+03 2 0 WDBNDRY_E 0 1.027e+02 1.601e+01)
|        ( QUESTION0_2_R 1 -1.588e+05 1.275e+02 7.927e+02
|            ( WDBNDRY_E 0 -1.023e+03 2.200e+02 6.000e+00
|                ( - -2.388e+02 1 0)
|                ( - -5.639e+02 1 0))
|            ( QUESTION0_0_R 1 -1.576e+05 1.093e+02 7.867e+02
|                ( - -1.433e+05 9 0 WDBNDRY_E 0 1.111e+02 7.144e+02)
|                ( - -1.418e+04 3 0 WDBNDRY_E 0 1.637e+02 7.233e+01))))
|    ( QUESTION0_0_R 1 -1.205e+04 1.489e+02 6.232e+01
|        ( WDBNDRY_B 0 -1.142e+04 1.224e+02 5.932e+01
|            ( - -7.206e+03 3 0)
|            ( - -4.091e+03 3 0))
|        ( - -4.845e+02 1 0)))
s>    ( QUESTION2_10_L -1 -1.741e+05 1.644e+02 8.710e+02
s>        ( QUESTION0_12_R 1 -1.619e+05 1.353e+02 8.087e+02
s>            ( - -2.985e+03 2 0 WDBNDRY_E 0 1.027e+02 1.601e+01)
s>            ( QUESTION0_2_R 1 -1.588e+05 1.275e+02 7.927e+02
s>                ( WDBNDRY_E 0 -1.023e+03 2.200e+02 6.000e+00
s>                    ( - -2.388e+02 1 0)
s>                    ( - -5.639e+02 1 0))
s>                ( QUESTION0_0_R 1 -1.576e+05 1.093e+02 7.867e+02
s>                    ( - -1.433e+05 9 0 WDBNDRY_E 0 1.111e+02 7.144e+02)
s>                    ( - -1.418e+04 3 0 WDBNDRY_E 0 1.637e+02 7.233e+01))))
s>        ( QUESTION0_0_R 1 -1.205e+04 1.489e+02 6.232e+01
s>            ( WDBNDRY_B 0 -1.142e+04 1.224e+02 5.932e+01
s>                ( - -7.206e+03 3 0)
s>                ( - -4.091e+03 3 0))
s>            ( - -4.845e+02 1 0)))INFO: dtree.c(1315): Comp split 17
INFO: dtree.c(1439): stop. leaf nodes are specific
INFO: dtree.c(1478): Final simple tree
|( QUESTION0_0_R 1 -1.235e+04 7.816e+01 6.460e+01
|    ( - -1.050e+04 3 0)
|    ( - -1.772e+03 1 0))
s>    ( QUESTION0_0_R 1 -1.235e+04 7.816e+01 6.460e+01
s>        ( - -1.050e+04 3 0)
s>        ( - -1.772e+03 1 0))INFO: dtree.c(1315): Comp split 18
INFO: dtree.c(1439): stop. leaf nodes are specific
INFO: dtree.c(1478): Final simple tree
|( QUESTION0_1_R 1 -5.538e+04 2.354e+02 2.836e+02
|    ( WDBNDRY_E 0 -2.548e+04 1.359e+02 1.303e+02
|        ( - -2.119e+04 6 0)
|        ( - -4.155e+03 1 0))
|    ( SILENCE 1 -2.966e+04 1.802e+02 1.533e+02
|        ( - -4.438e+02 1 0)
|        ( WDBNDRY_E 0 -2.904e+04 1.286e+02 1.503e+02
|            ( - -1.340e+03 3 0)
|            ( - -2.757e+04 4 0))))
s>    ( QUESTION0_1_R 1 -5.538e+04 2.354e+02 2.836e+02
s>        ( WDBNDRY_E 0 -2.548e+04 1.359e+02 1.303e+02
s>            ( - -2.119e+04 6 0)
s>            ( - -4.155e+03 1 0))
s>        ( SILENCE 1 -2.966e+04 1.802e+02 1.533e+02
s>            ( - -4.438e+02 1 0)
s>            ( WDBNDRY_E 0 -2.904e+04 1.286e+02 1.503e+02
s>                ( - -1.340e+03 3 0)
s>                ( - -2.757e+04 4 0))))INFO: dtree.c(1439): stop. leaf nodes are specific
INFO: dtree.c(1478): Final simple tree
|( QUESTION0 -1 -3.321e+05 1.364e+02 1.676e+03
|    ( - -3.266e+05 30 0)
|    ( - -5.300e+03 2 0))
s>    ( QUESTION0 -1 -3.321e+05 1.364e+02 1.676e+03
s>        ( - -3.266e+05 30 0)
s>        ( - -5.300e+03 2 0))INFO: dtree.c(1315): Comp split 19
INFO: dtree.c(1439): stop. leaf nodes are specific
INFO: dtree.c(1478): Final simple tree
|( QUESTION0 -1 -6.990e+04 2.588e+02 3.558e+02
|    ( - -3.465e+04 12 0)
|    ( - -3.499e+04 8 0))
s>    ( QUESTION0 -1 -6.990e+04 2.588e+02 3.558e+02
s>        ( - -3.465e+04 12 0)
s>        ( - -3.499e+04 8 0))INFO: dtree.c(1315): Comp split 20
INFO: dtree.c(1439): stop. leaf nodes are specific
INFO: dtree.c(1478): Final simple tree
|( QUESTION2 1 -4.449e+05 2.420e+02 2.196e+03
|    ( - -1.241e+04 5 0)
|    ( QUESTION13 1 -4.322e+05 1.773e+02 2.133e+03
|        ( - -8.601e+02 1 0)
|        ( QUESTION0_12_R 1 -4.312e+05 1.708e+02 2.128e+03
|            ( - -4.274e+03 2 0)
|            ( QUESTION0_0_R 1 -4.268e+05 8.855e+01 2.107e+03
|                ( - -4.261e+05 25 0)
|                ( - -5.544e+02 2 0)))))
s>    ( QUESTION2 1 -4.449e+05 2.420e+02 2.196e+03
s>        ( - -1.241e+04 5 0)
s>        ( QUESTION13 1 -4.322e+05 1.773e+02 2.133e+03
s>            ( - -8.601e+02 1 0)
s>            ( QUESTION0_12_R 1 -4.312e+05 1.708e+02 2.128e+03
s>                ( - -4.274e+03 2 0)
s>                ( QUESTION0_0_R 1 -4.268e+05 8.855e+01 2.107e+03
s>                    ( - -4.261e+05 25 0)
s>                    ( - -5.544e+02 2 0)))))INFO: dtree.c(1315): Comp split 21
INFO: dtree.c(1439): stop. leaf nodes are specific
INFO: dtree.c(1478): Final simple tree
|( QUESTION0_8_R 1 -3.335e+04 1.993e+02 1.639e+02
|    ( - -2.011e+04 8 0)
|    ( QUESTION0_14_R 1 -1.303e+04 1.925e+02 6.472e+01
|        ( - -4.213e+03 1 0)
|        ( QUESTION0_3_R 1 -8.628e+03 1.929e+02 4.292e+01
|            ( - -1.606e+03 1 0)
|            ( QUESTION0_2_R 1 -6.829e+03 1.632e+02 3.392e+01
|                ( - -2.382e+02 1 0)
|                ( - -6.428e+03 2 0)))))
s>    ( QUESTION0_8_R 1 -3.335e+04 1.993e+02 1.639e+02
s>        ( - -2.011e+04 8 0)
s>        ( QUESTION0_14_R 1 -1.303e+04 1.925e+02 6.472e+01
s>            ( - -4.213e+03 1 0)
s>            ( QUESTION0_3_R 1 -8.628e+03 1.929e+02 4.292e+01
s>                ( - -1.606e+03 1 0)
s>                ( QUESTION0_2_R 1 -6.829e+03 1.632e+02 3.392e+01
s>                    ( - -2.382e+02 1 0)
s>                    ( - -6.428e+03 2 0)))))INFO: dtree.c(1439): stop. leaf nodes are specific
INFO: dtree.c(1478): Final simple tree
|( QUESTION0_13_R 1 -2.304e+04 2.615e+02 1.155e+02
|    ( - -3.729e+03 1 0)
|    ( QUESTION0_2_R 1 -1.905e+04 1.925e+02 9.544e+01
|        ( - -1.793e+04 4 0)
|        ( - -9.307e+02 1 0)))
s>    ( QUESTION0_13_R 1 -2.304e+04 2.615e+02 1.155e+02
s>        ( - -3.729e+03 1 0)
s>        ( QUESTION0_2_R 1 -1.905e+04 1.925e+02 9.544e+01
s>            ( - -1.793e+04 4 0)
s>            ( - -9.307e+02 1 0)))INFO: dtree.c(1315): Comp split 22
INFO: dtree.c(1478): Final simple tree
|( QUESTION2_8_L -1 -2.602e+04 1.784e+02 1.312e+02
|    ( QUESTION2 -1 -1.668e+04 1.396e+02 8.327e+01
|        ( - -4.499e+02 1 0)
|        ( QUESTION0_0_R 1 -1.609e+04 1.367e+02 8.027e+01
|            ( - -1.530e+04 4 0)
|            ( - -6.596e+02 2 0)))
|    ( QUESTION0_12_R 1 -9.154e+03 2.244e+02 4.790e+01
|        ( - -2.353e+02 1 0)
|        ( WDBNDRY_E 0 -8.694e+03 1.548e+02 4.590e+01
|            ( - -6.083e+02 1 0)
|            ( QUESTION0_0_R 1 -7.931e+03 1.495e+02 4.190e+01
|                ( QUESTION2 -1 -4.739e+03 1.189e+02 2.500e+01
|                    ( - -1.571e+03 2 0)
|                    ( - -3.049e+03 2 0 WDBNDRY_B 0 1.287e+02 1.600e+01))
|                ( - -3.043e+03 1 0)))))
s>    ( QUESTION2_8_L -1 -2.602e+04 1.784e+02 1.312e+02
s>        ( QUESTION2 -1 -1.668e+04 1.396e+02 8.327e+01
s>            ( - -4.499e+02 1 0)
s>            ( QUESTION0_0_R 1 -1.609e+04 1.367e+02 8.027e+01
s>                ( - -1.530e+04 4 0)
s>                ( - -6.596e+02 2 0)))
s>        ( QUESTION0_12_R 1 -9.154e+03 2.244e+02 4.790e+01
s>            ( - -2.353e+02 1 0)
s>            ( WDBNDRY_E 0 -8.694e+03 1.548e+02 4.590e+01
s>                ( - -6.083e+02 1 0)
s>                ( QUESTION0_0_R 1 -7.931e+03 1.495e+02 4.190e+01
s>                    ( QUESTION2 -1 -4.739e+03 1.189e+02 2.500e+01
s>                        ( - -1.571e+03 2 0)
s>                        ( - -3.049e+03 2 0 WDBNDRY_B 0 1.287e+02 1.600e+01))
s>                    ( - -3.043e+03 1 0)))))INFO: dtree.c(1478): Final simple tree
|( QUESTION2 -1 -3.119e+04 1.844e+02 1.582e+02
|    ( QUESTION0_2_R 1 -3.057e+04 1.549e+02 1.552e+02
|        ( - -2.198e+02 1 0)
|        ( QUESTION9 -1 -3.020e+04 1.445e+02 1.532e+02
|            ( WDBNDRY_B 0 -2.085e+04 1.628e+02 1.050e+02
|                ( - -5.463e+03 5 0 QUESTION0_0_R 1 1.005e+02 2.800e+01)
|                ( - -1.522e+04 3 0))
|            ( QUESTION0_12_R 1 -9.209e+03 1.551e+02 4.820e+01
|                ( - -6.569e+02 1 0)
|                ( QUESTION0_0_R 1 -8.397e+03 1.485e+02 4.420e+01
|                    ( QUESTION6 -1 -8.001e+03 1.363e+02 4.220e+01
|                        ( - -9.782e+02 1 0)
|                        ( - -6.886e+03 2 0))
|                    ( - -2.472e+02 1 0)))))
|    ( - -4.285e+02 1 0))
s>    ( QUESTION2 -1 -3.119e+04 1.844e+02 1.582e+02
s>        ( QUESTION0_2_R 1 -3.057e+04 1.549e+02 1.552e+02
s>            ( - -2.198e+02 1 0)
s>            ( QUESTION9 -1 -3.020e+04 1.445e+02 1.532e+02
s>                ( WDBNDRY_B 0 -2.085e+04 1.628e+02 1.050e+02
s>                    ( - -5.463e+03 5 0 QUESTION0_0_R 1 1.005e+02 2.800e+01)
s>                    ( - -1.522e+04 3 0))
s>                ( QUESTION0_12_R 1 -9.209e+03 1.551e+02 4.820e+01
s>                    ( - -6.569e+02 1 0)
s>                    ( QUESTION0_0_R 1 -8.397e+03 1.485e+02 4.420e+01
s>                        ( QUESTION6 -1 -8.001e+03 1.363e+02 4.220e+01
s>                            ( - -9.782e+02 1 0)
s>                            ( - -6.886e+03 2 0))
s>                        ( - -2.472e+02 1 0)))))
s>        ( - -4.285e+02 1 0))INFO: dtree.c(1315): Comp split 23
INFO: dtree.c(1439): stop. leaf nodes are specific
INFO: dtree.c(1478): Final simple tree
|( WDBNDRY_B 0 -8.681e+04 2.619e+02 4.622e+02
|    ( QUESTION0 1 -7.189e+04 1.378e+02 3.832e+02
|        ( - -2.523e+02 1 0)
|        ( - -7.150e+04 6 0))
|    ( - -1.466e+04 2 0))
s>    ( WDBNDRY_B 0 -8.681e+04 2.619e+02 4.622e+02
s>        ( QUESTION0 1 -7.189e+04 1.378e+02 3.832e+02
s>            ( - -2.523e+02 1 0)
s>            ( - -7.150e+04 6 0))
s>        ( - -1.466e+04 2 0))INFO: dtree.c(1315): Comp split 24
INFO: dtree.c(1439): stop. leaf nodes are specific
INFO: dtree.c(1478): Final simple tree
|( QUESTION0_14_R 1 -2.246e+04 1.718e+02 1.113e+02
|    ( - -2.313e+02 1 0)
|    ( WDBNDRY_B 0 -2.206e+04 1.211e+02 1.093e+02
|        ( - -8.132e+03 4 0)
|        ( QUESTION0_2_R 1 -1.380e+04 1.150e+02 6.812e+01
|            ( - -7.316e+02 1 0)
|            ( QUESTION11 1 -1.296e+04 1.007e+02 6.412e+01
|                ( - -9.487e+03 3 0)
|                ( QUESTION0_8_R 1 -3.370e+03 9.147e+01 1.700e+01
|                    ( - -9.439e+02 1 0)
|                    ( - -2.335e+03 2 0))))))
s>    ( QUESTION0_14_R 1 -2.246e+04 1.718e+02 1.113e+02
s>        ( - -2.313e+02 1 0)
s>        ( WDBNDRY_B 0 -2.206e+04 1.211e+02 1.093e+02
s>            ( - -8.132e+03 4 0)
s>            ( QUESTION0_2_R 1 -1.380e+04 1.150e+02 6.812e+01
s>                ( - -7.316e+02 1 0)
s>                ( QUESTION11 1 -1.296e+04 1.007e+02 6.412e+01
s>                    ( - -9.487e+03 3 0)
s>                    ( QUESTION0_8_R 1 -3.370e+03 9.147e+01 1.700e+01
s>                        ( - -9.439e+02 1 0)
s>                        ( - -2.335e+03 2 0))))))INFO: dtree.c(1439): stop. leaf nodes are specific
INFO: dtree.c(1478): Final simple tree
|( QUESTION0_10_R 1 -1.368e+05 1.847e+02 6.801e+02
|    ( WDBNDRY_B 0 -6.375e+03 1.453e+02 3.301e+01
|        ( - -7.916e+02 1 0)
|        ( - -5.438e+03 4 0))
|    ( WDBNDRY_B 0 -1.302e+05 1.438e+02 6.470e+02
|        ( - -2.100e+03 2 0)
|        ( - -1.280e+05 16 0)))
s>    ( QUESTION0_10_R 1 -1.368e+05 1.847e+02 6.801e+02
s>        ( WDBNDRY_B 0 -6.375e+03 1.453e+02 3.301e+01
s>            ( - -7.916e+02 1 0)
s>            ( - -5.438e+03 4 0))
s>        ( WDBNDRY_B 0 -1.302e+05 1.438e+02 6.470e+02
s>            ( - -2.100e+03 2 0)
s>            ( - -1.280e+05 16 0)))INFO: dtree.c(1315): Comp split 25
INFO: dtree.c(1439): stop. leaf nodes are specific
INFO: dtree.c(1478): Final simple tree
|( QUESTION12 1 -1.176e+04 1.569e+02 5.777e+01
|    ( QUESTION0_2_R 1 -4.543e+03 1.416e+02 2.300e+01
|        ( QUESTION0_3_R 1 -3.278e+03 1.100e+02 1.700e+01
|            ( - -7.256e+02 1 0)
|            ( - -2.442e+03 2 0))
|        ( - -1.123e+03 2 0))
|    ( QUESTION0_8_R 1 -7.057e+03 1.103e+02 3.478e+01
|        ( - -6.434e+03 4 0)
|        ( - -5.127e+02 2 0)))
s>    ( QUESTION12 1 -1.176e+04 1.569e+02 5.777e+01
s>        ( QUESTION0_2_R 1 -4.543e+03 1.416e+02 2.300e+01
s>            ( QUESTION0_3_R 1 -3.278e+03 1.100e+02 1.700e+01
s>                ( - -7.256e+02 1 0)
s>                ( - -2.442e+03 2 0))
s>            ( - -1.123e+03 2 0))
s>        ( QUESTION0_8_R 1 -7.057e+03 1.103e+02 3.478e+01
s>            ( - -6.434e+03 4 0)
s>            ( - -5.127e+02 2 0)))INFO: dtree.c(1315): Comp split 26
INFO: dtree.c(1439): stop. leaf nodes are specific
INFO: dtree.c(1478): Final simple tree
|( QUESTION0 1 -7.189e+04 1.378e+02 3.832e+02
|    ( - -2.523e+02 1 0)
|    ( - -7.150e+04 6 0))
s>    ( QUESTION0 1 -7.189e+04 1.378e+02 3.832e+02
s>        ( - -2.523e+02 1 0)
s>        ( - -7.150e+04 6 0))INFO: dtree.c(1315): Comp split 27
INFO: dtree.c(1439): stop. leaf nodes are specific
INFO: dtree.c(1478): Final simple tree
|( QUESTION0_2_R 1 -1.905e+04 1.925e+02 9.544e+01
|    ( - -1.793e+04 4 0)
|    ( - -9.307e+02 1 0))
s>    ( QUESTION0_2_R 1 -1.905e+04 1.925e+02 9.544e+01
s>        ( - -1.793e+04 4 0)
s>        ( - -9.307e+02 1 0))INFO: dtree.c(1315): Comp split 28
INFO: dtree.c(1315): Comp split 29
INFO: dtree.c(1478): Final simple tree
|( QUESTION12 -1 -6.557e+04 1.922e+02 3.244e+02
|    ( QUESTION0_8_R 1 -5.185e+04 1.465e+02 2.566e+02
|        ( - -1.251e+03 1 0)
|        ( WDBNDRY_E 0 -5.045e+04 1.352e+02 2.496e+02
|            ( QUESTION0_0_R 1 -2.222e+03 1.709e+02 1.107e+01
|                ( - -4.881e+02 1 0)
|                ( - -1.563e+03 1 0))
|            ( QUESTION0_0_R 1 -4.809e+04 9.044e+01 2.385e+02
|                ( - -4.527e+04 17 0 WDBNDRY_B 0 9.949e+01 2.245e+02)
|                ( WDBNDRY_B 0 -2.736e+03 1.170e+02 1.400e+01
|                    ( - -1.961e+03 2 0)
|                    ( - -6.587e+02 1 0)))))
|    ( QUESTION0_0_R 1 -1.353e+04 1.088e+02 6.780e+01
|        ( - -1.294e+04 7 0)
|        ( - -4.778e+02 1 0)))
s>    ( QUESTION12 -1 -6.557e+04 1.922e+02 3.244e+02
s>        ( QUESTION0_8_R 1 -5.185e+04 1.465e+02 2.566e+02
s>            ( - -1.251e+03 1 0)
s>            ( WDBNDRY_E 0 -5.045e+04 1.352e+02 2.496e+02
s>                ( QUESTION0_0_R 1 -2.222e+03 1.709e+02 1.107e+01
s>                    ( - -4.881e+02 1 0)
s>                    ( - -1.563e+03 1 0))
s>                ( QUESTION0_0_R 1 -4.809e+04 9.044e+01 2.385e+02
s>                    ( - -4.527e+04 17 0 WDBNDRY_B 0 9.949e+01 2.245e+02)
s>                    ( WDBNDRY_B 0 -2.736e+03 1.170e+02 1.400e+01
s>                        ( - -1.961e+03 2 0)
s>                        ( - -6.587e+02 1 0)))))
s>        ( QUESTION0_0_R 1 -1.353e+04 1.088e+02 6.780e+01
s>            ( - -1.294e+04 7 0)
s>            ( - -4.778e+02 1 0)))INFO: dtree.c(1439): stop. leaf nodes are specific
INFO: dtree.c(1478): Final simple tree
|( WDBNDRY_B 0 -8.257e+03 1.623e+02 4.500e+01
|    ( - -7.879e+03 5 0)
|    ( - -2.154e+02 1 0))
s>    ( WDBNDRY_B 0 -8.257e+03 1.623e+02 4.500e+01
s>        ( - -7.879e+03 5 0)
s>        ( - -2.154e+02 1 0))INFO: dtree.c(1315): Comp split 30
INFO: dtree.c(1439): stop. leaf nodes are specific
INFO: dtree.c(1478): Final simple tree
|( QUESTION0_8_R 1 -1.306e+04 8.842e+01 6.590e+01
|    ( - -5.544e+02 2 0)
|    ( - -1.241e+04 5 0))
s>    ( QUESTION0_8_R 1 -1.306e+04 8.842e+01 6.590e+01
s>        ( - -5.544e+02 2 0)
s>        ( - -1.241e+04 5 0))INFO: dtree.c(1439): stop. leaf nodes are specific
INFO: dtree.c(1478): Final simple tree
|( QUESTION13 1 -4.316e+05 1.772e+02 2.130e+03
|    ( - -8.601e+02 1 0)
|    ( QUESTION0_0_R 1 -4.306e+05 1.708e+02 2.125e+03
|        ( - -4.261e+05 25 0)
|        ( - -4.274e+03 2 0)))
s>    ( QUESTION13 1 -4.316e+05 1.772e+02 2.130e+03
s>        ( - -8.601e+02 1 0)
s>        ( QUESTION0_0_R 1 -4.306e+05 1.708e+02 2.125e+03
s>            ( - -4.261e+05 25 0)
s>            ( - -4.274e+03 2 0)))INFO: dtree.c(1315): Comp split 31
INFO: dtree.c(1439): stop. leaf nodes are specific
INFO: dtree.c(1478): Final simple tree
|( SILENCE 1 -2.757e+04 1.816e+02 1.403e+02
|    ( - -4.438e+02 1 0)
|    ( WDBNDRY_E 0 -2.695e+04 1.385e+02 1.373e+02
|        ( QUESTION0_0_R 1 -2.265e+04 1.218e+02 1.159e+02
|            ( - -1.340e+03 3 0)
|            ( - -2.119e+04 6 0))
|        ( - -4.155e+03 1 0)))
s>    ( SILENCE 1 -2.757e+04 1.816e+02 1.403e+02
s>        ( - -4.438e+02 1 0)
s>        ( WDBNDRY_E 0 -2.695e+04 1.385e+02 1.373e+02
s>            ( QUESTION0_0_R 1 -2.265e+04 1.218e+02 1.159e+02
s>                ( - -1.340e+03 3 0)
s>                ( - -2.119e+04 6 0))
s>            ( - -4.155e+03 1 0)))INFO: dtree.c(1315): Comp split 32
INFO: dtree.c(1439): stop. leaf nodes are specific
INFO: dtree.c(1478): Final simple tree
|( WDBNDRY_B 0 -1.465e+04 1.386e+02 7.287e+01
|    ( - -1.294e+04 7 0)
|    ( - -1.563e+03 1 0))
s>    ( WDBNDRY_B 0 -1.465e+04 1.386e+02 7.287e+01
s>        ( - -1.294e+04 7 0)
s>        ( - -1.563e+03 1 0))INFO: dtree.c(1478): Final simple tree
|( WDBNDRY_E 0 -5.069e+04 1.337e+02 2.515e+02
|    ( - -4.881e+02 1 0)
|    ( QUESTION0_8_R 1 -5.007e+04 1.091e+02 2.485e+02
|        ( WDBNDRY_B 0 -1.864e+03 1.351e+02 1.000e+01
|            ( - -4.778e+02 1 0)
|            ( - -1.251e+03 1 0))
|        ( QUESTION0_0_R 1 -4.809e+04 9.044e+01 2.385e+02
|            ( WDBNDRY_B 0 -4.527e+04 9.949e+01 2.245e+02
|                ( - -3.930e+03 5 0)
|                ( QUESTION13 -1 -4.124e+04 7.912e+01 2.045e+02
|                    ( - -4.000e+04 9 0)
|                    ( - -1.154e+03 3 0)))
|            ( WDBNDRY_B 0 -2.736e+03 1.170e+02 1.400e+01
|                ( - -1.961e+03 2 0)
|                ( - -6.587e+02 1 0)))))
s>    ( WDBNDRY_E 0 -5.069e+04 1.337e+02 2.515e+02
s>        ( - -4.881e+02 1 0)
s>        ( QUESTION0_8_R 1 -5.007e+04 1.091e+02 2.485e+02
s>            ( WDBNDRY_B 0 -1.864e+03 1.351e+02 1.000e+01
s>                ( - -4.778e+02 1 0)
s>                ( - -1.251e+03 1 0))
s>            ( QUESTION0_0_R 1 -4.809e+04 9.044e+01 2.385e+02
s>                ( WDBNDRY_B 0 -4.527e+04 9.949e+01 2.245e+02
s>                    ( - -3.930e+03 5 0)
s>                    ( QUESTION13 -1 -4.124e+04 7.912e+01 2.045e+02
s>                        ( - -4.000e+04 9 0)
s>                        ( - -1.154e+03 3 0)))
s>                ( WDBNDRY_B 0 -2.736e+03 1.170e+02 1.400e+01
s>                    ( - -1.961e+03 2 0)
s>                    ( - -6.587e+02 1 0)))))INFO: dtree.c(1315): Comp split 33
INFO: dtree.c(1439): stop. leaf nodes are specific
INFO: dtree.c(1478): Final simple tree
|( QUESTION0_0_R 1 -2.374e+04 1.546e+02 1.212e+02
|    ( WDBNDRY_B 0 -2.336e+04 1.414e+02 1.192e+02
|        ( QUESTION6 -1 -8.001e+03 1.363e+02 4.220e+01
|            ( - -9.782e+02 1 0)
|            ( - -6.886e+03 2 0))
|        ( - -1.522e+04 3 0))
|    ( - -2.198e+02 1 0))
s>    ( QUESTION0_0_R 1 -2.374e+04 1.546e+02 1.212e+02
s>        ( WDBNDRY_B 0 -2.336e+04 1.414e+02 1.192e+02
s>            ( QUESTION6 -1 -8.001e+03 1.363e+02 4.220e+01
s>                ( - -9.782e+02 1 0)
s>                ( - -6.886e+03 2 0))
s>            ( - -1.522e+04 3 0))
s>        ( - -2.198e+02 1 0))INFO: dtree.c(1439): stop. leaf nodes are specific
INFO: dtree.c(1478): Final simple tree
|( QUESTION2 -1 -7.232e+03 1.708e+02 3.700e+01
|    ( QUESTION4 -1 -6.632e+03 1.371e+02 3.400e+01
|        ( - -2.472e+02 1 0)
|        ( QUESTION0_12_R 1 -6.248e+03 1.288e+02 3.200e+01
|            ( - -6.569e+02 1 0)
|            ( QUESTION0_0_R 1 -5.463e+03 1.005e+02 2.800e+01
|                ( - -4.456e+03 4 0)
|                ( - -9.059e+02 1 0))))
|    ( - -4.285e+02 1 0))
s>    ( QUESTION2 -1 -7.232e+03 1.708e+02 3.700e+01
s>        ( QUESTION4 -1 -6.632e+03 1.371e+02 3.400e+01
s>            ( - -2.472e+02 1 0)
s>            ( QUESTION0_12_R 1 -6.248e+03 1.288e+02 3.200e+01
s>                ( - -6.569e+02 1 0)
s>                ( QUESTION0_0_R 1 -5.463e+03 1.005e+02 2.800e+01
s>                    ( - -4.456e+03 4 0)
s>                    ( - -9.059e+02 1 0))))
s>        ( - -4.285e+02 1 0))INFO: dtree.c(1315): Comp split 34
INFO: dtree.c(1439): stop. leaf nodes are specific
INFO: dtree.c(1478): Final simple tree
|( QUESTION0_12_R 1 -1.582e+05 1.428e+02 7.897e+02
|    ( - -4.845e+02 1 0)
|    ( QUESTION0_0_R 1 -1.576e+05 1.093e+02 7.867e+02
|        ( WDBNDRY_E 0 -1.433e+05 1.111e+02 7.144e+02
|            ( - -6.923e+02 1 0)
|            ( - -1.425e+05 8 0))
|        ( WDBNDRY_E 0 -1.418e+04 1.637e+02 7.233e+01
|            ( - -4.476e+02 1 0)
|            ( QUESTION0 1 -1.357e+04 1.150e+02 6.933e+01
|                ( - -3.683e+03 1 0)
|                ( - -9.774e+03 1 0)))))
s>    ( QUESTION0_12_R 1 -1.582e+05 1.428e+02 7.897e+02
s>        ( - -4.845e+02 1 0)
s>        ( QUESTION0_0_R 1 -1.576e+05 1.093e+02 7.867e+02
s>            ( WDBNDRY_E 0 -1.433e+05 1.111e+02 7.144e+02
s>                ( - -6.923e+02 1 0)
s>                ( - -1.425e+05 8 0))
s>            ( WDBNDRY_E 0 -1.418e+04 1.637e+02 7.233e+01
s>                ( - -4.476e+02 1 0)
s>                ( QUESTION0 1 -1.357e+04 1.150e+02 6.933e+01
s>                    ( - -3.683e+03 1 0)
s>                    ( - -9.774e+03 1 0)))))INFO: dtree.c(1439): stop. leaf nodes are specific
INFO: dtree.c(1478): Final simple tree
|( WDBNDRY_B 0 -1.564e+04 1.352e+02 8.132e+01
|    ( - -7.206e+03 3 0)
|    ( WDBNDRY_E 0 -8.303e+03 1.109e+02 4.401e+01
|        ( QUESTION0_2_R 1 -8.299e+02 1.575e+02 5.000e+00
|            ( - -2.388e+02 1 0)
|            ( - -4.336e+02 1 0))
|        ( QUESTION0_2_R 1 -7.362e+03 1.534e+02 3.901e+01
|            ( - -5.639e+02 1 0)
|            ( QUESTION0_0_R 1 -6.645e+03 1.054e+02 3.501e+01
|                ( - -4.091e+03 3 0)
|                ( - -2.449e+03 1 0)))))
s>    ( WDBNDRY_B 0 -1.564e+04 1.352e+02 8.132e+01
s>        ( - -7.206e+03 3 0)
s>        ( WDBNDRY_E 0 -8.303e+03 1.109e+02 4.401e+01
s>            ( QUESTION0_2_R 1 -8.299e+02 1.575e+02 5.000e+00
s>                ( - -2.388e+02 1 0)
s>                ( - -4.336e+02 1 0))
s>            ( QUESTION0_2_R 1 -7.362e+03 1.534e+02 3.901e+01
s>                ( - -5.639e+02 1 0)
s>                ( QUESTION0_0_R 1 -6.645e+03 1.054e+02 3.501e+01
s>                    ( - -4.091e+03 3 0)
s>                    ( - -2.449e+03 1 0)))))INFO: dtree.c(1315): Comp split 35
INFO: dtree.c(1439): stop. leaf nodes are specific
INFO: dtree.c(1478): Final simple tree
|( QUESTION0_2_R 1 -2.190e+04 1.760e+02 1.081e+02
|    ( - -1.606e+03 1 0)
|    ( - -2.011e+04 8 0))
s>    ( QUESTION0_2_R 1 -2.190e+04 1.760e+02 1.081e+02
s>        ( - -1.606e+03 1 0)
s>        ( - -2.011e+04 8 0))INFO: dtree.c(1439): stop. leaf nodes are specific
INFO: dtree.c(1478): Final simple tree
|( QUESTION0_14_R 1 -1.124e+04 1.934e+02 5.572e+01
|    ( - -4.213e+03 1 0)
|    ( QUESTION0_2_R 1 -6.829e+03 1.632e+02 3.392e+01
|        ( - -2.382e+02 1 0)
|        ( - -6.428e+03 2 0)))
s>    ( QUESTION0_14_R 1 -1.124e+04 1.934e+02 5.572e+01
s>        ( - -4.213e+03 1 0)
s>        ( QUESTION0_2_R 1 -6.829e+03 1.632e+02 3.392e+01
s>            ( - -2.382e+02 1 0)
s>            ( - -6.428e+03 2 0)))INFO: dtree.c(1315): Comp split 36
INFO: dtree.c(1478): Final simple tree
|( QUESTION2_8_L -1 -2.557e+04 1.906e+02 1.292e+02
|    ( QUESTION2 -1 -1.668e+04 1.396e+02 8.327e+01
|        ( - -4.499e+02 1 0)
|        ( QUESTION0_0_R 1 -1.609e+04 1.367e+02 8.027e+01
|            ( - -1.530e+04 4 0)
|            ( - -6.596e+02 2 0)))
|    ( WDBNDRY_E 0 -8.694e+03 1.548e+02 4.590e+01
|        ( - -6.083e+02 1 0)
|        ( QUESTION0_0_R 1 -7.931e+03 1.495e+02 4.190e+01
|            ( QUESTION2 -1 -4.739e+03 1.189e+02 2.500e+01
|                ( - -1.571e+03 2 0)
|                ( WDBNDRY_B 0 -3.049e+03 1.287e+02 1.600e+01
|                    ( - -4.251e+02 1 0)
|                    ( - -2.495e+03 1 0)))
|            ( - -3.043e+03 1 0))))
s>    ( QUESTION2_8_L -1 -2.557e+04 1.906e+02 1.292e+02
s>        ( QUESTION2 -1 -1.668e+04 1.396e+02 8.327e+01
s>            ( - -4.499e+02 1 0)
s>            ( QUESTION0_0_R 1 -1.609e+04 1.367e+02 8.027e+01
s>                ( - -1.530e+04 4 0)
s>                ( - -6.596e+02 2 0)))
s>        ( WDBNDRY_E 0 -8.694e+03 1.548e+02 4.590e+01
s>            ( - -6.083e+02 1 0)
s>            ( QUESTION0_0_R 1 -7.931e+03 1.495e+02 4.190e+01
s>                ( QUESTION2 -1 -4.739e+03 1.189e+02 2.500e+01
s>                    ( - -1.571e+03 2 0)
s>                    ( WDBNDRY_B 0 -3.049e+03 1.287e+02 1.600e+01
s>                        ( - -4.251e+02 1 0)
s>                        ( - -2.495e+03 1 0)))
s>                ( - -3.043e+03 1 0))))INFO: dtree.c(1315): Comp split 37
INFO: dtree.c(1439): stop. leaf nodes are specific
INFO: dtree.c(1478): Final simple tree
|( QUESTION0_11_R 1 -9.471e+03 1.570e+02 4.990e+01
|    ( - -3.043e+03 1 0)
|    ( WDBNDRY_E 0 -6.271e+03 1.599e+02 3.300e+01
|        ( - -6.083e+02 1 0)
|        ( WDBNDRY_B 0 -5.503e+03 1.201e+02 2.900e+01
|            ( QUESTION2 -1 -2.888e+03 1.326e+02 1.600e+01
|                ( - -1.571e+03 2 0)
|                ( QUESTION0_0_R 1 -1.184e+03 9.951e+01 7.000e+00
|                    ( - -4.251e+02 1 0)
|                    ( - -6.596e+02 2 0)))
|            ( - -2.495e+03 1 0))))
s>    ( QUESTION0_11_R 1 -9.471e+03 1.570e+02 4.990e+01
s>        ( - -3.043e+03 1 0)
s>        ( WDBNDRY_E 0 -6.271e+03 1.599e+02 3.300e+01
s>            ( - -6.083e+02 1 0)
s>            ( WDBNDRY_B 0 -5.503e+03 1.201e+02 2.900e+01
s>                ( QUESTION2 -1 -2.888e+03 1.326e+02 1.600e+01
s>                    ( - -1.571e+03 2 0)
s>                    ( QUESTION0_0_R 1 -1.184e+03 9.951e+01 7.000e+00
s>                        ( - -4.251e+02 1 0)
s>                        ( - -6.596e+02 2 0)))
s>                ( - -2.495e+03 1 0))))INFO: dtree.c(1439): stop. leaf nodes are specific
INFO: dtree.c(1478): Final simple tree
|( QUESTION0_0_R 1 -1.589e+04 1.406e+02 7.927e+01
|    ( - -1.530e+04 4 0)
|    ( - -4.499e+02 1 0))
s>    ( QUESTION0_0_R 1 -1.589e+04 1.406e+02 7.927e+01
s>        ( - -1.530e+04 4 0)
s>        ( - -4.499e+02 1 0))INFO: dtree.c(1315): Comp split 38
INFO: dtree.c(1439): stop. leaf nodes are specific
INFO: dtree.c(1478): Final simple tree
|( QUESTION0_2_R 1 -6.829e+03 1.632e+02 3.392e+01
|    ( - -2.382e+02 1 0)
|    ( - -6.428e+03 2 0))
s>    ( QUESTION0_2_R 1 -6.829e+03 1.632e+02 3.392e+01
s>        ( - -2.382e+02 1 0)
s>        ( - -6.428e+03 2 0))INFO: dtree.c(1315): Comp split 39
INFO: dtree.c(1315): Comp split 40
INFO: dtree.c(1439): stop. leaf nodes are specific
INFO: dtree.c(1478): Final simple tree
|( WDBNDRY_B 0 -1.302e+05 1.438e+02 6.470e+02
|    ( - -2.100e+03 2 0)
|    ( - -1.280e+05 16 0))
s>    ( WDBNDRY_B 0 -1.302e+05 1.438e+02 6.470e+02
s>        ( - -2.100e+03 2 0)
s>        ( - -1.280e+05 16 0))INFO: dtree.c(1439): stop. leaf nodes are specific
INFO: dtree.c(1478): Final simple tree
|( WDBNDRY_B 0 -6.375e+03 1.453e+02 3.301e+01
|    ( - -7.916e+02 1 0)
|    ( - -5.438e+03 4 0))
s>    ( WDBNDRY_B 0 -6.375e+03 1.453e+02 3.301e+01
s>        ( - -7.916e+02 1 0)
s>        ( - -5.438e+03 4 0))INFO: dtree.c(1315): Comp split 41
INFO: dtree.c(1439): stop. leaf nodes are specific
INFO: dtree.c(1478): Final simple tree
|( WDBNDRY_E 0 -2.695e+04 1.385e+02 1.373e+02
|    ( QUESTION0_0_R 1 -2.265e+04 1.218e+02 1.159e+02
|        ( - -1.340e+03 3 0)
|        ( - -2.119e+04 6 0))
|    ( - -4.155e+03 1 0))
s>    ( WDBNDRY_E 0 -2.695e+04 1.385e+02 1.373e+02
s>        ( QUESTION0_0_R 1 -2.265e+04 1.218e+02 1.159e+02
s>            ( - -1.340e+03 3 0)
s>            ( - -2.119e+04 6 0))
s>        ( - -4.155e+03 1 0))INFO: dtree.c(1315): Comp split 42
INFO: dtree.c(1439): stop. leaf nodes are specific
INFO: dtree.c(1478): Final simple tree
|( QUESTION0_0_R 1 -4.306e+05 1.708e+02 2.125e+03
|    ( - -4.261e+05 25 0)
|    ( - -4.274e+03 2 0))
s>    ( QUESTION0_0_R 1 -4.306e+05 1.708e+02 2.125e+03
s>        ( - -4.261e+05 25 0)
s>        ( - -4.274e+03 2 0))INFO: dtree.c(1315): Comp split 43
INFO: dtree.c(1315): Comp split 44
INFO: dtree.c(1439): stop. leaf nodes are specific
INFO: dtree.c(1478): Final simple tree
|( WDBNDRY_B 0 -2.206e+04 1.211e+02 1.093e+02
|    ( - -8.132e+03 4 0)
|    ( QUESTION0_2_R 1 -1.380e+04 1.150e+02 6.812e+01
|        ( - -7.316e+02 1 0)
|        ( QUESTION11 1 -1.296e+04 1.007e+02 6.412e+01
|            ( - -9.487e+03 3 0)
|            ( QUESTION0_8_R 1 -3.370e+03 9.147e+01 1.700e+01
|                ( - -9.439e+02 1 0)
|                ( - -2.335e+03 2 0)))))
s>    ( WDBNDRY_B 0 -2.206e+04 1.211e+02 1.093e+02
s>        ( - -8.132e+03 4 0)
s>        ( QUESTION0_2_R 1 -1.380e+04 1.150e+02 6.812e+01
s>            ( - -7.316e+02 1 0)
s>            ( QUESTION11 1 -1.296e+04 1.007e+02 6.412e+01
s>                ( - -9.487e+03 3 0)
s>                ( QUESTION0_8_R 1 -3.370e+03 9.147e+01 1.700e+01
s>                    ( - -9.439e+02 1 0)
s>                    ( - -2.335e+03 2 0)))))INFO: dtree.c(1315): Comp split 45
INFO: dtree.c(1315): Comp split 46
INFO: dtree.c(1439): stop. leaf nodes are specific
INFO: dtree.c(1478): Final simple tree
|( QUESTION4 -1 -6.632e+03 1.371e+02 3.400e+01
|    ( - -2.472e+02 1 0)
|    ( QUESTION0_12_R 1 -6.248e+03 1.288e+02 3.200e+01
|        ( - -6.569e+02 1 0)
|        ( QUESTION0_0_R 1 -5.463e+03 1.005e+02 2.800e+01
|            ( - -4.456e+03 4 0)
|            ( - -9.059e+02 1 0))))
s>    ( QUESTION4 -1 -6.632e+03 1.371e+02 3.400e+01
s>        ( - -2.472e+02 1 0)
s>        ( QUESTION0_12_R 1 -6.248e+03 1.288e+02 3.200e+01
s>            ( - -6.569e+02 1 0)
s>            ( QUESTION0_0_R 1 -5.463e+03 1.005e+02 2.800e+01
s>                ( - -4.456e+03 4 0)
s>                ( - -9.059e+02 1 0))))INFO: dtree.c(1315): Comp split 47
INFO: dtree.c(1439): stop. leaf nodes are specific
INFO: dtree.c(1478): Final simple tree
|( QUESTION0_2_R 1 -1.524e+04 1.595e+02 7.932e+01
|    ( - -5.639e+02 1 0)
|    ( WDBNDRY_B 0 -1.452e+04 1.247e+02 7.532e+01
|        ( - -7.206e+03 3 0)
|        ( QUESTION0_0_R 1 -7.187e+03 1.108e+02 3.801e+01
|            ( - -4.091e+03 3 0)
|            ( WDBNDRY_E 0 -2.985e+03 1.027e+02 1.601e+01
|                ( - -4.336e+02 1 0)
|                ( - -2.449e+03 1 0)))))
s>    ( QUESTION0_2_R 1 -1.524e+04 1.595e+02 7.932e+01
s>        ( - -5.639e+02 1 0)
s>        ( WDBNDRY_B 0 -1.452e+04 1.247e+02 7.532e+01
s>            ( - -7.206e+03 3 0)
s>            ( QUESTION0_0_R 1 -7.187e+03 1.108e+02 3.801e+01
s>                ( - -4.091e+03 3 0)
s>                ( WDBNDRY_E 0 -2.985e+03 1.027e+02 1.601e+01
s>                    ( - -4.336e+02 1 0)
s>                    ( - -2.449e+03 1 0)))))INFO: dtree.c(1315): Comp split 48
INFO: dtree.c(1315): Comp split 49
INFO: dtree.c(1315): Comp split 50
INFO: dtree.c(1439): stop. leaf nodes are specific
INFO: dtree.c(1478): Final simple tree
|( QUESTION0_8_R 1 -2.020e+03 1.109e+02 1.100e+01
|    ( - -1.251e+03 1 0)
|    ( - -6.587e+02 1 0))
s>    ( QUESTION0_8_R 1 -2.020e+03 1.109e+02 1.100e+01
s>        ( - -1.251e+03 1 0)
s>        ( - -6.587e+02 1 0))INFO: dtree.c(1439): stop. leaf nodes are specific
INFO: dtree.c(1478): Final simple tree
|( WDBNDRY_E 0 -4.851e+04 1.337e+02 2.405e+02
|    ( - -4.881e+02 1 0)
|    ( QUESTION0_8_R 1 -4.789e+04 9.979e+01 2.375e+02
|        ( - -4.778e+02 1 0)
|        ( WDBNDRY_B 0 -4.731e+04 8.284e+01 2.345e+02
|            ( QUESTION0_0_R 1 -5.987e+03 9.629e+01 3.000e+01
|                ( - -3.930e+03 5 0)
|                ( - -1.961e+03 2 0))
|            ( QUESTION13 -1 -4.124e+04 7.912e+01 2.045e+02
|                ( - -4.000e+04 9 0)
|                ( - -1.154e+03 3 0)))))
s>    ( WDBNDRY_E 0 -4.851e+04 1.337e+02 2.405e+02
s>        ( - -4.881e+02 1 0)
s>        ( QUESTION0_8_R 1 -4.789e+04 9.979e+01 2.375e+02
s>            ( - -4.778e+02 1 0)
s>            ( WDBNDRY_B 0 -4.731e+04 8.284e+01 2.345e+02
s>                ( QUESTION0_0_R 1 -5.987e+03 9.629e+01 3.000e+01
s>                    ( - -3.930e+03 5 0)
s>                    ( - -1.961e+03 2 0))
s>                ( QUESTION13 -1 -4.124e+04 7.912e+01 2.045e+02
s>                    ( - -4.000e+04 9 0)
s>                    ( - -1.154e+03 3 0)))))INFO: dtree.c(1315): Comp split 51
INFO: dtree.c(1439): stop. leaf nodes are specific
INFO: dtree.c(1478): Final simple tree
|( WDBNDRY_B 0 -1.452e+04 1.247e+02 7.532e+01
|    ( - -7.206e+03 3 0)
|    ( QUESTION0_0_R 1 -7.187e+03 1.108e+02 3.801e+01
|        ( - -4.091e+03 3 0)
|        ( WDBNDRY_E 0 -2.985e+03 1.027e+02 1.601e+01
|            ( - -4.336e+02 1 0)
|            ( - -2.449e+03 1 0))))
s>    ( WDBNDRY_B 0 -1.452e+04 1.247e+02 7.532e+01
s>        ( - -7.206e+03 3 0)
s>        ( QUESTION0_0_R 1 -7.187e+03 1.108e+02 3.801e+01
s>            ( - -4.091e+03 3 0)
s>            ( WDBNDRY_E 0 -2.985e+03 1.027e+02 1.601e+01
s>                ( - -4.336e+02 1 0)
s>                ( - -2.449e+03 1 0))))INFO: dtree.c(1315): Comp split 52
INFO: dtree.c(1439): stop. leaf nodes are specific
INFO: dtree.c(1478): Final simple tree
|( WDBNDRY_E 0 -6.271e+03 1.599e+02 3.300e+01
|    ( - -6.083e+02 1 0)
|    ( WDBNDRY_B 0 -5.503e+03 1.201e+02 2.900e+01
|        ( QUESTION2 -1 -2.888e+03 1.326e+02 1.600e+01
|            ( - -1.571e+03 2 0)
|            ( QUESTION0_0_R 1 -1.184e+03 9.951e+01 7.000e+00
|                ( - -4.251e+02 1 0)
|                ( - -6.596e+02 2 0)))
|        ( - -2.495e+03 1 0)))
s>    ( WDBNDRY_E 0 -6.271e+03 1.599e+02 3.300e+01
s>        ( - -6.083e+02 1 0)
s>        ( WDBNDRY_B 0 -5.503e+03 1.201e+02 2.900e+01
s>            ( QUESTION2 -1 -2.888e+03 1.326e+02 1.600e+01
s>                ( - -1.571e+03 2 0)
s>                ( QUESTION0_0_R 1 -1.184e+03 9.951e+01 7.000e+00
s>                    ( - -4.251e+02 1 0)
s>                    ( - -6.596e+02 2 0)))
s>            ( - -2.495e+03 1 0)))INFO: dtree.c(1315): Comp split 53
INFO: dtree.c(1439): stop. leaf nodes are specific
INFO: dtree.c(1478): Final simple tree
|( WDBNDRY_B 0 -5.503e+03 1.201e+02 2.900e+01
|    ( QUESTION2 -1 -2.888e+03 1.326e+02 1.600e+01
|        ( - -1.571e+03 2 0)
|        ( QUESTION0_0_R 1 -1.184e+03 9.951e+01 7.000e+00
|            ( - -4.251e+02 1 0)
|            ( - -6.596e+02 2 0)))
|    ( - -2.495e+03 1 0))
s>    ( WDBNDRY_B 0 -5.503e+03 1.201e+02 2.900e+01
s>        ( QUESTION2 -1 -2.888e+03 1.326e+02 1.600e+01
s>            ( - -1.571e+03 2 0)
s>            ( QUESTION0_0_R 1 -1.184e+03 9.951e+01 7.000e+00
s>                ( - -4.251e+02 1 0)
s>                ( - -6.596e+02 2 0)))
s>        ( - -2.495e+03 1 0))INFO: dtree.c(1315): Comp split 54
INFO: dtree.c(1439): stop. leaf nodes are specific
INFO: dtree.c(1478): Final simple tree
|( QUESTION0_2_R 1 -4.543e+03 1.416e+02 2.300e+01
|    ( QUESTION0_3_R 1 -3.278e+03 1.100e+02 1.700e+01
|        ( - -7.256e+02 1 0)
|        ( - -2.442e+03 2 0))
|    ( - -1.123e+03 2 0))
s>    ( QUESTION0_2_R 1 -4.543e+03 1.416e+02 2.300e+01
s>        ( QUESTION0_3_R 1 -3.278e+03 1.100e+02 1.700e+01
s>            ( - -7.256e+02 1 0)
s>            ( - -2.442e+03 2 0))
s>        ( - -1.123e+03 2 0))INFO: dtree.c(1439): stop. leaf nodes are specific
INFO: dtree.c(1478): Final simple tree
|( QUESTION0_8_R 1 -7.057e+03 1.103e+02 3.478e+01
|    ( - -6.434e+03 4 0)
|    ( - -5.127e+02 2 0))
s>    ( QUESTION0_8_R 1 -7.057e+03 1.103e+02 3.478e+01
s>        ( - -6.434e+03 4 0)
s>        ( - -5.127e+02 2 0))INFO: dtree.c(1315): Comp split 55
INFO: dtree.c(1439): stop. leaf nodes are specific
INFO: dtree.c(1478): Final simple tree
|( QUESTION0_12_R 1 -1.576e+05 1.428e+02 7.867e+02
|    ( - -4.845e+02 1 0)
|    ( QUESTION0_0_R 1 -1.570e+05 1.176e+02 7.837e+02
|        ( WDBNDRY_E 0 -1.433e+05 1.111e+02 7.144e+02
|            ( - -6.923e+02 1 0)
|            ( - -1.425e+05 8 0))
|        ( QUESTION0 1 -1.357e+04 1.150e+02 6.933e+01
|            ( - -3.683e+03 1 0)
|            ( - -9.774e+03 1 0))))
s>    ( QUESTION0_12_R 1 -1.576e+05 1.428e+02 7.867e+02
s>        ( - -4.845e+02 1 0)
s>        ( QUESTION0_0_R 1 -1.570e+05 1.176e+02 7.837e+02
s>            ( WDBNDRY_E 0 -1.433e+05 1.111e+02 7.144e+02
s>                ( - -6.923e+02 1 0)
s>                ( - -1.425e+05 8 0))
s>            ( QUESTION0 1 -1.357e+04 1.150e+02 6.933e+01
s>                ( - -3.683e+03 1 0)
s>                ( - -9.774e+03 1 0))))INFO: dtree.c(1315): Comp split 56
INFO: dtree.c(1439): stop. leaf nodes are specific
INFO: dtree.c(1478): Final simple tree
|( WDBNDRY_B 0 -2.336e+04 1.414e+02 1.192e+02
|    ( QUESTION6 -1 -8.001e+03 1.363e+02 4.220e+01
|        ( - -9.782e+02 1 0)
|        ( - -6.886e+03 2 0))
|    ( - -1.522e+04 3 0))
s>    ( WDBNDRY_B 0 -2.336e+04 1.414e+02 1.192e+02
s>        ( QUESTION6 -1 -8.001e+03 1.363e+02 4.220e+01
s>            ( - -9.782e+02 1 0)
s>            ( - -6.886e+03 2 0))
s>        ( - -1.522e+04 3 0))INFO: dtree.c(1315): Comp split 57
INFO: dtree.c(1315): Comp split 58
INFO: dtree.c(1315): Comp split 59
INFO: dtree.c(1439): stop. leaf nodes are specific
INFO: dtree.c(1478): Final simple tree
|( QUESTION0_0_R 1 -1.570e+05 1.176e+02 7.837e+02
|    ( WDBNDRY_E 0 -1.433e+05 1.111e+02 7.144e+02
|        ( - -6.923e+02 1 0)
|        ( - -1.425e+05 8 0))
|    ( QUESTION0 1 -1.357e+04 1.150e+02 6.933e+01
|        ( - -3.683e+03 1 0)
|        ( - -9.774e+03 1 0)))
s>    ( QUESTION0_0_R 1 -1.570e+05 1.176e+02 7.837e+02
s>        ( WDBNDRY_E 0 -1.433e+05 1.111e+02 7.144e+02
s>            ( - -6.923e+02 1 0)
s>            ( - -1.425e+05 8 0))
s>        ( QUESTION0 1 -1.357e+04 1.150e+02 6.933e+01
s>            ( - -3.683e+03 1 0)
s>            ( - -9.774e+03 1 0)))INFO: dtree.c(1315): Comp split 60
INFO: dtree.c(1439): stop. leaf nodes are specific
INFO: dtree.c(1478): Final simple tree
|( QUESTION0_3_R 1 -3.278e+03 1.100e+02 1.700e+01
|    ( - -7.256e+02 1 0)
|    ( - -2.442e+03 2 0))
s>    ( QUESTION0_3_R 1 -3.278e+03 1.100e+02 1.700e+01
s>        ( - -7.256e+02 1 0)
s>        ( - -2.442e+03 2 0))INFO: dtree.c(1315): Comp split 61
INFO: dtree.c(1439): stop. leaf nodes are specific
INFO: dtree.c(1478): Final simple tree
|( QUESTION6 -1 -8.001e+03 1.363e+02 4.220e+01
|    ( - -9.782e+02 1 0)
|    ( - -6.886e+03 2 0))
s>    ( QUESTION6 -1 -8.001e+03 1.363e+02 4.220e+01
s>        ( - -9.782e+02 1 0)
s>        ( - -6.886e+03 2 0))INFO: dtree.c(1315): Comp split 62
INFO: dtree.c(1315): Comp split 63
INFO: dtree.c(1315): Comp split 64
INFO: dtree.c(1439): stop. leaf nodes are specific
INFO: dtree.c(1478): Final simple tree
|( QUESTION0_0_R 1 -2.265e+04 1.218e+02 1.159e+02
|    ( - -1.340e+03 3 0)
|    ( - -2.119e+04 6 0))
s>    ( QUESTION0_0_R 1 -2.265e+04 1.218e+02 1.159e+02
s>        ( - -1.340e+03 3 0)
s>        ( - -2.119e+04 6 0))INFO: dtree.c(1315): Comp split 65
INFO: dtree.c(1315): Comp split 66
INFO: dtree.c(1439): stop. leaf nodes are specific
INFO: dtree.c(1478): Final simple tree
|( QUESTION0_12_R 1 -6.248e+03 1.288e+02 3.200e+01
|    ( - -6.569e+02 1 0)
|    ( QUESTION0_0_R 1 -5.463e+03 1.005e+02 2.800e+01
|        ( - -4.456e+03 4 0)
|        ( - -9.059e+02 1 0)))
s>    ( QUESTION0_12_R 1 -6.248e+03 1.288e+02 3.200e+01
s>        ( - -6.569e+02 1 0)
s>        ( QUESTION0_0_R 1 -5.463e+03 1.005e+02 2.800e+01
s>            ( - -4.456e+03 4 0)
s>            ( - -9.059e+02 1 0)))INFO: dtree.c(1315): Comp split 67
INFO: dtree.c(1315): Comp split 68
INFO: dtree.c(1315): Comp split 69
INFO: dtree.c(1439): stop. leaf nodes are specific
INFO: dtree.c(1478): Final simple tree
|( QUESTION0_8_R 1 -4.789e+04 9.979e+01 2.375e+02
|    ( - -4.778e+02 1 0)
|    ( WDBNDRY_B 0 -4.731e+04 8.284e+01 2.345e+02
|        ( QUESTION0_0_R 1 -5.987e+03 9.629e+01 3.000e+01
|            ( - -3.930e+03 5 0)
|            ( - -1.961e+03 2 0))
|        ( QUESTION13 -1 -4.124e+04 7.912e+01 2.045e+02
|            ( - -4.000e+04 9 0)
|            ( - -1.154e+03 3 0))))
s>    ( QUESTION0_8_R 1 -4.789e+04 9.979e+01 2.375e+02
s>        ( - -4.778e+02 1 0)
s>        ( WDBNDRY_B 0 -4.731e+04 8.284e+01 2.345e+02
s>            ( QUESTION0_0_R 1 -5.987e+03 9.629e+01 3.000e+01
s>                ( - -3.930e+03 5 0)
s>                ( - -1.961e+03 2 0))
s>            ( QUESTION13 -1 -4.124e+04 7.912e+01 2.045e+02
s>                ( - -4.000e+04 9 0)
s>                ( - -1.154e+03 3 0))))INFO: dtree.c(1315): Comp split 70
INFO: dtree.c(1439): stop. leaf nodes are specific
INFO: dtree.c(1478): Final simple tree
|( QUESTION0_0_R 1 -1.184e+03 9.951e+01 7.000e+00
|    ( - -4.251e+02 1 0)
|    ( - -6.596e+02 2 0))
s>    ( QUESTION0_0_R 1 -1.184e+03 9.951e+01 7.000e+00
s>        ( - -4.251e+02 1 0)
s>        ( - -6.596e+02 2 0))INFO: dtree.c(1439): stop. leaf nodes are specific
INFO: dtree.c(1478): Final simple tree
|( WDBNDRY_B 0 -4.188e+03 1.220e+02 2.200e+01
|    ( - -1.571e+03 2 0)
|    ( - -2.495e+03 1 0))
s>    ( WDBNDRY_B 0 -4.188e+03 1.220e+02 2.200e+01
s>        ( - -1.571e+03 2 0)
s>        ( - -2.495e+03 1 0))INFO: dtree.c(1315): Comp split 71
INFO: dtree.c(1439): stop. leaf nodes are specific
INFO: dtree.c(1478): Final simple tree
|( WDBNDRY_E 0 -1.532e+05 1.109e+02 7.641e+02
|    ( - -6.923e+02 1 0)
|    ( QUESTION0_0_R 1 -1.524e+05 1.026e+02 7.601e+02
|        ( - -1.425e+05 8 0)
|        ( - -9.774e+03 1 0)))
s>    ( WDBNDRY_E 0 -1.532e+05 1.109e+02 7.641e+02
s>        ( - -6.923e+02 1 0)
s>        ( QUESTION0_0_R 1 -1.524e+05 1.026e+02 7.601e+02
s>            ( - -1.425e+05 8 0)
s>            ( - -9.774e+03 1 0)))INFO: dtree.c(1315): Comp split 72
INFO: dtree.c(1439): stop. leaf nodes are specific
INFO: dtree.c(1478): Final simple tree
|( QUESTION0_0_R 1 -5.463e+03 1.005e+02 2.800e+01
|    ( - -4.456e+03 4 0)
|    ( - -9.059e+02 1 0))
s>    ( QUESTION0_0_R 1 -5.463e+03 1.005e+02 2.800e+01
s>        ( - -4.456e+03 4 0)
s>        ( - -9.059e+02 1 0))INFO: dtree.c(1315): Comp split 73
INFO: dtree.c(1439): stop. leaf nodes are specific
INFO: dtree.c(1478): Final simple tree
|( QUESTION0_0_R 1 -7.187e+03 1.108e+02 3.801e+01
|    ( - -4.091e+03 3 0)
|    ( WDBNDRY_E 0 -2.985e+03 1.027e+02 1.601e+01
|        ( - -4.336e+02 1 0)
|        ( - -2.449e+03 1 0)))
s>    ( QUESTION0_0_R 1 -7.187e+03 1.108e+02 3.801e+01
s>        ( - -4.091e+03 3 0)
s>        ( WDBNDRY_E 0 -2.985e+03 1.027e+02 1.601e+01
s>            ( - -4.336e+02 1 0)
s>            ( - -2.449e+03 1 0)))INFO: dtree.c(1315): Comp split 74
INFO: dtree.c(1439): stop. leaf nodes are specific
INFO: dtree.c(1478): Final simple tree
|( WDBNDRY_B 0 -1.866e+05 1.215e+02 9.591e+02
|    ( - -1.837e+05 20 0)
|    ( - -2.778e+03 2 0))
s>    ( WDBNDRY_B 0 -1.866e+05 1.215e+02 9.591e+02
s>        ( - -1.837e+05 20 0)
s>        ( - -2.778e+03 2 0))INFO: dtree.c(1315): Comp split 75
INFO: dtree.c(1315): Comp split 76
INFO: dtree.c(1315): Comp split 77
INFO: dtree.c(1315): Comp split 78
INFO: dtree.c(1439): stop. leaf nodes are specific
INFO: dtree.c(1478): Final simple tree
|( QUESTION0_2_R 1 -1.380e+04 1.150e+02 6.812e+01
|    ( - -7.316e+02 1 0)
|    ( QUESTION11 1 -1.296e+04 1.007e+02 6.412e+01
|        ( - -9.487e+03 3 0)
|        ( QUESTION0_8_R 1 -3.370e+03 9.147e+01 1.700e+01
|            ( - -9.439e+02 1 0)
|            ( - -2.335e+03 2 0))))
s>    ( QUESTION0_2_R 1 -1.380e+04 1.150e+02 6.812e+01
s>        ( - -7.316e+02 1 0)
s>        ( QUESTION11 1 -1.296e+04 1.007e+02 6.412e+01
s>            ( - -9.487e+03 3 0)
s>            ( QUESTION0_8_R 1 -3.370e+03 9.147e+01 1.700e+01
s>                ( - -9.439e+02 1 0)
s>                ( - -2.335e+03 2 0))))INFO: dtree.c(1315): Comp split 79
INFO: dtree.c(1439): stop. leaf nodes are specific
INFO: dtree.c(1478): Final simple tree
|( QUESTION11 1 -1.296e+04 1.007e+02 6.412e+01
|    ( - -9.487e+03 3 0)
|    ( QUESTION0_8_R 1 -3.370e+03 9.147e+01 1.700e+01
|        ( - -9.439e+02 1 0)
|        ( - -2.335e+03 2 0)))
s>    ( QUESTION11 1 -1.296e+04 1.007e+02 6.412e+01
s>        ( - -9.487e+03 3 0)
s>        ( QUESTION0_8_R 1 -3.370e+03 9.147e+01 1.700e+01
s>            ( - -9.439e+02 1 0)
s>            ( - -2.335e+03 2 0)))INFO: dtree.c(1315): Comp split 80
INFO: dtree.c(1315): Comp split 81
INFO: dtree.c(1439): stop. leaf nodes are specific
INFO: dtree.c(1478): Final simple tree
|( QUESTION0_0_R 1 -1.524e+05 1.026e+02 7.601e+02
|    ( - -1.425e+05 8 0)
|    ( - -9.774e+03 1 0))
s>    ( QUESTION0_0_R 1 -1.524e+05 1.026e+02 7.601e+02
s>        ( - -1.425e+05 8 0)
s>        ( - -9.774e+03 1 0))INFO: dtree.c(1315): Comp split 82
INFO: dtree.c(1439): stop. leaf nodes are specific
INFO: dtree.c(1478): Final simple tree
|( WDBNDRY_E 0 -2.985e+03 1.027e+02 1.601e+01
|    ( - -4.336e+02 1 0)
|    ( - -2.449e+03 1 0))
s>    ( WDBNDRY_E 0 -2.985e+03 1.027e+02 1.601e+01
s>        ( - -4.336e+02 1 0)
s>        ( - -2.449e+03 1 0))INFO: dtree.c(1315): Comp split 83
INFO: dtree.c(1315): Comp split 84
INFO: dtree.c(1315): Comp split 85
INFO: dtree.c(1315): Comp split 86
INFO: dtree.c(1315): Comp split 87
INFO: dtree.c(1439): stop. leaf nodes are specific
INFO: dtree.c(1478): Final simple tree
|( WDBNDRY_B 0 -4.328e+04 7.813e+01 2.145e+02
|    ( - -1.961e+03 2 0)
|    ( QUESTION13 -1 -4.124e+04 7.912e+01 2.045e+02
|        ( - -4.000e+04 9 0)
|        ( - -1.154e+03 3 0)))
s>    ( WDBNDRY_B 0 -4.328e+04 7.813e+01 2.145e+02
s>        ( - -1.961e+03 2 0)
s>        ( QUESTION13 -1 -4.124e+04 7.912e+01 2.045e+02
s>            ( - -4.000e+04 9 0)
s>            ( - -1.154e+03 3 0)))INFO: dtree.c(1439): stop. leaf nodes are specific
INFO: dtree.c(1478): Final simple tree
|( QUESTION0_0_R 1 -4.507e+03 9.915e+01 2.300e+01
|    ( - -3.930e+03 5 0)
|    ( - -4.778e+02 1 0))
s>    ( QUESTION0_0_R 1 -4.507e+03 9.915e+01 2.300e+01
s>        ( - -3.930e+03 5 0)
s>        ( - -4.778e+02 1 0))INFO: dtree.c(1315): Comp split 88
INFO: dtree.c(1439): stop. leaf nodes are specific
INFO: dtree.c(1478): Final simple tree
|( QUESTION0_8_R 1 -3.370e+03 9.147e+01 1.700e+01
|    ( - -9.439e+02 1 0)
|    ( - -2.335e+03 2 0))
s>    ( QUESTION0_8_R 1 -3.370e+03 9.147e+01 1.700e+01
s>        ( - -9.439e+02 1 0)
s>        ( - -2.335e+03 2 0))INFO: dtree.c(1315): Comp split 89
INFO: dtree.c(1315): Comp split 90
INFO: dtree.c(1315): Comp split 91
INFO: dtree.c(1315): Comp split 92
INFO: dtree.c(1315): Comp split 93
INFO: dtree.c(1315): Comp split 94
INFO: dtree.c(1439): stop. leaf nodes are specific
INFO: dtree.c(1478): Final simple tree
|( WDBNDRY_B 0 -4.204e+04 7.798e+01 2.085e+02
|    ( - -1.961e+03 2 0)
|    ( - -4.000e+04 9 0))
s>    ( WDBNDRY_B 0 -4.204e+04 7.798e+01 2.085e+02
s>        ( - -1.961e+03 2 0)
s>        ( - -4.000e+04 9 0))INFO: dtree.c(1315): Comp split 95
INFO: dtree.c(1315): Comp split 96
INFO: dtree.c(1315): Comp split 97
INFO: dtree.c(1318): stop. leaf nodes are specific
!!!!!!!!Allocated 66 lines
Fri Apr  8 00:56:58 2016
