Current configuration:
[NAME]		[DEFLT]	[VALUE]
-allphones	no	no
-cntthresh	0.00001	1.000000e-05
-csplitmax	100	2000
-csplitmin	1	1
-csplitthr	8e-4	0.000000e+00
-example	no	no
-fullvar	no	no
-help		no	no
-meanfn			/home/yaroslav/model/model_parameters/ua.cd_cont_untied/means
-mixwfn			/home/yaroslav/model/model_parameters/ua.cd_cont_untied/mixture_weights
-moddeffn		/home/yaroslav/model/model_architecture/ua.untied.mdef
-mwfloor	1e-4	1.000000e-08
-phone			P
-psetfn			/home/yaroslav/model/model_architecture/ua.tree_questions
-ssplitmax	5	7
-ssplitmin	1	1
-ssplitthr	8e-4	0.000000e+00
-state			0
-stwt			1.0,0.05,0.0,
-treefn			/home/yaroslav/model/trees/ua.unpruned/P-0.dtree
-ts2cbfn	.semi.	.cont.
-varfloor	0.00001	1.000000e-05
-varfn			/home/yaroslav/model/model_parameters/ua.cd_cont_untied/variances

INFO: main.c(223): Reading: /home/yaroslav/model/model_architecture/ua.untied.mdef
INFO: model_def_io.c(573): Model definition info:
INFO: model_def_io.c(574): 9365 total models defined (51 base, 9314 tri)
INFO: model_def_io.c(575): 37460 total states
INFO: model_def_io.c(576): 28095 total tied states
INFO: model_def_io.c(577): 153 total tied CI states
INFO: model_def_io.c(578): 51 total tied transition matrices
INFO: model_def_io.c(579): 4 max state/model
INFO: model_def_io.c(580): 4 min state/model
INFO: main.c(242): Building trees for [P A A b] through [P І Y b]
INFO: main.c(269): Covering states |[14556 15119]| == 564
INFO: main.c(275): Reading: /home/yaroslav/model/model_parameters/ua.cd_cont_untied/mixture_weights
INFO: s3mixw_io.c(173): Read /home/yaroslav/model/model_parameters/ua.cd_cont_untied/mixture_weights [564x1x1 array]
INFO: main.c(311): 185 of 188 models have observation count greater than 0.000010
INFO: main.c(95): nrm stwt: 0.952 0.048 0.000 
INFO: s3gau_io.c(169): Read /home/yaroslav/model/model_parameters/ua.cd_cont_untied/means [28095x1x1 array]
INFO: s3gau_io.c(169): Read /home/yaroslav/model/model_parameters/ua.cd_cont_untied/variances [28095x1x1 array]
INFO: main.c(549): Reading: /home/yaroslav/model/model_architecture/ua.tree_questions
INFO: main.c(588): 180 total simple questions (172 phone; 8 word bndry)
INFO: main.c(590): 42 Left Only questions, and 42 Right Only questions
INFO: dtree.c(1478): Final simple tree
|( QUESTION2_12_L -1 -1.210e+06 2.161e+03 6.133e+03
|    ( QUESTION0 -1 -3.981e+05 8.179e+02 2.042e+03
|        ( - -3.209e+05 39 0 QUESTION2 1 3.849e+02 1.643e+03)
|        ( - -7.634e+04 15 0 QUESTION0_1_R 1 4.713e+02 3.986e+02))
|    ( QUESTION2_11_L -1 -8.094e+05 1.733e+03 4.091e+03
|        ( QUESTION2_14_L -1 -6.023e+05 1.222e+03 3.046e+03
|            ( QUESTION8 1 -3.173e+05 6.787e+02 1.612e+03
|                ( - -8.781e+04 4 0 WDBNDRY_B 0 5.167e+02 4.513e+02)
|                ( - -2.288e+05 27 0 WDBNDRY_B 0 5.439e+02 1.161e+03))
|            ( QUESTION18 -1 -2.838e+05 5.827e+02 1.434e+03
|                ( - -5.057e+04 7 0 WDBNDRY_B 0 6.748e+02 2.590e+02)
|                ( - -2.326e+05 43 0 QUESTION14 -1 3.245e+02 1.175e+03)))
|        ( SILENCE -1 -2.054e+05 7.263e+02 1.045e+03
|            ( - -2.657e+04 3 0 QUESTION0_0_R 1 4.114e+02 1.372e+02)
|            ( - -1.781e+05 47 0 QUESTION2_10_L -1 3.907e+02 9.079e+02))))
s>    ( QUESTION2_12_L -1 -1.210e+06 2.161e+03 6.133e+03
s>        ( QUESTION0 -1 -3.981e+05 8.179e+02 2.042e+03
s>            ( - -3.209e+05 39 0 QUESTION2 1 3.849e+02 1.643e+03)
s>            ( - -7.634e+04 15 0 QUESTION0_1_R 1 4.713e+02 3.986e+02))
s>        ( QUESTION2_11_L -1 -8.094e+05 1.733e+03 4.091e+03
s>            ( QUESTION2_14_L -1 -6.023e+05 1.222e+03 3.046e+03
s>                ( QUESTION8 1 -3.173e+05 6.787e+02 1.612e+03
s>                    ( - -8.781e+04 4 0 WDBNDRY_B 0 5.167e+02 4.513e+02)
s>                    ( - -2.288e+05 27 0 WDBNDRY_B 0 5.439e+02 1.161e+03))
s>                ( QUESTION18 -1 -2.838e+05 5.827e+02 1.434e+03
s>                    ( - -5.057e+04 7 0 WDBNDRY_B 0 6.748e+02 2.590e+02)
s>                    ( - -2.326e+05 43 0 QUESTION14 -1 3.245e+02 1.175e+03)))
s>            ( SILENCE -1 -2.054e+05 7.263e+02 1.045e+03
s>                ( - -2.657e+04 3 0 QUESTION0_0_R 1 4.114e+02 1.372e+02)
s>                ( - -1.781e+05 47 0 QUESTION2_10_L -1 3.907e+02 9.079e+02))))INFO: dtree.c(1315): Comp split 0
INFO: dtree.c(1478): Final simple tree
|( QUESTION2 1 -3.209e+05 3.849e+02 1.643e+03
|    ( - -7.199e+03 1 0)
|    ( WDBNDRY_E 0 -3.133e+05 3.260e+02 1.605e+03
|        ( - -1.739e+04 2 0)
|        ( WDBNDRY_B 0 -2.956e+05 2.802e+02 1.513e+03
|            ( QUESTION0_1_R 1 -1.717e+05 3.007e+02 8.785e+02
|                ( - -6.133e+04 3 0)
|                ( QUESTION0_0_R 1 -1.100e+05 1.615e+02 5.625e+02
|                    ( - -1.723e+03 1 0)
|                    ( - -1.082e+05 12 0)))
|            ( QUESTION0_0_R 1 -1.237e+05 2.655e+02 6.340e+02
|                ( QUESTION0_3_R 1 -6.948e+03 1.528e+02 3.503e+01
|                    ( - -6.656e+02 1 0)
|                    ( - -6.129e+03 4 0 QUESTION0_1_R 1 8.226e+01 3.103e+01))
|                ( - -1.165e+05 15 0)))))
s>    ( QUESTION2 1 -3.209e+05 3.849e+02 1.643e+03
s>        ( - -7.199e+03 1 0)
s>        ( WDBNDRY_E 0 -3.133e+05 3.260e+02 1.605e+03
s>            ( - -1.739e+04 2 0)
s>            ( WDBNDRY_B 0 -2.956e+05 2.802e+02 1.513e+03
s>                ( QUESTION0_1_R 1 -1.717e+05 3.007e+02 8.785e+02
s>                    ( - -6.133e+04 3 0)
s>                    ( QUESTION0_0_R 1 -1.100e+05 1.615e+02 5.625e+02
s>                        ( - -1.723e+03 1 0)
s>                        ( - -1.082e+05 12 0)))
s>                ( QUESTION0_0_R 1 -1.237e+05 2.655e+02 6.340e+02
s>                    ( QUESTION0_3_R 1 -6.948e+03 1.528e+02 3.503e+01
s>                        ( - -6.656e+02 1 0)
s>                        ( - -6.129e+03 4 0 QUESTION0_1_R 1 8.226e+01 3.103e+01))
s>                    ( - -1.165e+05 15 0)))))INFO: dtree.c(1478): Final simple tree
|( QUESTION2_13_L -1 -8.864e+05 1.761e+03 4.490e+03
|    ( QUESTION2_14_L -1 -6.023e+05 1.222e+03 3.046e+03
|        ( QUESTION8 1 -3.173e+05 6.787e+02 1.612e+03
|            ( - -8.781e+04 4 0 WDBNDRY_B 0 5.167e+02 4.513e+02)
|            ( WDBNDRY_B 0 -2.288e+05 5.439e+02 1.161e+03
|                ( - -1.788e+05 12 0 QUESTION0_0_R 1 1.870e+02 9.139e+02)
|                ( - -4.943e+04 15 0 QUESTION0_1_R 1 1.956e+02 2.472e+02)))
|        ( QUESTION18 -1 -2.838e+05 5.827e+02 1.434e+03
|            ( WDBNDRY_B 0 -5.057e+04 6.748e+02 2.590e+02
|                ( - -2.924e+04 5 0 QUESTION19 -1 2.972e+02 1.480e+02)
|                ( - -2.066e+04 2 0))
|            ( - -2.326e+05 43 0 QUESTION14 -1 3.245e+02 1.175e+03)))
|    ( SILENCE -1 -2.823e+05 8.229e+02 1.444e+03
|        ( - -2.657e+04 3 0 QUESTION0_0_R 1 4.114e+02 1.372e+02)
|        ( - -2.549e+05 62 0 QUESTION2_0_L -1 4.963e+02 1.306e+03)))
s>    ( QUESTION2_13_L -1 -8.864e+05 1.761e+03 4.490e+03
s>        ( QUESTION2_14_L -1 -6.023e+05 1.222e+03 3.046e+03
s>            ( QUESTION8 1 -3.173e+05 6.787e+02 1.612e+03
s>                ( - -8.781e+04 4 0 WDBNDRY_B 0 5.167e+02 4.513e+02)
s>                ( WDBNDRY_B 0 -2.288e+05 5.439e+02 1.161e+03
s>                    ( - -1.788e+05 12 0 QUESTION0_0_R 1 1.870e+02 9.139e+02)
s>                    ( - -4.943e+04 15 0 QUESTION0_1_R 1 1.956e+02 2.472e+02)))
s>            ( QUESTION18 -1 -2.838e+05 5.827e+02 1.434e+03
s>                ( WDBNDRY_B 0 -5.057e+04 6.748e+02 2.590e+02
s>                    ( - -2.924e+04 5 0 QUESTION19 -1 2.972e+02 1.480e+02)
s>                    ( - -2.066e+04 2 0))
s>                ( - -2.326e+05 43 0 QUESTION14 -1 3.245e+02 1.175e+03)))
s>        ( SILENCE -1 -2.823e+05 8.229e+02 1.444e+03
s>            ( - -2.657e+04 3 0 QUESTION0_0_R 1 4.114e+02 1.372e+02)
s>            ( - -2.549e+05 62 0 QUESTION2_0_L -1 4.963e+02 1.306e+03)))INFO: dtree.c(1315): Comp split 1
INFO: dtree.c(1478): Final simple tree
|( QUESTION2_14_L -1 -6.023e+05 1.222e+03 3.046e+03
|    ( QUESTION8 1 -3.173e+05 6.787e+02 1.612e+03
|        ( WDBNDRY_B 0 -8.781e+04 5.167e+02 4.513e+02
|            ( - -5.370e+04 2 0)
|            ( - -3.359e+04 2 0))
|        ( WDBNDRY_B 0 -2.288e+05 5.439e+02 1.161e+03
|            ( - -1.788e+05 12 0 QUESTION0_0_R 1 1.870e+02 9.139e+02)
|            ( - -4.943e+04 15 0 QUESTION0_1_R 1 1.956e+02 2.472e+02)))
|    ( QUESTION18 -1 -2.838e+05 5.827e+02 1.434e+03
|        ( WDBNDRY_B 0 -5.057e+04 6.748e+02 2.590e+02
|            ( - -2.924e+04 5 0 QUESTION19 -1 2.972e+02 1.480e+02)
|            ( - -2.066e+04 2 0))
|        ( QUESTION14 -1 -2.326e+05 3.245e+02 1.175e+03
|            ( - -9.735e+04 21 0 QUESTION7 1 2.233e+02 4.923e+02)
|            ( - -1.350e+05 22 0 QUESTION0 -1 3.012e+02 6.827e+02))))
s>    ( QUESTION2_14_L -1 -6.023e+05 1.222e+03 3.046e+03
s>        ( QUESTION8 1 -3.173e+05 6.787e+02 1.612e+03
s>            ( WDBNDRY_B 0 -8.781e+04 5.167e+02 4.513e+02
s>                ( - -5.370e+04 2 0)
s>                ( - -3.359e+04 2 0))
s>            ( WDBNDRY_B 0 -2.288e+05 5.439e+02 1.161e+03
s>                ( - -1.788e+05 12 0 QUESTION0_0_R 1 1.870e+02 9.139e+02)
s>                ( - -4.943e+04 15 0 QUESTION0_1_R 1 1.956e+02 2.472e+02)))
s>        ( QUESTION18 -1 -2.838e+05 5.827e+02 1.434e+03
s>            ( WDBNDRY_B 0 -5.057e+04 6.748e+02 2.590e+02
s>                ( - -2.924e+04 5 0 QUESTION19 -1 2.972e+02 1.480e+02)
s>                ( - -2.066e+04 2 0))
s>            ( QUESTION14 -1 -2.326e+05 3.245e+02 1.175e+03
s>                ( - -9.735e+04 21 0 QUESTION7 1 2.233e+02 4.923e+02)
s>                ( - -1.350e+05 22 0 QUESTION0 -1 3.012e+02 6.827e+02))))INFO: dtree.c(1478): Final simple tree
|( SILENCE -1 -2.823e+05 8.229e+02 1.444e+03
|    ( QUESTION0_0_R 1 -2.657e+04 4.114e+02 1.372e+02
|        ( - -1.757e+04 1 0)
|        ( - -8.585e+03 2 0))
|    ( QUESTION2_0_L -1 -2.549e+05 4.963e+02 1.306e+03
|        ( QUESTION2_10_L -1 -1.781e+05 3.907e+02 9.079e+02
|            ( - -9.412e+03 1 0)
|            ( QUESTION6 -1 -1.683e+05 2.997e+02 8.566e+02
|                ( - -4.284e+04 16 0 WDBNDRY_B 0 1.456e+02 2.204e+02)
|                ( WDBNDRY_E 0 -1.251e+05 2.323e+02 6.362e+02
|                    ( - -2.278e+03 1 0)
|                    ( - -1.226e+05 29 0 QUESTION8 -1 1.898e+02 6.242e+02))))
|        ( QUESTION0_1_R 1 -7.634e+04 4.713e+02 3.986e+02
|            ( - -3.085e+04 4 0 WDBNDRY_B 0 2.125e+02 1.697e+02)
|            ( - -4.502e+04 11 0 WDBNDRY_B 0 1.859e+02 2.289e+02))))
s>    ( SILENCE -1 -2.823e+05 8.229e+02 1.444e+03
s>        ( QUESTION0_0_R 1 -2.657e+04 4.114e+02 1.372e+02
s>            ( - -1.757e+04 1 0)
s>            ( - -8.585e+03 2 0))
s>        ( QUESTION2_0_L -1 -2.549e+05 4.963e+02 1.306e+03
s>            ( QUESTION2_10_L -1 -1.781e+05 3.907e+02 9.079e+02
s>                ( - -9.412e+03 1 0)
s>                ( QUESTION6 -1 -1.683e+05 2.997e+02 8.566e+02
s>                    ( - -4.284e+04 16 0 WDBNDRY_B 0 1.456e+02 2.204e+02)
s>                    ( WDBNDRY_E 0 -1.251e+05 2.323e+02 6.362e+02
s>                        ( - -2.278e+03 1 0)
s>                        ( - -1.226e+05 29 0 QUESTION8 -1 1.898e+02 6.242e+02))))
s>            ( QUESTION0_1_R 1 -7.634e+04 4.713e+02 3.986e+02
s>                ( - -3.085e+04 4 0 WDBNDRY_B 0 2.125e+02 1.697e+02)
s>                ( - -4.502e+04 11 0 WDBNDRY_B 0 1.859e+02 2.289e+02))))INFO: dtree.c(1315): Comp split 2
INFO: dtree.c(1478): Final simple tree
|( QUESTION8 1 -2.927e+05 6.034e+02 1.486e+03
|    ( WDBNDRY_B 0 -3.939e+04 3.561e+02 2.036e+02
|        ( - -5.440e+03 1 0)
|        ( - -3.359e+04 2 0))
|    ( WDBNDRY_B 0 -2.527e+05 5.787e+02 1.282e+03
|        ( QUESTION0 -1 -2.027e+05 2.421e+02 1.035e+03
|            ( QUESTION0_0_R 1 -1.788e+05 1.870e+02 9.139e+02
|                ( - -2.176e+03 2 0 QUESTION0_1_R 1 1.469e+02 1.200e+01)
|                ( - -1.765e+05 10 0))
|            ( QUESTION19 -1 -2.366e+04 2.628e+02 1.209e+02
|                ( - -1.259e+04 2 0)
|                ( - -1.080e+04 2 0)))
|        ( QUESTION0_1_R 1 -4.943e+04 1.956e+02 2.472e+02
|            ( - -7.311e+03 3 0)
|            ( - -4.192e+04 12 0 QUESTION0_0_R 1 1.115e+02 2.108e+02))))
s>    ( QUESTION8 1 -2.927e+05 6.034e+02 1.486e+03
s>        ( WDBNDRY_B 0 -3.939e+04 3.561e+02 2.036e+02
s>            ( - -5.440e+03 1 0)
s>            ( - -3.359e+04 2 0))
s>        ( WDBNDRY_B 0 -2.527e+05 5.787e+02 1.282e+03
s>            ( QUESTION0 -1 -2.027e+05 2.421e+02 1.035e+03
s>                ( QUESTION0_0_R 1 -1.788e+05 1.870e+02 9.139e+02
s>                    ( - -2.176e+03 2 0 QUESTION0_1_R 1 1.469e+02 1.200e+01)
s>                    ( - -1.765e+05 10 0))
s>                ( QUESTION19 -1 -2.366e+04 2.628e+02 1.209e+02
s>                    ( - -1.259e+04 2 0)
s>                    ( - -1.080e+04 2 0)))
s>            ( QUESTION0_1_R 1 -4.943e+04 1.956e+02 2.472e+02
s>                ( - -7.311e+03 3 0)
s>                ( - -4.192e+04 12 0 QUESTION0_0_R 1 1.115e+02 2.108e+02))))INFO: dtree.c(1478): Final simple tree
|( QUESTION18 -1 -3.081e+05 7.566e+02 1.561e+03
|    ( - -2.066e+04 2 0)
|    ( QUESTION14 -1 -2.867e+05 3.777e+02 1.450e+03
|        ( QUESTION7 1 -9.735e+04 2.233e+02 4.923e+02
|            ( - -2.726e+04 6 0 QUESTION17 -1 1.989e+02 1.375e+02)
|            ( - -6.987e+04 15 0 WDBNDRY_B 0 1.550e+02 3.548e+02))
|        ( QUESTION2_16_L -1 -1.890e+05 3.437e+02 9.574e+02
|            ( QUESTION0_1_R 1 -9.395e+04 2.304e+02 4.731e+02
|                ( - -3.041e+04 3 0 WDBNDRY_B 0 1.365e+02 1.529e+02)
|                ( - -6.331e+04 11 0 WDBNDRY_I 0 1.763e+02 3.202e+02))
|            ( QUESTION0 -1 -9.466e+04 2.564e+02 4.843e+02
|                ( - -5.370e+04 2 0)
|                ( QUESTION0_0_R 1 -4.070e+04 2.037e+02 2.095e+02
|                    ( - -2.940e+04 2 0)
|                    ( - -1.110e+04 6 0))))))
s>    ( QUESTION18 -1 -3.081e+05 7.566e+02 1.561e+03
s>        ( - -2.066e+04 2 0)
s>        ( QUESTION14 -1 -2.867e+05 3.777e+02 1.450e+03
s>            ( QUESTION7 1 -9.735e+04 2.233e+02 4.923e+02
s>                ( - -2.726e+04 6 0 QUESTION17 -1 1.989e+02 1.375e+02)
s>                ( - -6.987e+04 15 0 WDBNDRY_B 0 1.550e+02 3.548e+02))
s>            ( QUESTION2_16_L -1 -1.890e+05 3.437e+02 9.574e+02
s>                ( QUESTION0_1_R 1 -9.395e+04 2.304e+02 4.731e+02
s>                    ( - -3.041e+04 3 0 WDBNDRY_B 0 1.365e+02 1.529e+02)
s>                    ( - -6.331e+04 11 0 WDBNDRY_I 0 1.763e+02 3.202e+02))
s>                ( QUESTION0 -1 -9.466e+04 2.564e+02 4.843e+02
s>                    ( - -5.370e+04 2 0)
s>                    ( QUESTION0_0_R 1 -4.070e+04 2.037e+02 2.095e+02
s>                        ( - -2.940e+04 2 0)
s>                        ( - -1.110e+04 6 0))))))INFO: dtree.c(1315): Comp split 3
INFO: dtree.c(1439): stop. leaf nodes are specific
INFO: dtree.c(1478): Final simple tree
|( WDBNDRY_B 0 -4.465e+04 2.587e+02 2.334e+02
|    ( - -1.080e+04 2 0)
|    ( - -3.359e+04 2 0))
s>    ( WDBNDRY_B 0 -4.465e+04 2.587e+02 2.334e+02
s>        ( - -1.080e+04 2 0)
s>        ( - -3.359e+04 2 0))INFO: dtree.c(1478): Final simple tree
|( WDBNDRY_B 0 -2.472e+05 5.666e+02 1.252e+03
|    ( QUESTION0 -1 -1.972e+05 2.456e+02 1.005e+03
|        ( QUESTION0_0_R 1 -1.788e+05 1.870e+02 9.139e+02
|            ( QUESTION0_1_R 1 -2.176e+03 1.469e+02 1.200e+01
|                ( - -1.196e+03 1 0)
|                ( - -8.337e+02 1 0))
|            ( - -1.765e+05 10 0))
|        ( QUESTION0_0_R 1 -1.814e+04 1.082e+02 9.108e+01
|            ( - -5.440e+03 1 0)
|            ( - -1.259e+04 2 0)))
|    ( QUESTION0_1_R 1 -4.943e+04 1.956e+02 2.472e+02
|        ( - -7.311e+03 3 0)
|        ( QUESTION0_0_R 1 -4.192e+04 1.115e+02 2.108e+02
|            ( - -6.720e+02 1 0)
|            ( - -4.114e+04 11 0))))
s>    ( WDBNDRY_B 0 -2.472e+05 5.666e+02 1.252e+03
s>        ( QUESTION0 -1 -1.972e+05 2.456e+02 1.005e+03
s>            ( QUESTION0_0_R 1 -1.788e+05 1.870e+02 9.139e+02
s>                ( QUESTION0_1_R 1 -2.176e+03 1.469e+02 1.200e+01
s>                    ( - -1.196e+03 1 0)
s>                    ( - -8.337e+02 1 0))
s>                ( - -1.765e+05 10 0))
s>            ( QUESTION0_0_R 1 -1.814e+04 1.082e+02 9.108e+01
s>                ( - -5.440e+03 1 0)
s>                ( - -1.259e+04 2 0)))
s>        ( QUESTION0_1_R 1 -4.943e+04 1.956e+02 2.472e+02
s>            ( - -7.311e+03 3 0)
s>            ( QUESTION0_0_R 1 -4.192e+04 1.115e+02 2.108e+02
s>                ( - -6.720e+02 1 0)
s>                ( - -4.114e+04 11 0))))INFO: dtree.c(1315): Comp split 4
INFO: dtree.c(1439): stop. leaf nodes are specific
INFO: dtree.c(1478): Final simple tree
|( QUESTION2 -1 -4.053e+04 2.734e+02 2.210e+02
|    ( - -9.412e+03 1 0)
|    ( WDBNDRY_B 0 -3.085e+04 2.125e+02 1.697e+02
|        ( - -3.036e+04 3 0)
|        ( - -2.739e+02 1 0)))
s>    ( QUESTION2 -1 -4.053e+04 2.734e+02 2.210e+02
s>        ( - -9.412e+03 1 0)
s>        ( WDBNDRY_B 0 -3.085e+04 2.125e+02 1.697e+02
s>            ( - -3.036e+04 3 0)
s>            ( - -2.739e+02 1 0)))INFO: dtree.c(1478): Final simple tree
|( SILENCE -1 -2.410e+05 7.709e+02 1.223e+03
|    ( QUESTION0_0_R 1 -2.657e+04 4.114e+02 1.372e+02
|        ( - -1.757e+04 1 0)
|        ( - -8.585e+03 2 0))
|    ( QUESTION2_2_L -1 -2.136e+05 3.745e+02 1.086e+03
|        ( WDBNDRY_E 0 -1.335e+05 2.322e+02 6.785e+02
|            ( - -2.278e+03 1 0)
|            ( QUESTION8 -1 -1.310e+05 1.976e+02 6.665e+02
|                ( - -1.069e+05 19 0 QUESTION0_0_R 1 1.582e+02 5.444e+02)
|                ( - -2.390e+04 13 0 QUESTION2 -1 1.611e+02 1.220e+02)))
|        ( QUESTION2 -1 -7.971e+04 2.092e+02 4.070e+02
|            ( - -3.448e+04 13 0 WDBNDRY_B 0 1.454e+02 1.781e+02)
|            ( WDBNDRY_B 0 -4.502e+04 1.859e+02 2.289e+02
|                ( - -3.116e+04 8 0 QUESTION0_0_R 1 1.174e+02 1.579e+02)
|                ( - -1.367e+04 3 0)))))
s>    ( SILENCE -1 -2.410e+05 7.709e+02 1.223e+03
s>        ( QUESTION0_0_R 1 -2.657e+04 4.114e+02 1.372e+02
s>            ( - -1.757e+04 1 0)
s>            ( - -8.585e+03 2 0))
s>        ( QUESTION2_2_L -1 -2.136e+05 3.745e+02 1.086e+03
s>            ( WDBNDRY_E 0 -1.335e+05 2.322e+02 6.785e+02
s>                ( - -2.278e+03 1 0)
s>                ( QUESTION8 -1 -1.310e+05 1.976e+02 6.665e+02
s>                    ( - -1.069e+05 19 0 QUESTION0_0_R 1 1.582e+02 5.444e+02)
s>                    ( - -2.390e+04 13 0 QUESTION2 -1 1.611e+02 1.220e+02)))
s>            ( QUESTION2 -1 -7.971e+04 2.092e+02 4.070e+02
s>                ( - -3.448e+04 13 0 WDBNDRY_B 0 1.454e+02 1.781e+02)
s>                ( WDBNDRY_B 0 -4.502e+04 1.859e+02 2.289e+02
s>                    ( - -3.116e+04 8 0 QUESTION0_0_R 1 1.174e+02 1.579e+02)
s>                    ( - -1.367e+04 3 0)))))INFO: dtree.c(1315): Comp split 5
INFO: dtree.c(1478): Final simple tree
|( QUESTION2_2_L -1 -2.136e+05 3.745e+02 1.086e+03
|    ( WDBNDRY_E 0 -1.335e+05 2.322e+02 6.785e+02
|        ( - -2.278e+03 1 0)
|        ( QUESTION8 -1 -1.310e+05 1.976e+02 6.665e+02
|            ( QUESTION0_0_R 1 -1.069e+05 1.582e+02 5.444e+02
|                ( - -2.755e+04 4 0 WDBNDRY_B 0 1.614e+02 1.398e+02)
|                ( - -7.923e+04 15 0 QUESTION2_3_L -1 1.526e+02 4.047e+02))
|            ( QUESTION2 -1 -2.390e+04 1.611e+02 1.220e+02
|                ( - -1.741e+04 7 0 QUESTION0_0_R 1 1.284e+02 8.904e+01)
|                ( - -6.321e+03 6 0 WDBNDRY_B 0 1.319e+02 3.300e+01))))
|    ( QUESTION2 -1 -7.971e+04 2.092e+02 4.070e+02
|        ( - -3.448e+04 13 0 WDBNDRY_B 0 1.454e+02 1.781e+02)
|        ( WDBNDRY_B 0 -4.502e+04 1.859e+02 2.289e+02
|            ( - -3.116e+04 8 0 QUESTION0_0_R 1 1.174e+02 1.579e+02)
|            ( - -1.367e+04 3 0))))
s>    ( QUESTION2_2_L -1 -2.136e+05 3.745e+02 1.086e+03
s>        ( WDBNDRY_E 0 -1.335e+05 2.322e+02 6.785e+02
s>            ( - -2.278e+03 1 0)
s>            ( QUESTION8 -1 -1.310e+05 1.976e+02 6.665e+02
s>                ( QUESTION0_0_R 1 -1.069e+05 1.582e+02 5.444e+02
s>                    ( - -2.755e+04 4 0 WDBNDRY_B 0 1.614e+02 1.398e+02)
s>                    ( - -7.923e+04 15 0 QUESTION2_3_L -1 1.526e+02 4.047e+02))
s>                ( QUESTION2 -1 -2.390e+04 1.611e+02 1.220e+02
s>                    ( - -1.741e+04 7 0 QUESTION0_0_R 1 1.284e+02 8.904e+01)
s>                    ( - -6.321e+03 6 0 WDBNDRY_B 0 1.319e+02 3.300e+01))))
s>        ( QUESTION2 -1 -7.971e+04 2.092e+02 4.070e+02
s>            ( - -3.448e+04 13 0 WDBNDRY_B 0 1.454e+02 1.781e+02)
s>            ( WDBNDRY_B 0 -4.502e+04 1.859e+02 2.289e+02
s>                ( - -3.116e+04 8 0 QUESTION0_0_R 1 1.174e+02 1.579e+02)
s>                ( - -1.367e+04 3 0))))INFO: dtree.c(1439): stop. leaf nodes are specific
INFO: dtree.c(1478): Final simple tree
|( QUESTION0_0_R 1 -2.657e+04 4.114e+02 1.372e+02
|    ( - -1.757e+04 1 0)
|    ( - -8.585e+03 2 0))
s>    ( QUESTION0_0_R 1 -2.657e+04 4.114e+02 1.372e+02
s>        ( - -1.757e+04 1 0)
s>        ( - -8.585e+03 2 0))INFO: dtree.c(1315): Comp split 6
INFO: dtree.c(1478): Final simple tree
|( QUESTION14 -1 -2.867e+05 3.777e+02 1.450e+03
|    ( QUESTION7 1 -9.735e+04 2.233e+02 4.923e+02
|        ( QUESTION17 -1 -2.726e+04 1.989e+02 1.375e+02
|            ( - -1.626e+04 2 0 QUESTION0_1_R 1 1.420e+02 8.220e+01)
|            ( - -1.080e+04 4 0 QUESTION0_11_R 1 1.691e+02 5.529e+01))
|        ( - -6.987e+04 15 0 WDBNDRY_B 0 1.550e+02 3.548e+02))
|    ( QUESTION2_16_L -1 -1.890e+05 3.437e+02 9.574e+02
|        ( QUESTION0_1_R 1 -9.395e+04 2.304e+02 4.731e+02
|            ( - -3.041e+04 3 0 WDBNDRY_B 0 1.365e+02 1.529e+02)
|            ( - -6.331e+04 11 0 WDBNDRY_I 0 1.763e+02 3.202e+02))
|        ( QUESTION0 -1 -9.466e+04 2.564e+02 4.843e+02
|            ( - -5.370e+04 2 0)
|            ( QUESTION0_0_R 1 -4.070e+04 2.037e+02 2.095e+02
|                ( - -2.940e+04 2 0)
|                ( - -1.110e+04 6 0)))))
s>    ( QUESTION14 -1 -2.867e+05 3.777e+02 1.450e+03
s>        ( QUESTION7 1 -9.735e+04 2.233e+02 4.923e+02
s>            ( QUESTION17 -1 -2.726e+04 1.989e+02 1.375e+02
s>                ( - -1.626e+04 2 0 QUESTION0_1_R 1 1.420e+02 8.220e+01)
s>                ( - -1.080e+04 4 0 QUESTION0_11_R 1 1.691e+02 5.529e+01))
s>            ( - -6.987e+04 15 0 WDBNDRY_B 0 1.550e+02 3.548e+02))
s>        ( QUESTION2_16_L -1 -1.890e+05 3.437e+02 9.574e+02
s>            ( QUESTION0_1_R 1 -9.395e+04 2.304e+02 4.731e+02
s>                ( - -3.041e+04 3 0 WDBNDRY_B 0 1.365e+02 1.529e+02)
s>                ( - -6.331e+04 11 0 WDBNDRY_I 0 1.763e+02 3.202e+02))
s>            ( QUESTION0 -1 -9.466e+04 2.564e+02 4.843e+02
s>                ( - -5.370e+04 2 0)
s>                ( QUESTION0_0_R 1 -4.070e+04 2.037e+02 2.095e+02
s>                    ( - -2.940e+04 2 0)
s>                    ( - -1.110e+04 6 0)))))INFO: dtree.c(1315): Comp split 7
INFO: dtree.c(1439): stop. leaf nodes are specific
INFO: dtree.c(1478): Final simple tree
|( QUESTION0_1_R 1 -5.175e+04 1.732e+02 2.592e+02
|    ( WDBNDRY_B 0 -8.674e+03 1.672e+02 4.340e+01
|        ( - -1.196e+03 1 0)
|        ( - -7.311e+03 3 0))
|    ( WDBNDRY_B 0 -4.290e+04 1.497e+02 2.158e+02
|        ( - -8.337e+02 1 0)
|        ( QUESTION0_0_R 1 -4.192e+04 1.115e+02 2.108e+02
|            ( - -6.720e+02 1 0)
|            ( - -4.114e+04 11 0))))
s>    ( QUESTION0_1_R 1 -5.175e+04 1.732e+02 2.592e+02
s>        ( WDBNDRY_B 0 -8.674e+03 1.672e+02 4.340e+01
s>            ( - -1.196e+03 1 0)
s>            ( - -7.311e+03 3 0))
s>        ( WDBNDRY_B 0 -4.290e+04 1.497e+02 2.158e+02
s>            ( - -8.337e+02 1 0)
s>            ( QUESTION0_0_R 1 -4.192e+04 1.115e+02 2.108e+02
s>                ( - -6.720e+02 1 0)
s>                ( - -4.114e+04 11 0))))INFO: dtree.c(1439): stop. leaf nodes are specific
INFO: dtree.c(1478): Final simple tree
|( QUESTION0 -1 -1.948e+05 2.409e+02 9.930e+02
|    ( - -1.765e+05 10 0)
|    ( QUESTION0_0_R 1 -1.814e+04 1.082e+02 9.108e+01
|        ( - -5.440e+03 1 0)
|        ( - -1.259e+04 2 0)))
s>    ( QUESTION0 -1 -1.948e+05 2.409e+02 9.930e+02
s>        ( - -1.765e+05 10 0)
s>        ( QUESTION0_0_R 1 -1.814e+04 1.082e+02 9.108e+01
s>            ( - -5.440e+03 1 0)
s>            ( - -1.259e+04 2 0)))INFO: dtree.c(1315): Comp split 8
INFO: dtree.c(1439): stop. leaf nodes are specific
INFO: dtree.c(1478): Final simple tree
|( QUESTION2 1 -1.248e+05 3.756e+02 6.355e+02
|    ( - -7.199e+03 1 0)
|    ( QUESTION0_0_R 1 -1.172e+05 2.148e+02 5.975e+02
|        ( WDBNDRY_B 0 -8.824e+03 1.538e+02 4.403e+01
|            ( - -1.723e+03 1 0)
|            ( QUESTION0_3_R 1 -6.948e+03 1.528e+02 3.503e+01
|                ( - -6.656e+02 1 0)
|                ( QUESTION0_1_R 1 -6.129e+03 8.226e+01 3.103e+01
|                    ( - -5.343e+03 3 0)
|                    ( - -7.039e+02 1 0))))
|        ( - -1.082e+05 12 0)))
s>    ( QUESTION2 1 -1.248e+05 3.756e+02 6.355e+02
s>        ( - -7.199e+03 1 0)
s>        ( QUESTION0_0_R 1 -1.172e+05 2.148e+02 5.975e+02
s>            ( WDBNDRY_B 0 -8.824e+03 1.538e+02 4.403e+01
s>                ( - -1.723e+03 1 0)
s>                ( QUESTION0_3_R 1 -6.948e+03 1.528e+02 3.503e+01
s>                    ( - -6.656e+02 1 0)
s>                    ( QUESTION0_1_R 1 -6.129e+03 8.226e+01 3.103e+01
s>                        ( - -5.343e+03 3 0)
s>                        ( - -7.039e+02 1 0))))
s>            ( - -1.082e+05 12 0)))INFO: dtree.c(1439): stop. leaf nodes are specific
INFO: dtree.c(1478): Final simple tree
|( WDBNDRY_E 0 -1.957e+05 2.657e+02 1.008e+03
|    ( - -1.739e+04 2 0)
|    ( WDBNDRY_B 0 -1.780e+05 2.201e+02 9.150e+02
|        ( - -6.133e+04 3 0)
|        ( - -1.165e+05 15 0)))
s>    ( WDBNDRY_E 0 -1.957e+05 2.657e+02 1.008e+03
s>        ( - -1.739e+04 2 0)
s>        ( WDBNDRY_B 0 -1.780e+05 2.201e+02 9.150e+02
s>            ( - -6.133e+04 3 0)
s>            ( - -1.165e+05 15 0)))INFO: dtree.c(1315): Comp split 9
INFO: dtree.c(1478): Final simple tree
|( QUESTION2_18_L -1 -1.227e+05 2.288e+02 6.210e+02
|    ( QUESTION7 1 -8.935e+04 2.077e+02 4.541e+02
|        ( QUESTION0_11_R 1 -1.080e+04 1.691e+02 5.529e+01
|            ( - -3.139e+02 1 0)
|            ( - -1.032e+04 3 0 WDBNDRY_B 0 1.231e+02 5.329e+01))
|        ( WDBNDRY_B 0 -7.834e+04 1.493e+02 3.988e+02
|            ( QUESTION14 -1 -7.380e+04 1.430e+02 3.758e+02
|                ( QUESTION17 -1 -6.256e+04 1.575e+02 3.178e+02
|                    ( - -3.095e+04 5 0)
|                    ( - -3.145e+04 5 0))
|                ( - -1.110e+04 6 0))
|            ( QUESTION0_0_R 1 -4.395e+03 1.356e+02 2.300e+01
|                ( - -8.099e+02 1 0)
|                ( - -3.450e+03 3 0))))
|    ( - -3.316e+04 4 0 QUESTION0_0_R 1 1.319e+02 1.669e+02))
s>    ( QUESTION2_18_L -1 -1.227e+05 2.288e+02 6.210e+02
s>        ( QUESTION7 1 -8.935e+04 2.077e+02 4.541e+02
s>            ( QUESTION0_11_R 1 -1.080e+04 1.691e+02 5.529e+01
s>                ( - -3.139e+02 1 0)
s>                ( - -1.032e+04 3 0 WDBNDRY_B 0 1.231e+02 5.329e+01))
s>            ( WDBNDRY_B 0 -7.834e+04 1.493e+02 3.988e+02
s>                ( QUESTION14 -1 -7.380e+04 1.430e+02 3.758e+02
s>                    ( QUESTION17 -1 -6.256e+04 1.575e+02 3.178e+02
s>                        ( - -3.095e+04 5 0)
s>                        ( - -3.145e+04 5 0))
s>                    ( - -1.110e+04 6 0))
s>                ( QUESTION0_0_R 1 -4.395e+03 1.356e+02 2.300e+01
s>                    ( - -8.099e+02 1 0)
s>                    ( - -3.450e+03 3 0))))
s>        ( - -3.316e+04 4 0 QUESTION0_0_R 1 1.319e+02 1.669e+02))INFO: dtree.c(1478): Final simple tree
|( QUESTION2_16_L -1 -1.635e+05 3.100e+02 8.287e+02
|    ( WDBNDRY_I 0 -6.331e+04 1.763e+02 3.202e+02
|        ( - -1.270e+04 4 0 QUESTION0_0_R 1 1.087e+02 6.581e+01)
|        ( QUESTION0_0_R 1 -5.043e+04 1.619e+02 2.544e+02
|            ( WDBNDRY_B 0 -2.653e+03 1.133e+02 1.403e+01
|                ( - -1.658e+03 1 0)
|                ( - -8.820e+02 1 0))
|            ( - -4.762e+04 5 0)))
|    ( QUESTION20 -1 -9.985e+04 2.622e+02 5.085e+02
|        ( - -2.940e+04 2 0)
|        ( QUESTION0 -1 -7.019e+04 2.231e+02 3.570e+02
|            ( - -5.370e+04 2 0)
|            ( QUESTION0_1_R 1 -1.626e+04 1.420e+02 8.220e+01
|                ( - -1.542e+04 1 0)
|                ( - -6.983e+02 1 0)))))
s>    ( QUESTION2_16_L -1 -1.635e+05 3.100e+02 8.287e+02
s>        ( WDBNDRY_I 0 -6.331e+04 1.763e+02 3.202e+02
s>            ( - -1.270e+04 4 0 QUESTION0_0_R 1 1.087e+02 6.581e+01)
s>            ( QUESTION0_0_R 1 -5.043e+04 1.619e+02 2.544e+02
s>                ( WDBNDRY_B 0 -2.653e+03 1.133e+02 1.403e+01
s>                    ( - -1.658e+03 1 0)
s>                    ( - -8.820e+02 1 0))
s>                ( - -4.762e+04 5 0)))
s>        ( QUESTION20 -1 -9.985e+04 2.622e+02 5.085e+02
s>            ( - -2.940e+04 2 0)
s>            ( QUESTION0 -1 -7.019e+04 2.231e+02 3.570e+02
s>                ( - -5.370e+04 2 0)
s>                ( QUESTION0_1_R 1 -1.626e+04 1.420e+02 8.220e+01
s>                    ( - -1.542e+04 1 0)
s>                    ( - -6.983e+02 1 0)))))INFO: dtree.c(1315): Comp split 10
INFO: dtree.c(1439): stop. leaf nodes are specific
INFO: dtree.c(1478): Final simple tree
|( QUESTION0_1_R 1 -7.992e+03 1.273e+02 4.199e+01
|    ( - -7.199e+03 1 0)
|    ( - -6.656e+02 1 0))
s>    ( QUESTION0_1_R 1 -7.992e+03 1.273e+02 4.199e+01
s>        ( - -7.199e+03 1 0)
s>        ( - -6.656e+02 1 0))INFO: dtree.c(1439): stop. leaf nodes are specific
INFO: dtree.c(1478): Final simple tree
|( QUESTION0_0_R 1 -1.164e+05 2.065e+02 5.935e+02
|    ( WDBNDRY_B 0 -8.004e+03 1.515e+02 4.003e+01
|        ( - -1.723e+03 1 0)
|        ( QUESTION0_1_R 1 -6.129e+03 8.226e+01 3.103e+01
|            ( - -5.343e+03 3 0)
|            ( - -7.039e+02 1 0)))
|    ( - -1.082e+05 12 0))
s>    ( QUESTION0_0_R 1 -1.164e+05 2.065e+02 5.935e+02
s>        ( WDBNDRY_B 0 -8.004e+03 1.515e+02 4.003e+01
s>            ( - -1.723e+03 1 0)
s>            ( QUESTION0_1_R 1 -6.129e+03 8.226e+01 3.103e+01
s>                ( - -5.343e+03 3 0)
s>                ( - -7.039e+02 1 0)))
s>        ( - -1.082e+05 12 0))INFO: dtree.c(1315): Comp split 11
INFO: dtree.c(1315): Comp split 12
INFO: dtree.c(1478): Final simple tree
|( QUESTION8 -1 -1.310e+05 1.976e+02 6.665e+02
|    ( QUESTION0_0_R 1 -1.069e+05 1.582e+02 5.444e+02
|        ( WDBNDRY_B 0 -2.755e+04 1.614e+02 1.398e+02
|            ( - -1.409e+04 2 0)
|            ( - -1.329e+04 2 0))
|        ( QUESTION2_3_L -1 -7.923e+04 1.526e+02 4.047e+02
|            ( WDBNDRY_B 0 -7.473e+04 1.527e+02 3.817e+02
|                ( - -2.829e+04 6 0)
|                ( - -4.629e+04 8 0))
|            ( - -4.340e+03 1 0)))
|    ( QUESTION2 -1 -2.390e+04 1.611e+02 1.220e+02
|        ( - -1.741e+04 7 0 QUESTION0_0_R 1 1.284e+02 8.904e+01)
|        ( WDBNDRY_B 0 -6.321e+03 1.319e+02 3.300e+01
|            ( - -5.170e+03 5 0 QUESTION11 -1 1.176e+02 2.700e+01)
|            ( - -1.018e+03 1 0))))
s>    ( QUESTION8 -1 -1.310e+05 1.976e+02 6.665e+02
s>        ( QUESTION0_0_R 1 -1.069e+05 1.582e+02 5.444e+02
s>            ( WDBNDRY_B 0 -2.755e+04 1.614e+02 1.398e+02
s>                ( - -1.409e+04 2 0)
s>                ( - -1.329e+04 2 0))
s>            ( QUESTION2_3_L -1 -7.923e+04 1.526e+02 4.047e+02
s>                ( WDBNDRY_B 0 -7.473e+04 1.527e+02 3.817e+02
s>                    ( - -2.829e+04 6 0)
s>                    ( - -4.629e+04 8 0))
s>                ( - -4.340e+03 1 0)))
s>        ( QUESTION2 -1 -2.390e+04 1.611e+02 1.220e+02
s>            ( - -1.741e+04 7 0 QUESTION0_0_R 1 1.284e+02 8.904e+01)
s>            ( WDBNDRY_B 0 -6.321e+03 1.319e+02 3.300e+01
s>                ( - -5.170e+03 5 0 QUESTION11 -1 1.176e+02 2.700e+01)
s>                ( - -1.018e+03 1 0))))INFO: dtree.c(1439): stop. leaf nodes are specific
INFO: dtree.c(1478): Final simple tree
|( WDBNDRY_E 0 -8.221e+04 2.279e+02 4.190e+02
|    ( - -2.278e+03 1 0)
|    ( QUESTION2 -1 -7.971e+04 2.092e+02 4.070e+02
|        ( WDBNDRY_B 0 -3.448e+04 1.454e+02 1.781e+02
|            ( QUESTION0_0_R 1 -2.863e+04 1.268e+02 1.474e+02
|                ( - -1.118e+04 4 0)
|                ( - -1.732e+04 7 0))
|            ( - -5.706e+03 2 0))
|        ( WDBNDRY_B 0 -4.502e+04 1.859e+02 2.289e+02
|            ( QUESTION0_0_R 1 -3.116e+04 1.174e+02 1.579e+02
|                ( - -6.806e+02 1 0)
|                ( - -3.036e+04 7 0))
|            ( - -1.367e+04 3 0))))
s>    ( WDBNDRY_E 0 -8.221e+04 2.279e+02 4.190e+02
s>        ( - -2.278e+03 1 0)
s>        ( QUESTION2 -1 -7.971e+04 2.092e+02 4.070e+02
s>            ( WDBNDRY_B 0 -3.448e+04 1.454e+02 1.781e+02
s>                ( QUESTION0_0_R 1 -2.863e+04 1.268e+02 1.474e+02
s>                    ( - -1.118e+04 4 0)
s>                    ( - -1.732e+04 7 0))
s>                ( - -5.706e+03 2 0))
s>            ( WDBNDRY_B 0 -4.502e+04 1.859e+02 2.289e+02
s>                ( QUESTION0_0_R 1 -3.116e+04 1.174e+02 1.579e+02
s>                    ( - -6.806e+02 1 0)
s>                    ( - -3.036e+04 7 0))
s>                ( - -1.367e+04 3 0))))INFO: dtree.c(1315): Comp split 13
INFO: dtree.c(1439): stop. leaf nodes are specific
INFO: dtree.c(1478): Final simple tree
|( WDBNDRY_I 0 -7.977e+04 2.042e+02 4.024e+02
|    ( QUESTION0_0_R 1 -1.270e+04 1.087e+02 6.581e+01
|        ( - -8.848e+02 1 0)
|        ( - -1.171e+04 3 0))
|    ( QUESTION0_2_R 1 -6.686e+04 1.916e+02 3.366e+02
|        ( WDBNDRY_B 0 -3.465e+03 1.144e+02 1.803e+01
|            ( QUESTION0_4_R 1 -2.468e+03 1.120e+02 1.303e+01
|                ( - -1.658e+03 1 0)
|                ( - -6.983e+02 1 0))
|            ( - -8.820e+02 1 0))
|        ( QUESTION0_0_R 1 -6.321e+04 1.683e+02 3.186e+02
|            ( - -1.542e+04 1 0)
|            ( - -4.762e+04 5 0))))
s>    ( WDBNDRY_I 0 -7.977e+04 2.042e+02 4.024e+02
s>        ( QUESTION0_0_R 1 -1.270e+04 1.087e+02 6.581e+01
s>            ( - -8.848e+02 1 0)
s>            ( - -1.171e+04 3 0))
s>        ( QUESTION0_2_R 1 -6.686e+04 1.916e+02 3.366e+02
s>            ( WDBNDRY_B 0 -3.465e+03 1.144e+02 1.803e+01
s>                ( QUESTION0_4_R 1 -2.468e+03 1.120e+02 1.303e+01
s>                    ( - -1.658e+03 1 0)
s>                    ( - -6.983e+02 1 0))
s>                ( - -8.820e+02 1 0))
s>            ( QUESTION0_0_R 1 -6.321e+04 1.683e+02 3.186e+02
s>                ( - -1.542e+04 1 0)
s>                ( - -4.762e+04 5 0))))INFO: dtree.c(1439): stop. leaf nodes are specific
INFO: dtree.c(1478): Final simple tree
|( QUESTION0 -1 -8.337e+04 2.646e+02 4.263e+02
|    ( - -5.370e+04 2 0)
|    ( - -2.940e+04 2 0))
s>    ( QUESTION0 -1 -8.337e+04 2.646e+02 4.263e+02
s>        ( - -5.370e+04 2 0)
s>        ( - -2.940e+04 2 0))INFO: dtree.c(1315): Comp split 14
INFO: dtree.c(1439): stop. leaf nodes are specific
INFO: dtree.c(1478): Final simple tree
|( WDBNDRY_B 0 -9.886e+03 2.005e+02 5.329e+01
|    ( - -9.412e+03 1 0)
|    ( - -2.739e+02 1 0))
s>    ( WDBNDRY_B 0 -9.886e+03 2.005e+02 5.329e+01
s>        ( - -9.412e+03 1 0)
s>        ( - -2.739e+02 1 0))INFO: dtree.c(1315): Comp split 15
INFO: dtree.c(1439): stop. leaf nodes are specific
INFO: dtree.c(1478): Final simple tree
|( QUESTION14 -1 -2.510e+04 1.229e+02 1.293e+02
|    ( QUESTION0_2_R 1 -1.388e+04 1.115e+02 7.129e+01
|        ( WDBNDRY_B 0 -2.180e+03 1.504e+02 1.200e+01
|            ( - -1.012e+03 1 0)
|            ( - -1.017e+03 1 0))
|        ( WDBNDRY_B 0 -1.159e+04 9.462e+01 5.929e+01
|            ( - -8.041e+03 1 0)
|            ( - -3.450e+03 3 0)))
|    ( - -1.110e+04 6 0))
s>    ( QUESTION14 -1 -2.510e+04 1.229e+02 1.293e+02
s>        ( QUESTION0_2_R 1 -1.388e+04 1.115e+02 7.129e+01
s>            ( WDBNDRY_B 0 -2.180e+03 1.504e+02 1.200e+01
s>                ( - -1.012e+03 1 0)
s>                ( - -1.017e+03 1 0))
s>            ( WDBNDRY_B 0 -1.159e+04 9.462e+01 5.929e+01
s>                ( - -8.041e+03 1 0)
s>                ( - -3.450e+03 3 0)))
s>        ( - -1.110e+04 6 0))INFO: dtree.c(1478): Final simple tree
|( QUESTION0_0_R 1 -9.737e+04 2.240e+02 4.917e+02
|    ( QUESTION0_1_R 1 -3.183e+04 1.612e+02 1.599e+02
|        ( QUESTION0 -1 -3.135e+04 1.333e+02 1.579e+02
|            ( WDBNDRY_B 0 -3.041e+04 1.365e+02 1.529e+02
|                ( QUESTION2 1 -2.977e+04 1.298e+02 1.499e+02
|                    ( - -1.051e+03 1 0)
|                    ( - -2.859e+04 1 0))
|                ( - -5.011e+02 1 0))
|            ( - -8.099e+02 1 0))
|        ( - -3.139e+02 1 0))
|    ( QUESTION17 -1 -6.532e+04 1.503e+02 3.318e+02
|        ( - -3.095e+04 5 0)
|        ( WDBNDRY_B 0 -3.422e+04 1.456e+02 1.750e+02
|            ( - -3.145e+04 5 0)
|            ( - -2.626e+03 1 0))))
s>    ( QUESTION0_0_R 1 -9.737e+04 2.240e+02 4.917e+02
s>        ( QUESTION0_1_R 1 -3.183e+04 1.612e+02 1.599e+02
s>            ( QUESTION0 -1 -3.135e+04 1.333e+02 1.579e+02
s>                ( WDBNDRY_B 0 -3.041e+04 1.365e+02 1.529e+02
s>                    ( QUESTION2 1 -2.977e+04 1.298e+02 1.499e+02
s>                        ( - -1.051e+03 1 0)
s>                        ( - -2.859e+04 1 0))
s>                    ( - -5.011e+02 1 0))
s>                ( - -8.099e+02 1 0))
s>            ( - -3.139e+02 1 0))
s>        ( QUESTION17 -1 -6.532e+04 1.503e+02 3.318e+02
s>            ( - -3.095e+04 5 0)
s>            ( WDBNDRY_B 0 -3.422e+04 1.456e+02 1.750e+02
s>                ( - -3.145e+04 5 0)
s>                ( - -2.626e+03 1 0))))INFO: dtree.c(1315): Comp split 16
INFO: dtree.c(1439): stop. leaf nodes are specific
INFO: dtree.c(1478): Final simple tree
|( WDBNDRY_B 0 -1.780e+05 2.201e+02 9.150e+02
|    ( - -6.133e+04 3 0)
|    ( - -1.165e+05 15 0))
s>    ( WDBNDRY_B 0 -1.780e+05 2.201e+02 9.150e+02
s>        ( - -6.133e+04 3 0)
s>        ( - -1.165e+05 15 0))INFO: dtree.c(1315): Comp split 17
INFO: dtree.c(1315): Comp split 18
INFO: dtree.c(1315): Comp split 19
INFO: dtree.c(1439): stop. leaf nodes are specific
INFO: dtree.c(1478): Final simple tree
|( QUESTION0_0_R 1 -1.814e+04 1.082e+02 9.108e+01
|    ( - -5.440e+03 1 0)
|    ( - -1.259e+04 2 0))
s>    ( QUESTION0_0_R 1 -1.814e+04 1.082e+02 9.108e+01
s>        ( - -5.440e+03 1 0)
s>        ( - -1.259e+04 2 0))INFO: dtree.c(1315): Comp split 20
INFO: dtree.c(1439): stop. leaf nodes are specific
INFO: dtree.c(1478): Final simple tree
|( QUESTION0_2_R 1 -3.458e+04 1.605e+02 1.739e+02
|    ( - -3.139e+02 1 0)
|    ( QUESTION7 1 -3.411e+04 1.425e+02 1.719e+02
|        ( WDBNDRY_B 0 -2.923e+04 1.367e+02 1.469e+02
|            ( - -2.859e+04 1 0)
|            ( - -5.011e+02 1 0))
|        ( WDBNDRY_B 0 -4.738e+03 1.287e+02 2.497e+01
|            ( - -1.051e+03 1 0)
|            ( QUESTION0_0_R 1 -3.558e+03 1.221e+02 1.897e+01
|                ( - -8.099e+02 1 0)
|                ( - -2.626e+03 1 0)))))
s>    ( QUESTION0_2_R 1 -3.458e+04 1.605e+02 1.739e+02
s>        ( - -3.139e+02 1 0)
s>        ( QUESTION7 1 -3.411e+04 1.425e+02 1.719e+02
s>            ( WDBNDRY_B 0 -2.923e+04 1.367e+02 1.469e+02
s>                ( - -2.859e+04 1 0)
s>                ( - -5.011e+02 1 0))
s>            ( WDBNDRY_B 0 -4.738e+03 1.287e+02 2.497e+01
s>                ( - -1.051e+03 1 0)
s>                ( QUESTION0_0_R 1 -3.558e+03 1.221e+02 1.897e+01
s>                    ( - -8.099e+02 1 0)
s>                    ( - -2.626e+03 1 0)))))INFO: dtree.c(1439): stop. leaf nodes are specific
INFO: dtree.c(1478): Final simple tree
|( QUESTION17 -1 -6.256e+04 1.575e+02 3.178e+02
|    ( - -3.095e+04 5 0)
|    ( - -3.145e+04 5 0))
s>    ( QUESTION17 -1 -6.256e+04 1.575e+02 3.178e+02
s>        ( - -3.095e+04 5 0)
s>        ( - -3.145e+04 5 0))INFO: dtree.c(1315): Comp split 21
INFO: dtree.c(1439): stop. leaf nodes are specific
INFO: dtree.c(1478): Final simple tree
|( WDBNDRY_B 0 -9.881e+04 1.654e+02 5.027e+02
|    ( QUESTION2_6_L -1 -5.235e+04 1.638e+02 2.660e+02
|        ( - -4.340e+03 1 0)
|        ( QUESTION8 -1 -4.785e+04 1.559e+02 2.431e+02
|            ( QUESTION0_0_R 1 -4.252e+04 1.406e+02 2.161e+02
|                ( - -1.409e+04 2 0)
|                ( - -2.829e+04 6 0))
|            ( QUESTION11 -1 -5.170e+03 1.176e+02 2.700e+01
|                ( QUESTION0_0_R 1 -2.119e+03 1.056e+02 1.100e+01
|                    ( - -9.255e+02 1 0)
|                    ( - -1.088e+03 2 0))
|                ( - -2.934e+03 2 0))))
|    ( - -4.629e+04 8 0))
s>    ( WDBNDRY_B 0 -9.881e+04 1.654e+02 5.027e+02
s>        ( QUESTION2_6_L -1 -5.235e+04 1.638e+02 2.660e+02
s>            ( - -4.340e+03 1 0)
s>            ( QUESTION8 -1 -4.785e+04 1.559e+02 2.431e+02
s>                ( QUESTION0_0_R 1 -4.252e+04 1.406e+02 2.161e+02
s>                    ( - -1.409e+04 2 0)
s>                    ( - -2.829e+04 6 0))
s>                ( QUESTION11 -1 -5.170e+03 1.176e+02 2.700e+01
s>                    ( QUESTION0_0_R 1 -2.119e+03 1.056e+02 1.100e+01
s>                        ( - -9.255e+02 1 0)
s>                        ( - -1.088e+03 2 0))
s>                    ( - -2.934e+03 2 0))))
s>        ( - -4.629e+04 8 0))INFO: dtree.c(1439): stop. leaf nodes are specific
INFO: dtree.c(1478): Final simple tree
|( QUESTION0_0_R 1 -3.199e+04 1.456e+02 1.638e+02
|    ( QUESTION6 -1 -2.148e+04 1.114e+02 1.100e+02
|        ( - -3.160e+03 1 0)
|        ( WDBNDRY_B 0 -1.821e+04 9.318e+01 9.358e+01
|            ( - -4.828e+03 1 0)
|            ( - -1.329e+04 2 0)))
|    ( QUESTION6 -1 -1.036e+04 1.503e+02 5.386e+01
|        ( - -4.960e+03 2 0)
|        ( WDBNDRY_B 0 -5.245e+03 1.450e+02 2.800e+01
|            ( - -4.082e+03 3 0)
|            ( - -1.018e+03 1 0))))
s>    ( QUESTION0_0_R 1 -3.199e+04 1.456e+02 1.638e+02
s>        ( QUESTION6 -1 -2.148e+04 1.114e+02 1.100e+02
s>            ( - -3.160e+03 1 0)
s>            ( WDBNDRY_B 0 -1.821e+04 9.318e+01 9.358e+01
s>                ( - -4.828e+03 1 0)
s>                ( - -1.329e+04 2 0)))
s>        ( QUESTION6 -1 -1.036e+04 1.503e+02 5.386e+01
s>            ( - -4.960e+03 2 0)
s>            ( WDBNDRY_B 0 -5.245e+03 1.450e+02 2.800e+01
s>                ( - -4.082e+03 3 0)
s>                ( - -1.018e+03 1 0))))INFO: dtree.c(1315): Comp split 22
INFO: dtree.c(1439): stop. leaf nodes are specific
INFO: dtree.c(1478): Final simple tree
|( QUESTION2 -1 -7.971e+04 2.092e+02 4.070e+02
|    ( WDBNDRY_B 0 -3.448e+04 1.454e+02 1.781e+02
|        ( QUESTION0_0_R 1 -2.863e+04 1.268e+02 1.474e+02
|            ( - -1.118e+04 4 0)
|            ( - -1.732e+04 7 0))
|        ( - -5.706e+03 2 0))
|    ( WDBNDRY_B 0 -4.502e+04 1.859e+02 2.289e+02
|        ( QUESTION0_0_R 1 -3.116e+04 1.174e+02 1.579e+02
|            ( - -6.806e+02 1 0)
|            ( - -3.036e+04 7 0))
|        ( - -1.367e+04 3 0)))
s>    ( QUESTION2 -1 -7.971e+04 2.092e+02 4.070e+02
s>        ( WDBNDRY_B 0 -3.448e+04 1.454e+02 1.781e+02
s>            ( QUESTION0_0_R 1 -2.863e+04 1.268e+02 1.474e+02
s>                ( - -1.118e+04 4 0)
s>                ( - -1.732e+04 7 0))
s>            ( - -5.706e+03 2 0))
s>        ( WDBNDRY_B 0 -4.502e+04 1.859e+02 2.289e+02
s>            ( QUESTION0_0_R 1 -3.116e+04 1.174e+02 1.579e+02
s>                ( - -6.806e+02 1 0)
s>                ( - -3.036e+04 7 0))
s>            ( - -1.367e+04 3 0)))INFO: dtree.c(1315): Comp split 23
INFO: dtree.c(1315): Comp split 24
INFO: dtree.c(1439): stop. leaf nodes are specific
INFO: dtree.c(1478): Final simple tree
|( QUESTION0_0_R 1 -3.116e+04 1.174e+02 1.579e+02
|    ( - -6.806e+02 1 0)
|    ( - -3.036e+04 7 0))
s>    ( QUESTION0_0_R 1 -3.116e+04 1.174e+02 1.579e+02
s>        ( - -6.806e+02 1 0)
s>        ( - -3.036e+04 7 0))INFO: dtree.c(1439): stop. leaf nodes are specific
INFO: dtree.c(1478): Final simple tree
|( QUESTION2 -1 -4.833e+04 1.796e+02 2.491e+02
|    ( WDBNDRY_B 0 -3.448e+04 1.454e+02 1.781e+02
|        ( QUESTION0_0_R 1 -2.863e+04 1.268e+02 1.474e+02
|            ( - -1.118e+04 4 0)
|            ( - -1.732e+04 7 0))
|        ( - -5.706e+03 2 0))
|    ( - -1.367e+04 3 0))
s>    ( QUESTION2 -1 -4.833e+04 1.796e+02 2.491e+02
s>        ( WDBNDRY_B 0 -3.448e+04 1.454e+02 1.781e+02
s>            ( QUESTION0_0_R 1 -2.863e+04 1.268e+02 1.474e+02
s>                ( - -1.118e+04 4 0)
s>                ( - -1.732e+04 7 0))
s>            ( - -5.706e+03 2 0))
s>        ( - -1.367e+04 3 0))INFO: dtree.c(1315): Comp split 25
INFO: dtree.c(1439): stop. leaf nodes are specific
INFO: dtree.c(1478): Final simple tree
|( WDBNDRY_B 0 -8.004e+03 1.515e+02 4.003e+01
|    ( - -1.723e+03 1 0)
|    ( QUESTION0_1_R 1 -6.129e+03 8.226e+01 3.103e+01
|        ( - -5.343e+03 3 0)
|        ( - -7.039e+02 1 0)))
s>    ( WDBNDRY_B 0 -8.004e+03 1.515e+02 4.003e+01
s>        ( - -1.723e+03 1 0)
s>        ( QUESTION0_1_R 1 -6.129e+03 8.226e+01 3.103e+01
s>            ( - -5.343e+03 3 0)
s>            ( - -7.039e+02 1 0)))INFO: dtree.c(1315): Comp split 26
INFO: dtree.c(1439): stop. leaf nodes are specific
INFO: dtree.c(1478): Final simple tree
|( QUESTION0_1_R 1 -1.806e+04 1.716e+02 9.123e+01
|    ( - -1.542e+04 1 0)
|    ( QUESTION0_4_R 1 -2.468e+03 1.120e+02 1.303e+01
|        ( - -1.658e+03 1 0)
|        ( - -6.983e+02 1 0)))
s>    ( QUESTION0_1_R 1 -1.806e+04 1.716e+02 9.123e+01
s>        ( - -1.542e+04 1 0)
s>        ( QUESTION0_4_R 1 -2.468e+03 1.120e+02 1.303e+01
s>            ( - -1.658e+03 1 0)
s>            ( - -6.983e+02 1 0)))INFO: dtree.c(1439): stop. leaf nodes are specific
INFO: dtree.c(1478): Final simple tree
|( WDBNDRY_I 0 -6.151e+04 1.723e+02 3.112e+02
|    ( QUESTION0_0_R 1 -1.270e+04 1.087e+02 6.581e+01
|        ( - -8.848e+02 1 0)
|        ( - -1.171e+04 3 0))
|    ( WDBNDRY_B 0 -4.863e+04 1.295e+02 2.454e+02
|        ( - -4.762e+04 5 0)
|        ( - -8.820e+02 1 0)))
s>    ( WDBNDRY_I 0 -6.151e+04 1.723e+02 3.112e+02
s>        ( QUESTION0_0_R 1 -1.270e+04 1.087e+02 6.581e+01
s>            ( - -8.848e+02 1 0)
s>            ( - -1.171e+04 3 0))
s>        ( WDBNDRY_B 0 -4.863e+04 1.295e+02 2.454e+02
s>            ( - -4.762e+04 5 0)
s>            ( - -8.820e+02 1 0)))INFO: dtree.c(1315): Comp split 27
INFO: dtree.c(1439): stop. leaf nodes are specific
INFO: dtree.c(1478): Final simple tree
|( WDBNDRY_B 0 -4.327e+04 1.491e+02 2.178e+02
|    ( - -1.196e+03 1 0)
|    ( QUESTION0_0_R 1 -4.192e+04 1.115e+02 2.108e+02
|        ( - -6.720e+02 1 0)
|        ( - -4.114e+04 11 0)))
s>    ( WDBNDRY_B 0 -4.327e+04 1.491e+02 2.178e+02
s>        ( - -1.196e+03 1 0)
s>        ( QUESTION0_0_R 1 -4.192e+04 1.115e+02 2.108e+02
s>            ( - -6.720e+02 1 0)
s>            ( - -4.114e+04 11 0)))INFO: dtree.c(1439): stop. leaf nodes are specific
INFO: dtree.c(1478): Final simple tree
|( WDBNDRY_B 0 -8.282e+03 1.367e+02 4.140e+01
|    ( - -8.337e+02 1 0)
|    ( - -7.311e+03 3 0))
s>    ( WDBNDRY_B 0 -8.282e+03 1.367e+02 4.140e+01
s>        ( - -8.337e+02 1 0)
s>        ( - -7.311e+03 3 0))INFO: dtree.c(1315): Comp split 28
INFO: dtree.c(1315): Comp split 29
INFO: dtree.c(1439): stop. leaf nodes are specific
INFO: dtree.c(1478): Final simple tree
|( QUESTION8 -1 -4.785e+04 1.559e+02 2.431e+02
|    ( QUESTION0_0_R 1 -4.252e+04 1.406e+02 2.161e+02
|        ( - -1.409e+04 2 0)
|        ( - -2.829e+04 6 0))
|    ( QUESTION11 -1 -5.170e+03 1.176e+02 2.700e+01
|        ( QUESTION0_0_R 1 -2.119e+03 1.056e+02 1.100e+01
|            ( - -9.255e+02 1 0)
|            ( - -1.088e+03 2 0))
|        ( - -2.934e+03 2 0)))
s>    ( QUESTION8 -1 -4.785e+04 1.559e+02 2.431e+02
s>        ( QUESTION0_0_R 1 -4.252e+04 1.406e+02 2.161e+02
s>            ( - -1.409e+04 2 0)
s>            ( - -2.829e+04 6 0))
s>        ( QUESTION11 -1 -5.170e+03 1.176e+02 2.700e+01
s>            ( QUESTION0_0_R 1 -2.119e+03 1.056e+02 1.100e+01
s>                ( - -9.255e+02 1 0)
s>                ( - -1.088e+03 2 0))
s>            ( - -2.934e+03 2 0)))INFO: dtree.c(1439): stop. leaf nodes are specific
INFO: dtree.c(1478): Final simple tree
|( WDBNDRY_B 0 -5.077e+04 1.370e+02 2.596e+02
|    ( - -4.340e+03 1 0)
|    ( - -4.629e+04 8 0))
s>    ( WDBNDRY_B 0 -5.077e+04 1.370e+02 2.596e+02
s>        ( - -4.340e+03 1 0)
s>        ( - -4.629e+04 8 0))INFO: dtree.c(1315): Comp split 30
INFO: dtree.c(1439): stop. leaf nodes are specific
INFO: dtree.c(1478): Final simple tree
|( QUESTION9 -1 -2.772e+04 1.335e+02 1.418e+02
|    ( - -1.018e+03 1 0)
|    ( QUESTION6 -1 -2.657e+04 1.243e+02 1.358e+02
|        ( QUESTION0_0_R 1 -8.230e+03 1.102e+02 4.224e+01
|            ( - -3.160e+03 1 0)
|            ( - -4.960e+03 2 0))
|        ( WDBNDRY_B 0 -1.821e+04 9.318e+01 9.358e+01
|            ( - -4.828e+03 1 0)
|            ( - -1.329e+04 2 0))))
s>    ( QUESTION9 -1 -2.772e+04 1.335e+02 1.418e+02
s>        ( - -1.018e+03 1 0)
s>        ( QUESTION6 -1 -2.657e+04 1.243e+02 1.358e+02
s>            ( QUESTION0_0_R 1 -8.230e+03 1.102e+02 4.224e+01
s>                ( - -3.160e+03 1 0)
s>                ( - -4.960e+03 2 0))
s>            ( WDBNDRY_B 0 -1.821e+04 9.318e+01 9.358e+01
s>                ( - -4.828e+03 1 0)
s>                ( - -1.329e+04 2 0))))INFO: dtree.c(1315): Comp split 31
INFO: dtree.c(1439): stop. leaf nodes are specific
INFO: dtree.c(1478): Final simple tree
|( WDBNDRY_B 0 -3.448e+04 1.454e+02 1.781e+02
|    ( QUESTION0_0_R 1 -2.863e+04 1.268e+02 1.474e+02
|        ( - -1.118e+04 4 0)
|        ( - -1.732e+04 7 0))
|    ( - -5.706e+03 2 0))
s>    ( WDBNDRY_B 0 -3.448e+04 1.454e+02 1.781e+02
s>        ( QUESTION0_0_R 1 -2.863e+04 1.268e+02 1.474e+02
s>            ( - -1.118e+04 4 0)
s>            ( - -1.732e+04 7 0))
s>        ( - -5.706e+03 2 0))INFO: dtree.c(1315): Comp split 32
INFO: dtree.c(1439): stop. leaf nodes are specific
INFO: dtree.c(1478): Final simple tree
|( WDBNDRY_B 0 -4.863e+04 1.295e+02 2.454e+02
|    ( - -4.762e+04 5 0)
|    ( - -8.820e+02 1 0))
s>    ( WDBNDRY_B 0 -4.863e+04 1.295e+02 2.454e+02
s>        ( - -4.762e+04 5 0)
s>        ( - -8.820e+02 1 0))INFO: dtree.c(1439): stop. leaf nodes are specific
INFO: dtree.c(1478): Final simple tree
|( QUESTION0_0_R 1 -1.270e+04 1.087e+02 6.581e+01
|    ( - -8.848e+02 1 0)
|    ( - -1.171e+04 3 0))
s>    ( QUESTION0_0_R 1 -1.270e+04 1.087e+02 6.581e+01
s>        ( - -8.848e+02 1 0)
s>        ( - -1.171e+04 3 0))INFO: dtree.c(1315): Comp split 33
INFO: dtree.c(1439): stop. leaf nodes are specific
INFO: dtree.c(1478): Final simple tree
|( QUESTION0_4_R 1 -2.468e+03 1.120e+02 1.303e+01
|    ( - -1.658e+03 1 0)
|    ( - -6.983e+02 1 0))
s>    ( QUESTION0_4_R 1 -2.468e+03 1.120e+02 1.303e+01
s>        ( - -1.658e+03 1 0)
s>        ( - -6.983e+02 1 0))INFO: dtree.c(1315): Comp split 34
INFO: dtree.c(1439): stop. leaf nodes are specific
INFO: dtree.c(1478): Final simple tree
|( QUESTION0_0_R 1 -4.356e+04 1.427e+02 2.211e+02
|    ( QUESTION8 -1 -1.513e+04 1.069e+02 7.599e+01
|        ( - -1.409e+04 2 0)
|        ( - -9.255e+02 1 0))
|    ( - -2.829e+04 6 0))
s>    ( QUESTION0_0_R 1 -4.356e+04 1.427e+02 2.211e+02
s>        ( QUESTION8 -1 -1.513e+04 1.069e+02 7.599e+01
s>            ( - -1.409e+04 2 0)
s>            ( - -9.255e+02 1 0))
s>        ( - -2.829e+04 6 0))INFO: dtree.c(1439): stop. leaf nodes are specific
INFO: dtree.c(1478): Final simple tree
|( QUESTION11 -1 -4.131e+03 1.092e+02 2.200e+01
|    ( - -1.088e+03 2 0)
|    ( - -2.934e+03 2 0))
s>    ( QUESTION11 -1 -4.131e+03 1.092e+02 2.200e+01
s>        ( - -1.088e+03 2 0)
s>        ( - -2.934e+03 2 0))INFO: dtree.c(1315): Comp split 35
INFO: dtree.c(1439): stop. leaf nodes are specific
INFO: dtree.c(1478): Final simple tree
|( QUESTION7 1 -3.411e+04 1.425e+02 1.719e+02
|    ( WDBNDRY_B 0 -2.923e+04 1.367e+02 1.469e+02
|        ( - -2.859e+04 1 0)
|        ( - -5.011e+02 1 0))
|    ( WDBNDRY_B 0 -4.738e+03 1.287e+02 2.497e+01
|        ( - -1.051e+03 1 0)
|        ( QUESTION0_0_R 1 -3.558e+03 1.221e+02 1.897e+01
|            ( - -8.099e+02 1 0)
|            ( - -2.626e+03 1 0))))
s>    ( QUESTION7 1 -3.411e+04 1.425e+02 1.719e+02
s>        ( WDBNDRY_B 0 -2.923e+04 1.367e+02 1.469e+02
s>            ( - -2.859e+04 1 0)
s>            ( - -5.011e+02 1 0))
s>        ( WDBNDRY_B 0 -4.738e+03 1.287e+02 2.497e+01
s>            ( - -1.051e+03 1 0)
s>            ( QUESTION0_0_R 1 -3.558e+03 1.221e+02 1.897e+01
s>                ( - -8.099e+02 1 0)
s>                ( - -2.626e+03 1 0))))INFO: dtree.c(1315): Comp split 36
INFO: dtree.c(1315): Comp split 37
INFO: dtree.c(1439): stop. leaf nodes are specific
INFO: dtree.c(1478): Final simple tree
|( QUESTION0_1_R 1 -6.129e+03 8.226e+01 3.103e+01
|    ( - -5.343e+03 3 0)
|    ( - -7.039e+02 1 0))
s>    ( QUESTION0_1_R 1 -6.129e+03 8.226e+01 3.103e+01
s>        ( - -5.343e+03 3 0)
s>        ( - -7.039e+02 1 0))INFO: dtree.c(1315): Comp split 38
INFO: dtree.c(1439): stop. leaf nodes are specific
INFO: dtree.c(1478): Final simple tree
|( QUESTION0_0_R 1 -4.192e+04 1.115e+02 2.108e+02
|    ( - -6.720e+02 1 0)
|    ( - -4.114e+04 11 0))
s>    ( QUESTION0_0_R 1 -4.192e+04 1.115e+02 2.108e+02
s>        ( - -6.720e+02 1 0)
s>        ( - -4.114e+04 11 0))INFO: dtree.c(1315): Comp split 39
INFO: dtree.c(1439): stop. leaf nodes are specific
INFO: dtree.c(1478): Final simple tree
|( QUESTION0_0_R 1 -2.863e+04 1.268e+02 1.474e+02
|    ( - -1.118e+04 4 0)
|    ( - -1.732e+04 7 0))
s>    ( QUESTION0_0_R 1 -2.863e+04 1.268e+02 1.474e+02
s>        ( - -1.118e+04 4 0)
s>        ( - -1.732e+04 7 0))INFO: dtree.c(1315): Comp split 40
INFO: dtree.c(1439): stop. leaf nodes are specific
INFO: dtree.c(1478): Final simple tree
|( QUESTION8 -1 -1.513e+04 1.069e+02 7.599e+01
|    ( - -1.409e+04 2 0)
|    ( - -9.255e+02 1 0))
s>    ( QUESTION8 -1 -1.513e+04 1.069e+02 7.599e+01
s>        ( - -1.409e+04 2 0)
s>        ( - -9.255e+02 1 0))INFO: dtree.c(1315): Comp split 41
INFO: dtree.c(1439): stop. leaf nodes are specific
INFO: dtree.c(1478): Final simple tree
|( WDBNDRY_B 0 -4.738e+03 1.287e+02 2.497e+01
|    ( - -1.051e+03 1 0)
|    ( QUESTION0_0_R 1 -3.558e+03 1.221e+02 1.897e+01
|        ( - -8.099e+02 1 0)
|        ( - -2.626e+03 1 0)))
s>    ( WDBNDRY_B 0 -4.738e+03 1.287e+02 2.497e+01
s>        ( - -1.051e+03 1 0)
s>        ( QUESTION0_0_R 1 -3.558e+03 1.221e+02 1.897e+01
s>            ( - -8.099e+02 1 0)
s>            ( - -2.626e+03 1 0)))INFO: dtree.c(1439): stop. leaf nodes are specific
INFO: dtree.c(1478): Final simple tree
|( WDBNDRY_B 0 -2.923e+04 1.367e+02 1.469e+02
|    ( - -2.859e+04 1 0)
|    ( - -5.011e+02 1 0))
s>    ( WDBNDRY_B 0 -2.923e+04 1.367e+02 1.469e+02
s>        ( - -2.859e+04 1 0)
s>        ( - -5.011e+02 1 0))INFO: dtree.c(1315): Comp split 42
INFO: dtree.c(1439): stop. leaf nodes are specific
INFO: dtree.c(1478): Final simple tree
|( QUESTION0_2_R 1 -2.395e+04 1.282e+02 1.233e+02
|    ( - -1.017e+03 1 0)
|    ( QUESTION14 -1 -2.281e+04 1.188e+02 1.173e+02
|        ( WDBNDRY_B 0 -1.159e+04 9.462e+01 5.929e+01
|            ( - -8.041e+03 1 0)
|            ( - -3.450e+03 3 0))
|        ( - -1.110e+04 6 0)))
s>    ( QUESTION0_2_R 1 -2.395e+04 1.282e+02 1.233e+02
s>        ( - -1.017e+03 1 0)
s>        ( QUESTION14 -1 -2.281e+04 1.188e+02 1.173e+02
s>            ( WDBNDRY_B 0 -1.159e+04 9.462e+01 5.929e+01
s>                ( - -8.041e+03 1 0)
s>                ( - -3.450e+03 3 0))
s>            ( - -1.110e+04 6 0)))INFO: dtree.c(1315): Comp split 43
INFO: dtree.c(1315): Comp split 44
INFO: dtree.c(1315): Comp split 45
INFO: dtree.c(1315): Comp split 46
INFO: dtree.c(1439): stop. leaf nodes are specific
INFO: dtree.c(1478): Final simple tree
|( QUESTION6 -1 -2.657e+04 1.243e+02 1.358e+02
|    ( QUESTION0_0_R 1 -8.230e+03 1.102e+02 4.224e+01
|        ( - -3.160e+03 1 0)
|        ( - -4.960e+03 2 0))
|    ( WDBNDRY_B 0 -1.821e+04 9.318e+01 9.358e+01
|        ( - -4.828e+03 1 0)
|        ( - -1.329e+04 2 0)))
s>    ( QUESTION6 -1 -2.657e+04 1.243e+02 1.358e+02
s>        ( QUESTION0_0_R 1 -8.230e+03 1.102e+02 4.224e+01
s>            ( - -3.160e+03 1 0)
s>            ( - -4.960e+03 2 0))
s>        ( WDBNDRY_B 0 -1.821e+04 9.318e+01 9.358e+01
s>            ( - -4.828e+03 1 0)
s>            ( - -1.329e+04 2 0)))INFO: dtree.c(1315): Comp split 47
INFO: dtree.c(1315): Comp split 48
INFO: dtree.c(1439): stop. leaf nodes are specific
INFO: dtree.c(1478): Final simple tree
|( QUESTION0_0_R 1 -3.558e+03 1.221e+02 1.897e+01
|    ( - -8.099e+02 1 0)
|    ( - -2.626e+03 1 0))
s>    ( QUESTION0_0_R 1 -3.558e+03 1.221e+02 1.897e+01
s>        ( - -8.099e+02 1 0)
s>        ( - -2.626e+03 1 0))INFO: dtree.c(1315): Comp split 49
INFO: dtree.c(1439): stop. leaf nodes are specific
INFO: dtree.c(1478): Final simple tree
|( QUESTION14 -1 -2.281e+04 1.188e+02 1.173e+02
|    ( WDBNDRY_B 0 -1.159e+04 9.462e+01 5.929e+01
|        ( - -8.041e+03 1 0)
|        ( - -3.450e+03 3 0))
|    ( - -1.110e+04 6 0))
s>    ( QUESTION14 -1 -2.281e+04 1.188e+02 1.173e+02
s>        ( WDBNDRY_B 0 -1.159e+04 9.462e+01 5.929e+01
s>            ( - -8.041e+03 1 0)
s>            ( - -3.450e+03 3 0))
s>        ( - -1.110e+04 6 0))INFO: dtree.c(1315): Comp split 50
INFO: dtree.c(1315): Comp split 51
INFO: dtree.c(1315): Comp split 52
INFO: dtree.c(1439): stop. leaf nodes are specific
INFO: dtree.c(1478): Final simple tree
|( WDBNDRY_B 0 -1.821e+04 9.318e+01 9.358e+01
|    ( - -4.828e+03 1 0)
|    ( - -1.329e+04 2 0))
s>    ( WDBNDRY_B 0 -1.821e+04 9.318e+01 9.358e+01
s>        ( - -4.828e+03 1 0)
s>        ( - -1.329e+04 2 0))INFO: dtree.c(1439): stop. leaf nodes are specific
INFO: dtree.c(1478): Final simple tree
|( QUESTION0_0_R 1 -8.230e+03 1.102e+02 4.224e+01
|    ( - -3.160e+03 1 0)
|    ( - -4.960e+03 2 0))
s>    ( QUESTION0_0_R 1 -8.230e+03 1.102e+02 4.224e+01
s>        ( - -3.160e+03 1 0)
s>        ( - -4.960e+03 2 0))INFO: dtree.c(1315): Comp split 53
INFO: dtree.c(1315): Comp split 54
INFO: dtree.c(1439): stop. leaf nodes are specific
INFO: dtree.c(1478): Final simple tree
|( WDBNDRY_B 0 -1.159e+04 9.462e+01 5.929e+01
|    ( - -8.041e+03 1 0)
|    ( - -3.450e+03 3 0))
s>    ( WDBNDRY_B 0 -1.159e+04 9.462e+01 5.929e+01
s>        ( - -8.041e+03 1 0)
s>        ( - -3.450e+03 3 0))INFO: dtree.c(1315): Comp split 55
INFO: dtree.c(1315): Comp split 56
INFO: dtree.c(1315): Comp split 57
INFO: dtree.c(1315): Comp split 58
INFO: dtree.c(1315): Comp split 59
INFO: dtree.c(1315): Comp split 60
INFO: dtree.c(1315): Comp split 61
INFO: dtree.c(1315): Comp split 62
INFO: dtree.c(1315): Comp split 63
INFO: dtree.c(1315): Comp split 64
INFO: dtree.c(1315): Comp split 65
INFO: dtree.c(1315): Comp split 66
INFO: dtree.c(1318): stop. leaf nodes are specific
!!!!!!!!Allocated 68 lines
Fri Apr  8 18:32:05 2016
