Current configuration:
[NAME]		[DEFLT]	[VALUE]
-allphones	no	no
-cntthresh	0.00001	1.000000e-05
-csplitmax	100	2000
-csplitmin	1	1
-csplitthr	8e-4	0.000000e+00
-example	no	no
-fullvar	no	no
-help		no	no
-meanfn			
-mixwfn			/home/yaroslav/model/model_parameters/ua.cd_semi_untied/mixture_weights
-moddeffn		/home/yaroslav/model/model_architecture/ua.untied.mdef
-mwfloor	1e-4	1.000000e-08
-phone			YU
-psetfn			/home/yaroslav/model/model_architecture/ua.tree_questions
-ssplitmax	5	7
-ssplitmin	1	1
-ssplitthr	8e-4	0.000000e+00
-state			2
-stwt			1.0,0.05,0.0,
-treefn			/home/yaroslav/model/trees/ua.unpruned/YU-2.dtree
-ts2cbfn	.semi.	.semi.
-varfloor	0.00001	1.000000e-05
-varfn			

INFO: main.c(223): Reading: /home/yaroslav/model/model_architecture/ua.untied.mdef
INFO: model_def_io.c(573): Model definition info:
INFO: model_def_io.c(574): 7543 total models defined (49 base, 7494 tri)
INFO: model_def_io.c(575): 30172 total states
INFO: model_def_io.c(576): 22629 total tied states
INFO: model_def_io.c(577): 147 total tied CI states
INFO: model_def_io.c(578): 49 total tied transition matrices
INFO: model_def_io.c(579): 4 max state/model
INFO: model_def_io.c(580): 4 min state/model
INFO: main.c(242): Building trees for [YU B TT i] through [YU S D i]
INFO: main.c(269): Covering states |[21471 21488]| == 18
INFO: main.c(275): Reading: /home/yaroslav/model/model_parameters/ua.cd_semi_untied/mixture_weights
INFO: s3mixw_io.c(173): Read /home/yaroslav/model/model_parameters/ua.cd_semi_untied/mixture_weights [18x4x256 array]
INFO: main.c(311): 6 of 6 models have observation count greater than 0.000010
INFO: main.c(95): nrm stwt: 0.000 0.048 0.952 
INFO: main.c(411): 6-class entropy: 6.920535e+02
INFO: main.c(549): Reading: /home/yaroslav/model/model_architecture/ua.tree_questions
INFO: main.c(588): 176 total simple questions (168 phone; 8 word bndry)
INFO: main.c(590): 42 Left Only questions, and 42 Right Only questions
INFO: dtree.c(1439): stop. leaf nodes are specific
INFO: dtree.c(1478): Final simple tree
|( QUESTION5 -1 1.116e+03 2.171e+02 6.503e+01
|    ( - 5.848e+02 2 0)
|    ( QUESTION2 -1 3.144e+02 7.856e+01 2.400e+01
|        ( QUESTION0_12_R 1 1.583e+02 3.425e+01 1.400e+01
|            ( - 1.089e+02 1 0)
|            ( - 1.510e+01 1 0))
|        ( WDBNDRY_B 0 7.757e+01 2.634e+01 1.000e+01
|            ( - 4.244e+01 1 0)
|            ( - 8.792e+00 1 0))))
s>    ( QUESTION5 -1 1.116e+03 2.171e+02 6.503e+01
s>        ( - 5.848e+02 2 0)
s>        ( QUESTION2 -1 3.144e+02 7.856e+01 2.400e+01
s>            ( QUESTION0_12_R 1 1.583e+02 3.425e+01 1.400e+01
s>                ( - 1.089e+02 1 0)
s>                ( - 1.510e+01 1 0))
s>            ( WDBNDRY_B 0 7.757e+01 2.634e+01 1.000e+01
s>                ( - 4.244e+01 1 0)
s>                ( - 8.792e+00 1 0))))INFO: dtree.c(1315): Comp split 0
INFO: dtree.c(1439): stop. leaf nodes are specific
INFO: dtree.c(1478): Final simple tree
|( QUESTION2 -1 3.144e+02 7.856e+01 2.400e+01
|    ( QUESTION0_12_R 1 1.583e+02 3.425e+01 1.400e+01
|        ( - 1.089e+02 1 0)
|        ( - 1.510e+01 1 0))
|    ( WDBNDRY_B 0 7.757e+01 2.634e+01 1.000e+01
|        ( - 4.244e+01 1 0)
|        ( - 8.792e+00 1 0)))
s>    ( QUESTION2 -1 3.144e+02 7.856e+01 2.400e+01
s>        ( QUESTION0_12_R 1 1.583e+02 3.425e+01 1.400e+01
s>            ( - 1.089e+02 1 0)
s>            ( - 1.510e+01 1 0))
s>        ( WDBNDRY_B 0 7.757e+01 2.634e+01 1.000e+01
s>            ( - 4.244e+01 1 0)
s>            ( - 8.792e+00 1 0)))INFO: dtree.c(1315): Comp split 1
INFO: dtree.c(1439): stop. leaf nodes are specific
INFO: dtree.c(1478): Final simple tree
|( WDBNDRY_B 0 7.757e+01 2.634e+01 1.000e+01
|    ( - 4.244e+01 1 0)
|    ( - 8.792e+00 1 0))
s>    ( WDBNDRY_B 0 7.757e+01 2.634e+01 1.000e+01
s>        ( - 4.244e+01 1 0)
s>        ( - 8.792e+00 1 0))INFO: dtree.c(1439): stop. leaf nodes are specific
INFO: dtree.c(1478): Final simple tree
|( QUESTION0_12_R 1 1.583e+02 3.425e+01 1.400e+01
|    ( - 1.089e+02 1 0)
|    ( - 1.510e+01 1 0))
s>    ( QUESTION0_12_R 1 1.583e+02 3.425e+01 1.400e+01
s>        ( - 1.089e+02 1 0)
s>        ( - 1.510e+01 1 0))INFO: dtree.c(1315): Comp split 2
INFO: dtree.c(1315): Comp split 3
INFO: dtree.c(1315): Comp split 4
INFO: dtree.c(1318): stop. leaf nodes are specific
!!!!!!!!Allocated 67 lines
Thu Apr  7 00:40:52 2016
