Current configuration:
[NAME]		[DEFLT]	[VALUE]
-allphones	no	no
-cntthresh	0.00001	1.000000e-05
-csplitmax	100	2000
-csplitmin	1	1
-csplitthr	8e-4	0.000000e+00
-example	no	no
-fullvar	no	no
-help		no	no
-meanfn			/home/yaroslav/model/model_parameters/ua.cd_cont_untied/means
-mixwfn			/home/yaroslav/model/model_parameters/ua.cd_cont_untied/mixture_weights
-moddeffn		/home/yaroslav/model/model_architecture/ua.untied.mdef
-mwfloor	1e-4	1.000000e-08
-phone			PP
-psetfn			/home/yaroslav/model/model_architecture/ua.tree_questions
-ssplitmax	5	7
-ssplitmin	1	1
-ssplitthr	8e-4	0.000000e+00
-state			1
-stwt			1.0,0.05,0.0,
-treefn			/home/yaroslav/model/trees/ua.unpruned/PP-1.dtree
-ts2cbfn	.semi.	.cont.
-varfloor	0.00001	1.000000e-05
-varfn			/home/yaroslav/model/model_parameters/ua.cd_cont_untied/variances

INFO: main.c(223): Reading: /home/yaroslav/model/model_architecture/ua.untied.mdef
INFO: model_def_io.c(573): Model definition info:
INFO: model_def_io.c(574): 8408 total models defined (50 base, 8358 tri)
INFO: model_def_io.c(575): 33632 total states
INFO: model_def_io.c(576): 25224 total tied states
INFO: model_def_io.c(577): 150 total tied CI states
INFO: model_def_io.c(578): 50 total tied transition matrices
INFO: model_def_io.c(579): 4 max state/model
INFO: model_def_io.c(580): 4 min state/model
INFO: main.c(242): Building trees for [PP A I i] through [PP Z I i]
INFO: main.c(269): Covering states |[15126 15155]| == 30
INFO: main.c(275): Reading: /home/yaroslav/model/model_parameters/ua.cd_cont_untied/mixture_weights
INFO: s3mixw_io.c(173): Read /home/yaroslav/model/model_parameters/ua.cd_cont_untied/mixture_weights [30x1x1 array]
INFO: main.c(311): 10 of 10 models have observation count greater than 0.000010
INFO: main.c(95): nrm stwt: 0.045 0.909 0.045 
INFO: s3gau_io.c(169): Read /home/yaroslav/model/model_parameters/ua.cd_cont_untied/means [25224x1x1 array]
INFO: s3gau_io.c(169): Read /home/yaroslav/model/model_parameters/ua.cd_cont_untied/variances [25224x1x1 array]
INFO: main.c(549): Reading: /home/yaroslav/model/model_architecture/ua.tree_questions
INFO: main.c(588): 174 total simple questions (166 phone; 8 word bndry)
INFO: main.c(590): 42 Left Only questions, and 40 Right Only questions
INFO: dtree.c(1439): stop. leaf nodes are specific
INFO: dtree.c(1478): Final simple tree
|( QUESTION2_0_L -1 -2.037e+04 2.884e+02 1.015e+02
|    ( QUESTION2_10_L -1 -7.120e+03 1.122e+02 3.772e+01
|        ( - -6.698e+03 1 0)
|        ( - -3.101e+02 1 0))
|    ( QUESTION0_0_R 1 -1.296e+04 1.391e+02 6.380e+01
|        ( - -8.342e+02 1 0)
|        ( QUESTION0 -1 -1.199e+04 1.466e+02 5.880e+01
|            ( - -8.563e+03 4 0)
|            ( QUESTION2 -1 -3.276e+03 1.124e+02 1.700e+01
|                ( - -1.259e+03 2 0)
|                ( - -1.905e+03 1 0)))))
s>    ( QUESTION2_0_L -1 -2.037e+04 2.884e+02 1.015e+02
s>        ( QUESTION2_10_L -1 -7.120e+03 1.122e+02 3.772e+01
s>            ( - -6.698e+03 1 0)
s>            ( - -3.101e+02 1 0))
s>        ( QUESTION0_0_R 1 -1.296e+04 1.391e+02 6.380e+01
s>            ( - -8.342e+02 1 0)
s>            ( QUESTION0 -1 -1.199e+04 1.466e+02 5.880e+01
s>                ( - -8.563e+03 4 0)
s>                ( QUESTION2 -1 -3.276e+03 1.124e+02 1.700e+01
s>                    ( - -1.259e+03 2 0)
s>                    ( - -1.905e+03 1 0)))))INFO: dtree.c(1315): Comp split 0
INFO: dtree.c(1439): stop. leaf nodes are specific
INFO: dtree.c(1478): Final simple tree
|( QUESTION0_0_R 1 -1.296e+04 1.391e+02 6.380e+01
|    ( - -8.342e+02 1 0)
|    ( QUESTION0 -1 -1.199e+04 1.466e+02 5.880e+01
|        ( - -8.563e+03 4 0)
|        ( QUESTION2 -1 -3.276e+03 1.124e+02 1.700e+01
|            ( - -1.259e+03 2 0)
|            ( - -1.905e+03 1 0))))
s>    ( QUESTION0_0_R 1 -1.296e+04 1.391e+02 6.380e+01
s>        ( - -8.342e+02 1 0)
s>        ( QUESTION0 -1 -1.199e+04 1.466e+02 5.880e+01
s>            ( - -8.563e+03 4 0)
s>            ( QUESTION2 -1 -3.276e+03 1.124e+02 1.700e+01
s>                ( - -1.259e+03 2 0)
s>                ( - -1.905e+03 1 0))))INFO: dtree.c(1439): stop. leaf nodes are specific
INFO: dtree.c(1478): Final simple tree
|( QUESTION2_10_L -1 -7.120e+03 1.122e+02 3.772e+01
|    ( - -6.698e+03 1 0)
|    ( - -3.101e+02 1 0))
s>    ( QUESTION2_10_L -1 -7.120e+03 1.122e+02 3.772e+01
s>        ( - -6.698e+03 1 0)
s>        ( - -3.101e+02 1 0))INFO: dtree.c(1315): Comp split 1
INFO: dtree.c(1439): stop. leaf nodes are specific
INFO: dtree.c(1478): Final simple tree
|( QUESTION2 -1 -4.234e+03 1.312e+02 2.200e+01
|    ( - -1.259e+03 2 0)
|    ( QUESTION0_0_R 1 -2.844e+03 1.049e+02 1.500e+01
|        ( - -8.342e+02 1 0)
|        ( - -1.905e+03 1 0)))
s>    ( QUESTION2 -1 -4.234e+03 1.312e+02 2.200e+01
s>        ( - -1.259e+03 2 0)
s>        ( QUESTION0_0_R 1 -2.844e+03 1.049e+02 1.500e+01
s>            ( - -8.342e+02 1 0)
s>            ( - -1.905e+03 1 0)))INFO: dtree.c(1315): Comp split 2
INFO: dtree.c(1439): stop. leaf nodes are specific
INFO: dtree.c(1478): Final simple tree
|( QUESTION0_0_R 1 -2.844e+03 1.049e+02 1.500e+01
|    ( - -8.342e+02 1 0)
|    ( - -1.905e+03 1 0))
s>    ( QUESTION0_0_R 1 -2.844e+03 1.049e+02 1.500e+01
s>        ( - -8.342e+02 1 0)
s>        ( - -1.905e+03 1 0))INFO: dtree.c(1315): Comp split 3
INFO: dtree.c(1315): Comp split 4
INFO: dtree.c(1315): Comp split 5
INFO: dtree.c(1318): stop. leaf nodes are specific
!!!!!!!!Allocated 66 lines
Fri Apr  8 00:56:45 2016
