Current configuration:
[NAME]		[DEFLT]	[VALUE]
-allphones	no	no
-cntthresh	0.00001	1.000000e-05
-csplitmax	100	2000
-csplitmin	1	1
-csplitthr	8e-4	0.000000e+00
-example	no	no
-fullvar	no	no
-help		no	no
-meanfn			
-mixwfn			/home/yaroslav/model/model_parameters/ua.cd_semi_untied/mixture_weights
-moddeffn		/home/yaroslav/model/model_architecture/ua.untied.mdef
-mwfloor	1e-4	1.000000e-08
-phone			CH
-psetfn			/home/yaroslav/model/model_architecture/ua.tree_questions
-ssplitmax	5	7
-ssplitmin	1	1
-ssplitthr	8e-4	0.000000e+00
-state			2
-stwt			1.0,0.05,0.0,
-treefn			/home/yaroslav/model/trees/ua.unpruned/CH-2.dtree
-ts2cbfn	.semi.	.semi.
-varfloor	0.00001	1.000000e-05
-varfn			

INFO: main.c(223): Reading: /home/yaroslav/model/model_architecture/ua.untied.mdef
INFO: model_def_io.c(573): Model definition info:
INFO: model_def_io.c(574): 7543 total models defined (49 base, 7494 tri)
INFO: model_def_io.c(575): 30172 total states
INFO: model_def_io.c(576): 22629 total tied states
INFO: model_def_io.c(577): 147 total tied CI states
INFO: model_def_io.c(578): 49 total tied transition matrices
INFO: model_def_io.c(579): 4 max state/model
INFO: model_def_io.c(580): 4 min state/model
INFO: main.c(242): Building trees for [CH A A i] through [CH Z Y b]
INFO: main.c(269): Covering states |[2880 3248]| == 369
INFO: main.c(275): Reading: /home/yaroslav/model/model_parameters/ua.cd_semi_untied/mixture_weights
INFO: s3mixw_io.c(173): Read /home/yaroslav/model/model_parameters/ua.cd_semi_untied/mixture_weights [369x4x256 array]
INFO: main.c(311): 114 of 123 models have observation count greater than 0.000010
INFO: main.c(95): nrm stwt: 0.000 0.048 0.952 
INFO: main.c(411): 114-class entropy: 7.644248e+03
INFO: main.c(549): Reading: /home/yaroslav/model/model_architecture/ua.tree_questions
INFO: main.c(588): 176 total simple questions (168 phone; 8 word bndry)
INFO: main.c(590): 42 Left Only questions, and 42 Right Only questions
INFO: dtree.c(1478): Final simple tree
|( QUESTION0_2_R 1 1.720e+04 1.571e+03 8.660e+02
|    ( QUESTION2_0_L -1 8.639e+03 3.095e+02 4.739e+02
|        ( WDBNDRY_I 0 6.993e+03 2.886e+02 3.945e+02
|            ( - 5.134e+03 20 0 QUESTION0 -1 1.919e+02 3.043e+02)
|            ( - 1.571e+03 21 0 QUESTION0_3_R 1 1.402e+02 9.026e+01))
|        ( WDBNDRY_B 0 1.336e+03 1.955e+02 7.937e+01
|            ( - 7.692e+02 12 0 QUESTION2 -1 8.713e+01 5.435e+01)
|            ( - 3.712e+02 5 0 QUESTION2 -1 1.636e+01 2.502e+01)))
|    ( QUESTION0_0_R 1 6.991e+03 7.887e+02 3.921e+02
|        ( WDBNDRY_I 0 4.396e+03 2.393e+02 2.918e+02
|            ( - 1.948e+03 12 0 QUESTION0 1 1.391e+02 1.444e+02)
|            ( - 2.208e+03 26 0 QUESTION0 1 1.525e+02 1.474e+02))
|        ( QUESTION2 1 1.806e+03 2.458e+02 1.004e+02
|            ( - 3.948e+02 8 0 QUESTION0_16_R 1 8.291e+01 2.573e+01)
|            ( - 1.166e+03 10 0 QUESTION0 -1 9.016e+01 7.462e+01))))
s>    ( QUESTION0_2_R 1 1.720e+04 1.571e+03 8.660e+02
s>        ( QUESTION2_0_L -1 8.639e+03 3.095e+02 4.739e+02
s>            ( WDBNDRY_I 0 6.993e+03 2.886e+02 3.945e+02
s>                ( - 5.134e+03 20 0 QUESTION0 -1 1.919e+02 3.043e+02)
s>                ( - 1.571e+03 21 0 QUESTION0_3_R 1 1.402e+02 9.026e+01))
s>            ( WDBNDRY_B 0 1.336e+03 1.955e+02 7.937e+01
s>                ( - 7.692e+02 12 0 QUESTION2 -1 8.713e+01 5.435e+01)
s>                ( - 3.712e+02 5 0 QUESTION2 -1 1.636e+01 2.502e+01)))
s>        ( QUESTION0_0_R 1 6.991e+03 7.887e+02 3.921e+02
s>            ( WDBNDRY_I 0 4.396e+03 2.393e+02 2.918e+02
s>                ( - 1.948e+03 12 0 QUESTION0 1 1.391e+02 1.444e+02)
s>                ( - 2.208e+03 26 0 QUESTION0 1 1.525e+02 1.474e+02))
s>            ( QUESTION2 1 1.806e+03 2.458e+02 1.004e+02
s>                ( - 3.948e+02 8 0 QUESTION0_16_R 1 8.291e+01 2.573e+01)
s>                ( - 1.166e+03 10 0 QUESTION0 -1 9.016e+01 7.462e+01))))INFO: dtree.c(1315): Comp split 0
INFO: dtree.c(1478): Final simple tree
|( QUESTION0_0_R 1 6.991e+03 7.887e+02 3.921e+02
|    ( WDBNDRY_I 0 4.396e+03 2.393e+02 2.918e+02
|        ( QUESTION0 1 1.948e+03 1.391e+02 1.444e+02
|            ( - 7.912e+02 6 0 QUESTION0 -1 8.484e+01 6.641e+01)
|            ( - 1.018e+03 6 0 QUESTION0 -1 7.867e+01 7.802e+01))
|        ( QUESTION0 1 2.208e+03 1.525e+02 1.474e+02
|            ( QUESTION1 -1 1.104e+03 9.828e+01 8.069e+01
|                ( - 3.522e+02 6 0 QUESTION2_17_L -1 5.653e+01 2.699e+01)
|                ( - 6.535e+02 8 0 SILENCE -1 3.177e+01 5.370e+01))
|            ( QUESTION2_11_L -1 9.516e+02 9.912e+01 6.666e+01
|                ( - 1.993e+02 3 0 QUESTION2_15_L -1 4.704e+01 1.799e+01)
|                ( - 6.532e+02 9 0 WDBNDRY_B 0 8.639e+01 4.867e+01))))
|    ( QUESTION2 1 1.806e+03 2.458e+02 1.004e+02
|        ( - 3.948e+02 8 0 QUESTION0_16_R 1 8.291e+01 2.573e+01)
|        ( - 1.166e+03 10 0 QUESTION0 -1 9.016e+01 7.462e+01)))
s>    ( QUESTION0_0_R 1 6.991e+03 7.887e+02 3.921e+02
s>        ( WDBNDRY_I 0 4.396e+03 2.393e+02 2.918e+02
s>            ( QUESTION0 1 1.948e+03 1.391e+02 1.444e+02
s>                ( - 7.912e+02 6 0 QUESTION0 -1 8.484e+01 6.641e+01)
s>                ( - 1.018e+03 6 0 QUESTION0 -1 7.867e+01 7.802e+01))
s>            ( QUESTION0 1 2.208e+03 1.525e+02 1.474e+02
s>                ( QUESTION1 -1 1.104e+03 9.828e+01 8.069e+01
s>                    ( - 3.522e+02 6 0 QUESTION2_17_L -1 5.653e+01 2.699e+01)
s>                    ( - 6.535e+02 8 0 SILENCE -1 3.177e+01 5.370e+01))
s>                ( QUESTION2_11_L -1 9.516e+02 9.912e+01 6.666e+01
s>                    ( - 1.993e+02 3 0 QUESTION2_15_L -1 4.704e+01 1.799e+01)
s>                    ( - 6.532e+02 9 0 WDBNDRY_B 0 8.639e+01 4.867e+01))))
s>        ( QUESTION2 1 1.806e+03 2.458e+02 1.004e+02
s>            ( - 3.948e+02 8 0 QUESTION0_16_R 1 8.291e+01 2.573e+01)
s>            ( - 1.166e+03 10 0 QUESTION0 -1 9.016e+01 7.462e+01)))INFO: dtree.c(1478): Final simple tree
|( QUESTION2_0_L -1 8.639e+03 3.095e+02 4.739e+02
|    ( WDBNDRY_I 0 6.993e+03 2.886e+02 3.945e+02
|        ( QUESTION0 -1 5.134e+03 1.919e+02 3.043e+02
|            ( - 4.242e+03 12 0)
|            ( - 7.005e+02 8 0 QUESTION6 -1 7.516e+01 4.711e+01))
|        ( QUESTION0_3_R 1 1.571e+03 1.402e+02 9.026e+01
|            ( QUESTION0 -1 1.128e+03 9.707e+01 6.828e+01
|                ( - 9.134e+02 11 0)
|                ( - 1.180e+02 3 0 QUESTION6 -1 4.153e+01 1.056e+01))
|            ( - 3.023e+02 7 0 QUESTION0_5_R 1 6.013e+01 2.197e+01)))
|    ( WDBNDRY_B 0 1.336e+03 1.955e+02 7.937e+01
|        ( QUESTION2 -1 7.692e+02 8.713e+01 5.435e+01
|            ( - 5.434e+02 8 0 QUESTION2_12_L -1 5.811e+01 4.143e+01)
|            ( - 1.386e+02 4 0 QUESTION0_3_R 1 4.661e+01 1.293e+01))
|        ( - 3.712e+02 5 0 QUESTION2 -1 1.636e+01 2.502e+01)))
s>    ( QUESTION2_0_L -1 8.639e+03 3.095e+02 4.739e+02
s>        ( WDBNDRY_I 0 6.993e+03 2.886e+02 3.945e+02
s>            ( QUESTION0 -1 5.134e+03 1.919e+02 3.043e+02
s>                ( - 4.242e+03 12 0)
s>                ( - 7.005e+02 8 0 QUESTION6 -1 7.516e+01 4.711e+01))
s>            ( QUESTION0_3_R 1 1.571e+03 1.402e+02 9.026e+01
s>                ( QUESTION0 -1 1.128e+03 9.707e+01 6.828e+01
s>                    ( - 9.134e+02 11 0)
s>                    ( - 1.180e+02 3 0 QUESTION6 -1 4.153e+01 1.056e+01))
s>                ( - 3.023e+02 7 0 QUESTION0_5_R 1 6.013e+01 2.197e+01)))
s>        ( WDBNDRY_B 0 1.336e+03 1.955e+02 7.937e+01
s>            ( QUESTION2 -1 7.692e+02 8.713e+01 5.435e+01
s>                ( - 5.434e+02 8 0 QUESTION2_12_L -1 5.811e+01 4.143e+01)
s>                ( - 1.386e+02 4 0 QUESTION0_3_R 1 4.661e+01 1.293e+01))
s>            ( - 3.712e+02 5 0 QUESTION2 -1 1.636e+01 2.502e+01)))INFO: dtree.c(1315): Comp split 1
INFO: dtree.c(1478): Final simple tree
|( WDBNDRY_I 0 4.396e+03 2.393e+02 2.918e+02
|    ( QUESTION0 1 1.948e+03 1.391e+02 1.444e+02
|        ( QUESTION0 -1 7.912e+02 8.484e+01 6.641e+01
|            ( - 6.100e+02 4 0)
|            ( - 9.629e+01 2 0 QUESTION6 -1 3.145e+01 1.004e+01))
|        ( - 1.018e+03 6 0 QUESTION0 -1 7.867e+01 7.802e+01))
|    ( QUESTION0 1 2.208e+03 1.525e+02 1.474e+02
|        ( QUESTION1 -1 1.104e+03 9.828e+01 8.069e+01
|            ( - 3.522e+02 6 0 QUESTION2_17_L -1 5.653e+01 2.699e+01)
|            ( - 6.535e+02 8 0 SILENCE -1 3.177e+01 5.370e+01))
|        ( QUESTION2_11_L -1 9.516e+02 9.912e+01 6.666e+01
|            ( - 1.993e+02 3 0 QUESTION2_15_L -1 4.704e+01 1.799e+01)
|            ( WDBNDRY_B 0 6.532e+02 8.639e+01 4.867e+01
|                ( - 4.439e+02 6 0 QUESTION0 -1 3.954e+01 3.633e+01)
|                ( - 1.229e+02 3 0 QUESTION0 -1 3.064e+01 1.234e+01)))))
s>    ( WDBNDRY_I 0 4.396e+03 2.393e+02 2.918e+02
s>        ( QUESTION0 1 1.948e+03 1.391e+02 1.444e+02
s>            ( QUESTION0 -1 7.912e+02 8.484e+01 6.641e+01
s>                ( - 6.100e+02 4 0)
s>                ( - 9.629e+01 2 0 QUESTION6 -1 3.145e+01 1.004e+01))
s>            ( - 1.018e+03 6 0 QUESTION0 -1 7.867e+01 7.802e+01))
s>        ( QUESTION0 1 2.208e+03 1.525e+02 1.474e+02
s>            ( QUESTION1 -1 1.104e+03 9.828e+01 8.069e+01
s>                ( - 3.522e+02 6 0 QUESTION2_17_L -1 5.653e+01 2.699e+01)
s>                ( - 6.535e+02 8 0 SILENCE -1 3.177e+01 5.370e+01))
s>            ( QUESTION2_11_L -1 9.516e+02 9.912e+01 6.666e+01
s>                ( - 1.993e+02 3 0 QUESTION2_15_L -1 4.704e+01 1.799e+01)
s>                ( WDBNDRY_B 0 6.532e+02 8.639e+01 4.867e+01
s>                    ( - 4.439e+02 6 0 QUESTION0 -1 3.954e+01 3.633e+01)
s>                    ( - 1.229e+02 3 0 QUESTION0 -1 3.064e+01 1.234e+01)))))INFO: dtree.c(1478): Final simple tree
|( QUESTION2 1 1.806e+03 2.458e+02 1.004e+02
|    ( QUESTION0_16_R 1 3.948e+02 8.291e+01 2.573e+01
|        ( QUESTION0 -1 1.601e+02 2.355e+01 1.439e+01
|            ( WDBNDRY_E 0 1.253e+02 2.173e+01 1.139e+01
|                ( - 1.536e+01 1 0)
|                ( - 8.821e+01 2 0))
|            ( - 1.129e+01 1 0))
|        ( QUESTION2 -1 1.517e+02 4.590e+01 1.134e+01
|            ( WDBNDRY_B 0 5.597e+01 2.260e+01 6.011e+00
|                ( - 2.870e+01 1 0)
|                ( - 4.668e+00 1 0))
|            ( - 4.986e+01 2 0 QUESTION0 -1 1.723e+01 5.332e+00)))
|    ( QUESTION0 -1 1.166e+03 9.016e+01 7.462e+01
|        ( - 9.895e+02 8 0)
|        ( - 8.606e+01 2 0)))
s>    ( QUESTION2 1 1.806e+03 2.458e+02 1.004e+02
s>        ( QUESTION0_16_R 1 3.948e+02 8.291e+01 2.573e+01
s>            ( QUESTION0 -1 1.601e+02 2.355e+01 1.439e+01
s>                ( WDBNDRY_E 0 1.253e+02 2.173e+01 1.139e+01
s>                    ( - 1.536e+01 1 0)
s>                    ( - 8.821e+01 2 0))
s>                ( - 1.129e+01 1 0))
s>            ( QUESTION2 -1 1.517e+02 4.590e+01 1.134e+01
s>                ( WDBNDRY_B 0 5.597e+01 2.260e+01 6.011e+00
s>                    ( - 2.870e+01 1 0)
s>                    ( - 4.668e+00 1 0))
s>                ( - 4.986e+01 2 0 QUESTION0 -1 1.723e+01 5.332e+00)))
s>        ( QUESTION0 -1 1.166e+03 9.016e+01 7.462e+01
s>            ( - 9.895e+02 8 0)
s>            ( - 8.606e+01 2 0)))INFO: dtree.c(1315): Comp split 2
INFO: dtree.c(1478): Final simple tree
|( WDBNDRY_B 0 5.212e+03 2.009e+02 3.115e+02
|    ( QUESTION2 -1 7.692e+02 8.713e+01 5.435e+01
|        ( QUESTION2_12_L -1 5.434e+02 5.811e+01 4.143e+01
|            ( - 1.696e+02 2 0)
|            ( QUESTION2_2_L -1 3.157e+02 4.292e+01 2.642e+01
|                ( - 1.927e+02 3 0)
|                ( QUESTION2_14_L -1 8.008e+01 2.567e+01 7.999e+00
|                    ( - 3.099e+01 2 0)
|                    ( - 2.342e+01 1 0))))
|        ( QUESTION0_3_R 1 1.386e+02 4.661e+01 1.293e+01
|            ( QUESTION4 -1 6.808e+01 1.926e+01 8.916e+00
|                ( - 1.133e+01 1 0)
|                ( - 3.749e+01 2 0 SILENCE -1 8.040e+00 5.967e+00))
|            ( - 2.395e+01 1 0)))
|    ( - 4.242e+03 12 0))
s>    ( WDBNDRY_B 0 5.212e+03 2.009e+02 3.115e+02
s>        ( QUESTION2 -1 7.692e+02 8.713e+01 5.435e+01
s>            ( QUESTION2_12_L -1 5.434e+02 5.811e+01 4.143e+01
s>                ( - 1.696e+02 2 0)
s>                ( QUESTION2_2_L -1 3.157e+02 4.292e+01 2.642e+01
s>                    ( - 1.927e+02 3 0)
s>                    ( QUESTION2_14_L -1 8.008e+01 2.567e+01 7.999e+00
s>                        ( - 3.099e+01 2 0)
s>                        ( - 2.342e+01 1 0))))
s>            ( QUESTION0_3_R 1 1.386e+02 4.661e+01 1.293e+01
s>                ( QUESTION4 -1 6.808e+01 1.926e+01 8.916e+00
s>                    ( - 1.133e+01 1 0)
s>                    ( - 3.749e+01 2 0 SILENCE -1 8.040e+00 5.967e+00))
s>                ( - 2.395e+01 1 0)))
s>        ( - 4.242e+03 12 0))INFO: dtree.c(1478): Final simple tree
|( QUESTION0 -1 3.034e+03 2.302e+02 1.624e+02
|    ( QUESTION0_3_R 1 1.251e+03 1.186e+02 7.470e+01
|        ( - 9.134e+02 11 0)
|        ( QUESTION0_5_R 1 2.191e+02 5.818e+01 1.697e+01
|            ( - 9.081e+01 3 0 WDBNDRY_B 0 1.831e+01 8.000e+00)
|            ( - 7.006e+01 2 0)))
|    ( QUESTION2 -1 1.553e+03 1.870e+02 8.768e+01
|        ( - 3.524e+02 4 0)
|        ( QUESTION6 -1 1.013e+03 1.053e+02 6.366e+01
|            ( WDBNDRY_B 0 6.112e+02 6.749e+01 4.280e+01
|                ( - 6.849e+01 2 0 QUESTION0_3_R 1 2.727e+01 8.555e+00)
|                ( - 4.752e+02 5 0 WDBNDRY_E 0 2.743e+01 3.424e+01))
|            ( WDBNDRY_B 0 2.970e+02 4.974e+01 2.087e+01
|                ( - 4.526e+01 2 0)
|                ( - 2.020e+02 5 0 QUESTION15 -1 3.912e+01 1.587e+01)))))
s>    ( QUESTION0 -1 3.034e+03 2.302e+02 1.624e+02
s>        ( QUESTION0_3_R 1 1.251e+03 1.186e+02 7.470e+01
s>            ( - 9.134e+02 11 0)
s>            ( QUESTION0_5_R 1 2.191e+02 5.818e+01 1.697e+01
s>                ( - 9.081e+01 3 0 WDBNDRY_B 0 1.831e+01 8.000e+00)
s>                ( - 7.006e+01 2 0)))
s>        ( QUESTION2 -1 1.553e+03 1.870e+02 8.768e+01
s>            ( - 3.524e+02 4 0)
s>            ( QUESTION6 -1 1.013e+03 1.053e+02 6.366e+01
s>                ( WDBNDRY_B 0 6.112e+02 6.749e+01 4.280e+01
s>                    ( - 6.849e+01 2 0 QUESTION0_3_R 1 2.727e+01 8.555e+00)
s>                    ( - 4.752e+02 5 0 WDBNDRY_E 0 2.743e+01 3.424e+01))
s>                ( WDBNDRY_B 0 2.970e+02 4.974e+01 2.087e+01
s>                    ( - 4.526e+01 2 0)
s>                    ( - 2.020e+02 5 0 QUESTION15 -1 3.912e+01 1.587e+01)))))INFO: dtree.c(1315): Comp split 3
INFO: dtree.c(1439): stop. leaf nodes are specific
INFO: dtree.c(1478): Final simple tree
|( WDBNDRY_B 0 1.668e+03 1.516e+02 1.009e+02
|    ( - 9.134e+02 11 0)
|    ( WDBNDRY_E 0 6.035e+02 6.765e+01 4.322e+01
|        ( QUESTION0_5_R 1 9.673e+01 1.801e+01 1.097e+01
|            ( - 8.655e+00 1 0)
|            ( - 7.006e+01 2 0))
|        ( - 4.391e+02 4 0)))
s>    ( WDBNDRY_B 0 1.668e+03 1.516e+02 1.009e+02
s>        ( - 9.134e+02 11 0)
s>        ( WDBNDRY_E 0 6.035e+02 6.765e+01 4.322e+01
s>            ( QUESTION0_5_R 1 9.673e+01 1.801e+01 1.097e+01
s>                ( - 8.655e+00 1 0)
s>                ( - 7.006e+01 2 0))
s>            ( - 4.391e+02 4 0)))INFO: dtree.c(1478): Final simple tree
|( QUESTION2 -1 1.099e+03 1.492e+02 6.144e+01
|    ( - 3.524e+02 4 0)
|    ( QUESTION15 -1 5.970e+02 9.414e+01 3.742e+01
|        ( WDBNDRY_B 0 2.239e+02 4.597e+01 1.686e+01
|            ( - 4.526e+01 2 0)
|            ( - 1.326e+02 3 0))
|        ( WDBNDRY_E 0 2.790e+02 5.779e+01 2.056e+01
|            ( - 7.167e+01 2 0)
|            ( QUESTION6 -1 1.495e+02 3.989e+01 1.356e+01
|                ( QUESTION0_3_R 1 6.849e+01 2.727e+01 8.555e+00
|                    ( - 3.125e+01 1 0)
|                    ( - 9.974e+00 1 0))
|                ( QUESTION5 -1 4.115e+01 1.426e+01 5.002e+00
|                    ( - 1.731e+01 1 0)
|                    ( - 9.581e+00 2 0 WDBNDRY_B 0 6.250e+00 2.000e+00))))))
s>    ( QUESTION2 -1 1.099e+03 1.492e+02 6.144e+01
s>        ( - 3.524e+02 4 0)
s>        ( QUESTION15 -1 5.970e+02 9.414e+01 3.742e+01
s>            ( WDBNDRY_B 0 2.239e+02 4.597e+01 1.686e+01
s>                ( - 4.526e+01 2 0)
s>                ( - 1.326e+02 3 0))
s>            ( WDBNDRY_E 0 2.790e+02 5.779e+01 2.056e+01
s>                ( - 7.167e+01 2 0)
s>                ( QUESTION6 -1 1.495e+02 3.989e+01 1.356e+01
s>                    ( QUESTION0_3_R 1 6.849e+01 2.727e+01 8.555e+00
s>                        ( - 3.125e+01 1 0)
s>                        ( - 9.974e+00 1 0))
s>                    ( QUESTION5 -1 4.115e+01 1.426e+01 5.002e+00
s>                        ( - 1.731e+01 1 0)
s>                        ( - 9.581e+00 2 0 WDBNDRY_B 0 6.250e+00 2.000e+00))))))INFO: dtree.c(1315): Comp split 4
INFO: dtree.c(1478): Final simple tree
|( QUESTION6 1 1.564e+03 1.245e+02 1.037e+02
|    ( QUESTION2_15_L -1 7.300e+02 9.032e+01 5.432e+01
|        ( - 1.033e+02 1 0)
|        ( QUESTION0 -1 5.364e+02 5.652e+01 4.233e+01
|            ( - 3.667e+02 5 0)
|            ( - 1.132e+02 3 0 QUESTION2_2_L -1 2.656e+01 1.100e+01)))
|    ( QUESTION3 -1 7.091e+02 8.915e+01 4.937e+01
|        ( QUESTION7 -1 3.924e+02 6.250e+01 3.104e+01
|            ( - 8.368e+01 2 0 WDBNDRY_B 0 2.024e+01 1.004e+01)
|            ( WDBNDRY_B 0 2.463e+02 4.663e+01 2.100e+01
|                ( - 1.226e+02 3 0 QUESTION2_3_L -1 3.240e+01 1.200e+01)
|                ( - 7.698e+01 3 0 QUESTION5 1 2.690e+01 9.000e+00)))
|        ( QUESTION2_17_L -1 2.275e+02 4.177e+01 1.834e+01
|            ( - 6.263e+01 1 0)
|            ( - 1.231e+02 2 0 WDBNDRY_B 0 3.006e+01 1.133e+01))))
s>    ( QUESTION6 1 1.564e+03 1.245e+02 1.037e+02
s>        ( QUESTION2_15_L -1 7.300e+02 9.032e+01 5.432e+01
s>            ( - 1.033e+02 1 0)
s>            ( QUESTION0 -1 5.364e+02 5.652e+01 4.233e+01
s>                ( - 3.667e+02 5 0)
s>                ( - 1.132e+02 3 0 QUESTION2_2_L -1 2.656e+01 1.100e+01)))
s>        ( QUESTION3 -1 7.091e+02 8.915e+01 4.937e+01
s>            ( QUESTION7 -1 3.924e+02 6.250e+01 3.104e+01
s>                ( - 8.368e+01 2 0 WDBNDRY_B 0 2.024e+01 1.004e+01)
s>                ( WDBNDRY_B 0 2.463e+02 4.663e+01 2.100e+01
s>                    ( - 1.226e+02 3 0 QUESTION2_3_L -1 3.240e+01 1.200e+01)
s>                    ( - 7.698e+01 3 0 QUESTION5 1 2.690e+01 9.000e+00)))
s>            ( QUESTION2_17_L -1 2.275e+02 4.177e+01 1.834e+01
s>                ( - 6.263e+01 1 0)
s>                ( - 1.231e+02 2 0 WDBNDRY_B 0 3.006e+01 1.133e+01))))INFO: dtree.c(1439): stop. leaf nodes are specific
INFO: dtree.c(1478): Final simple tree
|( QUESTION0 1 2.575e+03 1.681e+02 1.881e+02
|    ( WDBNDRY_B 0 1.389e+03 1.251e+02 1.101e+02
|        ( SILENCE -1 6.535e+02 3.177e+01 5.370e+01
|            ( - 3.389e+01 1 0)
|            ( - 5.879e+02 7 0))
|        ( - 6.100e+02 4 0))
|    ( QUESTION0 -1 1.018e+03 7.867e+01 7.802e+01
|        ( - 7.586e+02 3 0)
|        ( QUESTION2 -1 1.809e+02 4.647e+01 1.700e+01
|            ( - 7.972e+01 1 0)
|            ( QUESTION4 -1 5.473e+01 1.836e+01 6.000e+00
|                ( - 9.495e+00 1 0)
|                ( - 2.688e+01 1 0)))))
s>    ( QUESTION0 1 2.575e+03 1.681e+02 1.881e+02
s>        ( WDBNDRY_B 0 1.389e+03 1.251e+02 1.101e+02
s>            ( SILENCE -1 6.535e+02 3.177e+01 5.370e+01
s>                ( - 3.389e+01 1 0)
s>                ( - 5.879e+02 7 0))
s>            ( - 6.100e+02 4 0))
s>        ( QUESTION0 -1 1.018e+03 7.867e+01 7.802e+01
s>            ( - 7.586e+02 3 0)
s>            ( QUESTION2 -1 1.809e+02 4.647e+01 1.700e+01
s>                ( - 7.972e+01 1 0)
s>                ( QUESTION4 -1 5.473e+01 1.836e+01 6.000e+00
s>                    ( - 9.495e+00 1 0)
s>                    ( - 2.688e+01 1 0)))))INFO: dtree.c(1315): Comp split 5
INFO: dtree.c(1439): stop. leaf nodes are specific
INFO: dtree.c(1478): Final simple tree
|( QUESTION0_16_R 1 3.948e+02 8.291e+01 2.573e+01
|    ( QUESTION0 -1 1.601e+02 2.355e+01 1.439e+01
|        ( WDBNDRY_E 0 1.253e+02 2.173e+01 1.139e+01
|            ( - 1.536e+01 1 0)
|            ( - 8.821e+01 2 0))
|        ( - 1.129e+01 1 0))
|    ( QUESTION2 -1 1.517e+02 4.590e+01 1.134e+01
|        ( WDBNDRY_B 0 5.597e+01 2.260e+01 6.011e+00
|            ( - 2.870e+01 1 0)
|            ( - 4.668e+00 1 0))
|        ( QUESTION0 -1 4.986e+01 1.723e+01 5.332e+00
|            ( - 2.034e+00 1 0)
|            ( - 3.059e+01 1 0))))
s>    ( QUESTION0_16_R 1 3.948e+02 8.291e+01 2.573e+01
s>        ( QUESTION0 -1 1.601e+02 2.355e+01 1.439e+01
s>            ( WDBNDRY_E 0 1.253e+02 2.173e+01 1.139e+01
s>                ( - 1.536e+01 1 0)
s>                ( - 8.821e+01 2 0))
s>            ( - 1.129e+01 1 0))
s>        ( QUESTION2 -1 1.517e+02 4.590e+01 1.134e+01
s>            ( WDBNDRY_B 0 5.597e+01 2.260e+01 6.011e+00
s>                ( - 2.870e+01 1 0)
s>                ( - 4.668e+00 1 0))
s>            ( QUESTION0 -1 4.986e+01 1.723e+01 5.332e+00
s>                ( - 2.034e+00 1 0)
s>                ( - 3.059e+01 1 0))))INFO: dtree.c(1439): stop. leaf nodes are specific
INFO: dtree.c(1478): Final simple tree
|( QUESTION0 -1 1.166e+03 9.016e+01 7.462e+01
|    ( - 9.895e+02 8 0)
|    ( - 8.606e+01 2 0))
s>    ( QUESTION0 -1 1.166e+03 9.016e+01 7.462e+01
s>        ( - 9.895e+02 8 0)
s>        ( - 8.606e+01 2 0))INFO: dtree.c(1315): Comp split 6
INFO: dtree.c(1478): Final simple tree
|( QUESTION2 -1 7.692e+02 8.713e+01 5.435e+01
|    ( QUESTION2_12_L -1 5.434e+02 5.811e+01 4.143e+01
|        ( - 1.696e+02 2 0)
|        ( QUESTION2_2_L -1 3.157e+02 4.292e+01 2.642e+01
|            ( - 1.927e+02 3 0)
|            ( QUESTION2_14_L -1 8.008e+01 2.567e+01 7.999e+00
|                ( - 3.099e+01 2 0)
|                ( - 2.342e+01 1 0))))
|    ( QUESTION0_3_R 1 1.386e+02 4.661e+01 1.293e+01
|        ( QUESTION4 -1 6.808e+01 1.926e+01 8.916e+00
|            ( - 1.133e+01 1 0)
|            ( SILENCE -1 3.749e+01 8.040e+00 5.967e+00
|                ( - 1.428e+01 1 0)
|                ( - 1.517e+01 1 0)))
|        ( - 2.395e+01 1 0)))
s>    ( QUESTION2 -1 7.692e+02 8.713e+01 5.435e+01
s>        ( QUESTION2_12_L -1 5.434e+02 5.811e+01 4.143e+01
s>            ( - 1.696e+02 2 0)
s>            ( QUESTION2_2_L -1 3.157e+02 4.292e+01 2.642e+01
s>                ( - 1.927e+02 3 0)
s>                ( QUESTION2_14_L -1 8.008e+01 2.567e+01 7.999e+00
s>                    ( - 3.099e+01 2 0)
s>                    ( - 2.342e+01 1 0))))
s>        ( QUESTION0_3_R 1 1.386e+02 4.661e+01 1.293e+01
s>            ( QUESTION4 -1 6.808e+01 1.926e+01 8.916e+00
s>                ( - 1.133e+01 1 0)
s>                ( SILENCE -1 3.749e+01 8.040e+00 5.967e+00
s>                    ( - 1.428e+01 1 0)
s>                    ( - 1.517e+01 1 0)))
s>            ( - 2.395e+01 1 0)))INFO: dtree.c(1315): Comp split 7
INFO: dtree.c(1439): stop. leaf nodes are specific
INFO: dtree.c(1478): Final simple tree
|( WDBNDRY_B 0 1.533e+03 1.289e+02 1.211e+02
|    ( SILENCE -1 6.535e+02 3.177e+01 5.370e+01
|        ( - 3.389e+01 1 0)
|        ( - 5.879e+02 7 0))
|    ( QUESTION0 -1 7.505e+02 6.073e+01 6.736e+01
|        ( - 6.100e+02 4 0)
|        ( - 7.972e+01 1 0)))
s>    ( WDBNDRY_B 0 1.533e+03 1.289e+02 1.211e+02
s>        ( SILENCE -1 6.535e+02 3.177e+01 5.370e+01
s>            ( - 3.389e+01 1 0)
s>            ( - 5.879e+02 7 0))
s>        ( QUESTION0 -1 7.505e+02 6.073e+01 6.736e+01
s>            ( - 6.100e+02 4 0)
s>            ( - 7.972e+01 1 0)))INFO: dtree.c(1439): stop. leaf nodes are specific
INFO: dtree.c(1478): Final simple tree
|( QUESTION0 -1 8.701e+02 5.677e+01 6.702e+01
|    ( - 7.586e+02 3 0)
|    ( QUESTION4 -1 5.473e+01 1.836e+01 6.000e+00
|        ( - 9.495e+00 1 0)
|        ( - 2.688e+01 1 0)))
s>    ( QUESTION0 -1 8.701e+02 5.677e+01 6.702e+01
s>        ( - 7.586e+02 3 0)
s>        ( QUESTION4 -1 5.473e+01 1.836e+01 6.000e+00
s>            ( - 9.495e+00 1 0)
s>            ( - 2.688e+01 1 0)))INFO: dtree.c(1315): Comp split 8
INFO: dtree.c(1439): stop. leaf nodes are specific
INFO: dtree.c(1478): Final simple tree
|( WDBNDRY_B 0 5.114e+02 7.392e+01 3.202e+01
|    ( QUESTION0_3_R 1 8.504e+01 2.981e+01 8.000e+00
|        ( - 4.526e+01 2 0)
|        ( - 9.974e+00 1 0))
|    ( - 3.524e+02 4 0))
s>    ( WDBNDRY_B 0 5.114e+02 7.392e+01 3.202e+01
s>        ( QUESTION0_3_R 1 8.504e+01 2.981e+01 8.000e+00
s>            ( - 4.526e+01 2 0)
s>            ( - 9.974e+00 1 0))
s>        ( - 3.524e+02 4 0))INFO: dtree.c(1439): stop. leaf nodes are specific
INFO: dtree.c(1478): Final simple tree
|( QUESTION15 -1 4.321e+02 7.106e+01 2.942e+01
|    ( - 1.326e+02 3 0)
|    ( WDBNDRY_E 0 2.284e+02 5.097e+01 1.756e+01
|        ( - 7.167e+01 2 0)
|        ( QUESTION6 -1 1.058e+02 3.336e+01 1.056e+01
|            ( - 3.125e+01 1 0)
|            ( QUESTION5 -1 4.115e+01 1.426e+01 5.002e+00
|                ( - 1.731e+01 1 0)
|                ( WDBNDRY_B 0 9.581e+00 6.250e+00 2.000e+00
|                    ( - 8.337e-01 1 0)
|                    ( - 2.497e+00 1 0))))))
s>    ( QUESTION15 -1 4.321e+02 7.106e+01 2.942e+01
s>        ( - 1.326e+02 3 0)
s>        ( WDBNDRY_E 0 2.284e+02 5.097e+01 1.756e+01
s>            ( - 7.167e+01 2 0)
s>            ( QUESTION6 -1 1.058e+02 3.336e+01 1.056e+01
s>                ( - 3.125e+01 1 0)
s>                ( QUESTION5 -1 4.115e+01 1.426e+01 5.002e+00
s>                    ( - 1.731e+01 1 0)
s>                    ( WDBNDRY_B 0 9.581e+00 6.250e+00 2.000e+00
s>                        ( - 8.337e-01 1 0)
s>                        ( - 2.497e+00 1 0))))))INFO: dtree.c(1315): Comp split 9
INFO: dtree.c(1439): stop. leaf nodes are specific
INFO: dtree.c(1478): Final simple tree
|( WDBNDRY_E 0 6.035e+02 6.765e+01 4.322e+01
|    ( QUESTION0_5_R 1 9.673e+01 1.801e+01 1.097e+01
|        ( - 8.655e+00 1 0)
|        ( - 7.006e+01 2 0))
|    ( - 4.391e+02 4 0))
s>    ( WDBNDRY_E 0 6.035e+02 6.765e+01 4.322e+01
s>        ( QUESTION0_5_R 1 9.673e+01 1.801e+01 1.097e+01
s>            ( - 8.655e+00 1 0)
s>            ( - 7.006e+01 2 0))
s>        ( - 4.391e+02 4 0))INFO: dtree.c(1315): Comp split 10
INFO: dtree.c(1439): stop. leaf nodes are specific
INFO: dtree.c(1478): Final simple tree
|( QUESTION0 -1 7.938e+02 8.681e+01 5.937e+01
|    ( - 3.667e+02 5 0)
|    ( QUESTION2_11_L -1 3.402e+02 5.278e+01 2.804e+01
|        ( QUESTION0 1 1.388e+02 2.714e+01 1.300e+01
|            ( - 6.263e+01 1 0)
|            ( QUESTION2 -1 4.904e+01 1.753e+01 5.999e+00
|                ( - 1.108e+01 1 0)
|                ( - 2.043e+01 1 0)))
|        ( WDBNDRY_B 0 1.486e+02 2.893e+01 1.503e+01
|            ( QUESTION0 1 7.489e+01 1.869e+01 8.992e+00
|                ( - 1.862e+01 1 0)
|                ( - 3.758e+01 1 0))
|            ( - 4.482e+01 1 0))))
s>    ( QUESTION0 -1 7.938e+02 8.681e+01 5.937e+01
s>        ( - 3.667e+02 5 0)
s>        ( QUESTION2_11_L -1 3.402e+02 5.278e+01 2.804e+01
s>            ( QUESTION0 1 1.388e+02 2.714e+01 1.300e+01
s>                ( - 6.263e+01 1 0)
s>                ( QUESTION2 -1 4.904e+01 1.753e+01 5.999e+00
s>                    ( - 1.108e+01 1 0)
s>                    ( - 2.043e+01 1 0)))
s>            ( WDBNDRY_B 0 1.486e+02 2.893e+01 1.503e+01
s>                ( QUESTION0 1 7.489e+01 1.869e+01 8.992e+00
s>                    ( - 1.862e+01 1 0)
s>                    ( - 3.758e+01 1 0))
s>                ( - 4.482e+01 1 0))))INFO: dtree.c(1478): Final simple tree
|( WDBNDRY_B 0 6.239e+02 9.425e+01 4.433e+01
|    ( QUESTION0 1 3.474e+02 6.018e+01 2.799e+01
|        ( QUESTION2_3_L -1 1.840e+02 3.943e+01 1.600e+01
|            ( - 3.555e+01 1 0)
|            ( QUESTION2 -1 1.090e+02 2.343e+01 1.100e+01
|                ( - 3.091e+01 1 0)
|                ( QUESTION4 -1 5.469e+01 1.461e+01 7.002e+00
|                    ( - 1.807e+01 1 0)
|                    ( - 2.202e+01 1 0))))
|        ( - 1.033e+02 1 0))
|    ( QUESTION5 1 1.822e+02 4.502e+01 1.634e+01
|        ( QUESTION0 -1 1.019e+02 2.498e+01 1.134e+01
|            ( - 6.215e+01 1 0)
|            ( - 1.480e+01 1 0))
|        ( - 3.528e+01 2 0 WDBNDRY_E 0 1.427e+01 5.000e+00)))
s>    ( WDBNDRY_B 0 6.239e+02 9.425e+01 4.433e+01
s>        ( QUESTION0 1 3.474e+02 6.018e+01 2.799e+01
s>            ( QUESTION2_3_L -1 1.840e+02 3.943e+01 1.600e+01
s>                ( - 3.555e+01 1 0)
s>                ( QUESTION2 -1 1.090e+02 2.343e+01 1.100e+01
s>                    ( - 3.091e+01 1 0)
s>                    ( QUESTION4 -1 5.469e+01 1.461e+01 7.002e+00
s>                        ( - 1.807e+01 1 0)
s>                        ( - 2.202e+01 1 0))))
s>            ( - 1.033e+02 1 0))
s>        ( QUESTION5 1 1.822e+02 4.502e+01 1.634e+01
s>            ( QUESTION0 -1 1.019e+02 2.498e+01 1.134e+01
s>                ( - 6.215e+01 1 0)
s>                ( - 1.480e+01 1 0))
s>            ( - 3.528e+01 2 0 WDBNDRY_E 0 1.427e+01 5.000e+00)))INFO: dtree.c(1315): Comp split 11
INFO: dtree.c(1439): stop. leaf nodes are specific
INFO: dtree.c(1478): Final simple tree
|( QUESTION0 -1 7.505e+02 6.073e+01 6.736e+01
|    ( - 6.100e+02 4 0)
|    ( - 7.972e+01 1 0))
s>    ( QUESTION0 -1 7.505e+02 6.073e+01 6.736e+01
s>        ( - 6.100e+02 4 0)
s>        ( - 7.972e+01 1 0))INFO: dtree.c(1439): stop. leaf nodes are specific
INFO: dtree.c(1478): Final simple tree
|( SILENCE -1 6.535e+02 3.177e+01 5.370e+01
|    ( - 3.389e+01 1 0)
|    ( - 5.879e+02 7 0))
s>    ( SILENCE -1 6.535e+02 3.177e+01 5.370e+01
s>        ( - 3.389e+01 1 0)
s>        ( - 5.879e+02 7 0))INFO: dtree.c(1315): Comp split 12
INFO: dtree.c(1439): stop. leaf nodes are specific
INFO: dtree.c(1478): Final simple tree
|( WDBNDRY_B 0 2.623e+02 5.137e+01 2.234e+01
|    ( QUESTION2 -1 1.090e+02 2.343e+01 1.100e+01
|        ( - 3.091e+01 1 0)
|        ( QUESTION4 -1 5.469e+01 1.461e+01 7.002e+00
|            ( - 1.807e+01 1 0)
|            ( - 2.202e+01 1 0)))
|    ( QUESTION0 -1 1.019e+02 2.498e+01 1.134e+01
|        ( - 6.215e+01 1 0)
|        ( - 1.480e+01 1 0)))
s>    ( WDBNDRY_B 0 2.623e+02 5.137e+01 2.234e+01
s>        ( QUESTION2 -1 1.090e+02 2.343e+01 1.100e+01
s>            ( - 3.091e+01 1 0)
s>            ( QUESTION4 -1 5.469e+01 1.461e+01 7.002e+00
s>                ( - 1.807e+01 1 0)
s>                ( - 2.202e+01 1 0)))
s>        ( QUESTION0 -1 1.019e+02 2.498e+01 1.134e+01
s>            ( - 6.215e+01 1 0)
s>            ( - 1.480e+01 1 0)))INFO: dtree.c(1439): stop. leaf nodes are specific
INFO: dtree.c(1478): Final simple tree
|( QUESTION0 1 2.600e+02 6.210e+01 2.199e+01
|    ( WDBNDRY_B 0 7.795e+01 2.238e+01 9.000e+00
|        ( - 3.555e+01 1 0)
|        ( - 2.002e+01 1 0))
|    ( WDBNDRY_B 0 1.200e+02 1.573e+01 1.299e+01
|        ( - 1.033e+02 1 0)
|        ( - 9.923e-01 1 0)))
s>    ( QUESTION0 1 2.600e+02 6.210e+01 2.199e+01
s>        ( WDBNDRY_B 0 7.795e+01 2.238e+01 9.000e+00
s>            ( - 3.555e+01 1 0)
s>            ( - 2.002e+01 1 0))
s>        ( WDBNDRY_B 0 1.200e+02 1.573e+01 1.299e+01
s>            ( - 1.033e+02 1 0)
s>            ( - 9.923e-01 1 0)))INFO: dtree.c(1315): Comp split 13
INFO: dtree.c(1439): stop. leaf nodes are specific
INFO: dtree.c(1478): Final simple tree
|( QUESTION0_3_R 1 1.813e+02 4.929e+01 1.496e+01
|    ( QUESTION2_14_L -1 1.080e+02 3.271e+01 1.095e+01
|        ( - 3.099e+01 2 0)
|        ( QUESTION2 -1 4.432e+01 9.562e+00 6.949e+00
|            ( - 2.342e+01 1 0)
|            ( - 1.133e+01 1 0)))
|    ( - 2.395e+01 1 0))
s>    ( QUESTION0_3_R 1 1.813e+02 4.929e+01 1.496e+01
s>        ( QUESTION2_14_L -1 1.080e+02 3.271e+01 1.095e+01
s>            ( - 3.099e+01 2 0)
s>            ( QUESTION2 -1 4.432e+01 9.562e+00 6.949e+00
s>                ( - 2.342e+01 1 0)
s>                ( - 1.133e+01 1 0)))
s>        ( - 2.395e+01 1 0))INFO: dtree.c(1439): stop. leaf nodes are specific
INFO: dtree.c(1478): Final simple tree
|( QUESTION2_12_L -1 4.896e+02 5.808e+01 3.939e+01
|    ( - 1.696e+02 2 0)
|    ( QUESTION2 -1 2.619e+02 3.171e+01 2.438e+01
|        ( - 1.927e+02 3 0)
|        ( SILENCE -1 3.749e+01 8.040e+00 5.967e+00
|            ( - 1.428e+01 1 0)
|            ( - 1.517e+01 1 0))))
s>    ( QUESTION2_12_L -1 4.896e+02 5.808e+01 3.939e+01
s>        ( - 1.696e+02 2 0)
s>        ( QUESTION2 -1 2.619e+02 3.171e+01 2.438e+01
s>            ( - 1.927e+02 3 0)
s>            ( SILENCE -1 3.749e+01 8.040e+00 5.967e+00
s>                ( - 1.428e+01 1 0)
s>                ( - 1.517e+01 1 0))))INFO: dtree.c(1315): Comp split 14
INFO: dtree.c(1315): Comp split 15
INFO: dtree.c(1439): stop. leaf nodes are specific
INFO: dtree.c(1478): Final simple tree
|( QUESTION0 -1 4.024e+02 2.457e+01 3.434e+01
|    ( - 3.667e+02 5 0)
|    ( - 1.108e+01 1 0))
s>    ( QUESTION0 -1 4.024e+02 2.457e+01 3.434e+01
s>        ( - 3.667e+02 5 0)
s>        ( - 1.108e+01 1 0))INFO: dtree.c(1439): stop. leaf nodes are specific
INFO: dtree.c(1478): Final simple tree
|( QUESTION2_11_L -1 3.044e+02 4.920e+01 2.504e+01
|    ( QUESTION0 1 1.065e+02 2.346e+01 1.000e+01
|        ( - 6.263e+01 1 0)
|        ( - 2.043e+01 1 0))
|    ( WDBNDRY_B 0 1.486e+02 2.893e+01 1.503e+01
|        ( QUESTION0 1 7.489e+01 1.869e+01 8.992e+00
|            ( - 1.862e+01 1 0)
|            ( - 3.758e+01 1 0))
|        ( - 4.482e+01 1 0)))
s>    ( QUESTION2_11_L -1 3.044e+02 4.920e+01 2.504e+01
s>        ( QUESTION0 1 1.065e+02 2.346e+01 1.000e+01
s>            ( - 6.263e+01 1 0)
s>            ( - 2.043e+01 1 0))
s>        ( WDBNDRY_B 0 1.486e+02 2.893e+01 1.503e+01
s>            ( QUESTION0 1 7.489e+01 1.869e+01 8.992e+00
s>                ( - 1.862e+01 1 0)
s>                ( - 3.758e+01 1 0))
s>            ( - 4.482e+01 1 0)))INFO: dtree.c(1315): Comp split 16
INFO: dtree.c(1439): stop. leaf nodes are specific
INFO: dtree.c(1478): Final simple tree
|( WDBNDRY_E 0 1.853e+02 3.131e+01 1.572e+01
|    ( QUESTION0_12_R 1 3.042e+01 1.303e+01 4.335e+00
|        ( - 2.034e+00 1 0)
|        ( - 1.536e+01 1 0))
|    ( QUESTION0 -1 1.236e+02 2.407e+01 1.139e+01
|        ( - 8.821e+01 2 0)
|        ( - 1.129e+01 1 0)))
s>    ( WDBNDRY_E 0 1.853e+02 3.131e+01 1.572e+01
s>        ( QUESTION0_12_R 1 3.042e+01 1.303e+01 4.335e+00
s>            ( - 2.034e+00 1 0)
s>            ( - 1.536e+01 1 0))
s>        ( QUESTION0 -1 1.236e+02 2.407e+01 1.139e+01
s>            ( - 8.821e+01 2 0)
s>            ( - 1.129e+01 1 0)))INFO: dtree.c(1439): stop. leaf nodes are specific
INFO: dtree.c(1478): Final simple tree
|( WDBNDRY_B 0 1.260e+02 3.955e+01 1.001e+01
|    ( - 2.870e+01 1 0)
|    ( QUESTION2 -1 5.777e+01 2.251e+01 6.007e+00
|        ( - 4.668e+00 1 0)
|        ( - 3.059e+01 1 0)))
s>    ( WDBNDRY_B 0 1.260e+02 3.955e+01 1.001e+01
s>        ( - 2.870e+01 1 0)
s>        ( QUESTION2 -1 5.777e+01 2.251e+01 6.007e+00
s>            ( - 4.668e+00 1 0)
s>            ( - 3.059e+01 1 0)))INFO: dtree.c(1315): Comp split 17
INFO: dtree.c(1439): stop. leaf nodes are specific
INFO: dtree.c(1478): Final simple tree
|( QUESTION0_3_R 1 8.504e+01 2.981e+01 8.000e+00
|    ( - 4.526e+01 2 0)
|    ( - 9.974e+00 1 0))
s>    ( QUESTION0_3_R 1 8.504e+01 2.981e+01 8.000e+00
s>        ( - 4.526e+01 2 0)
s>        ( - 9.974e+00 1 0))INFO: dtree.c(1315): Comp split 18
INFO: dtree.c(1439): stop. leaf nodes are specific
INFO: dtree.c(1478): Final simple tree
|( QUESTION4 -1 1.478e+02 1.264e+01 1.286e+01
|    ( - 2.497e+00 1 0)
|    ( - 1.326e+02 3 0))
s>    ( QUESTION4 -1 1.478e+02 1.264e+01 1.286e+01
s>        ( - 2.497e+00 1 0)
s>        ( - 1.326e+02 3 0))INFO: dtree.c(1439): stop. leaf nodes are specific
INFO: dtree.c(1478): Final simple tree
|( WDBNDRY_E 0 2.117e+02 5.073e+01 1.656e+01
|    ( - 7.167e+01 2 0)
|    ( QUESTION6 -1 8.927e+01 3.075e+01 9.558e+00
|        ( - 3.125e+01 1 0)
|        ( WDBNDRY_B 0 2.727e+01 9.122e+00 4.002e+00
|            ( - 8.337e-01 1 0)
|            ( - 1.731e+01 1 0))))
s>    ( WDBNDRY_E 0 2.117e+02 5.073e+01 1.656e+01
s>        ( - 7.167e+01 2 0)
s>        ( QUESTION6 -1 8.927e+01 3.075e+01 9.558e+00
s>            ( - 3.125e+01 1 0)
s>            ( WDBNDRY_B 0 2.727e+01 9.122e+00 4.002e+00
s>                ( - 8.337e-01 1 0)
s>                ( - 1.731e+01 1 0))))INFO: dtree.c(1315): Comp split 19
INFO: dtree.c(1439): stop. leaf nodes are specific
INFO: dtree.c(1478): Final simple tree
|( QUESTION0_5_R 1 9.673e+01 1.801e+01 1.097e+01
|    ( - 8.655e+00 1 0)
|    ( - 7.006e+01 2 0))
s>    ( QUESTION0_5_R 1 9.673e+01 1.801e+01 1.097e+01
s>        ( - 8.655e+00 1 0)
s>        ( - 7.006e+01 2 0))INFO: dtree.c(1315): Comp split 20
INFO: dtree.c(1439): stop. leaf nodes are specific
INFO: dtree.c(1478): Final simple tree
|( WDBNDRY_B 0 1.200e+02 1.573e+01 1.299e+01
|    ( - 1.033e+02 1 0)
|    ( - 9.923e-01 1 0))
s>    ( WDBNDRY_B 0 1.200e+02 1.573e+01 1.299e+01
s>        ( - 1.033e+02 1 0)
s>        ( - 9.923e-01 1 0))INFO: dtree.c(1439): stop. leaf nodes are specific
INFO: dtree.c(1478): Final simple tree
|( WDBNDRY_B 0 7.795e+01 2.238e+01 9.000e+00
|    ( - 3.555e+01 1 0)
|    ( - 2.002e+01 1 0))
s>    ( WDBNDRY_B 0 7.795e+01 2.238e+01 9.000e+00
s>        ( - 3.555e+01 1 0)
s>        ( - 2.002e+01 1 0))INFO: dtree.c(1315): Comp split 21
INFO: dtree.c(1315): Comp split 22
INFO: dtree.c(1439): stop. leaf nodes are specific
INFO: dtree.c(1478): Final simple tree
|( QUESTION2 -1 2.619e+02 3.171e+01 2.438e+01
|    ( - 1.927e+02 3 0)
|    ( SILENCE -1 3.749e+01 8.040e+00 5.967e+00
|        ( - 1.428e+01 1 0)
|        ( - 1.517e+01 1 0)))
s>    ( QUESTION2 -1 2.619e+02 3.171e+01 2.438e+01
s>        ( - 1.927e+02 3 0)
s>        ( SILENCE -1 3.749e+01 8.040e+00 5.967e+00
s>            ( - 1.428e+01 1 0)
s>            ( - 1.517e+01 1 0)))INFO: dtree.c(1315): Comp split 23
INFO: dtree.c(1439): stop. leaf nodes are specific
INFO: dtree.c(1478): Final simple tree
|( QUESTION4 -1 5.473e+01 1.836e+01 6.000e+00
|    ( - 9.495e+00 1 0)
|    ( - 2.688e+01 1 0))
s>    ( QUESTION4 -1 5.473e+01 1.836e+01 6.000e+00
s>        ( - 9.495e+00 1 0)
s>        ( - 2.688e+01 1 0))INFO: dtree.c(1315): Comp split 24
INFO: dtree.c(1439): stop. leaf nodes are specific
INFO: dtree.c(1478): Final simple tree
|( QUESTION2 -1 1.090e+02 2.343e+01 1.100e+01
|    ( - 3.091e+01 1 0)
|    ( QUESTION4 -1 5.469e+01 1.461e+01 7.002e+00
|        ( - 1.807e+01 1 0)
|        ( - 2.202e+01 1 0)))
s>    ( QUESTION2 -1 1.090e+02 2.343e+01 1.100e+01
s>        ( - 3.091e+01 1 0)
s>        ( QUESTION4 -1 5.469e+01 1.461e+01 7.002e+00
s>            ( - 1.807e+01 1 0)
s>            ( - 2.202e+01 1 0)))INFO: dtree.c(1439): stop. leaf nodes are specific
INFO: dtree.c(1478): Final simple tree
|( QUESTION0 -1 1.019e+02 2.498e+01 1.134e+01
|    ( - 6.215e+01 1 0)
|    ( - 1.480e+01 1 0))
s>    ( QUESTION0 -1 1.019e+02 2.498e+01 1.134e+01
s>        ( - 6.215e+01 1 0)
s>        ( - 1.480e+01 1 0))INFO: dtree.c(1315): Comp split 25
INFO: dtree.c(1439): stop. leaf nodes are specific
INFO: dtree.c(1478): Final simple tree
|( QUESTION2 -1 4.432e+01 9.562e+00 6.949e+00
|    ( - 2.342e+01 1 0)
|    ( - 1.133e+01 1 0))
s>    ( QUESTION2 -1 4.432e+01 9.562e+00 6.949e+00
s>        ( - 2.342e+01 1 0)
s>        ( - 1.133e+01 1 0))INFO: dtree.c(1439): stop. leaf nodes are specific
INFO: dtree.c(1478): Final simple tree
|( QUESTION0_3_R 1 8.590e+01 3.096e+01 8.012e+00
|    ( - 3.099e+01 2 0)
|    ( - 2.395e+01 1 0))
s>    ( QUESTION0_3_R 1 8.590e+01 3.096e+01 8.012e+00
s>        ( - 3.099e+01 2 0)
s>        ( - 2.395e+01 1 0))INFO: dtree.c(1315): Comp split 26
INFO: dtree.c(1439): stop. leaf nodes are specific
INFO: dtree.c(1478): Final simple tree
|( QUESTION2 -1 1.201e+02 2.769e+01 1.199e+01
|    ( - 3.758e+01 1 0)
|    ( QUESTION0 1 5.485e+01 1.580e+01 6.994e+00
|        ( - 1.862e+01 1 0)
|        ( - 2.043e+01 1 0)))
s>    ( QUESTION2 -1 1.201e+02 2.769e+01 1.199e+01
s>        ( - 3.758e+01 1 0)
s>        ( QUESTION0 1 5.485e+01 1.580e+01 6.994e+00
s>            ( - 1.862e+01 1 0)
s>            ( - 2.043e+01 1 0)))INFO: dtree.c(1439): stop. leaf nodes are specific
INFO: dtree.c(1478): Final simple tree
|( WDBNDRY_B 0 1.334e+02 2.597e+01 1.304e+01
|    ( - 6.263e+01 1 0)
|    ( - 4.482e+01 1 0))
s>    ( WDBNDRY_B 0 1.334e+02 2.597e+01 1.304e+01
s>        ( - 6.263e+01 1 0)
s>        ( - 4.482e+01 1 0))INFO: dtree.c(1315): Comp split 27
INFO: dtree.c(1439): stop. leaf nodes are specific
INFO: dtree.c(1478): Final simple tree
|( QUESTION6 -1 8.927e+01 3.075e+01 9.558e+00
|    ( - 3.125e+01 1 0)
|    ( WDBNDRY_B 0 2.727e+01 9.122e+00 4.002e+00
|        ( - 8.337e-01 1 0)
|        ( - 1.731e+01 1 0)))
s>    ( QUESTION6 -1 8.927e+01 3.075e+01 9.558e+00
s>        ( - 3.125e+01 1 0)
s>        ( WDBNDRY_B 0 2.727e+01 9.122e+00 4.002e+00
s>            ( - 8.337e-01 1 0)
s>            ( - 1.731e+01 1 0)))INFO: dtree.c(1315): Comp split 28
INFO: dtree.c(1439): stop. leaf nodes are specific
INFO: dtree.c(1478): Final simple tree
|( QUESTION2 -1 5.777e+01 2.251e+01 6.007e+00
|    ( - 4.668e+00 1 0)
|    ( - 3.059e+01 1 0))
s>    ( QUESTION2 -1 5.777e+01 2.251e+01 6.007e+00
s>        ( - 4.668e+00 1 0)
s>        ( - 3.059e+01 1 0))INFO: dtree.c(1315): Comp split 29
INFO: dtree.c(1439): stop. leaf nodes are specific
INFO: dtree.c(1478): Final simple tree
|( QUESTION0_12_R 1 5.898e+01 1.771e+01 7.335e+00
|    ( - 2.034e+00 1 0)
|    ( WDBNDRY_E 0 3.924e+01 1.259e+01 6.000e+00
|        ( - 1.536e+01 1 0)
|        ( - 1.129e+01 1 0)))
s>    ( QUESTION0_12_R 1 5.898e+01 1.771e+01 7.335e+00
s>        ( - 2.034e+00 1 0)
s>        ( WDBNDRY_E 0 3.924e+01 1.259e+01 6.000e+00
s>            ( - 1.536e+01 1 0)
s>            ( - 1.129e+01 1 0)))INFO: dtree.c(1315): Comp split 30
INFO: dtree.c(1315): Comp split 31
INFO: dtree.c(1439): stop. leaf nodes are specific
INFO: dtree.c(1478): Final simple tree
|( SILENCE -1 3.749e+01 8.040e+00 5.967e+00
|    ( - 1.428e+01 1 0)
|    ( - 1.517e+01 1 0))
s>    ( SILENCE -1 3.749e+01 8.040e+00 5.967e+00
s>        ( - 1.428e+01 1 0)
s>        ( - 1.517e+01 1 0))INFO: dtree.c(1315): Comp split 32
INFO: dtree.c(1315): Comp split 33
INFO: dtree.c(1439): stop. leaf nodes are specific
INFO: dtree.c(1478): Final simple tree
|( WDBNDRY_B 0 2.727e+01 9.122e+00 4.002e+00
|    ( - 8.337e-01 1 0)
|    ( - 1.731e+01 1 0))
s>    ( WDBNDRY_B 0 2.727e+01 9.122e+00 4.002e+00
s>        ( - 8.337e-01 1 0)
s>        ( - 1.731e+01 1 0))INFO: dtree.c(1315): Comp split 34
INFO: dtree.c(1315): Comp split 35
INFO: dtree.c(1439): stop. leaf nodes are specific
INFO: dtree.c(1478): Final simple tree
|( QUESTION0 1 5.485e+01 1.580e+01 6.994e+00
|    ( - 1.862e+01 1 0)
|    ( - 2.043e+01 1 0))
s>    ( QUESTION0 1 5.485e+01 1.580e+01 6.994e+00
s>        ( - 1.862e+01 1 0)
s>        ( - 2.043e+01 1 0))INFO: dtree.c(1315): Comp split 36
INFO: dtree.c(1315): Comp split 37
INFO: dtree.c(1315): Comp split 38
INFO: dtree.c(1315): Comp split 39
INFO: dtree.c(1439): stop. leaf nodes are specific
INFO: dtree.c(1478): Final simple tree
|( QUESTION4 -1 5.469e+01 1.461e+01 7.002e+00
|    ( - 1.807e+01 1 0)
|    ( - 2.202e+01 1 0))
s>    ( QUESTION4 -1 5.469e+01 1.461e+01 7.002e+00
s>        ( - 1.807e+01 1 0)
s>        ( - 2.202e+01 1 0))INFO: dtree.c(1315): Comp split 40
INFO: dtree.c(1315): Comp split 41
INFO: dtree.c(1315): Comp split 42
INFO: dtree.c(1315): Comp split 43
INFO: dtree.c(1315): Comp split 44
INFO: dtree.c(1439): stop. leaf nodes are specific
INFO: dtree.c(1478): Final simple tree
|( WDBNDRY_E 0 3.924e+01 1.259e+01 6.000e+00
|    ( - 1.536e+01 1 0)
|    ( - 1.129e+01 1 0))
s>    ( WDBNDRY_E 0 3.924e+01 1.259e+01 6.000e+00
s>        ( - 1.536e+01 1 0)
s>        ( - 1.129e+01 1 0))INFO: dtree.c(1315): Comp split 45
INFO: dtree.c(1315): Comp split 46
INFO: dtree.c(1315): Comp split 47
INFO: dtree.c(1315): Comp split 48
INFO: dtree.c(1315): Comp split 49
INFO: dtree.c(1315): Comp split 50
INFO: dtree.c(1315): Comp split 51
INFO: dtree.c(1315): Comp split 52
INFO: dtree.c(1315): Comp split 53
INFO: dtree.c(1318): stop. leaf nodes are specific
!!!!!!!!Allocated 67 lines
Thu Apr  7 00:24:17 2016
