Current configuration:
[NAME]		[DEFLT]	[VALUE]
-allphones	no	no
-cntthresh	0.00001	1.000000e-05
-csplitmax	100	2000
-csplitmin	1	1
-csplitthr	8e-4	0.000000e+00
-example	no	no
-fullvar	no	no
-help		no	no
-meanfn			/home/yaroslav/model/model_parameters/ua.cd_cont_untied/means
-mixwfn			/home/yaroslav/model/model_parameters/ua.cd_cont_untied/mixture_weights
-moddeffn		/home/yaroslav/model/model_architecture/ua.untied.mdef
-mwfloor	1e-4	1.000000e-08
-phone			L
-psetfn			/home/yaroslav/model/model_architecture/ua.tree_questions
-ssplitmax	5	7
-ssplitmin	1	1
-ssplitthr	8e-4	0.000000e+00
-state			0
-stwt			1.0,0.05,0.0,
-treefn			/home/yaroslav/model/trees/ua.unpruned/L-0.dtree
-ts2cbfn	.semi.	.cont.
-varfloor	0.00001	1.000000e-05
-varfn			/home/yaroslav/model/model_parameters/ua.cd_cont_untied/variances

INFO: main.c(223): Reading: /home/yaroslav/model/model_architecture/ua.untied.mdef
INFO: model_def_io.c(573): Model definition info:
INFO: model_def_io.c(574): 9391 total models defined (51 base, 9340 tri)
INFO: model_def_io.c(575): 37564 total states
INFO: model_def_io.c(576): 28173 total tied states
INFO: model_def_io.c(577): 153 total tied CI states
INFO: model_def_io.c(578): 51 total tied transition matrices
INFO: model_def_io.c(579): 4 max state/model
INFO: model_def_io.c(580): 4 min state/model
INFO: main.c(242): Building trees for [L A A b] through [L І Y i]
INFO: main.c(269): Covering states |[9663 10049]| == 387
INFO: main.c(275): Reading: /home/yaroslav/model/model_parameters/ua.cd_cont_untied/mixture_weights
INFO: s3mixw_io.c(173): Read /home/yaroslav/model/model_parameters/ua.cd_cont_untied/mixture_weights [387x1x1 array]
INFO: main.c(311): 121 of 129 models have observation count greater than 0.000010
INFO: main.c(95): nrm stwt: 0.952 0.048 0.000 
INFO: s3gau_io.c(169): Read /home/yaroslav/model/model_parameters/ua.cd_cont_untied/means [28173x1x1 array]
INFO: s3gau_io.c(169): Read /home/yaroslav/model/model_parameters/ua.cd_cont_untied/variances [28173x1x1 array]
INFO: main.c(549): Reading: /home/yaroslav/model/model_architecture/ua.tree_questions
INFO: main.c(588): 174 total simple questions (166 phone; 8 word bndry)
INFO: main.c(590): 40 Left Only questions, and 42 Right Only questions
INFO: dtree.c(1478): Final simple tree
|( QUESTION2_1_L -1 -2.677e+05 5.517e+03 3.491e+03
|    ( QUESTION18 1 -1.528e+05 1.123e+03 2.115e+03
|        ( - -8.174e+04 15 0 QUESTION0 -1 3.107e+02 1.162e+03)
|        ( QUESTION0_1_R 1 -6.997e+04 6.061e+02 9.521e+02
|            ( - -2.001e+03 3 0 WDBNDRY_E 0 2.745e+02 2.402e+01)
|            ( - -6.736e+04 28 0 WDBNDRY_I 0 4.085e+02 9.281e+02)))
|    ( QUESTION12 -1 -1.093e+05 2.951e+03 1.377e+03
|        ( QUESTION0_8_R 1 -4.500e+04 5.696e+02 6.000e+02
|            ( - -1.086e+03 1 0)
|            ( - -4.334e+04 32 0 QUESTION10 1 4.033e+02 5.803e+02))
|        ( SILENCE -1 -6.137e+04 7.561e+02 7.767e+02
|            ( - -5.058e+03 3 0 QUESTION10 1 1.830e+02 6.642e+01)
|            ( QUESTION10 1 -5.556e+04 6.186e+02 7.102e+02
|                ( - -2.067e+04 18 0 QUESTION2_12_L -1 2.969e+02 2.601e+02)
|                ( - -3.427e+04 21 0 QUESTION4 -1 3.630e+02 4.502e+02)))))
s>    ( QUESTION2_1_L -1 -2.677e+05 5.517e+03 3.491e+03
s>        ( QUESTION18 1 -1.528e+05 1.123e+03 2.115e+03
s>            ( - -8.174e+04 15 0 QUESTION0 -1 3.107e+02 1.162e+03)
s>            ( QUESTION0_1_R 1 -6.997e+04 6.061e+02 9.521e+02
s>                ( - -2.001e+03 3 0 WDBNDRY_E 0 2.745e+02 2.402e+01)
s>                ( - -6.736e+04 28 0 WDBNDRY_I 0 4.085e+02 9.281e+02)))
s>        ( QUESTION12 -1 -1.093e+05 2.951e+03 1.377e+03
s>            ( QUESTION0_8_R 1 -4.500e+04 5.696e+02 6.000e+02
s>                ( - -1.086e+03 1 0)
s>                ( - -4.334e+04 32 0 QUESTION10 1 4.033e+02 5.803e+02))
s>            ( SILENCE -1 -6.137e+04 7.561e+02 7.767e+02
s>                ( - -5.058e+03 3 0 QUESTION10 1 1.830e+02 6.642e+01)
s>                ( QUESTION10 1 -5.556e+04 6.186e+02 7.102e+02
s>                    ( - -2.067e+04 18 0 QUESTION2_12_L -1 2.969e+02 2.601e+02)
s>                    ( - -3.427e+04 21 0 QUESTION4 -1 3.630e+02 4.502e+02)))))INFO: dtree.c(1315): Comp split 0
INFO: dtree.c(1478): Final simple tree
|( SILENCE -1 -6.553e+04 7.191e+02 8.204e+02
|    ( - -5.058e+03 3 0 QUESTION10 1 1.830e+02 6.642e+01)
|    ( QUESTION10 1 -5.975e+04 7.284e+02 7.539e+02
|        ( QUESTION0_0_R 1 -2.475e+04 5.993e+02 3.038e+02
|            ( QUESTION10 -1 -3.483e+03 3.969e+02 4.370e+01
|                ( - -1.086e+03 1 0)
|                ( - -2.001e+03 3 0 WDBNDRY_E 0 2.745e+02 2.402e+01))
|            ( QUESTION2_12_L -1 -2.067e+04 2.969e+02 2.601e+02
|                ( - -1.303e+04 14 0 QUESTION6 -1 2.130e+02 1.660e+02)
|                ( - -7.340e+03 4 0 QUESTION1 -1 2.191e+02 9.410e+01)))
|        ( QUESTION4 -1 -3.427e+04 3.630e+02 4.502e+02
|            ( QUESTION7 -1 -1.610e+04 2.856e+02 2.119e+02
|                ( - -4.930e+03 3 0 QUESTION2_0_L -1 1.416e+02 6.748e+01)
|                ( - -1.089e+04 5 0 WDBNDRY_B 0 1.633e+02 1.444e+02))
|            ( - -1.781e+04 13 0 QUESTION10 -1 1.970e+02 2.383e+02))))
s>    ( SILENCE -1 -6.553e+04 7.191e+02 8.204e+02
s>        ( - -5.058e+03 3 0 QUESTION10 1 1.830e+02 6.642e+01)
s>        ( QUESTION10 1 -5.975e+04 7.284e+02 7.539e+02
s>            ( QUESTION0_0_R 1 -2.475e+04 5.993e+02 3.038e+02
s>                ( QUESTION10 -1 -3.483e+03 3.969e+02 4.370e+01
s>                    ( - -1.086e+03 1 0)
s>                    ( - -2.001e+03 3 0 WDBNDRY_E 0 2.745e+02 2.402e+01))
s>                ( QUESTION2_12_L -1 -2.067e+04 2.969e+02 2.601e+02
s>                    ( - -1.303e+04 14 0 QUESTION6 -1 2.130e+02 1.660e+02)
s>                    ( - -7.340e+03 4 0 QUESTION1 -1 2.191e+02 9.410e+01)))
s>            ( QUESTION4 -1 -3.427e+04 3.630e+02 4.502e+02
s>                ( QUESTION7 -1 -1.610e+04 2.856e+02 2.119e+02
s>                    ( - -4.930e+03 3 0 QUESTION2_0_L -1 1.416e+02 6.748e+01)
s>                    ( - -1.089e+04 5 0 WDBNDRY_B 0 1.633e+02 1.444e+02))
s>                ( - -1.781e+04 13 0 QUESTION10 -1 1.970e+02 2.383e+02))))INFO: dtree.c(1478): Final simple tree
|( QUESTION12 -1 -1.961e+05 2.619e+03 2.671e+03
|    ( QUESTION10 1 -4.334e+04 4.033e+02 5.803e+02
|        ( - -2.589e+04 12 0 QUESTION2_0_L -1 2.511e+02 3.446e+02)
|        ( QUESTION14 -1 -1.705e+04 3.202e+02 2.357e+02
|            ( - 2.440e+02 1 0)
|            ( - -1.697e+04 19 0 QUESTION16 -1 2.269e+02 2.347e+02)))
|    ( QUESTION10 1 -1.501e+05 1.043e+03 2.091e+03
|        ( QUESTION0 -1 -8.174e+04 3.107e+02 1.162e+03
|            ( - 2.359e+02 1 0)
|            ( - -8.167e+04 14 0 WDBNDRY_B 0 3.004e+02 1.161e+03))
|        ( WDBNDRY_I 0 -6.736e+04 4.085e+02 9.281e+02
|            ( QUESTION0_18_R 1 -6.298e+04 3.221e+02 8.640e+02
|                ( - 2.440e+02 1 0)
|                ( - -6.290e+04 18 0 QUESTION10 -1 2.461e+02 8.630e+02))
|            ( - -3.974e+03 9 0 SILENCE 1 2.398e+02 6.411e+01))))
s>    ( QUESTION12 -1 -1.961e+05 2.619e+03 2.671e+03
s>        ( QUESTION10 1 -4.334e+04 4.033e+02 5.803e+02
s>            ( - -2.589e+04 12 0 QUESTION2_0_L -1 2.511e+02 3.446e+02)
s>            ( QUESTION14 -1 -1.705e+04 3.202e+02 2.357e+02
s>                ( - 2.440e+02 1 0)
s>                ( - -1.697e+04 19 0 QUESTION16 -1 2.269e+02 2.347e+02)))
s>        ( QUESTION10 1 -1.501e+05 1.043e+03 2.091e+03
s>            ( QUESTION0 -1 -8.174e+04 3.107e+02 1.162e+03
s>                ( - 2.359e+02 1 0)
s>                ( - -8.167e+04 14 0 WDBNDRY_B 0 3.004e+02 1.161e+03))
s>            ( WDBNDRY_I 0 -6.736e+04 4.085e+02 9.281e+02
s>                ( QUESTION0_18_R 1 -6.298e+04 3.221e+02 8.640e+02
s>                    ( - 2.440e+02 1 0)
s>                    ( - -6.290e+04 18 0 QUESTION10 -1 2.461e+02 8.630e+02))
s>                ( - -3.974e+03 9 0 SILENCE 1 2.398e+02 6.411e+01))))INFO: dtree.c(1315): Comp split 1
INFO: dtree.c(1478): Final simple tree
|( QUESTION10 1 -1.501e+05 1.046e+03 2.090e+03
|    ( WDBNDRY_B 0 -8.167e+04 3.004e+02 1.161e+03
|        ( - -4.194e+03 5 0)
|        ( QUESTION10 -1 -7.717e+04 2.036e+02 1.098e+03
|            ( - -2.830e+02 1 0)
|            ( - -7.668e+04 8 0)))
|    ( WDBNDRY_I 0 -6.736e+04 4.085e+02 9.281e+02
|        ( QUESTION0_18_R 1 -6.298e+04 3.221e+02 8.640e+02
|            ( - 2.440e+02 1 0)
|            ( QUESTION10 -1 -6.290e+04 2.461e+02 8.630e+02
|                ( - -5.307e+01 1 0)
|                ( - -6.261e+04 17 0 QUESTION0_0_R 1 2.034e+02 8.590e+02)))
|        ( SILENCE 1 -3.974e+03 2.398e+02 6.411e+01
|            ( - -1.261e+03 1 0)
|            ( - -2.474e+03 8 0 WDBNDRY_B 0 1.140e+02 4.012e+01))))
s>    ( QUESTION10 1 -1.501e+05 1.046e+03 2.090e+03
s>        ( WDBNDRY_B 0 -8.167e+04 3.004e+02 1.161e+03
s>            ( - -4.194e+03 5 0)
s>            ( QUESTION10 -1 -7.717e+04 2.036e+02 1.098e+03
s>                ( - -2.830e+02 1 0)
s>                ( - -7.668e+04 8 0)))
s>        ( WDBNDRY_I 0 -6.736e+04 4.085e+02 9.281e+02
s>            ( QUESTION0_18_R 1 -6.298e+04 3.221e+02 8.640e+02
s>                ( - 2.440e+02 1 0)
s>                ( QUESTION10 -1 -6.290e+04 2.461e+02 8.630e+02
s>                    ( - -5.307e+01 1 0)
s>                    ( - -6.261e+04 17 0 QUESTION0_0_R 1 2.034e+02 8.590e+02)))
s>            ( SILENCE 1 -3.974e+03 2.398e+02 6.411e+01
s>                ( - -1.261e+03 1 0)
s>                ( - -2.474e+03 8 0 WDBNDRY_B 0 1.140e+02 4.012e+01))))INFO: dtree.c(1478): Final simple tree
|( QUESTION10 1 -4.341e+04 4.003e+02 5.813e+02
|    ( QUESTION0 -1 -2.596e+04 3.031e+02 3.456e+02
|        ( - 2.359e+02 1 0)
|        ( QUESTION2_0_L -1 -2.589e+04 2.511e+02 3.446e+02
|            ( QUESTION13 -1 -2.288e+04 2.066e+02 3.075e+02
|                ( WDBNDRY_B 0 -4.250e+03 2.027e+02 5.809e+01
|                    ( - -4.043e+03 2 0)
|                    ( - -4.391e+00 1 0))
|                ( - -1.842e+04 6 0 WDBNDRY_B 0 1.689e+02 2.494e+02))
|            ( - -2.757e+03 3 0 WDBNDRY_B 0 1.442e+02 3.717e+01)))
|    ( QUESTION14 -1 -1.705e+04 3.202e+02 2.357e+02
|        ( - 2.440e+02 1 0)
|        ( QUESTION16 -1 -1.697e+04 2.269e+02 2.347e+02
|            ( - -7.284e+02 1 0)
|            ( - -1.602e+04 18 0 QUESTION0_12_R 1 1.872e+02 2.215e+02))))
s>    ( QUESTION10 1 -4.341e+04 4.003e+02 5.813e+02
s>        ( QUESTION0 -1 -2.596e+04 3.031e+02 3.456e+02
s>            ( - 2.359e+02 1 0)
s>            ( QUESTION2_0_L -1 -2.589e+04 2.511e+02 3.446e+02
s>                ( QUESTION13 -1 -2.288e+04 2.066e+02 3.075e+02
s>                    ( WDBNDRY_B 0 -4.250e+03 2.027e+02 5.809e+01
s>                        ( - -4.043e+03 2 0)
s>                        ( - -4.391e+00 1 0))
s>                    ( - -1.842e+04 6 0 WDBNDRY_B 0 1.689e+02 2.494e+02))
s>                ( - -2.757e+03 3 0 WDBNDRY_B 0 1.442e+02 3.717e+01)))
s>        ( QUESTION14 -1 -1.705e+04 3.202e+02 2.357e+02
s>            ( - 2.440e+02 1 0)
s>            ( QUESTION16 -1 -1.697e+04 2.269e+02 2.347e+02
s>                ( - -7.284e+02 1 0)
s>                ( - -1.602e+04 18 0 QUESTION0_12_R 1 1.872e+02 2.215e+02))))INFO: dtree.c(1315): Comp split 2
INFO: dtree.c(1439): stop. leaf nodes are specific
INFO: dtree.c(1478): Final simple tree
|( WDBNDRY_B 0 -8.196e+04 2.981e+02 1.165e+03
|    ( - -4.194e+03 5 0)
|    ( QUESTION10 1 -7.747e+04 2.449e+02 1.102e+03
|        ( QUESTION10 -1 -7.717e+04 2.036e+02 1.098e+03
|            ( - -2.830e+02 1 0)
|            ( - -7.668e+04 8 0))
|        ( - -5.307e+01 1 0)))
s>    ( WDBNDRY_B 0 -8.196e+04 2.981e+02 1.165e+03
s>        ( - -4.194e+03 5 0)
s>        ( QUESTION10 1 -7.747e+04 2.449e+02 1.102e+03
s>            ( QUESTION10 -1 -7.717e+04 2.036e+02 1.098e+03
s>                ( - -2.830e+02 1 0)
s>                ( - -7.668e+04 8 0))
s>            ( - -5.307e+01 1 0)))INFO: dtree.c(1439): stop. leaf nodes are specific
INFO: dtree.c(1478): Final simple tree
|( WDBNDRY_I 0 -6.707e+04 4.079e+02 9.241e+02
|    ( QUESTION0_18_R 1 -6.268e+04 3.221e+02 8.600e+02
|        ( - 2.440e+02 1 0)
|        ( QUESTION0_0_R 1 -6.261e+04 2.034e+02 8.590e+02
|            ( - -1.659e+03 3 0)
|            ( QUESTION0 -1 -6.074e+04 1.607e+02 8.338e+02
|                ( - -4.373e+02 1 0)
|                ( - -6.014e+04 13 0))))
|    ( SILENCE 1 -3.974e+03 2.398e+02 6.411e+01
|        ( - -1.261e+03 1 0)
|        ( WDBNDRY_B 0 -2.474e+03 1.140e+02 4.012e+01
|            ( - -1.917e+03 6 0)
|            ( - -4.430e+02 2 0))))
s>    ( WDBNDRY_I 0 -6.707e+04 4.079e+02 9.241e+02
s>        ( QUESTION0_18_R 1 -6.268e+04 3.221e+02 8.600e+02
s>            ( - 2.440e+02 1 0)
s>            ( QUESTION0_0_R 1 -6.261e+04 2.034e+02 8.590e+02
s>                ( - -1.659e+03 3 0)
s>                ( QUESTION0 -1 -6.074e+04 1.607e+02 8.338e+02
s>                    ( - -4.373e+02 1 0)
s>                    ( - -6.014e+04 13 0))))
s>        ( SILENCE 1 -3.974e+03 2.398e+02 6.411e+01
s>            ( - -1.261e+03 1 0)
s>            ( WDBNDRY_B 0 -2.474e+03 1.140e+02 4.012e+01
s>                ( - -1.917e+03 6 0)
s>                ( - -4.430e+02 2 0))))INFO: dtree.c(1315): Comp split 3
INFO: dtree.c(1478): Final simple tree
|( QUESTION10 1 -5.556e+04 6.186e+02 7.102e+02
|    ( QUESTION2_12_L -1 -2.067e+04 2.969e+02 2.601e+02
|        ( QUESTION6 -1 -1.303e+04 2.130e+02 1.660e+02
|            ( - -1.038e+03 3 0 WDBNDRY_B 0 1.512e+02 1.500e+01)
|            ( - -1.178e+04 11 0 QUESTION2_17_L -1 2.064e+02 1.510e+02))
|        ( QUESTION1 -1 -7.340e+03 2.191e+02 9.410e+01
|            ( QUESTION2_9_L -1 -3.988e+03 2.325e+02 5.105e+01
|                ( - -9.960e+02 1 0)
|                ( - -2.760e+03 2 0 QUESTION2_7_L -1 1.250e+02 3.804e+01))
|            ( - -3.132e+03 1 0)))
|    ( QUESTION4 -1 -3.427e+04 3.630e+02 4.502e+02
|        ( QUESTION7 -1 -1.610e+04 2.856e+02 2.119e+02
|            ( - -4.930e+03 3 0 QUESTION2_0_L -1 1.416e+02 6.748e+01)
|            ( - -1.089e+04 5 0 WDBNDRY_B 0 1.633e+02 1.444e+02))
|        ( - -1.781e+04 13 0 QUESTION10 -1 1.970e+02 2.383e+02)))
s>    ( QUESTION10 1 -5.556e+04 6.186e+02 7.102e+02
s>        ( QUESTION2_12_L -1 -2.067e+04 2.969e+02 2.601e+02
s>            ( QUESTION6 -1 -1.303e+04 2.130e+02 1.660e+02
s>                ( - -1.038e+03 3 0 WDBNDRY_B 0 1.512e+02 1.500e+01)
s>                ( - -1.178e+04 11 0 QUESTION2_17_L -1 2.064e+02 1.510e+02))
s>            ( QUESTION1 -1 -7.340e+03 2.191e+02 9.410e+01
s>                ( QUESTION2_9_L -1 -3.988e+03 2.325e+02 5.105e+01
s>                    ( - -9.960e+02 1 0)
s>                    ( - -2.760e+03 2 0 QUESTION2_7_L -1 1.250e+02 3.804e+01))
s>                ( - -3.132e+03 1 0)))
s>        ( QUESTION4 -1 -3.427e+04 3.630e+02 4.502e+02
s>            ( QUESTION7 -1 -1.610e+04 2.856e+02 2.119e+02
s>                ( - -4.930e+03 3 0 QUESTION2_0_L -1 1.416e+02 6.748e+01)
s>                ( - -1.089e+04 5 0 WDBNDRY_B 0 1.633e+02 1.444e+02))
s>            ( - -1.781e+04 13 0 QUESTION10 -1 1.970e+02 2.383e+02)))INFO: dtree.c(1439): stop. leaf nodes are specific
INFO: dtree.c(1478): Final simple tree
|( WDBNDRY_B 0 -9.085e+03 5.435e+02 1.101e+02
|    ( QUESTION10 1 -5.058e+03 1.830e+02 6.642e+01
|        ( - -3.191e+03 2 0)
|        ( - -1.684e+03 1 0))
|    ( QUESTION10 -1 -3.483e+03 3.969e+02 4.370e+01
|        ( - -1.086e+03 1 0)
|        ( WDBNDRY_E 0 -2.001e+03 2.745e+02 2.402e+01
|            ( - -5.393e+02 2 0)
|            ( - -1.187e+03 1 0))))
s>    ( WDBNDRY_B 0 -9.085e+03 5.435e+02 1.101e+02
s>        ( QUESTION10 1 -5.058e+03 1.830e+02 6.642e+01
s>            ( - -3.191e+03 2 0)
s>            ( - -1.684e+03 1 0))
s>        ( QUESTION10 -1 -3.483e+03 3.969e+02 4.370e+01
s>            ( - -1.086e+03 1 0)
s>            ( WDBNDRY_E 0 -2.001e+03 2.745e+02 2.402e+01
s>                ( - -5.393e+02 2 0)
s>                ( - -1.187e+03 1 0))))INFO: dtree.c(1315): Comp split 4
INFO: dtree.c(1478): Final simple tree
|( QUESTION6 -1 -2.589e+04 3.456e+02 3.275e+02
|    ( QUESTION10 1 -9.540e+03 2.421e+02 1.255e+02
|        ( QUESTION2_0_L -1 -4.368e+03 1.979e+02 5.805e+01
|            ( - -3.132e+03 1 0)
|            ( - -1.038e+03 3 0 WDBNDRY_B 0 1.512e+02 1.500e+01))
|        ( - -4.930e+03 3 0 QUESTION2_0_L -1 1.416e+02 6.748e+01))
|    ( QUESTION2_10_L -1 -1.600e+04 2.425e+02 2.020e+02
|        ( - -2.253e+03 1 0)
|        ( QUESTION2_8_L -1 -1.351e+04 2.146e+02 1.710e+02
|            ( - -9.960e+02 1 0)
|            ( QUESTION2_17_L -1 -1.230e+04 2.036e+02 1.580e+02
|                ( - -1.198e+02 1 0)
|                ( QUESTION0 -1 -1.197e+04 1.850e+02 1.550e+02
|                    ( - -7.963e+03 8 0 QUESTION1 -1 1.372e+02 1.061e+02)
|                    ( - -3.827e+03 3 0 QUESTION2_16_L -1 2.557e+02 4.891e+01))))))
s>    ( QUESTION6 -1 -2.589e+04 3.456e+02 3.275e+02
s>        ( QUESTION10 1 -9.540e+03 2.421e+02 1.255e+02
s>            ( QUESTION2_0_L -1 -4.368e+03 1.979e+02 5.805e+01
s>                ( - -3.132e+03 1 0)
s>                ( - -1.038e+03 3 0 WDBNDRY_B 0 1.512e+02 1.500e+01))
s>            ( - -4.930e+03 3 0 QUESTION2_0_L -1 1.416e+02 6.748e+01))
s>        ( QUESTION2_10_L -1 -1.600e+04 2.425e+02 2.020e+02
s>            ( - -2.253e+03 1 0)
s>            ( QUESTION2_8_L -1 -1.351e+04 2.146e+02 1.710e+02
s>                ( - -9.960e+02 1 0)
s>                ( QUESTION2_17_L -1 -1.230e+04 2.036e+02 1.580e+02
s>                    ( - -1.198e+02 1 0)
s>                    ( QUESTION0 -1 -1.197e+04 1.850e+02 1.550e+02
s>                        ( - -7.963e+03 8 0 QUESTION1 -1 1.372e+02 1.061e+02)
s>                        ( - -3.827e+03 3 0 QUESTION2_16_L -1 2.557e+02 4.891e+01))))))INFO: dtree.c(1478): Final simple tree
|( QUESTION5 -1 -2.905e+04 3.604e+02 3.827e+02
|    ( WDBNDRY_B 0 -1.075e+04 1.537e+02 1.424e+02
|        ( - 2.832e+01 1 0)
|        ( - -1.063e+04 3 0))
|    ( QUESTION10 -1 -1.794e+04 1.969e+02 2.403e+02
|        ( - -6.428e+02 1 0)
|        ( QUESTION2_9_L -1 -1.710e+04 1.898e+02 2.293e+02
|            ( - -1.290e+04 3 0)
|            ( QUESTION4 -1 -4.007e+03 1.521e+02 5.600e+01
|                ( - 2.261e+01 1 0)
|                ( QUESTION1 -1 -3.878e+03 1.519e+02 5.400e+01
|                    ( - -4.379e+02 3 0 WDBNDRY_B 0 1.118e+02 8.000e+00)
|                    ( QUESTION0 -1 -3.288e+03 1.126e+02 4.600e+01
|                        ( - -2.987e+03 4 0 QUESTION2_17_L -1 8.982e+01 4.200e+01)
|                        ( - -1.887e+02 2 0)))))))
s>    ( QUESTION5 -1 -2.905e+04 3.604e+02 3.827e+02
s>        ( WDBNDRY_B 0 -1.075e+04 1.537e+02 1.424e+02
s>            ( - 2.832e+01 1 0)
s>            ( - -1.063e+04 3 0))
s>        ( QUESTION10 -1 -1.794e+04 1.969e+02 2.403e+02
s>            ( - -6.428e+02 1 0)
s>            ( QUESTION2_9_L -1 -1.710e+04 1.898e+02 2.293e+02
s>                ( - -1.290e+04 3 0)
s>                ( QUESTION4 -1 -4.007e+03 1.521e+02 5.600e+01
s>                    ( - 2.261e+01 1 0)
s>                    ( QUESTION1 -1 -3.878e+03 1.519e+02 5.400e+01
s>                        ( - -4.379e+02 3 0 WDBNDRY_B 0 1.118e+02 8.000e+00)
s>                        ( QUESTION0 -1 -3.288e+03 1.126e+02 4.600e+01
s>                            ( - -2.987e+03 4 0 QUESTION2_17_L -1 8.982e+01 4.200e+01)
s>                            ( - -1.887e+02 2 0)))))))INFO: dtree.c(1315): Comp split 5
INFO: dtree.c(1439): stop. leaf nodes are specific
INFO: dtree.c(1478): Final simple tree
|( QUESTION10 -1 -3.483e+03 3.969e+02 4.370e+01
|    ( - -1.086e+03 1 0)
|    ( WDBNDRY_E 0 -2.001e+03 2.745e+02 2.402e+01
|        ( - -5.393e+02 2 0)
|        ( - -1.187e+03 1 0)))
s>    ( QUESTION10 -1 -3.483e+03 3.969e+02 4.370e+01
s>        ( - -1.086e+03 1 0)
s>        ( WDBNDRY_E 0 -2.001e+03 2.745e+02 2.402e+01
s>            ( - -5.393e+02 2 0)
s>            ( - -1.187e+03 1 0)))INFO: dtree.c(1439): stop. leaf nodes are specific
INFO: dtree.c(1478): Final simple tree
|( QUESTION10 1 -5.058e+03 1.830e+02 6.642e+01
|    ( - -3.191e+03 2 0)
|    ( - -1.684e+03 1 0))
s>    ( QUESTION10 1 -5.058e+03 1.830e+02 6.642e+01
s>        ( - -3.191e+03 2 0)
s>        ( - -1.684e+03 1 0))INFO: dtree.c(1315): Comp split 6
INFO: dtree.c(1439): stop. leaf nodes are specific
INFO: dtree.c(1478): Final simple tree
|( QUESTION10 1 -2.363e+04 2.293e+02 3.186e+02
|    ( QUESTION13 -1 -2.267e+04 2.035e+02 3.055e+02
|        ( - -4.043e+03 2 0)
|        ( WDBNDRY_B 0 -1.842e+04 1.689e+02 2.494e+02
|            ( - -1.792e+03 3 0)
|            ( - -1.646e+04 3 0)))
|    ( - -7.284e+02 1 0))
s>    ( QUESTION10 1 -2.363e+04 2.293e+02 3.186e+02
s>        ( QUESTION13 -1 -2.267e+04 2.035e+02 3.055e+02
s>            ( - -4.043e+03 2 0)
s>            ( WDBNDRY_B 0 -1.842e+04 1.689e+02 2.494e+02
s>                ( - -1.792e+03 3 0)
s>                ( - -1.646e+04 3 0)))
s>        ( - -7.284e+02 1 0))INFO: dtree.c(1478): Final simple tree
|( QUESTION0 -1 -1.933e+04 2.984e+02 2.627e+02
|    ( - 2.359e+02 1 0)
|    ( QUESTION10 1 -1.927e+04 2.130e+02 2.617e+02
|        ( QUESTION13 -1 -2.961e+03 1.999e+02 3.917e+01
|            ( - -4.391e+00 1 0)
|            ( - -2.757e+03 3 0 WDBNDRY_B 0 1.442e+02 3.717e+01))
|        ( QUESTION14 -1 -1.609e+04 3.198e+02 2.225e+02
|            ( - 2.440e+02 1 0)
|            ( QUESTION0_12_R 1 -1.602e+04 1.872e+02 2.215e+02
|                ( - -7.444e+02 1 0)
|                ( QUESTION2_0_L -1 -1.509e+04 1.794e+02 2.105e+02
|                    ( - -8.783e+03 9 0 WDBNDRY_I 0 1.403e+02 1.223e+02)
|                    ( WDBNDRY_B 0 -6.124e+03 3.519e+02 8.818e+01
|                        ( - 2.259e+02 1 0)
|                        ( - -5.998e+03 7 0 WDBNDRY_E 0 1.478e+02 8.718e+01)))))))
s>    ( QUESTION0 -1 -1.933e+04 2.984e+02 2.627e+02
s>        ( - 2.359e+02 1 0)
s>        ( QUESTION10 1 -1.927e+04 2.130e+02 2.617e+02
s>            ( QUESTION13 -1 -2.961e+03 1.999e+02 3.917e+01
s>                ( - -4.391e+00 1 0)
s>                ( - -2.757e+03 3 0 WDBNDRY_B 0 1.442e+02 3.717e+01))
s>            ( QUESTION14 -1 -1.609e+04 3.198e+02 2.225e+02
s>                ( - 2.440e+02 1 0)
s>                ( QUESTION0_12_R 1 -1.602e+04 1.872e+02 2.215e+02
s>                    ( - -7.444e+02 1 0)
s>                    ( QUESTION2_0_L -1 -1.509e+04 1.794e+02 2.105e+02
s>                        ( - -8.783e+03 9 0 WDBNDRY_I 0 1.403e+02 1.223e+02)
s>                        ( WDBNDRY_B 0 -6.124e+03 3.519e+02 8.818e+01
s>                            ( - 2.259e+02 1 0)
s>                            ( - -5.998e+03 7 0 WDBNDRY_E 0 1.478e+02 8.718e+01)))))))INFO: dtree.c(1315): Comp split 7
INFO: dtree.c(1439): stop. leaf nodes are specific
INFO: dtree.c(1478): Final simple tree
|( QUESTION0_18_R 1 -6.268e+04 3.221e+02 8.600e+02
|    ( - 2.440e+02 1 0)
|    ( QUESTION0_0_R 1 -6.261e+04 2.034e+02 8.590e+02
|        ( - -1.659e+03 3 0)
|        ( QUESTION0 -1 -6.074e+04 1.607e+02 8.338e+02
|            ( - -4.373e+02 1 0)
|            ( - -6.014e+04 13 0))))
s>    ( QUESTION0_18_R 1 -6.268e+04 3.221e+02 8.600e+02
s>        ( - 2.440e+02 1 0)
s>        ( QUESTION0_0_R 1 -6.261e+04 2.034e+02 8.590e+02
s>            ( - -1.659e+03 3 0)
s>            ( QUESTION0 -1 -6.074e+04 1.607e+02 8.338e+02
s>                ( - -4.373e+02 1 0)
s>                ( - -6.014e+04 13 0))))INFO: dtree.c(1439): stop. leaf nodes are specific
INFO: dtree.c(1478): Final simple tree
|( SILENCE 1 -3.974e+03 2.398e+02 6.411e+01
|    ( - -1.261e+03 1 0)
|    ( WDBNDRY_B 0 -2.474e+03 1.140e+02 4.012e+01
|        ( - -1.917e+03 6 0)
|        ( - -4.430e+02 2 0)))
s>    ( SILENCE 1 -3.974e+03 2.398e+02 6.411e+01
s>        ( - -1.261e+03 1 0)
s>        ( WDBNDRY_B 0 -2.474e+03 1.140e+02 4.012e+01
s>            ( - -1.917e+03 6 0)
s>            ( - -4.430e+02 2 0)))INFO: dtree.c(1315): Comp split 8
INFO: dtree.c(1439): stop. leaf nodes are specific
INFO: dtree.c(1478): Final simple tree
|( WDBNDRY_E 0 -2.001e+03 2.745e+02 2.402e+01
|    ( - -5.393e+02 2 0)
|    ( - -1.187e+03 1 0))
s>    ( WDBNDRY_E 0 -2.001e+03 2.745e+02 2.402e+01
s>        ( - -5.393e+02 2 0)
s>        ( - -1.187e+03 1 0))INFO: dtree.c(1315): Comp split 9
INFO: dtree.c(1439): stop. leaf nodes are specific
INFO: dtree.c(1478): Final simple tree
|( QUESTION0 -1 -1.197e+04 1.850e+02 1.550e+02
|    ( QUESTION1 -1 -7.963e+03 1.372e+02 1.061e+02
|        ( - -3.822e+02 1 0)
|        ( QUESTION3 -1 -7.443e+03 1.292e+02 9.906e+01
|            ( - -3.803e+03 2 0)
|            ( WDBNDRY_B 0 -3.511e+03 1.091e+02 4.891e+01
|                ( - -2.926e+01 1 0)
|                ( - -3.372e+03 4 0))))
|    ( QUESTION2_16_L -1 -3.827e+03 2.557e+02 4.891e+01
|        ( - -5.656e+02 1 0)
|        ( - -3.006e+03 2 0)))
s>    ( QUESTION0 -1 -1.197e+04 1.850e+02 1.550e+02
s>        ( QUESTION1 -1 -7.963e+03 1.372e+02 1.061e+02
s>            ( - -3.822e+02 1 0)
s>            ( QUESTION3 -1 -7.443e+03 1.292e+02 9.906e+01
s>                ( - -3.803e+03 2 0)
s>                ( WDBNDRY_B 0 -3.511e+03 1.091e+02 4.891e+01
s>                    ( - -2.926e+01 1 0)
s>                    ( - -3.372e+03 4 0))))
s>        ( QUESTION2_16_L -1 -3.827e+03 2.557e+02 4.891e+01
s>            ( - -5.656e+02 1 0)
s>            ( - -3.006e+03 2 0)))INFO: dtree.c(1478): Final simple tree
|( QUESTION10 1 -1.355e+04 2.557e+02 1.726e+02
|    ( QUESTION2_10_L -1 -8.362e+03 2.276e+02 1.051e+02
|        ( - -2.253e+03 1 0)
|        ( QUESTION2_0_L -1 -5.882e+03 2.589e+02 7.406e+01
|            ( - -3.132e+03 1 0)
|            ( QUESTION3 -1 -2.491e+03 1.869e+02 3.101e+01
|                ( - -1.198e+02 1 0)
|                ( WDBNDRY_B 0 -2.184e+03 1.565e+02 2.801e+01
|                    ( - 1.431e+01 1 0)
|                    ( QUESTION1 -1 -2.042e+03 1.448e+02 2.601e+01
|                        ( - -9.960e+02 1 0)
|                        ( - -9.010e+02 2 0))))))
|    ( QUESTION2_0_L -1 -4.930e+03 1.416e+02 6.748e+01
|        ( - -3.713e+03 1 0)
|        ( - -1.075e+03 2 0)))
s>    ( QUESTION10 1 -1.355e+04 2.557e+02 1.726e+02
s>        ( QUESTION2_10_L -1 -8.362e+03 2.276e+02 1.051e+02
s>            ( - -2.253e+03 1 0)
s>            ( QUESTION2_0_L -1 -5.882e+03 2.589e+02 7.406e+01
s>                ( - -3.132e+03 1 0)
s>                ( QUESTION3 -1 -2.491e+03 1.869e+02 3.101e+01
s>                    ( - -1.198e+02 1 0)
s>                    ( WDBNDRY_B 0 -2.184e+03 1.565e+02 2.801e+01
s>                        ( - 1.431e+01 1 0)
s>                        ( QUESTION1 -1 -2.042e+03 1.448e+02 2.601e+01
s>                            ( - -9.960e+02 1 0)
s>                            ( - -9.010e+02 2 0))))))
s>        ( QUESTION2_0_L -1 -4.930e+03 1.416e+02 6.748e+01
s>            ( - -3.713e+03 1 0)
s>            ( - -1.075e+03 2 0)))INFO: dtree.c(1315): Comp split 10
INFO: dtree.c(1478): Final simple tree
|( QUESTION10 -1 -1.794e+04 1.969e+02 2.403e+02
|    ( - -6.428e+02 1 0)
|    ( QUESTION2_9_L -1 -1.710e+04 1.898e+02 2.293e+02
|        ( - -1.290e+04 3 0)
|        ( QUESTION4 -1 -4.007e+03 1.521e+02 5.600e+01
|            ( - 2.261e+01 1 0)
|            ( QUESTION1 -1 -3.878e+03 1.519e+02 5.400e+01
|                ( WDBNDRY_B 0 -4.379e+02 1.118e+02 8.000e+00
|                    ( - -2.292e+02 2 0)
|                    ( - -9.694e+01 1 0))
|                ( QUESTION0 -1 -3.288e+03 1.126e+02 4.600e+01
|                    ( QUESTION2_17_L -1 -2.987e+03 8.982e+01 4.200e+01
|                        ( - -2.369e+02 2 0)
|                        ( - -2.660e+03 2 0))
|                    ( - -1.887e+02 2 0))))))
s>    ( QUESTION10 -1 -1.794e+04 1.969e+02 2.403e+02
s>        ( - -6.428e+02 1 0)
s>        ( QUESTION2_9_L -1 -1.710e+04 1.898e+02 2.293e+02
s>            ( - -1.290e+04 3 0)
s>            ( QUESTION4 -1 -4.007e+03 1.521e+02 5.600e+01
s>                ( - 2.261e+01 1 0)
s>                ( QUESTION1 -1 -3.878e+03 1.519e+02 5.400e+01
s>                    ( WDBNDRY_B 0 -4.379e+02 1.118e+02 8.000e+00
s>                        ( - -2.292e+02 2 0)
s>                        ( - -9.694e+01 1 0))
s>                    ( QUESTION0 -1 -3.288e+03 1.126e+02 4.600e+01
s>                        ( QUESTION2_17_L -1 -2.987e+03 8.982e+01 4.200e+01
s>                            ( - -2.369e+02 2 0)
s>                            ( - -2.660e+03 2 0))
s>                        ( - -1.887e+02 2 0))))))INFO: dtree.c(1439): stop. leaf nodes are specific
INFO: dtree.c(1478): Final simple tree
|( WDBNDRY_B 0 -1.075e+04 1.537e+02 1.424e+02
|    ( - 2.832e+01 1 0)
|    ( - -1.063e+04 3 0))
s>    ( WDBNDRY_B 0 -1.075e+04 1.537e+02 1.424e+02
s>        ( - 2.832e+01 1 0)
s>        ( - -1.063e+04 3 0))INFO: dtree.c(1315): Comp split 11
INFO: dtree.c(1478): Final simple tree
|( QUESTION0 -1 -1.921e+04 2.984e+02 2.617e+02
|    ( - 2.359e+02 1 0)
|    ( QUESTION10 1 -1.915e+04 2.167e+02 2.607e+02
|        ( QUESTION13 -1 -2.961e+03 1.999e+02 3.917e+01
|            ( - -4.391e+00 1 0)
|            ( - -2.757e+03 3 0 WDBNDRY_B 0 1.442e+02 3.717e+01))
|        ( QUESTION14 -1 -1.597e+04 3.199e+02 2.215e+02
|            ( - 2.440e+02 1 0)
|            ( QUESTION0_12_R 1 -1.590e+04 1.882e+02 2.205e+02
|                ( - -7.444e+02 1 0)
|                ( QUESTION2_0_L -1 -1.496e+04 1.837e+02 2.095e+02
|                    ( - -8.783e+03 9 0 WDBNDRY_I 0 1.403e+02 1.223e+02)
|                    ( WDBNDRY_E 0 -5.998e+03 1.478e+02 8.718e+01
|                        ( - -2.623e+03 3 0 QUESTION0 1 1.493e+02 4.051e+01)
|                        ( - -3.227e+03 4 0 QUESTION0_0_R 1 1.348e+02 4.667e+01)))))))
s>    ( QUESTION0 -1 -1.921e+04 2.984e+02 2.617e+02
s>        ( - 2.359e+02 1 0)
s>        ( QUESTION10 1 -1.915e+04 2.167e+02 2.607e+02
s>            ( QUESTION13 -1 -2.961e+03 1.999e+02 3.917e+01
s>                ( - -4.391e+00 1 0)
s>                ( - -2.757e+03 3 0 WDBNDRY_B 0 1.442e+02 3.717e+01))
s>            ( QUESTION14 -1 -1.597e+04 3.199e+02 2.215e+02
s>                ( - 2.440e+02 1 0)
s>                ( QUESTION0_12_R 1 -1.590e+04 1.882e+02 2.205e+02
s>                    ( - -7.444e+02 1 0)
s>                    ( QUESTION2_0_L -1 -1.496e+04 1.837e+02 2.095e+02
s>                        ( - -8.783e+03 9 0 WDBNDRY_I 0 1.403e+02 1.223e+02)
s>                        ( WDBNDRY_E 0 -5.998e+03 1.478e+02 8.718e+01
s>                            ( - -2.623e+03 3 0 QUESTION0 1 1.493e+02 4.051e+01)
s>                            ( - -3.227e+03 4 0 QUESTION0_0_R 1 1.348e+02 4.667e+01)))))))INFO: dtree.c(1315): Comp split 12
INFO: dtree.c(1439): stop. leaf nodes are specific
INFO: dtree.c(1478): Final simple tree
|( QUESTION10 -1 -7.717e+04 2.036e+02 1.098e+03
|    ( - -2.830e+02 1 0)
|    ( - -7.668e+04 8 0))
s>    ( QUESTION10 -1 -7.717e+04 2.036e+02 1.098e+03
s>        ( - -2.830e+02 1 0)
s>        ( - -7.668e+04 8 0))INFO: dtree.c(1439): stop. leaf nodes are specific
INFO: dtree.c(1478): Final simple tree
|( WDBNDRY_B 0 -4.467e+03 2.194e+02 6.790e+01
|    ( - -4.194e+03 5 0)
|    ( - -5.307e+01 1 0))
s>    ( WDBNDRY_B 0 -4.467e+03 2.194e+02 6.790e+01
s>        ( - -4.194e+03 5 0)
s>        ( - -5.307e+01 1 0))INFO: dtree.c(1315): Comp split 13
INFO: dtree.c(1439): stop. leaf nodes are specific
INFO: dtree.c(1478): Final simple tree
|( QUESTION0_0_R 1 -6.261e+04 2.034e+02 8.590e+02
|    ( - -1.659e+03 3 0)
|    ( QUESTION0 -1 -6.074e+04 1.607e+02 8.338e+02
|        ( - -4.373e+02 1 0)
|        ( - -6.014e+04 13 0)))
s>    ( QUESTION0_0_R 1 -6.261e+04 2.034e+02 8.590e+02
s>        ( - -1.659e+03 3 0)
s>        ( QUESTION0 -1 -6.074e+04 1.607e+02 8.338e+02
s>            ( - -4.373e+02 1 0)
s>            ( - -6.014e+04 13 0)))INFO: dtree.c(1315): Comp split 14
INFO: dtree.c(1478): Final simple tree
|( QUESTION0 -1 -1.914e+04 2.984e+02 2.607e+02
|    ( - 2.359e+02 1 0)
|    ( QUESTION10 1 -1.908e+04 2.178e+02 2.597e+02
|        ( QUESTION13 -1 -2.961e+03 1.999e+02 3.917e+01
|            ( - -4.391e+00 1 0)
|            ( - -2.757e+03 3 0 WDBNDRY_B 0 1.442e+02 3.717e+01))
|        ( QUESTION0_12_R 1 -1.590e+04 1.882e+02 2.205e+02
|            ( - -7.444e+02 1 0)
|            ( QUESTION2_0_L -1 -1.496e+04 1.837e+02 2.095e+02
|                ( - -8.783e+03 9 0 WDBNDRY_I 0 1.403e+02 1.223e+02)
|                ( WDBNDRY_E 0 -5.998e+03 1.478e+02 8.718e+01
|                    ( QUESTION0 1 -2.623e+03 1.493e+02 4.051e+01
|                        ( - -2.172e+02 1 0)
|                        ( - -2.256e+03 2 0))
|                    ( - -3.227e+03 4 0 QUESTION0_0_R 1 1.348e+02 4.667e+01))))))
s>    ( QUESTION0 -1 -1.914e+04 2.984e+02 2.607e+02
s>        ( - 2.359e+02 1 0)
s>        ( QUESTION10 1 -1.908e+04 2.178e+02 2.597e+02
s>            ( QUESTION13 -1 -2.961e+03 1.999e+02 3.917e+01
s>                ( - -4.391e+00 1 0)
s>                ( - -2.757e+03 3 0 WDBNDRY_B 0 1.442e+02 3.717e+01))
s>            ( QUESTION0_12_R 1 -1.590e+04 1.882e+02 2.205e+02
s>                ( - -7.444e+02 1 0)
s>                ( QUESTION2_0_L -1 -1.496e+04 1.837e+02 2.095e+02
s>                    ( - -8.783e+03 9 0 WDBNDRY_I 0 1.403e+02 1.223e+02)
s>                    ( WDBNDRY_E 0 -5.998e+03 1.478e+02 8.718e+01
s>                        ( QUESTION0 1 -2.623e+03 1.493e+02 4.051e+01
s>                            ( - -2.172e+02 1 0)
s>                            ( - -2.256e+03 2 0))
s>                        ( - -3.227e+03 4 0 QUESTION0_0_R 1 1.348e+02 4.667e+01))))))INFO: dtree.c(1315): Comp split 15
INFO: dtree.c(1478): Final simple tree
|( QUESTION10 1 -1.908e+04 2.178e+02 2.597e+02
|    ( QUESTION13 -1 -2.961e+03 1.999e+02 3.917e+01
|        ( - -4.391e+00 1 0)
|        ( WDBNDRY_B 0 -2.757e+03 1.442e+02 3.717e+01
|            ( - -5.180e+01 1 0)
|            ( - -2.561e+03 2 0)))
|    ( QUESTION0_12_R 1 -1.590e+04 1.882e+02 2.205e+02
|        ( - -7.444e+02 1 0)
|        ( QUESTION2_0_L -1 -1.496e+04 1.837e+02 2.095e+02
|            ( - -8.783e+03 9 0 WDBNDRY_I 0 1.403e+02 1.223e+02)
|            ( WDBNDRY_E 0 -5.998e+03 1.478e+02 8.718e+01
|                ( QUESTION0 1 -2.623e+03 1.493e+02 4.051e+01
|                    ( - -2.172e+02 1 0)
|                    ( - -2.256e+03 2 0))
|                ( - -3.227e+03 4 0 QUESTION0_0_R 1 1.348e+02 4.667e+01)))))
s>    ( QUESTION10 1 -1.908e+04 2.178e+02 2.597e+02
s>        ( QUESTION13 -1 -2.961e+03 1.999e+02 3.917e+01
s>            ( - -4.391e+00 1 0)
s>            ( WDBNDRY_B 0 -2.757e+03 1.442e+02 3.717e+01
s>                ( - -5.180e+01 1 0)
s>                ( - -2.561e+03 2 0)))
s>        ( QUESTION0_12_R 1 -1.590e+04 1.882e+02 2.205e+02
s>            ( - -7.444e+02 1 0)
s>            ( QUESTION2_0_L -1 -1.496e+04 1.837e+02 2.095e+02
s>                ( - -8.783e+03 9 0 WDBNDRY_I 0 1.403e+02 1.223e+02)
s>                ( WDBNDRY_E 0 -5.998e+03 1.478e+02 8.718e+01
s>                    ( QUESTION0 1 -2.623e+03 1.493e+02 4.051e+01
s>                        ( - -2.172e+02 1 0)
s>                        ( - -2.256e+03 2 0))
s>                    ( - -3.227e+03 4 0 QUESTION0_0_R 1 1.348e+02 4.667e+01)))))INFO: dtree.c(1315): Comp split 16
INFO: dtree.c(1439): stop. leaf nodes are specific
INFO: dtree.c(1478): Final simple tree
|( QUESTION2_0_L -1 -7.657e+03 2.589e+02 9.849e+01
|    ( - -3.713e+03 1 0)
|    ( QUESTION3 -1 -3.685e+03 1.828e+02 4.601e+01
|        ( - -1.198e+02 1 0)
|        ( WDBNDRY_B 0 -3.383e+03 1.594e+02 4.301e+01
|            ( - 1.431e+01 1 0)
|            ( QUESTION1 -1 -3.238e+03 1.343e+02 4.101e+01
|                ( - -9.960e+02 1 0)
|                ( QUESTION10 1 -2.107e+03 1.309e+02 2.800e+01
|                    ( - -9.010e+02 2 0)
|                    ( - -1.075e+03 2 0))))))
s>    ( QUESTION2_0_L -1 -7.657e+03 2.589e+02 9.849e+01
s>        ( - -3.713e+03 1 0)
s>        ( QUESTION3 -1 -3.685e+03 1.828e+02 4.601e+01
s>            ( - -1.198e+02 1 0)
s>            ( WDBNDRY_B 0 -3.383e+03 1.594e+02 4.301e+01
s>                ( - 1.431e+01 1 0)
s>                ( QUESTION1 -1 -3.238e+03 1.343e+02 4.101e+01
s>                    ( - -9.960e+02 1 0)
s>                    ( QUESTION10 1 -2.107e+03 1.309e+02 2.800e+01
s>                        ( - -9.010e+02 2 0)
s>                        ( - -1.075e+03 2 0))))))INFO: dtree.c(1439): stop. leaf nodes are specific
INFO: dtree.c(1478): Final simple tree
|( QUESTION1 -1 -5.599e+03 2.142e+02 7.409e+01
|    ( - -2.253e+03 1 0)
|    ( - -3.132e+03 1 0))
s>    ( QUESTION1 -1 -5.599e+03 2.142e+02 7.409e+01
s>        ( - -2.253e+03 1 0)
s>        ( - -3.132e+03 1 0))INFO: dtree.c(1315): Comp split 17
INFO: dtree.c(1315): Comp split 18
INFO: dtree.c(1439): stop. leaf nodes are specific
INFO: dtree.c(1478): Final simple tree
|( QUESTION3 -1 -3.685e+03 1.828e+02 4.601e+01
|    ( - -1.198e+02 1 0)
|    ( WDBNDRY_B 0 -3.383e+03 1.594e+02 4.301e+01
|        ( - 1.431e+01 1 0)
|        ( QUESTION1 -1 -3.238e+03 1.343e+02 4.101e+01
|            ( - -9.960e+02 1 0)
|            ( QUESTION10 1 -2.107e+03 1.309e+02 2.800e+01
|                ( - -9.010e+02 2 0)
|                ( - -1.075e+03 2 0)))))
s>    ( QUESTION3 -1 -3.685e+03 1.828e+02 4.601e+01
s>        ( - -1.198e+02 1 0)
s>        ( WDBNDRY_B 0 -3.383e+03 1.594e+02 4.301e+01
s>            ( - 1.431e+01 1 0)
s>            ( QUESTION1 -1 -3.238e+03 1.343e+02 4.101e+01
s>                ( - -9.960e+02 1 0)
s>                ( QUESTION10 1 -2.107e+03 1.309e+02 2.800e+01
s>                    ( - -9.010e+02 2 0)
s>                    ( - -1.075e+03 2 0)))))INFO: dtree.c(1315): Comp split 19
INFO: dtree.c(1439): stop. leaf nodes are specific
INFO: dtree.c(1478): Final simple tree
|( QUESTION0_0_R 1 -2.208e+03 1.117e+02 3.317e+01
|    ( - -1.659e+03 3 0)
|    ( - -4.373e+02 1 0))
s>    ( QUESTION0_0_R 1 -2.208e+03 1.117e+02 3.317e+01
s>        ( - -1.659e+03 3 0)
s>        ( - -4.373e+02 1 0))INFO: dtree.c(1315): Comp split 20
INFO: dtree.c(1439): stop. leaf nodes are specific
INFO: dtree.c(1478): Final simple tree
|( WDBNDRY_B 0 -2.676e+03 1.553e+02 3.919e+01
|    ( - -1.792e+03 3 0)
|    ( - -7.284e+02 1 0))
s>    ( WDBNDRY_B 0 -2.676e+03 1.553e+02 3.919e+01
s>        ( - -1.792e+03 3 0)
s>        ( - -7.284e+02 1 0))INFO: dtree.c(1439): stop. leaf nodes are specific
INFO: dtree.c(1478): Final simple tree
|( WDBNDRY_B 0 -2.070e+04 1.974e+02 2.795e+02
|    ( - -4.043e+03 2 0)
|    ( - -1.646e+04 3 0))
s>    ( WDBNDRY_B 0 -2.070e+04 1.974e+02 2.795e+02
s>        ( - -4.043e+03 2 0)
s>        ( - -1.646e+04 3 0))INFO: dtree.c(1315): Comp split 21
INFO: dtree.c(1439): stop. leaf nodes are specific
INFO: dtree.c(1478): Final simple tree
|( WDBNDRY_B 0 -2.474e+03 1.140e+02 4.012e+01
|    ( - -1.917e+03 6 0)
|    ( - -4.430e+02 2 0))
s>    ( WDBNDRY_B 0 -2.474e+03 1.140e+02 4.012e+01
s>        ( - -1.917e+03 6 0)
s>        ( - -4.430e+02 2 0))INFO: dtree.c(1315): Comp split 22
INFO: dtree.c(1478): Final simple tree
|( QUESTION2_0_L -1 -1.480e+04 1.834e+02 2.075e+02
|    ( WDBNDRY_I 0 -8.783e+03 1.403e+02 1.223e+02
|        ( - -7.244e+03 4 0)
|        ( QUESTION13 -1 -1.399e+03 1.012e+02 2.100e+01
|            ( - -5.490e+02 2 0)
|            ( WDBNDRY_B 0 -7.487e+02 1.309e+02 1.200e+01
|                ( - -2.933e+02 2 0)
|                ( - -3.245e+02 1 0))))
|    ( WDBNDRY_E 0 -5.829e+03 1.547e+02 8.518e+01
|        ( - -2.256e+03 2 0)
|        ( WDBNDRY_B 0 -3.418e+03 1.389e+02 4.967e+01
|            ( - -5.180e+01 1 0)
|            ( QUESTION0_0_R 1 -3.227e+03 1.348e+02 4.667e+01
|                ( - -1.737e+02 1 0)
|                ( - -2.919e+03 3 0)))))
s>    ( QUESTION2_0_L -1 -1.480e+04 1.834e+02 2.075e+02
s>        ( WDBNDRY_I 0 -8.783e+03 1.403e+02 1.223e+02
s>            ( - -7.244e+03 4 0)
s>            ( QUESTION13 -1 -1.399e+03 1.012e+02 2.100e+01
s>                ( - -5.490e+02 2 0)
s>                ( WDBNDRY_B 0 -7.487e+02 1.309e+02 1.200e+01
s>                    ( - -2.933e+02 2 0)
s>                    ( - -3.245e+02 1 0))))
s>        ( WDBNDRY_E 0 -5.829e+03 1.547e+02 8.518e+01
s>            ( - -2.256e+03 2 0)
s>            ( WDBNDRY_B 0 -3.418e+03 1.389e+02 4.967e+01
s>                ( - -5.180e+01 1 0)
s>                ( QUESTION0_0_R 1 -3.227e+03 1.348e+02 4.667e+01
s>                    ( - -1.737e+02 1 0)
s>                    ( - -2.919e+03 3 0)))))INFO: dtree.c(1439): stop. leaf nodes are specific
INFO: dtree.c(1478): Final simple tree
|( QUESTION13 -1 -4.042e+03 1.942e+02 5.217e+01
|    ( - -4.391e+00 1 0)
|    ( QUESTION0_0_R 1 -3.843e+03 1.883e+02 5.017e+01
|        ( - -7.444e+02 1 0)
|        ( WDBNDRY_E 0 -2.910e+03 1.320e+02 3.917e+01
|            ( - -2.172e+02 1 0)
|            ( - -2.561e+03 2 0))))
s>    ( QUESTION13 -1 -4.042e+03 1.942e+02 5.217e+01
s>        ( - -4.391e+00 1 0)
s>        ( QUESTION0_0_R 1 -3.843e+03 1.883e+02 5.017e+01
s>            ( - -7.444e+02 1 0)
s>            ( WDBNDRY_E 0 -2.910e+03 1.320e+02 3.917e+01
s>                ( - -2.172e+02 1 0)
s>                ( - -2.561e+03 2 0))))INFO: dtree.c(1315): Comp split 23
INFO: dtree.c(1439): stop. leaf nodes are specific
INFO: dtree.c(1478): Final simple tree
|( QUESTION0 -1 -8.738e+03 2.094e+02 1.141e+02
|    ( QUESTION1 -1 -7.963e+03 1.372e+02 1.061e+02
|        ( - -3.822e+02 1 0)
|        ( QUESTION3 -1 -7.443e+03 1.292e+02 9.906e+01
|            ( - -3.803e+03 2 0)
|            ( WDBNDRY_B 0 -3.511e+03 1.091e+02 4.891e+01
|                ( - -2.926e+01 1 0)
|                ( - -3.372e+03 4 0))))
|    ( - -5.656e+02 1 0))
s>    ( QUESTION0 -1 -8.738e+03 2.094e+02 1.141e+02
s>        ( QUESTION1 -1 -7.963e+03 1.372e+02 1.061e+02
s>            ( - -3.822e+02 1 0)
s>            ( QUESTION3 -1 -7.443e+03 1.292e+02 9.906e+01
s>                ( - -3.803e+03 2 0)
s>                ( WDBNDRY_B 0 -3.511e+03 1.091e+02 4.891e+01
s>                    ( - -2.926e+01 1 0)
s>                    ( - -3.372e+03 4 0))))
s>        ( - -5.656e+02 1 0))INFO: dtree.c(1315): Comp split 24
INFO: dtree.c(1315): Comp split 25
INFO: dtree.c(1315): Comp split 26
INFO: dtree.c(1439): stop. leaf nodes are specific
INFO: dtree.c(1478): Final simple tree
|( WDBNDRY_E 0 -7.341e+03 1.516e+02 1.062e+02
|    ( SILENCE 1 -2.684e+03 1.028e+02 4.151e+01
|        ( - -3.245e+02 1 0)
|        ( - -2.256e+03 2 0))
|    ( QUESTION10 1 -4.506e+03 1.367e+02 6.467e+01
|        ( - -5.180e+01 1 0)
|        ( QUESTION0_0_R 1 -4.318e+03 1.324e+02 6.167e+01
|            ( - -1.737e+02 1 0)
|            ( WDBNDRY_B 0 -4.012e+03 1.132e+02 5.667e+01
|                ( QUESTION13 -1 -9.799e+02 1.376e+02 1.500e+01
|                    ( - -5.490e+02 2 0)
|                    ( - -2.933e+02 2 0))
|                ( - -2.919e+03 3 0)))))
s>    ( WDBNDRY_E 0 -7.341e+03 1.516e+02 1.062e+02
s>        ( SILENCE 1 -2.684e+03 1.028e+02 4.151e+01
s>            ( - -3.245e+02 1 0)
s>            ( - -2.256e+03 2 0))
s>        ( QUESTION10 1 -4.506e+03 1.367e+02 6.467e+01
s>            ( - -5.180e+01 1 0)
s>            ( QUESTION0_0_R 1 -4.318e+03 1.324e+02 6.167e+01
s>                ( - -1.737e+02 1 0)
s>                ( WDBNDRY_B 0 -4.012e+03 1.132e+02 5.667e+01
s>                    ( QUESTION13 -1 -9.799e+02 1.376e+02 1.500e+01
s>                        ( - -5.490e+02 2 0)
s>                        ( - -2.933e+02 2 0))
s>                    ( - -2.919e+03 3 0)))))INFO: dtree.c(1315): Comp split 27
INFO: dtree.c(1439): stop. leaf nodes are specific
INFO: dtree.c(1478): Final simple tree
|( QUESTION1 -1 -7.963e+03 1.372e+02 1.061e+02
|    ( - -3.822e+02 1 0)
|    ( QUESTION3 -1 -7.443e+03 1.292e+02 9.906e+01
|        ( - -3.803e+03 2 0)
|        ( WDBNDRY_B 0 -3.511e+03 1.091e+02 4.891e+01
|            ( - -2.926e+01 1 0)
|            ( - -3.372e+03 4 0))))
s>    ( QUESTION1 -1 -7.963e+03 1.372e+02 1.061e+02
s>        ( - -3.822e+02 1 0)
s>        ( QUESTION3 -1 -7.443e+03 1.292e+02 9.906e+01
s>            ( - -3.803e+03 2 0)
s>            ( WDBNDRY_B 0 -3.511e+03 1.091e+02 4.891e+01
s>                ( - -2.926e+01 1 0)
s>                ( - -3.372e+03 4 0))))INFO: dtree.c(1315): Comp split 28
INFO: dtree.c(1315): Comp split 29
INFO: dtree.c(1439): stop. leaf nodes are specific
INFO: dtree.c(1478): Final simple tree
|( QUESTION4 -1 -3.470e+03 1.527e+02 4.900e+01
|    ( - 2.261e+01 1 0)
|    ( WDBNDRY_B 0 -3.340e+03 1.505e+02 4.700e+01
|        ( - -2.292e+02 2 0)
|        ( QUESTION0 -1 -2.960e+03 1.112e+02 4.200e+01
|            ( - -2.660e+03 2 0)
|            ( - -1.887e+02 2 0))))
s>    ( QUESTION4 -1 -3.470e+03 1.527e+02 4.900e+01
s>        ( - 2.261e+01 1 0)
s>        ( WDBNDRY_B 0 -3.340e+03 1.505e+02 4.700e+01
s>            ( - -2.292e+02 2 0)
s>            ( QUESTION0 -1 -2.960e+03 1.112e+02 4.200e+01
s>                ( - -2.660e+03 2 0)
s>                ( - -1.887e+02 2 0))))INFO: dtree.c(1439): stop. leaf nodes are specific
INFO: dtree.c(1478): Final simple tree
|( WDBNDRY_B 0 -1.427e+04 1.963e+02 1.913e+02
|    ( - -6.428e+02 1 0)
|    ( QUESTION2_7_L -1 -1.343e+04 1.171e+02 1.803e+02
|        ( - -9.694e+01 1 0)
|        ( QUESTION1 -1 -1.322e+04 7.950e+01 1.773e+02
|            ( - -1.290e+04 3 0)
|            ( - -2.369e+02 2 0))))
s>    ( WDBNDRY_B 0 -1.427e+04 1.963e+02 1.913e+02
s>        ( - -6.428e+02 1 0)
s>        ( QUESTION2_7_L -1 -1.343e+04 1.171e+02 1.803e+02
s>            ( - -9.694e+01 1 0)
s>            ( QUESTION1 -1 -1.322e+04 7.950e+01 1.773e+02
s>                ( - -1.290e+04 3 0)
s>                ( - -2.369e+02 2 0))))INFO: dtree.c(1315): Comp split 30
INFO: dtree.c(1315): Comp split 31
INFO: dtree.c(1439): stop. leaf nodes are specific
INFO: dtree.c(1478): Final simple tree
|( QUESTION2_7_L -1 -1.343e+04 1.171e+02 1.803e+02
|    ( - -9.694e+01 1 0)
|    ( QUESTION1 -1 -1.322e+04 7.950e+01 1.773e+02
|        ( - -1.290e+04 3 0)
|        ( - -2.369e+02 2 0)))
s>    ( QUESTION2_7_L -1 -1.343e+04 1.171e+02 1.803e+02
s>        ( - -9.694e+01 1 0)
s>        ( QUESTION1 -1 -1.322e+04 7.950e+01 1.773e+02
s>            ( - -1.290e+04 3 0)
s>            ( - -2.369e+02 2 0)))INFO: dtree.c(1315): Comp split 32
INFO: dtree.c(1439): stop. leaf nodes are specific
INFO: dtree.c(1478): Final simple tree
|( QUESTION0_0_R 1 -3.843e+03 1.883e+02 5.017e+01
|    ( - -7.444e+02 1 0)
|    ( WDBNDRY_E 0 -2.910e+03 1.320e+02 3.917e+01
|        ( - -2.172e+02 1 0)
|        ( - -2.561e+03 2 0)))
s>    ( QUESTION0_0_R 1 -3.843e+03 1.883e+02 5.017e+01
s>        ( - -7.444e+02 1 0)
s>        ( WDBNDRY_E 0 -2.910e+03 1.320e+02 3.917e+01
s>            ( - -2.172e+02 1 0)
s>            ( - -2.561e+03 2 0)))INFO: dtree.c(1315): Comp split 33
INFO: dtree.c(1439): stop. leaf nodes are specific
INFO: dtree.c(1478): Final simple tree
|( WDBNDRY_E 0 -2.910e+03 1.320e+02 3.917e+01
|    ( - -2.172e+02 1 0)
|    ( - -2.561e+03 2 0))
s>    ( WDBNDRY_E 0 -2.910e+03 1.320e+02 3.917e+01
s>        ( - -2.172e+02 1 0)
s>        ( - -2.561e+03 2 0))INFO: dtree.c(1315): Comp split 34
INFO: dtree.c(1315): Comp split 35
INFO: dtree.c(1439): stop. leaf nodes are specific
INFO: dtree.c(1478): Final simple tree
|( WDBNDRY_B 0 -3.383e+03 1.594e+02 4.301e+01
|    ( - 1.431e+01 1 0)
|    ( QUESTION1 -1 -3.238e+03 1.343e+02 4.101e+01
|        ( - -9.960e+02 1 0)
|        ( QUESTION10 1 -2.107e+03 1.309e+02 2.800e+01
|            ( - -9.010e+02 2 0)
|            ( - -1.075e+03 2 0))))
s>    ( WDBNDRY_B 0 -3.383e+03 1.594e+02 4.301e+01
s>        ( - 1.431e+01 1 0)
s>        ( QUESTION1 -1 -3.238e+03 1.343e+02 4.101e+01
s>            ( - -9.960e+02 1 0)
s>            ( QUESTION10 1 -2.107e+03 1.309e+02 2.800e+01
s>                ( - -9.010e+02 2 0)
s>                ( - -1.075e+03 2 0))))INFO: dtree.c(1315): Comp split 36
INFO: dtree.c(1439): stop. leaf nodes are specific
INFO: dtree.c(1478): Final simple tree
|( QUESTION10 1 -4.922e+03 1.370e+02 7.067e+01
|    ( - -5.180e+01 1 0)
|    ( QUESTION0_0_R 1 -4.733e+03 1.316e+02 6.767e+01
|        ( - -1.737e+02 1 0)
|        ( WDBNDRY_I 0 -4.428e+03 1.107e+02 6.267e+01
|            ( - -2.919e+03 3 0)
|            ( QUESTION13 -1 -1.399e+03 1.012e+02 2.100e+01
|                ( - -5.490e+02 2 0)
|                ( WDBNDRY_B 0 -7.487e+02 1.309e+02 1.200e+01
|                    ( - -2.933e+02 2 0)
|                    ( - -3.245e+02 1 0))))))
s>    ( QUESTION10 1 -4.922e+03 1.370e+02 7.067e+01
s>        ( - -5.180e+01 1 0)
s>        ( QUESTION0_0_R 1 -4.733e+03 1.316e+02 6.767e+01
s>            ( - -1.737e+02 1 0)
s>            ( WDBNDRY_I 0 -4.428e+03 1.107e+02 6.267e+01
s>                ( - -2.919e+03 3 0)
s>                ( QUESTION13 -1 -1.399e+03 1.012e+02 2.100e+01
s>                    ( - -5.490e+02 2 0)
s>                    ( WDBNDRY_B 0 -7.487e+02 1.309e+02 1.200e+01
s>                        ( - -2.933e+02 2 0)
s>                        ( - -3.245e+02 1 0))))))INFO: dtree.c(1315): Comp split 37
INFO: dtree.c(1439): stop. leaf nodes are specific
INFO: dtree.c(1478): Final simple tree
|( QUESTION1 -1 -3.238e+03 1.343e+02 4.101e+01
|    ( - -9.960e+02 1 0)
|    ( QUESTION10 1 -2.107e+03 1.309e+02 2.800e+01
|        ( - -9.010e+02 2 0)
|        ( - -1.075e+03 2 0)))
s>    ( QUESTION1 -1 -3.238e+03 1.343e+02 4.101e+01
s>        ( - -9.960e+02 1 0)
s>        ( QUESTION10 1 -2.107e+03 1.309e+02 2.800e+01
s>            ( - -9.010e+02 2 0)
s>            ( - -1.075e+03 2 0)))INFO: dtree.c(1315): Comp split 38
INFO: dtree.c(1315): Comp split 39
INFO: dtree.c(1315): Comp split 40
INFO: dtree.c(1439): stop. leaf nodes are specific
INFO: dtree.c(1478): Final simple tree
|( WDBNDRY_B 0 -3.340e+03 1.505e+02 4.700e+01
|    ( - -2.292e+02 2 0)
|    ( QUESTION0 -1 -2.960e+03 1.112e+02 4.200e+01
|        ( - -2.660e+03 2 0)
|        ( - -1.887e+02 2 0)))
s>    ( WDBNDRY_B 0 -3.340e+03 1.505e+02 4.700e+01
s>        ( - -2.292e+02 2 0)
s>        ( QUESTION0 -1 -2.960e+03 1.112e+02 4.200e+01
s>            ( - -2.660e+03 2 0)
s>            ( - -1.887e+02 2 0)))INFO: dtree.c(1315): Comp split 41
INFO: dtree.c(1439): stop. leaf nodes are specific
INFO: dtree.c(1478): Final simple tree
|( QUESTION0 -1 -2.960e+03 1.112e+02 4.200e+01
|    ( - -2.660e+03 2 0)
|    ( - -1.887e+02 2 0))
s>    ( QUESTION0 -1 -2.960e+03 1.112e+02 4.200e+01
s>        ( - -2.660e+03 2 0)
s>        ( - -1.887e+02 2 0))INFO: dtree.c(1315): Comp split 42
INFO: dtree.c(1439): stop. leaf nodes are specific
INFO: dtree.c(1478): Final simple tree
|( QUESTION3 -1 -7.303e+03 1.268e+02 9.706e+01
|    ( - -3.803e+03 2 0)
|    ( - -3.372e+03 4 0))
s>    ( QUESTION3 -1 -7.303e+03 1.268e+02 9.706e+01
s>        ( - -3.803e+03 2 0)
s>        ( - -3.372e+03 4 0))INFO: dtree.c(1439): stop. leaf nodes are specific
INFO: dtree.c(1478): Final simple tree
|( WDBNDRY_B 0 -5.122e+02 1.007e+02 9.000e+00
|    ( - -2.926e+01 1 0)
|    ( - -3.822e+02 1 0))
s>    ( WDBNDRY_B 0 -5.122e+02 1.007e+02 9.000e+00
s>        ( - -2.926e+01 1 0)
s>        ( - -3.822e+02 1 0))INFO: dtree.c(1315): Comp split 43
INFO: dtree.c(1439): stop. leaf nodes are specific
INFO: dtree.c(1478): Final simple tree
|( WDBNDRY_B 0 -5.936e+02 1.266e+02 1.100e+01
|    ( - -2.933e+02 2 0)
|    ( - -1.737e+02 1 0))
s>    ( WDBNDRY_B 0 -5.936e+02 1.266e+02 1.100e+01
s>        ( - -2.933e+02 2 0)
s>        ( - -1.737e+02 1 0))INFO: dtree.c(1439): stop. leaf nodes are specific
INFO: dtree.c(1478): Final simple tree
|( QUESTION10 1 -4.183e+03 1.393e+02 5.967e+01
|    ( - -5.180e+01 1 0)
|    ( WDBNDRY_B 0 -3.992e+03 1.023e+02 5.667e+01
|        ( - -5.490e+02 2 0)
|        ( WDBNDRY_E 0 -3.340e+03 9.746e+01 4.767e+01
|            ( - -3.245e+02 1 0)
|            ( - -2.919e+03 3 0))))
s>    ( QUESTION10 1 -4.183e+03 1.393e+02 5.967e+01
s>        ( - -5.180e+01 1 0)
s>        ( WDBNDRY_B 0 -3.992e+03 1.023e+02 5.667e+01
s>            ( - -5.490e+02 2 0)
s>            ( WDBNDRY_E 0 -3.340e+03 9.746e+01 4.767e+01
s>                ( - -3.245e+02 1 0)
s>                ( - -2.919e+03 3 0))))INFO: dtree.c(1315): Comp split 44
INFO: dtree.c(1439): stop. leaf nodes are specific
INFO: dtree.c(1478): Final simple tree
|( QUESTION1 -1 -2.196e+03 1.248e+02 2.801e+01
|    ( - -9.960e+02 1 0)
|    ( - -1.075e+03 2 0))
s>    ( QUESTION1 -1 -2.196e+03 1.248e+02 2.801e+01
s>        ( - -9.960e+02 1 0)
s>        ( - -1.075e+03 2 0))INFO: dtree.c(1315): Comp split 45
INFO: dtree.c(1439): stop. leaf nodes are specific
INFO: dtree.c(1478): Final simple tree
|( WDBNDRY_B 0 -3.992e+03 1.023e+02 5.667e+01
|    ( - -5.490e+02 2 0)
|    ( WDBNDRY_E 0 -3.340e+03 9.746e+01 4.767e+01
|        ( - -3.245e+02 1 0)
|        ( - -2.919e+03 3 0)))
s>    ( WDBNDRY_B 0 -3.992e+03 1.023e+02 5.667e+01
s>        ( - -5.490e+02 2 0)
s>        ( WDBNDRY_E 0 -3.340e+03 9.746e+01 4.767e+01
s>            ( - -3.245e+02 1 0)
s>            ( - -2.919e+03 3 0)))INFO: dtree.c(1315): Comp split 46
INFO: dtree.c(1315): Comp split 47
INFO: dtree.c(1315): Comp split 48
INFO: dtree.c(1315): Comp split 49
INFO: dtree.c(1315): Comp split 50
INFO: dtree.c(1439): stop. leaf nodes are specific
INFO: dtree.c(1478): Final simple tree
|( QUESTION1 -1 -1.322e+04 7.950e+01 1.773e+02
|    ( - -1.290e+04 3 0)
|    ( - -2.369e+02 2 0))
s>    ( QUESTION1 -1 -1.322e+04 7.950e+01 1.773e+02
s>        ( - -1.290e+04 3 0)
s>        ( - -2.369e+02 2 0))INFO: dtree.c(1315): Comp split 51
INFO: dtree.c(1315): Comp split 52
INFO: dtree.c(1315): Comp split 53
INFO: dtree.c(1315): Comp split 54
INFO: dtree.c(1439): stop. leaf nodes are specific
INFO: dtree.c(1478): Final simple tree
|( WDBNDRY_E 0 -3.340e+03 9.746e+01 4.767e+01
|    ( - -3.245e+02 1 0)
|    ( - -2.919e+03 3 0))
s>    ( WDBNDRY_E 0 -3.340e+03 9.746e+01 4.767e+01
s>        ( - -3.245e+02 1 0)
s>        ( - -2.919e+03 3 0))INFO: dtree.c(1315): Comp split 55
INFO: dtree.c(1315): Comp split 56
INFO: dtree.c(1315): Comp split 57
INFO: dtree.c(1315): Comp split 58
INFO: dtree.c(1318): stop. leaf nodes are specific
!!!!!!!!Allocated 66 lines
Fri Apr  8 23:09:24 2016
