Current configuration:
[NAME]		[DEFLT]	[VALUE]
-allphones	no	no
-cntthresh	0.00001	1.000000e-05
-csplitmax	100	2000
-csplitmin	1	1
-csplitthr	8e-4	0.000000e+00
-example	no	no
-fullvar	no	no
-help		no	no
-meanfn			/home/yaroslav/model/model_parameters/ua.cd_cont_untied/means
-mixwfn			/home/yaroslav/model/model_parameters/ua.cd_cont_untied/mixture_weights
-moddeffn		/home/yaroslav/model/model_architecture/ua.untied.mdef
-mwfloor	1e-4	1.000000e-08
-phone			YA
-psetfn			/home/yaroslav/model/model_architecture/ua.tree_questions
-ssplitmax	5	7
-ssplitmin	1	1
-ssplitthr	8e-4	0.000000e+00
-state			2
-stwt			1.0,0.05,0.0,
-treefn			/home/yaroslav/model/trees/ua.unpruned/YA-2.dtree
-ts2cbfn	.semi.	.cont.
-varfloor	0.00001	1.000000e-05
-varfn			/home/yaroslav/model/model_parameters/ua.cd_cont_untied/variances

INFO: main.c(223): Reading: /home/yaroslav/model/model_architecture/ua.untied.mdef
INFO: model_def_io.c(573): Model definition info:
INFO: model_def_io.c(574): 9365 total models defined (51 base, 9314 tri)
INFO: model_def_io.c(575): 37460 total states
INFO: model_def_io.c(576): 28095 total tied states
INFO: model_def_io.c(577): 153 total tied CI states
INFO: model_def_io.c(578): 51 total tied transition matrices
INFO: model_def_io.c(579): 4 max state/model
INFO: model_def_io.c(580): 4 min state/model
INFO: main.c(242): Building trees for [YA A B s] through [YA І Z e]
INFO: main.c(269): Covering states |[23988 24362]| == 375
INFO: main.c(275): Reading: /home/yaroslav/model/model_parameters/ua.cd_cont_untied/mixture_weights
INFO: s3mixw_io.c(173): Read /home/yaroslav/model/model_parameters/ua.cd_cont_untied/mixture_weights [375x1x1 array]
INFO: main.c(311): 123 of 125 models have observation count greater than 0.000010
INFO: main.c(95): nrm stwt: 0.000 0.048 0.952 
INFO: s3gau_io.c(169): Read /home/yaroslav/model/model_parameters/ua.cd_cont_untied/means [28095x1x1 array]
INFO: s3gau_io.c(169): Read /home/yaroslav/model/model_parameters/ua.cd_cont_untied/variances [28095x1x1 array]
INFO: main.c(549): Reading: /home/yaroslav/model/model_architecture/ua.tree_questions
INFO: main.c(588): 180 total simple questions (172 phone; 8 word bndry)
INFO: main.c(590): 42 Left Only questions, and 42 Right Only questions
INFO: dtree.c(1478): Final simple tree
|( QUESTION2 1 -3.104e+05 2.007e+03 1.508e+03
|    ( QUESTION5 1 -1.809e+05 1.167e+03 8.753e+02
|        ( - -3.668e+04 8 0 QUESTION2_15_L -1 2.714e+02 1.805e+02)
|        ( WDBNDRY_B 0 -1.431e+05 5.216e+02 6.949e+02
|            ( - -1.024e+05 26 0 QUESTION2_10_L -1 4.450e+02 4.978e+02)
|            ( QUESTION17 -1 -4.015e+04 4.764e+02 1.971e+02
|                ( - -5.959e+03 1 0)
|                ( - -3.372e+04 21 0 WDBNDRY_I 0 3.793e+02 1.633e+02))))
|    ( QUESTION9 1 -1.274e+05 7.345e+02 6.330e+02
|        ( QUESTION10 -1 -2.516e+04 6.985e+02 1.277e+02
|            ( - -6.005e+03 2 0 QUESTION0_7_R 1 3.383e+02 3.467e+01)
|            ( - -1.846e+04 14 0 QUESTION0_1_R 1 4.679e+02 9.306e+01))
|        ( QUESTION2_3_L -1 -1.015e+05 5.707e+02 5.053e+02
|            ( - -9.267e+03 1 0)
|            ( - -9.170e+04 50 0 WDBNDRY_S 0 4.344e+02 4.561e+02))))
s>    ( QUESTION2 1 -3.104e+05 2.007e+03 1.508e+03
s>        ( QUESTION5 1 -1.809e+05 1.167e+03 8.753e+02
s>            ( - -3.668e+04 8 0 QUESTION2_15_L -1 2.714e+02 1.805e+02)
s>            ( WDBNDRY_B 0 -1.431e+05 5.216e+02 6.949e+02
s>                ( - -1.024e+05 26 0 QUESTION2_10_L -1 4.450e+02 4.978e+02)
s>                ( QUESTION17 -1 -4.015e+04 4.764e+02 1.971e+02
s>                    ( - -5.959e+03 1 0)
s>                    ( - -3.372e+04 21 0 WDBNDRY_I 0 3.793e+02 1.633e+02))))
s>        ( QUESTION9 1 -1.274e+05 7.345e+02 6.330e+02
s>            ( QUESTION10 -1 -2.516e+04 6.985e+02 1.277e+02
s>                ( - -6.005e+03 2 0 QUESTION0_7_R 1 3.383e+02 3.467e+01)
s>                ( - -1.846e+04 14 0 QUESTION0_1_R 1 4.679e+02 9.306e+01))
s>            ( QUESTION2_3_L -1 -1.015e+05 5.707e+02 5.053e+02
s>                ( - -9.267e+03 1 0)
s>                ( - -9.170e+04 50 0 WDBNDRY_S 0 4.344e+02 4.561e+02))))INFO: dtree.c(1315): Comp split 0
INFO: dtree.c(1478): Final simple tree
|( QUESTION10 -1 -1.680e+05 7.167e+02 8.301e+02
|    ( - -6.005e+03 2 0 QUESTION0_7_R 1 3.383e+02 3.467e+01)
|    ( QUESTION9 1 -1.612e+05 6.823e+02 7.954e+02
|        ( QUESTION0_1_R 1 -1.846e+04 4.679e+02 9.306e+01
|            ( - 2.213e+02 1 0)
|            ( - -1.821e+04 13 0 QUESTION2_0_L -1 4.208e+02 9.206e+01))
|        ( QUESTION2_3_L -1 -1.421e+05 5.653e+02 7.024e+02
|            ( - -9.267e+03 1 0)
|            ( QUESTION7 1 -1.323e+05 4.638e+02 6.532e+02
|                ( - -7.458e+04 37 0 QUESTION0_1_R 1 3.775e+02 3.749e+02)
|                ( QUESTION17 -1 -5.722e+04 5.197e+02 2.784e+02
|                    ( - -5.959e+03 1 0)
|                    ( QUESTION0_2_R 1 -5.074e+04 4.230e+02 2.446e+02
|                        ( - -8.909e+03 3 0 WDBNDRY_S 0 2.093e+02 4.532e+01)
|                        ( - -4.141e+04 31 0 QUESTION0 -1 3.448e+02 1.993e+02)))))))
s>    ( QUESTION10 -1 -1.680e+05 7.167e+02 8.301e+02
s>        ( - -6.005e+03 2 0 QUESTION0_7_R 1 3.383e+02 3.467e+01)
s>        ( QUESTION9 1 -1.612e+05 6.823e+02 7.954e+02
s>            ( QUESTION0_1_R 1 -1.846e+04 4.679e+02 9.306e+01
s>                ( - 2.213e+02 1 0)
s>                ( - -1.821e+04 13 0 QUESTION2_0_L -1 4.208e+02 9.206e+01))
s>            ( QUESTION2_3_L -1 -1.421e+05 5.653e+02 7.024e+02
s>                ( - -9.267e+03 1 0)
s>                ( QUESTION7 1 -1.323e+05 4.638e+02 6.532e+02
s>                    ( - -7.458e+04 37 0 QUESTION0_1_R 1 3.775e+02 3.749e+02)
s>                    ( QUESTION17 -1 -5.722e+04 5.197e+02 2.784e+02
s>                        ( - -5.959e+03 1 0)
s>                        ( QUESTION0_2_R 1 -5.074e+04 4.230e+02 2.446e+02
s>                            ( - -8.909e+03 3 0 WDBNDRY_S 0 2.093e+02 4.532e+01)
s>                            ( - -4.141e+04 31 0 QUESTION0 -1 3.448e+02 1.993e+02)))))))INFO: dtree.c(1478): Final simple tree
|( QUESTION3 1 -1.401e+05 9.451e+02 6.783e+02
|    ( QUESTION2_15_L -1 -3.668e+04 2.714e+02 1.805e+02
|        ( - -2.786e+04 2 0 QUESTION0 -1 1.274e+02 1.380e+02)
|        ( QUESTION9 -1 -8.558e+03 1.780e+02 4.247e+01
|            ( - -2.244e+02 1 0)
|            ( QUESTION2_0_L -1 -8.155e+03 4.197e+02 4.047e+01
|                ( - 2.206e+02 1 0)
|                ( - -7.956e+03 4 0 QUESTION0 -1 4.181e+02 3.947e+01))))
|    ( QUESTION2_10_L -1 -1.024e+05 4.450e+02 4.978e+02
|        ( - 2.407e+02 1 0)
|        ( QUESTION2_14_L -1 -1.022e+05 3.161e+02 4.968e+02
|            ( - -2.644e+04 2 0)
|            ( QUESTION2_1_L -1 -7.546e+04 1.955e+02 3.689e+02
|                ( - -6.122e+03 4 0)
|                ( - -6.914e+04 19 0 QUESTION8 -1 1.557e+02 3.378e+02)))))
s>    ( QUESTION3 1 -1.401e+05 9.451e+02 6.783e+02
s>        ( QUESTION2_15_L -1 -3.668e+04 2.714e+02 1.805e+02
s>            ( - -2.786e+04 2 0 QUESTION0 -1 1.274e+02 1.380e+02)
s>            ( QUESTION9 -1 -8.558e+03 1.780e+02 4.247e+01
s>                ( - -2.244e+02 1 0)
s>                ( QUESTION2_0_L -1 -8.155e+03 4.197e+02 4.047e+01
s>                    ( - 2.206e+02 1 0)
s>                    ( - -7.956e+03 4 0 QUESTION0 -1 4.181e+02 3.947e+01))))
s>        ( QUESTION2_10_L -1 -1.024e+05 4.450e+02 4.978e+02
s>            ( - 2.407e+02 1 0)
s>            ( QUESTION2_14_L -1 -1.022e+05 3.161e+02 4.968e+02
s>                ( - -2.644e+04 2 0)
s>                ( QUESTION2_1_L -1 -7.546e+04 1.955e+02 3.689e+02
s>                    ( - -6.122e+03 4 0)
s>                    ( - -6.914e+04 19 0 QUESTION8 -1 1.557e+02 3.378e+02)))))INFO: dtree.c(1315): Comp split 1
INFO: dtree.c(1478): Final simple tree
|( QUESTION2_14_L -1 -9.592e+04 3.391e+02 4.658e+02
|    ( - -2.644e+04 2 0)
|    ( QUESTION8 -1 -6.914e+04 1.557e+02 3.378e+02
|        ( QUESTION2_0_L -1 -8.465e+03 1.607e+02 4.183e+01
|            ( - -1.935e+03 2 0)
|            ( - -6.369e+03 3 0))
|        ( QUESTION0 -1 -6.052e+04 1.548e+02 2.960e+02
|            ( - -4.255e+04 4 0 QUESTION2_12_L -1 9.844e+01 2.072e+02)
|            ( QUESTION4 -1 -1.782e+04 1.405e+02 8.883e+01
|                ( - -8.443e+02 1 0)
|                ( QUESTION3 -1 -1.683e+04 1.334e+02 8.383e+01
|                    ( - -1.278e+03 1 0)
|                    ( QUESTION2 -1 -1.542e+04 1.149e+02 7.683e+01
|                        ( - -3.573e+03 1 0)
|                        ( - -1.173e+04 7 0 QUESTION19 -1 1.138e+02 5.888e+01)))))))
s>    ( QUESTION2_14_L -1 -9.592e+04 3.391e+02 4.658e+02
s>        ( - -2.644e+04 2 0)
s>        ( QUESTION8 -1 -6.914e+04 1.557e+02 3.378e+02
s>            ( QUESTION2_0_L -1 -8.465e+03 1.607e+02 4.183e+01
s>                ( - -1.935e+03 2 0)
s>                ( - -6.369e+03 3 0))
s>            ( QUESTION0 -1 -6.052e+04 1.548e+02 2.960e+02
s>                ( - -4.255e+04 4 0 QUESTION2_12_L -1 9.844e+01 2.072e+02)
s>                ( QUESTION4 -1 -1.782e+04 1.405e+02 8.883e+01
s>                    ( - -8.443e+02 1 0)
s>                    ( QUESTION3 -1 -1.683e+04 1.334e+02 8.383e+01
s>                        ( - -1.278e+03 1 0)
s>                        ( QUESTION2 -1 -1.542e+04 1.149e+02 7.683e+01
s>                            ( - -3.573e+03 1 0)
s>                            ( - -1.173e+04 7 0 QUESTION19 -1 1.138e+02 5.888e+01)))))))INFO: dtree.c(1478): Final simple tree
|( QUESTION2_4_L -1 -4.316e+04 4.417e+02 2.125e+02
|    ( - 2.407e+02 1 0)
|    ( QUESTION2_15_L -1 -4.296e+04 2.558e+02 2.115e+02
|        ( - -2.786e+04 2 0 QUESTION0 -1 1.274e+02 1.380e+02)
|        ( QUESTION9 -1 -1.485e+04 1.806e+02 7.350e+01
|            ( - -2.244e+02 1 0)
|            ( QUESTION2_2_L -1 -1.444e+04 4.201e+02 7.150e+01
|                ( - 2.206e+02 1 0)
|                ( QUESTION7 -1 -1.424e+04 4.186e+02 7.050e+01
|                    ( - 2.191e+02 1 0)
|                    ( QUESTION2_12_L -1 -1.405e+04 4.404e+02 6.950e+01
|                        ( - 2.422e+02 1 0)
|                        ( QUESTION0 -1 -1.385e+04 1.703e+02 6.850e+01
|                            ( - -7.555e+03 2 0)
|                            ( - -6.122e+03 4 0))))))))
s>    ( QUESTION2_4_L -1 -4.316e+04 4.417e+02 2.125e+02
s>        ( - 2.407e+02 1 0)
s>        ( QUESTION2_15_L -1 -4.296e+04 2.558e+02 2.115e+02
s>            ( - -2.786e+04 2 0 QUESTION0 -1 1.274e+02 1.380e+02)
s>            ( QUESTION9 -1 -1.485e+04 1.806e+02 7.350e+01
s>                ( - -2.244e+02 1 0)
s>                ( QUESTION2_2_L -1 -1.444e+04 4.201e+02 7.150e+01
s>                    ( - 2.206e+02 1 0)
s>                    ( QUESTION7 -1 -1.424e+04 4.186e+02 7.050e+01
s>                        ( - 2.191e+02 1 0)
s>                        ( QUESTION2_12_L -1 -1.405e+04 4.404e+02 6.950e+01
s>                            ( - 2.422e+02 1 0)
s>                            ( QUESTION0 -1 -1.385e+04 1.703e+02 6.850e+01
s>                                ( - -7.555e+03 2 0)
s>                                ( - -6.122e+03 4 0))))))))INFO: dtree.c(1315): Comp split 2
INFO: dtree.c(1478): Final simple tree
|( QUESTION2_3_L -1 -1.263e+05 5.732e+02 6.233e+02
|    ( - -9.267e+03 1 0)
|    ( QUESTION7 1 -1.165e+05 5.104e+02 5.741e+02
|        ( QUESTION0_1_R 1 -7.458e+04 3.775e+02 3.749e+02
|            ( QUESTION2_16_L -1 -6.009e+04 4.420e+02 3.039e+02
|                ( - 2.413e+02 1 0)
|                ( WDBNDRY_S 0 -5.989e+04 3.308e+02 3.029e+02
|                    ( - -2.413e+04 12 0 QUESTION2_12_L -1 2.671e+02 1.208e+02)
|                    ( - -3.543e+04 12 0 QUESTION0 -1 2.633e+02 1.821e+02)))
|            ( - -1.411e+04 12 0 WDBNDRY_E 0 2.443e+02 7.100e+01))
|        ( QUESTION0 -1 -4.141e+04 3.448e+02 1.993e+02
|            ( - -2.414e+04 21 0 WDBNDRY_E 0 2.507e+02 1.160e+02)
|            ( QUESTION0_0_R 1 -1.692e+04 3.218e+02 8.329e+01
|                ( - -1.154e+04 9 0 QUESTION3 -1 2.209e+02 5.601e+01)
|                ( - -5.066e+03 1 0)))))
s>    ( QUESTION2_3_L -1 -1.263e+05 5.732e+02 6.233e+02
s>        ( - -9.267e+03 1 0)
s>        ( QUESTION7 1 -1.165e+05 5.104e+02 5.741e+02
s>            ( QUESTION0_1_R 1 -7.458e+04 3.775e+02 3.749e+02
s>                ( QUESTION2_16_L -1 -6.009e+04 4.420e+02 3.039e+02
s>                    ( - 2.413e+02 1 0)
s>                    ( WDBNDRY_S 0 -5.989e+04 3.308e+02 3.029e+02
s>                        ( - -2.413e+04 12 0 QUESTION2_12_L -1 2.671e+02 1.208e+02)
s>                        ( - -3.543e+04 12 0 QUESTION0 -1 2.633e+02 1.821e+02)))
s>                ( - -1.411e+04 12 0 WDBNDRY_E 0 2.443e+02 7.100e+01))
s>            ( QUESTION0 -1 -4.141e+04 3.448e+02 1.993e+02
s>                ( - -2.414e+04 21 0 WDBNDRY_E 0 2.507e+02 1.160e+02)
s>                ( QUESTION0_0_R 1 -1.692e+04 3.218e+02 8.329e+01
s>                    ( - -1.154e+04 9 0 QUESTION3 -1 2.209e+02 5.601e+01)
s>                    ( - -5.066e+03 1 0)))))INFO: dtree.c(1478): Final simple tree
|( QUESTION10 -1 -4.077e+04 6.485e+02 2.068e+02
|    ( QUESTION0_7_R 1 -6.005e+03 3.383e+02 3.467e+01
|        ( - -5.435e+03 1 0)
|        ( - -2.317e+02 1 0))
|    ( WDBNDRY_B 0 -3.412e+04 5.313e+02 1.721e+02
|        ( - -1.221e+04 6 0 QUESTION0_3_R 1 1.867e+02 6.306e+01)
|        ( QUESTION8 -1 -2.138e+04 4.232e+02 1.091e+02
|            ( - 2.117e+02 1 0)
|            ( WDBNDRY_I 0 -2.117e+04 3.752e+02 1.081e+02
|                ( QUESTION0_3_R 1 -9.334e+03 2.805e+02 4.732e+01
|                    ( - -7.791e+02 1 0)
|                    ( - -8.275e+03 2 0))
|                ( QUESTION0_1_R 1 -1.146e+04 2.691e+02 6.075e+01
|                    ( - -6.180e+03 2 0 WDBNDRY_E 0 4.418e+02 3.475e+01)
|                    ( - -5.010e+03 6 0 QUESTION2_16_L -1 2.094e+02 2.600e+01))))))
s>    ( QUESTION10 -1 -4.077e+04 6.485e+02 2.068e+02
s>        ( QUESTION0_7_R 1 -6.005e+03 3.383e+02 3.467e+01
s>            ( - -5.435e+03 1 0)
s>            ( - -2.317e+02 1 0))
s>        ( WDBNDRY_B 0 -3.412e+04 5.313e+02 1.721e+02
s>            ( - -1.221e+04 6 0 QUESTION0_3_R 1 1.867e+02 6.306e+01)
s>            ( QUESTION8 -1 -2.138e+04 4.232e+02 1.091e+02
s>                ( - 2.117e+02 1 0)
s>                ( WDBNDRY_I 0 -2.117e+04 3.752e+02 1.081e+02
s>                    ( QUESTION0_3_R 1 -9.334e+03 2.805e+02 4.732e+01
s>                        ( - -7.791e+02 1 0)
s>                        ( - -8.275e+03 2 0))
s>                    ( QUESTION0_1_R 1 -1.146e+04 2.691e+02 6.075e+01
s>                        ( - -6.180e+03 2 0 WDBNDRY_E 0 4.418e+02 3.475e+01)
s>                        ( - -5.010e+03 6 0 QUESTION2_16_L -1 2.094e+02 2.600e+01))))))INFO: dtree.c(1315): Comp split 3
INFO: dtree.c(1478): Final simple tree
|( WDBNDRY_B 0 -3.455e+04 5.337e+02 1.741e+02
|    ( - -1.221e+04 6 0 QUESTION0_3_R 1 1.867e+02 6.306e+01)
|    ( QUESTION8 -1 -2.180e+04 4.226e+02 1.111e+02
|        ( - 2.117e+02 1 0)
|        ( WDBNDRY_I 0 -2.159e+04 3.734e+02 1.101e+02
|            ( QUESTION0_3_R 1 -9.334e+03 2.805e+02 4.732e+01
|                ( - -7.791e+02 1 0)
|                ( - -8.275e+03 2 0))
|            ( QUESTION0_1_R 1 -1.189e+04 2.788e+02 6.275e+01
|                ( WDBNDRY_E 0 -6.180e+03 4.418e+02 3.475e+01
|                    ( - -5.959e+03 1 0)
|                    ( - 2.213e+02 1 0))
|                ( QUESTION0_7_R 1 -5.427e+03 2.272e+02 2.800e+01
|                    ( - -3.713e+03 3 0 WDBNDRY_E 0 2.070e+02 2.000e+01)
|                    ( - -1.487e+03 4 0 WDBNDRY_E 0 4.578e+02 8.000e+00))))))
s>    ( WDBNDRY_B 0 -3.455e+04 5.337e+02 1.741e+02
s>        ( - -1.221e+04 6 0 QUESTION0_3_R 1 1.867e+02 6.306e+01)
s>        ( QUESTION8 -1 -2.180e+04 4.226e+02 1.111e+02
s>            ( - 2.117e+02 1 0)
s>            ( WDBNDRY_I 0 -2.159e+04 3.734e+02 1.101e+02
s>                ( QUESTION0_3_R 1 -9.334e+03 2.805e+02 4.732e+01
s>                    ( - -7.791e+02 1 0)
s>                    ( - -8.275e+03 2 0))
s>                ( QUESTION0_1_R 1 -1.189e+04 2.788e+02 6.275e+01
s>                    ( WDBNDRY_E 0 -6.180e+03 4.418e+02 3.475e+01
s>                        ( - -5.959e+03 1 0)
s>                        ( - 2.213e+02 1 0))
s>                    ( QUESTION0_7_R 1 -5.427e+03 2.272e+02 2.800e+01
s>                        ( - -3.713e+03 3 0 WDBNDRY_E 0 2.070e+02 2.000e+01)
s>                        ( - -1.487e+03 4 0 WDBNDRY_E 0 4.578e+02 8.000e+00))))))INFO: dtree.c(1315): Comp split 4
INFO: dtree.c(1478): Final simple tree
|( QUESTION0_0_R 1 -4.078e+04 2.867e+02 2.094e+02
|    ( QUESTION0 -1 -3.543e+04 2.633e+02 1.821e+02
|        ( QUESTION2_12_L -1 -2.028e+04 2.009e+02 1.059e+02
|            ( WDBNDRY_E 0 -1.608e+04 2.155e+02 8.395e+01
|                ( - -5.972e+03 1 0)
|                ( - -9.894e+03 4 0))
|            ( - -3.999e+03 2 0))
|        ( QUESTION8 -1 -1.488e+04 2.247e+02 7.612e+01
|            ( - -6.598e+02 1 0)
|            ( WDBNDRY_B 0 -1.400e+04 1.964e+02 7.212e+01
|                ( - -1.661e+03 1 0)
|                ( WDBNDRY_E 0 -1.214e+04 1.608e+02 6.312e+01
|                    ( - -1.153e+04 2 0)
|                    ( - -4.475e+02 1 0)))))
|    ( - -5.066e+03 1 0))
s>    ( QUESTION0_0_R 1 -4.078e+04 2.867e+02 2.094e+02
s>        ( QUESTION0 -1 -3.543e+04 2.633e+02 1.821e+02
s>            ( QUESTION2_12_L -1 -2.028e+04 2.009e+02 1.059e+02
s>                ( WDBNDRY_E 0 -1.608e+04 2.155e+02 8.395e+01
s>                    ( - -5.972e+03 1 0)
s>                    ( - -9.894e+03 4 0))
s>                ( - -3.999e+03 2 0))
s>            ( QUESTION8 -1 -1.488e+04 2.247e+02 7.612e+01
s>                ( - -6.598e+02 1 0)
s>                ( WDBNDRY_B 0 -1.400e+04 1.964e+02 7.212e+01
s>                    ( - -1.661e+03 1 0)
s>                    ( WDBNDRY_E 0 -1.214e+04 1.608e+02 6.312e+01
s>                        ( - -1.153e+04 2 0)
s>                        ( - -4.475e+02 1 0)))))
s>        ( - -5.066e+03 1 0))INFO: dtree.c(1478): Final simple tree
|( QUESTION2_3_L -1 -8.485e+04 5.837e+02 4.139e+02
|    ( - -9.267e+03 1 0)
|    ( QUESTION7 1 -7.500e+04 3.540e+02 3.648e+02
|        ( QUESTION0_1_R 1 -3.874e+04 2.886e+02 1.928e+02
|            ( QUESTION2_15_L -1 -2.433e+04 4.415e+02 1.218e+02
|                ( - 2.413e+02 1 0)
|                ( QUESTION2_12_L -1 -2.413e+04 2.671e+02 1.208e+02
|                    ( - -9.419e+03 6 0 QUESTION0 -1 1.171e+02 4.900e+01)
|                    ( - -1.445e+04 6 0 SILENCE -1 2.331e+02 7.178e+01)))
|            ( WDBNDRY_E 0 -1.411e+04 2.443e+02 7.100e+01
|                ( - -3.117e+03 2 0 QUESTION0 -1 2.399e+02 1.700e+01)
|                ( - -1.075e+04 10 0 QUESTION2_16_L -1 2.621e+02 5.400e+01)))
|        ( SILENCE -1 -3.591e+04 2.949e+02 1.720e+02
|            ( - -6.286e+03 1 0)
|            ( - -2.933e+04 29 0 QUESTION0_0_R 1 2.424e+02 1.410e+02))))
s>    ( QUESTION2_3_L -1 -8.485e+04 5.837e+02 4.139e+02
s>        ( - -9.267e+03 1 0)
s>        ( QUESTION7 1 -7.500e+04 3.540e+02 3.648e+02
s>            ( QUESTION0_1_R 1 -3.874e+04 2.886e+02 1.928e+02
s>                ( QUESTION2_15_L -1 -2.433e+04 4.415e+02 1.218e+02
s>                    ( - 2.413e+02 1 0)
s>                    ( QUESTION2_12_L -1 -2.413e+04 2.671e+02 1.208e+02
s>                        ( - -9.419e+03 6 0 QUESTION0 -1 1.171e+02 4.900e+01)
s>                        ( - -1.445e+04 6 0 SILENCE -1 2.331e+02 7.178e+01)))
s>                ( WDBNDRY_E 0 -1.411e+04 2.443e+02 7.100e+01
s>                    ( - -3.117e+03 2 0 QUESTION0 -1 2.399e+02 1.700e+01)
s>                    ( - -1.075e+04 10 0 QUESTION2_16_L -1 2.621e+02 5.400e+01)))
s>            ( SILENCE -1 -3.591e+04 2.949e+02 1.720e+02
s>                ( - -6.286e+03 1 0)
s>                ( - -2.933e+04 29 0 QUESTION0_0_R 1 2.424e+02 1.410e+02))))INFO: dtree.c(1315): Comp split 5
INFO: dtree.c(1439): stop. leaf nodes are specific
INFO: dtree.c(1478): Final simple tree
|( WDBNDRY_B 0 -1.320e+04 2.112e+02 6.806e+01
|    ( QUESTION0_3_R 1 -1.221e+04 1.867e+02 6.306e+01
|        ( QUESTION2_12_L -1 -6.135e+03 2.234e+02 3.200e+01
|            ( QUESTION0 -1 -5.147e+03 1.648e+02 2.700e+01
|                ( - -2.000e+03 1 0)
|                ( - -2.982e+03 1 0))
|            ( - -7.647e+02 1 0))
|        ( QUESTION0 -1 -5.889e+03 1.311e+02 3.106e+01
|            ( QUESTION2_14_L -1 -3.239e+03 1.116e+02 1.706e+01
|                ( - -2.506e+03 1 0)
|                ( - -6.211e+02 1 0))
|            ( - -2.519e+03 1 0)))
|    ( - -7.791e+02 1 0))
s>    ( WDBNDRY_B 0 -1.320e+04 2.112e+02 6.806e+01
s>        ( QUESTION0_3_R 1 -1.221e+04 1.867e+02 6.306e+01
s>            ( QUESTION2_12_L -1 -6.135e+03 2.234e+02 3.200e+01
s>                ( QUESTION0 -1 -5.147e+03 1.648e+02 2.700e+01
s>                    ( - -2.000e+03 1 0)
s>                    ( - -2.982e+03 1 0))
s>                ( - -7.647e+02 1 0))
s>            ( QUESTION0 -1 -5.889e+03 1.311e+02 3.106e+01
s>                ( QUESTION2_14_L -1 -3.239e+03 1.116e+02 1.706e+01
s>                    ( - -2.506e+03 1 0)
s>                    ( - -6.211e+02 1 0))
s>                ( - -2.519e+03 1 0)))
s>        ( - -7.791e+02 1 0))INFO: dtree.c(1478): Final simple tree
|( QUESTION8 -1 -2.070e+04 4.228e+02 1.061e+02
|    ( - 2.117e+02 1 0)
|    ( QUESTION0_1_R 1 -2.049e+04 3.377e+02 1.051e+02
|        ( WDBNDRY_E 0 -6.180e+03 4.418e+02 3.475e+01
|            ( - -5.959e+03 1 0)
|            ( - 2.213e+02 1 0))
|        ( QUESTION0_7_R 1 -1.397e+04 2.874e+02 7.032e+01
|            ( - -3.713e+03 3 0 WDBNDRY_E 0 2.070e+02 2.000e+01)
|            ( WDBNDRY_E 0 -9.971e+03 4.626e+02 5.032e+01
|                ( - 2.410e+02 1 0)
|                ( QUESTION0_4_R 1 -9.750e+03 2.247e+02 4.932e+01
|                    ( - -1.964e+02 1 0)
|                    ( QUESTION2_13_L -1 -9.329e+03 2.072e+02 4.732e+01
|                        ( - -4.248e+02 1 0)
|                        ( - -8.697e+03 3 0 WDBNDRY_S 0 1.903e+02 4.432e+01)))))))
s>    ( QUESTION8 -1 -2.070e+04 4.228e+02 1.061e+02
s>        ( - 2.117e+02 1 0)
s>        ( QUESTION0_1_R 1 -2.049e+04 3.377e+02 1.051e+02
s>            ( WDBNDRY_E 0 -6.180e+03 4.418e+02 3.475e+01
s>                ( - -5.959e+03 1 0)
s>                ( - 2.213e+02 1 0))
s>            ( QUESTION0_7_R 1 -1.397e+04 2.874e+02 7.032e+01
s>                ( - -3.713e+03 3 0 WDBNDRY_E 0 2.070e+02 2.000e+01)
s>                ( WDBNDRY_E 0 -9.971e+03 4.626e+02 5.032e+01
s>                    ( - 2.410e+02 1 0)
s>                    ( QUESTION0_4_R 1 -9.750e+03 2.247e+02 4.932e+01
s>                        ( - -1.964e+02 1 0)
s>                        ( QUESTION2_13_L -1 -9.329e+03 2.072e+02 4.732e+01
s>                            ( - -4.248e+02 1 0)
s>                            ( - -8.697e+03 3 0 WDBNDRY_S 0 1.903e+02 4.432e+01)))))))INFO: dtree.c(1315): Comp split 6
INFO: dtree.c(1478): Final simple tree
|( QUESTION7 1 -7.500e+04 3.540e+02 3.648e+02
|    ( QUESTION0_1_R 1 -3.874e+04 2.886e+02 1.928e+02
|        ( QUESTION2_15_L -1 -2.433e+04 4.415e+02 1.218e+02
|            ( - 2.413e+02 1 0)
|            ( QUESTION2_12_L -1 -2.413e+04 2.671e+02 1.208e+02
|                ( - -9.419e+03 6 0 QUESTION0 -1 1.171e+02 4.900e+01)
|                ( - -1.445e+04 6 0 SILENCE -1 2.331e+02 7.178e+01)))
|        ( WDBNDRY_E 0 -1.411e+04 2.443e+02 7.100e+01
|            ( - -3.117e+03 2 0 QUESTION0 -1 2.399e+02 1.700e+01)
|            ( QUESTION2_16_L -1 -1.075e+04 2.621e+02 5.400e+01
|                ( - -3.223e+03 1 0)
|                ( - -7.267e+03 9 0 WDBNDRY_B 0 2.064e+02 3.600e+01))))
|    ( SILENCE -1 -3.591e+04 2.949e+02 1.720e+02
|        ( - -6.286e+03 1 0)
|        ( - -2.933e+04 29 0 QUESTION0_0_R 1 2.424e+02 1.410e+02)))
s>    ( QUESTION7 1 -7.500e+04 3.540e+02 3.648e+02
s>        ( QUESTION0_1_R 1 -3.874e+04 2.886e+02 1.928e+02
s>            ( QUESTION2_15_L -1 -2.433e+04 4.415e+02 1.218e+02
s>                ( - 2.413e+02 1 0)
s>                ( QUESTION2_12_L -1 -2.413e+04 2.671e+02 1.208e+02
s>                    ( - -9.419e+03 6 0 QUESTION0 -1 1.171e+02 4.900e+01)
s>                    ( - -1.445e+04 6 0 SILENCE -1 2.331e+02 7.178e+01)))
s>            ( WDBNDRY_E 0 -1.411e+04 2.443e+02 7.100e+01
s>                ( - -3.117e+03 2 0 QUESTION0 -1 2.399e+02 1.700e+01)
s>                ( QUESTION2_16_L -1 -1.075e+04 2.621e+02 5.400e+01
s>                    ( - -3.223e+03 1 0)
s>                    ( - -7.267e+03 9 0 WDBNDRY_B 0 2.064e+02 3.600e+01))))
s>        ( SILENCE -1 -3.591e+04 2.949e+02 1.720e+02
s>            ( - -6.286e+03 1 0)
s>            ( - -2.933e+04 29 0 QUESTION0_0_R 1 2.424e+02 1.410e+02)))INFO: dtree.c(1315): Comp split 7
INFO: dtree.c(1478): Final simple tree
|( QUESTION8 -1 -2.048e+04 4.236e+02 1.051e+02
|    ( - 2.117e+02 1 0)
|    ( QUESTION2_13_L -1 -2.027e+04 3.430e+02 1.041e+02
|        ( QUESTION6 1 -1.123e+04 2.676e+02 5.975e+01
|            ( - -5.959e+03 1 0)
|            ( QUESTION0_1_R 1 -5.000e+03 4.411e+02 2.600e+01
|                ( - 2.213e+02 1 0)
|                ( QUESTION0_4_R 1 -4.780e+03 2.369e+02 2.500e+01
|                    ( - -1.964e+02 1 0)
|                    ( QUESTION0_3_R 1 -4.347e+03 2.095e+02 2.300e+01
|                        ( WDBNDRY_E 0 -3.713e+03 2.070e+02 2.000e+01
|                            ( - -3.169e+03 2 0 QUESTION15 1 1.714e+02 1.700e+01)
|                            ( - -3.366e+02 1 0))
|                        ( - -4.248e+02 1 0)))))
|        ( - -8.697e+03 3 0 WDBNDRY_S 0 1.903e+02 4.432e+01)))
s>    ( QUESTION8 -1 -2.048e+04 4.236e+02 1.051e+02
s>        ( - 2.117e+02 1 0)
s>        ( QUESTION2_13_L -1 -2.027e+04 3.430e+02 1.041e+02
s>            ( QUESTION6 1 -1.123e+04 2.676e+02 5.975e+01
s>                ( - -5.959e+03 1 0)
s>                ( QUESTION0_1_R 1 -5.000e+03 4.411e+02 2.600e+01
s>                    ( - 2.213e+02 1 0)
s>                    ( QUESTION0_4_R 1 -4.780e+03 2.369e+02 2.500e+01
s>                        ( - -1.964e+02 1 0)
s>                        ( QUESTION0_3_R 1 -4.347e+03 2.095e+02 2.300e+01
s>                            ( WDBNDRY_E 0 -3.713e+03 2.070e+02 2.000e+01
s>                                ( - -3.169e+03 2 0 QUESTION15 1 1.714e+02 1.700e+01)
s>                                ( - -3.366e+02 1 0))
s>                            ( - -4.248e+02 1 0)))))
s>            ( - -8.697e+03 3 0 WDBNDRY_S 0 1.903e+02 4.432e+01)))INFO: dtree.c(1315): Comp split 8
INFO: dtree.c(1478): Final simple tree
|( QUESTION0_13_R 1 -3.708e+04 2.931e+02 1.780e+02
|    ( WDBNDRY_B 0 -6.452e+03 2.127e+02 3.200e+01
|        ( - -1.317e+03 1 0)
|        ( - -4.923e+03 6 0 WDBNDRY_S 0 1.775e+02 2.500e+01))
|    ( QUESTION0_0_R 1 -3.034e+04 2.437e+02 1.460e+02
|        ( QUESTION0 1 -2.575e+04 2.761e+02 1.250e+02
|            ( QUESTION3 -1 -6.578e+03 1.984e+02 3.300e+01
|                ( - -1.717e+02 1 0)
|                ( - -6.208e+03 7 0 WDBNDRY_E 0 1.970e+02 3.100e+01))
|            ( QUESTION2_16_L -1 -1.890e+04 4.415e+02 9.200e+01
|                ( - 2.413e+02 1 0)
|                ( - -1.870e+04 19 0 WDBNDRY_I 0 1.760e+02 9.100e+01)))
|        ( WDBNDRY_E 0 -4.337e+03 2.148e+02 2.100e+01
|            ( - -1.417e+03 1 0)
|            ( - -2.705e+03 3 0))))
s>    ( QUESTION0_13_R 1 -3.708e+04 2.931e+02 1.780e+02
s>        ( WDBNDRY_B 0 -6.452e+03 2.127e+02 3.200e+01
s>            ( - -1.317e+03 1 0)
s>            ( - -4.923e+03 6 0 WDBNDRY_S 0 1.775e+02 2.500e+01))
s>        ( QUESTION0_0_R 1 -3.034e+04 2.437e+02 1.460e+02
s>            ( QUESTION0 1 -2.575e+04 2.761e+02 1.250e+02
s>                ( QUESTION3 -1 -6.578e+03 1.984e+02 3.300e+01
s>                    ( - -1.717e+02 1 0)
s>                    ( - -6.208e+03 7 0 WDBNDRY_E 0 1.970e+02 3.100e+01))
s>                ( QUESTION2_16_L -1 -1.890e+04 4.415e+02 9.200e+01
s>                    ( - 2.413e+02 1 0)
s>                    ( - -1.870e+04 19 0 WDBNDRY_I 0 1.760e+02 9.100e+01)))
s>            ( WDBNDRY_E 0 -4.337e+03 2.148e+02 2.100e+01
s>                ( - -1.417e+03 1 0)
s>                ( - -2.705e+03 3 0))))INFO: dtree.c(1478): Final simple tree
|( QUESTION2_11_L -1 -3.746e+04 2.887e+02 1.868e+02
|    ( WDBNDRY_E 0 -1.785e+04 2.354e+02 9.200e+01
|        ( QUESTION0 -1 -3.117e+03 2.399e+02 1.700e+01
|            ( - -2.445e+03 1 0)
|            ( - -4.325e+02 1 0))
|        ( QUESTION0_1_R 1 -1.450e+04 1.961e+02 7.500e+01
|            ( - -1.108e+04 8 0 QUESTION2_12_L -1 1.368e+02 5.700e+01)
|            ( - -3.223e+03 1 0)))
|    ( QUESTION2 1 -1.932e+04 2.138e+02 9.479e+01
|        ( - -6.286e+03 1 0)
|        ( SILENCE -1 -1.282e+04 2.254e+02 6.378e+01
|            ( - -5.580e+03 1 0)
|            ( QUESTION2_1_L -1 -7.011e+03 1.948e+02 3.389e+01
|                ( - -5.676e+03 1 0)
|                ( - -1.140e+03 2 0 QUESTION3 -1 2.002e+02 6.000e+00)))))
s>    ( QUESTION2_11_L -1 -3.746e+04 2.887e+02 1.868e+02
s>        ( WDBNDRY_E 0 -1.785e+04 2.354e+02 9.200e+01
s>            ( QUESTION0 -1 -3.117e+03 2.399e+02 1.700e+01
s>                ( - -2.445e+03 1 0)
s>                ( - -4.325e+02 1 0))
s>            ( QUESTION0_1_R 1 -1.450e+04 1.961e+02 7.500e+01
s>                ( - -1.108e+04 8 0 QUESTION2_12_L -1 1.368e+02 5.700e+01)
s>                ( - -3.223e+03 1 0)))
s>        ( QUESTION2 1 -1.932e+04 2.138e+02 9.479e+01
s>            ( - -6.286e+03 1 0)
s>            ( SILENCE -1 -1.282e+04 2.254e+02 6.378e+01
s>                ( - -5.580e+03 1 0)
s>                ( QUESTION2_1_L -1 -7.011e+03 1.948e+02 3.389e+01
s>                    ( - -5.676e+03 1 0)
s>                    ( - -1.140e+03 2 0 QUESTION3 -1 2.002e+02 6.000e+00)))))INFO: dtree.c(1315): Comp split 9
INFO: dtree.c(1478): Final simple tree
|( QUESTION2_4_L -1 -4.296e+04 4.418e+02 2.115e+02
|    ( - 2.407e+02 1 0)
|    ( QUESTION2_12_L -1 -4.276e+04 4.189e+02 2.105e+02
|        ( - 2.191e+02 1 0)
|        ( QUESTION8 -1 -4.256e+04 4.236e+02 2.095e+02
|            ( - 2.206e+02 1 0)
|            ( QUESTION2_15_L -1 -4.236e+04 2.476e+02 2.085e+02
|                ( QUESTION0 -1 -2.786e+04 1.274e+02 1.380e+02
|                    ( - -2.083e+04 1 0)
|                    ( - -6.896e+03 1 0))
|                ( QUESTION7 -1 -1.425e+04 1.815e+02 7.050e+01
|                    ( - -2.244e+02 1 0)
|                    ( QUESTION0 -1 -1.385e+04 1.703e+02 6.850e+01
|                        ( - -7.555e+03 2 0)
|                        ( - -6.122e+03 4 0)))))))
s>    ( QUESTION2_4_L -1 -4.296e+04 4.418e+02 2.115e+02
s>        ( - 2.407e+02 1 0)
s>        ( QUESTION2_12_L -1 -4.276e+04 4.189e+02 2.105e+02
s>            ( - 2.191e+02 1 0)
s>            ( QUESTION8 -1 -4.256e+04 4.236e+02 2.095e+02
s>                ( - 2.206e+02 1 0)
s>                ( QUESTION2_15_L -1 -4.236e+04 2.476e+02 2.085e+02
s>                    ( QUESTION0 -1 -2.786e+04 1.274e+02 1.380e+02
s>                        ( - -2.083e+04 1 0)
s>                        ( - -6.896e+03 1 0))
s>                    ( QUESTION7 -1 -1.425e+04 1.815e+02 7.050e+01
s>                        ( - -2.244e+02 1 0)
s>                        ( QUESTION0 -1 -1.385e+04 1.703e+02 6.850e+01
s>                            ( - -7.555e+03 2 0)
s>                            ( - -6.122e+03 4 0)))))))INFO: dtree.c(1315): Comp split 10
INFO: dtree.c(1478): Final simple tree
|( QUESTION0_13_R 1 -3.688e+04 2.945e+02 1.770e+02
|    ( WDBNDRY_B 0 -6.452e+03 2.127e+02 3.200e+01
|        ( - -1.317e+03 1 0)
|        ( - -4.923e+03 6 0 WDBNDRY_S 0 1.775e+02 2.500e+01))
|    ( QUESTION0_0_R 1 -3.013e+04 2.424e+02 1.450e+02
|        ( QUESTION2 1 -2.555e+04 2.810e+02 1.240e+02
|            ( - -1.789e+04 17 0 WDBNDRY_I 0 1.900e+02 8.700e+01)
|            ( QUESTION3 -1 -7.387e+03 1.980e+02 3.700e+01
|                ( - -1.717e+02 1 0)
|                ( WDBNDRY_E 0 -7.017e+03 1.929e+02 3.500e+01
|                    ( - -4.747e+02 1 0)
|                    ( - -6.350e+03 8 0 QUESTION7 -1 4.693e+02 3.200e+01))))
|        ( WDBNDRY_E 0 -4.337e+03 2.148e+02 2.100e+01
|            ( - -1.417e+03 1 0)
|            ( - -2.705e+03 3 0))))
s>    ( QUESTION0_13_R 1 -3.688e+04 2.945e+02 1.770e+02
s>        ( WDBNDRY_B 0 -6.452e+03 2.127e+02 3.200e+01
s>            ( - -1.317e+03 1 0)
s>            ( - -4.923e+03 6 0 WDBNDRY_S 0 1.775e+02 2.500e+01))
s>        ( QUESTION0_0_R 1 -3.013e+04 2.424e+02 1.450e+02
s>            ( QUESTION2 1 -2.555e+04 2.810e+02 1.240e+02
s>                ( - -1.789e+04 17 0 WDBNDRY_I 0 1.900e+02 8.700e+01)
s>                ( QUESTION3 -1 -7.387e+03 1.980e+02 3.700e+01
s>                    ( - -1.717e+02 1 0)
s>                    ( WDBNDRY_E 0 -7.017e+03 1.929e+02 3.500e+01
s>                        ( - -4.747e+02 1 0)
s>                        ( - -6.350e+03 8 0 QUESTION7 -1 4.693e+02 3.200e+01))))
s>            ( WDBNDRY_E 0 -4.337e+03 2.148e+02 2.100e+01
s>                ( - -1.417e+03 1 0)
s>                ( - -2.705e+03 3 0))))INFO: dtree.c(1315): Comp split 11
INFO: dtree.c(1439): stop. leaf nodes are specific
INFO: dtree.c(1478): Final simple tree
|( QUESTION2_12_L -1 -4.276e+04 4.189e+02 2.105e+02
|    ( - 2.191e+02 1 0)
|    ( QUESTION8 -1 -4.256e+04 4.236e+02 2.095e+02
|        ( - 2.206e+02 1 0)
|        ( QUESTION2_15_L -1 -4.236e+04 2.476e+02 2.085e+02
|            ( QUESTION0 -1 -2.786e+04 1.274e+02 1.380e+02
|                ( - -2.083e+04 1 0)
|                ( - -6.896e+03 1 0))
|            ( QUESTION7 -1 -1.425e+04 1.815e+02 7.050e+01
|                ( - -2.244e+02 1 0)
|                ( QUESTION0 -1 -1.385e+04 1.703e+02 6.850e+01
|                    ( - -7.555e+03 2 0)
|                    ( - -6.122e+03 4 0))))))
s>    ( QUESTION2_12_L -1 -4.276e+04 4.189e+02 2.105e+02
s>        ( - 2.191e+02 1 0)
s>        ( QUESTION8 -1 -4.256e+04 4.236e+02 2.095e+02
s>            ( - 2.206e+02 1 0)
s>            ( QUESTION2_15_L -1 -4.236e+04 2.476e+02 2.085e+02
s>                ( QUESTION0 -1 -2.786e+04 1.274e+02 1.380e+02
s>                    ( - -2.083e+04 1 0)
s>                    ( - -6.896e+03 1 0))
s>                ( QUESTION7 -1 -1.425e+04 1.815e+02 7.050e+01
s>                    ( - -2.244e+02 1 0)
s>                    ( QUESTION0 -1 -1.385e+04 1.703e+02 6.850e+01
s>                        ( - -7.555e+03 2 0)
s>                        ( - -6.122e+03 4 0))))))INFO: dtree.c(1315): Comp split 12
INFO: dtree.c(1478): Final simple tree
|( QUESTION8 -1 -2.026e+04 4.234e+02 1.041e+02
|    ( - 2.117e+02 1 0)
|    ( QUESTION2_15_L -1 -2.005e+04 3.652e+02 1.031e+02
|        ( QUESTION0_1_R 1 -9.935e+03 2.634e+02 5.375e+01
|            ( - -5.959e+03 1 0)
|            ( WDBNDRY_E 0 -3.713e+03 2.070e+02 2.000e+01
|                ( - -3.169e+03 2 0 QUESTION15 1 1.714e+02 1.700e+01)
|                ( - -3.366e+02 1 0)))
|        ( QUESTION0_4_R 1 -9.750e+03 2.247e+02 4.932e+01
|            ( - -1.964e+02 1 0)
|            ( QUESTION2_13_L -1 -9.329e+03 2.072e+02 4.732e+01
|                ( - -4.248e+02 1 0)
|                ( WDBNDRY_S 0 -8.697e+03 1.903e+02 4.432e+01
|                    ( - -2.317e+02 1 0)
|                    ( - -8.275e+03 2 0))))))
s>    ( QUESTION8 -1 -2.026e+04 4.234e+02 1.041e+02
s>        ( - 2.117e+02 1 0)
s>        ( QUESTION2_15_L -1 -2.005e+04 3.652e+02 1.031e+02
s>            ( QUESTION0_1_R 1 -9.935e+03 2.634e+02 5.375e+01
s>                ( - -5.959e+03 1 0)
s>                ( WDBNDRY_E 0 -3.713e+03 2.070e+02 2.000e+01
s>                    ( - -3.169e+03 2 0 QUESTION15 1 1.714e+02 1.700e+01)
s>                    ( - -3.366e+02 1 0)))
s>            ( QUESTION0_4_R 1 -9.750e+03 2.247e+02 4.932e+01
s>                ( - -1.964e+02 1 0)
s>                ( QUESTION2_13_L -1 -9.329e+03 2.072e+02 4.732e+01
s>                    ( - -4.248e+02 1 0)
s>                    ( WDBNDRY_S 0 -8.697e+03 1.903e+02 4.432e+01
s>                        ( - -2.317e+02 1 0)
s>                        ( - -8.275e+03 2 0))))))INFO: dtree.c(1315): Comp split 13
INFO: dtree.c(1478): Final simple tree
|( QUESTION2_15_L -1 -2.005e+04 3.652e+02 1.031e+02
|    ( QUESTION0_1_R 1 -9.935e+03 2.634e+02 5.375e+01
|        ( - -5.959e+03 1 0)
|        ( WDBNDRY_E 0 -3.713e+03 2.070e+02 2.000e+01
|            ( QUESTION15 1 -3.169e+03 1.714e+02 1.700e+01
|                ( - -2.111e+03 1 0)
|                ( - -8.866e+02 1 0))
|            ( - -3.366e+02 1 0)))
|    ( QUESTION0_4_R 1 -9.750e+03 2.247e+02 4.932e+01
|        ( - -1.964e+02 1 0)
|        ( QUESTION2_13_L -1 -9.329e+03 2.072e+02 4.732e+01
|            ( - -4.248e+02 1 0)
|            ( WDBNDRY_S 0 -8.697e+03 1.903e+02 4.432e+01
|                ( - -2.317e+02 1 0)
|                ( - -8.275e+03 2 0)))))
s>    ( QUESTION2_15_L -1 -2.005e+04 3.652e+02 1.031e+02
s>        ( QUESTION0_1_R 1 -9.935e+03 2.634e+02 5.375e+01
s>            ( - -5.959e+03 1 0)
s>            ( WDBNDRY_E 0 -3.713e+03 2.070e+02 2.000e+01
s>                ( QUESTION15 1 -3.169e+03 1.714e+02 1.700e+01
s>                    ( - -2.111e+03 1 0)
s>                    ( - -8.866e+02 1 0))
s>                ( - -3.366e+02 1 0)))
s>        ( QUESTION0_4_R 1 -9.750e+03 2.247e+02 4.932e+01
s>            ( - -1.964e+02 1 0)
s>            ( QUESTION2_13_L -1 -9.329e+03 2.072e+02 4.732e+01
s>                ( - -4.248e+02 1 0)
s>                ( WDBNDRY_S 0 -8.697e+03 1.903e+02 4.432e+01
s>                    ( - -2.317e+02 1 0)
s>                    ( - -8.275e+03 2 0)))))INFO: dtree.c(1315): Comp split 14
INFO: dtree.c(1439): stop. leaf nodes are specific
INFO: dtree.c(1478): Final simple tree
|( QUESTION8 -1 -4.256e+04 4.191e+02 2.095e+02
|    ( - 2.191e+02 1 0)
|    ( QUESTION2_15_L -1 -4.236e+04 2.476e+02 2.085e+02
|        ( QUESTION0 -1 -2.786e+04 1.274e+02 1.380e+02
|            ( - -2.083e+04 1 0)
|            ( - -6.896e+03 1 0))
|        ( QUESTION7 -1 -1.425e+04 1.815e+02 7.050e+01
|            ( - -2.244e+02 1 0)
|            ( QUESTION0 -1 -1.385e+04 1.703e+02 6.850e+01
|                ( - -7.555e+03 2 0)
|                ( - -6.122e+03 4 0)))))
s>    ( QUESTION8 -1 -4.256e+04 4.191e+02 2.095e+02
s>        ( - 2.191e+02 1 0)
s>        ( QUESTION2_15_L -1 -4.236e+04 2.476e+02 2.085e+02
s>            ( QUESTION0 -1 -2.786e+04 1.274e+02 1.380e+02
s>                ( - -2.083e+04 1 0)
s>                ( - -6.896e+03 1 0))
s>            ( QUESTION7 -1 -1.425e+04 1.815e+02 7.050e+01
s>                ( - -2.244e+02 1 0)
s>                ( QUESTION0 -1 -1.385e+04 1.703e+02 6.850e+01
s>                    ( - -7.555e+03 2 0)
s>                    ( - -6.122e+03 4 0)))))INFO: dtree.c(1315): Comp split 15
INFO: dtree.c(1439): stop. leaf nodes are specific
INFO: dtree.c(1478): Final simple tree
|( QUESTION2_15_L -1 -4.236e+04 2.476e+02 2.085e+02
|    ( QUESTION0 -1 -2.786e+04 1.274e+02 1.380e+02
|        ( - -2.083e+04 1 0)
|        ( - -6.896e+03 1 0))
|    ( QUESTION7 -1 -1.425e+04 1.815e+02 7.050e+01
|        ( - -2.244e+02 1 0)
|        ( QUESTION0 -1 -1.385e+04 1.703e+02 6.850e+01
|            ( - -7.555e+03 2 0)
|            ( - -6.122e+03 4 0))))
s>    ( QUESTION2_15_L -1 -4.236e+04 2.476e+02 2.085e+02
s>        ( QUESTION0 -1 -2.786e+04 1.274e+02 1.380e+02
s>            ( - -2.083e+04 1 0)
s>            ( - -6.896e+03 1 0))
s>        ( QUESTION7 -1 -1.425e+04 1.815e+02 7.050e+01
s>            ( - -2.244e+02 1 0)
s>            ( QUESTION0 -1 -1.385e+04 1.703e+02 6.850e+01
s>                ( - -7.555e+03 2 0)
s>                ( - -6.122e+03 4 0))))INFO: dtree.c(1315): Comp split 16
INFO: dtree.c(1439): stop. leaf nodes are specific
INFO: dtree.c(1478): Final simple tree
|( QUESTION0_1_R 1 -1.637e+04 2.193e+02 8.400e+01
|    ( QUESTION3 -1 -1.233e+04 1.745e+02 6.300e+01
|        ( - -2.532e+02 1 0)
|        ( QUESTION0 -1 -1.190e+04 1.460e+02 6.100e+01
|            ( QUESTION2_12_L -1 -1.029e+04 1.395e+02 5.300e+01
|                ( - -8.629e+03 5 0)
|                ( - -1.526e+03 2 0))
|            ( QUESTION2 -1 -1.460e+03 9.971e+01 8.000e+00
|                ( - -6.866e+02 1 0)
|                ( - -6.732e+02 1 0))))
|    ( WDBNDRY_E 0 -3.821e+03 1.653e+02 2.100e+01
|        ( - -4.325e+02 1 0)
|        ( - -3.223e+03 1 0)))
s>    ( QUESTION0_1_R 1 -1.637e+04 2.193e+02 8.400e+01
s>        ( QUESTION3 -1 -1.233e+04 1.745e+02 6.300e+01
s>            ( - -2.532e+02 1 0)
s>            ( QUESTION0 -1 -1.190e+04 1.460e+02 6.100e+01
s>                ( QUESTION2_12_L -1 -1.029e+04 1.395e+02 5.300e+01
s>                    ( - -8.629e+03 5 0)
s>                    ( - -1.526e+03 2 0))
s>                ( QUESTION2 -1 -1.460e+03 9.971e+01 8.000e+00
s>                    ( - -6.866e+02 1 0)
s>                    ( - -6.732e+02 1 0))))
s>        ( WDBNDRY_E 0 -3.821e+03 1.653e+02 2.100e+01
s>            ( - -4.325e+02 1 0)
s>            ( - -3.223e+03 1 0)))INFO: dtree.c(1439): stop. leaf nodes are specific
INFO: dtree.c(1478): Final simple tree
|( WDBNDRY_E 0 -2.070e+04 2.759e+02 1.028e+02
|    ( - -2.445e+03 1 0)
|    ( QUESTION2 1 -1.798e+04 2.316e+02 8.879e+01
|        ( - -6.286e+03 1 0)
|        ( SILENCE -1 -1.147e+04 2.096e+02 5.778e+01
|            ( - -5.580e+03 1 0)
|            ( - -5.676e+03 1 0))))
s>    ( WDBNDRY_E 0 -2.070e+04 2.759e+02 1.028e+02
s>        ( - -2.445e+03 1 0)
s>        ( QUESTION2 1 -1.798e+04 2.316e+02 8.879e+01
s>            ( - -6.286e+03 1 0)
s>            ( SILENCE -1 -1.147e+04 2.096e+02 5.778e+01
s>                ( - -5.580e+03 1 0)
s>                ( - -5.676e+03 1 0))))INFO: dtree.c(1315): Comp split 17
INFO: dtree.c(1439): stop. leaf nodes are specific
INFO: dtree.c(1478): Final simple tree
|( QUESTION0_4_R 1 -9.750e+03 2.247e+02 4.932e+01
|    ( - -1.964e+02 1 0)
|    ( QUESTION2_13_L -1 -9.329e+03 2.072e+02 4.732e+01
|        ( - -4.248e+02 1 0)
|        ( WDBNDRY_S 0 -8.697e+03 1.903e+02 4.432e+01
|            ( - -2.317e+02 1 0)
|            ( - -8.275e+03 2 0))))
s>    ( QUESTION0_4_R 1 -9.750e+03 2.247e+02 4.932e+01
s>        ( - -1.964e+02 1 0)
s>        ( QUESTION2_13_L -1 -9.329e+03 2.072e+02 4.732e+01
s>            ( - -4.248e+02 1 0)
s>            ( WDBNDRY_S 0 -8.697e+03 1.903e+02 4.432e+01
s>                ( - -2.317e+02 1 0)
s>                ( - -8.275e+03 2 0))))INFO: dtree.c(1439): stop. leaf nodes are specific
INFO: dtree.c(1478): Final simple tree
|( QUESTION0_1_R 1 -9.935e+03 2.634e+02 5.375e+01
|    ( - -5.959e+03 1 0)
|    ( WDBNDRY_E 0 -3.713e+03 2.070e+02 2.000e+01
|        ( QUESTION15 1 -3.169e+03 1.714e+02 1.700e+01
|            ( - -2.111e+03 1 0)
|            ( - -8.866e+02 1 0))
|        ( - -3.366e+02 1 0)))
s>    ( QUESTION0_1_R 1 -9.935e+03 2.634e+02 5.375e+01
s>        ( - -5.959e+03 1 0)
s>        ( WDBNDRY_E 0 -3.713e+03 2.070e+02 2.000e+01
s>            ( QUESTION15 1 -3.169e+03 1.714e+02 1.700e+01
s>                ( - -2.111e+03 1 0)
s>                ( - -8.866e+02 1 0))
s>            ( - -3.366e+02 1 0)))INFO: dtree.c(1315): Comp split 18
INFO: dtree.c(1478): Final simple tree
|( QUESTION8 -1 -6.705e+04 1.624e+02 3.278e+02
|    ( - -6.369e+03 3 0)
|    ( QUESTION0 -1 -6.052e+04 1.548e+02 2.960e+02
|        ( - -4.255e+04 4 0 QUESTION2_12_L -1 9.844e+01 2.072e+02)
|        ( QUESTION4 -1 -1.782e+04 1.405e+02 8.883e+01
|            ( - -8.443e+02 1 0)
|            ( QUESTION3 -1 -1.683e+04 1.334e+02 8.383e+01
|                ( - -1.278e+03 1 0)
|                ( QUESTION2 -1 -1.542e+04 1.149e+02 7.683e+01
|                    ( - -3.573e+03 1 0)
|                    ( QUESTION19 -1 -1.173e+04 1.138e+02 5.888e+01
|                        ( - -3.021e+03 1 0)
|                        ( QUESTION18 -1 -8.597e+03 4.639e+02 4.298e+01
|                            ( - 1.960e+02 1 0)
|                            ( - -8.329e+03 5 0 QUESTION20 -1 1.045e+02 4.198e+01))))))))
s>    ( QUESTION8 -1 -6.705e+04 1.624e+02 3.278e+02
s>        ( - -6.369e+03 3 0)
s>        ( QUESTION0 -1 -6.052e+04 1.548e+02 2.960e+02
s>            ( - -4.255e+04 4 0 QUESTION2_12_L -1 9.844e+01 2.072e+02)
s>            ( QUESTION4 -1 -1.782e+04 1.405e+02 8.883e+01
s>                ( - -8.443e+02 1 0)
s>                ( QUESTION3 -1 -1.683e+04 1.334e+02 8.383e+01
s>                    ( - -1.278e+03 1 0)
s>                    ( QUESTION2 -1 -1.542e+04 1.149e+02 7.683e+01
s>                        ( - -3.573e+03 1 0)
s>                        ( QUESTION19 -1 -1.173e+04 1.138e+02 5.888e+01
s>                            ( - -3.021e+03 1 0)
s>                            ( QUESTION18 -1 -8.597e+03 4.639e+02 4.298e+01
s>                                ( - 1.960e+02 1 0)
s>                                ( - -8.329e+03 5 0 QUESTION20 -1 1.045e+02 4.198e+01))))))))INFO: dtree.c(1439): stop. leaf nodes are specific
INFO: dtree.c(1478): Final simple tree
|( QUESTION0 -1 -2.853e+04 1.493e+02 1.379e+02
|    ( - -2.644e+04 2 0)
|    ( - -1.935e+03 2 0))
s>    ( QUESTION0 -1 -2.853e+04 1.493e+02 1.379e+02
s>        ( - -2.644e+04 2 0)
s>        ( - -1.935e+03 2 0))INFO: dtree.c(1315): Comp split 19
INFO: dtree.c(1478): Final simple tree
|( QUESTION8 -1 -6.678e+04 1.637e+02 3.268e+02
|    ( - -6.369e+03 3 0)
|    ( QUESTION0 -1 -6.025e+04 1.622e+02 2.950e+02
|        ( - -4.255e+04 4 0 QUESTION2_12_L -1 9.844e+01 2.072e+02)
|        ( QUESTION4 -1 -1.754e+04 1.403e+02 8.783e+01
|            ( - -8.443e+02 1 0)
|            ( QUESTION3 -1 -1.655e+04 1.326e+02 8.283e+01
|                ( - -1.278e+03 1 0)
|                ( QUESTION2 -1 -1.514e+04 1.135e+02 7.583e+01
|                    ( - -3.573e+03 1 0)
|                    ( QUESTION18 -1 -1.146e+04 1.067e+02 5.788e+01
|                        ( - -3.021e+03 1 0)
|                        ( QUESTION20 -1 -8.329e+03 1.045e+02 4.198e+01
|                            ( - -2.478e+03 1 0)
|                            ( - -5.746e+03 4 0 QUESTION17 -1 1.008e+02 2.898e+01))))))))
s>    ( QUESTION8 -1 -6.678e+04 1.637e+02 3.268e+02
s>        ( - -6.369e+03 3 0)
s>        ( QUESTION0 -1 -6.025e+04 1.622e+02 2.950e+02
s>            ( - -4.255e+04 4 0 QUESTION2_12_L -1 9.844e+01 2.072e+02)
s>            ( QUESTION4 -1 -1.754e+04 1.403e+02 8.783e+01
s>                ( - -8.443e+02 1 0)
s>                ( QUESTION3 -1 -1.655e+04 1.326e+02 8.283e+01
s>                    ( - -1.278e+03 1 0)
s>                    ( QUESTION2 -1 -1.514e+04 1.135e+02 7.583e+01
s>                        ( - -3.573e+03 1 0)
s>                        ( QUESTION18 -1 -1.146e+04 1.067e+02 5.788e+01
s>                            ( - -3.021e+03 1 0)
s>                            ( QUESTION20 -1 -8.329e+03 1.045e+02 4.198e+01
s>                                ( - -2.478e+03 1 0)
s>                                ( - -5.746e+03 4 0 QUESTION17 -1 1.008e+02 2.898e+01))))))))INFO: dtree.c(1315): Comp split 20
INFO: dtree.c(1478): Final simple tree
|( QUESTION2 1 -2.718e+04 2.590e+02 1.320e+02
|    ( WDBNDRY_I 0 -1.789e+04 1.900e+02 8.700e+01
|        ( - -4.581e+03 3 0 QUESTION0 -1 1.430e+02 2.300e+01)
|        ( - -1.312e+04 14 0 WDBNDRY_E 0 1.504e+02 6.400e+01))
|    ( QUESTION0_0_R 1 -9.033e+03 2.291e+02 4.500e+01
|        ( QUESTION3 -1 -7.387e+03 1.980e+02 3.700e+01
|            ( - -1.717e+02 1 0)
|            ( WDBNDRY_E 0 -7.017e+03 1.929e+02 3.500e+01
|                ( - -4.747e+02 1 0)
|                ( QUESTION7 -1 -6.350e+03 4.693e+02 3.200e+01
|                    ( - 2.426e+02 1 0)
|                    ( QUESTION2_15_L -1 -6.123e+03 1.534e+02 3.100e+01
|                        ( - -6.956e+02 1 0)
|                        ( - -5.274e+03 6 0 QUESTION0_1_R 1 1.547e+02 2.700e+01)))))
|        ( - -1.417e+03 1 0)))
s>    ( QUESTION2 1 -2.718e+04 2.590e+02 1.320e+02
s>        ( WDBNDRY_I 0 -1.789e+04 1.900e+02 8.700e+01
s>            ( - -4.581e+03 3 0 QUESTION0 -1 1.430e+02 2.300e+01)
s>            ( - -1.312e+04 14 0 WDBNDRY_E 0 1.504e+02 6.400e+01))
s>        ( QUESTION0_0_R 1 -9.033e+03 2.291e+02 4.500e+01
s>            ( QUESTION3 -1 -7.387e+03 1.980e+02 3.700e+01
s>                ( - -1.717e+02 1 0)
s>                ( WDBNDRY_E 0 -7.017e+03 1.929e+02 3.500e+01
s>                    ( - -4.747e+02 1 0)
s>                    ( QUESTION7 -1 -6.350e+03 4.693e+02 3.200e+01
s>                        ( - 2.426e+02 1 0)
s>                        ( QUESTION2_15_L -1 -6.123e+03 1.534e+02 3.100e+01
s>                            ( - -6.956e+02 1 0)
s>                            ( - -5.274e+03 6 0 QUESTION0_1_R 1 1.547e+02 2.700e+01)))))
s>            ( - -1.417e+03 1 0)))INFO: dtree.c(1439): stop. leaf nodes are specific
INFO: dtree.c(1478): Final simple tree
|( QUESTION0_0_R 1 -9.374e+03 2.164e+02 4.500e+01
|    ( WDBNDRY_B 0 -6.452e+03 2.127e+02 3.200e+01
|        ( - -1.317e+03 1 0)
|        ( WDBNDRY_S 0 -4.923e+03 1.775e+02 2.500e+01
|            ( SILENCE -1 -3.904e+03 1.367e+02 2.000e+01
|                ( - -9.020e+02 1 0)
|                ( QUESTION2_12_L -1 -2.865e+03 1.224e+02 1.500e+01
|                    ( - -8.169e+02 1 0)
|                    ( QUESTION0 -1 -1.926e+03 8.373e+01 1.000e+01
|                        ( - -1.130e+03 2 0)
|                        ( - -7.130e+02 1 0))))
|            ( - -8.411e+02 1 0)))
|    ( - -2.705e+03 3 0))
s>    ( QUESTION0_0_R 1 -9.374e+03 2.164e+02 4.500e+01
s>        ( WDBNDRY_B 0 -6.452e+03 2.127e+02 3.200e+01
s>            ( - -1.317e+03 1 0)
s>            ( WDBNDRY_S 0 -4.923e+03 1.775e+02 2.500e+01
s>                ( SILENCE -1 -3.904e+03 1.367e+02 2.000e+01
s>                    ( - -9.020e+02 1 0)
s>                    ( QUESTION2_12_L -1 -2.865e+03 1.224e+02 1.500e+01
s>                        ( - -8.169e+02 1 0)
s>                        ( QUESTION0 -1 -1.926e+03 8.373e+01 1.000e+01
s>                            ( - -1.130e+03 2 0)
s>                            ( - -7.130e+02 1 0))))
s>                ( - -8.411e+02 1 0)))
s>        ( - -2.705e+03 3 0))INFO: dtree.c(1315): Comp split 21
INFO: dtree.c(1478): Final simple tree
|( QUESTION2 1 -2.696e+04 2.615e+02 1.310e+02
|    ( WDBNDRY_I 0 -1.789e+04 1.900e+02 8.700e+01
|        ( - -4.581e+03 3 0 QUESTION0 -1 1.430e+02 2.300e+01)
|        ( - -1.312e+04 14 0 WDBNDRY_E 0 1.504e+02 6.400e+01))
|    ( QUESTION0_0_R 1 -8.815e+03 2.371e+02 4.400e+01
|        ( QUESTION3 -1 -7.161e+03 1.978e+02 3.600e+01
|            ( - -1.717e+02 1 0)
|            ( WDBNDRY_E 0 -6.792e+03 1.938e+02 3.400e+01
|                ( - -4.747e+02 1 0)
|                ( QUESTION2_15_L -1 -6.123e+03 1.534e+02 3.100e+01
|                    ( - -6.956e+02 1 0)
|                    ( QUESTION0_1_R 1 -5.274e+03 1.547e+02 2.700e+01
|                        ( - -4.671e+03 5 0 QUESTION2_12_L -1 1.305e+02 2.400e+01)
|                        ( - -4.484e+02 1 0)))))
|        ( - -1.417e+03 1 0)))
s>    ( QUESTION2 1 -2.696e+04 2.615e+02 1.310e+02
s>        ( WDBNDRY_I 0 -1.789e+04 1.900e+02 8.700e+01
s>            ( - -4.581e+03 3 0 QUESTION0 -1 1.430e+02 2.300e+01)
s>            ( - -1.312e+04 14 0 WDBNDRY_E 0 1.504e+02 6.400e+01))
s>        ( QUESTION0_0_R 1 -8.815e+03 2.371e+02 4.400e+01
s>            ( QUESTION3 -1 -7.161e+03 1.978e+02 3.600e+01
s>                ( - -1.717e+02 1 0)
s>                ( WDBNDRY_E 0 -6.792e+03 1.938e+02 3.400e+01
s>                    ( - -4.747e+02 1 0)
s>                    ( QUESTION2_15_L -1 -6.123e+03 1.534e+02 3.100e+01
s>                        ( - -6.956e+02 1 0)
s>                        ( QUESTION0_1_R 1 -5.274e+03 1.547e+02 2.700e+01
s>                            ( - -4.671e+03 5 0 QUESTION2_12_L -1 1.305e+02 2.400e+01)
s>                            ( - -4.484e+02 1 0)))))
s>            ( - -1.417e+03 1 0)))INFO: dtree.c(1315): Comp split 22
INFO: dtree.c(1439): stop. leaf nodes are specific
INFO: dtree.c(1478): Final simple tree
|( QUESTION3 -1 -5.040e+03 1.976e+02 2.600e+01
|    ( - -1.717e+02 1 0)
|    ( QUESTION2_12_L -1 -4.671e+03 1.305e+02 2.400e+01
|        ( WDBNDRY_S 0 -2.873e+03 1.540e+02 1.500e+01
|            ( - -6.232e+02 2 0)
|            ( - -2.096e+03 1 0))
|        ( QUESTION0 -1 -1.667e+03 1.163e+02 9.000e+00
|            ( - -1.108e+03 1 0)
|            ( - -4.428e+02 1 0))))
s>    ( QUESTION3 -1 -5.040e+03 1.976e+02 2.600e+01
s>        ( - -1.717e+02 1 0)
s>        ( QUESTION2_12_L -1 -4.671e+03 1.305e+02 2.400e+01
s>            ( WDBNDRY_S 0 -2.873e+03 1.540e+02 1.500e+01
s>                ( - -6.232e+02 2 0)
s>                ( - -2.096e+03 1 0))
s>            ( QUESTION0 -1 -1.667e+03 1.163e+02 9.000e+00
s>                ( - -1.108e+03 1 0)
s>                ( - -4.428e+02 1 0))))INFO: dtree.c(1478): Final simple tree
|( QUESTION0_0_R 1 -2.161e+04 2.008e+02 1.050e+02
|    ( WDBNDRY_I 0 -1.999e+04 1.990e+02 9.700e+01
|        ( - -4.581e+03 3 0 QUESTION0 -1 1.430e+02 2.300e+01)
|        ( QUESTION2 1 -1.521e+04 1.463e+02 7.400e+01
|            ( WDBNDRY_E 0 -1.312e+04 1.504e+02 6.400e+01
|                ( QUESTION0 -1 -4.774e+03 4.725e+02 2.300e+01
|                    ( - -4.543e+03 3 0)
|                    ( - 2.415e+02 1 0))
|                ( - -8.191e+03 10 0 QUESTION7 -1 1.704e+02 4.100e+01))
|            ( WDBNDRY_E 0 -1.947e+03 1.761e+02 1.000e+01
|                ( - -4.747e+02 1 0)
|                ( QUESTION0_1_R 1 -1.296e+03 1.519e+02 7.000e+00
|                    ( - -6.956e+02 1 0)
|                    ( - -4.484e+02 1 0)))))
|    ( - -1.417e+03 1 0))
s>    ( QUESTION0_0_R 1 -2.161e+04 2.008e+02 1.050e+02
s>        ( WDBNDRY_I 0 -1.999e+04 1.990e+02 9.700e+01
s>            ( - -4.581e+03 3 0 QUESTION0 -1 1.430e+02 2.300e+01)
s>            ( QUESTION2 1 -1.521e+04 1.463e+02 7.400e+01
s>                ( WDBNDRY_E 0 -1.312e+04 1.504e+02 6.400e+01
s>                    ( QUESTION0 -1 -4.774e+03 4.725e+02 2.300e+01
s>                        ( - -4.543e+03 3 0)
s>                        ( - 2.415e+02 1 0))
s>                    ( - -8.191e+03 10 0 QUESTION7 -1 1.704e+02 4.100e+01))
s>                ( WDBNDRY_E 0 -1.947e+03 1.761e+02 1.000e+01
s>                    ( - -4.747e+02 1 0)
s>                    ( QUESTION0_1_R 1 -1.296e+03 1.519e+02 7.000e+00
s>                        ( - -6.956e+02 1 0)
s>                        ( - -4.484e+02 1 0)))))
s>        ( - -1.417e+03 1 0))INFO: dtree.c(1315): Comp split 23
INFO: dtree.c(1478): Final simple tree
|( QUESTION0_0_R 1 -2.138e+04 2.004e+02 1.040e+02
|    ( WDBNDRY_I 0 -1.976e+04 1.971e+02 9.600e+01
|        ( - -4.581e+03 3 0 QUESTION0 -1 1.430e+02 2.300e+01)
|        ( QUESTION2_12_L -1 -1.498e+04 1.502e+02 7.300e+01
|            ( WDBNDRY_E 0 -7.736e+03 1.737e+02 3.800e+01
|                ( - -4.543e+03 3 0)
|                ( - -3.019e+03 4 0))
|            ( WDBNDRY_E 0 -7.099e+03 1.651e+02 3.500e+01
|                ( - -4.747e+02 1 0)
|                ( QUESTION7 -1 -6.459e+03 1.655e+02 3.200e+01
|                    ( - -4.728e+02 1 0)
|                    ( QUESTION0 1 -5.821e+03 1.528e+02 2.900e+01
|                        ( - -6.956e+02 1 0)
|                        ( - -4.972e+03 6 0 QUESTION0_1_R 1 1.504e+02 2.500e+01))))))
|    ( - -1.417e+03 1 0))
s>    ( QUESTION0_0_R 1 -2.138e+04 2.004e+02 1.040e+02
s>        ( WDBNDRY_I 0 -1.976e+04 1.971e+02 9.600e+01
s>            ( - -4.581e+03 3 0 QUESTION0 -1 1.430e+02 2.300e+01)
s>            ( QUESTION2_12_L -1 -1.498e+04 1.502e+02 7.300e+01
s>                ( WDBNDRY_E 0 -7.736e+03 1.737e+02 3.800e+01
s>                    ( - -4.543e+03 3 0)
s>                    ( - -3.019e+03 4 0))
s>                ( WDBNDRY_E 0 -7.099e+03 1.651e+02 3.500e+01
s>                    ( - -4.747e+02 1 0)
s>                    ( QUESTION7 -1 -6.459e+03 1.655e+02 3.200e+01
s>                        ( - -4.728e+02 1 0)
s>                        ( QUESTION0 1 -5.821e+03 1.528e+02 2.900e+01
s>                            ( - -6.956e+02 1 0)
s>                            ( - -4.972e+03 6 0 QUESTION0_1_R 1 1.504e+02 2.500e+01))))))
s>        ( - -1.417e+03 1 0))INFO: dtree.c(1315): Comp split 24
INFO: dtree.c(1439): stop. leaf nodes are specific
INFO: dtree.c(1478): Final simple tree
|( WDBNDRY_B 0 -1.198e+04 1.924e+02 6.292e+01
|    ( - -1.661e+03 1 0)
|    ( WDBNDRY_E 0 -1.012e+04 1.532e+02 5.392e+01
|        ( - -5.972e+03 1 0)
|        ( - -3.999e+03 2 0)))
s>    ( WDBNDRY_B 0 -1.198e+04 1.924e+02 6.292e+01
s>        ( - -1.661e+03 1 0)
s>        ( WDBNDRY_E 0 -1.012e+04 1.532e+02 5.392e+01
s>            ( - -5.972e+03 1 0)
s>            ( - -3.999e+03 2 0)))INFO: dtree.c(1439): stop. leaf nodes are specific
INFO: dtree.c(1478): Final simple tree
|( QUESTION0_0_R 1 -2.850e+04 2.719e+02 1.464e+02
|    ( WDBNDRY_E 0 -2.316e+04 2.448e+02 1.191e+02
|        ( - -1.153e+04 2 0)
|        ( WDBNDRY_B 0 -1.138e+04 2.303e+02 5.902e+01
|            ( - -6.598e+02 1 0)
|            ( QUESTION0 -1 -1.049e+04 1.524e+02 5.502e+01
|                ( - -9.894e+03 4 0)
|                ( - -4.475e+02 1 0))))
|    ( - -5.066e+03 1 0))
s>    ( QUESTION0_0_R 1 -2.850e+04 2.719e+02 1.464e+02
s>        ( WDBNDRY_E 0 -2.316e+04 2.448e+02 1.191e+02
s>            ( - -1.153e+04 2 0)
s>            ( WDBNDRY_B 0 -1.138e+04 2.303e+02 5.902e+01
s>                ( - -6.598e+02 1 0)
s>                ( QUESTION0 -1 -1.049e+04 1.524e+02 5.502e+01
s>                    ( - -9.894e+03 4 0)
s>                    ( - -4.475e+02 1 0))))
s>        ( - -5.066e+03 1 0))INFO: dtree.c(1315): Comp split 25
INFO: dtree.c(1439): stop. leaf nodes are specific
INFO: dtree.c(1478): Final simple tree
|( QUESTION2 1 -1.798e+04 2.316e+02 8.879e+01
|    ( - -6.286e+03 1 0)
|    ( SILENCE -1 -1.147e+04 2.096e+02 5.778e+01
|        ( - -5.580e+03 1 0)
|        ( - -5.676e+03 1 0)))
s>    ( QUESTION2 1 -1.798e+04 2.316e+02 8.879e+01
s>        ( - -6.286e+03 1 0)
s>        ( SILENCE -1 -1.147e+04 2.096e+02 5.778e+01
s>            ( - -5.580e+03 1 0)
s>            ( - -5.676e+03 1 0)))INFO: dtree.c(1315): Comp split 26
INFO: dtree.c(1439): stop. leaf nodes are specific
INFO: dtree.c(1478): Final simple tree
|( WDBNDRY_E 0 -2.316e+04 2.448e+02 1.191e+02
|    ( - -1.153e+04 2 0)
|    ( WDBNDRY_B 0 -1.138e+04 2.303e+02 5.902e+01
|        ( - -6.598e+02 1 0)
|        ( QUESTION0 -1 -1.049e+04 1.524e+02 5.502e+01
|            ( - -9.894e+03 4 0)
|            ( - -4.475e+02 1 0))))
s>    ( WDBNDRY_E 0 -2.316e+04 2.448e+02 1.191e+02
s>        ( - -1.153e+04 2 0)
s>        ( WDBNDRY_B 0 -1.138e+04 2.303e+02 5.902e+01
s>            ( - -6.598e+02 1 0)
s>            ( QUESTION0 -1 -1.049e+04 1.524e+02 5.502e+01
s>                ( - -9.894e+03 4 0)
s>                ( - -4.475e+02 1 0))))INFO: dtree.c(1315): Comp split 27
INFO: dtree.c(1439): stop. leaf nodes are specific
INFO: dtree.c(1478): Final simple tree
|( WDBNDRY_E 0 -3.713e+03 2.070e+02 2.000e+01
|    ( QUESTION15 1 -3.169e+03 1.714e+02 1.700e+01
|        ( - -2.111e+03 1 0)
|        ( - -8.866e+02 1 0))
|    ( - -3.366e+02 1 0))
s>    ( WDBNDRY_E 0 -3.713e+03 2.070e+02 2.000e+01
s>        ( QUESTION15 1 -3.169e+03 1.714e+02 1.700e+01
s>            ( - -2.111e+03 1 0)
s>            ( - -8.866e+02 1 0))
s>        ( - -3.366e+02 1 0))INFO: dtree.c(1315): Comp split 28
INFO: dtree.c(1439): stop. leaf nodes are specific
INFO: dtree.c(1478): Final simple tree
|( SILENCE -1 -1.214e+04 1.803e+02 5.890e+01
|    ( - -6.286e+03 1 0)
|    ( - -5.676e+03 1 0))
s>    ( SILENCE -1 -1.214e+04 1.803e+02 5.890e+01
s>        ( - -6.286e+03 1 0)
s>        ( - -5.676e+03 1 0))INFO: dtree.c(1315): Comp split 29
INFO: dtree.c(1439): stop. leaf nodes are specific
INFO: dtree.c(1478): Final simple tree
|( WDBNDRY_S 0 -3.868e+03 1.611e+02 2.000e+01
|    ( QUESTION2_12_L -1 -2.865e+03 1.224e+02 1.500e+01
|        ( - -8.169e+02 1 0)
|        ( QUESTION0 -1 -1.926e+03 8.373e+01 1.000e+01
|            ( - -1.130e+03 2 0)
|            ( - -7.130e+02 1 0)))
|    ( - -8.411e+02 1 0))
s>    ( WDBNDRY_S 0 -3.868e+03 1.611e+02 2.000e+01
s>        ( QUESTION2_12_L -1 -2.865e+03 1.224e+02 1.500e+01
s>            ( - -8.169e+02 1 0)
s>            ( QUESTION0 -1 -1.926e+03 8.373e+01 1.000e+01
s>                ( - -1.130e+03 2 0)
s>                ( - -7.130e+02 1 0)))
s>        ( - -8.411e+02 1 0))INFO: dtree.c(1439): stop. leaf nodes are specific
INFO: dtree.c(1478): Final simple tree
|( QUESTION0_0_R 1 -5.254e+03 1.750e+02 2.500e+01
|    ( WDBNDRY_B 0 -2.374e+03 1.554e+02 1.200e+01
|        ( - -1.317e+03 1 0)
|        ( - -9.020e+02 1 0))
|    ( - -2.705e+03 3 0))
s>    ( QUESTION0_0_R 1 -5.254e+03 1.750e+02 2.500e+01
s>        ( WDBNDRY_B 0 -2.374e+03 1.554e+02 1.200e+01
s>            ( - -1.317e+03 1 0)
s>            ( - -9.020e+02 1 0))
s>        ( - -2.705e+03 3 0))INFO: dtree.c(1315): Comp split 30
INFO: dtree.c(1439): stop. leaf nodes are specific
INFO: dtree.c(1478): Final simple tree
|( QUESTION7 -1 -1.425e+04 1.815e+02 7.050e+01
|    ( - -2.244e+02 1 0)
|    ( QUESTION0 -1 -1.385e+04 1.703e+02 6.850e+01
|        ( - -7.555e+03 2 0)
|        ( - -6.122e+03 4 0)))
s>    ( QUESTION7 -1 -1.425e+04 1.815e+02 7.050e+01
s>        ( - -2.244e+02 1 0)
s>        ( QUESTION0 -1 -1.385e+04 1.703e+02 6.850e+01
s>            ( - -7.555e+03 2 0)
s>            ( - -6.122e+03 4 0)))INFO: dtree.c(1439): stop. leaf nodes are specific
INFO: dtree.c(1478): Final simple tree
|( QUESTION0 -1 -2.786e+04 1.274e+02 1.380e+02
|    ( - -2.083e+04 1 0)
|    ( - -6.896e+03 1 0))
s>    ( QUESTION0 -1 -2.786e+04 1.274e+02 1.380e+02
s>        ( - -2.083e+04 1 0)
s>        ( - -6.896e+03 1 0))INFO: dtree.c(1315): Comp split 31
INFO: dtree.c(1439): stop. leaf nodes are specific
INFO: dtree.c(1478): Final simple tree
|( WDBNDRY_B 0 -1.138e+04 2.303e+02 5.902e+01
|    ( - -6.598e+02 1 0)
|    ( QUESTION0 -1 -1.049e+04 1.524e+02 5.502e+01
|        ( - -9.894e+03 4 0)
|        ( - -4.475e+02 1 0)))
s>    ( WDBNDRY_B 0 -1.138e+04 2.303e+02 5.902e+01
s>        ( - -6.598e+02 1 0)
s>        ( QUESTION0 -1 -1.049e+04 1.524e+02 5.502e+01
s>            ( - -9.894e+03 4 0)
s>            ( - -4.475e+02 1 0)))INFO: dtree.c(1315): Comp split 32
INFO: dtree.c(1439): stop. leaf nodes are specific
INFO: dtree.c(1478): Final simple tree
|( QUESTION0 -1 -7.603e+03 1.733e+02 3.700e+01
|    ( QUESTION0_0_R 1 -6.956e+03 1.637e+02 3.400e+01
|        ( WDBNDRY_E 0 -5.376e+03 1.368e+02 2.600e+01
|            ( - -4.543e+03 3 0)
|            ( - -6.956e+02 1 0))
|        ( - -1.417e+03 1 0))
|    ( - -4.728e+02 1 0))
s>    ( QUESTION0 -1 -7.603e+03 1.733e+02 3.700e+01
s>        ( QUESTION0_0_R 1 -6.956e+03 1.637e+02 3.400e+01
s>            ( WDBNDRY_E 0 -5.376e+03 1.368e+02 2.600e+01
s>                ( - -4.543e+03 3 0)
s>                ( - -6.956e+02 1 0))
s>            ( - -1.417e+03 1 0))
s>        ( - -4.728e+02 1 0))INFO: dtree.c(1439): stop. leaf nodes are specific
INFO: dtree.c(1478): Final simple tree
|( QUESTION2_12_L -1 -1.354e+04 1.819e+02 6.700e+01
|    ( WDBNDRY_S 0 -6.723e+03 1.860e+02 3.400e+01
|        ( - -3.019e+03 4 0)
|        ( - -3.518e+03 2 0))
|    ( WDBNDRY_E 0 -6.636e+03 1.638e+02 3.300e+01
|        ( - -4.747e+02 1 0)
|        ( QUESTION0_1_R 1 -5.998e+03 1.391e+02 3.000e+01
|            ( WDBNDRY_S 0 -5.411e+03 1.171e+02 2.700e+01
|                ( QUESTION0 -1 -4.374e+03 8.692e+01 2.200e+01
|                    ( - -2.737e+03 3 0)
|                    ( - -1.549e+03 2 0))
|                ( - -9.200e+02 1 0))
|            ( - -4.484e+02 1 0))))
s>    ( QUESTION2_12_L -1 -1.354e+04 1.819e+02 6.700e+01
s>        ( WDBNDRY_S 0 -6.723e+03 1.860e+02 3.400e+01
s>            ( - -3.019e+03 4 0)
s>            ( - -3.518e+03 2 0))
s>        ( WDBNDRY_E 0 -6.636e+03 1.638e+02 3.300e+01
s>            ( - -4.747e+02 1 0)
s>            ( QUESTION0_1_R 1 -5.998e+03 1.391e+02 3.000e+01
s>                ( WDBNDRY_S 0 -5.411e+03 1.171e+02 2.700e+01
s>                    ( QUESTION0 -1 -4.374e+03 8.692e+01 2.200e+01
s>                        ( - -2.737e+03 3 0)
s>                        ( - -1.549e+03 2 0))
s>                    ( - -9.200e+02 1 0))
s>                ( - -4.484e+02 1 0))))INFO: dtree.c(1315): Comp split 33
INFO: dtree.c(1439): stop. leaf nodes are specific
INFO: dtree.c(1478): Final simple tree
|( QUESTION0 -1 -1.049e+04 1.524e+02 5.502e+01
|    ( - -9.894e+03 4 0)
|    ( - -4.475e+02 1 0))
s>    ( QUESTION0 -1 -1.049e+04 1.524e+02 5.502e+01
s>        ( - -9.894e+03 4 0)
s>        ( - -4.475e+02 1 0))INFO: dtree.c(1315): Comp split 34
INFO: dtree.c(1439): stop. leaf nodes are specific
INFO: dtree.c(1478): Final simple tree
|( QUESTION2_13_L -1 -9.329e+03 2.072e+02 4.732e+01
|    ( - -4.248e+02 1 0)
|    ( WDBNDRY_S 0 -8.697e+03 1.903e+02 4.432e+01
|        ( - -2.317e+02 1 0)
|        ( - -8.275e+03 2 0)))
s>    ( QUESTION2_13_L -1 -9.329e+03 2.072e+02 4.732e+01
s>        ( - -4.248e+02 1 0)
s>        ( WDBNDRY_S 0 -8.697e+03 1.903e+02 4.432e+01
s>            ( - -2.317e+02 1 0)
s>            ( - -8.275e+03 2 0)))INFO: dtree.c(1315): Comp split 35
INFO: dtree.c(1439): stop. leaf nodes are specific
INFO: dtree.c(1478): Final simple tree
|( WDBNDRY_B 0 -1.222e+04 2.110e+02 6.306e+01
|    ( QUESTION0_3_R 1 -1.123e+04 1.905e+02 5.806e+01
|        ( QUESTION0 -1 -5.147e+03 1.648e+02 2.700e+01
|            ( - -2.000e+03 1 0)
|            ( - -2.982e+03 1 0))
|        ( QUESTION0 -1 -5.889e+03 1.311e+02 3.106e+01
|            ( QUESTION2_14_L -1 -3.239e+03 1.116e+02 1.706e+01
|                ( - -2.506e+03 1 0)
|                ( - -6.211e+02 1 0))
|            ( - -2.519e+03 1 0)))
|    ( - -7.791e+02 1 0))
s>    ( WDBNDRY_B 0 -1.222e+04 2.110e+02 6.306e+01
s>        ( QUESTION0_3_R 1 -1.123e+04 1.905e+02 5.806e+01
s>            ( QUESTION0 -1 -5.147e+03 1.648e+02 2.700e+01
s>                ( - -2.000e+03 1 0)
s>                ( - -2.982e+03 1 0))
s>            ( QUESTION0 -1 -5.889e+03 1.311e+02 3.106e+01
s>                ( QUESTION2_14_L -1 -3.239e+03 1.116e+02 1.706e+01
s>                    ( - -2.506e+03 1 0)
s>                    ( - -6.211e+02 1 0))
s>                ( - -2.519e+03 1 0)))
s>        ( - -7.791e+02 1 0))INFO: dtree.c(1315): Comp split 36
INFO: dtree.c(1439): stop. leaf nodes are specific
INFO: dtree.c(1478): Final simple tree
|( QUESTION0 -1 -1.190e+04 1.460e+02 6.100e+01
|    ( QUESTION2_12_L -1 -1.029e+04 1.395e+02 5.300e+01
|        ( - -8.629e+03 5 0)
|        ( - -1.526e+03 2 0))
|    ( QUESTION2 -1 -1.460e+03 9.971e+01 8.000e+00
|        ( - -6.866e+02 1 0)
|        ( - -6.732e+02 1 0)))
s>    ( QUESTION0 -1 -1.190e+04 1.460e+02 6.100e+01
s>        ( QUESTION2_12_L -1 -1.029e+04 1.395e+02 5.300e+01
s>            ( - -8.629e+03 5 0)
s>            ( - -1.526e+03 2 0))
s>        ( QUESTION2 -1 -1.460e+03 9.971e+01 8.000e+00
s>            ( - -6.866e+02 1 0)
s>            ( - -6.732e+02 1 0)))INFO: dtree.c(1439): stop. leaf nodes are specific
INFO: dtree.c(1478): Final simple tree
|( QUESTION0_1_R 1 -4.248e+03 1.743e+02 2.300e+01
|    ( - -2.532e+02 1 0)
|    ( WDBNDRY_E 0 -3.821e+03 1.653e+02 2.100e+01
|        ( - -4.325e+02 1 0)
|        ( - -3.223e+03 1 0)))
s>    ( QUESTION0_1_R 1 -4.248e+03 1.743e+02 2.300e+01
s>        ( - -2.532e+02 1 0)
s>        ( WDBNDRY_E 0 -3.821e+03 1.653e+02 2.100e+01
s>            ( - -4.325e+02 1 0)
s>            ( - -3.223e+03 1 0)))INFO: dtree.c(1315): Comp split 37
INFO: dtree.c(1439): stop. leaf nodes are specific
INFO: dtree.c(1478): Final simple tree
|( QUESTION0_3_R 1 -1.123e+04 1.905e+02 5.806e+01
|    ( QUESTION0 -1 -5.147e+03 1.648e+02 2.700e+01
|        ( - -2.000e+03 1 0)
|        ( - -2.982e+03 1 0))
|    ( QUESTION0 -1 -5.889e+03 1.311e+02 3.106e+01
|        ( QUESTION2_14_L -1 -3.239e+03 1.116e+02 1.706e+01
|            ( - -2.506e+03 1 0)
|            ( - -6.211e+02 1 0))
|        ( - -2.519e+03 1 0)))
s>    ( QUESTION0_3_R 1 -1.123e+04 1.905e+02 5.806e+01
s>        ( QUESTION0 -1 -5.147e+03 1.648e+02 2.700e+01
s>            ( - -2.000e+03 1 0)
s>            ( - -2.982e+03 1 0))
s>        ( QUESTION0 -1 -5.889e+03 1.311e+02 3.106e+01
s>            ( QUESTION2_14_L -1 -3.239e+03 1.116e+02 1.706e+01
s>                ( - -2.506e+03 1 0)
s>                ( - -6.211e+02 1 0))
s>            ( - -2.519e+03 1 0)))INFO: dtree.c(1315): Comp split 38
INFO: dtree.c(1439): stop. leaf nodes are specific
INFO: dtree.c(1478): Final simple tree
|( WDBNDRY_S 0 -8.697e+03 1.903e+02 4.432e+01
|    ( - -2.317e+02 1 0)
|    ( - -8.275e+03 2 0))
s>    ( WDBNDRY_S 0 -8.697e+03 1.903e+02 4.432e+01
s>        ( - -2.317e+02 1 0)
s>        ( - -8.275e+03 2 0))INFO: dtree.c(1315): Comp split 39
INFO: dtree.c(1439): stop. leaf nodes are specific
INFO: dtree.c(1478): Final simple tree
|( QUESTION15 1 -3.169e+03 1.714e+02 1.700e+01
|    ( - -2.111e+03 1 0)
|    ( - -8.866e+02 1 0))
s>    ( QUESTION15 1 -3.169e+03 1.714e+02 1.700e+01
s>        ( - -2.111e+03 1 0)
s>        ( - -8.866e+02 1 0))INFO: dtree.c(1315): Comp split 40
INFO: dtree.c(1439): stop. leaf nodes are specific
INFO: dtree.c(1478): Final simple tree
|( WDBNDRY_E 0 -9.821e+03 1.727e+02 4.900e+01
|    ( - -4.747e+02 1 0)
|    ( QUESTION2_12_L -1 -9.173e+03 1.562e+02 4.600e+01
|        ( - -3.019e+03 4 0)
|        ( QUESTION0_1_R 1 -5.998e+03 1.391e+02 3.000e+01
|            ( WDBNDRY_S 0 -5.411e+03 1.171e+02 2.700e+01
|                ( QUESTION0 -1 -4.374e+03 8.692e+01 2.200e+01
|                    ( - -2.737e+03 3 0)
|                    ( - -1.549e+03 2 0))
|                ( - -9.200e+02 1 0))
|            ( - -4.484e+02 1 0))))
s>    ( WDBNDRY_E 0 -9.821e+03 1.727e+02 4.900e+01
s>        ( - -4.747e+02 1 0)
s>        ( QUESTION2_12_L -1 -9.173e+03 1.562e+02 4.600e+01
s>            ( - -3.019e+03 4 0)
s>            ( QUESTION0_1_R 1 -5.998e+03 1.391e+02 3.000e+01
s>                ( WDBNDRY_S 0 -5.411e+03 1.171e+02 2.700e+01
s>                    ( QUESTION0 -1 -4.374e+03 8.692e+01 2.200e+01
s>                        ( - -2.737e+03 3 0)
s>                        ( - -1.549e+03 2 0))
s>                    ( - -9.200e+02 1 0))
s>                ( - -4.484e+02 1 0))))INFO: dtree.c(1315): Comp split 41
INFO: dtree.c(1439): stop. leaf nodes are specific
INFO: dtree.c(1478): Final simple tree
|( QUESTION2_12_L -1 -4.671e+03 1.305e+02 2.400e+01
|    ( WDBNDRY_S 0 -2.873e+03 1.540e+02 1.500e+01
|        ( - -6.232e+02 2 0)
|        ( - -2.096e+03 1 0))
|    ( QUESTION0 -1 -1.667e+03 1.163e+02 9.000e+00
|        ( - -1.108e+03 1 0)
|        ( - -4.428e+02 1 0)))
s>    ( QUESTION2_12_L -1 -4.671e+03 1.305e+02 2.400e+01
s>        ( WDBNDRY_S 0 -2.873e+03 1.540e+02 1.500e+01
s>            ( - -6.232e+02 2 0)
s>            ( - -2.096e+03 1 0))
s>        ( QUESTION0 -1 -1.667e+03 1.163e+02 9.000e+00
s>            ( - -1.108e+03 1 0)
s>            ( - -4.428e+02 1 0)))INFO: dtree.c(1315): Comp split 42
INFO: dtree.c(1439): stop. leaf nodes are specific
INFO: dtree.c(1478): Final simple tree
|( WDBNDRY_E 0 -1.012e+04 1.532e+02 5.392e+01
|    ( - -5.972e+03 1 0)
|    ( - -3.999e+03 2 0))
s>    ( WDBNDRY_E 0 -1.012e+04 1.532e+02 5.392e+01
s>        ( - -5.972e+03 1 0)
s>        ( - -3.999e+03 2 0))INFO: dtree.c(1315): Comp split 43
INFO: dtree.c(1439): stop. leaf nodes are specific
INFO: dtree.c(1478): Final simple tree
|( QUESTION0_3_R 1 -9.035e+03 1.635e+02 4.706e+01
|    ( - -2.982e+03 1 0)
|    ( QUESTION0 -1 -5.889e+03 1.311e+02 3.106e+01
|        ( QUESTION2_14_L -1 -3.239e+03 1.116e+02 1.706e+01
|            ( - -2.506e+03 1 0)
|            ( - -6.211e+02 1 0))
|        ( - -2.519e+03 1 0)))
s>    ( QUESTION0_3_R 1 -9.035e+03 1.635e+02 4.706e+01
s>        ( - -2.982e+03 1 0)
s>        ( QUESTION0 -1 -5.889e+03 1.311e+02 3.106e+01
s>            ( QUESTION2_14_L -1 -3.239e+03 1.116e+02 1.706e+01
s>                ( - -2.506e+03 1 0)
s>                ( - -6.211e+02 1 0))
s>            ( - -2.519e+03 1 0)))INFO: dtree.c(1315): Comp split 44
INFO: dtree.c(1315): Comp split 45
INFO: dtree.c(1439): stop. leaf nodes are specific
INFO: dtree.c(1478): Final simple tree
|( QUESTION3 -1 -1.396e+04 1.249e+02 6.983e+01
|    ( - -1.278e+03 1 0)
|    ( QUESTION2 -1 -1.255e+04 1.057e+02 6.283e+01
|        ( - -3.573e+03 1 0)
|        ( QUESTION17 -1 -8.875e+03 1.079e+02 4.488e+01
|            ( QUESTION18 -1 -5.255e+03 1.005e+02 2.690e+01
|                ( - -3.021e+03 1 0)
|                ( - -2.134e+03 2 0))
|            ( QUESTION10 -1 -3.512e+03 9.426e+01 1.798e+01
|                ( - -4.794e+02 1 0)
|                ( - -2.938e+03 1 0)))))
s>    ( QUESTION3 -1 -1.396e+04 1.249e+02 6.983e+01
s>        ( - -1.278e+03 1 0)
s>        ( QUESTION2 -1 -1.255e+04 1.057e+02 6.283e+01
s>            ( - -3.573e+03 1 0)
s>            ( QUESTION17 -1 -8.875e+03 1.079e+02 4.488e+01
s>                ( QUESTION18 -1 -5.255e+03 1.005e+02 2.690e+01
s>                    ( - -3.021e+03 1 0)
s>                    ( - -2.134e+03 2 0))
s>                ( QUESTION10 -1 -3.512e+03 9.426e+01 1.798e+01
s>                    ( - -4.794e+02 1 0)
s>                    ( - -2.938e+03 1 0)))))INFO: dtree.c(1439): stop. leaf nodes are specific
INFO: dtree.c(1478): Final simple tree
|( QUESTION8 -1 -5.264e+04 1.527e+02 2.570e+02
|    ( - -6.369e+03 3 0)
|    ( QUESTION2 -1 -4.612e+04 1.338e+02 2.252e+02
|        ( - -8.443e+02 1 0)
|        ( QUESTION0 -1 -4.514e+04 1.123e+02 2.202e+02
|            ( QUESTION2_12_L -1 -4.255e+04 9.844e+01 2.072e+02
|                ( - -2.606e+04 3 0)
|                ( - -1.639e+04 1 0))
|            ( - -2.478e+03 1 0))))
s>    ( QUESTION8 -1 -5.264e+04 1.527e+02 2.570e+02
s>        ( - -6.369e+03 3 0)
s>        ( QUESTION2 -1 -4.612e+04 1.338e+02 2.252e+02
s>            ( - -8.443e+02 1 0)
s>            ( QUESTION0 -1 -4.514e+04 1.123e+02 2.202e+02
s>                ( QUESTION2_12_L -1 -4.255e+04 9.844e+01 2.072e+02
s>                    ( - -2.606e+04 3 0)
s>                    ( - -1.639e+04 1 0))
s>                ( - -2.478e+03 1 0))))INFO: dtree.c(1315): Comp split 46
INFO: dtree.c(1439): stop. leaf nodes are specific
INFO: dtree.c(1478): Final simple tree
|( QUESTION0 -1 -1.385e+04 1.703e+02 6.850e+01
|    ( - -7.555e+03 2 0)
|    ( - -6.122e+03 4 0))
s>    ( QUESTION0 -1 -1.385e+04 1.703e+02 6.850e+01
s>        ( - -7.555e+03 2 0)
s>        ( - -6.122e+03 4 0))INFO: dtree.c(1315): Comp split 47
INFO: dtree.c(1315): Comp split 48
INFO: dtree.c(1439): stop. leaf nodes are specific
INFO: dtree.c(1478): Final simple tree
|( WDBNDRY_B 0 -2.374e+03 1.554e+02 1.200e+01
|    ( - -1.317e+03 1 0)
|    ( - -9.020e+02 1 0))
s>    ( WDBNDRY_B 0 -2.374e+03 1.554e+02 1.200e+01
s>        ( - -1.317e+03 1 0)
s>        ( - -9.020e+02 1 0))INFO: dtree.c(1315): Comp split 49
INFO: dtree.c(1439): stop. leaf nodes are specific
INFO: dtree.c(1478): Final simple tree
|( WDBNDRY_E 0 -3.821e+03 1.653e+02 2.100e+01
|    ( - -4.325e+02 1 0)
|    ( - -3.223e+03 1 0))
s>    ( WDBNDRY_E 0 -3.821e+03 1.653e+02 2.100e+01
s>        ( - -4.325e+02 1 0)
s>        ( - -3.223e+03 1 0))INFO: dtree.c(1315): Comp split 50
INFO: dtree.c(1439): stop. leaf nodes are specific
INFO: dtree.c(1478): Final simple tree
|( QUESTION0_0_R 1 -6.956e+03 1.637e+02 3.400e+01
|    ( WDBNDRY_E 0 -5.376e+03 1.368e+02 2.600e+01
|        ( - -4.543e+03 3 0)
|        ( - -6.956e+02 1 0))
|    ( - -1.417e+03 1 0))
s>    ( QUESTION0_0_R 1 -6.956e+03 1.637e+02 3.400e+01
s>        ( WDBNDRY_E 0 -5.376e+03 1.368e+02 2.600e+01
s>            ( - -4.543e+03 3 0)
s>            ( - -6.956e+02 1 0))
s>        ( - -1.417e+03 1 0))INFO: dtree.c(1315): Comp split 51
INFO: dtree.c(1439): stop. leaf nodes are specific
INFO: dtree.c(1478): Final simple tree
|( QUESTION2_12_L -1 -9.173e+03 1.562e+02 4.600e+01
|    ( - -3.019e+03 4 0)
|    ( QUESTION0_1_R 1 -5.998e+03 1.391e+02 3.000e+01
|        ( WDBNDRY_S 0 -5.411e+03 1.171e+02 2.700e+01
|            ( QUESTION0 -1 -4.374e+03 8.692e+01 2.200e+01
|                ( - -2.737e+03 3 0)
|                ( - -1.549e+03 2 0))
|            ( - -9.200e+02 1 0))
|        ( - -4.484e+02 1 0)))
s>    ( QUESTION2_12_L -1 -9.173e+03 1.562e+02 4.600e+01
s>        ( - -3.019e+03 4 0)
s>        ( QUESTION0_1_R 1 -5.998e+03 1.391e+02 3.000e+01
s>            ( WDBNDRY_S 0 -5.411e+03 1.171e+02 2.700e+01
s>                ( QUESTION0 -1 -4.374e+03 8.692e+01 2.200e+01
s>                    ( - -2.737e+03 3 0)
s>                    ( - -1.549e+03 2 0))
s>                ( - -9.200e+02 1 0))
s>            ( - -4.484e+02 1 0)))INFO: dtree.c(1315): Comp split 52
INFO: dtree.c(1439): stop. leaf nodes are specific
INFO: dtree.c(1478): Final simple tree
|( QUESTION0 -1 -4.514e+04 1.123e+02 2.202e+02
|    ( QUESTION2_12_L -1 -4.255e+04 9.844e+01 2.072e+02
|        ( - -2.606e+04 3 0)
|        ( - -1.639e+04 1 0))
|    ( - -2.478e+03 1 0))
s>    ( QUESTION0 -1 -4.514e+04 1.123e+02 2.202e+02
s>        ( QUESTION2_12_L -1 -4.255e+04 9.844e+01 2.072e+02
s>            ( - -2.606e+04 3 0)
s>            ( - -1.639e+04 1 0))
s>        ( - -2.478e+03 1 0))INFO: dtree.c(1439): stop. leaf nodes are specific
INFO: dtree.c(1478): Final simple tree
|( QUESTION2 -1 -7.328e+03 1.141e+02 3.683e+01
|    ( - -8.443e+02 1 0)
|    ( - -6.369e+03 3 0))
s>    ( QUESTION2 -1 -7.328e+03 1.141e+02 3.683e+01
s>        ( - -8.443e+02 1 0)
s>        ( - -6.369e+03 3 0))INFO: dtree.c(1315): Comp split 53
INFO: dtree.c(1315): Comp split 54
INFO: dtree.c(1315): Comp split 55
INFO: dtree.c(1315): Comp split 56
INFO: dtree.c(1439): stop. leaf nodes are specific
INFO: dtree.c(1478): Final simple tree
|( WDBNDRY_E 0 -5.376e+03 1.368e+02 2.600e+01
|    ( - -4.543e+03 3 0)
|    ( - -6.956e+02 1 0))
s>    ( WDBNDRY_E 0 -5.376e+03 1.368e+02 2.600e+01
s>        ( - -4.543e+03 3 0)
s>        ( - -6.956e+02 1 0))INFO: dtree.c(1315): Comp split 57
INFO: dtree.c(1439): stop. leaf nodes are specific
INFO: dtree.c(1478): Final simple tree
|( QUESTION0 -1 -5.889e+03 1.311e+02 3.106e+01
|    ( QUESTION2_14_L -1 -3.239e+03 1.116e+02 1.706e+01
|        ( - -2.506e+03 1 0)
|        ( - -6.211e+02 1 0))
|    ( - -2.519e+03 1 0))
s>    ( QUESTION0 -1 -5.889e+03 1.311e+02 3.106e+01
s>        ( QUESTION2_14_L -1 -3.239e+03 1.116e+02 1.706e+01
s>            ( - -2.506e+03 1 0)
s>            ( - -6.211e+02 1 0))
s>        ( - -2.519e+03 1 0))INFO: dtree.c(1315): Comp split 58
INFO: dtree.c(1439): stop. leaf nodes are specific
INFO: dtree.c(1478): Final simple tree
|( QUESTION2_12_L -1 -2.865e+03 1.224e+02 1.500e+01
|    ( - -8.169e+02 1 0)
|    ( QUESTION0 -1 -1.926e+03 8.373e+01 1.000e+01
|        ( - -1.130e+03 2 0)
|        ( - -7.130e+02 1 0)))
s>    ( QUESTION2_12_L -1 -2.865e+03 1.224e+02 1.500e+01
s>        ( - -8.169e+02 1 0)
s>        ( QUESTION0 -1 -1.926e+03 8.373e+01 1.000e+01
s>            ( - -1.130e+03 2 0)
s>            ( - -7.130e+02 1 0)))INFO: dtree.c(1315): Comp split 59
INFO: dtree.c(1439): stop. leaf nodes are specific
INFO: dtree.c(1478): Final simple tree
|( WDBNDRY_S 0 -3.892e+03 1.281e+02 2.000e+01
|    ( QUESTION0 -1 -1.667e+03 1.163e+02 9.000e+00
|        ( - -1.108e+03 1 0)
|        ( - -4.428e+02 1 0))
|    ( - -2.096e+03 1 0))
s>    ( WDBNDRY_S 0 -3.892e+03 1.281e+02 2.000e+01
s>        ( QUESTION0 -1 -1.667e+03 1.163e+02 9.000e+00
s>            ( - -1.108e+03 1 0)
s>            ( - -4.428e+02 1 0))
s>        ( - -2.096e+03 1 0))INFO: dtree.c(1315): Comp split 60
INFO: dtree.c(1439): stop. leaf nodes are specific
INFO: dtree.c(1478): Final simple tree
|( QUESTION0_1_R 1 -5.998e+03 1.391e+02 3.000e+01
|    ( WDBNDRY_S 0 -5.411e+03 1.171e+02 2.700e+01
|        ( QUESTION0 -1 -4.374e+03 8.692e+01 2.200e+01
|            ( - -2.737e+03 3 0)
|            ( - -1.549e+03 2 0))
|        ( - -9.200e+02 1 0))
|    ( - -4.484e+02 1 0))
s>    ( QUESTION0_1_R 1 -5.998e+03 1.391e+02 3.000e+01
s>        ( WDBNDRY_S 0 -5.411e+03 1.171e+02 2.700e+01
s>            ( QUESTION0 -1 -4.374e+03 8.692e+01 2.200e+01
s>                ( - -2.737e+03 3 0)
s>                ( - -1.549e+03 2 0))
s>            ( - -9.200e+02 1 0))
s>        ( - -4.484e+02 1 0))INFO: dtree.c(1315): Comp split 61
INFO: dtree.c(1315): Comp split 62
INFO: dtree.c(1315): Comp split 63
INFO: dtree.c(1439): stop. leaf nodes are specific
INFO: dtree.c(1478): Final simple tree
|( QUESTION0 -1 -3.118e+03 1.325e+02 1.600e+01
|    ( - -1.526e+03 2 0)
|    ( QUESTION2 -1 -1.460e+03 9.971e+01 8.000e+00
|        ( - -6.866e+02 1 0)
|        ( - -6.732e+02 1 0)))
s>    ( QUESTION0 -1 -3.118e+03 1.325e+02 1.600e+01
s>        ( - -1.526e+03 2 0)
s>        ( QUESTION2 -1 -1.460e+03 9.971e+01 8.000e+00
s>            ( - -6.866e+02 1 0)
s>            ( - -6.732e+02 1 0)))INFO: dtree.c(1315): Comp split 64
INFO: dtree.c(1315): Comp split 65
INFO: dtree.c(1315): Comp split 66
INFO: dtree.c(1439): stop. leaf nodes are specific
INFO: dtree.c(1478): Final simple tree
|( QUESTION0 -1 -4.374e+03 8.692e+01 2.200e+01
|    ( - -2.737e+03 3 0)
|    ( - -1.549e+03 2 0))
s>    ( QUESTION0 -1 -4.374e+03 8.692e+01 2.200e+01
s>        ( - -2.737e+03 3 0)
s>        ( - -1.549e+03 2 0))INFO: dtree.c(1439): stop. leaf nodes are specific
INFO: dtree.c(1478): Final simple tree
|( WDBNDRY_S 0 -1.481e+03 1.127e+02 8.000e+00
|    ( - -4.484e+02 1 0)
|    ( - -9.200e+02 1 0))
s>    ( WDBNDRY_S 0 -1.481e+03 1.127e+02 8.000e+00
s>        ( - -4.484e+02 1 0)
s>        ( - -9.200e+02 1 0))INFO: dtree.c(1315): Comp split 67
INFO: dtree.c(1315): Comp split 68
INFO: dtree.c(1439): stop. leaf nodes are specific
INFO: dtree.c(1478): Final simple tree
|( QUESTION2 -1 -1.460e+03 9.971e+01 8.000e+00
|    ( - -6.866e+02 1 0)
|    ( - -6.732e+02 1 0))
s>    ( QUESTION2 -1 -1.460e+03 9.971e+01 8.000e+00
s>        ( - -6.866e+02 1 0)
s>        ( - -6.732e+02 1 0))INFO: dtree.c(1315): Comp split 69
INFO: dtree.c(1439): stop. leaf nodes are specific
INFO: dtree.c(1478): Final simple tree
|( QUESTION2_14_L -1 -3.239e+03 1.116e+02 1.706e+01
|    ( - -2.506e+03 1 0)
|    ( - -6.211e+02 1 0))
s>    ( QUESTION2_14_L -1 -3.239e+03 1.116e+02 1.706e+01
s>        ( - -2.506e+03 1 0)
s>        ( - -6.211e+02 1 0))INFO: dtree.c(1315): Comp split 70
INFO: dtree.c(1439): stop. leaf nodes are specific
INFO: dtree.c(1478): Final simple tree
|( QUESTION0 -1 -1.667e+03 1.163e+02 9.000e+00
|    ( - -1.108e+03 1 0)
|    ( - -4.428e+02 1 0))
s>    ( QUESTION0 -1 -1.667e+03 1.163e+02 9.000e+00
s>        ( - -1.108e+03 1 0)
s>        ( - -4.428e+02 1 0))INFO: dtree.c(1315): Comp split 71
INFO: dtree.c(1315): Comp split 72
INFO: dtree.c(1439): stop. leaf nodes are specific
INFO: dtree.c(1478): Final simple tree
|( QUESTION2 -1 -1.255e+04 1.057e+02 6.283e+01
|    ( - -3.573e+03 1 0)
|    ( QUESTION17 -1 -8.875e+03 1.079e+02 4.488e+01
|        ( QUESTION18 -1 -5.255e+03 1.005e+02 2.690e+01
|            ( - -3.021e+03 1 0)
|            ( - -2.134e+03 2 0))
|        ( QUESTION10 -1 -3.512e+03 9.426e+01 1.798e+01
|            ( - -4.794e+02 1 0)
|            ( - -2.938e+03 1 0))))
s>    ( QUESTION2 -1 -1.255e+04 1.057e+02 6.283e+01
s>        ( - -3.573e+03 1 0)
s>        ( QUESTION17 -1 -8.875e+03 1.079e+02 4.488e+01
s>            ( QUESTION18 -1 -5.255e+03 1.005e+02 2.690e+01
s>                ( - -3.021e+03 1 0)
s>                ( - -2.134e+03 2 0))
s>            ( QUESTION10 -1 -3.512e+03 9.426e+01 1.798e+01
s>                ( - -4.794e+02 1 0)
s>                ( - -2.938e+03 1 0))))INFO: dtree.c(1315): Comp split 73
INFO: dtree.c(1439): stop. leaf nodes are specific
INFO: dtree.c(1478): Final simple tree
|( QUESTION0 -1 -1.926e+03 8.373e+01 1.000e+01
|    ( - -1.130e+03 2 0)
|    ( - -7.130e+02 1 0))
s>    ( QUESTION0 -1 -1.926e+03 8.373e+01 1.000e+01
s>        ( - -1.130e+03 2 0)
s>        ( - -7.130e+02 1 0))INFO: dtree.c(1315): Comp split 74
INFO: dtree.c(1315): Comp split 75
INFO: dtree.c(1315): Comp split 76
INFO: dtree.c(1439): stop. leaf nodes are specific
INFO: dtree.c(1478): Final simple tree
|( QUESTION10 -1 -3.512e+03 9.426e+01 1.798e+01
|    ( - -4.794e+02 1 0)
|    ( - -2.938e+03 1 0))
s>    ( QUESTION10 -1 -3.512e+03 9.426e+01 1.798e+01
s>        ( - -4.794e+02 1 0)
s>        ( - -2.938e+03 1 0))INFO: dtree.c(1439): stop. leaf nodes are specific
INFO: dtree.c(1478): Final simple tree
|( QUESTION18 -1 -8.929e+03 1.033e+02 4.485e+01
|    ( - -3.021e+03 1 0)
|    ( QUESTION2 -1 -5.805e+03 9.780e+01 2.895e+01
|        ( - -3.573e+03 1 0)
|        ( - -2.134e+03 2 0)))
s>    ( QUESTION18 -1 -8.929e+03 1.033e+02 4.485e+01
s>        ( - -3.021e+03 1 0)
s>        ( QUESTION2 -1 -5.805e+03 9.780e+01 2.895e+01
s>            ( - -3.573e+03 1 0)
s>            ( - -2.134e+03 2 0)))INFO: dtree.c(1315): Comp split 77
INFO: dtree.c(1315): Comp split 78
INFO: dtree.c(1439): stop. leaf nodes are specific
INFO: dtree.c(1478): Final simple tree
|( QUESTION2_12_L -1 -4.255e+04 9.844e+01 2.072e+02
|    ( - -2.606e+04 3 0)
|    ( - -1.639e+04 1 0))
s>    ( QUESTION2_12_L -1 -4.255e+04 9.844e+01 2.072e+02
s>        ( - -2.606e+04 3 0)
s>        ( - -1.639e+04 1 0))INFO: dtree.c(1315): Comp split 79
INFO: dtree.c(1315): Comp split 80
INFO: dtree.c(1439): stop. leaf nodes are specific
INFO: dtree.c(1478): Final simple tree
|( QUESTION2 -1 -5.805e+03 9.780e+01 2.895e+01
|    ( - -3.573e+03 1 0)
|    ( - -2.134e+03 2 0))
s>    ( QUESTION2 -1 -5.805e+03 9.780e+01 2.895e+01
s>        ( - -3.573e+03 1 0)
s>        ( - -2.134e+03 2 0))INFO: dtree.c(1315): Comp split 81
INFO: dtree.c(1315): Comp split 82
INFO: dtree.c(1315): Comp split 83
INFO: dtree.c(1315): Comp split 84
INFO: dtree.c(1315): Comp split 85
INFO: dtree.c(1315): Comp split 86
INFO: dtree.c(1315): Comp split 87
INFO: dtree.c(1318): stop. leaf nodes are specific
!!!!!!!!Allocated 68 lines
Fri Apr  8 18:33:10 2016
