Current configuration:
[NAME]		[DEFLT]	[VALUE]
-allphones	no	no
-cntthresh	0.00001	1.000000e-05
-csplitmax	100	2000
-csplitmin	1	1
-csplitthr	8e-4	0.000000e+00
-example	no	no
-fullvar	no	no
-help		no	no
-meanfn			/home/yaroslav/model/model_parameters/ua.cd_cont_untied/means
-mixwfn			/home/yaroslav/model/model_parameters/ua.cd_cont_untied/mixture_weights
-moddeffn		/home/yaroslav/model/model_architecture/ua.untied.mdef
-mwfloor	1e-4	1.000000e-08
-phone			T
-psetfn			/home/yaroslav/model/model_architecture/ua.tree_questions
-ssplitmax	5	7
-ssplitmin	1	1
-ssplitthr	8e-4	0.000000e+00
-state			2
-stwt			1.0,0.05,0.0,
-treefn			/home/yaroslav/model/trees/ua.unpruned/T-2.dtree
-ts2cbfn	.semi.	.cont.
-varfloor	0.00001	1.000000e-05
-varfn			/home/yaroslav/model/model_parameters/ua.cd_cont_untied/variances

INFO: main.c(223): Reading: /home/yaroslav/model/model_architecture/ua.untied.mdef
INFO: model_def_io.c(573): Model definition info:
INFO: model_def_io.c(574): 8408 total models defined (50 base, 8358 tri)
INFO: model_def_io.c(575): 33632 total states
INFO: model_def_io.c(576): 25224 total tied states
INFO: model_def_io.c(577): 150 total tied CI states
INFO: model_def_io.c(578): 50 total tied transition matrices
INFO: model_def_io.c(579): 4 max state/model
INFO: model_def_io.c(580): 4 min state/model
INFO: main.c(242): Building trees for [T A A b] through [T ZZ I b]
INFO: main.c(269): Covering states |[17538 18470]| == 933
INFO: main.c(275): Reading: /home/yaroslav/model/model_parameters/ua.cd_cont_untied/mixture_weights
INFO: s3mixw_io.c(173): Read /home/yaroslav/model/model_parameters/ua.cd_cont_untied/mixture_weights [933x1x1 array]
INFO: main.c(311): 309 of 311 models have observation count greater than 0.000010
INFO: main.c(95): nrm stwt: 0.000 0.048 0.952 
INFO: s3gau_io.c(169): Read /home/yaroslav/model/model_parameters/ua.cd_cont_untied/means [25224x1x1 array]
INFO: s3gau_io.c(169): Read /home/yaroslav/model/model_parameters/ua.cd_cont_untied/variances [25224x1x1 array]
INFO: main.c(549): Reading: /home/yaroslav/model/model_architecture/ua.tree_questions
INFO: main.c(588): 174 total simple questions (166 phone; 8 word bndry)
INFO: main.c(590): 42 Left Only questions, and 40 Right Only questions
INFO: dtree.c(1478): Final simple tree
|( QUESTION0_12_R 1 -9.959e+05 1.703e+03 4.743e+03
|    ( QUESTION10 1 -7.476e+04 5.577e+02 3.526e+02
|        ( - -5.469e+04 47 0 QUESTION2_5_L -1 4.451e+02 2.588e+02)
|        ( - -1.951e+04 20 0 QUESTION19 1 2.121e+02 9.375e+01))
|    ( QUESTION2_20_L -1 -9.195e+05 9.772e+02 4.390e+03
|        ( WDBNDRY_B 0 -6.869e+05 8.603e+02 3.276e+03
|            ( - -2.499e+05 67 0 QUESTION0_0_R 1 2.642e+02 1.187e+03)
|            ( QUESTION0_0_R 1 -4.362e+05 7.695e+02 2.088e+03
|                ( QUESTION2 -1 -3.500e+05 4.826e+02 1.680e+03
|                    ( - -7.421e+04 16 0)
|                    ( - -2.753e+05 32 0 QUESTION0 -1 1.502e+02 1.323e+03))
|                ( QUESTION19 1 -8.540e+04 5.098e+02 4.084e+02
|                    ( - -4.265e+04 11 0 WDBNDRY_E 0 2.858e+02 2.057e+02)
|                    ( - -4.224e+04 35 0 QUESTION0_5_R 1 3.364e+02 2.027e+02))))
|        ( - -2.316e+05 81 0 QUESTION0_11_R 1 4.640e+02 1.115e+03)))
s>    ( QUESTION0_12_R 1 -9.959e+05 1.703e+03 4.743e+03
s>        ( QUESTION10 1 -7.476e+04 5.577e+02 3.526e+02
s>            ( - -5.469e+04 47 0 QUESTION2_5_L -1 4.451e+02 2.588e+02)
s>            ( - -1.951e+04 20 0 QUESTION19 1 2.121e+02 9.375e+01))
s>        ( QUESTION2_20_L -1 -9.195e+05 9.772e+02 4.390e+03
s>            ( WDBNDRY_B 0 -6.869e+05 8.603e+02 3.276e+03
s>                ( - -2.499e+05 67 0 QUESTION0_0_R 1 2.642e+02 1.187e+03)
s>                ( QUESTION0_0_R 1 -4.362e+05 7.695e+02 2.088e+03
s>                    ( QUESTION2 -1 -3.500e+05 4.826e+02 1.680e+03
s>                        ( - -7.421e+04 16 0)
s>                        ( - -2.753e+05 32 0 QUESTION0 -1 1.502e+02 1.323e+03))
s>                    ( QUESTION19 1 -8.540e+04 5.098e+02 4.084e+02
s>                        ( - -4.265e+04 11 0 WDBNDRY_E 0 2.858e+02 2.057e+02)
s>                        ( - -4.224e+04 35 0 QUESTION0_5_R 1 3.364e+02 2.027e+02))))
s>            ( - -2.316e+05 81 0 QUESTION0_11_R 1 4.640e+02 1.115e+03)))INFO: dtree.c(1315): Comp split 0
INFO: dtree.c(1478): Final simple tree
|( WDBNDRY_B 0 -1.175e+05 7.314e+02 5.552e+02
|    ( QUESTION2_5_L -1 -3.746e+04 4.435e+02 1.785e+02
|        ( - 2.177e+02 1 0)
|        ( - -3.723e+04 27 0 QUESTION2_20_L -1 2.136e+02 1.775e+02))
|    ( QUESTION2_11_L -1 -7.929e+04 4.366e+02 3.768e+02
|        ( - 2.195e+02 1 0)
|        ( QUESTION2 1 -7.907e+04 3.974e+02 3.758e+02
|            ( QUESTION0_8_R 1 -3.686e+04 3.391e+02 1.732e+02
|                ( QUESTION0_11_R 1 -1.608e+04 4.557e+02 7.688e+01
|                    ( - -1.587e+04 15 0 WDBNDRY_E 0 1.081e+02 7.588e+01)
|                    ( - 2.420e+02 1 0))
|                ( - -2.044e+04 25 0 QUESTION0_18_R 1 1.669e+02 9.636e+01))
|            ( QUESTION2_0_L -1 -4.182e+04 4.282e+02 2.025e+02
|                ( - 2.157e+02 1 0)
|                ( - -4.161e+04 31 0 QUESTION17 1 2.584e+02 2.015e+02)))))
s>    ( WDBNDRY_B 0 -1.175e+05 7.314e+02 5.552e+02
s>        ( QUESTION2_5_L -1 -3.746e+04 4.435e+02 1.785e+02
s>            ( - 2.177e+02 1 0)
s>            ( - -3.723e+04 27 0 QUESTION2_20_L -1 2.136e+02 1.775e+02))
s>        ( QUESTION2_11_L -1 -7.929e+04 4.366e+02 3.768e+02
s>            ( - 2.195e+02 1 0)
s>            ( QUESTION2 1 -7.907e+04 3.974e+02 3.758e+02
s>                ( QUESTION0_8_R 1 -3.686e+04 3.391e+02 1.732e+02
s>                    ( QUESTION0_11_R 1 -1.608e+04 4.557e+02 7.688e+01
s>                        ( - -1.587e+04 15 0 WDBNDRY_E 0 1.081e+02 7.588e+01)
s>                        ( - 2.420e+02 1 0))
s>                    ( - -2.044e+04 25 0 QUESTION0_18_R 1 1.669e+02 9.636e+01))
s>                ( QUESTION2_0_L -1 -4.182e+04 4.282e+02 2.025e+02
s>                    ( - 2.157e+02 1 0)
s>                    ( - -4.161e+04 31 0 QUESTION17 1 2.584e+02 2.015e+02)))))INFO: dtree.c(1478): Final simple tree
|( QUESTION2_20_L -1 -8.762e+05 9.606e+02 4.188e+03
|    ( WDBNDRY_I 0 -6.437e+05 7.857e+02 3.073e+03
|        ( QUESTION2 -1 -3.867e+05 4.808e+02 1.857e+03
|            ( - -8.097e+04 19 0 QUESTION0_0_R 1 2.247e+02 3.888e+02)
|            ( - -3.052e+05 34 0 QUESTION0_0_R 1 3.439e+02 1.468e+03))
|        ( - -2.562e+05 73 0 QUESTION0_0_R 1 2.963e+02 1.216e+03))
|    ( QUESTION0_11_R 1 -2.316e+05 4.640e+02 1.115e+03
|        ( - 2.407e+02 1 0)
|        ( SILENCE 1 -2.314e+05 4.629e+02 1.114e+03
|            ( - 2.418e+02 1 0)
|            ( QUESTION0_3_R 1 -2.312e+05 4.608e+02 1.113e+03
|                ( - 2.403e+02 1 0)
|                ( QUESTION0_5_R 1 -2.309e+05 4.489e+02 1.112e+03
|                    ( - 2.432e+02 1 0)
|                    ( - -2.307e+05 77 0 QUESTION2_1_L -1 4.012e+02 1.111e+03))))))
s>    ( QUESTION2_20_L -1 -8.762e+05 9.606e+02 4.188e+03
s>        ( WDBNDRY_I 0 -6.437e+05 7.857e+02 3.073e+03
s>            ( QUESTION2 -1 -3.867e+05 4.808e+02 1.857e+03
s>                ( - -8.097e+04 19 0 QUESTION0_0_R 1 2.247e+02 3.888e+02)
s>                ( - -3.052e+05 34 0 QUESTION0_0_R 1 3.439e+02 1.468e+03))
s>            ( - -2.562e+05 73 0 QUESTION0_0_R 1 2.963e+02 1.216e+03))
s>        ( QUESTION0_11_R 1 -2.316e+05 4.640e+02 1.115e+03
s>            ( - 2.407e+02 1 0)
s>            ( SILENCE 1 -2.314e+05 4.629e+02 1.114e+03
s>                ( - 2.418e+02 1 0)
s>                ( QUESTION0_3_R 1 -2.312e+05 4.608e+02 1.113e+03
s>                    ( - 2.403e+02 1 0)
s>                    ( QUESTION0_5_R 1 -2.309e+05 4.489e+02 1.112e+03
s>                        ( - 2.432e+02 1 0)
s>                        ( - -2.307e+05 77 0 QUESTION2_1_L -1 4.012e+02 1.111e+03))))))INFO: dtree.c(1315): Comp split 1
INFO: dtree.c(1439): stop. leaf nodes are specific
INFO: dtree.c(1478): Final simple tree
|( QUESTION0_10_R 1 -3.057e+05 4.584e+02 1.470e+03
|    ( - 2.407e+02 1 0)
|    ( QUESTION0_2_R 1 -3.054e+05 4.464e+02 1.469e+03
|        ( - 2.432e+02 1 0)
|        ( QUESTION0_0_R 1 -3.052e+05 3.439e+02 1.468e+03
|            ( QUESTION0 -1 -2.742e+05 1.504e+02 1.318e+03
|                ( - -2.623e+05 25 0)
|                ( - -1.178e+04 4 0))
|            ( - -3.068e+04 5 0))))
s>    ( QUESTION0_10_R 1 -3.057e+05 4.584e+02 1.470e+03
s>        ( - 2.407e+02 1 0)
s>        ( QUESTION0_2_R 1 -3.054e+05 4.464e+02 1.469e+03
s>            ( - 2.432e+02 1 0)
s>            ( QUESTION0_0_R 1 -3.052e+05 3.439e+02 1.468e+03
s>                ( QUESTION0 -1 -2.742e+05 1.504e+02 1.318e+03
s>                    ( - -2.623e+05 25 0)
s>                    ( - -1.178e+04 4 0))
s>                ( - -3.068e+04 5 0))))INFO: dtree.c(1478): Final simple tree
|( QUESTION2_20_L -1 -5.692e+05 7.045e+02 2.718e+03
|    ( QUESTION0_0_R 1 -3.373e+05 3.397e+02 1.605e+03
|        ( QUESTION10 -1 -2.988e+05 2.359e+02 1.423e+03
|            ( - -1.476e+05 36 0 WDBNDRY_B 0 1.350e+02 7.056e+02)
|            ( - -1.509e+05 35 0 QUESTION0 -1 1.289e+02 7.176e+02))
|        ( WDBNDRY_E 0 -3.819e+04 2.875e+02 1.820e+02
|            ( - -4.948e+03 3 0 QUESTION0 -1 1.431e+02 2.394e+01)
|            ( - -3.296e+04 18 0 QUESTION11 1 1.597e+02 1.581e+02)))
|    ( SILENCE 1 -2.312e+05 4.630e+02 1.113e+03
|        ( - 2.418e+02 1 0)
|        ( QUESTION0_3_R 1 -2.310e+05 4.609e+02 1.112e+03
|            ( - 2.403e+02 1 0)
|            ( QUESTION2_1_L -1 -2.307e+05 4.012e+02 1.111e+03
|                ( - -1.850e+05 49 0 WDBNDRY_B 0 2.316e+02 8.929e+02)
|                ( - -4.536e+04 28 0 WDBNDRY_E 0 2.110e+02 2.176e+02)))))
s>    ( QUESTION2_20_L -1 -5.692e+05 7.045e+02 2.718e+03
s>        ( QUESTION0_0_R 1 -3.373e+05 3.397e+02 1.605e+03
s>            ( QUESTION10 -1 -2.988e+05 2.359e+02 1.423e+03
s>                ( - -1.476e+05 36 0 WDBNDRY_B 0 1.350e+02 7.056e+02)
s>                ( - -1.509e+05 35 0 QUESTION0 -1 1.289e+02 7.176e+02))
s>            ( WDBNDRY_E 0 -3.819e+04 2.875e+02 1.820e+02
s>                ( - -4.948e+03 3 0 QUESTION0 -1 1.431e+02 2.394e+01)
s>                ( - -3.296e+04 18 0 QUESTION11 1 1.597e+02 1.581e+02)))
s>        ( SILENCE 1 -2.312e+05 4.630e+02 1.113e+03
s>            ( - 2.418e+02 1 0)
s>            ( QUESTION0_3_R 1 -2.310e+05 4.609e+02 1.112e+03
s>                ( - 2.403e+02 1 0)
s>                ( QUESTION2_1_L -1 -2.307e+05 4.012e+02 1.111e+03
s>                    ( - -1.850e+05 49 0 WDBNDRY_B 0 2.316e+02 8.929e+02)
s>                    ( - -4.536e+04 28 0 WDBNDRY_E 0 2.110e+02 2.176e+02)))))INFO: dtree.c(1315): Comp split 2
INFO: dtree.c(1478): Final simple tree
|( QUESTION2_0_L -1 -5.821e+04 4.299e+02 2.794e+02
|    ( - 2.157e+02 1 0)
|    ( QUESTION0_5_R 1 -5.799e+04 3.242e+02 2.784e+02
|        ( - -1.403e+04 5 0 QUESTION0 -1 1.448e+02 6.923e+01)
|        ( QUESTION12 1 -4.364e+04 2.497e+02 2.092e+02
|            ( QUESTION17 1 -1.377e+04 2.022e+02 6.698e+01
|                ( - -5.832e+03 2 0)
|                ( QUESTION0_2_R 1 -7.731e+03 1.596e+02 3.827e+01
|                    ( - -2.949e+03 5 0 QUESTION0_3_R 1 1.278e+02 1.500e+01)
|                    ( - -4.623e+03 5 0 QUESTION13 1 1.420e+02 2.327e+01)))
|            ( QUESTION0_13_R 1 -2.962e+04 3.083e+02 1.422e+02
|                ( - -3.291e+03 1 0)
|                ( SILENCE 1 -2.602e+04 1.822e+02 1.245e+02
|                    ( - -2.519e+02 1 0)
|                    ( - -2.559e+04 28 0 QUESTION0_10_R 1 1.592e+02 1.225e+02))))))
s>    ( QUESTION2_0_L -1 -5.821e+04 4.299e+02 2.794e+02
s>        ( - 2.157e+02 1 0)
s>        ( QUESTION0_5_R 1 -5.799e+04 3.242e+02 2.784e+02
s>            ( - -1.403e+04 5 0 QUESTION0 -1 1.448e+02 6.923e+01)
s>            ( QUESTION12 1 -4.364e+04 2.497e+02 2.092e+02
s>                ( QUESTION17 1 -1.377e+04 2.022e+02 6.698e+01
s>                    ( - -5.832e+03 2 0)
s>                    ( QUESTION0_2_R 1 -7.731e+03 1.596e+02 3.827e+01
s>                        ( - -2.949e+03 5 0 QUESTION0_3_R 1 1.278e+02 1.500e+01)
s>                        ( - -4.623e+03 5 0 QUESTION13 1 1.420e+02 2.327e+01)))
s>                ( QUESTION0_13_R 1 -2.962e+04 3.083e+02 1.422e+02
s>                    ( - -3.291e+03 1 0)
s>                    ( SILENCE 1 -2.602e+04 1.822e+02 1.245e+02
s>                        ( - -2.519e+02 1 0)
s>                        ( - -2.559e+04 28 0 QUESTION0_10_R 1 1.592e+02 1.225e+02))))))INFO: dtree.c(1478): Final simple tree
|( QUESTION2_5_L -1 -5.844e+04 4.454e+02 2.758e+02
|    ( - 2.177e+02 1 0)
|    ( WDBNDRY_B 0 -5.821e+04 3.323e+02 2.748e+02
|        ( QUESTION2_20_L -1 -3.723e+04 2.136e+02 1.775e+02
|            ( - -3.120e+04 20 0 QUESTION0 -1 1.633e+02 1.495e+02)
|            ( QUESTION10 -1 -5.816e+03 4.350e+02 2.794e+01
|                ( - 2.179e+02 1 0)
|                ( QUESTION2 -1 -5.599e+03 1.703e+02 2.694e+01
|                    ( - -2.500e+02 1 0)
|                    ( - -5.179e+03 5 0 QUESTION15 -1 1.089e+02 2.494e+01))))
|        ( QUESTION2_11_L -1 -2.065e+04 4.297e+02 9.736e+01
|            ( - 2.195e+02 1 0)
|            ( QUESTION0_18_R 1 -2.044e+04 1.669e+02 9.636e+01
|                ( - -9.657e+02 2 0 QUESTION0 -1 4.671e+02 5.000e+00)
|                ( - -1.931e+04 23 0 WDBNDRY_E 0 1.535e+02 9.136e+01)))))
s>    ( QUESTION2_5_L -1 -5.844e+04 4.454e+02 2.758e+02
s>        ( - 2.177e+02 1 0)
s>        ( WDBNDRY_B 0 -5.821e+04 3.323e+02 2.748e+02
s>            ( QUESTION2_20_L -1 -3.723e+04 2.136e+02 1.775e+02
s>                ( - -3.120e+04 20 0 QUESTION0 -1 1.633e+02 1.495e+02)
s>                ( QUESTION10 -1 -5.816e+03 4.350e+02 2.794e+01
s>                    ( - 2.179e+02 1 0)
s>                    ( QUESTION2 -1 -5.599e+03 1.703e+02 2.694e+01
s>                        ( - -2.500e+02 1 0)
s>                        ( - -5.179e+03 5 0 QUESTION15 -1 1.089e+02 2.494e+01))))
s>            ( QUESTION2_11_L -1 -2.065e+04 4.297e+02 9.736e+01
s>                ( - 2.195e+02 1 0)
s>                ( QUESTION0_18_R 1 -2.044e+04 1.669e+02 9.636e+01
s>                    ( - -9.657e+02 2 0 QUESTION0 -1 4.671e+02 5.000e+00)
s>                    ( - -1.931e+04 23 0 WDBNDRY_E 0 1.535e+02 9.136e+01)))))INFO: dtree.c(1315): Comp split 3
INFO: dtree.c(1478): Final simple tree
|( SILENCE 1 -2.362e+05 4.622e+02 1.135e+03
|    ( - 2.418e+02 1 0)
|    ( QUESTION2_1_L -1 -2.360e+05 3.967e+02 1.134e+03
|        ( WDBNDRY_B 0 -1.850e+05 2.316e+02 8.929e+02
|            ( QUESTION2_10_L -1 -3.767e+04 2.332e+02 1.811e+02
|                ( QUESTION0_0_R 1 -1.211e+04 4.362e+02 5.913e+01
|                    ( - -1.190e+04 7 0)
|                    ( - 2.174e+02 1 0))
|                ( - -2.532e+04 19 0 QUESTION6 -1 1.470e+02 1.220e+02))
|            ( - -1.471e+05 22 0 QUESTION0_10_R 1 1.796e+02 7.118e+02))
|        ( QUESTION2_20_L -1 -5.060e+04 2.843e+02 2.416e+02
|            ( - -4.948e+03 3 0 QUESTION0 -1 1.431e+02 2.394e+01)
|            ( WDBNDRY_E 0 -4.536e+04 2.110e+02 2.176e+02
|                ( - -1.908e+02 1 0)
|                ( - -4.496e+04 27 0 WDBNDRY_B 0 1.754e+02 2.156e+02)))))
s>    ( SILENCE 1 -2.362e+05 4.622e+02 1.135e+03
s>        ( - 2.418e+02 1 0)
s>        ( QUESTION2_1_L -1 -2.360e+05 3.967e+02 1.134e+03
s>            ( WDBNDRY_B 0 -1.850e+05 2.316e+02 8.929e+02
s>                ( QUESTION2_10_L -1 -3.767e+04 2.332e+02 1.811e+02
s>                    ( QUESTION0_0_R 1 -1.211e+04 4.362e+02 5.913e+01
s>                        ( - -1.190e+04 7 0)
s>                        ( - 2.174e+02 1 0))
s>                    ( - -2.532e+04 19 0 QUESTION6 -1 1.470e+02 1.220e+02))
s>                ( - -1.471e+05 22 0 QUESTION0_10_R 1 1.796e+02 7.118e+02))
s>            ( QUESTION2_20_L -1 -5.060e+04 2.843e+02 2.416e+02
s>                ( - -4.948e+03 3 0 QUESTION0 -1 1.431e+02 2.394e+01)
s>                ( WDBNDRY_E 0 -4.536e+04 2.110e+02 2.176e+02
s>                    ( - -1.908e+02 1 0)
s>                    ( - -4.496e+04 27 0 WDBNDRY_B 0 1.754e+02 2.156e+02)))))INFO: dtree.c(1478): Final simple tree
|( QUESTION0_2_R 1 -3.323e+05 4.592e+02 1.582e+03
|    ( - 2.403e+02 1 0)
|    ( QUESTION11 1 -3.321e+05 3.512e+02 1.581e+03
|        ( QUESTION10 -1 -2.962e+04 1.569e+02 1.421e+02
|            ( - -1.120e+04 7 0 WDBNDRY_B 0 7.552e+01 5.498e+01)
|            ( - -1.826e+04 7 0 QUESTION0 -1 1.114e+02 8.712e+01))
|        ( QUESTION10 -1 -3.021e+05 2.433e+02 1.439e+03
|            ( QUESTION0_10_R 1 -1.506e+05 1.367e+02 7.196e+02
|                ( - -6.806e+02 1 0)
|                ( WDBNDRY_B 0 -1.497e+05 1.303e+02 7.156e+02
|                    ( QUESTION0_0_R 1 -7.540e+04 1.338e+02 3.587e+02
|                        ( - -7.329e+04 20 0)
|                        ( - -1.972e+03 2 0))
|                    ( - -7.421e+04 16 0)))
|            ( - -1.513e+05 36 0 QUESTION0_0_R 1 1.297e+02 7.196e+02))))
s>    ( QUESTION0_2_R 1 -3.323e+05 4.592e+02 1.582e+03
s>        ( - 2.403e+02 1 0)
s>        ( QUESTION11 1 -3.321e+05 3.512e+02 1.581e+03
s>            ( QUESTION10 -1 -2.962e+04 1.569e+02 1.421e+02
s>                ( - -1.120e+04 7 0 WDBNDRY_B 0 7.552e+01 5.498e+01)
s>                ( - -1.826e+04 7 0 QUESTION0 -1 1.114e+02 8.712e+01))
s>            ( QUESTION10 -1 -3.021e+05 2.433e+02 1.439e+03
s>                ( QUESTION0_10_R 1 -1.506e+05 1.367e+02 7.196e+02
s>                    ( - -6.806e+02 1 0)
s>                    ( WDBNDRY_B 0 -1.497e+05 1.303e+02 7.156e+02
s>                        ( QUESTION0_0_R 1 -7.540e+04 1.338e+02 3.587e+02
s>                            ( - -7.329e+04 20 0)
s>                            ( - -1.972e+03 2 0))
s>                        ( - -7.421e+04 16 0)))
s>                ( - -1.513e+05 36 0 QUESTION0_0_R 1 1.297e+02 7.196e+02))))INFO: dtree.c(1315): Comp split 4
INFO: dtree.c(1478): Final simple tree
|( QUESTION2_1_L -1 -2.360e+05 3.967e+02 1.134e+03
|    ( WDBNDRY_B 0 -1.850e+05 2.316e+02 8.929e+02
|        ( QUESTION2_10_L -1 -3.767e+04 2.332e+02 1.811e+02
|            ( QUESTION0_0_R 1 -1.211e+04 4.362e+02 5.913e+01
|                ( - -1.190e+04 7 0)
|                ( - 2.174e+02 1 0))
|            ( - -2.532e+04 19 0 QUESTION6 -1 1.470e+02 1.220e+02))
|        ( QUESTION0_10_R 1 -1.471e+05 1.796e+02 7.118e+02
|            ( - -2.404e+02 1 0)
|            ( - -1.466e+05 21 0 QUESTION0_0_R 1 1.551e+02 7.098e+02)))
|    ( QUESTION2_20_L -1 -5.060e+04 2.843e+02 2.416e+02
|        ( - -4.948e+03 3 0 QUESTION0 -1 1.431e+02 2.394e+01)
|        ( WDBNDRY_E 0 -4.536e+04 2.110e+02 2.176e+02
|            ( - -1.908e+02 1 0)
|            ( - -4.496e+04 27 0 WDBNDRY_B 0 1.754e+02 2.156e+02))))
s>    ( QUESTION2_1_L -1 -2.360e+05 3.967e+02 1.134e+03
s>        ( WDBNDRY_B 0 -1.850e+05 2.316e+02 8.929e+02
s>            ( QUESTION2_10_L -1 -3.767e+04 2.332e+02 1.811e+02
s>                ( QUESTION0_0_R 1 -1.211e+04 4.362e+02 5.913e+01
s>                    ( - -1.190e+04 7 0)
s>                    ( - 2.174e+02 1 0))
s>                ( - -2.532e+04 19 0 QUESTION6 -1 1.470e+02 1.220e+02))
s>            ( QUESTION0_10_R 1 -1.471e+05 1.796e+02 7.118e+02
s>                ( - -2.404e+02 1 0)
s>                ( - -1.466e+05 21 0 QUESTION0_0_R 1 1.551e+02 7.098e+02)))
s>        ( QUESTION2_20_L -1 -5.060e+04 2.843e+02 2.416e+02
s>            ( - -4.948e+03 3 0 QUESTION0 -1 1.431e+02 2.394e+01)
s>            ( WDBNDRY_E 0 -4.536e+04 2.110e+02 2.176e+02
s>                ( - -1.908e+02 1 0)
s>                ( - -4.496e+04 27 0 WDBNDRY_B 0 1.754e+02 2.156e+02))))INFO: dtree.c(1315): Comp split 5
INFO: dtree.c(1478): Final simple tree
|( QUESTION11 1 -3.321e+05 3.512e+02 1.581e+03
|    ( QUESTION10 -1 -2.962e+04 1.569e+02 1.421e+02
|        ( - -1.120e+04 7 0 WDBNDRY_B 0 7.552e+01 5.498e+01)
|        ( - -1.826e+04 7 0 QUESTION0 -1 1.114e+02 8.712e+01))
|    ( QUESTION10 -1 -3.021e+05 2.433e+02 1.439e+03
|        ( QUESTION0_10_R 1 -1.506e+05 1.367e+02 7.196e+02
|            ( - -6.806e+02 1 0)
|            ( WDBNDRY_B 0 -1.497e+05 1.303e+02 7.156e+02
|                ( QUESTION0_0_R 1 -7.540e+04 1.338e+02 3.587e+02
|                    ( - -7.329e+04 20 0)
|                    ( - -1.972e+03 2 0))
|                ( - -7.421e+04 16 0)))
|        ( QUESTION0_0_R 1 -1.513e+05 1.297e+02 7.196e+02
|            ( - -1.509e+05 35 0 QUESTION0 -1 1.289e+02 7.176e+02)
|            ( - -2.714e+02 1 0))))
s>    ( QUESTION11 1 -3.321e+05 3.512e+02 1.581e+03
s>        ( QUESTION10 -1 -2.962e+04 1.569e+02 1.421e+02
s>            ( - -1.120e+04 7 0 WDBNDRY_B 0 7.552e+01 5.498e+01)
s>            ( - -1.826e+04 7 0 QUESTION0 -1 1.114e+02 8.712e+01))
s>        ( QUESTION10 -1 -3.021e+05 2.433e+02 1.439e+03
s>            ( QUESTION0_10_R 1 -1.506e+05 1.367e+02 7.196e+02
s>                ( - -6.806e+02 1 0)
s>                ( WDBNDRY_B 0 -1.497e+05 1.303e+02 7.156e+02
s>                    ( QUESTION0_0_R 1 -7.540e+04 1.338e+02 3.587e+02
s>                        ( - -7.329e+04 20 0)
s>                        ( - -1.972e+03 2 0))
s>                    ( - -7.421e+04 16 0)))
s>            ( QUESTION0_0_R 1 -1.513e+05 1.297e+02 7.196e+02
s>                ( - -1.509e+05 35 0 QUESTION0 -1 1.289e+02 7.176e+02)
s>                ( - -2.714e+02 1 0))))INFO: dtree.c(1315): Comp split 6
INFO: dtree.c(1439): stop. leaf nodes are specific
INFO: dtree.c(1478): Final simple tree
|( QUESTION0_2_R 1 -3.054e+05 4.464e+02 1.469e+03
|    ( - 2.432e+02 1 0)
|    ( QUESTION0_0_R 1 -3.052e+05 3.439e+02 1.468e+03
|        ( QUESTION0 -1 -2.742e+05 1.504e+02 1.318e+03
|            ( - -2.623e+05 25 0)
|            ( - -1.178e+04 4 0))
|        ( - -3.068e+04 5 0)))
s>    ( QUESTION0_2_R 1 -3.054e+05 4.464e+02 1.469e+03
s>        ( - 2.432e+02 1 0)
s>        ( QUESTION0_0_R 1 -3.052e+05 3.439e+02 1.468e+03
s>            ( QUESTION0 -1 -2.742e+05 1.504e+02 1.318e+03
s>                ( - -2.623e+05 25 0)
s>                ( - -1.178e+04 4 0))
s>            ( - -3.068e+04 5 0)))INFO: dtree.c(1315): Comp split 7
INFO: dtree.c(1439): stop. leaf nodes are specific
INFO: dtree.c(1478): Final simple tree
|( QUESTION0_0_R 1 -3.052e+05 3.439e+02 1.468e+03
|    ( QUESTION0 -1 -2.742e+05 1.504e+02 1.318e+03
|        ( - -2.623e+05 25 0)
|        ( - -1.178e+04 4 0))
|    ( - -3.068e+04 5 0))
s>    ( QUESTION0_0_R 1 -3.052e+05 3.439e+02 1.468e+03
s>        ( QUESTION0 -1 -2.742e+05 1.504e+02 1.318e+03
s>            ( - -2.623e+05 25 0)
s>            ( - -1.178e+04 4 0))
s>        ( - -3.068e+04 5 0))INFO: dtree.c(1315): Comp split 8
INFO: dtree.c(1478): Final simple tree
|( WDBNDRY_B 0 -5.821e+04 3.323e+02 2.748e+02
|    ( QUESTION2_20_L -1 -3.723e+04 2.136e+02 1.775e+02
|        ( - -3.120e+04 20 0 QUESTION0 -1 1.633e+02 1.495e+02)
|        ( QUESTION10 -1 -5.816e+03 4.350e+02 2.794e+01
|            ( - 2.179e+02 1 0)
|            ( QUESTION2 -1 -5.599e+03 1.703e+02 2.694e+01
|                ( - -2.500e+02 1 0)
|                ( - -5.179e+03 5 0 QUESTION15 -1 1.089e+02 2.494e+01))))
|    ( QUESTION2_11_L -1 -2.065e+04 4.297e+02 9.736e+01
|        ( - 2.195e+02 1 0)
|        ( QUESTION0_18_R 1 -2.044e+04 1.669e+02 9.636e+01
|            ( QUESTION0 -1 -9.657e+02 4.671e+02 5.000e+00
|                ( - -7.401e+02 1 0)
|                ( - 2.415e+02 1 0))
|            ( - -1.931e+04 23 0 WDBNDRY_E 0 1.535e+02 9.136e+01))))
s>    ( WDBNDRY_B 0 -5.821e+04 3.323e+02 2.748e+02
s>        ( QUESTION2_20_L -1 -3.723e+04 2.136e+02 1.775e+02
s>            ( - -3.120e+04 20 0 QUESTION0 -1 1.633e+02 1.495e+02)
s>            ( QUESTION10 -1 -5.816e+03 4.350e+02 2.794e+01
s>                ( - 2.179e+02 1 0)
s>                ( QUESTION2 -1 -5.599e+03 1.703e+02 2.694e+01
s>                    ( - -2.500e+02 1 0)
s>                    ( - -5.179e+03 5 0 QUESTION15 -1 1.089e+02 2.494e+01))))
s>        ( QUESTION2_11_L -1 -2.065e+04 4.297e+02 9.736e+01
s>            ( - 2.195e+02 1 0)
s>            ( QUESTION0_18_R 1 -2.044e+04 1.669e+02 9.636e+01
s>                ( QUESTION0 -1 -9.657e+02 4.671e+02 5.000e+00
s>                    ( - -7.401e+02 1 0)
s>                    ( - 2.415e+02 1 0))
s>                ( - -1.931e+04 23 0 WDBNDRY_E 0 1.535e+02 9.136e+01))))INFO: dtree.c(1315): Comp split 9
INFO: dtree.c(1478): Final simple tree
|( WDBNDRY_B 0 -5.801e+04 3.341e+02 2.738e+02
|    ( QUESTION2_20_L -1 -3.723e+04 2.136e+02 1.775e+02
|        ( QUESTION0 -1 -3.120e+04 1.633e+02 1.495e+02
|            ( - -1.326e+04 12 0)
|            ( - -1.778e+04 8 0))
|        ( QUESTION10 -1 -5.816e+03 4.350e+02 2.794e+01
|            ( - 2.179e+02 1 0)
|            ( QUESTION2 -1 -5.599e+03 1.703e+02 2.694e+01
|                ( - -2.500e+02 1 0)
|                ( - -5.179e+03 5 0 QUESTION15 -1 1.089e+02 2.494e+01))))
|    ( QUESTION2_11_L -1 -2.044e+04 4.297e+02 9.636e+01
|        ( - 2.195e+02 1 0)
|        ( QUESTION0_18_R 1 -2.023e+04 1.818e+02 9.536e+01
|            ( - -7.401e+02 1 0)
|            ( - -1.931e+04 23 0 WDBNDRY_E 0 1.535e+02 9.136e+01))))
s>    ( WDBNDRY_B 0 -5.801e+04 3.341e+02 2.738e+02
s>        ( QUESTION2_20_L -1 -3.723e+04 2.136e+02 1.775e+02
s>            ( QUESTION0 -1 -3.120e+04 1.633e+02 1.495e+02
s>                ( - -1.326e+04 12 0)
s>                ( - -1.778e+04 8 0))
s>            ( QUESTION10 -1 -5.816e+03 4.350e+02 2.794e+01
s>                ( - 2.179e+02 1 0)
s>                ( QUESTION2 -1 -5.599e+03 1.703e+02 2.694e+01
s>                    ( - -2.500e+02 1 0)
s>                    ( - -5.179e+03 5 0 QUESTION15 -1 1.089e+02 2.494e+01))))
s>        ( QUESTION2_11_L -1 -2.044e+04 4.297e+02 9.636e+01
s>            ( - 2.195e+02 1 0)
s>            ( QUESTION0_18_R 1 -2.023e+04 1.818e+02 9.536e+01
s>                ( - -7.401e+02 1 0)
s>                ( - -1.931e+04 23 0 WDBNDRY_E 0 1.535e+02 9.136e+01))))INFO: dtree.c(1315): Comp split 10
INFO: dtree.c(1478): Final simple tree
|( WDBNDRY_B 0 -5.779e+04 3.333e+02 2.728e+02
|    ( QUESTION2_20_L -1 -3.702e+04 2.129e+02 1.765e+02
|        ( QUESTION0 -1 -3.120e+04 1.633e+02 1.495e+02
|            ( - -1.326e+04 12 0)
|            ( - -1.778e+04 8 0))
|        ( QUESTION2 -1 -5.599e+03 1.703e+02 2.694e+01
|            ( - -2.500e+02 1 0)
|            ( - -5.179e+03 5 0 QUESTION15 -1 1.089e+02 2.494e+01)))
|    ( QUESTION2_11_L -1 -2.044e+04 4.297e+02 9.636e+01
|        ( - 2.195e+02 1 0)
|        ( QUESTION0_18_R 1 -2.023e+04 1.818e+02 9.536e+01
|            ( - -7.401e+02 1 0)
|            ( WDBNDRY_E 0 -1.931e+04 1.535e+02 9.136e+01
|                ( - -8.070e+03 10 0 QUESTION0_13_R 1 4.705e+02 3.810e+01)
|                ( - -1.108e+04 13 0 QUESTION0_16_R 1 4.557e+02 5.326e+01)))))
s>    ( WDBNDRY_B 0 -5.779e+04 3.333e+02 2.728e+02
s>        ( QUESTION2_20_L -1 -3.702e+04 2.129e+02 1.765e+02
s>            ( QUESTION0 -1 -3.120e+04 1.633e+02 1.495e+02
s>                ( - -1.326e+04 12 0)
s>                ( - -1.778e+04 8 0))
s>            ( QUESTION2 -1 -5.599e+03 1.703e+02 2.694e+01
s>                ( - -2.500e+02 1 0)
s>                ( - -5.179e+03 5 0 QUESTION15 -1 1.089e+02 2.494e+01)))
s>        ( QUESTION2_11_L -1 -2.044e+04 4.297e+02 9.636e+01
s>            ( - 2.195e+02 1 0)
s>            ( QUESTION0_18_R 1 -2.023e+04 1.818e+02 9.536e+01
s>                ( - -7.401e+02 1 0)
s>                ( WDBNDRY_E 0 -1.931e+04 1.535e+02 9.136e+01
s>                    ( - -8.070e+03 10 0 QUESTION0_13_R 1 4.705e+02 3.810e+01)
s>                    ( - -1.108e+04 13 0 QUESTION0_16_R 1 4.557e+02 5.326e+01)))))INFO: dtree.c(1315): Comp split 11
INFO: dtree.c(1478): Final simple tree
|( WDBNDRY_B 0 -5.758e+04 3.325e+02 2.718e+02
|    ( QUESTION2_20_L -1 -3.702e+04 2.129e+02 1.765e+02
|        ( QUESTION0 -1 -3.120e+04 1.633e+02 1.495e+02
|            ( - -1.326e+04 12 0)
|            ( - -1.778e+04 8 0))
|        ( QUESTION2 -1 -5.599e+03 1.703e+02 2.694e+01
|            ( - -2.500e+02 1 0)
|            ( - -5.179e+03 5 0 QUESTION15 -1 1.089e+02 2.494e+01)))
|    ( QUESTION0_18_R 1 -2.023e+04 1.818e+02 9.536e+01
|        ( - -7.401e+02 1 0)
|        ( WDBNDRY_E 0 -1.931e+04 1.535e+02 9.136e+01
|            ( QUESTION0_13_R 1 -8.070e+03 4.705e+02 3.810e+01
|                ( - -7.841e+03 9 0 QUESTION2 -1 1.081e+02 3.710e+01)
|                ( - 2.413e+02 1 0))
|            ( - -1.108e+04 13 0 QUESTION0_16_R 1 4.557e+02 5.326e+01))))
s>    ( WDBNDRY_B 0 -5.758e+04 3.325e+02 2.718e+02
s>        ( QUESTION2_20_L -1 -3.702e+04 2.129e+02 1.765e+02
s>            ( QUESTION0 -1 -3.120e+04 1.633e+02 1.495e+02
s>                ( - -1.326e+04 12 0)
s>                ( - -1.778e+04 8 0))
s>            ( QUESTION2 -1 -5.599e+03 1.703e+02 2.694e+01
s>                ( - -2.500e+02 1 0)
s>                ( - -5.179e+03 5 0 QUESTION15 -1 1.089e+02 2.494e+01)))
s>        ( QUESTION0_18_R 1 -2.023e+04 1.818e+02 9.536e+01
s>            ( - -7.401e+02 1 0)
s>            ( WDBNDRY_E 0 -1.931e+04 1.535e+02 9.136e+01
s>                ( QUESTION0_13_R 1 -8.070e+03 4.705e+02 3.810e+01
s>                    ( - -7.841e+03 9 0 QUESTION2 -1 1.081e+02 3.710e+01)
s>                    ( - 2.413e+02 1 0))
s>                ( - -1.108e+04 13 0 QUESTION0_16_R 1 4.557e+02 5.326e+01))))INFO: dtree.c(1315): Comp split 12
INFO: dtree.c(1478): Final simple tree
|( QUESTION0_19_R 1 -5.735e+04 4.493e+02 2.708e+02
|    ( - 2.410e+02 1 0)
|    ( WDBNDRY_B 0 -5.714e+04 3.356e+02 2.698e+02
|        ( QUESTION2_20_L -1 -3.702e+04 2.129e+02 1.765e+02
|            ( QUESTION0 -1 -3.120e+04 1.633e+02 1.495e+02
|                ( - -1.326e+04 12 0)
|                ( - -1.778e+04 8 0))
|            ( QUESTION2 -1 -5.599e+03 1.703e+02 2.694e+01
|                ( - -2.500e+02 1 0)
|                ( - -5.179e+03 5 0 QUESTION15 -1 1.089e+02 2.494e+01)))
|        ( QUESTION0_16_R 1 -1.979e+04 1.822e+02 9.336e+01
|            ( - -7.401e+02 1 0)
|            ( WDBNDRY_E 0 -1.887e+04 1.607e+02 8.936e+01
|                ( - -7.841e+03 9 0 QUESTION2 -1 1.081e+02 3.710e+01)
|                ( - -1.087e+04 12 0 QUESTION0_13_R 1 2.023e+02 5.226e+01)))))
s>    ( QUESTION0_19_R 1 -5.735e+04 4.493e+02 2.708e+02
s>        ( - 2.410e+02 1 0)
s>        ( WDBNDRY_B 0 -5.714e+04 3.356e+02 2.698e+02
s>            ( QUESTION2_20_L -1 -3.702e+04 2.129e+02 1.765e+02
s>                ( QUESTION0 -1 -3.120e+04 1.633e+02 1.495e+02
s>                    ( - -1.326e+04 12 0)
s>                    ( - -1.778e+04 8 0))
s>                ( QUESTION2 -1 -5.599e+03 1.703e+02 2.694e+01
s>                    ( - -2.500e+02 1 0)
s>                    ( - -5.179e+03 5 0 QUESTION15 -1 1.089e+02 2.494e+01)))
s>            ( QUESTION0_16_R 1 -1.979e+04 1.822e+02 9.336e+01
s>                ( - -7.401e+02 1 0)
s>                ( WDBNDRY_E 0 -1.887e+04 1.607e+02 8.936e+01
s>                    ( - -7.841e+03 9 0 QUESTION2 -1 1.081e+02 3.710e+01)
s>                    ( - -1.087e+04 12 0 QUESTION0_13_R 1 2.023e+02 5.226e+01)))))INFO: dtree.c(1315): Comp split 13
INFO: dtree.c(1478): Final simple tree
|( WDBNDRY_B 0 -5.714e+04 3.356e+02 2.698e+02
|    ( QUESTION2_20_L -1 -3.702e+04 2.129e+02 1.765e+02
|        ( QUESTION0 -1 -3.120e+04 1.633e+02 1.495e+02
|            ( - -1.326e+04 12 0)
|            ( - -1.778e+04 8 0))
|        ( QUESTION2 -1 -5.599e+03 1.703e+02 2.694e+01
|            ( - -2.500e+02 1 0)
|            ( - -5.179e+03 5 0 QUESTION15 -1 1.089e+02 2.494e+01)))
|    ( QUESTION0_16_R 1 -1.979e+04 1.822e+02 9.336e+01
|        ( - -7.401e+02 1 0)
|        ( WDBNDRY_E 0 -1.887e+04 1.607e+02 8.936e+01
|            ( - -7.841e+03 9 0 QUESTION2 -1 1.081e+02 3.710e+01)
|            ( QUESTION0_13_R 1 -1.087e+04 2.023e+02 5.226e+01
|                ( - -8.657e+03 9 0 QUESTION12 -1 1.581e+02 4.226e+01)
|                ( - -2.009e+03 3 0 QUESTION11 -1 4.768e+02 1.000e+01)))))
s>    ( WDBNDRY_B 0 -5.714e+04 3.356e+02 2.698e+02
s>        ( QUESTION2_20_L -1 -3.702e+04 2.129e+02 1.765e+02
s>            ( QUESTION0 -1 -3.120e+04 1.633e+02 1.495e+02
s>                ( - -1.326e+04 12 0)
s>                ( - -1.778e+04 8 0))
s>            ( QUESTION2 -1 -5.599e+03 1.703e+02 2.694e+01
s>                ( - -2.500e+02 1 0)
s>                ( - -5.179e+03 5 0 QUESTION15 -1 1.089e+02 2.494e+01)))
s>        ( QUESTION0_16_R 1 -1.979e+04 1.822e+02 9.336e+01
s>            ( - -7.401e+02 1 0)
s>            ( WDBNDRY_E 0 -1.887e+04 1.607e+02 8.936e+01
s>                ( - -7.841e+03 9 0 QUESTION2 -1 1.081e+02 3.710e+01)
s>                ( QUESTION0_13_R 1 -1.087e+04 2.023e+02 5.226e+01
s>                    ( - -8.657e+03 9 0 QUESTION12 -1 1.581e+02 4.226e+01)
s>                    ( - -2.009e+03 3 0 QUESTION11 -1 4.768e+02 1.000e+01)))))INFO: dtree.c(1315): Comp split 14
INFO: dtree.c(1478): Final simple tree
|( QUESTION0_5_R 1 -5.799e+04 3.242e+02 2.784e+02
|    ( - -1.403e+04 5 0 QUESTION0 -1 1.448e+02 6.923e+01)
|    ( QUESTION12 1 -4.364e+04 2.497e+02 2.092e+02
|        ( QUESTION17 1 -1.377e+04 2.022e+02 6.698e+01
|            ( - -5.832e+03 2 0)
|            ( QUESTION0_2_R 1 -7.731e+03 1.596e+02 3.827e+01
|                ( - -2.949e+03 5 0 QUESTION0_3_R 1 1.278e+02 1.500e+01)
|                ( - -4.623e+03 5 0 QUESTION13 1 1.420e+02 2.327e+01)))
|        ( QUESTION0_13_R 1 -2.962e+04 3.083e+02 1.422e+02
|            ( - -3.291e+03 1 0)
|            ( SILENCE 1 -2.602e+04 1.822e+02 1.245e+02
|                ( - -2.519e+02 1 0)
|                ( QUESTION0_10_R 1 -2.559e+04 1.592e+02 1.225e+02
|                    ( - -1.608e+04 16 0 QUESTION0_11_R 1 4.557e+02 7.688e+01)
|                    ( - -9.348e+03 12 0 QUESTION11 -1 1.291e+02 4.557e+01))))))
s>    ( QUESTION0_5_R 1 -5.799e+04 3.242e+02 2.784e+02
s>        ( - -1.403e+04 5 0 QUESTION0 -1 1.448e+02 6.923e+01)
s>        ( QUESTION12 1 -4.364e+04 2.497e+02 2.092e+02
s>            ( QUESTION17 1 -1.377e+04 2.022e+02 6.698e+01
s>                ( - -5.832e+03 2 0)
s>                ( QUESTION0_2_R 1 -7.731e+03 1.596e+02 3.827e+01
s>                    ( - -2.949e+03 5 0 QUESTION0_3_R 1 1.278e+02 1.500e+01)
s>                    ( - -4.623e+03 5 0 QUESTION13 1 1.420e+02 2.327e+01)))
s>            ( QUESTION0_13_R 1 -2.962e+04 3.083e+02 1.422e+02
s>                ( - -3.291e+03 1 0)
s>                ( SILENCE 1 -2.602e+04 1.822e+02 1.245e+02
s>                    ( - -2.519e+02 1 0)
s>                    ( QUESTION0_10_R 1 -2.559e+04 1.592e+02 1.225e+02
s>                        ( - -1.608e+04 16 0 QUESTION0_11_R 1 4.557e+02 7.688e+01)
s>                        ( - -9.348e+03 12 0 QUESTION11 -1 1.291e+02 4.557e+01))))))INFO: dtree.c(1315): Comp split 15
INFO: dtree.c(1478): Final simple tree
|( QUESTION2_1_L -1 -2.357e+05 3.964e+02 1.133e+03
|    ( QUESTION12 -1 -1.848e+05 2.307e+02 8.919e+02
|        ( - -1.242e+04 7 0 QUESTION0_0_R 1 1.576e+02 5.899e+01)
|        ( QUESTION0_10_R 1 -1.721e+05 1.805e+02 8.329e+02
|            ( - -2.404e+02 1 0)
|            ( QUESTION0_0_R 1 -1.717e+05 1.645e+02 8.309e+02
|                ( - -1.590e+05 34 0 QUESTION3 -1 1.554e+02 7.693e+02)
|                ( - -1.252e+04 6 0 QUESTION19 1 1.443e+02 6.165e+01))))
|    ( QUESTION2_20_L -1 -5.060e+04 2.843e+02 2.416e+02
|        ( - -4.948e+03 3 0 QUESTION0 -1 1.431e+02 2.394e+01)
|        ( WDBNDRY_E 0 -4.536e+04 2.110e+02 2.176e+02
|            ( - -1.908e+02 1 0)
|            ( WDBNDRY_B 0 -4.496e+04 1.754e+02 2.156e+02
|                ( - -1.112e+04 14 0 QUESTION0_0_R 1 1.563e+02 5.400e+01)
|                ( - -3.367e+04 13 0 QUESTION0_0_R 1 1.574e+02 1.616e+02)))))
s>    ( QUESTION2_1_L -1 -2.357e+05 3.964e+02 1.133e+03
s>        ( QUESTION12 -1 -1.848e+05 2.307e+02 8.919e+02
s>            ( - -1.242e+04 7 0 QUESTION0_0_R 1 1.576e+02 5.899e+01)
s>            ( QUESTION0_10_R 1 -1.721e+05 1.805e+02 8.329e+02
s>                ( - -2.404e+02 1 0)
s>                ( QUESTION0_0_R 1 -1.717e+05 1.645e+02 8.309e+02
s>                    ( - -1.590e+05 34 0 QUESTION3 -1 1.554e+02 7.693e+02)
s>                    ( - -1.252e+04 6 0 QUESTION19 1 1.443e+02 6.165e+01))))
s>        ( QUESTION2_20_L -1 -5.060e+04 2.843e+02 2.416e+02
s>            ( - -4.948e+03 3 0 QUESTION0 -1 1.431e+02 2.394e+01)
s>            ( WDBNDRY_E 0 -4.536e+04 2.110e+02 2.176e+02
s>                ( - -1.908e+02 1 0)
s>                ( WDBNDRY_B 0 -4.496e+04 1.754e+02 2.156e+02
s>                    ( - -1.112e+04 14 0 QUESTION0_0_R 1 1.563e+02 5.400e+01)
s>                    ( - -3.367e+04 13 0 QUESTION0_0_R 1 1.574e+02 1.616e+02)))))INFO: dtree.c(1315): Comp split 16
INFO: dtree.c(1478): Final simple tree
|( WDBNDRY_E 0 -5.061e+04 2.840e+02 2.416e+02
|    ( QUESTION0_9_R 1 -5.367e+03 1.784e+02 2.594e+01
|        ( QUESTION0 -1 -4.948e+03 1.431e+02 2.394e+01
|            ( - -1.751e+03 1 0)
|            ( - -3.054e+03 2 0))
|        ( - -2.404e+02 1 0))
|    ( WDBNDRY_B 0 -4.496e+04 1.754e+02 2.156e+02
|        ( QUESTION0_0_R 1 -1.112e+04 1.563e+02 5.400e+01
|            ( SILENCE -1 -1.072e+04 1.319e+02 5.200e+01
|                ( - -6.293e+03 3 0)
|                ( - -4.295e+03 10 0 QUESTION13 -1 9.282e+01 2.100e+01))
|            ( - -2.452e+02 1 0))
|        ( QUESTION0_0_R 1 -3.367e+04 1.574e+02 1.616e+02
|            ( - -3.183e+04 12 0 QUESTION13 -1 1.008e+02 1.527e+02)
|            ( - -1.676e+03 1 0))))
s>    ( WDBNDRY_E 0 -5.061e+04 2.840e+02 2.416e+02
s>        ( QUESTION0_9_R 1 -5.367e+03 1.784e+02 2.594e+01
s>            ( QUESTION0 -1 -4.948e+03 1.431e+02 2.394e+01
s>                ( - -1.751e+03 1 0)
s>                ( - -3.054e+03 2 0))
s>            ( - -2.404e+02 1 0))
s>        ( WDBNDRY_B 0 -4.496e+04 1.754e+02 2.156e+02
s>            ( QUESTION0_0_R 1 -1.112e+04 1.563e+02 5.400e+01
s>                ( SILENCE -1 -1.072e+04 1.319e+02 5.200e+01
s>                    ( - -6.293e+03 3 0)
s>                    ( - -4.295e+03 10 0 QUESTION13 -1 9.282e+01 2.100e+01))
s>                ( - -2.452e+02 1 0))
s>            ( QUESTION0_0_R 1 -3.367e+04 1.574e+02 1.616e+02
s>                ( - -3.183e+04 12 0 QUESTION13 -1 1.008e+02 1.527e+02)
s>                ( - -1.676e+03 1 0))))INFO: dtree.c(1478): Final simple tree
|( QUESTION12 -1 -1.847e+05 2.308e+02 8.919e+02
|    ( WDBNDRY_E 0 -1.282e+04 2.069e+02 6.099e+01
|        ( - -1.908e+02 1 0)
|        ( QUESTION0_0_R 1 -1.242e+04 1.576e+02 5.899e+01
|            ( - -1.197e+04 6 0 WDBNDRY_B 0 1.254e+02 5.699e+01)
|            ( - -2.970e+02 1 0)))
|    ( QUESTION0_0_R 1 -1.717e+05 1.645e+02 8.309e+02
|        ( QUESTION3 -1 -1.590e+05 1.554e+02 7.693e+02
|            ( QUESTION6 -1 -1.905e+04 1.454e+02 9.312e+01
|                ( - -2.688e+02 1 0)
|                ( WDBNDRY_B 0 -1.863e+04 1.449e+02 9.112e+01
|                    ( - -6.923e+03 6 0 QUESTION8 -1 1.107e+02 3.416e+01)
|                    ( - -1.156e+04 3 0)))
|            ( - -1.398e+05 24 0 WDBNDRY_I 0 1.294e+02 6.761e+02))
|        ( - -1.252e+04 6 0 QUESTION19 1 1.443e+02 6.165e+01)))
s>    ( QUESTION12 -1 -1.847e+05 2.308e+02 8.919e+02
s>        ( WDBNDRY_E 0 -1.282e+04 2.069e+02 6.099e+01
s>            ( - -1.908e+02 1 0)
s>            ( QUESTION0_0_R 1 -1.242e+04 1.576e+02 5.899e+01
s>                ( - -1.197e+04 6 0 WDBNDRY_B 0 1.254e+02 5.699e+01)
s>                ( - -2.970e+02 1 0)))
s>        ( QUESTION0_0_R 1 -1.717e+05 1.645e+02 8.309e+02
s>            ( QUESTION3 -1 -1.590e+05 1.554e+02 7.693e+02
s>                ( QUESTION6 -1 -1.905e+04 1.454e+02 9.312e+01
s>                    ( - -2.688e+02 1 0)
s>                    ( WDBNDRY_B 0 -1.863e+04 1.449e+02 9.112e+01
s>                        ( - -6.923e+03 6 0 QUESTION8 -1 1.107e+02 3.416e+01)
s>                        ( - -1.156e+04 3 0)))
s>                ( - -1.398e+05 24 0 WDBNDRY_I 0 1.294e+02 6.761e+02))
s>            ( - -1.252e+04 6 0 QUESTION19 1 1.443e+02 6.165e+01)))INFO: dtree.c(1315): Comp split 17
INFO: dtree.c(1478): Final simple tree
|( QUESTION19 1 -2.882e+04 2.941e+02 1.383e+02
|    ( - -3.291e+03 1 0)
|    ( QUESTION0_8_R 1 -2.524e+04 2.202e+02 1.206e+02
|        ( QUESTION0_11_R 1 -1.608e+04 4.557e+02 7.688e+01
|            ( - -1.587e+04 15 0 WDBNDRY_E 0 1.081e+02 7.588e+01)
|            ( - 2.420e+02 1 0))
|        ( QUESTION0_3_R 1 -8.934e+03 1.706e+02 4.371e+01
|            ( WDBNDRY_E 0 -1.522e+03 1.511e+02 8.000e+00
|                ( - -5.311e+02 1 0)
|                ( - -8.395e+02 1 0))
|            ( QUESTION0_2_R 1 -7.242e+03 1.104e+02 3.571e+01
|                ( WDBNDRY_E 0 -1.299e+03 1.954e+02 7.000e+00
|                    ( - -9.115e+02 2 0)
|                    ( - -1.925e+02 1 0))
|                ( - -5.832e+03 2 0)))))
s>    ( QUESTION19 1 -2.882e+04 2.941e+02 1.383e+02
s>        ( - -3.291e+03 1 0)
s>        ( QUESTION0_8_R 1 -2.524e+04 2.202e+02 1.206e+02
s>            ( QUESTION0_11_R 1 -1.608e+04 4.557e+02 7.688e+01
s>                ( - -1.587e+04 15 0 WDBNDRY_E 0 1.081e+02 7.588e+01)
s>                ( - 2.420e+02 1 0))
s>            ( QUESTION0_3_R 1 -8.934e+03 1.706e+02 4.371e+01
s>                ( WDBNDRY_E 0 -1.522e+03 1.511e+02 8.000e+00
s>                    ( - -5.311e+02 1 0)
s>                    ( - -8.395e+02 1 0))
s>                ( QUESTION0_2_R 1 -7.242e+03 1.104e+02 3.571e+01
s>                    ( WDBNDRY_E 0 -1.299e+03 1.954e+02 7.000e+00
s>                        ( - -9.115e+02 2 0)
s>                        ( - -1.925e+02 1 0))
s>                    ( - -5.832e+03 2 0)))))INFO: dtree.c(1478): Final simple tree
|( QUESTION0_2_R 1 -2.877e+04 1.844e+02 1.401e+02
|    ( QUESTION0 -1 -1.403e+04 1.448e+02 6.923e+01
|        ( - -1.322e+04 4 0)
|        ( - -6.706e+02 1 0))
|    ( SILENCE 1 -1.456e+04 1.734e+02 7.085e+01
|        ( - -2.519e+02 1 0)
|        ( QUESTION0_13_R 1 -1.413e+04 1.605e+02 6.885e+01
|            ( QUESTION13 1 -4.623e+03 1.420e+02 2.327e+01
|                ( - -1.309e+03 3 0 WDBNDRY_E 0 9.617e+01 7.000e+00)
|                ( - -3.172e+03 2 0))
|            ( QUESTION11 -1 -9.348e+03 1.291e+02 4.557e+01
|                ( - -3.369e+03 1 0)
|                ( QUESTION0 -1 -5.850e+03 1.047e+02 2.800e+01
|                    ( - -4.149e+03 8 0 QUESTION0_8_R 1 1.486e+02 2.000e+01)
|                    ( - -1.596e+03 3 0 WDBNDRY_E 0 1.218e+02 8.000e+00))))))
s>    ( QUESTION0_2_R 1 -2.877e+04 1.844e+02 1.401e+02
s>        ( QUESTION0 -1 -1.403e+04 1.448e+02 6.923e+01
s>            ( - -1.322e+04 4 0)
s>            ( - -6.706e+02 1 0))
s>        ( SILENCE 1 -1.456e+04 1.734e+02 7.085e+01
s>            ( - -2.519e+02 1 0)
s>            ( QUESTION0_13_R 1 -1.413e+04 1.605e+02 6.885e+01
s>                ( QUESTION13 1 -4.623e+03 1.420e+02 2.327e+01
s>                    ( - -1.309e+03 3 0 WDBNDRY_E 0 9.617e+01 7.000e+00)
s>                    ( - -3.172e+03 2 0))
s>                ( QUESTION11 -1 -9.348e+03 1.291e+02 4.557e+01
s>                    ( - -3.369e+03 1 0)
s>                    ( QUESTION0 -1 -5.850e+03 1.047e+02 2.800e+01
s>                        ( - -4.149e+03 8 0 QUESTION0_8_R 1 1.486e+02 2.000e+01)
s>                        ( - -1.596e+03 3 0 WDBNDRY_E 0 1.218e+02 8.000e+00))))))INFO: dtree.c(1315): Comp split 18
INFO: dtree.c(1478): Final simple tree
|( QUESTION19 1 -2.861e+04 2.939e+02 1.373e+02
|    ( - -3.291e+03 1 0)
|    ( QUESTION0_8_R 1 -2.502e+04 2.200e+02 1.196e+02
|        ( WDBNDRY_E 0 -1.587e+04 1.081e+02 7.588e+01
|            ( - -3.074e+03 2 0)
|            ( - -1.268e+04 13 0 QUESTION11 -1 1.071e+02 6.025e+01))
|        ( QUESTION0_3_R 1 -8.934e+03 1.706e+02 4.371e+01
|            ( WDBNDRY_E 0 -1.522e+03 1.511e+02 8.000e+00
|                ( - -5.311e+02 1 0)
|                ( - -8.395e+02 1 0))
|            ( QUESTION0_2_R 1 -7.242e+03 1.104e+02 3.571e+01
|                ( WDBNDRY_E 0 -1.299e+03 1.954e+02 7.000e+00
|                    ( - -9.115e+02 2 0)
|                    ( - -1.925e+02 1 0))
|                ( - -5.832e+03 2 0)))))
s>    ( QUESTION19 1 -2.861e+04 2.939e+02 1.373e+02
s>        ( - -3.291e+03 1 0)
s>        ( QUESTION0_8_R 1 -2.502e+04 2.200e+02 1.196e+02
s>            ( WDBNDRY_E 0 -1.587e+04 1.081e+02 7.588e+01
s>                ( - -3.074e+03 2 0)
s>                ( - -1.268e+04 13 0 QUESTION11 -1 1.071e+02 6.025e+01))
s>            ( QUESTION0_3_R 1 -8.934e+03 1.706e+02 4.371e+01
s>                ( WDBNDRY_E 0 -1.522e+03 1.511e+02 8.000e+00
s>                    ( - -5.311e+02 1 0)
s>                    ( - -8.395e+02 1 0))
s>                ( QUESTION0_2_R 1 -7.242e+03 1.104e+02 3.571e+01
s>                    ( WDBNDRY_E 0 -1.299e+03 1.954e+02 7.000e+00
s>                        ( - -9.115e+02 2 0)
s>                        ( - -1.925e+02 1 0))
s>                    ( - -5.832e+03 2 0)))))INFO: dtree.c(1315): Comp split 19
INFO: dtree.c(1439): stop. leaf nodes are specific
INFO: dtree.c(1478): Final simple tree
|( QUESTION0 -1 -3.120e+04 1.633e+02 1.495e+02
|    ( - -1.326e+04 12 0)
|    ( - -1.778e+04 8 0))
s>    ( QUESTION0 -1 -3.120e+04 1.633e+02 1.495e+02
s>        ( - -1.326e+04 12 0)
s>        ( - -1.778e+04 8 0))INFO: dtree.c(1478): Final simple tree
|( SILENCE -1 -2.558e+04 2.089e+02 1.203e+02
|    ( - -4.100e+03 1 0)
|    ( QUESTION0_16_R 1 -2.127e+04 1.822e+02 1.004e+02
|        ( - -7.401e+02 1 0)
|        ( QUESTION3 -1 -2.034e+04 1.665e+02 9.636e+01
|            ( - -2.500e+02 1 0)
|            ( WDBNDRY_E 0 -1.993e+04 1.611e+02 9.436e+01
|                ( - -7.841e+03 9 0 QUESTION2 -1 1.081e+02 3.710e+01)
|                ( QUESTION0_13_R 1 -1.193e+04 2.053e+02 5.726e+01
|                    ( - -9.711e+03 13 0 QUESTION13 -1 1.647e+02 4.726e+01)
|                    ( QUESTION11 -1 -2.009e+03 4.768e+02 1.000e+01
|                        ( - 2.426e+02 1 0)
|                        ( QUESTION0 -1 -1.775e+03 4.548e+02 9.005e+00
|                            ( - -1.562e+03 1 0)
|                            ( - 2.414e+02 1 0))))))))
s>    ( SILENCE -1 -2.558e+04 2.089e+02 1.203e+02
s>        ( - -4.100e+03 1 0)
s>        ( QUESTION0_16_R 1 -2.127e+04 1.822e+02 1.004e+02
s>            ( - -7.401e+02 1 0)
s>            ( QUESTION3 -1 -2.034e+04 1.665e+02 9.636e+01
s>                ( - -2.500e+02 1 0)
s>                ( WDBNDRY_E 0 -1.993e+04 1.611e+02 9.436e+01
s>                    ( - -7.841e+03 9 0 QUESTION2 -1 1.081e+02 3.710e+01)
s>                    ( QUESTION0_13_R 1 -1.193e+04 2.053e+02 5.726e+01
s>                        ( - -9.711e+03 13 0 QUESTION13 -1 1.647e+02 4.726e+01)
s>                        ( QUESTION11 -1 -2.009e+03 4.768e+02 1.000e+01
s>                            ( - 2.426e+02 1 0)
s>                            ( QUESTION0 -1 -1.775e+03 4.548e+02 9.005e+00
s>                                ( - -1.562e+03 1 0)
s>                                ( - 2.414e+02 1 0))))))))INFO: dtree.c(1315): Comp split 20
INFO: dtree.c(1478): Final simple tree
|( SILENCE -1 -2.537e+04 2.074e+02 1.193e+02
|    ( - -4.100e+03 1 0)
|    ( QUESTION0_15_R 1 -2.106e+04 1.849e+02 9.936e+01
|        ( QUESTION0 -1 -1.775e+03 4.548e+02 9.005e+00
|            ( - -1.562e+03 1 0)
|            ( - 2.414e+02 1 0))
|        ( QUESTION0_13_R 1 -1.910e+04 1.801e+02 9.036e+01
|            ( WDBNDRY_I 0 -1.818e+04 2.009e+02 8.636e+01
|                ( QUESTION12 -1 -8.657e+03 1.581e+02 4.226e+01
|                    ( - -5.098e+02 1 0)
|                    ( - -7.989e+03 8 0 QUESTION2 -1 1.264e+02 3.926e+01))
|                ( QUESTION3 -1 -9.323e+03 1.644e+02 4.410e+01
|                    ( - -2.500e+02 1 0)
|                    ( - -8.909e+03 13 0 QUESTION2 -1 1.081e+02 4.210e+01)))
|            ( - -7.401e+02 1 0))))
s>    ( SILENCE -1 -2.537e+04 2.074e+02 1.193e+02
s>        ( - -4.100e+03 1 0)
s>        ( QUESTION0_15_R 1 -2.106e+04 1.849e+02 9.936e+01
s>            ( QUESTION0 -1 -1.775e+03 4.548e+02 9.005e+00
s>                ( - -1.562e+03 1 0)
s>                ( - 2.414e+02 1 0))
s>            ( QUESTION0_13_R 1 -1.910e+04 1.801e+02 9.036e+01
s>                ( WDBNDRY_I 0 -1.818e+04 2.009e+02 8.636e+01
s>                    ( QUESTION12 -1 -8.657e+03 1.581e+02 4.226e+01
s>                        ( - -5.098e+02 1 0)
s>                        ( - -7.989e+03 8 0 QUESTION2 -1 1.264e+02 3.926e+01))
s>                    ( QUESTION3 -1 -9.323e+03 1.644e+02 4.410e+01
s>                        ( - -2.500e+02 1 0)
s>                        ( - -8.909e+03 13 0 QUESTION2 -1 1.081e+02 4.210e+01)))
s>                ( - -7.401e+02 1 0))))INFO: dtree.c(1315): Comp split 21
INFO: dtree.c(1478): Final simple tree
|( SILENCE -1 -2.516e+04 2.073e+02 1.183e+02
|    ( - -4.100e+03 1 0)
|    ( QUESTION0_15_R 1 -2.085e+04 1.902e+02 9.836e+01
|        ( - -1.562e+03 1 0)
|        ( QUESTION0_13_R 1 -1.910e+04 1.801e+02 9.036e+01
|            ( WDBNDRY_I 0 -1.818e+04 2.009e+02 8.636e+01
|                ( QUESTION12 -1 -8.657e+03 1.581e+02 4.226e+01
|                    ( - -5.098e+02 1 0)
|                    ( QUESTION2 -1 -7.989e+03 1.264e+02 3.926e+01
|                        ( - -1.350e+03 2 0)
|                        ( - -6.513e+03 6 0 QUESTION0 -1 1.215e+02 3.226e+01)))
|                ( QUESTION3 -1 -9.323e+03 1.644e+02 4.410e+01
|                    ( - -2.500e+02 1 0)
|                    ( - -8.909e+03 13 0 QUESTION2 -1 1.081e+02 4.210e+01)))
|            ( - -7.401e+02 1 0))))
s>    ( SILENCE -1 -2.516e+04 2.073e+02 1.183e+02
s>        ( - -4.100e+03 1 0)
s>        ( QUESTION0_15_R 1 -2.085e+04 1.902e+02 9.836e+01
s>            ( - -1.562e+03 1 0)
s>            ( QUESTION0_13_R 1 -1.910e+04 1.801e+02 9.036e+01
s>                ( WDBNDRY_I 0 -1.818e+04 2.009e+02 8.636e+01
s>                    ( QUESTION12 -1 -8.657e+03 1.581e+02 4.226e+01
s>                        ( - -5.098e+02 1 0)
s>                        ( QUESTION2 -1 -7.989e+03 1.264e+02 3.926e+01
s>                            ( - -1.350e+03 2 0)
s>                            ( - -6.513e+03 6 0 QUESTION0 -1 1.215e+02 3.226e+01)))
s>                    ( QUESTION3 -1 -9.323e+03 1.644e+02 4.410e+01
s>                        ( - -2.500e+02 1 0)
s>                        ( - -8.909e+03 13 0 QUESTION2 -1 1.081e+02 4.210e+01)))
s>                ( - -7.401e+02 1 0))))INFO: dtree.c(1315): Comp split 22
INFO: dtree.c(1478): Final simple tree
|( QUESTION10 -1 -3.021e+05 2.433e+02 1.439e+03
|    ( QUESTION0_10_R 1 -1.506e+05 1.367e+02 7.196e+02
|        ( - -6.806e+02 1 0)
|        ( WDBNDRY_B 0 -1.497e+05 1.303e+02 7.156e+02
|            ( QUESTION0_0_R 1 -7.540e+04 1.338e+02 3.587e+02
|                ( - -7.329e+04 20 0)
|                ( - -1.972e+03 2 0))
|            ( - -7.421e+04 16 0)))
|    ( QUESTION0_0_R 1 -1.513e+05 1.297e+02 7.196e+02
|        ( QUESTION0 -1 -1.509e+05 1.289e+02 7.176e+02
|            ( WDBNDRY_B 0 -1.484e+05 1.094e+02 7.056e+02
|                ( - -1.473e+05 30 0)
|                ( - -9.854e+02 3 0))
|            ( - -2.403e+03 2 0))
|        ( - -2.714e+02 1 0)))
s>    ( QUESTION10 -1 -3.021e+05 2.433e+02 1.439e+03
s>        ( QUESTION0_10_R 1 -1.506e+05 1.367e+02 7.196e+02
s>            ( - -6.806e+02 1 0)
s>            ( WDBNDRY_B 0 -1.497e+05 1.303e+02 7.156e+02
s>                ( QUESTION0_0_R 1 -7.540e+04 1.338e+02 3.587e+02
s>                    ( - -7.329e+04 20 0)
s>                    ( - -1.972e+03 2 0))
s>                ( - -7.421e+04 16 0)))
s>        ( QUESTION0_0_R 1 -1.513e+05 1.297e+02 7.196e+02
s>            ( QUESTION0 -1 -1.509e+05 1.289e+02 7.176e+02
s>                ( WDBNDRY_B 0 -1.484e+05 1.094e+02 7.056e+02
s>                    ( - -1.473e+05 30 0)
s>                    ( - -9.854e+02 3 0))
s>                ( - -2.403e+03 2 0))
s>            ( - -2.714e+02 1 0)))INFO: dtree.c(1439): stop. leaf nodes are specific
INFO: dtree.c(1478): Final simple tree
|( QUESTION10 -1 -2.962e+04 1.569e+02 1.421e+02
|    ( WDBNDRY_B 0 -1.120e+04 7.552e+01 5.498e+01
|        ( - -4.590e+03 4 0)
|        ( - -6.537e+03 3 0))
|    ( QUESTION0 -1 -1.826e+04 1.114e+02 8.712e+01
|        ( - -1.764e+04 6 0)
|        ( - -5.009e+02 1 0)))
s>    ( QUESTION10 -1 -2.962e+04 1.569e+02 1.421e+02
s>        ( WDBNDRY_B 0 -1.120e+04 7.552e+01 5.498e+01
s>            ( - -4.590e+03 4 0)
s>            ( - -6.537e+03 3 0))
s>        ( QUESTION0 -1 -1.826e+04 1.114e+02 8.712e+01
s>            ( - -1.764e+04 6 0)
s>            ( - -5.009e+02 1 0)))INFO: dtree.c(1315): Comp split 23
INFO: dtree.c(1439): stop. leaf nodes are specific
INFO: dtree.c(1478): Final simple tree
|( QUESTION0 -1 -2.742e+05 1.504e+02 1.318e+03
|    ( - -2.623e+05 25 0)
|    ( - -1.178e+04 4 0))
s>    ( QUESTION0 -1 -2.742e+05 1.504e+02 1.318e+03
s>        ( - -2.623e+05 25 0)
s>        ( - -1.178e+04 4 0))INFO: dtree.c(1315): Comp split 24
INFO: dtree.c(1478): Final simple tree
|( QUESTION0_8_R 1 -2.502e+04 2.200e+02 1.196e+02
|    ( WDBNDRY_E 0 -1.587e+04 1.081e+02 7.588e+01
|        ( - -3.074e+03 2 0)
|        ( QUESTION11 -1 -1.268e+04 1.071e+02 6.025e+01
|            ( - -9.151e+02 1 0)
|            ( - -1.166e+04 12 0 QUESTION0 -1 8.519e+01 5.525e+01)))
|    ( QUESTION0_3_R 1 -8.934e+03 1.706e+02 4.371e+01
|        ( WDBNDRY_E 0 -1.522e+03 1.511e+02 8.000e+00
|            ( - -5.311e+02 1 0)
|            ( - -8.395e+02 1 0))
|        ( QUESTION0_2_R 1 -7.242e+03 1.104e+02 3.571e+01
|            ( WDBNDRY_E 0 -1.299e+03 1.954e+02 7.000e+00
|                ( - -9.115e+02 2 0)
|                ( - -1.925e+02 1 0))
|            ( - -5.832e+03 2 0))))
s>    ( QUESTION0_8_R 1 -2.502e+04 2.200e+02 1.196e+02
s>        ( WDBNDRY_E 0 -1.587e+04 1.081e+02 7.588e+01
s>            ( - -3.074e+03 2 0)
s>            ( QUESTION11 -1 -1.268e+04 1.071e+02 6.025e+01
s>                ( - -9.151e+02 1 0)
s>                ( - -1.166e+04 12 0 QUESTION0 -1 8.519e+01 5.525e+01)))
s>        ( QUESTION0_3_R 1 -8.934e+03 1.706e+02 4.371e+01
s>            ( WDBNDRY_E 0 -1.522e+03 1.511e+02 8.000e+00
s>                ( - -5.311e+02 1 0)
s>                ( - -8.395e+02 1 0))
s>            ( QUESTION0_2_R 1 -7.242e+03 1.104e+02 3.571e+01
s>                ( WDBNDRY_E 0 -1.299e+03 1.954e+02 7.000e+00
s>                    ( - -9.115e+02 2 0)
s>                    ( - -1.925e+02 1 0))
s>                ( - -5.832e+03 2 0))))INFO: dtree.c(1315): Comp split 25
INFO: dtree.c(1439): stop. leaf nodes are specific
INFO: dtree.c(1478): Final simple tree
|( WDBNDRY_B 0 -4.496e+04 1.754e+02 2.156e+02
|    ( QUESTION0_0_R 1 -1.112e+04 1.563e+02 5.400e+01
|        ( SILENCE -1 -1.072e+04 1.319e+02 5.200e+01
|            ( - -6.293e+03 3 0)
|            ( QUESTION13 -1 -4.295e+03 9.282e+01 2.100e+01
|                ( - -2.386e+03 5 0)
|                ( - -1.816e+03 5 0)))
|        ( - -2.452e+02 1 0))
|    ( QUESTION0_0_R 1 -3.367e+04 1.574e+02 1.616e+02
|        ( QUESTION13 -1 -3.183e+04 1.008e+02 1.527e+02
|            ( - -3.021e+04 9 0)
|            ( - -1.522e+03 3 0))
|        ( - -1.676e+03 1 0)))
s>    ( WDBNDRY_B 0 -4.496e+04 1.754e+02 2.156e+02
s>        ( QUESTION0_0_R 1 -1.112e+04 1.563e+02 5.400e+01
s>            ( SILENCE -1 -1.072e+04 1.319e+02 5.200e+01
s>                ( - -6.293e+03 3 0)
s>                ( QUESTION13 -1 -4.295e+03 9.282e+01 2.100e+01
s>                    ( - -2.386e+03 5 0)
s>                    ( - -1.816e+03 5 0)))
s>            ( - -2.452e+02 1 0))
s>        ( QUESTION0_0_R 1 -3.367e+04 1.574e+02 1.616e+02
s>            ( QUESTION13 -1 -3.183e+04 1.008e+02 1.527e+02
s>                ( - -3.021e+04 9 0)
s>                ( - -1.522e+03 3 0))
s>            ( - -1.676e+03 1 0)))INFO: dtree.c(1439): stop. leaf nodes are specific
INFO: dtree.c(1478): Final simple tree
|( QUESTION0_9_R 1 -5.367e+03 1.784e+02 2.594e+01
|    ( QUESTION0 -1 -4.948e+03 1.431e+02 2.394e+01
|        ( - -1.751e+03 1 0)
|        ( - -3.054e+03 2 0))
|    ( - -2.404e+02 1 0))
s>    ( QUESTION0_9_R 1 -5.367e+03 1.784e+02 2.594e+01
s>        ( QUESTION0 -1 -4.948e+03 1.431e+02 2.394e+01
s>            ( - -1.751e+03 1 0)
s>            ( - -3.054e+03 2 0))
s>        ( - -2.404e+02 1 0))INFO: dtree.c(1315): Comp split 26
INFO: dtree.c(1439): stop. leaf nodes are specific
INFO: dtree.c(1478): Final simple tree
|( QUESTION3 -1 -1.515e+05 1.448e+02 7.331e+02
|    ( - -1.156e+04 3 0)
|    ( WDBNDRY_I 0 -1.398e+05 1.294e+02 6.761e+02
|        ( QUESTION2_10_L -1 -1.214e+05 1.201e+02 5.872e+02
|            ( - -1.195e+05 8 0)
|            ( - -1.764e+03 3 0))
|        ( QUESTION2_10_L -1 -1.828e+04 1.561e+02 8.899e+01
|            ( WDBNDRY_B 0 -1.251e+04 6.570e+01 6.113e+01
|                ( - -1.190e+04 7 0)
|                ( - -5.527e+02 1 0))
|            ( QUESTION2 -1 -5.613e+03 9.043e+01 2.786e+01
|                ( - -7.350e+02 2 0)
|                ( - -4.788e+03 3 0)))))
s>    ( QUESTION3 -1 -1.515e+05 1.448e+02 7.331e+02
s>        ( - -1.156e+04 3 0)
s>        ( WDBNDRY_I 0 -1.398e+05 1.294e+02 6.761e+02
s>            ( QUESTION2_10_L -1 -1.214e+05 1.201e+02 5.872e+02
s>                ( - -1.195e+05 8 0)
s>                ( - -1.764e+03 3 0))
s>            ( QUESTION2_10_L -1 -1.828e+04 1.561e+02 8.899e+01
s>                ( WDBNDRY_B 0 -1.251e+04 6.570e+01 6.113e+01
s>                    ( - -1.190e+04 7 0)
s>                    ( - -5.527e+02 1 0))
s>                ( QUESTION2 -1 -5.613e+03 9.043e+01 2.786e+01
s>                    ( - -7.350e+02 2 0)
s>                    ( - -4.788e+03 3 0)))))INFO: dtree.c(1478): Final simple tree
|( QUESTION13 -1 -3.298e+04 2.041e+02 1.588e+02
|    ( - -1.908e+02 1 0)
|    ( QUESTION19 -1 -3.258e+04 1.858e+02 1.568e+02
|        ( QUESTION19 1 -1.189e+04 1.412e+02 5.865e+01
|            ( - -8.032e+03 1 0)
|            ( - -3.717e+03 4 0 QUESTION0_2_R 1 1.195e+02 1.900e+01))
|        ( QUESTION6 -1 -2.051e+04 1.450e+02 9.815e+01
|            ( - -2.688e+02 1 0)
|            ( WDBNDRY_B 0 -2.009e+04 1.368e+02 9.615e+01
|                ( QUESTION0_0_R 1 -1.920e+04 1.354e+02 9.215e+01
|                    ( - -1.813e+04 11 0 QUESTION17 -1 1.287e+02 8.715e+01)
|                    ( QUESTION2 -1 -9.323e+02 1.393e+02 5.000e+00
|                        ( - -4.960e+02 1 0)
|                        ( - -2.970e+02 1 0)))
|                ( - -7.602e+02 1 0)))))
s>    ( QUESTION13 -1 -3.298e+04 2.041e+02 1.588e+02
s>        ( - -1.908e+02 1 0)
s>        ( QUESTION19 -1 -3.258e+04 1.858e+02 1.568e+02
s>            ( QUESTION19 1 -1.189e+04 1.412e+02 5.865e+01
s>                ( - -8.032e+03 1 0)
s>                ( - -3.717e+03 4 0 QUESTION0_2_R 1 1.195e+02 1.900e+01))
s>            ( QUESTION6 -1 -2.051e+04 1.450e+02 9.815e+01
s>                ( - -2.688e+02 1 0)
s>                ( WDBNDRY_B 0 -2.009e+04 1.368e+02 9.615e+01
s>                    ( QUESTION0_0_R 1 -1.920e+04 1.354e+02 9.215e+01
s>                        ( - -1.813e+04 11 0 QUESTION17 -1 1.287e+02 8.715e+01)
s>                        ( QUESTION2 -1 -9.323e+02 1.393e+02 5.000e+00
s>                            ( - -4.960e+02 1 0)
s>                            ( - -2.970e+02 1 0)))
s>                    ( - -7.602e+02 1 0)))))INFO: dtree.c(1315): Comp split 27
INFO: dtree.c(1439): stop. leaf nodes are specific
INFO: dtree.c(1478): Final simple tree
|( QUESTION0 -1 -1.509e+05 1.289e+02 7.176e+02
|    ( WDBNDRY_B 0 -1.484e+05 1.094e+02 7.056e+02
|        ( - -1.473e+05 30 0)
|        ( - -9.854e+02 3 0))
|    ( - -2.403e+03 2 0))
s>    ( QUESTION0 -1 -1.509e+05 1.289e+02 7.176e+02
s>        ( WDBNDRY_B 0 -1.484e+05 1.094e+02 7.056e+02
s>            ( - -1.473e+05 30 0)
s>            ( - -9.854e+02 3 0))
s>        ( - -2.403e+03 2 0))INFO: dtree.c(1439): stop. leaf nodes are specific
INFO: dtree.c(1478): Final simple tree
|( QUESTION0_0_R 1 -1.510e+05 1.378e+02 7.216e+02
|    ( WDBNDRY_B 0 -1.476e+05 1.350e+02 7.056e+02
|        ( - -7.329e+04 20 0)
|        ( - -7.421e+04 16 0))
|    ( QUESTION0_9_R 1 -3.180e+03 1.303e+02 1.600e+01
|        ( QUESTION0 -1 -2.370e+03 1.263e+02 1.200e+01
|            ( - -2.714e+02 1 0)
|            ( - -1.972e+03 2 0))
|        ( - -6.806e+02 1 0)))
s>    ( QUESTION0_0_R 1 -1.510e+05 1.378e+02 7.216e+02
s>        ( WDBNDRY_B 0 -1.476e+05 1.350e+02 7.056e+02
s>            ( - -7.329e+04 20 0)
s>            ( - -7.421e+04 16 0))
s>        ( QUESTION0_9_R 1 -3.180e+03 1.303e+02 1.600e+01
s>            ( QUESTION0 -1 -2.370e+03 1.263e+02 1.200e+01
s>                ( - -2.714e+02 1 0)
s>                ( - -1.972e+03 2 0))
s>            ( - -6.806e+02 1 0)))INFO: dtree.c(1315): Comp split 28
INFO: dtree.c(1439): stop. leaf nodes are specific
INFO: dtree.c(1478): Final simple tree
|( QUESTION12 -1 -8.657e+03 1.581e+02 4.226e+01
|    ( - -5.098e+02 1 0)
|    ( QUESTION2 -1 -7.989e+03 1.264e+02 3.926e+01
|        ( - -1.350e+03 2 0)
|        ( QUESTION0 -1 -6.513e+03 1.215e+02 3.226e+01
|            ( - -5.087e+03 5 0)
|            ( - -1.304e+03 1 0))))
s>    ( QUESTION12 -1 -8.657e+03 1.581e+02 4.226e+01
s>        ( - -5.098e+02 1 0)
s>        ( QUESTION2 -1 -7.989e+03 1.264e+02 3.926e+01
s>            ( - -1.350e+03 2 0)
s>            ( QUESTION0 -1 -6.513e+03 1.215e+02 3.226e+01
s>                ( - -5.087e+03 5 0)
s>                ( - -1.304e+03 1 0))))INFO: dtree.c(1478): Final simple tree
|( SILENCE -1 -1.627e+04 2.020e+02 7.605e+01
|    ( - -4.100e+03 1 0)
|    ( QUESTION0_16_R 1 -1.197e+04 1.750e+02 5.611e+01
|        ( - -7.401e+02 1 0)
|        ( WDBNDRY_I 0 -1.105e+04 1.674e+02 5.211e+01
|            ( - -1.562e+03 1 0)
|            ( QUESTION3 -1 -9.323e+03 1.644e+02 4.410e+01
|                ( - -2.500e+02 1 0)
|                ( QUESTION2 -1 -8.909e+03 1.081e+02 4.210e+01
|                    ( - -3.196e+02 2 0)
|                    ( QUESTION16 -1 -8.481e+03 1.072e+02 4.010e+01
|                        ( - -3.129e+02 2 0)
|                        ( QUESTION13 -1 -8.061e+03 1.031e+02 3.810e+01
|                            ( - -1.359e+03 1 0)
|                            ( - -6.599e+03 8 0 WDBNDRY_B 0 1.017e+02 3.110e+01))))))))
s>    ( SILENCE -1 -1.627e+04 2.020e+02 7.605e+01
s>        ( - -4.100e+03 1 0)
s>        ( QUESTION0_16_R 1 -1.197e+04 1.750e+02 5.611e+01
s>            ( - -7.401e+02 1 0)
s>            ( WDBNDRY_I 0 -1.105e+04 1.674e+02 5.211e+01
s>                ( - -1.562e+03 1 0)
s>                ( QUESTION3 -1 -9.323e+03 1.644e+02 4.410e+01
s>                    ( - -2.500e+02 1 0)
s>                    ( QUESTION2 -1 -8.909e+03 1.081e+02 4.210e+01
s>                        ( - -3.196e+02 2 0)
s>                        ( QUESTION16 -1 -8.481e+03 1.072e+02 4.010e+01
s>                            ( - -3.129e+02 2 0)
s>                            ( QUESTION13 -1 -8.061e+03 1.031e+02 3.810e+01
s>                                ( - -1.359e+03 1 0)
s>                                ( - -6.599e+03 8 0 WDBNDRY_B 0 1.017e+02 3.110e+01))))))))INFO: dtree.c(1315): Comp split 29
INFO: dtree.c(1439): stop. leaf nodes are specific
INFO: dtree.c(1478): Final simple tree
|( QUESTION0_3_R 1 -8.238e+03 1.568e+02 4.071e+01
|    ( - -8.395e+02 1 0)
|    ( QUESTION0_2_R 1 -7.242e+03 1.104e+02 3.571e+01
|        ( WDBNDRY_E 0 -1.299e+03 1.954e+02 7.000e+00
|            ( - -9.115e+02 2 0)
|            ( - -1.925e+02 1 0))
|        ( - -5.832e+03 2 0)))
s>    ( QUESTION0_3_R 1 -8.238e+03 1.568e+02 4.071e+01
s>        ( - -8.395e+02 1 0)
s>        ( QUESTION0_2_R 1 -7.242e+03 1.104e+02 3.571e+01
s>            ( WDBNDRY_E 0 -1.299e+03 1.954e+02 7.000e+00
s>                ( - -9.115e+02 2 0)
s>                ( - -1.925e+02 1 0))
s>            ( - -5.832e+03 2 0)))INFO: dtree.c(1439): stop. leaf nodes are specific
INFO: dtree.c(1478): Final simple tree
|( QUESTION0_2_R 1 -1.655e+04 1.568e+02 7.888e+01
|    ( - -5.311e+02 1 0)
|    ( WDBNDRY_E 0 -1.587e+04 1.081e+02 7.588e+01
|        ( - -3.074e+03 2 0)
|        ( QUESTION11 -1 -1.268e+04 1.071e+02 6.025e+01
|            ( - -9.151e+02 1 0)
|            ( QUESTION0 -1 -1.166e+04 8.519e+01 5.525e+01
|                ( - -9.025e+03 8 0)
|                ( - -2.552e+03 4 0)))))
s>    ( QUESTION0_2_R 1 -1.655e+04 1.568e+02 7.888e+01
s>        ( - -5.311e+02 1 0)
s>        ( WDBNDRY_E 0 -1.587e+04 1.081e+02 7.588e+01
s>            ( - -3.074e+03 2 0)
s>            ( QUESTION11 -1 -1.268e+04 1.071e+02 6.025e+01
s>                ( - -9.151e+02 1 0)
s>                ( QUESTION0 -1 -1.166e+04 8.519e+01 5.525e+01
s>                    ( - -9.025e+03 8 0)
s>                    ( - -2.552e+03 4 0)))))INFO: dtree.c(1315): Comp split 30
INFO: dtree.c(1439): stop. leaf nodes are specific
INFO: dtree.c(1478): Final simple tree
|( QUESTION13 -1 -3.183e+04 1.008e+02 1.527e+02
|    ( - -3.021e+04 9 0)
|    ( - -1.522e+03 3 0))
s>    ( QUESTION13 -1 -3.183e+04 1.008e+02 1.527e+02
s>        ( - -3.021e+04 9 0)
s>        ( - -1.522e+03 3 0))INFO: dtree.c(1439): stop. leaf nodes are specific
INFO: dtree.c(1478): Final simple tree
|( QUESTION13 -1 -1.291e+04 1.346e+02 6.295e+01
|    ( WDBNDRY_B 0 -4.152e+03 9.002e+01 2.095e+01
|        ( - -2.386e+03 5 0)
|        ( - -1.676e+03 1 0))
|    ( QUESTION0_0_R 1 -8.626e+03 1.617e+02 4.200e+01
|        ( SILENCE -1 -8.219e+03 1.102e+02 4.000e+01
|            ( - -6.293e+03 3 0)
|            ( - -1.816e+03 5 0))
|        ( - -2.452e+02 1 0)))
s>    ( QUESTION13 -1 -1.291e+04 1.346e+02 6.295e+01
s>        ( WDBNDRY_B 0 -4.152e+03 9.002e+01 2.095e+01
s>            ( - -2.386e+03 5 0)
s>            ( - -1.676e+03 1 0))
s>        ( QUESTION0_0_R 1 -8.626e+03 1.617e+02 4.200e+01
s>            ( SILENCE -1 -8.219e+03 1.102e+02 4.000e+01
s>                ( - -6.293e+03 3 0)
s>                ( - -1.816e+03 5 0))
s>            ( - -2.452e+02 1 0)))INFO: dtree.c(1315): Comp split 31
INFO: dtree.c(1478): Final simple tree
|( QUESTION19 -1 -3.258e+04 1.858e+02 1.568e+02
|    ( QUESTION19 1 -1.189e+04 1.412e+02 5.865e+01
|        ( - -8.032e+03 1 0)
|        ( - -3.717e+03 4 0 QUESTION0_2_R 1 1.195e+02 1.900e+01))
|    ( QUESTION6 -1 -2.051e+04 1.450e+02 9.815e+01
|        ( - -2.688e+02 1 0)
|        ( WDBNDRY_B 0 -2.009e+04 1.368e+02 9.615e+01
|            ( QUESTION0_0_R 1 -1.920e+04 1.354e+02 9.215e+01
|                ( QUESTION17 -1 -1.813e+04 1.287e+02 8.715e+01
|                    ( - -1.068e+04 4 0)
|                    ( - -7.322e+03 7 0 QUESTION2 -1 1.234e+02 3.616e+01))
|                ( QUESTION2 -1 -9.323e+02 1.393e+02 5.000e+00
|                    ( - -4.960e+02 1 0)
|                    ( - -2.970e+02 1 0)))
|            ( - -7.602e+02 1 0))))
s>    ( QUESTION19 -1 -3.258e+04 1.858e+02 1.568e+02
s>        ( QUESTION19 1 -1.189e+04 1.412e+02 5.865e+01
s>            ( - -8.032e+03 1 0)
s>            ( - -3.717e+03 4 0 QUESTION0_2_R 1 1.195e+02 1.900e+01))
s>        ( QUESTION6 -1 -2.051e+04 1.450e+02 9.815e+01
s>            ( - -2.688e+02 1 0)
s>            ( WDBNDRY_B 0 -2.009e+04 1.368e+02 9.615e+01
s>                ( QUESTION0_0_R 1 -1.920e+04 1.354e+02 9.215e+01
s>                    ( QUESTION17 -1 -1.813e+04 1.287e+02 8.715e+01
s>                        ( - -1.068e+04 4 0)
s>                        ( - -7.322e+03 7 0 QUESTION2 -1 1.234e+02 3.616e+01))
s>                    ( QUESTION2 -1 -9.323e+02 1.393e+02 5.000e+00
s>                        ( - -4.960e+02 1 0)
s>                        ( - -2.970e+02 1 0)))
s>                ( - -7.602e+02 1 0))))INFO: dtree.c(1315): Comp split 32
INFO: dtree.c(1478): Final simple tree
|( QUESTION0_16_R 1 -1.197e+04 1.750e+02 5.611e+01
|    ( - -7.401e+02 1 0)
|    ( WDBNDRY_I 0 -1.105e+04 1.674e+02 5.211e+01
|        ( - -1.562e+03 1 0)
|        ( QUESTION3 -1 -9.323e+03 1.644e+02 4.410e+01
|            ( - -2.500e+02 1 0)
|            ( QUESTION2 -1 -8.909e+03 1.081e+02 4.210e+01
|                ( - -3.196e+02 2 0)
|                ( QUESTION16 -1 -8.481e+03 1.072e+02 4.010e+01
|                    ( - -3.129e+02 2 0)
|                    ( QUESTION13 -1 -8.061e+03 1.031e+02 3.810e+01
|                        ( - -1.359e+03 1 0)
|                        ( WDBNDRY_B 0 -6.599e+03 1.017e+02 3.110e+01
|                            ( - -5.476e+02 2 0)
|                            ( - -5.950e+03 6 0))))))))
s>    ( QUESTION0_16_R 1 -1.197e+04 1.750e+02 5.611e+01
s>        ( - -7.401e+02 1 0)
s>        ( WDBNDRY_I 0 -1.105e+04 1.674e+02 5.211e+01
s>            ( - -1.562e+03 1 0)
s>            ( QUESTION3 -1 -9.323e+03 1.644e+02 4.410e+01
s>                ( - -2.500e+02 1 0)
s>                ( QUESTION2 -1 -8.909e+03 1.081e+02 4.210e+01
s>                    ( - -3.196e+02 2 0)
s>                    ( QUESTION16 -1 -8.481e+03 1.072e+02 4.010e+01
s>                        ( - -3.129e+02 2 0)
s>                        ( QUESTION13 -1 -8.061e+03 1.031e+02 3.810e+01
s>                            ( - -1.359e+03 1 0)
s>                            ( WDBNDRY_B 0 -6.599e+03 1.017e+02 3.110e+01
s>                                ( - -5.476e+02 2 0)
s>                                ( - -5.950e+03 6 0))))))))INFO: dtree.c(1315): Comp split 33
INFO: dtree.c(1439): stop. leaf nodes are specific
INFO: dtree.c(1478): Final simple tree
|( QUESTION0_3_R 1 -7.848e+03 1.553e+02 3.871e+01
|    ( - -8.395e+02 1 0)
|    ( WDBNDRY_E 0 -6.853e+03 1.092e+02 3.371e+01
|        ( - -9.115e+02 2 0)
|        ( - -5.832e+03 2 0)))
s>    ( QUESTION0_3_R 1 -7.848e+03 1.553e+02 3.871e+01
s>        ( - -8.395e+02 1 0)
s>        ( WDBNDRY_E 0 -6.853e+03 1.092e+02 3.371e+01
s>            ( - -9.115e+02 2 0)
s>            ( - -5.832e+03 2 0)))INFO: dtree.c(1315): Comp split 34
INFO: dtree.c(1439): stop. leaf nodes are specific
INFO: dtree.c(1478): Final simple tree
|( QUESTION0_2_R 1 -3.717e+03 1.195e+02 1.900e+01
|    ( WDBNDRY_E 0 -4.775e+02 5.065e+02 3.000e+00
|        ( - -2.127e+02 1 0)
|        ( - 2.417e+02 1 0))
|    ( WDBNDRY_E 0 -3.120e+03 1.599e+02 1.600e+01
|        ( - -2.836e+02 1 0)
|        ( - -2.677e+03 1 0)))
s>    ( QUESTION0_2_R 1 -3.717e+03 1.195e+02 1.900e+01
s>        ( WDBNDRY_E 0 -4.775e+02 5.065e+02 3.000e+00
s>            ( - -2.127e+02 1 0)
s>            ( - 2.417e+02 1 0))
s>        ( WDBNDRY_E 0 -3.120e+03 1.599e+02 1.600e+01
s>            ( - -2.836e+02 1 0)
s>            ( - -2.677e+03 1 0)))INFO: dtree.c(1478): Final simple tree
|( QUESTION6 -1 -2.867e+04 1.442e+02 1.378e+02
|    ( - -2.688e+02 1 0)
|    ( QUESTION12 -1 -2.826e+04 1.429e+02 1.358e+02
|        ( QUESTION0_0_R 1 -1.242e+04 1.576e+02 5.899e+01
|            ( WDBNDRY_B 0 -1.197e+04 1.254e+02 5.699e+01
|                ( QUESTION17 -1 -1.108e+04 1.304e+02 5.299e+01
|                    ( - -1.068e+04 4 0)
|                    ( - -2.754e+02 1 0))
|                ( - -7.602e+02 1 0))
|            ( - -2.970e+02 1 0))
|        ( QUESTION8 -1 -1.569e+04 1.242e+02 7.681e+01
|            ( - -4.651e+03 2 0)
|            ( WDBNDRY_B 0 -1.092e+04 1.052e+02 5.365e+01
|                ( - -2.778e+03 5 0 QUESTION0_0_R 1 1.205e+02 1.400e+01)
|                ( - -8.032e+03 1 0)))))
s>    ( QUESTION6 -1 -2.867e+04 1.442e+02 1.378e+02
s>        ( - -2.688e+02 1 0)
s>        ( QUESTION12 -1 -2.826e+04 1.429e+02 1.358e+02
s>            ( QUESTION0_0_R 1 -1.242e+04 1.576e+02 5.899e+01
s>                ( WDBNDRY_B 0 -1.197e+04 1.254e+02 5.699e+01
s>                    ( QUESTION17 -1 -1.108e+04 1.304e+02 5.299e+01
s>                        ( - -1.068e+04 4 0)
s>                        ( - -2.754e+02 1 0))
s>                    ( - -7.602e+02 1 0))
s>                ( - -2.970e+02 1 0))
s>            ( QUESTION8 -1 -1.569e+04 1.242e+02 7.681e+01
s>                ( - -4.651e+03 2 0)
s>                ( WDBNDRY_B 0 -1.092e+04 1.052e+02 5.365e+01
s>                    ( - -2.778e+03 5 0 QUESTION0_0_R 1 1.205e+02 1.400e+01)
s>                    ( - -8.032e+03 1 0)))))INFO: dtree.c(1315): Comp split 35
INFO: dtree.c(1439): stop. leaf nodes are specific
INFO: dtree.c(1478): Final simple tree
|( QUESTION0_2_R 1 -3.513e+03 1.798e+02 1.800e+01
|    ( - -2.127e+02 1 0)
|    ( WDBNDRY_E 0 -3.120e+03 1.599e+02 1.600e+01
|        ( - -2.836e+02 1 0)
|        ( - -2.677e+03 1 0)))
s>    ( QUESTION0_2_R 1 -3.513e+03 1.798e+02 1.800e+01
s>        ( - -2.127e+02 1 0)
s>        ( WDBNDRY_E 0 -3.120e+03 1.599e+02 1.600e+01
s>            ( - -2.836e+02 1 0)
s>            ( - -2.677e+03 1 0)))INFO: dtree.c(1315): Comp split 36
INFO: dtree.c(1478): Final simple tree
|( SILENCE 1 -1.456e+04 1.734e+02 7.085e+01
|    ( - -2.519e+02 1 0)
|    ( QUESTION0_13_R 1 -1.413e+04 1.605e+02 6.885e+01
|        ( QUESTION13 1 -4.623e+03 1.420e+02 2.327e+01
|            ( - -1.309e+03 3 0 WDBNDRY_E 0 9.617e+01 7.000e+00)
|            ( - -3.172e+03 2 0))
|        ( QUESTION11 -1 -9.348e+03 1.291e+02 4.557e+01
|            ( - -3.369e+03 1 0)
|            ( QUESTION0 -1 -5.850e+03 1.047e+02 2.800e+01
|                ( QUESTION0_8_R 1 -4.149e+03 1.486e+02 2.000e+01
|                    ( - -3.728e+03 6 0 WDBNDRY_E 0 9.540e+01 1.800e+01)
|                    ( - -2.722e+02 2 0))
|                ( WDBNDRY_E 0 -1.596e+03 1.218e+02 8.000e+00
|                    ( - -7.296e+02 2 0)
|                    ( - -7.450e+02 1 0))))))
s>    ( SILENCE 1 -1.456e+04 1.734e+02 7.085e+01
s>        ( - -2.519e+02 1 0)
s>        ( QUESTION0_13_R 1 -1.413e+04 1.605e+02 6.885e+01
s>            ( QUESTION13 1 -4.623e+03 1.420e+02 2.327e+01
s>                ( - -1.309e+03 3 0 WDBNDRY_E 0 9.617e+01 7.000e+00)
s>                ( - -3.172e+03 2 0))
s>            ( QUESTION11 -1 -9.348e+03 1.291e+02 4.557e+01
s>                ( - -3.369e+03 1 0)
s>                ( QUESTION0 -1 -5.850e+03 1.047e+02 2.800e+01
s>                    ( QUESTION0_8_R 1 -4.149e+03 1.486e+02 2.000e+01
s>                        ( - -3.728e+03 6 0 WDBNDRY_E 0 9.540e+01 1.800e+01)
s>                        ( - -2.722e+02 2 0))
s>                    ( WDBNDRY_E 0 -1.596e+03 1.218e+02 8.000e+00
s>                        ( - -7.296e+02 2 0)
s>                        ( - -7.450e+02 1 0))))))INFO: dtree.c(1439): stop. leaf nodes are specific
INFO: dtree.c(1478): Final simple tree
|( QUESTION0 -1 -1.403e+04 1.448e+02 6.923e+01
|    ( - -1.322e+04 4 0)
|    ( - -6.706e+02 1 0))
s>    ( QUESTION0 -1 -1.403e+04 1.448e+02 6.923e+01
s>        ( - -1.322e+04 4 0)
s>        ( - -6.706e+02 1 0))INFO: dtree.c(1315): Comp split 37
INFO: dtree.c(1439): stop. leaf nodes are specific
INFO: dtree.c(1478): Final simple tree
|( WDBNDRY_E 0 -3.120e+03 1.599e+02 1.600e+01
|    ( - -2.836e+02 1 0)
|    ( - -2.677e+03 1 0))
s>    ( WDBNDRY_E 0 -3.120e+03 1.599e+02 1.600e+01
s>        ( - -2.836e+02 1 0)
s>        ( - -2.677e+03 1 0))INFO: dtree.c(1315): Comp split 38
INFO: dtree.c(1439): stop. leaf nodes are specific
INFO: dtree.c(1478): Final simple tree
|( QUESTION0 -1 -4.948e+03 1.431e+02 2.394e+01
|    ( - -1.751e+03 1 0)
|    ( - -3.054e+03 2 0))
s>    ( QUESTION0 -1 -4.948e+03 1.431e+02 2.394e+01
s>        ( - -1.751e+03 1 0)
s>        ( - -3.054e+03 2 0))INFO: dtree.c(1315): Comp split 39
INFO: dtree.c(1439): stop. leaf nodes are specific
INFO: dtree.c(1478): Final simple tree
|( WDBNDRY_I 0 -1.105e+04 1.674e+02 5.211e+01
|    ( - -1.562e+03 1 0)
|    ( QUESTION3 -1 -9.323e+03 1.644e+02 4.410e+01
|        ( - -2.500e+02 1 0)
|        ( QUESTION2 -1 -8.909e+03 1.081e+02 4.210e+01
|            ( - -3.196e+02 2 0)
|            ( QUESTION16 -1 -8.481e+03 1.072e+02 4.010e+01
|                ( - -3.129e+02 2 0)
|                ( QUESTION13 -1 -8.061e+03 1.031e+02 3.810e+01
|                    ( - -1.359e+03 1 0)
|                    ( WDBNDRY_B 0 -6.599e+03 1.017e+02 3.110e+01
|                        ( - -5.476e+02 2 0)
|                        ( - -5.950e+03 6 0)))))))
s>    ( WDBNDRY_I 0 -1.105e+04 1.674e+02 5.211e+01
s>        ( - -1.562e+03 1 0)
s>        ( QUESTION3 -1 -9.323e+03 1.644e+02 4.410e+01
s>            ( - -2.500e+02 1 0)
s>            ( QUESTION2 -1 -8.909e+03 1.081e+02 4.210e+01
s>                ( - -3.196e+02 2 0)
s>                ( QUESTION16 -1 -8.481e+03 1.072e+02 4.010e+01
s>                    ( - -3.129e+02 2 0)
s>                    ( QUESTION13 -1 -8.061e+03 1.031e+02 3.810e+01
s>                        ( - -1.359e+03 1 0)
s>                        ( WDBNDRY_B 0 -6.599e+03 1.017e+02 3.110e+01
s>                            ( - -5.476e+02 2 0)
s>                            ( - -5.950e+03 6 0)))))))INFO: dtree.c(1315): Comp split 40
INFO: dtree.c(1478): Final simple tree
|( QUESTION0_13_R 1 -1.413e+04 1.605e+02 6.885e+01
|    ( QUESTION13 1 -4.623e+03 1.420e+02 2.327e+01
|        ( WDBNDRY_E 0 -1.309e+03 9.617e+01 7.000e+00
|            ( - -7.204e+02 2 0)
|            ( - -4.928e+02 1 0))
|        ( - -3.172e+03 2 0))
|    ( QUESTION11 -1 -9.348e+03 1.291e+02 4.557e+01
|        ( - -3.369e+03 1 0)
|        ( QUESTION0 -1 -5.850e+03 1.047e+02 2.800e+01
|            ( QUESTION0_8_R 1 -4.149e+03 1.486e+02 2.000e+01
|                ( - -3.728e+03 6 0 WDBNDRY_E 0 9.540e+01 1.800e+01)
|                ( - -2.722e+02 2 0))
|            ( WDBNDRY_E 0 -1.596e+03 1.218e+02 8.000e+00
|                ( - -7.296e+02 2 0)
|                ( - -7.450e+02 1 0)))))
s>    ( QUESTION0_13_R 1 -1.413e+04 1.605e+02 6.885e+01
s>        ( QUESTION13 1 -4.623e+03 1.420e+02 2.327e+01
s>            ( WDBNDRY_E 0 -1.309e+03 9.617e+01 7.000e+00
s>                ( - -7.204e+02 2 0)
s>                ( - -4.928e+02 1 0))
s>            ( - -3.172e+03 2 0))
s>        ( QUESTION11 -1 -9.348e+03 1.291e+02 4.557e+01
s>            ( - -3.369e+03 1 0)
s>            ( QUESTION0 -1 -5.850e+03 1.047e+02 2.800e+01
s>                ( QUESTION0_8_R 1 -4.149e+03 1.486e+02 2.000e+01
s>                    ( - -3.728e+03 6 0 WDBNDRY_E 0 9.540e+01 1.800e+01)
s>                    ( - -2.722e+02 2 0))
s>                ( WDBNDRY_E 0 -1.596e+03 1.218e+02 8.000e+00
s>                    ( - -7.296e+02 2 0)
s>                    ( - -7.450e+02 1 0)))))INFO: dtree.c(1315): Comp split 41
INFO: dtree.c(1439): stop. leaf nodes are specific
INFO: dtree.c(1478): Final simple tree
|( WDBNDRY_B 0 -1.252e+05 1.230e+02 6.060e+02
|    ( QUESTION2 -1 -5.613e+03 9.043e+01 2.786e+01
|        ( - -7.350e+02 2 0)
|        ( - -4.788e+03 3 0))
|    ( - -1.195e+05 8 0))
s>    ( WDBNDRY_B 0 -1.252e+05 1.230e+02 6.060e+02
s>        ( QUESTION2 -1 -5.613e+03 9.043e+01 2.786e+01
s>            ( - -7.350e+02 2 0)
s>            ( - -4.788e+03 3 0))
s>        ( - -1.195e+05 8 0))INFO: dtree.c(1439): stop. leaf nodes are specific
INFO: dtree.c(1478): Final simple tree
|( QUESTION2 -1 -2.610e+04 1.476e+02 1.271e+02
|    ( - -1.156e+04 3 0)
|    ( WDBNDRY_I 0 -1.439e+04 1.099e+02 7.013e+01
|        ( - -1.764e+03 3 0)
|        ( WDBNDRY_B 0 -1.251e+04 6.570e+01 6.113e+01
|            ( - -1.190e+04 7 0)
|            ( - -5.527e+02 1 0))))
s>    ( QUESTION2 -1 -2.610e+04 1.476e+02 1.271e+02
s>        ( - -1.156e+04 3 0)
s>        ( WDBNDRY_I 0 -1.439e+04 1.099e+02 7.013e+01
s>            ( - -1.764e+03 3 0)
s>            ( WDBNDRY_B 0 -1.251e+04 6.570e+01 6.113e+01
s>                ( - -1.190e+04 7 0)
s>                ( - -5.527e+02 1 0))))INFO: dtree.c(1315): Comp split 42
INFO: dtree.c(1439): stop. leaf nodes are specific
INFO: dtree.c(1478): Final simple tree
|( QUESTION3 -1 -9.323e+03 1.644e+02 4.410e+01
|    ( - -2.500e+02 1 0)
|    ( QUESTION2 -1 -8.909e+03 1.081e+02 4.210e+01
|        ( - -3.196e+02 2 0)
|        ( QUESTION16 -1 -8.481e+03 1.072e+02 4.010e+01
|            ( - -3.129e+02 2 0)
|            ( QUESTION13 -1 -8.061e+03 1.031e+02 3.810e+01
|                ( - -1.359e+03 1 0)
|                ( WDBNDRY_B 0 -6.599e+03 1.017e+02 3.110e+01
|                    ( - -5.476e+02 2 0)
|                    ( - -5.950e+03 6 0))))))
s>    ( QUESTION3 -1 -9.323e+03 1.644e+02 4.410e+01
s>        ( - -2.500e+02 1 0)
s>        ( QUESTION2 -1 -8.909e+03 1.081e+02 4.210e+01
s>            ( - -3.196e+02 2 0)
s>            ( QUESTION16 -1 -8.481e+03 1.072e+02 4.010e+01
s>                ( - -3.129e+02 2 0)
s>                ( QUESTION13 -1 -8.061e+03 1.031e+02 3.810e+01
s>                    ( - -1.359e+03 1 0)
s>                    ( WDBNDRY_B 0 -6.599e+03 1.017e+02 3.110e+01
s>                        ( - -5.476e+02 2 0)
s>                        ( - -5.950e+03 6 0))))))INFO: dtree.c(1315): Comp split 43
INFO: dtree.c(1439): stop. leaf nodes are specific
INFO: dtree.c(1478): Final simple tree
|( QUESTION2 -1 -8.909e+03 1.081e+02 4.210e+01
|    ( - -3.196e+02 2 0)
|    ( QUESTION16 -1 -8.481e+03 1.072e+02 4.010e+01
|        ( - -3.129e+02 2 0)
|        ( QUESTION13 -1 -8.061e+03 1.031e+02 3.810e+01
|            ( - -1.359e+03 1 0)
|            ( WDBNDRY_B 0 -6.599e+03 1.017e+02 3.110e+01
|                ( - -5.476e+02 2 0)
|                ( - -5.950e+03 6 0)))))
s>    ( QUESTION2 -1 -8.909e+03 1.081e+02 4.210e+01
s>        ( - -3.196e+02 2 0)
s>        ( QUESTION16 -1 -8.481e+03 1.072e+02 4.010e+01
s>            ( - -3.129e+02 2 0)
s>            ( QUESTION13 -1 -8.061e+03 1.031e+02 3.810e+01
s>                ( - -1.359e+03 1 0)
s>                ( WDBNDRY_B 0 -6.599e+03 1.017e+02 3.110e+01
s>                    ( - -5.476e+02 2 0)
s>                    ( - -5.950e+03 6 0)))))INFO: dtree.c(1315): Comp split 44
INFO: dtree.c(1315): Comp split 45
INFO: dtree.c(1439): stop. leaf nodes are specific
INFO: dtree.c(1478): Final simple tree
|( QUESTION11 -1 -9.348e+03 1.291e+02 4.557e+01
|    ( - -3.369e+03 1 0)
|    ( QUESTION0 -1 -5.850e+03 1.047e+02 2.800e+01
|        ( QUESTION0_8_R 1 -4.149e+03 1.486e+02 2.000e+01
|            ( WDBNDRY_E 0 -3.728e+03 9.540e+01 1.800e+01
|                ( - -2.903e+03 4 0)
|                ( - -7.292e+02 2 0))
|            ( - -2.722e+02 2 0))
|        ( WDBNDRY_E 0 -1.596e+03 1.218e+02 8.000e+00
|            ( - -7.296e+02 2 0)
|            ( - -7.450e+02 1 0))))
s>    ( QUESTION11 -1 -9.348e+03 1.291e+02 4.557e+01
s>        ( - -3.369e+03 1 0)
s>        ( QUESTION0 -1 -5.850e+03 1.047e+02 2.800e+01
s>            ( QUESTION0_8_R 1 -4.149e+03 1.486e+02 2.000e+01
s>                ( WDBNDRY_E 0 -3.728e+03 9.540e+01 1.800e+01
s>                    ( - -2.903e+03 4 0)
s>                    ( - -7.292e+02 2 0))
s>                ( - -2.722e+02 2 0))
s>            ( WDBNDRY_E 0 -1.596e+03 1.218e+02 8.000e+00
s>                ( - -7.296e+02 2 0)
s>                ( - -7.450e+02 1 0))))INFO: dtree.c(1439): stop. leaf nodes are specific
INFO: dtree.c(1478): Final simple tree
|( QUESTION13 1 -4.623e+03 1.420e+02 2.327e+01
|    ( WDBNDRY_E 0 -1.309e+03 9.617e+01 7.000e+00
|        ( - -7.204e+02 2 0)
|        ( - -4.928e+02 1 0))
|    ( - -3.172e+03 2 0))
s>    ( QUESTION13 1 -4.623e+03 1.420e+02 2.327e+01
s>        ( WDBNDRY_E 0 -1.309e+03 9.617e+01 7.000e+00
s>            ( - -7.204e+02 2 0)
s>            ( - -4.928e+02 1 0))
s>        ( - -3.172e+03 2 0))INFO: dtree.c(1315): Comp split 46
INFO: dtree.c(1315): Comp split 47
INFO: dtree.c(1439): stop. leaf nodes are specific
INFO: dtree.c(1478): Final simple tree
|( QUESTION2 -1 -7.989e+03 1.264e+02 3.926e+01
|    ( - -1.350e+03 2 0)
|    ( QUESTION0 -1 -6.513e+03 1.215e+02 3.226e+01
|        ( - -5.087e+03 5 0)
|        ( - -1.304e+03 1 0)))
s>    ( QUESTION2 -1 -7.989e+03 1.264e+02 3.926e+01
s>        ( - -1.350e+03 2 0)
s>        ( QUESTION0 -1 -6.513e+03 1.215e+02 3.226e+01
s>            ( - -5.087e+03 5 0)
s>            ( - -1.304e+03 1 0)))INFO: dtree.c(1315): Comp split 48
INFO: dtree.c(1439): stop. leaf nodes are specific
INFO: dtree.c(1478): Final simple tree
|( QUESTION0 -1 -1.826e+04 1.114e+02 8.712e+01
|    ( - -1.764e+04 6 0)
|    ( - -5.009e+02 1 0))
s>    ( QUESTION0 -1 -1.826e+04 1.114e+02 8.712e+01
s>        ( - -1.764e+04 6 0)
s>        ( - -5.009e+02 1 0))INFO: dtree.c(1439): stop. leaf nodes are specific
INFO: dtree.c(1478): Final simple tree
|( WDBNDRY_B 0 -1.120e+04 7.552e+01 5.498e+01
|    ( - -4.590e+03 4 0)
|    ( - -6.537e+03 3 0))
s>    ( WDBNDRY_B 0 -1.120e+04 7.552e+01 5.498e+01
s>        ( - -4.590e+03 4 0)
s>        ( - -6.537e+03 3 0))INFO: dtree.c(1315): Comp split 49
INFO: dtree.c(1439): stop. leaf nodes are specific
INFO: dtree.c(1478): Final simple tree
|( WDBNDRY_E 0 -1.587e+04 1.081e+02 7.588e+01
|    ( - -3.074e+03 2 0)
|    ( QUESTION11 -1 -1.268e+04 1.071e+02 6.025e+01
|        ( - -9.151e+02 1 0)
|        ( QUESTION0 -1 -1.166e+04 8.519e+01 5.525e+01
|            ( - -9.025e+03 8 0)
|            ( - -2.552e+03 4 0))))
s>    ( WDBNDRY_E 0 -1.587e+04 1.081e+02 7.588e+01
s>        ( - -3.074e+03 2 0)
s>        ( QUESTION11 -1 -1.268e+04 1.071e+02 6.025e+01
s>            ( - -9.151e+02 1 0)
s>            ( QUESTION0 -1 -1.166e+04 8.519e+01 5.525e+01
s>                ( - -9.025e+03 8 0)
s>                ( - -2.552e+03 4 0))))INFO: dtree.c(1315): Comp split 50
INFO: dtree.c(1478): Final simple tree
|( QUESTION6 -1 -2.822e+04 1.446e+02 1.358e+02
|    ( - -2.688e+02 1 0)
|    ( QUESTION12 -1 -2.780e+04 1.438e+02 1.338e+02
|        ( WDBNDRY_B 0 -1.197e+04 1.254e+02 5.699e+01
|            ( QUESTION17 -1 -1.108e+04 1.304e+02 5.299e+01
|                ( - -1.068e+04 4 0)
|                ( - -2.754e+02 1 0))
|            ( - -7.602e+02 1 0))
|        ( QUESTION8 -1 -1.569e+04 1.242e+02 7.681e+01
|            ( - -4.651e+03 2 0)
|            ( WDBNDRY_B 0 -1.092e+04 1.052e+02 5.365e+01
|                ( QUESTION0_0_R 1 -2.778e+03 1.205e+02 1.400e+01
|                    ( - -2.162e+03 4 0)
|                    ( - -4.960e+02 1 0))
|                ( - -8.032e+03 1 0)))))
s>    ( QUESTION6 -1 -2.822e+04 1.446e+02 1.358e+02
s>        ( - -2.688e+02 1 0)
s>        ( QUESTION12 -1 -2.780e+04 1.438e+02 1.338e+02
s>            ( WDBNDRY_B 0 -1.197e+04 1.254e+02 5.699e+01
s>                ( QUESTION17 -1 -1.108e+04 1.304e+02 5.299e+01
s>                    ( - -1.068e+04 4 0)
s>                    ( - -2.754e+02 1 0))
s>                ( - -7.602e+02 1 0))
s>            ( QUESTION8 -1 -1.569e+04 1.242e+02 7.681e+01
s>                ( - -4.651e+03 2 0)
s>                ( WDBNDRY_B 0 -1.092e+04 1.052e+02 5.365e+01
s>                    ( QUESTION0_0_R 1 -2.778e+03 1.205e+02 1.400e+01
s>                        ( - -2.162e+03 4 0)
s>                        ( - -4.960e+02 1 0))
s>                    ( - -8.032e+03 1 0)))))INFO: dtree.c(1315): Comp split 51
INFO: dtree.c(1439): stop. leaf nodes are specific
INFO: dtree.c(1478): Final simple tree
|( WDBNDRY_B 0 -1.736e+04 1.355e+02 8.315e+01
|    ( QUESTION18 -1 -1.646e+04 1.267e+02 7.915e+01
|        ( - -2.754e+02 1 0)
|        ( QUESTION0_0_R 1 -1.606e+04 1.216e+02 7.715e+01
|            ( QUESTION2 -1 -1.544e+04 1.145e+02 7.415e+01
|                ( - -4.651e+03 2 0)
|                ( - -1.068e+04 4 0))
|            ( - -4.960e+02 1 0)))
|    ( - -7.602e+02 1 0))
s>    ( WDBNDRY_B 0 -1.736e+04 1.355e+02 8.315e+01
s>        ( QUESTION18 -1 -1.646e+04 1.267e+02 7.915e+01
s>            ( - -2.754e+02 1 0)
s>            ( QUESTION0_0_R 1 -1.606e+04 1.216e+02 7.715e+01
s>                ( QUESTION2 -1 -1.544e+04 1.145e+02 7.415e+01
s>                    ( - -4.651e+03 2 0)
s>                    ( - -1.068e+04 4 0))
s>                ( - -4.960e+02 1 0)))
s>        ( - -7.602e+02 1 0))INFO: dtree.c(1439): stop. leaf nodes are specific
INFO: dtree.c(1478): Final simple tree
|( QUESTION6 -1 -1.070e+04 1.431e+02 5.265e+01
|    ( - -2.688e+02 1 0)
|    ( WDBNDRY_B 0 -1.029e+04 9.228e+01 5.065e+01
|        ( - -2.162e+03 4 0)
|        ( - -8.032e+03 1 0)))
s>    ( QUESTION6 -1 -1.070e+04 1.431e+02 5.265e+01
s>        ( - -2.688e+02 1 0)
s>        ( WDBNDRY_B 0 -1.029e+04 9.228e+01 5.065e+01
s>            ( - -2.162e+03 4 0)
s>            ( - -8.032e+03 1 0)))INFO: dtree.c(1315): Comp split 52
INFO: dtree.c(1439): stop. leaf nodes are specific
INFO: dtree.c(1478): Final simple tree
|( WDBNDRY_E 0 -6.853e+03 1.092e+02 3.371e+01
|    ( - -9.115e+02 2 0)
|    ( - -5.832e+03 2 0))
s>    ( WDBNDRY_E 0 -6.853e+03 1.092e+02 3.371e+01
s>        ( - -9.115e+02 2 0)
s>        ( - -5.832e+03 2 0))INFO: dtree.c(1315): Comp split 53
INFO: dtree.c(1439): stop. leaf nodes are specific
INFO: dtree.c(1478): Final simple tree
|( QUESTION13 -1 -1.251e+04 1.428e+02 6.095e+01
|    ( WDBNDRY_B 0 -4.152e+03 9.002e+01 2.095e+01
|        ( - -2.386e+03 5 0)
|        ( - -1.676e+03 1 0))
|    ( SILENCE -1 -8.219e+03 1.102e+02 4.000e+01
|        ( - -6.293e+03 3 0)
|        ( - -1.816e+03 5 0)))
s>    ( QUESTION13 -1 -1.251e+04 1.428e+02 6.095e+01
s>        ( WDBNDRY_B 0 -4.152e+03 9.002e+01 2.095e+01
s>            ( - -2.386e+03 5 0)
s>            ( - -1.676e+03 1 0))
s>        ( SILENCE -1 -8.219e+03 1.102e+02 4.000e+01
s>            ( - -6.293e+03 3 0)
s>            ( - -1.816e+03 5 0)))INFO: dtree.c(1315): Comp split 54
INFO: dtree.c(1439): stop. leaf nodes are specific
INFO: dtree.c(1478): Final simple tree
|( QUESTION11 -1 -8.925e+03 1.261e+02 4.357e+01
|    ( - -3.369e+03 1 0)
|    ( QUESTION0 -1 -5.430e+03 1.053e+02 2.600e+01
|        ( WDBNDRY_E 0 -3.728e+03 9.540e+01 1.800e+01
|            ( - -2.903e+03 4 0)
|            ( - -7.292e+02 2 0))
|        ( WDBNDRY_E 0 -1.596e+03 1.218e+02 8.000e+00
|            ( - -7.296e+02 2 0)
|            ( - -7.450e+02 1 0))))
s>    ( QUESTION11 -1 -8.925e+03 1.261e+02 4.357e+01
s>        ( - -3.369e+03 1 0)
s>        ( QUESTION0 -1 -5.430e+03 1.053e+02 2.600e+01
s>            ( WDBNDRY_E 0 -3.728e+03 9.540e+01 1.800e+01
s>                ( - -2.903e+03 4 0)
s>                ( - -7.292e+02 2 0))
s>            ( WDBNDRY_E 0 -1.596e+03 1.218e+02 8.000e+00
s>                ( - -7.296e+02 2 0)
s>                ( - -7.450e+02 1 0))))INFO: dtree.c(1315): Comp split 55
INFO: dtree.c(1315): Comp split 56
INFO: dtree.c(1439): stop. leaf nodes are specific
INFO: dtree.c(1478): Final simple tree
|( WDBNDRY_I 0 -1.439e+04 1.099e+02 7.013e+01
|    ( - -1.764e+03 3 0)
|    ( WDBNDRY_B 0 -1.251e+04 6.570e+01 6.113e+01
|        ( - -1.190e+04 7 0)
|        ( - -5.527e+02 1 0)))
s>    ( WDBNDRY_I 0 -1.439e+04 1.099e+02 7.013e+01
s>        ( - -1.764e+03 3 0)
s>        ( WDBNDRY_B 0 -1.251e+04 6.570e+01 6.113e+01
s>            ( - -1.190e+04 7 0)
s>            ( - -5.527e+02 1 0)))INFO: dtree.c(1315): Comp split 57
INFO: dtree.c(1315): Comp split 58
INFO: dtree.c(1315): Comp split 59
INFO: dtree.c(1439): stop. leaf nodes are specific
INFO: dtree.c(1478): Final simple tree
|( WDBNDRY_B 0 -1.029e+04 9.228e+01 5.065e+01
|    ( - -2.162e+03 4 0)
|    ( - -8.032e+03 1 0))
s>    ( WDBNDRY_B 0 -1.029e+04 9.228e+01 5.065e+01
s>        ( - -2.162e+03 4 0)
s>        ( - -8.032e+03 1 0))INFO: dtree.c(1315): Comp split 60
INFO: dtree.c(1439): stop. leaf nodes are specific
INFO: dtree.c(1478): Final simple tree
|( SILENCE -1 -8.219e+03 1.102e+02 4.000e+01
|    ( - -6.293e+03 3 0)
|    ( - -1.816e+03 5 0))
s>    ( SILENCE -1 -8.219e+03 1.102e+02 4.000e+01
s>        ( - -6.293e+03 3 0)
s>        ( - -1.816e+03 5 0))INFO: dtree.c(1439): stop. leaf nodes are specific
INFO: dtree.c(1478): Final simple tree
|( WDBNDRY_B 0 -4.152e+03 9.002e+01 2.095e+01
|    ( - -2.386e+03 5 0)
|    ( - -1.676e+03 1 0))
s>    ( WDBNDRY_B 0 -4.152e+03 9.002e+01 2.095e+01
s>        ( - -2.386e+03 5 0)
s>        ( - -1.676e+03 1 0))INFO: dtree.c(1315): Comp split 61
INFO: dtree.c(1439): stop. leaf nodes are specific
INFO: dtree.c(1478): Final simple tree
|( WDBNDRY_E 0 -1.309e+03 9.617e+01 7.000e+00
|    ( - -7.204e+02 2 0)
|    ( - -4.928e+02 1 0))
s>    ( WDBNDRY_E 0 -1.309e+03 9.617e+01 7.000e+00
s>        ( - -7.204e+02 2 0)
s>        ( - -4.928e+02 1 0))INFO: dtree.c(1315): Comp split 62
INFO: dtree.c(1439): stop. leaf nodes are specific
INFO: dtree.c(1478): Final simple tree
|( QUESTION0_10_R 1 -7.752e+04 1.340e+02 3.728e+02
|    ( - -6.806e+02 1 0)
|    ( QUESTION0 -1 -7.671e+04 1.287e+02 3.688e+02
|        ( - -2.714e+02 1 0)
|        ( WDBNDRY_B 0 -7.631e+04 1.248e+02 3.668e+02
|            ( - -1.972e+03 2 0)
|            ( - -7.421e+04 16 0))))
s>    ( QUESTION0_10_R 1 -7.752e+04 1.340e+02 3.728e+02
s>        ( - -6.806e+02 1 0)
s>        ( QUESTION0 -1 -7.671e+04 1.287e+02 3.688e+02
s>            ( - -2.714e+02 1 0)
s>            ( WDBNDRY_B 0 -7.631e+04 1.248e+02 3.668e+02
s>                ( - -1.972e+03 2 0)
s>                ( - -7.421e+04 16 0))))INFO: dtree.c(1315): Comp split 63
INFO: dtree.c(1439): stop. leaf nodes are specific
INFO: dtree.c(1478): Final simple tree
|( QUESTION0 -1 -8.041e+03 1.186e+02 3.957e+01
|    ( WDBNDRY_E 0 -3.728e+03 9.540e+01 1.800e+01
|        ( - -2.903e+03 4 0)
|        ( - -7.292e+02 2 0))
|    ( WDBNDRY_E 0 -4.195e+03 9.561e+01 2.157e+01
|        ( - -7.296e+02 2 0)
|        ( - -3.369e+03 1 0)))
s>    ( QUESTION0 -1 -8.041e+03 1.186e+02 3.957e+01
s>        ( WDBNDRY_E 0 -3.728e+03 9.540e+01 1.800e+01
s>            ( - -2.903e+03 4 0)
s>            ( - -7.292e+02 2 0))
s>        ( WDBNDRY_E 0 -4.195e+03 9.561e+01 2.157e+01
s>            ( - -7.296e+02 2 0)
s>            ( - -3.369e+03 1 0)))INFO: dtree.c(1315): Comp split 64
INFO: dtree.c(1439): stop. leaf nodes are specific
INFO: dtree.c(1478): Final simple tree
|( QUESTION18 -1 -1.646e+04 1.267e+02 7.915e+01
|    ( - -2.754e+02 1 0)
|    ( QUESTION0_0_R 1 -1.606e+04 1.216e+02 7.715e+01
|        ( QUESTION2 -1 -1.544e+04 1.145e+02 7.415e+01
|            ( - -4.651e+03 2 0)
|            ( - -1.068e+04 4 0))
|        ( - -4.960e+02 1 0)))
s>    ( QUESTION18 -1 -1.646e+04 1.267e+02 7.915e+01
s>        ( - -2.754e+02 1 0)
s>        ( QUESTION0_0_R 1 -1.606e+04 1.216e+02 7.715e+01
s>            ( QUESTION2 -1 -1.544e+04 1.145e+02 7.415e+01
s>                ( - -4.651e+03 2 0)
s>                ( - -1.068e+04 4 0))
s>            ( - -4.960e+02 1 0)))INFO: dtree.c(1315): Comp split 65
INFO: dtree.c(1439): stop. leaf nodes are specific
INFO: dtree.c(1478): Final simple tree
|( QUESTION0 -1 -7.671e+04 1.287e+02 3.688e+02
|    ( - -2.714e+02 1 0)
|    ( WDBNDRY_B 0 -7.631e+04 1.248e+02 3.668e+02
|        ( - -1.972e+03 2 0)
|        ( - -7.421e+04 16 0)))
s>    ( QUESTION0 -1 -7.671e+04 1.287e+02 3.688e+02
s>        ( - -2.714e+02 1 0)
s>        ( WDBNDRY_B 0 -7.631e+04 1.248e+02 3.668e+02
s>            ( - -1.972e+03 2 0)
s>            ( - -7.421e+04 16 0)))INFO: dtree.c(1315): Comp split 66
INFO: dtree.c(1439): stop. leaf nodes are specific
INFO: dtree.c(1478): Final simple tree
|( WDBNDRY_B 0 -1.484e+05 1.094e+02 7.056e+02
|    ( - -1.473e+05 30 0)
|    ( - -9.854e+02 3 0))
s>    ( WDBNDRY_B 0 -1.484e+05 1.094e+02 7.056e+02
s>        ( - -1.473e+05 30 0)
s>        ( - -9.854e+02 3 0))INFO: dtree.c(1315): Comp split 67
INFO: dtree.c(1439): stop. leaf nodes are specific
INFO: dtree.c(1478): Final simple tree
|( WDBNDRY_B 0 -7.631e+04 1.248e+02 3.668e+02
|    ( - -1.972e+03 2 0)
|    ( - -7.421e+04 16 0))
s>    ( WDBNDRY_B 0 -7.631e+04 1.248e+02 3.668e+02
s>        ( - -1.972e+03 2 0)
s>        ( - -7.421e+04 16 0))INFO: dtree.c(1315): Comp split 68
INFO: dtree.c(1439): stop. leaf nodes are specific
INFO: dtree.c(1478): Final simple tree
|( QUESTION0_0_R 1 -1.606e+04 1.216e+02 7.715e+01
|    ( QUESTION2 -1 -1.544e+04 1.145e+02 7.415e+01
|        ( - -4.651e+03 2 0)
|        ( - -1.068e+04 4 0))
|    ( - -4.960e+02 1 0))
s>    ( QUESTION0_0_R 1 -1.606e+04 1.216e+02 7.715e+01
s>        ( QUESTION2 -1 -1.544e+04 1.145e+02 7.415e+01
s>            ( - -4.651e+03 2 0)
s>            ( - -1.068e+04 4 0))
s>        ( - -4.960e+02 1 0))INFO: dtree.c(1315): Comp split 69
INFO: dtree.c(1439): stop. leaf nodes are specific
INFO: dtree.c(1478): Final simple tree
|( QUESTION0 -1 -6.513e+03 1.215e+02 3.226e+01
|    ( - -5.087e+03 5 0)
|    ( - -1.304e+03 1 0))
s>    ( QUESTION0 -1 -6.513e+03 1.215e+02 3.226e+01
s>        ( - -5.087e+03 5 0)
s>        ( - -1.304e+03 1 0))INFO: dtree.c(1315): Comp split 70
INFO: dtree.c(1315): Comp split 71
INFO: dtree.c(1439): stop. leaf nodes are specific
INFO: dtree.c(1478): Final simple tree
|( QUESTION2 -1 -5.613e+03 9.043e+01 2.786e+01
|    ( - -7.350e+02 2 0)
|    ( - -4.788e+03 3 0))
s>    ( QUESTION2 -1 -5.613e+03 9.043e+01 2.786e+01
s>        ( - -7.350e+02 2 0)
s>        ( - -4.788e+03 3 0))INFO: dtree.c(1315): Comp split 72
INFO: dtree.c(1439): stop. leaf nodes are specific
INFO: dtree.c(1478): Final simple tree
|( QUESTION2 -1 -1.544e+04 1.145e+02 7.415e+01
|    ( - -4.651e+03 2 0)
|    ( - -1.068e+04 4 0))
s>    ( QUESTION2 -1 -1.544e+04 1.145e+02 7.415e+01
s>        ( - -4.651e+03 2 0)
s>        ( - -1.068e+04 4 0))INFO: dtree.c(1315): Comp split 73
INFO: dtree.c(1315): Comp split 74
INFO: dtree.c(1439): stop. leaf nodes are specific
INFO: dtree.c(1478): Final simple tree
|( QUESTION0 -1 -1.166e+04 8.519e+01 5.525e+01
|    ( - -9.025e+03 8 0)
|    ( - -2.552e+03 4 0))
s>    ( QUESTION0 -1 -1.166e+04 8.519e+01 5.525e+01
s>        ( - -9.025e+03 8 0)
s>        ( - -2.552e+03 4 0))INFO: dtree.c(1439): stop. leaf nodes are specific
INFO: dtree.c(1478): Final simple tree
|( WDBNDRY_E 0 -4.085e+03 9.507e+01 2.063e+01
|    ( - -3.074e+03 2 0)
|    ( - -9.151e+02 1 0))
s>    ( WDBNDRY_E 0 -4.085e+03 9.507e+01 2.063e+01
s>        ( - -3.074e+03 2 0)
s>        ( - -9.151e+02 1 0))INFO: dtree.c(1315): Comp split 75
INFO: dtree.c(1439): stop. leaf nodes are specific
INFO: dtree.c(1478): Final simple tree
|( WDBNDRY_E 0 -4.195e+03 9.561e+01 2.157e+01
|    ( - -7.296e+02 2 0)
|    ( - -3.369e+03 1 0))
s>    ( WDBNDRY_E 0 -4.195e+03 9.561e+01 2.157e+01
s>        ( - -7.296e+02 2 0)
s>        ( - -3.369e+03 1 0))INFO: dtree.c(1439): stop. leaf nodes are specific
INFO: dtree.c(1478): Final simple tree
|( WDBNDRY_E 0 -3.728e+03 9.540e+01 1.800e+01
|    ( - -2.903e+03 4 0)
|    ( - -7.292e+02 2 0))
s>    ( WDBNDRY_E 0 -3.728e+03 9.540e+01 1.800e+01
s>        ( - -2.903e+03 4 0)
s>        ( - -7.292e+02 2 0))INFO: dtree.c(1315): Comp split 76
INFO: dtree.c(1315): Comp split 77
INFO: dtree.c(1315): Comp split 78
INFO: dtree.c(1315): Comp split 79
INFO: dtree.c(1439): stop. leaf nodes are specific
INFO: dtree.c(1478): Final simple tree
|( WDBNDRY_B 0 -1.251e+04 6.570e+01 6.113e+01
|    ( - -1.190e+04 7 0)
|    ( - -5.527e+02 1 0))
s>    ( WDBNDRY_B 0 -1.251e+04 6.570e+01 6.113e+01
s>        ( - -1.190e+04 7 0)
s>        ( - -5.527e+02 1 0))INFO: dtree.c(1315): Comp split 80
INFO: dtree.c(1315): Comp split 81
INFO: dtree.c(1315): Comp split 82
INFO: dtree.c(1439): stop. leaf nodes are specific
INFO: dtree.c(1478): Final simple tree
|( QUESTION16 -1 -8.481e+03 1.072e+02 4.010e+01
|    ( - -3.129e+02 2 0)
|    ( QUESTION13 -1 -8.061e+03 1.031e+02 3.810e+01
|        ( - -1.359e+03 1 0)
|        ( WDBNDRY_B 0 -6.599e+03 1.017e+02 3.110e+01
|            ( - -5.476e+02 2 0)
|            ( - -5.950e+03 6 0))))
s>    ( QUESTION16 -1 -8.481e+03 1.072e+02 4.010e+01
s>        ( - -3.129e+02 2 0)
s>        ( QUESTION13 -1 -8.061e+03 1.031e+02 3.810e+01
s>            ( - -1.359e+03 1 0)
s>            ( WDBNDRY_B 0 -6.599e+03 1.017e+02 3.110e+01
s>                ( - -5.476e+02 2 0)
s>                ( - -5.950e+03 6 0))))INFO: dtree.c(1315): Comp split 83
INFO: dtree.c(1439): stop. leaf nodes are specific
INFO: dtree.c(1478): Final simple tree
|( QUESTION13 -1 -8.061e+03 1.031e+02 3.810e+01
|    ( - -1.359e+03 1 0)
|    ( WDBNDRY_B 0 -6.599e+03 1.017e+02 3.110e+01
|        ( - -5.476e+02 2 0)
|        ( - -5.950e+03 6 0)))
s>    ( QUESTION13 -1 -8.061e+03 1.031e+02 3.810e+01
s>        ( - -1.359e+03 1 0)
s>        ( WDBNDRY_B 0 -6.599e+03 1.017e+02 3.110e+01
s>            ( - -5.476e+02 2 0)
s>            ( - -5.950e+03 6 0)))INFO: dtree.c(1315): Comp split 84
INFO: dtree.c(1439): stop. leaf nodes are specific
INFO: dtree.c(1478): Final simple tree
|( WDBNDRY_B 0 -6.599e+03 1.017e+02 3.110e+01
|    ( - -5.476e+02 2 0)
|    ( - -5.950e+03 6 0))
s>    ( WDBNDRY_B 0 -6.599e+03 1.017e+02 3.110e+01
s>        ( - -5.476e+02 2 0)
s>        ( - -5.950e+03 6 0))INFO: dtree.c(1315): Comp split 85
INFO: dtree.c(1315): Comp split 86
INFO: dtree.c(1315): Comp split 87
INFO: dtree.c(1315): Comp split 88
INFO: dtree.c(1315): Comp split 89
INFO: dtree.c(1315): Comp split 90
INFO: dtree.c(1315): Comp split 91
INFO: dtree.c(1315): Comp split 92
INFO: dtree.c(1315): Comp split 93
INFO: dtree.c(1315): Comp split 94
INFO: dtree.c(1315): Comp split 95
INFO: dtree.c(1315): Comp split 96
INFO: dtree.c(1315): Comp split 97
INFO: dtree.c(1318): stop. leaf nodes are specific
!!!!!!!!Allocated 66 lines
Fri Apr  8 00:57:01 2016
