Current configuration:
[NAME]		[DEFLT]	[VALUE]
-allphones	no	no
-cntthresh	0.00001	1.000000e-05
-csplitmax	100	2000
-csplitmin	1	1
-csplitthr	8e-4	0.000000e+00
-example	no	no
-fullvar	no	no
-help		no	no
-meanfn			
-mixwfn			/home/yaroslav/model/model_parameters/ua.cd_semi_untied/mixture_weights
-moddeffn		/home/yaroslav/model/model_architecture/ua.untied.mdef
-mwfloor	1e-4	1.000000e-08
-phone			Z
-psetfn			/home/yaroslav/model/model_architecture/ua.tree_questions
-ssplitmax	5	7
-ssplitmin	1	1
-ssplitthr	8e-4	0.000000e+00
-state			2
-stwt			1.0,0.05,0.0,
-treefn			/home/yaroslav/model/trees/ua.unpruned/Z-2.dtree
-ts2cbfn	.semi.	.semi.
-varfloor	0.00001	1.000000e-05
-varfn			

INFO: main.c(223): Reading: /home/yaroslav/model/model_architecture/ua.untied.mdef
INFO: model_def_io.c(573): Model definition info:
INFO: model_def_io.c(574): 7543 total models defined (49 base, 7494 tri)
INFO: model_def_io.c(575): 30172 total states
INFO: model_def_io.c(576): 22629 total tied states
INFO: model_def_io.c(577): 147 total tied CI states
INFO: model_def_io.c(578): 49 total tied transition matrices
INFO: model_def_io.c(579): 4 max state/model
INFO: model_def_io.c(580): 4 min state/model
INFO: main.c(242): Building trees for [Z A A b] through [Z YI ZH s]
INFO: main.c(269): Covering states |[21495 22307]| == 813
INFO: main.c(275): Reading: /home/yaroslav/model/model_parameters/ua.cd_semi_untied/mixture_weights
INFO: s3mixw_io.c(173): Read /home/yaroslav/model/model_parameters/ua.cd_semi_untied/mixture_weights [813x4x256 array]
INFO: main.c(311): 254 of 271 models have observation count greater than 0.000010
INFO: main.c(95): nrm stwt: 0.000 0.048 0.952 
INFO: main.c(411): 254-class entropy: 1.173150e+04
INFO: main.c(549): Reading: /home/yaroslav/model/model_architecture/ua.tree_questions
INFO: main.c(588): 176 total simple questions (168 phone; 8 word bndry)
INFO: main.c(590): 42 Left Only questions, and 42 Right Only questions
INFO: dtree.c(1478): Final simple tree
|( QUESTION0_0_R 1 3.296e+04 2.198e+03 1.365e+03
|    ( QUESTION0_3_R 1 2.015e+04 1.353e+03 9.190e+02
|        ( - 8.729e+03 45 0 WDBNDRY_B 0 3.747e+02 4.817e+02)
|        ( QUESTION0_1_R 1 1.007e+04 6.755e+02 4.373e+02
|            ( QUESTION8 1 8.253e+03 5.325e+02 3.752e+02
|                ( - 1.544e+03 15 0 WDBNDRY_B 0 1.666e+02 8.447e+01)
|                ( WDBNDRY_I 0 6.176e+03 4.232e+02 2.908e+02
|                    ( - 1.894e+03 14 0 QUESTION6 1 2.127e+02 1.072e+02)
|                    ( - 3.859e+03 43 0 QUESTION7 1 3.116e+02 1.835e+02)))
|            ( - 1.139e+03 25 0 QUESTION0 -1 1.494e+02 6.206e+01)))
|    ( QUESTION4 1 1.061e+04 9.750e+02 4.459e+02
|        ( - 4.673e+03 40 0 WDBNDRY_B 0 3.373e+02 2.211e+02)
|        ( QUESTION0_14_R 1 4.963e+03 4.795e+02 2.247e+02
|            ( - 1.897e+03 27 0 WDBNDRY_B 0 2.075e+02 9.404e+01)
|            ( - 2.586e+03 45 0 QUESTION0_17_R 1 3.143e+02 1.307e+02))))
s>    ( QUESTION0_0_R 1 3.296e+04 2.198e+03 1.365e+03
s>        ( QUESTION0_3_R 1 2.015e+04 1.353e+03 9.190e+02
s>            ( - 8.729e+03 45 0 WDBNDRY_B 0 3.747e+02 4.817e+02)
s>            ( QUESTION0_1_R 1 1.007e+04 6.755e+02 4.373e+02
s>                ( QUESTION8 1 8.253e+03 5.325e+02 3.752e+02
s>                    ( - 1.544e+03 15 0 WDBNDRY_B 0 1.666e+02 8.447e+01)
s>                    ( WDBNDRY_I 0 6.176e+03 4.232e+02 2.908e+02
s>                        ( - 1.894e+03 14 0 QUESTION6 1 2.127e+02 1.072e+02)
s>                        ( - 3.859e+03 43 0 QUESTION7 1 3.116e+02 1.835e+02)))
s>                ( - 1.139e+03 25 0 QUESTION0 -1 1.494e+02 6.206e+01)))
s>        ( QUESTION4 1 1.061e+04 9.750e+02 4.459e+02
s>            ( - 4.673e+03 40 0 WDBNDRY_B 0 3.373e+02 2.211e+02)
s>            ( QUESTION0_14_R 1 4.963e+03 4.795e+02 2.247e+02
s>                ( - 1.897e+03 27 0 WDBNDRY_B 0 2.075e+02 9.404e+01)
s>                ( - 2.586e+03 45 0 QUESTION0_17_R 1 3.143e+02 1.307e+02))))INFO: dtree.c(1315): Comp split 0
INFO: dtree.c(1478): Final simple tree
|( QUESTION2 1 1.241e+04 1.073e+03 5.079e+02
|    ( QUESTION0_14_R 1 4.811e+03 4.809e+02 2.187e+02
|        ( WDBNDRY_B 0 1.897e+03 2.075e+02 9.404e+01
|            ( - 1.102e+03 16 0 QUESTION0 -1 1.438e+02 6.002e+01)
|            ( - 5.873e+02 11 0 WDBNDRY_E 0 1.053e+02 3.402e+01))
|        ( QUESTION0_17_R 1 2.434e+03 2.995e+02 1.247e+02
|            ( - 1.082e+03 19 0 WDBNDRY_S 0 1.330e+02 6.600e+01)
|            ( - 1.052e+03 23 0 WDBNDRY_S 0 1.296e+02 5.870e+01)))
|    ( QUESTION4 1 6.525e+03 5.604e+02 2.892e+02
|        ( WDBNDRY_B 0 4.673e+03 3.373e+02 2.211e+02
|            ( - 2.091e+03 15 0 QUESTION0 -1 1.758e+02 1.132e+02)
|            ( WDBNDRY_I 0 2.245e+03 2.279e+02 1.079e+02
|                ( - 1.031e+03 9 0)
|                ( - 9.865e+02 16 0 WDBNDRY_E 0 1.509e+02 5.098e+01)))
|        ( - 1.291e+03 28 0 QUESTION0 -1 1.612e+02 6.806e+01)))
s>    ( QUESTION2 1 1.241e+04 1.073e+03 5.079e+02
s>        ( QUESTION0_14_R 1 4.811e+03 4.809e+02 2.187e+02
s>            ( WDBNDRY_B 0 1.897e+03 2.075e+02 9.404e+01
s>                ( - 1.102e+03 16 0 QUESTION0 -1 1.438e+02 6.002e+01)
s>                ( - 5.873e+02 11 0 WDBNDRY_E 0 1.053e+02 3.402e+01))
s>            ( QUESTION0_17_R 1 2.434e+03 2.995e+02 1.247e+02
s>                ( - 1.082e+03 19 0 WDBNDRY_S 0 1.330e+02 6.600e+01)
s>                ( - 1.052e+03 23 0 WDBNDRY_S 0 1.296e+02 5.870e+01)))
s>        ( QUESTION4 1 6.525e+03 5.604e+02 2.892e+02
s>            ( WDBNDRY_B 0 4.673e+03 3.373e+02 2.211e+02
s>                ( - 2.091e+03 15 0 QUESTION0 -1 1.758e+02 1.132e+02)
s>                ( WDBNDRY_I 0 2.245e+03 2.279e+02 1.079e+02
s>                    ( - 1.031e+03 9 0)
s>                    ( - 9.865e+02 16 0 WDBNDRY_E 0 1.509e+02 5.098e+01)))
s>            ( - 1.291e+03 28 0 QUESTION0 -1 1.612e+02 6.806e+01)))INFO: dtree.c(1478): Final simple tree
|( QUESTION0_1_R 1 1.822e+04 1.242e+03 8.569e+02
|    ( QUESTION8 1 8.253e+03 5.325e+02 3.752e+02
|        ( - 1.544e+03 15 0 WDBNDRY_B 0 1.666e+02 8.447e+01)
|        ( WDBNDRY_I 0 6.176e+03 4.232e+02 2.908e+02
|            ( - 1.894e+03 14 0 QUESTION6 1 2.127e+02 1.072e+02)
|            ( QUESTION7 1 3.859e+03 3.116e+02 1.835e+02
|                ( - 1.602e+03 24 0 WDBNDRY_B 0 1.982e+02 8.171e+01)
|                ( - 1.945e+03 19 0 QUESTION0 1 2.053e+02 1.018e+02))))
|    ( WDBNDRY_B 0 8.729e+03 3.747e+02 4.817e+02
|        ( QUESTION0 -1 5.032e+03 2.968e+02 2.910e+02
|            ( - 2.351e+03 6 0)
|            ( - 2.384e+03 21 0 QUESTION2 -1 1.993e+02 1.373e+02))
|        ( QUESTION0 -1 3.322e+03 2.406e+02 1.907e+02
|            ( - 1.946e+03 13 0 WDBNDRY_I 0 5.628e+01 1.120e+02)
|            ( - 1.136e+03 5 0 QUESTION7 -1 1.313e+02 7.872e+01))))
s>    ( QUESTION0_1_R 1 1.822e+04 1.242e+03 8.569e+02
s>        ( QUESTION8 1 8.253e+03 5.325e+02 3.752e+02
s>            ( - 1.544e+03 15 0 WDBNDRY_B 0 1.666e+02 8.447e+01)
s>            ( WDBNDRY_I 0 6.176e+03 4.232e+02 2.908e+02
s>                ( - 1.894e+03 14 0 QUESTION6 1 2.127e+02 1.072e+02)
s>                ( QUESTION7 1 3.859e+03 3.116e+02 1.835e+02
s>                    ( - 1.602e+03 24 0 WDBNDRY_B 0 1.982e+02 8.171e+01)
s>                    ( - 1.945e+03 19 0 QUESTION0 1 2.053e+02 1.018e+02))))
s>        ( WDBNDRY_B 0 8.729e+03 3.747e+02 4.817e+02
s>            ( QUESTION0 -1 5.032e+03 2.968e+02 2.910e+02
s>                ( - 2.351e+03 6 0)
s>                ( - 2.384e+03 21 0 QUESTION2 -1 1.993e+02 1.373e+02))
s>            ( QUESTION0 -1 3.322e+03 2.406e+02 1.907e+02
s>                ( - 1.946e+03 13 0 WDBNDRY_I 0 5.628e+01 1.120e+02)
s>                ( - 1.136e+03 5 0 QUESTION7 -1 1.313e+02 7.872e+01))))INFO: dtree.c(1315): Comp split 1
INFO: dtree.c(1478): Final simple tree
|( WDBNDRY_I 0 6.176e+03 4.232e+02 2.908e+02
|    ( QUESTION6 1 1.894e+03 2.127e+02 1.072e+02
|        ( - 1.021e+03 7 0)
|        ( - 6.601e+02 7 0 QUESTION0 1 1.073e+02 4.036e+01))
|    ( QUESTION7 1 3.859e+03 3.116e+02 1.835e+02
|        ( WDBNDRY_B 0 1.602e+03 1.982e+02 8.171e+01
|            ( QUESTION16 1 8.270e+02 1.200e+02 4.753e+01
|                ( - 2.332e+02 5 0 QUESTION0 -1 5.348e+01 1.703e+01)
|                ( - 4.739e+02 8 0 QUESTION0 -1 8.141e+01 3.050e+01))
|            ( - 5.769e+02 11 0 QUESTION0 -1 9.663e+01 3.417e+01))
|        ( QUESTION0 1 1.945e+03 2.053e+02 1.018e+02
|            ( QUESTION0 -1 1.062e+03 1.443e+02 6.290e+01
|                ( - 5.786e+02 5 0)
|                ( - 3.388e+02 5 0 QUESTION6 -1 6.476e+01 2.598e+01))
|            ( - 6.779e+02 9 0 WDBNDRY_B 0 1.066e+02 3.892e+01))))
s>    ( WDBNDRY_I 0 6.176e+03 4.232e+02 2.908e+02
s>        ( QUESTION6 1 1.894e+03 2.127e+02 1.072e+02
s>            ( - 1.021e+03 7 0)
s>            ( - 6.601e+02 7 0 QUESTION0 1 1.073e+02 4.036e+01))
s>        ( QUESTION7 1 3.859e+03 3.116e+02 1.835e+02
s>            ( WDBNDRY_B 0 1.602e+03 1.982e+02 8.171e+01
s>                ( QUESTION16 1 8.270e+02 1.200e+02 4.753e+01
s>                    ( - 2.332e+02 5 0 QUESTION0 -1 5.348e+01 1.703e+01)
s>                    ( - 4.739e+02 8 0 QUESTION0 -1 8.141e+01 3.050e+01))
s>                ( - 5.769e+02 11 0 QUESTION0 -1 9.663e+01 3.417e+01))
s>            ( QUESTION0 1 1.945e+03 2.053e+02 1.018e+02
s>                ( QUESTION0 -1 1.062e+03 1.443e+02 6.290e+01
s>                    ( - 5.786e+02 5 0)
s>                    ( - 3.388e+02 5 0 QUESTION6 -1 6.476e+01 2.598e+01))
s>                ( - 6.779e+02 9 0 WDBNDRY_B 0 1.066e+02 3.892e+01))))INFO: dtree.c(1478): Final simple tree
|( QUESTION0 1 1.080e+04 5.295e+02 5.662e+02
|    ( WDBNDRY_B 0 8.667e+03 3.690e+02 4.797e+02
|        ( QUESTION0 -1 5.032e+03 2.968e+02 2.910e+02
|            ( - 2.351e+03 6 0)
|            ( QUESTION2 -1 2.384e+03 1.993e+02 1.373e+02
|                ( - 9.220e+02 10 0 QUESTION2_6_L -1 1.229e+02 6.069e+01)
|                ( - 1.263e+03 11 0 QUESTION6 -1 1.243e+02 7.659e+01)))
|        ( QUESTION0 -1 3.266e+03 2.348e+02 1.887e+02
|            ( - 1.895e+03 12 0 WDBNDRY_I 0 5.700e+01 1.100e+02)
|            ( QUESTION7 -1 1.136e+03 1.313e+02 7.872e+01
|                ( - 4.662e+02 2 0)
|                ( - 5.383e+02 3 0 QUESTION2_13_L -1 1.083e+02 4.118e+01))))
|    ( WDBNDRY_B 0 1.601e+03 1.739e+02 8.647e+01
|        ( - 8.200e+02 8 0 QUESTION0 -1 7.835e+01 4.648e+01)
|        ( - 6.072e+02 8 0 WDBNDRY_I 0 1.048e+02 3.999e+01)))
s>    ( QUESTION0 1 1.080e+04 5.295e+02 5.662e+02
s>        ( WDBNDRY_B 0 8.667e+03 3.690e+02 4.797e+02
s>            ( QUESTION0 -1 5.032e+03 2.968e+02 2.910e+02
s>                ( - 2.351e+03 6 0)
s>                ( QUESTION2 -1 2.384e+03 1.993e+02 1.373e+02
s>                    ( - 9.220e+02 10 0 QUESTION2_6_L -1 1.229e+02 6.069e+01)
s>                    ( - 1.263e+03 11 0 QUESTION6 -1 1.243e+02 7.659e+01)))
s>            ( QUESTION0 -1 3.266e+03 2.348e+02 1.887e+02
s>                ( - 1.895e+03 12 0 WDBNDRY_I 0 5.700e+01 1.100e+02)
s>                ( QUESTION7 -1 1.136e+03 1.313e+02 7.872e+01
s>                    ( - 4.662e+02 2 0)
s>                    ( - 5.383e+02 3 0 QUESTION2_13_L -1 1.083e+02 4.118e+01))))
s>        ( WDBNDRY_B 0 1.601e+03 1.739e+02 8.647e+01
s>            ( - 8.200e+02 8 0 QUESTION0 -1 7.835e+01 4.648e+01)
s>            ( - 6.072e+02 8 0 WDBNDRY_I 0 1.048e+02 3.999e+01)))INFO: dtree.c(1315): Comp split 2
INFO: dtree.c(1478): Final simple tree
|( QUESTION4 1 6.525e+03 5.604e+02 2.892e+02
|    ( WDBNDRY_B 0 4.673e+03 3.373e+02 2.211e+02
|        ( QUESTION0 -1 2.091e+03 1.758e+02 1.132e+02
|            ( - 1.564e+03 9 0)
|            ( - 3.512e+02 6 0 QUESTION2_0_L -1 7.459e+01 2.301e+01))
|        ( WDBNDRY_I 0 2.245e+03 2.279e+02 1.079e+02
|            ( - 1.031e+03 9 0)
|            ( WDBNDRY_E 0 9.865e+02 1.509e+02 5.098e+01
|                ( - 4.086e+02 6 0)
|                ( - 4.270e+02 10 0 QUESTION0 -1 3.790e+01 2.598e+01))))
|    ( QUESTION0 -1 1.291e+03 1.612e+02 6.806e+01
|        ( WDBNDRY_B 0 8.216e+02 1.248e+02 4.646e+01
|            ( - 3.704e+02 9 0 QUESTION0_6_R 1 7.842e+01 2.401e+01)
|            ( - 3.264e+02 10 0 QUESTION0_5_R 1 6.084e+01 2.245e+01))
|        ( - 3.087e+02 9 0 QUESTION6 -1 6.781e+01 2.160e+01)))
s>    ( QUESTION4 1 6.525e+03 5.604e+02 2.892e+02
s>        ( WDBNDRY_B 0 4.673e+03 3.373e+02 2.211e+02
s>            ( QUESTION0 -1 2.091e+03 1.758e+02 1.132e+02
s>                ( - 1.564e+03 9 0)
s>                ( - 3.512e+02 6 0 QUESTION2_0_L -1 7.459e+01 2.301e+01))
s>            ( WDBNDRY_I 0 2.245e+03 2.279e+02 1.079e+02
s>                ( - 1.031e+03 9 0)
s>                ( WDBNDRY_E 0 9.865e+02 1.509e+02 5.098e+01
s>                    ( - 4.086e+02 6 0)
s>                    ( - 4.270e+02 10 0 QUESTION0 -1 3.790e+01 2.598e+01))))
s>        ( QUESTION0 -1 1.291e+03 1.612e+02 6.806e+01
s>            ( WDBNDRY_B 0 8.216e+02 1.248e+02 4.646e+01
s>                ( - 3.704e+02 9 0 QUESTION0_6_R 1 7.842e+01 2.401e+01)
s>                ( - 3.264e+02 10 0 QUESTION0_5_R 1 6.084e+01 2.245e+01))
s>            ( - 3.087e+02 9 0 QUESTION6 -1 6.781e+01 2.160e+01)))INFO: dtree.c(1478): Final simple tree
|( QUESTION0_14_R 1 4.811e+03 4.809e+02 2.187e+02
|    ( WDBNDRY_B 0 1.897e+03 2.075e+02 9.404e+01
|        ( QUESTION0 -1 1.102e+03 1.438e+02 6.002e+01
|            ( - 5.389e+02 9 0)
|            ( - 4.192e+02 7 0 QUESTION3 -1 8.111e+01 2.798e+01))
|        ( WDBNDRY_E 0 5.873e+02 1.053e+02 3.402e+01
|            ( - 2.372e+02 3 0)
|            ( - 2.448e+02 8 0 WDBNDRY_S 0 5.460e+01 1.710e+01)))
|    ( QUESTION0_17_R 1 2.434e+03 2.995e+02 1.247e+02
|        ( WDBNDRY_S 0 1.082e+03 1.330e+02 6.600e+01
|            ( - 3.822e+02 8 0 QUESTION0 -1 7.094e+01 2.504e+01)
|            ( - 5.672e+02 11 0 QUESTION0_18_R 1 8.831e+01 4.096e+01))
|        ( WDBNDRY_S 0 1.052e+03 1.296e+02 5.870e+01
|            ( - 3.545e+02 10 0 QUESTION0_12_R 1 6.025e+01 2.200e+01)
|            ( - 5.676e+02 13 0 QUESTION0_12_R 1 7.689e+01 3.670e+01))))
s>    ( QUESTION0_14_R 1 4.811e+03 4.809e+02 2.187e+02
s>        ( WDBNDRY_B 0 1.897e+03 2.075e+02 9.404e+01
s>            ( QUESTION0 -1 1.102e+03 1.438e+02 6.002e+01
s>                ( - 5.389e+02 9 0)
s>                ( - 4.192e+02 7 0 QUESTION3 -1 8.111e+01 2.798e+01))
s>            ( WDBNDRY_E 0 5.873e+02 1.053e+02 3.402e+01
s>                ( - 2.372e+02 3 0)
s>                ( - 2.448e+02 8 0 WDBNDRY_S 0 5.460e+01 1.710e+01)))
s>        ( QUESTION0_17_R 1 2.434e+03 2.995e+02 1.247e+02
s>            ( WDBNDRY_S 0 1.082e+03 1.330e+02 6.600e+01
s>                ( - 3.822e+02 8 0 QUESTION0 -1 7.094e+01 2.504e+01)
s>                ( - 5.672e+02 11 0 QUESTION0_18_R 1 8.831e+01 4.096e+01))
s>            ( WDBNDRY_S 0 1.052e+03 1.296e+02 5.870e+01
s>                ( - 3.545e+02 10 0 QUESTION0_12_R 1 6.025e+01 2.200e+01)
s>                ( - 5.676e+02 13 0 QUESTION0_12_R 1 7.689e+01 3.670e+01))))INFO: dtree.c(1315): Comp split 3
INFO: dtree.c(1478): Final simple tree
|( WDBNDRY_B 0 4.673e+03 3.373e+02 2.211e+02
|    ( QUESTION0 -1 2.091e+03 1.758e+02 1.132e+02
|        ( - 1.564e+03 9 0)
|        ( QUESTION2_0_L -1 3.512e+02 7.459e+01 2.301e+01
|            ( - 1.259e+02 3 0 QUESTION6 -1 3.340e+01 1.000e+01)
|            ( QUESTION2 -1 1.507e+02 4.852e+01 1.300e+01
|                ( - 3.021e+01 1 0)
|                ( - 7.194e+01 2 0 QUESTION4 -1 2.459e+01 8.005e+00))))
|    ( WDBNDRY_I 0 2.245e+03 2.279e+02 1.079e+02
|        ( - 1.031e+03 9 0)
|        ( WDBNDRY_E 0 9.865e+02 1.509e+02 5.098e+01
|            ( - 4.086e+02 6 0)
|            ( QUESTION0 -1 4.270e+02 3.790e+01 2.598e+01
|                ( - 3.786e+02 9 0)
|                ( - 1.047e+01 1 0)))))
s>    ( WDBNDRY_B 0 4.673e+03 3.373e+02 2.211e+02
s>        ( QUESTION0 -1 2.091e+03 1.758e+02 1.132e+02
s>            ( - 1.564e+03 9 0)
s>            ( QUESTION2_0_L -1 3.512e+02 7.459e+01 2.301e+01
s>                ( - 1.259e+02 3 0 QUESTION6 -1 3.340e+01 1.000e+01)
s>                ( QUESTION2 -1 1.507e+02 4.852e+01 1.300e+01
s>                    ( - 3.021e+01 1 0)
s>                    ( - 7.194e+01 2 0 QUESTION4 -1 2.459e+01 8.005e+00))))
s>        ( WDBNDRY_I 0 2.245e+03 2.279e+02 1.079e+02
s>            ( - 1.031e+03 9 0)
s>            ( WDBNDRY_E 0 9.865e+02 1.509e+02 5.098e+01
s>                ( - 4.086e+02 6 0)
s>                ( QUESTION0 -1 4.270e+02 3.790e+01 2.598e+01
s>                    ( - 3.786e+02 9 0)
s>                    ( - 1.047e+01 1 0)))))INFO: dtree.c(1478): Final simple tree
|( QUESTION0 -1 1.291e+03 1.612e+02 6.806e+01
|    ( WDBNDRY_B 0 8.216e+02 1.248e+02 4.646e+01
|        ( QUESTION0_6_R 1 3.704e+02 7.842e+01 2.401e+01
|            ( - 1.484e+02 5 0 QUESTION0_7_R 1 3.495e+01 1.202e+01)
|            ( - 1.436e+02 4 0 QUESTION0_0_R 1 3.665e+01 1.199e+01))
|        ( QUESTION0_5_R 1 3.264e+02 6.084e+01 2.245e+01
|            ( WDBNDRY_E 0 1.759e+02 4.677e+01 1.400e+01
|                ( - 4.386e+01 1 0)
|                ( - 8.531e+01 4 0 WDBNDRY_S 0 2.489e+01 8.972e+00))
|            ( - 8.962e+01 5 0 QUESTION0 1 3.203e+01 8.449e+00)))
|    ( QUESTION6 -1 3.087e+02 6.781e+01 2.160e+01
|        ( - 1.078e+02 4 0 QUESTION0_5_R 1 3.376e+01 9.971e+00)
|        ( QUESTION2_13_L -1 1.331e+02 3.985e+01 1.163e+01
|            ( - 3.617e+01 2 0 QUESTION0_5_R 1 1.911e+01 4.997e+00)
|            ( - 5.708e+01 3 0 WDBNDRY_B 0 1.623e+01 6.634e+00))))
s>    ( QUESTION0 -1 1.291e+03 1.612e+02 6.806e+01
s>        ( WDBNDRY_B 0 8.216e+02 1.248e+02 4.646e+01
s>            ( QUESTION0_6_R 1 3.704e+02 7.842e+01 2.401e+01
s>                ( - 1.484e+02 5 0 QUESTION0_7_R 1 3.495e+01 1.202e+01)
s>                ( - 1.436e+02 4 0 QUESTION0_0_R 1 3.665e+01 1.199e+01))
s>            ( QUESTION0_5_R 1 3.264e+02 6.084e+01 2.245e+01
s>                ( WDBNDRY_E 0 1.759e+02 4.677e+01 1.400e+01
s>                    ( - 4.386e+01 1 0)
s>                    ( - 8.531e+01 4 0 WDBNDRY_S 0 2.489e+01 8.972e+00))
s>                ( - 8.962e+01 5 0 QUESTION0 1 3.203e+01 8.449e+00)))
s>        ( QUESTION6 -1 3.087e+02 6.781e+01 2.160e+01
s>            ( - 1.078e+02 4 0 QUESTION0_5_R 1 3.376e+01 9.971e+00)
s>            ( QUESTION2_13_L -1 1.331e+02 3.985e+01 1.163e+01
s>                ( - 3.617e+01 2 0 QUESTION0_5_R 1 1.911e+01 4.997e+00)
s>                ( - 5.708e+01 3 0 WDBNDRY_B 0 1.623e+01 6.634e+00))))INFO: dtree.c(1315): Comp split 4
INFO: dtree.c(1478): Final simple tree
|( QUESTION0_1_R 1 2.780e+03 2.618e+02 1.472e+02
|    ( WDBNDRY_B 0 1.544e+03 1.666e+02 8.447e+01
|        ( QUESTION0 -1 8.200e+02 7.835e+01 4.648e+01
|            ( - 6.530e+02 5 0)
|            ( - 8.862e+01 3 0 QUESTION16 -1 2.739e+01 9.036e+00))
|        ( WDBNDRY_S 0 5.577e+02 9.653e+01 3.799e+01
|            ( - 2.776e+02 4 0 QUESTION0 -1 4.663e+01 2.298e+01)
|            ( - 1.836e+02 3 0 WDBNDRY_E 0 3.779e+01 1.501e+01)))
|    ( QUESTION2_11_L -1 9.738e+02 1.311e+02 6.269e+01
|        ( QUESTION2_15_L -1 5.474e+02 8.082e+01 3.889e+01
|            ( - 2.985e+02 3 0)
|            ( - 1.681e+02 4 0 QUESTION2_12_L -1 3.540e+01 1.499e+01))
|        ( QUESTION2_6_L -1 2.953e+02 6.762e+01 2.380e+01
|            ( - 1.530e+02 2 0)
|            ( - 7.466e+01 2 0 WDBNDRY_B 0 2.579e+01 8.000e+00))))
s>    ( QUESTION0_1_R 1 2.780e+03 2.618e+02 1.472e+02
s>        ( WDBNDRY_B 0 1.544e+03 1.666e+02 8.447e+01
s>            ( QUESTION0 -1 8.200e+02 7.835e+01 4.648e+01
s>                ( - 6.530e+02 5 0)
s>                ( - 8.862e+01 3 0 QUESTION16 -1 2.739e+01 9.036e+00))
s>            ( WDBNDRY_S 0 5.577e+02 9.653e+01 3.799e+01
s>                ( - 2.776e+02 4 0 QUESTION0 -1 4.663e+01 2.298e+01)
s>                ( - 1.836e+02 3 0 WDBNDRY_E 0 3.779e+01 1.501e+01)))
s>        ( QUESTION2_11_L -1 9.738e+02 1.311e+02 6.269e+01
s>            ( QUESTION2_15_L -1 5.474e+02 8.082e+01 3.889e+01
s>                ( - 2.985e+02 3 0)
s>                ( - 1.681e+02 4 0 QUESTION2_12_L -1 3.540e+01 1.499e+01))
s>            ( QUESTION2_6_L -1 2.953e+02 6.762e+01 2.380e+01
s>                ( - 1.530e+02 2 0)
s>                ( - 7.466e+01 2 0 WDBNDRY_B 0 2.579e+01 8.000e+00))))INFO: dtree.c(1478): Final simple tree
|( WDBNDRY_B 0 7.470e+03 3.428e+02 4.190e+02
|    ( QUESTION0 -1 3.861e+03 2.471e+02 2.303e+02
|        ( - 2.351e+03 6 0)
|        ( QUESTION6 -1 1.263e+03 1.243e+02 7.659e+01
|            ( - 4.227e+02 3 0)
|            ( QUESTION2_3_L -1 7.160e+02 1.057e+02 4.737e+01
|                ( - 2.428e+02 3 0)
|                ( - 3.675e+02 5 0 QUESTION17 -1 5.798e+01 2.851e+01))))
|    ( QUESTION0 -1 3.266e+03 2.348e+02 1.887e+02
|        ( - 1.895e+03 12 0 WDBNDRY_I 0 5.700e+01 1.100e+02)
|        ( QUESTION7 -1 1.136e+03 1.313e+02 7.872e+01
|            ( - 4.662e+02 2 0)
|            ( QUESTION2_13_L -1 5.383e+02 1.083e+02 4.118e+01
|                ( - 1.745e+02 1 0)
|                ( - 2.556e+02 2 0 QUESTION2 -1 4.804e+01 2.100e+01)))))
s>    ( WDBNDRY_B 0 7.470e+03 3.428e+02 4.190e+02
s>        ( QUESTION0 -1 3.861e+03 2.471e+02 2.303e+02
s>            ( - 2.351e+03 6 0)
s>            ( QUESTION6 -1 1.263e+03 1.243e+02 7.659e+01
s>                ( - 4.227e+02 3 0)
s>                ( QUESTION2_3_L -1 7.160e+02 1.057e+02 4.737e+01
s>                    ( - 2.428e+02 3 0)
s>                    ( - 3.675e+02 5 0 QUESTION17 -1 5.798e+01 2.851e+01))))
s>        ( QUESTION0 -1 3.266e+03 2.348e+02 1.887e+02
s>            ( - 1.895e+03 12 0 WDBNDRY_I 0 5.700e+01 1.100e+02)
s>            ( QUESTION7 -1 1.136e+03 1.313e+02 7.872e+01
s>                ( - 4.662e+02 2 0)
s>                ( QUESTION2_13_L -1 5.383e+02 1.083e+02 4.118e+01
s>                    ( - 1.745e+02 1 0)
s>                    ( - 2.556e+02 2 0 QUESTION2 -1 4.804e+01 2.100e+01)))))INFO: dtree.c(1315): Comp split 5
INFO: dtree.c(1478): Final simple tree
|( QUESTION0_17_R 1 2.434e+03 2.995e+02 1.247e+02
|    ( WDBNDRY_S 0 1.082e+03 1.330e+02 6.600e+01
|        ( QUESTION0 -1 3.822e+02 7.094e+01 2.504e+01
|            ( - 2.193e+02 5 0 QUESTION0_18_R 1 4.366e+01 1.700e+01)
|            ( - 9.192e+01 3 0 QUESTION4 -1 2.674e+01 8.035e+00))
|        ( QUESTION0_18_R 1 5.672e+02 8.831e+01 4.096e+01
|            ( - 2.035e+02 5 0 QUESTION0_19_R 1 4.232e+01 1.701e+01)
|            ( - 2.754e+02 6 0 WDBNDRY_E 0 4.791e+01 2.395e+01)))
|    ( WDBNDRY_S 0 1.052e+03 1.296e+02 5.870e+01
|        ( QUESTION0_12_R 1 3.545e+02 6.025e+01 2.200e+01
|            ( - 4.897e+01 4 0 QUESTION0 -1 1.925e+01 4.999e+00)
|            ( - 2.453e+02 6 0 QUESTION0 -1 3.372e+01 1.700e+01))
|        ( QUESTION0_12_R 1 5.676e+02 7.689e+01 3.670e+01
|            ( - 6.328e+01 6 0 WDBNDRY_I 0 2.164e+01 6.092e+00)
|            ( - 4.274e+02 7 0 WDBNDRY_E 0 5.921e+01 3.060e+01))))
s>    ( QUESTION0_17_R 1 2.434e+03 2.995e+02 1.247e+02
s>        ( WDBNDRY_S 0 1.082e+03 1.330e+02 6.600e+01
s>            ( QUESTION0 -1 3.822e+02 7.094e+01 2.504e+01
s>                ( - 2.193e+02 5 0 QUESTION0_18_R 1 4.366e+01 1.700e+01)
s>                ( - 9.192e+01 3 0 QUESTION4 -1 2.674e+01 8.035e+00))
s>            ( QUESTION0_18_R 1 5.672e+02 8.831e+01 4.096e+01
s>                ( - 2.035e+02 5 0 QUESTION0_19_R 1 4.232e+01 1.701e+01)
s>                ( - 2.754e+02 6 0 WDBNDRY_E 0 4.791e+01 2.395e+01)))
s>        ( WDBNDRY_S 0 1.052e+03 1.296e+02 5.870e+01
s>            ( QUESTION0_12_R 1 3.545e+02 6.025e+01 2.200e+01
s>                ( - 4.897e+01 4 0 QUESTION0 -1 1.925e+01 4.999e+00)
s>                ( - 2.453e+02 6 0 QUESTION0 -1 3.372e+01 1.700e+01))
s>            ( QUESTION0_12_R 1 5.676e+02 7.689e+01 3.670e+01
s>                ( - 6.328e+01 6 0 WDBNDRY_I 0 2.164e+01 6.092e+00)
s>                ( - 4.274e+02 7 0 WDBNDRY_E 0 5.921e+01 3.060e+01))))INFO: dtree.c(1478): Final simple tree
|( WDBNDRY_B 0 1.897e+03 2.075e+02 9.404e+01
|    ( QUESTION0 -1 1.102e+03 1.438e+02 6.002e+01
|        ( - 5.389e+02 9 0)
|        ( QUESTION3 -1 4.192e+02 8.111e+01 2.798e+01
|            ( QUESTION6 -1 1.956e+02 4.805e+01 1.498e+01
|                ( - 3.763e+01 1 0)
|                ( - 1.100e+02 3 0 QUESTION16 -1 3.383e+01 1.000e+01))
|            ( SILENCE -1 1.424e+02 3.831e+01 1.300e+01
|                ( - 7.673e+01 1 0)
|                ( - 2.737e+01 2 0 QUESTION2_12_L -1 1.278e+01 4.000e+00))))
|    ( WDBNDRY_E 0 5.873e+02 1.053e+02 3.402e+01
|        ( - 2.372e+02 3 0)
|        ( WDBNDRY_S 0 2.448e+02 5.460e+01 1.710e+01
|            ( - 9.707e+01 5 0)
|            ( - 9.311e+01 3 0 QUESTION0 -1 2.284e+01 9.022e+00))))
s>    ( WDBNDRY_B 0 1.897e+03 2.075e+02 9.404e+01
s>        ( QUESTION0 -1 1.102e+03 1.438e+02 6.002e+01
s>            ( - 5.389e+02 9 0)
s>            ( QUESTION3 -1 4.192e+02 8.111e+01 2.798e+01
s>                ( QUESTION6 -1 1.956e+02 4.805e+01 1.498e+01
s>                    ( - 3.763e+01 1 0)
s>                    ( - 1.100e+02 3 0 QUESTION16 -1 3.383e+01 1.000e+01))
s>                ( SILENCE -1 1.424e+02 3.831e+01 1.300e+01
s>                    ( - 7.673e+01 1 0)
s>                    ( - 2.737e+01 2 0 QUESTION2_12_L -1 1.278e+01 4.000e+00))))
s>        ( WDBNDRY_E 0 5.873e+02 1.053e+02 3.402e+01
s>            ( - 2.372e+02 3 0)
s>            ( WDBNDRY_S 0 2.448e+02 5.460e+01 1.710e+01
s>                ( - 9.707e+01 5 0)
s>                ( - 9.311e+01 3 0 QUESTION0 -1 2.284e+01 9.022e+00))))INFO: dtree.c(1315): Comp split 6
INFO: dtree.c(1478): Final simple tree
|( QUESTION6 1 2.821e+03 2.621e+02 1.502e+02
|    ( - 1.021e+03 7 0)
|    ( WDBNDRY_I 0 1.537e+03 1.882e+02 8.338e+01
|        ( QUESTION0 1 6.601e+02 1.073e+02 4.036e+01
|            ( - 2.913e+02 3 0)
|            ( QUESTION16 1 2.615e+02 4.490e+01 1.830e+01
|                ( - 2.010e+01 1 0)
|                ( - 1.965e+02 3 0 QUESTION0 -1 2.718e+01 1.530e+01)))
|        ( QUESTION0 1 6.887e+02 1.167e+02 4.302e+01
|            ( QUESTION6 -1 3.388e+02 6.476e+01 2.598e+01
|                ( - 1.663e+02 2 0)
|                ( - 1.077e+02 3 0 QUESTION5 -1 2.690e+01 9.995e+00))
|            ( QUESTION0 -1 2.332e+02 5.348e+01 1.703e+01
|                ( - 1.294e+02 3 0)
|                ( - 5.035e+01 2 0 QUESTION2 -1 1.881e+01 6.000e+00)))))
s>    ( QUESTION6 1 2.821e+03 2.621e+02 1.502e+02
s>        ( - 1.021e+03 7 0)
s>        ( WDBNDRY_I 0 1.537e+03 1.882e+02 8.338e+01
s>            ( QUESTION0 1 6.601e+02 1.073e+02 4.036e+01
s>                ( - 2.913e+02 3 0)
s>                ( QUESTION16 1 2.615e+02 4.490e+01 1.830e+01
s>                    ( - 2.010e+01 1 0)
s>                    ( - 1.965e+02 3 0 QUESTION0 -1 2.718e+01 1.530e+01)))
s>            ( QUESTION0 1 6.887e+02 1.167e+02 4.302e+01
s>                ( QUESTION6 -1 3.388e+02 6.476e+01 2.598e+01
s>                    ( - 1.663e+02 2 0)
s>                    ( - 1.077e+02 3 0 QUESTION5 -1 2.690e+01 9.995e+00))
s>                ( QUESTION0 -1 2.332e+02 5.348e+01 1.703e+01
s>                    ( - 1.294e+02 3 0)
s>                    ( - 5.035e+01 2 0 QUESTION2 -1 1.881e+01 6.000e+00)))))INFO: dtree.c(1478): Final simple tree
|( QUESTION17 1 2.918e+03 2.559e+02 1.405e+02
|    ( WDBNDRY_B 0 9.728e+02 1.371e+02 5.369e+01
|        ( QUESTION0 -1 4.739e+02 8.141e+01 3.050e+01
|            ( - 2.954e+02 4 0)
|            ( - 9.709e+01 4 0 QUESTION5 -1 2.875e+01 9.000e+00))
|        ( WDBNDRY_E 0 3.618e+02 7.166e+01 2.319e+01
|            ( - 1.085e+02 3 0)
|            ( - 1.816e+02 5 0 QUESTION3 -1 4.595e+01 1.309e+01)))
|    ( QUESTION6 1 1.689e+03 2.071e+02 8.682e+01
|        ( - 5.317e+02 5 0 WDBNDRY_B 0 5.154e+01 3.292e+01)
|        ( WDBNDRY_B 0 9.505e+02 1.314e+02 5.390e+01
|            ( - 5.786e+02 5 0)
|            ( QUESTION4 1 2.404e+02 6.040e+01 1.698e+01
|                ( - 5.795e+01 4 0 WDBNDRY_E 0 1.899e+01 5.995e+00)
|                ( - 1.221e+02 3 0 QUESTION0 -1 3.666e+01 1.099e+01)))))
s>    ( QUESTION17 1 2.918e+03 2.559e+02 1.405e+02
s>        ( WDBNDRY_B 0 9.728e+02 1.371e+02 5.369e+01
s>            ( QUESTION0 -1 4.739e+02 8.141e+01 3.050e+01
s>                ( - 2.954e+02 4 0)
s>                ( - 9.709e+01 4 0 QUESTION5 -1 2.875e+01 9.000e+00))
s>            ( WDBNDRY_E 0 3.618e+02 7.166e+01 2.319e+01
s>                ( - 1.085e+02 3 0)
s>                ( - 1.816e+02 5 0 QUESTION3 -1 4.595e+01 1.309e+01)))
s>        ( QUESTION6 1 1.689e+03 2.071e+02 8.682e+01
s>            ( - 5.317e+02 5 0 WDBNDRY_B 0 5.154e+01 3.292e+01)
s>            ( WDBNDRY_B 0 9.505e+02 1.314e+02 5.390e+01
s>                ( - 5.786e+02 5 0)
s>                ( QUESTION4 1 2.404e+02 6.040e+01 1.698e+01
s>                    ( - 5.795e+01 4 0 WDBNDRY_E 0 1.899e+01 5.995e+00)
s>                    ( - 1.221e+02 3 0 QUESTION0 -1 3.666e+01 1.099e+01)))))INFO: dtree.c(1315): Comp split 7
INFO: dtree.c(1439): stop. leaf nodes are specific
INFO: dtree.c(1478): Final simple tree
|( WDBNDRY_B 0 2.292e+03 1.831e+02 1.222e+02
|    ( QUESTION0 -1 1.730e+03 9.442e+01 9.821e+01
|        ( - 1.564e+03 9 0)
|        ( QUESTION4 -1 7.194e+01 2.459e+01 8.005e+00
|            ( - 1.575e+01 1 0)
|            ( - 3.160e+01 1 0)))
|    ( - 3.786e+02 9 0))
s>    ( WDBNDRY_B 0 2.292e+03 1.831e+02 1.222e+02
s>        ( QUESTION0 -1 1.730e+03 9.442e+01 9.821e+01
s>            ( - 1.564e+03 9 0)
s>            ( QUESTION4 -1 7.194e+01 2.459e+01 8.005e+00
s>                ( - 1.575e+01 1 0)
s>                ( - 3.160e+01 1 0)))
s>        ( - 3.786e+02 9 0))INFO: dtree.c(1439): stop. leaf nodes are specific
INFO: dtree.c(1478): Final simple tree
|( WDBNDRY_I 0 2.010e+03 2.106e+02 9.894e+01
|    ( - 1.031e+03 9 0)
|    ( WDBNDRY_E 0 7.681e+02 1.083e+02 4.200e+01
|        ( - 4.086e+02 6 0)
|        ( QUESTION2 -1 2.513e+02 6.283e+01 1.700e+01
|            ( WDBNDRY_B 0 6.252e+01 2.183e+01 7.000e+00
|                ( - 3.021e+01 1 0)
|                ( - 1.047e+01 1 0))
|            ( QUESTION6 -1 1.259e+02 3.340e+01 1.000e+01
|                ( - 7.281e+01 2 0)
|                ( - 1.973e+01 1 0)))))
s>    ( WDBNDRY_I 0 2.010e+03 2.106e+02 9.894e+01
s>        ( - 1.031e+03 9 0)
s>        ( WDBNDRY_E 0 7.681e+02 1.083e+02 4.200e+01
s>            ( - 4.086e+02 6 0)
s>            ( QUESTION2 -1 2.513e+02 6.283e+01 1.700e+01
s>                ( WDBNDRY_B 0 6.252e+01 2.183e+01 7.000e+00
s>                    ( - 3.021e+01 1 0)
s>                    ( - 1.047e+01 1 0))
s>                ( QUESTION6 -1 1.259e+02 3.340e+01 1.000e+01
s>                    ( - 7.281e+01 2 0)
s>                    ( - 1.973e+01 1 0)))))INFO: dtree.c(1315): Comp split 8
INFO: dtree.c(1439): stop. leaf nodes are specific
INFO: dtree.c(1478): Final simple tree
|( QUESTION0 -1 3.323e+03 2.342e+02 1.874e+02
|    ( WDBNDRY_I 0 1.895e+03 5.700e+01 1.100e+02
|        ( - 1.796e+03 10 0)
|        ( WDBNDRY_E 0 4.256e+01 1.706e+01 5.000e+00
|            ( - 5.895e+00 1 0)
|            ( - 1.960e+01 1 0)))
|    ( QUESTION7 -1 1.194e+03 1.346e+02 7.740e+01
|        ( - 4.662e+02 2 0)
|        ( QUESTION5 -1 5.931e+02 9.538e+01 3.986e+01
|            ( - 1.663e+02 1 0)
|            ( WDBNDRY_B 0 3.314e+02 4.741e+01 2.486e+01
|                ( - 2.428e+02 3 0)
|                ( - 4.123e+01 1 0)))))
s>    ( QUESTION0 -1 3.323e+03 2.342e+02 1.874e+02
s>        ( WDBNDRY_I 0 1.895e+03 5.700e+01 1.100e+02
s>            ( - 1.796e+03 10 0)
s>            ( WDBNDRY_E 0 4.256e+01 1.706e+01 5.000e+00
s>                ( - 5.895e+00 1 0)
s>                ( - 1.960e+01 1 0)))
s>        ( QUESTION7 -1 1.194e+03 1.346e+02 7.740e+01
s>            ( - 4.662e+02 2 0)
s>            ( QUESTION5 -1 5.931e+02 9.538e+01 3.986e+01
s>                ( - 1.663e+02 1 0)
s>                ( WDBNDRY_B 0 3.314e+02 4.741e+01 2.486e+01
s>                    ( - 2.428e+02 3 0)
s>                    ( - 4.123e+01 1 0)))))INFO: dtree.c(1478): Final simple tree
|( QUESTION3 -1 3.781e+03 2.381e+02 2.317e+02
|    ( QUESTION6 -1 9.055e+02 1.152e+02 5.773e+01
|        ( - 4.227e+02 3 0)
|        ( QUESTION17 -1 3.675e+02 5.798e+01 2.851e+01
|            ( - 1.474e+02 1 0)
|            ( QUESTION2_0_L -1 1.621e+02 4.869e+01 1.400e+01
|                ( QUESTION4 -1 7.418e+01 2.482e+01 8.999e+00
|                    ( - 1.892e+01 1 0)
|                    ( - 3.044e+01 1 0))
|                ( QUESTION2_9_L -1 3.925e+01 1.892e+01 5.000e+00
|                    ( - 8.342e+00 1 0)
|                    ( - 1.199e+01 1 0)))))
|    ( WDBNDRY_B 0 2.638e+03 1.118e+02 1.739e+02
|        ( - 2.351e+03 6 0)
|        ( - 1.745e+02 1 0)))
s>    ( QUESTION3 -1 3.781e+03 2.381e+02 2.317e+02
s>        ( QUESTION6 -1 9.055e+02 1.152e+02 5.773e+01
s>            ( - 4.227e+02 3 0)
s>            ( QUESTION17 -1 3.675e+02 5.798e+01 2.851e+01
s>                ( - 1.474e+02 1 0)
s>                ( QUESTION2_0_L -1 1.621e+02 4.869e+01 1.400e+01
s>                    ( QUESTION4 -1 7.418e+01 2.482e+01 8.999e+00
s>                        ( - 1.892e+01 1 0)
s>                        ( - 3.044e+01 1 0))
s>                    ( QUESTION2_9_L -1 3.925e+01 1.892e+01 5.000e+00
s>                        ( - 8.342e+00 1 0)
s>                        ( - 1.199e+01 1 0)))))
s>        ( WDBNDRY_B 0 2.638e+03 1.118e+02 1.739e+02
s>            ( - 2.351e+03 6 0)
s>            ( - 1.745e+02 1 0)))INFO: dtree.c(1315): Comp split 9
INFO: dtree.c(1478): Final simple tree
|( WDBNDRY_S 0 1.052e+03 1.296e+02 5.870e+01
|    ( QUESTION0_12_R 1 3.545e+02 6.025e+01 2.200e+01
|        ( QUESTION0 -1 4.897e+01 1.925e+01 4.999e+00
|            ( - 2.089e+01 2 0)
|            ( - 8.823e+00 2 0 QUESTION2_2_L -1 8.000e+00 2.000e+00))
|        ( QUESTION0 -1 2.453e+02 3.372e+01 1.700e+01
|            ( - 2.013e+02 4 0)
|            ( - 1.029e+01 2 0 QUESTION2 -1 8.237e+00 2.000e+00)))
|    ( QUESTION0_12_R 1 5.676e+02 7.689e+01 3.670e+01
|        ( WDBNDRY_I 0 6.328e+01 2.164e+01 6.092e+00
|            ( - 1.903e+01 3 0 QUESTION0 -1 9.430e+00 3.000e+00)
|            ( - 2.261e+01 3 0 WDBNDRY_B 0 1.161e+01 3.092e+00))
|        ( WDBNDRY_E 0 4.274e+02 5.921e+01 3.060e+01
|            ( - 6.843e+01 2 0)
|            ( - 2.998e+02 5 0))))
s>    ( WDBNDRY_S 0 1.052e+03 1.296e+02 5.870e+01
s>        ( QUESTION0_12_R 1 3.545e+02 6.025e+01 2.200e+01
s>            ( QUESTION0 -1 4.897e+01 1.925e+01 4.999e+00
s>                ( - 2.089e+01 2 0)
s>                ( - 8.823e+00 2 0 QUESTION2_2_L -1 8.000e+00 2.000e+00))
s>            ( QUESTION0 -1 2.453e+02 3.372e+01 1.700e+01
s>                ( - 2.013e+02 4 0)
s>                ( - 1.029e+01 2 0 QUESTION2 -1 8.237e+00 2.000e+00)))
s>        ( QUESTION0_12_R 1 5.676e+02 7.689e+01 3.670e+01
s>            ( WDBNDRY_I 0 6.328e+01 2.164e+01 6.092e+00
s>                ( - 1.903e+01 3 0 QUESTION0 -1 9.430e+00 3.000e+00)
s>                ( - 2.261e+01 3 0 WDBNDRY_B 0 1.161e+01 3.092e+00))
s>            ( WDBNDRY_E 0 4.274e+02 5.921e+01 3.060e+01
s>                ( - 6.843e+01 2 0)
s>                ( - 2.998e+02 5 0))))INFO: dtree.c(1478): Final simple tree
|( WDBNDRY_S 0 1.082e+03 1.330e+02 6.600e+01
|    ( QUESTION0 -1 3.822e+02 7.094e+01 2.504e+01
|        ( QUESTION0_18_R 1 2.193e+02 4.366e+01 1.700e+01
|            ( - 2.270e+01 1 0)
|            ( - 1.530e+02 4 0))
|        ( - 9.192e+01 3 0 QUESTION4 -1 2.674e+01 8.035e+00))
|    ( QUESTION0_18_R 1 5.672e+02 8.831e+01 4.096e+01
|        ( QUESTION0_19_R 1 2.035e+02 4.232e+01 1.701e+01
|            ( WDBNDRY_E 0 1.402e+02 2.853e+01 1.301e+01
|                ( - 1.646e+01 1 0)
|                ( - 9.522e+01 3 0))
|            ( - 2.095e+01 1 0))
|        ( WDBNDRY_E 0 2.754e+02 4.791e+01 2.395e+01
|            ( - 1.788e+02 4 0)
|            ( - 4.870e+01 2 0))))
s>    ( WDBNDRY_S 0 1.082e+03 1.330e+02 6.600e+01
s>        ( QUESTION0 -1 3.822e+02 7.094e+01 2.504e+01
s>            ( QUESTION0_18_R 1 2.193e+02 4.366e+01 1.700e+01
s>                ( - 2.270e+01 1 0)
s>                ( - 1.530e+02 4 0))
s>            ( - 9.192e+01 3 0 QUESTION4 -1 2.674e+01 8.035e+00))
s>        ( QUESTION0_18_R 1 5.672e+02 8.831e+01 4.096e+01
s>            ( QUESTION0_19_R 1 2.035e+02 4.232e+01 1.701e+01
s>                ( WDBNDRY_E 0 1.402e+02 2.853e+01 1.301e+01
s>                    ( - 1.646e+01 1 0)
s>                    ( - 9.522e+01 3 0))
s>                ( - 2.095e+01 1 0))
s>            ( WDBNDRY_E 0 2.754e+02 4.791e+01 2.395e+01
s>                ( - 1.788e+02 4 0)
s>                ( - 4.870e+01 2 0))))INFO: dtree.c(1315): Comp split 10
INFO: dtree.c(1478): Final simple tree
|( WDBNDRY_B 0 1.316e+03 1.603e+02 7.109e+01
|    ( - 5.786e+02 5 0)
|    ( QUESTION0 -1 5.769e+02 9.663e+01 3.417e+01
|        ( WDBNDRY_E 0 2.872e+02 5.360e+01 2.017e+01
|            ( QUESTION16 1 1.471e+02 3.137e+01 1.210e+01
|                ( - 7.182e+00 1 0)
|                ( - 1.085e+02 3 0))
|            ( QUESTION16 1 8.651e+01 2.984e+01 8.073e+00
|                ( - 2.149e+01 1 0)
|                ( - 3.518e+01 2 0)))
|        ( QUESTION5 -1 1.931e+02 5.349e+01 1.400e+01
|            ( QUESTION6 -1 8.528e+01 2.808e+01 7.990e+00
|                ( - 3.496e+01 1 0)
|                ( - 2.224e+01 1 0))
|            ( - 5.434e+01 2 0 QUESTION2 -1 2.169e+01 6.015e+00))))
s>    ( WDBNDRY_B 0 1.316e+03 1.603e+02 7.109e+01
s>        ( - 5.786e+02 5 0)
s>        ( QUESTION0 -1 5.769e+02 9.663e+01 3.417e+01
s>            ( WDBNDRY_E 0 2.872e+02 5.360e+01 2.017e+01
s>                ( QUESTION16 1 1.471e+02 3.137e+01 1.210e+01
s>                    ( - 7.182e+00 1 0)
s>                    ( - 1.085e+02 3 0))
s>                ( QUESTION16 1 8.651e+01 2.984e+01 8.073e+00
s>                    ( - 2.149e+01 1 0)
s>                    ( - 3.518e+01 2 0)))
s>            ( QUESTION5 -1 1.931e+02 5.349e+01 1.400e+01
s>                ( QUESTION6 -1 8.528e+01 2.808e+01 7.990e+00
s>                    ( - 3.496e+01 1 0)
s>                    ( - 2.224e+01 1 0))
s>                ( - 5.434e+01 2 0 QUESTION2 -1 2.169e+01 6.015e+00))))INFO: dtree.c(1478): Final simple tree
|( QUESTION6 1 1.305e+03 1.650e+02 6.942e+01
|    ( WDBNDRY_B 0 5.317e+02 5.154e+01 3.292e+01
|        ( - 4.599e+02 3 0)
|        ( - 2.025e+01 2 0 WDBNDRY_E 0 1.111e+01 3.000e+00))
|    ( QUESTION0 -1 6.085e+02 9.825e+01 3.650e+01
|        ( WDBNDRY_B 0 3.726e+02 4.819e+01 2.550e+01
|            ( - 2.954e+02 4 0)
|            ( - 2.904e+01 2 0))
|        ( QUESTION6 -1 1.377e+02 3.703e+01 1.100e+01
|            ( WDBNDRY_B 0 5.358e+01 1.580e+01 6.000e+00
|                ( - 3.608e+01 1 0)
|                ( - 1.697e+00 1 0))
|            ( QUESTION4 -1 4.710e+01 1.783e+01 5.000e+00
|                ( - 9.071e+00 1 0)
|                ( - 2.021e+01 3 0 WDBNDRY_B 0 1.117e+01 3.000e+00)))))
s>    ( QUESTION6 1 1.305e+03 1.650e+02 6.942e+01
s>        ( WDBNDRY_B 0 5.317e+02 5.154e+01 3.292e+01
s>            ( - 4.599e+02 3 0)
s>            ( - 2.025e+01 2 0 WDBNDRY_E 0 1.111e+01 3.000e+00))
s>        ( QUESTION0 -1 6.085e+02 9.825e+01 3.650e+01
s>            ( WDBNDRY_B 0 3.726e+02 4.819e+01 2.550e+01
s>                ( - 2.954e+02 4 0)
s>                ( - 2.904e+01 2 0))
s>            ( QUESTION6 -1 1.377e+02 3.703e+01 1.100e+01
s>                ( WDBNDRY_B 0 5.358e+01 1.580e+01 6.000e+00
s>                    ( - 3.608e+01 1 0)
s>                    ( - 1.697e+00 1 0))
s>                ( QUESTION4 -1 4.710e+01 1.783e+01 5.000e+00
s>                    ( - 9.071e+00 1 0)
s>                    ( - 2.021e+01 3 0 WDBNDRY_B 0 1.117e+01 3.000e+00)))))INFO: dtree.c(1315): Comp split 11
INFO: dtree.c(1439): stop. leaf nodes are specific
INFO: dtree.c(1478): Final simple tree
|( WDBNDRY_B 0 1.264e+03 1.136e+02 7.790e+01
|    ( - 1.294e+02 3 0)
|    ( - 1.021e+03 7 0))
s>    ( WDBNDRY_B 0 1.264e+03 1.136e+02 7.790e+01
s>        ( - 1.294e+02 3 0)
s>        ( - 1.021e+03 7 0))INFO: dtree.c(1478): Final simple tree
|( WDBNDRY_I 0 1.280e+03 1.658e+02 7.235e+01
|    ( QUESTION0 1 6.601e+02 1.073e+02 4.036e+01
|        ( - 2.913e+02 3 0)
|        ( QUESTION16 1 2.615e+02 4.490e+01 1.830e+01
|            ( - 2.010e+01 1 0)
|            ( QUESTION0 -1 1.965e+02 2.718e+01 1.530e+01
|                ( - 1.652e+02 2 0)
|                ( - 4.053e+00 1 0))))
|    ( QUESTION6 -1 4.542e+02 8.034e+01 3.198e+01
|        ( - 1.663e+02 2 0)
|        ( QUESTION2_3_L -1 2.076e+02 5.090e+01 1.599e+01
|            ( QUESTION4 -1 7.589e+01 2.345e+01 7.999e+00
|                ( - 1.663e+01 1 0)
|                ( - 3.582e+01 1 0))
|            ( - 8.079e+01 3 0 QUESTION2 -1 2.261e+01 7.995e+00))))
s>    ( WDBNDRY_I 0 1.280e+03 1.658e+02 7.235e+01
s>        ( QUESTION0 1 6.601e+02 1.073e+02 4.036e+01
s>            ( - 2.913e+02 3 0)
s>            ( QUESTION16 1 2.615e+02 4.490e+01 1.830e+01
s>                ( - 2.010e+01 1 0)
s>                ( QUESTION0 -1 1.965e+02 2.718e+01 1.530e+01
s>                    ( - 1.652e+02 2 0)
s>                    ( - 4.053e+00 1 0))))
s>        ( QUESTION6 -1 4.542e+02 8.034e+01 3.198e+01
s>            ( - 1.663e+02 2 0)
s>            ( QUESTION2_3_L -1 2.076e+02 5.090e+01 1.599e+01
s>                ( QUESTION4 -1 7.589e+01 2.345e+01 7.999e+00
s>                    ( - 1.663e+01 1 0)
s>                    ( - 3.582e+01 1 0))
s>                ( - 8.079e+01 3 0 QUESTION2 -1 2.261e+01 7.995e+00))))INFO: dtree.c(1315): Comp split 12
INFO: dtree.c(1478): Final simple tree
|( QUESTION2_11_L -1 1.399e+03 1.756e+02 8.567e+01
|    ( QUESTION2_15_L -1 6.160e+02 9.497e+01 4.288e+01
|        ( - 2.985e+02 3 0)
|        ( QUESTION2_12_L -1 2.225e+02 3.661e+01 1.899e+01
|            ( - 7.573e+01 3 0)
|            ( WDBNDRY_B 0 1.102e+02 3.173e+01 1.099e+01
|                ( - 5.698e+01 1 0)
|                ( - 2.144e+01 1 0))))
|    ( WDBNDRY_S 0 6.073e+02 1.026e+02 4.278e+01
|        ( - 2.095e+02 3 0)
|        ( QUESTION2_6_L -1 2.953e+02 6.762e+01 2.380e+01
|            ( - 1.530e+02 2 0)
|            ( WDBNDRY_B 0 7.466e+01 2.579e+01 8.000e+00
|                ( - 4.220e+01 1 0)
|                ( - 6.678e+00 1 0)))))
s>    ( QUESTION2_11_L -1 1.399e+03 1.756e+02 8.567e+01
s>        ( QUESTION2_15_L -1 6.160e+02 9.497e+01 4.288e+01
s>            ( - 2.985e+02 3 0)
s>            ( QUESTION2_12_L -1 2.225e+02 3.661e+01 1.899e+01
s>                ( - 7.573e+01 3 0)
s>                ( WDBNDRY_B 0 1.102e+02 3.173e+01 1.099e+01
s>                    ( - 5.698e+01 1 0)
s>                    ( - 2.144e+01 1 0))))
s>        ( WDBNDRY_S 0 6.073e+02 1.026e+02 4.278e+01
s>            ( - 2.095e+02 3 0)
s>            ( QUESTION2_6_L -1 2.953e+02 6.762e+01 2.380e+01
s>                ( - 1.530e+02 2 0)
s>                ( WDBNDRY_B 0 7.466e+01 2.579e+01 8.000e+00
s>                    ( - 4.220e+01 1 0)
s>                    ( - 6.678e+00 1 0)))))INFO: dtree.c(1439): stop. leaf nodes are specific
INFO: dtree.c(1478): Final simple tree
|( WDBNDRY_I 0 1.109e+03 1.073e+02 6.149e+01
|    ( - 1.320e+02 2 0)
|    ( QUESTION0 -1 8.701e+02 7.661e+01 4.948e+01
|        ( WDBNDRY_B 0 7.049e+02 3.809e+01 4.045e+01
|            ( - 6.530e+02 5 0)
|            ( - 1.379e+01 1 0))
|        ( QUESTION16 -1 8.862e+01 2.739e+01 9.036e+00
|            ( - 2.710e+01 1 0)
|            ( QUESTION2 -1 3.413e+01 1.309e+01 5.041e+00
|                ( - 5.487e+00 1 0)
|                ( - 1.555e+01 1 0)))))
s>    ( WDBNDRY_I 0 1.109e+03 1.073e+02 6.149e+01
s>        ( - 1.320e+02 2 0)
s>        ( QUESTION0 -1 8.701e+02 7.661e+01 4.948e+01
s>            ( WDBNDRY_B 0 7.049e+02 3.809e+01 4.045e+01
s>                ( - 6.530e+02 5 0)
s>                ( - 1.379e+01 1 0))
s>            ( QUESTION16 -1 8.862e+01 2.739e+01 9.036e+00
s>                ( - 2.710e+01 1 0)
s>                ( QUESTION2 -1 3.413e+01 1.309e+01 5.041e+00
s>                    ( - 5.487e+00 1 0)
s>                    ( - 1.555e+01 1 0)))))INFO: dtree.c(1315): Comp split 13
INFO: dtree.c(1439): stop. leaf nodes are specific
INFO: dtree.c(1478): Final simple tree
|( QUESTION6 -1 9.055e+02 1.152e+02 5.773e+01
|    ( - 4.227e+02 3 0)
|    ( QUESTION17 -1 3.675e+02 5.798e+01 2.851e+01
|        ( - 1.474e+02 1 0)
|        ( QUESTION2_0_L -1 1.621e+02 4.869e+01 1.400e+01
|            ( QUESTION4 -1 7.418e+01 2.482e+01 8.999e+00
|                ( - 1.892e+01 1 0)
|                ( - 3.044e+01 1 0))
|            ( QUESTION2_9_L -1 3.925e+01 1.892e+01 5.000e+00
|                ( - 8.342e+00 1 0)
|                ( - 1.199e+01 1 0)))))
s>    ( QUESTION6 -1 9.055e+02 1.152e+02 5.773e+01
s>        ( - 4.227e+02 3 0)
s>        ( QUESTION17 -1 3.675e+02 5.798e+01 2.851e+01
s>            ( - 1.474e+02 1 0)
s>            ( QUESTION2_0_L -1 1.621e+02 4.869e+01 1.400e+01
s>                ( QUESTION4 -1 7.418e+01 2.482e+01 8.999e+00
s>                    ( - 1.892e+01 1 0)
s>                    ( - 3.044e+01 1 0))
s>                ( QUESTION2_9_L -1 3.925e+01 1.892e+01 5.000e+00
s>                    ( - 8.342e+00 1 0)
s>                    ( - 1.199e+01 1 0)))))INFO: dtree.c(1439): stop. leaf nodes are specific
INFO: dtree.c(1478): Final simple tree
|( WDBNDRY_B 0 2.638e+03 1.118e+02 1.739e+02
|    ( - 2.351e+03 6 0)
|    ( - 1.745e+02 1 0))
s>    ( WDBNDRY_B 0 2.638e+03 1.118e+02 1.739e+02
s>        ( - 2.351e+03 6 0)
s>        ( - 1.745e+02 1 0))INFO: dtree.c(1315): Comp split 14
INFO: dtree.c(1439): stop. leaf nodes are specific
INFO: dtree.c(1478): Final simple tree
|( QUESTION7 -1 1.194e+03 1.346e+02 7.740e+01
|    ( - 4.662e+02 2 0)
|    ( QUESTION5 -1 5.931e+02 9.538e+01 3.986e+01
|        ( - 1.663e+02 1 0)
|        ( WDBNDRY_B 0 3.314e+02 4.741e+01 2.486e+01
|            ( - 2.428e+02 3 0)
|            ( - 4.123e+01 1 0))))
s>    ( QUESTION7 -1 1.194e+03 1.346e+02 7.740e+01
s>        ( - 4.662e+02 2 0)
s>        ( QUESTION5 -1 5.931e+02 9.538e+01 3.986e+01
s>            ( - 1.663e+02 1 0)
s>            ( WDBNDRY_B 0 3.314e+02 4.741e+01 2.486e+01
s>                ( - 2.428e+02 3 0)
s>                ( - 4.123e+01 1 0))))INFO: dtree.c(1439): stop. leaf nodes are specific
INFO: dtree.c(1478): Final simple tree
|( WDBNDRY_I 0 1.895e+03 5.700e+01 1.100e+02
|    ( - 1.796e+03 10 0)
|    ( WDBNDRY_E 0 4.256e+01 1.706e+01 5.000e+00
|        ( - 5.895e+00 1 0)
|        ( - 1.960e+01 1 0)))
s>    ( WDBNDRY_I 0 1.895e+03 5.700e+01 1.100e+02
s>        ( - 1.796e+03 10 0)
s>        ( WDBNDRY_E 0 4.256e+01 1.706e+01 5.000e+00
s>            ( - 5.895e+00 1 0)
s>            ( - 1.960e+01 1 0)))INFO: dtree.c(1315): Comp split 15
INFO: dtree.c(1439): stop. leaf nodes are specific
INFO: dtree.c(1478): Final simple tree
|( WDBNDRY_E 0 6.743e+02 1.096e+02 3.899e+01
|    ( - 2.372e+02 3 0)
|    ( WDBNDRY_S 0 3.275e+02 6.577e+01 2.208e+01
|        ( - 9.707e+01 5 0)
|        ( QUESTION0 -1 1.647e+02 3.636e+01 1.400e+01
|            ( - 6.154e+01 2 0)
|            ( WDBNDRY_B 0 6.678e+01 2.042e+01 6.977e+00
|                ( - 3.763e+01 1 0)
|                ( - 8.729e+00 1 0)))))
s>    ( WDBNDRY_E 0 6.743e+02 1.096e+02 3.899e+01
s>        ( - 2.372e+02 3 0)
s>        ( WDBNDRY_S 0 3.275e+02 6.577e+01 2.208e+01
s>            ( - 9.707e+01 5 0)
s>            ( QUESTION0 -1 1.647e+02 3.636e+01 1.400e+01
s>                ( - 6.154e+01 2 0)
s>                ( WDBNDRY_B 0 6.678e+01 2.042e+01 6.977e+00
s>                    ( - 3.763e+01 1 0)
s>                    ( - 8.729e+00 1 0)))))INFO: dtree.c(1439): stop. leaf nodes are specific
INFO: dtree.c(1478): Final simple tree
|( QUESTION0 -1 9.896e+02 1.327e+02 5.504e+01
|    ( - 5.389e+02 9 0)
|    ( QUESTION3 -1 3.179e+02 6.554e+01 2.300e+01
|        ( QUESTION16 -1 1.100e+02 3.383e+01 1.000e+01
|            ( - 3.622e+01 1 0)
|            ( QUESTION4 -1 3.991e+01 1.419e+01 5.001e+00
|                ( - 1.640e+01 1 0)
|                ( - 9.330e+00 1 0)))
|        ( SILENCE -1 1.424e+02 3.831e+01 1.300e+01
|            ( - 7.673e+01 1 0)
|            ( QUESTION2_12_L -1 2.737e+01 1.278e+01 4.000e+00
|                ( - 1.372e+01 1 0)
|                ( - 8.615e-01 1 0)))))
s>    ( QUESTION0 -1 9.896e+02 1.327e+02 5.504e+01
s>        ( - 5.389e+02 9 0)
s>        ( QUESTION3 -1 3.179e+02 6.554e+01 2.300e+01
s>            ( QUESTION16 -1 1.100e+02 3.383e+01 1.000e+01
s>                ( - 3.622e+01 1 0)
s>                ( QUESTION4 -1 3.991e+01 1.419e+01 5.001e+00
s>                    ( - 1.640e+01 1 0)
s>                    ( - 9.330e+00 1 0)))
s>            ( SILENCE -1 1.424e+02 3.831e+01 1.300e+01
s>                ( - 7.673e+01 1 0)
s>                ( QUESTION2_12_L -1 2.737e+01 1.278e+01 4.000e+00
s>                    ( - 1.372e+01 1 0)
s>                    ( - 8.615e-01 1 0)))))INFO: dtree.c(1315): Comp split 16
INFO: dtree.c(1439): stop. leaf nodes are specific
INFO: dtree.c(1478): Final simple tree
|( WDBNDRY_B 0 1.185e+03 8.138e+01 6.394e+01
|    ( - 7.281e+01 2 0)
|    ( - 1.031e+03 9 0))
s>    ( WDBNDRY_B 0 1.185e+03 8.138e+01 6.394e+01
s>        ( - 7.281e+01 2 0)
s>        ( - 1.031e+03 9 0))INFO: dtree.c(1439): stop. leaf nodes are specific
INFO: dtree.c(1478): Final simple tree
|( WDBNDRY_E 0 6.122e+02 8.738e+01 3.500e+01
|    ( - 4.086e+02 6 0)
|    ( QUESTION2_2_L -1 1.163e+02 3.728e+01 1.000e+01
|        ( - 3.021e+01 1 0)
|        ( WDBNDRY_B 0 4.881e+01 1.861e+01 5.000e+00
|            ( - 1.973e+01 1 0)
|            ( - 1.047e+01 1 0))))
s>    ( WDBNDRY_E 0 6.122e+02 8.738e+01 3.500e+01
s>        ( - 4.086e+02 6 0)
s>        ( QUESTION2_2_L -1 1.163e+02 3.728e+01 1.000e+01
s>            ( - 3.021e+01 1 0)
s>            ( WDBNDRY_B 0 4.881e+01 1.861e+01 5.000e+00
s>                ( - 1.973e+01 1 0)
s>                ( - 1.047e+01 1 0))))INFO: dtree.c(1315): Comp split 17
INFO: dtree.c(1439): stop. leaf nodes are specific
INFO: dtree.c(1478): Final simple tree
|( WDBNDRY_B 0 4.765e+02 6.632e+01 2.898e+01
|    ( - 3.160e+01 1 0)
|    ( - 3.786e+02 9 0))
s>    ( WDBNDRY_B 0 4.765e+02 6.632e+01 2.898e+01
s>        ( - 3.160e+01 1 0)
s>        ( - 3.786e+02 9 0))INFO: dtree.c(1439): stop. leaf nodes are specific
INFO: dtree.c(1478): Final simple tree
|( QUESTION0 -1 1.625e+03 4.539e+01 9.320e+01
|    ( - 1.564e+03 9 0)
|    ( - 1.575e+01 1 0))
s>    ( QUESTION0 -1 1.625e+03 4.539e+01 9.320e+01
s>        ( - 1.564e+03 9 0)
s>        ( - 1.575e+01 1 0))INFO: dtree.c(1315): Comp split 18
INFO: dtree.c(1439): stop. leaf nodes are specific
INFO: dtree.c(1478): Final simple tree
|( QUESTION2_15_L -1 7.164e+02 9.890e+01 4.888e+01
|    ( - 2.985e+02 3 0)
|    ( QUESTION2_2_L -1 3.190e+02 5.432e+01 2.499e+01
|        ( - 4.220e+01 1 0)
|        ( QUESTION2_12_L -1 2.225e+02 3.661e+01 1.899e+01
|            ( - 7.573e+01 3 0)
|            ( WDBNDRY_B 0 1.102e+02 3.173e+01 1.099e+01
|                ( - 5.698e+01 1 0)
|                ( - 2.144e+01 1 0)))))
s>    ( QUESTION2_15_L -1 7.164e+02 9.890e+01 4.888e+01
s>        ( - 2.985e+02 3 0)
s>        ( QUESTION2_2_L -1 3.190e+02 5.432e+01 2.499e+01
s>            ( - 4.220e+01 1 0)
s>            ( QUESTION2_12_L -1 2.225e+02 3.661e+01 1.899e+01
s>                ( - 7.573e+01 3 0)
s>                ( WDBNDRY_B 0 1.102e+02 3.173e+01 1.099e+01
s>                    ( - 5.698e+01 1 0)
s>                    ( - 2.144e+01 1 0)))))INFO: dtree.c(1439): stop. leaf nodes are specific
INFO: dtree.c(1478): Final simple tree
|( WDBNDRY_S 0 4.926e+02 9.138e+01 3.678e+01
|    ( - 2.095e+02 3 0)
|    ( WDBNDRY_B 0 1.917e+02 3.207e+01 1.780e+01
|        ( - 1.530e+02 2 0)
|        ( - 6.678e+00 1 0)))
s>    ( WDBNDRY_S 0 4.926e+02 9.138e+01 3.678e+01
s>        ( - 2.095e+02 3 0)
s>        ( WDBNDRY_B 0 1.917e+02 3.207e+01 1.780e+01
s>            ( - 1.530e+02 2 0)
s>            ( - 6.678e+00 1 0)))INFO: dtree.c(1315): Comp split 19
INFO: dtree.c(1439): stop. leaf nodes are specific
INFO: dtree.c(1478): Final simple tree
|( QUESTION0 1 6.336e+02 9.292e+01 4.036e+01
|    ( WDBNDRY_B 0 3.442e+02 3.631e+01 2.506e+01
|        ( - 1.663e+01 1 0)
|        ( - 2.913e+02 3 0))
|    ( QUESTION0 -1 1.965e+02 2.718e+01 1.530e+01
|        ( - 1.652e+02 2 0)
|        ( - 4.053e+00 1 0)))
s>    ( QUESTION0 1 6.336e+02 9.292e+01 4.036e+01
s>        ( WDBNDRY_B 0 3.442e+02 3.631e+01 2.506e+01
s>            ( - 1.663e+01 1 0)
s>            ( - 2.913e+02 3 0))
s>        ( QUESTION0 -1 1.965e+02 2.718e+01 1.530e+01
s>            ( - 1.652e+02 2 0)
s>            ( - 4.053e+00 1 0)))INFO: dtree.c(1439): stop. leaf nodes are specific
INFO: dtree.c(1478): Final simple tree
|( QUESTION6 -1 4.629e+02 8.247e+01 3.198e+01
|    ( - 1.663e+02 2 0)
|    ( QUESTION0 1 2.141e+02 4.808e+01 1.599e+01
|        ( WDBNDRY_B 0 6.431e+01 1.807e+01 6.994e+00
|            ( - 3.582e+01 1 0)
|            ( - 1.042e+01 1 0))
|        ( WDBNDRY_B 0 1.017e+02 3.126e+01 9.000e+00
|            ( QUESTION2 -1 5.035e+01 1.881e+01 6.000e+00
|                ( - 1.776e+01 1 0)
|                ( - 1.378e+01 1 0))
|            ( - 2.010e+01 1 0))))
s>    ( QUESTION6 -1 4.629e+02 8.247e+01 3.198e+01
s>        ( - 1.663e+02 2 0)
s>        ( QUESTION0 1 2.141e+02 4.808e+01 1.599e+01
s>            ( WDBNDRY_B 0 6.431e+01 1.807e+01 6.994e+00
s>                ( - 3.582e+01 1 0)
s>                ( - 1.042e+01 1 0))
s>            ( WDBNDRY_B 0 1.017e+02 3.126e+01 9.000e+00
s>                ( QUESTION2 -1 5.035e+01 1.881e+01 6.000e+00
s>                    ( - 1.776e+01 1 0)
s>                    ( - 1.378e+01 1 0))
s>                ( - 2.010e+01 1 0))))INFO: dtree.c(1315): Comp split 20
INFO: dtree.c(1478): Final simple tree
|( WDBNDRY_B 0 5.022e+02 9.815e+01 3.046e+01
|    ( QUESTION0_5_R 1 2.282e+02 5.489e+01 1.698e+01
|        ( QUESTION0 -1 1.270e+02 2.554e+01 1.099e+01
|            ( - 9.777e+01 3 0)
|            ( - 3.687e+00 1 0))
|        ( QUESTION0_0_R 1 4.630e+01 2.374e+01 5.997e+00
|            ( - 1.338e+01 1 0)
|            ( - 9.177e+00 1 0)))
|    ( QUESTION0 1 1.759e+02 4.379e+01 1.348e+01
|        ( QUESTION0_5_R 1 1.002e+02 3.062e+01 9.479e+00
|            ( - 4.386e+01 1 0)
|            ( WDBNDRY_E 0 2.574e+01 1.379e+01 4.449e+00
|                ( - 4.355e-01 1 0)
|                ( - 1.152e+01 1 0)))
|        ( - 3.185e+01 3 0 WDBNDRY_S 0 1.373e+01 4.000e+00)))
s>    ( WDBNDRY_B 0 5.022e+02 9.815e+01 3.046e+01
s>        ( QUESTION0_5_R 1 2.282e+02 5.489e+01 1.698e+01
s>            ( QUESTION0 -1 1.270e+02 2.554e+01 1.099e+01
s>                ( - 9.777e+01 3 0)
s>                ( - 3.687e+00 1 0))
s>            ( QUESTION0_0_R 1 4.630e+01 2.374e+01 5.997e+00
s>                ( - 1.338e+01 1 0)
s>                ( - 9.177e+00 1 0)))
s>        ( QUESTION0 1 1.759e+02 4.379e+01 1.348e+01
s>            ( QUESTION0_5_R 1 1.002e+02 3.062e+01 9.479e+00
s>                ( - 4.386e+01 1 0)
s>                ( WDBNDRY_E 0 2.574e+01 1.379e+01 4.449e+00
s>                    ( - 4.355e-01 1 0)
s>                    ( - 1.152e+01 1 0)))
s>            ( - 3.185e+01 3 0 WDBNDRY_S 0 1.373e+01 4.000e+00)))INFO: dtree.c(1478): Final simple tree
|( QUESTION0 -1 6.084e+02 9.759e+01 3.760e+01
|    ( WDBNDRY_B 0 2.899e+02 5.617e+01 2.099e+01
|        ( QUESTION0_7_R 1 1.484e+02 3.495e+01 1.202e+01
|            ( - 7.135e+01 3 0)
|            ( - 4.209e+01 2 0))
|        ( WDBNDRY_S 0 8.531e+01 2.489e+01 8.972e+00
|            ( - 4.714e+01 3 0)
|            ( - 1.328e+01 1 0)))
|    ( QUESTION6 -1 2.209e+02 5.607e+01 1.660e+01
|        ( QUESTION0_5_R 1 1.078e+02 3.376e+01 9.971e+00
|            ( WDBNDRY_B 0 4.715e+01 2.204e+01 5.980e+00
|                ( - 1.928e+01 1 0)
|                ( - 5.823e+00 1 0))
|            ( - 2.684e+01 2 0 QUESTION0_7_R 1 1.589e+01 3.990e+00))
|        ( - 5.708e+01 3 0 WDBNDRY_B 0 1.623e+01 6.634e+00)))
s>    ( QUESTION0 -1 6.084e+02 9.759e+01 3.760e+01
s>        ( WDBNDRY_B 0 2.899e+02 5.617e+01 2.099e+01
s>            ( QUESTION0_7_R 1 1.484e+02 3.495e+01 1.202e+01
s>                ( - 7.135e+01 3 0)
s>                ( - 4.209e+01 2 0))
s>            ( WDBNDRY_S 0 8.531e+01 2.489e+01 8.972e+00
s>                ( - 4.714e+01 3 0)
s>                ( - 1.328e+01 1 0)))
s>        ( QUESTION6 -1 2.209e+02 5.607e+01 1.660e+01
s>            ( QUESTION0_5_R 1 1.078e+02 3.376e+01 9.971e+00
s>                ( WDBNDRY_B 0 4.715e+01 2.204e+01 5.980e+00
s>                    ( - 1.928e+01 1 0)
s>                    ( - 5.823e+00 1 0))
s>                ( - 2.684e+01 2 0 QUESTION0_7_R 1 1.589e+01 3.990e+00))
s>            ( - 5.708e+01 3 0 WDBNDRY_B 0 1.623e+01 6.634e+00)))INFO: dtree.c(1315): Comp split 21
INFO: dtree.c(1439): stop. leaf nodes are specific
INFO: dtree.c(1478): Final simple tree
|( QUESTION0 -1 5.904e+02 6.834e+01 3.692e+01
|    ( - 4.599e+02 3 0)
|    ( QUESTION4 -1 6.216e+01 1.702e+01 7.000e+00
|        ( - 9.071e+00 1 0)
|        ( - 3.608e+01 1 0)))
s>    ( QUESTION0 -1 5.904e+02 6.834e+01 3.692e+01
s>        ( - 4.599e+02 3 0)
s>        ( QUESTION4 -1 6.216e+01 1.702e+01 7.000e+00
s>            ( - 9.071e+00 1 0)
s>            ( - 3.608e+01 1 0)))INFO: dtree.c(1439): stop. leaf nodes are specific
INFO: dtree.c(1478): Final simple tree
|( WDBNDRY_B 0 5.391e+02 8.879e+01 3.250e+01
|    ( QUESTION0 -1 3.390e+02 3.473e+01 2.350e+01
|        ( - 2.954e+02 4 0)
|        ( - 8.908e+00 2 0))
|    ( QUESTION4 1 1.113e+02 3.314e+01 8.995e+00
|        ( WDBNDRY_E 0 5.795e+01 1.899e+01 5.995e+00
|            ( - 2.904e+01 2 0)
|            ( QUESTION6 -1 9.922e+00 8.090e+00 2.000e+00
|                ( - 1.697e+00 1 0)
|                ( - 1.343e-01 1 0)))
|        ( WDBNDRY_E 0 2.025e+01 1.111e+01 3.000e+00
|            ( - 8.727e+00 1 0)
|            ( - 4.069e-01 1 0))))
s>    ( WDBNDRY_B 0 5.391e+02 8.879e+01 3.250e+01
s>        ( QUESTION0 -1 3.390e+02 3.473e+01 2.350e+01
s>            ( - 2.954e+02 4 0)
s>            ( - 8.908e+00 2 0))
s>        ( QUESTION4 1 1.113e+02 3.314e+01 8.995e+00
s>            ( WDBNDRY_E 0 5.795e+01 1.899e+01 5.995e+00
s>                ( - 2.904e+01 2 0)
s>                ( QUESTION6 -1 9.922e+00 8.090e+00 2.000e+00
s>                    ( - 1.697e+00 1 0)
s>                    ( - 1.343e-01 1 0)))
s>            ( WDBNDRY_E 0 2.025e+01 1.111e+01 3.000e+00
s>                ( - 8.727e+00 1 0)
s>                ( - 4.069e-01 1 0))))INFO: dtree.c(1315): Comp split 22
INFO: dtree.c(1439): stop. leaf nodes are specific
INFO: dtree.c(1478): Final simple tree
|( WDBNDRY_B 0 6.672e+02 5.358e+01 4.190e+01
|    ( - 5.786e+02 5 0)
|    ( - 3.496e+01 1 0))
s>    ( WDBNDRY_B 0 6.672e+02 5.358e+01 4.190e+01
s>        ( - 5.786e+02 5 0)
s>        ( - 3.496e+01 1 0))INFO: dtree.c(1439): stop. leaf nodes are specific
INFO: dtree.c(1478): Final simple tree
|( QUESTION0 -1 4.749e+02 7.798e+01 2.919e+01
|    ( WDBNDRY_E 0 2.872e+02 5.360e+01 2.017e+01
|        ( QUESTION16 1 1.471e+02 3.137e+01 1.210e+01
|            ( - 7.182e+00 1 0)
|            ( - 1.085e+02 3 0))
|        ( QUESTION16 1 8.651e+01 2.984e+01 8.073e+00
|            ( - 2.149e+01 1 0)
|            ( - 3.518e+01 2 0)))
|    ( QUESTION5 -1 1.097e+02 3.315e+01 9.015e+00
|        ( - 2.224e+01 1 0)
|        ( QUESTION2 -1 5.434e+01 2.169e+01 6.015e+00
|            ( - 1.074e+01 1 0)
|            ( - 2.191e+01 1 0))))
s>    ( QUESTION0 -1 4.749e+02 7.798e+01 2.919e+01
s>        ( WDBNDRY_E 0 2.872e+02 5.360e+01 2.017e+01
s>            ( QUESTION16 1 1.471e+02 3.137e+01 1.210e+01
s>                ( - 7.182e+00 1 0)
s>                ( - 1.085e+02 3 0))
s>            ( QUESTION16 1 8.651e+01 2.984e+01 8.073e+00
s>                ( - 2.149e+01 1 0)
s>                ( - 3.518e+01 2 0)))
s>        ( QUESTION5 -1 1.097e+02 3.315e+01 9.015e+00
s>            ( - 2.224e+01 1 0)
s>            ( QUESTION2 -1 5.434e+01 2.169e+01 6.015e+00
s>                ( - 1.074e+01 1 0)
s>                ( - 2.191e+01 1 0))))INFO: dtree.c(1315): Comp split 23
INFO: dtree.c(1439): stop. leaf nodes are specific
INFO: dtree.c(1478): Final simple tree
|( WDBNDRY_E 0 4.813e+02 7.716e+01 3.500e+01
|    ( QUESTION0_18_R 1 2.241e+02 2.886e+01 1.996e+01
|        ( - 1.646e+01 1 0)
|        ( - 1.788e+02 4 0))
|    ( WDBNDRY_S 0 1.801e+02 3.943e+01 1.504e+01
|        ( QUESTION4 -1 9.192e+01 2.674e+01 8.035e+00
|            ( - 4.196e+01 1 0)
|            ( QUESTION6 -1 2.322e+01 1.122e+01 3.035e+00
|                ( - 2.313e+00 1 0)
|                ( - 9.686e+00 1 0)))
|        ( - 4.870e+01 2 0)))
s>    ( WDBNDRY_E 0 4.813e+02 7.716e+01 3.500e+01
s>        ( QUESTION0_18_R 1 2.241e+02 2.886e+01 1.996e+01
s>            ( - 1.646e+01 1 0)
s>            ( - 1.788e+02 4 0))
s>        ( WDBNDRY_S 0 1.801e+02 3.943e+01 1.504e+01
s>            ( QUESTION4 -1 9.192e+01 2.674e+01 8.035e+00
s>                ( - 4.196e+01 1 0)
s>                ( QUESTION6 -1 2.322e+01 1.122e+01 3.035e+00
s>                    ( - 2.313e+00 1 0)
s>                    ( - 9.686e+00 1 0)))
s>            ( - 4.870e+01 2 0)))INFO: dtree.c(1439): stop. leaf nodes are specific
INFO: dtree.c(1478): Final simple tree
|( QUESTION0_18_R 1 4.557e+02 8.259e+01 3.100e+01
|    ( WDBNDRY_S 0 2.201e+02 4.245e+01 1.800e+01
|        ( - 2.270e+01 1 0)
|        ( QUESTION0_19_R 1 1.550e+02 3.881e+01 1.400e+01
|            ( - 9.522e+01 3 0)
|            ( - 2.095e+01 1 0)))
|    ( - 1.530e+02 4 0))
s>    ( QUESTION0_18_R 1 4.557e+02 8.259e+01 3.100e+01
s>        ( WDBNDRY_S 0 2.201e+02 4.245e+01 1.800e+01
s>            ( - 2.270e+01 1 0)
s>            ( QUESTION0_19_R 1 1.550e+02 3.881e+01 1.400e+01
s>                ( - 9.522e+01 3 0)
s>                ( - 2.095e+01 1 0)))
s>        ( - 1.530e+02 4 0))INFO: dtree.c(1315): Comp split 24
INFO: dtree.c(1439): stop. leaf nodes are specific
INFO: dtree.c(1478): Final simple tree
|( WDBNDRY_I 0 7.175e+02 9.882e+01 4.561e+01
|    ( - 2.998e+02 5 0)
|    ( WDBNDRY_E 0 3.189e+02 4.918e+01 2.198e+01
|        ( - 6.843e+01 2 0)
|        ( - 2.013e+02 4 0)))
s>    ( WDBNDRY_I 0 7.175e+02 9.882e+01 4.561e+01
s>        ( - 2.998e+02 5 0)
s>        ( WDBNDRY_E 0 3.189e+02 4.918e+01 2.198e+01
s>            ( - 6.843e+01 2 0)
s>            ( - 2.013e+02 4 0)))INFO: dtree.c(1478): Final simple tree
|( QUESTION0 -1 1.945e+02 4.968e+01 1.309e+01
|    ( WDBNDRY_S 0 7.740e+01 2.273e+01 7.091e+00
|        ( - 2.089e+01 2 0)
|        ( WDBNDRY_E 0 3.378e+01 1.451e+01 4.092e+00
|            ( - 9.848e+00 2 0)
|            ( - 9.426e+00 2 0)))
|    ( QUESTION0_12_R 1 6.737e+01 2.269e+01 6.000e+00
|        ( WDBNDRY_S 0 3.440e+01 1.616e+01 4.000e+00
|            ( - 8.823e+00 2 0 QUESTION2_2_L -1 8.000e+00 2.000e+00)
|            ( WDBNDRY_B 0 9.415e+00 8.087e+00 2.000e+00
|                ( - 1.153e+00 1 0)
|                ( - 1.748e-01 1 0)))
|        ( QUESTION2 -1 1.029e+01 8.237e+00 2.000e+00
|            ( - 1.091e+00 1 0)
|            ( - 9.601e-01 1 0))))
s>    ( QUESTION0 -1 1.945e+02 4.968e+01 1.309e+01
s>        ( WDBNDRY_S 0 7.740e+01 2.273e+01 7.091e+00
s>            ( - 2.089e+01 2 0)
s>            ( WDBNDRY_E 0 3.378e+01 1.451e+01 4.092e+00
s>                ( - 9.848e+00 2 0)
s>                ( - 9.426e+00 2 0)))
s>        ( QUESTION0_12_R 1 6.737e+01 2.269e+01 6.000e+00
s>            ( WDBNDRY_S 0 3.440e+01 1.616e+01 4.000e+00
s>                ( - 8.823e+00 2 0 QUESTION2_2_L -1 8.000e+00 2.000e+00)
s>                ( WDBNDRY_B 0 9.415e+00 8.087e+00 2.000e+00
s>                    ( - 1.153e+00 1 0)
s>                    ( - 1.748e-01 1 0)))
s>            ( QUESTION2 -1 1.029e+01 8.237e+00 2.000e+00
s>                ( - 1.091e+00 1 0)
s>                ( - 9.601e-01 1 0))))INFO: dtree.c(1315): Comp split 25
INFO: dtree.c(1439): stop. leaf nodes are specific
INFO: dtree.c(1478): Final simple tree
|( QUESTION5 -1 5.931e+02 9.538e+01 3.986e+01
|    ( - 1.663e+02 1 0)
|    ( WDBNDRY_B 0 3.314e+02 4.741e+01 2.486e+01
|        ( - 2.428e+02 3 0)
|        ( - 4.123e+01 1 0)))
s>    ( QUESTION5 -1 5.931e+02 9.538e+01 3.986e+01
s>        ( - 1.663e+02 1 0)
s>        ( WDBNDRY_B 0 3.314e+02 4.741e+01 2.486e+01
s>            ( - 2.428e+02 3 0)
s>            ( - 4.123e+01 1 0)))INFO: dtree.c(1315): Comp split 26
INFO: dtree.c(1439): stop. leaf nodes are specific
INFO: dtree.c(1478): Final simple tree
|( QUESTION3 -1 3.179e+02 6.554e+01 2.300e+01
|    ( QUESTION16 -1 1.100e+02 3.383e+01 1.000e+01
|        ( - 3.622e+01 1 0)
|        ( QUESTION4 -1 3.991e+01 1.419e+01 5.001e+00
|            ( - 1.640e+01 1 0)
|            ( - 9.330e+00 1 0)))
|    ( SILENCE -1 1.424e+02 3.831e+01 1.300e+01
|        ( - 7.673e+01 1 0)
|        ( QUESTION2_12_L -1 2.737e+01 1.278e+01 4.000e+00
|            ( - 1.372e+01 1 0)
|            ( - 8.615e-01 1 0))))
s>    ( QUESTION3 -1 3.179e+02 6.554e+01 2.300e+01
s>        ( QUESTION16 -1 1.100e+02 3.383e+01 1.000e+01
s>            ( - 3.622e+01 1 0)
s>            ( QUESTION4 -1 3.991e+01 1.419e+01 5.001e+00
s>                ( - 1.640e+01 1 0)
s>                ( - 9.330e+00 1 0)))
s>        ( SILENCE -1 1.424e+02 3.831e+01 1.300e+01
s>            ( - 7.673e+01 1 0)
s>            ( QUESTION2_12_L -1 2.737e+01 1.278e+01 4.000e+00
s>                ( - 1.372e+01 1 0)
s>                ( - 8.615e-01 1 0))))INFO: dtree.c(1315): Comp split 27
INFO: dtree.c(1439): stop. leaf nodes are specific
INFO: dtree.c(1478): Final simple tree
|( WDBNDRY_I 0 3.299e+02 7.145e+01 2.404e+01
|    ( - 1.320e+02 2 0)
|    ( QUESTION16 -1 1.264e+02 3.465e+01 1.204e+01
|        ( - 2.710e+01 1 0)
|        ( QUESTION2 -1 6.467e+01 1.753e+01 8.041e+00
|            ( - 5.487e+00 1 0)
|            ( WDBNDRY_B 0 4.165e+01 1.231e+01 6.000e+00
|                ( - 1.555e+01 1 0)
|                ( - 1.379e+01 1 0)))))
s>    ( WDBNDRY_I 0 3.299e+02 7.145e+01 2.404e+01
s>        ( - 1.320e+02 2 0)
s>        ( QUESTION16 -1 1.264e+02 3.465e+01 1.204e+01
s>            ( - 2.710e+01 1 0)
s>            ( QUESTION2 -1 6.467e+01 1.753e+01 8.041e+00
s>                ( - 5.487e+00 1 0)
s>                ( WDBNDRY_B 0 4.165e+01 1.231e+01 6.000e+00
s>                    ( - 1.555e+01 1 0)
s>                    ( - 1.379e+01 1 0)))))INFO: dtree.c(1315): Comp split 28
INFO: dtree.c(1439): stop. leaf nodes are specific
INFO: dtree.c(1478): Final simple tree
|( QUESTION6 -1 5.052e+02 5.207e+01 3.422e+01
|    ( - 4.227e+02 3 0)
|    ( - 3.044e+01 1 0))
s>    ( QUESTION6 -1 5.052e+02 5.207e+01 3.422e+01
s>        ( - 4.227e+02 3 0)
s>        ( - 3.044e+01 1 0))INFO: dtree.c(1439): stop. leaf nodes are specific
INFO: dtree.c(1478): Final simple tree
|( QUESTION2_0_L -1 2.810e+02 4.591e+01 2.351e+01
|    ( QUESTION4 -1 1.959e+02 2.953e+01 1.851e+01
|        ( - 1.892e+01 1 0)
|        ( - 1.474e+02 1 0))
|    ( QUESTION2_9_L -1 3.925e+01 1.892e+01 5.000e+00
|        ( - 8.342e+00 1 0)
|        ( - 1.199e+01 1 0)))
s>    ( QUESTION2_0_L -1 2.810e+02 4.591e+01 2.351e+01
s>        ( QUESTION4 -1 1.959e+02 2.953e+01 1.851e+01
s>            ( - 1.892e+01 1 0)
s>            ( - 1.474e+02 1 0))
s>        ( QUESTION2_9_L -1 3.925e+01 1.892e+01 5.000e+00
s>            ( - 8.342e+00 1 0)
s>            ( - 1.199e+01 1 0)))INFO: dtree.c(1315): Comp split 29
INFO: dtree.c(1315): Comp split 30
INFO: dtree.c(1315): Comp split 31
INFO: dtree.c(1439): stop. leaf nodes are specific
INFO: dtree.c(1478): Final simple tree
|( WDBNDRY_S 0 3.275e+02 6.577e+01 2.208e+01
|    ( - 9.707e+01 5 0)
|    ( QUESTION0 -1 1.647e+02 3.636e+01 1.400e+01
|        ( - 6.154e+01 2 0)
|        ( WDBNDRY_B 0 6.678e+01 2.042e+01 6.977e+00
|            ( - 3.763e+01 1 0)
|            ( - 8.729e+00 1 0))))
s>    ( WDBNDRY_S 0 3.275e+02 6.577e+01 2.208e+01
s>        ( - 9.707e+01 5 0)
s>        ( QUESTION0 -1 1.647e+02 3.636e+01 1.400e+01
s>            ( - 6.154e+01 2 0)
s>            ( WDBNDRY_B 0 6.678e+01 2.042e+01 6.977e+00
s>                ( - 3.763e+01 1 0)
s>                ( - 8.729e+00 1 0))))INFO: dtree.c(1315): Comp split 32
INFO: dtree.c(1439): stop. leaf nodes are specific
INFO: dtree.c(1478): Final simple tree
|( QUESTION2_12_L -1 2.225e+02 3.661e+01 1.899e+01
|    ( - 7.573e+01 3 0)
|    ( WDBNDRY_B 0 1.102e+02 3.173e+01 1.099e+01
|        ( - 5.698e+01 1 0)
|        ( - 2.144e+01 1 0)))
s>    ( QUESTION2_12_L -1 2.225e+02 3.661e+01 1.899e+01
s>        ( - 7.573e+01 3 0)
s>        ( WDBNDRY_B 0 1.102e+02 3.173e+01 1.099e+01
s>            ( - 5.698e+01 1 0)
s>            ( - 2.144e+01 1 0)))INFO: dtree.c(1439): stop. leaf nodes are specific
INFO: dtree.c(1478): Final simple tree
|( QUESTION2_2_L -1 3.895e+02 4.878e+01 2.990e+01
|    ( - 4.220e+01 1 0)
|    ( - 2.985e+02 3 0))
s>    ( QUESTION2_2_L -1 3.895e+02 4.878e+01 2.990e+01
s>        ( - 4.220e+01 1 0)
s>        ( - 2.985e+02 3 0))INFO: dtree.c(1315): Comp split 33
INFO: dtree.c(1439): stop. leaf nodes are specific
INFO: dtree.c(1478): Final simple tree
|( QUESTION0 -1 3.198e+02 2.440e+01 2.350e+01
|    ( - 2.913e+02 3 0)
|    ( - 4.053e+00 1 0))
s>    ( QUESTION0 -1 3.198e+02 2.440e+01 2.350e+01
s>        ( - 2.913e+02 3 0)
s>        ( - 4.053e+00 1 0))INFO: dtree.c(1439): stop. leaf nodes are specific
INFO: dtree.c(1478): Final simple tree
|( WDBNDRY_B 0 2.107e+02 2.882e+01 1.687e+01
|    ( - 1.663e+01 1 0)
|    ( - 1.652e+02 2 0))
s>    ( WDBNDRY_B 0 2.107e+02 2.882e+01 1.687e+01
s>        ( - 1.663e+01 1 0)
s>        ( - 1.652e+02 2 0))INFO: dtree.c(1315): Comp split 34
INFO: dtree.c(1439): stop. leaf nodes are specific
INFO: dtree.c(1478): Final simple tree
|( WDBNDRY_B 0 1.622e+02 4.133e+01 1.366e+01
|    ( QUESTION0_5_R 1 8.046e+01 2.997e+01 8.629e+00
|        ( - 1.928e+01 1 0)
|        ( - 3.121e+01 1 0))
|    ( WDBNDRY_S 0 4.043e+01 1.751e+01 5.027e+00
|        ( QUESTION0_5_R 1 9.638e+00 7.985e+00 2.000e+00
|            ( - 2.878e-01 1 0)
|            ( - 1.365e+00 1 0))
|        ( - 1.328e+01 1 0)))
s>    ( WDBNDRY_B 0 1.622e+02 4.133e+01 1.366e+01
s>        ( QUESTION0_5_R 1 8.046e+01 2.997e+01 8.629e+00
s>            ( - 1.928e+01 1 0)
s>            ( - 3.121e+01 1 0))
s>        ( WDBNDRY_S 0 4.043e+01 1.751e+01 5.027e+00
s>            ( QUESTION0_5_R 1 9.638e+00 7.985e+00 2.000e+00
s>                ( - 2.878e-01 1 0)
s>                ( - 1.365e+00 1 0))
s>            ( - 1.328e+01 1 0)))INFO: dtree.c(1439): stop. leaf nodes are specific
INFO: dtree.c(1478): Final simple tree
|( QUESTION0_8_R 1 3.439e+02 5.710e+01 2.394e+01
|    ( QUESTION0 -1 7.138e+01 2.231e+01 6.996e+00
|        ( - 4.209e+01 2 0)
|        ( - 6.985e+00 1 0))
|    ( QUESTION0 -1 2.155e+02 4.541e+01 1.695e+01
|        ( WDBNDRY_B 0 1.493e+02 3.079e+01 1.296e+01
|            ( - 7.135e+01 3 0)
|            ( - 4.714e+01 3 0))
|        ( WDBNDRY_B 0 2.078e+01 1.098e+01 3.986e+00
|            ( - 3.971e+00 1 0)
|            ( - 5.823e+00 1 0))))
s>    ( QUESTION0_8_R 1 3.439e+02 5.710e+01 2.394e+01
s>        ( QUESTION0 -1 7.138e+01 2.231e+01 6.996e+00
s>            ( - 4.209e+01 2 0)
s>            ( - 6.985e+00 1 0))
s>        ( QUESTION0 -1 2.155e+02 4.541e+01 1.695e+01
s>            ( WDBNDRY_B 0 1.493e+02 3.079e+01 1.296e+01
s>                ( - 7.135e+01 3 0)
s>                ( - 4.714e+01 3 0))
s>            ( WDBNDRY_B 0 2.078e+01 1.098e+01 3.986e+00
s>                ( - 3.971e+00 1 0)
s>                ( - 5.823e+00 1 0))))INFO: dtree.c(1315): Comp split 35
INFO: dtree.c(1439): stop. leaf nodes are specific
INFO: dtree.c(1478): Final simple tree
|( QUESTION0 1 2.268e+02 5.780e+01 1.648e+01
|    ( QUESTION0_5_R 1 1.002e+02 3.062e+01 9.479e+00
|        ( - 4.386e+01 1 0)
|        ( WDBNDRY_E 0 2.574e+01 1.379e+01 4.449e+00
|            ( - 4.355e-01 1 0)
|            ( - 1.152e+01 1 0)))
|    ( WDBNDRY_B 0 6.880e+01 2.358e+01 6.997e+00
|        ( - 1.338e+01 1 0)
|        ( WDBNDRY_S 0 3.185e+01 1.373e+01 4.000e+00
|            ( - 6.942e+00 1 0)
|            ( WDBNDRY_E 0 1.118e+01 8.118e+00 2.000e+00
|                ( - 2.575e+00 1 0)
|                ( - 4.839e-01 1 0)))))
s>    ( QUESTION0 1 2.268e+02 5.780e+01 1.648e+01
s>        ( QUESTION0_5_R 1 1.002e+02 3.062e+01 9.479e+00
s>            ( - 4.386e+01 1 0)
s>            ( WDBNDRY_E 0 2.574e+01 1.379e+01 4.449e+00
s>                ( - 4.355e-01 1 0)
s>                ( - 1.152e+01 1 0)))
s>        ( WDBNDRY_B 0 6.880e+01 2.358e+01 6.997e+00
s>            ( - 1.338e+01 1 0)
s>            ( WDBNDRY_S 0 3.185e+01 1.373e+01 4.000e+00
s>                ( - 6.942e+00 1 0)
s>                ( WDBNDRY_E 0 1.118e+01 8.118e+00 2.000e+00
s>                    ( - 2.575e+00 1 0)
s>                    ( - 4.839e-01 1 0)))))INFO: dtree.c(1439): stop. leaf nodes are specific
INFO: dtree.c(1478): Final simple tree
|( QUESTION0_0_R 1 1.758e+02 3.961e+01 1.399e+01
|    ( QUESTION0 -1 1.270e+02 2.554e+01 1.099e+01
|        ( - 9.777e+01 3 0)
|        ( - 3.687e+00 1 0))
|    ( - 9.177e+00 1 0))
s>    ( QUESTION0_0_R 1 1.758e+02 3.961e+01 1.399e+01
s>        ( QUESTION0 -1 1.270e+02 2.554e+01 1.099e+01
s>            ( - 9.777e+01 3 0)
s>            ( - 3.687e+00 1 0))
s>        ( - 9.177e+00 1 0))INFO: dtree.c(1315): Comp split 36
INFO: dtree.c(1439): stop. leaf nodes are specific
INFO: dtree.c(1478): Final simple tree
|( WDBNDRY_E 0 3.189e+02 4.918e+01 2.198e+01
|    ( - 6.843e+01 2 0)
|    ( - 2.013e+02 4 0))
s>    ( WDBNDRY_E 0 3.189e+02 4.918e+01 2.198e+01
s>        ( - 6.843e+01 2 0)
s>        ( - 2.013e+02 4 0))INFO: dtree.c(1315): Comp split 37
INFO: dtree.c(1439): stop. leaf nodes are specific
INFO: dtree.c(1478): Final simple tree
|( QUESTION4 1 1.476e+02 4.098e+01 1.100e+01
|    ( WDBNDRY_E 0 5.795e+01 1.899e+01 5.995e+00
|        ( - 2.904e+01 2 0)
|        ( QUESTION6 -1 9.922e+00 8.090e+00 2.000e+00
|            ( - 1.697e+00 1 0)
|            ( - 1.343e-01 1 0)))
|    ( WDBNDRY_E 0 4.867e+01 1.963e+01 5.000e+00
|        ( - 8.727e+00 1 0)
|        ( WDBNDRY_B 0 2.031e+01 1.100e+01 3.000e+00
|            ( - 8.908e+00 2 0)
|            ( - 4.069e-01 1 0))))
s>    ( QUESTION4 1 1.476e+02 4.098e+01 1.100e+01
s>        ( WDBNDRY_E 0 5.795e+01 1.899e+01 5.995e+00
s>            ( - 2.904e+01 2 0)
s>            ( QUESTION6 -1 9.922e+00 8.090e+00 2.000e+00
s>                ( - 1.697e+00 1 0)
s>                ( - 1.343e-01 1 0)))
s>        ( WDBNDRY_E 0 4.867e+01 1.963e+01 5.000e+00
s>            ( - 8.727e+00 1 0)
s>            ( WDBNDRY_B 0 2.031e+01 1.100e+01 3.000e+00
s>                ( - 8.908e+00 2 0)
s>                ( - 4.069e-01 1 0))))INFO: dtree.c(1315): Comp split 38
INFO: dtree.c(1439): stop. leaf nodes are specific
INFO: dtree.c(1478): Final simple tree
|( WDBNDRY_B 0 3.314e+02 4.741e+01 2.486e+01
|    ( - 2.428e+02 3 0)
|    ( - 4.123e+01 1 0))
s>    ( WDBNDRY_B 0 3.314e+02 4.741e+01 2.486e+01
s>        ( - 2.428e+02 3 0)
s>        ( - 4.123e+01 1 0))INFO: dtree.c(1315): Comp split 39
INFO: dtree.c(1439): stop. leaf nodes are specific
INFO: dtree.c(1478): Final simple tree
|( WDBNDRY_E 0 1.631e+02 3.309e+01 1.410e+01
|    ( - 1.085e+02 3 0)
|    ( - 2.149e+01 1 0))
s>    ( WDBNDRY_E 0 1.631e+02 3.309e+01 1.410e+01
s>        ( - 1.085e+02 3 0)
s>        ( - 2.149e+01 1 0))INFO: dtree.c(1439): stop. leaf nodes are specific
INFO: dtree.c(1478): Final simple tree
|( QUESTION2_0_L -1 2.169e+02 4.931e+01 1.509e+01
|    ( QUESTION0 -1 1.133e+02 2.788e+01 9.073e+00
|        ( WDBNDRY_E 0 6.313e+01 2.076e+01 6.073e+00
|            ( - 7.182e+00 1 0)
|            ( - 3.518e+01 2 0))
|        ( - 2.224e+01 1 0))
|    ( QUESTION2 -1 5.434e+01 2.169e+01 6.015e+00
|        ( - 1.074e+01 1 0)
|        ( - 2.191e+01 1 0)))
s>    ( QUESTION2_0_L -1 2.169e+02 4.931e+01 1.509e+01
s>        ( QUESTION0 -1 1.133e+02 2.788e+01 9.073e+00
s>            ( WDBNDRY_E 0 6.313e+01 2.076e+01 6.073e+00
s>                ( - 7.182e+00 1 0)
s>                ( - 3.518e+01 2 0))
s>            ( - 2.224e+01 1 0))
s>        ( QUESTION2 -1 5.434e+01 2.169e+01 6.015e+00
s>            ( - 1.074e+01 1 0)
s>            ( - 2.191e+01 1 0)))INFO: dtree.c(1315): Comp split 40
INFO: dtree.c(1439): stop. leaf nodes are specific
INFO: dtree.c(1478): Final simple tree
|( WDBNDRY_B 0 1.917e+02 3.207e+01 1.780e+01
|    ( - 1.530e+02 2 0)
|    ( - 6.678e+00 1 0))
s>    ( WDBNDRY_B 0 1.917e+02 3.207e+01 1.780e+01
s>        ( - 1.530e+02 2 0)
s>        ( - 6.678e+00 1 0))INFO: dtree.c(1315): Comp split 41
INFO: dtree.c(1439): stop. leaf nodes are specific
INFO: dtree.c(1478): Final simple tree
|( QUESTION2_2_L -1 1.163e+02 3.728e+01 1.000e+01
|    ( - 3.021e+01 1 0)
|    ( WDBNDRY_B 0 4.881e+01 1.861e+01 5.000e+00
|        ( - 1.973e+01 1 0)
|        ( - 1.047e+01 1 0)))
s>    ( QUESTION2_2_L -1 1.163e+02 3.728e+01 1.000e+01
s>        ( - 3.021e+01 1 0)
s>        ( WDBNDRY_B 0 4.881e+01 1.861e+01 5.000e+00
s>            ( - 1.973e+01 1 0)
s>            ( - 1.047e+01 1 0)))INFO: dtree.c(1315): Comp split 42
INFO: dtree.c(1439): stop. leaf nodes are specific
INFO: dtree.c(1478): Final simple tree
|( WDBNDRY_S 0 2.201e+02 4.245e+01 1.800e+01
|    ( - 2.270e+01 1 0)
|    ( QUESTION0_19_R 1 1.550e+02 3.881e+01 1.400e+01
|        ( - 9.522e+01 3 0)
|        ( - 2.095e+01 1 0)))
s>    ( WDBNDRY_S 0 2.201e+02 4.245e+01 1.800e+01
s>        ( - 2.270e+01 1 0)
s>        ( QUESTION0_19_R 1 1.550e+02 3.881e+01 1.400e+01
s>            ( - 9.522e+01 3 0)
s>            ( - 2.095e+01 1 0)))INFO: dtree.c(1315): Comp split 43
INFO: dtree.c(1439): stop. leaf nodes are specific
INFO: dtree.c(1478): Final simple tree
|( QUESTION0 1 2.141e+02 4.808e+01 1.599e+01
|    ( WDBNDRY_B 0 6.431e+01 1.807e+01 6.994e+00
|        ( - 3.582e+01 1 0)
|        ( - 1.042e+01 1 0))
|    ( WDBNDRY_B 0 1.017e+02 3.126e+01 9.000e+00
|        ( QUESTION2 -1 5.035e+01 1.881e+01 6.000e+00
|            ( - 1.776e+01 1 0)
|            ( - 1.378e+01 1 0))
|        ( - 2.010e+01 1 0)))
s>    ( QUESTION0 1 2.141e+02 4.808e+01 1.599e+01
s>        ( WDBNDRY_B 0 6.431e+01 1.807e+01 6.994e+00
s>            ( - 3.582e+01 1 0)
s>            ( - 1.042e+01 1 0))
s>        ( WDBNDRY_B 0 1.017e+02 3.126e+01 9.000e+00
s>            ( QUESTION2 -1 5.035e+01 1.881e+01 6.000e+00
s>                ( - 1.776e+01 1 0)
s>                ( - 1.378e+01 1 0))
s>            ( - 2.010e+01 1 0)))INFO: dtree.c(1315): Comp split 44
INFO: dtree.c(1315): Comp split 45
INFO: dtree.c(1439): stop. leaf nodes are specific
INFO: dtree.c(1478): Final simple tree
|( QUESTION0_18_R 1 2.419e+02 2.931e+01 2.096e+01
|    ( - 1.646e+01 1 0)
|    ( WDBNDRY_E 0 1.962e+02 1.510e+01 1.795e+01
|        ( - 1.788e+02 4 0)
|        ( - 2.313e+00 1 0)))
s>    ( QUESTION0_18_R 1 2.419e+02 2.931e+01 2.096e+01
s>        ( - 1.646e+01 1 0)
s>        ( WDBNDRY_E 0 1.962e+02 1.510e+01 1.795e+01
s>            ( - 1.788e+02 4 0)
s>            ( - 2.313e+00 1 0)))INFO: dtree.c(1439): stop. leaf nodes are specific
INFO: dtree.c(1478): Final simple tree
|( WDBNDRY_S 0 1.620e+02 3.858e+01 1.404e+01
|    ( QUESTION4 -1 7.471e+01 2.306e+01 7.035e+00
|        ( - 4.196e+01 1 0)
|        ( - 9.686e+00 1 0))
|    ( - 4.870e+01 2 0))
s>    ( WDBNDRY_S 0 1.620e+02 3.858e+01 1.404e+01
s>        ( QUESTION4 -1 7.471e+01 2.306e+01 7.035e+00
s>            ( - 4.196e+01 1 0)
s>            ( - 9.686e+00 1 0))
s>        ( - 4.870e+01 2 0))INFO: dtree.c(1315): Comp split 46
INFO: dtree.c(1439): stop. leaf nodes are specific
INFO: dtree.c(1478): Final simple tree
|( QUESTION16 -1 1.264e+02 3.465e+01 1.204e+01
|    ( - 2.710e+01 1 0)
|    ( QUESTION2 -1 6.467e+01 1.753e+01 8.041e+00
|        ( - 5.487e+00 1 0)
|        ( WDBNDRY_B 0 4.165e+01 1.231e+01 6.000e+00
|            ( - 1.555e+01 1 0)
|            ( - 1.379e+01 1 0))))
s>    ( QUESTION16 -1 1.264e+02 3.465e+01 1.204e+01
s>        ( - 2.710e+01 1 0)
s>        ( QUESTION2 -1 6.467e+01 1.753e+01 8.041e+00
s>            ( - 5.487e+00 1 0)
s>            ( WDBNDRY_B 0 4.165e+01 1.231e+01 6.000e+00
s>                ( - 1.555e+01 1 0)
s>                ( - 1.379e+01 1 0))))INFO: dtree.c(1315): Comp split 47
INFO: dtree.c(1439): stop. leaf nodes are specific
INFO: dtree.c(1478): Final simple tree
|( QUESTION2 -1 9.392e+01 2.664e+01 9.000e+00
|    ( QUESTION2_12_L -1 2.737e+01 1.278e+01 4.000e+00
|        ( - 1.372e+01 1 0)
|        ( - 8.615e-01 1 0))
|    ( QUESTION4 -1 3.991e+01 1.419e+01 5.001e+00
|        ( - 1.640e+01 1 0)
|        ( - 9.330e+00 1 0)))
s>    ( QUESTION2 -1 9.392e+01 2.664e+01 9.000e+00
s>        ( QUESTION2_12_L -1 2.737e+01 1.278e+01 4.000e+00
s>            ( - 1.372e+01 1 0)
s>            ( - 8.615e-01 1 0))
s>        ( QUESTION4 -1 3.991e+01 1.419e+01 5.001e+00
s>            ( - 1.640e+01 1 0)
s>            ( - 9.330e+00 1 0)))INFO: dtree.c(1439): stop. leaf nodes are specific
INFO: dtree.c(1478): Final simple tree
|( SILENCE -1 1.553e+02 4.231e+01 1.400e+01
|    ( - 7.673e+01 1 0)
|    ( - 3.622e+01 1 0))
s>    ( SILENCE -1 1.553e+02 4.231e+01 1.400e+01
s>        ( - 7.673e+01 1 0)
s>        ( - 3.622e+01 1 0))INFO: dtree.c(1315): Comp split 48
INFO: dtree.c(1439): stop. leaf nodes are specific
INFO: dtree.c(1478): Final simple tree
|( QUESTION4 -1 6.216e+01 1.702e+01 7.000e+00
|    ( - 9.071e+00 1 0)
|    ( - 3.608e+01 1 0))
s>    ( QUESTION4 -1 6.216e+01 1.702e+01 7.000e+00
s>        ( - 9.071e+00 1 0)
s>        ( - 3.608e+01 1 0))INFO: dtree.c(1315): Comp split 49
INFO: dtree.c(1315): Comp split 50
INFO: dtree.c(1439): stop. leaf nodes are specific
INFO: dtree.c(1478): Final simple tree
|( WDBNDRY_B 0 1.493e+02 3.079e+01 1.296e+01
|    ( - 7.135e+01 3 0)
|    ( - 4.714e+01 3 0))
s>    ( WDBNDRY_B 0 1.493e+02 3.079e+01 1.296e+01
s>        ( - 7.135e+01 3 0)
s>        ( - 4.714e+01 3 0))INFO: dtree.c(1439): stop. leaf nodes are specific
INFO: dtree.c(1478): Final simple tree
|( QUESTION0 -1 1.285e+02 3.684e+01 1.098e+01
|    ( - 4.209e+01 2 0)
|    ( QUESTION0_8_R 1 4.960e+01 2.184e+01 5.976e+00
|        ( - 6.985e+00 1 0)
|        ( WDBNDRY_B 0 2.078e+01 1.098e+01 3.986e+00
|            ( - 3.971e+00 1 0)
|            ( - 5.823e+00 1 0))))
s>    ( QUESTION0 -1 1.285e+02 3.684e+01 1.098e+01
s>        ( - 4.209e+01 2 0)
s>        ( QUESTION0_8_R 1 4.960e+01 2.184e+01 5.976e+00
s>            ( - 6.985e+00 1 0)
s>            ( WDBNDRY_B 0 2.078e+01 1.098e+01 3.986e+00
s>                ( - 3.971e+00 1 0)
s>                ( - 5.823e+00 1 0))))INFO: dtree.c(1315): Comp split 51
INFO: dtree.c(1439): stop. leaf nodes are specific
INFO: dtree.c(1478): Final simple tree
|( QUESTION0 -1 1.647e+02 3.636e+01 1.400e+01
|    ( - 6.154e+01 2 0)
|    ( WDBNDRY_B 0 6.678e+01 2.042e+01 6.977e+00
|        ( - 3.763e+01 1 0)
|        ( - 8.729e+00 1 0)))
s>    ( QUESTION0 -1 1.647e+02 3.636e+01 1.400e+01
s>        ( - 6.154e+01 2 0)
s>        ( WDBNDRY_B 0 6.678e+01 2.042e+01 6.977e+00
s>            ( - 3.763e+01 1 0)
s>            ( - 8.729e+00 1 0)))INFO: dtree.c(1315): Comp split 52
INFO: dtree.c(1439): stop. leaf nodes are specific
INFO: dtree.c(1478): Final simple tree
|( QUESTION0_7_R 1 8.622e+01 2.637e+01 7.997e+00
|    ( WDBNDRY_B 0 2.744e+01 1.148e+01 3.997e+00
|        ( - 1.338e+01 1 0)
|        ( - 2.575e+00 1 0))
|    ( WDBNDRY_S 0 3.241e+01 1.621e+01 4.000e+00
|        ( - 6.942e+00 1 0)
|        ( WDBNDRY_E 0 9.257e+00 8.338e+00 2.000e+00
|            ( - 4.355e-01 1 0)
|            ( - 4.839e-01 1 0))))
s>    ( QUESTION0_7_R 1 8.622e+01 2.637e+01 7.997e+00
s>        ( WDBNDRY_B 0 2.744e+01 1.148e+01 3.997e+00
s>            ( - 1.338e+01 1 0)
s>            ( - 2.575e+00 1 0))
s>        ( WDBNDRY_S 0 3.241e+01 1.621e+01 4.000e+00
s>            ( - 6.942e+00 1 0)
s>            ( WDBNDRY_E 0 9.257e+00 8.338e+00 2.000e+00
s>                ( - 4.355e-01 1 0)
s>                ( - 4.839e-01 1 0))))INFO: dtree.c(1439): stop. leaf nodes are specific
INFO: dtree.c(1478): Final simple tree
|( WDBNDRY_E 0 8.239e+01 2.701e+01 8.479e+00
|    ( - 4.386e+01 1 0)
|    ( - 1.152e+01 1 0))
s>    ( WDBNDRY_E 0 8.239e+01 2.701e+01 8.479e+00
s>        ( - 4.386e+01 1 0)
s>        ( - 1.152e+01 1 0))INFO: dtree.c(1315): Comp split 53
INFO: dtree.c(1439): stop. leaf nodes are specific
INFO: dtree.c(1478): Final simple tree
|( WDBNDRY_E 0 4.256e+01 1.706e+01 5.000e+00
|    ( - 5.895e+00 1 0)
|    ( - 1.960e+01 1 0))
s>    ( WDBNDRY_E 0 4.256e+01 1.706e+01 5.000e+00
s>        ( - 5.895e+00 1 0)
s>        ( - 1.960e+01 1 0))INFO: dtree.c(1315): Comp split 54
INFO: dtree.c(1439): stop. leaf nodes are specific
INFO: dtree.c(1478): Final simple tree
|( WDBNDRY_S 0 6.955e+01 2.590e+01 8.000e+00
|    ( - 2.270e+01 1 0)
|    ( - 2.095e+01 1 0))
s>    ( WDBNDRY_S 0 6.955e+01 2.590e+01 8.000e+00
s>        ( - 2.270e+01 1 0)
s>        ( - 2.095e+01 1 0))INFO: dtree.c(1315): Comp split 55
INFO: dtree.c(1315): Comp split 56
INFO: dtree.c(1315): Comp split 57
INFO: dtree.c(1439): stop. leaf nodes are specific
INFO: dtree.c(1478): Final simple tree
|( QUESTION0 -1 6.705e+01 2.113e+01 7.073e+00
|    ( - 3.518e+01 2 0)
|    ( - 1.074e+01 1 0))
s>    ( QUESTION0 -1 6.705e+01 2.113e+01 7.073e+00
s>        ( - 3.518e+01 2 0)
s>        ( - 1.074e+01 1 0))INFO: dtree.c(1439): stop. leaf nodes are specific
INFO: dtree.c(1478): Final simple tree
|( QUESTION4 -1 9.781e+01 3.114e+01 8.014e+00
|    ( - 2.191e+01 1 0)
|    ( WDBNDRY_E 0 4.476e+01 1.533e+01 5.000e+00
|        ( - 7.182e+00 1 0)
|        ( - 2.224e+01 1 0)))
s>    ( QUESTION4 -1 9.781e+01 3.114e+01 8.014e+00
s>        ( - 2.191e+01 1 0)
s>        ( WDBNDRY_E 0 4.476e+01 1.533e+01 5.000e+00
s>            ( - 7.182e+00 1 0)
s>            ( - 2.224e+01 1 0)))INFO: dtree.c(1315): Comp split 58
INFO: dtree.c(1439): stop. leaf nodes are specific
INFO: dtree.c(1478): Final simple tree
|( QUESTION2 -1 8.079e+01 2.261e+01 7.995e+00
|    ( WDBNDRY_B 0 4.440e+01 1.622e+01 4.996e+00
|        ( - 1.776e+01 1 0)
|        ( - 1.042e+01 1 0))
|    ( - 1.378e+01 1 0))
s>    ( QUESTION2 -1 8.079e+01 2.261e+01 7.995e+00
s>        ( WDBNDRY_B 0 4.440e+01 1.622e+01 4.996e+00
s>            ( - 1.776e+01 1 0)
s>            ( - 1.042e+01 1 0))
s>        ( - 1.378e+01 1 0))INFO: dtree.c(1439): stop. leaf nodes are specific
INFO: dtree.c(1478): Final simple tree
|( WDBNDRY_B 0 8.146e+01 2.555e+01 7.998e+00
|    ( - 3.582e+01 1 0)
|    ( - 2.010e+01 1 0))
s>    ( WDBNDRY_B 0 8.146e+01 2.555e+01 7.998e+00
s>        ( - 3.582e+01 1 0)
s>        ( - 2.010e+01 1 0))INFO: dtree.c(1315): Comp split 59
INFO: dtree.c(1439): stop. leaf nodes are specific
INFO: dtree.c(1478): Final simple tree
|( WDBNDRY_I 0 9.248e+01 2.680e+01 8.091e+00
|    ( QUESTION0 -1 1.903e+01 9.430e+00 3.000e+00
|        ( - 9.426e+00 2 0)
|        ( - 1.748e-01 1 0))
|    ( WDBNDRY_E 0 4.665e+01 1.592e+01 5.091e+00
|        ( - 9.848e+00 2 0)
|        ( - 2.089e+01 2 0)))
s>    ( WDBNDRY_I 0 9.248e+01 2.680e+01 8.091e+00
s>        ( QUESTION0 -1 1.903e+01 9.430e+00 3.000e+00
s>            ( - 9.426e+00 2 0)
s>            ( - 1.748e-01 1 0))
s>        ( WDBNDRY_E 0 4.665e+01 1.592e+01 5.091e+00
s>            ( - 9.848e+00 2 0)
s>            ( - 2.089e+01 2 0)))INFO: dtree.c(1439): stop. leaf nodes are specific
INFO: dtree.c(1478): Final simple tree
|( QUESTION0_12_R 1 5.154e+01 2.002e+01 5.000e+00
|    ( WDBNDRY_B 0 2.123e+01 1.126e+01 3.000e+00
|        ( - 1.153e+00 1 0)
|        ( QUESTION2_2_L -1 8.823e+00 8.000e+00 2.000e+00
|            ( - 4.004e-01 1 0)
|            ( - 4.227e-01 1 0)))
|    ( QUESTION2 -1 1.029e+01 8.237e+00 2.000e+00
|        ( - 1.091e+00 1 0)
|        ( - 9.601e-01 1 0)))
s>    ( QUESTION0_12_R 1 5.154e+01 2.002e+01 5.000e+00
s>        ( WDBNDRY_B 0 2.123e+01 1.126e+01 3.000e+00
s>            ( - 1.153e+00 1 0)
s>            ( QUESTION2_2_L -1 8.823e+00 8.000e+00 2.000e+00
s>                ( - 4.004e-01 1 0)
s>                ( - 4.227e-01 1 0)))
s>        ( QUESTION2 -1 1.029e+01 8.237e+00 2.000e+00
s>            ( - 1.091e+00 1 0)
s>            ( - 9.601e-01 1 0)))INFO: dtree.c(1315): Comp split 60
INFO: dtree.c(1315): Comp split 61
INFO: dtree.c(1315): Comp split 62
INFO: dtree.c(1315): Comp split 63
INFO: dtree.c(1439): stop. leaf nodes are specific
INFO: dtree.c(1478): Final simple tree
|( WDBNDRY_B 0 3.147e+01 1.082e+01 4.995e+00
|    ( - 1.928e+01 1 0)
|    ( - 1.365e+00 1 0))
s>    ( WDBNDRY_B 0 3.147e+01 1.082e+01 4.995e+00
s>        ( - 1.928e+01 1 0)
s>        ( - 1.365e+00 1 0))INFO: dtree.c(1439): stop. leaf nodes are specific
INFO: dtree.c(1478): Final simple tree
|( WDBNDRY_I 0 8.413e+01 2.898e+01 8.660e+00
|    ( - 1.328e+01 1 0)
|    ( WDBNDRY_B 0 4.186e+01 1.037e+01 5.634e+00
|        ( - 3.121e+01 1 0)
|        ( - 2.878e-01 1 0)))
s>    ( WDBNDRY_I 0 8.413e+01 2.898e+01 8.660e+00
s>        ( - 1.328e+01 1 0)
s>        ( WDBNDRY_B 0 4.186e+01 1.037e+01 5.634e+00
s>            ( - 3.121e+01 1 0)
s>            ( - 2.878e-01 1 0)))INFO: dtree.c(1315): Comp split 64
INFO: dtree.c(1439): stop. leaf nodes are specific
INFO: dtree.c(1478): Final simple tree
|( QUESTION0_0_R 1 3.201e+01 1.914e+01 5.000e+00
|    ( - 3.687e+00 1 0)
|    ( - 9.177e+00 1 0))
s>    ( QUESTION0_0_R 1 3.201e+01 1.914e+01 5.000e+00
s>        ( - 3.687e+00 1 0)
s>        ( - 9.177e+00 1 0))INFO: dtree.c(1315): Comp split 65
INFO: dtree.c(1439): stop. leaf nodes are specific
INFO: dtree.c(1478): Final simple tree
|( QUESTION2_9_L -1 3.925e+01 1.892e+01 5.000e+00
|    ( - 8.342e+00 1 0)
|    ( - 1.199e+01 1 0))
s>    ( QUESTION2_9_L -1 3.925e+01 1.892e+01 5.000e+00
s>        ( - 8.342e+00 1 0)
s>        ( - 1.199e+01 1 0))INFO: dtree.c(1439): stop. leaf nodes are specific
INFO: dtree.c(1478): Final simple tree
|( QUESTION4 -1 1.959e+02 2.953e+01 1.851e+01
|    ( - 1.892e+01 1 0)
|    ( - 1.474e+02 1 0))
s>    ( QUESTION4 -1 1.959e+02 2.953e+01 1.851e+01
s>        ( - 1.892e+01 1 0)
s>        ( - 1.474e+02 1 0))INFO: dtree.c(1315): Comp split 66
INFO: dtree.c(1315): Comp split 67
INFO: dtree.c(1315): Comp split 68
INFO: dtree.c(1439): stop. leaf nodes are specific
INFO: dtree.c(1478): Final simple tree
|( WDBNDRY_B 0 1.237e+02 2.655e+01 1.199e+01
|    ( - 7.573e+01 3 0)
|    ( - 2.144e+01 1 0))
s>    ( WDBNDRY_B 0 1.237e+02 2.655e+01 1.199e+01
s>        ( - 7.573e+01 3 0)
s>        ( - 2.144e+01 1 0))INFO: dtree.c(1315): Comp split 69
INFO: dtree.c(1439): stop. leaf nodes are specific
INFO: dtree.c(1478): Final simple tree
|( WDBNDRY_E 0 3.365e+01 1.629e+01 4.000e+00
|    ( - 8.727e+00 1 0)
|    ( QUESTION0 -1 8.632e+00 8.090e+00 2.000e+00
|        ( - 4.069e-01 1 0)
|        ( - 1.343e-01 1 0)))
s>    ( WDBNDRY_E 0 3.365e+01 1.629e+01 4.000e+00
s>        ( - 8.727e+00 1 0)
s>        ( QUESTION0 -1 8.632e+00 8.090e+00 2.000e+00
s>            ( - 4.069e-01 1 0)
s>            ( - 1.343e-01 1 0)))INFO: dtree.c(1439): stop. leaf nodes are specific
INFO: dtree.c(1478): Final simple tree
|( WDBNDRY_E 0 7.228e+01 2.162e+01 6.995e+00
|    ( - 2.904e+01 2 0)
|    ( WDBNDRY_B 0 2.162e+01 1.102e+01 3.000e+00
|        ( - 8.908e+00 2 0)
|        ( - 1.697e+00 1 0)))
s>    ( WDBNDRY_E 0 7.228e+01 2.162e+01 6.995e+00
s>        ( - 2.904e+01 2 0)
s>        ( WDBNDRY_B 0 2.162e+01 1.102e+01 3.000e+00
s>            ( - 8.908e+00 2 0)
s>            ( - 1.697e+00 1 0)))INFO: dtree.c(1315): Comp split 70
INFO: dtree.c(1439): stop. leaf nodes are specific
INFO: dtree.c(1478): Final simple tree
|( QUESTION4 -1 7.471e+01 2.306e+01 7.035e+00
|    ( - 4.196e+01 1 0)
|    ( - 9.686e+00 1 0))
s>    ( QUESTION4 -1 7.471e+01 2.306e+01 7.035e+00
s>        ( - 4.196e+01 1 0)
s>        ( - 9.686e+00 1 0))INFO: dtree.c(1315): Comp split 71
INFO: dtree.c(1439): stop. leaf nodes are specific
INFO: dtree.c(1478): Final simple tree
|( WDBNDRY_B 0 4.881e+01 1.861e+01 5.000e+00
|    ( - 1.973e+01 1 0)
|    ( - 1.047e+01 1 0))
s>    ( WDBNDRY_B 0 4.881e+01 1.861e+01 5.000e+00
s>        ( - 1.973e+01 1 0)
s>        ( - 1.047e+01 1 0))INFO: dtree.c(1315): Comp split 72
INFO: dtree.c(1439): stop. leaf nodes are specific
INFO: dtree.c(1478): Final simple tree
|( QUESTION0_8_R 1 4.960e+01 2.184e+01 5.976e+00
|    ( - 6.985e+00 1 0)
|    ( WDBNDRY_B 0 2.078e+01 1.098e+01 3.986e+00
|        ( - 3.971e+00 1 0)
|        ( - 5.823e+00 1 0)))
s>    ( QUESTION0_8_R 1 4.960e+01 2.184e+01 5.976e+00
s>        ( - 6.985e+00 1 0)
s>        ( WDBNDRY_B 0 2.078e+01 1.098e+01 3.986e+00
s>            ( - 3.971e+00 1 0)
s>            ( - 5.823e+00 1 0)))INFO: dtree.c(1315): Comp split 73
INFO: dtree.c(1439): stop. leaf nodes are specific
INFO: dtree.c(1478): Final simple tree
|( WDBNDRY_B 0 6.678e+01 2.042e+01 6.977e+00
|    ( - 3.763e+01 1 0)
|    ( - 8.729e+00 1 0))
s>    ( WDBNDRY_B 0 6.678e+01 2.042e+01 6.977e+00
s>        ( - 3.763e+01 1 0)
s>        ( - 8.729e+00 1 0))INFO: dtree.c(1315): Comp split 74
INFO: dtree.c(1439): stop. leaf nodes are specific
INFO: dtree.c(1478): Final simple tree
|( WDBNDRY_E 0 2.819e+01 9.416e+00 4.008e+00
|    ( - 1.646e+01 1 0)
|    ( - 2.313e+00 1 0))
s>    ( WDBNDRY_E 0 2.819e+01 9.416e+00 4.008e+00
s>        ( - 1.646e+01 1 0)
s>        ( - 2.313e+00 1 0))INFO: dtree.c(1315): Comp split 75
INFO: dtree.c(1439): stop. leaf nodes are specific
INFO: dtree.c(1478): Final simple tree
|( QUESTION2 -1 6.467e+01 1.753e+01 8.041e+00
|    ( - 5.487e+00 1 0)
|    ( WDBNDRY_B 0 4.165e+01 1.231e+01 6.000e+00
|        ( - 1.555e+01 1 0)
|        ( - 1.379e+01 1 0)))
s>    ( QUESTION2 -1 6.467e+01 1.753e+01 8.041e+00
s>        ( - 5.487e+00 1 0)
s>        ( WDBNDRY_B 0 4.165e+01 1.231e+01 6.000e+00
s>            ( - 1.555e+01 1 0)
s>            ( - 1.379e+01 1 0)))INFO: dtree.c(1315): Comp split 76
INFO: dtree.c(1315): Comp split 77
INFO: dtree.c(1315): Comp split 78
INFO: dtree.c(1439): stop. leaf nodes are specific
INFO: dtree.c(1478): Final simple tree
|( WDBNDRY_E 0 4.476e+01 1.533e+01 5.000e+00
|    ( - 7.182e+00 1 0)
|    ( - 2.224e+01 1 0))
s>    ( WDBNDRY_E 0 4.476e+01 1.533e+01 5.000e+00
s>        ( - 7.182e+00 1 0)
s>        ( - 2.224e+01 1 0))INFO: dtree.c(1315): Comp split 79
INFO: dtree.c(1315): Comp split 80
INFO: dtree.c(1439): stop. leaf nodes are specific
INFO: dtree.c(1478): Final simple tree
|( WDBNDRY_B 0 2.450e+01 1.064e+01 3.997e+00
|    ( - 1.338e+01 1 0)
|    ( - 4.839e-01 1 0))
s>    ( WDBNDRY_B 0 2.450e+01 1.064e+01 3.997e+00
s>        ( - 1.338e+01 1 0)
s>        ( - 4.839e-01 1 0))INFO: dtree.c(1439): stop. leaf nodes are specific
INFO: dtree.c(1478): Final simple tree
|( WDBNDRY_E 0 3.189e+01 1.380e+01 4.000e+00
|    ( QUESTION0_7_R 1 1.115e+01 8.138e+00 2.000e+00
|        ( - 2.575e+00 1 0)
|        ( - 4.355e-01 1 0))
|    ( - 6.942e+00 1 0))
s>    ( WDBNDRY_E 0 3.189e+01 1.380e+01 4.000e+00
s>        ( QUESTION0_7_R 1 1.115e+01 8.138e+00 2.000e+00
s>            ( - 2.575e+00 1 0)
s>            ( - 4.355e-01 1 0))
s>        ( - 6.942e+00 1 0))INFO: dtree.c(1315): Comp split 81
INFO: dtree.c(1315): Comp split 82
INFO: dtree.c(1439): stop. leaf nodes are specific
INFO: dtree.c(1478): Final simple tree
|( WDBNDRY_B 0 4.186e+01 1.037e+01 5.634e+00
|    ( - 3.121e+01 1 0)
|    ( - 2.878e-01 1 0))
s>    ( WDBNDRY_B 0 4.186e+01 1.037e+01 5.634e+00
s>        ( - 3.121e+01 1 0)
s>        ( - 2.878e-01 1 0))INFO: dtree.c(1315): Comp split 83
INFO: dtree.c(1315): Comp split 84
INFO: dtree.c(1439): stop. leaf nodes are specific
INFO: dtree.c(1478): Final simple tree
|( QUESTION2 -1 3.054e+01 1.328e+01 4.000e+00
|    ( - 8.615e-01 1 0)
|    ( - 1.640e+01 1 0))
s>    ( QUESTION2 -1 3.054e+01 1.328e+01 4.000e+00
s>        ( - 8.615e-01 1 0)
s>        ( - 1.640e+01 1 0))INFO: dtree.c(1439): stop. leaf nodes are specific
INFO: dtree.c(1478): Final simple tree
|( QUESTION2 -1 3.628e+01 1.323e+01 5.000e+00
|    ( - 1.372e+01 1 0)
|    ( - 9.330e+00 1 0))
s>    ( QUESTION2 -1 3.628e+01 1.323e+01 5.000e+00
s>        ( - 1.372e+01 1 0)
s>        ( - 9.330e+00 1 0))INFO: dtree.c(1315): Comp split 85
INFO: dtree.c(1315): Comp split 86
INFO: dtree.c(1439): stop. leaf nodes are specific
INFO: dtree.c(1478): Final simple tree
|( WDBNDRY_E 0 4.665e+01 1.592e+01 5.091e+00
|    ( - 9.848e+00 2 0)
|    ( - 2.089e+01 2 0))
s>    ( WDBNDRY_E 0 4.665e+01 1.592e+01 5.091e+00
s>        ( - 9.848e+00 2 0)
s>        ( - 2.089e+01 2 0))INFO: dtree.c(1439): stop. leaf nodes are specific
INFO: dtree.c(1478): Final simple tree
|( QUESTION0 -1 1.903e+01 9.430e+00 3.000e+00
|    ( - 9.426e+00 2 0)
|    ( - 1.748e-01 1 0))
s>    ( QUESTION0 -1 1.903e+01 9.430e+00 3.000e+00
s>        ( - 9.426e+00 2 0)
s>        ( - 1.748e-01 1 0))INFO: dtree.c(1315): Comp split 87
INFO: dtree.c(1315): Comp split 88
INFO: dtree.c(1315): Comp split 89
INFO: dtree.c(1315): Comp split 90
INFO: dtree.c(1315): Comp split 91
INFO: dtree.c(1315): Comp split 92
INFO: dtree.c(1439): stop. leaf nodes are specific
INFO: dtree.c(1478): Final simple tree
|( WDBNDRY_B 0 4.440e+01 1.622e+01 4.996e+00
|    ( - 1.776e+01 1 0)
|    ( - 1.042e+01 1 0))
s>    ( WDBNDRY_B 0 4.440e+01 1.622e+01 4.996e+00
s>        ( - 1.776e+01 1 0)
s>        ( - 1.042e+01 1 0))INFO: dtree.c(1315): Comp split 93
INFO: dtree.c(1439): stop. leaf nodes are specific
INFO: dtree.c(1478): Final simple tree
|( WDBNDRY_B 0 2.078e+01 1.098e+01 3.986e+00
|    ( - 3.971e+00 1 0)
|    ( - 5.823e+00 1 0))
s>    ( WDBNDRY_B 0 2.078e+01 1.098e+01 3.986e+00
s>        ( - 3.971e+00 1 0)
s>        ( - 5.823e+00 1 0))INFO: dtree.c(1315): Comp split 94
INFO: dtree.c(1439): stop. leaf nodes are specific
INFO: dtree.c(1478): Final simple tree
|( WDBNDRY_B 0 2.162e+01 1.102e+01 3.000e+00
|    ( - 8.908e+00 2 0)
|    ( - 1.697e+00 1 0))
s>    ( WDBNDRY_B 0 2.162e+01 1.102e+01 3.000e+00
s>        ( - 8.908e+00 2 0)
s>        ( - 1.697e+00 1 0))INFO: dtree.c(1315): Comp split 95
INFO: dtree.c(1315): Comp split 96
INFO: dtree.c(1315): Comp split 97
INFO: dtree.c(1439): stop. leaf nodes are specific
INFO: dtree.c(1478): Final simple tree
|( QUESTION0_12_R 1 9.620e+00 8.237e+00 2.000e+00
|    ( - 4.227e-01 1 0)
|    ( - 9.601e-01 1 0))
s>    ( QUESTION0_12_R 1 9.620e+00 8.237e+00 2.000e+00
s>        ( - 4.227e-01 1 0)
s>        ( - 9.601e-01 1 0))INFO: dtree.c(1439): stop. leaf nodes are specific
INFO: dtree.c(1478): Final simple tree
|( WDBNDRY_B 0 2.190e+01 1.125e+01 3.000e+00
|    ( - 1.153e+00 1 0)
|    ( QUESTION0_12_R 1 9.491e+00 8.000e+00 2.000e+00
|        ( - 4.004e-01 1 0)
|        ( - 1.091e+00 1 0)))
s>    ( WDBNDRY_B 0 2.190e+01 1.125e+01 3.000e+00
s>        ( - 1.153e+00 1 0)
s>        ( QUESTION0_12_R 1 9.491e+00 8.000e+00 2.000e+00
s>            ( - 4.004e-01 1 0)
s>            ( - 1.091e+00 1 0)))INFO: dtree.c(1315): Comp split 98
INFO: dtree.c(1315): Comp split 99
INFO: dtree.c(1315): Comp split 100
INFO: dtree.c(1315): Comp split 101
INFO: dtree.c(1439): stop. leaf nodes are specific
INFO: dtree.c(1478): Final simple tree
|( WDBNDRY_B 0 4.165e+01 1.231e+01 6.000e+00
|    ( - 1.555e+01 1 0)
|    ( - 1.379e+01 1 0))
s>    ( WDBNDRY_B 0 4.165e+01 1.231e+01 6.000e+00
s>        ( - 1.555e+01 1 0)
s>        ( - 1.379e+01 1 0))INFO: dtree.c(1315): Comp split 102
INFO: dtree.c(1315): Comp split 103
INFO: dtree.c(1315): Comp split 104
INFO: dtree.c(1439): stop. leaf nodes are specific
INFO: dtree.c(1478): Final simple tree
|( QUESTION0 -1 8.632e+00 8.090e+00 2.000e+00
|    ( - 4.069e-01 1 0)
|    ( - 1.343e-01 1 0))
s>    ( QUESTION0 -1 8.632e+00 8.090e+00 2.000e+00
s>        ( - 4.069e-01 1 0)
s>        ( - 1.343e-01 1 0))INFO: dtree.c(1315): Comp split 105
INFO: dtree.c(1315): Comp split 106
INFO: dtree.c(1315): Comp split 107
INFO: dtree.c(1315): Comp split 108
INFO: dtree.c(1439): stop. leaf nodes are specific
INFO: dtree.c(1478): Final simple tree
|( QUESTION0_7_R 1 1.115e+01 8.138e+00 2.000e+00
|    ( - 2.575e+00 1 0)
|    ( - 4.355e-01 1 0))
s>    ( QUESTION0_7_R 1 1.115e+01 8.138e+00 2.000e+00
s>        ( - 2.575e+00 1 0)
s>        ( - 4.355e-01 1 0))INFO: dtree.c(1315): Comp split 109
INFO: dtree.c(1315): Comp split 110
INFO: dtree.c(1315): Comp split 111
INFO: dtree.c(1315): Comp split 112
INFO: dtree.c(1439): stop. leaf nodes are specific
INFO: dtree.c(1478): Final simple tree
|( QUESTION0_12_R 1 9.491e+00 8.000e+00 2.000e+00
|    ( - 4.004e-01 1 0)
|    ( - 1.091e+00 1 0))
s>    ( QUESTION0_12_R 1 9.491e+00 8.000e+00 2.000e+00
s>        ( - 4.004e-01 1 0)
s>        ( - 1.091e+00 1 0))INFO: dtree.c(1315): Comp split 113
INFO: dtree.c(1315): Comp split 114
INFO: dtree.c(1315): Comp split 115
INFO: dtree.c(1315): Comp split 116
INFO: dtree.c(1315): Comp split 117
INFO: dtree.c(1315): Comp split 118
INFO: dtree.c(1315): Comp split 119
INFO: dtree.c(1315): Comp split 120
INFO: dtree.c(1315): Comp split 121
INFO: dtree.c(1315): Comp split 122
INFO: dtree.c(1315): Comp split 123
INFO: dtree.c(1315): Comp split 124
INFO: dtree.c(1318): stop. leaf nodes are specific
!!!!!!!!Allocated 67 lines
Thu Apr  7 00:41:46 2016
