Current configuration:
[NAME]		[DEFLT]	[VALUE]
-allphones	no	no
-cntthresh	0.00001	1.000000e-05
-csplitmax	100	2000
-csplitmin	1	1
-csplitthr	8e-4	0.000000e+00
-example	no	no
-fullvar	no	no
-help		no	no
-meanfn			/home/yaroslav/model/model_parameters/ua.cd_cont_untied/means
-mixwfn			/home/yaroslav/model/model_parameters/ua.cd_cont_untied/mixture_weights
-moddeffn		/home/yaroslav/model/model_architecture/ua.untied.mdef
-mwfloor	1e-4	1.000000e-08
-phone			HH
-psetfn			/home/yaroslav/model/model_architecture/ua.tree_questions
-ssplitmax	5	7
-ssplitmin	1	1
-ssplitthr	8e-4	0.000000e+00
-state			0
-stwt			1.0,0.05,0.0,
-treefn			/home/yaroslav/model/trees/ua.unpruned/HH-0.dtree
-ts2cbfn	.semi.	.cont.
-varfloor	0.00001	1.000000e-05
-varfn			/home/yaroslav/model/model_parameters/ua.cd_cont_untied/variances

INFO: main.c(223): Reading: /home/yaroslav/model/model_architecture/ua.untied.mdef
INFO: model_def_io.c(573): Model definition info:
INFO: model_def_io.c(574): 9391 total models defined (51 base, 9340 tri)
INFO: model_def_io.c(575): 37564 total states
INFO: model_def_io.c(576): 28173 total tied states
INFO: model_def_io.c(577): 153 total tied CI states
INFO: model_def_io.c(578): 51 total tied transition matrices
INFO: model_def_io.c(579): 4 max state/model
INFO: model_def_io.c(580): 4 min state/model
INFO: main.c(242): Building trees for [HH B І i] through [HH Y І i]
INFO: main.c(269): Covering states |[7380 7400]| == 21
INFO: main.c(275): Reading: /home/yaroslav/model/model_parameters/ua.cd_cont_untied/mixture_weights
INFO: s3mixw_io.c(173): Read /home/yaroslav/model/model_parameters/ua.cd_cont_untied/mixture_weights [21x1x1 array]
INFO: main.c(311): 5 of 7 models have observation count greater than 0.000010
INFO: main.c(95): nrm stwt: 0.952 0.048 0.000 
INFO: s3gau_io.c(169): Read /home/yaroslav/model/model_parameters/ua.cd_cont_untied/means [28173x1x1 array]
INFO: s3gau_io.c(169): Read /home/yaroslav/model/model_parameters/ua.cd_cont_untied/variances [28173x1x1 array]
INFO: main.c(549): Reading: /home/yaroslav/model/model_architecture/ua.tree_questions
INFO: main.c(588): 174 total simple questions (166 phone; 8 word bndry)
INFO: main.c(590): 40 Left Only questions, and 42 Right Only questions
INFO: dtree.c(1439): stop. leaf nodes are specific
INFO: dtree.c(1478): Final simple tree
|( QUESTION0 -1 -1.932e+04 5.106e+02 2.704e+02
|    ( - -1.108e+04 1 0)
|    ( WDBNDRY_B 0 -7.727e+03 3.365e+02 1.016e+02
|        ( - 2.418e+02 1 0)
|        ( QUESTION2_0_L -1 -7.633e+03 2.012e+02 1.006e+02
|            ( QUESTION10 -1 -4.420e+03 1.363e+02 5.984e+01
|                ( - -4.136e+03 1 0)
|                ( - -1.472e+02 1 0))
|            ( - -3.012e+03 1 0))))
s>    ( QUESTION0 -1 -1.932e+04 5.106e+02 2.704e+02
s>        ( - -1.108e+04 1 0)
s>        ( WDBNDRY_B 0 -7.727e+03 3.365e+02 1.016e+02
s>            ( - 2.418e+02 1 0)
s>            ( QUESTION2_0_L -1 -7.633e+03 2.012e+02 1.006e+02
s>                ( QUESTION10 -1 -4.420e+03 1.363e+02 5.984e+01
s>                    ( - -4.136e+03 1 0)
s>                    ( - -1.472e+02 1 0))
s>                ( - -3.012e+03 1 0))))INFO: dtree.c(1315): Comp split 0
INFO: dtree.c(1439): stop. leaf nodes are specific
INFO: dtree.c(1478): Final simple tree
|( WDBNDRY_B 0 -7.727e+03 3.365e+02 1.016e+02
|    ( - 2.418e+02 1 0)
|    ( QUESTION2_0_L -1 -7.633e+03 2.012e+02 1.006e+02
|        ( QUESTION10 -1 -4.420e+03 1.363e+02 5.984e+01
|            ( - -4.136e+03 1 0)
|            ( - -1.472e+02 1 0))
|        ( - -3.012e+03 1 0)))
s>    ( WDBNDRY_B 0 -7.727e+03 3.365e+02 1.016e+02
s>        ( - 2.418e+02 1 0)
s>        ( QUESTION2_0_L -1 -7.633e+03 2.012e+02 1.006e+02
s>            ( QUESTION10 -1 -4.420e+03 1.363e+02 5.984e+01
s>                ( - -4.136e+03 1 0)
s>                ( - -1.472e+02 1 0))
s>            ( - -3.012e+03 1 0)))INFO: dtree.c(1315): Comp split 1
INFO: dtree.c(1439): stop. leaf nodes are specific
INFO: dtree.c(1478): Final simple tree
|( QUESTION2_0_L -1 -7.633e+03 2.012e+02 1.006e+02
|    ( QUESTION10 -1 -4.420e+03 1.363e+02 5.984e+01
|        ( - -4.136e+03 1 0)
|        ( - -1.472e+02 1 0))
|    ( - -3.012e+03 1 0))
s>    ( QUESTION2_0_L -1 -7.633e+03 2.012e+02 1.006e+02
s>        ( QUESTION10 -1 -4.420e+03 1.363e+02 5.984e+01
s>            ( - -4.136e+03 1 0)
s>            ( - -1.472e+02 1 0))
s>        ( - -3.012e+03 1 0))INFO: dtree.c(1315): Comp split 2
INFO: dtree.c(1439): stop. leaf nodes are specific
INFO: dtree.c(1478): Final simple tree
|( QUESTION10 -1 -4.420e+03 1.363e+02 5.984e+01
|    ( - -4.136e+03 1 0)
|    ( - -1.472e+02 1 0))
s>    ( QUESTION10 -1 -4.420e+03 1.363e+02 5.984e+01
s>        ( - -4.136e+03 1 0)
s>        ( - -1.472e+02 1 0))INFO: dtree.c(1315): Comp split 3
INFO: dtree.c(1315): Comp split 4
INFO: dtree.c(1318): stop. leaf nodes are specific
!!!!!!!!Allocated 66 lines
Fri Apr  8 23:08:52 2016
