Current configuration:
[NAME]		[DEFLT]	[VALUE]
-allphones	no	no
-cntthresh	0.00001	1.000000e-05
-csplitmax	100	2000
-csplitmin	1	1
-csplitthr	8e-4	0.000000e+00
-example	no	no
-fullvar	no	no
-help		no	no
-meanfn			/home/yaroslav/model/model_parameters/ua.cd_cont_untied/means
-mixwfn			/home/yaroslav/model/model_parameters/ua.cd_cont_untied/mixture_weights
-moddeffn		/home/yaroslav/model/model_architecture/ua.untied.mdef
-mwfloor	1e-4	1.000000e-08
-phone			RR
-psetfn			/home/yaroslav/model/model_architecture/ua.tree_questions
-ssplitmax	5	7
-ssplitmin	1	1
-ssplitthr	8e-4	0.000000e+00
-state			2
-stwt			1.0,0.05,0.0,
-treefn			/home/yaroslav/model/trees/ua.unpruned/RR-2.dtree
-ts2cbfn	.semi.	.cont.
-varfloor	0.00001	1.000000e-05
-varfn			/home/yaroslav/model/model_parameters/ua.cd_cont_untied/variances

INFO: main.c(223): Reading: /home/yaroslav/model/model_architecture/ua.untied.mdef
INFO: model_def_io.c(573): Model definition info:
INFO: model_def_io.c(574): 9391 total models defined (51 base, 9340 tri)
INFO: model_def_io.c(575): 37564 total states
INFO: model_def_io.c(576): 28173 total tied states
INFO: model_def_io.c(577): 153 total tied CI states
INFO: model_def_io.c(578): 51 total tied transition matrices
INFO: model_def_io.c(579): 4 max state/model
INFO: model_def_io.c(580): 4 min state/model
INFO: main.c(242): Building trees for [RR A A i] through [RR І І i]
INFO: main.c(269): Covering states |[15978 16088]| == 111
INFO: main.c(275): Reading: /home/yaroslav/model/model_parameters/ua.cd_cont_untied/mixture_weights
INFO: s3mixw_io.c(173): Read /home/yaroslav/model/model_parameters/ua.cd_cont_untied/mixture_weights [111x1x1 array]
INFO: main.c(311): 36 of 37 models have observation count greater than 0.000010
INFO: main.c(95): nrm stwt: 0.000 0.048 0.952 
INFO: s3gau_io.c(169): Read /home/yaroslav/model/model_parameters/ua.cd_cont_untied/means [28173x1x1 array]
INFO: s3gau_io.c(169): Read /home/yaroslav/model/model_parameters/ua.cd_cont_untied/variances [28173x1x1 array]
INFO: main.c(549): Reading: /home/yaroslav/model/model_architecture/ua.tree_questions
INFO: main.c(588): 174 total simple questions (166 phone; 8 word bndry)
INFO: main.c(590): 40 Left Only questions, and 42 Right Only questions
INFO: dtree.c(1478): Final simple tree
|( QUESTION0_0_R 1 -4.280e+04 6.892e+02 5.591e+02
|    ( QUESTION12 -1 -2.998e+04 9.976e+02 3.997e+02
|        ( WDBNDRY_B 0 -8.497e+03 3.028e+02 1.383e+02
|            ( - -5.756e+03 3 0 QUESTION2_0_L -1 2.633e+02 9.442e+01)
|            ( - -2.439e+03 2 0 QUESTION2_0_L -1 2.483e+02 4.384e+01))
|        ( QUESTION19 -1 -2.049e+04 4.434e+02 2.614e+02
|            ( WDBNDRY_B 0 -1.142e+04 3.354e+02 1.521e+02
|                ( - -3.777e+03 4 0)
|                ( QUESTION2_0_L -1 -7.304e+03 3.322e+02 9.764e+01
|                    ( - -7.203e+03 3 0)
|                    ( - 2.310e+02 1 0)))
|            ( - -8.630e+03 9 0 QUESTION2_6_L -1 2.949e+02 1.093e+02)))
|    ( QUESTION19 -1 -1.213e+04 4.459e+02 1.595e+02
|        ( - -3.324e+03 5 0 WDBNDRY_B 0 2.209e+02 5.075e+01)
|        ( - -8.358e+03 9 0 QUESTION2_0_L -1 2.528e+02 1.087e+02)))
s>    ( QUESTION0_0_R 1 -4.280e+04 6.892e+02 5.591e+02
s>        ( QUESTION12 -1 -2.998e+04 9.976e+02 3.997e+02
s>            ( WDBNDRY_B 0 -8.497e+03 3.028e+02 1.383e+02
s>                ( - -5.756e+03 3 0 QUESTION2_0_L -1 2.633e+02 9.442e+01)
s>                ( - -2.439e+03 2 0 QUESTION2_0_L -1 2.483e+02 4.384e+01))
s>            ( QUESTION19 -1 -2.049e+04 4.434e+02 2.614e+02
s>                ( WDBNDRY_B 0 -1.142e+04 3.354e+02 1.521e+02
s>                    ( - -3.777e+03 4 0)
s>                    ( QUESTION2_0_L -1 -7.304e+03 3.322e+02 9.764e+01
s>                        ( - -7.203e+03 3 0)
s>                        ( - 2.310e+02 1 0)))
s>                ( - -8.630e+03 9 0 QUESTION2_6_L -1 2.949e+02 1.093e+02)))
s>        ( QUESTION19 -1 -1.213e+04 4.459e+02 1.595e+02
s>            ( - -3.324e+03 5 0 WDBNDRY_B 0 2.209e+02 5.075e+01)
s>            ( - -8.358e+03 9 0 QUESTION2_0_L -1 2.528e+02 1.087e+02)))INFO: dtree.c(1315): Comp split 0
INFO: dtree.c(1439): stop. leaf nodes are specific
INFO: dtree.c(1478): Final simple tree
|( WDBNDRY_B 0 -8.497e+03 3.028e+02 1.383e+02
|    ( QUESTION2_0_L -1 -5.756e+03 2.633e+02 9.442e+01
|        ( - -1.148e+02 2 0)
|        ( - -5.377e+03 1 0))
|    ( QUESTION2_0_L -1 -2.439e+03 2.483e+02 4.384e+01
|        ( - -2.246e+03 1 0)
|        ( - 5.629e+01 1 0)))
s>    ( WDBNDRY_B 0 -8.497e+03 3.028e+02 1.383e+02
s>        ( QUESTION2_0_L -1 -5.756e+03 2.633e+02 9.442e+01
s>            ( - -1.148e+02 2 0)
s>            ( - -5.377e+03 1 0))
s>        ( QUESTION2_0_L -1 -2.439e+03 2.483e+02 4.384e+01
s>            ( - -2.246e+03 1 0)
s>            ( - 5.629e+01 1 0)))INFO: dtree.c(1478): Final simple tree
|( QUESTION0_0_R 1 -3.323e+04 6.109e+02 4.209e+02
|    ( QUESTION19 -1 -2.049e+04 4.434e+02 2.614e+02
|        ( WDBNDRY_B 0 -1.142e+04 3.354e+02 1.521e+02
|            ( - -3.777e+03 4 0)
|            ( QUESTION2_0_L -1 -7.304e+03 3.322e+02 9.764e+01
|                ( - -7.203e+03 3 0)
|                ( - 2.310e+02 1 0)))
|        ( QUESTION2_6_L -1 -8.630e+03 2.949e+02 1.093e+02
|            ( - 1.149e+02 1 0)
|            ( - -8.450e+03 8 0 QUESTION4 -1 2.250e+02 1.073e+02)))
|    ( QUESTION19 -1 -1.213e+04 4.459e+02 1.595e+02
|        ( - -3.324e+03 5 0 WDBNDRY_B 0 2.209e+02 5.075e+01)
|        ( QUESTION2_0_L -1 -8.358e+03 2.528e+02 1.087e+02
|            ( - -3.079e+03 4 0 WDBNDRY_B 0 2.312e+02 4.074e+01)
|            ( - -5.025e+03 5 0 QUESTION2_18_L -1 2.180e+02 6.798e+01))))
s>    ( QUESTION0_0_R 1 -3.323e+04 6.109e+02 4.209e+02
s>        ( QUESTION19 -1 -2.049e+04 4.434e+02 2.614e+02
s>            ( WDBNDRY_B 0 -1.142e+04 3.354e+02 1.521e+02
s>                ( - -3.777e+03 4 0)
s>                ( QUESTION2_0_L -1 -7.304e+03 3.322e+02 9.764e+01
s>                    ( - -7.203e+03 3 0)
s>                    ( - 2.310e+02 1 0)))
s>            ( QUESTION2_6_L -1 -8.630e+03 2.949e+02 1.093e+02
s>                ( - 1.149e+02 1 0)
s>                ( - -8.450e+03 8 0 QUESTION4 -1 2.250e+02 1.073e+02)))
s>        ( QUESTION19 -1 -1.213e+04 4.459e+02 1.595e+02
s>            ( - -3.324e+03 5 0 WDBNDRY_B 0 2.209e+02 5.075e+01)
s>            ( QUESTION2_0_L -1 -8.358e+03 2.528e+02 1.087e+02
s>                ( - -3.079e+03 4 0 WDBNDRY_B 0 2.312e+02 4.074e+01)
s>                ( - -5.025e+03 5 0 QUESTION2_18_L -1 2.180e+02 6.798e+01))))INFO: dtree.c(1315): Comp split 1
INFO: dtree.c(1478): Final simple tree
|( QUESTION19 -1 -2.109e+04 5.496e+02 2.678e+02
|    ( QUESTION0_0_R 1 -3.425e+03 3.315e+02 5.175e+01
|        ( - 2.310e+02 1 0)
|        ( - -3.324e+03 5 0 WDBNDRY_B 0 2.209e+02 5.075e+01))
|    ( QUESTION0_0_R 1 -1.712e+04 3.084e+02 2.160e+02
|        ( QUESTION4 -1 -8.450e+03 2.250e+02 1.073e+02
|            ( WDBNDRY_B 0 -4.721e+03 3.154e+02 6.210e+01
|                ( - 2.207e+02 1 0)
|                ( - -4.626e+03 4 0 QUESTION2_0_L -1 2.321e+02 6.110e+01))
|            ( - -3.504e+03 3 0 QUESTION0 -1 2.477e+02 4.520e+01))
|        ( QUESTION2_0_L -1 -8.358e+03 2.528e+02 1.087e+02
|            ( WDBNDRY_B 0 -3.079e+03 2.312e+02 4.074e+01
|                ( - 4.388e+01 1 0)
|                ( - -2.892e+03 3 0 QUESTION11 -1 1.919e+02 3.874e+01))
|            ( - -5.025e+03 5 0 QUESTION2_18_L -1 2.180e+02 6.798e+01))))
s>    ( QUESTION19 -1 -2.109e+04 5.496e+02 2.678e+02
s>        ( QUESTION0_0_R 1 -3.425e+03 3.315e+02 5.175e+01
s>            ( - 2.310e+02 1 0)
s>            ( - -3.324e+03 5 0 WDBNDRY_B 0 2.209e+02 5.075e+01))
s>        ( QUESTION0_0_R 1 -1.712e+04 3.084e+02 2.160e+02
s>            ( QUESTION4 -1 -8.450e+03 2.250e+02 1.073e+02
s>                ( WDBNDRY_B 0 -4.721e+03 3.154e+02 6.210e+01
s>                    ( - 2.207e+02 1 0)
s>                    ( - -4.626e+03 4 0 QUESTION2_0_L -1 2.321e+02 6.110e+01))
s>                ( - -3.504e+03 3 0 QUESTION0 -1 2.477e+02 4.520e+01))
s>            ( QUESTION2_0_L -1 -8.358e+03 2.528e+02 1.087e+02
s>                ( WDBNDRY_B 0 -3.079e+03 2.312e+02 4.074e+01
s>                    ( - 4.388e+01 1 0)
s>                    ( - -2.892e+03 3 0 QUESTION11 -1 1.919e+02 3.874e+01))
s>                ( - -5.025e+03 5 0 QUESTION2_18_L -1 2.180e+02 6.798e+01))))INFO: dtree.c(1439): stop. leaf nodes are specific
INFO: dtree.c(1478): Final simple tree
|( WDBNDRY_B 0 -1.148e+04 3.298e+02 1.531e+02
|    ( - -3.777e+03 4 0)
|    ( QUESTION0 -1 -7.372e+03 2.847e+02 9.864e+01
|        ( - 1.149e+02 1 0)
|        ( - -7.203e+03 3 0)))
s>    ( WDBNDRY_B 0 -1.148e+04 3.298e+02 1.531e+02
s>        ( - -3.777e+03 4 0)
s>        ( QUESTION0 -1 -7.372e+03 2.847e+02 9.864e+01
s>            ( - 1.149e+02 1 0)
s>            ( - -7.203e+03 3 0)))INFO: dtree.c(1315): Comp split 2
INFO: dtree.c(1439): stop. leaf nodes are specific
INFO: dtree.c(1478): Final simple tree
|( WDBNDRY_B 0 -3.459e+03 2.116e+02 5.275e+01
|    ( QUESTION10 -1 -3.263e+02 1.876e+02 6.000e+00
|        ( - 4.388e+01 1 0)
|        ( - -1.826e+02 2 0))
|    ( - -2.921e+03 3 0))
s>    ( WDBNDRY_B 0 -3.459e+03 2.116e+02 5.275e+01
s>        ( QUESTION10 -1 -3.263e+02 1.876e+02 6.000e+00
s>            ( - 4.388e+01 1 0)
s>            ( - -1.826e+02 2 0))
s>        ( - -2.921e+03 3 0))INFO: dtree.c(1478): Final simple tree
|( QUESTION19 -1 -1.703e+04 3.205e+02 2.150e+02
|    ( - 2.310e+02 1 0)
|    ( QUESTION0_0_R 1 -1.694e+04 3.090e+02 2.140e+02
|        ( QUESTION4 -1 -8.450e+03 2.250e+02 1.073e+02
|            ( WDBNDRY_B 0 -4.721e+03 3.154e+02 6.210e+01
|                ( - 2.207e+02 1 0)
|                ( QUESTION2_0_L -1 -4.626e+03 2.321e+02 6.110e+01
|                    ( - 9.436e+01 1 0)
|                    ( - -4.488e+03 3 0 QUESTION5 -1 1.452e+02 5.910e+01)))
|            ( QUESTION0 -1 -3.504e+03 2.477e+02 4.520e+01
|                ( - -1.605e+03 2 0 WDBNDRY_B 0 7.844e+01 2.120e+01)
|                ( - -1.651e+03 1 0)))
|        ( QUESTION2_0_L -1 -8.186e+03 2.680e+02 1.067e+02
|            ( - -2.892e+03 3 0 QUESTION11 -1 1.919e+02 3.874e+01)
|            ( - -5.025e+03 5 0 QUESTION2_18_L -1 2.180e+02 6.798e+01))))
s>    ( QUESTION19 -1 -1.703e+04 3.205e+02 2.150e+02
s>        ( - 2.310e+02 1 0)
s>        ( QUESTION0_0_R 1 -1.694e+04 3.090e+02 2.140e+02
s>            ( QUESTION4 -1 -8.450e+03 2.250e+02 1.073e+02
s>                ( WDBNDRY_B 0 -4.721e+03 3.154e+02 6.210e+01
s>                    ( - 2.207e+02 1 0)
s>                    ( QUESTION2_0_L -1 -4.626e+03 2.321e+02 6.110e+01
s>                        ( - 9.436e+01 1 0)
s>                        ( - -4.488e+03 3 0 QUESTION5 -1 1.452e+02 5.910e+01)))
s>                ( QUESTION0 -1 -3.504e+03 2.477e+02 4.520e+01
s>                    ( - -1.605e+03 2 0 WDBNDRY_B 0 7.844e+01 2.120e+01)
s>                    ( - -1.651e+03 1 0)))
s>            ( QUESTION2_0_L -1 -8.186e+03 2.680e+02 1.067e+02
s>                ( - -2.892e+03 3 0 QUESTION11 -1 1.919e+02 3.874e+01)
s>                ( - -5.025e+03 5 0 QUESTION2_18_L -1 2.180e+02 6.798e+01))))INFO: dtree.c(1315): Comp split 3
INFO: dtree.c(1439): stop. leaf nodes are specific
INFO: dtree.c(1478): Final simple tree
|( WDBNDRY_B 0 -3.926e+03 2.646e+02 5.649e+01
|    ( - -3.777e+03 4 0)
|    ( - 1.149e+02 1 0))
s>    ( WDBNDRY_B 0 -3.926e+03 2.646e+02 5.649e+01
s>        ( - -3.777e+03 4 0)
s>        ( - 1.149e+02 1 0))INFO: dtree.c(1315): Comp split 4
INFO: dtree.c(1439): stop. leaf nodes are specific
INFO: dtree.c(1478): Final simple tree
|( QUESTION12 -1 -1.137e+04 2.682e+02 1.430e+02
|    ( - -1.652e+03 2 0)
|    ( QUESTION5 -1 -9.449e+03 2.104e+02 1.190e+02
|        ( - -4.245e+03 2 0)
|        ( QUESTION3 -1 -4.994e+03 2.050e+02 6.293e+01
|            ( - -1.330e+03 1 0)
|            ( WDBNDRY_B 0 -3.459e+03 1.980e+02 4.573e+01
|                ( QUESTION0 -1 -1.982e+03 1.348e+02 2.800e+01
|                    ( - -1.967e+02 1 0)
|                    ( - -1.651e+03 1 0))
|                ( QUESTION0_0_R 1 -1.279e+03 1.323e+02 1.773e+01
|                    ( - -9.852e+01 1 0)
|                    ( - -1.048e+03 1 0))))))
s>    ( QUESTION12 -1 -1.137e+04 2.682e+02 1.430e+02
s>        ( - -1.652e+03 2 0)
s>        ( QUESTION5 -1 -9.449e+03 2.104e+02 1.190e+02
s>            ( - -4.245e+03 2 0)
s>            ( QUESTION3 -1 -4.994e+03 2.050e+02 6.293e+01
s>                ( - -1.330e+03 1 0)
s>                ( WDBNDRY_B 0 -3.459e+03 1.980e+02 4.573e+01
s>                    ( QUESTION0 -1 -1.982e+03 1.348e+02 2.800e+01
s>                        ( - -1.967e+02 1 0)
s>                        ( - -1.651e+03 1 0))
s>                    ( QUESTION0_0_R 1 -1.279e+03 1.323e+02 1.773e+01
s>                        ( - -9.852e+01 1 0)
s>                        ( - -1.048e+03 1 0))))))INFO: dtree.c(1439): stop. leaf nodes are specific
INFO: dtree.c(1478): Final simple tree
|( QUESTION19 -1 -5.336e+03 3.217e+02 7.198e+01
|    ( - 2.310e+02 1 0)
|    ( WDBNDRY_B 0 -5.245e+03 3.111e+02 7.098e+01
|        ( - 2.207e+02 1 0)
|        ( QUESTION0_0_R 1 -5.155e+03 2.235e+02 6.998e+01
|            ( - 9.436e+01 1 0)
|            ( QUESTION2_18_L -1 -5.025e+03 2.180e+02 6.798e+01
|                ( - -3.234e+02 1 0)
|                ( QUESTION4 -1 -4.484e+03 1.299e+02 6.198e+01
|                    ( - -5.128e+02 1 0)
|                    ( QUESTION0 -1 -3.841e+03 1.284e+02 5.298e+01
|                        ( - -8.082e+02 2 0)
|                        ( - -2.905e+03 1 0)))))))
s>    ( QUESTION19 -1 -5.336e+03 3.217e+02 7.198e+01
s>        ( - 2.310e+02 1 0)
s>        ( WDBNDRY_B 0 -5.245e+03 3.111e+02 7.098e+01
s>            ( - 2.207e+02 1 0)
s>            ( QUESTION0_0_R 1 -5.155e+03 2.235e+02 6.998e+01
s>                ( - 9.436e+01 1 0)
s>                ( QUESTION2_18_L -1 -5.025e+03 2.180e+02 6.798e+01
s>                    ( - -3.234e+02 1 0)
s>                    ( QUESTION4 -1 -4.484e+03 1.299e+02 6.198e+01
s>                        ( - -5.128e+02 1 0)
s>                        ( QUESTION0 -1 -3.841e+03 1.284e+02 5.298e+01
s>                            ( - -8.082e+02 2 0)
s>                            ( - -2.905e+03 1 0)))))))INFO: dtree.c(1315): Comp split 5
INFO: dtree.c(1439): stop. leaf nodes are specific
INFO: dtree.c(1478): Final simple tree
|( WDBNDRY_B 0 -5.245e+03 3.111e+02 7.098e+01
|    ( - 2.207e+02 1 0)
|    ( QUESTION0_0_R 1 -5.155e+03 2.235e+02 6.998e+01
|        ( - 9.436e+01 1 0)
|        ( QUESTION2_18_L -1 -5.025e+03 2.180e+02 6.798e+01
|            ( - -3.234e+02 1 0)
|            ( QUESTION4 -1 -4.484e+03 1.299e+02 6.198e+01
|                ( - -5.128e+02 1 0)
|                ( QUESTION0 -1 -3.841e+03 1.284e+02 5.298e+01
|                    ( - -8.082e+02 2 0)
|                    ( - -2.905e+03 1 0))))))
s>    ( WDBNDRY_B 0 -5.245e+03 3.111e+02 7.098e+01
s>        ( - 2.207e+02 1 0)
s>        ( QUESTION0_0_R 1 -5.155e+03 2.235e+02 6.998e+01
s>            ( - 9.436e+01 1 0)
s>            ( QUESTION2_18_L -1 -5.025e+03 2.180e+02 6.798e+01
s>                ( - -3.234e+02 1 0)
s>                ( QUESTION4 -1 -4.484e+03 1.299e+02 6.198e+01
s>                    ( - -5.128e+02 1 0)
s>                    ( QUESTION0 -1 -3.841e+03 1.284e+02 5.298e+01
s>                        ( - -8.082e+02 2 0)
s>                        ( - -2.905e+03 1 0))))))INFO: dtree.c(1315): Comp split 6
INFO: dtree.c(1439): stop. leaf nodes are specific
INFO: dtree.c(1478): Final simple tree
|( WDBNDRY_B 0 -2.807e+03 2.536e+02 4.784e+01
|    ( - -1.148e+02 2 0)
|    ( QUESTION2_0_L -1 -2.439e+03 2.483e+02 4.384e+01
|        ( - -2.246e+03 1 0)
|        ( - 5.629e+01 1 0)))
s>    ( WDBNDRY_B 0 -2.807e+03 2.536e+02 4.784e+01
s>        ( - -1.148e+02 2 0)
s>        ( QUESTION2_0_L -1 -2.439e+03 2.483e+02 4.384e+01
s>            ( - -2.246e+03 1 0)
s>            ( - 5.629e+01 1 0)))INFO: dtree.c(1315): Comp split 7
INFO: dtree.c(1439): stop. leaf nodes are specific
INFO: dtree.c(1478): Final simple tree
|( QUESTION0_0_R 1 -5.155e+03 2.235e+02 6.998e+01
|    ( - 9.436e+01 1 0)
|    ( QUESTION2_18_L -1 -5.025e+03 2.180e+02 6.798e+01
|        ( - -3.234e+02 1 0)
|        ( QUESTION4 -1 -4.484e+03 1.299e+02 6.198e+01
|            ( - -5.128e+02 1 0)
|            ( QUESTION0 -1 -3.841e+03 1.284e+02 5.298e+01
|                ( - -8.082e+02 2 0)
|                ( - -2.905e+03 1 0)))))
s>    ( QUESTION0_0_R 1 -5.155e+03 2.235e+02 6.998e+01
s>        ( - 9.436e+01 1 0)
s>        ( QUESTION2_18_L -1 -5.025e+03 2.180e+02 6.798e+01
s>            ( - -3.234e+02 1 0)
s>            ( QUESTION4 -1 -4.484e+03 1.299e+02 6.198e+01
s>                ( - -5.128e+02 1 0)
s>                ( QUESTION0 -1 -3.841e+03 1.284e+02 5.298e+01
s>                    ( - -8.082e+02 2 0)
s>                    ( - -2.905e+03 1 0)))))INFO: dtree.c(1315): Comp split 8
INFO: dtree.c(1439): stop. leaf nodes are specific
INFO: dtree.c(1478): Final simple tree
|( WDBNDRY_B 0 -7.595e+03 2.252e+02 9.783e+01
|    ( - -1.651e+03 1 0)
|    ( QUESTION5 -1 -5.719e+03 1.957e+02 7.383e+01
|        ( - -4.245e+03 2 0)
|        ( QUESTION0_0_R 1 -1.279e+03 1.323e+02 1.773e+01
|            ( - -9.852e+01 1 0)
|            ( - -1.048e+03 1 0))))
s>    ( WDBNDRY_B 0 -7.595e+03 2.252e+02 9.783e+01
s>        ( - -1.651e+03 1 0)
s>        ( QUESTION5 -1 -5.719e+03 1.957e+02 7.383e+01
s>            ( - -4.245e+03 2 0)
s>            ( QUESTION0_0_R 1 -1.279e+03 1.323e+02 1.773e+01
s>                ( - -9.852e+01 1 0)
s>                ( - -1.048e+03 1 0))))INFO: dtree.c(1439): stop. leaf nodes are specific
INFO: dtree.c(1478): Final simple tree
|( QUESTION0_0_R 1 -3.503e+03 2.458e+02 4.521e+01
|    ( WDBNDRY_B 0 -1.605e+03 7.844e+01 2.120e+01
|        ( - -1.967e+02 1 0)
|        ( - -1.330e+03 1 0))
|    ( - -1.652e+03 2 0))
s>    ( QUESTION0_0_R 1 -3.503e+03 2.458e+02 4.521e+01
s>        ( WDBNDRY_B 0 -1.605e+03 7.844e+01 2.120e+01
s>            ( - -1.967e+02 1 0)
s>            ( - -1.330e+03 1 0))
s>        ( - -1.652e+03 2 0))INFO: dtree.c(1315): Comp split 9
INFO: dtree.c(1315): Comp split 10
INFO: dtree.c(1439): stop. leaf nodes are specific
INFO: dtree.c(1478): Final simple tree
|( WDBNDRY_B 0 -3.019e+02 2.434e+02 6.000e+00
|    ( - -1.148e+02 2 0)
|    ( - 5.629e+01 1 0))
s>    ( WDBNDRY_B 0 -3.019e+02 2.434e+02 6.000e+00
s>        ( - -1.148e+02 2 0)
s>        ( - 5.629e+01 1 0))INFO: dtree.c(1315): Comp split 11
INFO: dtree.c(1439): stop. leaf nodes are specific
INFO: dtree.c(1478): Final simple tree
|( WDBNDRY_B 0 -1.605e+03 7.844e+01 2.120e+01
|    ( - -1.967e+02 1 0)
|    ( - -1.330e+03 1 0))
s>    ( WDBNDRY_B 0 -1.605e+03 7.844e+01 2.120e+01
s>        ( - -1.967e+02 1 0)
s>        ( - -1.330e+03 1 0))INFO: dtree.c(1315): Comp split 12
INFO: dtree.c(1315): Comp split 13
INFO: dtree.c(1439): stop. leaf nodes are specific
INFO: dtree.c(1478): Final simple tree
|( QUESTION5 -1 -5.719e+03 1.957e+02 7.383e+01
|    ( - -4.245e+03 2 0)
|    ( QUESTION0_0_R 1 -1.279e+03 1.323e+02 1.773e+01
|        ( - -9.852e+01 1 0)
|        ( - -1.048e+03 1 0)))
s>    ( QUESTION5 -1 -5.719e+03 1.957e+02 7.383e+01
s>        ( - -4.245e+03 2 0)
s>        ( QUESTION0_0_R 1 -1.279e+03 1.323e+02 1.773e+01
s>            ( - -9.852e+01 1 0)
s>            ( - -1.048e+03 1 0)))INFO: dtree.c(1315): Comp split 14
INFO: dtree.c(1439): stop. leaf nodes are specific
INFO: dtree.c(1478): Final simple tree
|( QUESTION2_18_L -1 -5.025e+03 2.180e+02 6.798e+01
|    ( - -3.234e+02 1 0)
|    ( QUESTION4 -1 -4.484e+03 1.299e+02 6.198e+01
|        ( - -5.128e+02 1 0)
|        ( QUESTION0 -1 -3.841e+03 1.284e+02 5.298e+01
|            ( - -8.082e+02 2 0)
|            ( - -2.905e+03 1 0))))
s>    ( QUESTION2_18_L -1 -5.025e+03 2.180e+02 6.798e+01
s>        ( - -3.234e+02 1 0)
s>        ( QUESTION4 -1 -4.484e+03 1.299e+02 6.198e+01
s>            ( - -5.128e+02 1 0)
s>            ( QUESTION0 -1 -3.841e+03 1.284e+02 5.298e+01
s>                ( - -8.082e+02 2 0)
s>                ( - -2.905e+03 1 0))))INFO: dtree.c(1315): Comp split 15
INFO: dtree.c(1439): stop. leaf nodes are specific
INFO: dtree.c(1478): Final simple tree
|( QUESTION4 -1 -4.484e+03 1.299e+02 6.198e+01
|    ( - -5.128e+02 1 0)
|    ( QUESTION0 -1 -3.841e+03 1.284e+02 5.298e+01
|        ( - -8.082e+02 2 0)
|        ( - -2.905e+03 1 0)))
s>    ( QUESTION4 -1 -4.484e+03 1.299e+02 6.198e+01
s>        ( - -5.128e+02 1 0)
s>        ( QUESTION0 -1 -3.841e+03 1.284e+02 5.298e+01
s>            ( - -8.082e+02 2 0)
s>            ( - -2.905e+03 1 0)))INFO: dtree.c(1315): Comp split 16
INFO: dtree.c(1439): stop. leaf nodes are specific
INFO: dtree.c(1478): Final simple tree
|( WDBNDRY_B 0 -3.060e+03 1.832e+02 4.875e+01
|    ( - 4.388e+01 1 0)
|    ( - -2.921e+03 3 0))
s>    ( WDBNDRY_B 0 -3.060e+03 1.832e+02 4.875e+01
s>        ( - 4.388e+01 1 0)
s>        ( - -2.921e+03 3 0))INFO: dtree.c(1315): Comp split 17
INFO: dtree.c(1439): stop. leaf nodes are specific
INFO: dtree.c(1478): Final simple tree
|( QUESTION0_0_R 1 -1.279e+03 1.323e+02 1.773e+01
|    ( - -9.852e+01 1 0)
|    ( - -1.048e+03 1 0))
s>    ( QUESTION0_0_R 1 -1.279e+03 1.323e+02 1.773e+01
s>        ( - -9.852e+01 1 0)
s>        ( - -1.048e+03 1 0))INFO: dtree.c(1315): Comp split 18
INFO: dtree.c(1315): Comp split 19
INFO: dtree.c(1315): Comp split 20
INFO: dtree.c(1439): stop. leaf nodes are specific
INFO: dtree.c(1478): Final simple tree
|( QUESTION0 -1 -3.841e+03 1.284e+02 5.298e+01
|    ( - -8.082e+02 2 0)
|    ( - -2.905e+03 1 0))
s>    ( QUESTION0 -1 -3.841e+03 1.284e+02 5.298e+01
s>        ( - -8.082e+02 2 0)
s>        ( - -2.905e+03 1 0))INFO: dtree.c(1315): Comp split 21
INFO: dtree.c(1315): Comp split 22
INFO: dtree.c(1315): Comp split 23
INFO: dtree.c(1318): stop. leaf nodes are specific
!!!!!!!!Allocated 66 lines
Fri Apr  8 23:10:08 2016
