Current configuration:
[NAME]		[DEFLT]	[VALUE]
-allphones	no	no
-cntthresh	0.00001	1.000000e-05
-csplitmax	100	2000
-csplitmin	1	1
-csplitthr	8e-4	0.000000e+00
-example	no	no
-fullvar	no	no
-help		no	no
-meanfn			/home/yaroslav/model/model_parameters/ua.cd_cont_untied/means
-mixwfn			/home/yaroslav/model/model_parameters/ua.cd_cont_untied/mixture_weights
-moddeffn		/home/yaroslav/model/model_architecture/ua.untied.mdef
-mwfloor	1e-4	1.000000e-08
-phone			F
-psetfn			/home/yaroslav/model/model_architecture/ua.tree_questions
-ssplitmax	5	7
-ssplitmin	1	1
-ssplitthr	8e-4	0.000000e+00
-state			1
-stwt			1.0,0.05,0.0,
-treefn			/home/yaroslav/model/trees/ua.unpruned/F-1.dtree
-ts2cbfn	.semi.	.cont.
-varfloor	0.00001	1.000000e-05
-varfn			/home/yaroslav/model/model_parameters/ua.cd_cont_untied/variances

INFO: main.c(223): Reading: /home/yaroslav/model/model_architecture/ua.untied.mdef
INFO: model_def_io.c(573): Model definition info:
INFO: model_def_io.c(574): 9391 total models defined (51 base, 9340 tri)
INFO: model_def_io.c(575): 37564 total states
INFO: model_def_io.c(576): 28173 total tied states
INFO: model_def_io.c(577): 153 total tied CI states
INFO: model_def_io.c(578): 51 total tied transition matrices
INFO: model_def_io.c(579): 4 max state/model
INFO: model_def_io.c(580): 4 min state/model
INFO: main.c(242): Building trees for [F A A i] through [F І O i]
INFO: main.c(269): Covering states |[6297 6407]| == 111
INFO: main.c(275): Reading: /home/yaroslav/model/model_parameters/ua.cd_cont_untied/mixture_weights
INFO: s3mixw_io.c(173): Read /home/yaroslav/model/model_parameters/ua.cd_cont_untied/mixture_weights [111x1x1 array]
INFO: main.c(311): 23 of 37 models have observation count greater than 0.000010
INFO: main.c(95): nrm stwt: 0.045 0.909 0.045 
INFO: s3gau_io.c(169): Read /home/yaroslav/model/model_parameters/ua.cd_cont_untied/means [28173x1x1 array]
INFO: s3gau_io.c(169): Read /home/yaroslav/model/model_parameters/ua.cd_cont_untied/variances [28173x1x1 array]
INFO: main.c(549): Reading: /home/yaroslav/model/model_architecture/ua.tree_questions
INFO: main.c(588): 174 total simple questions (166 phone; 8 word bndry)
INFO: main.c(590): 40 Left Only questions, and 42 Right Only questions
INFO: dtree.c(1478): Final simple tree
|( QUESTION2_1_L -1 -6.292e+03 2.005e+02 7.548e+01
|    ( QUESTION0 -1 -2.157e+03 3.283e+02 2.353e+01
|        ( - 2.134e+02 1 0)
|        ( QUESTION10 -1 -2.042e+03 1.458e+02 2.253e+01
|            ( - -1.320e+02 1 0)
|            ( - -1.764e+03 9 0 QUESTION10 1 1.417e+02 2.053e+01)))
|    ( QUESTION13 -1 -3.935e+03 1.803e+02 5.195e+01
|        ( - 2.451e+01 1 0)
|        ( QUESTION1 -1 -3.779e+03 1.600e+02 4.995e+01
|            ( - -3.041e+02 1 0)
|            ( WDBNDRY_B 0 -3.315e+03 1.459e+02 4.295e+01
|                ( QUESTION2_4_L -1 -1.106e+03 3.048e+02 1.400e+01
|                    ( - 2.057e+02 1 0)
|                    ( - -1.007e+03 6 0 QUESTION0 -1 1.355e+02 1.300e+01))
|                ( - -2.062e+03 3 0 QUESTION2_4_L -1 1.149e+02 2.895e+01)))))
s>    ( QUESTION2_1_L -1 -6.292e+03 2.005e+02 7.548e+01
s>        ( QUESTION0 -1 -2.157e+03 3.283e+02 2.353e+01
s>            ( - 2.134e+02 1 0)
s>            ( QUESTION10 -1 -2.042e+03 1.458e+02 2.253e+01
s>                ( - -1.320e+02 1 0)
s>                ( - -1.764e+03 9 0 QUESTION10 1 1.417e+02 2.053e+01)))
s>        ( QUESTION13 -1 -3.935e+03 1.803e+02 5.195e+01
s>            ( - 2.451e+01 1 0)
s>            ( QUESTION1 -1 -3.779e+03 1.600e+02 4.995e+01
s>                ( - -3.041e+02 1 0)
s>                ( WDBNDRY_B 0 -3.315e+03 1.459e+02 4.295e+01
s>                    ( QUESTION2_4_L -1 -1.106e+03 3.048e+02 1.400e+01
s>                        ( - 2.057e+02 1 0)
s>                        ( - -1.007e+03 6 0 QUESTION0 -1 1.355e+02 1.300e+01))
s>                    ( - -2.062e+03 3 0 QUESTION2_4_L -1 1.149e+02 2.895e+01)))))INFO: dtree.c(1315): Comp split 0
INFO: dtree.c(1478): Final simple tree
|( QUESTION2_1_L -1 -6.174e+03 1.973e+02 7.448e+01
|    ( QUESTION10 -1 -2.042e+03 1.458e+02 2.253e+01
|        ( - -1.320e+02 1 0)
|        ( QUESTION10 1 -1.764e+03 1.417e+02 2.053e+01
|            ( - -3.141e+02 1 0)
|            ( - -1.309e+03 8 0 WDBNDRY_B 0 9.968e+01 1.753e+01)))
|    ( QUESTION13 -1 -3.935e+03 1.803e+02 5.195e+01
|        ( - 2.451e+01 1 0)
|        ( QUESTION1 -1 -3.779e+03 1.600e+02 4.995e+01
|            ( - -3.041e+02 1 0)
|            ( WDBNDRY_B 0 -3.315e+03 1.459e+02 4.295e+01
|                ( QUESTION2_4_L -1 -1.106e+03 3.048e+02 1.400e+01
|                    ( - 2.057e+02 1 0)
|                    ( - -1.007e+03 6 0 QUESTION0 -1 1.355e+02 1.300e+01))
|                ( - -2.062e+03 3 0 QUESTION2_4_L -1 1.149e+02 2.895e+01)))))
s>    ( QUESTION2_1_L -1 -6.174e+03 1.973e+02 7.448e+01
s>        ( QUESTION10 -1 -2.042e+03 1.458e+02 2.253e+01
s>            ( - -1.320e+02 1 0)
s>            ( QUESTION10 1 -1.764e+03 1.417e+02 2.053e+01
s>                ( - -3.141e+02 1 0)
s>                ( - -1.309e+03 8 0 WDBNDRY_B 0 9.968e+01 1.753e+01)))
s>        ( QUESTION13 -1 -3.935e+03 1.803e+02 5.195e+01
s>            ( - 2.451e+01 1 0)
s>            ( QUESTION1 -1 -3.779e+03 1.600e+02 4.995e+01
s>                ( - -3.041e+02 1 0)
s>                ( WDBNDRY_B 0 -3.315e+03 1.459e+02 4.295e+01
s>                    ( QUESTION2_4_L -1 -1.106e+03 3.048e+02 1.400e+01
s>                        ( - 2.057e+02 1 0)
s>                        ( - -1.007e+03 6 0 QUESTION0 -1 1.355e+02 1.300e+01))
s>                    ( - -2.062e+03 3 0 QUESTION2_4_L -1 1.149e+02 2.895e+01)))))INFO: dtree.c(1315): Comp split 1
INFO: dtree.c(1478): Final simple tree
|( QUESTION2_1_L -1 -6.075e+03 2.022e+02 7.348e+01
|    ( QUESTION10 -1 -2.042e+03 1.458e+02 2.253e+01
|        ( - -1.320e+02 1 0)
|        ( QUESTION10 1 -1.764e+03 1.417e+02 2.053e+01
|            ( - -3.141e+02 1 0)
|            ( - -1.309e+03 8 0 WDBNDRY_B 0 9.968e+01 1.753e+01)))
|    ( QUESTION13 -1 -3.831e+03 1.820e+02 5.095e+01
|        ( - 2.451e+01 1 0)
|        ( QUESTION1 -1 -3.673e+03 1.603e+02 4.895e+01
|            ( - -3.041e+02 1 0)
|            ( WDBNDRY_B 0 -3.209e+03 1.393e+02 4.195e+01
|                ( QUESTION0 -1 -1.007e+03 1.355e+02 1.300e+01
|                    ( - -7.856e+02 4 0 QUESTION5 -1 1.334e+02 1.100e+01)
|                    ( - -8.605e+01 2 0))
|                ( - -2.062e+03 3 0 QUESTION2_4_L -1 1.149e+02 2.895e+01)))))
s>    ( QUESTION2_1_L -1 -6.075e+03 2.022e+02 7.348e+01
s>        ( QUESTION10 -1 -2.042e+03 1.458e+02 2.253e+01
s>            ( - -1.320e+02 1 0)
s>            ( QUESTION10 1 -1.764e+03 1.417e+02 2.053e+01
s>                ( - -3.141e+02 1 0)
s>                ( - -1.309e+03 8 0 WDBNDRY_B 0 9.968e+01 1.753e+01)))
s>        ( QUESTION13 -1 -3.831e+03 1.820e+02 5.095e+01
s>            ( - 2.451e+01 1 0)
s>            ( QUESTION1 -1 -3.673e+03 1.603e+02 4.895e+01
s>                ( - -3.041e+02 1 0)
s>                ( WDBNDRY_B 0 -3.209e+03 1.393e+02 4.195e+01
s>                    ( QUESTION0 -1 -1.007e+03 1.355e+02 1.300e+01
s>                        ( - -7.856e+02 4 0 QUESTION5 -1 1.334e+02 1.100e+01)
s>                        ( - -8.605e+01 2 0))
s>                    ( - -2.062e+03 3 0 QUESTION2_4_L -1 1.149e+02 2.895e+01)))))INFO: dtree.c(1315): Comp split 2
INFO: dtree.c(1439): stop. leaf nodes are specific
INFO: dtree.c(1478): Final simple tree
|( WDBNDRY_B 0 -2.530e+03 1.640e+02 3.595e+01
|    ( - -3.041e+02 1 0)
|    ( QUESTION2_4_L -1 -2.062e+03 1.149e+02 2.895e+01
|        ( - -6.027e+02 1 0)
|        ( QUESTION0 -1 -1.345e+03 1.004e+02 1.996e+01
|            ( - -5.335e+02 1 0)
|            ( - -7.108e+02 1 0))))
s>    ( WDBNDRY_B 0 -2.530e+03 1.640e+02 3.595e+01
s>        ( - -3.041e+02 1 0)
s>        ( QUESTION2_4_L -1 -2.062e+03 1.149e+02 2.895e+01
s>            ( - -6.027e+02 1 0)
s>            ( QUESTION0 -1 -1.345e+03 1.004e+02 1.996e+01
s>                ( - -5.335e+02 1 0)
s>                ( - -7.108e+02 1 0))))INFO: dtree.c(1478): Final simple tree
|( QUESTION13 -1 -3.288e+03 1.645e+02 3.753e+01
|    ( - 2.451e+01 1 0)
|    ( QUESTION11 -1 -3.148e+03 1.459e+02 3.553e+01
|        ( - -1.320e+02 1 0)
|        ( QUESTION10 1 -2.870e+03 1.464e+02 3.353e+01
|            ( - -3.141e+02 1 0)
|            ( QUESTION10 -1 -2.410e+03 1.383e+02 3.053e+01
|                ( - -8.605e+01 2 0)
|                ( QUESTION6 -1 -2.185e+03 1.381e+02 2.853e+01
|                    ( - -3.568e+02 1 0)
|                    ( WDBNDRY_B 0 -1.691e+03 1.018e+02 2.253e+01
|                        ( QUESTION0 -1 -1.383e+03 8.459e+01 1.953e+01
|                            ( - -2.954e+02 3 0)
|                            ( - -1.003e+03 5 0))
|                        ( - -2.055e+02 3 0)))))))
s>    ( QUESTION13 -1 -3.288e+03 1.645e+02 3.753e+01
s>        ( - 2.451e+01 1 0)
s>        ( QUESTION11 -1 -3.148e+03 1.459e+02 3.553e+01
s>            ( - -1.320e+02 1 0)
s>            ( QUESTION10 1 -2.870e+03 1.464e+02 3.353e+01
s>                ( - -3.141e+02 1 0)
s>                ( QUESTION10 -1 -2.410e+03 1.383e+02 3.053e+01
s>                    ( - -8.605e+01 2 0)
s>                    ( QUESTION6 -1 -2.185e+03 1.381e+02 2.853e+01
s>                        ( - -3.568e+02 1 0)
s>                        ( WDBNDRY_B 0 -1.691e+03 1.018e+02 2.253e+01
s>                            ( QUESTION0 -1 -1.383e+03 8.459e+01 1.953e+01
s>                                ( - -2.954e+02 3 0)
s>                                ( - -1.003e+03 5 0))
s>                            ( - -2.055e+02 3 0)))))))INFO: dtree.c(1315): Comp split 3
INFO: dtree.c(1439): stop. leaf nodes are specific
INFO: dtree.c(1478): Final simple tree
|( QUESTION11 -1 -3.148e+03 1.459e+02 3.553e+01
|    ( - -1.320e+02 1 0)
|    ( QUESTION10 1 -2.870e+03 1.464e+02 3.353e+01
|        ( - -3.141e+02 1 0)
|        ( QUESTION10 -1 -2.410e+03 1.383e+02 3.053e+01
|            ( - -8.605e+01 2 0)
|            ( QUESTION6 -1 -2.185e+03 1.381e+02 2.853e+01
|                ( - -3.568e+02 1 0)
|                ( WDBNDRY_B 0 -1.691e+03 1.018e+02 2.253e+01
|                    ( QUESTION0 -1 -1.383e+03 8.459e+01 1.953e+01
|                        ( - -2.954e+02 3 0)
|                        ( - -1.003e+03 5 0))
|                    ( - -2.055e+02 3 0))))))
s>    ( QUESTION11 -1 -3.148e+03 1.459e+02 3.553e+01
s>        ( - -1.320e+02 1 0)
s>        ( QUESTION10 1 -2.870e+03 1.464e+02 3.353e+01
s>            ( - -3.141e+02 1 0)
s>            ( QUESTION10 -1 -2.410e+03 1.383e+02 3.053e+01
s>                ( - -8.605e+01 2 0)
s>                ( QUESTION6 -1 -2.185e+03 1.381e+02 2.853e+01
s>                    ( - -3.568e+02 1 0)
s>                    ( WDBNDRY_B 0 -1.691e+03 1.018e+02 2.253e+01
s>                        ( QUESTION0 -1 -1.383e+03 8.459e+01 1.953e+01
s>                            ( - -2.954e+02 3 0)
s>                            ( - -1.003e+03 5 0))
s>                        ( - -2.055e+02 3 0))))))INFO: dtree.c(1315): Comp split 4
INFO: dtree.c(1439): stop. leaf nodes are specific
INFO: dtree.c(1478): Final simple tree
|( QUESTION2_4_L -1 -2.062e+03 1.149e+02 2.895e+01
|    ( - -6.027e+02 1 0)
|    ( QUESTION0 -1 -1.345e+03 1.004e+02 1.996e+01
|        ( - -5.335e+02 1 0)
|        ( - -7.108e+02 1 0)))
s>    ( QUESTION2_4_L -1 -2.062e+03 1.149e+02 2.895e+01
s>        ( - -6.027e+02 1 0)
s>        ( QUESTION0 -1 -1.345e+03 1.004e+02 1.996e+01
s>            ( - -5.335e+02 1 0)
s>            ( - -7.108e+02 1 0)))INFO: dtree.c(1315): Comp split 5
INFO: dtree.c(1439): stop. leaf nodes are specific
INFO: dtree.c(1478): Final simple tree
|( QUESTION10 1 -2.870e+03 1.464e+02 3.353e+01
|    ( - -3.141e+02 1 0)
|    ( QUESTION10 -1 -2.410e+03 1.383e+02 3.053e+01
|        ( - -8.605e+01 2 0)
|        ( QUESTION6 -1 -2.185e+03 1.381e+02 2.853e+01
|            ( - -3.568e+02 1 0)
|            ( WDBNDRY_B 0 -1.691e+03 1.018e+02 2.253e+01
|                ( QUESTION0 -1 -1.383e+03 8.459e+01 1.953e+01
|                    ( - -2.954e+02 3 0)
|                    ( - -1.003e+03 5 0))
|                ( - -2.055e+02 3 0)))))
s>    ( QUESTION10 1 -2.870e+03 1.464e+02 3.353e+01
s>        ( - -3.141e+02 1 0)
s>        ( QUESTION10 -1 -2.410e+03 1.383e+02 3.053e+01
s>            ( - -8.605e+01 2 0)
s>            ( QUESTION6 -1 -2.185e+03 1.381e+02 2.853e+01
s>                ( - -3.568e+02 1 0)
s>                ( WDBNDRY_B 0 -1.691e+03 1.018e+02 2.253e+01
s>                    ( QUESTION0 -1 -1.383e+03 8.459e+01 1.953e+01
s>                        ( - -2.954e+02 3 0)
s>                        ( - -1.003e+03 5 0))
s>                    ( - -2.055e+02 3 0)))))INFO: dtree.c(1315): Comp split 6
INFO: dtree.c(1439): stop. leaf nodes are specific
INFO: dtree.c(1478): Final simple tree
|( QUESTION10 -1 -2.410e+03 1.383e+02 3.053e+01
|    ( - -8.605e+01 2 0)
|    ( QUESTION6 -1 -2.185e+03 1.381e+02 2.853e+01
|        ( - -3.568e+02 1 0)
|        ( WDBNDRY_B 0 -1.691e+03 1.018e+02 2.253e+01
|            ( QUESTION0 -1 -1.383e+03 8.459e+01 1.953e+01
|                ( - -2.954e+02 3 0)
|                ( - -1.003e+03 5 0))
|            ( - -2.055e+02 3 0))))
s>    ( QUESTION10 -1 -2.410e+03 1.383e+02 3.053e+01
s>        ( - -8.605e+01 2 0)
s>        ( QUESTION6 -1 -2.185e+03 1.381e+02 2.853e+01
s>            ( - -3.568e+02 1 0)
s>            ( WDBNDRY_B 0 -1.691e+03 1.018e+02 2.253e+01
s>                ( QUESTION0 -1 -1.383e+03 8.459e+01 1.953e+01
s>                    ( - -2.954e+02 3 0)
s>                    ( - -1.003e+03 5 0))
s>                ( - -2.055e+02 3 0))))INFO: dtree.c(1315): Comp split 7
INFO: dtree.c(1439): stop. leaf nodes are specific
INFO: dtree.c(1478): Final simple tree
|( QUESTION6 -1 -2.185e+03 1.381e+02 2.853e+01
|    ( - -3.568e+02 1 0)
|    ( WDBNDRY_B 0 -1.691e+03 1.018e+02 2.253e+01
|        ( QUESTION0 -1 -1.383e+03 8.459e+01 1.953e+01
|            ( - -2.954e+02 3 0)
|            ( - -1.003e+03 5 0))
|        ( - -2.055e+02 3 0)))
s>    ( QUESTION6 -1 -2.185e+03 1.381e+02 2.853e+01
s>        ( - -3.568e+02 1 0)
s>        ( WDBNDRY_B 0 -1.691e+03 1.018e+02 2.253e+01
s>            ( QUESTION0 -1 -1.383e+03 8.459e+01 1.953e+01
s>                ( - -2.954e+02 3 0)
s>                ( - -1.003e+03 5 0))
s>            ( - -2.055e+02 3 0)))INFO: dtree.c(1315): Comp split 8
INFO: dtree.c(1439): stop. leaf nodes are specific
INFO: dtree.c(1478): Final simple tree
|( WDBNDRY_B 0 -1.691e+03 1.018e+02 2.253e+01
|    ( QUESTION0 -1 -1.383e+03 8.459e+01 1.953e+01
|        ( - -2.954e+02 3 0)
|        ( - -1.003e+03 5 0))
|    ( - -2.055e+02 3 0))
s>    ( WDBNDRY_B 0 -1.691e+03 1.018e+02 2.253e+01
s>        ( QUESTION0 -1 -1.383e+03 8.459e+01 1.953e+01
s>            ( - -2.954e+02 3 0)
s>            ( - -1.003e+03 5 0))
s>        ( - -2.055e+02 3 0))INFO: dtree.c(1315): Comp split 9
INFO: dtree.c(1439): stop. leaf nodes are specific
INFO: dtree.c(1478): Final simple tree
|( QUESTION0 -1 -1.345e+03 1.004e+02 1.996e+01
|    ( - -5.335e+02 1 0)
|    ( - -7.108e+02 1 0))
s>    ( QUESTION0 -1 -1.345e+03 1.004e+02 1.996e+01
s>        ( - -5.335e+02 1 0)
s>        ( - -7.108e+02 1 0))INFO: dtree.c(1315): Comp split 10
INFO: dtree.c(1439): stop. leaf nodes are specific
INFO: dtree.c(1478): Final simple tree
|( QUESTION0 -1 -1.383e+03 8.459e+01 1.953e+01
|    ( - -2.954e+02 3 0)
|    ( - -1.003e+03 5 0))
s>    ( QUESTION0 -1 -1.383e+03 8.459e+01 1.953e+01
s>        ( - -2.954e+02 3 0)
s>        ( - -1.003e+03 5 0))INFO: dtree.c(1315): Comp split 11
INFO: dtree.c(1315): Comp split 12
INFO: dtree.c(1315): Comp split 13
INFO: dtree.c(1318): stop. leaf nodes are specific
!!!!!!!!Allocated 66 lines
Fri Apr  8 23:08:42 2016
