Current configuration:
[NAME]		[DEFLT]	[VALUE]
-allphones	no	no
-cntthresh	0.00001	1.000000e-05
-csplitmax	100	2000
-csplitmin	1	1
-csplitthr	8e-4	0.000000e+00
-example	no	no
-fullvar	no	no
-help		no	no
-meanfn			
-mixwfn			/home/yaroslav/model/model_parameters/ua.cd_semi_untied/mixture_weights
-moddeffn		/home/yaroslav/model/model_architecture/ua.untied.mdef
-mwfloor	1e-4	1.000000e-08
-phone			TT
-psetfn			/home/yaroslav/model/model_architecture/ua.tree_questions
-ssplitmax	5	7
-ssplitmin	1	1
-ssplitthr	8e-4	0.000000e+00
-state			1
-stwt			1.0,0.05,0.0,
-treefn			/home/yaroslav/model/trees/ua.unpruned/TT-1.dtree
-ts2cbfn	.semi.	.semi.
-varfloor	0.00001	1.000000e-05
-varfn			

INFO: main.c(223): Reading: /home/yaroslav/model/model_architecture/ua.untied.mdef
INFO: model_def_io.c(573): Model definition info:
INFO: model_def_io.c(574): 7543 total models defined (49 base, 7494 tri)
INFO: model_def_io.c(575): 30172 total states
INFO: model_def_io.c(576): 22629 total tied states
INFO: model_def_io.c(577): 147 total tied CI states
INFO: model_def_io.c(578): 49 total tied transition matrices
INFO: model_def_io.c(579): 4 max state/model
INFO: model_def_io.c(580): 4 min state/model
INFO: main.c(242): Building trees for [TT A A i] through [TT YU Z e]
INFO: main.c(269): Covering states |[16632 16985]| == 354
INFO: main.c(275): Reading: /home/yaroslav/model/model_parameters/ua.cd_semi_untied/mixture_weights
INFO: s3mixw_io.c(173): Read /home/yaroslav/model/model_parameters/ua.cd_semi_untied/mixture_weights [354x4x256 array]
INFO: main.c(311): 116 of 118 models have observation count greater than 0.000010
INFO: main.c(95): nrm stwt: 0.045 0.909 0.045 
INFO: main.c(411): 116-class entropy: 9.140505e+03
INFO: main.c(549): Reading: /home/yaroslav/model/model_architecture/ua.tree_questions
INFO: main.c(588): 176 total simple questions (168 phone; 8 word bndry)
INFO: main.c(590): 42 Left Only questions, and 42 Right Only questions
INFO: dtree.c(1478): Final simple tree
|( QUESTION0_11_R 1 1.993e+04 9.836e+02 8.722e+02
|    ( WDBNDRY_E 0 1.109e+04 7.524e+02 5.248e+02
|        ( QUESTION4 1 6.911e+03 4.097e+02 3.226e+02
|            ( - 2.401e+03 15 0 QUESTION0 -1 2.188e+02 1.305e+02)
|            ( QUESTION0_12_R 1 4.100e+03 3.351e+02 1.921e+02
|                ( - 1.238e+03 12 0 QUESTION0 -1 1.340e+02 6.509e+01)
|                ( QUESTION0_17_R 1 2.528e+03 2.641e+02 1.270e+02
|                    ( - 1.292e+03 10 0 QUESTION0_18_R 1 1.363e+02 7.101e+01)
|                    ( - 9.713e+02 15 0 QUESTION0_14_R 1 1.558e+02 5.602e+01))))
|        ( - 3.430e+03 9 0 QUESTION0 -1 1.780e+02 2.023e+02))
|    ( QUESTION2_0_L -1 7.856e+03 5.700e+02 3.474e+02
|        ( WDBNDRY_E 0 5.764e+03 3.980e+02 2.686e+02
|            ( - 3.511e+03 30 0 QUESTION0_1_R 1 2.613e+02 1.709e+02)
|            ( - 1.855e+03 11 0 QUESTION0_4_R 1 2.212e+02 9.770e+01))
|        ( - 1.522e+03 14 0 QUESTION2_15_L -1 2.053e+02 7.882e+01)))
s>    ( QUESTION0_11_R 1 1.993e+04 9.836e+02 8.722e+02
s>        ( WDBNDRY_E 0 1.109e+04 7.524e+02 5.248e+02
s>            ( QUESTION4 1 6.911e+03 4.097e+02 3.226e+02
s>                ( - 2.401e+03 15 0 QUESTION0 -1 2.188e+02 1.305e+02)
s>                ( QUESTION0_12_R 1 4.100e+03 3.351e+02 1.921e+02
s>                    ( - 1.238e+03 12 0 QUESTION0 -1 1.340e+02 6.509e+01)
s>                    ( QUESTION0_17_R 1 2.528e+03 2.641e+02 1.270e+02
s>                        ( - 1.292e+03 10 0 QUESTION0_18_R 1 1.363e+02 7.101e+01)
s>                        ( - 9.713e+02 15 0 QUESTION0_14_R 1 1.558e+02 5.602e+01))))
s>            ( - 3.430e+03 9 0 QUESTION0 -1 1.780e+02 2.023e+02))
s>        ( QUESTION2_0_L -1 7.856e+03 5.700e+02 3.474e+02
s>            ( WDBNDRY_E 0 5.764e+03 3.980e+02 2.686e+02
s>                ( - 3.511e+03 30 0 QUESTION0_1_R 1 2.613e+02 1.709e+02)
s>                ( - 1.855e+03 11 0 QUESTION0_4_R 1 2.212e+02 9.770e+01))
s>            ( - 1.522e+03 14 0 QUESTION2_15_L -1 2.053e+02 7.882e+01)))INFO: dtree.c(1315): Comp split 0
INFO: dtree.c(1478): Final simple tree
|( WDBNDRY_E 0 1.109e+04 7.524e+02 5.248e+02
|    ( QUESTION4 1 6.911e+03 4.097e+02 3.226e+02
|        ( QUESTION0 -1 2.401e+03 2.188e+02 1.305e+02
|            ( - 1.535e+03 8 0)
|            ( - 6.473e+02 7 0 QUESTION2 -1 4.324e+01 3.787e+01))
|        ( QUESTION0_12_R 1 4.100e+03 3.351e+02 1.921e+02
|            ( - 1.238e+03 12 0 QUESTION0 -1 1.340e+02 6.509e+01)
|            ( QUESTION0_17_R 1 2.528e+03 2.641e+02 1.270e+02
|                ( - 1.292e+03 10 0 QUESTION0_18_R 1 1.363e+02 7.101e+01)
|                ( QUESTION0_14_R 1 9.713e+02 1.558e+02 5.602e+01
|                    ( - 5.687e+02 10 0 QUESTION0 -1 6.281e+01 4.002e+01)
|                    ( - 2.469e+02 5 0 QUESTION0 -1 5.153e+01 1.600e+01)))))
|    ( QUESTION0 -1 3.430e+03 1.780e+02 2.023e+02
|        ( - 2.995e+03 6 0 QUESTION0_12_R 1 1.368e+02 1.813e+02)
|        ( - 2.575e+02 3 0 QUESTION6 -1 5.309e+01 2.100e+01)))
s>    ( WDBNDRY_E 0 1.109e+04 7.524e+02 5.248e+02
s>        ( QUESTION4 1 6.911e+03 4.097e+02 3.226e+02
s>            ( QUESTION0 -1 2.401e+03 2.188e+02 1.305e+02
s>                ( - 1.535e+03 8 0)
s>                ( - 6.473e+02 7 0 QUESTION2 -1 4.324e+01 3.787e+01))
s>            ( QUESTION0_12_R 1 4.100e+03 3.351e+02 1.921e+02
s>                ( - 1.238e+03 12 0 QUESTION0 -1 1.340e+02 6.509e+01)
s>                ( QUESTION0_17_R 1 2.528e+03 2.641e+02 1.270e+02
s>                    ( - 1.292e+03 10 0 QUESTION0_18_R 1 1.363e+02 7.101e+01)
s>                    ( QUESTION0_14_R 1 9.713e+02 1.558e+02 5.602e+01
s>                        ( - 5.687e+02 10 0 QUESTION0 -1 6.281e+01 4.002e+01)
s>                        ( - 2.469e+02 5 0 QUESTION0 -1 5.153e+01 1.600e+01)))))
s>        ( QUESTION0 -1 3.430e+03 1.780e+02 2.023e+02
s>            ( - 2.995e+03 6 0 QUESTION0_12_R 1 1.368e+02 1.813e+02)
s>            ( - 2.575e+02 3 0 QUESTION6 -1 5.309e+01 2.100e+01)))INFO: dtree.c(1478): Final simple tree
|( QUESTION2_0_L -1 7.856e+03 5.700e+02 3.474e+02
|    ( WDBNDRY_E 0 5.764e+03 3.980e+02 2.686e+02
|        ( QUESTION0_1_R 1 3.511e+03 2.613e+02 1.709e+02
|            ( QUESTION15 1 1.910e+03 1.899e+02 9.623e+01
|                ( - 9.773e+02 6 0 QUESTION0 -1 1.324e+02 5.581e+01)
|                ( - 7.432e+02 11 0 QUESTION6 1 1.004e+02 4.042e+01))
|            ( QUESTION0_4_R 1 1.339e+03 1.391e+02 7.463e+01
|                ( - 9.713e+02 8 0 QUESTION0 -1 1.101e+02 5.763e+01)
|                ( - 2.291e+02 5 0 SILENCE 1 4.847e+01 1.700e+01)))
|        ( QUESTION0_4_R 1 1.855e+03 2.212e+02 9.770e+01
|            ( - 1.019e+03 4 0 QUESTION0 -1 6.700e+01 5.932e+01)
|            ( - 6.143e+02 7 0 QUESTION0_1_R 1 6.248e+01 3.837e+01)))
|    ( QUESTION2_15_L -1 1.522e+03 2.053e+02 7.882e+01
|        ( - 7.869e+02 6 0 QUESTION0_4_R 1 1.207e+02 4.893e+01)
|        ( - 5.298e+02 8 0 QUESTION2_2_L -1 1.026e+02 2.989e+01)))
s>    ( QUESTION2_0_L -1 7.856e+03 5.700e+02 3.474e+02
s>        ( WDBNDRY_E 0 5.764e+03 3.980e+02 2.686e+02
s>            ( QUESTION0_1_R 1 3.511e+03 2.613e+02 1.709e+02
s>                ( QUESTION15 1 1.910e+03 1.899e+02 9.623e+01
s>                    ( - 9.773e+02 6 0 QUESTION0 -1 1.324e+02 5.581e+01)
s>                    ( - 7.432e+02 11 0 QUESTION6 1 1.004e+02 4.042e+01))
s>                ( QUESTION0_4_R 1 1.339e+03 1.391e+02 7.463e+01
s>                    ( - 9.713e+02 8 0 QUESTION0 -1 1.101e+02 5.763e+01)
s>                    ( - 2.291e+02 5 0 SILENCE 1 4.847e+01 1.700e+01)))
s>            ( QUESTION0_4_R 1 1.855e+03 2.212e+02 9.770e+01
s>                ( - 1.019e+03 4 0 QUESTION0 -1 6.700e+01 5.932e+01)
s>                ( - 6.143e+02 7 0 QUESTION0_1_R 1 6.248e+01 3.837e+01)))
s>        ( QUESTION2_15_L -1 1.522e+03 2.053e+02 7.882e+01
s>            ( - 7.869e+02 6 0 QUESTION0_4_R 1 1.207e+02 4.893e+01)
s>            ( - 5.298e+02 8 0 QUESTION2_2_L -1 1.026e+02 2.989e+01)))INFO: dtree.c(1315): Comp split 1
INFO: dtree.c(1478): Final simple tree
|( QUESTION0_12_R 1 5.300e+03 3.706e+02 2.575e+02
|    ( QUESTION0 -1 2.401e+03 2.188e+02 1.305e+02
|        ( - 1.535e+03 8 0)
|        ( - 6.473e+02 7 0 QUESTION2 -1 4.324e+01 3.787e+01))
|    ( QUESTION0_17_R 1 2.528e+03 2.641e+02 1.270e+02
|        ( QUESTION0_18_R 1 1.292e+03 1.363e+02 7.101e+01
|            ( QUESTION0 -1 3.678e+02 7.203e+01 2.592e+01
|                ( - 2.267e+02 2 0)
|                ( - 6.907e+01 2 0 QUESTION2 -1 1.665e+01 6.954e+00))
|            ( QUESTION0 -1 7.881e+02 7.932e+01 4.510e+01
|                ( - 6.511e+02 4 0)
|                ( - 5.764e+01 2 0)))
|        ( QUESTION0_14_R 1 9.713e+02 1.558e+02 5.602e+01
|            ( - 5.687e+02 10 0 QUESTION0 -1 6.281e+01 4.002e+01)
|            ( - 2.469e+02 5 0 QUESTION0 -1 5.153e+01 1.600e+01))))
s>    ( QUESTION0_12_R 1 5.300e+03 3.706e+02 2.575e+02
s>        ( QUESTION0 -1 2.401e+03 2.188e+02 1.305e+02
s>            ( - 1.535e+03 8 0)
s>            ( - 6.473e+02 7 0 QUESTION2 -1 4.324e+01 3.787e+01))
s>        ( QUESTION0_17_R 1 2.528e+03 2.641e+02 1.270e+02
s>            ( QUESTION0_18_R 1 1.292e+03 1.363e+02 7.101e+01
s>                ( QUESTION0 -1 3.678e+02 7.203e+01 2.592e+01
s>                    ( - 2.267e+02 2 0)
s>                    ( - 6.907e+01 2 0 QUESTION2 -1 1.665e+01 6.954e+00))
s>                ( QUESTION0 -1 7.881e+02 7.932e+01 4.510e+01
s>                    ( - 6.511e+02 4 0)
s>                    ( - 5.764e+01 2 0)))
s>            ( QUESTION0_14_R 1 9.713e+02 1.558e+02 5.602e+01
s>                ( - 5.687e+02 10 0 QUESTION0 -1 6.281e+01 4.002e+01)
s>                ( - 2.469e+02 5 0 QUESTION0 -1 5.153e+01 1.600e+01))))INFO: dtree.c(1478): Final simple tree
|( WDBNDRY_E 0 5.017e+03 3.497e+02 2.674e+02
|    ( QUESTION0 -1 1.238e+03 1.340e+02 6.509e+01
|        ( QUESTION2 1 8.589e+02 5.716e+01 4.806e+01
|            ( - 7.741e+02 7 0)
|            ( - 2.763e+01 2 0))
|        ( QUESTION6 -1 2.447e+02 2.674e+01 1.703e+01
|            ( - 2.104e+02 2 0)
|            ( - 7.563e+00 1 0)))
|    ( QUESTION0 -1 3.430e+03 1.780e+02 2.023e+02
|        ( QUESTION0_12_R 1 2.995e+03 1.368e+02 1.813e+02
|            ( - 2.722e+03 4 0)
|            ( - 1.357e+02 2 0 QUESTION0_14_R 1 2.020e+01 1.300e+01))
|        ( QUESTION6 -1 2.575e+02 5.309e+01 2.100e+01
|            ( - 1.795e+02 2 0)
|            ( - 2.489e+01 1 0))))
s>    ( WDBNDRY_E 0 5.017e+03 3.497e+02 2.674e+02
s>        ( QUESTION0 -1 1.238e+03 1.340e+02 6.509e+01
s>            ( QUESTION2 1 8.589e+02 5.716e+01 4.806e+01
s>                ( - 7.741e+02 7 0)
s>                ( - 2.763e+01 2 0))
s>            ( QUESTION6 -1 2.447e+02 2.674e+01 1.703e+01
s>                ( - 2.104e+02 2 0)
s>                ( - 7.563e+00 1 0)))
s>        ( QUESTION0 -1 3.430e+03 1.780e+02 2.023e+02
s>            ( QUESTION0_12_R 1 2.995e+03 1.368e+02 1.813e+02
s>                ( - 2.722e+03 4 0)
s>                ( - 1.357e+02 2 0 QUESTION0_14_R 1 2.020e+01 1.300e+01))
s>            ( QUESTION6 -1 2.575e+02 5.309e+01 2.100e+01
s>                ( - 1.795e+02 2 0)
s>                ( - 2.489e+01 1 0))))INFO: dtree.c(1315): Comp split 2
INFO: dtree.c(1478): Final simple tree
|( QUESTION2_13_L -1 1.935e+03 2.509e+02 9.582e+01
|    ( QUESTION0_4_R 1 8.136e+02 1.242e+02 4.993e+01
|        ( - 3.856e+02 3 0 WDBNDRY_E 0 3.965e+01 2.774e+01)
|        ( QUESTION6 1 3.038e+02 6.225e+01 2.219e+01
|            ( - 1.879e+02 1 0)
|            ( - 5.366e+01 3 0 QUESTION17 1 2.066e+01 5.000e+00)))
|    ( QUESTION0_4_R 1 8.701e+02 1.375e+02 4.589e+01
|        ( QUESTION2_3_L -1 3.194e+02 7.259e+01 2.080e+01
|            ( - 1.457e+02 2 0 QUESTION4 -1 3.211e+01 1.189e+01)
|            ( - 1.012e+02 3 0 QUESTION2 -1 3.457e+01 8.918e+00))
|        ( QUESTION0 -1 4.133e+02 8.550e+01 2.509e+01
|            ( SILENCE 1 1.714e+02 4.338e+01 1.400e+01
|                ( - 4.367e+01 2 0)
|                ( - 8.434e+01 1 0))
|            ( - 1.564e+02 4 0 WDBNDRY_E 0 3.634e+01 1.109e+01))))
s>    ( QUESTION2_13_L -1 1.935e+03 2.509e+02 9.582e+01
s>        ( QUESTION0_4_R 1 8.136e+02 1.242e+02 4.993e+01
s>            ( - 3.856e+02 3 0 WDBNDRY_E 0 3.965e+01 2.774e+01)
s>            ( QUESTION6 1 3.038e+02 6.225e+01 2.219e+01
s>                ( - 1.879e+02 1 0)
s>                ( - 5.366e+01 3 0 QUESTION17 1 2.066e+01 5.000e+00)))
s>        ( QUESTION0_4_R 1 8.701e+02 1.375e+02 4.589e+01
s>            ( QUESTION2_3_L -1 3.194e+02 7.259e+01 2.080e+01
s>                ( - 1.457e+02 2 0 QUESTION4 -1 3.211e+01 1.189e+01)
s>                ( - 1.012e+02 3 0 QUESTION2 -1 3.457e+01 8.918e+00))
s>            ( QUESTION0 -1 4.133e+02 8.550e+01 2.509e+01
s>                ( SILENCE 1 1.714e+02 4.338e+01 1.400e+01
s>                    ( - 4.367e+01 2 0)
s>                    ( - 8.434e+01 1 0))
s>                ( - 1.564e+02 4 0 WDBNDRY_E 0 3.634e+01 1.109e+01))))INFO: dtree.c(1478): Final simple tree
|( WDBNDRY_E 0 5.349e+03 3.888e+02 2.516e+02
|    ( QUESTION0 -1 3.105e+03 2.416e+02 1.539e+02
|        ( QUESTION0_1_R 1 2.280e+03 1.849e+02 1.204e+02
|            ( QUESTION7 1 1.366e+03 1.496e+02 7.381e+01
|                ( - 7.353e+02 5 0 QUESTION17 1 5.523e+01 4.580e+01)
|                ( - 4.812e+02 7 0 QUESTION0 1 7.143e+01 2.800e+01))
|            ( QUESTION0_5_R 1 7.285e+02 8.925e+01 4.663e+01
|                ( - 3.911e+02 2 0)
|                ( - 2.481e+02 4 0 QUESTION0_7_R 1 4.569e+01 1.800e+01)))
|        ( QUESTION5 1 5.841e+02 9.854e+01 3.342e+01
|            ( - 3.245e+02 4 0 QUESTION17 1 6.341e+01 2.101e+01)
|            ( - 1.611e+02 3 0 QUESTION0_5_R 1 3.546e+01 1.242e+01)))
|    ( QUESTION0_4_R 1 1.855e+03 2.212e+02 9.770e+01
|        ( - 1.019e+03 4 0 QUESTION0 -1 6.700e+01 5.932e+01)
|        ( - 6.143e+02 7 0 QUESTION0_1_R 1 6.248e+01 3.837e+01)))
s>    ( WDBNDRY_E 0 5.349e+03 3.888e+02 2.516e+02
s>        ( QUESTION0 -1 3.105e+03 2.416e+02 1.539e+02
s>            ( QUESTION0_1_R 1 2.280e+03 1.849e+02 1.204e+02
s>                ( QUESTION7 1 1.366e+03 1.496e+02 7.381e+01
s>                    ( - 7.353e+02 5 0 QUESTION17 1 5.523e+01 4.580e+01)
s>                    ( - 4.812e+02 7 0 QUESTION0 1 7.143e+01 2.800e+01))
s>                ( QUESTION0_5_R 1 7.285e+02 8.925e+01 4.663e+01
s>                    ( - 3.911e+02 2 0)
s>                    ( - 2.481e+02 4 0 QUESTION0_7_R 1 4.569e+01 1.800e+01)))
s>            ( QUESTION5 1 5.841e+02 9.854e+01 3.342e+01
s>                ( - 3.245e+02 4 0 QUESTION17 1 6.341e+01 2.101e+01)
s>                ( - 1.611e+02 3 0 QUESTION0_5_R 1 3.546e+01 1.242e+01)))
s>        ( QUESTION0_4_R 1 1.855e+03 2.212e+02 9.770e+01
s>            ( - 1.019e+03 4 0 QUESTION0 -1 6.700e+01 5.932e+01)
s>            ( - 6.143e+02 7 0 QUESTION0_1_R 1 6.248e+01 3.837e+01)))INFO: dtree.c(1315): Comp split 3
INFO: dtree.c(1478): Final simple tree
|( QUESTION0_1_R 1 2.280e+03 1.849e+02 1.204e+02
|    ( QUESTION7 1 1.366e+03 1.496e+02 7.381e+01
|        ( QUESTION17 1 7.353e+02 5.523e+01 4.580e+01
|            ( - 6.357e+02 3 0)
|            ( QUESTION8 1 4.432e+01 1.602e+01 5.000e+00
|                ( - 2.137e+01 1 0)
|                ( - 6.932e+00 1 0)))
|        ( QUESTION0 1 4.812e+02 7.143e+01 2.800e+01
|            ( - 1.169e+02 2 0)
|            ( - 2.928e+02 5 0)))
|    ( QUESTION0_5_R 1 7.285e+02 8.925e+01 4.663e+01
|        ( - 3.911e+02 2 0)
|        ( QUESTION0_7_R 1 2.481e+02 4.569e+01 1.800e+01
|            ( - 6.301e+01 1 0)
|            ( - 1.394e+02 3 0))))
s>    ( QUESTION0_1_R 1 2.280e+03 1.849e+02 1.204e+02
s>        ( QUESTION7 1 1.366e+03 1.496e+02 7.381e+01
s>            ( QUESTION17 1 7.353e+02 5.523e+01 4.580e+01
s>                ( - 6.357e+02 3 0)
s>                ( QUESTION8 1 4.432e+01 1.602e+01 5.000e+00
s>                    ( - 2.137e+01 1 0)
s>                    ( - 6.932e+00 1 0)))
s>            ( QUESTION0 1 4.812e+02 7.143e+01 2.800e+01
s>                ( - 1.169e+02 2 0)
s>                ( - 2.928e+02 5 0)))
s>        ( QUESTION0_5_R 1 7.285e+02 8.925e+01 4.663e+01
s>            ( - 3.911e+02 2 0)
s>            ( QUESTION0_7_R 1 2.481e+02 4.569e+01 1.800e+01
s>                ( - 6.301e+01 1 0)
s>                ( - 1.394e+02 3 0))))INFO: dtree.c(1478): Final simple tree
|( QUESTION0_4_R 1 2.669e+03 2.616e+02 1.311e+02
|    ( QUESTION0 -1 1.272e+03 1.404e+02 7.032e+01
|        ( - 9.254e+02 3 0)
|        ( WDBNDRY_E 0 2.063e+02 4.674e+01 1.497e+01
|            ( - 1.326e+02 2 0 QUESTION0_5_R 1 2.637e+01 1.100e+01)
|            ( - 2.686e+01 1 0)))
|    ( QUESTION5 1 1.136e+03 1.673e+02 6.080e+01
|        ( QUESTION17 1 3.799e+02 6.956e+01 2.401e+01
|            ( - 1.489e+02 1 0)
|            ( QUESTION6 1 1.614e+02 4.161e+01 1.200e+01
|                ( - 5.700e+01 1 0)
|                ( - 6.275e+01 3 0 WDBNDRY_E 0 2.373e+01 6.000e+00)))
|        ( QUESTION0_1_R 1 5.885e+02 6.024e+01 3.679e+01
|            ( - 2.820e+01 2 0 WDBNDRY_E 0 1.212e+01 4.415e+00)
|            ( - 5.001e+02 5 0 QUESTION0 -1 3.440e+01 3.237e+01))))
s>    ( QUESTION0_4_R 1 2.669e+03 2.616e+02 1.311e+02
s>        ( QUESTION0 -1 1.272e+03 1.404e+02 7.032e+01
s>            ( - 9.254e+02 3 0)
s>            ( WDBNDRY_E 0 2.063e+02 4.674e+01 1.497e+01
s>                ( - 1.326e+02 2 0 QUESTION0_5_R 1 2.637e+01 1.100e+01)
s>                ( - 2.686e+01 1 0)))
s>        ( QUESTION5 1 1.136e+03 1.673e+02 6.080e+01
s>            ( QUESTION17 1 3.799e+02 6.956e+01 2.401e+01
s>                ( - 1.489e+02 1 0)
s>                ( QUESTION6 1 1.614e+02 4.161e+01 1.200e+01
s>                    ( - 5.700e+01 1 0)
s>                    ( - 6.275e+01 3 0 WDBNDRY_E 0 2.373e+01 6.000e+00)))
s>            ( QUESTION0_1_R 1 5.885e+02 6.024e+01 3.679e+01
s>                ( - 2.820e+01 2 0 WDBNDRY_E 0 1.212e+01 4.415e+00)
s>                ( - 5.001e+02 5 0 QUESTION0 -1 3.440e+01 3.237e+01))))INFO: dtree.c(1315): Comp split 4
INFO: dtree.c(1478): Final simple tree
|( QUESTION0 -1 1.902e+03 1.961e+02 9.909e+01
|    ( WDBNDRY_E 0 1.112e+03 1.173e+02 6.106e+01
|        ( QUESTION2 1 8.589e+02 5.716e+01 4.806e+01
|            ( - 7.741e+02 7 0)
|            ( - 2.763e+01 2 0))
|        ( QUESTION0_14_R 1 1.357e+02 2.020e+01 1.300e+01
|            ( - 1.154e+01 1 0)
|            ( - 1.040e+02 1 0)))
|    ( WDBNDRY_E 0 5.936e+02 9.136e+01 3.803e+01
|        ( QUESTION6 -1 2.447e+02 2.674e+01 1.703e+01
|            ( - 2.104e+02 2 0)
|            ( - 7.563e+00 1 0))
|        ( QUESTION6 -1 2.575e+02 5.309e+01 2.100e+01
|            ( - 1.795e+02 2 0)
|            ( - 2.489e+01 1 0))))
s>    ( QUESTION0 -1 1.902e+03 1.961e+02 9.909e+01
s>        ( WDBNDRY_E 0 1.112e+03 1.173e+02 6.106e+01
s>            ( QUESTION2 1 8.589e+02 5.716e+01 4.806e+01
s>                ( - 7.741e+02 7 0)
s>                ( - 2.763e+01 2 0))
s>            ( QUESTION0_14_R 1 1.357e+02 2.020e+01 1.300e+01
s>                ( - 1.154e+01 1 0)
s>                ( - 1.040e+02 1 0)))
s>        ( WDBNDRY_E 0 5.936e+02 9.136e+01 3.803e+01
s>            ( QUESTION6 -1 2.447e+02 2.674e+01 1.703e+01
s>                ( - 2.104e+02 2 0)
s>                ( - 7.563e+00 1 0))
s>            ( QUESTION6 -1 2.575e+02 5.309e+01 2.100e+01
s>                ( - 1.795e+02 2 0)
s>                ( - 2.489e+01 1 0))))INFO: dtree.c(1315): Comp split 5
INFO: dtree.c(1439): stop. leaf nodes are specific
INFO: dtree.c(1478): Final simple tree
|( QUESTION0_14_R 1 1.984e+03 2.281e+02 1.021e+02
|    ( QUESTION0 -1 5.687e+02 6.281e+01 4.002e+01
|        ( - 4.253e+02 8 0)
|        ( - 8.051e+01 2 0))
|    ( QUESTION0_16_R 1 1.187e+03 1.392e+02 6.205e+01
|        ( QUESTION0 -1 2.469e+02 5.153e+01 1.600e+01
|            ( - 1.667e+02 4 0)
|            ( - 2.863e+01 1 0))
|        ( QUESTION0_18_R 1 8.006e+02 8.042e+01 4.605e+01
|            ( QUESTION2 -1 6.907e+01 1.665e+01 6.954e+00
|                ( - 1.583e+00 1 0)
|                ( - 5.084e+01 1 0))
|            ( - 6.511e+02 4 0))))
s>    ( QUESTION0_14_R 1 1.984e+03 2.281e+02 1.021e+02
s>        ( QUESTION0 -1 5.687e+02 6.281e+01 4.002e+01
s>            ( - 4.253e+02 8 0)
s>            ( - 8.051e+01 2 0))
s>        ( QUESTION0_16_R 1 1.187e+03 1.392e+02 6.205e+01
s>            ( QUESTION0 -1 2.469e+02 5.153e+01 1.600e+01
s>                ( - 1.667e+02 4 0)
s>                ( - 2.863e+01 1 0))
s>            ( QUESTION0_18_R 1 8.006e+02 8.042e+01 4.605e+01
s>                ( QUESTION2 -1 6.907e+01 1.665e+01 6.954e+00
s>                    ( - 1.583e+00 1 0)
s>                    ( - 5.084e+01 1 0))
s>                ( - 6.511e+02 4 0))))INFO: dtree.c(1439): stop. leaf nodes are specific
INFO: dtree.c(1478): Final simple tree
|( QUESTION0 -1 2.925e+03 2.477e+02 1.554e+02
|    ( QUESTION0_12_R 1 1.906e+03 1.441e+02 1.115e+02
|        ( - 1.535e+03 8 0)
|        ( - 2.267e+02 2 0))
|    ( QUESTION0_12_R 1 7.711e+02 6.615e+01 4.387e+01
|        ( QUESTION2 -1 6.473e+02 4.324e+01 3.787e+01
|            ( - 1.217e+01 2 0)
|            ( - 5.919e+02 5 0))
|        ( - 5.764e+01 2 0)))
s>    ( QUESTION0 -1 2.925e+03 2.477e+02 1.554e+02
s>        ( QUESTION0_12_R 1 1.906e+03 1.441e+02 1.115e+02
s>            ( - 1.535e+03 8 0)
s>            ( - 2.267e+02 2 0))
s>        ( QUESTION0_12_R 1 7.711e+02 6.615e+01 4.387e+01
s>            ( QUESTION2 -1 6.473e+02 4.324e+01 3.787e+01
s>                ( - 1.217e+01 2 0)
s>                ( - 5.919e+02 5 0))
s>            ( - 5.764e+01 2 0)))INFO: dtree.c(1315): Comp split 6
INFO: dtree.c(1478): Final simple tree
|( WDBNDRY_E 0 1.139e+03 1.588e+02 6.138e+01
|    ( QUESTION0_1_R 1 4.244e+02 8.048e+01 2.601e+01
|        ( QUESTION17 1 2.113e+02 3.824e+01 1.501e+01
|            ( - 1.489e+02 1 0)
|            ( QUESTION8 1 2.409e+01 1.240e+01 3.000e+00
|                ( - 8.787e+00 1 0)
|                ( - 2.910e+00 1 0)))
|        ( QUESTION0_5_R 1 1.326e+02 2.637e+01 1.100e+01
|            ( - 8.473e+01 1 0)
|            ( - 2.155e+01 1 0)))
|    ( QUESTION0_1_R 1 5.559e+02 4.093e+01 3.537e+01
|        ( - 1.492e+01 1 0)
|        ( QUESTION0 -1 5.001e+02 3.440e+01 3.237e+01
|            ( - 4.565e+02 4 0)
|            ( - 9.159e+00 1 0))))
s>    ( WDBNDRY_E 0 1.139e+03 1.588e+02 6.138e+01
s>        ( QUESTION0_1_R 1 4.244e+02 8.048e+01 2.601e+01
s>            ( QUESTION17 1 2.113e+02 3.824e+01 1.501e+01
s>                ( - 1.489e+02 1 0)
s>                ( QUESTION8 1 2.409e+01 1.240e+01 3.000e+00
s>                    ( - 8.787e+00 1 0)
s>                    ( - 2.910e+00 1 0)))
s>            ( QUESTION0_5_R 1 1.326e+02 2.637e+01 1.100e+01
s>                ( - 8.473e+01 1 0)
s>                ( - 2.155e+01 1 0)))
s>        ( QUESTION0_1_R 1 5.559e+02 4.093e+01 3.537e+01
s>            ( - 1.492e+01 1 0)
s>            ( QUESTION0 -1 5.001e+02 3.440e+01 3.237e+01
s>                ( - 4.565e+02 4 0)
s>                ( - 9.159e+00 1 0))))INFO: dtree.c(1439): stop. leaf nodes are specific
INFO: dtree.c(1478): Final simple tree
|( QUESTION0 -1 1.248e+03 1.201e+02 6.974e+01
|    ( QUESTION0_1_R 1 9.873e+02 4.896e+01 5.836e+01
|        ( - 1.292e+01 1 0)
|        ( - 9.254e+02 3 0))
|    ( QUESTION5 1 1.405e+02 3.557e+01 1.138e+01
|        ( - 5.700e+01 1 0)
|        ( WDBNDRY_E 0 4.796e+01 1.794e+01 5.381e+00
|            ( - 3.158e+00 1 0)
|            ( - 2.686e+01 1 0))))
s>    ( QUESTION0 -1 1.248e+03 1.201e+02 6.974e+01
s>        ( QUESTION0_1_R 1 9.873e+02 4.896e+01 5.836e+01
s>            ( - 1.292e+01 1 0)
s>            ( - 9.254e+02 3 0))
s>        ( QUESTION5 1 1.405e+02 3.557e+01 1.138e+01
s>            ( - 5.700e+01 1 0)
s>            ( WDBNDRY_E 0 4.796e+01 1.794e+01 5.381e+00
s>                ( - 3.158e+00 1 0)
s>                ( - 2.686e+01 1 0))))INFO: dtree.c(1315): Comp split 7
INFO: dtree.c(1439): stop. leaf nodes are specific
INFO: dtree.c(1478): Final simple tree
|( QUESTION0_12_R 1 1.124e+03 1.358e+02 6.283e+01
|    ( QUESTION2 -1 6.473e+02 4.324e+01 3.787e+01
|        ( - 1.217e+01 2 0)
|        ( - 5.919e+02 5 0))
|    ( QUESTION0_18_R 1 3.410e+02 5.663e+01 2.496e+01
|        ( - 2.267e+02 2 0)
|        ( - 5.764e+01 2 0)))
s>    ( QUESTION0_12_R 1 1.124e+03 1.358e+02 6.283e+01
s>        ( QUESTION2 -1 6.473e+02 4.324e+01 3.787e+01
s>            ( - 1.217e+01 2 0)
s>            ( - 5.919e+02 5 0))
s>        ( QUESTION0_18_R 1 3.410e+02 5.663e+01 2.496e+01
s>            ( - 2.267e+02 2 0)
s>            ( - 5.764e+01 2 0)))INFO: dtree.c(1315): Comp split 8
INFO: dtree.c(1478): Final simple tree
|( WDBNDRY_E 0 7.976e+02 1.375e+02 4.197e+01
|    ( QUESTION0_2_R 1 3.185e+02 6.387e+01 2.100e+01
|        ( QUESTION0 -1 1.198e+02 2.785e+01 1.100e+01
|            ( - 8.434e+01 1 0)
|            ( - 7.551e+00 1 0))
|        ( SILENCE 1 1.349e+02 3.874e+01 1.000e+01
|            ( - 6.083e+01 3 0 QUESTION0 -1 1.580e+01 6.000e+00)
|            ( - 3.528e+01 2 0 QUESTION16 1 1.326e+01 4.000e+00)))
|    ( QUESTION0_3_R 1 3.416e+02 7.416e+01 2.097e+01
|        ( QUESTION2_12_L -1 1.218e+02 2.005e+01 9.086e+00
|            ( - 9.911e+01 2 0)
|            ( - 2.640e+00 1 0))
|        ( QUESTION4 -1 1.457e+02 3.211e+01 1.189e+01
|            ( - 9.170e+01 1 0)
|            ( - 2.184e+01 1 0))))
s>    ( WDBNDRY_E 0 7.976e+02 1.375e+02 4.197e+01
s>        ( QUESTION0_2_R 1 3.185e+02 6.387e+01 2.100e+01
s>            ( QUESTION0 -1 1.198e+02 2.785e+01 1.100e+01
s>                ( - 8.434e+01 1 0)
s>                ( - 7.551e+00 1 0))
s>            ( SILENCE 1 1.349e+02 3.874e+01 1.000e+01
s>                ( - 6.083e+01 3 0 QUESTION0 -1 1.580e+01 6.000e+00)
s>                ( - 3.528e+01 2 0 QUESTION16 1 1.326e+01 4.000e+00)))
s>        ( QUESTION0_3_R 1 3.416e+02 7.416e+01 2.097e+01
s>            ( QUESTION2_12_L -1 1.218e+02 2.005e+01 9.086e+00
s>                ( - 9.911e+01 2 0)
s>                ( - 2.640e+00 1 0))
s>            ( QUESTION4 -1 1.457e+02 3.211e+01 1.189e+01
s>                ( - 9.170e+01 1 0)
s>                ( - 2.184e+01 1 0))))INFO: dtree.c(1439): stop. leaf nodes are specific
INFO: dtree.c(1478): Final simple tree
|( QUESTION0_1_R 1 8.787e+02 1.157e+02 5.385e+01
|    ( - 1.879e+02 1 0)
|    ( QUESTION2_15_L -1 5.750e+02 9.086e+01 3.666e+01
|        ( WDBNDRY_E 0 3.624e+02 3.922e+01 2.674e+01
|            ( - 6.658e+00 1 0)
|            ( - 3.165e+02 1 0))
|        ( QUESTION4 -1 1.218e+02 3.892e+01 9.918e+00
|            ( - 3.531e+01 1 0)
|            ( QUESTION2 -1 4.754e+01 1.449e+01 4.989e+00
|                ( - 3.132e+01 2 0)
|                ( - 1.735e+00 1 0)))))
s>    ( QUESTION0_1_R 1 8.787e+02 1.157e+02 5.385e+01
s>        ( - 1.879e+02 1 0)
s>        ( QUESTION2_15_L -1 5.750e+02 9.086e+01 3.666e+01
s>            ( WDBNDRY_E 0 3.624e+02 3.922e+01 2.674e+01
s>                ( - 6.658e+00 1 0)
s>                ( - 3.165e+02 1 0))
s>            ( QUESTION4 -1 1.218e+02 3.892e+01 9.918e+00
s>                ( - 3.531e+01 1 0)
s>                ( QUESTION2 -1 4.754e+01 1.449e+01 4.989e+00
s>                    ( - 3.132e+01 2 0)
s>                    ( - 1.735e+00 1 0)))))INFO: dtree.c(1315): Comp split 9
INFO: dtree.c(1439): stop. leaf nodes are specific
INFO: dtree.c(1478): Final simple tree
|( QUESTION0_16_R 1 1.187e+03 1.392e+02 6.205e+01
|    ( QUESTION0 -1 2.469e+02 5.153e+01 1.600e+01
|        ( - 1.667e+02 4 0)
|        ( - 2.863e+01 1 0))
|    ( QUESTION0_18_R 1 8.006e+02 8.042e+01 4.605e+01
|        ( QUESTION2 -1 6.907e+01 1.665e+01 6.954e+00
|            ( - 1.583e+00 1 0)
|            ( - 5.084e+01 1 0))
|        ( - 6.511e+02 4 0)))
s>    ( QUESTION0_16_R 1 1.187e+03 1.392e+02 6.205e+01
s>        ( QUESTION0 -1 2.469e+02 5.153e+01 1.600e+01
s>            ( - 1.667e+02 4 0)
s>            ( - 2.863e+01 1 0))
s>        ( QUESTION0_18_R 1 8.006e+02 8.042e+01 4.605e+01
s>            ( QUESTION2 -1 6.907e+01 1.665e+01 6.954e+00
s>                ( - 1.583e+00 1 0)
s>                ( - 5.084e+01 1 0))
s>            ( - 6.511e+02 4 0)))INFO: dtree.c(1439): stop. leaf nodes are specific
INFO: dtree.c(1478): Final simple tree
|( QUESTION0 -1 5.687e+02 6.281e+01 4.002e+01
|    ( - 4.253e+02 8 0)
|    ( - 8.051e+01 2 0))
s>    ( QUESTION0 -1 5.687e+02 6.281e+01 4.002e+01
s>        ( - 4.253e+02 8 0)
s>        ( - 8.051e+01 2 0))INFO: dtree.c(1315): Comp split 10
INFO: dtree.c(1439): stop. leaf nodes are specific
INFO: dtree.c(1478): Final simple tree
|( QUESTION0_5_R 1 7.830e+02 9.701e+01 4.963e+01
|    ( - 3.911e+02 2 0)
|    ( QUESTION0_8_R 1 2.948e+02 5.565e+01 2.100e+01
|        ( - 1.394e+02 3 0)
|        ( QUESTION0_1_R 1 9.974e+01 1.536e+01 1.100e+01
|            ( - 2.137e+01 1 0)
|            ( - 6.301e+01 1 0))))
s>    ( QUESTION0_5_R 1 7.830e+02 9.701e+01 4.963e+01
s>        ( - 3.911e+02 2 0)
s>        ( QUESTION0_8_R 1 2.948e+02 5.565e+01 2.100e+01
s>            ( - 1.394e+02 3 0)
s>            ( QUESTION0_1_R 1 9.974e+01 1.536e+01 1.100e+01
s>                ( - 2.137e+01 1 0)
s>                ( - 6.301e+01 1 0))))INFO: dtree.c(1439): stop. leaf nodes are specific
INFO: dtree.c(1478): Final simple tree
|( QUESTION7 1 1.300e+03 1.459e+02 7.081e+01
|    ( QUESTION16 1 6.734e+02 3.070e+01 4.280e+01
|        ( - 6.932e+00 1 0)
|        ( - 6.357e+02 3 0))
|    ( QUESTION0 1 4.812e+02 7.143e+01 2.800e+01
|        ( - 1.169e+02 2 0)
|        ( - 2.928e+02 5 0)))
s>    ( QUESTION7 1 1.300e+03 1.459e+02 7.081e+01
s>        ( QUESTION16 1 6.734e+02 3.070e+01 4.280e+01
s>            ( - 6.932e+00 1 0)
s>            ( - 6.357e+02 3 0))
s>        ( QUESTION0 1 4.812e+02 7.143e+01 2.800e+01
s>            ( - 1.169e+02 2 0)
s>            ( - 2.928e+02 5 0)))INFO: dtree.c(1315): Comp split 11
INFO: dtree.c(1439): stop. leaf nodes are specific
INFO: dtree.c(1478): Final simple tree
|( WDBNDRY_E 0 5.936e+02 9.136e+01 3.803e+01
|    ( QUESTION6 -1 2.447e+02 2.674e+01 1.703e+01
|        ( - 2.104e+02 2 0)
|        ( - 7.563e+00 1 0))
|    ( QUESTION6 -1 2.575e+02 5.309e+01 2.100e+01
|        ( - 1.795e+02 2 0)
|        ( - 2.489e+01 1 0)))
s>    ( WDBNDRY_E 0 5.936e+02 9.136e+01 3.803e+01
s>        ( QUESTION6 -1 2.447e+02 2.674e+01 1.703e+01
s>            ( - 2.104e+02 2 0)
s>            ( - 7.563e+00 1 0))
s>        ( QUESTION6 -1 2.575e+02 5.309e+01 2.100e+01
s>            ( - 1.795e+02 2 0)
s>            ( - 2.489e+01 1 0)))INFO: dtree.c(1439): stop. leaf nodes are specific
INFO: dtree.c(1478): Final simple tree
|( WDBNDRY_E 0 1.112e+03 1.173e+02 6.106e+01
|    ( QUESTION2 1 8.589e+02 5.716e+01 4.806e+01
|        ( - 7.741e+02 7 0)
|        ( - 2.763e+01 2 0))
|    ( QUESTION0_14_R 1 1.357e+02 2.020e+01 1.300e+01
|        ( - 1.154e+01 1 0)
|        ( - 1.040e+02 1 0)))
s>    ( WDBNDRY_E 0 1.112e+03 1.173e+02 6.106e+01
s>        ( QUESTION2 1 8.589e+02 5.716e+01 4.806e+01
s>            ( - 7.741e+02 7 0)
s>            ( - 2.763e+01 2 0))
s>        ( QUESTION0_14_R 1 1.357e+02 2.020e+01 1.300e+01
s>            ( - 1.154e+01 1 0)
s>            ( - 1.040e+02 1 0)))INFO: dtree.c(1315): Comp split 12
INFO: dtree.c(1439): stop. leaf nodes are specific
INFO: dtree.c(1478): Final simple tree
|( QUESTION0 -1 5.455e+02 5.458e+01 3.437e+01
|    ( - 4.565e+02 4 0)
|    ( WDBNDRY_E 0 3.435e+01 1.640e+01 4.000e+00
|        ( - 8.787e+00 1 0)
|        ( - 9.159e+00 1 0)))
s>    ( QUESTION0 -1 5.455e+02 5.458e+01 3.437e+01
s>        ( - 4.565e+02 4 0)
s>        ( WDBNDRY_E 0 3.435e+01 1.640e+01 4.000e+00
s>            ( - 8.787e+00 1 0)
s>            ( - 9.159e+00 1 0)))INFO: dtree.c(1439): stop. leaf nodes are specific
INFO: dtree.c(1478): Final simple tree
|( QUESTION17 1 4.336e+02 8.148e+01 2.701e+01
|    ( - 1.489e+02 1 0)
|    ( QUESTION0_5_R 1 2.032e+02 4.092e+01 1.500e+01
|        ( - 8.473e+01 1 0)
|        ( QUESTION0_1_R 1 7.756e+01 2.530e+01 7.000e+00
|            ( WDBNDRY_E 0 3.070e+01 1.287e+01 4.000e+00
|                ( - 2.910e+00 1 0)
|                ( - 1.492e+01 1 0))
|            ( - 2.155e+01 1 0))))
s>    ( QUESTION17 1 4.336e+02 8.148e+01 2.701e+01
s>        ( - 1.489e+02 1 0)
s>        ( QUESTION0_5_R 1 2.032e+02 4.092e+01 1.500e+01
s>            ( - 8.473e+01 1 0)
s>            ( QUESTION0_1_R 1 7.756e+01 2.530e+01 7.000e+00
s>                ( WDBNDRY_E 0 3.070e+01 1.287e+01 4.000e+00
s>                    ( - 2.910e+00 1 0)
s>                    ( - 1.492e+01 1 0))
s>                ( - 2.155e+01 1 0))))INFO: dtree.c(1315): Comp split 13
INFO: dtree.c(1439): stop. leaf nodes are specific
INFO: dtree.c(1478): Final simple tree
|( QUESTION3 -1 3.835e+02 8.318e+01 2.295e+01
|    ( QUESTION0_16_R 1 1.123e+02 3.285e+01 9.954e+00
|        ( - 2.863e+01 1 0)
|        ( - 5.084e+01 1 0))
|    ( QUESTION0_16_R 1 1.880e+02 1.969e+01 1.300e+01
|        ( - 1.667e+02 4 0)
|        ( - 1.583e+00 1 0)))
s>    ( QUESTION3 -1 3.835e+02 8.318e+01 2.295e+01
s>        ( QUESTION0_16_R 1 1.123e+02 3.285e+01 9.954e+00
s>            ( - 2.863e+01 1 0)
s>            ( - 5.084e+01 1 0))
s>        ( QUESTION0_16_R 1 1.880e+02 1.969e+01 1.300e+01
s>            ( - 1.667e+02 4 0)
s>            ( - 1.583e+00 1 0)))INFO: dtree.c(1315): Comp split 14
INFO: dtree.c(1439): stop. leaf nodes are specific
INFO: dtree.c(1478): Final simple tree
|( QUESTION0 1 4.812e+02 7.143e+01 2.800e+01
|    ( - 1.169e+02 2 0)
|    ( - 2.928e+02 5 0))
s>    ( QUESTION0 1 4.812e+02 7.143e+01 2.800e+01
s>        ( - 1.169e+02 2 0)
s>        ( - 2.928e+02 5 0))INFO: dtree.c(1439): stop. leaf nodes are specific
INFO: dtree.c(1478): Final simple tree
|( QUESTION16 1 6.734e+02 3.070e+01 4.280e+01
|    ( - 6.932e+00 1 0)
|    ( - 6.357e+02 3 0))
s>    ( QUESTION16 1 6.734e+02 3.070e+01 4.280e+01
s>        ( - 6.932e+00 1 0)
s>        ( - 6.357e+02 3 0))INFO: dtree.c(1315): Comp split 15
INFO: dtree.c(1439): stop. leaf nodes are specific
INFO: dtree.c(1478): Final simple tree
|( QUESTION0_18_R 1 3.925e+02 6.818e+01 2.696e+01
|    ( - 2.267e+02 2 0)
|    ( QUESTION0_12_R 1 9.760e+01 2.780e+01 8.000e+00
|        ( - 1.217e+01 2 0)
|        ( - 5.764e+01 2 0)))
s>    ( QUESTION0_18_R 1 3.925e+02 6.818e+01 2.696e+01
s>        ( - 2.267e+02 2 0)
s>        ( QUESTION0_12_R 1 9.760e+01 2.780e+01 8.000e+00
s>            ( - 1.217e+01 2 0)
s>            ( - 5.764e+01 2 0)))INFO: dtree.c(1315): Comp split 16
INFO: dtree.c(1439): stop. leaf nodes are specific
INFO: dtree.c(1478): Final simple tree
|( QUESTION0_2_R 1 3.810e+02 7.360e+01 2.400e+01
|    ( QUESTION0 -1 1.726e+02 4.069e+01 1.400e+01
|        ( - 8.434e+01 1 0)
|        ( WDBNDRY_E 0 4.755e+01 1.815e+01 5.003e+00
|            ( - 7.551e+00 1 0)
|            ( - 2.184e+01 1 0)))
|    ( SILENCE 1 1.349e+02 3.874e+01 1.000e+01
|        ( QUESTION0 -1 6.083e+01 1.580e+01 6.000e+00
|            ( - 4.367e+01 2 0)
|            ( - 1.361e+00 1 0))
|        ( QUESTION16 1 3.528e+01 1.326e+01 4.000e+00
|            ( - 1.240e+00 1 0)
|            ( - 2.077e+01 1 0))))
s>    ( QUESTION0_2_R 1 3.810e+02 7.360e+01 2.400e+01
s>        ( QUESTION0 -1 1.726e+02 4.069e+01 1.400e+01
s>            ( - 8.434e+01 1 0)
s>            ( WDBNDRY_E 0 4.755e+01 1.815e+01 5.003e+00
s>                ( - 7.551e+00 1 0)
s>                ( - 2.184e+01 1 0)))
s>        ( SILENCE 1 1.349e+02 3.874e+01 1.000e+01
s>            ( QUESTION0 -1 6.083e+01 1.580e+01 6.000e+00
s>                ( - 4.367e+01 2 0)
s>                ( - 1.361e+00 1 0))
s>            ( QUESTION16 1 3.528e+01 1.326e+01 4.000e+00
s>                ( - 1.240e+00 1 0)
s>                ( - 2.077e+01 1 0))))INFO: dtree.c(1439): stop. leaf nodes are specific
INFO: dtree.c(1478): Final simple tree
|( QUESTION2_12_L -1 2.790e+02 6.626e+01 1.797e+01
|    ( - 9.911e+01 2 0)
|    ( QUESTION0_3_R 1 1.136e+02 1.928e+01 9.883e+00
|        ( - 2.640e+00 1 0)
|        ( - 9.170e+01 1 0)))
s>    ( QUESTION2_12_L -1 2.790e+02 6.626e+01 1.797e+01
s>        ( - 9.911e+01 2 0)
s>        ( QUESTION0_3_R 1 1.136e+02 1.928e+01 9.883e+00
s>            ( - 2.640e+00 1 0)
s>            ( - 9.170e+01 1 0)))INFO: dtree.c(1315): Comp split 17
INFO: dtree.c(1439): stop. leaf nodes are specific
INFO: dtree.c(1478): Final simple tree
|( WDBNDRY_E 0 1.890e+02 4.378e+01 1.438e+01
|    ( QUESTION4 1 7.815e+01 1.799e+01 7.415e+00
|        ( - 3.158e+00 1 0)
|        ( - 5.700e+01 1 0))
|    ( QUESTION0_1_R 1 6.708e+01 2.730e+01 6.966e+00
|        ( - 1.292e+01 1 0)
|        ( - 2.686e+01 1 0)))
s>    ( WDBNDRY_E 0 1.890e+02 4.378e+01 1.438e+01
s>        ( QUESTION4 1 7.815e+01 1.799e+01 7.415e+00
s>            ( - 3.158e+00 1 0)
s>            ( - 5.700e+01 1 0))
s>        ( QUESTION0_1_R 1 6.708e+01 2.730e+01 6.966e+00
s>            ( - 1.292e+01 1 0)
s>            ( - 2.686e+01 1 0)))INFO: dtree.c(1315): Comp split 18
INFO: dtree.c(1439): stop. leaf nodes are specific
INFO: dtree.c(1478): Final simple tree
|( QUESTION2 -1 4.453e+02 7.605e+01 3.067e+01
|    ( - 3.165e+02 1 0)
|    ( QUESTION4 -1 5.274e+01 1.570e+01 5.929e+00
|        ( - 3.531e+01 1 0)
|        ( - 1.735e+00 1 0)))
s>    ( QUESTION2 -1 4.453e+02 7.605e+01 3.067e+01
s>        ( - 3.165e+02 1 0)
s>        ( QUESTION4 -1 5.274e+01 1.570e+01 5.929e+00
s>            ( - 3.531e+01 1 0)
s>            ( - 1.735e+00 1 0)))INFO: dtree.c(1439): stop. leaf nodes are specific
INFO: dtree.c(1478): Final simple tree
|( QUESTION0_1_R 1 3.060e+02 6.018e+01 2.318e+01
|    ( - 1.879e+02 1 0)
|    ( WDBNDRY_E 0 5.790e+01 1.992e+01 5.989e+00
|        ( - 6.658e+00 1 0)
|        ( - 3.132e+01 2 0)))
s>    ( QUESTION0_1_R 1 3.060e+02 6.018e+01 2.318e+01
s>        ( - 1.879e+02 1 0)
s>        ( WDBNDRY_E 0 5.790e+01 1.992e+01 5.989e+00
s>            ( - 6.658e+00 1 0)
s>            ( - 3.132e+01 2 0)))INFO: dtree.c(1315): Comp split 19
INFO: dtree.c(1439): stop. leaf nodes are specific
INFO: dtree.c(1478): Final simple tree
|( WDBNDRY_E 0 2.121e+02 4.874e+01 1.700e+01
|    ( - 2.763e+01 2 0)
|    ( QUESTION0_14_R 1 1.357e+02 2.020e+01 1.300e+01
|        ( - 1.154e+01 1 0)
|        ( - 1.040e+02 1 0)))
s>    ( WDBNDRY_E 0 2.121e+02 4.874e+01 1.700e+01
s>        ( - 2.763e+01 2 0)
s>        ( QUESTION0_14_R 1 1.357e+02 2.020e+01 1.300e+01
s>            ( - 1.154e+01 1 0)
s>            ( - 1.040e+02 1 0)))INFO: dtree.c(1315): Comp split 20
INFO: dtree.c(1439): stop. leaf nodes are specific
INFO: dtree.c(1478): Final simple tree
|( QUESTION0_8_R 1 2.948e+02 5.565e+01 2.100e+01
|    ( - 1.394e+02 3 0)
|    ( QUESTION0_1_R 1 9.974e+01 1.536e+01 1.100e+01
|        ( - 2.137e+01 1 0)
|        ( - 6.301e+01 1 0)))
s>    ( QUESTION0_8_R 1 2.948e+02 5.565e+01 2.100e+01
s>        ( - 1.394e+02 3 0)
s>        ( QUESTION0_1_R 1 9.974e+01 1.536e+01 1.100e+01
s>            ( - 2.137e+01 1 0)
s>            ( - 6.301e+01 1 0)))INFO: dtree.c(1315): Comp split 21
INFO: dtree.c(1439): stop. leaf nodes are specific
INFO: dtree.c(1478): Final simple tree
|( WDBNDRY_E 0 2.151e+02 2.806e+01 1.900e+01
|    ( - 7.563e+00 1 0)
|    ( - 1.795e+02 2 0))
s>    ( WDBNDRY_E 0 2.151e+02 2.806e+01 1.900e+01
s>        ( - 7.563e+00 1 0)
s>        ( - 1.795e+02 2 0))INFO: dtree.c(1439): stop. leaf nodes are specific
INFO: dtree.c(1478): Final simple tree
|( WDBNDRY_E 0 2.819e+02 4.656e+01 1.903e+01
|    ( - 2.104e+02 2 0)
|    ( - 2.489e+01 1 0))
s>    ( WDBNDRY_E 0 2.819e+02 4.656e+01 1.903e+01
s>        ( - 2.104e+02 2 0)
s>        ( - 2.489e+01 1 0))INFO: dtree.c(1315): Comp split 22
INFO: dtree.c(1439): stop. leaf nodes are specific
INFO: dtree.c(1478): Final simple tree
|( QUESTION0_16_R 1 1.880e+02 1.969e+01 1.300e+01
|    ( - 1.667e+02 4 0)
|    ( - 1.583e+00 1 0))
s>    ( QUESTION0_16_R 1 1.880e+02 1.969e+01 1.300e+01
s>        ( - 1.667e+02 4 0)
s>        ( - 1.583e+00 1 0))INFO: dtree.c(1439): stop. leaf nodes are specific
INFO: dtree.c(1478): Final simple tree
|( QUESTION0_16_R 1 1.123e+02 3.285e+01 9.954e+00
|    ( - 2.863e+01 1 0)
|    ( - 5.084e+01 1 0))
s>    ( QUESTION0_16_R 1 1.123e+02 3.285e+01 9.954e+00
s>        ( - 2.863e+01 1 0)
s>        ( - 5.084e+01 1 0))INFO: dtree.c(1315): Comp split 23
INFO: dtree.c(1439): stop. leaf nodes are specific
INFO: dtree.c(1478): Final simple tree
|( QUESTION16 1 1.715e+02 1.967e+01 1.301e+01
|    ( - 2.910e+00 1 0)
|    ( - 1.489e+02 1 0))
s>    ( QUESTION16 1 1.715e+02 1.967e+01 1.301e+01
s>        ( - 2.910e+00 1 0)
s>        ( - 1.489e+02 1 0))INFO: dtree.c(1439): stop. leaf nodes are specific
INFO: dtree.c(1478): Final simple tree
|( QUESTION0_5_R 1 1.791e+02 3.673e+01 1.400e+01
|    ( - 8.473e+01 1 0)
|    ( WDBNDRY_E 0 5.768e+01 2.121e+01 6.000e+00
|        ( - 2.155e+01 1 0)
|        ( - 1.492e+01 1 0)))
s>    ( QUESTION0_5_R 1 1.791e+02 3.673e+01 1.400e+01
s>        ( - 8.473e+01 1 0)
s>        ( WDBNDRY_E 0 5.768e+01 2.121e+01 6.000e+00
s>            ( - 2.155e+01 1 0)
s>            ( - 1.492e+01 1 0)))INFO: dtree.c(1315): Comp split 24
INFO: dtree.c(1439): stop. leaf nodes are specific
INFO: dtree.c(1478): Final simple tree
|( SILENCE 1 1.465e+02 3.724e+01 1.100e+01
|    ( QUESTION0 -1 6.083e+01 1.580e+01 6.000e+00
|        ( - 4.367e+01 2 0)
|        ( - 1.361e+00 1 0))
|    ( QUESTION0_1_R 1 4.844e+01 2.011e+01 5.000e+00
|        ( - 2.077e+01 1 0)
|        ( - 7.551e+00 1 0)))
s>    ( SILENCE 1 1.465e+02 3.724e+01 1.100e+01
s>        ( QUESTION0 -1 6.083e+01 1.580e+01 6.000e+00
s>            ( - 4.367e+01 2 0)
s>            ( - 1.361e+00 1 0))
s>        ( QUESTION0_1_R 1 4.844e+01 2.011e+01 5.000e+00
s>            ( - 2.077e+01 1 0)
s>            ( - 7.551e+00 1 0)))INFO: dtree.c(1439): stop. leaf nodes are specific
INFO: dtree.c(1478): Final simple tree
|( QUESTION0_3_R 1 1.546e+02 3.417e+01 1.300e+01
|    ( - 8.434e+01 1 0)
|    ( WDBNDRY_E 0 3.611e+01 1.303e+01 4.003e+00
|        ( - 1.240e+00 1 0)
|        ( - 2.184e+01 1 0)))
s>    ( QUESTION0_3_R 1 1.546e+02 3.417e+01 1.300e+01
s>        ( - 8.434e+01 1 0)
s>        ( WDBNDRY_E 0 3.611e+01 1.303e+01 4.003e+00
s>            ( - 1.240e+00 1 0)
s>            ( - 2.184e+01 1 0)))INFO: dtree.c(1315): Comp split 25
INFO: dtree.c(1439): stop. leaf nodes are specific
INFO: dtree.c(1478): Final simple tree
|( QUESTION4 -1 5.274e+01 1.570e+01 5.929e+00
|    ( - 3.531e+01 1 0)
|    ( - 1.735e+00 1 0))
s>    ( QUESTION4 -1 5.274e+01 1.570e+01 5.929e+00
s>        ( - 3.531e+01 1 0)
s>        ( - 1.735e+00 1 0))INFO: dtree.c(1315): Comp split 26
INFO: dtree.c(1315): Comp split 27
INFO: dtree.c(1439): stop. leaf nodes are specific
INFO: dtree.c(1478): Final simple tree
|( QUESTION0_12_R 1 9.760e+01 2.780e+01 8.000e+00
|    ( - 1.217e+01 2 0)
|    ( - 5.764e+01 2 0))
s>    ( QUESTION0_12_R 1 9.760e+01 2.780e+01 8.000e+00
s>        ( - 1.217e+01 2 0)
s>        ( - 5.764e+01 2 0))INFO: dtree.c(1315): Comp split 28
INFO: dtree.c(1439): stop. leaf nodes are specific
INFO: dtree.c(1478): Final simple tree
|( QUESTION0_3_R 1 1.136e+02 1.928e+01 9.883e+00
|    ( - 2.640e+00 1 0)
|    ( - 9.170e+01 1 0))
s>    ( QUESTION0_3_R 1 1.136e+02 1.928e+01 9.883e+00
s>        ( - 2.640e+00 1 0)
s>        ( - 9.170e+01 1 0))INFO: dtree.c(1315): Comp split 29
INFO: dtree.c(1315): Comp split 30
INFO: dtree.c(1439): stop. leaf nodes are specific
INFO: dtree.c(1478): Final simple tree
|( WDBNDRY_E 0 5.790e+01 1.992e+01 5.989e+00
|    ( - 6.658e+00 1 0)
|    ( - 3.132e+01 2 0))
s>    ( WDBNDRY_E 0 5.790e+01 1.992e+01 5.989e+00
s>        ( - 6.658e+00 1 0)
s>        ( - 3.132e+01 2 0))INFO: dtree.c(1315): Comp split 31
INFO: dtree.c(1439): stop. leaf nodes are specific
INFO: dtree.c(1478): Final simple tree
|( QUESTION0_1_R 1 9.974e+01 1.536e+01 1.100e+01
|    ( - 2.137e+01 1 0)
|    ( - 6.301e+01 1 0))
s>    ( QUESTION0_1_R 1 9.974e+01 1.536e+01 1.100e+01
s>        ( - 2.137e+01 1 0)
s>        ( - 6.301e+01 1 0))INFO: dtree.c(1315): Comp split 32
INFO: dtree.c(1439): stop. leaf nodes are specific
INFO: dtree.c(1478): Final simple tree
|( WDBNDRY_E 0 3.435e+01 1.640e+01 4.000e+00
|    ( - 8.787e+00 1 0)
|    ( - 9.159e+00 1 0))
s>    ( WDBNDRY_E 0 3.435e+01 1.640e+01 4.000e+00
s>        ( - 8.787e+00 1 0)
s>        ( - 9.159e+00 1 0))INFO: dtree.c(1315): Comp split 33
INFO: dtree.c(1439): stop. leaf nodes are specific
INFO: dtree.c(1478): Final simple tree
|( QUESTION0_14_R 1 1.357e+02 2.020e+01 1.300e+01
|    ( - 1.154e+01 1 0)
|    ( - 1.040e+02 1 0))
s>    ( QUESTION0_14_R 1 1.357e+02 2.020e+01 1.300e+01
s>        ( - 1.154e+01 1 0)
s>        ( - 1.040e+02 1 0))INFO: dtree.c(1315): Comp split 34
INFO: dtree.c(1315): Comp split 35
INFO: dtree.c(1439): stop. leaf nodes are specific
INFO: dtree.c(1478): Final simple tree
|( WDBNDRY_E 0 1.157e+02 3.181e+01 9.966e+00
|    ( - 5.700e+01 1 0)
|    ( - 2.686e+01 1 0))
s>    ( WDBNDRY_E 0 1.157e+02 3.181e+01 9.966e+00
s>        ( - 5.700e+01 1 0)
s>        ( - 2.686e+01 1 0))INFO: dtree.c(1439): stop. leaf nodes are specific
INFO: dtree.c(1478): Final simple tree
|( WDBNDRY_E 0 2.820e+01 1.212e+01 4.415e+00
|    ( - 3.158e+00 1 0)
|    ( - 1.292e+01 1 0))
s>    ( WDBNDRY_E 0 2.820e+01 1.212e+01 4.415e+00
s>        ( - 3.158e+00 1 0)
s>        ( - 1.292e+01 1 0))INFO: dtree.c(1315): Comp split 36
INFO: dtree.c(1439): stop. leaf nodes are specific
INFO: dtree.c(1478): Final simple tree
|( SILENCE 1 3.683e+01 1.469e+01 4.000e+00
|    ( - 1.361e+00 1 0)
|    ( - 2.077e+01 1 0))
s>    ( SILENCE 1 3.683e+01 1.469e+01 4.000e+00
s>        ( - 1.361e+00 1 0)
s>        ( - 2.077e+01 1 0))INFO: dtree.c(1439): stop. leaf nodes are specific
INFO: dtree.c(1478): Final simple tree
|( SILENCE 1 6.946e+01 1.824e+01 7.000e+00
|    ( - 4.367e+01 2 0)
|    ( - 7.551e+00 1 0))
s>    ( SILENCE 1 6.946e+01 1.824e+01 7.000e+00
s>        ( - 4.367e+01 2 0)
s>        ( - 7.551e+00 1 0))INFO: dtree.c(1315): Comp split 37
INFO: dtree.c(1439): stop. leaf nodes are specific
INFO: dtree.c(1478): Final simple tree
|( WDBNDRY_E 0 5.768e+01 2.121e+01 6.000e+00
|    ( - 2.155e+01 1 0)
|    ( - 1.492e+01 1 0))
s>    ( WDBNDRY_E 0 5.768e+01 2.121e+01 6.000e+00
s>        ( - 2.155e+01 1 0)
s>        ( - 1.492e+01 1 0))INFO: dtree.c(1315): Comp split 38
INFO: dtree.c(1439): stop. leaf nodes are specific
INFO: dtree.c(1478): Final simple tree
|( WDBNDRY_E 0 3.611e+01 1.303e+01 4.003e+00
|    ( - 1.240e+00 1 0)
|    ( - 2.184e+01 1 0))
s>    ( WDBNDRY_E 0 3.611e+01 1.303e+01 4.003e+00
s>        ( - 1.240e+00 1 0)
s>        ( - 2.184e+01 1 0))INFO: dtree.c(1315): Comp split 39
INFO: dtree.c(1315): Comp split 40
INFO: dtree.c(1315): Comp split 41
INFO: dtree.c(1315): Comp split 42
INFO: dtree.c(1315): Comp split 43
INFO: dtree.c(1315): Comp split 44
INFO: dtree.c(1315): Comp split 45
INFO: dtree.c(1315): Comp split 46
INFO: dtree.c(1315): Comp split 47
INFO: dtree.c(1315): Comp split 48
INFO: dtree.c(1315): Comp split 49
INFO: dtree.c(1315): Comp split 50
INFO: dtree.c(1315): Comp split 51
INFO: dtree.c(1315): Comp split 52
INFO: dtree.c(1315): Comp split 53
INFO: dtree.c(1315): Comp split 54
INFO: dtree.c(1315): Comp split 55
INFO: dtree.c(1315): Comp split 56
INFO: dtree.c(1315): Comp split 57
INFO: dtree.c(1318): stop. leaf nodes are specific
!!!!!!!!Allocated 67 lines
Thu Apr  7 00:36:05 2016
