Current configuration:
[NAME]		[DEFLT]	[VALUE]
-allphones	no	no
-cntthresh	0.00001	1.000000e-05
-csplitmax	100	2000
-csplitmin	1	1
-csplitthr	8e-4	0.000000e+00
-example	no	no
-fullvar	no	no
-help		no	no
-meanfn			/home/yaroslav/model/model_parameters/ua.cd_cont_untied/means
-mixwfn			/home/yaroslav/model/model_parameters/ua.cd_cont_untied/mixture_weights
-moddeffn		/home/yaroslav/model/model_architecture/ua.untied.mdef
-mwfloor	1e-4	1.000000e-08
-phone			ZHH
-psetfn			/home/yaroslav/model/model_architecture/ua.tree_questions
-ssplitmax	5	7
-ssplitmin	1	1
-ssplitthr	8e-4	0.000000e+00
-state			1
-stwt			1.0,0.05,0.0,
-treefn			/home/yaroslav/model/trees/ua.unpruned/ZHH-1.dtree
-ts2cbfn	.semi.	.cont.
-varfloor	0.00001	1.000000e-05
-varfn			/home/yaroslav/model/model_parameters/ua.cd_cont_untied/variances

INFO: main.c(223): Reading: /home/yaroslav/model/model_architecture/ua.untied.mdef
INFO: model_def_io.c(573): Model definition info:
INFO: model_def_io.c(574): 9365 total models defined (51 base, 9314 tri)
INFO: model_def_io.c(575): 37460 total states
INFO: model_def_io.c(576): 28095 total tied states
INFO: model_def_io.c(577): 153 total tied CI states
INFO: model_def_io.c(578): 51 total tied transition matrices
INFO: model_def_io.c(579): 4 max state/model
INFO: model_def_io.c(580): 4 min state/model
INFO: main.c(242): Building trees for [ZHH A І b] through [ZHH YE І b]
INFO: main.c(269): Covering states |[26598 26618]| == 21
INFO: main.c(275): Reading: /home/yaroslav/model/model_parameters/ua.cd_cont_untied/mixture_weights
INFO: s3mixw_io.c(173): Read /home/yaroslav/model/model_parameters/ua.cd_cont_untied/mixture_weights [21x1x1 array]
INFO: main.c(311): 7 of 7 models have observation count greater than 0.000010
INFO: main.c(95): nrm stwt: 0.045 0.909 0.045 
INFO: s3gau_io.c(169): Read /home/yaroslav/model/model_parameters/ua.cd_cont_untied/means [28095x1x1 array]
INFO: s3gau_io.c(169): Read /home/yaroslav/model/model_parameters/ua.cd_cont_untied/variances [28095x1x1 array]
INFO: main.c(549): Reading: /home/yaroslav/model/model_architecture/ua.tree_questions
INFO: main.c(588): 180 total simple questions (172 phone; 8 word bndry)
INFO: main.c(590): 42 Left Only questions, and 42 Right Only questions
INFO: dtree.c(1439): stop. leaf nodes are specific
INFO: dtree.c(1478): Final simple tree
|( SILENCE -1 -1.727e+04 2.750e+02 8.639e+01
|    ( - -1.297e+03 1 0)
|    ( WDBNDRY_B 0 -1.570e+04 2.138e+02 7.939e+01
|        ( QUESTION0 -1 -8.531e+03 1.494e+02 4.600e+01
|            ( QUESTION2_12_L -1 -6.846e+03 8.930e+01 3.700e+01
|                ( - -2.088e+03 1 0)
|                ( - -4.669e+03 2 0))
|            ( - -1.536e+03 1 0))
|        ( QUESTION2_12_L -1 -6.954e+03 4.369e+02 3.339e+01
|            ( - 2.094e+02 1 0)
|            ( - -6.727e+03 1 0))))
s>    ( SILENCE -1 -1.727e+04 2.750e+02 8.639e+01
s>        ( - -1.297e+03 1 0)
s>        ( WDBNDRY_B 0 -1.570e+04 2.138e+02 7.939e+01
s>            ( QUESTION0 -1 -8.531e+03 1.494e+02 4.600e+01
s>                ( QUESTION2_12_L -1 -6.846e+03 8.930e+01 3.700e+01
s>                    ( - -2.088e+03 1 0)
s>                    ( - -4.669e+03 2 0))
s>                ( - -1.536e+03 1 0))
s>            ( QUESTION2_12_L -1 -6.954e+03 4.369e+02 3.339e+01
s>                ( - 2.094e+02 1 0)
s>                ( - -6.727e+03 1 0))))INFO: dtree.c(1315): Comp split 0
INFO: dtree.c(1439): stop. leaf nodes are specific
INFO: dtree.c(1478): Final simple tree
|( SILENCE -1 -1.704e+04 2.743e+02 8.539e+01
|    ( - -1.297e+03 1 0)
|    ( WDBNDRY_B 0 -1.547e+04 2.151e+02 7.839e+01
|        ( QUESTION0 -1 -8.531e+03 1.494e+02 4.600e+01
|            ( QUESTION2_12_L -1 -6.846e+03 8.930e+01 3.700e+01
|                ( - -2.088e+03 1 0)
|                ( - -4.669e+03 2 0))
|            ( - -1.536e+03 1 0))
|        ( - -6.727e+03 1 0)))
s>    ( SILENCE -1 -1.704e+04 2.743e+02 8.539e+01
s>        ( - -1.297e+03 1 0)
s>        ( WDBNDRY_B 0 -1.547e+04 2.151e+02 7.839e+01
s>            ( QUESTION0 -1 -8.531e+03 1.494e+02 4.600e+01
s>                ( QUESTION2_12_L -1 -6.846e+03 8.930e+01 3.700e+01
s>                    ( - -2.088e+03 1 0)
s>                    ( - -4.669e+03 2 0))
s>                ( - -1.536e+03 1 0))
s>            ( - -6.727e+03 1 0)))INFO: dtree.c(1315): Comp split 1
INFO: dtree.c(1439): stop. leaf nodes are specific
INFO: dtree.c(1478): Final simple tree
|( SILENCE -1 -8.340e+03 1.961e+02 4.400e+01
|    ( - -1.297e+03 1 0)
|    ( QUESTION2_12_L -1 -6.846e+03 8.930e+01 3.700e+01
|        ( - -2.088e+03 1 0)
|        ( - -4.669e+03 2 0)))
s>    ( SILENCE -1 -8.340e+03 1.961e+02 4.400e+01
s>        ( - -1.297e+03 1 0)
s>        ( QUESTION2_12_L -1 -6.846e+03 8.930e+01 3.700e+01
s>            ( - -2.088e+03 1 0)
s>            ( - -4.669e+03 2 0)))INFO: dtree.c(1439): stop. leaf nodes are specific
INFO: dtree.c(1478): Final simple tree
|( WDBNDRY_B 0 -8.409e+03 1.471e+02 4.139e+01
|    ( - -1.536e+03 1 0)
|    ( - -6.727e+03 1 0))
s>    ( WDBNDRY_B 0 -8.409e+03 1.471e+02 4.139e+01
s>        ( - -1.536e+03 1 0)
s>        ( - -6.727e+03 1 0))INFO: dtree.c(1315): Comp split 2
INFO: dtree.c(1439): stop. leaf nodes are specific
INFO: dtree.c(1478): Final simple tree
|( QUESTION2_12_L -1 -6.846e+03 8.930e+01 3.700e+01
|    ( - -2.088e+03 1 0)
|    ( - -4.669e+03 2 0))
s>    ( QUESTION2_12_L -1 -6.846e+03 8.930e+01 3.700e+01
s>        ( - -2.088e+03 1 0)
s>        ( - -4.669e+03 2 0))INFO: dtree.c(1315): Comp split 3
INFO: dtree.c(1315): Comp split 4
INFO: dtree.c(1315): Comp split 5
INFO: dtree.c(1318): stop. leaf nodes are specific
!!!!!!!!Allocated 68 lines
Fri Apr  8 18:33:28 2016
