Current configuration:
[NAME]		[DEFLT]	[VALUE]
-allphones	no	no
-cntthresh	0.00001	1.000000e-05
-csplitmax	100	2000
-csplitmin	1	1
-csplitthr	8e-4	0.000000e+00
-example	no	no
-fullvar	no	no
-help		no	no
-meanfn			/home/yaroslav/model/model_parameters/ua.cd_cont_untied/means
-mixwfn			/home/yaroslav/model/model_parameters/ua.cd_cont_untied/mixture_weights
-moddeffn		/home/yaroslav/model/model_architecture/ua.untied.mdef
-mwfloor	1e-4	1.000000e-08
-phone			CH
-psetfn			/home/yaroslav/model/model_architecture/ua.tree_questions
-ssplitmax	5	7
-ssplitmin	1	1
-ssplitthr	8e-4	0.000000e+00
-state			1
-stwt			1.0,0.05,0.0,
-treefn			/home/yaroslav/model/trees/ua.unpruned/CH-1.dtree
-ts2cbfn	.semi.	.cont.
-varfloor	0.00001	1.000000e-05
-varfn			/home/yaroslav/model/model_parameters/ua.cd_cont_untied/variances

INFO: main.c(223): Reading: /home/yaroslav/model/model_architecture/ua.untied.mdef
INFO: model_def_io.c(573): Model definition info:
INFO: model_def_io.c(574): 9365 total models defined (51 base, 9314 tri)
INFO: model_def_io.c(575): 37460 total states
INFO: model_def_io.c(576): 28095 total tied states
INFO: model_def_io.c(577): 153 total tied CI states
INFO: model_def_io.c(578): 51 total tied transition matrices
INFO: model_def_io.c(579): 4 max state/model
INFO: model_def_io.c(580): 4 min state/model
INFO: main.c(242): Building trees for [CH A A i] through [CH І Z e]
INFO: main.c(269): Covering states |[3546 3989]| == 444
INFO: main.c(275): Reading: /home/yaroslav/model/model_parameters/ua.cd_cont_untied/mixture_weights
INFO: s3mixw_io.c(173): Read /home/yaroslav/model/model_parameters/ua.cd_cont_untied/mixture_weights [444x1x1 array]
INFO: main.c(311): 146 of 148 models have observation count greater than 0.000010
INFO: main.c(95): nrm stwt: 0.045 0.909 0.045 
INFO: s3gau_io.c(169): Read /home/yaroslav/model/model_parameters/ua.cd_cont_untied/means [28095x1x1 array]
INFO: s3gau_io.c(169): Read /home/yaroslav/model/model_parameters/ua.cd_cont_untied/variances [28095x1x1 array]
INFO: main.c(549): Reading: /home/yaroslav/model/model_architecture/ua.tree_questions
INFO: main.c(588): 180 total simple questions (172 phone; 8 word bndry)
INFO: main.c(590): 42 Left Only questions, and 42 Right Only questions
INFO: dtree.c(1478): Final simple tree
|( QUESTION7 1 -5.992e+05 1.611e+03 3.014e+03
|    ( WDBNDRY_E 0 -9.583e+04 6.781e+02 4.870e+02
|        ( QUESTION0_11_R 1 -1.903e+04 4.499e+02 8.827e+01
|            ( - 2.424e+02 1 0)
|            ( QUESTION0_4_R 1 -1.882e+04 3.835e+02 8.727e+01
|                ( - -6.988e+03 1 0)
|                ( - -1.145e+04 10 0 QUESTION0 -1 1.381e+02 6.000e+01)))
|        ( - -7.612e+04 10 0 QUESTION8 1 2.426e+02 3.988e+02))
|    ( SILENCE 1 -5.017e+05 4.621e+02 2.527e+03
|        ( - 2.176e+02 1 0)
|        ( QUESTION2_12_L -1 -5.015e+05 4.161e+02 2.526e+03
|            ( QUESTION0_2_R 1 -1.921e+05 4.868e+02 9.616e+02
|                ( - 2.415e+02 1 0)
|                ( - -1.919e+05 36 0 QUESTION0 -1 2.607e+02 9.606e+02))
|            ( - -3.090e+05 86 0 QUESTION2_14_L -1 3.833e+02 1.564e+03))))
s>    ( QUESTION7 1 -5.992e+05 1.611e+03 3.014e+03
s>        ( WDBNDRY_E 0 -9.583e+04 6.781e+02 4.870e+02
s>            ( QUESTION0_11_R 1 -1.903e+04 4.499e+02 8.827e+01
s>                ( - 2.424e+02 1 0)
s>                ( QUESTION0_4_R 1 -1.882e+04 3.835e+02 8.727e+01
s>                    ( - -6.988e+03 1 0)
s>                    ( - -1.145e+04 10 0 QUESTION0 -1 1.381e+02 6.000e+01)))
s>            ( - -7.612e+04 10 0 QUESTION8 1 2.426e+02 3.988e+02))
s>        ( SILENCE 1 -5.017e+05 4.621e+02 2.527e+03
s>            ( - 2.176e+02 1 0)
s>            ( QUESTION2_12_L -1 -5.015e+05 4.161e+02 2.526e+03
s>                ( QUESTION0_2_R 1 -1.921e+05 4.868e+02 9.616e+02
s>                    ( - 2.415e+02 1 0)
s>                    ( - -1.919e+05 36 0 QUESTION0 -1 2.607e+02 9.606e+02))
s>                ( - -3.090e+05 86 0 QUESTION2_14_L -1 3.833e+02 1.564e+03))))INFO: dtree.c(1315): Comp split 0
INFO: dtree.c(1478): Final simple tree
|( QUESTION2_12_L -1 -5.128e+05 4.312e+02 2.585e+03
|    ( QUESTION0 -1 -1.971e+05 2.665e+02 9.876e+02
|        ( - -1.681e+05 32 0 QUESTION2 1 1.507e+02 8.414e+02)
|        ( - -2.869e+04 8 0 WDBNDRY_B 0 1.699e+02 1.463e+02))
|    ( QUESTION2_14_L -1 -3.153e+05 3.713e+02 1.597e+03
|        ( - -1.036e+05 24 0 QUESTION2 1 2.158e+02 5.173e+02)
|        ( QUESTION2_18_L -1 -2.113e+05 3.184e+02 1.080e+03
|            ( QUESTION14 -1 -8.652e+04 2.376e+02 4.435e+02
|                ( - -5.609e+04 23 0 QUESTION8 1 1.616e+02 2.871e+02)
|                ( - -3.019e+04 3 0 WDBNDRY_B 0 1.350e+02 1.565e+02))
|            ( SILENCE -1 -1.245e+05 2.335e+02 6.360e+02
|                ( - -7.879e+03 3 0)
|                ( QUESTION8 -1 -1.164e+05 2.228e+02 5.978e+02
|                    ( - -1.305e+04 7 0 QUESTION0_0_R 1 1.160e+02 7.111e+01)
|                    ( - -1.031e+05 32 0 WDBNDRY_B 0 2.186e+02 5.267e+02))))))
s>    ( QUESTION2_12_L -1 -5.128e+05 4.312e+02 2.585e+03
s>        ( QUESTION0 -1 -1.971e+05 2.665e+02 9.876e+02
s>            ( - -1.681e+05 32 0 QUESTION2 1 1.507e+02 8.414e+02)
s>            ( - -2.869e+04 8 0 WDBNDRY_B 0 1.699e+02 1.463e+02))
s>        ( QUESTION2_14_L -1 -3.153e+05 3.713e+02 1.597e+03
s>            ( - -1.036e+05 24 0 QUESTION2 1 2.158e+02 5.173e+02)
s>            ( QUESTION2_18_L -1 -2.113e+05 3.184e+02 1.080e+03
s>                ( QUESTION14 -1 -8.652e+04 2.376e+02 4.435e+02
s>                    ( - -5.609e+04 23 0 QUESTION8 1 1.616e+02 2.871e+02)
s>                    ( - -3.019e+04 3 0 WDBNDRY_B 0 1.350e+02 1.565e+02))
s>                ( SILENCE -1 -1.245e+05 2.335e+02 6.360e+02
s>                    ( - -7.879e+03 3 0)
s>                    ( QUESTION8 -1 -1.164e+05 2.228e+02 5.978e+02
s>                        ( - -1.305e+04 7 0 QUESTION0_0_R 1 1.160e+02 7.111e+01)
s>                        ( - -1.031e+05 32 0 WDBNDRY_B 0 2.186e+02 5.267e+02))))))INFO: dtree.c(1478): Final simple tree
|( QUESTION0_2_R 1 -8.449e+04 6.878e+02 4.290e+02
|    ( WDBNDRY_E 0 -7.440e+03 4.811e+02 2.927e+01
|        ( QUESTION0_3_R 1 -7.200e+03 4.545e+02 2.827e+01
|            ( - -6.988e+03 1 0)
|            ( - 2.424e+02 1 0))
|        ( - 2.415e+02 1 0))
|    ( WDBNDRY_E 0 -7.636e+04 4.540e+02 3.998e+02
|        ( - 2.176e+02 1 0)
|        ( QUESTION8 1 -7.612e+04 2.426e+02 3.988e+02
|            ( QUESTION0 -1 -4.831e+04 2.650e+02 2.522e+02
|                ( QUESTION2_14_L -1 -3.780e+04 2.894e+02 1.985e+02
|                    ( - -1.637e+04 2 0)
|                    ( - -2.114e+04 3 0 QUESTION2_12_L -1 1.504e+02 1.117e+02))
|                ( - -1.024e+04 1 0))
|            ( - -2.757e+04 4 0 QUESTION2_14_L -1 2.567e+02 1.465e+02))))
s>    ( QUESTION0_2_R 1 -8.449e+04 6.878e+02 4.290e+02
s>        ( WDBNDRY_E 0 -7.440e+03 4.811e+02 2.927e+01
s>            ( QUESTION0_3_R 1 -7.200e+03 4.545e+02 2.827e+01
s>                ( - -6.988e+03 1 0)
s>                ( - 2.424e+02 1 0))
s>            ( - 2.415e+02 1 0))
s>        ( WDBNDRY_E 0 -7.636e+04 4.540e+02 3.998e+02
s>            ( - 2.176e+02 1 0)
s>            ( QUESTION8 1 -7.612e+04 2.426e+02 3.988e+02
s>                ( QUESTION0 -1 -4.831e+04 2.650e+02 2.522e+02
s>                    ( QUESTION2_14_L -1 -3.780e+04 2.894e+02 1.985e+02
s>                        ( - -1.637e+04 2 0)
s>                        ( - -2.114e+04 3 0 QUESTION2_12_L -1 1.504e+02 1.117e+02))
s>                    ( - -1.024e+04 1 0))
s>                ( - -2.757e+04 4 0 QUESTION2_14_L -1 2.567e+02 1.465e+02))))INFO: dtree.c(1315): Comp split 1
INFO: dtree.c(1478): Final simple tree
|( WDBNDRY_E 0 -7.636e+04 4.540e+02 3.998e+02
|    ( - 2.176e+02 1 0)
|    ( QUESTION8 1 -7.612e+04 2.426e+02 3.988e+02
|        ( QUESTION0 -1 -4.831e+04 2.650e+02 2.522e+02
|            ( QUESTION2_14_L -1 -3.780e+04 2.894e+02 1.985e+02
|                ( - -1.637e+04 2 0)
|                ( QUESTION2_12_L -1 -2.114e+04 1.504e+02 1.117e+02
|                    ( - -1.183e+04 2 0)
|                    ( - -9.162e+03 1 0)))
|            ( - -1.024e+04 1 0))
|        ( QUESTION2_14_L -1 -2.757e+04 2.567e+02 1.465e+02
|            ( - -1.150e+03 1 0)
|            ( QUESTION2_12_L -1 -2.616e+04 1.405e+02 1.395e+02
|                ( - -1.516e+04 2 0)
|                ( - -1.086e+04 1 0)))))
s>    ( WDBNDRY_E 0 -7.636e+04 4.540e+02 3.998e+02
s>        ( - 2.176e+02 1 0)
s>        ( QUESTION8 1 -7.612e+04 2.426e+02 3.988e+02
s>            ( QUESTION0 -1 -4.831e+04 2.650e+02 2.522e+02
s>                ( QUESTION2_14_L -1 -3.780e+04 2.894e+02 1.985e+02
s>                    ( - -1.637e+04 2 0)
s>                    ( QUESTION2_12_L -1 -2.114e+04 1.504e+02 1.117e+02
s>                        ( - -1.183e+04 2 0)
s>                        ( - -9.162e+03 1 0)))
s>                ( - -1.024e+04 1 0))
s>            ( QUESTION2_14_L -1 -2.757e+04 2.567e+02 1.465e+02
s>                ( - -1.150e+03 1 0)
s>                ( QUESTION2_12_L -1 -2.616e+04 1.405e+02 1.395e+02
s>                    ( - -1.516e+04 2 0)
s>                    ( - -1.086e+04 1 0)))))INFO: dtree.c(1439): stop. leaf nodes are specific
INFO: dtree.c(1478): Final simple tree
|( WDBNDRY_E 0 -7.440e+03 4.811e+02 2.927e+01
|    ( QUESTION0_3_R 1 -7.200e+03 4.545e+02 2.827e+01
|        ( - -6.988e+03 1 0)
|        ( - 2.424e+02 1 0))
|    ( - 2.415e+02 1 0))
s>    ( WDBNDRY_E 0 -7.440e+03 4.811e+02 2.927e+01
s>        ( QUESTION0_3_R 1 -7.200e+03 4.545e+02 2.827e+01
s>            ( - -6.988e+03 1 0)
s>            ( - 2.424e+02 1 0))
s>        ( - 2.415e+02 1 0))INFO: dtree.c(1315): Comp split 2
INFO: dtree.c(1478): Final simple tree
|( QUESTION2_18_L -1 -2.032e+05 2.932e+02 1.041e+03
|    ( QUESTION14 -1 -8.652e+04 2.376e+02 4.435e+02
|        ( - -5.609e+04 23 0 QUESTION8 1 1.616e+02 2.871e+02)
|        ( - -3.019e+04 3 0 WDBNDRY_B 0 1.350e+02 1.565e+02))
|    ( QUESTION8 -1 -1.164e+05 2.228e+02 5.978e+02
|        ( - -1.305e+04 7 0 QUESTION0_0_R 1 1.160e+02 7.111e+01)
|        ( WDBNDRY_B 0 -1.031e+05 2.186e+02 5.267e+02
|            ( QUESTION12 -1 -5.595e+04 1.927e+02 2.843e+02
|                ( - -5.464e+03 1 0)
|                ( QUESTION2_1_L -1 -5.029e+04 1.643e+02 2.559e+02
|                    ( - -1.685e+04 6 0)
|                    ( - -3.328e+04 11 0 QUESTION0 -1 1.495e+02 1.705e+02)))
|            ( QUESTION0 -1 -4.696e+04 2.423e+02 2.424e+02
|                ( - -3.126e+04 6 0 QUESTION0_2_R 1 1.617e+02 1.601e+02)
|                ( - -1.545e+04 8 0 WDBNDRY_E 0 1.574e+02 8.234e+01)))))
s>    ( QUESTION2_18_L -1 -2.032e+05 2.932e+02 1.041e+03
s>        ( QUESTION14 -1 -8.652e+04 2.376e+02 4.435e+02
s>            ( - -5.609e+04 23 0 QUESTION8 1 1.616e+02 2.871e+02)
s>            ( - -3.019e+04 3 0 WDBNDRY_B 0 1.350e+02 1.565e+02))
s>        ( QUESTION8 -1 -1.164e+05 2.228e+02 5.978e+02
s>            ( - -1.305e+04 7 0 QUESTION0_0_R 1 1.160e+02 7.111e+01)
s>            ( WDBNDRY_B 0 -1.031e+05 2.186e+02 5.267e+02
s>                ( QUESTION12 -1 -5.595e+04 1.927e+02 2.843e+02
s>                    ( - -5.464e+03 1 0)
s>                    ( QUESTION2_1_L -1 -5.029e+04 1.643e+02 2.559e+02
s>                        ( - -1.685e+04 6 0)
s>                        ( - -3.328e+04 11 0 QUESTION0 -1 1.495e+02 1.705e+02)))
s>                ( QUESTION0 -1 -4.696e+04 2.423e+02 2.424e+02
s>                    ( - -3.126e+04 6 0 QUESTION0_2_R 1 1.617e+02 1.601e+02)
s>                    ( - -1.545e+04 8 0 WDBNDRY_E 0 1.574e+02 8.234e+01)))))INFO: dtree.c(1478): Final simple tree
|( QUESTION2_13_L -1 -3.091e+05 3.132e+02 1.543e+03
|    ( QUESTION2 1 -1.036e+05 2.158e+02 5.173e+02
|        ( - -7.683e+03 5 0 QUESTION3 1 1.387e+02 3.901e+01)
|        ( WDBNDRY_B 0 -9.570e+04 2.059e+02 4.783e+02
|            ( - -3.010e+04 7 0)
|            ( QUESTION0_2_R 1 -6.539e+04 1.538e+02 3.285e+02
|                ( - -2.434e+03 2 0 QUESTION18 1 9.760e+01 1.400e+01)
|                ( - -6.280e+04 10 0 WDBNDRY_E 0 9.463e+01 3.145e+02))))
|    ( QUESTION1 -1 -2.052e+05 2.815e+02 1.026e+03
|        ( WDBNDRY_B 0 -2.869e+04 1.699e+02 1.463e+02
|            ( - -2.465e+03 3 0)
|            ( - -2.605e+04 5 0))
|        ( SILENCE -1 -1.762e+05 2.209e+02 8.796e+02
|            ( - -7.879e+03 3 0)
|            ( - -1.681e+05 32 0 QUESTION2 1 1.507e+02 8.414e+02))))
s>    ( QUESTION2_13_L -1 -3.091e+05 3.132e+02 1.543e+03
s>        ( QUESTION2 1 -1.036e+05 2.158e+02 5.173e+02
s>            ( - -7.683e+03 5 0 QUESTION3 1 1.387e+02 3.901e+01)
s>            ( WDBNDRY_B 0 -9.570e+04 2.059e+02 4.783e+02
s>                ( - -3.010e+04 7 0)
s>                ( QUESTION0_2_R 1 -6.539e+04 1.538e+02 3.285e+02
s>                    ( - -2.434e+03 2 0 QUESTION18 1 9.760e+01 1.400e+01)
s>                    ( - -6.280e+04 10 0 WDBNDRY_E 0 9.463e+01 3.145e+02))))
s>        ( QUESTION1 -1 -2.052e+05 2.815e+02 1.026e+03
s>            ( WDBNDRY_B 0 -2.869e+04 1.699e+02 1.463e+02
s>                ( - -2.465e+03 3 0)
s>                ( - -2.605e+04 5 0))
s>            ( SILENCE -1 -1.762e+05 2.209e+02 8.796e+02
s>                ( - -7.879e+03 3 0)
s>                ( - -1.681e+05 32 0 QUESTION2 1 1.507e+02 8.414e+02))))INFO: dtree.c(1315): Comp split 3
INFO: dtree.c(1439): stop. leaf nodes are specific
INFO: dtree.c(1478): Final simple tree
|( QUESTION0_3_R 1 -7.200e+03 4.545e+02 2.827e+01
|    ( - -6.988e+03 1 0)
|    ( - 2.424e+02 1 0))
s>    ( QUESTION0_3_R 1 -7.200e+03 4.545e+02 2.827e+01
s>        ( - -6.988e+03 1 0)
s>        ( - 2.424e+02 1 0))INFO: dtree.c(1315): Comp split 4
INFO: dtree.c(1315): Comp split 5
INFO: dtree.c(1439): stop. leaf nodes are specific
INFO: dtree.c(1478): Final simple tree
|( QUESTION8 1 -7.612e+04 2.426e+02 3.988e+02
|    ( QUESTION0 -1 -4.831e+04 2.650e+02 2.522e+02
|        ( QUESTION2_14_L -1 -3.780e+04 2.894e+02 1.985e+02
|            ( - -1.637e+04 2 0)
|            ( QUESTION2_12_L -1 -2.114e+04 1.504e+02 1.117e+02
|                ( - -1.183e+04 2 0)
|                ( - -9.162e+03 1 0)))
|        ( - -1.024e+04 1 0))
|    ( QUESTION2_14_L -1 -2.757e+04 2.567e+02 1.465e+02
|        ( - -1.150e+03 1 0)
|        ( QUESTION2_12_L -1 -2.616e+04 1.405e+02 1.395e+02
|            ( - -1.516e+04 2 0)
|            ( - -1.086e+04 1 0))))
s>    ( QUESTION8 1 -7.612e+04 2.426e+02 3.988e+02
s>        ( QUESTION0 -1 -4.831e+04 2.650e+02 2.522e+02
s>            ( QUESTION2_14_L -1 -3.780e+04 2.894e+02 1.985e+02
s>                ( - -1.637e+04 2 0)
s>                ( QUESTION2_12_L -1 -2.114e+04 1.504e+02 1.117e+02
s>                    ( - -1.183e+04 2 0)
s>                    ( - -9.162e+03 1 0)))
s>            ( - -1.024e+04 1 0))
s>        ( QUESTION2_14_L -1 -2.757e+04 2.567e+02 1.465e+02
s>            ( - -1.150e+03 1 0)
s>            ( QUESTION2_12_L -1 -2.616e+04 1.405e+02 1.395e+02
s>                ( - -1.516e+04 2 0)
s>                ( - -1.086e+04 1 0))))INFO: dtree.c(1315): Comp split 6
INFO: dtree.c(1439): stop. leaf nodes are specific
INFO: dtree.c(1478): Final simple tree
|( QUESTION2_12_L -1 -2.114e+04 1.504e+02 1.117e+02
|    ( - -1.183e+04 2 0)
|    ( - -9.162e+03 1 0))
s>    ( QUESTION2_12_L -1 -2.114e+04 1.504e+02 1.117e+02
s>        ( - -1.183e+04 2 0)
s>        ( - -9.162e+03 1 0))INFO: dtree.c(1439): stop. leaf nodes are specific
INFO: dtree.c(1478): Final simple tree
|( QUESTION2_14_L -1 -5.456e+04 2.620e+02 2.871e+02
|    ( QUESTION8 1 -1.772e+04 2.003e+02 9.381e+01
|        ( - -1.637e+04 2 0)
|        ( - -1.150e+03 1 0))
|    ( QUESTION0 -1 -3.657e+04 1.641e+02 1.933e+02
|        ( QUESTION2_12_L -1 -2.616e+04 1.405e+02 1.395e+02
|            ( - -1.516e+04 2 0)
|            ( - -1.086e+04 1 0))
|        ( - -1.024e+04 1 0)))
s>    ( QUESTION2_14_L -1 -5.456e+04 2.620e+02 2.871e+02
s>        ( QUESTION8 1 -1.772e+04 2.003e+02 9.381e+01
s>            ( - -1.637e+04 2 0)
s>            ( - -1.150e+03 1 0))
s>        ( QUESTION0 -1 -3.657e+04 1.641e+02 1.933e+02
s>            ( QUESTION2_12_L -1 -2.616e+04 1.405e+02 1.395e+02
s>                ( - -1.516e+04 2 0)
s>                ( - -1.086e+04 1 0))
s>            ( - -1.024e+04 1 0)))INFO: dtree.c(1315): Comp split 7
INFO: dtree.c(1439): stop. leaf nodes are specific
INFO: dtree.c(1478): Final simple tree
|( WDBNDRY_E 0 -2.864e+04 1.514e+02 1.535e+02
|    ( - -2.718e+02 1 0)
|    ( WDBNDRY_B 0 -2.822e+04 1.442e+02 1.515e+02
|        ( QUESTION0_0_R 1 -1.305e+04 1.160e+02 7.111e+01
|            ( - -1.544e+03 1 0)
|            ( - -1.139e+04 6 0))
|        ( QUESTION2 -1 -1.502e+04 9.395e+01 8.034e+01
|            ( - -1.332e+04 6 0)
|            ( - -1.609e+03 1 0))))
s>    ( WDBNDRY_E 0 -2.864e+04 1.514e+02 1.535e+02
s>        ( - -2.718e+02 1 0)
s>        ( WDBNDRY_B 0 -2.822e+04 1.442e+02 1.515e+02
s>            ( QUESTION0_0_R 1 -1.305e+04 1.160e+02 7.111e+01
s>                ( - -1.544e+03 1 0)
s>                ( - -1.139e+04 6 0))
s>            ( QUESTION2 -1 -1.502e+04 9.395e+01 8.034e+01
s>                ( - -1.332e+04 6 0)
s>                ( - -1.609e+03 1 0))))INFO: dtree.c(1478): Final simple tree
|( QUESTION7 -1 -1.742e+05 2.762e+02 8.879e+02
|    ( QUESTION20 -1 -9.316e+04 2.376e+02 4.769e+02
|        ( - -3.019e+04 3 0 WDBNDRY_B 0 1.350e+02 1.565e+02)
|        ( QUESTION12 -1 -6.273e+04 1.853e+02 3.204e+02
|            ( - -5.464e+03 1 0)
|            ( QUESTION8 1 -5.708e+04 1.621e+02 2.921e+02
|                ( - -3.523e+02 1 0)
|                ( - -5.657e+04 23 0 QUESTION18 -1 1.515e+02 2.901e+02))))
|    ( QUESTION2_1_L -1 -8.072e+04 1.787e+02 4.110e+02
|        ( - -1.685e+04 6 0)
|        ( QUESTION0_2_R 1 -6.370e+04 1.561e+02 3.255e+02
|            ( - -7.554e+02 1 0)
|            ( WDBNDRY_B 0 -6.279e+04 1.531e+02 3.215e+02
|                ( - -3.229e+04 10 0 QUESTION3 -1 1.328e+02 1.655e+02)
|                ( - -3.035e+04 5 0 QUESTION0_0_R 1 1.134e+02 1.561e+02)))))
s>    ( QUESTION7 -1 -1.742e+05 2.762e+02 8.879e+02
s>        ( QUESTION20 -1 -9.316e+04 2.376e+02 4.769e+02
s>            ( - -3.019e+04 3 0 WDBNDRY_B 0 1.350e+02 1.565e+02)
s>            ( QUESTION12 -1 -6.273e+04 1.853e+02 3.204e+02
s>                ( - -5.464e+03 1 0)
s>                ( QUESTION8 1 -5.708e+04 1.621e+02 2.921e+02
s>                    ( - -3.523e+02 1 0)
s>                    ( - -5.657e+04 23 0 QUESTION18 -1 1.515e+02 2.901e+02))))
s>        ( QUESTION2_1_L -1 -8.072e+04 1.787e+02 4.110e+02
s>            ( - -1.685e+04 6 0)
s>            ( QUESTION0_2_R 1 -6.370e+04 1.561e+02 3.255e+02
s>                ( - -7.554e+02 1 0)
s>                ( WDBNDRY_B 0 -6.279e+04 1.531e+02 3.215e+02
s>                    ( - -3.229e+04 10 0 QUESTION3 -1 1.328e+02 1.655e+02)
s>                    ( - -3.035e+04 5 0 QUESTION0_0_R 1 1.134e+02 1.561e+02)))))INFO: dtree.c(1315): Comp split 8
INFO: dtree.c(1439): stop. leaf nodes are specific
INFO: dtree.c(1478): Final simple tree
|( QUESTION0_2_R 1 -6.539e+04 1.538e+02 3.285e+02
|    ( QUESTION18 1 -2.434e+03 9.760e+01 1.400e+01
|        ( - -1.523e+03 1 0)
|        ( - -8.135e+02 1 0))
|    ( WDBNDRY_E 0 -6.280e+04 9.463e+01 3.145e+02
|        ( QUESTION0_0_R 1 -1.005e+03 1.582e+02 5.000e+00
|            ( - -5.412e+02 1 0)
|            ( - -3.056e+02 1 0))
|        ( - -6.170e+04 8 0)))
s>    ( QUESTION0_2_R 1 -6.539e+04 1.538e+02 3.285e+02
s>        ( QUESTION18 1 -2.434e+03 9.760e+01 1.400e+01
s>            ( - -1.523e+03 1 0)
s>            ( - -8.135e+02 1 0))
s>        ( WDBNDRY_E 0 -6.280e+04 9.463e+01 3.145e+02
s>            ( QUESTION0_0_R 1 -1.005e+03 1.582e+02 5.000e+00
s>                ( - -5.412e+02 1 0)
s>                ( - -3.056e+02 1 0))
s>            ( - -6.170e+04 8 0)))INFO: dtree.c(1478): Final simple tree
|( QUESTION1 -1 -2.434e+05 2.842e+02 1.215e+03
|    ( WDBNDRY_B 0 -2.869e+04 1.699e+02 1.463e+02
|        ( - -2.465e+03 3 0)
|        ( - -2.605e+04 5 0))
|    ( QUESTION2 1 -2.144e+05 2.463e+02 1.068e+03
|        ( QUESTION3 1 -1.159e+04 1.367e+02 5.801e+01
|            ( - -6.934e+02 1 0)
|            ( - -1.076e+04 7 0 WDBNDRY_E 0 1.255e+02 5.401e+01))
|        ( SILENCE -1 -2.026e+05 2.323e+02 1.010e+03
|            ( - -7.879e+03 3 0)
|            ( WDBNDRY_B 0 -1.945e+05 1.780e+02 9.722e+02
|                ( - -5.700e+04 17 0 QUESTION2_12_L -1 1.084e+02 2.829e+02)
|                ( QUESTION0_1_R 1 -1.373e+05 1.284e+02 6.893e+02
|                    ( - -8.535e+02 1 0)
|                    ( - -1.363e+05 18 0 QUESTION16 1 1.252e+02 6.843e+02))))))
s>    ( QUESTION1 -1 -2.434e+05 2.842e+02 1.215e+03
s>        ( WDBNDRY_B 0 -2.869e+04 1.699e+02 1.463e+02
s>            ( - -2.465e+03 3 0)
s>            ( - -2.605e+04 5 0))
s>        ( QUESTION2 1 -2.144e+05 2.463e+02 1.068e+03
s>            ( QUESTION3 1 -1.159e+04 1.367e+02 5.801e+01
s>                ( - -6.934e+02 1 0)
s>                ( - -1.076e+04 7 0 WDBNDRY_E 0 1.255e+02 5.401e+01))
s>            ( SILENCE -1 -2.026e+05 2.323e+02 1.010e+03
s>                ( - -7.879e+03 3 0)
s>                ( WDBNDRY_B 0 -1.945e+05 1.780e+02 9.722e+02
s>                    ( - -5.700e+04 17 0 QUESTION2_12_L -1 1.084e+02 2.829e+02)
s>                    ( QUESTION0_1_R 1 -1.373e+05 1.284e+02 6.893e+02
s>                        ( - -8.535e+02 1 0)
s>                        ( - -1.363e+05 18 0 QUESTION16 1 1.252e+02 6.843e+02))))))INFO: dtree.c(1315): Comp split 9
INFO: dtree.c(1478): Final simple tree
|( QUESTION2 1 -2.170e+05 2.468e+02 1.081e+03
|    ( QUESTION3 1 -1.159e+04 1.367e+02 5.801e+01
|        ( - -6.934e+02 1 0)
|        ( WDBNDRY_E 0 -1.076e+04 1.255e+02 5.401e+01
|            ( QUESTION2_12_L -1 -2.946e+03 1.483e+02 1.600e+01
|                ( - -1.346e+03 1 0)
|                ( - -1.452e+03 2 0))
|            ( - -7.685e+03 4 0 QUESTION2_12_L -1 1.105e+02 3.801e+01)))
|    ( SILENCE -1 -2.051e+05 2.303e+02 1.023e+03
|        ( - -7.879e+03 3 0)
|        ( WDBNDRY_B 0 -1.970e+05 1.797e+02 9.852e+02
|            ( - -5.957e+04 20 0 QUESTION2_12_L -1 1.159e+02 2.959e+02)
|            ( QUESTION0_1_R 1 -1.373e+05 1.284e+02 6.893e+02
|                ( - -8.535e+02 1 0)
|                ( - -1.363e+05 18 0 QUESTION16 1 1.252e+02 6.843e+02)))))
s>    ( QUESTION2 1 -2.170e+05 2.468e+02 1.081e+03
s>        ( QUESTION3 1 -1.159e+04 1.367e+02 5.801e+01
s>            ( - -6.934e+02 1 0)
s>            ( WDBNDRY_E 0 -1.076e+04 1.255e+02 5.401e+01
s>                ( QUESTION2_12_L -1 -2.946e+03 1.483e+02 1.600e+01
s>                    ( - -1.346e+03 1 0)
s>                    ( - -1.452e+03 2 0))
s>                ( - -7.685e+03 4 0 QUESTION2_12_L -1 1.105e+02 3.801e+01)))
s>        ( SILENCE -1 -2.051e+05 2.303e+02 1.023e+03
s>            ( - -7.879e+03 3 0)
s>            ( WDBNDRY_B 0 -1.970e+05 1.797e+02 9.852e+02
s>                ( - -5.957e+04 20 0 QUESTION2_12_L -1 1.159e+02 2.959e+02)
s>                ( QUESTION0_1_R 1 -1.373e+05 1.284e+02 6.893e+02
s>                    ( - -8.535e+02 1 0)
s>                    ( - -1.363e+05 18 0 QUESTION16 1 1.252e+02 6.843e+02)))))INFO: dtree.c(1315): Comp split 10
INFO: dtree.c(1478): Final simple tree
|( WDBNDRY_B 0 -1.985e+05 1.787e+02 9.932e+02
|    ( QUESTION2_12_L -1 -5.957e+04 1.159e+02 2.959e+02
|        ( QUESTION0 -1 -2.935e+04 9.214e+01 1.461e+02
|            ( - -2.679e+04 10 0)
|            ( - -2.465e+03 3 0))
|        ( - -3.010e+04 7 0))
|    ( QUESTION2 1 -1.388e+05 1.511e+02 6.973e+02
|        ( - -1.346e+03 1 0)
|        ( QUESTION0_1_R 1 -1.373e+05 1.284e+02 6.893e+02
|            ( - -8.535e+02 1 0)
|            ( QUESTION16 1 -1.363e+05 1.252e+02 6.843e+02
|                ( - -3.129e+03 2 0)
|                ( WDBNDRY_E 0 -1.330e+05 9.183e+01 6.673e+02
|                    ( - -8.734e+02 1 0)
|                    ( - -1.321e+05 15 0))))))
s>    ( WDBNDRY_B 0 -1.985e+05 1.787e+02 9.932e+02
s>        ( QUESTION2_12_L -1 -5.957e+04 1.159e+02 2.959e+02
s>            ( QUESTION0 -1 -2.935e+04 9.214e+01 1.461e+02
s>                ( - -2.679e+04 10 0)
s>                ( - -2.465e+03 3 0))
s>            ( - -3.010e+04 7 0))
s>        ( QUESTION2 1 -1.388e+05 1.511e+02 6.973e+02
s>            ( - -1.346e+03 1 0)
s>            ( QUESTION0_1_R 1 -1.373e+05 1.284e+02 6.893e+02
s>                ( - -8.535e+02 1 0)
s>                ( QUESTION16 1 -1.363e+05 1.252e+02 6.843e+02
s>                    ( - -3.129e+03 2 0)
s>                    ( WDBNDRY_E 0 -1.330e+05 9.183e+01 6.673e+02
s>                        ( - -8.734e+02 1 0)
s>                        ( - -1.321e+05 15 0))))))INFO: dtree.c(1439): stop. leaf nodes are specific
INFO: dtree.c(1478): Final simple tree
|( WDBNDRY_B 0 -1.813e+04 1.641e+02 8.823e+01
|    ( - -7.879e+03 3 0)
|    ( QUESTION3 1 -1.009e+04 1.390e+02 5.001e+01
|        ( - -6.934e+02 1 0)
|        ( WDBNDRY_E 0 -9.258e+03 1.213e+02 4.601e+01
|            ( - -1.452e+03 2 0)
|            ( QUESTION2_12_L -1 -7.685e+03 1.105e+02 3.801e+01
|                ( - -2.291e+03 2 0)
|                ( - -5.283e+03 2 0)))))
s>    ( WDBNDRY_B 0 -1.813e+04 1.641e+02 8.823e+01
s>        ( - -7.879e+03 3 0)
s>        ( QUESTION3 1 -1.009e+04 1.390e+02 5.001e+01
s>            ( - -6.934e+02 1 0)
s>            ( WDBNDRY_E 0 -9.258e+03 1.213e+02 4.601e+01
s>                ( - -1.452e+03 2 0)
s>                ( QUESTION2_12_L -1 -7.685e+03 1.105e+02 3.801e+01
s>                    ( - -2.291e+03 2 0)
s>                    ( - -5.283e+03 2 0)))))INFO: dtree.c(1315): Comp split 11
INFO: dtree.c(1478): Final simple tree
|( QUESTION20 -1 -9.406e+04 2.405e+02 4.809e+02
|    ( - -3.019e+04 3 0 WDBNDRY_B 0 1.350e+02 1.565e+02)
|    ( QUESTION12 -1 -6.363e+04 1.857e+02 3.244e+02
|        ( - -5.464e+03 1 0)
|        ( QUESTION8 1 -5.798e+04 1.606e+02 2.961e+02
|            ( - -3.523e+02 1 0)
|            ( QUESTION18 -1 -5.747e+04 1.518e+02 2.941e+02
|                ( WDBNDRY_B 0 -1.164e+04 2.089e+02 5.795e+01
|                    ( - -4.355e+03 3 0 QUESTION19 -1 1.413e+02 2.200e+01)
|                    ( - -7.075e+03 2 0))
|                ( QUESTION17 -1 -4.567e+04 1.604e+02 2.361e+02
|                    ( - -8.427e+03 4 0)
|                    ( QUESTION0_0_R 1 -3.709e+04 1.558e+02 1.911e+02
|                        ( - -4.890e+03 5 0 WDBNDRY_E 0 1.543e+02 2.600e+01)
|                        ( - -3.204e+04 10 0 WDBNDRY_E 0 1.751e+02 1.651e+02)))))))
s>    ( QUESTION20 -1 -9.406e+04 2.405e+02 4.809e+02
s>        ( - -3.019e+04 3 0 WDBNDRY_B 0 1.350e+02 1.565e+02)
s>        ( QUESTION12 -1 -6.363e+04 1.857e+02 3.244e+02
s>            ( - -5.464e+03 1 0)
s>            ( QUESTION8 1 -5.798e+04 1.606e+02 2.961e+02
s>                ( - -3.523e+02 1 0)
s>                ( QUESTION18 -1 -5.747e+04 1.518e+02 2.941e+02
s>                    ( WDBNDRY_B 0 -1.164e+04 2.089e+02 5.795e+01
s>                        ( - -4.355e+03 3 0 QUESTION19 -1 1.413e+02 2.200e+01)
s>                        ( - -7.075e+03 2 0))
s>                    ( QUESTION17 -1 -4.567e+04 1.604e+02 2.361e+02
s>                        ( - -8.427e+03 4 0)
s>                        ( QUESTION0_0_R 1 -3.709e+04 1.558e+02 1.911e+02
s>                            ( - -4.890e+03 5 0 WDBNDRY_E 0 1.543e+02 2.600e+01)
s>                            ( - -3.204e+04 10 0 WDBNDRY_E 0 1.751e+02 1.651e+02)))))))INFO: dtree.c(1439): stop. leaf nodes are specific
INFO: dtree.c(1478): Final simple tree
|( QUESTION2_1_L -1 -7.981e+04 1.770e+02 4.070e+02
|    ( - -1.685e+04 6 0)
|    ( WDBNDRY_B 0 -6.279e+04 1.531e+02 3.215e+02
|        ( QUESTION3 -1 -3.229e+04 1.328e+02 1.655e+02
|            ( - -7.862e+03 4 0)
|            ( QUESTION0 -1 -2.429e+04 1.300e+02 1.237e+02
|                ( - -2.292e+04 5 0)
|                ( - -1.237e+03 1 0)))
|        ( QUESTION0_0_R 1 -3.035e+04 1.134e+02 1.561e+02
|            ( - -1.860e+03 1 0)
|            ( - -2.837e+04 4 0))))
s>    ( QUESTION2_1_L -1 -7.981e+04 1.770e+02 4.070e+02
s>        ( - -1.685e+04 6 0)
s>        ( WDBNDRY_B 0 -6.279e+04 1.531e+02 3.215e+02
s>            ( QUESTION3 -1 -3.229e+04 1.328e+02 1.655e+02
s>                ( - -7.862e+03 4 0)
s>                ( QUESTION0 -1 -2.429e+04 1.300e+02 1.237e+02
s>                    ( - -2.292e+04 5 0)
s>                    ( - -1.237e+03 1 0)))
s>            ( QUESTION0_0_R 1 -3.035e+04 1.134e+02 1.561e+02
s>                ( - -1.860e+03 1 0)
s>                ( - -2.837e+04 4 0))))INFO: dtree.c(1315): Comp split 12
INFO: dtree.c(1478): Final simple tree
|( QUESTION8 1 -5.067e+04 1.618e+02 2.601e+02
|    ( - -3.523e+02 1 0)
|    ( QUESTION0_11_R 1 -5.015e+04 1.458e+02 2.581e+02
|        ( - -7.554e+02 1 0)
|        ( QUESTION0_0_R 1 -4.925e+04 1.484e+02 2.541e+02
|            ( QUESTION16 1 -3.980e+03 1.321e+02 2.200e+01
|                ( - -1.252e+03 1 0)
|                ( - -2.596e+03 3 0 QUESTION2 1 1.122e+02 1.500e+01))
|            ( WDBNDRY_E 0 -4.512e+04 1.838e+02 2.321e+02
|                ( - -1.581e+03 1 0)
|                ( QUESTION17 -1 -4.336e+04 1.515e+02 2.231e+02
|                    ( QUESTION19 -1 -1.292e+04 1.737e+02 6.700e+01
|                        ( - -3.745e+03 2 0)
|                        ( - -9.002e+03 5 0 QUESTION18 -1 1.054e+02 4.800e+01))
|                    ( - -3.028e+04 9 0 WDBNDRY_B 0 1.313e+02 1.561e+02))))))
s>    ( QUESTION8 1 -5.067e+04 1.618e+02 2.601e+02
s>        ( - -3.523e+02 1 0)
s>        ( QUESTION0_11_R 1 -5.015e+04 1.458e+02 2.581e+02
s>            ( - -7.554e+02 1 0)
s>            ( QUESTION0_0_R 1 -4.925e+04 1.484e+02 2.541e+02
s>                ( QUESTION16 1 -3.980e+03 1.321e+02 2.200e+01
s>                    ( - -1.252e+03 1 0)
s>                    ( - -2.596e+03 3 0 QUESTION2 1 1.122e+02 1.500e+01))
s>                ( WDBNDRY_E 0 -4.512e+04 1.838e+02 2.321e+02
s>                    ( - -1.581e+03 1 0)
s>                    ( QUESTION17 -1 -4.336e+04 1.515e+02 2.231e+02
s>                        ( QUESTION19 -1 -1.292e+04 1.737e+02 6.700e+01
s>                            ( - -3.745e+03 2 0)
s>                            ( - -9.002e+03 5 0 QUESTION18 -1 1.054e+02 4.800e+01))
s>                        ( - -3.028e+04 9 0 WDBNDRY_B 0 1.313e+02 1.561e+02))))))INFO: dtree.c(1439): stop. leaf nodes are specific
INFO: dtree.c(1478): Final simple tree
|( QUESTION20 -1 -4.308e+04 1.819e+02 2.208e+02
|    ( WDBNDRY_B 0 -3.019e+04 1.350e+02 1.565e+02
|        ( - -1.823e+03 2 0)
|        ( - -2.823e+04 1 0))
|    ( WDBNDRY_B 0 -1.270e+04 1.660e+02 6.433e+01
|        ( - -5.464e+03 1 0)
|        ( - -7.075e+03 2 0)))
s>    ( QUESTION20 -1 -4.308e+04 1.819e+02 2.208e+02
s>        ( WDBNDRY_B 0 -3.019e+04 1.350e+02 1.565e+02
s>            ( - -1.823e+03 2 0)
s>            ( - -2.823e+04 1 0))
s>        ( WDBNDRY_B 0 -1.270e+04 1.660e+02 6.433e+01
s>            ( - -5.464e+03 1 0)
s>            ( - -7.075e+03 2 0)))INFO: dtree.c(1315): Comp split 13
INFO: dtree.c(1439): stop. leaf nodes are specific
INFO: dtree.c(1478): Final simple tree
|( QUESTION16 1 -1.307e+04 1.192e+02 7.000e+01
|    ( - -1.252e+03 1 0)
|    ( QUESTION18 -1 -1.169e+04 1.046e+02 6.300e+01
|        ( - -4.688e+02 1 0)
|        ( QUESTION2 1 -1.112e+04 1.046e+02 6.000e+01
|            ( - -4.633e+02 1 0)
|            ( WDBNDRY_B 0 -1.055e+04 1.047e+02 5.700e+01
|                ( - -8.427e+03 4 0)
|                ( QUESTION0_1_R 1 -2.020e+03 9.662e+01 1.200e+01
|                    ( - -7.820e+02 1 0)
|                    ( - -1.142e+03 1 0))))))
s>    ( QUESTION16 1 -1.307e+04 1.192e+02 7.000e+01
s>        ( - -1.252e+03 1 0)
s>        ( QUESTION18 -1 -1.169e+04 1.046e+02 6.300e+01
s>            ( - -4.688e+02 1 0)
s>            ( QUESTION2 1 -1.112e+04 1.046e+02 6.000e+01
s>                ( - -4.633e+02 1 0)
s>                ( WDBNDRY_B 0 -1.055e+04 1.047e+02 5.700e+01
s>                    ( - -8.427e+03 4 0)
s>                    ( QUESTION0_1_R 1 -2.020e+03 9.662e+01 1.200e+01
s>                        ( - -7.820e+02 1 0)
s>                        ( - -1.142e+03 1 0))))))INFO: dtree.c(1439): stop. leaf nodes are specific
INFO: dtree.c(1478): Final simple tree
|( QUESTION0_0_R 1 -3.732e+04 1.603e+02 1.901e+02
|    ( WDBNDRY_E 0 -1.247e+03 1.397e+02 6.000e+00
|        ( - -3.523e+02 1 0)
|        ( - -7.554e+02 1 0))
|    ( WDBNDRY_E 0 -3.592e+04 1.793e+02 1.841e+02
|        ( - -1.581e+03 1 0)
|        ( WDBNDRY_B 0 -3.415e+04 1.382e+02 1.751e+02
|            ( QUESTION17 -1 -8.365e+03 1.180e+02 4.202e+01
|                ( - -3.745e+03 2 0)
|                ( QUESTION10 -1 -4.501e+03 1.206e+02 2.302e+01
|                    ( - -8.713e+02 1 0)
|                    ( - -3.509e+03 3 0)))
|            ( - -2.565e+04 5 0))))
s>    ( QUESTION0_0_R 1 -3.732e+04 1.603e+02 1.901e+02
s>        ( WDBNDRY_E 0 -1.247e+03 1.397e+02 6.000e+00
s>            ( - -3.523e+02 1 0)
s>            ( - -7.554e+02 1 0))
s>        ( WDBNDRY_E 0 -3.592e+04 1.793e+02 1.841e+02
s>            ( - -1.581e+03 1 0)
s>            ( WDBNDRY_B 0 -3.415e+04 1.382e+02 1.751e+02
s>                ( QUESTION17 -1 -8.365e+03 1.180e+02 4.202e+01
s>                    ( - -3.745e+03 2 0)
s>                    ( QUESTION10 -1 -4.501e+03 1.206e+02 2.302e+01
s>                        ( - -8.713e+02 1 0)
s>                        ( - -3.509e+03 3 0)))
s>                ( - -2.565e+04 5 0))))INFO: dtree.c(1315): Comp split 14
INFO: dtree.c(1439): stop. leaf nodes are specific
INFO: dtree.c(1478): Final simple tree
|( QUESTION0 -1 -3.657e+04 1.641e+02 1.933e+02
|    ( QUESTION2_12_L -1 -2.616e+04 1.405e+02 1.395e+02
|        ( - -1.516e+04 2 0)
|        ( - -1.086e+04 1 0))
|    ( - -1.024e+04 1 0))
s>    ( QUESTION0 -1 -3.657e+04 1.641e+02 1.933e+02
s>        ( QUESTION2_12_L -1 -2.616e+04 1.405e+02 1.395e+02
s>            ( - -1.516e+04 2 0)
s>            ( - -1.086e+04 1 0))
s>        ( - -1.024e+04 1 0))INFO: dtree.c(1439): stop. leaf nodes are specific
INFO: dtree.c(1478): Final simple tree
|( QUESTION8 1 -1.772e+04 2.003e+02 9.381e+01
|    ( - -1.637e+04 2 0)
|    ( - -1.150e+03 1 0))
s>    ( QUESTION8 1 -1.772e+04 2.003e+02 9.381e+01
s>        ( - -1.637e+04 2 0)
s>        ( - -1.150e+03 1 0))INFO: dtree.c(1315): Comp split 15
INFO: dtree.c(1439): stop. leaf nodes are specific
INFO: dtree.c(1478): Final simple tree
|( WDBNDRY_B 0 -3.633e+04 9.067e+01 1.878e+02
|    ( - -7.862e+03 4 0)
|    ( - -2.837e+04 4 0))
s>    ( WDBNDRY_B 0 -3.633e+04 9.067e+01 1.878e+02
s>        ( - -7.862e+03 4 0)
s>        ( - -2.837e+04 4 0))INFO: dtree.c(1439): stop. leaf nodes are specific
INFO: dtree.c(1478): Final simple tree
|( QUESTION2_1_L -1 -4.327e+04 1.679e+02 2.192e+02
|    ( - -1.685e+04 6 0)
|    ( QUESTION0 -1 -2.625e+04 1.272e+02 1.337e+02
|        ( WDBNDRY_B 0 -2.489e+04 1.052e+02 1.267e+02
|            ( - -2.292e+04 5 0)
|            ( - -1.860e+03 1 0))
|        ( - -1.237e+03 1 0)))
s>    ( QUESTION2_1_L -1 -4.327e+04 1.679e+02 2.192e+02
s>        ( - -1.685e+04 6 0)
s>        ( QUESTION0 -1 -2.625e+04 1.272e+02 1.337e+02
s>            ( WDBNDRY_B 0 -2.489e+04 1.052e+02 1.267e+02
s>                ( - -2.292e+04 5 0)
s>                ( - -1.860e+03 1 0))
s>            ( - -1.237e+03 1 0)))INFO: dtree.c(1315): Comp split 16
INFO: dtree.c(1315): Comp split 17
INFO: dtree.c(1439): stop. leaf nodes are specific
INFO: dtree.c(1478): Final simple tree
|( WDBNDRY_B 0 -1.465e+04 1.587e+02 7.333e+01
|    ( QUESTION10 -1 -7.415e+03 1.289e+02 3.737e+01
|        ( - -5.464e+03 1 0)
|        ( - -1.823e+03 2 0))
|    ( - -7.075e+03 2 0))
s>    ( WDBNDRY_B 0 -1.465e+04 1.587e+02 7.333e+01
s>        ( QUESTION10 -1 -7.415e+03 1.289e+02 3.737e+01
s>            ( - -5.464e+03 1 0)
s>            ( - -1.823e+03 2 0))
s>        ( - -7.075e+03 2 0))INFO: dtree.c(1315): Comp split 18
INFO: dtree.c(1439): stop. leaf nodes are specific
INFO: dtree.c(1478): Final simple tree
|( WDBNDRY_I 0 -3.455e+03 1.367e+02 1.800e+01
|    ( - -7.554e+02 1 0)
|    ( WDBNDRY_B 0 -2.563e+03 1.103e+02 1.400e+01
|        ( - -8.713e+02 1 0)
|        ( - -1.581e+03 1 0)))
s>    ( WDBNDRY_I 0 -3.455e+03 1.367e+02 1.800e+01
s>        ( - -7.554e+02 1 0)
s>        ( WDBNDRY_B 0 -2.563e+03 1.103e+02 1.400e+01
s>            ( - -8.713e+02 1 0)
s>            ( - -1.581e+03 1 0)))INFO: dtree.c(1439): stop. leaf nodes are specific
INFO: dtree.c(1478): Final simple tree
|( WDBNDRY_E 0 -3.368e+04 1.576e+02 1.721e+02
|    ( - -3.523e+02 1 0)
|    ( WDBNDRY_B 0 -3.317e+04 1.373e+02 1.701e+02
|        ( QUESTION17 -1 -7.380e+03 1.255e+02 3.702e+01
|            ( - -3.745e+03 2 0)
|            ( - -3.509e+03 3 0))
|        ( - -2.565e+04 5 0)))
s>    ( WDBNDRY_E 0 -3.368e+04 1.576e+02 1.721e+02
s>        ( - -3.523e+02 1 0)
s>        ( WDBNDRY_B 0 -3.317e+04 1.373e+02 1.701e+02
s>            ( QUESTION17 -1 -7.380e+03 1.255e+02 3.702e+01
s>                ( - -3.745e+03 2 0)
s>                ( - -3.509e+03 3 0))
s>            ( - -2.565e+04 5 0)))INFO: dtree.c(1315): Comp split 19
INFO: dtree.c(1439): stop. leaf nodes are specific
INFO: dtree.c(1478): Final simple tree
|( QUESTION0_1_R 1 -1.340e+05 1.284e+02 6.723e+02
|    ( - -8.535e+02 1 0)
|    ( WDBNDRY_E 0 -1.330e+05 9.183e+01 6.673e+02
|        ( - -8.734e+02 1 0)
|        ( - -1.321e+05 15 0)))
s>    ( QUESTION0_1_R 1 -1.340e+05 1.284e+02 6.723e+02
s>        ( - -8.535e+02 1 0)
s>        ( WDBNDRY_E 0 -1.330e+05 9.183e+01 6.673e+02
s>            ( - -8.734e+02 1 0)
s>            ( - -1.321e+05 15 0)))INFO: dtree.c(1439): stop. leaf nodes are specific
INFO: dtree.c(1478): Final simple tree
|( QUESTION0_1_R 1 -6.432e+04 1.482e+02 3.209e+02
|    ( - -1.346e+03 1 0)
|    ( WDBNDRY_B 0 -6.282e+04 1.257e+02 3.129e+02
|        ( QUESTION2_12_L -1 -5.957e+04 1.159e+02 2.959e+02
|            ( QUESTION0 -1 -2.935e+04 9.214e+01 1.461e+02
|                ( - -2.679e+04 10 0)
|                ( - -2.465e+03 3 0))
|            ( - -3.010e+04 7 0))
|        ( - -3.129e+03 2 0)))
s>    ( QUESTION0_1_R 1 -6.432e+04 1.482e+02 3.209e+02
s>        ( - -1.346e+03 1 0)
s>        ( WDBNDRY_B 0 -6.282e+04 1.257e+02 3.129e+02
s>            ( QUESTION2_12_L -1 -5.957e+04 1.159e+02 2.959e+02
s>                ( QUESTION0 -1 -2.935e+04 9.214e+01 1.461e+02
s>                    ( - -2.679e+04 10 0)
s>                    ( - -2.465e+03 3 0))
s>                ( - -3.010e+04 7 0))
s>            ( - -3.129e+03 2 0)))INFO: dtree.c(1315): Comp split 20
INFO: dtree.c(1439): stop. leaf nodes are specific
INFO: dtree.c(1478): Final simple tree
|( QUESTION0 -1 -2.625e+04 1.272e+02 1.337e+02
|    ( WDBNDRY_B 0 -2.489e+04 1.052e+02 1.267e+02
|        ( - -2.292e+04 5 0)
|        ( - -1.860e+03 1 0))
|    ( - -1.237e+03 1 0))
s>    ( QUESTION0 -1 -2.625e+04 1.272e+02 1.337e+02
s>        ( WDBNDRY_B 0 -2.489e+04 1.052e+02 1.267e+02
s>            ( - -2.292e+04 5 0)
s>            ( - -1.860e+03 1 0))
s>        ( - -1.237e+03 1 0))INFO: dtree.c(1315): Comp split 21
INFO: dtree.c(1439): stop. leaf nodes are specific
INFO: dtree.c(1478): Final simple tree
|( QUESTION0_2_R 1 -6.492e+04 1.532e+02 3.265e+02
|    ( QUESTION18 1 -2.434e+03 9.760e+01 1.400e+01
|        ( - -1.523e+03 1 0)
|        ( - -8.135e+02 1 0))
|    ( WDBNDRY_E 0 -6.233e+04 8.794e+01 3.125e+02
|        ( - -5.412e+02 1 0)
|        ( - -6.170e+04 8 0)))
s>    ( QUESTION0_2_R 1 -6.492e+04 1.532e+02 3.265e+02
s>        ( QUESTION18 1 -2.434e+03 9.760e+01 1.400e+01
s>            ( - -1.523e+03 1 0)
s>            ( - -8.135e+02 1 0))
s>        ( WDBNDRY_E 0 -6.233e+04 8.794e+01 3.125e+02
s>            ( - -5.412e+02 1 0)
s>            ( - -6.170e+04 8 0)))INFO: dtree.c(1315): Comp split 22
INFO: dtree.c(1439): stop. leaf nodes are specific
INFO: dtree.c(1478): Final simple tree
|( QUESTION3 1 -1.009e+04 1.390e+02 5.001e+01
|    ( - -6.934e+02 1 0)
|    ( WDBNDRY_E 0 -9.258e+03 1.213e+02 4.601e+01
|        ( - -1.452e+03 2 0)
|        ( QUESTION2_12_L -1 -7.685e+03 1.105e+02 3.801e+01
|            ( - -2.291e+03 2 0)
|            ( - -5.283e+03 2 0))))
s>    ( QUESTION3 1 -1.009e+04 1.390e+02 5.001e+01
s>        ( - -6.934e+02 1 0)
s>        ( WDBNDRY_E 0 -9.258e+03 1.213e+02 4.601e+01
s>            ( - -1.452e+03 2 0)
s>            ( QUESTION2_12_L -1 -7.685e+03 1.105e+02 3.801e+01
s>                ( - -2.291e+03 2 0)
s>                ( - -5.283e+03 2 0))))INFO: dtree.c(1315): Comp split 23
INFO: dtree.c(1439): stop. leaf nodes are specific
INFO: dtree.c(1478): Final simple tree
|( QUESTION2_12_L -1 -2.616e+04 1.405e+02 1.395e+02
|    ( - -1.516e+04 2 0)
|    ( - -1.086e+04 1 0))
s>    ( QUESTION2_12_L -1 -2.616e+04 1.405e+02 1.395e+02
s>        ( - -1.516e+04 2 0)
s>        ( - -1.086e+04 1 0))INFO: dtree.c(1315): Comp split 24
INFO: dtree.c(1439): stop. leaf nodes are specific
INFO: dtree.c(1478): Final simple tree
|( WDBNDRY_B 0 -2.952e+04 1.263e+02 1.521e+02
|    ( - -3.745e+03 2 0)
|    ( - -2.565e+04 5 0))
s>    ( WDBNDRY_B 0 -2.952e+04 1.263e+02 1.521e+02
s>        ( - -3.745e+03 2 0)
s>        ( - -2.565e+04 5 0))INFO: dtree.c(1439): stop. leaf nodes are specific
INFO: dtree.c(1478): Final simple tree
|( WDBNDRY_B 0 -3.994e+03 1.321e+02 2.002e+01
|    ( - -3.509e+03 3 0)
|    ( - -3.523e+02 1 0))
s>    ( WDBNDRY_B 0 -3.994e+03 1.321e+02 2.002e+01
s>        ( - -3.509e+03 3 0)
s>        ( - -3.523e+02 1 0))INFO: dtree.c(1315): Comp split 25
INFO: dtree.c(1439): stop. leaf nodes are specific
INFO: dtree.c(1478): Final simple tree
|( QUESTION10 -1 -7.415e+03 1.289e+02 3.737e+01
|    ( - -5.464e+03 1 0)
|    ( - -1.823e+03 2 0))
s>    ( QUESTION10 -1 -7.415e+03 1.289e+02 3.737e+01
s>        ( - -5.464e+03 1 0)
s>        ( - -1.823e+03 2 0))INFO: dtree.c(1315): Comp split 26
INFO: dtree.c(1439): stop. leaf nodes are specific
INFO: dtree.c(1478): Final simple tree
|( WDBNDRY_E 0 -6.233e+04 8.794e+01 3.125e+02
|    ( - -5.412e+02 1 0)
|    ( - -6.170e+04 8 0))
s>    ( WDBNDRY_E 0 -6.233e+04 8.794e+01 3.125e+02
s>        ( - -5.412e+02 1 0)
s>        ( - -6.170e+04 8 0))INFO: dtree.c(1439): stop. leaf nodes are specific
INFO: dtree.c(1478): Final simple tree
|( QUESTION18 1 -2.434e+03 9.760e+01 1.400e+01
|    ( - -1.523e+03 1 0)
|    ( - -8.135e+02 1 0))
s>    ( QUESTION18 1 -2.434e+03 9.760e+01 1.400e+01
s>        ( - -1.523e+03 1 0)
s>        ( - -8.135e+02 1 0))INFO: dtree.c(1315): Comp split 27
INFO: dtree.c(1439): stop. leaf nodes are specific
INFO: dtree.c(1478): Final simple tree
|( WDBNDRY_B 0 -2.822e+04 1.442e+02 1.515e+02
|    ( QUESTION0_0_R 1 -1.305e+04 1.160e+02 7.111e+01
|        ( - -1.544e+03 1 0)
|        ( - -1.139e+04 6 0))
|    ( QUESTION2 -1 -1.502e+04 9.395e+01 8.034e+01
|        ( - -1.332e+04 6 0)
|        ( - -1.609e+03 1 0)))
s>    ( WDBNDRY_B 0 -2.822e+04 1.442e+02 1.515e+02
s>        ( QUESTION0_0_R 1 -1.305e+04 1.160e+02 7.111e+01
s>            ( - -1.544e+03 1 0)
s>            ( - -1.139e+04 6 0))
s>        ( QUESTION2 -1 -1.502e+04 9.395e+01 8.034e+01
s>            ( - -1.332e+04 6 0)
s>            ( - -1.609e+03 1 0)))INFO: dtree.c(1315): Comp split 28
INFO: dtree.c(1315): Comp split 29
INFO: dtree.c(1439): stop. leaf nodes are specific
INFO: dtree.c(1478): Final simple tree
|( WDBNDRY_B 0 -6.282e+04 1.257e+02 3.129e+02
|    ( QUESTION2_12_L -1 -5.957e+04 1.159e+02 2.959e+02
|        ( QUESTION0 -1 -2.935e+04 9.214e+01 1.461e+02
|            ( - -2.679e+04 10 0)
|            ( - -2.465e+03 3 0))
|        ( - -3.010e+04 7 0))
|    ( - -3.129e+03 2 0))
s>    ( WDBNDRY_B 0 -6.282e+04 1.257e+02 3.129e+02
s>        ( QUESTION2_12_L -1 -5.957e+04 1.159e+02 2.959e+02
s>            ( QUESTION0 -1 -2.935e+04 9.214e+01 1.461e+02
s>                ( - -2.679e+04 10 0)
s>                ( - -2.465e+03 3 0))
s>            ( - -3.010e+04 7 0))
s>        ( - -3.129e+03 2 0))INFO: dtree.c(1315): Comp split 30
INFO: dtree.c(1439): stop. leaf nodes are specific
INFO: dtree.c(1478): Final simple tree
|( QUESTION2 -1 -1.502e+04 9.395e+01 8.034e+01
|    ( - -1.332e+04 6 0)
|    ( - -1.609e+03 1 0))
s>    ( QUESTION2 -1 -1.502e+04 9.395e+01 8.034e+01
s>        ( - -1.332e+04 6 0)
s>        ( - -1.609e+03 1 0))INFO: dtree.c(1439): stop. leaf nodes are specific
INFO: dtree.c(1478): Final simple tree
|( QUESTION0_0_R 1 -1.305e+04 1.160e+02 7.111e+01
|    ( - -1.544e+03 1 0)
|    ( - -1.139e+04 6 0))
s>    ( QUESTION0_0_R 1 -1.305e+04 1.160e+02 7.111e+01
s>        ( - -1.544e+03 1 0)
s>        ( - -1.139e+04 6 0))INFO: dtree.c(1315): Comp split 31
INFO: dtree.c(1315): Comp split 32
INFO: dtree.c(1439): stop. leaf nodes are specific
INFO: dtree.c(1478): Final simple tree
|( WDBNDRY_E 0 -9.258e+03 1.213e+02 4.601e+01
|    ( - -1.452e+03 2 0)
|    ( QUESTION2_12_L -1 -7.685e+03 1.105e+02 3.801e+01
|        ( - -2.291e+03 2 0)
|        ( - -5.283e+03 2 0)))
s>    ( WDBNDRY_E 0 -9.258e+03 1.213e+02 4.601e+01
s>        ( - -1.452e+03 2 0)
s>        ( QUESTION2_12_L -1 -7.685e+03 1.105e+02 3.801e+01
s>            ( - -2.291e+03 2 0)
s>            ( - -5.283e+03 2 0)))INFO: dtree.c(1315): Comp split 33
INFO: dtree.c(1439): stop. leaf nodes are specific
INFO: dtree.c(1478): Final simple tree
|( WDBNDRY_B 0 -2.563e+03 1.103e+02 1.400e+01
|    ( - -8.713e+02 1 0)
|    ( - -1.581e+03 1 0))
s>    ( WDBNDRY_B 0 -2.563e+03 1.103e+02 1.400e+01
s>        ( - -8.713e+02 1 0)
s>        ( - -1.581e+03 1 0))INFO: dtree.c(1315): Comp split 34
INFO: dtree.c(1439): stop. leaf nodes are specific
INFO: dtree.c(1478): Final simple tree
|( WDBNDRY_B 0 -3.196e+03 9.943e+01 1.700e+01
|    ( - -1.237e+03 1 0)
|    ( - -1.860e+03 1 0))
s>    ( WDBNDRY_B 0 -3.196e+03 9.943e+01 1.700e+01
s>        ( - -1.237e+03 1 0)
s>        ( - -1.860e+03 1 0))INFO: dtree.c(1315): Comp split 35
INFO: dtree.c(1315): Comp split 36
INFO: dtree.c(1315): Comp split 37
INFO: dtree.c(1439): stop. leaf nodes are specific
INFO: dtree.c(1478): Final simple tree
|( WDBNDRY_E 0 -1.330e+05 9.183e+01 6.673e+02
|    ( - -8.734e+02 1 0)
|    ( - -1.321e+05 15 0))
s>    ( WDBNDRY_E 0 -1.330e+05 9.183e+01 6.673e+02
s>        ( - -8.734e+02 1 0)
s>        ( - -1.321e+05 15 0))INFO: dtree.c(1315): Comp split 38
INFO: dtree.c(1315): Comp split 39
INFO: dtree.c(1439): stop. leaf nodes are specific
INFO: dtree.c(1478): Final simple tree
|( QUESTION2_12_L -1 -5.957e+04 1.159e+02 2.959e+02
|    ( QUESTION0 -1 -2.935e+04 9.214e+01 1.461e+02
|        ( - -2.679e+04 10 0)
|        ( - -2.465e+03 3 0))
|    ( - -3.010e+04 7 0))
s>    ( QUESTION2_12_L -1 -5.957e+04 1.159e+02 2.959e+02
s>        ( QUESTION0 -1 -2.935e+04 9.214e+01 1.461e+02
s>            ( - -2.679e+04 10 0)
s>            ( - -2.465e+03 3 0))
s>        ( - -3.010e+04 7 0))INFO: dtree.c(1315): Comp split 40
INFO: dtree.c(1439): stop. leaf nodes are specific
INFO: dtree.c(1478): Final simple tree
|( QUESTION2_12_L -1 -7.685e+03 1.105e+02 3.801e+01
|    ( - -2.291e+03 2 0)
|    ( - -5.283e+03 2 0))
s>    ( QUESTION2_12_L -1 -7.685e+03 1.105e+02 3.801e+01
s>        ( - -2.291e+03 2 0)
s>        ( - -5.283e+03 2 0))INFO: dtree.c(1315): Comp split 41
INFO: dtree.c(1439): stop. leaf nodes are specific
INFO: dtree.c(1478): Final simple tree
|( QUESTION18 -1 -1.169e+04 1.046e+02 6.300e+01
|    ( - -4.688e+02 1 0)
|    ( QUESTION2 1 -1.112e+04 1.046e+02 6.000e+01
|        ( - -4.633e+02 1 0)
|        ( WDBNDRY_B 0 -1.055e+04 1.047e+02 5.700e+01
|            ( - -8.427e+03 4 0)
|            ( QUESTION0_1_R 1 -2.020e+03 9.662e+01 1.200e+01
|                ( - -7.820e+02 1 0)
|                ( - -1.142e+03 1 0)))))
s>    ( QUESTION18 -1 -1.169e+04 1.046e+02 6.300e+01
s>        ( - -4.688e+02 1 0)
s>        ( QUESTION2 1 -1.112e+04 1.046e+02 6.000e+01
s>            ( - -4.633e+02 1 0)
s>            ( WDBNDRY_B 0 -1.055e+04 1.047e+02 5.700e+01
s>                ( - -8.427e+03 4 0)
s>                ( QUESTION0_1_R 1 -2.020e+03 9.662e+01 1.200e+01
s>                    ( - -7.820e+02 1 0)
s>                    ( - -1.142e+03 1 0)))))INFO: dtree.c(1315): Comp split 42
INFO: dtree.c(1315): Comp split 43
INFO: dtree.c(1439): stop. leaf nodes are specific
INFO: dtree.c(1478): Final simple tree
|( QUESTION0 -1 -2.935e+04 9.214e+01 1.461e+02
|    ( - -2.679e+04 10 0)
|    ( - -2.465e+03 3 0))
s>    ( QUESTION0 -1 -2.935e+04 9.214e+01 1.461e+02
s>        ( - -2.679e+04 10 0)
s>        ( - -2.465e+03 3 0))INFO: dtree.c(1315): Comp split 44
INFO: dtree.c(1315): Comp split 45
INFO: dtree.c(1315): Comp split 46
INFO: dtree.c(1439): stop. leaf nodes are specific
INFO: dtree.c(1478): Final simple tree
|( QUESTION0_1_R 1 -2.020e+03 9.662e+01 1.200e+01
|    ( - -7.820e+02 1 0)
|    ( - -1.142e+03 1 0))
s>    ( QUESTION0_1_R 1 -2.020e+03 9.662e+01 1.200e+01
s>        ( - -7.820e+02 1 0)
s>        ( - -1.142e+03 1 0))INFO: dtree.c(1439): stop. leaf nodes are specific
INFO: dtree.c(1478): Final simple tree
|( QUESTION18 -1 -9.568e+03 1.050e+02 5.100e+01
|    ( - -4.688e+02 1 0)
|    ( WDBNDRY_B 0 -8.994e+03 1.038e+02 4.800e+01
|        ( - -8.427e+03 4 0)
|        ( - -4.633e+02 1 0)))
s>    ( QUESTION18 -1 -9.568e+03 1.050e+02 5.100e+01
s>        ( - -4.688e+02 1 0)
s>        ( WDBNDRY_B 0 -8.994e+03 1.038e+02 4.800e+01
s>            ( - -8.427e+03 4 0)
s>            ( - -4.633e+02 1 0)))INFO: dtree.c(1315): Comp split 47
INFO: dtree.c(1439): stop. leaf nodes are specific
INFO: dtree.c(1478): Final simple tree
|( WDBNDRY_B 0 -8.994e+03 1.038e+02 4.800e+01
|    ( - -8.427e+03 4 0)
|    ( - -4.633e+02 1 0))
s>    ( WDBNDRY_B 0 -8.994e+03 1.038e+02 4.800e+01
s>        ( - -8.427e+03 4 0)
s>        ( - -4.633e+02 1 0))INFO: dtree.c(1315): Comp split 48
INFO: dtree.c(1315): Comp split 49
INFO: dtree.c(1315): Comp split 50
INFO: dtree.c(1315): Comp split 51
INFO: dtree.c(1315): Comp split 52
INFO: dtree.c(1315): Comp split 53
INFO: dtree.c(1315): Comp split 54
INFO: dtree.c(1315): Comp split 55
INFO: dtree.c(1315): Comp split 56
INFO: dtree.c(1315): Comp split 57
INFO: dtree.c(1318): stop. leaf nodes are specific
!!!!!!!!Allocated 68 lines
Fri Apr  8 18:30:47 2016
