Current configuration:
[NAME]		[DEFLT]	[VALUE]
-allphones	no	no
-cntthresh	0.00001	1.000000e-05
-csplitmax	100	2000
-csplitmin	1	1
-csplitthr	8e-4	0.000000e+00
-example	no	no
-fullvar	no	no
-help		no	no
-meanfn			/home/yaroslav/model/model_parameters/ua.cd_cont_untied/means
-mixwfn			/home/yaroslav/model/model_parameters/ua.cd_cont_untied/mixture_weights
-moddeffn		/home/yaroslav/model/model_architecture/ua.untied.mdef
-mwfloor	1e-4	1.000000e-08
-phone			G
-psetfn			/home/yaroslav/model/model_architecture/ua.tree_questions
-ssplitmax	5	7
-ssplitmin	1	1
-ssplitthr	8e-4	0.000000e+00
-state			2
-stwt			1.0,0.05,0.0,
-treefn			/home/yaroslav/model/trees/ua.unpruned/G-2.dtree
-ts2cbfn	.semi.	.cont.
-varfloor	0.00001	1.000000e-05
-varfn			/home/yaroslav/model/model_parameters/ua.cd_cont_untied/variances

INFO: main.c(223): Reading: /home/yaroslav/model/model_architecture/ua.untied.mdef
INFO: model_def_io.c(573): Model definition info:
INFO: model_def_io.c(574): 9391 total models defined (51 base, 9340 tri)
INFO: model_def_io.c(575): 37564 total states
INFO: model_def_io.c(576): 28173 total tied states
INFO: model_def_io.c(577): 153 total tied CI states
INFO: model_def_io.c(578): 51 total tied transition matrices
INFO: model_def_io.c(579): 4 max state/model
INFO: model_def_io.c(580): 4 min state/model
INFO: main.c(242): Building trees for [G A A b] through [G І Z e]
INFO: main.c(269): Covering states |[6423 6809]| == 387
INFO: main.c(275): Reading: /home/yaroslav/model/model_parameters/ua.cd_cont_untied/mixture_weights
INFO: s3mixw_io.c(173): Read /home/yaroslav/model/model_parameters/ua.cd_cont_untied/mixture_weights [387x1x1 array]
INFO: main.c(311): 122 of 129 models have observation count greater than 0.000010
INFO: main.c(95): nrm stwt: 0.000 0.048 0.952 
INFO: s3gau_io.c(169): Read /home/yaroslav/model/model_parameters/ua.cd_cont_untied/means [28173x1x1 array]
INFO: s3gau_io.c(169): Read /home/yaroslav/model/model_parameters/ua.cd_cont_untied/variances [28173x1x1 array]
INFO: main.c(549): Reading: /home/yaroslav/model/model_architecture/ua.tree_questions
INFO: main.c(588): 174 total simple questions (166 phone; 8 word bndry)
INFO: main.c(590): 40 Left Only questions, and 42 Right Only questions
INFO: dtree.c(1478): Final simple tree
|( QUESTION19 -1 -7.785e+04 7.517e+02 1.170e+03
|    ( QUESTION19 1 -5.494e+04 5.171e+02 8.642e+02
|        ( WDBNDRY_B 0 -4.873e+04 4.553e+02 7.782e+02
|            ( QUESTION2_0_L -1 -9.347e+03 3.329e+02 1.525e+02
|                ( - -9.248e+03 11 0)
|                ( - 2.334e+02 1 0))
|            ( QUESTION2_0_L -1 -3.893e+04 3.373e+02 6.256e+02
|                ( - -3.727e+04 11 0)
|                ( - -1.319e+03 1 0)))
|        ( WDBNDRY_B 0 -5.695e+03 3.307e+02 8.601e+01
|            ( - -2.345e+03 5 0 QUESTION0_0_R 1 3.370e+02 4.336e+01)
|            ( - -3.020e+03 14 0 SILENCE 1 3.150e+02 4.265e+01)))
|    ( QUESTION6 -1 -2.215e+04 4.321e+02 3.053e+02
|        ( - -4.529e+03 17 0 QUESTION0 1 3.220e+02 6.113e+01)
|        ( - -1.719e+04 62 0 QUESTION0_9_R 1 3.304e+02 2.442e+02)))
s>    ( QUESTION19 -1 -7.785e+04 7.517e+02 1.170e+03
s>        ( QUESTION19 1 -5.494e+04 5.171e+02 8.642e+02
s>            ( WDBNDRY_B 0 -4.873e+04 4.553e+02 7.782e+02
s>                ( QUESTION2_0_L -1 -9.347e+03 3.329e+02 1.525e+02
s>                    ( - -9.248e+03 11 0)
s>                    ( - 2.334e+02 1 0))
s>                ( QUESTION2_0_L -1 -3.893e+04 3.373e+02 6.256e+02
s>                    ( - -3.727e+04 11 0)
s>                    ( - -1.319e+03 1 0)))
s>            ( WDBNDRY_B 0 -5.695e+03 3.307e+02 8.601e+01
s>                ( - -2.345e+03 5 0 QUESTION0_0_R 1 3.370e+02 4.336e+01)
s>                ( - -3.020e+03 14 0 SILENCE 1 3.150e+02 4.265e+01)))
s>        ( QUESTION6 -1 -2.215e+04 4.321e+02 3.053e+02
s>            ( - -4.529e+03 17 0 QUESTION0 1 3.220e+02 6.113e+01)
s>            ( - -1.719e+04 62 0 QUESTION0_9_R 1 3.304e+02 2.442e+02)))INFO: dtree.c(1315): Comp split 0
INFO: dtree.c(1439): stop. leaf nodes are specific
INFO: dtree.c(1478): Final simple tree
|( WDBNDRY_B 0 -4.864e+04 4.600e+02 7.772e+02
|    ( - -9.248e+03 11 0)
|    ( QUESTION2_0_L -1 -3.893e+04 3.373e+02 6.256e+02
|        ( - -3.727e+04 11 0)
|        ( - -1.319e+03 1 0)))
s>    ( WDBNDRY_B 0 -4.864e+04 4.600e+02 7.772e+02
s>        ( - -9.248e+03 11 0)
s>        ( QUESTION2_0_L -1 -3.893e+04 3.373e+02 6.256e+02
s>            ( - -3.727e+04 11 0)
s>            ( - -1.319e+03 1 0)))INFO: dtree.c(1478): Final simple tree
|( QUESTION6 -1 -2.820e+04 4.631e+02 3.923e+02
|    ( QUESTION0 1 -4.529e+03 3.220e+02 6.113e+01
|        ( - 2.440e+02 1 0)
|        ( - -4.451e+03 16 0 WDBNDRY_B 0 2.676e+02 6.013e+01))
|    ( SILENCE -1 -2.320e+04 3.356e+02 3.312e+02
|        ( - -1.994e+03 2 0)
|        ( QUESTION12 1 -2.087e+04 2.772e+02 2.992e+02
|            ( WDBNDRY_B 0 -3.714e+03 3.791e+02 6.012e+01
|                ( QUESTION13 -1 -2.083e+03 3.303e+02 4.136e+01
|                    ( - 2.440e+02 1 0)
|                    ( QUESTION10 -1 -1.997e+03 3.161e+02 4.036e+01
|                        ( - 2.440e+02 1 0)
|                        ( - -1.924e+03 1 0)))
|                ( - -1.252e+03 10 0 QUESTION2_0_L -1 3.011e+02 1.876e+01))
|            ( - -1.688e+04 67 0 QUESTION9 1 2.569e+02 2.391e+02))))
s>    ( QUESTION6 -1 -2.820e+04 4.631e+02 3.923e+02
s>        ( QUESTION0 1 -4.529e+03 3.220e+02 6.113e+01
s>            ( - 2.440e+02 1 0)
s>            ( - -4.451e+03 16 0 WDBNDRY_B 0 2.676e+02 6.013e+01))
s>        ( SILENCE -1 -2.320e+04 3.356e+02 3.312e+02
s>            ( - -1.994e+03 2 0)
s>            ( QUESTION12 1 -2.087e+04 2.772e+02 2.992e+02
s>                ( WDBNDRY_B 0 -3.714e+03 3.791e+02 6.012e+01
s>                    ( QUESTION13 -1 -2.083e+03 3.303e+02 4.136e+01
s>                        ( - 2.440e+02 1 0)
s>                        ( QUESTION10 -1 -1.997e+03 3.161e+02 4.036e+01
s>                            ( - 2.440e+02 1 0)
s>                            ( - -1.924e+03 1 0)))
s>                    ( - -1.252e+03 10 0 QUESTION2_0_L -1 3.011e+02 1.876e+01))
s>                ( - -1.688e+04 67 0 QUESTION9 1 2.569e+02 2.391e+02))))INFO: dtree.c(1315): Comp split 1
INFO: dtree.c(1478): Final simple tree
|( QUESTION6 -1 -2.579e+04 4.402e+02 3.530e+02
|    ( QUESTION0 1 -4.529e+03 3.220e+02 6.113e+01
|        ( - 2.440e+02 1 0)
|        ( - -4.451e+03 16 0 WDBNDRY_B 0 2.676e+02 6.013e+01))
|    ( QUESTION19 1 -2.082e+04 3.215e+02 2.919e+02
|        ( QUESTION3 -1 -1.412e+04 3.272e+02 2.069e+02
|            ( - 2.440e+02 1 0)
|            ( QUESTION19 -1 -1.404e+04 3.233e+02 2.059e+02
|                ( - 2.334e+02 1 0)
|                ( QUESTION0_0_R 1 -1.395e+04 3.184e+02 2.049e+02
|                    ( - 2.278e+02 1 0)
|                    ( - -1.386e+04 37 0 SILENCE -1 2.944e+02 2.039e+02))))
|        ( QUESTION3 -1 -6.381e+03 3.179e+02 8.497e+01
|            ( - 2.440e+02 1 0)
|            ( - -6.308e+03 40 0 QUESTION0 -1 3.112e+02 8.397e+01))))
s>    ( QUESTION6 -1 -2.579e+04 4.402e+02 3.530e+02
s>        ( QUESTION0 1 -4.529e+03 3.220e+02 6.113e+01
s>            ( - 2.440e+02 1 0)
s>            ( - -4.451e+03 16 0 WDBNDRY_B 0 2.676e+02 6.013e+01))
s>        ( QUESTION19 1 -2.082e+04 3.215e+02 2.919e+02
s>            ( QUESTION3 -1 -1.412e+04 3.272e+02 2.069e+02
s>                ( - 2.440e+02 1 0)
s>                ( QUESTION19 -1 -1.404e+04 3.233e+02 2.059e+02
s>                    ( - 2.334e+02 1 0)
s>                    ( QUESTION0_0_R 1 -1.395e+04 3.184e+02 2.049e+02
s>                        ( - 2.278e+02 1 0)
s>                        ( - -1.386e+04 37 0 SILENCE -1 2.944e+02 2.039e+02))))
s>            ( QUESTION3 -1 -6.381e+03 3.179e+02 8.497e+01
s>                ( - 2.440e+02 1 0)
s>                ( - -6.308e+03 40 0 QUESTION0 -1 3.112e+02 8.397e+01))))INFO: dtree.c(1315): Comp split 2
INFO: dtree.c(1439): stop. leaf nodes are specific
INFO: dtree.c(1478): Final simple tree
|( WDBNDRY_B 0 -1.089e+04 3.238e+02 1.795e+02
|    ( - -9.248e+03 11 0)
|    ( - -1.319e+03 1 0))
s>    ( WDBNDRY_B 0 -1.089e+04 3.238e+02 1.795e+02
s>        ( - -9.248e+03 11 0)
s>        ( - -1.319e+03 1 0))INFO: dtree.c(1315): Comp split 3
INFO: dtree.c(1478): Final simple tree
|( QUESTION0 -1 -4.539e+03 3.215e+02 6.113e+01
|    ( WDBNDRY_B 0 -4.451e+03 2.676e+02 6.013e+01
|        ( QUESTION2_13_L -1 -1.562e+03 2.566e+02 2.522e+01
|            ( - -2.532e+02 1 0)
|            ( - -1.053e+03 7 0 QUESTION2_1_L -1 1.503e+02 1.822e+01))
|        ( QUESTION7 -1 -2.621e+03 3.135e+02 3.492e+01
|            ( QUESTION2_0_L -1 -2.523e+03 2.532e+02 3.392e+01
|                ( QUESTION0_0_R 1 -2.351e+03 2.308e+02 3.192e+01
|                    ( - 8.045e+00 1 0)
|                    ( QUESTION2_1_L -1 -2.128e+03 1.513e+02 2.992e+01
|                        ( - -3.788e+02 3 0)
|                        ( - -1.598e+03 2 0)))
|                ( - 8.116e+01 1 0))
|            ( - 2.152e+02 1 0)))
|    ( - 2.334e+02 1 0))
s>    ( QUESTION0 -1 -4.539e+03 3.215e+02 6.113e+01
s>        ( WDBNDRY_B 0 -4.451e+03 2.676e+02 6.013e+01
s>            ( QUESTION2_13_L -1 -1.562e+03 2.566e+02 2.522e+01
s>                ( - -2.532e+02 1 0)
s>                ( - -1.053e+03 7 0 QUESTION2_1_L -1 1.503e+02 1.822e+01))
s>            ( QUESTION7 -1 -2.621e+03 3.135e+02 3.492e+01
s>                ( QUESTION2_0_L -1 -2.523e+03 2.532e+02 3.392e+01
s>                    ( QUESTION0_0_R 1 -2.351e+03 2.308e+02 3.192e+01
s>                        ( - 8.045e+00 1 0)
s>                        ( QUESTION2_1_L -1 -2.128e+03 1.513e+02 2.992e+01
s>                            ( - -3.788e+02 3 0)
s>                            ( - -1.598e+03 2 0)))
s>                    ( - 8.116e+01 1 0))
s>                ( - 2.152e+02 1 0)))
s>        ( - 2.334e+02 1 0))INFO: dtree.c(1478): Final simple tree
|( QUESTION19 1 -2.081e+04 3.271e+02 2.919e+02
|    ( QUESTION3 -1 -1.403e+04 3.272e+02 2.059e+02
|        ( - 2.440e+02 1 0)
|        ( QUESTION0_0_R 1 -1.395e+04 3.184e+02 2.049e+02
|            ( - 2.278e+02 1 0)
|            ( SILENCE -1 -1.386e+04 2.944e+02 2.039e+02
|                ( - -1.994e+03 2 0)
|                ( - -1.157e+04 35 0 QUESTION15 -1 2.719e+02 1.719e+02))))
|    ( QUESTION3 -1 -6.450e+03 3.174e+02 8.597e+01
|        ( - 2.440e+02 1 0)
|        ( QUESTION6 -1 -6.377e+03 3.134e+02 8.497e+01
|            ( - 2.440e+02 1 0)
|            ( QUESTION0 -1 -6.308e+03 3.112e+02 8.397e+01
|                ( - 2.440e+02 1 0)
|                ( - -6.240e+03 39 0 QUESTION0_18_R 1 2.157e+02 8.297e+01)))))
s>    ( QUESTION19 1 -2.081e+04 3.271e+02 2.919e+02
s>        ( QUESTION3 -1 -1.403e+04 3.272e+02 2.059e+02
s>            ( - 2.440e+02 1 0)
s>            ( QUESTION0_0_R 1 -1.395e+04 3.184e+02 2.049e+02
s>                ( - 2.278e+02 1 0)
s>                ( SILENCE -1 -1.386e+04 2.944e+02 2.039e+02
s>                    ( - -1.994e+03 2 0)
s>                    ( - -1.157e+04 35 0 QUESTION15 -1 2.719e+02 1.719e+02))))
s>        ( QUESTION3 -1 -6.450e+03 3.174e+02 8.597e+01
s>            ( - 2.440e+02 1 0)
s>            ( QUESTION6 -1 -6.377e+03 3.134e+02 8.497e+01
s>                ( - 2.440e+02 1 0)
s>                ( QUESTION0 -1 -6.308e+03 3.112e+02 8.397e+01
s>                    ( - 2.440e+02 1 0)
s>                    ( - -6.240e+03 39 0 QUESTION0_18_R 1 2.157e+02 8.297e+01)))))INFO: dtree.c(1315): Comp split 4
INFO: dtree.c(1478): Final simple tree
|( SILENCE -1 -1.386e+04 2.944e+02 2.039e+02
|    ( - -1.994e+03 2 0)
|    ( QUESTION15 -1 -1.157e+04 2.719e+02 1.719e+02
|        ( WDBNDRY_B 0 -1.457e+03 1.698e+02 2.500e+01
|            ( - -1.124e+03 2 0)
|            ( - -1.635e+02 3 0))
|        ( QUESTION2_7_L -1 -9.837e+03 2.246e+02 1.469e+02
|            ( - 4.104e+01 1 0)
|            ( QUESTION0 -1 -9.654e+03 2.194e+02 1.449e+02
|                ( QUESTION1 -1 -2.709e+03 2.077e+02 4.391e+01
|                    ( - -7.384e+01 1 0)
|                    ( - -2.428e+03 4 0))
|                ( WDBNDRY_E 0 -6.725e+03 1.719e+02 1.010e+02
|                    ( - -8.035e+02 3 0 QUESTION2_0_L -1 4.864e+01 1.622e+01)
|                    ( - -5.750e+03 21 0 QUESTION2_1_L -1 1.628e+02 8.478e+01))))))
s>    ( SILENCE -1 -1.386e+04 2.944e+02 2.039e+02
s>        ( - -1.994e+03 2 0)
s>        ( QUESTION15 -1 -1.157e+04 2.719e+02 1.719e+02
s>            ( WDBNDRY_B 0 -1.457e+03 1.698e+02 2.500e+01
s>                ( - -1.124e+03 2 0)
s>                ( - -1.635e+02 3 0))
s>            ( QUESTION2_7_L -1 -9.837e+03 2.246e+02 1.469e+02
s>                ( - 4.104e+01 1 0)
s>                ( QUESTION0 -1 -9.654e+03 2.194e+02 1.449e+02
s>                    ( QUESTION1 -1 -2.709e+03 2.077e+02 4.391e+01
s>                        ( - -7.384e+01 1 0)
s>                        ( - -2.428e+03 4 0))
s>                    ( WDBNDRY_E 0 -6.725e+03 1.719e+02 1.010e+02
s>                        ( - -8.035e+02 3 0 QUESTION2_0_L -1 4.864e+01 1.622e+01)
s>                        ( - -5.750e+03 21 0 QUESTION2_1_L -1 1.628e+02 8.478e+01))))))INFO: dtree.c(1478): Final simple tree
|( QUESTION6 -1 -6.605e+03 3.128e+02 8.797e+01
|    ( - 2.440e+02 1 0)
|    ( QUESTION0_15_R 1 -6.536e+03 2.171e+02 8.697e+01
|        ( - -7.083e+02 1 0)
|        ( QUESTION0_18_R 1 -5.611e+03 2.136e+02 7.297e+01
|            ( - 3.475e+01 1 0)
|            ( QUESTION8 1 -5.432e+03 3.238e+02 7.097e+01
|                ( - 2.440e+02 1 0)
|                ( QUESTION14 -1 -5.352e+03 2.146e+02 6.997e+01
|                    ( - -1.331e+02 1 0)
|                    ( QUESTION0_13_R 1 -5.004e+03 2.157e+02 6.697e+01
|                        ( QUESTION0 -1 -5.237e+02 3.657e+02 9.000e+00
|                            ( - 2.278e+02 1 0)
|                            ( - -3.858e+02 1 0))
|                        ( - -4.265e+03 37 0 QUESTION19 1 3.154e+02 5.797e+01)))))))
s>    ( QUESTION6 -1 -6.605e+03 3.128e+02 8.797e+01
s>        ( - 2.440e+02 1 0)
s>        ( QUESTION0_15_R 1 -6.536e+03 2.171e+02 8.697e+01
s>            ( - -7.083e+02 1 0)
s>            ( QUESTION0_18_R 1 -5.611e+03 2.136e+02 7.297e+01
s>                ( - 3.475e+01 1 0)
s>                ( QUESTION8 1 -5.432e+03 3.238e+02 7.097e+01
s>                    ( - 2.440e+02 1 0)
s>                    ( QUESTION14 -1 -5.352e+03 2.146e+02 6.997e+01
s>                        ( - -1.331e+02 1 0)
s>                        ( QUESTION0_13_R 1 -5.004e+03 2.157e+02 6.697e+01
s>                            ( QUESTION0 -1 -5.237e+02 3.657e+02 9.000e+00
s>                                ( - 2.278e+02 1 0)
s>                                ( - -3.858e+02 1 0))
s>                            ( - -4.265e+03 37 0 QUESTION19 1 3.154e+02 5.797e+01)))))))INFO: dtree.c(1315): Comp split 5
INFO: dtree.c(1439): stop. leaf nodes are specific
INFO: dtree.c(1478): Final simple tree
|( QUESTION9 -1 -3.630e+03 2.256e+02 5.698e+01
|    ( - -1.124e+03 2 0)
|    ( SILENCE -1 -2.280e+03 2.122e+02 3.498e+01
|        ( - -1.994e+03 2 0)
|        ( - -7.384e+01 1 0)))
s>    ( QUESTION9 -1 -3.630e+03 2.256e+02 5.698e+01
s>        ( - -1.124e+03 2 0)
s>        ( SILENCE -1 -2.280e+03 2.122e+02 3.498e+01
s>            ( - -1.994e+03 2 0)
s>            ( - -7.384e+01 1 0)))INFO: dtree.c(1478): Final simple tree
|( QUESTION1 -1 -9.797e+03 2.243e+02 1.469e+02
|    ( - 4.104e+01 1 0)
|    ( QUESTION0 -1 -9.613e+03 2.112e+02 1.449e+02
|        ( - -2.428e+03 4 0)
|        ( WDBNDRY_E 0 -6.974e+03 1.741e+02 1.040e+02
|            ( - -8.035e+02 3 0 QUESTION2_0_L -1 4.864e+01 1.622e+01)
|            ( QUESTION2_1_L -1 -5.997e+03 1.602e+02 8.778e+01
|                ( - -1.134e+02 1 0)
|                ( QUESTION11 -1 -5.723e+03 1.512e+02 8.478e+01
|                    ( WDBNDRY_B 0 -7.704e+01 3.779e+02 3.000e+00
|                        ( - 5.681e+01 1 0)
|                        ( - 2.440e+02 1 0))
|                    ( WDBNDRY_B 0 -5.495e+03 1.308e+02 8.178e+01
|                        ( - -1.878e+03 9 0 QUESTION2_0_L -1 1.964e+02 2.811e+01)
|                        ( - -3.486e+03 12 0 QUESTION2_0_L -1 1.254e+02 5.367e+01)))))))
s>    ( QUESTION1 -1 -9.797e+03 2.243e+02 1.469e+02
s>        ( - 4.104e+01 1 0)
s>        ( QUESTION0 -1 -9.613e+03 2.112e+02 1.449e+02
s>            ( - -2.428e+03 4 0)
s>            ( WDBNDRY_E 0 -6.974e+03 1.741e+02 1.040e+02
s>                ( - -8.035e+02 3 0 QUESTION2_0_L -1 4.864e+01 1.622e+01)
s>                ( QUESTION2_1_L -1 -5.997e+03 1.602e+02 8.778e+01
s>                    ( - -1.134e+02 1 0)
s>                    ( QUESTION11 -1 -5.723e+03 1.512e+02 8.478e+01
s>                        ( WDBNDRY_B 0 -7.704e+01 3.779e+02 3.000e+00
s>                            ( - 5.681e+01 1 0)
s>                            ( - 2.440e+02 1 0))
s>                        ( WDBNDRY_B 0 -5.495e+03 1.308e+02 8.178e+01
s>                            ( - -1.878e+03 9 0 QUESTION2_0_L -1 1.964e+02 2.811e+01)
s>                            ( - -3.486e+03 12 0 QUESTION2_0_L -1 1.254e+02 5.367e+01)))))))INFO: dtree.c(1315): Comp split 6
INFO: dtree.c(1315): Comp split 7
INFO: dtree.c(1439): stop. leaf nodes are specific
INFO: dtree.c(1478): Final simple tree
|( QUESTION2_1_L -1 -2.128e+03 1.513e+02 2.992e+01
|    ( - -3.788e+02 3 0)
|    ( - -1.598e+03 2 0))
s>    ( QUESTION2_1_L -1 -2.128e+03 1.513e+02 2.992e+01
s>        ( - -3.788e+02 3 0)
s>        ( - -1.598e+03 2 0))INFO: dtree.c(1478): Final simple tree
|( QUESTION0 -1 -2.088e+03 3.210e+02 3.122e+01
|    ( QUESTION2_13_L -1 -2.001e+03 2.349e+02 3.022e+01
|        ( WDBNDRY_B 0 -4.121e+02 2.400e+02 8.999e+00
|            ( - -2.532e+02 1 0)
|            ( - 8.116e+01 1 0))
|        ( QUESTION0_0_R 1 -1.354e+03 2.124e+02 2.122e+01
|            ( - 8.045e+00 1 0)
|            ( WDBNDRY_B 0 -1.150e+03 3.121e+02 1.922e+01
|                ( QUESTION2_1_L -1 -1.053e+03 1.503e+02 1.822e+01
|                    ( - -1.428e+02 2 0 QUESTION10 1 7.539e+01 4.108e+00)
|                    ( QUESTION2_6_L -1 -7.596e+02 1.204e+02 1.411e+01
|                        ( - -7.339e+01 1 0)
|                        ( - -5.658e+02 4 0 QUESTION7 -1 1.227e+02 1.111e+01)))
|                ( - 2.152e+02 1 0))))
|    ( - 2.334e+02 1 0))
s>    ( QUESTION0 -1 -2.088e+03 3.210e+02 3.122e+01
s>        ( QUESTION2_13_L -1 -2.001e+03 2.349e+02 3.022e+01
s>            ( WDBNDRY_B 0 -4.121e+02 2.400e+02 8.999e+00
s>                ( - -2.532e+02 1 0)
s>                ( - 8.116e+01 1 0))
s>            ( QUESTION0_0_R 1 -1.354e+03 2.124e+02 2.122e+01
s>                ( - 8.045e+00 1 0)
s>                ( WDBNDRY_B 0 -1.150e+03 3.121e+02 1.922e+01
s>                    ( QUESTION2_1_L -1 -1.053e+03 1.503e+02 1.822e+01
s>                        ( - -1.428e+02 2 0 QUESTION10 1 7.539e+01 4.108e+00)
s>                        ( QUESTION2_6_L -1 -7.596e+02 1.204e+02 1.411e+01
s>                            ( - -7.339e+01 1 0)
s>                            ( - -5.658e+02 4 0 QUESTION7 -1 1.227e+02 1.111e+01)))
s>                    ( - 2.152e+02 1 0))))
s>        ( - 2.334e+02 1 0))INFO: dtree.c(1315): Comp split 8
INFO: dtree.c(1478): Final simple tree
|( QUESTION6 -1 -6.526e+03 3.125e+02 8.697e+01
|    ( - 2.440e+02 1 0)
|    ( QUESTION0_15_R 1 -6.458e+03 2.177e+02 8.597e+01
|        ( - -7.083e+02 1 0)
|        ( QUESTION0_18_R 1 -5.532e+03 2.148e+02 7.197e+01
|            ( - 3.475e+01 1 0)
|            ( QUESTION14 -1 -5.352e+03 2.146e+02 6.997e+01
|                ( - -1.331e+02 1 0)
|                ( QUESTION0_13_R 1 -5.004e+03 2.157e+02 6.697e+01
|                    ( QUESTION0 -1 -5.237e+02 3.657e+02 9.000e+00
|                        ( - 2.278e+02 1 0)
|                        ( - -3.858e+02 1 0))
|                    ( QUESTION19 1 -4.265e+03 3.154e+02 5.797e+01
|                        ( - 2.440e+02 1 0)
|                        ( - -4.193e+03 36 0 QUESTION3 -1 3.170e+02 5.697e+01)))))))
s>    ( QUESTION6 -1 -6.526e+03 3.125e+02 8.697e+01
s>        ( - 2.440e+02 1 0)
s>        ( QUESTION0_15_R 1 -6.458e+03 2.177e+02 8.597e+01
s>            ( - -7.083e+02 1 0)
s>            ( QUESTION0_18_R 1 -5.532e+03 2.148e+02 7.197e+01
s>                ( - 3.475e+01 1 0)
s>                ( QUESTION14 -1 -5.352e+03 2.146e+02 6.997e+01
s>                    ( - -1.331e+02 1 0)
s>                    ( QUESTION0_13_R 1 -5.004e+03 2.157e+02 6.697e+01
s>                        ( QUESTION0 -1 -5.237e+02 3.657e+02 9.000e+00
s>                            ( - 2.278e+02 1 0)
s>                            ( - -3.858e+02 1 0))
s>                        ( QUESTION19 1 -4.265e+03 3.154e+02 5.797e+01
s>                            ( - 2.440e+02 1 0)
s>                            ( - -4.193e+03 36 0 QUESTION3 -1 3.170e+02 5.697e+01)))))))INFO: dtree.c(1315): Comp split 9
INFO: dtree.c(1478): Final simple tree
|( QUESTION2_13_L -1 -2.001e+03 2.349e+02 3.022e+01
|    ( WDBNDRY_B 0 -4.121e+02 2.400e+02 8.999e+00
|        ( - -2.532e+02 1 0)
|        ( - 8.116e+01 1 0))
|    ( QUESTION0_0_R 1 -1.354e+03 2.124e+02 2.122e+01
|        ( - 8.045e+00 1 0)
|        ( WDBNDRY_B 0 -1.150e+03 3.121e+02 1.922e+01
|            ( QUESTION2_1_L -1 -1.053e+03 1.503e+02 1.822e+01
|                ( - -1.428e+02 2 0 QUESTION10 1 7.539e+01 4.108e+00)
|                ( QUESTION2_6_L -1 -7.596e+02 1.204e+02 1.411e+01
|                    ( - -7.339e+01 1 0)
|                    ( QUESTION7 -1 -5.658e+02 1.227e+02 1.111e+01
|                        ( - -9.226e+01 2 0)
|                        ( - -3.509e+02 2 0))))
|            ( - 2.152e+02 1 0))))
s>    ( QUESTION2_13_L -1 -2.001e+03 2.349e+02 3.022e+01
s>        ( WDBNDRY_B 0 -4.121e+02 2.400e+02 8.999e+00
s>            ( - -2.532e+02 1 0)
s>            ( - 8.116e+01 1 0))
s>        ( QUESTION0_0_R 1 -1.354e+03 2.124e+02 2.122e+01
s>            ( - 8.045e+00 1 0)
s>            ( WDBNDRY_B 0 -1.150e+03 3.121e+02 1.922e+01
s>                ( QUESTION2_1_L -1 -1.053e+03 1.503e+02 1.822e+01
s>                    ( - -1.428e+02 2 0 QUESTION10 1 7.539e+01 4.108e+00)
s>                    ( QUESTION2_6_L -1 -7.596e+02 1.204e+02 1.411e+01
s>                        ( - -7.339e+01 1 0)
s>                        ( QUESTION7 -1 -5.658e+02 1.227e+02 1.111e+01
s>                            ( - -9.226e+01 2 0)
s>                            ( - -3.509e+02 2 0))))
s>                ( - 2.152e+02 1 0))))INFO: dtree.c(1315): Comp split 10
INFO: dtree.c(1478): Final simple tree
|( QUESTION1 -1 -9.724e+03 2.241e+02 1.459e+02
|    ( - 4.104e+01 1 0)
|    ( QUESTION0 -1 -9.541e+03 2.119e+02 1.439e+02
|        ( - -2.428e+03 4 0)
|        ( WDBNDRY_E 0 -6.901e+03 1.738e+02 1.030e+02
|            ( - -8.035e+02 3 0 QUESTION2_0_L -1 4.864e+01 1.622e+01)
|            ( QUESTION2_1_L -1 -5.924e+03 1.602e+02 8.678e+01
|                ( - -1.134e+02 1 0)
|                ( QUESTION11 -1 -5.650e+03 2.122e+02 8.378e+01
|                    ( - 5.681e+01 1 0)
|                    ( WDBNDRY_B 0 -5.495e+03 1.308e+02 8.178e+01
|                        ( QUESTION2_0_L -1 -1.878e+03 1.964e+02 2.811e+01
|                            ( - -1.619e+03 8 0 QUESTION13 -1 1.319e+02 2.511e+01)
|                            ( - -6.331e+01 1 0))
|                        ( - -3.486e+03 12 0 QUESTION2_0_L -1 1.254e+02 5.367e+01)))))))
s>    ( QUESTION1 -1 -9.724e+03 2.241e+02 1.459e+02
s>        ( - 4.104e+01 1 0)
s>        ( QUESTION0 -1 -9.541e+03 2.119e+02 1.439e+02
s>            ( - -2.428e+03 4 0)
s>            ( WDBNDRY_E 0 -6.901e+03 1.738e+02 1.030e+02
s>                ( - -8.035e+02 3 0 QUESTION2_0_L -1 4.864e+01 1.622e+01)
s>                ( QUESTION2_1_L -1 -5.924e+03 1.602e+02 8.678e+01
s>                    ( - -1.134e+02 1 0)
s>                    ( QUESTION11 -1 -5.650e+03 2.122e+02 8.378e+01
s>                        ( - 5.681e+01 1 0)
s>                        ( WDBNDRY_B 0 -5.495e+03 1.308e+02 8.178e+01
s>                            ( QUESTION2_0_L -1 -1.878e+03 1.964e+02 2.811e+01
s>                                ( - -1.619e+03 8 0 QUESTION13 -1 1.319e+02 2.511e+01)
s>                                ( - -6.331e+01 1 0))
s>                            ( - -3.486e+03 12 0 QUESTION2_0_L -1 1.254e+02 5.367e+01)))))))INFO: dtree.c(1315): Comp split 11
INFO: dtree.c(1478): Final simple tree
|( QUESTION3 -1 -6.455e+03 3.176e+02 8.597e+01
|    ( - 2.440e+02 1 0)
|    ( QUESTION6 -1 -6.381e+03 3.133e+02 8.497e+01
|        ( - 2.440e+02 1 0)
|        ( QUESTION19 1 -6.312e+03 3.106e+02 8.397e+01
|            ( - 2.278e+02 1 0)
|            ( QUESTION0 -1 -6.229e+03 3.111e+02 8.297e+01
|                ( - 2.440e+02 1 0)
|                ( QUESTION0_13_R 1 -6.162e+03 2.565e+02 8.197e+01
|                    ( - -3.858e+02 1 0)
|                    ( QUESTION14 -1 -5.520e+03 2.202e+02 7.397e+01
|                        ( - -1.331e+02 1 0)
|                        ( QUESTION0_18_R 1 -5.166e+03 2.208e+02 7.097e+01
|                            ( - 3.475e+01 1 0)
|                            ( - -4.980e+03 35 0 QUESTION0_15_R 1 2.188e+02 6.897e+01))))))))
s>    ( QUESTION3 -1 -6.455e+03 3.176e+02 8.597e+01
s>        ( - 2.440e+02 1 0)
s>        ( QUESTION6 -1 -6.381e+03 3.133e+02 8.497e+01
s>            ( - 2.440e+02 1 0)
s>            ( QUESTION19 1 -6.312e+03 3.106e+02 8.397e+01
s>                ( - 2.278e+02 1 0)
s>                ( QUESTION0 -1 -6.229e+03 3.111e+02 8.297e+01
s>                    ( - 2.440e+02 1 0)
s>                    ( QUESTION0_13_R 1 -6.162e+03 2.565e+02 8.197e+01
s>                        ( - -3.858e+02 1 0)
s>                        ( QUESTION14 -1 -5.520e+03 2.202e+02 7.397e+01
s>                            ( - -1.331e+02 1 0)
s>                            ( QUESTION0_18_R 1 -5.166e+03 2.208e+02 7.097e+01
s>                                ( - 3.475e+01 1 0)
s>                                ( - -4.980e+03 35 0 QUESTION0_15_R 1 2.188e+02 6.897e+01))))))))INFO: dtree.c(1315): Comp split 12
INFO: dtree.c(1478): Final simple tree
|( QUESTION6 -1 -6.381e+03 3.133e+02 8.497e+01
|    ( - 2.440e+02 1 0)
|    ( QUESTION19 1 -6.312e+03 3.106e+02 8.397e+01
|        ( - 2.278e+02 1 0)
|        ( QUESTION0 -1 -6.229e+03 3.111e+02 8.297e+01
|            ( - 2.440e+02 1 0)
|            ( QUESTION0_13_R 1 -6.162e+03 2.565e+02 8.197e+01
|                ( - -3.858e+02 1 0)
|                ( QUESTION14 -1 -5.520e+03 2.202e+02 7.397e+01
|                    ( - -1.331e+02 1 0)
|                    ( QUESTION0_18_R 1 -5.166e+03 2.208e+02 7.097e+01
|                        ( - 3.475e+01 1 0)
|                        ( QUESTION0_15_R 1 -4.980e+03 2.188e+02 6.897e+01
|                            ( - -7.083e+02 1 0)
|                            ( - -4.053e+03 34 0 QUESTION0_12_R 1 1.473e+02 5.497e+01))))))))
s>    ( QUESTION6 -1 -6.381e+03 3.133e+02 8.497e+01
s>        ( - 2.440e+02 1 0)
s>        ( QUESTION19 1 -6.312e+03 3.106e+02 8.397e+01
s>            ( - 2.278e+02 1 0)
s>            ( QUESTION0 -1 -6.229e+03 3.111e+02 8.297e+01
s>                ( - 2.440e+02 1 0)
s>                ( QUESTION0_13_R 1 -6.162e+03 2.565e+02 8.197e+01
s>                    ( - -3.858e+02 1 0)
s>                    ( QUESTION14 -1 -5.520e+03 2.202e+02 7.397e+01
s>                        ( - -1.331e+02 1 0)
s>                        ( QUESTION0_18_R 1 -5.166e+03 2.208e+02 7.097e+01
s>                            ( - 3.475e+01 1 0)
s>                            ( QUESTION0_15_R 1 -4.980e+03 2.188e+02 6.897e+01
s>                                ( - -7.083e+02 1 0)
s>                                ( - -4.053e+03 34 0 QUESTION0_12_R 1 1.473e+02 5.497e+01))))))))INFO: dtree.c(1315): Comp split 13
INFO: dtree.c(1478): Final simple tree
|( QUESTION19 1 -6.312e+03 3.106e+02 8.397e+01
|    ( - 2.278e+02 1 0)
|    ( QUESTION0 -1 -6.229e+03 3.111e+02 8.297e+01
|        ( - 2.440e+02 1 0)
|        ( QUESTION0_13_R 1 -6.162e+03 2.565e+02 8.197e+01
|            ( - -3.858e+02 1 0)
|            ( QUESTION14 -1 -5.520e+03 2.202e+02 7.397e+01
|                ( - -1.331e+02 1 0)
|                ( QUESTION0_18_R 1 -5.166e+03 2.208e+02 7.097e+01
|                    ( - 3.475e+01 1 0)
|                    ( QUESTION0_15_R 1 -4.980e+03 2.188e+02 6.897e+01
|                        ( - -7.083e+02 1 0)
|                        ( QUESTION0_12_R 1 -4.053e+03 1.473e+02 5.497e+01
|                            ( - -1.368e+02 1 0)
|                            ( - -3.769e+03 33 0 WDBNDRY_E 0 1.373e+02 5.097e+01))))))))
s>    ( QUESTION19 1 -6.312e+03 3.106e+02 8.397e+01
s>        ( - 2.278e+02 1 0)
s>        ( QUESTION0 -1 -6.229e+03 3.111e+02 8.297e+01
s>            ( - 2.440e+02 1 0)
s>            ( QUESTION0_13_R 1 -6.162e+03 2.565e+02 8.197e+01
s>                ( - -3.858e+02 1 0)
s>                ( QUESTION14 -1 -5.520e+03 2.202e+02 7.397e+01
s>                    ( - -1.331e+02 1 0)
s>                    ( QUESTION0_18_R 1 -5.166e+03 2.208e+02 7.097e+01
s>                        ( - 3.475e+01 1 0)
s>                        ( QUESTION0_15_R 1 -4.980e+03 2.188e+02 6.897e+01
s>                            ( - -7.083e+02 1 0)
s>                            ( QUESTION0_12_R 1 -4.053e+03 1.473e+02 5.497e+01
s>                                ( - -1.368e+02 1 0)
s>                                ( - -3.769e+03 33 0 WDBNDRY_E 0 1.373e+02 5.097e+01))))))))INFO: dtree.c(1315): Comp split 14
INFO: dtree.c(1478): Final simple tree
|( QUESTION0 -1 -6.245e+03 3.106e+02 8.297e+01
|    ( - 2.278e+02 1 0)
|    ( QUESTION0_13_R 1 -6.162e+03 2.565e+02 8.197e+01
|        ( - -3.858e+02 1 0)
|        ( QUESTION14 -1 -5.520e+03 2.202e+02 7.397e+01
|            ( - -1.331e+02 1 0)
|            ( QUESTION0_18_R 1 -5.166e+03 2.208e+02 7.097e+01
|                ( - 3.475e+01 1 0)
|                ( QUESTION0_15_R 1 -4.980e+03 2.188e+02 6.897e+01
|                    ( - -7.083e+02 1 0)
|                    ( QUESTION0_12_R 1 -4.053e+03 1.473e+02 5.497e+01
|                        ( - -1.368e+02 1 0)
|                        ( WDBNDRY_E 0 -3.769e+03 1.373e+02 5.097e+01
|                            ( - -6.271e+02 5 0 QUESTION0_20_R 1 3.245e+02 9.108e+00)
|                            ( - -3.005e+03 28 0 QUESTION12 1 1.449e+02 4.186e+01))))))))
s>    ( QUESTION0 -1 -6.245e+03 3.106e+02 8.297e+01
s>        ( - 2.278e+02 1 0)
s>        ( QUESTION0_13_R 1 -6.162e+03 2.565e+02 8.197e+01
s>            ( - -3.858e+02 1 0)
s>            ( QUESTION14 -1 -5.520e+03 2.202e+02 7.397e+01
s>                ( - -1.331e+02 1 0)
s>                ( QUESTION0_18_R 1 -5.166e+03 2.208e+02 7.097e+01
s>                    ( - 3.475e+01 1 0)
s>                    ( QUESTION0_15_R 1 -4.980e+03 2.188e+02 6.897e+01
s>                        ( - -7.083e+02 1 0)
s>                        ( QUESTION0_12_R 1 -4.053e+03 1.473e+02 5.497e+01
s>                            ( - -1.368e+02 1 0)
s>                            ( WDBNDRY_E 0 -3.769e+03 1.373e+02 5.097e+01
s>                                ( - -6.271e+02 5 0 QUESTION0_20_R 1 3.245e+02 9.108e+00)
s>                                ( - -3.005e+03 28 0 QUESTION12 1 1.449e+02 4.186e+01))))))))INFO: dtree.c(1315): Comp split 15
INFO: dtree.c(1478): Final simple tree
|( QUESTION0_13_R 1 -6.162e+03 2.565e+02 8.197e+01
|    ( - -3.858e+02 1 0)
|    ( QUESTION14 -1 -5.520e+03 2.202e+02 7.397e+01
|        ( - -1.331e+02 1 0)
|        ( QUESTION0_18_R 1 -5.166e+03 2.208e+02 7.097e+01
|            ( - 3.475e+01 1 0)
|            ( QUESTION0_15_R 1 -4.980e+03 2.188e+02 6.897e+01
|                ( - -7.083e+02 1 0)
|                ( QUESTION0_12_R 1 -4.053e+03 1.473e+02 5.497e+01
|                    ( - -1.368e+02 1 0)
|                    ( WDBNDRY_E 0 -3.769e+03 1.373e+02 5.097e+01
|                        ( QUESTION0_20_R 1 -6.271e+02 3.245e+02 9.108e+00
|                            ( - 2.440e+02 1 0)
|                            ( - -5.466e+02 4 0 QUESTION2_2_L -1 1.645e+02 8.108e+00))
|                        ( - -3.005e+03 28 0 QUESTION12 1 1.449e+02 4.186e+01)))))))
s>    ( QUESTION0_13_R 1 -6.162e+03 2.565e+02 8.197e+01
s>        ( - -3.858e+02 1 0)
s>        ( QUESTION14 -1 -5.520e+03 2.202e+02 7.397e+01
s>            ( - -1.331e+02 1 0)
s>            ( QUESTION0_18_R 1 -5.166e+03 2.208e+02 7.097e+01
s>                ( - 3.475e+01 1 0)
s>                ( QUESTION0_15_R 1 -4.980e+03 2.188e+02 6.897e+01
s>                    ( - -7.083e+02 1 0)
s>                    ( QUESTION0_12_R 1 -4.053e+03 1.473e+02 5.497e+01
s>                        ( - -1.368e+02 1 0)
s>                        ( WDBNDRY_E 0 -3.769e+03 1.373e+02 5.097e+01
s>                            ( QUESTION0_20_R 1 -6.271e+02 3.245e+02 9.108e+00
s>                                ( - 2.440e+02 1 0)
s>                                ( - -5.466e+02 4 0 QUESTION2_2_L -1 1.645e+02 8.108e+00))
s>                            ( - -3.005e+03 28 0 QUESTION12 1 1.449e+02 4.186e+01)))))))INFO: dtree.c(1315): Comp split 16
INFO: dtree.c(1478): Final simple tree
|( QUESTION0_13_R 1 -6.090e+03 2.553e+02 8.097e+01
|    ( - -3.858e+02 1 0)
|    ( QUESTION14 -1 -5.449e+03 2.201e+02 7.297e+01
|        ( - -1.331e+02 1 0)
|        ( QUESTION0_18_R 1 -5.096e+03 2.201e+02 6.997e+01
|            ( - 3.475e+01 1 0)
|            ( QUESTION0_15_R 1 -4.911e+03 2.173e+02 6.797e+01
|                ( - -7.083e+02 1 0)
|                ( QUESTION6 1 -3.985e+03 1.469e+02 5.397e+01
|                    ( - -1.082e+03 12 0 QUESTION2_2_L -1 1.378e+02 1.711e+01)
|                    ( QUESTION0_12_R 1 -2.756e+03 1.440e+02 3.686e+01
|                        ( - -1.368e+02 1 0)
|                        ( WDBNDRY_E 0 -2.475e+03 1.386e+02 3.286e+01
|                            ( - -5.466e+02 4 0 QUESTION2_2_L -1 1.645e+02 8.108e+00)
|                            ( - -1.790e+03 16 0 QUESTION0_9_R 1 1.168e+02 2.476e+01))))))))
s>    ( QUESTION0_13_R 1 -6.090e+03 2.553e+02 8.097e+01
s>        ( - -3.858e+02 1 0)
s>        ( QUESTION14 -1 -5.449e+03 2.201e+02 7.297e+01
s>            ( - -1.331e+02 1 0)
s>            ( QUESTION0_18_R 1 -5.096e+03 2.201e+02 6.997e+01
s>                ( - 3.475e+01 1 0)
s>                ( QUESTION0_15_R 1 -4.911e+03 2.173e+02 6.797e+01
s>                    ( - -7.083e+02 1 0)
s>                    ( QUESTION6 1 -3.985e+03 1.469e+02 5.397e+01
s>                        ( - -1.082e+03 12 0 QUESTION2_2_L -1 1.378e+02 1.711e+01)
s>                        ( QUESTION0_12_R 1 -2.756e+03 1.440e+02 3.686e+01
s>                            ( - -1.368e+02 1 0)
s>                            ( WDBNDRY_E 0 -2.475e+03 1.386e+02 3.286e+01
s>                                ( - -5.466e+02 4 0 QUESTION2_2_L -1 1.645e+02 8.108e+00)
s>                                ( - -1.790e+03 16 0 QUESTION0_9_R 1 1.168e+02 2.476e+01))))))))INFO: dtree.c(1315): Comp split 17
INFO: dtree.c(1478): Final simple tree
|( QUESTION2_13_L -1 -1.908e+03 2.367e+02 2.922e+01
|    ( WDBNDRY_B 0 -4.121e+02 2.400e+02 8.999e+00
|        ( - -2.532e+02 1 0)
|        ( - 8.116e+01 1 0))
|    ( WDBNDRY_B 0 -1.259e+03 2.143e+02 2.022e+01
|        ( QUESTION2_1_L -1 -1.053e+03 1.503e+02 1.822e+01
|            ( QUESTION10 1 -1.428e+02 7.539e+01 4.108e+00
|                ( - 3.555e+01 1 0)
|                ( - -1.029e+02 1 0))
|            ( QUESTION2_6_L -1 -7.596e+02 1.204e+02 1.411e+01
|                ( - -7.339e+01 1 0)
|                ( QUESTION7 -1 -5.658e+02 1.227e+02 1.111e+01
|                    ( - -9.226e+01 2 0)
|                    ( - -3.509e+02 2 0))))
|        ( - 8.045e+00 1 0)))
s>    ( QUESTION2_13_L -1 -1.908e+03 2.367e+02 2.922e+01
s>        ( WDBNDRY_B 0 -4.121e+02 2.400e+02 8.999e+00
s>            ( - -2.532e+02 1 0)
s>            ( - 8.116e+01 1 0))
s>        ( WDBNDRY_B 0 -1.259e+03 2.143e+02 2.022e+01
s>            ( QUESTION2_1_L -1 -1.053e+03 1.503e+02 1.822e+01
s>                ( QUESTION10 1 -1.428e+02 7.539e+01 4.108e+00
s>                    ( - 3.555e+01 1 0)
s>                    ( - -1.029e+02 1 0))
s>                ( QUESTION2_6_L -1 -7.596e+02 1.204e+02 1.411e+01
s>                    ( - -7.339e+01 1 0)
s>                    ( QUESTION7 -1 -5.658e+02 1.227e+02 1.111e+01
s>                        ( - -9.226e+01 2 0)
s>                        ( - -3.509e+02 2 0))))
s>            ( - 8.045e+00 1 0)))INFO: dtree.c(1315): Comp split 18
INFO: dtree.c(1478): Final simple tree
|( QUESTION14 -1 -5.449e+03 2.201e+02 7.297e+01
|    ( - -1.331e+02 1 0)
|    ( QUESTION0_18_R 1 -5.096e+03 2.201e+02 6.997e+01
|        ( - 3.475e+01 1 0)
|        ( QUESTION0_15_R 1 -4.911e+03 2.173e+02 6.797e+01
|            ( - -7.083e+02 1 0)
|            ( QUESTION6 1 -3.985e+03 1.469e+02 5.397e+01
|                ( - -1.082e+03 12 0 QUESTION2_2_L -1 1.378e+02 1.711e+01)
|                ( QUESTION0_12_R 1 -2.756e+03 1.440e+02 3.686e+01
|                    ( - -1.368e+02 1 0)
|                    ( WDBNDRY_E 0 -2.475e+03 1.386e+02 3.286e+01
|                        ( QUESTION2_2_L -1 -5.466e+02 1.645e+02 8.108e+00
|                            ( - 7.343e+00 1 0)
|                            ( - -3.894e+02 3 0 SILENCE 1 1.465e+02 6.108e+00))
|                        ( - -1.790e+03 16 0 QUESTION0_9_R 1 1.168e+02 2.476e+01)))))))
s>    ( QUESTION14 -1 -5.449e+03 2.201e+02 7.297e+01
s>        ( - -1.331e+02 1 0)
s>        ( QUESTION0_18_R 1 -5.096e+03 2.201e+02 6.997e+01
s>            ( - 3.475e+01 1 0)
s>            ( QUESTION0_15_R 1 -4.911e+03 2.173e+02 6.797e+01
s>                ( - -7.083e+02 1 0)
s>                ( QUESTION6 1 -3.985e+03 1.469e+02 5.397e+01
s>                    ( - -1.082e+03 12 0 QUESTION2_2_L -1 1.378e+02 1.711e+01)
s>                    ( QUESTION0_12_R 1 -2.756e+03 1.440e+02 3.686e+01
s>                        ( - -1.368e+02 1 0)
s>                        ( WDBNDRY_E 0 -2.475e+03 1.386e+02 3.286e+01
s>                            ( QUESTION2_2_L -1 -5.466e+02 1.645e+02 8.108e+00
s>                                ( - 7.343e+00 1 0)
s>                                ( - -3.894e+02 3 0 SILENCE 1 1.465e+02 6.108e+00))
s>                            ( - -1.790e+03 16 0 QUESTION0_9_R 1 1.168e+02 2.476e+01)))))))INFO: dtree.c(1315): Comp split 19
INFO: dtree.c(1439): stop. leaf nodes are specific
INFO: dtree.c(1478): Final simple tree
|( QUESTION0_0_R 1 -1.399e+03 2.221e+02 2.222e+01
|    ( - 8.045e+00 1 0)
|    ( WDBNDRY_B 0 -1.185e+03 2.137e+02 2.022e+01
|        ( QUESTION2_1_L -1 -1.053e+03 1.503e+02 1.822e+01
|            ( QUESTION10 1 -1.428e+02 7.539e+01 4.108e+00
|                ( - 3.555e+01 1 0)
|                ( - -1.029e+02 1 0))
|            ( QUESTION2_6_L -1 -7.596e+02 1.204e+02 1.411e+01
|                ( - -7.339e+01 1 0)
|                ( QUESTION7 -1 -5.658e+02 1.227e+02 1.111e+01
|                    ( - -9.226e+01 2 0)
|                    ( - -3.509e+02 2 0))))
|        ( - 8.116e+01 1 0)))
s>    ( QUESTION0_0_R 1 -1.399e+03 2.221e+02 2.222e+01
s>        ( - 8.045e+00 1 0)
s>        ( WDBNDRY_B 0 -1.185e+03 2.137e+02 2.022e+01
s>            ( QUESTION2_1_L -1 -1.053e+03 1.503e+02 1.822e+01
s>                ( QUESTION10 1 -1.428e+02 7.539e+01 4.108e+00
s>                    ( - 3.555e+01 1 0)
s>                    ( - -1.029e+02 1 0))
s>                ( QUESTION2_6_L -1 -7.596e+02 1.204e+02 1.411e+01
s>                    ( - -7.339e+01 1 0)
s>                    ( QUESTION7 -1 -5.658e+02 1.227e+02 1.111e+01
s>                        ( - -9.226e+01 2 0)
s>                        ( - -3.509e+02 2 0))))
s>            ( - 8.116e+01 1 0)))INFO: dtree.c(1315): Comp split 20
INFO: dtree.c(1478): Final simple tree
|( QUESTION0_12_R 1 -3.295e+03 1.534e+02 4.586e+01
|    ( - -1.368e+02 1 0)
|    ( QUESTION12 1 -3.005e+03 1.449e+02 4.186e+01
|        ( QUESTION13 -1 -1.405e+03 3.229e+02 2.076e+01
|            ( - 2.440e+02 1 0)
|            ( WDBNDRY_B 0 -1.326e+03 3.185e+02 1.976e+01
|                ( - 2.440e+02 1 0)
|                ( QUESTION2_0_L -1 -1.252e+03 3.011e+02 1.876e+01
|                    ( - -1.182e+03 9 0 QUESTION10 -1 1.245e+02 1.776e+01)
|                    ( - 2.309e+02 1 0))))
|        ( QUESTION18 -1 -1.455e+03 1.292e+02 2.111e+01
|            ( - -3.814e+02 4 0 QUESTION2_0_L -1 1.922e+02 8.000e+00)
|            ( QUESTION2_0_L -1 -9.442e+02 3.021e+02 1.311e+01
|                ( - -8.736e+02 11 0 QUESTION11 -1 2.961e+02 1.211e+01)
|                ( - 2.315e+02 1 0)))))
s>    ( QUESTION0_12_R 1 -3.295e+03 1.534e+02 4.586e+01
s>        ( - -1.368e+02 1 0)
s>        ( QUESTION12 1 -3.005e+03 1.449e+02 4.186e+01
s>            ( QUESTION13 -1 -1.405e+03 3.229e+02 2.076e+01
s>                ( - 2.440e+02 1 0)
s>                ( WDBNDRY_B 0 -1.326e+03 3.185e+02 1.976e+01
s>                    ( - 2.440e+02 1 0)
s>                    ( QUESTION2_0_L -1 -1.252e+03 3.011e+02 1.876e+01
s>                        ( - -1.182e+03 9 0 QUESTION10 -1 1.245e+02 1.776e+01)
s>                        ( - 2.309e+02 1 0))))
s>            ( QUESTION18 -1 -1.455e+03 1.292e+02 2.111e+01
s>                ( - -3.814e+02 4 0 QUESTION2_0_L -1 1.922e+02 8.000e+00)
s>                ( QUESTION2_0_L -1 -9.442e+02 3.021e+02 1.311e+01
s>                    ( - -8.736e+02 11 0 QUESTION11 -1 2.961e+02 1.211e+01)
s>                    ( - 2.315e+02 1 0)))))INFO: dtree.c(1439): stop. leaf nodes are specific
INFO: dtree.c(1478): Final simple tree
|( WDBNDRY_I 0 -1.914e+03 1.973e+02 2.711e+01
|    ( - 3.475e+01 1 0)
|    ( WDBNDRY_B 0 -1.752e+03 1.979e+02 2.511e+01
|        ( - -1.331e+02 1 0)
|        ( QUESTION2_2_L -1 -1.421e+03 1.692e+02 2.211e+01
|            ( - 7.343e+00 1 0)
|            ( QUESTION0_1_R 1 -1.259e+03 1.645e+02 2.011e+01
|                ( - -2.383e+02 1 0)
|                ( SILENCE 1 -8.562e+02 1.433e+02 1.511e+01
|                    ( QUESTION10 -1 -4.631e+00 2.509e+02 1.108e+00
|                        ( - 3.555e+01 1 0)
|                        ( - 2.108e+02 1 0))
|                    ( - -7.083e+02 1 0))))))
s>    ( WDBNDRY_I 0 -1.914e+03 1.973e+02 2.711e+01
s>        ( - 3.475e+01 1 0)
s>        ( WDBNDRY_B 0 -1.752e+03 1.979e+02 2.511e+01
s>            ( - -1.331e+02 1 0)
s>            ( QUESTION2_2_L -1 -1.421e+03 1.692e+02 2.211e+01
s>                ( - 7.343e+00 1 0)
s>                ( QUESTION0_1_R 1 -1.259e+03 1.645e+02 2.011e+01
s>                    ( - -2.383e+02 1 0)
s>                    ( SILENCE 1 -8.562e+02 1.433e+02 1.511e+01
s>                        ( QUESTION10 -1 -4.631e+00 2.509e+02 1.108e+00
s>                            ( - 3.555e+01 1 0)
s>                            ( - 2.108e+02 1 0))
s>                        ( - -7.083e+02 1 0))))))INFO: dtree.c(1315): Comp split 21
INFO: dtree.c(1439): stop. leaf nodes are specific
INFO: dtree.c(1478): Final simple tree
|( WDBNDRY_I 0 -1.807e+03 2.017e+02 2.611e+01
|    ( - 3.475e+01 1 0)
|    ( WDBNDRY_B 0 -1.640e+03 1.979e+02 2.411e+01
|        ( - -1.331e+02 1 0)
|        ( QUESTION2_2_L -1 -1.309e+03 1.773e+02 2.111e+01
|            ( - 7.343e+00 1 0)
|            ( QUESTION0_1_R 1 -1.139e+03 1.683e+02 1.911e+01
|                ( - -2.383e+02 1 0)
|                ( SILENCE 1 -7.324e+02 5.965e+01 1.411e+01
|                    ( - 3.555e+01 1 0)
|                    ( - -7.083e+02 1 0))))))
s>    ( WDBNDRY_I 0 -1.807e+03 2.017e+02 2.611e+01
s>        ( - 3.475e+01 1 0)
s>        ( WDBNDRY_B 0 -1.640e+03 1.979e+02 2.411e+01
s>            ( - -1.331e+02 1 0)
s>            ( QUESTION2_2_L -1 -1.309e+03 1.773e+02 2.111e+01
s>                ( - 7.343e+00 1 0)
s>                ( QUESTION0_1_R 1 -1.139e+03 1.683e+02 1.911e+01
s>                    ( - -2.383e+02 1 0)
s>                    ( SILENCE 1 -7.324e+02 5.965e+01 1.411e+01
s>                        ( - 3.555e+01 1 0)
s>                        ( - -7.083e+02 1 0))))))INFO: dtree.c(1315): Comp split 22
INFO: dtree.c(1478): Final simple tree
|( QUESTION0_12_R 1 -3.223e+03 1.537e+02 4.486e+01
|    ( - -1.368e+02 1 0)
|    ( QUESTION12 1 -2.933e+03 1.515e+02 4.086e+01
|        ( WDBNDRY_B 0 -1.326e+03 3.185e+02 1.976e+01
|            ( - 2.440e+02 1 0)
|            ( QUESTION2_0_L -1 -1.252e+03 3.011e+02 1.876e+01
|                ( - -1.182e+03 9 0 QUESTION10 -1 1.245e+02 1.776e+01)
|                ( - 2.309e+02 1 0)))
|        ( QUESTION18 -1 -1.455e+03 1.292e+02 2.111e+01
|            ( - -3.814e+02 4 0 QUESTION2_0_L -1 1.922e+02 8.000e+00)
|            ( QUESTION2_0_L -1 -9.442e+02 3.021e+02 1.311e+01
|                ( QUESTION11 -1 -8.736e+02 2.961e+02 1.211e+01
|                    ( - 2.330e+02 1 0)
|                    ( - -8.106e+02 10 0 QUESTION0_0_R 1 1.009e+02 1.111e+01))
|                ( - 2.315e+02 1 0)))))
s>    ( QUESTION0_12_R 1 -3.223e+03 1.537e+02 4.486e+01
s>        ( - -1.368e+02 1 0)
s>        ( QUESTION12 1 -2.933e+03 1.515e+02 4.086e+01
s>            ( WDBNDRY_B 0 -1.326e+03 3.185e+02 1.976e+01
s>                ( - 2.440e+02 1 0)
s>                ( QUESTION2_0_L -1 -1.252e+03 3.011e+02 1.876e+01
s>                    ( - -1.182e+03 9 0 QUESTION10 -1 1.245e+02 1.776e+01)
s>                    ( - 2.309e+02 1 0)))
s>            ( QUESTION18 -1 -1.455e+03 1.292e+02 2.111e+01
s>                ( - -3.814e+02 4 0 QUESTION2_0_L -1 1.922e+02 8.000e+00)
s>                ( QUESTION2_0_L -1 -9.442e+02 3.021e+02 1.311e+01
s>                    ( QUESTION11 -1 -8.736e+02 2.961e+02 1.211e+01
s>                        ( - 2.330e+02 1 0)
s>                        ( - -8.106e+02 10 0 QUESTION0_0_R 1 1.009e+02 1.111e+01))
s>                    ( - 2.315e+02 1 0)))))INFO: dtree.c(1315): Comp split 23
INFO: dtree.c(1478): Final simple tree
|( QUESTION0_12_R 1 -3.155e+03 1.542e+02 4.386e+01
|    ( - -1.368e+02 1 0)
|    ( QUESTION12 1 -2.864e+03 1.572e+02 3.986e+01
|        ( QUESTION2_0_L -1 -1.252e+03 3.011e+02 1.876e+01
|            ( - -1.182e+03 9 0 QUESTION10 -1 1.245e+02 1.776e+01)
|            ( - 2.309e+02 1 0))
|        ( QUESTION18 -1 -1.455e+03 1.292e+02 2.111e+01
|            ( QUESTION2_0_L -1 -3.814e+02 1.922e+02 8.000e+00
|                ( - -2.545e+02 3 0 WDBNDRY_B 0 1.737e+02 6.000e+00)
|                ( - 6.536e+01 1 0))
|            ( QUESTION2_0_L -1 -9.442e+02 3.021e+02 1.311e+01
|                ( QUESTION11 -1 -8.736e+02 2.961e+02 1.211e+01
|                    ( - 2.330e+02 1 0)
|                    ( - -8.106e+02 10 0 QUESTION0_0_R 1 1.009e+02 1.111e+01))
|                ( - 2.315e+02 1 0)))))
s>    ( QUESTION0_12_R 1 -3.155e+03 1.542e+02 4.386e+01
s>        ( - -1.368e+02 1 0)
s>        ( QUESTION12 1 -2.864e+03 1.572e+02 3.986e+01
s>            ( QUESTION2_0_L -1 -1.252e+03 3.011e+02 1.876e+01
s>                ( - -1.182e+03 9 0 QUESTION10 -1 1.245e+02 1.776e+01)
s>                ( - 2.309e+02 1 0))
s>            ( QUESTION18 -1 -1.455e+03 1.292e+02 2.111e+01
s>                ( QUESTION2_0_L -1 -3.814e+02 1.922e+02 8.000e+00
s>                    ( - -2.545e+02 3 0 WDBNDRY_B 0 1.737e+02 6.000e+00)
s>                    ( - 6.536e+01 1 0))
s>                ( QUESTION2_0_L -1 -9.442e+02 3.021e+02 1.311e+01
s>                    ( QUESTION11 -1 -8.736e+02 2.961e+02 1.211e+01
s>                        ( - 2.330e+02 1 0)
s>                        ( - -8.106e+02 10 0 QUESTION0_0_R 1 1.009e+02 1.111e+01))
s>                    ( - 2.315e+02 1 0)))))INFO: dtree.c(1315): Comp split 24
INFO: dtree.c(1478): Final simple tree
|( QUESTION11 -1 -3.083e+03 3.002e+02 4.286e+01
|    ( - 2.330e+02 1 0)
|    ( QUESTION0_12_R 1 -3.016e+03 1.538e+02 4.186e+01
|        ( - -1.368e+02 1 0)
|        ( QUESTION12 1 -2.725e+03 1.544e+02 3.786e+01
|            ( QUESTION2_0_L -1 -1.252e+03 3.011e+02 1.876e+01
|                ( - -1.182e+03 9 0 QUESTION10 -1 1.245e+02 1.776e+01)
|                ( - 2.309e+02 1 0))
|            ( QUESTION2_0_L -1 -1.319e+03 1.707e+02 1.911e+01
|                ( QUESTION18 -1 -1.214e+03 1.490e+02 1.711e+01
|                    ( WDBNDRY_B 0 -2.545e+02 1.737e+02 6.000e+00
|                        ( - -6.031e+01 2 0)
|                        ( - -2.051e+01 1 0))
|                    ( - -8.106e+02 10 0 QUESTION0_0_R 1 1.009e+02 1.111e+01))
|                ( - 6.536e+01 1 0)))))
s>    ( QUESTION11 -1 -3.083e+03 3.002e+02 4.286e+01
s>        ( - 2.330e+02 1 0)
s>        ( QUESTION0_12_R 1 -3.016e+03 1.538e+02 4.186e+01
s>            ( - -1.368e+02 1 0)
s>            ( QUESTION12 1 -2.725e+03 1.544e+02 3.786e+01
s>                ( QUESTION2_0_L -1 -1.252e+03 3.011e+02 1.876e+01
s>                    ( - -1.182e+03 9 0 QUESTION10 -1 1.245e+02 1.776e+01)
s>                    ( - 2.309e+02 1 0))
s>                ( QUESTION2_0_L -1 -1.319e+03 1.707e+02 1.911e+01
s>                    ( QUESTION18 -1 -1.214e+03 1.490e+02 1.711e+01
s>                        ( WDBNDRY_B 0 -2.545e+02 1.737e+02 6.000e+00
s>                            ( - -6.031e+01 2 0)
s>                            ( - -2.051e+01 1 0))
s>                        ( - -8.106e+02 10 0 QUESTION0_0_R 1 1.009e+02 1.111e+01))
s>                    ( - 6.536e+01 1 0)))))INFO: dtree.c(1315): Comp split 25
INFO: dtree.c(1478): Final simple tree
|( QUESTION0_12_R 1 -3.016e+03 1.538e+02 4.186e+01
|    ( - -1.368e+02 1 0)
|    ( QUESTION12 1 -2.725e+03 1.544e+02 3.786e+01
|        ( QUESTION2_0_L -1 -1.252e+03 3.011e+02 1.876e+01
|            ( QUESTION10 -1 -1.182e+03 1.245e+02 1.776e+01
|                ( - -7.572e+00 2 0 QUESTION0_0_R 1 2.525e+02 1.108e+00)
|                ( - -1.049e+03 7 0 QUESTION0_0_R 1 1.355e+02 1.665e+01))
|            ( - 2.309e+02 1 0))
|        ( QUESTION2_0_L -1 -1.319e+03 1.707e+02 1.911e+01
|            ( QUESTION18 -1 -1.214e+03 1.490e+02 1.711e+01
|                ( WDBNDRY_B 0 -2.545e+02 1.737e+02 6.000e+00
|                    ( - -6.031e+01 2 0)
|                    ( - -2.051e+01 1 0))
|                ( - -8.106e+02 10 0 QUESTION0_0_R 1 1.009e+02 1.111e+01))
|            ( - 6.536e+01 1 0))))
s>    ( QUESTION0_12_R 1 -3.016e+03 1.538e+02 4.186e+01
s>        ( - -1.368e+02 1 0)
s>        ( QUESTION12 1 -2.725e+03 1.544e+02 3.786e+01
s>            ( QUESTION2_0_L -1 -1.252e+03 3.011e+02 1.876e+01
s>                ( QUESTION10 -1 -1.182e+03 1.245e+02 1.776e+01
s>                    ( - -7.572e+00 2 0 QUESTION0_0_R 1 2.525e+02 1.108e+00)
s>                    ( - -1.049e+03 7 0 QUESTION0_0_R 1 1.355e+02 1.665e+01))
s>                ( - 2.309e+02 1 0))
s>            ( QUESTION2_0_L -1 -1.319e+03 1.707e+02 1.911e+01
s>                ( QUESTION18 -1 -1.214e+03 1.490e+02 1.711e+01
s>                    ( WDBNDRY_B 0 -2.545e+02 1.737e+02 6.000e+00
s>                        ( - -6.031e+01 2 0)
s>                        ( - -2.051e+01 1 0))
s>                    ( - -8.106e+02 10 0 QUESTION0_0_R 1 1.009e+02 1.111e+01))
s>                ( - 6.536e+01 1 0))))INFO: dtree.c(1315): Comp split 26
INFO: dtree.c(1478): Final simple tree
|( QUESTION2_0_L -1 -2.947e+03 1.707e+02 4.086e+01
|    ( QUESTION0_12_R 1 -2.842e+03 1.532e+02 3.886e+01
|        ( - -1.368e+02 1 0)
|        ( QUESTION12 1 -2.552e+03 1.565e+02 3.486e+01
|            ( QUESTION10 -1 -1.182e+03 1.245e+02 1.776e+01
|                ( QUESTION0_0_R 1 -7.572e+00 2.525e+02 1.108e+00
|                    ( - 2.094e+02 1 0)
|                    ( - 3.555e+01 1 0))
|                ( - -1.049e+03 7 0 QUESTION0_0_R 1 1.355e+02 1.665e+01))
|            ( QUESTION18 -1 -1.214e+03 1.490e+02 1.711e+01
|                ( WDBNDRY_B 0 -2.545e+02 1.737e+02 6.000e+00
|                    ( - -6.031e+01 2 0)
|                    ( - -2.051e+01 1 0))
|                ( - -8.106e+02 10 0 QUESTION0_0_R 1 1.009e+02 1.111e+01))))
|    ( - 6.536e+01 1 0))
s>    ( QUESTION2_0_L -1 -2.947e+03 1.707e+02 4.086e+01
s>        ( QUESTION0_12_R 1 -2.842e+03 1.532e+02 3.886e+01
s>            ( - -1.368e+02 1 0)
s>            ( QUESTION12 1 -2.552e+03 1.565e+02 3.486e+01
s>                ( QUESTION10 -1 -1.182e+03 1.245e+02 1.776e+01
s>                    ( QUESTION0_0_R 1 -7.572e+00 2.525e+02 1.108e+00
s>                        ( - 2.094e+02 1 0)
s>                        ( - 3.555e+01 1 0))
s>                    ( - -1.049e+03 7 0 QUESTION0_0_R 1 1.355e+02 1.665e+01))
s>                ( QUESTION18 -1 -1.214e+03 1.490e+02 1.711e+01
s>                    ( WDBNDRY_B 0 -2.545e+02 1.737e+02 6.000e+00
s>                        ( - -6.031e+01 2 0)
s>                        ( - -2.051e+01 1 0))
s>                    ( - -8.106e+02 10 0 QUESTION0_0_R 1 1.009e+02 1.111e+01))))
s>        ( - 6.536e+01 1 0))INFO: dtree.c(1315): Comp split 27
INFO: dtree.c(1478): Final simple tree
|( QUESTION2_0_L -1 -2.837e+03 1.699e+02 3.986e+01
|    ( QUESTION0_12_R 1 -2.732e+03 1.543e+02 3.786e+01
|        ( - -1.368e+02 1 0)
|        ( QUESTION12 1 -2.441e+03 1.641e+02 3.386e+01
|            ( QUESTION0_0_R 1 -1.063e+03 1.355e+02 1.676e+01
|                ( - -5.658e+01 1 0)
|                ( - -8.708e+02 7 0 QUESTION10 -1 4.893e+01 1.376e+01))
|            ( QUESTION18 -1 -1.214e+03 1.490e+02 1.711e+01
|                ( WDBNDRY_B 0 -2.545e+02 1.737e+02 6.000e+00
|                    ( - -6.031e+01 2 0)
|                    ( - -2.051e+01 1 0))
|                ( QUESTION0_0_R 1 -8.106e+02 1.009e+02 1.111e+01
|                    ( - -2.680e+02 4 0 QUESTION10 -1 3.266e+02 4.000e+00)
|                    ( - -4.418e+02 6 0 WDBNDRY_B 0 1.150e+02 7.108e+00)))))
|    ( - 6.536e+01 1 0))
s>    ( QUESTION2_0_L -1 -2.837e+03 1.699e+02 3.986e+01
s>        ( QUESTION0_12_R 1 -2.732e+03 1.543e+02 3.786e+01
s>            ( - -1.368e+02 1 0)
s>            ( QUESTION12 1 -2.441e+03 1.641e+02 3.386e+01
s>                ( QUESTION0_0_R 1 -1.063e+03 1.355e+02 1.676e+01
s>                    ( - -5.658e+01 1 0)
s>                    ( - -8.708e+02 7 0 QUESTION10 -1 4.893e+01 1.376e+01))
s>                ( QUESTION18 -1 -1.214e+03 1.490e+02 1.711e+01
s>                    ( WDBNDRY_B 0 -2.545e+02 1.737e+02 6.000e+00
s>                        ( - -6.031e+01 2 0)
s>                        ( - -2.051e+01 1 0))
s>                    ( QUESTION0_0_R 1 -8.106e+02 1.009e+02 1.111e+01
s>                        ( - -2.680e+02 4 0 QUESTION10 -1 3.266e+02 4.000e+00)
s>                        ( - -4.418e+02 6 0 WDBNDRY_B 0 1.150e+02 7.108e+00)))))
s>        ( - 6.536e+01 1 0))INFO: dtree.c(1315): Comp split 28
INFO: dtree.c(1478): Final simple tree
|( QUESTION0 -1 -5.837e+03 2.275e+02 8.578e+01
|    ( - 4.104e+01 1 0)
|    ( QUESTION11 -1 -5.650e+03 2.122e+02 8.378e+01
|        ( - 5.681e+01 1 0)
|        ( WDBNDRY_B 0 -5.495e+03 1.308e+02 8.178e+01
|            ( QUESTION2_0_L -1 -1.878e+03 1.964e+02 2.811e+01
|                ( QUESTION13 -1 -1.619e+03 1.319e+02 2.511e+01
|                    ( - -7.614e+01 2 0)
|                    ( - -1.411e+03 6 0))
|                ( - -6.331e+01 1 0))
|            ( QUESTION2_0_L -1 -3.486e+03 1.254e+02 5.367e+01
|                ( QUESTION13 -1 -3.177e+03 1.045e+02 4.967e+01
|                    ( - -1.635e+02 3 0)
|                    ( - -2.909e+03 7 0))
|                ( - -1.830e+02 2 0)))))
s>    ( QUESTION0 -1 -5.837e+03 2.275e+02 8.578e+01
s>        ( - 4.104e+01 1 0)
s>        ( QUESTION11 -1 -5.650e+03 2.122e+02 8.378e+01
s>            ( - 5.681e+01 1 0)
s>            ( WDBNDRY_B 0 -5.495e+03 1.308e+02 8.178e+01
s>                ( QUESTION2_0_L -1 -1.878e+03 1.964e+02 2.811e+01
s>                    ( QUESTION13 -1 -1.619e+03 1.319e+02 2.511e+01
s>                        ( - -7.614e+01 2 0)
s>                        ( - -1.411e+03 6 0))
s>                    ( - -6.331e+01 1 0))
s>                ( QUESTION2_0_L -1 -3.486e+03 1.254e+02 5.367e+01
s>                    ( QUESTION13 -1 -3.177e+03 1.045e+02 4.967e+01
s>                        ( - -1.635e+02 3 0)
s>                        ( - -2.909e+03 7 0))
s>                    ( - -1.830e+02 2 0)))))INFO: dtree.c(1439): stop. leaf nodes are specific
INFO: dtree.c(1478): Final simple tree
|( QUESTION2_2_L -1 -3.656e+03 1.810e+02 6.012e+01
|    ( - -7.384e+02 1 0)
|    ( QUESTION11 -1 -2.737e+03 1.494e+02 4.412e+01
|        ( - -1.134e+02 1 0)
|        ( WDBNDRY_B 0 -2.474e+03 2.964e+01 4.112e+01
|            ( - -2.428e+03 4 0)
|            ( - -1.640e+01 2 0))))
s>    ( QUESTION2_2_L -1 -3.656e+03 1.810e+02 6.012e+01
s>        ( - -7.384e+02 1 0)
s>        ( QUESTION11 -1 -2.737e+03 1.494e+02 4.412e+01
s>            ( - -1.134e+02 1 0)
s>            ( WDBNDRY_B 0 -2.474e+03 2.964e+01 4.112e+01
s>                ( - -2.428e+03 4 0)
s>                ( - -1.640e+01 2 0))))INFO: dtree.c(1315): Comp split 29
INFO: dtree.c(1439): stop. leaf nodes are specific
INFO: dtree.c(1478): Final simple tree
|( QUESTION11 -1 -5.650e+03 2.122e+02 8.378e+01
|    ( - 5.681e+01 1 0)
|    ( WDBNDRY_B 0 -5.495e+03 1.308e+02 8.178e+01
|        ( QUESTION2_0_L -1 -1.878e+03 1.964e+02 2.811e+01
|            ( QUESTION13 -1 -1.619e+03 1.319e+02 2.511e+01
|                ( - -7.614e+01 2 0)
|                ( - -1.411e+03 6 0))
|            ( - -6.331e+01 1 0))
|        ( QUESTION2_0_L -1 -3.486e+03 1.254e+02 5.367e+01
|            ( QUESTION13 -1 -3.177e+03 1.045e+02 4.967e+01
|                ( - -1.635e+02 3 0)
|                ( - -2.909e+03 7 0))
|            ( - -1.830e+02 2 0))))
s>    ( QUESTION11 -1 -5.650e+03 2.122e+02 8.378e+01
s>        ( - 5.681e+01 1 0)
s>        ( WDBNDRY_B 0 -5.495e+03 1.308e+02 8.178e+01
s>            ( QUESTION2_0_L -1 -1.878e+03 1.964e+02 2.811e+01
s>                ( QUESTION13 -1 -1.619e+03 1.319e+02 2.511e+01
s>                    ( - -7.614e+01 2 0)
s>                    ( - -1.411e+03 6 0))
s>                ( - -6.331e+01 1 0))
s>            ( QUESTION2_0_L -1 -3.486e+03 1.254e+02 5.367e+01
s>                ( QUESTION13 -1 -3.177e+03 1.045e+02 4.967e+01
s>                    ( - -1.635e+02 3 0)
s>                    ( - -2.909e+03 7 0))
s>                ( - -1.830e+02 2 0))))INFO: dtree.c(1315): Comp split 30
INFO: dtree.c(1439): stop. leaf nodes are specific
INFO: dtree.c(1478): Final simple tree
|( SILENCE -1 -2.280e+03 2.122e+02 3.498e+01
|    ( - -1.994e+03 2 0)
|    ( - -7.384e+01 1 0))
s>    ( SILENCE -1 -2.280e+03 2.122e+02 3.498e+01
s>        ( - -1.994e+03 2 0)
s>        ( - -7.384e+01 1 0))INFO: dtree.c(1315): Comp split 31
INFO: dtree.c(1439): stop. leaf nodes are specific
INFO: dtree.c(1478): Final simple tree
|( WDBNDRY_B 0 -1.185e+03 2.137e+02 2.022e+01
|    ( QUESTION2_1_L -1 -1.053e+03 1.503e+02 1.822e+01
|        ( QUESTION10 1 -1.428e+02 7.539e+01 4.108e+00
|            ( - 3.555e+01 1 0)
|            ( - -1.029e+02 1 0))
|        ( QUESTION2_6_L -1 -7.596e+02 1.204e+02 1.411e+01
|            ( - -7.339e+01 1 0)
|            ( QUESTION7 -1 -5.658e+02 1.227e+02 1.111e+01
|                ( - -9.226e+01 2 0)
|                ( - -3.509e+02 2 0))))
|    ( - 8.116e+01 1 0))
s>    ( WDBNDRY_B 0 -1.185e+03 2.137e+02 2.022e+01
s>        ( QUESTION2_1_L -1 -1.053e+03 1.503e+02 1.822e+01
s>            ( QUESTION10 1 -1.428e+02 7.539e+01 4.108e+00
s>                ( - 3.555e+01 1 0)
s>                ( - -1.029e+02 1 0))
s>            ( QUESTION2_6_L -1 -7.596e+02 1.204e+02 1.411e+01
s>                ( - -7.339e+01 1 0)
s>                ( QUESTION7 -1 -5.658e+02 1.227e+02 1.111e+01
s>                    ( - -9.226e+01 2 0)
s>                    ( - -3.509e+02 2 0))))
s>        ( - 8.116e+01 1 0))INFO: dtree.c(1315): Comp split 32
INFO: dtree.c(1439): stop. leaf nodes are specific
INFO: dtree.c(1478): Final simple tree
|( QUESTION2_1_L -1 -1.053e+03 1.503e+02 1.822e+01
|    ( QUESTION10 1 -1.428e+02 7.539e+01 4.108e+00
|        ( - 3.555e+01 1 0)
|        ( - -1.029e+02 1 0))
|    ( QUESTION2_6_L -1 -7.596e+02 1.204e+02 1.411e+01
|        ( - -7.339e+01 1 0)
|        ( QUESTION7 -1 -5.658e+02 1.227e+02 1.111e+01
|            ( - -9.226e+01 2 0)
|            ( - -3.509e+02 2 0))))
s>    ( QUESTION2_1_L -1 -1.053e+03 1.503e+02 1.822e+01
s>        ( QUESTION10 1 -1.428e+02 7.539e+01 4.108e+00
s>            ( - 3.555e+01 1 0)
s>            ( - -1.029e+02 1 0))
s>        ( QUESTION2_6_L -1 -7.596e+02 1.204e+02 1.411e+01
s>            ( - -7.339e+01 1 0)
s>            ( QUESTION7 -1 -5.658e+02 1.227e+02 1.111e+01
s>                ( - -9.226e+01 2 0)
s>                ( - -3.509e+02 2 0))))INFO: dtree.c(1315): Comp split 33
INFO: dtree.c(1439): stop. leaf nodes are specific
INFO: dtree.c(1478): Final simple tree
|( WDBNDRY_B 0 -5.495e+03 1.308e+02 8.178e+01
|    ( QUESTION2_0_L -1 -1.878e+03 1.964e+02 2.811e+01
|        ( QUESTION13 -1 -1.619e+03 1.319e+02 2.511e+01
|            ( - -7.614e+01 2 0)
|            ( - -1.411e+03 6 0))
|        ( - -6.331e+01 1 0))
|    ( QUESTION2_0_L -1 -3.486e+03 1.254e+02 5.367e+01
|        ( QUESTION13 -1 -3.177e+03 1.045e+02 4.967e+01
|            ( - -1.635e+02 3 0)
|            ( - -2.909e+03 7 0))
|        ( - -1.830e+02 2 0)))
s>    ( WDBNDRY_B 0 -5.495e+03 1.308e+02 8.178e+01
s>        ( QUESTION2_0_L -1 -1.878e+03 1.964e+02 2.811e+01
s>            ( QUESTION13 -1 -1.619e+03 1.319e+02 2.511e+01
s>                ( - -7.614e+01 2 0)
s>                ( - -1.411e+03 6 0))
s>            ( - -6.331e+01 1 0))
s>        ( QUESTION2_0_L -1 -3.486e+03 1.254e+02 5.367e+01
s>            ( QUESTION13 -1 -3.177e+03 1.045e+02 4.967e+01
s>                ( - -1.635e+02 3 0)
s>                ( - -2.909e+03 7 0))
s>            ( - -1.830e+02 2 0)))INFO: dtree.c(1315): Comp split 34
INFO: dtree.c(1315): Comp split 35
INFO: dtree.c(1439): stop. leaf nodes are specific
INFO: dtree.c(1478): Final simple tree
|( QUESTION2_0_L -1 -5.221e+03 1.279e+02 7.878e+01
|    ( QUESTION14 -1 -4.911e+03 1.227e+02 7.478e+01
|        ( - -7.614e+01 2 0)
|        ( WDBNDRY_B 0 -4.712e+03 1.238e+02 7.178e+01
|            ( - -1.411e+03 6 0)
|            ( QUESTION13 -1 -3.177e+03 1.045e+02 4.967e+01
|                ( - -1.635e+02 3 0)
|                ( - -2.909e+03 7 0))))
|    ( - -1.830e+02 2 0))
s>    ( QUESTION2_0_L -1 -5.221e+03 1.279e+02 7.878e+01
s>        ( QUESTION14 -1 -4.911e+03 1.227e+02 7.478e+01
s>            ( - -7.614e+01 2 0)
s>            ( WDBNDRY_B 0 -4.712e+03 1.238e+02 7.178e+01
s>                ( - -1.411e+03 6 0)
s>                ( QUESTION13 -1 -3.177e+03 1.045e+02 4.967e+01
s>                    ( - -1.635e+02 3 0)
s>                    ( - -2.909e+03 7 0))))
s>        ( - -1.830e+02 2 0))INFO: dtree.c(1315): Comp split 36
INFO: dtree.c(1439): stop. leaf nodes are specific
INFO: dtree.c(1478): Final simple tree
|( WDBNDRY_B 0 -1.640e+03 1.979e+02 2.411e+01
|    ( - -1.331e+02 1 0)
|    ( QUESTION2_2_L -1 -1.309e+03 1.773e+02 2.111e+01
|        ( - 7.343e+00 1 0)
|        ( QUESTION0_1_R 1 -1.139e+03 1.683e+02 1.911e+01
|            ( - -2.383e+02 1 0)
|            ( SILENCE 1 -7.324e+02 5.965e+01 1.411e+01
|                ( - 3.555e+01 1 0)
|                ( - -7.083e+02 1 0)))))
s>    ( WDBNDRY_B 0 -1.640e+03 1.979e+02 2.411e+01
s>        ( - -1.331e+02 1 0)
s>        ( QUESTION2_2_L -1 -1.309e+03 1.773e+02 2.111e+01
s>            ( - 7.343e+00 1 0)
s>            ( QUESTION0_1_R 1 -1.139e+03 1.683e+02 1.911e+01
s>                ( - -2.383e+02 1 0)
s>                ( SILENCE 1 -7.324e+02 5.965e+01 1.411e+01
s>                    ( - 3.555e+01 1 0)
s>                    ( - -7.083e+02 1 0)))))INFO: dtree.c(1315): Comp split 37
INFO: dtree.c(1439): stop. leaf nodes are specific
INFO: dtree.c(1478): Final simple tree
|( QUESTION2_2_L -1 -1.309e+03 1.773e+02 2.111e+01
|    ( - 7.343e+00 1 0)
|    ( QUESTION0_1_R 1 -1.139e+03 1.683e+02 1.911e+01
|        ( - -2.383e+02 1 0)
|        ( SILENCE 1 -7.324e+02 5.965e+01 1.411e+01
|            ( - 3.555e+01 1 0)
|            ( - -7.083e+02 1 0))))
s>    ( QUESTION2_2_L -1 -1.309e+03 1.773e+02 2.111e+01
s>        ( - 7.343e+00 1 0)
s>        ( QUESTION0_1_R 1 -1.139e+03 1.683e+02 1.911e+01
s>            ( - -2.383e+02 1 0)
s>            ( SILENCE 1 -7.324e+02 5.965e+01 1.411e+01
s>                ( - 3.555e+01 1 0)
s>                ( - -7.083e+02 1 0))))INFO: dtree.c(1315): Comp split 38
INFO: dtree.c(1478): Final simple tree
|( QUESTION2_0_L -1 -2.624e+03 1.691e+02 3.686e+01
|    ( QUESTION0_12_R 1 -2.521e+03 1.534e+02 3.486e+01
|        ( - -1.368e+02 1 0)
|        ( QUESTION12 1 -2.230e+03 1.584e+02 3.086e+01
|            ( QUESTION0_0_R 1 -1.063e+03 1.355e+02 1.676e+01
|                ( - -5.658e+01 1 0)
|                ( - -8.708e+02 7 0 QUESTION10 -1 4.893e+01 1.376e+01))
|            ( QUESTION18 -1 -1.009e+03 1.382e+02 1.411e+01
|                ( - -6.031e+01 2 0)
|                ( QUESTION0_0_R 1 -8.106e+02 1.009e+02 1.111e+01
|                    ( QUESTION10 -1 -2.680e+02 3.266e+02 4.000e+00
|                        ( - 2.440e+02 1 0)
|                        ( - -1.854e+02 3 0 WDBNDRY_B 0 3.315e+02 3.000e+00))
|                    ( - -4.418e+02 6 0 WDBNDRY_B 0 1.150e+02 7.108e+00)))))
|    ( - 6.536e+01 1 0))
s>    ( QUESTION2_0_L -1 -2.624e+03 1.691e+02 3.686e+01
s>        ( QUESTION0_12_R 1 -2.521e+03 1.534e+02 3.486e+01
s>            ( - -1.368e+02 1 0)
s>            ( QUESTION12 1 -2.230e+03 1.584e+02 3.086e+01
s>                ( QUESTION0_0_R 1 -1.063e+03 1.355e+02 1.676e+01
s>                    ( - -5.658e+01 1 0)
s>                    ( - -8.708e+02 7 0 QUESTION10 -1 4.893e+01 1.376e+01))
s>                ( QUESTION18 -1 -1.009e+03 1.382e+02 1.411e+01
s>                    ( - -6.031e+01 2 0)
s>                    ( QUESTION0_0_R 1 -8.106e+02 1.009e+02 1.111e+01
s>                        ( QUESTION10 -1 -2.680e+02 3.266e+02 4.000e+00
s>                            ( - 2.440e+02 1 0)
s>                            ( - -1.854e+02 3 0 WDBNDRY_B 0 3.315e+02 3.000e+00))
s>                        ( - -4.418e+02 6 0 WDBNDRY_B 0 1.150e+02 7.108e+00)))))
s>        ( - 6.536e+01 1 0))INFO: dtree.c(1315): Comp split 39
INFO: dtree.c(1478): Final simple tree
|( QUESTION2_0_L -1 -2.541e+03 1.695e+02 3.586e+01
|    ( QUESTION0_12_R 1 -2.437e+03 1.541e+02 3.386e+01
|        ( - -1.368e+02 1 0)
|        ( QUESTION12 1 -2.146e+03 1.570e+02 2.986e+01
|            ( QUESTION0_0_R 1 -1.063e+03 1.355e+02 1.676e+01
|                ( - -5.658e+01 1 0)
|                ( - -8.708e+02 7 0 QUESTION10 -1 4.893e+01 1.376e+01))
|            ( QUESTION18 -1 -9.262e+02 1.356e+02 1.311e+01
|                ( - -6.031e+01 2 0)
|                ( QUESTION0_0_R 1 -7.303e+02 1.032e+02 1.011e+01
|                    ( WDBNDRY_B 0 -1.854e+02 3.315e+02 3.000e+00
|                        ( - 2.289e+02 1 0)
|                        ( - -8.279e+01 2 0))
|                    ( - -4.418e+02 6 0 WDBNDRY_B 0 1.150e+02 7.108e+00)))))
|    ( - 6.536e+01 1 0))
s>    ( QUESTION2_0_L -1 -2.541e+03 1.695e+02 3.586e+01
s>        ( QUESTION0_12_R 1 -2.437e+03 1.541e+02 3.386e+01
s>            ( - -1.368e+02 1 0)
s>            ( QUESTION12 1 -2.146e+03 1.570e+02 2.986e+01
s>                ( QUESTION0_0_R 1 -1.063e+03 1.355e+02 1.676e+01
s>                    ( - -5.658e+01 1 0)
s>                    ( - -8.708e+02 7 0 QUESTION10 -1 4.893e+01 1.376e+01))
s>                ( QUESTION18 -1 -9.262e+02 1.356e+02 1.311e+01
s>                    ( - -6.031e+01 2 0)
s>                    ( QUESTION0_0_R 1 -7.303e+02 1.032e+02 1.011e+01
s>                        ( WDBNDRY_B 0 -1.854e+02 3.315e+02 3.000e+00
s>                            ( - 2.289e+02 1 0)
s>                            ( - -8.279e+01 2 0))
s>                        ( - -4.418e+02 6 0 WDBNDRY_B 0 1.150e+02 7.108e+00)))))
s>        ( - 6.536e+01 1 0))INFO: dtree.c(1315): Comp split 40
INFO: dtree.c(1478): Final simple tree
|( QUESTION2_0_L -1 -2.452e+03 1.686e+02 3.486e+01
|    ( QUESTION0_12_R 1 -2.348e+03 1.549e+02 3.286e+01
|        ( - -1.368e+02 1 0)
|        ( QUESTION12 1 -2.057e+03 1.502e+02 2.886e+01
|            ( QUESTION0_0_R 1 -1.063e+03 1.355e+02 1.676e+01
|                ( - -5.658e+01 1 0)
|                ( - -8.708e+02 7 0 QUESTION10 -1 4.893e+01 1.376e+01))
|            ( QUESTION18 -1 -8.436e+02 1.374e+02 1.211e+01
|                ( - -6.031e+01 2 0)
|                ( QUESTION0_0_R 1 -6.459e+02 1.214e+02 9.108e+00
|                    ( - -8.279e+01 2 0)
|                    ( WDBNDRY_B 0 -4.418e+02 1.150e+02 7.108e+00
|                        ( - -1.655e+02 4 0 QUESTION10 -1 5.785e+01 3.108e+00)
|                        ( - -1.612e+02 2 0))))))
|    ( - 6.536e+01 1 0))
s>    ( QUESTION2_0_L -1 -2.452e+03 1.686e+02 3.486e+01
s>        ( QUESTION0_12_R 1 -2.348e+03 1.549e+02 3.286e+01
s>            ( - -1.368e+02 1 0)
s>            ( QUESTION12 1 -2.057e+03 1.502e+02 2.886e+01
s>                ( QUESTION0_0_R 1 -1.063e+03 1.355e+02 1.676e+01
s>                    ( - -5.658e+01 1 0)
s>                    ( - -8.708e+02 7 0 QUESTION10 -1 4.893e+01 1.376e+01))
s>                ( QUESTION18 -1 -8.436e+02 1.374e+02 1.211e+01
s>                    ( - -6.031e+01 2 0)
s>                    ( QUESTION0_0_R 1 -6.459e+02 1.214e+02 9.108e+00
s>                        ( - -8.279e+01 2 0)
s>                        ( WDBNDRY_B 0 -4.418e+02 1.150e+02 7.108e+00
s>                            ( - -1.655e+02 4 0 QUESTION10 -1 5.785e+01 3.108e+00)
s>                            ( - -1.612e+02 2 0))))))
s>        ( - 6.536e+01 1 0))INFO: dtree.c(1315): Comp split 41
INFO: dtree.c(1439): stop. leaf nodes are specific
INFO: dtree.c(1478): Final simple tree
|( QUESTION11 -1 -2.737e+03 1.494e+02 4.412e+01
|    ( - -1.134e+02 1 0)
|    ( WDBNDRY_B 0 -2.474e+03 2.964e+01 4.112e+01
|        ( - -2.428e+03 4 0)
|        ( - -1.640e+01 2 0)))
s>    ( QUESTION11 -1 -2.737e+03 1.494e+02 4.412e+01
s>        ( - -1.134e+02 1 0)
s>        ( WDBNDRY_B 0 -2.474e+03 2.964e+01 4.112e+01
s>            ( - -2.428e+03 4 0)
s>            ( - -1.640e+01 2 0)))INFO: dtree.c(1315): Comp split 42
INFO: dtree.c(1439): stop. leaf nodes are specific
INFO: dtree.c(1478): Final simple tree
|( QUESTION0_1_R 1 -1.139e+03 1.683e+02 1.911e+01
|    ( - -2.383e+02 1 0)
|    ( SILENCE 1 -7.324e+02 5.965e+01 1.411e+01
|        ( - 3.555e+01 1 0)
|        ( - -7.083e+02 1 0)))
s>    ( QUESTION0_1_R 1 -1.139e+03 1.683e+02 1.911e+01
s>        ( - -2.383e+02 1 0)
s>        ( SILENCE 1 -7.324e+02 5.965e+01 1.411e+01
s>            ( - 3.555e+01 1 0)
s>            ( - -7.083e+02 1 0)))INFO: dtree.c(1315): Comp split 43
INFO: dtree.c(1439): stop. leaf nodes are specific
INFO: dtree.c(1478): Final simple tree
|( QUESTION2_6_L -1 -7.793e+02 1.207e+02 1.422e+01
|    ( - -7.339e+01 1 0)
|    ( QUESTION2_2_L -1 -5.852e+02 1.207e+02 1.122e+01
|        ( - -9.226e+01 2 0)
|        ( QUESTION7 -1 -3.723e+02 5.700e+01 8.108e+00
|            ( - 3.555e+01 1 0)
|            ( - -3.509e+02 2 0))))
s>    ( QUESTION2_6_L -1 -7.793e+02 1.207e+02 1.422e+01
s>        ( - -7.339e+01 1 0)
s>        ( QUESTION2_2_L -1 -5.852e+02 1.207e+02 1.122e+01
s>            ( - -9.226e+01 2 0)
s>            ( QUESTION7 -1 -3.723e+02 5.700e+01 8.108e+00
s>                ( - 3.555e+01 1 0)
s>                ( - -3.509e+02 2 0))))INFO: dtree.c(1315): Comp split 44
INFO: dtree.c(1478): Final simple tree
|( QUESTION0_12_R 1 -2.348e+03 1.549e+02 3.286e+01
|    ( - -1.368e+02 1 0)
|    ( QUESTION12 1 -2.057e+03 1.502e+02 2.886e+01
|        ( QUESTION0_0_R 1 -1.063e+03 1.355e+02 1.676e+01
|            ( - -5.658e+01 1 0)
|            ( - -8.708e+02 7 0 QUESTION10 -1 4.893e+01 1.376e+01))
|        ( QUESTION18 -1 -8.436e+02 1.374e+02 1.211e+01
|            ( - -6.031e+01 2 0)
|            ( QUESTION0_0_R 1 -6.459e+02 1.214e+02 9.108e+00
|                ( - -8.279e+01 2 0)
|                ( WDBNDRY_B 0 -4.418e+02 1.150e+02 7.108e+00
|                    ( QUESTION10 -1 -1.655e+02 5.785e+01 3.108e+00
|                        ( - 3.555e+01 1 0)
|                        ( - -1.432e+02 3 0))
|                    ( - -1.612e+02 2 0))))))
s>    ( QUESTION0_12_R 1 -2.348e+03 1.549e+02 3.286e+01
s>        ( - -1.368e+02 1 0)
s>        ( QUESTION12 1 -2.057e+03 1.502e+02 2.886e+01
s>            ( QUESTION0_0_R 1 -1.063e+03 1.355e+02 1.676e+01
s>                ( - -5.658e+01 1 0)
s>                ( - -8.708e+02 7 0 QUESTION10 -1 4.893e+01 1.376e+01))
s>            ( QUESTION18 -1 -8.436e+02 1.374e+02 1.211e+01
s>                ( - -6.031e+01 2 0)
s>                ( QUESTION0_0_R 1 -6.459e+02 1.214e+02 9.108e+00
s>                    ( - -8.279e+01 2 0)
s>                    ( WDBNDRY_B 0 -4.418e+02 1.150e+02 7.108e+00
s>                        ( QUESTION10 -1 -1.655e+02 5.785e+01 3.108e+00
s>                            ( - 3.555e+01 1 0)
s>                            ( - -1.432e+02 3 0))
s>                        ( - -1.612e+02 2 0))))))INFO: dtree.c(1315): Comp split 45
INFO: dtree.c(1439): stop. leaf nodes are specific
INFO: dtree.c(1478): Final simple tree
|( SILENCE 1 -7.324e+02 5.965e+01 1.411e+01
|    ( - 3.555e+01 1 0)
|    ( - -7.083e+02 1 0))
s>    ( SILENCE 1 -7.324e+02 5.965e+01 1.411e+01
s>        ( - 3.555e+01 1 0)
s>        ( - -7.083e+02 1 0))INFO: dtree.c(1315): Comp split 46
INFO: dtree.c(1478): Final simple tree
|( QUESTION12 1 -2.057e+03 1.502e+02 2.886e+01
|    ( QUESTION0_0_R 1 -1.063e+03 1.355e+02 1.676e+01
|        ( - -5.658e+01 1 0)
|        ( QUESTION10 -1 -8.708e+02 4.893e+01 1.376e+01
|            ( - 3.555e+01 1 0)
|            ( - -8.574e+02 6 0)))
|    ( QUESTION18 -1 -8.436e+02 1.374e+02 1.211e+01
|        ( - -6.031e+01 2 0)
|        ( QUESTION0_0_R 1 -6.459e+02 1.214e+02 9.108e+00
|            ( - -8.279e+01 2 0)
|            ( WDBNDRY_B 0 -4.418e+02 1.150e+02 7.108e+00
|                ( QUESTION10 -1 -1.655e+02 5.785e+01 3.108e+00
|                    ( - 3.555e+01 1 0)
|                    ( - -1.432e+02 3 0))
|                ( - -1.612e+02 2 0)))))
s>    ( QUESTION12 1 -2.057e+03 1.502e+02 2.886e+01
s>        ( QUESTION0_0_R 1 -1.063e+03 1.355e+02 1.676e+01
s>            ( - -5.658e+01 1 0)
s>            ( QUESTION10 -1 -8.708e+02 4.893e+01 1.376e+01
s>                ( - 3.555e+01 1 0)
s>                ( - -8.574e+02 6 0)))
s>        ( QUESTION18 -1 -8.436e+02 1.374e+02 1.211e+01
s>            ( - -6.031e+01 2 0)
s>            ( QUESTION0_0_R 1 -6.459e+02 1.214e+02 9.108e+00
s>                ( - -8.279e+01 2 0)
s>                ( WDBNDRY_B 0 -4.418e+02 1.150e+02 7.108e+00
s>                    ( QUESTION10 -1 -1.655e+02 5.785e+01 3.108e+00
s>                        ( - 3.555e+01 1 0)
s>                        ( - -1.432e+02 3 0))
s>                    ( - -1.612e+02 2 0)))))INFO: dtree.c(1315): Comp split 47
INFO: dtree.c(1439): stop. leaf nodes are specific
INFO: dtree.c(1478): Final simple tree
|( QUESTION0_0_R 1 -8.550e+02 1.218e+02 1.222e+01
|    ( - -8.279e+01 2 0)
|    ( QUESTION18 -1 -6.504e+02 1.182e+02 1.022e+01
|        ( WDBNDRY_B 0 -9.045e+01 6.569e+01 3.108e+00
|            ( - -6.031e+01 2 0)
|            ( - 3.555e+01 1 0))
|        ( WDBNDRY_B 0 -4.418e+02 1.150e+02 7.108e+00
|            ( QUESTION10 -1 -1.655e+02 5.785e+01 3.108e+00
|                ( - 3.555e+01 1 0)
|                ( - -1.432e+02 3 0))
|            ( - -1.612e+02 2 0))))
s>    ( QUESTION0_0_R 1 -8.550e+02 1.218e+02 1.222e+01
s>        ( - -8.279e+01 2 0)
s>        ( QUESTION18 -1 -6.504e+02 1.182e+02 1.022e+01
s>            ( WDBNDRY_B 0 -9.045e+01 6.569e+01 3.108e+00
s>                ( - -6.031e+01 2 0)
s>                ( - 3.555e+01 1 0))
s>            ( WDBNDRY_B 0 -4.418e+02 1.150e+02 7.108e+00
s>                ( QUESTION10 -1 -1.655e+02 5.785e+01 3.108e+00
s>                    ( - 3.555e+01 1 0)
s>                    ( - -1.432e+02 3 0))
s>                ( - -1.612e+02 2 0))))INFO: dtree.c(1439): stop. leaf nodes are specific
INFO: dtree.c(1478): Final simple tree
|( QUESTION0_0_R 1 -1.049e+03 1.355e+02 1.665e+01
|    ( - -5.658e+01 1 0)
|    ( - -8.574e+02 6 0))
s>    ( QUESTION0_0_R 1 -1.049e+03 1.355e+02 1.665e+01
s>        ( - -5.658e+01 1 0)
s>        ( - -8.574e+02 6 0))INFO: dtree.c(1315): Comp split 48
INFO: dtree.c(1315): Comp split 49
INFO: dtree.c(1439): stop. leaf nodes are specific
INFO: dtree.c(1478): Final simple tree
|( WDBNDRY_B 0 -2.474e+03 2.964e+01 4.112e+01
|    ( - -2.428e+03 4 0)
|    ( - -1.640e+01 2 0))
s>    ( WDBNDRY_B 0 -2.474e+03 2.964e+01 4.112e+01
s>        ( - -2.428e+03 4 0)
s>        ( - -1.640e+01 2 0))INFO: dtree.c(1315): Comp split 50
INFO: dtree.c(1439): stop. leaf nodes are specific
INFO: dtree.c(1478): Final simple tree
|( WDBNDRY_B 0 -1.661e+03 8.663e+01 2.511e+01
|    ( - -1.411e+03 6 0)
|    ( - -1.635e+02 3 0))
s>    ( WDBNDRY_B 0 -1.661e+03 8.663e+01 2.511e+01
s>        ( - -1.411e+03 6 0)
s>        ( - -1.635e+02 3 0))INFO: dtree.c(1439): stop. leaf nodes are specific
INFO: dtree.c(1478): Final simple tree
|( QUESTION2_0_L -1 -3.420e+03 1.287e+02 5.367e+01
|    ( WDBNDRY_B 0 -3.108e+03 1.228e+02 4.967e+01
|        ( - -7.614e+01 2 0)
|        ( - -2.909e+03 7 0))
|    ( - -1.830e+02 2 0))
s>    ( QUESTION2_0_L -1 -3.420e+03 1.287e+02 5.367e+01
s>        ( WDBNDRY_B 0 -3.108e+03 1.228e+02 4.967e+01
s>            ( - -7.614e+01 2 0)
s>            ( - -2.909e+03 7 0))
s>        ( - -1.830e+02 2 0))INFO: dtree.c(1315): Comp split 51
INFO: dtree.c(1439): stop. leaf nodes are specific
INFO: dtree.c(1478): Final simple tree
|( QUESTION0_0_R 1 -6.583e+02 1.193e+02 9.217e+00
|    ( - -8.279e+01 2 0)
|    ( WDBNDRY_B 0 -4.562e+02 1.052e+02 7.217e+00
|        ( QUESTION10 -1 -1.655e+02 5.785e+01 3.108e+00
|            ( - 3.555e+01 1 0)
|            ( - -1.432e+02 3 0))
|        ( QUESTION0 1 -1.855e+02 5.988e+01 4.108e+00
|            ( - -1.612e+02 2 0)
|            ( - 3.555e+01 1 0))))
s>    ( QUESTION0_0_R 1 -6.583e+02 1.193e+02 9.217e+00
s>        ( - -8.279e+01 2 0)
s>        ( WDBNDRY_B 0 -4.562e+02 1.052e+02 7.217e+00
s>            ( QUESTION10 -1 -1.655e+02 5.785e+01 3.108e+00
s>                ( - 3.555e+01 1 0)
s>                ( - -1.432e+02 3 0))
s>            ( QUESTION0 1 -1.855e+02 5.988e+01 4.108e+00
s>                ( - -1.612e+02 2 0)
s>                ( - 3.555e+01 1 0))))INFO: dtree.c(1315): Comp split 52
INFO: dtree.c(1315): Comp split 53
INFO: dtree.c(1439): stop. leaf nodes are specific
INFO: dtree.c(1478): Final simple tree
|( WDBNDRY_B 0 -3.108e+03 1.228e+02 4.967e+01
|    ( - -7.614e+01 2 0)
|    ( - -2.909e+03 7 0))
s>    ( WDBNDRY_B 0 -3.108e+03 1.228e+02 4.967e+01
s>        ( - -7.614e+01 2 0)
s>        ( - -2.909e+03 7 0))INFO: dtree.c(1315): Comp split 54
INFO: dtree.c(1315): Comp split 55
INFO: dtree.c(1439): stop. leaf nodes are specific
INFO: dtree.c(1478): Final simple tree
|( QUESTION2_2_L -1 -5.852e+02 1.207e+02 1.122e+01
|    ( - -9.226e+01 2 0)
|    ( QUESTION7 -1 -3.723e+02 5.700e+01 8.108e+00
|        ( - 3.555e+01 1 0)
|        ( - -3.509e+02 2 0)))
s>    ( QUESTION2_2_L -1 -5.852e+02 1.207e+02 1.122e+01
s>        ( - -9.226e+01 2 0)
s>        ( QUESTION7 -1 -3.723e+02 5.700e+01 8.108e+00
s>            ( - 3.555e+01 1 0)
s>            ( - -3.509e+02 2 0)))INFO: dtree.c(1315): Comp split 56
INFO: dtree.c(1439): stop. leaf nodes are specific
INFO: dtree.c(1478): Final simple tree
|( QUESTION7 -1 -3.723e+02 5.700e+01 8.108e+00
|    ( - 3.555e+01 1 0)
|    ( - -3.509e+02 2 0))
s>    ( QUESTION7 -1 -3.723e+02 5.700e+01 8.108e+00
s>        ( - 3.555e+01 1 0)
s>        ( - -3.509e+02 2 0))INFO: dtree.c(1315): Comp split 57
INFO: dtree.c(1439): stop. leaf nodes are specific
INFO: dtree.c(1478): Final simple tree
|( QUESTION0_0_R 1 -3.765e+02 1.116e+02 5.217e+00
|    ( - -8.279e+01 2 0)
|    ( QUESTION13 -1 -1.820e+02 5.474e+01 3.217e+00
|        ( - 3.555e+01 1 0)
|        ( WDBNDRY_B 0 -1.628e+02 5.516e+01 3.108e+00
|            ( - -1.432e+02 3 0)
|            ( - 3.555e+01 1 0))))
s>    ( QUESTION0_0_R 1 -3.765e+02 1.116e+02 5.217e+00
s>        ( - -8.279e+01 2 0)
s>        ( QUESTION13 -1 -1.820e+02 5.474e+01 3.217e+00
s>            ( - 3.555e+01 1 0)
s>            ( WDBNDRY_B 0 -1.628e+02 5.516e+01 3.108e+00
s>                ( - -1.432e+02 3 0)
s>                ( - 3.555e+01 1 0))))INFO: dtree.c(1315): Comp split 58
INFO: dtree.c(1439): stop. leaf nodes are specific
INFO: dtree.c(1478): Final simple tree
|( QUESTION13 -1 -1.820e+02 5.474e+01 3.217e+00
|    ( - 3.555e+01 1 0)
|    ( WDBNDRY_B 0 -1.628e+02 5.516e+01 3.108e+00
|        ( - -1.432e+02 3 0)
|        ( - 3.555e+01 1 0)))
s>    ( QUESTION13 -1 -1.820e+02 5.474e+01 3.217e+00
s>        ( - 3.555e+01 1 0)
s>        ( WDBNDRY_B 0 -1.628e+02 5.516e+01 3.108e+00
s>            ( - -1.432e+02 3 0)
s>            ( - 3.555e+01 1 0)))INFO: dtree.c(1315): Comp split 59
INFO: dtree.c(1315): Comp split 60
INFO: dtree.c(1315): Comp split 61
INFO: dtree.c(1315): Comp split 62
INFO: dtree.c(1439): stop. leaf nodes are specific
INFO: dtree.c(1478): Final simple tree
|( WDBNDRY_B 0 -1.628e+02 5.516e+01 3.108e+00
|    ( - -1.432e+02 3 0)
|    ( - 3.555e+01 1 0))
s>    ( WDBNDRY_B 0 -1.628e+02 5.516e+01 3.108e+00
s>        ( - -1.432e+02 3 0)
s>        ( - 3.555e+01 1 0))INFO: dtree.c(1315): Comp split 63
INFO: dtree.c(1315): Comp split 64
INFO: dtree.c(1315): Comp split 65
INFO: dtree.c(1318): stop. leaf nodes are specific
!!!!!!!!Allocated 66 lines
Fri Apr  8 23:08:47 2016
