Current configuration:
[NAME]		[DEFLT]	[VALUE]
-allphones	no	no
-cntthresh	0.00001	1.000000e-05
-csplitmax	100	2000
-csplitmin	1	1
-csplitthr	8e-4	0.000000e+00
-example	no	no
-fullvar	no	no
-help		no	no
-meanfn			/home/yaroslav/model/model_parameters/ua.cd_cont_untied/means
-mixwfn			/home/yaroslav/model/model_parameters/ua.cd_cont_untied/mixture_weights
-moddeffn		/home/yaroslav/model/model_architecture/ua.untied.mdef
-mwfloor	1e-4	1.000000e-08
-phone			D
-psetfn			/home/yaroslav/model/model_architecture/ua.tree_questions
-ssplitmax	5	7
-ssplitmin	1	1
-ssplitthr	8e-4	0.000000e+00
-state			2
-stwt			1.0,0.05,0.0,
-treefn			/home/yaroslav/model/trees/ua.unpruned/D-2.dtree
-ts2cbfn	.semi.	.cont.
-varfloor	0.00001	1.000000e-05
-varfn			/home/yaroslav/model/model_parameters/ua.cd_cont_untied/variances

INFO: main.c(223): Reading: /home/yaroslav/model/model_architecture/ua.untied.mdef
INFO: model_def_io.c(573): Model definition info:
INFO: model_def_io.c(574): 8408 total models defined (50 base, 8358 tri)
INFO: model_def_io.c(575): 33632 total states
INFO: model_def_io.c(576): 25224 total tied states
INFO: model_def_io.c(577): 150 total tied CI states
INFO: model_def_io.c(578): 50 total tied transition matrices
INFO: model_def_io.c(579): 4 max state/model
INFO: model_def_io.c(580): 4 min state/model
INFO: main.c(242): Building trees for [D A A b] through [D ZH Y i]
INFO: main.c(269): Covering states |[3636 4430]| == 795
INFO: main.c(275): Reading: /home/yaroslav/model/model_parameters/ua.cd_cont_untied/mixture_weights
INFO: s3mixw_io.c(173): Read /home/yaroslav/model/model_parameters/ua.cd_cont_untied/mixture_weights [795x1x1 array]
INFO: main.c(311): 263 of 265 models have observation count greater than 0.000010
INFO: main.c(95): nrm stwt: 0.000 0.048 0.952 
INFO: s3gau_io.c(169): Read /home/yaroslav/model/model_parameters/ua.cd_cont_untied/means [25224x1x1 array]
INFO: s3gau_io.c(169): Read /home/yaroslav/model/model_parameters/ua.cd_cont_untied/variances [25224x1x1 array]
INFO: main.c(549): Reading: /home/yaroslav/model/model_architecture/ua.tree_questions
INFO: main.c(588): 174 total simple questions (166 phone; 8 word bndry)
INFO: main.c(590): 42 Left Only questions, and 40 Right Only questions
INFO: dtree.c(1478): Final simple tree
|( QUESTION0_0_R 1 -6.898e+05 2.800e+03 3.312e+03
|    ( WDBNDRY_I 0 -4.782e+05 7.293e+02 2.308e+03
|        ( - -3.067e+05 52 0 QUESTION0 -1 3.169e+02 1.485e+03)
|        ( - -1.707e+05 75 0 QUESTION1 -1 3.260e+02 8.234e+02))
|    ( QUESTION0_9_R 1 -2.088e+05 1.060e+03 1.004e+03
|        ( - -5.408e+04 45 0 QUESTION2 -1 2.616e+02 2.636e+02)
|        ( QUESTION0_8_R 1 -1.536e+05 9.108e+02 7.402e+02
|            ( QUESTION12 -1 -5.467e+04 4.673e+02 2.655e+02
|                ( - 2.179e+02 1 0)
|                ( - -5.442e+04 23 0 QUESTION0 -1 3.092e+02 2.645e+02))
|            ( QUESTION0_5_R 1 -9.807e+04 6.719e+02 4.747e+02
|                ( - -2.399e+04 5 0 QUESTION11 -1 4.427e+02 1.208e+02)
|                ( QUESTION0_16_R 1 -7.340e+04 4.492e+02 3.539e+02
|                    ( - -2.517e+04 13 0 QUESTION0 -1 2.866e+02 1.218e+02)
|                    ( - -4.778e+04 49 0 QUESTION2 1 3.784e+02 2.320e+02))))))
s>    ( QUESTION0_0_R 1 -6.898e+05 2.800e+03 3.312e+03
s>        ( WDBNDRY_I 0 -4.782e+05 7.293e+02 2.308e+03
s>            ( - -3.067e+05 52 0 QUESTION0 -1 3.169e+02 1.485e+03)
s>            ( - -1.707e+05 75 0 QUESTION1 -1 3.260e+02 8.234e+02))
s>        ( QUESTION0_9_R 1 -2.088e+05 1.060e+03 1.004e+03
s>            ( - -5.408e+04 45 0 QUESTION2 -1 2.616e+02 2.636e+02)
s>            ( QUESTION0_8_R 1 -1.536e+05 9.108e+02 7.402e+02
s>                ( QUESTION12 -1 -5.467e+04 4.673e+02 2.655e+02
s>                    ( - 2.179e+02 1 0)
s>                    ( - -5.442e+04 23 0 QUESTION0 -1 3.092e+02 2.645e+02))
s>                ( QUESTION0_5_R 1 -9.807e+04 6.719e+02 4.747e+02
s>                    ( - -2.399e+04 5 0 QUESTION11 -1 4.427e+02 1.208e+02)
s>                    ( QUESTION0_16_R 1 -7.340e+04 4.492e+02 3.539e+02
s>                        ( - -2.517e+04 13 0 QUESTION0 -1 2.866e+02 1.218e+02)
s>                        ( - -4.778e+04 49 0 QUESTION2 1 3.784e+02 2.320e+02))))))INFO: dtree.c(1315): Comp split 0
INFO: dtree.c(1478): Final simple tree
|( QUESTION0_8_R 1 -1.534e+05 9.033e+02 7.392e+02
|    ( QUESTION0 -1 -5.442e+04 3.092e+02 2.645e+02
|        ( - -3.582e+04 14 0 WDBNDRY_B 0 2.182e+02 1.755e+02)
|        ( - -1.829e+04 9 0 QUESTION2 -1 2.632e+02 8.898e+01))
|    ( QUESTION0_5_R 1 -9.807e+04 6.719e+02 4.747e+02
|        ( QUESTION11 -1 -2.399e+04 4.427e+02 1.208e+02
|            ( - 2.418e+02 1 0)
|            ( - -2.379e+04 4 0 QUESTION0 -1 1.608e+02 1.198e+02))
|        ( QUESTION0_16_R 1 -7.340e+04 4.492e+02 3.539e+02
|            ( QUESTION0 -1 -2.517e+04 2.866e+02 1.218e+02
|                ( - -8.764e+03 10 0 QUESTION0_19_R 1 1.418e+02 4.325e+01)
|                ( - -1.612e+04 3 0 WDBNDRY_E 0 1.963e+02 7.858e+01))
|            ( QUESTION2 1 -4.778e+04 3.784e+02 2.320e+02
|                ( - -2.679e+04 22 0 QUESTION2 -1 2.714e+02 1.300e+02)
|                ( - -2.061e+04 27 0 QUESTION19 1 1.794e+02 1.021e+02)))))
s>    ( QUESTION0_8_R 1 -1.534e+05 9.033e+02 7.392e+02
s>        ( QUESTION0 -1 -5.442e+04 3.092e+02 2.645e+02
s>            ( - -3.582e+04 14 0 WDBNDRY_B 0 2.182e+02 1.755e+02)
s>            ( - -1.829e+04 9 0 QUESTION2 -1 2.632e+02 8.898e+01))
s>        ( QUESTION0_5_R 1 -9.807e+04 6.719e+02 4.747e+02
s>            ( QUESTION11 -1 -2.399e+04 4.427e+02 1.208e+02
s>                ( - 2.418e+02 1 0)
s>                ( - -2.379e+04 4 0 QUESTION0 -1 1.608e+02 1.198e+02))
s>            ( QUESTION0_16_R 1 -7.340e+04 4.492e+02 3.539e+02
s>                ( QUESTION0 -1 -2.517e+04 2.866e+02 1.218e+02
s>                    ( - -8.764e+03 10 0 QUESTION0_19_R 1 1.418e+02 4.325e+01)
s>                    ( - -1.612e+04 3 0 WDBNDRY_E 0 1.963e+02 7.858e+01))
s>                ( QUESTION2 1 -4.778e+04 3.784e+02 2.320e+02
s>                    ( - -2.679e+04 22 0 QUESTION2 -1 2.714e+02 1.300e+02)
s>                    ( - -2.061e+04 27 0 QUESTION19 1 1.794e+02 1.021e+02)))))INFO: dtree.c(1478): Final simple tree
|( WDBNDRY_I 0 -5.331e+05 8.070e+02 2.573e+03
|    ( QUESTION2 -1 -3.308e+05 3.795e+02 1.601e+03
|        ( QUESTION3 -1 -8.658e+04 2.693e+02 4.210e+02
|            ( - -1.055e+04 2 0)
|            ( - -7.576e+04 20 0 QUESTION0_0_R 1 1.936e+02 3.688e+02))
|        ( QUESTION19 -1 -2.439e+05 2.789e+02 1.180e+03
|            ( - -2.692e+04 6 0 QUESTION2_0_L -1 2.434e+02 1.320e+02)
|            ( - -2.167e+05 36 0 QUESTION0_0_R 1 2.413e+02 1.048e+03)))
|    ( QUESTION0_10_R 1 -2.014e+05 4.754e+02 9.723e+02
|        ( - 2.179e+02 1 0)
|        ( QUESTION0_0_R 1 -2.012e+05 3.967e+02 9.713e+02
|            ( QUESTION1 -1 -1.707e+05 3.260e+02 8.234e+02
|                ( - -6.449e+04 46 0 QUESTION19 -1 1.549e+02 3.119e+02)
|                ( - -1.059e+05 29 0 WDBNDRY_B 0 1.587e+02 5.115e+02))
|            ( - -3.004e+04 33 0 QUESTION0 1 1.917e+02 1.479e+02))))
s>    ( WDBNDRY_I 0 -5.331e+05 8.070e+02 2.573e+03
s>        ( QUESTION2 -1 -3.308e+05 3.795e+02 1.601e+03
s>            ( QUESTION3 -1 -8.658e+04 2.693e+02 4.210e+02
s>                ( - -1.055e+04 2 0)
s>                ( - -7.576e+04 20 0 QUESTION0_0_R 1 1.936e+02 3.688e+02))
s>            ( QUESTION19 -1 -2.439e+05 2.789e+02 1.180e+03
s>                ( - -2.692e+04 6 0 QUESTION2_0_L -1 2.434e+02 1.320e+02)
s>                ( - -2.167e+05 36 0 QUESTION0_0_R 1 2.413e+02 1.048e+03)))
s>        ( QUESTION0_10_R 1 -2.014e+05 4.754e+02 9.723e+02
s>            ( - 2.179e+02 1 0)
s>            ( QUESTION0_0_R 1 -2.012e+05 3.967e+02 9.713e+02
s>                ( QUESTION1 -1 -1.707e+05 3.260e+02 8.234e+02
s>                    ( - -6.449e+04 46 0 QUESTION19 -1 1.549e+02 3.119e+02)
s>                    ( - -1.059e+05 29 0 WDBNDRY_B 0 1.587e+02 5.115e+02))
s>                ( - -3.004e+04 33 0 QUESTION0 1 1.917e+02 1.479e+02))))INFO: dtree.c(1315): Comp split 1
INFO: dtree.c(1478): Final simple tree
|( QUESTION0_5_R 1 -9.807e+04 6.719e+02 4.747e+02
|    ( QUESTION11 -1 -2.399e+04 4.427e+02 1.208e+02
|        ( - 2.418e+02 1 0)
|        ( - -2.379e+04 4 0 QUESTION0 -1 1.608e+02 1.198e+02))
|    ( QUESTION0_16_R 1 -7.340e+04 4.492e+02 3.539e+02
|        ( QUESTION0 -1 -2.517e+04 2.866e+02 1.218e+02
|            ( - -8.764e+03 10 0 QUESTION0_19_R 1 1.418e+02 4.325e+01)
|            ( WDBNDRY_E 0 -1.612e+04 1.963e+02 7.858e+01
|                ( - -6.188e+03 1 0)
|                ( - -9.740e+03 2 0 QUESTION0_17_R 1 1.393e+02 4.758e+01)))
|        ( QUESTION2 1 -4.778e+04 3.784e+02 2.320e+02
|            ( QUESTION2 -1 -2.679e+04 2.714e+02 1.300e+02
|                ( - -1.477e+04 10 0 WDBNDRY_I 0 1.861e+02 7.273e+01)
|                ( - -1.175e+04 12 0 WDBNDRY_I 0 1.729e+02 5.725e+01))
|            ( - -2.061e+04 27 0 QUESTION19 1 1.794e+02 1.021e+02))))
s>    ( QUESTION0_5_R 1 -9.807e+04 6.719e+02 4.747e+02
s>        ( QUESTION11 -1 -2.399e+04 4.427e+02 1.208e+02
s>            ( - 2.418e+02 1 0)
s>            ( - -2.379e+04 4 0 QUESTION0 -1 1.608e+02 1.198e+02))
s>        ( QUESTION0_16_R 1 -7.340e+04 4.492e+02 3.539e+02
s>            ( QUESTION0 -1 -2.517e+04 2.866e+02 1.218e+02
s>                ( - -8.764e+03 10 0 QUESTION0_19_R 1 1.418e+02 4.325e+01)
s>                ( WDBNDRY_E 0 -1.612e+04 1.963e+02 7.858e+01
s>                    ( - -6.188e+03 1 0)
s>                    ( - -9.740e+03 2 0 QUESTION0_17_R 1 1.393e+02 4.758e+01)))
s>            ( QUESTION2 1 -4.778e+04 3.784e+02 2.320e+02
s>                ( QUESTION2 -1 -2.679e+04 2.714e+02 1.300e+02
s>                    ( - -1.477e+04 10 0 WDBNDRY_I 0 1.861e+02 7.273e+01)
s>                    ( - -1.175e+04 12 0 WDBNDRY_I 0 1.729e+02 5.725e+01))
s>                ( - -2.061e+04 27 0 QUESTION19 1 1.794e+02 1.021e+02))))INFO: dtree.c(1478): Final simple tree
|( QUESTION0 -1 -5.442e+04 3.092e+02 2.645e+02
|    ( WDBNDRY_B 0 -3.582e+04 2.182e+02 1.755e+02
|        ( - -1.978e+03 3 0)
|        ( QUESTION0_11_R 1 -3.363e+04 1.224e+02 1.645e+02
|            ( - -3.303e+04 10 0 WDBNDRY_E 0 9.355e+01 1.615e+02)
|            ( - -4.774e+02 1 0)))
|    ( QUESTION2 -1 -1.829e+04 2.632e+02 8.898e+01
|        ( QUESTION0_11_R 1 -1.415e+04 2.031e+02 6.987e+01
|            ( WDBNDRY_B 0 -1.041e+04 1.450e+02 5.186e+01
|                ( - -2.593e+02 2 0)
|                ( - -1.000e+04 4 0 WDBNDRY_E 0 8.704e+01 4.986e+01))
|            ( WDBNDRY_E 0 -3.543e+03 1.033e+02 1.801e+01
|                ( - -2.509e+03 1 0)
|                ( - -9.303e+02 1 0)))
|        ( - -3.876e+03 1 0)))
s>    ( QUESTION0 -1 -5.442e+04 3.092e+02 2.645e+02
s>        ( WDBNDRY_B 0 -3.582e+04 2.182e+02 1.755e+02
s>            ( - -1.978e+03 3 0)
s>            ( QUESTION0_11_R 1 -3.363e+04 1.224e+02 1.645e+02
s>                ( - -3.303e+04 10 0 WDBNDRY_E 0 9.355e+01 1.615e+02)
s>                ( - -4.774e+02 1 0)))
s>        ( QUESTION2 -1 -1.829e+04 2.632e+02 8.898e+01
s>            ( QUESTION0_11_R 1 -1.415e+04 2.031e+02 6.987e+01
s>                ( WDBNDRY_B 0 -1.041e+04 1.450e+02 5.186e+01
s>                    ( - -2.593e+02 2 0)
s>                    ( - -1.000e+04 4 0 WDBNDRY_E 0 8.704e+01 4.986e+01))
s>                ( WDBNDRY_E 0 -3.543e+03 1.033e+02 1.801e+01
s>                    ( - -2.509e+03 1 0)
s>                    ( - -9.303e+02 1 0)))
s>            ( - -3.876e+03 1 0)))INFO: dtree.c(1315): Comp split 2
INFO: dtree.c(1478): Final simple tree
|( QUESTION0_0_R 1 -2.012e+05 3.967e+02 9.713e+02
|    ( QUESTION1 -1 -1.707e+05 3.260e+02 8.234e+02
|        ( - -6.449e+04 46 0 QUESTION19 -1 1.549e+02 3.119e+02)
|        ( WDBNDRY_B 0 -1.059e+05 1.587e+02 5.115e+02
|            ( - -1.055e+05 28 0 SILENCE -1 1.478e+02 5.095e+02)
|            ( - -2.578e+02 1 0)))
|    ( QUESTION0 1 -3.004e+04 1.917e+02 1.479e+02
|        ( QUESTION2_11_L -1 -1.370e+04 4.416e+02 6.801e+01
|            ( - 2.423e+02 1 0)
|            ( QUESTION2_9_L -1 -1.350e+04 1.597e+02 6.701e+01
|                ( - -5.072e+02 1 0)
|                ( QUESTION19 -1 -1.283e+04 4.568e+02 6.401e+01
|                    ( - 2.177e+02 1 0)
|                    ( - -1.259e+04 13 0 QUESTION2 -1 1.220e+02 6.301e+01))))
|        ( - -1.615e+04 17 0 QUESTION2_5_L -1 1.263e+02 7.993e+01)))
s>    ( QUESTION0_0_R 1 -2.012e+05 3.967e+02 9.713e+02
s>        ( QUESTION1 -1 -1.707e+05 3.260e+02 8.234e+02
s>            ( - -6.449e+04 46 0 QUESTION19 -1 1.549e+02 3.119e+02)
s>            ( WDBNDRY_B 0 -1.059e+05 1.587e+02 5.115e+02
s>                ( - -1.055e+05 28 0 SILENCE -1 1.478e+02 5.095e+02)
s>                ( - -2.578e+02 1 0)))
s>        ( QUESTION0 1 -3.004e+04 1.917e+02 1.479e+02
s>            ( QUESTION2_11_L -1 -1.370e+04 4.416e+02 6.801e+01
s>                ( - 2.423e+02 1 0)
s>                ( QUESTION2_9_L -1 -1.350e+04 1.597e+02 6.701e+01
s>                    ( - -5.072e+02 1 0)
s>                    ( QUESTION19 -1 -1.283e+04 4.568e+02 6.401e+01
s>                        ( - 2.177e+02 1 0)
s>                        ( - -1.259e+04 13 0 QUESTION2 -1 1.220e+02 6.301e+01))))
s>            ( - -1.615e+04 17 0 QUESTION2_5_L -1 1.263e+02 7.993e+01)))INFO: dtree.c(1478): Final simple tree
|( WDBNDRY_B 0 -3.311e+05 4.750e+02 1.602e+03
|    ( - 2.179e+02 1 0)
|    ( QUESTION2 -1 -3.308e+05 3.795e+02 1.601e+03
|        ( QUESTION3 -1 -8.658e+04 2.693e+02 4.210e+02
|            ( - -1.055e+04 2 0)
|            ( - -7.576e+04 20 0 QUESTION0_0_R 1 1.936e+02 3.688e+02))
|        ( QUESTION19 -1 -2.439e+05 2.789e+02 1.180e+03
|            ( QUESTION2_0_L -1 -2.692e+04 2.434e+02 1.320e+02
|                ( QUESTION0_0_R 1 -2.443e+04 2.027e+02 1.200e+02
|                    ( - -2.167e+04 3 0)
|                    ( - -2.562e+03 1 0))
|                ( - -2.239e+03 2 0))
|            ( QUESTION0_0_R 1 -2.167e+05 2.413e+02 1.048e+03
|                ( - -2.094e+05 30 0 QUESTION0 -1 1.375e+02 1.014e+03)
|                ( - -7.059e+03 6 0 QUESTION0 1 1.903e+02 3.400e+01)))))
s>    ( WDBNDRY_B 0 -3.311e+05 4.750e+02 1.602e+03
s>        ( - 2.179e+02 1 0)
s>        ( QUESTION2 -1 -3.308e+05 3.795e+02 1.601e+03
s>            ( QUESTION3 -1 -8.658e+04 2.693e+02 4.210e+02
s>                ( - -1.055e+04 2 0)
s>                ( - -7.576e+04 20 0 QUESTION0_0_R 1 1.936e+02 3.688e+02))
s>            ( QUESTION19 -1 -2.439e+05 2.789e+02 1.180e+03
s>                ( QUESTION2_0_L -1 -2.692e+04 2.434e+02 1.320e+02
s>                    ( QUESTION0_0_R 1 -2.443e+04 2.027e+02 1.200e+02
s>                        ( - -2.167e+04 3 0)
s>                        ( - -2.562e+03 1 0))
s>                    ( - -2.239e+03 2 0))
s>                ( QUESTION0_0_R 1 -2.167e+05 2.413e+02 1.048e+03
s>                    ( - -2.094e+05 30 0 QUESTION0 -1 1.375e+02 1.014e+03)
s>                    ( - -7.059e+03 6 0 QUESTION0 1 1.903e+02 3.400e+01)))))INFO: dtree.c(1315): Comp split 3
INFO: dtree.c(1478): Final simple tree
|( QUESTION0_16_R 1 -7.340e+04 4.492e+02 3.539e+02
|    ( QUESTION0 -1 -2.517e+04 2.866e+02 1.218e+02
|        ( - -8.764e+03 10 0 QUESTION0_19_R 1 1.418e+02 4.325e+01)
|        ( WDBNDRY_E 0 -1.612e+04 1.963e+02 7.858e+01
|            ( - -6.188e+03 1 0)
|            ( - -9.740e+03 2 0 QUESTION0_17_R 1 1.393e+02 4.758e+01)))
|    ( QUESTION2 1 -4.778e+04 3.784e+02 2.320e+02
|        ( QUESTION2 -1 -2.679e+04 2.714e+02 1.300e+02
|            ( WDBNDRY_I 0 -1.477e+04 1.861e+02 7.273e+01
|                ( - -6.308e+02 2 0)
|                ( - -1.395e+04 8 0 WDBNDRY_B 0 1.207e+02 6.873e+01))
|            ( - -1.175e+04 12 0 WDBNDRY_I 0 1.729e+02 5.725e+01))
|        ( QUESTION19 1 -2.061e+04 1.794e+02 1.021e+02
|            ( - -4.494e+03 7 0 QUESTION0_13_R 1 1.354e+02 2.200e+01)
|            ( - -1.594e+04 20 0 SILENCE 1 1.590e+02 8.007e+01))))
s>    ( QUESTION0_16_R 1 -7.340e+04 4.492e+02 3.539e+02
s>        ( QUESTION0 -1 -2.517e+04 2.866e+02 1.218e+02
s>            ( - -8.764e+03 10 0 QUESTION0_19_R 1 1.418e+02 4.325e+01)
s>            ( WDBNDRY_E 0 -1.612e+04 1.963e+02 7.858e+01
s>                ( - -6.188e+03 1 0)
s>                ( - -9.740e+03 2 0 QUESTION0_17_R 1 1.393e+02 4.758e+01)))
s>        ( QUESTION2 1 -4.778e+04 3.784e+02 2.320e+02
s>            ( QUESTION2 -1 -2.679e+04 2.714e+02 1.300e+02
s>                ( WDBNDRY_I 0 -1.477e+04 1.861e+02 7.273e+01
s>                    ( - -6.308e+02 2 0)
s>                    ( - -1.395e+04 8 0 WDBNDRY_B 0 1.207e+02 6.873e+01))
s>                ( - -1.175e+04 12 0 WDBNDRY_I 0 1.729e+02 5.725e+01))
s>            ( QUESTION19 1 -2.061e+04 1.794e+02 1.021e+02
s>                ( - -4.494e+03 7 0 QUESTION0_13_R 1 1.354e+02 2.200e+01)
s>                ( - -1.594e+04 20 0 SILENCE 1 1.590e+02 8.007e+01))))INFO: dtree.c(1439): stop. leaf nodes are specific
INFO: dtree.c(1478): Final simple tree
|( QUESTION11 -1 -2.399e+04 4.427e+02 1.208e+02
|    ( - 2.418e+02 1 0)
|    ( QUESTION0 -1 -2.379e+04 1.608e+02 1.198e+02
|        ( - -1.025e+04 2 0)
|        ( WDBNDRY_E 0 -1.339e+04 1.353e+02 6.820e+01
|            ( - -8.978e+02 1 0)
|            ( - -1.235e+04 1 0))))
s>    ( QUESTION11 -1 -2.399e+04 4.427e+02 1.208e+02
s>        ( - 2.418e+02 1 0)
s>        ( QUESTION0 -1 -2.379e+04 1.608e+02 1.198e+02
s>            ( - -1.025e+04 2 0)
s>            ( WDBNDRY_E 0 -1.339e+04 1.353e+02 6.820e+01
s>                ( - -8.978e+02 1 0)
s>                ( - -1.235e+04 1 0))))INFO: dtree.c(1315): Comp split 4
INFO: dtree.c(1439): stop. leaf nodes are specific
INFO: dtree.c(1478): Final simple tree
|( WDBNDRY_E 0 -1.612e+04 1.963e+02 7.858e+01
|    ( - -6.188e+03 1 0)
|    ( QUESTION0_17_R 1 -9.740e+03 1.393e+02 4.758e+01
|        ( - -2.805e+03 1 0)
|        ( - -6.796e+03 1 0)))
s>    ( WDBNDRY_E 0 -1.612e+04 1.963e+02 7.858e+01
s>        ( - -6.188e+03 1 0)
s>        ( QUESTION0_17_R 1 -9.740e+03 1.393e+02 4.758e+01
s>            ( - -2.805e+03 1 0)
s>            ( - -6.796e+03 1 0)))INFO: dtree.c(1478): Final simple tree
|( QUESTION2 1 -5.679e+04 3.976e+02 2.753e+02
|    ( QUESTION2 -1 -3.578e+04 3.263e+02 1.732e+02
|        ( WDBNDRY_I 0 -1.477e+04 1.861e+02 7.273e+01
|            ( - -6.308e+02 2 0)
|            ( - -1.395e+04 8 0 WDBNDRY_B 0 1.207e+02 6.873e+01))
|        ( QUESTION7 1 -2.068e+04 1.846e+02 1.005e+02
|            ( WDBNDRY_E 0 -7.905e+03 4.551e+02 3.925e+01
|                ( - 2.411e+02 1 0)
|                ( - -7.691e+03 6 0 QUESTION0_17_R 1 1.473e+02 3.825e+01))
|            ( QUESTION2_11_L -1 -1.259e+04 1.723e+02 6.125e+01
|                ( - -2.149e+02 1 0)
|                ( - -1.220e+04 14 0 QUESTION12 -1 1.674e+02 5.925e+01))))
|    ( QUESTION19 1 -2.061e+04 1.794e+02 1.021e+02
|        ( - -4.494e+03 7 0 QUESTION0_13_R 1 1.354e+02 2.200e+01)
|        ( - -1.594e+04 20 0 SILENCE 1 1.590e+02 8.007e+01)))
s>    ( QUESTION2 1 -5.679e+04 3.976e+02 2.753e+02
s>        ( QUESTION2 -1 -3.578e+04 3.263e+02 1.732e+02
s>            ( WDBNDRY_I 0 -1.477e+04 1.861e+02 7.273e+01
s>                ( - -6.308e+02 2 0)
s>                ( - -1.395e+04 8 0 WDBNDRY_B 0 1.207e+02 6.873e+01))
s>            ( QUESTION7 1 -2.068e+04 1.846e+02 1.005e+02
s>                ( WDBNDRY_E 0 -7.905e+03 4.551e+02 3.925e+01
s>                    ( - 2.411e+02 1 0)
s>                    ( - -7.691e+03 6 0 QUESTION0_17_R 1 1.473e+02 3.825e+01))
s>                ( QUESTION2_11_L -1 -1.259e+04 1.723e+02 6.125e+01
s>                    ( - -2.149e+02 1 0)
s>                    ( - -1.220e+04 14 0 QUESTION12 -1 1.674e+02 5.925e+01))))
s>        ( QUESTION19 1 -2.061e+04 1.794e+02 1.021e+02
s>            ( - -4.494e+03 7 0 QUESTION0_13_R 1 1.354e+02 2.200e+01)
s>            ( - -1.594e+04 20 0 SILENCE 1 1.590e+02 8.007e+01)))INFO: dtree.c(1315): Comp split 5
INFO: dtree.c(1478): Final simple tree
|( QUESTION2 -1 -3.308e+05 3.795e+02 1.601e+03
|    ( QUESTION3 -1 -8.658e+04 2.693e+02 4.210e+02
|        ( - -1.055e+04 2 0)
|        ( QUESTION0_0_R 1 -7.576e+04 1.936e+02 3.688e+02
|            ( - -6.176e+04 15 0)
|            ( - -1.381e+04 5 0 QUESTION0 1 2.020e+02 6.863e+01)))
|    ( QUESTION19 -1 -2.439e+05 2.789e+02 1.180e+03
|        ( QUESTION2_0_L -1 -2.692e+04 2.434e+02 1.320e+02
|            ( QUESTION0_0_R 1 -2.443e+04 2.027e+02 1.200e+02
|                ( - -2.167e+04 3 0)
|                ( - -2.562e+03 1 0))
|            ( - -2.239e+03 2 0))
|        ( QUESTION0_0_R 1 -2.167e+05 2.413e+02 1.048e+03
|            ( - -2.094e+05 30 0 QUESTION0 -1 1.375e+02 1.014e+03)
|            ( - -7.059e+03 6 0 QUESTION0 1 1.903e+02 3.400e+01))))
s>    ( QUESTION2 -1 -3.308e+05 3.795e+02 1.601e+03
s>        ( QUESTION3 -1 -8.658e+04 2.693e+02 4.210e+02
s>            ( - -1.055e+04 2 0)
s>            ( QUESTION0_0_R 1 -7.576e+04 1.936e+02 3.688e+02
s>                ( - -6.176e+04 15 0)
s>                ( - -1.381e+04 5 0 QUESTION0 1 2.020e+02 6.863e+01)))
s>        ( QUESTION19 -1 -2.439e+05 2.789e+02 1.180e+03
s>            ( QUESTION2_0_L -1 -2.692e+04 2.434e+02 1.320e+02
s>                ( QUESTION0_0_R 1 -2.443e+04 2.027e+02 1.200e+02
s>                    ( - -2.167e+04 3 0)
s>                    ( - -2.562e+03 1 0))
s>                ( - -2.239e+03 2 0))
s>            ( QUESTION0_0_R 1 -2.167e+05 2.413e+02 1.048e+03
s>                ( - -2.094e+05 30 0 QUESTION0 -1 1.375e+02 1.014e+03)
s>                ( - -7.059e+03 6 0 QUESTION0 1 1.903e+02 3.400e+01))))INFO: dtree.c(1315): Comp split 6
INFO: dtree.c(1478): Final simple tree
|( QUESTION2 1 -5.657e+04 3.971e+02 2.743e+02
|    ( QUESTION2 -1 -3.556e+04 3.263e+02 1.722e+02
|        ( WDBNDRY_I 0 -1.477e+04 1.861e+02 7.273e+01
|            ( - -6.308e+02 2 0)
|            ( - -1.395e+04 8 0 WDBNDRY_B 0 1.207e+02 6.873e+01))
|        ( QUESTION7 1 -2.047e+04 1.841e+02 9.951e+01
|            ( - -7.691e+03 6 0 QUESTION0_17_R 1 1.473e+02 3.825e+01)
|            ( QUESTION2_11_L -1 -1.259e+04 1.723e+02 6.125e+01
|                ( - -2.149e+02 1 0)
|                ( QUESTION12 -1 -1.220e+04 1.674e+02 5.925e+01
|                    ( - -2.211e+02 1 0)
|                    ( - -1.182e+04 13 0 QUESTION0 -1 1.432e+02 5.725e+01)))))
|    ( QUESTION19 1 -2.061e+04 1.794e+02 1.021e+02
|        ( - -4.494e+03 7 0 QUESTION0_13_R 1 1.354e+02 2.200e+01)
|        ( - -1.594e+04 20 0 SILENCE 1 1.590e+02 8.007e+01)))
s>    ( QUESTION2 1 -5.657e+04 3.971e+02 2.743e+02
s>        ( QUESTION2 -1 -3.556e+04 3.263e+02 1.722e+02
s>            ( WDBNDRY_I 0 -1.477e+04 1.861e+02 7.273e+01
s>                ( - -6.308e+02 2 0)
s>                ( - -1.395e+04 8 0 WDBNDRY_B 0 1.207e+02 6.873e+01))
s>            ( QUESTION7 1 -2.047e+04 1.841e+02 9.951e+01
s>                ( - -7.691e+03 6 0 QUESTION0_17_R 1 1.473e+02 3.825e+01)
s>                ( QUESTION2_11_L -1 -1.259e+04 1.723e+02 6.125e+01
s>                    ( - -2.149e+02 1 0)
s>                    ( QUESTION12 -1 -1.220e+04 1.674e+02 5.925e+01
s>                        ( - -2.211e+02 1 0)
s>                        ( - -1.182e+04 13 0 QUESTION0 -1 1.432e+02 5.725e+01)))))
s>        ( QUESTION19 1 -2.061e+04 1.794e+02 1.021e+02
s>            ( - -4.494e+03 7 0 QUESTION0_13_R 1 1.354e+02 2.200e+01)
s>            ( - -1.594e+04 20 0 SILENCE 1 1.590e+02 8.007e+01)))INFO: dtree.c(1315): Comp split 7
INFO: dtree.c(1478): Final simple tree
|( QUESTION0_0_R 1 -2.009e+05 3.943e+02 9.703e+02
|    ( QUESTION1 -1 -1.707e+05 3.260e+02 8.234e+02
|        ( QUESTION19 -1 -6.449e+04 1.549e+02 3.119e+02
|            ( - -1.740e+04 11 0 QUESTION2_10_L -1 8.514e+01 8.450e+01)
|            ( - -4.693e+04 35 0 QUESTION16 -1 1.445e+02 2.274e+02))
|        ( WDBNDRY_B 0 -1.059e+05 1.587e+02 5.115e+02
|            ( - -1.055e+05 28 0 SILENCE -1 1.478e+02 5.095e+02)
|            ( - -2.578e+02 1 0)))
|    ( QUESTION0 1 -2.980e+04 1.979e+02 1.469e+02
|        ( QUESTION2_11_L -1 -1.346e+04 4.415e+02 6.701e+01
|            ( - 2.423e+02 1 0)
|            ( QUESTION19 -1 -1.326e+04 1.586e+02 6.601e+01
|                ( - -5.072e+02 1 0)
|                ( - -1.259e+04 13 0 QUESTION2 -1 1.220e+02 6.301e+01)))
|        ( - -1.615e+04 17 0 QUESTION2_5_L -1 1.263e+02 7.993e+01)))
s>    ( QUESTION0_0_R 1 -2.009e+05 3.943e+02 9.703e+02
s>        ( QUESTION1 -1 -1.707e+05 3.260e+02 8.234e+02
s>            ( QUESTION19 -1 -6.449e+04 1.549e+02 3.119e+02
s>                ( - -1.740e+04 11 0 QUESTION2_10_L -1 8.514e+01 8.450e+01)
s>                ( - -4.693e+04 35 0 QUESTION16 -1 1.445e+02 2.274e+02))
s>            ( WDBNDRY_B 0 -1.059e+05 1.587e+02 5.115e+02
s>                ( - -1.055e+05 28 0 SILENCE -1 1.478e+02 5.095e+02)
s>                ( - -2.578e+02 1 0)))
s>        ( QUESTION0 1 -2.980e+04 1.979e+02 1.469e+02
s>            ( QUESTION2_11_L -1 -1.346e+04 4.415e+02 6.701e+01
s>                ( - 2.423e+02 1 0)
s>                ( QUESTION19 -1 -1.326e+04 1.586e+02 6.601e+01
s>                    ( - -5.072e+02 1 0)
s>                    ( - -1.259e+04 13 0 QUESTION2 -1 1.220e+02 6.301e+01)))
s>            ( - -1.615e+04 17 0 QUESTION2_5_L -1 1.263e+02 7.993e+01)))INFO: dtree.c(1315): Comp split 8
INFO: dtree.c(1439): stop. leaf nodes are specific
INFO: dtree.c(1478): Final simple tree
|( QUESTION0 -1 -2.379e+04 1.608e+02 1.198e+02
|    ( - -1.025e+04 2 0)
|    ( WDBNDRY_E 0 -1.339e+04 1.353e+02 6.820e+01
|        ( - -8.978e+02 1 0)
|        ( - -1.235e+04 1 0)))
s>    ( QUESTION0 -1 -2.379e+04 1.608e+02 1.198e+02
s>        ( - -1.025e+04 2 0)
s>        ( WDBNDRY_E 0 -1.339e+04 1.353e+02 6.820e+01
s>            ( - -8.978e+02 1 0)
s>            ( - -1.235e+04 1 0)))INFO: dtree.c(1315): Comp split 9
INFO: dtree.c(1478): Final simple tree
|( QUESTION0_0_R 1 -2.007e+05 3.968e+02 9.693e+02
|    ( QUESTION1 -1 -1.707e+05 3.260e+02 8.234e+02
|        ( QUESTION19 -1 -6.449e+04 1.549e+02 3.119e+02
|            ( - -1.740e+04 11 0 QUESTION2_10_L -1 8.514e+01 8.450e+01)
|            ( - -4.693e+04 35 0 QUESTION16 -1 1.445e+02 2.274e+02))
|        ( WDBNDRY_B 0 -1.059e+05 1.587e+02 5.115e+02
|            ( SILENCE -1 -1.055e+05 1.478e+02 5.095e+02
|                ( - -9.031e+03 3 0)
|                ( - -9.632e+04 25 0))
|            ( - -2.578e+02 1 0)))
|    ( QUESTION0 1 -2.960e+04 1.949e+02 1.459e+02
|        ( QUESTION19 -1 -1.326e+04 1.586e+02 6.601e+01
|            ( - -5.072e+02 1 0)
|            ( - -1.259e+04 13 0 QUESTION2 -1 1.220e+02 6.301e+01))
|        ( - -1.615e+04 17 0 QUESTION2_5_L -1 1.263e+02 7.993e+01)))
s>    ( QUESTION0_0_R 1 -2.007e+05 3.968e+02 9.693e+02
s>        ( QUESTION1 -1 -1.707e+05 3.260e+02 8.234e+02
s>            ( QUESTION19 -1 -6.449e+04 1.549e+02 3.119e+02
s>                ( - -1.740e+04 11 0 QUESTION2_10_L -1 8.514e+01 8.450e+01)
s>                ( - -4.693e+04 35 0 QUESTION16 -1 1.445e+02 2.274e+02))
s>            ( WDBNDRY_B 0 -1.059e+05 1.587e+02 5.115e+02
s>                ( SILENCE -1 -1.055e+05 1.478e+02 5.095e+02
s>                    ( - -9.031e+03 3 0)
s>                    ( - -9.632e+04 25 0))
s>                ( - -2.578e+02 1 0)))
s>        ( QUESTION0 1 -2.960e+04 1.949e+02 1.459e+02
s>            ( QUESTION19 -1 -1.326e+04 1.586e+02 6.601e+01
s>                ( - -5.072e+02 1 0)
s>                ( - -1.259e+04 13 0 QUESTION2 -1 1.220e+02 6.301e+01))
s>            ( - -1.615e+04 17 0 QUESTION2_5_L -1 1.263e+02 7.993e+01)))INFO: dtree.c(1315): Comp split 10
INFO: dtree.c(1439): stop. leaf nodes are specific
INFO: dtree.c(1478): Final simple tree
|( QUESTION2 -1 -1.050e+05 2.800e+02 5.098e+02
|    ( QUESTION0_0_R 1 -7.576e+04 1.936e+02 3.688e+02
|        ( - -6.176e+04 15 0)
|        ( QUESTION0 1 -1.381e+04 2.020e+02 6.863e+01
|            ( - -5.709e+03 3 0)
|            ( - -7.895e+03 2 0)))
|    ( QUESTION0_0_R 1 -2.897e+04 2.379e+02 1.410e+02
|        ( - -2.167e+04 3 0)
|        ( QUESTION0 1 -7.059e+03 1.903e+02 3.400e+01
|            ( - -3.203e+03 4 0)
|            ( - -3.666e+03 2 0))))
s>    ( QUESTION2 -1 -1.050e+05 2.800e+02 5.098e+02
s>        ( QUESTION0_0_R 1 -7.576e+04 1.936e+02 3.688e+02
s>            ( - -6.176e+04 15 0)
s>            ( QUESTION0 1 -1.381e+04 2.020e+02 6.863e+01
s>                ( - -5.709e+03 3 0)
s>                ( - -7.895e+03 2 0)))
s>        ( QUESTION0_0_R 1 -2.897e+04 2.379e+02 1.410e+02
s>            ( - -2.167e+04 3 0)
s>            ( QUESTION0 1 -7.059e+03 1.903e+02 3.400e+01
s>                ( - -3.203e+03 4 0)
s>                ( - -3.666e+03 2 0))))INFO: dtree.c(1439): stop. leaf nodes are specific
INFO: dtree.c(1478): Final simple tree
|( QUESTION2_1_L -1 -2.254e+05 3.017e+02 1.091e+03
|    ( QUESTION0_0_R 1 -1.326e+04 1.491e+02 6.521e+01
|        ( - -1.055e+04 2 0)
|        ( - -2.562e+03 1 0))
|    ( QUESTION19 -1 -2.119e+05 2.433e+02 1.026e+03
|        ( - -2.239e+03 2 0)
|        ( QUESTION0 -1 -2.094e+05 1.375e+02 1.014e+03
|            ( - -2.088e+05 29 0)
|            ( - -5.039e+02 1 0))))
s>    ( QUESTION2_1_L -1 -2.254e+05 3.017e+02 1.091e+03
s>        ( QUESTION0_0_R 1 -1.326e+04 1.491e+02 6.521e+01
s>            ( - -1.055e+04 2 0)
s>            ( - -2.562e+03 1 0))
s>        ( QUESTION19 -1 -2.119e+05 2.433e+02 1.026e+03
s>            ( - -2.239e+03 2 0)
s>            ( QUESTION0 -1 -2.094e+05 1.375e+02 1.014e+03
s>                ( - -2.088e+05 29 0)
s>                ( - -5.039e+02 1 0))))INFO: dtree.c(1315): Comp split 11
INFO: dtree.c(1478): Final simple tree
|( QUESTION0 1 -3.002e+04 1.917e+02 1.479e+02
|    ( QUESTION19 -1 -1.367e+04 1.592e+02 6.801e+01
|        ( - -5.072e+02 1 0)
|        ( QUESTION0_0_R 1 -1.301e+04 1.574e+02 6.501e+01
|            ( - -2.578e+02 1 0)
|            ( QUESTION2 -1 -1.259e+04 1.220e+02 6.301e+01
|                ( - -3.210e+03 4 0 WDBNDRY_B 0 1.148e+02 1.700e+01)
|                ( WDBNDRY_B 0 -9.260e+03 1.241e+02 4.601e+01
|                    ( - -5.053e+03 6 0 QUESTION0 -1 1.011e+02 2.600e+01)
|                    ( - -4.083e+03 3 0)))))
|    ( QUESTION2_5_L -1 -1.615e+04 1.263e+02 7.993e+01
|        ( - -4.746e+02 1 0)
|        ( WDBNDRY_B 0 -1.555e+04 1.166e+02 7.693e+01
|            ( - -1.370e+04 12 0 QUESTION2_11_L -1 1.075e+02 6.793e+01)
|            ( - -1.732e+03 4 0 QUESTION0 -1 7.413e+01 9.000e+00))))
s>    ( QUESTION0 1 -3.002e+04 1.917e+02 1.479e+02
s>        ( QUESTION19 -1 -1.367e+04 1.592e+02 6.801e+01
s>            ( - -5.072e+02 1 0)
s>            ( QUESTION0_0_R 1 -1.301e+04 1.574e+02 6.501e+01
s>                ( - -2.578e+02 1 0)
s>                ( QUESTION2 -1 -1.259e+04 1.220e+02 6.301e+01
s>                    ( - -3.210e+03 4 0 WDBNDRY_B 0 1.148e+02 1.700e+01)
s>                    ( WDBNDRY_B 0 -9.260e+03 1.241e+02 4.601e+01
s>                        ( - -5.053e+03 6 0 QUESTION0 -1 1.011e+02 2.600e+01)
s>                        ( - -4.083e+03 3 0)))))
s>        ( QUESTION2_5_L -1 -1.615e+04 1.263e+02 7.993e+01
s>            ( - -4.746e+02 1 0)
s>            ( WDBNDRY_B 0 -1.555e+04 1.166e+02 7.693e+01
s>                ( - -1.370e+04 12 0 QUESTION2_11_L -1 1.075e+02 6.793e+01)
s>                ( - -1.732e+03 4 0 QUESTION0 -1 7.413e+01 9.000e+00))))INFO: dtree.c(1478): Final simple tree
|( QUESTION1 -1 -1.703e+05 3.252e+02 8.214e+02
|    ( QUESTION19 -1 -6.449e+04 1.549e+02 3.119e+02
|        ( - -1.740e+04 11 0 QUESTION2_10_L -1 8.514e+01 8.450e+01)
|        ( QUESTION16 -1 -4.693e+04 1.445e+02 2.274e+02
|            ( - -5.494e+03 3 0)
|            ( QUESTION10 -1 -4.129e+04 1.226e+02 2.004e+02
|                ( WDBNDRY_B 0 -2.757e+04 1.184e+02 1.341e+02
|                    ( - -2.692e+04 18 0)
|                    ( - -5.349e+02 1 0))
|                ( QUESTION5 -1 -1.360e+04 1.059e+02 6.623e+01
|                    ( - -9.342e+02 2 0)
|                    ( - -1.256e+04 11 0 QUESTION14 -1 1.042e+02 6.123e+01)))))
|    ( SILENCE -1 -1.055e+05 1.478e+02 5.095e+02
|        ( - -9.031e+03 3 0)
|        ( - -9.632e+04 25 0)))
s>    ( QUESTION1 -1 -1.703e+05 3.252e+02 8.214e+02
s>        ( QUESTION19 -1 -6.449e+04 1.549e+02 3.119e+02
s>            ( - -1.740e+04 11 0 QUESTION2_10_L -1 8.514e+01 8.450e+01)
s>            ( QUESTION16 -1 -4.693e+04 1.445e+02 2.274e+02
s>                ( - -5.494e+03 3 0)
s>                ( QUESTION10 -1 -4.129e+04 1.226e+02 2.004e+02
s>                    ( WDBNDRY_B 0 -2.757e+04 1.184e+02 1.341e+02
s>                        ( - -2.692e+04 18 0)
s>                        ( - -5.349e+02 1 0))
s>                    ( QUESTION5 -1 -1.360e+04 1.059e+02 6.623e+01
s>                        ( - -9.342e+02 2 0)
s>                        ( - -1.256e+04 11 0 QUESTION14 -1 1.042e+02 6.123e+01)))))
s>        ( SILENCE -1 -1.055e+05 1.478e+02 5.095e+02
s>            ( - -9.031e+03 3 0)
s>            ( - -9.632e+04 25 0)))INFO: dtree.c(1315): Comp split 12
INFO: dtree.c(1478): Final simple tree
|( QUESTION2 -1 -3.556e+04 3.263e+02 1.722e+02
|    ( WDBNDRY_I 0 -1.477e+04 1.861e+02 7.273e+01
|        ( - -6.308e+02 2 0)
|        ( - -1.395e+04 8 0 WDBNDRY_B 0 1.207e+02 6.873e+01))
|    ( QUESTION7 1 -2.047e+04 1.841e+02 9.951e+01
|        ( QUESTION0_17_R 1 -7.691e+03 1.473e+02 3.825e+01
|            ( - -4.683e+03 2 0)
|            ( - -2.861e+03 4 0))
|        ( QUESTION2_11_L -1 -1.259e+04 1.723e+02 6.125e+01
|            ( - -2.149e+02 1 0)
|            ( QUESTION12 -1 -1.220e+04 1.674e+02 5.925e+01
|                ( - -2.211e+02 1 0)
|                ( QUESTION0 -1 -1.182e+04 1.432e+02 5.725e+01
|                    ( - -1.142e+04 12 0 WDBNDRY_I 0 1.147e+02 5.525e+01)
|                    ( - -2.506e+02 1 0))))))
s>    ( QUESTION2 -1 -3.556e+04 3.263e+02 1.722e+02
s>        ( WDBNDRY_I 0 -1.477e+04 1.861e+02 7.273e+01
s>            ( - -6.308e+02 2 0)
s>            ( - -1.395e+04 8 0 WDBNDRY_B 0 1.207e+02 6.873e+01))
s>        ( QUESTION7 1 -2.047e+04 1.841e+02 9.951e+01
s>            ( QUESTION0_17_R 1 -7.691e+03 1.473e+02 3.825e+01
s>                ( - -4.683e+03 2 0)
s>                ( - -2.861e+03 4 0))
s>            ( QUESTION2_11_L -1 -1.259e+04 1.723e+02 6.125e+01
s>                ( - -2.149e+02 1 0)
s>                ( QUESTION12 -1 -1.220e+04 1.674e+02 5.925e+01
s>                    ( - -2.211e+02 1 0)
s>                    ( QUESTION0 -1 -1.182e+04 1.432e+02 5.725e+01
s>                        ( - -1.142e+04 12 0 WDBNDRY_I 0 1.147e+02 5.525e+01)
s>                        ( - -2.506e+02 1 0))))))INFO: dtree.c(1478): Final simple tree
|( QUESTION19 1 -2.061e+04 1.794e+02 1.021e+02
|    ( QUESTION0_13_R 1 -4.494e+03 1.354e+02 2.200e+01
|        ( - -2.562e+03 3 0)
|        ( QUESTION0 -1 -1.798e+03 1.741e+02 9.000e+00
|            ( - -2.322e+02 1 0)
|            ( - -1.391e+03 3 0 WDBNDRY_E 0 9.651e+01 7.000e+00)))
|    ( SILENCE 1 -1.594e+04 1.590e+02 8.007e+01
|        ( - -2.193e+02 1 0)
|        ( QUESTION13 1 -1.556e+04 1.543e+02 7.807e+01
|            ( - -7.525e+03 10 0 QUESTION0_2_R 1 1.200e+02 3.808e+01)
|            ( QUESTION0_2_R 1 -7.882e+03 1.303e+02 3.999e+01
|                ( WDBNDRY_E 0 -4.413e+03 1.290e+02 2.299e+01
|                    ( - -3.131e+02 2 0)
|                    ( - -3.971e+03 2 0 QUESTION0 -1 1.897e+02 2.099e+01))
|                ( - -3.338e+03 5 0 QUESTION17 1 9.458e+01 1.700e+01)))))
s>    ( QUESTION19 1 -2.061e+04 1.794e+02 1.021e+02
s>        ( QUESTION0_13_R 1 -4.494e+03 1.354e+02 2.200e+01
s>            ( - -2.562e+03 3 0)
s>            ( QUESTION0 -1 -1.798e+03 1.741e+02 9.000e+00
s>                ( - -2.322e+02 1 0)
s>                ( - -1.391e+03 3 0 WDBNDRY_E 0 9.651e+01 7.000e+00)))
s>        ( SILENCE 1 -1.594e+04 1.590e+02 8.007e+01
s>            ( - -2.193e+02 1 0)
s>            ( QUESTION13 1 -1.556e+04 1.543e+02 7.807e+01
s>                ( - -7.525e+03 10 0 QUESTION0_2_R 1 1.200e+02 3.808e+01)
s>                ( QUESTION0_2_R 1 -7.882e+03 1.303e+02 3.999e+01
s>                    ( WDBNDRY_E 0 -4.413e+03 1.290e+02 2.299e+01
s>                        ( - -3.131e+02 2 0)
s>                        ( - -3.971e+03 2 0 QUESTION0 -1 1.897e+02 2.099e+01))
s>                    ( - -3.338e+03 5 0 QUESTION17 1 9.458e+01 1.700e+01)))))INFO: dtree.c(1315): Comp split 13
INFO: dtree.c(1439): stop. leaf nodes are specific
INFO: dtree.c(1478): Final simple tree
|( QUESTION2 -1 -1.433e+04 1.682e+02 7.073e+01
|    ( WDBNDRY_B 0 -1.395e+04 1.207e+02 6.873e+01
|        ( - -1.333e+04 7 0)
|        ( - -4.963e+02 1 0))
|    ( - -2.149e+02 1 0))
s>    ( QUESTION2 -1 -1.433e+04 1.682e+02 7.073e+01
s>        ( WDBNDRY_B 0 -1.395e+04 1.207e+02 6.873e+01
s>            ( - -1.333e+04 7 0)
s>            ( - -4.963e+02 1 0))
s>        ( - -2.149e+02 1 0))INFO: dtree.c(1478): Final simple tree
|( QUESTION7 1 -2.088e+04 1.908e+02 1.015e+02
|    ( QUESTION0_17_R 1 -7.691e+03 1.473e+02 3.825e+01
|        ( - -4.683e+03 2 0)
|        ( - -2.861e+03 4 0))
|    ( QUESTION12 -1 -1.300e+04 1.663e+02 6.325e+01
|        ( - -2.211e+02 1 0)
|        ( QUESTION2 -1 -1.261e+04 1.613e+02 6.125e+01
|            ( - -6.308e+02 2 0)
|            ( QUESTION0 -1 -1.182e+04 1.432e+02 5.725e+01
|                ( WDBNDRY_I 0 -1.142e+04 1.147e+02 5.525e+01
|                    ( QUESTION0_13_R 1 -7.418e+02 1.893e+02 4.000e+00
|                        ( - -2.658e+02 1 0)
|                        ( - -2.867e+02 1 0))
|                    ( - -1.057e+04 10 0 WDBNDRY_B 0 1.112e+02 5.125e+01))
|                ( - -2.506e+02 1 0)))))
s>    ( QUESTION7 1 -2.088e+04 1.908e+02 1.015e+02
s>        ( QUESTION0_17_R 1 -7.691e+03 1.473e+02 3.825e+01
s>            ( - -4.683e+03 2 0)
s>            ( - -2.861e+03 4 0))
s>        ( QUESTION12 -1 -1.300e+04 1.663e+02 6.325e+01
s>            ( - -2.211e+02 1 0)
s>            ( QUESTION2 -1 -1.261e+04 1.613e+02 6.125e+01
s>                ( - -6.308e+02 2 0)
s>                ( QUESTION0 -1 -1.182e+04 1.432e+02 5.725e+01
s>                    ( WDBNDRY_I 0 -1.142e+04 1.147e+02 5.525e+01
s>                        ( QUESTION0_13_R 1 -7.418e+02 1.893e+02 4.000e+00
s>                            ( - -2.658e+02 1 0)
s>                            ( - -2.867e+02 1 0))
s>                        ( - -1.057e+04 10 0 WDBNDRY_B 0 1.112e+02 5.125e+01))
s>                    ( - -2.506e+02 1 0)))))INFO: dtree.c(1315): Comp split 14
INFO: dtree.c(1439): stop. leaf nodes are specific
INFO: dtree.c(1478): Final simple tree
|( QUESTION16 -1 -4.628e+04 1.467e+02 2.244e+02
|    ( - -5.494e+03 3 0)
|    ( QUESTION10 -1 -4.064e+04 1.232e+02 1.974e+02
|        ( - -2.692e+04 18 0)
|        ( QUESTION5 -1 -1.360e+04 1.059e+02 6.623e+01
|            ( - -9.342e+02 2 0)
|            ( QUESTION14 -1 -1.256e+04 1.042e+02 6.123e+01
|                ( - -9.029e+02 1 0)
|                ( QUESTION2 -1 -1.155e+04 8.075e+01 5.623e+01
|                    ( - -6.326e+03 4 0)
|                    ( - -5.146e+03 6 0))))))
s>    ( QUESTION16 -1 -4.628e+04 1.467e+02 2.244e+02
s>        ( - -5.494e+03 3 0)
s>        ( QUESTION10 -1 -4.064e+04 1.232e+02 1.974e+02
s>            ( - -2.692e+04 18 0)
s>            ( QUESTION5 -1 -1.360e+04 1.059e+02 6.623e+01
s>                ( - -9.342e+02 2 0)
s>                ( QUESTION14 -1 -1.256e+04 1.042e+02 6.123e+01
s>                    ( - -9.029e+02 1 0)
s>                    ( QUESTION2 -1 -1.155e+04 8.075e+01 5.623e+01
s>                        ( - -6.326e+03 4 0)
s>                        ( - -5.146e+03 6 0))))))INFO: dtree.c(1439): stop. leaf nodes are specific
INFO: dtree.c(1478): Final simple tree
|( QUESTION0 -1 -1.237e+05 2.065e+02 5.970e+02
|    ( - -9.632e+04 25 0)
|    ( WDBNDRY_B 0 -2.716e+04 1.078e+02 1.286e+02
|        ( QUESTION2_11_L -1 -2.652e+04 9.558e+01 1.256e+02
|            ( - -8.105e+03 4 0)
|            ( SILENCE -1 -1.832e+04 7.698e+01 8.578e+01
|                ( - -9.031e+03 3 0)
|                ( - -9.211e+03 7 0)))
|        ( - -5.349e+02 1 0)))
s>    ( QUESTION0 -1 -1.237e+05 2.065e+02 5.970e+02
s>        ( - -9.632e+04 25 0)
s>        ( WDBNDRY_B 0 -2.716e+04 1.078e+02 1.286e+02
s>            ( QUESTION2_11_L -1 -2.652e+04 9.558e+01 1.256e+02
s>                ( - -8.105e+03 4 0)
s>                ( SILENCE -1 -1.832e+04 7.698e+01 8.578e+01
s>                    ( - -9.031e+03 3 0)
s>                    ( - -9.211e+03 7 0)))
s>            ( - -5.349e+02 1 0)))INFO: dtree.c(1315): Comp split 15
INFO: dtree.c(1439): stop. leaf nodes are specific
INFO: dtree.c(1478): Final simple tree
|( WDBNDRY_E 0 -3.303e+04 9.355e+01 1.615e+02
|    ( - -1.353e+03 2 0)
|    ( - -3.158e+04 8 0))
s>    ( WDBNDRY_E 0 -3.303e+04 9.355e+01 1.615e+02
s>        ( - -1.353e+03 2 0)
s>        ( - -3.158e+04 8 0))INFO: dtree.c(1478): Final simple tree
|( QUESTION11 -1 -2.107e+04 2.819e+02 1.030e+02
|    ( - -3.876e+03 1 0)
|    ( QUESTION0_11_R 1 -1.691e+04 2.235e+02 8.387e+01
|        ( WDBNDRY_B 0 -1.256e+04 1.955e+02 6.286e+01
|            ( QUESTION0 -1 -2.366e+03 1.288e+02 1.300e+01
|                ( - -1.978e+03 3 0)
|                ( - -2.593e+02 2 0))
|            ( WDBNDRY_E 0 -1.000e+04 8.704e+01 4.986e+01
|                ( - -1.153e+03 1 0)
|                ( - -8.761e+03 3 0)))
|        ( QUESTION0 -1 -4.129e+03 1.086e+02 2.101e+01
|            ( - -4.774e+02 1 0)
|            ( WDBNDRY_E 0 -3.543e+03 1.033e+02 1.801e+01
|                ( - -2.509e+03 1 0)
|                ( - -9.303e+02 1 0)))))
s>    ( QUESTION11 -1 -2.107e+04 2.819e+02 1.030e+02
s>        ( - -3.876e+03 1 0)
s>        ( QUESTION0_11_R 1 -1.691e+04 2.235e+02 8.387e+01
s>            ( WDBNDRY_B 0 -1.256e+04 1.955e+02 6.286e+01
s>                ( QUESTION0 -1 -2.366e+03 1.288e+02 1.300e+01
s>                    ( - -1.978e+03 3 0)
s>                    ( - -2.593e+02 2 0))
s>                ( WDBNDRY_E 0 -1.000e+04 8.704e+01 4.986e+01
s>                    ( - -1.153e+03 1 0)
s>                    ( - -8.761e+03 3 0)))
s>            ( QUESTION0 -1 -4.129e+03 1.086e+02 2.101e+01
s>                ( - -4.774e+02 1 0)
s>                ( WDBNDRY_E 0 -3.543e+03 1.033e+02 1.801e+01
s>                    ( - -2.509e+03 1 0)
s>                    ( - -9.303e+02 1 0)))))INFO: dtree.c(1315): Comp split 16
INFO: dtree.c(1439): stop. leaf nodes are specific
INFO: dtree.c(1478): Final simple tree
|( QUESTION0 1 -1.294e+04 2.022e+02 6.301e+01
|    ( QUESTION0 -1 -9.074e+03 1.624e+02 4.500e+01
|        ( - -3.203e+03 4 0)
|        ( - -5.709e+03 3 0))
|    ( - -3.666e+03 2 0))
s>    ( QUESTION0 1 -1.294e+04 2.022e+02 6.301e+01
s>        ( QUESTION0 -1 -9.074e+03 1.624e+02 4.500e+01
s>            ( - -3.203e+03 4 0)
s>            ( - -5.709e+03 3 0))
s>        ( - -3.666e+03 2 0))INFO: dtree.c(1439): stop. leaf nodes are specific
INFO: dtree.c(1478): Final simple tree
|( QUESTION2 -1 -9.175e+04 2.820e+02 4.468e+02
|    ( QUESTION0_0_R 1 -6.980e+04 1.392e+02 3.398e+02
|        ( - -6.176e+04 15 0)
|        ( - -7.895e+03 2 0))
|    ( - -2.167e+04 3 0))
s>    ( QUESTION2 -1 -9.175e+04 2.820e+02 4.468e+02
s>        ( QUESTION0_0_R 1 -6.980e+04 1.392e+02 3.398e+02
s>            ( - -6.176e+04 15 0)
s>            ( - -7.895e+03 2 0))
s>        ( - -2.167e+04 3 0))INFO: dtree.c(1315): Comp split 17
INFO: dtree.c(1439): stop. leaf nodes are specific
INFO: dtree.c(1478): Final simple tree
|( QUESTION19 -1 -2.119e+05 2.433e+02 1.026e+03
|    ( - -2.239e+03 2 0)
|    ( QUESTION0 -1 -2.094e+05 1.375e+02 1.014e+03
|        ( - -2.088e+05 29 0)
|        ( - -5.039e+02 1 0)))
s>    ( QUESTION19 -1 -2.119e+05 2.433e+02 1.026e+03
s>        ( - -2.239e+03 2 0)
s>        ( QUESTION0 -1 -2.094e+05 1.375e+02 1.014e+03
s>            ( - -2.088e+05 29 0)
s>            ( - -5.039e+02 1 0)))INFO: dtree.c(1439): stop. leaf nodes are specific
INFO: dtree.c(1478): Final simple tree
|( QUESTION0_0_R 1 -1.326e+04 1.491e+02 6.521e+01
|    ( - -1.055e+04 2 0)
|    ( - -2.562e+03 1 0))
s>    ( QUESTION0_0_R 1 -1.326e+04 1.491e+02 6.521e+01
s>        ( - -1.055e+04 2 0)
s>        ( - -2.562e+03 1 0))INFO: dtree.c(1315): Comp split 18
INFO: dtree.c(1439): stop. leaf nodes are specific
INFO: dtree.c(1478): Final simple tree
|( WDBNDRY_B 0 -1.256e+04 1.955e+02 6.286e+01
|    ( QUESTION0 -1 -2.366e+03 1.288e+02 1.300e+01
|        ( - -1.978e+03 3 0)
|        ( - -2.593e+02 2 0))
|    ( WDBNDRY_E 0 -1.000e+04 8.704e+01 4.986e+01
|        ( - -1.153e+03 1 0)
|        ( - -8.761e+03 3 0)))
s>    ( WDBNDRY_B 0 -1.256e+04 1.955e+02 6.286e+01
s>        ( QUESTION0 -1 -2.366e+03 1.288e+02 1.300e+01
s>            ( - -1.978e+03 3 0)
s>            ( - -2.593e+02 2 0))
s>        ( WDBNDRY_E 0 -1.000e+04 8.704e+01 4.986e+01
s>            ( - -1.153e+03 1 0)
s>            ( - -8.761e+03 3 0)))INFO: dtree.c(1439): stop. leaf nodes are specific
INFO: dtree.c(1478): Final simple tree
|( WDBNDRY_B 0 -8.224e+03 2.189e+02 4.012e+01
|    ( - -3.876e+03 1 0)
|    ( QUESTION0 -1 -4.129e+03 1.086e+02 2.101e+01
|        ( - -4.774e+02 1 0)
|        ( WDBNDRY_E 0 -3.543e+03 1.033e+02 1.801e+01
|            ( - -2.509e+03 1 0)
|            ( - -9.303e+02 1 0))))
s>    ( WDBNDRY_B 0 -8.224e+03 2.189e+02 4.012e+01
s>        ( - -3.876e+03 1 0)
s>        ( QUESTION0 -1 -4.129e+03 1.086e+02 2.101e+01
s>            ( - -4.774e+02 1 0)
s>            ( WDBNDRY_E 0 -3.543e+03 1.033e+02 1.801e+01
s>                ( - -2.509e+03 1 0)
s>                ( - -9.303e+02 1 0))))INFO: dtree.c(1315): Comp split 19
INFO: dtree.c(1439): stop. leaf nodes are specific
INFO: dtree.c(1478): Final simple tree
|( QUESTION0_0_R 1 -6.980e+04 1.392e+02 3.398e+02
|    ( - -6.176e+04 15 0)
|    ( - -7.895e+03 2 0))
s>    ( QUESTION0_0_R 1 -6.980e+04 1.392e+02 3.398e+02
s>        ( - -6.176e+04 15 0)
s>        ( - -7.895e+03 2 0))INFO: dtree.c(1315): Comp split 20
INFO: dtree.c(1439): stop. leaf nodes are specific
INFO: dtree.c(1478): Final simple tree
|( QUESTION0 -1 -2.094e+05 1.375e+02 1.014e+03
|    ( - -2.088e+05 29 0)
|    ( - -5.039e+02 1 0))
s>    ( QUESTION0 -1 -2.094e+05 1.375e+02 1.014e+03
s>        ( - -2.088e+05 29 0)
s>        ( - -5.039e+02 1 0))INFO: dtree.c(1315): Comp split 21
INFO: dtree.c(1478): Final simple tree
|( QUESTION0_0_R 1 -1.483e+04 1.556e+02 7.401e+01
|    ( - -2.578e+02 1 0)
|    ( QUESTION0 -1 -1.441e+04 1.154e+02 7.201e+01
|        ( WDBNDRY_B 0 -9.031e+03 1.230e+02 4.501e+01
|            ( - -4.014e+03 5 0)
|            ( QUESTION0 1 -4.894e+03 8.321e+01 2.401e+01
|                ( - -4.083e+03 3 0)
|                ( - -7.283e+02 2 0)))
|        ( QUESTION2 -1 -5.267e+03 1.018e+02 2.700e+01
|            ( WDBNDRY_B 0 -4.227e+03 1.031e+02 2.200e+01
|                ( - -1.440e+03 2 0)
|                ( QUESTION0 1 -2.684e+03 9.893e+01 1.400e+01
|                    ( - -1.655e+03 2 0)
|                    ( - -9.298e+02 2 0)))
|            ( - -9.385e+02 1 0))))
s>    ( QUESTION0_0_R 1 -1.483e+04 1.556e+02 7.401e+01
s>        ( - -2.578e+02 1 0)
s>        ( QUESTION0 -1 -1.441e+04 1.154e+02 7.201e+01
s>            ( WDBNDRY_B 0 -9.031e+03 1.230e+02 4.501e+01
s>                ( - -4.014e+03 5 0)
s>                ( QUESTION0 1 -4.894e+03 8.321e+01 2.401e+01
s>                    ( - -4.083e+03 3 0)
s>                    ( - -7.283e+02 2 0)))
s>            ( QUESTION2 -1 -5.267e+03 1.018e+02 2.700e+01
s>                ( WDBNDRY_B 0 -4.227e+03 1.031e+02 2.200e+01
s>                    ( - -1.440e+03 2 0)
s>                    ( QUESTION0 1 -2.684e+03 9.893e+01 1.400e+01
s>                        ( - -1.655e+03 2 0)
s>                        ( - -9.298e+02 2 0)))
s>                ( - -9.385e+02 1 0))))INFO: dtree.c(1439): stop. leaf nodes are specific
INFO: dtree.c(1478): Final simple tree
|( QUESTION0 1 -1.495e+04 1.420e+02 7.393e+01
|    ( - -5.072e+02 1 0)
|    ( QUESTION2_5_L -1 -1.430e+04 1.284e+02 7.093e+01
|        ( - -4.746e+02 1 0)
|        ( QUESTION2_11_L -1 -1.370e+04 1.075e+02 6.793e+01
|            ( - -1.707e+03 1 0)
|            ( QUESTION12 -1 -1.189e+04 9.346e+01 5.893e+01
|                ( - -5.026e+02 1 0)
|                ( QUESTION0 -1 -1.129e+04 7.329e+01 5.593e+01
|                    ( - -4.814e+03 5 0)
|                    ( QUESTION2 -1 -6.402e+03 7.154e+01 3.193e+01
|                        ( - -4.620e+03 4 0)
|                        ( - -1.711e+03 1 0)))))))
s>    ( QUESTION0 1 -1.495e+04 1.420e+02 7.393e+01
s>        ( - -5.072e+02 1 0)
s>        ( QUESTION2_5_L -1 -1.430e+04 1.284e+02 7.093e+01
s>            ( - -4.746e+02 1 0)
s>            ( QUESTION2_11_L -1 -1.370e+04 1.075e+02 6.793e+01
s>                ( - -1.707e+03 1 0)
s>                ( QUESTION12 -1 -1.189e+04 9.346e+01 5.893e+01
s>                    ( - -5.026e+02 1 0)
s>                    ( QUESTION0 -1 -1.129e+04 7.329e+01 5.593e+01
s>                        ( - -4.814e+03 5 0)
s>                        ( QUESTION2 -1 -6.402e+03 7.154e+01 3.193e+01
s>                            ( - -4.620e+03 4 0)
s>                            ( - -1.711e+03 1 0)))))))INFO: dtree.c(1315): Comp split 22
INFO: dtree.c(1439): stop. leaf nodes are specific
INFO: dtree.c(1478): Final simple tree
|( QUESTION0 -1 -4.129e+03 1.086e+02 2.101e+01
|    ( - -4.774e+02 1 0)
|    ( WDBNDRY_E 0 -3.543e+03 1.033e+02 1.801e+01
|        ( - -2.509e+03 1 0)
|        ( - -9.303e+02 1 0)))
s>    ( QUESTION0 -1 -4.129e+03 1.086e+02 2.101e+01
s>        ( - -4.774e+02 1 0)
s>        ( WDBNDRY_E 0 -3.543e+03 1.033e+02 1.801e+01
s>            ( - -2.509e+03 1 0)
s>            ( - -9.303e+02 1 0)))INFO: dtree.c(1315): Comp split 23
INFO: dtree.c(1478): Final simple tree
|( SILENCE 1 -1.743e+04 1.600e+02 8.707e+01
|    ( - -2.193e+02 1 0)
|    ( QUESTION14 1 -1.705e+04 1.564e+02 8.507e+01
|        ( QUESTION0_2_R 1 -7.882e+03 1.303e+02 3.999e+01
|            ( WDBNDRY_E 0 -4.413e+03 1.290e+02 2.299e+01
|                ( - -3.131e+02 2 0)
|                ( QUESTION0 -1 -3.971e+03 1.897e+02 2.099e+01
|                    ( - -1.928e+02 1 0)
|                    ( - -3.589e+03 1 0)))
|            ( - -3.338e+03 5 0 QUESTION17 1 9.458e+01 1.700e+01))
|        ( QUESTION0_2_R 1 -9.012e+03 1.283e+02 4.508e+01
|            ( - -6.510e+03 8 0 WDBNDRY_E 0 1.023e+02 3.308e+01)
|            ( QUESTION0 -1 -2.373e+03 1.365e+02 1.200e+01
|                ( - -2.602e+02 1 0)
|                ( - -1.977e+03 4 0 QUESTION0_13_R 1 1.241e+02 1.000e+01)))))
s>    ( SILENCE 1 -1.743e+04 1.600e+02 8.707e+01
s>        ( - -2.193e+02 1 0)
s>        ( QUESTION14 1 -1.705e+04 1.564e+02 8.507e+01
s>            ( QUESTION0_2_R 1 -7.882e+03 1.303e+02 3.999e+01
s>                ( WDBNDRY_E 0 -4.413e+03 1.290e+02 2.299e+01
s>                    ( - -3.131e+02 2 0)
s>                    ( QUESTION0 -1 -3.971e+03 1.897e+02 2.099e+01
s>                        ( - -1.928e+02 1 0)
s>                        ( - -3.589e+03 1 0)))
s>                ( - -3.338e+03 5 0 QUESTION17 1 9.458e+01 1.700e+01))
s>            ( QUESTION0_2_R 1 -9.012e+03 1.283e+02 4.508e+01
s>                ( - -6.510e+03 8 0 WDBNDRY_E 0 1.023e+02 3.308e+01)
s>                ( QUESTION0 -1 -2.373e+03 1.365e+02 1.200e+01
s>                    ( - -2.602e+02 1 0)
s>                    ( - -1.977e+03 4 0 QUESTION0_13_R 1 1.241e+02 1.000e+01)))))INFO: dtree.c(1439): stop. leaf nodes are specific
INFO: dtree.c(1478): Final simple tree
|( WDBNDRY_E 0 -2.977e+03 1.833e+02 1.500e+01
|    ( - -2.322e+02 1 0)
|    ( - -2.562e+03 3 0))
s>    ( WDBNDRY_E 0 -2.977e+03 1.833e+02 1.500e+01
s>        ( - -2.322e+02 1 0)
s>        ( - -2.562e+03 3 0))INFO: dtree.c(1315): Comp split 24
INFO: dtree.c(1439): stop. leaf nodes are specific
INFO: dtree.c(1478): Final simple tree
|( WDBNDRY_B 0 -2.716e+04 1.078e+02 1.286e+02
|    ( QUESTION2_11_L -1 -2.652e+04 9.558e+01 1.256e+02
|        ( - -8.105e+03 4 0)
|        ( SILENCE -1 -1.832e+04 7.698e+01 8.578e+01
|            ( - -9.031e+03 3 0)
|            ( - -9.211e+03 7 0)))
|    ( - -5.349e+02 1 0))
s>    ( WDBNDRY_B 0 -2.716e+04 1.078e+02 1.286e+02
s>        ( QUESTION2_11_L -1 -2.652e+04 9.558e+01 1.256e+02
s>            ( - -8.105e+03 4 0)
s>            ( SILENCE -1 -1.832e+04 7.698e+01 8.578e+01
s>                ( - -9.031e+03 3 0)
s>                ( - -9.211e+03 7 0)))
s>        ( - -5.349e+02 1 0))INFO: dtree.c(1315): Comp split 25
INFO: dtree.c(1439): stop. leaf nodes are specific
INFO: dtree.c(1478): Final simple tree
|( QUESTION0 -1 -9.074e+03 1.624e+02 4.500e+01
|    ( - -3.203e+03 4 0)
|    ( - -5.709e+03 3 0))
s>    ( QUESTION0 -1 -9.074e+03 1.624e+02 4.500e+01
s>        ( - -3.203e+03 4 0)
s>        ( - -5.709e+03 3 0))INFO: dtree.c(1315): Comp split 26
INFO: dtree.c(1439): stop. leaf nodes are specific
INFO: dtree.c(1478): Final simple tree
|( QUESTION0_17_R 1 -9.740e+03 1.393e+02 4.758e+01
|    ( - -2.805e+03 1 0)
|    ( - -6.796e+03 1 0))
s>    ( QUESTION0_17_R 1 -9.740e+03 1.393e+02 4.758e+01
s>        ( - -2.805e+03 1 0)
s>        ( - -6.796e+03 1 0))INFO: dtree.c(1315): Comp split 27
INFO: dtree.c(1439): stop. leaf nodes are specific
INFO: dtree.c(1478): Final simple tree
|( WDBNDRY_E 0 -1.000e+04 8.704e+01 4.986e+01
|    ( - -1.153e+03 1 0)
|    ( - -8.761e+03 3 0))
s>    ( WDBNDRY_E 0 -1.000e+04 8.704e+01 4.986e+01
s>        ( - -1.153e+03 1 0)
s>        ( - -8.761e+03 3 0))INFO: dtree.c(1439): stop. leaf nodes are specific
INFO: dtree.c(1478): Final simple tree
|( QUESTION0 -1 -2.366e+03 1.288e+02 1.300e+01
|    ( - -1.978e+03 3 0)
|    ( - -2.593e+02 2 0))
s>    ( QUESTION0 -1 -2.366e+03 1.288e+02 1.300e+01
s>        ( - -1.978e+03 3 0)
s>        ( - -2.593e+02 2 0))INFO: dtree.c(1315): Comp split 28
INFO: dtree.c(1478): Final simple tree
|( SILENCE 1 -1.704e+04 1.597e+02 8.507e+01
|    ( - -2.193e+02 1 0)
|    ( QUESTION14 1 -1.666e+04 1.568e+02 8.307e+01
|        ( QUESTION0_2_R 1 -7.493e+03 1.264e+02 3.799e+01
|            ( WDBNDRY_E 0 -4.029e+03 1.272e+02 2.099e+01
|                ( - -3.131e+02 2 0)
|                ( - -3.589e+03 1 0))
|            ( - -3.338e+03 5 0 QUESTION17 1 9.458e+01 1.700e+01))
|        ( QUESTION0_2_R 1 -9.012e+03 1.283e+02 4.508e+01
|            ( - -6.510e+03 8 0 WDBNDRY_E 0 1.023e+02 3.308e+01)
|            ( QUESTION0 -1 -2.373e+03 1.365e+02 1.200e+01
|                ( - -2.602e+02 1 0)
|                ( QUESTION0_13_R 1 -1.977e+03 1.241e+02 1.000e+01
|                    ( - -4.613e+02 1 0)
|                    ( - -1.391e+03 3 0 WDBNDRY_E 0 9.651e+01 7.000e+00))))))
s>    ( SILENCE 1 -1.704e+04 1.597e+02 8.507e+01
s>        ( - -2.193e+02 1 0)
s>        ( QUESTION14 1 -1.666e+04 1.568e+02 8.307e+01
s>            ( QUESTION0_2_R 1 -7.493e+03 1.264e+02 3.799e+01
s>                ( WDBNDRY_E 0 -4.029e+03 1.272e+02 2.099e+01
s>                    ( - -3.131e+02 2 0)
s>                    ( - -3.589e+03 1 0))
s>                ( - -3.338e+03 5 0 QUESTION17 1 9.458e+01 1.700e+01))
s>            ( QUESTION0_2_R 1 -9.012e+03 1.283e+02 4.508e+01
s>                ( - -6.510e+03 8 0 WDBNDRY_E 0 1.023e+02 3.308e+01)
s>                ( QUESTION0 -1 -2.373e+03 1.365e+02 1.200e+01
s>                    ( - -2.602e+02 1 0)
s>                    ( QUESTION0_13_R 1 -1.977e+03 1.241e+02 1.000e+01
s>                        ( - -4.613e+02 1 0)
s>                        ( - -1.391e+03 3 0 WDBNDRY_E 0 9.651e+01 7.000e+00))))))INFO: dtree.c(1315): Comp split 29
INFO: dtree.c(1439): stop. leaf nodes are specific
INFO: dtree.c(1478): Final simple tree
|( QUESTION0_17_R 1 -7.691e+03 1.473e+02 3.825e+01
|    ( - -4.683e+03 2 0)
|    ( - -2.861e+03 4 0))
s>    ( QUESTION0_17_R 1 -7.691e+03 1.473e+02 3.825e+01
s>        ( - -4.683e+03 2 0)
s>        ( - -2.861e+03 4 0))INFO: dtree.c(1478): Final simple tree
|( QUESTION12 -1 -1.300e+04 1.663e+02 6.325e+01
|    ( - -2.211e+02 1 0)
|    ( QUESTION2 -1 -1.261e+04 1.613e+02 6.125e+01
|        ( - -6.308e+02 2 0)
|        ( QUESTION0 -1 -1.182e+04 1.432e+02 5.725e+01
|            ( WDBNDRY_I 0 -1.142e+04 1.147e+02 5.525e+01
|                ( QUESTION0_13_R 1 -7.418e+02 1.893e+02 4.000e+00
|                    ( - -2.658e+02 1 0)
|                    ( - -2.867e+02 1 0))
|                ( WDBNDRY_B 0 -1.057e+04 1.112e+02 5.125e+01
|                    ( - -8.708e+03 6 0)
|                    ( QUESTION0_13_R 1 -1.746e+03 1.173e+02 9.000e+00
|                        ( - -1.306e+03 2 0)
|                        ( - -3.222e+02 2 0))))
|            ( - -2.506e+02 1 0))))
s>    ( QUESTION12 -1 -1.300e+04 1.663e+02 6.325e+01
s>        ( - -2.211e+02 1 0)
s>        ( QUESTION2 -1 -1.261e+04 1.613e+02 6.125e+01
s>            ( - -6.308e+02 2 0)
s>            ( QUESTION0 -1 -1.182e+04 1.432e+02 5.725e+01
s>                ( WDBNDRY_I 0 -1.142e+04 1.147e+02 5.525e+01
s>                    ( QUESTION0_13_R 1 -7.418e+02 1.893e+02 4.000e+00
s>                        ( - -2.658e+02 1 0)
s>                        ( - -2.867e+02 1 0))
s>                    ( WDBNDRY_B 0 -1.057e+04 1.112e+02 5.125e+01
s>                        ( - -8.708e+03 6 0)
s>                        ( QUESTION0_13_R 1 -1.746e+03 1.173e+02 9.000e+00
s>                            ( - -1.306e+03 2 0)
s>                            ( - -3.222e+02 2 0))))
s>                ( - -2.506e+02 1 0))))INFO: dtree.c(1315): Comp split 30
INFO: dtree.c(1315): Comp split 31
INFO: dtree.c(1439): stop. leaf nodes are specific
INFO: dtree.c(1478): Final simple tree
|( QUESTION12 -1 -1.256e+04 1.664e+02 6.125e+01
|    ( - -2.211e+02 1 0)
|    ( QUESTION2 -1 -1.217e+04 1.619e+02 5.925e+01
|        ( - -6.308e+02 2 0)
|        ( QUESTION0 -1 -1.138e+04 1.449e+02 5.525e+01
|            ( WDBNDRY_I 0 -1.098e+04 1.302e+02 5.325e+01
|                ( - -2.867e+02 1 0)
|                ( WDBNDRY_B 0 -1.057e+04 1.112e+02 5.125e+01
|                    ( - -8.708e+03 6 0)
|                    ( QUESTION0_13_R 1 -1.746e+03 1.173e+02 9.000e+00
|                        ( - -1.306e+03 2 0)
|                        ( - -3.222e+02 2 0))))
|            ( - -2.506e+02 1 0))))
s>    ( QUESTION12 -1 -1.256e+04 1.664e+02 6.125e+01
s>        ( - -2.211e+02 1 0)
s>        ( QUESTION2 -1 -1.217e+04 1.619e+02 5.925e+01
s>            ( - -6.308e+02 2 0)
s>            ( QUESTION0 -1 -1.138e+04 1.449e+02 5.525e+01
s>                ( WDBNDRY_I 0 -1.098e+04 1.302e+02 5.325e+01
s>                    ( - -2.867e+02 1 0)
s>                    ( WDBNDRY_B 0 -1.057e+04 1.112e+02 5.125e+01
s>                        ( - -8.708e+03 6 0)
s>                        ( QUESTION0_13_R 1 -1.746e+03 1.173e+02 9.000e+00
s>                            ( - -1.306e+03 2 0)
s>                            ( - -3.222e+02 2 0))))
s>                ( - -2.506e+02 1 0))))INFO: dtree.c(1315): Comp split 32
INFO: dtree.c(1439): stop. leaf nodes are specific
INFO: dtree.c(1478): Final simple tree
|( WDBNDRY_B 0 -1.395e+04 1.207e+02 6.873e+01
|    ( - -1.333e+04 7 0)
|    ( - -4.963e+02 1 0))
s>    ( WDBNDRY_B 0 -1.395e+04 1.207e+02 6.873e+01
s>        ( - -1.333e+04 7 0)
s>        ( - -4.963e+02 1 0))INFO: dtree.c(1315): Comp split 33
INFO: dtree.c(1439): stop. leaf nodes are specific
INFO: dtree.c(1478): Final simple tree
|( QUESTION2 -1 -1.217e+04 1.619e+02 5.925e+01
|    ( - -6.308e+02 2 0)
|    ( QUESTION0 -1 -1.138e+04 1.449e+02 5.525e+01
|        ( WDBNDRY_I 0 -1.098e+04 1.302e+02 5.325e+01
|            ( - -2.867e+02 1 0)
|            ( WDBNDRY_B 0 -1.057e+04 1.112e+02 5.125e+01
|                ( - -8.708e+03 6 0)
|                ( QUESTION0_13_R 1 -1.746e+03 1.173e+02 9.000e+00
|                    ( - -1.306e+03 2 0)
|                    ( - -3.222e+02 2 0))))
|        ( - -2.506e+02 1 0)))
s>    ( QUESTION2 -1 -1.217e+04 1.619e+02 5.925e+01
s>        ( - -6.308e+02 2 0)
s>        ( QUESTION0 -1 -1.138e+04 1.449e+02 5.525e+01
s>            ( WDBNDRY_I 0 -1.098e+04 1.302e+02 5.325e+01
s>                ( - -2.867e+02 1 0)
s>                ( WDBNDRY_B 0 -1.057e+04 1.112e+02 5.125e+01
s>                    ( - -8.708e+03 6 0)
s>                    ( QUESTION0_13_R 1 -1.746e+03 1.173e+02 9.000e+00
s>                        ( - -1.306e+03 2 0)
s>                        ( - -3.222e+02 2 0))))
s>            ( - -2.506e+02 1 0)))INFO: dtree.c(1315): Comp split 34
INFO: dtree.c(1315): Comp split 35
INFO: dtree.c(1439): stop. leaf nodes are specific
INFO: dtree.c(1478): Final simple tree
|( QUESTION0 -1 -1.138e+04 1.449e+02 5.525e+01
|    ( WDBNDRY_I 0 -1.098e+04 1.302e+02 5.325e+01
|        ( - -2.867e+02 1 0)
|        ( WDBNDRY_B 0 -1.057e+04 1.112e+02 5.125e+01
|            ( - -8.708e+03 6 0)
|            ( QUESTION0_13_R 1 -1.746e+03 1.173e+02 9.000e+00
|                ( - -1.306e+03 2 0)
|                ( - -3.222e+02 2 0))))
|    ( - -2.506e+02 1 0))
s>    ( QUESTION0 -1 -1.138e+04 1.449e+02 5.525e+01
s>        ( WDBNDRY_I 0 -1.098e+04 1.302e+02 5.325e+01
s>            ( - -2.867e+02 1 0)
s>            ( WDBNDRY_B 0 -1.057e+04 1.112e+02 5.125e+01
s>                ( - -8.708e+03 6 0)
s>                ( QUESTION0_13_R 1 -1.746e+03 1.173e+02 9.000e+00
s>                    ( - -1.306e+03 2 0)
s>                    ( - -3.222e+02 2 0))))
s>        ( - -2.506e+02 1 0))INFO: dtree.c(1315): Comp split 36
INFO: dtree.c(1439): stop. leaf nodes are specific
INFO: dtree.c(1478): Final simple tree
|( WDBNDRY_E 0 -1.339e+04 1.353e+02 6.820e+01
|    ( - -8.978e+02 1 0)
|    ( - -1.235e+04 1 0))
s>    ( WDBNDRY_E 0 -1.339e+04 1.353e+02 6.820e+01
s>        ( - -8.978e+02 1 0)
s>        ( - -1.235e+04 1 0))INFO: dtree.c(1315): Comp split 37
INFO: dtree.c(1478): Final simple tree
|( QUESTION14 1 -1.666e+04 1.568e+02 8.307e+01
|    ( QUESTION0_2_R 1 -7.493e+03 1.264e+02 3.799e+01
|        ( WDBNDRY_E 0 -4.029e+03 1.272e+02 2.099e+01
|            ( - -3.131e+02 2 0)
|            ( - -3.589e+03 1 0))
|        ( - -3.338e+03 5 0 QUESTION17 1 9.458e+01 1.700e+01))
|    ( QUESTION0_2_R 1 -9.012e+03 1.283e+02 4.508e+01
|        ( WDBNDRY_E 0 -6.510e+03 1.023e+02 3.308e+01
|            ( - -3.626e+03 5 0 QUESTION0 -1 8.375e+01 1.803e+01)
|            ( - -2.782e+03 3 0 QUESTION0 -1 4.609e+02 1.505e+01))
|        ( QUESTION0 -1 -2.373e+03 1.365e+02 1.200e+01
|            ( - -2.602e+02 1 0)
|            ( QUESTION0_13_R 1 -1.977e+03 1.241e+02 1.000e+01
|                ( - -4.613e+02 1 0)
|                ( - -1.391e+03 3 0 WDBNDRY_E 0 9.651e+01 7.000e+00)))))
s>    ( QUESTION14 1 -1.666e+04 1.568e+02 8.307e+01
s>        ( QUESTION0_2_R 1 -7.493e+03 1.264e+02 3.799e+01
s>            ( WDBNDRY_E 0 -4.029e+03 1.272e+02 2.099e+01
s>                ( - -3.131e+02 2 0)
s>                ( - -3.589e+03 1 0))
s>            ( - -3.338e+03 5 0 QUESTION17 1 9.458e+01 1.700e+01))
s>        ( QUESTION0_2_R 1 -9.012e+03 1.283e+02 4.508e+01
s>            ( WDBNDRY_E 0 -6.510e+03 1.023e+02 3.308e+01
s>                ( - -3.626e+03 5 0 QUESTION0 -1 8.375e+01 1.803e+01)
s>                ( - -2.782e+03 3 0 QUESTION0 -1 4.609e+02 1.505e+01))
s>            ( QUESTION0 -1 -2.373e+03 1.365e+02 1.200e+01
s>                ( - -2.602e+02 1 0)
s>                ( QUESTION0_13_R 1 -1.977e+03 1.241e+02 1.000e+01
s>                    ( - -4.613e+02 1 0)
s>                    ( - -1.391e+03 3 0 WDBNDRY_E 0 9.651e+01 7.000e+00)))))INFO: dtree.c(1315): Comp split 38
INFO: dtree.c(1478): Final simple tree
|( QUESTION0_2_R 1 -9.012e+03 1.283e+02 4.508e+01
|    ( WDBNDRY_E 0 -6.510e+03 1.023e+02 3.308e+01
|        ( QUESTION0 -1 -3.626e+03 8.375e+01 1.803e+01
|            ( - -7.502e+02 3 0)
|            ( - -2.792e+03 2 0))
|        ( QUESTION0 -1 -2.782e+03 4.609e+02 1.505e+01
|            ( - 2.412e+02 1 0)
|            ( - -2.562e+03 2 0)))
|    ( QUESTION0 -1 -2.373e+03 1.365e+02 1.200e+01
|        ( - -2.602e+02 1 0)
|        ( QUESTION0_13_R 1 -1.977e+03 1.241e+02 1.000e+01
|            ( - -4.613e+02 1 0)
|            ( WDBNDRY_E 0 -1.391e+03 9.651e+01 7.000e+00
|                ( - -7.611e+02 1 0)
|                ( - -5.336e+02 2 0)))))
s>    ( QUESTION0_2_R 1 -9.012e+03 1.283e+02 4.508e+01
s>        ( WDBNDRY_E 0 -6.510e+03 1.023e+02 3.308e+01
s>            ( QUESTION0 -1 -3.626e+03 8.375e+01 1.803e+01
s>                ( - -7.502e+02 3 0)
s>                ( - -2.792e+03 2 0))
s>            ( QUESTION0 -1 -2.782e+03 4.609e+02 1.505e+01
s>                ( - 2.412e+02 1 0)
s>                ( - -2.562e+03 2 0)))
s>        ( QUESTION0 -1 -2.373e+03 1.365e+02 1.200e+01
s>            ( - -2.602e+02 1 0)
s>            ( QUESTION0_13_R 1 -1.977e+03 1.241e+02 1.000e+01
s>                ( - -4.613e+02 1 0)
s>                ( WDBNDRY_E 0 -1.391e+03 9.651e+01 7.000e+00
s>                    ( - -7.611e+02 1 0)
s>                    ( - -5.336e+02 2 0)))))INFO: dtree.c(1439): stop. leaf nodes are specific
INFO: dtree.c(1478): Final simple tree
|( QUESTION0_2_R 1 -7.493e+03 1.264e+02 3.799e+01
|    ( WDBNDRY_E 0 -4.029e+03 1.272e+02 2.099e+01
|        ( - -3.131e+02 2 0)
|        ( - -3.589e+03 1 0))
|    ( QUESTION17 1 -3.338e+03 9.458e+01 1.700e+01
|        ( - -2.909e+02 1 0)
|        ( QUESTION0 -1 -2.952e+03 7.881e+01 1.500e+01
|            ( - -1.536e+03 2 0)
|            ( - -1.338e+03 2 0))))
s>    ( QUESTION0_2_R 1 -7.493e+03 1.264e+02 3.799e+01
s>        ( WDBNDRY_E 0 -4.029e+03 1.272e+02 2.099e+01
s>            ( - -3.131e+02 2 0)
s>            ( - -3.589e+03 1 0))
s>        ( QUESTION17 1 -3.338e+03 9.458e+01 1.700e+01
s>            ( - -2.909e+02 1 0)
s>            ( QUESTION0 -1 -2.952e+03 7.881e+01 1.500e+01
s>                ( - -1.536e+03 2 0)
s>                ( - -1.338e+03 2 0))))INFO: dtree.c(1315): Comp split 39
INFO: dtree.c(1439): stop. leaf nodes are specific
INFO: dtree.c(1478): Final simple tree
|( QUESTION0_2_R 1 -8.805e+03 1.255e+02 4.408e+01
|    ( WDBNDRY_E 0 -6.306e+03 1.181e+02 3.208e+01
|        ( QUESTION0 -1 -3.626e+03 8.375e+01 1.803e+01
|            ( - -7.502e+02 3 0)
|            ( - -2.792e+03 2 0))
|        ( - -2.562e+03 2 0))
|    ( QUESTION0 -1 -2.373e+03 1.365e+02 1.200e+01
|        ( - -2.602e+02 1 0)
|        ( QUESTION0_13_R 1 -1.977e+03 1.241e+02 1.000e+01
|            ( - -4.613e+02 1 0)
|            ( WDBNDRY_E 0 -1.391e+03 9.651e+01 7.000e+00
|                ( - -7.611e+02 1 0)
|                ( - -5.336e+02 2 0)))))
s>    ( QUESTION0_2_R 1 -8.805e+03 1.255e+02 4.408e+01
s>        ( WDBNDRY_E 0 -6.306e+03 1.181e+02 3.208e+01
s>            ( QUESTION0 -1 -3.626e+03 8.375e+01 1.803e+01
s>                ( - -7.502e+02 3 0)
s>                ( - -2.792e+03 2 0))
s>            ( - -2.562e+03 2 0))
s>        ( QUESTION0 -1 -2.373e+03 1.365e+02 1.200e+01
s>            ( - -2.602e+02 1 0)
s>            ( QUESTION0_13_R 1 -1.977e+03 1.241e+02 1.000e+01
s>                ( - -4.613e+02 1 0)
s>                ( WDBNDRY_E 0 -1.391e+03 9.651e+01 7.000e+00
s>                    ( - -7.611e+02 1 0)
s>                    ( - -5.336e+02 2 0)))))INFO: dtree.c(1315): Comp split 40
INFO: dtree.c(1439): stop. leaf nodes are specific
INFO: dtree.c(1478): Final simple tree
|( QUESTION0 -1 -1.441e+04 1.154e+02 7.201e+01
|    ( WDBNDRY_B 0 -9.031e+03 1.230e+02 4.501e+01
|        ( - -4.014e+03 5 0)
|        ( QUESTION0 1 -4.894e+03 8.321e+01 2.401e+01
|            ( - -4.083e+03 3 0)
|            ( - -7.283e+02 2 0)))
|    ( QUESTION2 -1 -5.267e+03 1.018e+02 2.700e+01
|        ( WDBNDRY_B 0 -4.227e+03 1.031e+02 2.200e+01
|            ( - -1.440e+03 2 0)
|            ( QUESTION0 1 -2.684e+03 9.893e+01 1.400e+01
|                ( - -1.655e+03 2 0)
|                ( - -9.298e+02 2 0)))
|        ( - -9.385e+02 1 0)))
s>    ( QUESTION0 -1 -1.441e+04 1.154e+02 7.201e+01
s>        ( WDBNDRY_B 0 -9.031e+03 1.230e+02 4.501e+01
s>            ( - -4.014e+03 5 0)
s>            ( QUESTION0 1 -4.894e+03 8.321e+01 2.401e+01
s>                ( - -4.083e+03 3 0)
s>                ( - -7.283e+02 2 0)))
s>        ( QUESTION2 -1 -5.267e+03 1.018e+02 2.700e+01
s>            ( WDBNDRY_B 0 -4.227e+03 1.031e+02 2.200e+01
s>                ( - -1.440e+03 2 0)
s>                ( QUESTION0 1 -2.684e+03 9.893e+01 1.400e+01
s>                    ( - -1.655e+03 2 0)
s>                    ( - -9.298e+02 2 0)))
s>            ( - -9.385e+02 1 0)))INFO: dtree.c(1315): Comp split 41
INFO: dtree.c(1315): Comp split 42
INFO: dtree.c(1439): stop. leaf nodes are specific
INFO: dtree.c(1478): Final simple tree
|( QUESTION5 -1 -1.259e+04 1.043e+02 6.123e+01
|    ( - -9.342e+02 2 0)
|    ( QUESTION2 -1 -1.155e+04 8.075e+01 5.623e+01
|        ( - -6.326e+03 4 0)
|        ( - -5.146e+03 6 0)))
s>    ( QUESTION5 -1 -1.259e+04 1.043e+02 6.123e+01
s>        ( - -9.342e+02 2 0)
s>        ( QUESTION2 -1 -1.155e+04 8.075e+01 5.623e+01
s>            ( - -6.326e+03 4 0)
s>            ( - -5.146e+03 6 0)))INFO: dtree.c(1439): stop. leaf nodes are specific
INFO: dtree.c(1478): Final simple tree
|( QUESTION16 -1 -3.354e+04 1.272e+02 1.631e+02
|    ( - -5.494e+03 3 0)
|    ( QUESTION2 -1 -2.792e+04 9.974e+01 1.361e+02
|        ( - -2.692e+04 18 0)
|        ( - -9.029e+02 1 0)))
s>    ( QUESTION16 -1 -3.354e+04 1.272e+02 1.631e+02
s>        ( - -5.494e+03 3 0)
s>        ( QUESTION2 -1 -2.792e+04 9.974e+01 1.361e+02
s>            ( - -2.692e+04 18 0)
s>            ( - -9.029e+02 1 0)))INFO: dtree.c(1315): Comp split 43
INFO: dtree.c(1315): Comp split 44
INFO: dtree.c(1439): stop. leaf nodes are specific
INFO: dtree.c(1478): Final simple tree
|( QUESTION0 1 -4.894e+03 8.321e+01 2.401e+01
|    ( - -4.083e+03 3 0)
|    ( - -7.283e+02 2 0))
s>    ( QUESTION0 1 -4.894e+03 8.321e+01 2.401e+01
s>        ( - -4.083e+03 3 0)
s>        ( - -7.283e+02 2 0))INFO: dtree.c(1439): stop. leaf nodes are specific
INFO: dtree.c(1478): Final simple tree
|( WDBNDRY_B 0 -9.373e+03 1.072e+02 4.800e+01
|    ( QUESTION11 -1 -6.582e+03 1.017e+02 3.400e+01
|        ( - -9.385e+02 1 0)
|        ( QUESTION0 -1 -5.542e+03 8.815e+01 2.900e+01
|            ( - -4.014e+03 5 0)
|            ( - -1.440e+03 2 0)))
|    ( QUESTION0 1 -2.684e+03 9.893e+01 1.400e+01
|        ( - -1.655e+03 2 0)
|        ( - -9.298e+02 2 0)))
s>    ( WDBNDRY_B 0 -9.373e+03 1.072e+02 4.800e+01
s>        ( QUESTION11 -1 -6.582e+03 1.017e+02 3.400e+01
s>            ( - -9.385e+02 1 0)
s>            ( QUESTION0 -1 -5.542e+03 8.815e+01 2.900e+01
s>                ( - -4.014e+03 5 0)
s>                ( - -1.440e+03 2 0)))
s>        ( QUESTION0 1 -2.684e+03 9.893e+01 1.400e+01
s>            ( - -1.655e+03 2 0)
s>            ( - -9.298e+02 2 0)))INFO: dtree.c(1315): Comp split 45
INFO: dtree.c(1439): stop. leaf nodes are specific
INFO: dtree.c(1478): Final simple tree
|( WDBNDRY_I 0 -1.098e+04 1.302e+02 5.325e+01
|    ( - -2.867e+02 1 0)
|    ( WDBNDRY_B 0 -1.057e+04 1.112e+02 5.125e+01
|        ( - -8.708e+03 6 0)
|        ( QUESTION0_13_R 1 -1.746e+03 1.173e+02 9.000e+00
|            ( - -1.306e+03 2 0)
|            ( - -3.222e+02 2 0))))
s>    ( WDBNDRY_I 0 -1.098e+04 1.302e+02 5.325e+01
s>        ( - -2.867e+02 1 0)
s>        ( WDBNDRY_B 0 -1.057e+04 1.112e+02 5.125e+01
s>            ( - -8.708e+03 6 0)
s>            ( QUESTION0_13_R 1 -1.746e+03 1.173e+02 9.000e+00
s>                ( - -1.306e+03 2 0)
s>                ( - -3.222e+02 2 0))))INFO: dtree.c(1315): Comp split 46
INFO: dtree.c(1439): stop. leaf nodes are specific
INFO: dtree.c(1478): Final simple tree
|( QUESTION2_5_L -1 -1.430e+04 1.284e+02 7.093e+01
|    ( - -4.746e+02 1 0)
|    ( QUESTION2_11_L -1 -1.370e+04 1.075e+02 6.793e+01
|        ( - -1.707e+03 1 0)
|        ( QUESTION12 -1 -1.189e+04 9.346e+01 5.893e+01
|            ( - -5.026e+02 1 0)
|            ( QUESTION0 -1 -1.129e+04 7.329e+01 5.593e+01
|                ( - -4.814e+03 5 0)
|                ( QUESTION2 -1 -6.402e+03 7.154e+01 3.193e+01
|                    ( - -4.620e+03 4 0)
|                    ( - -1.711e+03 1 0))))))
s>    ( QUESTION2_5_L -1 -1.430e+04 1.284e+02 7.093e+01
s>        ( - -4.746e+02 1 0)
s>        ( QUESTION2_11_L -1 -1.370e+04 1.075e+02 6.793e+01
s>            ( - -1.707e+03 1 0)
s>            ( QUESTION12 -1 -1.189e+04 9.346e+01 5.893e+01
s>                ( - -5.026e+02 1 0)
s>                ( QUESTION0 -1 -1.129e+04 7.329e+01 5.593e+01
s>                    ( - -4.814e+03 5 0)
s>                    ( QUESTION2 -1 -6.402e+03 7.154e+01 3.193e+01
s>                        ( - -4.620e+03 4 0)
s>                        ( - -1.711e+03 1 0))))))INFO: dtree.c(1315): Comp split 47
INFO: dtree.c(1439): stop. leaf nodes are specific
INFO: dtree.c(1478): Final simple tree
|( QUESTION0_13_R 1 -8.204e+03 1.390e+02 4.108e+01
|    ( - -2.602e+02 1 0)
|    ( QUESTION0_2_R 1 -7.805e+03 1.073e+02 3.908e+01
|        ( WDBNDRY_E 0 -6.306e+03 1.181e+02 3.208e+01
|            ( QUESTION0 -1 -3.626e+03 8.375e+01 1.803e+01
|                ( - -7.502e+02 3 0)
|                ( - -2.792e+03 2 0))
|            ( - -2.562e+03 2 0))
|        ( WDBNDRY_E 0 -1.391e+03 9.651e+01 7.000e+00
|            ( - -7.611e+02 1 0)
|            ( - -5.336e+02 2 0))))
s>    ( QUESTION0_13_R 1 -8.204e+03 1.390e+02 4.108e+01
s>        ( - -2.602e+02 1 0)
s>        ( QUESTION0_2_R 1 -7.805e+03 1.073e+02 3.908e+01
s>            ( WDBNDRY_E 0 -6.306e+03 1.181e+02 3.208e+01
s>                ( QUESTION0 -1 -3.626e+03 8.375e+01 1.803e+01
s>                    ( - -7.502e+02 3 0)
s>                    ( - -2.792e+03 2 0))
s>                ( - -2.562e+03 2 0))
s>            ( WDBNDRY_E 0 -1.391e+03 9.651e+01 7.000e+00
s>                ( - -7.611e+02 1 0)
s>                ( - -5.336e+02 2 0))))INFO: dtree.c(1315): Comp split 48
INFO: dtree.c(1315): Comp split 49
INFO: dtree.c(1315): Comp split 50
INFO: dtree.c(1439): stop. leaf nodes are specific
INFO: dtree.c(1478): Final simple tree
|( QUESTION0_2_R 1 -7.805e+03 1.073e+02 3.908e+01
|    ( WDBNDRY_E 0 -6.306e+03 1.181e+02 3.208e+01
|        ( QUESTION0 -1 -3.626e+03 8.375e+01 1.803e+01
|            ( - -7.502e+02 3 0)
|            ( - -2.792e+03 2 0))
|        ( - -2.562e+03 2 0))
|    ( WDBNDRY_E 0 -1.391e+03 9.651e+01 7.000e+00
|        ( - -7.611e+02 1 0)
|        ( - -5.336e+02 2 0)))
s>    ( QUESTION0_2_R 1 -7.805e+03 1.073e+02 3.908e+01
s>        ( WDBNDRY_E 0 -6.306e+03 1.181e+02 3.208e+01
s>            ( QUESTION0 -1 -3.626e+03 8.375e+01 1.803e+01
s>                ( - -7.502e+02 3 0)
s>                ( - -2.792e+03 2 0))
s>            ( - -2.562e+03 2 0))
s>        ( WDBNDRY_E 0 -1.391e+03 9.651e+01 7.000e+00
s>            ( - -7.611e+02 1 0)
s>            ( - -5.336e+02 2 0)))INFO: dtree.c(1315): Comp split 51
INFO: dtree.c(1439): stop. leaf nodes are specific
INFO: dtree.c(1478): Final simple tree
|( WDBNDRY_E 0 -5.104e+03 1.003e+02 2.503e+01
|    ( QUESTION0_2_R 1 -4.470e+03 8.241e+01 2.203e+01
|        ( QUESTION0 -1 -3.626e+03 8.375e+01 1.803e+01
|            ( - -7.502e+02 3 0)
|            ( - -2.792e+03 2 0))
|        ( - -7.611e+02 1 0))
|    ( - -5.336e+02 2 0))
s>    ( WDBNDRY_E 0 -5.104e+03 1.003e+02 2.503e+01
s>        ( QUESTION0_2_R 1 -4.470e+03 8.241e+01 2.203e+01
s>            ( QUESTION0 -1 -3.626e+03 8.375e+01 1.803e+01
s>                ( - -7.502e+02 3 0)
s>                ( - -2.792e+03 2 0))
s>            ( - -7.611e+02 1 0))
s>        ( - -5.336e+02 2 0))INFO: dtree.c(1315): Comp split 52
INFO: dtree.c(1315): Comp split 53
INFO: dtree.c(1315): Comp split 54
INFO: dtree.c(1439): stop. leaf nodes are specific
INFO: dtree.c(1478): Final simple tree
|( WDBNDRY_E 0 -3.773e+03 1.223e+02 1.900e+01
|    ( - -3.131e+02 2 0)
|    ( QUESTION17 1 -3.338e+03 9.458e+01 1.700e+01
|        ( - -2.909e+02 1 0)
|        ( QUESTION0 -1 -2.952e+03 7.881e+01 1.500e+01
|            ( - -1.536e+03 2 0)
|            ( - -1.338e+03 2 0))))
s>    ( WDBNDRY_E 0 -3.773e+03 1.223e+02 1.900e+01
s>        ( - -3.131e+02 2 0)
s>        ( QUESTION17 1 -3.338e+03 9.458e+01 1.700e+01
s>            ( - -2.909e+02 1 0)
s>            ( QUESTION0 -1 -2.952e+03 7.881e+01 1.500e+01
s>                ( - -1.536e+03 2 0)
s>                ( - -1.338e+03 2 0))))INFO: dtree.c(1315): Comp split 55
INFO: dtree.c(1439): stop. leaf nodes are specific
INFO: dtree.c(1478): Final simple tree
|( WDBNDRY_B 0 -1.057e+04 1.112e+02 5.125e+01
|    ( - -8.708e+03 6 0)
|    ( QUESTION0_13_R 1 -1.746e+03 1.173e+02 9.000e+00
|        ( - -1.306e+03 2 0)
|        ( - -3.222e+02 2 0)))
s>    ( WDBNDRY_B 0 -1.057e+04 1.112e+02 5.125e+01
s>        ( - -8.708e+03 6 0)
s>        ( QUESTION0_13_R 1 -1.746e+03 1.173e+02 9.000e+00
s>            ( - -1.306e+03 2 0)
s>            ( - -3.222e+02 2 0)))INFO: dtree.c(1315): Comp split 56
INFO: dtree.c(1315): Comp split 57
INFO: dtree.c(1439): stop. leaf nodes are specific
INFO: dtree.c(1478): Final simple tree
|( QUESTION2_11_L -1 -1.370e+04 1.075e+02 6.793e+01
|    ( - -1.707e+03 1 0)
|    ( QUESTION12 -1 -1.189e+04 9.346e+01 5.893e+01
|        ( - -5.026e+02 1 0)
|        ( QUESTION0 -1 -1.129e+04 7.329e+01 5.593e+01
|            ( - -4.814e+03 5 0)
|            ( QUESTION2 -1 -6.402e+03 7.154e+01 3.193e+01
|                ( - -4.620e+03 4 0)
|                ( - -1.711e+03 1 0)))))
s>    ( QUESTION2_11_L -1 -1.370e+04 1.075e+02 6.793e+01
s>        ( - -1.707e+03 1 0)
s>        ( QUESTION12 -1 -1.189e+04 9.346e+01 5.893e+01
s>            ( - -5.026e+02 1 0)
s>            ( QUESTION0 -1 -1.129e+04 7.329e+01 5.593e+01
s>                ( - -4.814e+03 5 0)
s>                ( QUESTION2 -1 -6.402e+03 7.154e+01 3.193e+01
s>                    ( - -4.620e+03 4 0)
s>                    ( - -1.711e+03 1 0)))))INFO: dtree.c(1315): Comp split 58
INFO: dtree.c(1439): stop. leaf nodes are specific
INFO: dtree.c(1478): Final simple tree
|( QUESTION2 -1 -2.792e+04 9.974e+01 1.361e+02
|    ( - -2.692e+04 18 0)
|    ( - -9.029e+02 1 0))
s>    ( QUESTION2 -1 -2.792e+04 9.974e+01 1.361e+02
s>        ( - -2.692e+04 18 0)
s>        ( - -9.029e+02 1 0))INFO: dtree.c(1315): Comp split 59
INFO: dtree.c(1439): stop. leaf nodes are specific
INFO: dtree.c(1478): Final simple tree
|( QUESTION11 -1 -7.594e+03 9.540e+01 3.900e+01
|    ( - -9.385e+02 1 0)
|    ( QUESTION0 -1 -6.560e+03 9.151e+01 3.400e+01
|        ( - -4.014e+03 5 0)
|        ( WDBNDRY_B 0 -2.455e+03 8.507e+01 1.300e+01
|            ( - -1.440e+03 2 0)
|            ( - -9.298e+02 2 0))))
s>    ( QUESTION11 -1 -7.594e+03 9.540e+01 3.900e+01
s>        ( - -9.385e+02 1 0)
s>        ( QUESTION0 -1 -6.560e+03 9.151e+01 3.400e+01
s>            ( - -4.014e+03 5 0)
s>            ( WDBNDRY_B 0 -2.455e+03 8.507e+01 1.300e+01
s>                ( - -1.440e+03 2 0)
s>                ( - -9.298e+02 2 0))))INFO: dtree.c(1315): Comp split 60
INFO: dtree.c(1439): stop. leaf nodes are specific
INFO: dtree.c(1478): Final simple tree
|( WDBNDRY_B 0 -9.137e+03 1.061e+02 4.425e+01
|    ( - -8.708e+03 6 0)
|    ( - -3.222e+02 2 0))
s>    ( WDBNDRY_B 0 -9.137e+03 1.061e+02 4.425e+01
s>        ( - -8.708e+03 6 0)
s>        ( - -3.222e+02 2 0))INFO: dtree.c(1315): Comp split 61
INFO: dtree.c(1439): stop. leaf nodes are specific
INFO: dtree.c(1478): Final simple tree
|( QUESTION17 1 -3.338e+03 9.458e+01 1.700e+01
|    ( - -2.909e+02 1 0)
|    ( QUESTION0 -1 -2.952e+03 7.881e+01 1.500e+01
|        ( - -1.536e+03 2 0)
|        ( - -1.338e+03 2 0)))
s>    ( QUESTION17 1 -3.338e+03 9.458e+01 1.700e+01
s>        ( - -2.909e+02 1 0)
s>        ( QUESTION0 -1 -2.952e+03 7.881e+01 1.500e+01
s>            ( - -1.536e+03 2 0)
s>            ( - -1.338e+03 2 0)))INFO: dtree.c(1315): Comp split 62
INFO: dtree.c(1315): Comp split 63
INFO: dtree.c(1439): stop. leaf nodes are specific
INFO: dtree.c(1478): Final simple tree
|( QUESTION0 -1 -1.129e+04 7.329e+01 5.593e+01
|    ( - -4.814e+03 5 0)
|    ( QUESTION2 -1 -6.402e+03 7.154e+01 3.193e+01
|        ( - -4.620e+03 4 0)
|        ( - -1.711e+03 1 0)))
s>    ( QUESTION0 -1 -1.129e+04 7.329e+01 5.593e+01
s>        ( - -4.814e+03 5 0)
s>        ( QUESTION2 -1 -6.402e+03 7.154e+01 3.193e+01
s>            ( - -4.620e+03 4 0)
s>            ( - -1.711e+03 1 0)))INFO: dtree.c(1439): stop. leaf nodes are specific
INFO: dtree.c(1478): Final simple tree
|( QUESTION12 -1 -2.293e+03 8.322e+01 1.200e+01
|    ( - -5.026e+02 1 0)
|    ( - -1.707e+03 1 0))
s>    ( QUESTION12 -1 -2.293e+03 8.322e+01 1.200e+01
s>        ( - -5.026e+02 1 0)
s>        ( - -1.707e+03 1 0))INFO: dtree.c(1315): Comp split 64
INFO: dtree.c(1439): stop. leaf nodes are specific
INFO: dtree.c(1478): Final simple tree
|( WDBNDRY_E 0 -1.508e+03 1.007e+02 8.000e+00
|    ( - -4.774e+02 1 0)
|    ( - -9.303e+02 1 0))
s>    ( WDBNDRY_E 0 -1.508e+03 1.007e+02 8.000e+00
s>        ( - -4.774e+02 1 0)
s>        ( - -9.303e+02 1 0))INFO: dtree.c(1315): Comp split 65
INFO: dtree.c(1439): stop. leaf nodes are specific
INFO: dtree.c(1478): Final simple tree
|( WDBNDRY_B 0 -1.943e+03 7.506e+01 1.000e+01
|    ( - -9.385e+02 1 0)
|    ( - -9.298e+02 2 0))
s>    ( WDBNDRY_B 0 -1.943e+03 7.506e+01 1.000e+01
s>        ( - -9.385e+02 1 0)
s>        ( - -9.298e+02 2 0))INFO: dtree.c(1439): stop. leaf nodes are specific
INFO: dtree.c(1478): Final simple tree
|( QUESTION0 -1 -5.542e+03 8.815e+01 2.900e+01
|    ( - -4.014e+03 5 0)
|    ( - -1.440e+03 2 0))
s>    ( QUESTION0 -1 -5.542e+03 8.815e+01 2.900e+01
s>        ( - -4.014e+03 5 0)
s>        ( - -1.440e+03 2 0))INFO: dtree.c(1315): Comp split 66
INFO: dtree.c(1439): stop. leaf nodes are specific
INFO: dtree.c(1478): Final simple tree
|( QUESTION2_11_L -1 -2.652e+04 9.558e+01 1.256e+02
|    ( - -8.105e+03 4 0)
|    ( SILENCE -1 -1.832e+04 7.698e+01 8.578e+01
|        ( - -9.031e+03 3 0)
|        ( - -9.211e+03 7 0)))
s>    ( QUESTION2_11_L -1 -2.652e+04 9.558e+01 1.256e+02
s>        ( - -8.105e+03 4 0)
s>        ( SILENCE -1 -1.832e+04 7.698e+01 8.578e+01
s>            ( - -9.031e+03 3 0)
s>            ( - -9.211e+03 7 0)))INFO: dtree.c(1315): Comp split 67
INFO: dtree.c(1315): Comp split 68
INFO: dtree.c(1439): stop. leaf nodes are specific
INFO: dtree.c(1478): Final simple tree
|( QUESTION2 -1 -1.155e+04 8.075e+01 5.623e+01
|    ( - -6.326e+03 4 0)
|    ( - -5.146e+03 6 0))
s>    ( QUESTION2 -1 -1.155e+04 8.075e+01 5.623e+01
s>        ( - -6.326e+03 4 0)
s>        ( - -5.146e+03 6 0))INFO: dtree.c(1315): Comp split 69
INFO: dtree.c(1315): Comp split 70
INFO: dtree.c(1439): stop. leaf nodes are specific
INFO: dtree.c(1478): Final simple tree
|( QUESTION0_2_R 1 -4.470e+03 8.241e+01 2.203e+01
|    ( QUESTION0 -1 -3.626e+03 8.375e+01 1.803e+01
|        ( - -7.502e+02 3 0)
|        ( - -2.792e+03 2 0))
|    ( - -7.611e+02 1 0))
s>    ( QUESTION0_2_R 1 -4.470e+03 8.241e+01 2.203e+01
s>        ( QUESTION0 -1 -3.626e+03 8.375e+01 1.803e+01
s>            ( - -7.502e+02 3 0)
s>            ( - -2.792e+03 2 0))
s>        ( - -7.611e+02 1 0))INFO: dtree.c(1315): Comp split 71
INFO: dtree.c(1315): Comp split 72
INFO: dtree.c(1439): stop. leaf nodes are specific
INFO: dtree.c(1478): Final simple tree
|( SILENCE -1 -1.832e+04 7.698e+01 8.578e+01
|    ( - -9.031e+03 3 0)
|    ( - -9.211e+03 7 0))
s>    ( SILENCE -1 -1.832e+04 7.698e+01 8.578e+01
s>        ( - -9.031e+03 3 0)
s>        ( - -9.211e+03 7 0))INFO: dtree.c(1315): Comp split 73
INFO: dtree.c(1439): stop. leaf nodes are specific
INFO: dtree.c(1478): Final simple tree
|( QUESTION0 -1 -2.952e+03 7.881e+01 1.500e+01
|    ( - -1.536e+03 2 0)
|    ( - -1.338e+03 2 0))
s>    ( QUESTION0 -1 -2.952e+03 7.881e+01 1.500e+01
s>        ( - -1.536e+03 2 0)
s>        ( - -1.338e+03 2 0))INFO: dtree.c(1315): Comp split 74
INFO: dtree.c(1315): Comp split 75
INFO: dtree.c(1315): Comp split 76
INFO: dtree.c(1439): stop. leaf nodes are specific
INFO: dtree.c(1478): Final simple tree
|( QUESTION0_2_R 1 -1.590e+03 7.862e+01 8.000e+00
|    ( - -7.502e+02 3 0)
|    ( - -7.611e+02 1 0))
s>    ( QUESTION0_2_R 1 -1.590e+03 7.862e+01 8.000e+00
s>        ( - -7.502e+02 3 0)
s>        ( - -7.611e+02 1 0))INFO: dtree.c(1315): Comp split 77
INFO: dtree.c(1315): Comp split 78
INFO: dtree.c(1315): Comp split 79
INFO: dtree.c(1315): Comp split 80
INFO: dtree.c(1315): Comp split 81
INFO: dtree.c(1315): Comp split 82
INFO: dtree.c(1315): Comp split 83
INFO: dtree.c(1315): Comp split 84
INFO: dtree.c(1315): Comp split 85
INFO: dtree.c(1439): stop. leaf nodes are specific
INFO: dtree.c(1478): Final simple tree
|( QUESTION2 -1 -6.402e+03 7.154e+01 3.193e+01
|    ( - -4.620e+03 4 0)
|    ( - -1.711e+03 1 0))
s>    ( QUESTION2 -1 -6.402e+03 7.154e+01 3.193e+01
s>        ( - -4.620e+03 4 0)
s>        ( - -1.711e+03 1 0))INFO: dtree.c(1315): Comp split 86
INFO: dtree.c(1315): Comp split 87
INFO: dtree.c(1318): stop. leaf nodes are specific
!!!!!!!!Allocated 66 lines
Fri Apr  8 00:55:50 2016
