Current configuration:
[NAME]		[DEFLT]	[VALUE]
-allphones	no	no
-cntthresh	0.00001	1.000000e-05
-csplitmax	100	2000
-csplitmin	1	1
-csplitthr	8e-4	0.000000e+00
-example	no	no
-fullvar	no	no
-help		no	no
-meanfn			/home/yaroslav/model/model_parameters/ua.cd_cont_untied/means
-mixwfn			/home/yaroslav/model/model_parameters/ua.cd_cont_untied/mixture_weights
-moddeffn		/home/yaroslav/model/model_architecture/ua.untied.mdef
-mwfloor	1e-4	1.000000e-08
-phone			RR
-psetfn			/home/yaroslav/model/model_architecture/ua.tree_questions
-ssplitmax	5	7
-ssplitmin	1	1
-ssplitthr	8e-4	0.000000e+00
-state			1
-stwt			1.0,0.05,0.0,
-treefn			/home/yaroslav/model/trees/ua.unpruned/RR-1.dtree
-ts2cbfn	.semi.	.cont.
-varfloor	0.00001	1.000000e-05
-varfn			/home/yaroslav/model/model_parameters/ua.cd_cont_untied/variances

INFO: main.c(223): Reading: /home/yaroslav/model/model_architecture/ua.untied.mdef
INFO: model_def_io.c(573): Model definition info:
INFO: model_def_io.c(574): 9365 total models defined (51 base, 9314 tri)
INFO: model_def_io.c(575): 37460 total states
INFO: model_def_io.c(576): 28095 total tied states
INFO: model_def_io.c(577): 153 total tied CI states
INFO: model_def_io.c(578): 51 total tied transition matrices
INFO: model_def_io.c(579): 4 max state/model
INFO: model_def_io.c(580): 4 min state/model
INFO: main.c(242): Building trees for [RR A A i] through [RR І І i]
INFO: main.c(269): Covering states |[15927 16040]| == 114
INFO: main.c(275): Reading: /home/yaroslav/model/model_parameters/ua.cd_cont_untied/mixture_weights
INFO: s3mixw_io.c(173): Read /home/yaroslav/model/model_parameters/ua.cd_cont_untied/mixture_weights [114x1x1 array]
INFO: main.c(311): 36 of 38 models have observation count greater than 0.000010
INFO: main.c(95): nrm stwt: 0.045 0.909 0.045 
INFO: s3gau_io.c(169): Read /home/yaroslav/model/model_parameters/ua.cd_cont_untied/means [28095x1x1 array]
INFO: s3gau_io.c(169): Read /home/yaroslav/model/model_parameters/ua.cd_cont_untied/variances [28095x1x1 array]
INFO: main.c(549): Reading: /home/yaroslav/model/model_architecture/ua.tree_questions
INFO: main.c(588): 180 total simple questions (172 phone; 8 word bndry)
INFO: main.c(590): 42 Left Only questions, and 42 Right Only questions
INFO: dtree.c(1478): Final simple tree
|( QUESTION0_0_R 1 -1.180e+05 4.995e+02 5.750e+02
|    ( QUESTION2_12_L -1 -8.748e+04 3.662e+02 4.311e+02
|        ( - -3.846e+04 6 0 WDBNDRY_B 0 2.026e+02 1.871e+02)
|        ( QUESTION2 -1 -4.866e+04 2.653e+02 2.440e+02
|            ( - -2.242e+04 4 0)
|            ( QUESTION14 -1 -2.597e+04 2.129e+02 1.297e+02
|                ( - -5.243e+03 2 0 WDBNDRY_B 0 1.876e+02 2.558e+01)
|                ( - -2.051e+04 10 0 QUESTION2_16_L -1 1.665e+02 1.042e+02))))
|    ( QUESTION8 -1 -3.004e+04 3.703e+02 1.440e+02
|        ( - -6.365e+03 1 0)
|        ( QUESTION2_12_L -1 -2.330e+04 3.173e+02 1.139e+02
|            ( WDBNDRY_B 0 -1.000e+04 2.615e+02 5.047e+01
|                ( - -1.442e+03 2 0)
|                ( - -8.300e+03 2 0))
|            ( - -1.298e+04 9 0 QUESTION2_14_L -1 1.668e+02 6.346e+01))))
s>    ( QUESTION0_0_R 1 -1.180e+05 4.995e+02 5.750e+02
s>        ( QUESTION2_12_L -1 -8.748e+04 3.662e+02 4.311e+02
s>            ( - -3.846e+04 6 0 WDBNDRY_B 0 2.026e+02 1.871e+02)
s>            ( QUESTION2 -1 -4.866e+04 2.653e+02 2.440e+02
s>                ( - -2.242e+04 4 0)
s>                ( QUESTION14 -1 -2.597e+04 2.129e+02 1.297e+02
s>                    ( - -5.243e+03 2 0 WDBNDRY_B 0 1.876e+02 2.558e+01)
s>                    ( - -2.051e+04 10 0 QUESTION2_16_L -1 1.665e+02 1.042e+02))))
s>        ( QUESTION8 -1 -3.004e+04 3.703e+02 1.440e+02
s>            ( - -6.365e+03 1 0)
s>            ( QUESTION2_12_L -1 -2.330e+04 3.173e+02 1.139e+02
s>                ( WDBNDRY_B 0 -1.000e+04 2.615e+02 5.047e+01
s>                    ( - -1.442e+03 2 0)
s>                    ( - -8.300e+03 2 0))
s>                ( - -1.298e+04 9 0 QUESTION2_14_L -1 1.668e+02 6.346e+01))))INFO: dtree.c(1315): Comp split 0
INFO: dtree.c(1478): Final simple tree
|( QUESTION8 -1 -3.004e+04 3.703e+02 1.440e+02
|    ( - -6.365e+03 1 0)
|    ( QUESTION2_12_L -1 -2.330e+04 3.173e+02 1.139e+02
|        ( WDBNDRY_B 0 -1.000e+04 2.615e+02 5.047e+01
|            ( - -1.442e+03 2 0)
|            ( - -8.300e+03 2 0))
|        ( QUESTION2_14_L -1 -1.298e+04 1.668e+02 6.346e+01
|            ( - -5.190e+02 1 0)
|            ( QUESTION0 -1 -1.229e+04 1.539e+02 6.046e+01
|                ( WDBNDRY_B 0 -2.884e+03 1.767e+02 1.503e+01
|                    ( - -2.488e+02 1 0)
|                    ( - -2.458e+03 2 0))
|                ( QUESTION2 -1 -9.256e+03 1.413e+02 4.543e+01
|                    ( - -3.874e+03 4 0)
|                    ( - -5.240e+03 1 0))))))
s>    ( QUESTION8 -1 -3.004e+04 3.703e+02 1.440e+02
s>        ( - -6.365e+03 1 0)
s>        ( QUESTION2_12_L -1 -2.330e+04 3.173e+02 1.139e+02
s>            ( WDBNDRY_B 0 -1.000e+04 2.615e+02 5.047e+01
s>                ( - -1.442e+03 2 0)
s>                ( - -8.300e+03 2 0))
s>            ( QUESTION2_14_L -1 -1.298e+04 1.668e+02 6.346e+01
s>                ( - -5.190e+02 1 0)
s>                ( QUESTION0 -1 -1.229e+04 1.539e+02 6.046e+01
s>                    ( WDBNDRY_B 0 -2.884e+03 1.767e+02 1.503e+01
s>                        ( - -2.488e+02 1 0)
s>                        ( - -2.458e+03 2 0))
s>                    ( QUESTION2 -1 -9.256e+03 1.413e+02 4.543e+01
s>                        ( - -3.874e+03 4 0)
s>                        ( - -5.240e+03 1 0))))))INFO: dtree.c(1478): Final simple tree
|( QUESTION2_12_L -1 -8.748e+04 3.662e+02 4.311e+02
|    ( WDBNDRY_B 0 -3.846e+04 2.026e+02 1.871e+02
|        ( - -9.546e+03 3 0)
|        ( - -2.871e+04 3 0))
|    ( QUESTION2 -1 -4.866e+04 2.653e+02 2.440e+02
|        ( - -2.242e+04 4 0)
|        ( QUESTION14 -1 -2.597e+04 2.129e+02 1.297e+02
|            ( WDBNDRY_B 0 -5.243e+03 1.876e+02 2.558e+01
|                ( - -4.820e+03 1 0)
|                ( - -2.354e+02 1 0))
|            ( QUESTION2_16_L -1 -2.051e+04 1.665e+02 1.042e+02
|                ( - -2.493e+02 1 0)
|                ( QUESTION2_4_L -1 -2.009e+04 1.500e+02 1.022e+02
|                    ( - -1.171e+03 1 0)
|                    ( - -1.877e+04 8 0 WDBNDRY_B 0 1.851e+02 9.517e+01))))))
s>    ( QUESTION2_12_L -1 -8.748e+04 3.662e+02 4.311e+02
s>        ( WDBNDRY_B 0 -3.846e+04 2.026e+02 1.871e+02
s>            ( - -9.546e+03 3 0)
s>            ( - -2.871e+04 3 0))
s>        ( QUESTION2 -1 -4.866e+04 2.653e+02 2.440e+02
s>            ( - -2.242e+04 4 0)
s>            ( QUESTION14 -1 -2.597e+04 2.129e+02 1.297e+02
s>                ( WDBNDRY_B 0 -5.243e+03 1.876e+02 2.558e+01
s>                    ( - -4.820e+03 1 0)
s>                    ( - -2.354e+02 1 0))
s>                ( QUESTION2_16_L -1 -2.051e+04 1.665e+02 1.042e+02
s>                    ( - -2.493e+02 1 0)
s>                    ( QUESTION2_4_L -1 -2.009e+04 1.500e+02 1.022e+02
s>                        ( - -1.171e+03 1 0)
s>                        ( - -1.877e+04 8 0 WDBNDRY_B 0 1.851e+02 9.517e+01))))))INFO: dtree.c(1315): Comp split 1
INFO: dtree.c(1439): stop. leaf nodes are specific
INFO: dtree.c(1478): Final simple tree
|( QUESTION2_12_L -1 -1.095e+04 1.926e+02 5.550e+01
|    ( - -8.300e+03 2 0)
|    ( - -2.458e+03 2 0))
s>    ( QUESTION2_12_L -1 -1.095e+04 1.926e+02 5.550e+01
s>        ( - -8.300e+03 2 0)
s>        ( - -2.458e+03 2 0))INFO: dtree.c(1439): stop. leaf nodes are specific
INFO: dtree.c(1478): Final simple tree
|( QUESTION2_12_L -1 -1.866e+04 2.957e+02 8.849e+01
|    ( WDBNDRY_B 0 -8.028e+03 2.205e+02 3.806e+01
|        ( - -1.442e+03 2 0)
|        ( - -6.365e+03 1 0))
|    ( QUESTION2_14_L -1 -1.033e+04 1.652e+02 5.043e+01
|        ( - -5.190e+02 1 0)
|        ( WDBNDRY_B 0 -9.648e+03 1.437e+02 4.743e+01
|            ( - -2.488e+02 1 0)
|            ( QUESTION2 -1 -9.256e+03 1.413e+02 4.543e+01
|                ( - -3.874e+03 4 0)
|                ( - -5.240e+03 1 0)))))
s>    ( QUESTION2_12_L -1 -1.866e+04 2.957e+02 8.849e+01
s>        ( WDBNDRY_B 0 -8.028e+03 2.205e+02 3.806e+01
s>            ( - -1.442e+03 2 0)
s>            ( - -6.365e+03 1 0))
s>        ( QUESTION2_14_L -1 -1.033e+04 1.652e+02 5.043e+01
s>            ( - -5.190e+02 1 0)
s>            ( WDBNDRY_B 0 -9.648e+03 1.437e+02 4.743e+01
s>                ( - -2.488e+02 1 0)
s>                ( QUESTION2 -1 -9.256e+03 1.413e+02 4.543e+01
s>                    ( - -3.874e+03 4 0)
s>                    ( - -5.240e+03 1 0)))))INFO: dtree.c(1315): Comp split 2
INFO: dtree.c(1478): Final simple tree
|( QUESTION2 -1 -4.866e+04 2.653e+02 2.440e+02
|    ( - -2.242e+04 4 0)
|    ( QUESTION14 -1 -2.597e+04 2.129e+02 1.297e+02
|        ( WDBNDRY_B 0 -5.243e+03 1.876e+02 2.558e+01
|            ( - -4.820e+03 1 0)
|            ( - -2.354e+02 1 0))
|        ( QUESTION2_16_L -1 -2.051e+04 1.665e+02 1.042e+02
|            ( - -2.493e+02 1 0)
|            ( QUESTION2_4_L -1 -2.009e+04 1.500e+02 1.022e+02
|                ( - -1.171e+03 1 0)
|                ( WDBNDRY_B 0 -1.877e+04 1.851e+02 9.517e+01
|                    ( QUESTION8 -1 -4.837e+03 1.675e+02 2.399e+01
|                        ( - -1.555e+03 1 0)
|                        ( - -3.114e+03 2 0 QUESTION0 -1 1.264e+02 1.499e+01))
|                    ( - -1.375e+04 5 0 QUESTION0 -1 1.228e+02 7.117e+01))))))
s>    ( QUESTION2 -1 -4.866e+04 2.653e+02 2.440e+02
s>        ( - -2.242e+04 4 0)
s>        ( QUESTION14 -1 -2.597e+04 2.129e+02 1.297e+02
s>            ( WDBNDRY_B 0 -5.243e+03 1.876e+02 2.558e+01
s>                ( - -4.820e+03 1 0)
s>                ( - -2.354e+02 1 0))
s>            ( QUESTION2_16_L -1 -2.051e+04 1.665e+02 1.042e+02
s>                ( - -2.493e+02 1 0)
s>                ( QUESTION2_4_L -1 -2.009e+04 1.500e+02 1.022e+02
s>                    ( - -1.171e+03 1 0)
s>                    ( WDBNDRY_B 0 -1.877e+04 1.851e+02 9.517e+01
s>                        ( QUESTION8 -1 -4.837e+03 1.675e+02 2.399e+01
s>                            ( - -1.555e+03 1 0)
s>                            ( - -3.114e+03 2 0 QUESTION0 -1 1.264e+02 1.499e+01))
s>                        ( - -1.375e+04 5 0 QUESTION0 -1 1.228e+02 7.117e+01))))))INFO: dtree.c(1439): stop. leaf nodes are specific
INFO: dtree.c(1478): Final simple tree
|( WDBNDRY_B 0 -3.846e+04 2.026e+02 1.871e+02
|    ( - -9.546e+03 3 0)
|    ( - -2.871e+04 3 0))
s>    ( WDBNDRY_B 0 -3.846e+04 2.026e+02 1.871e+02
s>        ( - -9.546e+03 3 0)
s>        ( - -2.871e+04 3 0))INFO: dtree.c(1315): Comp split 3
INFO: dtree.c(1439): stop. leaf nodes are specific
INFO: dtree.c(1478): Final simple tree
|( QUESTION2_14_L -1 -1.033e+04 1.652e+02 5.043e+01
|    ( - -5.190e+02 1 0)
|    ( WDBNDRY_B 0 -9.648e+03 1.437e+02 4.743e+01
|        ( - -2.488e+02 1 0)
|        ( QUESTION2 -1 -9.256e+03 1.413e+02 4.543e+01
|            ( - -3.874e+03 4 0)
|            ( - -5.240e+03 1 0))))
s>    ( QUESTION2_14_L -1 -1.033e+04 1.652e+02 5.043e+01
s>        ( - -5.190e+02 1 0)
s>        ( WDBNDRY_B 0 -9.648e+03 1.437e+02 4.743e+01
s>            ( - -2.488e+02 1 0)
s>            ( QUESTION2 -1 -9.256e+03 1.413e+02 4.543e+01
s>                ( - -3.874e+03 4 0)
s>                ( - -5.240e+03 1 0))))INFO: dtree.c(1439): stop. leaf nodes are specific
INFO: dtree.c(1478): Final simple tree
|( WDBNDRY_B 0 -8.028e+03 2.205e+02 3.806e+01
|    ( - -1.442e+03 2 0)
|    ( - -6.365e+03 1 0))
s>    ( WDBNDRY_B 0 -8.028e+03 2.205e+02 3.806e+01
s>        ( - -1.442e+03 2 0)
s>        ( - -6.365e+03 1 0))INFO: dtree.c(1315): Comp split 4
INFO: dtree.c(1439): stop. leaf nodes are specific
INFO: dtree.c(1478): Final simple tree
|( WDBNDRY_B 0 -2.620e+04 2.481e+02 1.312e+02
|    ( QUESTION2_16_L -1 -3.527e+03 1.636e+02 1.699e+01
|        ( - -2.493e+02 1 0)
|        ( QUESTION0 -1 -3.114e+03 1.264e+02 1.499e+01
|            ( - -2.438e+03 1 0)
|            ( - -5.501e+02 1 0)))
|    ( - -2.242e+04 4 0))
s>    ( WDBNDRY_B 0 -2.620e+04 2.481e+02 1.312e+02
s>        ( QUESTION2_16_L -1 -3.527e+03 1.636e+02 1.699e+01
s>            ( - -2.493e+02 1 0)
s>            ( QUESTION0 -1 -3.114e+03 1.264e+02 1.499e+01
s>                ( - -2.438e+03 1 0)
s>                ( - -5.501e+02 1 0)))
s>        ( - -2.242e+04 4 0))INFO: dtree.c(1439): stop. leaf nodes are specific
INFO: dtree.c(1478): Final simple tree
|( QUESTION9 -1 -2.217e+04 1.956e+02 1.127e+02
|    ( WDBNDRY_B 0 -5.243e+03 1.876e+02 2.558e+01
|        ( - -4.820e+03 1 0)
|        ( - -2.354e+02 1 0))
|    ( QUESTION2_4_L -1 -1.673e+04 1.400e+02 8.717e+01
|        ( - -1.171e+03 1 0)
|        ( QUESTION0 -1 -1.542e+04 1.293e+02 8.017e+01
|            ( - -1.070e+04 2 0)
|            ( WDBNDRY_B 0 -4.595e+03 1.091e+02 2.500e+01
|                ( - -1.555e+03 1 0)
|                ( - -2.931e+03 3 0)))))
s>    ( QUESTION9 -1 -2.217e+04 1.956e+02 1.127e+02
s>        ( WDBNDRY_B 0 -5.243e+03 1.876e+02 2.558e+01
s>            ( - -4.820e+03 1 0)
s>            ( - -2.354e+02 1 0))
s>        ( QUESTION2_4_L -1 -1.673e+04 1.400e+02 8.717e+01
s>            ( - -1.171e+03 1 0)
s>            ( QUESTION0 -1 -1.542e+04 1.293e+02 8.017e+01
s>                ( - -1.070e+04 2 0)
s>                ( WDBNDRY_B 0 -4.595e+03 1.091e+02 2.500e+01
s>                    ( - -1.555e+03 1 0)
s>                    ( - -2.931e+03 3 0)))))INFO: dtree.c(1315): Comp split 5
INFO: dtree.c(1439): stop. leaf nodes are specific
INFO: dtree.c(1478): Final simple tree
|( QUESTION2_16_L -1 -3.527e+03 1.636e+02 1.699e+01
|    ( - -2.493e+02 1 0)
|    ( QUESTION0 -1 -3.114e+03 1.264e+02 1.499e+01
|        ( - -2.438e+03 1 0)
|        ( - -5.501e+02 1 0)))
s>    ( QUESTION2_16_L -1 -3.527e+03 1.636e+02 1.699e+01
s>        ( - -2.493e+02 1 0)
s>        ( QUESTION0 -1 -3.114e+03 1.264e+02 1.499e+01
s>            ( - -2.438e+03 1 0)
s>            ( - -5.501e+02 1 0)))INFO: dtree.c(1315): Comp split 6
INFO: dtree.c(1315): Comp split 7
INFO: dtree.c(1439): stop. leaf nodes are specific
INFO: dtree.c(1478): Final simple tree
|( QUESTION9 -1 -1.714e+04 1.740e+02 8.917e+01
|    ( - -2.354e+02 1 0)
|    ( QUESTION2_4_L -1 -1.673e+04 1.400e+02 8.717e+01
|        ( - -1.171e+03 1 0)
|        ( QUESTION0 -1 -1.542e+04 1.293e+02 8.017e+01
|            ( - -1.070e+04 2 0)
|            ( WDBNDRY_B 0 -4.595e+03 1.091e+02 2.500e+01
|                ( - -1.555e+03 1 0)
|                ( - -2.931e+03 3 0)))))
s>    ( QUESTION9 -1 -1.714e+04 1.740e+02 8.917e+01
s>        ( - -2.354e+02 1 0)
s>        ( QUESTION2_4_L -1 -1.673e+04 1.400e+02 8.717e+01
s>            ( - -1.171e+03 1 0)
s>            ( QUESTION0 -1 -1.542e+04 1.293e+02 8.017e+01
s>                ( - -1.070e+04 2 0)
s>                ( WDBNDRY_B 0 -4.595e+03 1.091e+02 2.500e+01
s>                    ( - -1.555e+03 1 0)
s>                    ( - -2.931e+03 3 0)))))INFO: dtree.c(1315): Comp split 8
INFO: dtree.c(1315): Comp split 9
INFO: dtree.c(1315): Comp split 10
INFO: dtree.c(1439): stop. leaf nodes are specific
INFO: dtree.c(1478): Final simple tree
|( QUESTION2_4_L -1 -1.673e+04 1.400e+02 8.717e+01
|    ( - -1.171e+03 1 0)
|    ( QUESTION0 -1 -1.542e+04 1.293e+02 8.017e+01
|        ( - -1.070e+04 2 0)
|        ( WDBNDRY_B 0 -4.595e+03 1.091e+02 2.500e+01
|            ( - -1.555e+03 1 0)
|            ( - -2.931e+03 3 0))))
s>    ( QUESTION2_4_L -1 -1.673e+04 1.400e+02 8.717e+01
s>        ( - -1.171e+03 1 0)
s>        ( QUESTION0 -1 -1.542e+04 1.293e+02 8.017e+01
s>            ( - -1.070e+04 2 0)
s>            ( WDBNDRY_B 0 -4.595e+03 1.091e+02 2.500e+01
s>                ( - -1.555e+03 1 0)
s>                ( - -2.931e+03 3 0))))INFO: dtree.c(1315): Comp split 11
INFO: dtree.c(1439): stop. leaf nodes are specific
INFO: dtree.c(1478): Final simple tree
|( WDBNDRY_B 0 -9.648e+03 1.437e+02 4.743e+01
|    ( - -2.488e+02 1 0)
|    ( QUESTION2 -1 -9.256e+03 1.413e+02 4.543e+01
|        ( - -3.874e+03 4 0)
|        ( - -5.240e+03 1 0)))
s>    ( WDBNDRY_B 0 -9.648e+03 1.437e+02 4.743e+01
s>        ( - -2.488e+02 1 0)
s>        ( QUESTION2 -1 -9.256e+03 1.413e+02 4.543e+01
s>            ( - -3.874e+03 4 0)
s>            ( - -5.240e+03 1 0)))INFO: dtree.c(1315): Comp split 12
INFO: dtree.c(1439): stop. leaf nodes are specific
INFO: dtree.c(1478): Final simple tree
|( QUESTION0 -1 -3.114e+03 1.264e+02 1.499e+01
|    ( - -2.438e+03 1 0)
|    ( - -5.501e+02 1 0))
s>    ( QUESTION0 -1 -3.114e+03 1.264e+02 1.499e+01
s>        ( - -2.438e+03 1 0)
s>        ( - -5.501e+02 1 0))INFO: dtree.c(1315): Comp split 13
INFO: dtree.c(1439): stop. leaf nodes are specific
INFO: dtree.c(1478): Final simple tree
|( QUESTION2 -1 -9.256e+03 1.413e+02 4.543e+01
|    ( - -3.874e+03 4 0)
|    ( - -5.240e+03 1 0))
s>    ( QUESTION2 -1 -9.256e+03 1.413e+02 4.543e+01
s>        ( - -3.874e+03 4 0)
s>        ( - -5.240e+03 1 0))INFO: dtree.c(1315): Comp split 14
INFO: dtree.c(1315): Comp split 15
INFO: dtree.c(1439): stop. leaf nodes are specific
INFO: dtree.c(1478): Final simple tree
|( QUESTION0 -1 -1.542e+04 1.293e+02 8.017e+01
|    ( - -1.070e+04 2 0)
|    ( WDBNDRY_B 0 -4.595e+03 1.091e+02 2.500e+01
|        ( - -1.555e+03 1 0)
|        ( - -2.931e+03 3 0)))
s>    ( QUESTION0 -1 -1.542e+04 1.293e+02 8.017e+01
s>        ( - -1.070e+04 2 0)
s>        ( WDBNDRY_B 0 -4.595e+03 1.091e+02 2.500e+01
s>            ( - -1.555e+03 1 0)
s>            ( - -2.931e+03 3 0)))INFO: dtree.c(1315): Comp split 16
INFO: dtree.c(1439): stop. leaf nodes are specific
INFO: dtree.c(1478): Final simple tree
|( WDBNDRY_B 0 -4.595e+03 1.091e+02 2.500e+01
|    ( - -1.555e+03 1 0)
|    ( - -2.931e+03 3 0))
s>    ( WDBNDRY_B 0 -4.595e+03 1.091e+02 2.500e+01
s>        ( - -1.555e+03 1 0)
s>        ( - -2.931e+03 3 0))INFO: dtree.c(1315): Comp split 17
INFO: dtree.c(1315): Comp split 18
INFO: dtree.c(1315): Comp split 19
INFO: dtree.c(1318): stop. leaf nodes are specific
!!!!!!!!Allocated 68 lines
Fri Apr  8 18:32:12 2016
