Current configuration:
[NAME]		[DEFLT]	[VALUE]
-allphones	no	no
-cntthresh	0.00001	1.000000e-05
-csplitmax	100	2000
-csplitmin	1	1
-csplitthr	8e-4	0.000000e+00
-example	no	no
-fullvar	no	no
-help		no	no
-meanfn			/home/yaroslav/model/model_parameters/ua.cd_cont_untied/means
-mixwfn			/home/yaroslav/model/model_parameters/ua.cd_cont_untied/mixture_weights
-moddeffn		/home/yaroslav/model/model_architecture/ua.untied.mdef
-mwfloor	1e-4	1.000000e-08
-phone			P
-psetfn			/home/yaroslav/model/model_architecture/ua.tree_questions
-ssplitmax	5	7
-ssplitmin	1	1
-ssplitthr	8e-4	0.000000e+00
-state			2
-stwt			1.0,0.05,0.0,
-treefn			/home/yaroslav/model/trees/ua.unpruned/P-2.dtree
-ts2cbfn	.semi.	.cont.
-varfloor	0.00001	1.000000e-05
-varfn			/home/yaroslav/model/model_parameters/ua.cd_cont_untied/variances

INFO: main.c(223): Reading: /home/yaroslav/model/model_architecture/ua.untied.mdef
INFO: model_def_io.c(573): Model definition info:
INFO: model_def_io.c(574): 9391 total models defined (51 base, 9340 tri)
INFO: model_def_io.c(575): 37564 total states
INFO: model_def_io.c(576): 28173 total tied states
INFO: model_def_io.c(577): 153 total tied CI states
INFO: model_def_io.c(578): 51 total tied transition matrices
INFO: model_def_io.c(579): 4 max state/model
INFO: model_def_io.c(580): 4 min state/model
INFO: main.c(242): Building trees for [P A A b] through [P І Y b]
INFO: main.c(269): Covering states |[14598 15164]| == 567
INFO: main.c(275): Reading: /home/yaroslav/model/model_parameters/ua.cd_cont_untied/mixture_weights
INFO: s3mixw_io.c(173): Read /home/yaroslav/model/model_parameters/ua.cd_cont_untied/mixture_weights [567x1x1 array]
INFO: main.c(311): 188 of 189 models have observation count greater than 0.000010
INFO: main.c(95): nrm stwt: 0.000 0.048 0.952 
INFO: s3gau_io.c(169): Read /home/yaroslav/model/model_parameters/ua.cd_cont_untied/means [28173x1x1 array]
INFO: s3gau_io.c(169): Read /home/yaroslav/model/model_parameters/ua.cd_cont_untied/variances [28173x1x1 array]
INFO: main.c(549): Reading: /home/yaroslav/model/model_architecture/ua.tree_questions
INFO: main.c(588): 174 total simple questions (166 phone; 8 word bndry)
INFO: main.c(590): 40 Left Only questions, and 42 Right Only questions
INFO: dtree.c(1478): Final simple tree
|( QUESTION19 1 -1.639e+05 1.209e+03 1.793e+03
|    ( WDBNDRY_I 0 -9.699e+04 4.754e+02 1.080e+03
|        ( QUESTION19 -1 -3.087e+04 3.774e+02 3.550e+02
|            ( - -1.518e+04 13 0)
|            ( QUESTION2_1_L -1 -1.531e+04 4.005e+02 1.792e+02
|                ( - -2.373e+03 2 0 QUESTION0 -1 1.963e+02 3.193e+01)
|                ( - -1.254e+04 19 0 QUESTION13 -1 2.674e+02 1.473e+02)))
|        ( - -6.564e+04 54 0 WDBNDRY_B 0 3.313e+02 7.253e+02))
|    ( QUESTION18 1 -6.572e+04 4.562e+02 7.131e+02
|        ( - -2.031e+04 49 0 QUESTION8 -1 3.167e+02 2.264e+02)
|        ( SILENCE -1 -4.495e+04 3.948e+02 4.867e+02
|            ( - -2.864e+03 1 0)
|            ( QUESTION10 -1 -4.169e+04 3.396e+02 4.526e+02
|                ( - -1.574e+04 20 0 QUESTION0_8_R 1 3.266e+02 1.817e+02)
|                ( - -2.561e+04 30 0 QUESTION0_2_R 1 3.275e+02 2.709e+02)))))
s>    ( QUESTION19 1 -1.639e+05 1.209e+03 1.793e+03
s>        ( WDBNDRY_I 0 -9.699e+04 4.754e+02 1.080e+03
s>            ( QUESTION19 -1 -3.087e+04 3.774e+02 3.550e+02
s>                ( - -1.518e+04 13 0)
s>                ( QUESTION2_1_L -1 -1.531e+04 4.005e+02 1.792e+02
s>                    ( - -2.373e+03 2 0 QUESTION0 -1 1.963e+02 3.193e+01)
s>                    ( - -1.254e+04 19 0 QUESTION13 -1 2.674e+02 1.473e+02)))
s>            ( - -6.564e+04 54 0 WDBNDRY_B 0 3.313e+02 7.253e+02))
s>        ( QUESTION18 1 -6.572e+04 4.562e+02 7.131e+02
s>            ( - -2.031e+04 49 0 QUESTION8 -1 3.167e+02 2.264e+02)
s>            ( SILENCE -1 -4.495e+04 3.948e+02 4.867e+02
s>                ( - -2.864e+03 1 0)
s>                ( QUESTION10 -1 -4.169e+04 3.396e+02 4.526e+02
s>                    ( - -1.574e+04 20 0 QUESTION0_8_R 1 3.266e+02 1.817e+02)
s>                    ( - -2.561e+04 30 0 QUESTION0_2_R 1 3.275e+02 2.709e+02)))))INFO: dtree.c(1315): Comp split 0
INFO: dtree.c(1478): Final simple tree
|( QUESTION18 1 -6.572e+04 4.562e+02 7.131e+02
|    ( - -2.031e+04 49 0 QUESTION8 -1 3.167e+02 2.264e+02)
|    ( SILENCE -1 -4.495e+04 3.948e+02 4.867e+02
|        ( - -2.864e+03 1 0)
|        ( QUESTION10 -1 -4.169e+04 3.396e+02 4.526e+02
|            ( QUESTION0_8_R 1 -1.574e+04 3.266e+02 1.817e+02
|                ( - 2.440e+02 1 0)
|                ( QUESTION0_16_R 1 -1.566e+04 3.212e+02 1.807e+02
|                    ( - 2.440e+02 1 0)
|                    ( - -1.558e+04 18 0 QUESTION15 -1 2.210e+02 1.797e+02)))
|            ( QUESTION0_2_R 1 -2.561e+04 3.275e+02 2.709e+02
|                ( - 2.318e+02 1 0)
|                ( QUESTION3 -1 -2.551e+04 3.170e+02 2.699e+02
|                    ( - 2.330e+02 1 0)
|                    ( - -2.543e+04 28 0 QUESTION2_15_L -1 3.111e+02 2.689e+02))))))
s>    ( QUESTION18 1 -6.572e+04 4.562e+02 7.131e+02
s>        ( - -2.031e+04 49 0 QUESTION8 -1 3.167e+02 2.264e+02)
s>        ( SILENCE -1 -4.495e+04 3.948e+02 4.867e+02
s>            ( - -2.864e+03 1 0)
s>            ( QUESTION10 -1 -4.169e+04 3.396e+02 4.526e+02
s>                ( QUESTION0_8_R 1 -1.574e+04 3.266e+02 1.817e+02
s>                    ( - 2.440e+02 1 0)
s>                    ( QUESTION0_16_R 1 -1.566e+04 3.212e+02 1.807e+02
s>                        ( - 2.440e+02 1 0)
s>                        ( - -1.558e+04 18 0 QUESTION15 -1 2.210e+02 1.797e+02)))
s>                ( QUESTION0_2_R 1 -2.561e+04 3.275e+02 2.709e+02
s>                    ( - 2.318e+02 1 0)
s>                    ( QUESTION3 -1 -2.551e+04 3.170e+02 2.699e+02
s>                        ( - 2.330e+02 1 0)
s>                        ( - -2.543e+04 28 0 QUESTION2_15_L -1 3.111e+02 2.689e+02))))))INFO: dtree.c(1478): Final simple tree
|( WDBNDRY_I 0 -9.699e+04 4.754e+02 1.080e+03
|    ( QUESTION19 -1 -3.087e+04 3.774e+02 3.550e+02
|        ( - -1.518e+04 13 0)
|        ( QUESTION2_1_L -1 -1.531e+04 4.005e+02 1.792e+02
|            ( - -2.373e+03 2 0 QUESTION0 -1 1.963e+02 3.193e+01)
|            ( QUESTION13 -1 -1.254e+04 2.674e+02 1.473e+02
|                ( - -1.856e+03 1 0)
|                ( - -1.042e+04 18 0 QUESTION2 -1 2.349e+02 1.222e+02))))
|    ( WDBNDRY_B 0 -6.564e+04 3.313e+02 7.253e+02
|        ( QUESTION2_9_L -1 -6.555e+04 3.311e+02 7.243e+02
|            ( - 2.255e+02 1 0)
|            ( QUESTION10 -1 -6.545e+04 3.076e+02 7.233e+02
|                ( - -3.329e+04 23 0 QUESTION16 -1 2.497e+02 3.790e+02)
|                ( - -3.185e+04 29 0 QUESTION2_0_L -1 1.920e+02 3.443e+02)))
|        ( - 2.440e+02 1 0)))
s>    ( WDBNDRY_I 0 -9.699e+04 4.754e+02 1.080e+03
s>        ( QUESTION19 -1 -3.087e+04 3.774e+02 3.550e+02
s>            ( - -1.518e+04 13 0)
s>            ( QUESTION2_1_L -1 -1.531e+04 4.005e+02 1.792e+02
s>                ( - -2.373e+03 2 0 QUESTION0 -1 1.963e+02 3.193e+01)
s>                ( QUESTION13 -1 -1.254e+04 2.674e+02 1.473e+02
s>                    ( - -1.856e+03 1 0)
s>                    ( - -1.042e+04 18 0 QUESTION2 -1 2.349e+02 1.222e+02))))
s>        ( WDBNDRY_B 0 -6.564e+04 3.313e+02 7.253e+02
s>            ( QUESTION2_9_L -1 -6.555e+04 3.311e+02 7.243e+02
s>                ( - 2.255e+02 1 0)
s>                ( QUESTION10 -1 -6.545e+04 3.076e+02 7.233e+02
s>                    ( - -3.329e+04 23 0 QUESTION16 -1 2.497e+02 3.790e+02)
s>                    ( - -3.185e+04 29 0 QUESTION2_0_L -1 1.920e+02 3.443e+02)))
s>            ( - 2.440e+02 1 0)))INFO: dtree.c(1315): Comp split 1
INFO: dtree.c(1439): stop. leaf nodes are specific
INFO: dtree.c(1478): Final simple tree
|( QUESTION11 -1 -4.415e+03 2.096e+02 5.699e+01
|    ( - -7.443e+02 1 0)
|    ( QUESTION0 -1 -3.461e+03 1.731e+02 4.505e+01
|        ( - -1.432e+03 1 0)
|        ( - -1.856e+03 1 0)))
s>    ( QUESTION11 -1 -4.415e+03 2.096e+02 5.699e+01
s>        ( - -7.443e+02 1 0)
s>        ( QUESTION0 -1 -3.461e+03 1.731e+02 4.505e+01
s>            ( - -1.432e+03 1 0)
s>            ( - -1.856e+03 1 0)))INFO: dtree.c(1478): Final simple tree
|( QUESTION10 -1 -9.178e+04 3.534e+02 1.023e+03
|    ( QUESTION14 -1 -3.660e+04 2.400e+02 4.160e+02
|        ( - -9.770e+02 3 0)
|        ( QUESTION16 -1 -3.538e+04 2.366e+02 4.030e+02
|            ( - -1.721e+03 2 0)
|            ( WDBNDRY_B 0 -3.342e+04 2.462e+02 3.811e+02
|                ( - -3.010e+04 18 0 QUESTION2_2_L -1 1.964e+02 3.441e+02)
|                ( - -3.078e+03 10 0 QUESTION2_5_L -1 1.984e+02 3.700e+01))))
|    ( WDBNDRY_E 0 -5.483e+04 3.328e+02 6.074e+02
|        ( - 2.440e+02 1 0)
|        ( QUESTION2_0_L -1 -5.474e+04 2.315e+02 6.064e+02
|            ( WDBNDRY_B 0 -4.281e+04 2.472e+02 4.719e+02
|                ( - -2.522e+04 13 0 QUESTION0 -1 1.491e+02 2.702e+02)
|                ( - -1.734e+04 15 0 QUESTION0 -1 2.652e+02 2.017e+02))
|            ( - -1.170e+04 23 0 QUESTION3 -1 1.708e+02 1.344e+02))))
s>    ( QUESTION10 -1 -9.178e+04 3.534e+02 1.023e+03
s>        ( QUESTION14 -1 -3.660e+04 2.400e+02 4.160e+02
s>            ( - -9.770e+02 3 0)
s>            ( QUESTION16 -1 -3.538e+04 2.366e+02 4.030e+02
s>                ( - -1.721e+03 2 0)
s>                ( WDBNDRY_B 0 -3.342e+04 2.462e+02 3.811e+02
s>                    ( - -3.010e+04 18 0 QUESTION2_2_L -1 1.964e+02 3.441e+02)
s>                    ( - -3.078e+03 10 0 QUESTION2_5_L -1 1.984e+02 3.700e+01))))
s>        ( WDBNDRY_E 0 -5.483e+04 3.328e+02 6.074e+02
s>            ( - 2.440e+02 1 0)
s>            ( QUESTION2_0_L -1 -5.474e+04 2.315e+02 6.064e+02
s>                ( WDBNDRY_B 0 -4.281e+04 2.472e+02 4.719e+02
s>                    ( - -2.522e+04 13 0 QUESTION0 -1 1.491e+02 2.702e+02)
s>                    ( - -1.734e+04 15 0 QUESTION0 -1 2.652e+02 2.017e+02))
s>                ( - -1.170e+04 23 0 QUESTION3 -1 1.708e+02 1.344e+02))))INFO: dtree.c(1315): Comp split 2
INFO: dtree.c(1478): Final simple tree
|( QUESTION10 -1 -4.160e+04 3.402e+02 4.516e+02
|    ( QUESTION0_8_R 1 -1.574e+04 3.266e+02 1.817e+02
|        ( - 2.440e+02 1 0)
|        ( QUESTION0_16_R 1 -1.566e+04 3.212e+02 1.807e+02
|            ( - 2.440e+02 1 0)
|            ( QUESTION15 -1 -1.558e+04 2.210e+02 1.797e+02
|                ( - -1.730e+03 2 0 QUESTION16 -1 1.069e+02 1.924e+01)
|                ( - -1.363e+04 16 0 QUESTION2 1 2.108e+02 1.604e+02))))
|    ( QUESTION0_2_R 1 -2.553e+04 3.275e+02 2.699e+02
|        ( - 2.318e+02 1 0)
|        ( QUESTION2_15_L -1 -2.543e+04 3.111e+02 2.689e+02
|            ( - 2.180e+02 1 0)
|            ( WDBNDRY_B 0 -2.534e+04 2.475e+02 2.679e+02
|                ( - -1.310e+04 15 0 QUESTION2_12_L -1 1.811e+02 1.358e+02)
|                ( - -1.199e+04 12 0 QUESTION0_17_R 1 2.152e+02 1.321e+02)))))
s>    ( QUESTION10 -1 -4.160e+04 3.402e+02 4.516e+02
s>        ( QUESTION0_8_R 1 -1.574e+04 3.266e+02 1.817e+02
s>            ( - 2.440e+02 1 0)
s>            ( QUESTION0_16_R 1 -1.566e+04 3.212e+02 1.807e+02
s>                ( - 2.440e+02 1 0)
s>                ( QUESTION15 -1 -1.558e+04 2.210e+02 1.797e+02
s>                    ( - -1.730e+03 2 0 QUESTION16 -1 1.069e+02 1.924e+01)
s>                    ( - -1.363e+04 16 0 QUESTION2 1 2.108e+02 1.604e+02))))
s>        ( QUESTION0_2_R 1 -2.553e+04 3.275e+02 2.699e+02
s>            ( - 2.318e+02 1 0)
s>            ( QUESTION2_15_L -1 -2.543e+04 3.111e+02 2.689e+02
s>                ( - 2.180e+02 1 0)
s>                ( WDBNDRY_B 0 -2.534e+04 2.475e+02 2.679e+02
s>                    ( - -1.310e+04 15 0 QUESTION2_12_L -1 1.811e+02 1.358e+02)
s>                    ( - -1.199e+04 12 0 QUESTION0_17_R 1 2.152e+02 1.321e+02)))))INFO: dtree.c(1478): Final simple tree
|( SILENCE -1 -2.360e+04 3.393e+02 2.615e+02
|    ( QUESTION0 1 -3.782e+03 2.719e+02 4.406e+01
|        ( - -2.864e+03 1 0)
|        ( - -6.461e+02 1 0))
|    ( QUESTION8 -1 -1.948e+04 3.160e+02 2.174e+02
|        ( - 2.194e+02 1 0)
|        ( QUESTION14 -1 -1.939e+04 3.158e+02 2.164e+02
|            ( - 2.321e+02 1 0)
|            ( QUESTION2_10_L -1 -1.930e+04 3.111e+02 2.154e+02
|                ( - 2.325e+02 1 0)
|                ( QUESTION0 1 -1.922e+04 3.106e+02 2.144e+02
|                    ( - 2.330e+02 1 0)
|                    ( QUESTION16 -1 -1.915e+04 2.852e+02 2.134e+02
|                        ( - -1.834e+03 1 0)
|                        ( - -1.703e+04 44 0 QUESTION0_0_R 1 2.015e+02 1.892e+02)))))))
s>    ( SILENCE -1 -2.360e+04 3.393e+02 2.615e+02
s>        ( QUESTION0 1 -3.782e+03 2.719e+02 4.406e+01
s>            ( - -2.864e+03 1 0)
s>            ( - -6.461e+02 1 0))
s>        ( QUESTION8 -1 -1.948e+04 3.160e+02 2.174e+02
s>            ( - 2.194e+02 1 0)
s>            ( QUESTION14 -1 -1.939e+04 3.158e+02 2.164e+02
s>                ( - 2.321e+02 1 0)
s>                ( QUESTION2_10_L -1 -1.930e+04 3.111e+02 2.154e+02
s>                    ( - 2.325e+02 1 0)
s>                    ( QUESTION0 1 -1.922e+04 3.106e+02 2.144e+02
s>                        ( - 2.330e+02 1 0)
s>                        ( QUESTION16 -1 -1.915e+04 2.852e+02 2.134e+02
s>                            ( - -1.834e+03 1 0)
s>                            ( - -1.703e+04 44 0 QUESTION0_0_R 1 2.015e+02 1.892e+02)))))))INFO: dtree.c(1315): Comp split 3
INFO: dtree.c(1439): stop. leaf nodes are specific
INFO: dtree.c(1478): Final simple tree
|( WDBNDRY_B 0 -3.019e+04 3.309e+02 3.451e+02
|    ( QUESTION2_2_L -1 -3.010e+04 1.964e+02 3.441e+02
|        ( QUESTION13 -1 -2.367e+04 1.820e+02 2.736e+02
|            ( - -4.838e+03 3 0)
|            ( - -1.865e+04 8 0))
|        ( QUESTION2_5_L -1 -6.231e+03 1.642e+02 7.055e+01
|            ( - -2.449e+02 1 0)
|            ( QUESTION11 -1 -5.822e+03 1.645e+02 6.555e+01
|                ( QUESTION2_0_L -1 -4.015e+03 1.191e+02 4.586e+01
|                    ( - -2.782e+03 1 0)
|                    ( - -1.113e+03 2 0))
|                ( - -1.643e+03 3 0))))
|    ( - 2.440e+02 1 0))
s>    ( WDBNDRY_B 0 -3.019e+04 3.309e+02 3.451e+02
s>        ( QUESTION2_2_L -1 -3.010e+04 1.964e+02 3.441e+02
s>            ( QUESTION13 -1 -2.367e+04 1.820e+02 2.736e+02
s>                ( - -4.838e+03 3 0)
s>                ( - -1.865e+04 8 0))
s>            ( QUESTION2_5_L -1 -6.231e+03 1.642e+02 7.055e+01
s>                ( - -2.449e+02 1 0)
s>                ( QUESTION11 -1 -5.822e+03 1.645e+02 6.555e+01
s>                    ( QUESTION2_0_L -1 -4.015e+03 1.191e+02 4.586e+01
s>                        ( - -2.782e+03 1 0)
s>                        ( - -1.113e+03 2 0))
s>                    ( - -1.643e+03 3 0))))
s>        ( - 2.440e+02 1 0))INFO: dtree.c(1478): Final simple tree
|( QUESTION14 -1 -6.110e+04 2.372e+02 6.783e+02
|    ( - -9.770e+02 3 0)
|    ( QUESTION2_0_L -1 -5.989e+04 2.287e+02 6.653e+02
|        ( WDBNDRY_B 0 -4.656e+04 2.159e+02 5.149e+02
|            ( QUESTION10 -1 -2.716e+04 2.202e+02 2.921e+02
|                ( - -1.721e+03 2 0)
|                ( - -2.522e+04 13 0 QUESTION0 -1 1.491e+02 2.702e+02))
|            ( QUESTION0 -1 -1.918e+04 2.586e+02 2.227e+02
|                ( - -1.897e+03 2 0)
|                ( QUESTION10 -1 -1.703e+04 1.694e+02 1.968e+02
|                    ( - -1.677e+03 6 0)
|                    ( - -1.518e+04 13 0))))
|        ( QUESTION3 -1 -1.310e+04 1.707e+02 1.504e+02
|            ( - 9.467e+00 1 0)
|            ( - -1.294e+04 26 0 QUESTION2_14_L -1 1.614e+02 1.484e+02))))
s>    ( QUESTION14 -1 -6.110e+04 2.372e+02 6.783e+02
s>        ( - -9.770e+02 3 0)
s>        ( QUESTION2_0_L -1 -5.989e+04 2.287e+02 6.653e+02
s>            ( WDBNDRY_B 0 -4.656e+04 2.159e+02 5.149e+02
s>                ( QUESTION10 -1 -2.716e+04 2.202e+02 2.921e+02
s>                    ( - -1.721e+03 2 0)
s>                    ( - -2.522e+04 13 0 QUESTION0 -1 1.491e+02 2.702e+02))
s>                ( QUESTION0 -1 -1.918e+04 2.586e+02 2.227e+02
s>                    ( - -1.897e+03 2 0)
s>                    ( QUESTION10 -1 -1.703e+04 1.694e+02 1.968e+02
s>                        ( - -1.677e+03 6 0)
s>                        ( - -1.518e+04 13 0))))
s>            ( QUESTION3 -1 -1.310e+04 1.707e+02 1.504e+02
s>                ( - 9.467e+00 1 0)
s>                ( - -1.294e+04 26 0 QUESTION2_14_L -1 1.614e+02 1.484e+02))))INFO: dtree.c(1315): Comp split 4
INFO: dtree.c(1439): stop. leaf nodes are specific
INFO: dtree.c(1478): Final simple tree
|( QUESTION14 -1 -5.899e+03 3.142e+02 6.927e+01
|    ( - 2.321e+02 1 0)
|    ( QUESTION0 1 -5.817e+03 2.406e+02 6.827e+01
|        ( - -2.864e+03 1 0)
|        ( WDBNDRY_B 0 -2.713e+03 2.328e+02 3.421e+01
|            ( - -6.461e+02 1 0)
|            ( - -1.834e+03 1 0))))
s>    ( QUESTION14 -1 -5.899e+03 3.142e+02 6.927e+01
s>        ( - 2.321e+02 1 0)
s>        ( QUESTION0 1 -5.817e+03 2.406e+02 6.827e+01
s>            ( - -2.864e+03 1 0)
s>            ( WDBNDRY_B 0 -2.713e+03 2.328e+02 3.421e+01
s>                ( - -6.461e+02 1 0)
s>                ( - -1.834e+03 1 0))))INFO: dtree.c(1478): Final simple tree
|( QUESTION8 -1 -1.728e+04 3.158e+02 1.922e+02
|    ( - 2.194e+02 1 0)
|    ( QUESTION0 1 -1.718e+04 3.103e+02 1.912e+02
|        ( - 2.330e+02 1 0)
|        ( QUESTION2_10_L -1 -1.710e+04 3.103e+02 1.902e+02
|            ( - 2.325e+02 1 0)
|            ( QUESTION0_0_R 1 -1.703e+04 2.015e+02 1.892e+02
|                ( - -7.713e+02 6 0 QUESTION2_0_L -1 1.440e+02 1.015e+01)
|                ( QUESTION19 -1 -1.605e+04 2.098e+02 1.790e+02
|                    ( WDBNDRY_B 0 -8.919e+03 2.560e+02 1.031e+02
|                        ( - -1.661e+03 7 0)
|                        ( - -7.003e+03 8 0))
|                    ( QUESTION18 -1 -6.924e+03 1.458e+02 7.600e+01
|                        ( - -4.172e+03 10 0 QUESTION2_0_L -1 1.257e+02 4.500e+01)
|                        ( - -2.606e+03 13 0 QUESTION0 -1 1.591e+02 3.100e+01)))))))
s>    ( QUESTION8 -1 -1.728e+04 3.158e+02 1.922e+02
s>        ( - 2.194e+02 1 0)
s>        ( QUESTION0 1 -1.718e+04 3.103e+02 1.912e+02
s>            ( - 2.330e+02 1 0)
s>            ( QUESTION2_10_L -1 -1.710e+04 3.103e+02 1.902e+02
s>                ( - 2.325e+02 1 0)
s>                ( QUESTION0_0_R 1 -1.703e+04 2.015e+02 1.892e+02
s>                    ( - -7.713e+02 6 0 QUESTION2_0_L -1 1.440e+02 1.015e+01)
s>                    ( QUESTION19 -1 -1.605e+04 2.098e+02 1.790e+02
s>                        ( WDBNDRY_B 0 -8.919e+03 2.560e+02 1.031e+02
s>                            ( - -1.661e+03 7 0)
s>                            ( - -7.003e+03 8 0))
s>                        ( QUESTION18 -1 -6.924e+03 1.458e+02 7.600e+01
s>                            ( - -4.172e+03 10 0 QUESTION2_0_L -1 1.257e+02 4.500e+01)
s>                            ( - -2.606e+03 13 0 QUESTION0 -1 1.591e+02 3.100e+01)))))))INFO: dtree.c(1315): Comp split 5
INFO: dtree.c(1478): Final simple tree
|( QUESTION2_15_L -1 -2.735e+04 3.113e+02 2.882e+02
|    ( - 2.180e+02 1 0)
|    ( WDBNDRY_B 0 -2.726e+04 2.589e+02 2.872e+02
|        ( QUESTION2_12_L -1 -1.501e+04 1.992e+02 1.551e+02
|            ( QUESTION7 -1 -4.799e+03 1.706e+02 5.066e+01
|                ( - -1.367e+01 1 0)
|                ( - -4.615e+03 4 0 QUESTION5 -1 1.300e+02 4.866e+01))
|            ( - -1.001e+04 12 0 QUESTION10 -1 1.592e+02 1.044e+02))
|        ( QUESTION0_17_R 1 -1.199e+04 2.152e+02 1.321e+02
|            ( - 4.149e+01 1 0)
|            ( QUESTION0_12_R 1 -1.182e+04 2.162e+02 1.301e+02
|                ( - -3.531e+03 3 0 QUESTION0_15_R 1 1.221e+02 4.208e+01)
|                ( QUESTION1 -1 -8.069e+03 1.715e+02 8.804e+01
|                    ( - -1.069e+03 1 0)
|                    ( - -6.828e+03 7 0 QUESTION0 -1 1.648e+02 7.509e+01))))))
s>    ( QUESTION2_15_L -1 -2.735e+04 3.113e+02 2.882e+02
s>        ( - 2.180e+02 1 0)
s>        ( WDBNDRY_B 0 -2.726e+04 2.589e+02 2.872e+02
s>            ( QUESTION2_12_L -1 -1.501e+04 1.992e+02 1.551e+02
s>                ( QUESTION7 -1 -4.799e+03 1.706e+02 5.066e+01
s>                    ( - -1.367e+01 1 0)
s>                    ( - -4.615e+03 4 0 QUESTION5 -1 1.300e+02 4.866e+01))
s>                ( - -1.001e+04 12 0 QUESTION10 -1 1.592e+02 1.044e+02))
s>            ( QUESTION0_17_R 1 -1.199e+04 2.152e+02 1.321e+02
s>                ( - 4.149e+01 1 0)
s>                ( QUESTION0_12_R 1 -1.182e+04 2.162e+02 1.301e+02
s>                    ( - -3.531e+03 3 0 QUESTION0_15_R 1 1.221e+02 4.208e+01)
s>                    ( QUESTION1 -1 -8.069e+03 1.715e+02 8.804e+01
s>                        ( - -1.069e+03 1 0)
s>                        ( - -6.828e+03 7 0 QUESTION0 -1 1.648e+02 7.509e+01))))))INFO: dtree.c(1478): Final simple tree
|( QUESTION0_7_R 1 -1.388e+04 3.266e+02 1.634e+02
|    ( - 2.318e+02 1 0)
|    ( QUESTION0_8_R 1 -1.379e+04 3.261e+02 1.624e+02
|        ( - 2.440e+02 1 0)
|        ( QUESTION0_16_R 1 -1.371e+04 3.206e+02 1.614e+02
|            ( - 2.440e+02 1 0)
|            ( QUESTION2 1 -1.363e+04 2.108e+02 1.604e+02
|                ( QUESTION2_0_L -1 -1.243e+04 2.260e+02 1.474e+02
|                    ( QUESTION11 -1 -1.159e+04 1.478e+02 1.383e+02
|                        ( - -4.556e+02 2 0 WDBNDRY_B 0 1.763e+02 7.000e+00)
|                        ( - -1.098e+04 8 0 WDBNDRY_B 0 1.432e+02 1.313e+02))
|                    ( - -6.178e+02 3 0 QUESTION11 -1 1.153e+02 9.151e+00))
|                ( WDBNDRY_B 0 -9.879e+02 1.757e+02 1.300e+01
|                    ( - -6.959e+02 2 0 QUESTION11 -1 1.255e+02 1.000e+01)
|                    ( - -1.163e+02 1 0))))))
s>    ( QUESTION0_7_R 1 -1.388e+04 3.266e+02 1.634e+02
s>        ( - 2.318e+02 1 0)
s>        ( QUESTION0_8_R 1 -1.379e+04 3.261e+02 1.624e+02
s>            ( - 2.440e+02 1 0)
s>            ( QUESTION0_16_R 1 -1.371e+04 3.206e+02 1.614e+02
s>                ( - 2.440e+02 1 0)
s>                ( QUESTION2 1 -1.363e+04 2.108e+02 1.604e+02
s>                    ( QUESTION2_0_L -1 -1.243e+04 2.260e+02 1.474e+02
s>                        ( QUESTION11 -1 -1.159e+04 1.478e+02 1.383e+02
s>                            ( - -4.556e+02 2 0 WDBNDRY_B 0 1.763e+02 7.000e+00)
s>                            ( - -1.098e+04 8 0 WDBNDRY_B 0 1.432e+02 1.313e+02))
s>                        ( - -6.178e+02 3 0 QUESTION11 -1 1.153e+02 9.151e+00))
s>                    ( WDBNDRY_B 0 -9.879e+02 1.757e+02 1.300e+01
s>                        ( - -6.959e+02 2 0 QUESTION11 -1 1.255e+02 1.000e+01)
s>                        ( - -1.163e+02 1 0))))))INFO: dtree.c(1315): Comp split 6
INFO: dtree.c(1439): stop. leaf nodes are specific
INFO: dtree.c(1478): Final simple tree
|( QUESTION2_2_L -1 -3.010e+04 1.964e+02 3.441e+02
|    ( QUESTION13 -1 -2.367e+04 1.820e+02 2.736e+02
|        ( - -4.838e+03 3 0)
|        ( - -1.865e+04 8 0))
|    ( QUESTION2_5_L -1 -6.231e+03 1.642e+02 7.055e+01
|        ( - -2.449e+02 1 0)
|        ( QUESTION11 -1 -5.822e+03 1.645e+02 6.555e+01
|            ( QUESTION2_0_L -1 -4.015e+03 1.191e+02 4.586e+01
|                ( - -2.782e+03 1 0)
|                ( - -1.113e+03 2 0))
|            ( - -1.643e+03 3 0))))
s>    ( QUESTION2_2_L -1 -3.010e+04 1.964e+02 3.441e+02
s>        ( QUESTION13 -1 -2.367e+04 1.820e+02 2.736e+02
s>            ( - -4.838e+03 3 0)
s>            ( - -1.865e+04 8 0))
s>        ( QUESTION2_5_L -1 -6.231e+03 1.642e+02 7.055e+01
s>            ( - -2.449e+02 1 0)
s>            ( QUESTION11 -1 -5.822e+03 1.645e+02 6.555e+01
s>                ( QUESTION2_0_L -1 -4.015e+03 1.191e+02 4.586e+01
s>                    ( - -2.782e+03 1 0)
s>                    ( - -1.113e+03 2 0))
s>                ( - -1.643e+03 3 0))))INFO: dtree.c(1315): Comp split 7
INFO: dtree.c(1439): stop. leaf nodes are specific
INFO: dtree.c(1478): Final simple tree
|( WDBNDRY_B 0 -3.788e+03 1.703e+02 4.784e+01
|    ( - -1.721e+03 2 0)
|    ( - -1.897e+03 2 0))
s>    ( WDBNDRY_B 0 -3.788e+03 1.703e+02 4.784e+01
s>        ( - -1.721e+03 2 0)
s>        ( - -1.897e+03 2 0))INFO: dtree.c(1478): Final simple tree
|( QUESTION13 -1 -5.698e+04 2.322e+02 6.304e+02
|    ( - -9.770e+02 3 0)
|    ( QUESTION2_0_L -1 -5.577e+04 2.243e+02 6.175e+02
|        ( WDBNDRY_B 0 -4.245e+04 2.030e+02 4.670e+02
|            ( - -2.522e+04 13 0 QUESTION0 -1 1.491e+02 2.702e+02)
|            ( QUESTION10 -1 -1.703e+04 1.694e+02 1.968e+02
|                ( - -1.677e+03 6 0)
|                ( - -1.518e+04 13 0)))
|        ( QUESTION3 -1 -1.310e+04 1.707e+02 1.504e+02
|            ( - 9.467e+00 1 0)
|            ( QUESTION2_14_L -1 -1.294e+04 1.614e+02 1.484e+02
|                ( QUESTION0 -1 -8.108e+02 1.650e+02 1.100e+01
|                    ( - -1.407e+02 1 0)
|                    ( - -5.051e+02 2 0 WDBNDRY_B 0 1.377e+02 8.000e+00))
|                ( - -1.196e+04 23 0 QUESTION6 -1 1.398e+02 1.374e+02)))))
s>    ( QUESTION13 -1 -5.698e+04 2.322e+02 6.304e+02
s>        ( - -9.770e+02 3 0)
s>        ( QUESTION2_0_L -1 -5.577e+04 2.243e+02 6.175e+02
s>            ( WDBNDRY_B 0 -4.245e+04 2.030e+02 4.670e+02
s>                ( - -2.522e+04 13 0 QUESTION0 -1 1.491e+02 2.702e+02)
s>                ( QUESTION10 -1 -1.703e+04 1.694e+02 1.968e+02
s>                    ( - -1.677e+03 6 0)
s>                    ( - -1.518e+04 13 0)))
s>            ( QUESTION3 -1 -1.310e+04 1.707e+02 1.504e+02
s>                ( - 9.467e+00 1 0)
s>                ( QUESTION2_14_L -1 -1.294e+04 1.614e+02 1.484e+02
s>                    ( QUESTION0 -1 -8.108e+02 1.650e+02 1.100e+01
s>                        ( - -1.407e+02 1 0)
s>                        ( - -5.051e+02 2 0 WDBNDRY_B 0 1.377e+02 8.000e+00))
s>                    ( - -1.196e+04 23 0 QUESTION6 -1 1.398e+02 1.374e+02)))))INFO: dtree.c(1315): Comp split 8
INFO: dtree.c(1478): Final simple tree
|( QUESTION0_8_R 1 -1.379e+04 3.261e+02 1.624e+02
|    ( - 2.440e+02 1 0)
|    ( QUESTION0_16_R 1 -1.371e+04 3.206e+02 1.614e+02
|        ( - 2.440e+02 1 0)
|        ( QUESTION2 1 -1.363e+04 2.108e+02 1.604e+02
|            ( QUESTION2_0_L -1 -1.243e+04 2.260e+02 1.474e+02
|                ( QUESTION11 -1 -1.159e+04 1.478e+02 1.383e+02
|                    ( WDBNDRY_B 0 -4.556e+02 1.763e+02 7.000e+00
|                        ( - -3.000e+02 1 0)
|                        ( - 2.067e+01 1 0))
|                    ( - -1.098e+04 8 0 WDBNDRY_B 0 1.432e+02 1.313e+02))
|                ( - -6.178e+02 3 0 QUESTION11 -1 1.153e+02 9.151e+00))
|            ( WDBNDRY_B 0 -9.879e+02 1.757e+02 1.300e+01
|                ( - -6.959e+02 2 0 QUESTION11 -1 1.255e+02 1.000e+01)
|                ( - -1.163e+02 1 0)))))
s>    ( QUESTION0_8_R 1 -1.379e+04 3.261e+02 1.624e+02
s>        ( - 2.440e+02 1 0)
s>        ( QUESTION0_16_R 1 -1.371e+04 3.206e+02 1.614e+02
s>            ( - 2.440e+02 1 0)
s>            ( QUESTION2 1 -1.363e+04 2.108e+02 1.604e+02
s>                ( QUESTION2_0_L -1 -1.243e+04 2.260e+02 1.474e+02
s>                    ( QUESTION11 -1 -1.159e+04 1.478e+02 1.383e+02
s>                        ( WDBNDRY_B 0 -4.556e+02 1.763e+02 7.000e+00
s>                            ( - -3.000e+02 1 0)
s>                            ( - 2.067e+01 1 0))
s>                        ( - -1.098e+04 8 0 WDBNDRY_B 0 1.432e+02 1.313e+02))
s>                    ( - -6.178e+02 3 0 QUESTION11 -1 1.153e+02 9.151e+00))
s>                ( WDBNDRY_B 0 -9.879e+02 1.757e+02 1.300e+01
s>                    ( - -6.959e+02 2 0 QUESTION11 -1 1.255e+02 1.000e+01)
s>                    ( - -1.163e+02 1 0)))))INFO: dtree.c(1315): Comp split 9
INFO: dtree.c(1478): Final simple tree
|( QUESTION0_16_R 1 -1.371e+04 3.206e+02 1.614e+02
|    ( - 2.440e+02 1 0)
|    ( QUESTION2 1 -1.363e+04 2.108e+02 1.604e+02
|        ( QUESTION2_0_L -1 -1.243e+04 2.260e+02 1.474e+02
|            ( QUESTION11 -1 -1.159e+04 1.478e+02 1.383e+02
|                ( WDBNDRY_B 0 -4.556e+02 1.763e+02 7.000e+00
|                    ( - -3.000e+02 1 0)
|                    ( - 2.067e+01 1 0))
|                ( WDBNDRY_B 0 -1.098e+04 1.432e+02 1.313e+02
|                    ( - -1.065e+04 6 0 QUESTION0_0_R 1 1.319e+02 1.273e+02)
|                    ( - -1.933e+02 2 0)))
|            ( - -6.178e+02 3 0 QUESTION11 -1 1.153e+02 9.151e+00))
|        ( WDBNDRY_B 0 -9.879e+02 1.757e+02 1.300e+01
|            ( - -6.959e+02 2 0 QUESTION11 -1 1.255e+02 1.000e+01)
|            ( - -1.163e+02 1 0))))
s>    ( QUESTION0_16_R 1 -1.371e+04 3.206e+02 1.614e+02
s>        ( - 2.440e+02 1 0)
s>        ( QUESTION2 1 -1.363e+04 2.108e+02 1.604e+02
s>            ( QUESTION2_0_L -1 -1.243e+04 2.260e+02 1.474e+02
s>                ( QUESTION11 -1 -1.159e+04 1.478e+02 1.383e+02
s>                    ( WDBNDRY_B 0 -4.556e+02 1.763e+02 7.000e+00
s>                        ( - -3.000e+02 1 0)
s>                        ( - 2.067e+01 1 0))
s>                    ( WDBNDRY_B 0 -1.098e+04 1.432e+02 1.313e+02
s>                        ( - -1.065e+04 6 0 QUESTION0_0_R 1 1.319e+02 1.273e+02)
s>                        ( - -1.933e+02 2 0)))
s>                ( - -6.178e+02 3 0 QUESTION11 -1 1.153e+02 9.151e+00))
s>            ( WDBNDRY_B 0 -9.879e+02 1.757e+02 1.300e+01
s>                ( - -6.959e+02 2 0 QUESTION11 -1 1.255e+02 1.000e+01)
s>                ( - -1.163e+02 1 0))))INFO: dtree.c(1315): Comp split 10
INFO: dtree.c(1478): Final simple tree
|( QUESTION2 1 -1.363e+04 2.108e+02 1.604e+02
|    ( QUESTION2_0_L -1 -1.243e+04 2.260e+02 1.474e+02
|        ( QUESTION11 -1 -1.159e+04 1.478e+02 1.383e+02
|            ( WDBNDRY_B 0 -4.556e+02 1.763e+02 7.000e+00
|                ( - -3.000e+02 1 0)
|                ( - 2.067e+01 1 0))
|            ( WDBNDRY_B 0 -1.098e+04 1.432e+02 1.313e+02
|                ( QUESTION0_0_R 1 -1.065e+04 1.319e+02 1.273e+02
|                    ( - -1.126e+02 2 0)
|                    ( - -1.040e+04 4 0 QUESTION13 -1 1.244e+02 1.243e+02))
|                ( - -1.933e+02 2 0)))
|        ( - -6.178e+02 3 0 QUESTION11 -1 1.153e+02 9.151e+00))
|    ( WDBNDRY_B 0 -9.879e+02 1.757e+02 1.300e+01
|        ( - -6.959e+02 2 0 QUESTION11 -1 1.255e+02 1.000e+01)
|        ( - -1.163e+02 1 0)))
s>    ( QUESTION2 1 -1.363e+04 2.108e+02 1.604e+02
s>        ( QUESTION2_0_L -1 -1.243e+04 2.260e+02 1.474e+02
s>            ( QUESTION11 -1 -1.159e+04 1.478e+02 1.383e+02
s>                ( WDBNDRY_B 0 -4.556e+02 1.763e+02 7.000e+00
s>                    ( - -3.000e+02 1 0)
s>                    ( - 2.067e+01 1 0))
s>                ( WDBNDRY_B 0 -1.098e+04 1.432e+02 1.313e+02
s>                    ( QUESTION0_0_R 1 -1.065e+04 1.319e+02 1.273e+02
s>                        ( - -1.126e+02 2 0)
s>                        ( - -1.040e+04 4 0 QUESTION13 -1 1.244e+02 1.243e+02))
s>                    ( - -1.933e+02 2 0)))
s>            ( - -6.178e+02 3 0 QUESTION11 -1 1.153e+02 9.151e+00))
s>        ( WDBNDRY_B 0 -9.879e+02 1.757e+02 1.300e+01
s>            ( - -6.959e+02 2 0 QUESTION11 -1 1.255e+02 1.000e+01)
s>            ( - -1.163e+02 1 0)))INFO: dtree.c(1315): Comp split 11
INFO: dtree.c(1478): Final simple tree
|( QUESTION0 1 -1.718e+04 3.103e+02 1.912e+02
|    ( - 2.330e+02 1 0)
|    ( QUESTION2_10_L -1 -1.710e+04 3.103e+02 1.902e+02
|        ( - 2.325e+02 1 0)
|        ( QUESTION0_0_R 1 -1.703e+04 2.015e+02 1.892e+02
|            ( - -7.713e+02 6 0 QUESTION2_0_L -1 1.440e+02 1.015e+01)
|            ( QUESTION19 -1 -1.605e+04 2.098e+02 1.790e+02
|                ( WDBNDRY_B 0 -8.919e+03 2.560e+02 1.031e+02
|                    ( - -1.661e+03 7 0)
|                    ( - -7.003e+03 8 0))
|                ( QUESTION18 -1 -6.924e+03 1.458e+02 7.600e+01
|                    ( - -4.172e+03 10 0 QUESTION2_0_L -1 1.257e+02 4.500e+01)
|                    ( QUESTION0 -1 -2.606e+03 1.591e+02 3.100e+01
|                        ( - -2.024e+03 9 0 QUESTION2_2_L -1 1.573e+02 2.400e+01)
|                        ( - -4.234e+02 4 0 QUESTION2_0_L -1 1.341e+02 7.000e+00)))))))
s>    ( QUESTION0 1 -1.718e+04 3.103e+02 1.912e+02
s>        ( - 2.330e+02 1 0)
s>        ( QUESTION2_10_L -1 -1.710e+04 3.103e+02 1.902e+02
s>            ( - 2.325e+02 1 0)
s>            ( QUESTION0_0_R 1 -1.703e+04 2.015e+02 1.892e+02
s>                ( - -7.713e+02 6 0 QUESTION2_0_L -1 1.440e+02 1.015e+01)
s>                ( QUESTION19 -1 -1.605e+04 2.098e+02 1.790e+02
s>                    ( WDBNDRY_B 0 -8.919e+03 2.560e+02 1.031e+02
s>                        ( - -1.661e+03 7 0)
s>                        ( - -7.003e+03 8 0))
s>                    ( QUESTION18 -1 -6.924e+03 1.458e+02 7.600e+01
s>                        ( - -4.172e+03 10 0 QUESTION2_0_L -1 1.257e+02 4.500e+01)
s>                        ( QUESTION0 -1 -2.606e+03 1.591e+02 3.100e+01
s>                            ( - -2.024e+03 9 0 QUESTION2_2_L -1 1.573e+02 2.400e+01)
s>                            ( - -4.234e+02 4 0 QUESTION2_0_L -1 1.341e+02 7.000e+00)))))))INFO: dtree.c(1315): Comp split 12
INFO: dtree.c(1478): Final simple tree
|( WDBNDRY_I 0 -1.448e+04 1.983e+02 1.582e+02
|    ( QUESTION2_4_L -1 -8.410e+03 3.142e+02 9.504e+01
|        ( - 2.319e+02 1 0)
|        ( QUESTION2_12_L -1 -8.328e+03 1.630e+02 9.404e+01
|            ( - -6.918e+01 1 0)
|            ( QUESTION2 -1 -8.096e+03 1.613e+02 9.104e+01
|                ( - 1.076e+00 1 0)
|                ( - -7.936e+03 14 0 QUESTION0_0_R 1 1.492e+02 8.904e+01))))
|    ( QUESTION1 -1 -5.870e+03 3.086e+02 6.315e+01
|        ( - 2.276e+02 1 0)
|        ( QUESTION19 -1 -5.789e+03 1.835e+02 6.215e+01
|            ( - -3.833e+02 1 0)
|            ( QUESTION2_1_L -1 -5.222e+03 3.102e+02 5.615e+01
|                ( - 2.327e+02 1 0)
|                ( - -5.145e+03 13 0 QUESTION0 -1 1.222e+02 5.515e+01)))))
s>    ( WDBNDRY_I 0 -1.448e+04 1.983e+02 1.582e+02
s>        ( QUESTION2_4_L -1 -8.410e+03 3.142e+02 9.504e+01
s>            ( - 2.319e+02 1 0)
s>            ( QUESTION2_12_L -1 -8.328e+03 1.630e+02 9.404e+01
s>                ( - -6.918e+01 1 0)
s>                ( QUESTION2 -1 -8.096e+03 1.613e+02 9.104e+01
s>                    ( - 1.076e+00 1 0)
s>                    ( - -7.936e+03 14 0 QUESTION0_0_R 1 1.492e+02 8.904e+01))))
s>        ( QUESTION1 -1 -5.870e+03 3.086e+02 6.315e+01
s>            ( - 2.276e+02 1 0)
s>            ( QUESTION19 -1 -5.789e+03 1.835e+02 6.215e+01
s>                ( - -3.833e+02 1 0)
s>                ( QUESTION2_1_L -1 -5.222e+03 3.102e+02 5.615e+01
s>                    ( - 2.327e+02 1 0)
s>                    ( - -5.145e+03 13 0 QUESTION0 -1 1.222e+02 5.515e+01)))))INFO: dtree.c(1439): stop. leaf nodes are specific
INFO: dtree.c(1478): Final simple tree
|( QUESTION0 1 -2.319e+03 3.041e+02 3.301e+01
|    ( - 2.330e+02 1 0)
|    ( QUESTION0 -1 -2.248e+03 2.917e+02 3.201e+01
|        ( - 2.325e+02 1 0)
|        ( QUESTION2_0_L -1 -2.189e+03 1.220e+02 3.101e+01
|            ( QUESTION11 -1 -2.062e+03 1.232e+02 2.901e+01
|                ( - -1.061e+01 1 0)
|                ( QUESTION10 -1 -1.928e+03 1.148e+02 2.701e+01
|                    ( - -1.525e+02 2 0)
|                    ( - -1.661e+03 7 0)))
|            ( - -4.874e+00 1 0))))
s>    ( QUESTION0 1 -2.319e+03 3.041e+02 3.301e+01
s>        ( - 2.330e+02 1 0)
s>        ( QUESTION0 -1 -2.248e+03 2.917e+02 3.201e+01
s>            ( - 2.325e+02 1 0)
s>            ( QUESTION2_0_L -1 -2.189e+03 1.220e+02 3.101e+01
s>                ( QUESTION11 -1 -2.062e+03 1.232e+02 2.901e+01
s>                    ( - -1.061e+01 1 0)
s>                    ( QUESTION10 -1 -1.928e+03 1.148e+02 2.701e+01
s>                        ( - -1.525e+02 2 0)
s>                        ( - -1.661e+03 7 0)))
s>                ( - -4.874e+00 1 0))))INFO: dtree.c(1315): Comp split 13
INFO: dtree.c(1439): stop. leaf nodes are specific
INFO: dtree.c(1478): Final simple tree
|( QUESTION0 1 -5.817e+03 2.406e+02 6.827e+01
|    ( - -2.864e+03 1 0)
|    ( WDBNDRY_B 0 -2.713e+03 2.328e+02 3.421e+01
|        ( - -6.461e+02 1 0)
|        ( - -1.834e+03 1 0)))
s>    ( QUESTION0 1 -5.817e+03 2.406e+02 6.827e+01
s>        ( - -2.864e+03 1 0)
s>        ( WDBNDRY_B 0 -2.713e+03 2.328e+02 3.421e+01
s>            ( - -6.461e+02 1 0)
s>            ( - -1.834e+03 1 0)))INFO: dtree.c(1315): Comp split 14
INFO: dtree.c(1478): Final simple tree
|( WDBNDRY_I 0 -1.440e+04 1.989e+02 1.572e+02
|    ( QUESTION2_12_L -1 -8.328e+03 1.630e+02 9.404e+01
|        ( - -6.918e+01 1 0)
|        ( QUESTION2 -1 -8.096e+03 1.613e+02 9.104e+01
|            ( - 1.076e+00 1 0)
|            ( QUESTION0_0_R 1 -7.936e+03 1.492e+02 8.904e+01
|                ( - -3.793e+01 2 0)
|                ( - -7.749e+03 12 0 QUESTION19 -1 1.207e+02 8.704e+01))))
|    ( QUESTION1 -1 -5.870e+03 3.086e+02 6.315e+01
|        ( - 2.276e+02 1 0)
|        ( QUESTION19 -1 -5.789e+03 1.835e+02 6.215e+01
|            ( - -3.833e+02 1 0)
|            ( QUESTION2_1_L -1 -5.222e+03 3.102e+02 5.615e+01
|                ( - 2.327e+02 1 0)
|                ( - -5.145e+03 13 0 QUESTION0 -1 1.222e+02 5.515e+01)))))
s>    ( WDBNDRY_I 0 -1.440e+04 1.989e+02 1.572e+02
s>        ( QUESTION2_12_L -1 -8.328e+03 1.630e+02 9.404e+01
s>            ( - -6.918e+01 1 0)
s>            ( QUESTION2 -1 -8.096e+03 1.613e+02 9.104e+01
s>                ( - 1.076e+00 1 0)
s>                ( QUESTION0_0_R 1 -7.936e+03 1.492e+02 8.904e+01
s>                    ( - -3.793e+01 2 0)
s>                    ( - -7.749e+03 12 0 QUESTION19 -1 1.207e+02 8.704e+01))))
s>        ( QUESTION1 -1 -5.870e+03 3.086e+02 6.315e+01
s>            ( - 2.276e+02 1 0)
s>            ( QUESTION19 -1 -5.789e+03 1.835e+02 6.215e+01
s>                ( - -3.833e+02 1 0)
s>                ( QUESTION2_1_L -1 -5.222e+03 3.102e+02 5.615e+01
s>                    ( - 2.327e+02 1 0)
s>                    ( - -5.145e+03 13 0 QUESTION0 -1 1.222e+02 5.515e+01)))))INFO: dtree.c(1315): Comp split 15
INFO: dtree.c(1478): Final simple tree
|( WDBNDRY_B 0 -2.726e+04 2.589e+02 2.872e+02
|    ( QUESTION2_12_L -1 -1.501e+04 1.992e+02 1.551e+02
|        ( QUESTION7 -1 -4.799e+03 1.706e+02 5.066e+01
|            ( - -1.367e+01 1 0)
|            ( - -4.615e+03 4 0 QUESTION5 -1 1.300e+02 4.866e+01))
|        ( - -1.001e+04 12 0 QUESTION10 -1 1.592e+02 1.044e+02))
|    ( QUESTION0_17_R 1 -1.199e+04 2.152e+02 1.321e+02
|        ( - 4.149e+01 1 0)
|        ( QUESTION0_12_R 1 -1.182e+04 2.162e+02 1.301e+02
|            ( - -3.531e+03 3 0 QUESTION0_15_R 1 1.221e+02 4.208e+01)
|            ( QUESTION1 -1 -8.069e+03 1.715e+02 8.804e+01
|                ( - -1.069e+03 1 0)
|                ( QUESTION0 -1 -6.828e+03 1.648e+02 7.509e+01
|                    ( - -9.406e+00 1 0)
|                    ( - -6.654e+03 6 0 QUESTION0_0_R 1 1.406e+02 7.309e+01))))))
s>    ( WDBNDRY_B 0 -2.726e+04 2.589e+02 2.872e+02
s>        ( QUESTION2_12_L -1 -1.501e+04 1.992e+02 1.551e+02
s>            ( QUESTION7 -1 -4.799e+03 1.706e+02 5.066e+01
s>                ( - -1.367e+01 1 0)
s>                ( - -4.615e+03 4 0 QUESTION5 -1 1.300e+02 4.866e+01))
s>            ( - -1.001e+04 12 0 QUESTION10 -1 1.592e+02 1.044e+02))
s>        ( QUESTION0_17_R 1 -1.199e+04 2.152e+02 1.321e+02
s>            ( - 4.149e+01 1 0)
s>            ( QUESTION0_12_R 1 -1.182e+04 2.162e+02 1.301e+02
s>                ( - -3.531e+03 3 0 QUESTION0_15_R 1 1.221e+02 4.208e+01)
s>                ( QUESTION1 -1 -8.069e+03 1.715e+02 8.804e+01
s>                    ( - -1.069e+03 1 0)
s>                    ( QUESTION0 -1 -6.828e+03 1.648e+02 7.509e+01
s>                        ( - -9.406e+00 1 0)
s>                        ( - -6.654e+03 6 0 QUESTION0_0_R 1 1.406e+02 7.309e+01))))))INFO: dtree.c(1315): Comp split 16
INFO: dtree.c(1478): Final simple tree
|( WDBNDRY_I 0 -1.432e+04 1.992e+02 1.562e+02
|    ( QUESTION2_12_L -1 -8.328e+03 1.630e+02 9.404e+01
|        ( - -6.918e+01 1 0)
|        ( QUESTION2 -1 -8.096e+03 1.613e+02 9.104e+01
|            ( - 1.076e+00 1 0)
|            ( QUESTION0_0_R 1 -7.936e+03 1.492e+02 8.904e+01
|                ( - -3.793e+01 2 0)
|                ( - -7.749e+03 12 0 QUESTION19 -1 1.207e+02 8.704e+01))))
|    ( QUESTION1 -1 -5.792e+03 3.087e+02 6.215e+01
|        ( - 2.276e+02 1 0)
|        ( QUESTION19 -1 -5.711e+03 1.826e+02 6.115e+01
|            ( - -3.833e+02 1 0)
|            ( QUESTION0 -1 -5.145e+03 1.222e+02 5.515e+01
|                ( - -1.168e+03 3 0 QUESTION2_0_L -1 1.613e+02 1.400e+01)
|                ( - -3.854e+03 10 0 QUESTION2_0_L -1 1.203e+02 4.115e+01)))))
s>    ( WDBNDRY_I 0 -1.432e+04 1.992e+02 1.562e+02
s>        ( QUESTION2_12_L -1 -8.328e+03 1.630e+02 9.404e+01
s>            ( - -6.918e+01 1 0)
s>            ( QUESTION2 -1 -8.096e+03 1.613e+02 9.104e+01
s>                ( - 1.076e+00 1 0)
s>                ( QUESTION0_0_R 1 -7.936e+03 1.492e+02 8.904e+01
s>                    ( - -3.793e+01 2 0)
s>                    ( - -7.749e+03 12 0 QUESTION19 -1 1.207e+02 8.704e+01))))
s>        ( QUESTION1 -1 -5.792e+03 3.087e+02 6.215e+01
s>            ( - 2.276e+02 1 0)
s>            ( QUESTION19 -1 -5.711e+03 1.826e+02 6.115e+01
s>                ( - -3.833e+02 1 0)
s>                ( QUESTION0 -1 -5.145e+03 1.222e+02 5.515e+01
s>                    ( - -1.168e+03 3 0 QUESTION2_0_L -1 1.613e+02 1.400e+01)
s>                    ( - -3.854e+03 10 0 QUESTION2_0_L -1 1.203e+02 4.115e+01)))))INFO: dtree.c(1315): Comp split 17
INFO: dtree.c(1478): Final simple tree
|( WDBNDRY_I 0 -1.424e+04 2.019e+02 1.552e+02
|    ( QUESTION2_12_L -1 -8.328e+03 1.630e+02 9.404e+01
|        ( - -6.918e+01 1 0)
|        ( QUESTION2 -1 -8.096e+03 1.613e+02 9.104e+01
|            ( - 1.076e+00 1 0)
|            ( QUESTION0_0_R 1 -7.936e+03 1.492e+02 8.904e+01
|                ( - -3.793e+01 2 0)
|                ( - -7.749e+03 12 0 QUESTION19 -1 1.207e+02 8.704e+01))))
|    ( QUESTION19 -1 -5.711e+03 1.826e+02 6.115e+01
|        ( - -3.833e+02 1 0)
|        ( QUESTION0 -1 -5.145e+03 1.222e+02 5.515e+01
|            ( QUESTION2_0_L -1 -1.168e+03 1.613e+02 1.400e+01
|                ( - -1.796e+02 1 0)
|                ( - -8.275e+02 2 0 QUESTION5 -1 3.231e+02 1.000e+01))
|            ( - -3.854e+03 10 0 QUESTION2_0_L -1 1.203e+02 4.115e+01))))
s>    ( WDBNDRY_I 0 -1.424e+04 2.019e+02 1.552e+02
s>        ( QUESTION2_12_L -1 -8.328e+03 1.630e+02 9.404e+01
s>            ( - -6.918e+01 1 0)
s>            ( QUESTION2 -1 -8.096e+03 1.613e+02 9.104e+01
s>                ( - 1.076e+00 1 0)
s>                ( QUESTION0_0_R 1 -7.936e+03 1.492e+02 8.904e+01
s>                    ( - -3.793e+01 2 0)
s>                    ( - -7.749e+03 12 0 QUESTION19 -1 1.207e+02 8.704e+01))))
s>        ( QUESTION19 -1 -5.711e+03 1.826e+02 6.115e+01
s>            ( - -3.833e+02 1 0)
s>            ( QUESTION0 -1 -5.145e+03 1.222e+02 5.515e+01
s>                ( QUESTION2_0_L -1 -1.168e+03 1.613e+02 1.400e+01
s>                    ( - -1.796e+02 1 0)
s>                    ( - -8.275e+02 2 0 QUESTION5 -1 3.231e+02 1.000e+01))
s>                ( - -3.854e+03 10 0 QUESTION2_0_L -1 1.203e+02 4.115e+01))))INFO: dtree.c(1315): Comp split 18
INFO: dtree.c(1439): stop. leaf nodes are specific
INFO: dtree.c(1478): Final simple tree
|( QUESTION0 -1 -2.248e+03 2.917e+02 3.201e+01
|    ( - 2.325e+02 1 0)
|    ( QUESTION2_0_L -1 -2.189e+03 1.220e+02 3.101e+01
|        ( QUESTION11 -1 -2.062e+03 1.232e+02 2.901e+01
|            ( - -1.061e+01 1 0)
|            ( QUESTION10 -1 -1.928e+03 1.148e+02 2.701e+01
|                ( - -1.525e+02 2 0)
|                ( - -1.661e+03 7 0)))
|        ( - -4.874e+00 1 0)))
s>    ( QUESTION0 -1 -2.248e+03 2.917e+02 3.201e+01
s>        ( - 2.325e+02 1 0)
s>        ( QUESTION2_0_L -1 -2.189e+03 1.220e+02 3.101e+01
s>            ( QUESTION11 -1 -2.062e+03 1.232e+02 2.901e+01
s>                ( - -1.061e+01 1 0)
s>                ( QUESTION10 -1 -1.928e+03 1.148e+02 2.701e+01
s>                    ( - -1.525e+02 2 0)
s>                    ( - -1.661e+03 7 0)))
s>            ( - -4.874e+00 1 0)))INFO: dtree.c(1315): Comp split 19
INFO: dtree.c(1439): stop. leaf nodes are specific
INFO: dtree.c(1478): Final simple tree
|( QUESTION2_0_L -1 -2.189e+03 1.220e+02 3.101e+01
|    ( QUESTION11 -1 -2.062e+03 1.232e+02 2.901e+01
|        ( - -1.061e+01 1 0)
|        ( QUESTION10 -1 -1.928e+03 1.148e+02 2.701e+01
|            ( - -1.525e+02 2 0)
|            ( - -1.661e+03 7 0)))
|    ( - -4.874e+00 1 0))
s>    ( QUESTION2_0_L -1 -2.189e+03 1.220e+02 3.101e+01
s>        ( QUESTION11 -1 -2.062e+03 1.232e+02 2.901e+01
s>            ( - -1.061e+01 1 0)
s>            ( QUESTION10 -1 -1.928e+03 1.148e+02 2.701e+01
s>                ( - -1.525e+02 2 0)
s>                ( - -1.661e+03 7 0)))
s>        ( - -4.874e+00 1 0))INFO: dtree.c(1315): Comp split 20
INFO: dtree.c(1478): Final simple tree
|( QUESTION2_12_L -1 -1.625e+04 2.070e+02 1.680e+02
|    ( QUESTION7 -1 -4.799e+03 1.706e+02 5.066e+01
|        ( - -1.367e+01 1 0)
|        ( QUESTION5 -1 -4.615e+03 1.300e+02 4.866e+01
|            ( - -3.627e+03 2 0)
|            ( - -8.578e+02 2 0)))
|    ( WDBNDRY_B 0 -1.124e+04 1.627e+02 1.173e+02
|        ( QUESTION10 -1 -1.001e+04 1.592e+02 1.044e+02
|            ( - -1.730e+03 2 0 QUESTION16 -1 1.069e+02 1.924e+01)
|            ( QUESTION1 -1 -8.119e+03 1.485e+02 8.514e+01
|                ( - -1.086e+02 1 0)
|                ( QUESTION2_0_L -1 -7.862e+03 1.319e+02 8.214e+01
|                    ( - -7.428e+03 8 0 QUESTION0_0_R 1 1.273e+02 7.714e+01)
|                    ( - -3.026e+02 1 0))))
|        ( - -1.069e+03 1 0)))
s>    ( QUESTION2_12_L -1 -1.625e+04 2.070e+02 1.680e+02
s>        ( QUESTION7 -1 -4.799e+03 1.706e+02 5.066e+01
s>            ( - -1.367e+01 1 0)
s>            ( QUESTION5 -1 -4.615e+03 1.300e+02 4.866e+01
s>                ( - -3.627e+03 2 0)
s>                ( - -8.578e+02 2 0)))
s>        ( WDBNDRY_B 0 -1.124e+04 1.627e+02 1.173e+02
s>            ( QUESTION10 -1 -1.001e+04 1.592e+02 1.044e+02
s>                ( - -1.730e+03 2 0 QUESTION16 -1 1.069e+02 1.924e+01)
s>                ( QUESTION1 -1 -8.119e+03 1.485e+02 8.514e+01
s>                    ( - -1.086e+02 1 0)
s>                    ( QUESTION2_0_L -1 -7.862e+03 1.319e+02 8.214e+01
s>                        ( - -7.428e+03 8 0 QUESTION0_0_R 1 1.273e+02 7.714e+01)
s>                        ( - -3.026e+02 1 0))))
s>            ( - -1.069e+03 1 0)))INFO: dtree.c(1439): stop. leaf nodes are specific
INFO: dtree.c(1478): Final simple tree
|( QUESTION0_17_R 1 -1.075e+04 2.150e+02 1.192e+02
|    ( - 4.149e+01 1 0)
|    ( QUESTION0_12_R 1 -1.058e+04 2.165e+02 1.172e+02
|        ( QUESTION0_15_R 1 -3.531e+03 1.221e+02 4.208e+01
|            ( - -2.896e+03 2 0)
|            ( - -5.132e+02 1 0))
|        ( QUESTION0 -1 -6.828e+03 1.648e+02 7.509e+01
|            ( - -9.406e+00 1 0)
|            ( QUESTION0_0_R 1 -6.654e+03 1.406e+02 7.309e+01
|                ( - -7.199e+02 1 0)
|                ( WDBNDRY_E 0 -5.793e+03 8.898e+01 6.410e+01
|                    ( - -5.769e+02 1 0)
|                    ( - -5.127e+03 4 0))))))
s>    ( QUESTION0_17_R 1 -1.075e+04 2.150e+02 1.192e+02
s>        ( - 4.149e+01 1 0)
s>        ( QUESTION0_12_R 1 -1.058e+04 2.165e+02 1.172e+02
s>            ( QUESTION0_15_R 1 -3.531e+03 1.221e+02 4.208e+01
s>                ( - -2.896e+03 2 0)
s>                ( - -5.132e+02 1 0))
s>            ( QUESTION0 -1 -6.828e+03 1.648e+02 7.509e+01
s>                ( - -9.406e+00 1 0)
s>                ( QUESTION0_0_R 1 -6.654e+03 1.406e+02 7.309e+01
s>                    ( - -7.199e+02 1 0)
s>                    ( WDBNDRY_E 0 -5.793e+03 8.898e+01 6.410e+01
s>                        ( - -5.769e+02 1 0)
s>                        ( - -5.127e+03 4 0))))))INFO: dtree.c(1315): Comp split 21
INFO: dtree.c(1439): stop. leaf nodes are specific
INFO: dtree.c(1478): Final simple tree
|( WDBNDRY_B 0 -4.914e+03 2.158e+02 5.827e+01
|    ( - -2.864e+03 1 0)
|    ( - -1.834e+03 1 0))
s>    ( WDBNDRY_B 0 -4.914e+03 2.158e+02 5.827e+01
s>        ( - -2.864e+03 1 0)
s>        ( - -1.834e+03 1 0))INFO: dtree.c(1315): Comp split 22
INFO: dtree.c(1439): stop. leaf nodes are specific
INFO: dtree.c(1478): Final simple tree
|( QUESTION2 1 -1.230e+04 2.125e+02 1.453e+02
|    ( QUESTION11 -1 -1.110e+04 1.530e+02 1.323e+02
|        ( - -3.000e+02 1 0)
|        ( QUESTION0_0_R 1 -1.065e+04 1.319e+02 1.273e+02
|            ( - -1.126e+02 2 0)
|            ( QUESTION13 -1 -1.040e+04 1.244e+02 1.243e+02
|                ( - -1.128e+03 1 0)
|                ( - -9.149e+03 3 0))))
|    ( WDBNDRY_B 0 -9.879e+02 1.757e+02 1.300e+01
|        ( QUESTION11 -1 -6.959e+02 1.255e+02 1.000e+01
|            ( - -2.889e+02 1 0)
|            ( - -2.815e+02 1 0))
|        ( - -1.163e+02 1 0)))
s>    ( QUESTION2 1 -1.230e+04 2.125e+02 1.453e+02
s>        ( QUESTION11 -1 -1.110e+04 1.530e+02 1.323e+02
s>            ( - -3.000e+02 1 0)
s>            ( QUESTION0_0_R 1 -1.065e+04 1.319e+02 1.273e+02
s>                ( - -1.126e+02 2 0)
s>                ( QUESTION13 -1 -1.040e+04 1.244e+02 1.243e+02
s>                    ( - -1.128e+03 1 0)
s>                    ( - -9.149e+03 3 0))))
s>        ( WDBNDRY_B 0 -9.879e+02 1.757e+02 1.300e+01
s>            ( QUESTION11 -1 -6.959e+02 1.255e+02 1.000e+01
s>                ( - -2.889e+02 1 0)
s>                ( - -2.815e+02 1 0))
s>            ( - -1.163e+02 1 0)))INFO: dtree.c(1439): stop. leaf nodes are specific
INFO: dtree.c(1478): Final simple tree
|( QUESTION2_1_L -1 -1.079e+03 1.501e+02 1.515e+01
|    ( - 2.067e+01 1 0)
|    ( WDBNDRY_B 0 -9.491e+02 1.415e+02 1.315e+01
|        ( QUESTION11 -1 -5.924e+02 1.126e+02 9.000e+00
|            ( - -1.117e+02 1 0)
|            ( - -3.680e+02 1 0))
|        ( QUESTION0_0_R 1 -2.153e+02 6.680e+01 4.151e+00
|            ( - 4.489e+01 1 0)
|            ( - -1.933e+02 2 0))))
s>    ( QUESTION2_1_L -1 -1.079e+03 1.501e+02 1.515e+01
s>        ( - 2.067e+01 1 0)
s>        ( WDBNDRY_B 0 -9.491e+02 1.415e+02 1.315e+01
s>            ( QUESTION11 -1 -5.924e+02 1.126e+02 9.000e+00
s>                ( - -1.117e+02 1 0)
s>                ( - -3.680e+02 1 0))
s>            ( QUESTION0_0_R 1 -2.153e+02 6.680e+01 4.151e+00
s>                ( - 4.489e+01 1 0)
s>                ( - -1.933e+02 2 0))))INFO: dtree.c(1315): Comp split 23
INFO: dtree.c(1478): Final simple tree
|( QUESTION3 -1 -1.492e+04 1.696e+02 1.714e+02
|    ( - 9.467e+00 1 0)
|    ( QUESTION2_14_L -1 -1.476e+04 1.623e+02 1.694e+02
|        ( QUESTION0 -1 -8.108e+02 1.650e+02 1.100e+01
|            ( - -1.407e+02 1 0)
|            ( - -5.051e+02 2 0 WDBNDRY_B 0 1.377e+02 8.000e+00))
|        ( QUESTION9 -1 -1.378e+04 1.630e+02 1.584e+02
|            ( - -2.548e+03 9 0 QUESTION2_0_L -1 1.126e+02 3.100e+01)
|            ( QUESTION6 -1 -1.107e+04 1.404e+02 1.274e+02
|                ( QUESTION2_6_L -1 -1.681e+03 1.622e+02 1.900e+01
|                    ( - -6.915e+02 2 0)
|                    ( - -8.278e+02 3 0 WDBNDRY_B 0 1.469e+02 1.100e+01))
|                ( QUESTION2_10_L -1 -9.252e+03 1.559e+02 1.084e+02
|                    ( - -3.276e+01 2 0)
|                    ( - -9.063e+03 13 0 SILENCE -1 1.210e+02 1.064e+02))))))
s>    ( QUESTION3 -1 -1.492e+04 1.696e+02 1.714e+02
s>        ( - 9.467e+00 1 0)
s>        ( QUESTION2_14_L -1 -1.476e+04 1.623e+02 1.694e+02
s>            ( QUESTION0 -1 -8.108e+02 1.650e+02 1.100e+01
s>                ( - -1.407e+02 1 0)
s>                ( - -5.051e+02 2 0 WDBNDRY_B 0 1.377e+02 8.000e+00))
s>            ( QUESTION9 -1 -1.378e+04 1.630e+02 1.584e+02
s>                ( - -2.548e+03 9 0 QUESTION2_0_L -1 1.126e+02 3.100e+01)
s>                ( QUESTION6 -1 -1.107e+04 1.404e+02 1.274e+02
s>                    ( QUESTION2_6_L -1 -1.681e+03 1.622e+02 1.900e+01
s>                        ( - -6.915e+02 2 0)
s>                        ( - -8.278e+02 3 0 WDBNDRY_B 0 1.469e+02 1.100e+01))
s>                    ( QUESTION2_10_L -1 -9.252e+03 1.559e+02 1.084e+02
s>                        ( - -3.276e+01 2 0)
s>                        ( - -9.063e+03 13 0 SILENCE -1 1.210e+02 1.064e+02))))))INFO: dtree.c(1439): stop. leaf nodes are specific
INFO: dtree.c(1478): Final simple tree
|( QUESTION10 -1 -4.182e+04 2.305e+02 4.590e+02
|    ( - -9.770e+02 3 0)
|    ( WDBNDRY_B 0 -4.061e+04 2.083e+02 4.460e+02
|        ( QUESTION0 -1 -2.522e+04 1.491e+02 2.702e+02
|            ( QUESTION2_1_L -1 -3.528e+03 1.995e+02 3.979e+01
|                ( - -5.861e+02 1 0)
|                ( - -2.743e+03 2 0))
|            ( - -2.154e+04 10 0))
|        ( - -1.518e+04 13 0)))
s>    ( QUESTION10 -1 -4.182e+04 2.305e+02 4.590e+02
s>        ( - -9.770e+02 3 0)
s>        ( WDBNDRY_B 0 -4.061e+04 2.083e+02 4.460e+02
s>            ( QUESTION0 -1 -2.522e+04 1.491e+02 2.702e+02
s>                ( QUESTION2_1_L -1 -3.528e+03 1.995e+02 3.979e+01
s>                    ( - -5.861e+02 1 0)
s>                    ( - -2.743e+03 2 0))
s>                ( - -2.154e+04 10 0))
s>            ( - -1.518e+04 13 0)))INFO: dtree.c(1315): Comp split 24
INFO: dtree.c(1439): stop. leaf nodes are specific
INFO: dtree.c(1478): Final simple tree
|( QUESTION2 -1 -3.942e+03 1.395e+02 4.700e+01
|    ( WDBNDRY_B 0 -1.090e+03 1.471e+02 1.400e+01
|        ( QUESTION7 -1 -8.840e+02 1.213e+02 1.200e+01
|            ( - -6.221e+02 2 0)
|            ( - -1.407e+02 1 0))
|        ( - -5.889e+01 1 0))
|    ( WDBNDRY_B 0 -2.712e+03 1.315e+02 3.300e+01
|        ( - -3.276e+01 2 0)
|        ( QUESTION2_0_L -1 -2.548e+03 1.126e+02 3.100e+01
|            ( - -1.677e+03 6 0)
|            ( - -7.582e+02 3 0))))
s>    ( QUESTION2 -1 -3.942e+03 1.395e+02 4.700e+01
s>        ( WDBNDRY_B 0 -1.090e+03 1.471e+02 1.400e+01
s>            ( QUESTION7 -1 -8.840e+02 1.213e+02 1.200e+01
s>                ( - -6.221e+02 2 0)
s>                ( - -1.407e+02 1 0))
s>            ( - -5.889e+01 1 0))
s>        ( WDBNDRY_B 0 -2.712e+03 1.315e+02 3.300e+01
s>            ( - -3.276e+01 2 0)
s>            ( QUESTION2_0_L -1 -2.548e+03 1.126e+02 3.100e+01
s>                ( - -1.677e+03 6 0)
s>                ( - -7.582e+02 3 0))))INFO: dtree.c(1478): Final simple tree
|( QUESTION10 -1 -1.072e+04 1.806e+02 1.244e+02
|    ( - -3.312e+02 1 0)
|    ( QUESTION3 -1 -1.020e+04 1.695e+02 1.184e+02
|        ( - 9.467e+00 1 0)
|        ( QUESTION9 -1 -1.004e+04 1.341e+02 1.164e+02
|            ( - -3.623e+01 1 0)
|            ( QUESTION1 -1 -9.873e+03 1.263e+02 1.144e+02
|                ( WDBNDRY_B 0 -5.621e+03 1.396e+02 6.530e+01
|                    ( QUESTION2_8_L -1 -6.226e+02 3.169e+02 8.002e+00
|                        ( - 2.255e+02 1 0)
|                        ( QUESTION2_6_L -1 -5.312e+02 1.654e+02 7.002e+00
|                            ( - -1.486e+01 2 0)
|                            ( - -3.509e+02 1 0)))
|                    ( - -4.859e+03 5 0 QUESTION2_7_L -1 1.435e+02 5.730e+01))
|                ( - -4.126e+03 6 0 QUESTION6 -1 1.090e+02 4.912e+01)))))
s>    ( QUESTION10 -1 -1.072e+04 1.806e+02 1.244e+02
s>        ( - -3.312e+02 1 0)
s>        ( QUESTION3 -1 -1.020e+04 1.695e+02 1.184e+02
s>            ( - 9.467e+00 1 0)
s>            ( QUESTION9 -1 -1.004e+04 1.341e+02 1.164e+02
s>                ( - -3.623e+01 1 0)
s>                ( QUESTION1 -1 -9.873e+03 1.263e+02 1.144e+02
s>                    ( WDBNDRY_B 0 -5.621e+03 1.396e+02 6.530e+01
s>                        ( QUESTION2_8_L -1 -6.226e+02 3.169e+02 8.002e+00
s>                            ( - 2.255e+02 1 0)
s>                            ( QUESTION2_6_L -1 -5.312e+02 1.654e+02 7.002e+00
s>                                ( - -1.486e+01 2 0)
s>                                ( - -3.509e+02 1 0)))
s>                        ( - -4.859e+03 5 0 QUESTION2_7_L -1 1.435e+02 5.730e+01))
s>                    ( - -4.126e+03 6 0 QUESTION6 -1 1.090e+02 4.912e+01)))))INFO: dtree.c(1315): Comp split 25
INFO: dtree.c(1478): Final simple tree
|( QUESTION10 -1 -1.061e+04 1.805e+02 1.234e+02
|    ( - -3.312e+02 1 0)
|    ( QUESTION3 -1 -1.010e+04 1.698e+02 1.174e+02
|        ( - 9.467e+00 1 0)
|        ( QUESTION9 -1 -9.938e+03 1.342e+02 1.154e+02
|            ( - -3.623e+01 1 0)
|            ( QUESTION1 -1 -9.768e+03 1.242e+02 1.134e+02
|                ( QUESTION2_6_L -1 -5.518e+03 1.351e+02 6.430e+01
|                    ( WDBNDRY_B 0 -5.032e+03 1.582e+02 5.930e+01
|                        ( - -1.486e+01 2 0)
|                        ( QUESTION2_7_L -1 -4.859e+03 1.435e+02 5.730e+01
|                            ( - -1.286e+02 1 0)
|                            ( - -4.587e+03 4 0)))
|                    ( - -3.509e+02 1 0))
|                ( - -4.126e+03 6 0 QUESTION6 -1 1.090e+02 4.912e+01)))))
s>    ( QUESTION10 -1 -1.061e+04 1.805e+02 1.234e+02
s>        ( - -3.312e+02 1 0)
s>        ( QUESTION3 -1 -1.010e+04 1.698e+02 1.174e+02
s>            ( - 9.467e+00 1 0)
s>            ( QUESTION9 -1 -9.938e+03 1.342e+02 1.154e+02
s>                ( - -3.623e+01 1 0)
s>                ( QUESTION1 -1 -9.768e+03 1.242e+02 1.134e+02
s>                    ( QUESTION2_6_L -1 -5.518e+03 1.351e+02 6.430e+01
s>                        ( WDBNDRY_B 0 -5.032e+03 1.582e+02 5.930e+01
s>                            ( - -1.486e+01 2 0)
s>                            ( QUESTION2_7_L -1 -4.859e+03 1.435e+02 5.730e+01
s>                                ( - -1.286e+02 1 0)
s>                                ( - -4.587e+03 4 0)))
s>                        ( - -3.509e+02 1 0))
s>                    ( - -4.126e+03 6 0 QUESTION6 -1 1.090e+02 4.912e+01)))))INFO: dtree.c(1315): Comp split 26
INFO: dtree.c(1439): stop. leaf nodes are specific
INFO: dtree.c(1478): Final simple tree
|( WDBNDRY_B 0 -4.061e+04 2.083e+02 4.460e+02
|    ( QUESTION0 -1 -2.522e+04 1.491e+02 2.702e+02
|        ( QUESTION2_1_L -1 -3.528e+03 1.995e+02 3.979e+01
|            ( - -5.861e+02 1 0)
|            ( - -2.743e+03 2 0))
|        ( - -2.154e+04 10 0))
|    ( - -1.518e+04 13 0))
s>    ( WDBNDRY_B 0 -4.061e+04 2.083e+02 4.460e+02
s>        ( QUESTION0 -1 -2.522e+04 1.491e+02 2.702e+02
s>            ( QUESTION2_1_L -1 -3.528e+03 1.995e+02 3.979e+01
s>                ( - -5.861e+02 1 0)
s>                ( - -2.743e+03 2 0))
s>            ( - -2.154e+04 10 0))
s>        ( - -1.518e+04 13 0))INFO: dtree.c(1315): Comp split 27
INFO: dtree.c(1439): stop. leaf nodes are specific
INFO: dtree.c(1478): Final simple tree
|( WDBNDRY_B 0 -3.980e+04 2.062e+02 4.370e+02
|    ( QUESTION0 -1 -2.441e+04 1.242e+02 2.612e+02
|        ( - -2.743e+03 2 0)
|        ( - -2.154e+04 10 0))
|    ( - -1.518e+04 13 0))
s>    ( WDBNDRY_B 0 -3.980e+04 2.062e+02 4.370e+02
s>        ( QUESTION0 -1 -2.441e+04 1.242e+02 2.612e+02
s>            ( - -2.743e+03 2 0)
s>            ( - -2.154e+04 10 0))
s>        ( - -1.518e+04 13 0))INFO: dtree.c(1315): Comp split 28
INFO: dtree.c(1439): stop. leaf nodes are specific
INFO: dtree.c(1478): Final simple tree
|( QUESTION0_15_R 1 -3.531e+03 1.221e+02 4.208e+01
|    ( - -2.896e+03 2 0)
|    ( - -5.132e+02 1 0))
s>    ( QUESTION0_15_R 1 -3.531e+03 1.221e+02 4.208e+01
s>        ( - -2.896e+03 2 0)
s>        ( - -5.132e+02 1 0))INFO: dtree.c(1439): stop. leaf nodes are specific
INFO: dtree.c(1478): Final simple tree
|( QUESTION0_12_R 1 -7.002e+03 2.157e+02 7.709e+01
|    ( - 4.149e+01 1 0)
|    ( QUESTION0 -1 -6.828e+03 1.648e+02 7.509e+01
|        ( - -9.406e+00 1 0)
|        ( QUESTION0_0_R 1 -6.654e+03 1.406e+02 7.309e+01
|            ( - -7.199e+02 1 0)
|            ( WDBNDRY_E 0 -5.793e+03 8.898e+01 6.410e+01
|                ( - -5.769e+02 1 0)
|                ( - -5.127e+03 4 0)))))
s>    ( QUESTION0_12_R 1 -7.002e+03 2.157e+02 7.709e+01
s>        ( - 4.149e+01 1 0)
s>        ( QUESTION0 -1 -6.828e+03 1.648e+02 7.509e+01
s>            ( - -9.406e+00 1 0)
s>            ( QUESTION0_0_R 1 -6.654e+03 1.406e+02 7.309e+01
s>                ( - -7.199e+02 1 0)
s>                ( WDBNDRY_E 0 -5.793e+03 8.898e+01 6.410e+01
s>                    ( - -5.769e+02 1 0)
s>                    ( - -5.127e+03 4 0)))))INFO: dtree.c(1315): Comp split 29
INFO: dtree.c(1315): Comp split 30
INFO: dtree.c(1439): stop. leaf nodes are specific
INFO: dtree.c(1478): Final simple tree
|( QUESTION0 -1 -6.828e+03 1.648e+02 7.509e+01
|    ( - -9.406e+00 1 0)
|    ( QUESTION0_0_R 1 -6.654e+03 1.406e+02 7.309e+01
|        ( - -7.199e+02 1 0)
|        ( WDBNDRY_E 0 -5.793e+03 8.898e+01 6.410e+01
|            ( - -5.769e+02 1 0)
|            ( - -5.127e+03 4 0))))
s>    ( QUESTION0 -1 -6.828e+03 1.648e+02 7.509e+01
s>        ( - -9.406e+00 1 0)
s>        ( QUESTION0_0_R 1 -6.654e+03 1.406e+02 7.309e+01
s>            ( - -7.199e+02 1 0)
s>            ( WDBNDRY_E 0 -5.793e+03 8.898e+01 6.410e+01
s>                ( - -5.769e+02 1 0)
s>                ( - -5.127e+03 4 0))))INFO: dtree.c(1315): Comp split 31
INFO: dtree.c(1439): stop. leaf nodes are specific
INFO: dtree.c(1478): Final simple tree
|( QUESTION11 -1 -1.110e+04 1.530e+02 1.323e+02
|    ( - -3.000e+02 1 0)
|    ( QUESTION0_0_R 1 -1.065e+04 1.319e+02 1.273e+02
|        ( - -1.126e+02 2 0)
|        ( QUESTION13 -1 -1.040e+04 1.244e+02 1.243e+02
|            ( - -1.128e+03 1 0)
|            ( - -9.149e+03 3 0))))
s>    ( QUESTION11 -1 -1.110e+04 1.530e+02 1.323e+02
s>        ( - -3.000e+02 1 0)
s>        ( QUESTION0_0_R 1 -1.065e+04 1.319e+02 1.273e+02
s>            ( - -1.126e+02 2 0)
s>            ( QUESTION13 -1 -1.040e+04 1.244e+02 1.243e+02
s>                ( - -1.128e+03 1 0)
s>                ( - -9.149e+03 3 0))))INFO: dtree.c(1439): stop. leaf nodes are specific
INFO: dtree.c(1478): Final simple tree
|( WDBNDRY_B 0 -9.879e+02 1.757e+02 1.300e+01
|    ( QUESTION11 -1 -6.959e+02 1.255e+02 1.000e+01
|        ( - -2.889e+02 1 0)
|        ( - -2.815e+02 1 0))
|    ( - -1.163e+02 1 0))
s>    ( WDBNDRY_B 0 -9.879e+02 1.757e+02 1.300e+01
s>        ( QUESTION11 -1 -6.959e+02 1.255e+02 1.000e+01
s>            ( - -2.889e+02 1 0)
s>            ( - -2.815e+02 1 0))
s>        ( - -1.163e+02 1 0))INFO: dtree.c(1315): Comp split 32
INFO: dtree.c(1439): stop. leaf nodes are specific
INFO: dtree.c(1478): Final simple tree
|( QUESTION2 -1 -7.981e+03 1.636e+02 9.004e+01
|    ( - -6.918e+01 1 0)
|    ( QUESTION19 -1 -7.749e+03 1.207e+02 8.704e+01
|        ( - -7.003e+03 8 0)
|        ( QUESTION0 -1 -6.252e+02 9.845e+01 8.000e+00
|            ( - -2.116e+02 2 0)
|            ( - -3.152e+02 2 0))))
s>    ( QUESTION2 -1 -7.981e+03 1.636e+02 9.004e+01
s>        ( - -6.918e+01 1 0)
s>        ( QUESTION19 -1 -7.749e+03 1.207e+02 8.704e+01
s>            ( - -7.003e+03 8 0)
s>            ( QUESTION0 -1 -6.252e+02 9.845e+01 8.000e+00
s>                ( - -2.116e+02 2 0)
s>                ( - -3.152e+02 2 0))))INFO: dtree.c(1478): Final simple tree
|( QUESTION0_0_R 1 -6.048e+03 1.604e+02 6.515e+01
|    ( QUESTION2_0_L -1 -6.950e+02 3.122e+02 9.151e+00
|        ( WDBNDRY_I 0 -6.152e+02 1.578e+02 8.151e+00
|            ( - -3.793e+01 2 0)
|            ( - -4.195e+02 2 0 WDBNDRY_B 0 8.113e+01 6.151e+00))
|        ( - 2.324e+02 1 0))
|    ( WDBNDRY_B 0 -5.192e+03 1.556e+02 5.600e+01
|        ( QUESTION2_4_L -1 -5.038e+03 1.289e+02 5.400e+01
|            ( - -2.286e+02 2 0)
|            ( QUESTION0 -1 -4.680e+03 1.253e+02 5.000e+01
|                ( QUESTION2_0_L -1 -1.168e+03 1.613e+02 1.400e+01
|                    ( - -1.796e+02 1 0)
|                    ( - -8.275e+02 2 0 QUESTION5 -1 3.231e+02 1.000e+01))
|                ( - -3.387e+03 6 0)))
|        ( - 1.076e+00 1 0)))
s>    ( QUESTION0_0_R 1 -6.048e+03 1.604e+02 6.515e+01
s>        ( QUESTION2_0_L -1 -6.950e+02 3.122e+02 9.151e+00
s>            ( WDBNDRY_I 0 -6.152e+02 1.578e+02 8.151e+00
s>                ( - -3.793e+01 2 0)
s>                ( - -4.195e+02 2 0 WDBNDRY_B 0 8.113e+01 6.151e+00))
s>            ( - 2.324e+02 1 0))
s>        ( WDBNDRY_B 0 -5.192e+03 1.556e+02 5.600e+01
s>            ( QUESTION2_4_L -1 -5.038e+03 1.289e+02 5.400e+01
s>                ( - -2.286e+02 2 0)
s>                ( QUESTION0 -1 -4.680e+03 1.253e+02 5.000e+01
s>                    ( QUESTION2_0_L -1 -1.168e+03 1.613e+02 1.400e+01
s>                        ( - -1.796e+02 1 0)
s>                        ( - -8.275e+02 2 0 QUESTION5 -1 3.231e+02 1.000e+01))
s>                    ( - -3.387e+03 6 0)))
s>            ( - 1.076e+00 1 0)))INFO: dtree.c(1315): Comp split 33
INFO: dtree.c(1478): Final simple tree
|( QUESTION10 -1 -5.958e+03 1.606e+02 6.415e+01
|    ( QUESTION2_0_L -1 -3.759e+03 1.291e+02 4.015e+01
|        ( - -3.402e+03 7 0 WDBNDRY_B 0 6.014e+01 3.615e+01)
|        ( - -2.286e+02 2 0))
|    ( QUESTION2_2_L -1 -2.038e+03 1.576e+02 2.400e+01
|        ( - -1.796e+02 1 0)
|        ( QUESTION0_0_R 1 -1.701e+03 1.246e+02 2.000e+01
|            ( WDBNDRY_B 0 -5.980e+02 1.768e+02 8.000e+00
|                ( - -3.833e+02 1 0)
|                ( - -3.793e+01 2 0))
|            ( WDBNDRY_B 0 -9.784e+02 1.519e+02 1.200e+01
|                ( QUESTION5 -1 -8.275e+02 3.231e+02 1.000e+01
|                    ( - -7.306e+02 1 0)
|                    ( - 2.261e+02 1 0))
|                ( - 1.076e+00 1 0)))))
s>    ( QUESTION10 -1 -5.958e+03 1.606e+02 6.415e+01
s>        ( QUESTION2_0_L -1 -3.759e+03 1.291e+02 4.015e+01
s>            ( - -3.402e+03 7 0 WDBNDRY_B 0 6.014e+01 3.615e+01)
s>            ( - -2.286e+02 2 0))
s>        ( QUESTION2_2_L -1 -2.038e+03 1.576e+02 2.400e+01
s>            ( - -1.796e+02 1 0)
s>            ( QUESTION0_0_R 1 -1.701e+03 1.246e+02 2.000e+01
s>                ( WDBNDRY_B 0 -5.980e+02 1.768e+02 8.000e+00
s>                    ( - -3.833e+02 1 0)
s>                    ( - -3.793e+01 2 0))
s>                ( WDBNDRY_B 0 -9.784e+02 1.519e+02 1.200e+01
s>                    ( QUESTION5 -1 -8.275e+02 3.231e+02 1.000e+01
s>                        ( - -7.306e+02 1 0)
s>                        ( - 2.261e+02 1 0))
s>                    ( - 1.076e+00 1 0)))))INFO: dtree.c(1315): Comp split 34
INFO: dtree.c(1478): Final simple tree
|( QUESTION10 -1 -5.862e+03 1.615e+02 6.315e+01
|    ( QUESTION2_0_L -1 -3.759e+03 1.291e+02 4.015e+01
|        ( WDBNDRY_B 0 -3.402e+03 6.014e+01 3.615e+01
|            ( - -3.387e+03 6 0)
|            ( - 4.488e+01 1 0))
|        ( - -2.286e+02 2 0))
|    ( QUESTION2_2_L -1 -1.941e+03 1.560e+02 2.300e+01
|        ( - -1.796e+02 1 0)
|        ( QUESTION6 -1 -1.606e+03 1.521e+02 1.900e+01
|            ( - 1.076e+00 1 0)
|            ( WDBNDRY_B 0 -1.455e+03 1.540e+02 1.700e+01
|                ( QUESTION0_0_R 1 -1.263e+03 1.488e+02 1.500e+01
|                    ( - -3.833e+02 1 0)
|                    ( - -7.306e+02 1 0))
|                ( - -3.793e+01 2 0)))))
s>    ( QUESTION10 -1 -5.862e+03 1.615e+02 6.315e+01
s>        ( QUESTION2_0_L -1 -3.759e+03 1.291e+02 4.015e+01
s>            ( WDBNDRY_B 0 -3.402e+03 6.014e+01 3.615e+01
s>                ( - -3.387e+03 6 0)
s>                ( - 4.488e+01 1 0))
s>            ( - -2.286e+02 2 0))
s>        ( QUESTION2_2_L -1 -1.941e+03 1.560e+02 2.300e+01
s>            ( - -1.796e+02 1 0)
s>            ( QUESTION6 -1 -1.606e+03 1.521e+02 1.900e+01
s>                ( - 1.076e+00 1 0)
s>                ( WDBNDRY_B 0 -1.455e+03 1.540e+02 1.700e+01
s>                    ( QUESTION0_0_R 1 -1.263e+03 1.488e+02 1.500e+01
s>                        ( - -3.833e+02 1 0)
s>                        ( - -7.306e+02 1 0))
s>                    ( - -3.793e+01 2 0)))))INFO: dtree.c(1315): Comp split 35
INFO: dtree.c(1439): stop. leaf nodes are specific
INFO: dtree.c(1478): Final simple tree
|( QUESTION0 -1 -3.461e+03 1.731e+02 4.505e+01
|    ( - -1.432e+03 1 0)
|    ( - -1.856e+03 1 0))
s>    ( QUESTION0 -1 -3.461e+03 1.731e+02 4.505e+01
s>        ( - -1.432e+03 1 0)
s>        ( - -1.856e+03 1 0))INFO: dtree.c(1315): Comp split 36
INFO: dtree.c(1478): Final simple tree
|( WDBNDRY_B 0 -1.124e+04 1.627e+02 1.173e+02
|    ( QUESTION10 -1 -1.001e+04 1.592e+02 1.044e+02
|        ( - -1.730e+03 2 0 QUESTION16 -1 1.069e+02 1.924e+01)
|        ( QUESTION1 -1 -8.119e+03 1.485e+02 8.514e+01
|            ( - -1.086e+02 1 0)
|            ( QUESTION2_0_L -1 -7.862e+03 1.319e+02 8.214e+01
|                ( QUESTION0_0_R 1 -7.428e+03 1.273e+02 7.714e+01
|                    ( - -5.769e+02 2 0)
|                    ( QUESTION2_1_L -1 -6.724e+03 1.219e+02 6.914e+01
|                        ( QUESTION0 -1 -5.541e+03 3.138e+02 5.644e+01
|                            ( - 2.202e+02 1 0)
|                            ( - -5.447e+03 4 0))
|                        ( - -1.061e+03 1 0)))
|                ( - -3.026e+02 1 0))))
|    ( - -1.069e+03 1 0))
s>    ( WDBNDRY_B 0 -1.124e+04 1.627e+02 1.173e+02
s>        ( QUESTION10 -1 -1.001e+04 1.592e+02 1.044e+02
s>            ( - -1.730e+03 2 0 QUESTION16 -1 1.069e+02 1.924e+01)
s>            ( QUESTION1 -1 -8.119e+03 1.485e+02 8.514e+01
s>                ( - -1.086e+02 1 0)
s>                ( QUESTION2_0_L -1 -7.862e+03 1.319e+02 8.214e+01
s>                    ( QUESTION0_0_R 1 -7.428e+03 1.273e+02 7.714e+01
s>                        ( - -5.769e+02 2 0)
s>                        ( QUESTION2_1_L -1 -6.724e+03 1.219e+02 6.914e+01
s>                            ( QUESTION0 -1 -5.541e+03 3.138e+02 5.644e+01
s>                                ( - 2.202e+02 1 0)
s>                                ( - -5.447e+03 4 0))
s>                            ( - -1.061e+03 1 0)))
s>                    ( - -3.026e+02 1 0))))
s>        ( - -1.069e+03 1 0))INFO: dtree.c(1439): stop. leaf nodes are specific
INFO: dtree.c(1478): Final simple tree
|( QUESTION7 -1 -4.799e+03 1.706e+02 5.066e+01
|    ( - -1.367e+01 1 0)
|    ( QUESTION5 -1 -4.615e+03 1.300e+02 4.866e+01
|        ( - -3.627e+03 2 0)
|        ( - -8.578e+02 2 0)))
s>    ( QUESTION7 -1 -4.799e+03 1.706e+02 5.066e+01
s>        ( - -1.367e+01 1 0)
s>        ( QUESTION5 -1 -4.615e+03 1.300e+02 4.866e+01
s>            ( - -3.627e+03 2 0)
s>            ( - -8.578e+02 2 0)))INFO: dtree.c(1315): Comp split 37
INFO: dtree.c(1478): Final simple tree
|( WDBNDRY_B 0 -1.114e+04 1.622e+02 1.163e+02
|    ( QUESTION10 -1 -9.913e+03 1.594e+02 1.034e+02
|        ( QUESTION16 -1 -1.730e+03 1.069e+02 1.924e+01
|            ( - -2.070e+02 1 0)
|            ( - -1.416e+03 1 0))
|        ( QUESTION1 -1 -8.024e+03 1.481e+02 8.414e+01
|            ( - -1.086e+02 1 0)
|            ( QUESTION2_0_L -1 -7.767e+03 1.320e+02 8.114e+01
|                ( QUESTION0_0_R 1 -7.333e+03 1.263e+02 7.614e+01
|                    ( - -5.769e+02 2 0)
|                    ( QUESTION0 -1 -6.629e+03 1.213e+02 6.814e+01
|                        ( - -1.061e+03 1 0)
|                        ( - -5.447e+03 4 0)))
|                ( - -3.026e+02 1 0))))
|    ( - -1.069e+03 1 0))
s>    ( WDBNDRY_B 0 -1.114e+04 1.622e+02 1.163e+02
s>        ( QUESTION10 -1 -9.913e+03 1.594e+02 1.034e+02
s>            ( QUESTION16 -1 -1.730e+03 1.069e+02 1.924e+01
s>                ( - -2.070e+02 1 0)
s>                ( - -1.416e+03 1 0))
s>            ( QUESTION1 -1 -8.024e+03 1.481e+02 8.414e+01
s>                ( - -1.086e+02 1 0)
s>                ( QUESTION2_0_L -1 -7.767e+03 1.320e+02 8.114e+01
s>                    ( QUESTION0_0_R 1 -7.333e+03 1.263e+02 7.614e+01
s>                        ( - -5.769e+02 2 0)
s>                        ( QUESTION0 -1 -6.629e+03 1.213e+02 6.814e+01
s>                            ( - -1.061e+03 1 0)
s>                            ( - -5.447e+03 4 0)))
s>                    ( - -3.026e+02 1 0))))
s>        ( - -1.069e+03 1 0))INFO: dtree.c(1315): Comp split 38
INFO: dtree.c(1439): stop. leaf nodes are specific
INFO: dtree.c(1478): Final simple tree
|( QUESTION0 -1 -2.441e+04 1.242e+02 2.612e+02
|    ( - -2.743e+03 2 0)
|    ( - -2.154e+04 10 0))
s>    ( QUESTION0 -1 -2.441e+04 1.242e+02 2.612e+02
s>        ( - -2.743e+03 2 0)
s>        ( - -2.154e+04 10 0))INFO: dtree.c(1315): Comp split 39
INFO: dtree.c(1439): stop. leaf nodes are specific
INFO: dtree.c(1478): Final simple tree
|( QUESTION11 -1 -5.822e+03 1.645e+02 6.555e+01
|    ( QUESTION2_0_L -1 -4.015e+03 1.191e+02 4.586e+01
|        ( - -2.782e+03 1 0)
|        ( - -1.113e+03 2 0))
|    ( - -1.643e+03 3 0))
s>    ( QUESTION11 -1 -5.822e+03 1.645e+02 6.555e+01
s>        ( QUESTION2_0_L -1 -4.015e+03 1.191e+02 4.586e+01
s>            ( - -2.782e+03 1 0)
s>            ( - -1.113e+03 2 0))
s>        ( - -1.643e+03 3 0))INFO: dtree.c(1439): stop. leaf nodes are specific
INFO: dtree.c(1478): Final simple tree
|( QUESTION13 -1 -2.407e+04 1.814e+02 2.786e+02
|    ( - -4.838e+03 3 0)
|    ( QUESTION2_0_L -1 -1.905e+04 1.553e+02 2.218e+02
|        ( - -1.865e+04 8 0)
|        ( - -2.449e+02 1 0)))
s>    ( QUESTION13 -1 -2.407e+04 1.814e+02 2.786e+02
s>        ( - -4.838e+03 3 0)
s>        ( QUESTION2_0_L -1 -1.905e+04 1.553e+02 2.218e+02
s>            ( - -1.865e+04 8 0)
s>            ( - -2.449e+02 1 0)))INFO: dtree.c(1315): Comp split 40
INFO: dtree.c(1439): stop. leaf nodes are specific
INFO: dtree.c(1478): Final simple tree
|( QUESTION19 -1 -5.295e+03 1.457e+02 5.715e+01
|    ( - -3.793e+01 2 0)
|    ( WDBNDRY_I 0 -5.112e+03 1.561e+02 5.515e+01
|        ( - 1.076e+00 1 0)
|        ( QUESTION6 -1 -4.957e+03 1.739e+02 5.315e+01
|            ( - -1.796e+02 1 0)
|            ( QUESTION2_4_L -1 -4.603e+03 1.277e+02 4.915e+01
|                ( - -2.286e+02 2 0)
|                ( QUESTION0 -1 -4.247e+03 1.147e+02 4.515e+01
|                    ( - -7.306e+02 1 0)
|                    ( WDBNDRY_B 0 -3.402e+03 6.014e+01 3.615e+01
|                        ( - -3.387e+03 6 0)
|                        ( - 4.488e+01 1 0)))))))
s>    ( QUESTION19 -1 -5.295e+03 1.457e+02 5.715e+01
s>        ( - -3.793e+01 2 0)
s>        ( WDBNDRY_I 0 -5.112e+03 1.561e+02 5.515e+01
s>            ( - 1.076e+00 1 0)
s>            ( QUESTION6 -1 -4.957e+03 1.739e+02 5.315e+01
s>                ( - -1.796e+02 1 0)
s>                ( QUESTION2_4_L -1 -4.603e+03 1.277e+02 4.915e+01
s>                    ( - -2.286e+02 2 0)
s>                    ( QUESTION0 -1 -4.247e+03 1.147e+02 4.515e+01
s>                        ( - -7.306e+02 1 0)
s>                        ( WDBNDRY_B 0 -3.402e+03 6.014e+01 3.615e+01
s>                            ( - -3.387e+03 6 0)
s>                            ( - 4.488e+01 1 0)))))))INFO: dtree.c(1315): Comp split 41
INFO: dtree.c(1439): stop. leaf nodes are specific
INFO: dtree.c(1478): Final simple tree
|( QUESTION2_0_L -1 -1.905e+04 1.553e+02 2.218e+02
|    ( - -1.865e+04 8 0)
|    ( - -2.449e+02 1 0))
s>    ( QUESTION2_0_L -1 -1.905e+04 1.553e+02 2.218e+02
s>        ( - -1.865e+04 8 0)
s>        ( - -2.449e+02 1 0))INFO: dtree.c(1315): Comp split 42
INFO: dtree.c(1478): Final simple tree
|( QUESTION3 -1 -1.010e+04 1.698e+02 1.174e+02
|    ( - 9.467e+00 1 0)
|    ( QUESTION9 -1 -9.938e+03 1.342e+02 1.154e+02
|        ( - -3.623e+01 1 0)
|        ( QUESTION1 -1 -9.768e+03 1.242e+02 1.134e+02
|            ( QUESTION2_6_L -1 -5.518e+03 1.351e+02 6.430e+01
|                ( WDBNDRY_B 0 -5.032e+03 1.582e+02 5.930e+01
|                    ( - -1.486e+01 2 0)
|                    ( QUESTION2_7_L -1 -4.859e+03 1.435e+02 5.730e+01
|                        ( - -1.286e+02 1 0)
|                        ( - -4.587e+03 4 0)))
|                ( - -3.509e+02 1 0))
|            ( QUESTION6 -1 -4.126e+03 1.090e+02 4.912e+01
|                ( - -6.915e+02 2 0)
|                ( - -3.325e+03 4 0 SILENCE -1 1.058e+02 4.112e+01)))))
s>    ( QUESTION3 -1 -1.010e+04 1.698e+02 1.174e+02
s>        ( - 9.467e+00 1 0)
s>        ( QUESTION9 -1 -9.938e+03 1.342e+02 1.154e+02
s>            ( - -3.623e+01 1 0)
s>            ( QUESTION1 -1 -9.768e+03 1.242e+02 1.134e+02
s>                ( QUESTION2_6_L -1 -5.518e+03 1.351e+02 6.430e+01
s>                    ( WDBNDRY_B 0 -5.032e+03 1.582e+02 5.930e+01
s>                        ( - -1.486e+01 2 0)
s>                        ( QUESTION2_7_L -1 -4.859e+03 1.435e+02 5.730e+01
s>                            ( - -1.286e+02 1 0)
s>                            ( - -4.587e+03 4 0)))
s>                    ( - -3.509e+02 1 0))
s>                ( QUESTION6 -1 -4.126e+03 1.090e+02 4.912e+01
s>                    ( - -6.915e+02 2 0)
s>                    ( - -3.325e+03 4 0 SILENCE -1 1.058e+02 4.112e+01)))))INFO: dtree.c(1315): Comp split 43
INFO: dtree.c(1439): stop. leaf nodes are specific
INFO: dtree.c(1478): Final simple tree
|( QUESTION17 -1 -8.508e+03 1.494e+02 8.739e+01
|    ( - -1.416e+03 1 0)
|    ( QUESTION19 -1 -6.943e+03 1.195e+02 7.114e+01
|        ( - -5.447e+03 4 0)
|        ( QUESTION0 -1 -1.376e+03 1.086e+02 1.571e+01
|            ( - -1.061e+03 1 0)
|            ( - -2.070e+02 1 0))))
s>    ( QUESTION17 -1 -8.508e+03 1.494e+02 8.739e+01
s>        ( - -1.416e+03 1 0)
s>        ( QUESTION19 -1 -6.943e+03 1.195e+02 7.114e+01
s>            ( - -5.447e+03 4 0)
s>            ( QUESTION0 -1 -1.376e+03 1.086e+02 1.571e+01
s>                ( - -1.061e+03 1 0)
s>                ( - -2.070e+02 1 0))))INFO: dtree.c(1439): stop. leaf nodes are specific
INFO: dtree.c(1478): Final simple tree
|( QUESTION2_7_L -1 -2.457e+03 1.463e+02 2.895e+01
|    ( - -1.086e+02 1 0)
|    ( QUESTION2 -1 -2.202e+03 1.308e+02 2.595e+01
|        ( - -3.026e+02 1 0)
|        ( WDBNDRY_B 0 -1.769e+03 1.228e+02 2.095e+01
|            ( - -5.769e+02 2 0)
|            ( - -1.069e+03 1 0))))
s>    ( QUESTION2_7_L -1 -2.457e+03 1.463e+02 2.895e+01
s>        ( - -1.086e+02 1 0)
s>        ( QUESTION2 -1 -2.202e+03 1.308e+02 2.595e+01
s>            ( - -3.026e+02 1 0)
s>            ( WDBNDRY_B 0 -1.769e+03 1.228e+02 2.095e+01
s>                ( - -5.769e+02 2 0)
s>                ( - -1.069e+03 1 0))))INFO: dtree.c(1315): Comp split 44
INFO: dtree.c(1439): stop. leaf nodes are specific
INFO: dtree.c(1478): Final simple tree
|( QUESTION11 -1 -6.959e+02 1.255e+02 1.000e+01
|    ( - -2.889e+02 1 0)
|    ( - -2.815e+02 1 0))
s>    ( QUESTION11 -1 -6.959e+02 1.255e+02 1.000e+01
s>        ( - -2.889e+02 1 0)
s>        ( - -2.815e+02 1 0))INFO: dtree.c(1315): Comp split 45
INFO: dtree.c(1315): Comp split 46
INFO: dtree.c(1439): stop. leaf nodes are specific
INFO: dtree.c(1478): Final simple tree
|( QUESTION6 -1 -4.943e+03 1.559e+02 5.315e+01
|    ( - 1.076e+00 1 0)
|    ( WDBNDRY_I 0 -4.789e+03 1.474e+02 5.115e+01
|        ( - -3.793e+01 2 0)
|        ( QUESTION2_4_L -1 -4.603e+03 1.277e+02 4.915e+01
|            ( - -2.286e+02 2 0)
|            ( QUESTION0 -1 -4.247e+03 1.147e+02 4.515e+01
|                ( - -7.306e+02 1 0)
|                ( WDBNDRY_B 0 -3.402e+03 6.014e+01 3.615e+01
|                    ( - -3.387e+03 6 0)
|                    ( - 4.488e+01 1 0))))))
s>    ( QUESTION6 -1 -4.943e+03 1.559e+02 5.315e+01
s>        ( - 1.076e+00 1 0)
s>        ( WDBNDRY_I 0 -4.789e+03 1.474e+02 5.115e+01
s>            ( - -3.793e+01 2 0)
s>            ( QUESTION2_4_L -1 -4.603e+03 1.277e+02 4.915e+01
s>                ( - -2.286e+02 2 0)
s>                ( QUESTION0 -1 -4.247e+03 1.147e+02 4.515e+01
s>                    ( - -7.306e+02 1 0)
s>                    ( WDBNDRY_B 0 -3.402e+03 6.014e+01 3.615e+01
s>                        ( - -3.387e+03 6 0)
s>                        ( - 4.488e+01 1 0))))))INFO: dtree.c(1315): Comp split 47
INFO: dtree.c(1439): stop. leaf nodes are specific
INFO: dtree.c(1478): Final simple tree
|( QUESTION5 -1 -4.615e+03 1.300e+02 4.866e+01
|    ( - -3.627e+03 2 0)
|    ( - -8.578e+02 2 0))
s>    ( QUESTION5 -1 -4.615e+03 1.300e+02 4.866e+01
s>        ( - -3.627e+03 2 0)
s>        ( - -8.578e+02 2 0))INFO: dtree.c(1315): Comp split 48
INFO: dtree.c(1315): Comp split 49
INFO: dtree.c(1478): Final simple tree
|( QUESTION9 -1 -9.938e+03 1.342e+02 1.154e+02
|    ( - -3.623e+01 1 0)
|    ( QUESTION1 -1 -9.768e+03 1.242e+02 1.134e+02
|        ( QUESTION2_6_L -1 -5.518e+03 1.351e+02 6.430e+01
|            ( WDBNDRY_B 0 -5.032e+03 1.582e+02 5.930e+01
|                ( - -1.486e+01 2 0)
|                ( QUESTION2_7_L -1 -4.859e+03 1.435e+02 5.730e+01
|                    ( - -1.286e+02 1 0)
|                    ( - -4.587e+03 4 0)))
|            ( - -3.509e+02 1 0))
|        ( QUESTION6 -1 -4.126e+03 1.090e+02 4.912e+01
|            ( - -6.915e+02 2 0)
|            ( SILENCE -1 -3.325e+03 1.058e+02 4.112e+01
|                ( - -2.593e+03 2 0)
|                ( - -6.264e+02 2 0)))))
s>    ( QUESTION9 -1 -9.938e+03 1.342e+02 1.154e+02
s>        ( - -3.623e+01 1 0)
s>        ( QUESTION1 -1 -9.768e+03 1.242e+02 1.134e+02
s>            ( QUESTION2_6_L -1 -5.518e+03 1.351e+02 6.430e+01
s>                ( WDBNDRY_B 0 -5.032e+03 1.582e+02 5.930e+01
s>                    ( - -1.486e+01 2 0)
s>                    ( QUESTION2_7_L -1 -4.859e+03 1.435e+02 5.730e+01
s>                        ( - -1.286e+02 1 0)
s>                        ( - -4.587e+03 4 0)))
s>                ( - -3.509e+02 1 0))
s>            ( QUESTION6 -1 -4.126e+03 1.090e+02 4.912e+01
s>                ( - -6.915e+02 2 0)
s>                ( SILENCE -1 -3.325e+03 1.058e+02 4.112e+01
s>                    ( - -2.593e+03 2 0)
s>                    ( - -6.264e+02 2 0)))))INFO: dtree.c(1315): Comp split 50
INFO: dtree.c(1439): stop. leaf nodes are specific
INFO: dtree.c(1478): Final simple tree
|( QUESTION0_0_R 1 -6.654e+03 1.406e+02 7.309e+01
|    ( - -7.199e+02 1 0)
|    ( WDBNDRY_E 0 -5.793e+03 8.898e+01 6.410e+01
|        ( - -5.769e+02 1 0)
|        ( - -5.127e+03 4 0)))
s>    ( QUESTION0_0_R 1 -6.654e+03 1.406e+02 7.309e+01
s>        ( - -7.199e+02 1 0)
s>        ( WDBNDRY_E 0 -5.793e+03 8.898e+01 6.410e+01
s>            ( - -5.769e+02 1 0)
s>            ( - -5.127e+03 4 0)))INFO: dtree.c(1315): Comp split 51
INFO: dtree.c(1439): stop. leaf nodes are specific
INFO: dtree.c(1478): Final simple tree
|( QUESTION2_0_L -1 -4.015e+03 1.191e+02 4.586e+01
|    ( - -2.782e+03 1 0)
|    ( - -1.113e+03 2 0))
s>    ( QUESTION2_0_L -1 -4.015e+03 1.191e+02 4.586e+01
s>        ( - -2.782e+03 1 0)
s>        ( - -1.113e+03 2 0))INFO: dtree.c(1315): Comp split 52
INFO: dtree.c(1439): stop. leaf nodes are specific
INFO: dtree.c(1478): Final simple tree
|( QUESTION19 -1 -7.749e+03 1.207e+02 8.704e+01
|    ( - -7.003e+03 8 0)
|    ( QUESTION0 -1 -6.252e+02 9.845e+01 8.000e+00
|        ( - -2.116e+02 2 0)
|        ( - -3.152e+02 2 0)))
s>    ( QUESTION19 -1 -7.749e+03 1.207e+02 8.704e+01
s>        ( - -7.003e+03 8 0)
s>        ( QUESTION0 -1 -6.252e+02 9.845e+01 8.000e+00
s>            ( - -2.116e+02 2 0)
s>            ( - -3.152e+02 2 0)))INFO: dtree.c(1315): Comp split 53
INFO: dtree.c(1439): stop. leaf nodes are specific
INFO: dtree.c(1478): Final simple tree
|( QUESTION2_7_L -1 -9.762e+03 1.471e+02 1.134e+02
|    ( - -1.286e+02 1 0)
|    ( QUESTION9 -1 -9.486e+03 1.337e+02 1.104e+02
|        ( - -3.623e+01 1 0)
|        ( QUESTION6 -1 -9.316e+03 1.194e+02 1.084e+02
|            ( - -6.915e+02 2 0)
|            ( QUESTION2_12_L -1 -8.506e+03 1.172e+02 1.004e+02
|                ( QUESTION1 -1 -1.104e+03 1.266e+02 1.300e+01
|                    ( - -3.509e+02 1 0)
|                    ( - -6.264e+02 2 0))
|                ( WDBNDRY_B 0 -7.285e+03 1.046e+02 8.742e+01
|                    ( - -2.593e+03 2 0)
|                    ( - -4.587e+03 4 0))))))
s>    ( QUESTION2_7_L -1 -9.762e+03 1.471e+02 1.134e+02
s>        ( - -1.286e+02 1 0)
s>        ( QUESTION9 -1 -9.486e+03 1.337e+02 1.104e+02
s>            ( - -3.623e+01 1 0)
s>            ( QUESTION6 -1 -9.316e+03 1.194e+02 1.084e+02
s>                ( - -6.915e+02 2 0)
s>                ( QUESTION2_12_L -1 -8.506e+03 1.172e+02 1.004e+02
s>                    ( QUESTION1 -1 -1.104e+03 1.266e+02 1.300e+01
s>                        ( - -3.509e+02 1 0)
s>                        ( - -6.264e+02 2 0))
s>                    ( WDBNDRY_B 0 -7.285e+03 1.046e+02 8.742e+01
s>                        ( - -2.593e+03 2 0)
s>                        ( - -4.587e+03 4 0))))))INFO: dtree.c(1315): Comp split 54
INFO: dtree.c(1439): stop. leaf nodes are specific
INFO: dtree.c(1478): Final simple tree
|( WDBNDRY_I 0 -4.789e+03 1.474e+02 5.115e+01
|    ( - -3.793e+01 2 0)
|    ( QUESTION2_4_L -1 -4.603e+03 1.277e+02 4.915e+01
|        ( - -2.286e+02 2 0)
|        ( QUESTION0 -1 -4.247e+03 1.147e+02 4.515e+01
|            ( - -7.306e+02 1 0)
|            ( WDBNDRY_B 0 -3.402e+03 6.014e+01 3.615e+01
|                ( - -3.387e+03 6 0)
|                ( - 4.488e+01 1 0)))))
s>    ( WDBNDRY_I 0 -4.789e+03 1.474e+02 5.115e+01
s>        ( - -3.793e+01 2 0)
s>        ( QUESTION2_4_L -1 -4.603e+03 1.277e+02 4.915e+01
s>            ( - -2.286e+02 2 0)
s>            ( QUESTION0 -1 -4.247e+03 1.147e+02 4.515e+01
s>                ( - -7.306e+02 1 0)
s>                ( WDBNDRY_B 0 -3.402e+03 6.014e+01 3.615e+01
s>                    ( - -3.387e+03 6 0)
s>                    ( - 4.488e+01 1 0)))))INFO: dtree.c(1315): Comp split 55
INFO: dtree.c(1315): Comp split 56
INFO: dtree.c(1439): stop. leaf nodes are specific
INFO: dtree.c(1478): Final simple tree
|( QUESTION7 -1 -8.840e+02 1.213e+02 1.200e+01
|    ( - -6.221e+02 2 0)
|    ( - -1.407e+02 1 0))
s>    ( QUESTION7 -1 -8.840e+02 1.213e+02 1.200e+01
s>        ( - -6.221e+02 2 0)
s>        ( - -1.407e+02 1 0))INFO: dtree.c(1439): stop. leaf nodes are specific
INFO: dtree.c(1478): Final simple tree
|( QUESTION2 -1 -2.903e+03 1.319e+02 3.500e+01
|    ( - -5.889e+01 1 0)
|    ( WDBNDRY_B 0 -2.712e+03 1.315e+02 3.300e+01
|        ( - -3.276e+01 2 0)
|        ( QUESTION2_0_L -1 -2.548e+03 1.126e+02 3.100e+01
|            ( - -1.677e+03 6 0)
|            ( - -7.582e+02 3 0))))
s>    ( QUESTION2 -1 -2.903e+03 1.319e+02 3.500e+01
s>        ( - -5.889e+01 1 0)
s>        ( WDBNDRY_B 0 -2.712e+03 1.315e+02 3.300e+01
s>            ( - -3.276e+01 2 0)
s>            ( QUESTION2_0_L -1 -2.548e+03 1.126e+02 3.100e+01
s>                ( - -1.677e+03 6 0)
s>                ( - -7.582e+02 3 0))))INFO: dtree.c(1315): Comp split 57
INFO: dtree.c(1439): stop. leaf nodes are specific
INFO: dtree.c(1478): Final simple tree
|( QUESTION0_0_R 1 -1.065e+04 1.319e+02 1.273e+02
|    ( - -1.126e+02 2 0)
|    ( QUESTION13 -1 -1.040e+04 1.244e+02 1.243e+02
|        ( - -1.128e+03 1 0)
|        ( - -9.149e+03 3 0)))
s>    ( QUESTION0_0_R 1 -1.065e+04 1.319e+02 1.273e+02
s>        ( - -1.126e+02 2 0)
s>        ( QUESTION13 -1 -1.040e+04 1.244e+02 1.243e+02
s>            ( - -1.128e+03 1 0)
s>            ( - -9.149e+03 3 0)))INFO: dtree.c(1315): Comp split 58
INFO: dtree.c(1439): stop. leaf nodes are specific
INFO: dtree.c(1478): Final simple tree
|( WDBNDRY_B 0 -9.491e+02 1.415e+02 1.315e+01
|    ( QUESTION11 -1 -5.924e+02 1.126e+02 9.000e+00
|        ( - -1.117e+02 1 0)
|        ( - -3.680e+02 1 0))
|    ( QUESTION0_0_R 1 -2.153e+02 6.680e+01 4.151e+00
|        ( - 4.489e+01 1 0)
|        ( - -1.933e+02 2 0)))
s>    ( WDBNDRY_B 0 -9.491e+02 1.415e+02 1.315e+01
s>        ( QUESTION11 -1 -5.924e+02 1.126e+02 9.000e+00
s>            ( - -1.117e+02 1 0)
s>            ( - -3.680e+02 1 0))
s>        ( QUESTION0_0_R 1 -2.153e+02 6.680e+01 4.151e+00
s>            ( - 4.489e+01 1 0)
s>            ( - -1.933e+02 2 0)))INFO: dtree.c(1315): Comp split 59
INFO: dtree.c(1439): stop. leaf nodes are specific
INFO: dtree.c(1478): Final simple tree
|( QUESTION19 -1 -6.943e+03 1.195e+02 7.114e+01
|    ( - -5.447e+03 4 0)
|    ( QUESTION0 -1 -1.376e+03 1.086e+02 1.571e+01
|        ( - -1.061e+03 1 0)
|        ( - -2.070e+02 1 0)))
s>    ( QUESTION19 -1 -6.943e+03 1.195e+02 7.114e+01
s>        ( - -5.447e+03 4 0)
s>        ( QUESTION0 -1 -1.376e+03 1.086e+02 1.571e+01
s>            ( - -1.061e+03 1 0)
s>            ( - -2.070e+02 1 0)))INFO: dtree.c(1315): Comp split 60
INFO: dtree.c(1439): stop. leaf nodes are specific
INFO: dtree.c(1478): Final simple tree
|( QUESTION2_4_L -1 -4.603e+03 1.277e+02 4.915e+01
|    ( - -2.286e+02 2 0)
|    ( QUESTION0 -1 -4.247e+03 1.147e+02 4.515e+01
|        ( - -7.306e+02 1 0)
|        ( WDBNDRY_B 0 -3.402e+03 6.014e+01 3.615e+01
|            ( - -3.387e+03 6 0)
|            ( - 4.488e+01 1 0))))
s>    ( QUESTION2_4_L -1 -4.603e+03 1.277e+02 4.915e+01
s>        ( - -2.286e+02 2 0)
s>        ( QUESTION0 -1 -4.247e+03 1.147e+02 4.515e+01
s>            ( - -7.306e+02 1 0)
s>            ( WDBNDRY_B 0 -3.402e+03 6.014e+01 3.615e+01
s>                ( - -3.387e+03 6 0)
s>                ( - 4.488e+01 1 0))))INFO: dtree.c(1315): Comp split 61
INFO: dtree.c(1439): stop. leaf nodes are specific
INFO: dtree.c(1478): Final simple tree
|( QUESTION9 -1 -9.486e+03 1.337e+02 1.104e+02
|    ( - -3.623e+01 1 0)
|    ( QUESTION6 -1 -9.316e+03 1.194e+02 1.084e+02
|        ( - -6.915e+02 2 0)
|        ( QUESTION2_12_L -1 -8.506e+03 1.172e+02 1.004e+02
|            ( QUESTION1 -1 -1.104e+03 1.266e+02 1.300e+01
|                ( - -3.509e+02 1 0)
|                ( - -6.264e+02 2 0))
|            ( WDBNDRY_B 0 -7.285e+03 1.046e+02 8.742e+01
|                ( - -2.593e+03 2 0)
|                ( - -4.587e+03 4 0)))))
s>    ( QUESTION9 -1 -9.486e+03 1.337e+02 1.104e+02
s>        ( - -3.623e+01 1 0)
s>        ( QUESTION6 -1 -9.316e+03 1.194e+02 1.084e+02
s>            ( - -6.915e+02 2 0)
s>            ( QUESTION2_12_L -1 -8.506e+03 1.172e+02 1.004e+02
s>                ( QUESTION1 -1 -1.104e+03 1.266e+02 1.300e+01
s>                    ( - -3.509e+02 1 0)
s>                    ( - -6.264e+02 2 0))
s>                ( WDBNDRY_B 0 -7.285e+03 1.046e+02 8.742e+01
s>                    ( - -2.593e+03 2 0)
s>                    ( - -4.587e+03 4 0)))))INFO: dtree.c(1315): Comp split 62
INFO: dtree.c(1439): stop. leaf nodes are specific
INFO: dtree.c(1478): Final simple tree
|( QUESTION2 -1 -2.202e+03 1.308e+02 2.595e+01
|    ( - -3.026e+02 1 0)
|    ( WDBNDRY_B 0 -1.769e+03 1.228e+02 2.095e+01
|        ( - -5.769e+02 2 0)
|        ( - -1.069e+03 1 0)))
s>    ( QUESTION2 -1 -2.202e+03 1.308e+02 2.595e+01
s>        ( - -3.026e+02 1 0)
s>        ( WDBNDRY_B 0 -1.769e+03 1.228e+02 2.095e+01
s>            ( - -5.769e+02 2 0)
s>            ( - -1.069e+03 1 0)))INFO: dtree.c(1315): Comp split 63
INFO: dtree.c(1439): stop. leaf nodes are specific
INFO: dtree.c(1478): Final simple tree
|( QUESTION11 -1 -5.924e+02 1.126e+02 9.000e+00
|    ( - -1.117e+02 1 0)
|    ( - -3.680e+02 1 0))
s>    ( QUESTION11 -1 -5.924e+02 1.126e+02 9.000e+00
s>        ( - -1.117e+02 1 0)
s>        ( - -3.680e+02 1 0))INFO: dtree.c(1439): stop. leaf nodes are specific
INFO: dtree.c(1478): Final simple tree
|( QUESTION0_0_R 1 -2.153e+02 6.680e+01 4.151e+00
|    ( - 4.489e+01 1 0)
|    ( - -1.933e+02 2 0))
s>    ( QUESTION0_0_R 1 -2.153e+02 6.680e+01 4.151e+00
s>        ( - 4.489e+01 1 0)
s>        ( - -1.933e+02 2 0))INFO: dtree.c(1315): Comp split 64
INFO: dtree.c(1439): stop. leaf nodes are specific
INFO: dtree.c(1478): Final simple tree
|( WDBNDRY_E 0 -5.793e+03 8.898e+01 6.410e+01
|    ( - -5.769e+02 1 0)
|    ( - -5.127e+03 4 0))
s>    ( WDBNDRY_E 0 -5.793e+03 8.898e+01 6.410e+01
s>        ( - -5.769e+02 1 0)
s>        ( - -5.127e+03 4 0))INFO: dtree.c(1315): Comp split 65
INFO: dtree.c(1439): stop. leaf nodes are specific
INFO: dtree.c(1478): Final simple tree
|( QUESTION9 -1 -8.996e+03 1.329e+02 1.054e+02
|    ( - -3.623e+01 1 0)
|    ( QUESTION6 -1 -8.827e+03 1.232e+02 1.034e+02
|        ( - -6.915e+02 2 0)
|        ( SILENCE -1 -8.013e+03 1.038e+02 9.542e+01
|            ( - -2.593e+03 2 0)
|            ( WDBNDRY_B 0 -5.316e+03 1.026e+02 6.230e+01
|                ( - -6.264e+02 2 0)
|                ( - -4.587e+03 4 0)))))
s>    ( QUESTION9 -1 -8.996e+03 1.329e+02 1.054e+02
s>        ( - -3.623e+01 1 0)
s>        ( QUESTION6 -1 -8.827e+03 1.232e+02 1.034e+02
s>            ( - -6.915e+02 2 0)
s>            ( SILENCE -1 -8.013e+03 1.038e+02 9.542e+01
s>                ( - -2.593e+03 2 0)
s>                ( WDBNDRY_B 0 -5.316e+03 1.026e+02 6.230e+01
s>                    ( - -6.264e+02 2 0)
s>                    ( - -4.587e+03 4 0)))))INFO: dtree.c(1315): Comp split 66
INFO: dtree.c(1439): stop. leaf nodes are specific
INFO: dtree.c(1478): Final simple tree
|( QUESTION6 -1 -8.827e+03 1.232e+02 1.034e+02
|    ( - -6.915e+02 2 0)
|    ( SILENCE -1 -8.013e+03 1.038e+02 9.542e+01
|        ( - -2.593e+03 2 0)
|        ( WDBNDRY_B 0 -5.316e+03 1.026e+02 6.230e+01
|            ( - -6.264e+02 2 0)
|            ( - -4.587e+03 4 0))))
s>    ( QUESTION6 -1 -8.827e+03 1.232e+02 1.034e+02
s>        ( - -6.915e+02 2 0)
s>        ( SILENCE -1 -8.013e+03 1.038e+02 9.542e+01
s>            ( - -2.593e+03 2 0)
s>            ( WDBNDRY_B 0 -5.316e+03 1.026e+02 6.230e+01
s>                ( - -6.264e+02 2 0)
s>                ( - -4.587e+03 4 0))))INFO: dtree.c(1315): Comp split 67
INFO: dtree.c(1439): stop. leaf nodes are specific
INFO: dtree.c(1478): Final simple tree
|( QUESTION13 -1 -1.040e+04 1.244e+02 1.243e+02
|    ( - -1.128e+03 1 0)
|    ( - -9.149e+03 3 0))
s>    ( QUESTION13 -1 -1.040e+04 1.244e+02 1.243e+02
s>        ( - -1.128e+03 1 0)
s>        ( - -9.149e+03 3 0))INFO: dtree.c(1315): Comp split 68
INFO: dtree.c(1439): stop. leaf nodes are specific
INFO: dtree.c(1478): Final simple tree
|( WDBNDRY_B 0 -2.712e+03 1.315e+02 3.300e+01
|    ( - -3.276e+01 2 0)
|    ( QUESTION2_0_L -1 -2.548e+03 1.126e+02 3.100e+01
|        ( - -1.677e+03 6 0)
|        ( - -7.582e+02 3 0)))
s>    ( WDBNDRY_B 0 -2.712e+03 1.315e+02 3.300e+01
s>        ( - -3.276e+01 2 0)
s>        ( QUESTION2_0_L -1 -2.548e+03 1.126e+02 3.100e+01
s>            ( - -1.677e+03 6 0)
s>            ( - -7.582e+02 3 0)))INFO: dtree.c(1315): Comp split 69
INFO: dtree.c(1439): stop. leaf nodes are specific
INFO: dtree.c(1478): Final simple tree
|( QUESTION2_0_L -1 -2.548e+03 1.126e+02 3.100e+01
|    ( - -1.677e+03 6 0)
|    ( - -7.582e+02 3 0))
s>    ( QUESTION2_0_L -1 -2.548e+03 1.126e+02 3.100e+01
s>        ( - -1.677e+03 6 0)
s>        ( - -7.582e+02 3 0))INFO: dtree.c(1315): Comp split 70
INFO: dtree.c(1439): stop. leaf nodes are specific
INFO: dtree.c(1478): Final simple tree
|( WDBNDRY_B 0 -1.769e+03 1.228e+02 2.095e+01
|    ( - -5.769e+02 2 0)
|    ( - -1.069e+03 1 0))
s>    ( WDBNDRY_B 0 -1.769e+03 1.228e+02 2.095e+01
s>        ( - -5.769e+02 2 0)
s>        ( - -1.069e+03 1 0))INFO: dtree.c(1315): Comp split 71
INFO: dtree.c(1315): Comp split 72
INFO: dtree.c(1439): stop. leaf nodes are specific
INFO: dtree.c(1478): Final simple tree
|( QUESTION0 -1 -4.247e+03 1.147e+02 4.515e+01
|    ( - -7.306e+02 1 0)
|    ( WDBNDRY_B 0 -3.402e+03 6.014e+01 3.615e+01
|        ( - -3.387e+03 6 0)
|        ( - 4.488e+01 1 0)))
s>    ( QUESTION0 -1 -4.247e+03 1.147e+02 4.515e+01
s>        ( - -7.306e+02 1 0)
s>        ( WDBNDRY_B 0 -3.402e+03 6.014e+01 3.615e+01
s>            ( - -3.387e+03 6 0)
s>            ( - 4.488e+01 1 0)))INFO: dtree.c(1315): Comp split 73
INFO: dtree.c(1315): Comp split 74
INFO: dtree.c(1315): Comp split 75
INFO: dtree.c(1315): Comp split 76
INFO: dtree.c(1439): stop. leaf nodes are specific
INFO: dtree.c(1478): Final simple tree
|( QUESTION11 -1 -2.055e+03 1.218e+02 2.901e+01
|    ( - -4.874e+00 1 0)
|    ( QUESTION10 -1 -1.928e+03 1.148e+02 2.701e+01
|        ( - -1.525e+02 2 0)
|        ( - -1.661e+03 7 0)))
s>    ( QUESTION11 -1 -2.055e+03 1.218e+02 2.901e+01
s>        ( - -4.874e+00 1 0)
s>        ( QUESTION10 -1 -1.928e+03 1.148e+02 2.701e+01
s>            ( - -1.525e+02 2 0)
s>            ( - -1.661e+03 7 0)))INFO: dtree.c(1315): Comp split 77
INFO: dtree.c(1439): stop. leaf nodes are specific
INFO: dtree.c(1478): Final simple tree
|( SILENCE -1 -8.013e+03 1.038e+02 9.542e+01
|    ( - -2.593e+03 2 0)
|    ( WDBNDRY_B 0 -5.316e+03 1.026e+02 6.230e+01
|        ( - -6.264e+02 2 0)
|        ( - -4.587e+03 4 0)))
s>    ( SILENCE -1 -8.013e+03 1.038e+02 9.542e+01
s>        ( - -2.593e+03 2 0)
s>        ( WDBNDRY_B 0 -5.316e+03 1.026e+02 6.230e+01
s>            ( - -6.264e+02 2 0)
s>            ( - -4.587e+03 4 0)))INFO: dtree.c(1315): Comp split 78
INFO: dtree.c(1315): Comp split 79
INFO: dtree.c(1315): Comp split 80
INFO: dtree.c(1439): stop. leaf nodes are specific
INFO: dtree.c(1478): Final simple tree
|( QUESTION10 -1 -1.928e+03 1.148e+02 2.701e+01
|    ( - -1.525e+02 2 0)
|    ( - -1.661e+03 7 0))
s>    ( QUESTION10 -1 -1.928e+03 1.148e+02 2.701e+01
s>        ( - -1.525e+02 2 0)
s>        ( - -1.661e+03 7 0))INFO: dtree.c(1315): Comp split 81
INFO: dtree.c(1315): Comp split 82
INFO: dtree.c(1439): stop. leaf nodes are specific
INFO: dtree.c(1478): Final simple tree
|( QUESTION0 -1 -6.252e+02 9.845e+01 8.000e+00
|    ( - -2.116e+02 2 0)
|    ( - -3.152e+02 2 0))
s>    ( QUESTION0 -1 -6.252e+02 9.845e+01 8.000e+00
s>        ( - -2.116e+02 2 0)
s>        ( - -3.152e+02 2 0))INFO: dtree.c(1315): Comp split 83
INFO: dtree.c(1439): stop. leaf nodes are specific
INFO: dtree.c(1478): Final simple tree
|( QUESTION0 -1 -1.376e+03 1.086e+02 1.571e+01
|    ( - -1.061e+03 1 0)
|    ( - -2.070e+02 1 0))
s>    ( QUESTION0 -1 -1.376e+03 1.086e+02 1.571e+01
s>        ( - -1.061e+03 1 0)
s>        ( - -2.070e+02 1 0))INFO: dtree.c(1315): Comp split 84
INFO: dtree.c(1315): Comp split 85
INFO: dtree.c(1315): Comp split 86
INFO: dtree.c(1439): stop. leaf nodes are specific
INFO: dtree.c(1478): Final simple tree
|( WDBNDRY_B 0 -3.402e+03 6.014e+01 3.615e+01
|    ( - -3.387e+03 6 0)
|    ( - 4.488e+01 1 0))
s>    ( WDBNDRY_B 0 -3.402e+03 6.014e+01 3.615e+01
s>        ( - -3.387e+03 6 0)
s>        ( - 4.488e+01 1 0))INFO: dtree.c(1315): Comp split 87
INFO: dtree.c(1315): Comp split 88
INFO: dtree.c(1315): Comp split 89
INFO: dtree.c(1315): Comp split 90
INFO: dtree.c(1439): stop. leaf nodes are specific
INFO: dtree.c(1478): Final simple tree
|( WDBNDRY_B 0 -5.316e+03 1.026e+02 6.230e+01
|    ( - -6.264e+02 2 0)
|    ( - -4.587e+03 4 0))
s>    ( WDBNDRY_B 0 -5.316e+03 1.026e+02 6.230e+01
s>        ( - -6.264e+02 2 0)
s>        ( - -4.587e+03 4 0))INFO: dtree.c(1315): Comp split 91
INFO: dtree.c(1315): Comp split 92
INFO: dtree.c(1315): Comp split 93
INFO: dtree.c(1315): Comp split 94
INFO: dtree.c(1315): Comp split 95
INFO: dtree.c(1315): Comp split 96
INFO: dtree.c(1318): stop. leaf nodes are specific
!!!!!!!!Allocated 66 lines
Fri Apr  8 23:10:02 2016
