Current configuration:
[NAME]		[DEFLT]	[VALUE]
-allphones	no	no
-cntthresh	0.00001	1.000000e-05
-csplitmax	100	2000
-csplitmin	1	1
-csplitthr	8e-4	0.000000e+00
-example	no	no
-fullvar	no	no
-help		no	no
-meanfn			/home/yaroslav/model/model_parameters/ua.cd_cont_untied/means
-mixwfn			/home/yaroslav/model/model_parameters/ua.cd_cont_untied/mixture_weights
-moddeffn		/home/yaroslav/model/model_architecture/ua.untied.mdef
-mwfloor	1e-4	1.000000e-08
-phone			FF
-psetfn			/home/yaroslav/model/model_architecture/ua.tree_questions
-ssplitmax	5	7
-ssplitmin	1	1
-ssplitthr	8e-4	0.000000e+00
-state			1
-stwt			1.0,0.05,0.0,
-treefn			/home/yaroslav/model/trees/ua.unpruned/FF-1.dtree
-ts2cbfn	.semi.	.cont.
-varfloor	0.00001	1.000000e-05
-varfn			/home/yaroslav/model/model_parameters/ua.cd_cont_untied/variances

INFO: main.c(223): Reading: /home/yaroslav/model/model_architecture/ua.untied.mdef
INFO: model_def_io.c(573): Model definition info:
INFO: model_def_io.c(574): 9365 total models defined (51 base, 9314 tri)
INFO: model_def_io.c(575): 37460 total states
INFO: model_def_io.c(576): 28095 total tied states
INFO: model_def_io.c(577): 153 total tied CI states
INFO: model_def_io.c(578): 51 total tied transition matrices
INFO: model_def_io.c(579): 4 max state/model
INFO: model_def_io.c(580): 4 min state/model
INFO: main.c(242): Building trees for [FF D І b] through [FF YE І b]
INFO: main.c(269): Covering states |[6423 6437]| == 15
INFO: main.c(275): Reading: /home/yaroslav/model/model_parameters/ua.cd_cont_untied/mixture_weights
INFO: s3mixw_io.c(173): Read /home/yaroslav/model/model_parameters/ua.cd_cont_untied/mixture_weights [15x1x1 array]
INFO: main.c(311): 5 of 5 models have observation count greater than 0.000010
INFO: main.c(95): nrm stwt: 0.045 0.909 0.045 
INFO: s3gau_io.c(169): Read /home/yaroslav/model/model_parameters/ua.cd_cont_untied/means [28095x1x1 array]
INFO: s3gau_io.c(169): Read /home/yaroslav/model/model_parameters/ua.cd_cont_untied/variances [28095x1x1 array]
INFO: main.c(549): Reading: /home/yaroslav/model/model_architecture/ua.tree_questions
INFO: main.c(588): 180 total simple questions (172 phone; 8 word bndry)
INFO: main.c(590): 42 Left Only questions, and 42 Right Only questions
INFO: dtree.c(1439): stop. leaf nodes are specific
INFO: dtree.c(1478): Final simple tree
|( QUESTION18 -1 -1.123e+04 2.585e+02 5.264e+01
|    ( - -4.590e+03 1 0)
|    ( QUESTION7 -1 -6.382e+03 1.315e+02 3.070e+01
|        ( - -2.849e+02 1 0)
|        ( QUESTION0 -1 -5.966e+03 1.343e+02 2.870e+01
|            ( WDBNDRY_B 0 -5.358e+03 1.281e+02 2.570e+01
|                ( - -3.719e+02 1 0)
|                ( - -4.858e+03 1 0))
|            ( - -4.738e+02 1 0))))
s>    ( QUESTION18 -1 -1.123e+04 2.585e+02 5.264e+01
s>        ( - -4.590e+03 1 0)
s>        ( QUESTION7 -1 -6.382e+03 1.315e+02 3.070e+01
s>            ( - -2.849e+02 1 0)
s>            ( QUESTION0 -1 -5.966e+03 1.343e+02 2.870e+01
s>                ( WDBNDRY_B 0 -5.358e+03 1.281e+02 2.570e+01
s>                    ( - -3.719e+02 1 0)
s>                    ( - -4.858e+03 1 0))
s>                ( - -4.738e+02 1 0))))INFO: dtree.c(1315): Comp split 0
INFO: dtree.c(1439): stop. leaf nodes are specific
INFO: dtree.c(1478): Final simple tree
|( QUESTION7 -1 -6.382e+03 1.315e+02 3.070e+01
|    ( - -2.849e+02 1 0)
|    ( QUESTION0 -1 -5.966e+03 1.343e+02 2.870e+01
|        ( WDBNDRY_B 0 -5.358e+03 1.281e+02 2.570e+01
|            ( - -3.719e+02 1 0)
|            ( - -4.858e+03 1 0))
|        ( - -4.738e+02 1 0)))
s>    ( QUESTION7 -1 -6.382e+03 1.315e+02 3.070e+01
s>        ( - -2.849e+02 1 0)
s>        ( QUESTION0 -1 -5.966e+03 1.343e+02 2.870e+01
s>            ( WDBNDRY_B 0 -5.358e+03 1.281e+02 2.570e+01
s>                ( - -3.719e+02 1 0)
s>                ( - -4.858e+03 1 0))
s>            ( - -4.738e+02 1 0)))INFO: dtree.c(1315): Comp split 1
INFO: dtree.c(1439): stop. leaf nodes are specific
INFO: dtree.c(1478): Final simple tree
|( QUESTION0 -1 -5.966e+03 1.343e+02 2.870e+01
|    ( WDBNDRY_B 0 -5.358e+03 1.281e+02 2.570e+01
|        ( - -3.719e+02 1 0)
|        ( - -4.858e+03 1 0))
|    ( - -4.738e+02 1 0))
s>    ( QUESTION0 -1 -5.966e+03 1.343e+02 2.870e+01
s>        ( WDBNDRY_B 0 -5.358e+03 1.281e+02 2.570e+01
s>            ( - -3.719e+02 1 0)
s>            ( - -4.858e+03 1 0))
s>        ( - -4.738e+02 1 0))INFO: dtree.c(1315): Comp split 2
INFO: dtree.c(1439): stop. leaf nodes are specific
INFO: dtree.c(1478): Final simple tree
|( WDBNDRY_B 0 -5.358e+03 1.281e+02 2.570e+01
|    ( - -3.719e+02 1 0)
|    ( - -4.858e+03 1 0))
s>    ( WDBNDRY_B 0 -5.358e+03 1.281e+02 2.570e+01
s>        ( - -3.719e+02 1 0)
s>        ( - -4.858e+03 1 0))INFO: dtree.c(1315): Comp split 3
INFO: dtree.c(1315): Comp split 4
INFO: dtree.c(1318): stop. leaf nodes are specific
!!!!!!!!Allocated 68 lines
Fri Apr  8 18:31:06 2016
