Current configuration:
[NAME]		[DEFLT]	[VALUE]
-allphones	no	no
-cntthresh	0.00001	1.000000e-05
-csplitmax	100	2000
-csplitmin	1	1
-csplitthr	8e-4	0.000000e+00
-example	no	no
-fullvar	no	no
-help		no	no
-meanfn			/home/yaroslav/model/model_parameters/ua.cd_cont_untied/means
-mixwfn			/home/yaroslav/model/model_parameters/ua.cd_cont_untied/mixture_weights
-moddeffn		/home/yaroslav/model/model_architecture/ua.untied.mdef
-mwfloor	1e-4	1.000000e-08
-phone			ZZ
-psetfn			/home/yaroslav/model/model_architecture/ua.tree_questions
-ssplitmax	5	7
-ssplitmin	1	1
-ssplitthr	8e-4	0.000000e+00
-state			2
-stwt			1.0,0.05,0.0,
-treefn			/home/yaroslav/model/trees/ua.unpruned/ZZ-2.dtree
-ts2cbfn	.semi.	.cont.
-varfloor	0.00001	1.000000e-05
-varfn			/home/yaroslav/model/model_parameters/ua.cd_cont_untied/variances

INFO: main.c(223): Reading: /home/yaroslav/model/model_architecture/ua.untied.mdef
INFO: model_def_io.c(573): Model definition info:
INFO: model_def_io.c(574): 9391 total models defined (51 base, 9340 tri)
INFO: model_def_io.c(575): 37564 total states
INFO: model_def_io.c(576): 28173 total tied states
INFO: model_def_io.c(577): 153 total tied CI states
INFO: model_def_io.c(578): 51 total tied transition matrices
INFO: model_def_io.c(579): 4 max state/model
INFO: model_def_io.c(580): 4 min state/model
INFO: main.c(242): Building trees for [ZZ A І b] through [ZZ І TT e]
INFO: main.c(269): Covering states |[26700 26777]| == 78
INFO: main.c(275): Reading: /home/yaroslav/model/model_parameters/ua.cd_cont_untied/mixture_weights
INFO: s3mixw_io.c(173): Read /home/yaroslav/model/model_parameters/ua.cd_cont_untied/mixture_weights [78x1x1 array]
INFO: main.c(311): 26 of 26 models have observation count greater than 0.000010
INFO: main.c(95): nrm stwt: 0.000 0.048 0.952 
INFO: s3gau_io.c(169): Read /home/yaroslav/model/model_parameters/ua.cd_cont_untied/means [28173x1x1 array]
INFO: s3gau_io.c(169): Read /home/yaroslav/model/model_parameters/ua.cd_cont_untied/variances [28173x1x1 array]
INFO: main.c(549): Reading: /home/yaroslav/model/model_architecture/ua.tree_questions
INFO: main.c(588): 174 total simple questions (166 phone; 8 word bndry)
INFO: main.c(590): 40 Left Only questions, and 42 Right Only questions
INFO: dtree.c(1478): Final simple tree
|( QUESTION10 1 -1.650e+04 3.850e+02 2.351e+02
|    ( WDBNDRY_B 0 -1.147e+04 3.125e+02 1.721e+02
|        ( QUESTION19 -1 -5.639e+03 2.272e+02 8.476e+01
|            ( - -2.312e+03 2 0)
|            ( - -3.100e+03 5 0 QUESTION14 -1 1.967e+02 4.788e+01))
|        ( QUESTION2_2_L -1 -5.523e+03 2.893e+02 8.738e+01
|            ( - -1.279e+03 2 0)
|            ( - -3.955e+03 4 0 QUESTION0_9_R 1 1.804e+02 6.439e+01)))
|    ( QUESTION2_5_L -1 -4.644e+03 3.191e+02 6.291e+01
|        ( - 2.305e+02 1 0)
|        ( QUESTION0_8_R 1 -4.556e+03 3.138e+02 6.191e+01
|            ( - 2.440e+02 1 0)
|            ( WDBNDRY_B 0 -4.486e+03 2.060e+02 6.091e+01
|                ( - -4.749e+02 3 0 QUESTION10 -1 1.786e+02 9.000e+00)
|                ( - -3.805e+03 8 0 QUESTION0_17_R 1 1.714e+02 5.191e+01)))))
s>    ( QUESTION10 1 -1.650e+04 3.850e+02 2.351e+02
s>        ( WDBNDRY_B 0 -1.147e+04 3.125e+02 1.721e+02
s>            ( QUESTION19 -1 -5.639e+03 2.272e+02 8.476e+01
s>                ( - -2.312e+03 2 0)
s>                ( - -3.100e+03 5 0 QUESTION14 -1 1.967e+02 4.788e+01))
s>            ( QUESTION2_2_L -1 -5.523e+03 2.893e+02 8.738e+01
s>                ( - -1.279e+03 2 0)
s>                ( - -3.955e+03 4 0 QUESTION0_9_R 1 1.804e+02 6.439e+01)))
s>        ( QUESTION2_5_L -1 -4.644e+03 3.191e+02 6.291e+01
s>            ( - 2.305e+02 1 0)
s>            ( QUESTION0_8_R 1 -4.556e+03 3.138e+02 6.191e+01
s>                ( - 2.440e+02 1 0)
s>                ( WDBNDRY_B 0 -4.486e+03 2.060e+02 6.091e+01
s>                    ( - -4.749e+02 3 0 QUESTION10 -1 1.786e+02 9.000e+00)
s>                    ( - -3.805e+03 8 0 QUESTION0_17_R 1 1.714e+02 5.191e+01)))))INFO: dtree.c(1315): Comp split 0
INFO: dtree.c(1439): stop. leaf nodes are specific
INFO: dtree.c(1478): Final simple tree
|( QUESTION2_2_L -1 -4.645e+03 2.164e+02 7.339e+01
|    ( - 5.671e+01 1 0)
|    ( QUESTION0_9_R 1 -4.485e+03 1.802e+02 7.139e+01
|        ( - -1.416e+01 1 0)
|        ( WDBNDRY_B 0 -4.291e+03 1.775e+02 6.939e+01
|            ( - -3.530e+02 2 0)
|            ( - -3.760e+03 3 0))))
s>    ( QUESTION2_2_L -1 -4.645e+03 2.164e+02 7.339e+01
s>        ( - 5.671e+01 1 0)
s>        ( QUESTION0_9_R 1 -4.485e+03 1.802e+02 7.139e+01
s>            ( - -1.416e+01 1 0)
s>            ( WDBNDRY_B 0 -4.291e+03 1.775e+02 6.939e+01
s>                ( - -3.530e+02 2 0)
s>                ( - -3.760e+03 3 0))))INFO: dtree.c(1478): Final simple tree
|( QUESTION0_9_R 1 -1.135e+04 3.123e+02 1.617e+02
|    ( - 2.440e+02 1 0)
|    ( QUESTION10 -1 -1.129e+04 3.081e+02 1.607e+02
|        ( QUESTION0_17_R 1 -4.842e+03 2.024e+02 7.381e+01
|            ( - -1.608e+01 1 0)
|            ( QUESTION14 -1 -4.624e+03 1.868e+02 7.181e+01
|                ( - -1.614e+03 1 0)
|                ( - -2.823e+03 8 0 QUESTION0_14_R 1 1.754e+02 4.493e+01)))
|        ( QUESTION5 -1 -6.135e+03 1.835e+02 8.687e+01
|            ( - 2.258e+01 1 0)
|            ( QUESTION2_0_L -1 -5.974e+03 3.232e+02 8.487e+01
|                ( WDBNDRY_B 0 -5.881e+03 1.780e+02 8.387e+01
|                    ( - -2.312e+03 2 0)
|                    ( - -3.391e+03 4 0 QUESTION0 -1 1.128e+02 4.698e+01))
|                ( - 2.305e+02 1 0)))))
s>    ( QUESTION0_9_R 1 -1.135e+04 3.123e+02 1.617e+02
s>        ( - 2.440e+02 1 0)
s>        ( QUESTION10 -1 -1.129e+04 3.081e+02 1.607e+02
s>            ( QUESTION0_17_R 1 -4.842e+03 2.024e+02 7.381e+01
s>                ( - -1.608e+01 1 0)
s>                ( QUESTION14 -1 -4.624e+03 1.868e+02 7.181e+01
s>                    ( - -1.614e+03 1 0)
s>                    ( - -2.823e+03 8 0 QUESTION0_14_R 1 1.754e+02 4.493e+01)))
s>            ( QUESTION5 -1 -6.135e+03 1.835e+02 8.687e+01
s>                ( - 2.258e+01 1 0)
s>                ( QUESTION2_0_L -1 -5.974e+03 3.232e+02 8.487e+01
s>                    ( WDBNDRY_B 0 -5.881e+03 1.780e+02 8.387e+01
s>                        ( - -2.312e+03 2 0)
s>                        ( - -3.391e+03 4 0 QUESTION0 -1 1.128e+02 4.698e+01))
s>                    ( - 2.305e+02 1 0)))))INFO: dtree.c(1315): Comp split 1
INFO: dtree.c(1478): Final simple tree
|( QUESTION14 -1 -4.775e+03 1.812e+02 7.381e+01
|    ( - -1.614e+03 1 0)
|    ( QUESTION0 -1 -2.980e+03 1.793e+02 4.693e+01
|        ( - 2.258e+01 1 0)
|        ( QUESTION0_14_R 1 -2.823e+03 1.754e+02 4.493e+01
|            ( - 1.969e+01 1 0)
|            ( WDBNDRY_I 0 -2.667e+03 1.690e+02 4.293e+01
|                ( - -1.279e+03 2 0)
|                ( QUESTION0_2_R 1 -1.219e+03 1.608e+02 1.993e+01
|                    ( - 1.143e+02 1 0)
|                    ( WDBNDRY_B 0 -1.173e+03 1.521e+02 1.946e+01
|                        ( QUESTION2_0_L -1 -1.135e+03 1.508e+02 1.900e+01
|                            ( - -4.917e+02 2 0 QUESTION13 -1 1.691e+02 9.000e+00)
|                            ( - -4.922e+02 1 0))
|                        ( - 1.143e+02 1 0)))))))
s>    ( QUESTION14 -1 -4.775e+03 1.812e+02 7.381e+01
s>        ( - -1.614e+03 1 0)
s>        ( QUESTION0 -1 -2.980e+03 1.793e+02 4.693e+01
s>            ( - 2.258e+01 1 0)
s>            ( QUESTION0_14_R 1 -2.823e+03 1.754e+02 4.493e+01
s>                ( - 1.969e+01 1 0)
s>                ( WDBNDRY_I 0 -2.667e+03 1.690e+02 4.293e+01
s>                    ( - -1.279e+03 2 0)
s>                    ( QUESTION0_2_R 1 -1.219e+03 1.608e+02 1.993e+01
s>                        ( - 1.143e+02 1 0)
s>                        ( WDBNDRY_B 0 -1.173e+03 1.521e+02 1.946e+01
s>                            ( QUESTION2_0_L -1 -1.135e+03 1.508e+02 1.900e+01
s>                                ( - -4.917e+02 2 0 QUESTION13 -1 1.691e+02 9.000e+00)
s>                                ( - -4.922e+02 1 0))
s>                            ( - 1.143e+02 1 0)))))))INFO: dtree.c(1439): stop. leaf nodes are specific
INFO: dtree.c(1478): Final simple tree
|( QUESTION2_5_L -1 -6.236e+03 3.223e+02 8.787e+01
|    ( - 2.305e+02 1 0)
|    ( WDBNDRY_E 0 -6.144e+03 3.128e+02 8.687e+01
|        ( - 2.440e+02 1 0)
|        ( WDBNDRY_B 0 -6.075e+03 1.836e+02 8.587e+01
|            ( - -2.312e+03 2 0)
|            ( QUESTION0_0_R 1 -3.580e+03 1.726e+02 4.898e+01
|                ( - -1.608e+01 1 0)
|                ( QUESTION0 -1 -3.391e+03 1.128e+02 4.698e+01
|                    ( - -5.979e+02 1 0)
|                    ( - -2.681e+03 3 0))))))
s>    ( QUESTION2_5_L -1 -6.236e+03 3.223e+02 8.787e+01
s>        ( - 2.305e+02 1 0)
s>        ( WDBNDRY_E 0 -6.144e+03 3.128e+02 8.687e+01
s>            ( - 2.440e+02 1 0)
s>            ( WDBNDRY_B 0 -6.075e+03 1.836e+02 8.587e+01
s>                ( - -2.312e+03 2 0)
s>                ( QUESTION0_0_R 1 -3.580e+03 1.726e+02 4.898e+01
s>                    ( - -1.608e+01 1 0)
s>                    ( QUESTION0 -1 -3.391e+03 1.128e+02 4.698e+01
s>                        ( - -5.979e+02 1 0)
s>                        ( - -2.681e+03 3 0))))))INFO: dtree.c(1315): Comp split 2
INFO: dtree.c(1439): stop. leaf nodes are specific
INFO: dtree.c(1478): Final simple tree
|( WDBNDRY_E 0 -6.144e+03 3.128e+02 8.687e+01
|    ( - 2.440e+02 1 0)
|    ( WDBNDRY_B 0 -6.075e+03 1.836e+02 8.587e+01
|        ( - -2.312e+03 2 0)
|        ( QUESTION0_0_R 1 -3.580e+03 1.726e+02 4.898e+01
|            ( - -1.608e+01 1 0)
|            ( QUESTION0 -1 -3.391e+03 1.128e+02 4.698e+01
|                ( - -5.979e+02 1 0)
|                ( - -2.681e+03 3 0)))))
s>    ( WDBNDRY_E 0 -6.144e+03 3.128e+02 8.687e+01
s>        ( - 2.440e+02 1 0)
s>        ( WDBNDRY_B 0 -6.075e+03 1.836e+02 8.587e+01
s>            ( - -2.312e+03 2 0)
s>            ( QUESTION0_0_R 1 -3.580e+03 1.726e+02 4.898e+01
s>                ( - -1.608e+01 1 0)
s>                ( QUESTION0 -1 -3.391e+03 1.128e+02 4.698e+01
s>                    ( - -5.979e+02 1 0)
s>                    ( - -2.681e+03 3 0)))))INFO: dtree.c(1315): Comp split 3
INFO: dtree.c(1439): stop. leaf nodes are specific
INFO: dtree.c(1478): Final simple tree
|( WDBNDRY_B 0 -6.075e+03 1.836e+02 8.587e+01
|    ( - -2.312e+03 2 0)
|    ( QUESTION0_0_R 1 -3.580e+03 1.726e+02 4.898e+01
|        ( - -1.608e+01 1 0)
|        ( QUESTION0 -1 -3.391e+03 1.128e+02 4.698e+01
|            ( - -5.979e+02 1 0)
|            ( - -2.681e+03 3 0))))
s>    ( WDBNDRY_B 0 -6.075e+03 1.836e+02 8.587e+01
s>        ( - -2.312e+03 2 0)
s>        ( QUESTION0_0_R 1 -3.580e+03 1.726e+02 4.898e+01
s>            ( - -1.608e+01 1 0)
s>            ( QUESTION0 -1 -3.391e+03 1.128e+02 4.698e+01
s>                ( - -5.979e+02 1 0)
s>                ( - -2.681e+03 3 0))))INFO: dtree.c(1315): Comp split 4
INFO: dtree.c(1439): stop. leaf nodes are specific
INFO: dtree.c(1478): Final simple tree
|( QUESTION0_9_R 1 -4.485e+03 1.802e+02 7.139e+01
|    ( - -1.416e+01 1 0)
|    ( WDBNDRY_B 0 -4.291e+03 1.775e+02 6.939e+01
|        ( - -3.530e+02 2 0)
|        ( - -3.760e+03 3 0)))
s>    ( QUESTION0_9_R 1 -4.485e+03 1.802e+02 7.139e+01
s>        ( - -1.416e+01 1 0)
s>        ( WDBNDRY_B 0 -4.291e+03 1.775e+02 6.939e+01
s>            ( - -3.530e+02 2 0)
s>            ( - -3.760e+03 3 0)))INFO: dtree.c(1315): Comp split 5
INFO: dtree.c(1439): stop. leaf nodes are specific
INFO: dtree.c(1478): Final simple tree
|( QUESTION0_14_R 1 -2.823e+03 1.754e+02 4.493e+01
|    ( - 1.969e+01 1 0)
|    ( WDBNDRY_I 0 -2.667e+03 1.690e+02 4.293e+01
|        ( - -1.279e+03 2 0)
|        ( QUESTION0_2_R 1 -1.219e+03 1.608e+02 1.993e+01
|            ( - 1.143e+02 1 0)
|            ( WDBNDRY_B 0 -1.173e+03 1.521e+02 1.946e+01
|                ( QUESTION2_0_L -1 -1.135e+03 1.508e+02 1.900e+01
|                    ( QUESTION13 -1 -4.917e+02 1.691e+02 9.000e+00
|                        ( - -1.127e+02 1 0)
|                        ( - -2.099e+02 1 0))
|                    ( - -4.922e+02 1 0))
|                ( - 1.143e+02 1 0)))))
s>    ( QUESTION0_14_R 1 -2.823e+03 1.754e+02 4.493e+01
s>        ( - 1.969e+01 1 0)
s>        ( WDBNDRY_I 0 -2.667e+03 1.690e+02 4.293e+01
s>            ( - -1.279e+03 2 0)
s>            ( QUESTION0_2_R 1 -1.219e+03 1.608e+02 1.993e+01
s>                ( - 1.143e+02 1 0)
s>                ( WDBNDRY_B 0 -1.173e+03 1.521e+02 1.946e+01
s>                    ( QUESTION2_0_L -1 -1.135e+03 1.508e+02 1.900e+01
s>                        ( QUESTION13 -1 -4.917e+02 1.691e+02 9.000e+00
s>                            ( - -1.127e+02 1 0)
s>                            ( - -2.099e+02 1 0))
s>                        ( - -4.922e+02 1 0))
s>                    ( - 1.143e+02 1 0)))))INFO: dtree.c(1439): stop. leaf nodes are specific
INFO: dtree.c(1478): Final simple tree
|( QUESTION0 -1 -1.758e+03 1.663e+02 2.888e+01
|    ( - 2.258e+01 1 0)
|    ( - -1.614e+03 1 0))
s>    ( QUESTION0 -1 -1.758e+03 1.663e+02 2.888e+01
s>        ( - 2.258e+01 1 0)
s>        ( - -1.614e+03 1 0))INFO: dtree.c(1315): Comp split 6
INFO: dtree.c(1439): stop. leaf nodes are specific
INFO: dtree.c(1478): Final simple tree
|( QUESTION0_0_R 1 -3.580e+03 1.726e+02 4.898e+01
|    ( - -1.608e+01 1 0)
|    ( QUESTION0 -1 -3.391e+03 1.128e+02 4.698e+01
|        ( - -5.979e+02 1 0)
|        ( - -2.681e+03 3 0)))
s>    ( QUESTION0_0_R 1 -3.580e+03 1.726e+02 4.898e+01
s>        ( - -1.608e+01 1 0)
s>        ( QUESTION0 -1 -3.391e+03 1.128e+02 4.698e+01
s>            ( - -5.979e+02 1 0)
s>            ( - -2.681e+03 3 0)))INFO: dtree.c(1315): Comp split 7
INFO: dtree.c(1439): stop. leaf nodes are specific
INFO: dtree.c(1478): Final simple tree
|( WDBNDRY_B 0 -4.291e+03 1.775e+02 6.939e+01
|    ( - -3.530e+02 2 0)
|    ( - -3.760e+03 3 0))
s>    ( WDBNDRY_B 0 -4.291e+03 1.775e+02 6.939e+01
s>        ( - -3.530e+02 2 0)
s>        ( - -3.760e+03 3 0))INFO: dtree.c(1315): Comp split 8
INFO: dtree.c(1439): stop. leaf nodes are specific
INFO: dtree.c(1478): Final simple tree
|( QUESTION0_14_R 1 -2.435e+03 1.767e+02 3.993e+01
|    ( - 1.969e+01 1 0)
|    ( QUESTION0_2_R 1 -2.278e+03 1.611e+02 3.793e+01
|        ( - 1.143e+02 1 0)
|        ( WDBNDRY_B 0 -2.231e+03 1.623e+02 3.746e+01
|            ( QUESTION13 -1 -7.484e+02 1.435e+02 1.400e+01
|                ( - -1.127e+02 1 0)
|                ( - -4.922e+02 1 0))
|            ( WDBNDRY_E 0 -1.320e+03 1.556e+02 2.346e+01
|                ( - 1.143e+02 1 0)
|                ( - -1.279e+03 2 0)))))
s>    ( QUESTION0_14_R 1 -2.435e+03 1.767e+02 3.993e+01
s>        ( - 1.969e+01 1 0)
s>        ( QUESTION0_2_R 1 -2.278e+03 1.611e+02 3.793e+01
s>            ( - 1.143e+02 1 0)
s>            ( WDBNDRY_B 0 -2.231e+03 1.623e+02 3.746e+01
s>                ( QUESTION13 -1 -7.484e+02 1.435e+02 1.400e+01
s>                    ( - -1.127e+02 1 0)
s>                    ( - -4.922e+02 1 0))
s>                ( WDBNDRY_E 0 -1.320e+03 1.556e+02 2.346e+01
s>                    ( - 1.143e+02 1 0)
s>                    ( - -1.279e+03 2 0)))))INFO: dtree.c(1315): Comp split 9
INFO: dtree.c(1315): Comp split 10
INFO: dtree.c(1439): stop. leaf nodes are specific
INFO: dtree.c(1478): Final simple tree
|( QUESTION0_2_R 1 -2.278e+03 1.611e+02 3.793e+01
|    ( - 1.143e+02 1 0)
|    ( WDBNDRY_B 0 -2.231e+03 1.623e+02 3.746e+01
|        ( QUESTION13 -1 -7.484e+02 1.435e+02 1.400e+01
|            ( - -1.127e+02 1 0)
|            ( - -4.922e+02 1 0))
|        ( WDBNDRY_E 0 -1.320e+03 1.556e+02 2.346e+01
|            ( - 1.143e+02 1 0)
|            ( - -1.279e+03 2 0))))
s>    ( QUESTION0_2_R 1 -2.278e+03 1.611e+02 3.793e+01
s>        ( - 1.143e+02 1 0)
s>        ( WDBNDRY_B 0 -2.231e+03 1.623e+02 3.746e+01
s>            ( QUESTION13 -1 -7.484e+02 1.435e+02 1.400e+01
s>                ( - -1.127e+02 1 0)
s>                ( - -4.922e+02 1 0))
s>            ( WDBNDRY_E 0 -1.320e+03 1.556e+02 2.346e+01
s>                ( - 1.143e+02 1 0)
s>                ( - -1.279e+03 2 0))))INFO: dtree.c(1315): Comp split 11
INFO: dtree.c(1439): stop. leaf nodes are specific
INFO: dtree.c(1478): Final simple tree
|( QUESTION0 -1 -3.391e+03 1.128e+02 4.698e+01
|    ( - -5.979e+02 1 0)
|    ( - -2.681e+03 3 0))
s>    ( QUESTION0 -1 -3.391e+03 1.128e+02 4.698e+01
s>        ( - -5.979e+02 1 0)
s>        ( - -2.681e+03 3 0))INFO: dtree.c(1315): Comp split 12
INFO: dtree.c(1315): Comp split 13
INFO: dtree.c(1439): stop. leaf nodes are specific
INFO: dtree.c(1478): Final simple tree
|( WDBNDRY_E 0 -1.320e+03 1.556e+02 2.346e+01
|    ( - 1.143e+02 1 0)
|    ( - -1.279e+03 2 0))
s>    ( WDBNDRY_E 0 -1.320e+03 1.556e+02 2.346e+01
s>        ( - 1.143e+02 1 0)
s>        ( - -1.279e+03 2 0))INFO: dtree.c(1439): stop. leaf nodes are specific
INFO: dtree.c(1478): Final simple tree
|( WDBNDRY_B 0 -7.956e+02 1.615e+02 1.446e+01
|    ( QUESTION13 -1 -7.484e+02 1.435e+02 1.400e+01
|        ( - -1.127e+02 1 0)
|        ( - -4.922e+02 1 0))
|    ( - 1.143e+02 1 0))
s>    ( WDBNDRY_B 0 -7.956e+02 1.615e+02 1.446e+01
s>        ( QUESTION13 -1 -7.484e+02 1.435e+02 1.400e+01
s>            ( - -1.127e+02 1 0)
s>            ( - -4.922e+02 1 0))
s>        ( - 1.143e+02 1 0))INFO: dtree.c(1315): Comp split 14
INFO: dtree.c(1439): stop. leaf nodes are specific
INFO: dtree.c(1478): Final simple tree
|( QUESTION13 -1 -7.484e+02 1.435e+02 1.400e+01
|    ( - -1.127e+02 1 0)
|    ( - -4.922e+02 1 0))
s>    ( QUESTION13 -1 -7.484e+02 1.435e+02 1.400e+01
s>        ( - -1.127e+02 1 0)
s>        ( - -4.922e+02 1 0))INFO: dtree.c(1315): Comp split 15
INFO: dtree.c(1315): Comp split 16
INFO: dtree.c(1315): Comp split 17
INFO: dtree.c(1315): Comp split 18
INFO: dtree.c(1318): stop. leaf nodes are specific
!!!!!!!!Allocated 66 lines
Fri Apr  8 23:11:38 2016
