Current configuration:
[NAME]		[DEFLT]	[VALUE]
-allphones	no	no
-cntthresh	0.00001	1.000000e-05
-csplitmax	100	2000
-csplitmin	1	1
-csplitthr	8e-4	0.000000e+00
-example	no	no
-fullvar	no	no
-help		no	no
-meanfn			/home/yaroslav/model/model_parameters/ua.cd_cont_untied/means
-mixwfn			/home/yaroslav/model/model_parameters/ua.cd_cont_untied/mixture_weights
-moddeffn		/home/yaroslav/model/model_architecture/ua.untied.mdef
-mwfloor	1e-4	1.000000e-08
-phone			DD
-psetfn			/home/yaroslav/model/model_architecture/ua.tree_questions
-ssplitmax	5	7
-ssplitmin	1	1
-ssplitthr	8e-4	0.000000e+00
-state			2
-stwt			1.0,0.05,0.0,
-treefn			/home/yaroslav/model/trees/ua.unpruned/DD-2.dtree
-ts2cbfn	.semi.	.cont.
-varfloor	0.00001	1.000000e-05
-varfn			/home/yaroslav/model/model_parameters/ua.cd_cont_untied/variances

INFO: main.c(223): Reading: /home/yaroslav/model/model_architecture/ua.untied.mdef
INFO: model_def_io.c(573): Model definition info:
INFO: model_def_io.c(574): 8408 total models defined (50 base, 8358 tri)
INFO: model_def_io.c(575): 33632 total states
INFO: model_def_io.c(576): 25224 total tied states
INFO: model_def_io.c(577): 150 total tied CI states
INFO: model_def_io.c(578): 50 total tied transition matrices
INFO: model_def_io.c(579): 4 max state/model
INFO: model_def_io.c(580): 4 min state/model
INFO: main.c(242): Building trees for [DD A A i] through [DD Z I i]
INFO: main.c(269): Covering states |[4431 4532]| == 102
INFO: main.c(275): Reading: /home/yaroslav/model/model_parameters/ua.cd_cont_untied/mixture_weights
INFO: s3mixw_io.c(173): Read /home/yaroslav/model/model_parameters/ua.cd_cont_untied/mixture_weights [102x1x1 array]
INFO: main.c(311): 34 of 34 models have observation count greater than 0.000010
INFO: main.c(95): nrm stwt: 0.000 0.048 0.952 
INFO: s3gau_io.c(169): Read /home/yaroslav/model/model_parameters/ua.cd_cont_untied/means [25224x1x1 array]
INFO: s3gau_io.c(169): Read /home/yaroslav/model/model_parameters/ua.cd_cont_untied/variances [25224x1x1 array]
INFO: main.c(549): Reading: /home/yaroslav/model/model_architecture/ua.tree_questions
INFO: main.c(588): 174 total simple questions (166 phone; 8 word bndry)
INFO: main.c(590): 42 Left Only questions, and 40 Right Only questions
INFO: dtree.c(1478): Final simple tree
|( QUESTION0_7_R 1 -1.301e+05 1.062e+03 5.919e+02
|    ( QUESTION0 1 -5.913e+04 4.645e+02 2.691e+02
|        ( - 2.415e+02 1 0)
|        ( QUESTION0_15_R 1 -5.891e+04 4.424e+02 2.681e+02
|            ( - 2.422e+02 1 0)
|            ( QUESTION0_9_R 1 -5.871e+04 4.329e+02 2.671e+02
|                ( - 2.199e+02 1 0)
|                ( QUESTION0 -1 -5.850e+04 2.652e+02 2.661e+02
|                    ( - -5.315e+04 12 0 QUESTION0_8_R 1 1.142e+02 2.409e+02)
|                    ( - -5.081e+03 4 0 QUESTION19 -1 2.120e+02 2.522e+01)))))
|    ( QUESTION2 -1 -6.993e+04 7.143e+02 3.228e+02
|        ( - -2.516e+04 1 0)
|        ( WDBNDRY_E 0 -4.405e+04 5.649e+02 2.069e+02
|            ( - -6.934e+03 5 0 QUESTION0_0_R 1 1.651e+02 3.486e+01)
|            ( - -3.655e+04 9 0 QUESTION0_0_R 1 1.868e+02 1.721e+02))))
s>    ( QUESTION0_7_R 1 -1.301e+05 1.062e+03 5.919e+02
s>        ( QUESTION0 1 -5.913e+04 4.645e+02 2.691e+02
s>            ( - 2.415e+02 1 0)
s>            ( QUESTION0_15_R 1 -5.891e+04 4.424e+02 2.681e+02
s>                ( - 2.422e+02 1 0)
s>                ( QUESTION0_9_R 1 -5.871e+04 4.329e+02 2.671e+02
s>                    ( - 2.199e+02 1 0)
s>                    ( QUESTION0 -1 -5.850e+04 2.652e+02 2.661e+02
s>                        ( - -5.315e+04 12 0 QUESTION0_8_R 1 1.142e+02 2.409e+02)
s>                        ( - -5.081e+03 4 0 QUESTION19 -1 2.120e+02 2.522e+01)))))
s>        ( QUESTION2 -1 -6.993e+04 7.143e+02 3.228e+02
s>            ( - -2.516e+04 1 0)
s>            ( WDBNDRY_E 0 -4.405e+04 5.649e+02 2.069e+02
s>                ( - -6.934e+03 5 0 QUESTION0_0_R 1 1.651e+02 3.486e+01)
s>                ( - -3.655e+04 9 0 QUESTION0_0_R 1 1.868e+02 1.721e+02))))INFO: dtree.c(1315): Comp split 0
INFO: dtree.c(1439): stop. leaf nodes are specific
INFO: dtree.c(1478): Final simple tree
|( QUESTION0_0_R 1 -3.655e+04 1.868e+02 1.721e+02
|    ( QUESTION12 -1 -3.464e+04 1.820e+02 1.631e+02
|        ( - -3.495e+03 2 0)
|        ( QUESTION0 -1 -3.096e+04 1.084e+02 1.461e+02
|            ( - -2.998e+04 5 0)
|            ( - -8.692e+02 1 0)))
|    ( - -1.729e+03 1 0))
s>    ( QUESTION0_0_R 1 -3.655e+04 1.868e+02 1.721e+02
s>        ( QUESTION12 -1 -3.464e+04 1.820e+02 1.631e+02
s>            ( - -3.495e+03 2 0)
s>            ( QUESTION0 -1 -3.096e+04 1.084e+02 1.461e+02
s>                ( - -2.998e+04 5 0)
s>                ( - -8.692e+02 1 0)))
s>        ( - -1.729e+03 1 0))INFO: dtree.c(1478): Final simple tree
|( QUESTION2 1 -9.222e+04 6.301e+02 4.199e+02
|    ( QUESTION0 -1 -5.850e+04 2.652e+02 2.661e+02
|        ( - -5.315e+04 12 0 QUESTION0_8_R 1 1.142e+02 2.409e+02)
|        ( QUESTION19 -1 -5.081e+03 2.120e+02 2.522e+01
|            ( - -1.629e+02 1 0)
|            ( - -4.706e+03 3 0 QUESTION2 -1 1.209e+02 2.322e+01)))
|    ( QUESTION0_12_R 1 -3.309e+04 4.456e+02 1.537e+02
|        ( - 2.422e+02 1 0)
|        ( QUESTION19 1 -3.289e+04 4.354e+02 1.527e+02
|            ( - 2.199e+02 1 0)
|            ( QUESTION0_7_R 1 -3.268e+04 4.569e+02 1.517e+02
|                ( - 2.415e+02 1 0)
|                ( QUESTION0_0_R 1 -3.246e+04 3.945e+02 1.507e+02
|                    ( - -2.626e+04 3 0 WDBNDRY_E 0 1.331e+02 1.209e+02)
|                    ( - -5.805e+03 3 0 QUESTION0_5_R 1 1.007e+02 2.986e+01))))))
s>    ( QUESTION2 1 -9.222e+04 6.301e+02 4.199e+02
s>        ( QUESTION0 -1 -5.850e+04 2.652e+02 2.661e+02
s>            ( - -5.315e+04 12 0 QUESTION0_8_R 1 1.142e+02 2.409e+02)
s>            ( QUESTION19 -1 -5.081e+03 2.120e+02 2.522e+01
s>                ( - -1.629e+02 1 0)
s>                ( - -4.706e+03 3 0 QUESTION2 -1 1.209e+02 2.322e+01)))
s>        ( QUESTION0_12_R 1 -3.309e+04 4.456e+02 1.537e+02
s>            ( - 2.422e+02 1 0)
s>            ( QUESTION19 1 -3.289e+04 4.354e+02 1.527e+02
s>                ( - 2.199e+02 1 0)
s>                ( QUESTION0_7_R 1 -3.268e+04 4.569e+02 1.517e+02
s>                    ( - 2.415e+02 1 0)
s>                    ( QUESTION0_0_R 1 -3.246e+04 3.945e+02 1.507e+02
s>                        ( - -2.626e+04 3 0 WDBNDRY_E 0 1.331e+02 1.209e+02)
s>                        ( - -5.805e+03 3 0 QUESTION0_5_R 1 1.007e+02 2.986e+01))))))INFO: dtree.c(1315): Comp split 1
INFO: dtree.c(1439): stop. leaf nodes are specific
INFO: dtree.c(1478): Final simple tree
|( QUESTION0_7_R 1 -3.268e+04 4.569e+02 1.517e+02
|    ( - 2.415e+02 1 0)
|    ( QUESTION0_0_R 1 -3.246e+04 3.945e+02 1.507e+02
|        ( WDBNDRY_E 0 -2.626e+04 1.331e+02 1.209e+02
|            ( - -9.638e+02 2 0)
|            ( - -2.516e+04 1 0))
|        ( QUESTION0_5_R 1 -5.805e+03 1.007e+02 2.986e+01
|            ( - -5.371e+02 1 0)
|            ( - -5.167e+03 2 0))))
s>    ( QUESTION0_7_R 1 -3.268e+04 4.569e+02 1.517e+02
s>        ( - 2.415e+02 1 0)
s>        ( QUESTION0_0_R 1 -3.246e+04 3.945e+02 1.507e+02
s>            ( WDBNDRY_E 0 -2.626e+04 1.331e+02 1.209e+02
s>                ( - -9.638e+02 2 0)
s>                ( - -2.516e+04 1 0))
s>            ( QUESTION0_5_R 1 -5.805e+03 1.007e+02 2.986e+01
s>                ( - -5.371e+02 1 0)
s>                ( - -5.167e+03 2 0))))INFO: dtree.c(1478): Final simple tree
|( QUESTION0_15_R 1 -5.891e+04 4.424e+02 2.681e+02
|    ( - 2.422e+02 1 0)
|    ( QUESTION0_9_R 1 -5.871e+04 4.329e+02 2.671e+02
|        ( - 2.199e+02 1 0)
|        ( QUESTION0 -1 -5.850e+04 2.652e+02 2.661e+02
|            ( QUESTION0_8_R 1 -5.315e+04 1.142e+02 2.409e+02
|                ( WDBNDRY_E 0 -1.224e+03 1.445e+02 6.000e+00
|                    ( - -7.953e+02 2 0)
|                    ( - -2.842e+02 1 0))
|                ( - -5.181e+04 9 0 QUESTION0_13_R 1 9.652e+01 2.349e+02))
|            ( QUESTION19 -1 -5.081e+03 2.120e+02 2.522e+01
|                ( - -1.629e+02 1 0)
|                ( QUESTION2 -1 -4.706e+03 1.209e+02 2.322e+01
|                    ( - -3.657e+03 2 0)
|                    ( - -9.281e+02 1 0))))))
s>    ( QUESTION0_15_R 1 -5.891e+04 4.424e+02 2.681e+02
s>        ( - 2.422e+02 1 0)
s>        ( QUESTION0_9_R 1 -5.871e+04 4.329e+02 2.671e+02
s>            ( - 2.199e+02 1 0)
s>            ( QUESTION0 -1 -5.850e+04 2.652e+02 2.661e+02
s>                ( QUESTION0_8_R 1 -5.315e+04 1.142e+02 2.409e+02
s>                    ( WDBNDRY_E 0 -1.224e+03 1.445e+02 6.000e+00
s>                        ( - -7.953e+02 2 0)
s>                        ( - -2.842e+02 1 0))
s>                    ( - -5.181e+04 9 0 QUESTION0_13_R 1 9.652e+01 2.349e+02))
s>                ( QUESTION19 -1 -5.081e+03 2.120e+02 2.522e+01
s>                    ( - -1.629e+02 1 0)
s>                    ( QUESTION2 -1 -4.706e+03 1.209e+02 2.322e+01
s>                        ( - -3.657e+03 2 0)
s>                        ( - -9.281e+02 1 0))))))INFO: dtree.c(1315): Comp split 2
INFO: dtree.c(1439): stop. leaf nodes are specific
INFO: dtree.c(1478): Final simple tree
|( QUESTION0_0_R 1 -3.246e+04 3.945e+02 1.507e+02
|    ( WDBNDRY_E 0 -2.626e+04 1.331e+02 1.209e+02
|        ( - -9.638e+02 2 0)
|        ( - -2.516e+04 1 0))
|    ( QUESTION0_5_R 1 -5.805e+03 1.007e+02 2.986e+01
|        ( - -5.371e+02 1 0)
|        ( - -5.167e+03 2 0)))
s>    ( QUESTION0_0_R 1 -3.246e+04 3.945e+02 1.507e+02
s>        ( WDBNDRY_E 0 -2.626e+04 1.331e+02 1.209e+02
s>            ( - -9.638e+02 2 0)
s>            ( - -2.516e+04 1 0))
s>        ( QUESTION0_5_R 1 -5.805e+03 1.007e+02 2.986e+01
s>            ( - -5.371e+02 1 0)
s>            ( - -5.167e+03 2 0)))INFO: dtree.c(1315): Comp split 3
INFO: dtree.c(1478): Final simple tree
|( QUESTION0_9_R 1 -5.871e+04 4.329e+02 2.671e+02
|    ( - 2.199e+02 1 0)
|    ( QUESTION0 -1 -5.850e+04 2.652e+02 2.661e+02
|        ( QUESTION0_8_R 1 -5.315e+04 1.142e+02 2.409e+02
|            ( WDBNDRY_E 0 -1.224e+03 1.445e+02 6.000e+00
|                ( - -7.953e+02 2 0)
|                ( - -2.842e+02 1 0))
|            ( QUESTION0_13_R 1 -5.181e+04 9.652e+01 2.349e+02
|                ( - -5.116e+04 7 0 WDBNDRY_E 0 4.371e+02 2.319e+02)
|                ( - -5.603e+02 2 0 WDBNDRY_E 0 4.764e+02 3.000e+00)))
|        ( QUESTION19 -1 -5.081e+03 2.120e+02 2.522e+01
|            ( - -1.629e+02 1 0)
|            ( QUESTION2 -1 -4.706e+03 1.209e+02 2.322e+01
|                ( - -3.657e+03 2 0)
|                ( - -9.281e+02 1 0)))))
s>    ( QUESTION0_9_R 1 -5.871e+04 4.329e+02 2.671e+02
s>        ( - 2.199e+02 1 0)
s>        ( QUESTION0 -1 -5.850e+04 2.652e+02 2.661e+02
s>            ( QUESTION0_8_R 1 -5.315e+04 1.142e+02 2.409e+02
s>                ( WDBNDRY_E 0 -1.224e+03 1.445e+02 6.000e+00
s>                    ( - -7.953e+02 2 0)
s>                    ( - -2.842e+02 1 0))
s>                ( QUESTION0_13_R 1 -5.181e+04 9.652e+01 2.349e+02
s>                    ( - -5.116e+04 7 0 WDBNDRY_E 0 4.371e+02 2.319e+02)
s>                    ( - -5.603e+02 2 0 WDBNDRY_E 0 4.764e+02 3.000e+00)))
s>            ( QUESTION19 -1 -5.081e+03 2.120e+02 2.522e+01
s>                ( - -1.629e+02 1 0)
s>                ( QUESTION2 -1 -4.706e+03 1.209e+02 2.322e+01
s>                    ( - -3.657e+03 2 0)
s>                    ( - -9.281e+02 1 0)))))INFO: dtree.c(1315): Comp split 4
INFO: dtree.c(1478): Final simple tree
|( QUESTION0 -1 -5.850e+04 2.652e+02 2.661e+02
|    ( QUESTION0_8_R 1 -5.315e+04 1.142e+02 2.409e+02
|        ( WDBNDRY_E 0 -1.224e+03 1.445e+02 6.000e+00
|            ( - -7.953e+02 2 0)
|            ( - -2.842e+02 1 0))
|        ( QUESTION0_13_R 1 -5.181e+04 9.652e+01 2.349e+02
|            ( - -5.116e+04 7 0 WDBNDRY_E 0 4.371e+02 2.319e+02)
|            ( WDBNDRY_E 0 -5.603e+02 4.764e+02 3.000e+00
|                ( - -3.265e+02 1 0)
|                ( - 2.425e+02 1 0))))
|    ( QUESTION19 -1 -5.081e+03 2.120e+02 2.522e+01
|        ( - -1.629e+02 1 0)
|        ( QUESTION2 -1 -4.706e+03 1.209e+02 2.322e+01
|            ( - -3.657e+03 2 0)
|            ( - -9.281e+02 1 0))))
s>    ( QUESTION0 -1 -5.850e+04 2.652e+02 2.661e+02
s>        ( QUESTION0_8_R 1 -5.315e+04 1.142e+02 2.409e+02
s>            ( WDBNDRY_E 0 -1.224e+03 1.445e+02 6.000e+00
s>                ( - -7.953e+02 2 0)
s>                ( - -2.842e+02 1 0))
s>            ( QUESTION0_13_R 1 -5.181e+04 9.652e+01 2.349e+02
s>                ( - -5.116e+04 7 0 WDBNDRY_E 0 4.371e+02 2.319e+02)
s>                ( WDBNDRY_E 0 -5.603e+02 4.764e+02 3.000e+00
s>                    ( - -3.265e+02 1 0)
s>                    ( - 2.425e+02 1 0))))
s>        ( QUESTION19 -1 -5.081e+03 2.120e+02 2.522e+01
s>            ( - -1.629e+02 1 0)
s>            ( QUESTION2 -1 -4.706e+03 1.209e+02 2.322e+01
s>                ( - -3.657e+03 2 0)
s>                ( - -9.281e+02 1 0))))INFO: dtree.c(1315): Comp split 5
INFO: dtree.c(1478): Final simple tree
|( QUESTION0 -1 -5.829e+04 2.658e+02 2.651e+02
|    ( QUESTION0_14_R 1 -5.294e+04 1.219e+02 2.399e+02
|        ( - -3.265e+02 1 0)
|        ( QUESTION0_8_R 1 -5.250e+04 1.142e+02 2.379e+02
|            ( WDBNDRY_E 0 -1.224e+03 1.445e+02 6.000e+00
|                ( - -7.953e+02 2 0)
|                ( - -2.842e+02 1 0))
|            ( WDBNDRY_E 0 -5.116e+04 4.371e+02 2.319e+02
|                ( - 2.054e+02 1 0)
|                ( - -5.093e+04 6 0))))
|    ( QUESTION19 -1 -5.081e+03 2.120e+02 2.522e+01
|        ( - -1.629e+02 1 0)
|        ( QUESTION2 -1 -4.706e+03 1.209e+02 2.322e+01
|            ( - -3.657e+03 2 0)
|            ( - -9.281e+02 1 0))))
s>    ( QUESTION0 -1 -5.829e+04 2.658e+02 2.651e+02
s>        ( QUESTION0_14_R 1 -5.294e+04 1.219e+02 2.399e+02
s>            ( - -3.265e+02 1 0)
s>            ( QUESTION0_8_R 1 -5.250e+04 1.142e+02 2.379e+02
s>                ( WDBNDRY_E 0 -1.224e+03 1.445e+02 6.000e+00
s>                    ( - -7.953e+02 2 0)
s>                    ( - -2.842e+02 1 0))
s>                ( WDBNDRY_E 0 -5.116e+04 4.371e+02 2.319e+02
s>                    ( - 2.054e+02 1 0)
s>                    ( - -5.093e+04 6 0))))
s>        ( QUESTION19 -1 -5.081e+03 2.120e+02 2.522e+01
s>            ( - -1.629e+02 1 0)
s>            ( QUESTION2 -1 -4.706e+03 1.209e+02 2.322e+01
s>                ( - -3.657e+03 2 0)
s>                ( - -9.281e+02 1 0))))INFO: dtree.c(1315): Comp split 6
INFO: dtree.c(1439): stop. leaf nodes are specific
INFO: dtree.c(1478): Final simple tree
|( QUESTION0 -1 -5.806e+04 2.666e+02 2.641e+02
|    ( QUESTION0_14_R 1 -5.271e+04 1.221e+02 2.389e+02
|        ( - -3.265e+02 1 0)
|        ( QUESTION0_8_R 1 -5.226e+04 1.141e+02 2.369e+02
|            ( WDBNDRY_E 0 -1.224e+03 1.445e+02 6.000e+00
|                ( - -7.953e+02 2 0)
|                ( - -2.842e+02 1 0))
|            ( - -5.093e+04 6 0)))
|    ( QUESTION19 -1 -5.081e+03 2.120e+02 2.522e+01
|        ( - -1.629e+02 1 0)
|        ( QUESTION2 -1 -4.706e+03 1.209e+02 2.322e+01
|            ( - -3.657e+03 2 0)
|            ( - -9.281e+02 1 0))))
s>    ( QUESTION0 -1 -5.806e+04 2.666e+02 2.641e+02
s>        ( QUESTION0_14_R 1 -5.271e+04 1.221e+02 2.389e+02
s>            ( - -3.265e+02 1 0)
s>            ( QUESTION0_8_R 1 -5.226e+04 1.141e+02 2.369e+02
s>                ( WDBNDRY_E 0 -1.224e+03 1.445e+02 6.000e+00
s>                    ( - -7.953e+02 2 0)
s>                    ( - -2.842e+02 1 0))
s>                ( - -5.093e+04 6 0)))
s>        ( QUESTION19 -1 -5.081e+03 2.120e+02 2.522e+01
s>            ( - -1.629e+02 1 0)
s>            ( QUESTION2 -1 -4.706e+03 1.209e+02 2.322e+01
s>                ( - -3.657e+03 2 0)
s>                ( - -9.281e+02 1 0))))INFO: dtree.c(1315): Comp split 7
INFO: dtree.c(1439): stop. leaf nodes are specific
INFO: dtree.c(1478): Final simple tree
|( QUESTION0_5_R 1 -5.805e+03 1.007e+02 2.986e+01
|    ( - -5.371e+02 1 0)
|    ( - -5.167e+03 2 0))
s>    ( QUESTION0_5_R 1 -5.805e+03 1.007e+02 2.986e+01
s>        ( - -5.371e+02 1 0)
s>        ( - -5.167e+03 2 0))INFO: dtree.c(1439): stop. leaf nodes are specific
INFO: dtree.c(1478): Final simple tree
|( WDBNDRY_E 0 -2.626e+04 1.331e+02 1.209e+02
|    ( - -9.638e+02 2 0)
|    ( - -2.516e+04 1 0))
s>    ( WDBNDRY_E 0 -2.626e+04 1.331e+02 1.209e+02
s>        ( - -9.638e+02 2 0)
s>        ( - -2.516e+04 1 0))INFO: dtree.c(1315): Comp split 8
INFO: dtree.c(1439): stop. leaf nodes are specific
INFO: dtree.c(1478): Final simple tree
|( QUESTION19 -1 -5.521e+03 2.112e+02 2.722e+01
|    ( - -1.629e+02 1 0)
|    ( QUESTION0_8_R 1 -5.147e+03 1.565e+02 2.522e+01
|        ( - -2.842e+02 1 0)
|        ( QUESTION2 -1 -4.706e+03 1.209e+02 2.322e+01
|            ( - -3.657e+03 2 0)
|            ( - -9.281e+02 1 0))))
s>    ( QUESTION19 -1 -5.521e+03 2.112e+02 2.722e+01
s>        ( - -1.629e+02 1 0)
s>        ( QUESTION0_8_R 1 -5.147e+03 1.565e+02 2.522e+01
s>            ( - -2.842e+02 1 0)
s>            ( QUESTION2 -1 -4.706e+03 1.209e+02 2.322e+01
s>                ( - -3.657e+03 2 0)
s>                ( - -9.281e+02 1 0))))INFO: dtree.c(1439): stop. leaf nodes are specific
INFO: dtree.c(1478): Final simple tree
|( QUESTION0_14_R 1 -5.226e+04 1.220e+02 2.369e+02
|    ( - -3.265e+02 1 0)
|    ( WDBNDRY_E 0 -5.182e+04 9.473e+01 2.349e+02
|        ( - -7.953e+02 2 0)
|        ( - -5.093e+04 6 0)))
s>    ( QUESTION0_14_R 1 -5.226e+04 1.220e+02 2.369e+02
s>        ( - -3.265e+02 1 0)
s>        ( WDBNDRY_E 0 -5.182e+04 9.473e+01 2.349e+02
s>            ( - -7.953e+02 2 0)
s>            ( - -5.093e+04 6 0)))INFO: dtree.c(1315): Comp split 9
INFO: dtree.c(1439): stop. leaf nodes are specific
INFO: dtree.c(1478): Final simple tree
|( QUESTION0_8_R 1 -5.147e+03 1.565e+02 2.522e+01
|    ( - -2.842e+02 1 0)
|    ( QUESTION2 -1 -4.706e+03 1.209e+02 2.322e+01
|        ( - -3.657e+03 2 0)
|        ( - -9.281e+02 1 0)))
s>    ( QUESTION0_8_R 1 -5.147e+03 1.565e+02 2.522e+01
s>        ( - -2.842e+02 1 0)
s>        ( QUESTION2 -1 -4.706e+03 1.209e+02 2.322e+01
s>            ( - -3.657e+03 2 0)
s>            ( - -9.281e+02 1 0)))INFO: dtree.c(1315): Comp split 10
INFO: dtree.c(1439): stop. leaf nodes are specific
INFO: dtree.c(1478): Final simple tree
|( QUESTION0 -1 -3.096e+04 1.084e+02 1.461e+02
|    ( - -2.998e+04 5 0)
|    ( - -8.692e+02 1 0))
s>    ( QUESTION0 -1 -3.096e+04 1.084e+02 1.461e+02
s>        ( - -2.998e+04 5 0)
s>        ( - -8.692e+02 1 0))INFO: dtree.c(1439): stop. leaf nodes are specific
INFO: dtree.c(1478): Final simple tree
|( QUESTION0_0_R 1 -5.390e+03 1.657e+02 2.600e+01
|    ( - -3.495e+03 2 0)
|    ( - -1.729e+03 1 0))
s>    ( QUESTION0_0_R 1 -5.390e+03 1.657e+02 2.600e+01
s>        ( - -3.495e+03 2 0)
s>        ( - -1.729e+03 1 0))INFO: dtree.c(1315): Comp split 11
INFO: dtree.c(1315): Comp split 12
INFO: dtree.c(1439): stop. leaf nodes are specific
INFO: dtree.c(1478): Final simple tree
|( QUESTION2 -1 -4.706e+03 1.209e+02 2.322e+01
|    ( - -3.657e+03 2 0)
|    ( - -9.281e+02 1 0))
s>    ( QUESTION2 -1 -4.706e+03 1.209e+02 2.322e+01
s>        ( - -3.657e+03 2 0)
s>        ( - -9.281e+02 1 0))INFO: dtree.c(1315): Comp split 13
INFO: dtree.c(1315): Comp split 14
INFO: dtree.c(1439): stop. leaf nodes are specific
INFO: dtree.c(1478): Final simple tree
|( WDBNDRY_E 0 -5.182e+04 9.473e+01 2.349e+02
|    ( - -7.953e+02 2 0)
|    ( - -5.093e+04 6 0))
s>    ( WDBNDRY_E 0 -5.182e+04 9.473e+01 2.349e+02
s>        ( - -7.953e+02 2 0)
s>        ( - -5.093e+04 6 0))INFO: dtree.c(1315): Comp split 15
INFO: dtree.c(1315): Comp split 16
INFO: dtree.c(1315): Comp split 17
INFO: dtree.c(1315): Comp split 18
INFO: dtree.c(1315): Comp split 19
INFO: dtree.c(1318): stop. leaf nodes are specific
!!!!!!!!Allocated 66 lines
Fri Apr  8 00:55:50 2016
