Current configuration:
[NAME]		[DEFLT]	[VALUE]
-allphones	no	no
-cntthresh	0.00001	1.000000e-05
-csplitmax	100	2000
-csplitmin	1	1
-csplitthr	8e-4	0.000000e+00
-example	no	no
-fullvar	no	no
-help		no	no
-meanfn			/home/yaroslav/model/model_parameters/ua.cd_cont_untied/means
-mixwfn			/home/yaroslav/model/model_parameters/ua.cd_cont_untied/mixture_weights
-moddeffn		/home/yaroslav/model/model_architecture/ua.untied.mdef
-mwfloor	1e-4	1.000000e-08
-phone			ZH
-psetfn			/home/yaroslav/model/model_architecture/ua.tree_questions
-ssplitmax	5	7
-ssplitmin	1	1
-ssplitthr	8e-4	0.000000e+00
-state			2
-stwt			1.0,0.05,0.0,
-treefn			/home/yaroslav/model/trees/ua.unpruned/ZH-2.dtree
-ts2cbfn	.semi.	.cont.
-varfloor	0.00001	1.000000e-05
-varfn			/home/yaroslav/model/model_parameters/ua.cd_cont_untied/variances

INFO: main.c(223): Reading: /home/yaroslav/model/model_architecture/ua.untied.mdef
INFO: model_def_io.c(573): Model definition info:
INFO: model_def_io.c(574): 8408 total models defined (50 base, 8358 tri)
INFO: model_def_io.c(575): 33632 total states
INFO: model_def_io.c(576): 25224 total tied states
INFO: model_def_io.c(577): 150 total tied CI states
INFO: model_def_io.c(578): 50 total tied transition matrices
INFO: model_def_io.c(579): 4 max state/model
INFO: model_def_io.c(580): 4 min state/model
INFO: main.c(242): Building trees for [ZH A A b] through [ZH Z Y b]
INFO: main.c(269): Covering states |[24834 25178]| == 345
INFO: main.c(275): Reading: /home/yaroslav/model/model_parameters/ua.cd_cont_untied/mixture_weights
INFO: s3mixw_io.c(173): Read /home/yaroslav/model/model_parameters/ua.cd_cont_untied/mixture_weights [345x1x1 array]
INFO: main.c(311): 115 of 115 models have observation count greater than 0.000010
INFO: main.c(95): nrm stwt: 0.000 0.048 0.952 
INFO: s3gau_io.c(169): Read /home/yaroslav/model/model_parameters/ua.cd_cont_untied/means [25224x1x1 array]
INFO: s3gau_io.c(169): Read /home/yaroslav/model/model_parameters/ua.cd_cont_untied/variances [25224x1x1 array]
INFO: main.c(549): Reading: /home/yaroslav/model/model_architecture/ua.tree_questions
INFO: main.c(588): 174 total simple questions (166 phone; 8 word bndry)
INFO: main.c(590): 42 Left Only questions, and 40 Right Only questions
INFO: dtree.c(1478): Final simple tree
|( SILENCE 1 -3.000e+05 1.919e+03 1.452e+03
|    ( - -1.457e+04 1 0)
|    ( QUESTION0_0_R 1 -2.835e+05 1.598e+03 1.371e+03
|        ( QUESTION12 -1 -1.431e+05 4.112e+02 6.997e+02
|            ( - -1.434e+04 3 0 WDBNDRY_B 0 1.843e+02 7.204e+01)
|            ( - -1.284e+05 46 0 QUESTION10 -1 2.681e+02 6.277e+02))
|        ( SILENCE -1 -1.388e+05 5.506e+02 6.711e+02
|            ( - 2.429e+02 1 0)
|            ( QUESTION0_2_R 1 -1.385e+05 5.270e+02 6.701e+02
|                ( QUESTION0_5_R 1 -4.115e+04 3.825e+02 2.026e+02
|                    ( - -1.413e+04 4 0 WDBNDRY_E 0 4.423e+02 7.040e+01)
|                    ( - -2.664e+04 13 0 WDBNDRY_E 0 2.204e+02 1.322e+02))
|                ( QUESTION0_15_R 1 -9.682e+04 4.289e+02 4.674e+02
|                    ( - 2.086e+02 1 0)
|                    ( - -9.660e+04 46 0 QUESTION0_11_R 1 3.598e+02 4.664e+02))))))
s>    ( SILENCE 1 -3.000e+05 1.919e+03 1.452e+03
s>        ( - -1.457e+04 1 0)
s>        ( QUESTION0_0_R 1 -2.835e+05 1.598e+03 1.371e+03
s>            ( QUESTION12 -1 -1.431e+05 4.112e+02 6.997e+02
s>                ( - -1.434e+04 3 0 WDBNDRY_B 0 1.843e+02 7.204e+01)
s>                ( - -1.284e+05 46 0 QUESTION10 -1 2.681e+02 6.277e+02))
s>            ( SILENCE -1 -1.388e+05 5.506e+02 6.711e+02
s>                ( - 2.429e+02 1 0)
s>                ( QUESTION0_2_R 1 -1.385e+05 5.270e+02 6.701e+02
s>                    ( QUESTION0_5_R 1 -4.115e+04 3.825e+02 2.026e+02
s>                        ( - -1.413e+04 4 0 WDBNDRY_E 0 4.423e+02 7.040e+01)
s>                        ( - -2.664e+04 13 0 WDBNDRY_E 0 2.204e+02 1.322e+02))
s>                    ( QUESTION0_15_R 1 -9.682e+04 4.289e+02 4.674e+02
s>                        ( - 2.086e+02 1 0)
s>                        ( - -9.660e+04 46 0 QUESTION0_11_R 1 3.598e+02 4.664e+02))))))INFO: dtree.c(1315): Comp split 0
INFO: dtree.c(1478): Final simple tree
|( QUESTION0_0_R 1 -2.835e+05 1.598e+03 1.371e+03
|    ( QUESTION12 -1 -1.431e+05 4.112e+02 6.997e+02
|        ( - -1.434e+04 3 0 WDBNDRY_B 0 1.843e+02 7.204e+01)
|        ( - -1.284e+05 46 0 QUESTION10 -1 2.681e+02 6.277e+02))
|    ( SILENCE -1 -1.388e+05 5.506e+02 6.711e+02
|        ( - 2.429e+02 1 0)
|        ( QUESTION0_2_R 1 -1.385e+05 5.270e+02 6.701e+02
|            ( QUESTION0_5_R 1 -4.115e+04 3.825e+02 2.026e+02
|                ( WDBNDRY_E 0 -1.413e+04 4.423e+02 7.040e+01
|                    ( - 1.994e+02 1 0)
|                    ( - -1.389e+04 3 0 QUESTION0 -1 3.189e+02 6.940e+01))
|                ( - -2.664e+04 13 0 WDBNDRY_E 0 2.204e+02 1.322e+02))
|            ( QUESTION0_15_R 1 -9.682e+04 4.289e+02 4.674e+02
|                ( - 2.086e+02 1 0)
|                ( - -9.660e+04 46 0 QUESTION0_11_R 1 3.598e+02 4.664e+02)))))
s>    ( QUESTION0_0_R 1 -2.835e+05 1.598e+03 1.371e+03
s>        ( QUESTION12 -1 -1.431e+05 4.112e+02 6.997e+02
s>            ( - -1.434e+04 3 0 WDBNDRY_B 0 1.843e+02 7.204e+01)
s>            ( - -1.284e+05 46 0 QUESTION10 -1 2.681e+02 6.277e+02))
s>        ( SILENCE -1 -1.388e+05 5.506e+02 6.711e+02
s>            ( - 2.429e+02 1 0)
s>            ( QUESTION0_2_R 1 -1.385e+05 5.270e+02 6.701e+02
s>                ( QUESTION0_5_R 1 -4.115e+04 3.825e+02 2.026e+02
s>                    ( WDBNDRY_E 0 -1.413e+04 4.423e+02 7.040e+01
s>                        ( - 1.994e+02 1 0)
s>                        ( - -1.389e+04 3 0 QUESTION0 -1 3.189e+02 6.940e+01))
s>                    ( - -2.664e+04 13 0 WDBNDRY_E 0 2.204e+02 1.322e+02))
s>                ( QUESTION0_15_R 1 -9.682e+04 4.289e+02 4.674e+02
s>                    ( - 2.086e+02 1 0)
s>                    ( - -9.660e+04 46 0 QUESTION0_11_R 1 3.598e+02 4.664e+02)))))INFO: dtree.c(1315): Comp split 1
INFO: dtree.c(1478): Final simple tree
|( SILENCE -1 -1.388e+05 5.506e+02 6.711e+02
|    ( - 2.429e+02 1 0)
|    ( QUESTION0_2_R 1 -1.385e+05 5.270e+02 6.701e+02
|        ( QUESTION0_5_R 1 -4.115e+04 3.825e+02 2.026e+02
|            ( WDBNDRY_E 0 -1.413e+04 4.423e+02 7.040e+01
|                ( - 1.994e+02 1 0)
|                ( - -1.389e+04 3 0 QUESTION0 -1 3.189e+02 6.940e+01))
|            ( - -2.664e+04 13 0 WDBNDRY_E 0 2.204e+02 1.322e+02))
|        ( QUESTION0_15_R 1 -9.682e+04 4.289e+02 4.674e+02
|            ( - 2.086e+02 1 0)
|            ( QUESTION0_11_R 1 -9.660e+04 3.598e+02 4.664e+02
|                ( - -4.063e+04 13 0 WDBNDRY_I 0 2.461e+02 1.973e+02)
|                ( QUESTION0_8_R 1 -5.561e+04 3.484e+02 2.691e+02
|                    ( - -2.994e+04 20 0 QUESTION0 -1 2.503e+02 1.460e+02)
|                    ( - -2.532e+04 13 0 QUESTION0_13_R 1 1.970e+02 1.231e+02))))))
s>    ( SILENCE -1 -1.388e+05 5.506e+02 6.711e+02
s>        ( - 2.429e+02 1 0)
s>        ( QUESTION0_2_R 1 -1.385e+05 5.270e+02 6.701e+02
s>            ( QUESTION0_5_R 1 -4.115e+04 3.825e+02 2.026e+02
s>                ( WDBNDRY_E 0 -1.413e+04 4.423e+02 7.040e+01
s>                    ( - 1.994e+02 1 0)
s>                    ( - -1.389e+04 3 0 QUESTION0 -1 3.189e+02 6.940e+01))
s>                ( - -2.664e+04 13 0 WDBNDRY_E 0 2.204e+02 1.322e+02))
s>            ( QUESTION0_15_R 1 -9.682e+04 4.289e+02 4.674e+02
s>                ( - 2.086e+02 1 0)
s>                ( QUESTION0_11_R 1 -9.660e+04 3.598e+02 4.664e+02
s>                    ( - -4.063e+04 13 0 WDBNDRY_I 0 2.461e+02 1.973e+02)
s>                    ( QUESTION0_8_R 1 -5.561e+04 3.484e+02 2.691e+02
s>                        ( - -2.994e+04 20 0 QUESTION0 -1 2.503e+02 1.460e+02)
s>                        ( - -2.532e+04 13 0 QUESTION0_13_R 1 1.970e+02 1.231e+02))))))INFO: dtree.c(1478): Final simple tree
|( QUESTION12 -1 -1.431e+05 4.112e+02 6.997e+02
|    ( WDBNDRY_B 0 -1.434e+04 1.843e+02 7.204e+01
|        ( - -1.964e+02 1 0)
|        ( - -1.395e+04 2 0))
|    ( QUESTION10 -1 -1.284e+05 2.681e+02 6.277e+02
|        ( WDBNDRY_B 0 -1.549e+04 2.019e+02 7.697e+01
|            ( - -5.217e+03 3 0)
|            ( - -1.007e+04 3 0))
|        ( WDBNDRY_I 0 -1.126e+05 2.272e+02 5.507e+02
|            ( QUESTION0 -1 -8.402e+04 1.779e+02 4.133e+02
|                ( - -8.042e+04 20 0)
|                ( - -3.416e+03 1 0))
|            ( QUESTION4 -1 -2.837e+04 1.972e+02 1.374e+02
|                ( - -1.929e+02 1 0)
|                ( - -2.798e+04 18 0 SILENCE -1 1.739e+02 1.354e+02)))))
s>    ( QUESTION12 -1 -1.431e+05 4.112e+02 6.997e+02
s>        ( WDBNDRY_B 0 -1.434e+04 1.843e+02 7.204e+01
s>            ( - -1.964e+02 1 0)
s>            ( - -1.395e+04 2 0))
s>        ( QUESTION10 -1 -1.284e+05 2.681e+02 6.277e+02
s>            ( WDBNDRY_B 0 -1.549e+04 2.019e+02 7.697e+01
s>                ( - -5.217e+03 3 0)
s>                ( - -1.007e+04 3 0))
s>            ( WDBNDRY_I 0 -1.126e+05 2.272e+02 5.507e+02
s>                ( QUESTION0 -1 -8.402e+04 1.779e+02 4.133e+02
s>                    ( - -8.042e+04 20 0)
s>                    ( - -3.416e+03 1 0))
s>                ( QUESTION4 -1 -2.837e+04 1.972e+02 1.374e+02
s>                    ( - -1.929e+02 1 0)
s>                    ( - -2.798e+04 18 0 SILENCE -1 1.739e+02 1.354e+02)))))INFO: dtree.c(1315): Comp split 2
INFO: dtree.c(1478): Final simple tree
|( QUESTION0_2_R 1 -1.385e+05 5.270e+02 6.701e+02
|    ( QUESTION0_5_R 1 -4.115e+04 3.825e+02 2.026e+02
|        ( WDBNDRY_E 0 -1.413e+04 4.423e+02 7.040e+01
|            ( - 1.994e+02 1 0)
|            ( QUESTION0 -1 -1.389e+04 3.189e+02 6.940e+01
|                ( - -3.463e+03 1 0)
|                ( - -1.010e+04 2 0)))
|        ( - -2.664e+04 13 0 WDBNDRY_E 0 2.204e+02 1.322e+02))
|    ( QUESTION0_15_R 1 -9.682e+04 4.289e+02 4.674e+02
|        ( - 2.086e+02 1 0)
|        ( QUESTION0_11_R 1 -9.660e+04 3.598e+02 4.664e+02
|            ( - -4.063e+04 13 0 WDBNDRY_I 0 2.461e+02 1.973e+02)
|            ( QUESTION0_8_R 1 -5.561e+04 3.484e+02 2.691e+02
|                ( - -2.994e+04 20 0 QUESTION0 -1 2.503e+02 1.460e+02)
|                ( - -2.532e+04 13 0 QUESTION0_13_R 1 1.970e+02 1.231e+02)))))
s>    ( QUESTION0_2_R 1 -1.385e+05 5.270e+02 6.701e+02
s>        ( QUESTION0_5_R 1 -4.115e+04 3.825e+02 2.026e+02
s>            ( WDBNDRY_E 0 -1.413e+04 4.423e+02 7.040e+01
s>                ( - 1.994e+02 1 0)
s>                ( QUESTION0 -1 -1.389e+04 3.189e+02 6.940e+01
s>                    ( - -3.463e+03 1 0)
s>                    ( - -1.010e+04 2 0)))
s>            ( - -2.664e+04 13 0 WDBNDRY_E 0 2.204e+02 1.322e+02))
s>        ( QUESTION0_15_R 1 -9.682e+04 4.289e+02 4.674e+02
s>            ( - 2.086e+02 1 0)
s>            ( QUESTION0_11_R 1 -9.660e+04 3.598e+02 4.664e+02
s>                ( - -4.063e+04 13 0 WDBNDRY_I 0 2.461e+02 1.973e+02)
s>                ( QUESTION0_8_R 1 -5.561e+04 3.484e+02 2.691e+02
s>                    ( - -2.994e+04 20 0 QUESTION0 -1 2.503e+02 1.460e+02)
s>                    ( - -2.532e+04 13 0 QUESTION0_13_R 1 1.970e+02 1.231e+02)))))INFO: dtree.c(1315): Comp split 3
INFO: dtree.c(1478): Final simple tree
|( QUESTION0_2_R 1 -9.683e+04 4.349e+02 4.674e+02
|    ( - 1.994e+02 1 0)
|    ( QUESTION0_11_R 1 -9.660e+04 3.598e+02 4.664e+02
|        ( WDBNDRY_I 0 -4.063e+04 2.461e+02 1.973e+02
|            ( - -2.743e+04 9 0)
|            ( - -1.296e+04 4 0 WDBNDRY_E 0 1.161e+02 6.379e+01))
|        ( QUESTION0_8_R 1 -5.561e+04 3.484e+02 2.691e+02
|            ( QUESTION0 -1 -2.994e+04 2.503e+02 1.460e+02
|                ( QUESTION11 1 -2.097e+04 2.552e+02 1.022e+02
|                    ( - -7.895e+03 3 0)
|                    ( - -1.282e+04 13 0 WDBNDRY_I 0 1.712e+02 6.329e+01))
|                ( - -8.715e+03 4 0 QUESTION0 1 1.502e+02 4.375e+01))
|            ( QUESTION0_13_R 1 -2.532e+04 1.970e+02 1.231e+02
|                ( - -1.949e+04 12 0 WDBNDRY_S 0 1.829e+02 9.412e+01)
|                ( - -5.631e+03 1 0)))))
s>    ( QUESTION0_2_R 1 -9.683e+04 4.349e+02 4.674e+02
s>        ( - 1.994e+02 1 0)
s>        ( QUESTION0_11_R 1 -9.660e+04 3.598e+02 4.664e+02
s>            ( WDBNDRY_I 0 -4.063e+04 2.461e+02 1.973e+02
s>                ( - -2.743e+04 9 0)
s>                ( - -1.296e+04 4 0 WDBNDRY_E 0 1.161e+02 6.379e+01))
s>            ( QUESTION0_8_R 1 -5.561e+04 3.484e+02 2.691e+02
s>                ( QUESTION0 -1 -2.994e+04 2.503e+02 1.460e+02
s>                    ( QUESTION11 1 -2.097e+04 2.552e+02 1.022e+02
s>                        ( - -7.895e+03 3 0)
s>                        ( - -1.282e+04 13 0 WDBNDRY_I 0 1.712e+02 6.329e+01))
s>                    ( - -8.715e+03 4 0 QUESTION0 1 1.502e+02 4.375e+01))
s>                ( QUESTION0_13_R 1 -2.532e+04 1.970e+02 1.231e+02
s>                    ( - -1.949e+04 12 0 WDBNDRY_S 0 1.829e+02 9.412e+01)
s>                    ( - -5.631e+03 1 0)))))INFO: dtree.c(1478): Final simple tree
|( QUESTION0_2_R 1 -4.113e+04 4.245e+02 2.026e+02
|    ( QUESTION0_5_R 1 -4.091e+04 3.896e+02 2.016e+02
|        ( QUESTION0 -1 -1.389e+04 3.189e+02 6.940e+01
|            ( - -3.463e+03 1 0)
|            ( - -1.010e+04 2 0))
|        ( WDBNDRY_E 0 -2.664e+04 2.204e+02 1.322e+02
|            ( QUESTION0_3_R 1 -1.205e+04 1.444e+02 6.072e+01
|                ( - -1.847e+03 3 0 QUESTION0 -1 1.384e+02 1.000e+01)
|                ( - -1.006e+04 4 0 QUESTION0 -1 1.726e+02 5.072e+01))
|            ( QUESTION0 -1 -1.437e+04 4.442e+02 7.151e+01
|                ( WDBNDRY_S 0 -1.413e+04 1.579e+02 7.051e+01
|                    ( - -6.745e+03 3 0)
|                    ( - -7.231e+03 2 0))
|                ( - 2.080e+02 1 0))))
|    ( - 2.086e+02 1 0))
s>    ( QUESTION0_2_R 1 -4.113e+04 4.245e+02 2.026e+02
s>        ( QUESTION0_5_R 1 -4.091e+04 3.896e+02 2.016e+02
s>            ( QUESTION0 -1 -1.389e+04 3.189e+02 6.940e+01
s>                ( - -3.463e+03 1 0)
s>                ( - -1.010e+04 2 0))
s>            ( WDBNDRY_E 0 -2.664e+04 2.204e+02 1.322e+02
s>                ( QUESTION0_3_R 1 -1.205e+04 1.444e+02 6.072e+01
s>                    ( - -1.847e+03 3 0 QUESTION0 -1 1.384e+02 1.000e+01)
s>                    ( - -1.006e+04 4 0 QUESTION0 -1 1.726e+02 5.072e+01))
s>                ( QUESTION0 -1 -1.437e+04 4.442e+02 7.151e+01
s>                    ( WDBNDRY_S 0 -1.413e+04 1.579e+02 7.051e+01
s>                        ( - -6.745e+03 3 0)
s>                        ( - -7.231e+03 2 0))
s>                    ( - 2.080e+02 1 0))))
s>        ( - 2.086e+02 1 0))INFO: dtree.c(1315): Comp split 4
INFO: dtree.c(1478): Final simple tree
|( QUESTION0_2_R 1 -4.090e+04 4.245e+02 2.016e+02
|    ( QUESTION0_5_R 1 -4.068e+04 3.910e+02 2.006e+02
|        ( QUESTION0 -1 -1.389e+04 3.189e+02 6.940e+01
|            ( - -3.463e+03 1 0)
|            ( - -1.010e+04 2 0))
|        ( WDBNDRY_E 0 -2.640e+04 2.225e+02 1.312e+02
|            ( QUESTION0_3_R 1 -1.205e+04 1.444e+02 6.072e+01
|                ( - -1.847e+03 3 0 QUESTION0 -1 1.384e+02 1.000e+01)
|                ( QUESTION0 -1 -1.006e+04 1.726e+02 5.072e+01
|                    ( - -9.430e+03 3 0)
|                    ( - -4.538e+02 1 0)))
|            ( WDBNDRY_S 0 -1.413e+04 1.579e+02 7.051e+01
|                ( - -6.745e+03 3 0)
|                ( - -7.231e+03 2 0))))
|    ( - 2.086e+02 1 0))
s>    ( QUESTION0_2_R 1 -4.090e+04 4.245e+02 2.016e+02
s>        ( QUESTION0_5_R 1 -4.068e+04 3.910e+02 2.006e+02
s>            ( QUESTION0 -1 -1.389e+04 3.189e+02 6.940e+01
s>                ( - -3.463e+03 1 0)
s>                ( - -1.010e+04 2 0))
s>            ( WDBNDRY_E 0 -2.640e+04 2.225e+02 1.312e+02
s>                ( QUESTION0_3_R 1 -1.205e+04 1.444e+02 6.072e+01
s>                    ( - -1.847e+03 3 0 QUESTION0 -1 1.384e+02 1.000e+01)
s>                    ( QUESTION0 -1 -1.006e+04 1.726e+02 5.072e+01
s>                        ( - -9.430e+03 3 0)
s>                        ( - -4.538e+02 1 0)))
s>                ( WDBNDRY_S 0 -1.413e+04 1.579e+02 7.051e+01
s>                    ( - -6.745e+03 3 0)
s>                    ( - -7.231e+03 2 0))))
s>        ( - 2.086e+02 1 0))INFO: dtree.c(1315): Comp split 5
INFO: dtree.c(1478): Final simple tree
|( QUESTION0_11_R 1 -9.660e+04 3.598e+02 4.664e+02
|    ( WDBNDRY_I 0 -4.063e+04 2.461e+02 1.973e+02
|        ( - -2.743e+04 9 0)
|        ( - -1.296e+04 4 0 WDBNDRY_E 0 1.161e+02 6.379e+01))
|    ( QUESTION0_8_R 1 -5.561e+04 3.484e+02 2.691e+02
|        ( QUESTION0 -1 -2.994e+04 2.503e+02 1.460e+02
|            ( QUESTION11 1 -2.097e+04 2.552e+02 1.022e+02
|                ( - -7.895e+03 3 0)
|                ( - -1.282e+04 13 0 WDBNDRY_I 0 1.712e+02 6.329e+01))
|            ( - -8.715e+03 4 0 QUESTION0 1 1.502e+02 4.375e+01))
|        ( QUESTION0_13_R 1 -2.532e+04 1.970e+02 1.231e+02
|            ( WDBNDRY_S 0 -1.949e+04 1.829e+02 9.412e+01
|                ( - -6.267e+03 4 0)
|                ( - -1.304e+04 8 0 QUESTION0 -1 1.633e+02 6.351e+01))
|            ( - -5.631e+03 1 0))))
s>    ( QUESTION0_11_R 1 -9.660e+04 3.598e+02 4.664e+02
s>        ( WDBNDRY_I 0 -4.063e+04 2.461e+02 1.973e+02
s>            ( - -2.743e+04 9 0)
s>            ( - -1.296e+04 4 0 WDBNDRY_E 0 1.161e+02 6.379e+01))
s>        ( QUESTION0_8_R 1 -5.561e+04 3.484e+02 2.691e+02
s>            ( QUESTION0 -1 -2.994e+04 2.503e+02 1.460e+02
s>                ( QUESTION11 1 -2.097e+04 2.552e+02 1.022e+02
s>                    ( - -7.895e+03 3 0)
s>                    ( - -1.282e+04 13 0 WDBNDRY_I 0 1.712e+02 6.329e+01))
s>                ( - -8.715e+03 4 0 QUESTION0 1 1.502e+02 4.375e+01))
s>            ( QUESTION0_13_R 1 -2.532e+04 1.970e+02 1.231e+02
s>                ( WDBNDRY_S 0 -1.949e+04 1.829e+02 9.412e+01
s>                    ( - -6.267e+03 4 0)
s>                    ( - -1.304e+04 8 0 QUESTION0 -1 1.633e+02 6.351e+01))
s>                ( - -5.631e+03 1 0))))INFO: dtree.c(1315): Comp split 6
INFO: dtree.c(1478): Final simple tree
|( QUESTION0_5_R 1 -4.068e+04 3.910e+02 2.006e+02
|    ( QUESTION0 -1 -1.389e+04 3.189e+02 6.940e+01
|        ( - -3.463e+03 1 0)
|        ( - -1.010e+04 2 0))
|    ( WDBNDRY_E 0 -2.640e+04 2.225e+02 1.312e+02
|        ( QUESTION0_3_R 1 -1.205e+04 1.444e+02 6.072e+01
|            ( QUESTION0 -1 -1.847e+03 1.384e+02 1.000e+01
|                ( - -1.452e+03 2 0)
|                ( - -2.572e+02 1 0))
|            ( QUESTION0 -1 -1.006e+04 1.726e+02 5.072e+01
|                ( - -9.430e+03 3 0)
|                ( - -4.538e+02 1 0)))
|        ( WDBNDRY_S 0 -1.413e+04 1.579e+02 7.051e+01
|            ( - -6.745e+03 3 0)
|            ( - -7.231e+03 2 0))))
s>    ( QUESTION0_5_R 1 -4.068e+04 3.910e+02 2.006e+02
s>        ( QUESTION0 -1 -1.389e+04 3.189e+02 6.940e+01
s>            ( - -3.463e+03 1 0)
s>            ( - -1.010e+04 2 0))
s>        ( WDBNDRY_E 0 -2.640e+04 2.225e+02 1.312e+02
s>            ( QUESTION0_3_R 1 -1.205e+04 1.444e+02 6.072e+01
s>                ( QUESTION0 -1 -1.847e+03 1.384e+02 1.000e+01
s>                    ( - -1.452e+03 2 0)
s>                    ( - -2.572e+02 1 0))
s>                ( QUESTION0 -1 -1.006e+04 1.726e+02 5.072e+01
s>                    ( - -9.430e+03 3 0)
s>                    ( - -4.538e+02 1 0)))
s>            ( WDBNDRY_S 0 -1.413e+04 1.579e+02 7.051e+01
s>                ( - -6.745e+03 3 0)
s>                ( - -7.231e+03 2 0))))INFO: dtree.c(1315): Comp split 7
INFO: dtree.c(1439): stop. leaf nodes are specific
INFO: dtree.c(1478): Final simple tree
|( QUESTION2 -1 -1.472e+04 1.882e+02 7.404e+01
|    ( - -1.929e+02 1 0)
|    ( WDBNDRY_B 0 -1.434e+04 1.843e+02 7.204e+01
|        ( - -1.964e+02 1 0)
|        ( - -1.395e+04 2 0)))
s>    ( QUESTION2 -1 -1.472e+04 1.882e+02 7.404e+01
s>        ( - -1.929e+02 1 0)
s>        ( WDBNDRY_B 0 -1.434e+04 1.843e+02 7.204e+01
s>            ( - -1.964e+02 1 0)
s>            ( - -1.395e+04 2 0)))INFO: dtree.c(1478): Final simple tree
|( QUESTION10 -1 -1.280e+05 2.685e+02 6.257e+02
|    ( WDBNDRY_B 0 -1.549e+04 2.019e+02 7.697e+01
|        ( - -5.217e+03 3 0)
|        ( - -1.007e+04 3 0))
|    ( WDBNDRY_I 0 -1.122e+05 2.294e+02 5.487e+02
|        ( QUESTION0 -1 -8.402e+04 1.779e+02 4.133e+02
|            ( - -8.042e+04 20 0)
|            ( - -3.416e+03 1 0))
|        ( SILENCE -1 -2.798e+04 1.739e+02 1.354e+02
|            ( - -3.954e+03 1 0)
|            ( QUESTION0 -1 -2.385e+04 1.621e+02 1.155e+02
|                ( WDBNDRY_B 0 -1.912e+04 1.533e+02 9.152e+01
|                    ( - -1.803e+04 11 0)
|                    ( - -9.447e+02 2 0))
|                ( - -4.568e+03 4 0 QUESTION2_10_L -1 1.177e+02 2.400e+01)))))
s>    ( QUESTION10 -1 -1.280e+05 2.685e+02 6.257e+02
s>        ( WDBNDRY_B 0 -1.549e+04 2.019e+02 7.697e+01
s>            ( - -5.217e+03 3 0)
s>            ( - -1.007e+04 3 0))
s>        ( WDBNDRY_I 0 -1.122e+05 2.294e+02 5.487e+02
s>            ( QUESTION0 -1 -8.402e+04 1.779e+02 4.133e+02
s>                ( - -8.042e+04 20 0)
s>                ( - -3.416e+03 1 0))
s>            ( SILENCE -1 -2.798e+04 1.739e+02 1.354e+02
s>                ( - -3.954e+03 1 0)
s>                ( QUESTION0 -1 -2.385e+04 1.621e+02 1.155e+02
s>                    ( WDBNDRY_B 0 -1.912e+04 1.533e+02 9.152e+01
s>                        ( - -1.803e+04 11 0)
s>                        ( - -9.447e+02 2 0))
s>                    ( - -4.568e+03 4 0 QUESTION2_10_L -1 1.177e+02 2.400e+01)))))INFO: dtree.c(1315): Comp split 8
INFO: dtree.c(1439): stop. leaf nodes are specific
INFO: dtree.c(1478): Final simple tree
|( WDBNDRY_E 0 -2.640e+04 2.225e+02 1.312e+02
|    ( QUESTION0_3_R 1 -1.205e+04 1.444e+02 6.072e+01
|        ( QUESTION0 -1 -1.847e+03 1.384e+02 1.000e+01
|            ( - -1.452e+03 2 0)
|            ( - -2.572e+02 1 0))
|        ( QUESTION0 -1 -1.006e+04 1.726e+02 5.072e+01
|            ( - -9.430e+03 3 0)
|            ( - -4.538e+02 1 0)))
|    ( WDBNDRY_S 0 -1.413e+04 1.579e+02 7.051e+01
|        ( - -6.745e+03 3 0)
|        ( - -7.231e+03 2 0)))
s>    ( WDBNDRY_E 0 -2.640e+04 2.225e+02 1.312e+02
s>        ( QUESTION0_3_R 1 -1.205e+04 1.444e+02 6.072e+01
s>            ( QUESTION0 -1 -1.847e+03 1.384e+02 1.000e+01
s>                ( - -1.452e+03 2 0)
s>                ( - -2.572e+02 1 0))
s>            ( QUESTION0 -1 -1.006e+04 1.726e+02 5.072e+01
s>                ( - -9.430e+03 3 0)
s>                ( - -4.538e+02 1 0)))
s>        ( WDBNDRY_S 0 -1.413e+04 1.579e+02 7.051e+01
s>            ( - -6.745e+03 3 0)
s>            ( - -7.231e+03 2 0)))INFO: dtree.c(1439): stop. leaf nodes are specific
INFO: dtree.c(1478): Final simple tree
|( QUESTION0 -1 -1.389e+04 3.189e+02 6.940e+01
|    ( - -3.463e+03 1 0)
|    ( - -1.010e+04 2 0))
s>    ( QUESTION0 -1 -1.389e+04 3.189e+02 6.940e+01
s>        ( - -3.463e+03 1 0)
s>        ( - -1.010e+04 2 0))INFO: dtree.c(1315): Comp split 9
INFO: dtree.c(1439): stop. leaf nodes are specific
INFO: dtree.c(1478): Final simple tree
|( QUESTION0 1 -1.685e+04 2.420e+02 8.271e+01
|    ( WDBNDRY_E 0 -8.292e+03 1.485e+02 4.175e+01
|        ( - -7.844e+03 2 0)
|        ( - -2.994e+02 1 0))
|    ( QUESTION0 -1 -8.312e+03 1.446e+02 4.096e+01
|        ( - -7.895e+03 3 0)
|        ( - -2.725e+02 1 0)))
s>    ( QUESTION0 1 -1.685e+04 2.420e+02 8.271e+01
s>        ( WDBNDRY_E 0 -8.292e+03 1.485e+02 4.175e+01
s>            ( - -7.844e+03 2 0)
s>            ( - -2.994e+02 1 0))
s>        ( QUESTION0 -1 -8.312e+03 1.446e+02 4.096e+01
s>            ( - -7.895e+03 3 0)
s>            ( - -2.725e+02 1 0)))INFO: dtree.c(1478): Final simple tree
|( QUESTION0_8_R 1 -7.936e+04 3.310e+02 3.837e+02
|    ( QUESTION0_11_R 1 -5.371e+04 2.556e+02 2.606e+02
|        ( WDBNDRY_I 0 -4.063e+04 2.461e+02 1.973e+02
|            ( - -2.743e+04 9 0)
|            ( - -1.296e+04 4 0 WDBNDRY_E 0 1.161e+02 6.379e+01))
|        ( WDBNDRY_I 0 -1.282e+04 1.712e+02 6.329e+01
|            ( - -5.910e+03 3 0)
|            ( - -6.743e+03 10 0 QUESTION0_9_R 1 1.546e+02 3.300e+01)))
|    ( QUESTION0_13_R 1 -2.532e+04 1.970e+02 1.231e+02
|        ( WDBNDRY_S 0 -1.949e+04 1.829e+02 9.412e+01
|            ( - -6.267e+03 4 0)
|            ( QUESTION0 -1 -1.304e+04 1.633e+02 6.351e+01
|                ( - -1.218e+04 7 0 WDBNDRY_B 0 9.721e+01 5.951e+01)
|                ( - -6.912e+02 1 0)))
|        ( - -5.631e+03 1 0)))
s>    ( QUESTION0_8_R 1 -7.936e+04 3.310e+02 3.837e+02
s>        ( QUESTION0_11_R 1 -5.371e+04 2.556e+02 2.606e+02
s>            ( WDBNDRY_I 0 -4.063e+04 2.461e+02 1.973e+02
s>                ( - -2.743e+04 9 0)
s>                ( - -1.296e+04 4 0 WDBNDRY_E 0 1.161e+02 6.379e+01))
s>            ( WDBNDRY_I 0 -1.282e+04 1.712e+02 6.329e+01
s>                ( - -5.910e+03 3 0)
s>                ( - -6.743e+03 10 0 QUESTION0_9_R 1 1.546e+02 3.300e+01)))
s>        ( QUESTION0_13_R 1 -2.532e+04 1.970e+02 1.231e+02
s>            ( WDBNDRY_S 0 -1.949e+04 1.829e+02 9.412e+01
s>                ( - -6.267e+03 4 0)
s>                ( QUESTION0 -1 -1.304e+04 1.633e+02 6.351e+01
s>                    ( - -1.218e+04 7 0 WDBNDRY_B 0 9.721e+01 5.951e+01)
s>                    ( - -6.912e+02 1 0)))
s>            ( - -5.631e+03 1 0)))INFO: dtree.c(1315): Comp split 10
INFO: dtree.c(1439): stop. leaf nodes are specific
INFO: dtree.c(1478): Final simple tree
|( WDBNDRY_I 0 -1.906e+04 1.914e+02 9.408e+01
|    ( - -5.910e+03 3 0)
|    ( WDBNDRY_E 0 -1.296e+04 1.161e+02 6.379e+01
|        ( QUESTION0 -1 -1.043e+04 1.131e+02 5.182e+01
|            ( - -9.811e+03 2 0)
|            ( - -5.053e+02 1 0))
|        ( - -2.410e+03 1 0)))
s>    ( WDBNDRY_I 0 -1.906e+04 1.914e+02 9.408e+01
s>        ( - -5.910e+03 3 0)
s>        ( WDBNDRY_E 0 -1.296e+04 1.161e+02 6.379e+01
s>            ( QUESTION0 -1 -1.043e+04 1.131e+02 5.182e+01
s>                ( - -9.811e+03 2 0)
s>                ( - -5.053e+02 1 0))
s>            ( - -2.410e+03 1 0)))INFO: dtree.c(1478): Final simple tree
|( WDBNDRY_I 0 -5.996e+04 3.031e+02 2.897e+02
|    ( - -2.743e+04 9 0)
|    ( QUESTION0_14_R 1 -3.222e+04 2.045e+02 1.561e+02
|        ( - -5.631e+03 1 0)
|        ( QUESTION0_10_R 1 -2.639e+04 1.699e+02 1.271e+02
|            ( - -1.483e+03 3 0 WDBNDRY_E 0 9.950e+01 8.000e+00)
|            ( QUESTION0 -1 -2.473e+04 1.650e+02 1.191e+02
|                ( WDBNDRY_S 0 -2.388e+04 1.521e+02 1.151e+02
|                    ( QUESTION0_8_R 1 -7.195e+03 1.139e+02 3.461e+01
|                        ( - -8.141e+02 2 0)
|                        ( - -6.267e+03 4 0))
|                    ( QUESTION0_8_R 1 -1.653e+04 1.581e+02 8.051e+01
|                        ( - -4.188e+03 5 0)
|                        ( - -1.218e+04 7 0 WDBNDRY_B 0 9.721e+01 5.951e+01)))
|                ( - -6.912e+02 1 0)))))
s>    ( WDBNDRY_I 0 -5.996e+04 3.031e+02 2.897e+02
s>        ( - -2.743e+04 9 0)
s>        ( QUESTION0_14_R 1 -3.222e+04 2.045e+02 1.561e+02
s>            ( - -5.631e+03 1 0)
s>            ( QUESTION0_10_R 1 -2.639e+04 1.699e+02 1.271e+02
s>                ( - -1.483e+03 3 0 WDBNDRY_E 0 9.950e+01 8.000e+00)
s>                ( QUESTION0 -1 -2.473e+04 1.650e+02 1.191e+02
s>                    ( WDBNDRY_S 0 -2.388e+04 1.521e+02 1.151e+02
s>                        ( QUESTION0_8_R 1 -7.195e+03 1.139e+02 3.461e+01
s>                            ( - -8.141e+02 2 0)
s>                            ( - -6.267e+03 4 0))
s>                        ( QUESTION0_8_R 1 -1.653e+04 1.581e+02 8.051e+01
s>                            ( - -4.188e+03 5 0)
s>                            ( - -1.218e+04 7 0 WDBNDRY_B 0 9.721e+01 5.951e+01)))
s>                    ( - -6.912e+02 1 0)))))INFO: dtree.c(1315): Comp split 11
INFO: dtree.c(1478): Final simple tree
|( WDBNDRY_I 0 -1.176e+05 2.693e+02 5.739e+02
|    ( QUESTION0 -1 -8.402e+04 1.779e+02 4.133e+02
|        ( - -8.042e+04 20 0)
|        ( - -3.416e+03 1 0))
|    ( QUESTION2_0_L -1 -3.329e+04 1.740e+02 1.606e+02
|        ( QUESTION2_10_L -1 -4.568e+03 1.177e+02 2.400e+01
|            ( - -4.946e+02 1 0)
|            ( QUESTION2 -1 -3.956e+03 1.055e+02 2.100e+01
|                ( - -4.861e+02 1 0)
|                ( - -3.364e+03 2 0)))
|        ( SILENCE -1 -2.855e+04 1.673e+02 1.366e+02
|            ( - -3.954e+03 1 0)
|            ( WDBNDRY_B 0 -2.443e+04 1.503e+02 1.167e+02
|                ( - -2.333e+04 14 0 QUESTION0 -1 8.971e+01 1.117e+02)
|                ( - -9.447e+02 2 0)))))
s>    ( WDBNDRY_I 0 -1.176e+05 2.693e+02 5.739e+02
s>        ( QUESTION0 -1 -8.402e+04 1.779e+02 4.133e+02
s>            ( - -8.042e+04 20 0)
s>            ( - -3.416e+03 1 0))
s>        ( QUESTION2_0_L -1 -3.329e+04 1.740e+02 1.606e+02
s>            ( QUESTION2_10_L -1 -4.568e+03 1.177e+02 2.400e+01
s>                ( - -4.946e+02 1 0)
s>                ( QUESTION2 -1 -3.956e+03 1.055e+02 2.100e+01
s>                    ( - -4.861e+02 1 0)
s>                    ( - -3.364e+03 2 0)))
s>            ( SILENCE -1 -2.855e+04 1.673e+02 1.366e+02
s>                ( - -3.954e+03 1 0)
s>                ( WDBNDRY_B 0 -2.443e+04 1.503e+02 1.167e+02
s>                    ( - -2.333e+04 14 0 QUESTION0 -1 8.971e+01 1.117e+02)
s>                    ( - -9.447e+02 2 0)))))INFO: dtree.c(1315): Comp split 12
INFO: dtree.c(1315): Comp split 13
INFO: dtree.c(1478): Final simple tree
|( QUESTION0_14_R 1 -3.222e+04 2.045e+02 1.561e+02
|    ( - -5.631e+03 1 0)
|    ( QUESTION0_10_R 1 -2.639e+04 1.699e+02 1.271e+02
|        ( WDBNDRY_E 0 -1.483e+03 9.950e+01 8.000e+00
|            ( - -6.949e+02 1 0)
|            ( - -6.886e+02 2 0))
|        ( QUESTION0 -1 -2.473e+04 1.650e+02 1.191e+02
|            ( WDBNDRY_S 0 -2.388e+04 1.521e+02 1.151e+02
|                ( QUESTION0_8_R 1 -7.195e+03 1.139e+02 3.461e+01
|                    ( - -8.141e+02 2 0)
|                    ( - -6.267e+03 4 0))
|                ( QUESTION0_8_R 1 -1.653e+04 1.581e+02 8.051e+01
|                    ( - -4.188e+03 5 0)
|                    ( - -1.218e+04 7 0 WDBNDRY_B 0 9.721e+01 5.951e+01)))
|            ( - -6.912e+02 1 0))))
s>    ( QUESTION0_14_R 1 -3.222e+04 2.045e+02 1.561e+02
s>        ( - -5.631e+03 1 0)
s>        ( QUESTION0_10_R 1 -2.639e+04 1.699e+02 1.271e+02
s>            ( WDBNDRY_E 0 -1.483e+03 9.950e+01 8.000e+00
s>                ( - -6.949e+02 1 0)
s>                ( - -6.886e+02 2 0))
s>            ( QUESTION0 -1 -2.473e+04 1.650e+02 1.191e+02
s>                ( WDBNDRY_S 0 -2.388e+04 1.521e+02 1.151e+02
s>                    ( QUESTION0_8_R 1 -7.195e+03 1.139e+02 3.461e+01
s>                        ( - -8.141e+02 2 0)
s>                        ( - -6.267e+03 4 0))
s>                    ( QUESTION0_8_R 1 -1.653e+04 1.581e+02 8.051e+01
s>                        ( - -4.188e+03 5 0)
s>                        ( - -1.218e+04 7 0 WDBNDRY_B 0 9.721e+01 5.951e+01)))
s>                ( - -6.912e+02 1 0))))INFO: dtree.c(1315): Comp split 14
INFO: dtree.c(1439): stop. leaf nodes are specific
INFO: dtree.c(1478): Final simple tree
|( WDBNDRY_I 0 -3.274e+04 1.768e+02 1.569e+02
|    ( - -3.416e+03 1 0)
|    ( SILENCE -1 -2.915e+04 1.675e+02 1.396e+02
|        ( - -3.954e+03 1 0)
|        ( WDBNDRY_B 0 -2.503e+04 1.509e+02 1.197e+02
|            ( QUESTION3 -1 -2.393e+04 1.145e+02 1.147e+02
|                ( - -4.861e+02 1 0)
|                ( QUESTION0 -1 -2.333e+04 8.971e+01 1.117e+02
|                    ( - -1.803e+04 11 0)
|                    ( - -5.217e+03 3 0)))
|            ( - -9.447e+02 2 0))))
s>    ( WDBNDRY_I 0 -3.274e+04 1.768e+02 1.569e+02
s>        ( - -3.416e+03 1 0)
s>        ( SILENCE -1 -2.915e+04 1.675e+02 1.396e+02
s>            ( - -3.954e+03 1 0)
s>            ( WDBNDRY_B 0 -2.503e+04 1.509e+02 1.197e+02
s>                ( QUESTION3 -1 -2.393e+04 1.145e+02 1.147e+02
s>                    ( - -4.861e+02 1 0)
s>                    ( QUESTION0 -1 -2.333e+04 8.971e+01 1.117e+02
s>                        ( - -1.803e+04 11 0)
s>                        ( - -5.217e+03 3 0)))
s>                ( - -9.447e+02 2 0))))INFO: dtree.c(1439): stop. leaf nodes are specific
INFO: dtree.c(1478): Final simple tree
|( QUESTION2_11_L -1 -8.454e+04 1.338e+02 4.171e+02
|    ( - -3.364e+03 2 0)
|    ( WDBNDRY_B 0 -8.104e+04 1.212e+02 3.991e+02
|        ( - -4.946e+02 1 0)
|        ( - -8.042e+04 20 0)))
s>    ( QUESTION2_11_L -1 -8.454e+04 1.338e+02 4.171e+02
s>        ( - -3.364e+03 2 0)
s>        ( WDBNDRY_B 0 -8.104e+04 1.212e+02 3.991e+02
s>            ( - -4.946e+02 1 0)
s>            ( - -8.042e+04 20 0)))INFO: dtree.c(1315): Comp split 15
INFO: dtree.c(1439): stop. leaf nodes are specific
INFO: dtree.c(1478): Final simple tree
|( WDBNDRY_E 0 -8.742e+03 1.300e+02 4.296e+01
|    ( QUESTION0 -1 -8.312e+03 1.446e+02 4.096e+01
|        ( - -7.895e+03 3 0)
|        ( - -2.725e+02 1 0))
|    ( - -2.994e+02 1 0))
s>    ( WDBNDRY_E 0 -8.742e+03 1.300e+02 4.296e+01
s>        ( QUESTION0 -1 -8.312e+03 1.446e+02 4.096e+01
s>            ( - -7.895e+03 3 0)
s>            ( - -2.725e+02 1 0))
s>        ( - -2.994e+02 1 0))INFO: dtree.c(1315): Comp split 16
INFO: dtree.c(1439): stop. leaf nodes are specific
INFO: dtree.c(1478): Final simple tree
|( QUESTION0_3_R 1 -1.205e+04 1.444e+02 6.072e+01
|    ( QUESTION0 -1 -1.847e+03 1.384e+02 1.000e+01
|        ( - -1.452e+03 2 0)
|        ( - -2.572e+02 1 0))
|    ( QUESTION0 -1 -1.006e+04 1.726e+02 5.072e+01
|        ( - -9.430e+03 3 0)
|        ( - -4.538e+02 1 0)))
s>    ( QUESTION0_3_R 1 -1.205e+04 1.444e+02 6.072e+01
s>        ( QUESTION0 -1 -1.847e+03 1.384e+02 1.000e+01
s>            ( - -1.452e+03 2 0)
s>            ( - -2.572e+02 1 0))
s>        ( QUESTION0 -1 -1.006e+04 1.726e+02 5.072e+01
s>            ( - -9.430e+03 3 0)
s>            ( - -4.538e+02 1 0)))INFO: dtree.c(1439): stop. leaf nodes are specific
INFO: dtree.c(1478): Final simple tree
|( WDBNDRY_S 0 -1.413e+04 1.579e+02 7.051e+01
|    ( - -6.745e+03 3 0)
|    ( - -7.231e+03 2 0))
s>    ( WDBNDRY_S 0 -1.413e+04 1.579e+02 7.051e+01
s>        ( - -6.745e+03 3 0)
s>        ( - -7.231e+03 2 0))INFO: dtree.c(1315): Comp split 17
INFO: dtree.c(1439): stop. leaf nodes are specific
INFO: dtree.c(1478): Final simple tree
|( QUESTION0 -1 -1.304e+04 1.633e+02 6.351e+01
|    ( WDBNDRY_B 0 -1.218e+04 9.721e+01 5.951e+01
|        ( - -1.462e+03 3 0)
|        ( - -1.063e+04 4 0))
|    ( - -6.912e+02 1 0))
s>    ( QUESTION0 -1 -1.304e+04 1.633e+02 6.351e+01
s>        ( WDBNDRY_B 0 -1.218e+04 9.721e+01 5.951e+01
s>            ( - -1.462e+03 3 0)
s>            ( - -1.063e+04 4 0))
s>        ( - -6.912e+02 1 0))INFO: dtree.c(1439): stop. leaf nodes are specific
INFO: dtree.c(1478): Final simple tree
|( QUESTION0_14_R 1 -1.896e+04 1.966e+02 9.261e+01
|    ( - -5.631e+03 1 0)
|    ( QUESTION0_10_R 1 -1.313e+04 1.556e+02 6.361e+01
|        ( WDBNDRY_E 0 -1.483e+03 9.950e+01 8.000e+00
|            ( - -6.949e+02 1 0)
|            ( - -6.886e+02 2 0))
|        ( QUESTION0_8_R 1 -1.150e+04 1.240e+02 5.561e+01
|            ( WDBNDRY_E 0 -5.105e+03 1.037e+02 2.500e+01
|                ( - -4.188e+03 5 0)
|                ( - -8.141e+02 2 0))
|            ( - -6.267e+03 4 0))))
s>    ( QUESTION0_14_R 1 -1.896e+04 1.966e+02 9.261e+01
s>        ( - -5.631e+03 1 0)
s>        ( QUESTION0_10_R 1 -1.313e+04 1.556e+02 6.361e+01
s>            ( WDBNDRY_E 0 -1.483e+03 9.950e+01 8.000e+00
s>                ( - -6.949e+02 1 0)
s>                ( - -6.886e+02 2 0))
s>            ( QUESTION0_8_R 1 -1.150e+04 1.240e+02 5.561e+01
s>                ( WDBNDRY_E 0 -5.105e+03 1.037e+02 2.500e+01
s>                    ( - -4.188e+03 5 0)
s>                    ( - -8.141e+02 2 0))
s>                ( - -6.267e+03 4 0))))INFO: dtree.c(1315): Comp split 18
INFO: dtree.c(1439): stop. leaf nodes are specific
INFO: dtree.c(1478): Final simple tree
|( WDBNDRY_B 0 -2.503e+04 1.509e+02 1.197e+02
|    ( QUESTION3 -1 -2.393e+04 1.145e+02 1.147e+02
|        ( - -4.861e+02 1 0)
|        ( QUESTION0 -1 -2.333e+04 8.971e+01 1.117e+02
|            ( - -1.803e+04 11 0)
|            ( - -5.217e+03 3 0)))
|    ( - -9.447e+02 2 0))
s>    ( WDBNDRY_B 0 -2.503e+04 1.509e+02 1.197e+02
s>        ( QUESTION3 -1 -2.393e+04 1.145e+02 1.147e+02
s>            ( - -4.861e+02 1 0)
s>            ( QUESTION0 -1 -2.333e+04 8.971e+01 1.117e+02
s>                ( - -1.803e+04 11 0)
s>                ( - -5.217e+03 3 0)))
s>        ( - -9.447e+02 2 0))INFO: dtree.c(1439): stop. leaf nodes are specific
INFO: dtree.c(1478): Final simple tree
|( WDBNDRY_B 0 -7.508e+03 1.392e+02 3.717e+01
|    ( - -3.954e+03 1 0)
|    ( - -3.416e+03 1 0))
s>    ( WDBNDRY_B 0 -7.508e+03 1.392e+02 3.717e+01
s>        ( - -3.954e+03 1 0)
s>        ( - -3.416e+03 1 0))INFO: dtree.c(1315): Comp split 19
INFO: dtree.c(1439): stop. leaf nodes are specific
INFO: dtree.c(1478): Final simple tree
|( QUESTION0_10_R 1 -1.313e+04 1.556e+02 6.361e+01
|    ( WDBNDRY_E 0 -1.483e+03 9.950e+01 8.000e+00
|        ( - -6.949e+02 1 0)
|        ( - -6.886e+02 2 0))
|    ( QUESTION0_8_R 1 -1.150e+04 1.240e+02 5.561e+01
|        ( WDBNDRY_E 0 -5.105e+03 1.037e+02 2.500e+01
|            ( - -4.188e+03 5 0)
|            ( - -8.141e+02 2 0))
|        ( - -6.267e+03 4 0)))
s>    ( QUESTION0_10_R 1 -1.313e+04 1.556e+02 6.361e+01
s>        ( WDBNDRY_E 0 -1.483e+03 9.950e+01 8.000e+00
s>            ( - -6.949e+02 1 0)
s>            ( - -6.886e+02 2 0))
s>        ( QUESTION0_8_R 1 -1.150e+04 1.240e+02 5.561e+01
s>            ( WDBNDRY_E 0 -5.105e+03 1.037e+02 2.500e+01
s>                ( - -4.188e+03 5 0)
s>                ( - -8.141e+02 2 0))
s>            ( - -6.267e+03 4 0)))INFO: dtree.c(1315): Comp split 20
INFO: dtree.c(1439): stop. leaf nodes are specific
INFO: dtree.c(1478): Final simple tree
|( WDBNDRY_E 0 -1.296e+04 1.161e+02 6.379e+01
|    ( QUESTION0 -1 -1.043e+04 1.131e+02 5.182e+01
|        ( - -9.811e+03 2 0)
|        ( - -5.053e+02 1 0))
|    ( - -2.410e+03 1 0))
s>    ( WDBNDRY_E 0 -1.296e+04 1.161e+02 6.379e+01
s>        ( QUESTION0 -1 -1.043e+04 1.131e+02 5.182e+01
s>            ( - -9.811e+03 2 0)
s>            ( - -5.053e+02 1 0))
s>        ( - -2.410e+03 1 0))INFO: dtree.c(1315): Comp split 21
INFO: dtree.c(1439): stop. leaf nodes are specific
INFO: dtree.c(1478): Final simple tree
|( WDBNDRY_B 0 -1.434e+04 1.843e+02 7.204e+01
|    ( - -1.964e+02 1 0)
|    ( - -1.395e+04 2 0))
s>    ( WDBNDRY_B 0 -1.434e+04 1.843e+02 7.204e+01
s>        ( - -1.964e+02 1 0)
s>        ( - -1.395e+04 2 0))INFO: dtree.c(1315): Comp split 22
INFO: dtree.c(1315): Comp split 23
INFO: dtree.c(1439): stop. leaf nodes are specific
INFO: dtree.c(1478): Final simple tree
|( QUESTION0 -1 -1.142e+04 1.574e+02 5.772e+01
|    ( QUESTION0_3_R 1 -1.101e+04 1.286e+02 5.572e+01
|        ( - -1.452e+03 2 0)
|        ( - -9.430e+03 3 0))
|    ( - -2.572e+02 1 0))
s>    ( QUESTION0 -1 -1.142e+04 1.574e+02 5.772e+01
s>        ( QUESTION0_3_R 1 -1.101e+04 1.286e+02 5.572e+01
s>            ( - -1.452e+03 2 0)
s>            ( - -9.430e+03 3 0))
s>        ( - -2.572e+02 1 0))INFO: dtree.c(1315): Comp split 24
INFO: dtree.c(1439): stop. leaf nodes are specific
INFO: dtree.c(1478): Final simple tree
|( WDBNDRY_B 0 -1.218e+04 9.721e+01 5.951e+01
|    ( - -1.462e+03 3 0)
|    ( - -1.063e+04 4 0))
s>    ( WDBNDRY_B 0 -1.218e+04 9.721e+01 5.951e+01
s>        ( - -1.462e+03 3 0)
s>        ( - -1.063e+04 4 0))INFO: dtree.c(1315): Comp split 25
INFO: dtree.c(1315): Comp split 26
INFO: dtree.c(1439): stop. leaf nodes are specific
INFO: dtree.c(1478): Final simple tree
|( QUESTION0_3_R 1 -1.101e+04 1.286e+02 5.572e+01
|    ( - -1.452e+03 2 0)
|    ( - -9.430e+03 3 0))
s>    ( QUESTION0_3_R 1 -1.101e+04 1.286e+02 5.572e+01
s>        ( - -1.452e+03 2 0)
s>        ( - -9.430e+03 3 0))INFO: dtree.c(1315): Comp split 27
INFO: dtree.c(1439): stop. leaf nodes are specific
INFO: dtree.c(1478): Final simple tree
|( QUESTION0_8_R 1 -1.150e+04 1.240e+02 5.561e+01
|    ( WDBNDRY_E 0 -5.105e+03 1.037e+02 2.500e+01
|        ( - -4.188e+03 5 0)
|        ( - -8.141e+02 2 0))
|    ( - -6.267e+03 4 0))
s>    ( QUESTION0_8_R 1 -1.150e+04 1.240e+02 5.561e+01
s>        ( WDBNDRY_E 0 -5.105e+03 1.037e+02 2.500e+01
s>            ( - -4.188e+03 5 0)
s>            ( - -8.141e+02 2 0))
s>        ( - -6.267e+03 4 0))INFO: dtree.c(1439): stop. leaf nodes are specific
INFO: dtree.c(1478): Final simple tree
|( WDBNDRY_E 0 -1.483e+03 9.950e+01 8.000e+00
|    ( - -6.949e+02 1 0)
|    ( - -6.886e+02 2 0))
s>    ( WDBNDRY_E 0 -1.483e+03 9.950e+01 8.000e+00
s>        ( - -6.949e+02 1 0)
s>        ( - -6.886e+02 2 0))INFO: dtree.c(1315): Comp split 28
INFO: dtree.c(1439): stop. leaf nodes are specific
INFO: dtree.c(1478): Final simple tree
|( QUESTION3 -1 -2.393e+04 1.145e+02 1.147e+02
|    ( - -4.861e+02 1 0)
|    ( QUESTION0 -1 -2.333e+04 8.971e+01 1.117e+02
|        ( - -1.803e+04 11 0)
|        ( - -5.217e+03 3 0)))
s>    ( QUESTION3 -1 -2.393e+04 1.145e+02 1.147e+02
s>        ( - -4.861e+02 1 0)
s>        ( QUESTION0 -1 -2.333e+04 8.971e+01 1.117e+02
s>            ( - -1.803e+04 11 0)
s>            ( - -5.217e+03 3 0)))INFO: dtree.c(1315): Comp split 29
INFO: dtree.c(1439): stop. leaf nodes are specific
INFO: dtree.c(1478): Final simple tree
|( WDBNDRY_E 0 -8.324e+03 1.300e+02 4.096e+01
|    ( - -7.895e+03 3 0)
|    ( - -2.994e+02 1 0))
s>    ( WDBNDRY_E 0 -8.324e+03 1.300e+02 4.096e+01
s>        ( - -7.895e+03 3 0)
s>        ( - -2.994e+02 1 0))INFO: dtree.c(1315): Comp split 30
INFO: dtree.c(1315): Comp split 31
INFO: dtree.c(1439): stop. leaf nodes are specific
INFO: dtree.c(1478): Final simple tree
|( WDBNDRY_B 0 -8.104e+04 1.212e+02 3.991e+02
|    ( - -4.946e+02 1 0)
|    ( - -8.042e+04 20 0))
s>    ( WDBNDRY_B 0 -8.104e+04 1.212e+02 3.991e+02
s>        ( - -4.946e+02 1 0)
s>        ( - -8.042e+04 20 0))INFO: dtree.c(1315): Comp split 32
INFO: dtree.c(1315): Comp split 33
INFO: dtree.c(1315): Comp split 34
INFO: dtree.c(1439): stop. leaf nodes are specific
INFO: dtree.c(1478): Final simple tree
|( WDBNDRY_E 0 -5.105e+03 1.037e+02 2.500e+01
|    ( - -4.188e+03 5 0)
|    ( - -8.141e+02 2 0))
s>    ( WDBNDRY_E 0 -5.105e+03 1.037e+02 2.500e+01
s>        ( - -4.188e+03 5 0)
s>        ( - -8.141e+02 2 0))INFO: dtree.c(1315): Comp split 35
INFO: dtree.c(1315): Comp split 36
INFO: dtree.c(1439): stop. leaf nodes are specific
INFO: dtree.c(1478): Final simple tree
|( QUESTION0 -1 -1.043e+04 1.131e+02 5.182e+01
|    ( - -9.811e+03 2 0)
|    ( - -5.053e+02 1 0))
s>    ( QUESTION0 -1 -1.043e+04 1.131e+02 5.182e+01
s>        ( - -9.811e+03 2 0)
s>        ( - -5.053e+02 1 0))INFO: dtree.c(1315): Comp split 37
INFO: dtree.c(1439): stop. leaf nodes are specific
INFO: dtree.c(1478): Final simple tree
|( QUESTION0 -1 -2.333e+04 8.971e+01 1.117e+02
|    ( - -1.803e+04 11 0)
|    ( - -5.217e+03 3 0))
s>    ( QUESTION0 -1 -2.333e+04 8.971e+01 1.117e+02
s>        ( - -1.803e+04 11 0)
s>        ( - -5.217e+03 3 0))INFO: dtree.c(1315): Comp split 38
INFO: dtree.c(1315): Comp split 39
INFO: dtree.c(1315): Comp split 40
INFO: dtree.c(1315): Comp split 41
INFO: dtree.c(1315): Comp split 42
INFO: dtree.c(1315): Comp split 43
INFO: dtree.c(1318): stop. leaf nodes are specific
!!!!!!!!Allocated 66 lines
Fri Apr  8 00:57:43 2016
