Current configuration:
[NAME]		[DEFLT]	[VALUE]
-allphones	no	no
-cntthresh	0.00001	1.000000e-05
-csplitmax	100	2000
-csplitmin	1	1
-csplitthr	8e-4	0.000000e+00
-example	no	no
-fullvar	no	no
-help		no	no
-meanfn			/home/yaroslav/model/model_parameters/ua.cd_cont_untied/means
-mixwfn			/home/yaroslav/model/model_parameters/ua.cd_cont_untied/mixture_weights
-moddeffn		/home/yaroslav/model/model_architecture/ua.untied.mdef
-mwfloor	1e-4	1.000000e-08
-phone			SS
-psetfn			/home/yaroslav/model/model_architecture/ua.tree_questions
-ssplitmax	5	7
-ssplitmin	1	1
-ssplitthr	8e-4	0.000000e+00
-state			0
-stwt			1.0,0.05,0.0,
-treefn			/home/yaroslav/model/trees/ua.unpruned/SS-0.dtree
-ts2cbfn	.semi.	.cont.
-varfloor	0.00001	1.000000e-05
-varfn			/home/yaroslav/model/model_parameters/ua.cd_cont_untied/variances

INFO: main.c(223): Reading: /home/yaroslav/model/model_architecture/ua.untied.mdef
INFO: model_def_io.c(573): Model definition info:
INFO: model_def_io.c(574): 8408 total models defined (50 base, 8358 tri)
INFO: model_def_io.c(575): 33632 total states
INFO: model_def_io.c(576): 25224 total tied states
INFO: model_def_io.c(577): 150 total tied CI states
INFO: model_def_io.c(578): 50 total tied transition matrices
INFO: model_def_io.c(579): 4 max state/model
INFO: model_def_io.c(580): 4 min state/model
INFO: main.c(242): Building trees for [SS A A i] through [SS YE G e]
INFO: main.c(269): Covering states |[17232 17537]| == 306
INFO: main.c(275): Reading: /home/yaroslav/model/model_parameters/ua.cd_cont_untied/mixture_weights
INFO: s3mixw_io.c(173): Read /home/yaroslav/model/model_parameters/ua.cd_cont_untied/mixture_weights [306x1x1 array]
INFO: main.c(311): 102 of 102 models have observation count greater than 0.000010
INFO: main.c(95): nrm stwt: 0.952 0.048 0.000 
INFO: s3gau_io.c(169): Read /home/yaroslav/model/model_parameters/ua.cd_cont_untied/means [25224x1x1 array]
INFO: s3gau_io.c(169): Read /home/yaroslav/model/model_parameters/ua.cd_cont_untied/variances [25224x1x1 array]
INFO: main.c(549): Reading: /home/yaroslav/model/model_architecture/ua.tree_questions
INFO: main.c(588): 174 total simple questions (166 phone; 8 word bndry)
INFO: main.c(590): 42 Left Only questions, and 40 Right Only questions
INFO: dtree.c(1478): Final simple tree
|( QUESTION2_1_L -1 -6.275e+05 2.019e+03 3.138e+03
|    ( - -7.471e+04 2 0 QUESTION2 -1 1.347e+02 3.749e+02)
|    ( QUESTION0_5_R 1 -5.507e+05 1.141e+03 2.763e+03
|        ( QUESTION0 -1 -5.081e+04 3.021e+02 2.499e+02
|            ( - -2.844e+04 5 0 WDBNDRY_E 0 3.083e+02 1.415e+02)
|            ( - -2.207e+04 5 0 QUESTION12 -1 1.807e+02 1.084e+02))
|        ( QUESTION0_0_R 1 -4.988e+05 9.246e+02 2.513e+03
|            ( WDBNDRY_E 0 -2.028e+05 4.572e+02 1.015e+03
|                ( - -7.888e+03 5 0)
|                ( - -1.945e+05 11 0 QUESTION0 -1 1.658e+02 9.741e+02))
|            ( QUESTION0_13_R 1 -2.951e+05 5.044e+02 1.498e+03
|                ( - -1.512e+05 20 0 QUESTION2 -1 2.643e+02 7.719e+02)
|                ( QUESTION0_9_R 1 -1.433e+05 5.306e+02 7.263e+02
|                    ( - -6.352e+04 14 0 QUESTION0 1 2.654e+02 3.285e+02)
|                    ( - -7.928e+04 40 0 QUESTION0_4_R 1 2.320e+02 3.978e+02))))))
s>    ( QUESTION2_1_L -1 -6.275e+05 2.019e+03 3.138e+03
s>        ( - -7.471e+04 2 0 QUESTION2 -1 1.347e+02 3.749e+02)
s>        ( QUESTION0_5_R 1 -5.507e+05 1.141e+03 2.763e+03
s>            ( QUESTION0 -1 -5.081e+04 3.021e+02 2.499e+02
s>                ( - -2.844e+04 5 0 WDBNDRY_E 0 3.083e+02 1.415e+02)
s>                ( - -2.207e+04 5 0 QUESTION12 -1 1.807e+02 1.084e+02))
s>            ( QUESTION0_0_R 1 -4.988e+05 9.246e+02 2.513e+03
s>                ( WDBNDRY_E 0 -2.028e+05 4.572e+02 1.015e+03
s>                    ( - -7.888e+03 5 0)
s>                    ( - -1.945e+05 11 0 QUESTION0 -1 1.658e+02 9.741e+02))
s>                ( QUESTION0_13_R 1 -2.951e+05 5.044e+02 1.498e+03
s>                    ( - -1.512e+05 20 0 QUESTION2 -1 2.643e+02 7.719e+02)
s>                    ( QUESTION0_9_R 1 -1.433e+05 5.306e+02 7.263e+02
s>                        ( - -6.352e+04 14 0 QUESTION0 1 2.654e+02 3.285e+02)
s>                        ( - -7.928e+04 40 0 QUESTION0_4_R 1 2.320e+02 3.978e+02))))))INFO: dtree.c(1315): Comp split 0
INFO: dtree.c(1478): Final simple tree
|( QUESTION0_5_R 1 -5.507e+05 1.141e+03 2.763e+03
|    ( QUESTION0 -1 -5.081e+04 3.021e+02 2.499e+02
|        ( WDBNDRY_E 0 -2.844e+04 3.083e+02 1.415e+02
|            ( - -4.985e+03 2 0)
|            ( - -2.315e+04 3 0))
|        ( - -2.207e+04 5 0 QUESTION12 -1 1.807e+02 1.084e+02))
|    ( QUESTION0_0_R 1 -4.988e+05 9.246e+02 2.513e+03
|        ( WDBNDRY_E 0 -2.028e+05 4.572e+02 1.015e+03
|            ( - -7.888e+03 5 0)
|            ( - -1.945e+05 11 0 QUESTION0 -1 1.658e+02 9.741e+02))
|        ( QUESTION0_13_R 1 -2.951e+05 5.044e+02 1.498e+03
|            ( - -1.512e+05 20 0 QUESTION2 -1 2.643e+02 7.719e+02)
|            ( QUESTION0_9_R 1 -1.433e+05 5.306e+02 7.263e+02
|                ( - -6.352e+04 14 0 QUESTION0 1 2.654e+02 3.285e+02)
|                ( - -7.928e+04 40 0 QUESTION0_4_R 1 2.320e+02 3.978e+02)))))
s>    ( QUESTION0_5_R 1 -5.507e+05 1.141e+03 2.763e+03
s>        ( QUESTION0 -1 -5.081e+04 3.021e+02 2.499e+02
s>            ( WDBNDRY_E 0 -2.844e+04 3.083e+02 1.415e+02
s>                ( - -4.985e+03 2 0)
s>                ( - -2.315e+04 3 0))
s>            ( - -2.207e+04 5 0 QUESTION12 -1 1.807e+02 1.084e+02))
s>        ( QUESTION0_0_R 1 -4.988e+05 9.246e+02 2.513e+03
s>            ( WDBNDRY_E 0 -2.028e+05 4.572e+02 1.015e+03
s>                ( - -7.888e+03 5 0)
s>                ( - -1.945e+05 11 0 QUESTION0 -1 1.658e+02 9.741e+02))
s>            ( QUESTION0_13_R 1 -2.951e+05 5.044e+02 1.498e+03
s>                ( - -1.512e+05 20 0 QUESTION2 -1 2.643e+02 7.719e+02)
s>                ( QUESTION0_9_R 1 -1.433e+05 5.306e+02 7.263e+02
s>                    ( - -6.352e+04 14 0 QUESTION0 1 2.654e+02 3.285e+02)
s>                    ( - -7.928e+04 40 0 QUESTION0_4_R 1 2.320e+02 3.978e+02)))))INFO: dtree.c(1439): stop. leaf nodes are specific
INFO: dtree.c(1478): Final simple tree
|( QUESTION2 -1 -7.471e+04 1.347e+02 3.749e+02
|    ( - -2.038e+03 1 0)
|    ( - -7.254e+04 1 0))
s>    ( QUESTION2 -1 -7.471e+04 1.347e+02 3.749e+02
s>        ( - -2.038e+03 1 0)
s>        ( - -7.254e+04 1 0))INFO: dtree.c(1315): Comp split 1
INFO: dtree.c(1478): Final simple tree
|( QUESTION0_13_R 1 -3.084e+05 5.297e+02 1.565e+03
|    ( QUESTION2 -1 -1.512e+05 2.643e+02 7.719e+02
|        ( QUESTION2 1 -1.105e+04 4.660e+02 5.620e+01
|            ( - -1.083e+04 1 0)
|            ( - 2.418e+02 1 0))
|        ( WDBNDRY_E 0 -1.399e+05 2.630e+02 7.156e+02
|            ( - -5.329e+04 9 0 QUESTION2 1 2.193e+02 2.735e+02)
|            ( - -8.636e+04 9 0 QUESTION19 -1 1.973e+02 4.422e+02)))
|    ( QUESTION0_9_R 1 -1.567e+05 6.126e+02 7.932e+02
|        ( QUESTION0 1 -6.352e+04 2.654e+02 3.285e+02
|            ( - -4.809e+04 9 0 QUESTION0 -1 1.690e+02 2.514e+02)
|            ( QUESTION0 -1 -1.517e+04 4.490e+02 7.716e+01
|                ( - -1.496e+04 4 0)
|                ( - 2.415e+02 1 0)))
|        ( - -9.255e+04 47 0 QUESTION11 1 2.313e+02 4.646e+02)))
s>    ( QUESTION0_13_R 1 -3.084e+05 5.297e+02 1.565e+03
s>        ( QUESTION2 -1 -1.512e+05 2.643e+02 7.719e+02
s>            ( QUESTION2 1 -1.105e+04 4.660e+02 5.620e+01
s>                ( - -1.083e+04 1 0)
s>                ( - 2.418e+02 1 0))
s>            ( WDBNDRY_E 0 -1.399e+05 2.630e+02 7.156e+02
s>                ( - -5.329e+04 9 0 QUESTION2 1 2.193e+02 2.735e+02)
s>                ( - -8.636e+04 9 0 QUESTION19 -1 1.973e+02 4.422e+02)))
s>        ( QUESTION0_9_R 1 -1.567e+05 6.126e+02 7.932e+02
s>            ( QUESTION0 1 -6.352e+04 2.654e+02 3.285e+02
s>                ( - -4.809e+04 9 0 QUESTION0 -1 1.690e+02 2.514e+02)
s>                ( QUESTION0 -1 -1.517e+04 4.490e+02 7.716e+01
s>                    ( - -1.496e+04 4 0)
s>                    ( - 2.415e+02 1 0)))
s>            ( - -9.255e+04 47 0 QUESTION11 1 2.313e+02 4.646e+02)))INFO: dtree.c(1439): stop. leaf nodes are specific
INFO: dtree.c(1478): Final simple tree
|( QUESTION0_0_R 1 -2.410e+05 9.590e+02 1.198e+03
|    ( QUESTION0 -1 -1.945e+05 1.658e+02 9.741e+02
|        ( - -1.925e+05 10 0)
|        ( - -1.818e+03 1 0))
|    ( QUESTION0 -1 -4.554e+04 3.306e+02 2.239e+02
|        ( - -2.315e+04 3 0)
|        ( QUESTION12 -1 -2.207e+04 1.807e+02 1.084e+02
|            ( - -2.598e+03 1 0)
|            ( QUESTION2 -1 -1.929e+04 1.722e+02 9.542e+01
|                ( - -1.783e+04 3 0)
|                ( - -1.283e+03 1 0)))))
s>    ( QUESTION0_0_R 1 -2.410e+05 9.590e+02 1.198e+03
s>        ( QUESTION0 -1 -1.945e+05 1.658e+02 9.741e+02
s>            ( - -1.925e+05 10 0)
s>            ( - -1.818e+03 1 0))
s>        ( QUESTION0 -1 -4.554e+04 3.306e+02 2.239e+02
s>            ( - -2.315e+04 3 0)
s>            ( QUESTION12 -1 -2.207e+04 1.807e+02 1.084e+02
s>                ( - -2.598e+03 1 0)
s>                ( QUESTION2 -1 -1.929e+04 1.722e+02 9.542e+01
s>                    ( - -1.783e+04 3 0)
s>                    ( - -1.283e+03 1 0)))))INFO: dtree.c(1315): Comp split 2
INFO: dtree.c(1439): stop. leaf nodes are specific
INFO: dtree.c(1478): Final simple tree
|( QUESTION2 -1 -1.959e+05 1.657e+02 9.811e+02
|    ( - -1.818e+03 1 0)
|    ( QUESTION0_0_R 1 -1.939e+05 1.548e+02 9.711e+02
|        ( - -1.925e+05 10 0)
|        ( - -1.283e+03 1 0)))
s>    ( QUESTION2 -1 -1.959e+05 1.657e+02 9.811e+02
s>        ( - -1.818e+03 1 0)
s>        ( QUESTION0_0_R 1 -1.939e+05 1.548e+02 9.711e+02
s>            ( - -1.925e+05 10 0)
s>            ( - -1.283e+03 1 0)))INFO: dtree.c(1439): stop. leaf nodes are specific
INFO: dtree.c(1478): Final simple tree
|( QUESTION0 -1 -4.409e+04 3.400e+02 2.169e+02
|    ( - -2.315e+04 3 0)
|    ( QUESTION2 -1 -2.061e+04 1.769e+02 1.014e+02
|        ( - -1.783e+04 3 0)
|        ( - -2.598e+03 1 0)))
s>    ( QUESTION0 -1 -4.409e+04 3.400e+02 2.169e+02
s>        ( - -2.315e+04 3 0)
s>        ( QUESTION2 -1 -2.061e+04 1.769e+02 1.014e+02
s>            ( - -1.783e+04 3 0)
s>            ( - -2.598e+03 1 0)))INFO: dtree.c(1315): Comp split 3
INFO: dtree.c(1478): Final simple tree
|( QUESTION0_13_R 1 -9.299e+04 4.676e+02 4.666e+02
|    ( - 2.418e+02 1 0)
|    ( QUESTION0_9_R 1 -9.276e+04 4.486e+02 4.656e+02
|        ( - 2.415e+02 1 0)
|        ( QUESTION11 1 -9.255e+04 2.313e+02 4.646e+02
|            ( QUESTION0 -1 -4.102e+04 2.445e+02 2.064e+02
|                ( QUESTION0_4_R 1 -3.990e+04 2.002e+02 2.004e+02
|                    ( - -2.512e+04 11 0 QUESTION0_5_R 1 1.617e+02 1.276e+02)
|                    ( - -1.458e+04 10 0 QUESTION0_2_R 1 1.155e+02 7.278e+01))
|                ( - -8.724e+02 1 0))
|            ( QUESTION8 1 -5.131e+04 2.331e+02 2.583e+02
|                ( - -1.825e+02 1 0)
|                ( QUESTION0_0_R 1 -5.089e+04 2.113e+02 2.563e+02
|                    ( - -7.888e+03 5 0)
|                    ( - -4.279e+04 19 0 QUESTION0 -1 1.866e+02 2.154e+02))))))
s>    ( QUESTION0_13_R 1 -9.299e+04 4.676e+02 4.666e+02
s>        ( - 2.418e+02 1 0)
s>        ( QUESTION0_9_R 1 -9.276e+04 4.486e+02 4.656e+02
s>            ( - 2.415e+02 1 0)
s>            ( QUESTION11 1 -9.255e+04 2.313e+02 4.646e+02
s>                ( QUESTION0 -1 -4.102e+04 2.445e+02 2.064e+02
s>                    ( QUESTION0_4_R 1 -3.990e+04 2.002e+02 2.004e+02
s>                        ( - -2.512e+04 11 0 QUESTION0_5_R 1 1.617e+02 1.276e+02)
s>                        ( - -1.458e+04 10 0 QUESTION0_2_R 1 1.155e+02 7.278e+01))
s>                    ( - -8.724e+02 1 0))
s>                ( QUESTION8 1 -5.131e+04 2.331e+02 2.583e+02
s>                    ( - -1.825e+02 1 0)
s>                    ( QUESTION0_0_R 1 -5.089e+04 2.113e+02 2.563e+02
s>                        ( - -7.888e+03 5 0)
s>                        ( - -4.279e+04 19 0 QUESTION0 -1 1.866e+02 2.154e+02))))))INFO: dtree.c(1478): Final simple tree
|( QUESTION0_8_R 1 -2.148e+05 4.511e+02 1.098e+03
|    ( QUESTION0 1 -6.331e+04 2.639e+02 3.275e+02
|        ( QUESTION0 -1 -4.809e+04 1.690e+02 2.514e+02
|            ( - -4.730e+04 7 0)
|            ( - -6.149e+02 2 0))
|        ( - -1.496e+04 4 0))
|    ( WDBNDRY_E 0 -1.510e+05 2.616e+02 7.709e+02
|        ( QUESTION2 1 -5.329e+04 2.193e+02 2.735e+02
|            ( - -4.703e+04 7 0)
|            ( - -6.035e+03 2 0))
|        ( QUESTION2 -1 -9.745e+04 2.620e+02 4.974e+02
|            ( - -1.083e+04 1 0)
|            ( QUESTION19 -1 -8.636e+04 1.973e+02 4.422e+02
|                ( - -6.795e+03 1 0)
|                ( - -7.936e+04 8 0 QUESTION2 1 1.285e+02 4.060e+02)))))
s>    ( QUESTION0_8_R 1 -2.148e+05 4.511e+02 1.098e+03
s>        ( QUESTION0 1 -6.331e+04 2.639e+02 3.275e+02
s>            ( QUESTION0 -1 -4.809e+04 1.690e+02 2.514e+02
s>                ( - -4.730e+04 7 0)
s>                ( - -6.149e+02 2 0))
s>            ( - -1.496e+04 4 0))
s>        ( WDBNDRY_E 0 -1.510e+05 2.616e+02 7.709e+02
s>            ( QUESTION2 1 -5.329e+04 2.193e+02 2.735e+02
s>                ( - -4.703e+04 7 0)
s>                ( - -6.035e+03 2 0))
s>            ( QUESTION2 -1 -9.745e+04 2.620e+02 4.974e+02
s>                ( - -1.083e+04 1 0)
s>                ( QUESTION19 -1 -8.636e+04 1.973e+02 4.422e+02
s>                    ( - -6.795e+03 1 0)
s>                    ( - -7.936e+04 8 0 QUESTION2 1 1.285e+02 4.060e+02)))))INFO: dtree.c(1315): Comp split 4
INFO: dtree.c(1439): stop. leaf nodes are specific
INFO: dtree.c(1478): Final simple tree
|( WDBNDRY_E 0 -1.399e+05 2.630e+02 7.156e+02
|    ( QUESTION2 1 -5.329e+04 2.193e+02 2.735e+02
|        ( - -4.703e+04 7 0)
|        ( - -6.035e+03 2 0))
|    ( QUESTION19 -1 -8.636e+04 1.973e+02 4.422e+02
|        ( - -6.795e+03 1 0)
|        ( QUESTION2 1 -7.936e+04 1.285e+02 4.060e+02
|            ( QUESTION0 -1 -7.854e+04 1.232e+02 4.020e+02
|                ( - -7.716e+04 5 0)
|                ( - -1.257e+03 1 0))
|            ( QUESTION0 -1 -7.007e+02 1.356e+02 4.000e+00
|                ( - -2.721e+02 1 0)
|                ( - -2.931e+02 1 0)))))
s>    ( WDBNDRY_E 0 -1.399e+05 2.630e+02 7.156e+02
s>        ( QUESTION2 1 -5.329e+04 2.193e+02 2.735e+02
s>            ( - -4.703e+04 7 0)
s>            ( - -6.035e+03 2 0))
s>        ( QUESTION19 -1 -8.636e+04 1.973e+02 4.422e+02
s>            ( - -6.795e+03 1 0)
s>            ( QUESTION2 1 -7.936e+04 1.285e+02 4.060e+02
s>                ( QUESTION0 -1 -7.854e+04 1.232e+02 4.020e+02
s>                    ( - -7.716e+04 5 0)
s>                    ( - -1.257e+03 1 0))
s>                ( QUESTION0 -1 -7.007e+02 1.356e+02 4.000e+00
s>                    ( - -2.721e+02 1 0)
s>                    ( - -2.931e+02 1 0)))))INFO: dtree.c(1439): stop. leaf nodes are specific
INFO: dtree.c(1478): Final simple tree
|( QUESTION0 1 -7.435e+04 2.870e+02 3.827e+02
|    ( QUESTION0 -1 -4.809e+04 1.690e+02 2.514e+02
|        ( - -4.730e+04 7 0)
|        ( - -6.149e+02 2 0))
|    ( WDBNDRY_E 0 -2.598e+04 1.911e+02 1.314e+02
|        ( - -1.496e+04 4 0)
|        ( - -1.083e+04 1 0)))
s>    ( QUESTION0 1 -7.435e+04 2.870e+02 3.827e+02
s>        ( QUESTION0 -1 -4.809e+04 1.690e+02 2.514e+02
s>            ( - -4.730e+04 7 0)
s>            ( - -6.149e+02 2 0))
s>        ( WDBNDRY_E 0 -2.598e+04 1.911e+02 1.314e+02
s>            ( - -1.496e+04 4 0)
s>            ( - -1.083e+04 1 0)))INFO: dtree.c(1315): Comp split 5
INFO: dtree.c(1478): Final simple tree
|( QUESTION0_9_R 1 -9.276e+04 4.486e+02 4.656e+02
|    ( - 2.415e+02 1 0)
|    ( QUESTION11 1 -9.255e+04 2.313e+02 4.646e+02
|        ( QUESTION0 -1 -4.102e+04 2.445e+02 2.064e+02
|            ( QUESTION0_4_R 1 -3.990e+04 2.002e+02 2.004e+02
|                ( - -2.512e+04 11 0 QUESTION0_5_R 1 1.617e+02 1.276e+02)
|                ( - -1.458e+04 10 0 QUESTION0_2_R 1 1.155e+02 7.278e+01))
|            ( - -8.724e+02 1 0))
|        ( QUESTION8 1 -5.131e+04 2.331e+02 2.583e+02
|            ( - -1.825e+02 1 0)
|            ( QUESTION0_0_R 1 -5.089e+04 2.113e+02 2.563e+02
|                ( - -7.888e+03 5 0)
|                ( QUESTION0 -1 -4.279e+04 1.866e+02 2.154e+02
|                    ( - -3.953e+04 16 0 WDBNDRY_E 0 1.467e+02 1.994e+02)
|                    ( - -3.071e+03 3 0 QUESTION0_19_R 1 2.296e+02 1.600e+01))))))
s>    ( QUESTION0_9_R 1 -9.276e+04 4.486e+02 4.656e+02
s>        ( - 2.415e+02 1 0)
s>        ( QUESTION11 1 -9.255e+04 2.313e+02 4.646e+02
s>            ( QUESTION0 -1 -4.102e+04 2.445e+02 2.064e+02
s>                ( QUESTION0_4_R 1 -3.990e+04 2.002e+02 2.004e+02
s>                    ( - -2.512e+04 11 0 QUESTION0_5_R 1 1.617e+02 1.276e+02)
s>                    ( - -1.458e+04 10 0 QUESTION0_2_R 1 1.155e+02 7.278e+01))
s>                ( - -8.724e+02 1 0))
s>            ( QUESTION8 1 -5.131e+04 2.331e+02 2.583e+02
s>                ( - -1.825e+02 1 0)
s>                ( QUESTION0_0_R 1 -5.089e+04 2.113e+02 2.563e+02
s>                    ( - -7.888e+03 5 0)
s>                    ( QUESTION0 -1 -4.279e+04 1.866e+02 2.154e+02
s>                        ( - -3.953e+04 16 0 WDBNDRY_E 0 1.467e+02 1.994e+02)
s>                        ( - -3.071e+03 3 0 QUESTION0_19_R 1 2.296e+02 1.600e+01))))))INFO: dtree.c(1315): Comp split 6
INFO: dtree.c(1478): Final simple tree
|( QUESTION11 1 -9.255e+04 2.313e+02 4.646e+02
|    ( QUESTION0 -1 -4.102e+04 2.445e+02 2.064e+02
|        ( QUESTION0_4_R 1 -3.990e+04 2.002e+02 2.004e+02
|            ( - -2.512e+04 11 0 QUESTION0_5_R 1 1.617e+02 1.276e+02)
|            ( - -1.458e+04 10 0 QUESTION0_2_R 1 1.155e+02 7.278e+01))
|        ( - -8.724e+02 1 0))
|    ( QUESTION8 1 -5.131e+04 2.331e+02 2.583e+02
|        ( - -1.825e+02 1 0)
|        ( QUESTION0_0_R 1 -5.089e+04 2.113e+02 2.563e+02
|            ( - -7.888e+03 5 0)
|            ( QUESTION0 -1 -4.279e+04 1.866e+02 2.154e+02
|                ( - -3.953e+04 16 0 WDBNDRY_E 0 1.467e+02 1.994e+02)
|                ( QUESTION0_19_R 1 -3.071e+03 2.296e+02 1.600e+01
|                    ( - -1.843e+02 1 0)
|                    ( - -2.658e+03 2 0 QUESTION0_8_R 1 1.877e+02 1.400e+01))))))
s>    ( QUESTION11 1 -9.255e+04 2.313e+02 4.646e+02
s>        ( QUESTION0 -1 -4.102e+04 2.445e+02 2.064e+02
s>            ( QUESTION0_4_R 1 -3.990e+04 2.002e+02 2.004e+02
s>                ( - -2.512e+04 11 0 QUESTION0_5_R 1 1.617e+02 1.276e+02)
s>                ( - -1.458e+04 10 0 QUESTION0_2_R 1 1.155e+02 7.278e+01))
s>            ( - -8.724e+02 1 0))
s>        ( QUESTION8 1 -5.131e+04 2.331e+02 2.583e+02
s>            ( - -1.825e+02 1 0)
s>            ( QUESTION0_0_R 1 -5.089e+04 2.113e+02 2.563e+02
s>                ( - -7.888e+03 5 0)
s>                ( QUESTION0 -1 -4.279e+04 1.866e+02 2.154e+02
s>                    ( - -3.953e+04 16 0 WDBNDRY_E 0 1.467e+02 1.994e+02)
s>                    ( QUESTION0_19_R 1 -3.071e+03 2.296e+02 1.600e+01
s>                        ( - -1.843e+02 1 0)
s>                        ( - -2.658e+03 2 0 QUESTION0_8_R 1 1.877e+02 1.400e+01))))))INFO: dtree.c(1315): Comp split 7
INFO: dtree.c(1439): stop. leaf nodes are specific
INFO: dtree.c(1478): Final simple tree
|( QUESTION2 -1 -2.061e+04 1.769e+02 1.014e+02
|    ( - -1.783e+04 3 0)
|    ( - -2.598e+03 1 0))
s>    ( QUESTION2 -1 -2.061e+04 1.769e+02 1.014e+02
s>        ( - -1.783e+04 3 0)
s>        ( - -2.598e+03 1 0))INFO: dtree.c(1315): Comp split 8
INFO: dtree.c(1439): stop. leaf nodes are specific
INFO: dtree.c(1478): Final simple tree
|( WDBNDRY_E 0 -4.745e+04 1.264e+02 2.445e+02
|    ( - -4.703e+04 7 0)
|    ( - -2.931e+02 1 0))
s>    ( WDBNDRY_E 0 -4.745e+04 1.264e+02 2.445e+02
s>        ( - -4.703e+04 7 0)
s>        ( - -2.931e+02 1 0))INFO: dtree.c(1439): stop. leaf nodes are specific
INFO: dtree.c(1478): Final simple tree
|( QUESTION19 -1 -9.213e+04 1.897e+02 4.711e+02
|    ( - -6.795e+03 1 0)
|    ( WDBNDRY_E 0 -8.515e+04 1.711e+02 4.350e+02
|        ( - -6.035e+03 2 0)
|        ( QUESTION2 1 -7.894e+04 1.361e+02 4.040e+02
|            ( QUESTION0 -1 -7.854e+04 1.232e+02 4.020e+02
|                ( - -7.716e+04 5 0)
|                ( - -1.257e+03 1 0))
|            ( - -2.721e+02 1 0))))
s>    ( QUESTION19 -1 -9.213e+04 1.897e+02 4.711e+02
s>        ( - -6.795e+03 1 0)
s>        ( WDBNDRY_E 0 -8.515e+04 1.711e+02 4.350e+02
s>            ( - -6.035e+03 2 0)
s>            ( QUESTION2 1 -7.894e+04 1.361e+02 4.040e+02
s>                ( QUESTION0 -1 -7.854e+04 1.232e+02 4.020e+02
s>                    ( - -7.716e+04 5 0)
s>                    ( - -1.257e+03 1 0))
s>                ( - -2.721e+02 1 0))))INFO: dtree.c(1315): Comp split 9
INFO: dtree.c(1439): stop. leaf nodes are specific
INFO: dtree.c(1478): Final simple tree
|( WDBNDRY_E 0 -2.598e+04 1.911e+02 1.314e+02
|    ( - -1.496e+04 4 0)
|    ( - -1.083e+04 1 0))
s>    ( WDBNDRY_E 0 -2.598e+04 1.911e+02 1.314e+02
s>        ( - -1.496e+04 4 0)
s>        ( - -1.083e+04 1 0))INFO: dtree.c(1439): stop. leaf nodes are specific
INFO: dtree.c(1478): Final simple tree
|( QUESTION0 -1 -4.809e+04 1.690e+02 2.514e+02
|    ( - -4.730e+04 7 0)
|    ( - -6.149e+02 2 0))
s>    ( QUESTION0 -1 -4.809e+04 1.690e+02 2.514e+02
s>        ( - -4.730e+04 7 0)
s>        ( - -6.149e+02 2 0))INFO: dtree.c(1315): Comp split 10
INFO: dtree.c(1439): stop. leaf nodes are specific
INFO: dtree.c(1478): Final simple tree
|( QUESTION0_6_R 1 -3.321e+04 2.220e+02 1.685e+02
|    ( QUESTION12 1 -1.998e+04 1.316e+02 1.016e+02
|        ( - -1.959e+04 8 0)
|        ( - -2.575e+02 1 0))
|    ( QUESTION0_0_R 1 -1.301e+04 1.407e+02 6.685e+01
|        ( - -7.888e+03 5 0)
|        ( - -4.985e+03 2 0)))
s>    ( QUESTION0_6_R 1 -3.321e+04 2.220e+02 1.685e+02
s>        ( QUESTION12 1 -1.998e+04 1.316e+02 1.016e+02
s>            ( - -1.959e+04 8 0)
s>            ( - -2.575e+02 1 0))
s>        ( QUESTION0_0_R 1 -1.301e+04 1.407e+02 6.685e+01
s>            ( - -7.888e+03 5 0)
s>            ( - -4.985e+03 2 0)))INFO: dtree.c(1478): Final simple tree
|( QUESTION8 1 -5.907e+04 2.210e+02 2.962e+02
|    ( - -1.825e+02 1 0)
|    ( QUESTION0_2_R 1 -5.867e+04 1.857e+02 2.942e+02
|        ( QUESTION0 -1 -9.933e+03 2.382e+02 4.995e+01
|            ( - -8.823e+03 6 0)
|            ( - -8.724e+02 1 0))
|        ( QUESTION0 -1 -4.855e+04 1.908e+02 2.442e+02
|            ( WDBNDRY_E 0 -4.529e+04 1.441e+02 2.282e+02
|                ( - -4.446e+04 19 0 QUESTION0_12_R 1 1.237e+02 2.242e+02)
|                ( - -6.837e+02 1 0))
|            ( QUESTION0_19_R 1 -3.071e+03 2.296e+02 1.600e+01
|                ( - -1.843e+02 1 0)
|                ( QUESTION0_8_R 1 -2.658e+03 1.877e+02 1.400e+01
|                    ( - -1.823e+03 1 0)
|                    ( - -6.471e+02 1 0))))))
s>    ( QUESTION8 1 -5.907e+04 2.210e+02 2.962e+02
s>        ( - -1.825e+02 1 0)
s>        ( QUESTION0_2_R 1 -5.867e+04 1.857e+02 2.942e+02
s>            ( QUESTION0 -1 -9.933e+03 2.382e+02 4.995e+01
s>                ( - -8.823e+03 6 0)
s>                ( - -8.724e+02 1 0))
s>            ( QUESTION0 -1 -4.855e+04 1.908e+02 2.442e+02
s>                ( WDBNDRY_E 0 -4.529e+04 1.441e+02 2.282e+02
s>                    ( - -4.446e+04 19 0 QUESTION0_12_R 1 1.237e+02 2.242e+02)
s>                    ( - -6.837e+02 1 0))
s>                ( QUESTION0_19_R 1 -3.071e+03 2.296e+02 1.600e+01
s>                    ( - -1.843e+02 1 0)
s>                    ( QUESTION0_8_R 1 -2.658e+03 1.877e+02 1.400e+01
s>                        ( - -1.823e+03 1 0)
s>                        ( - -6.471e+02 1 0))))))INFO: dtree.c(1315): Comp split 11
INFO: dtree.c(1478): Final simple tree
|( QUESTION8 1 -5.795e+04 2.208e+02 2.902e+02
|    ( - -1.825e+02 1 0)
|    ( QUESTION0 -1 -5.755e+04 2.025e+02 2.882e+02
|        ( QUESTION0_2_R 1 -5.427e+04 1.643e+02 2.722e+02
|            ( - -8.823e+03 6 0)
|            ( WDBNDRY_E 0 -4.529e+04 1.441e+02 2.282e+02
|                ( QUESTION0_12_R 1 -4.446e+04 1.237e+02 2.242e+02
|                    ( - -1.244e+04 10 0 QUESTION0_18_R 1 1.157e+02 6.283e+01)
|                    ( - -3.189e+04 9 0 QUESTION0_11_R 1 1.004e+02 1.614e+02))
|                ( - -6.837e+02 1 0)))
|        ( QUESTION0_19_R 1 -3.071e+03 2.296e+02 1.600e+01
|            ( - -1.843e+02 1 0)
|            ( QUESTION0_8_R 1 -2.658e+03 1.877e+02 1.400e+01
|                ( - -1.823e+03 1 0)
|                ( - -6.471e+02 1 0)))))
s>    ( QUESTION8 1 -5.795e+04 2.208e+02 2.902e+02
s>        ( - -1.825e+02 1 0)
s>        ( QUESTION0 -1 -5.755e+04 2.025e+02 2.882e+02
s>            ( QUESTION0_2_R 1 -5.427e+04 1.643e+02 2.722e+02
s>                ( - -8.823e+03 6 0)
s>                ( WDBNDRY_E 0 -4.529e+04 1.441e+02 2.282e+02
s>                    ( QUESTION0_12_R 1 -4.446e+04 1.237e+02 2.242e+02
s>                        ( - -1.244e+04 10 0 QUESTION0_18_R 1 1.157e+02 6.283e+01)
s>                        ( - -3.189e+04 9 0 QUESTION0_11_R 1 1.004e+02 1.614e+02))
s>                    ( - -6.837e+02 1 0)))
s>            ( QUESTION0_19_R 1 -3.071e+03 2.296e+02 1.600e+01
s>                ( - -1.843e+02 1 0)
s>                ( QUESTION0_8_R 1 -2.658e+03 1.877e+02 1.400e+01
s>                    ( - -1.823e+03 1 0)
s>                    ( - -6.471e+02 1 0)))))INFO: dtree.c(1315): Comp split 12
INFO: dtree.c(1439): stop. leaf nodes are specific
INFO: dtree.c(1478): Final simple tree
|( QUESTION0 -1 -7.854e+04 1.232e+02 4.020e+02
|    ( - -7.716e+04 5 0)
|    ( - -1.257e+03 1 0))
s>    ( QUESTION0 -1 -7.854e+04 1.232e+02 4.020e+02
s>        ( - -7.716e+04 5 0)
s>        ( - -1.257e+03 1 0))INFO: dtree.c(1439): stop. leaf nodes are specific
INFO: dtree.c(1478): Final simple tree
|( QUESTION14 1 -1.336e+04 1.346e+02 6.911e+01
|    ( - -2.721e+02 1 0)
|    ( WDBNDRY_E 0 -1.295e+04 1.215e+02 6.711e+01
|        ( - -6.035e+03 2 0)
|        ( - -6.795e+03 1 0)))
s>    ( QUESTION14 1 -1.336e+04 1.346e+02 6.911e+01
s>        ( - -2.721e+02 1 0)
s>        ( WDBNDRY_E 0 -1.295e+04 1.215e+02 6.711e+01
s>            ( - -6.035e+03 2 0)
s>            ( - -6.795e+03 1 0)))INFO: dtree.c(1315): Comp split 13
INFO: dtree.c(1478): Final simple tree
|( QUESTION8 1 -5.754e+04 2.209e+02 2.882e+02
|    ( - -1.825e+02 1 0)
|    ( QUESTION0 -1 -5.714e+04 2.035e+02 2.862e+02
|        ( QUESTION0_2_R 1 -5.427e+04 1.643e+02 2.722e+02
|            ( - -8.823e+03 6 0)
|            ( WDBNDRY_E 0 -4.529e+04 1.441e+02 2.282e+02
|                ( QUESTION0_12_R 1 -4.446e+04 1.237e+02 2.242e+02
|                    ( QUESTION0_18_R 1 -1.244e+04 1.157e+02 6.283e+01
|                        ( - -4.455e+03 4 0)
|                        ( - -7.873e+03 6 0 QUESTION0_15_R 1 8.926e+01 3.983e+01))
|                    ( - -3.189e+04 9 0 QUESTION0_11_R 1 1.004e+02 1.614e+02))
|                ( - -6.837e+02 1 0)))
|        ( QUESTION0_8_R 1 -2.658e+03 1.877e+02 1.400e+01
|            ( - -1.823e+03 1 0)
|            ( - -6.471e+02 1 0))))
s>    ( QUESTION8 1 -5.754e+04 2.209e+02 2.882e+02
s>        ( - -1.825e+02 1 0)
s>        ( QUESTION0 -1 -5.714e+04 2.035e+02 2.862e+02
s>            ( QUESTION0_2_R 1 -5.427e+04 1.643e+02 2.722e+02
s>                ( - -8.823e+03 6 0)
s>                ( WDBNDRY_E 0 -4.529e+04 1.441e+02 2.282e+02
s>                    ( QUESTION0_12_R 1 -4.446e+04 1.237e+02 2.242e+02
s>                        ( QUESTION0_18_R 1 -1.244e+04 1.157e+02 6.283e+01
s>                            ( - -4.455e+03 4 0)
s>                            ( - -7.873e+03 6 0 QUESTION0_15_R 1 8.926e+01 3.983e+01))
s>                        ( - -3.189e+04 9 0 QUESTION0_11_R 1 1.004e+02 1.614e+02))
s>                    ( - -6.837e+02 1 0)))
s>            ( QUESTION0_8_R 1 -2.658e+03 1.877e+02 1.400e+01
s>                ( - -1.823e+03 1 0)
s>                ( - -6.471e+02 1 0))))INFO: dtree.c(1315): Comp split 14
INFO: dtree.c(1439): stop. leaf nodes are specific
INFO: dtree.c(1478): Final simple tree
|( WDBNDRY_E 0 -2.644e+03 1.375e+02 1.400e+01
|    ( - -1.823e+03 1 0)
|    ( - -6.837e+02 1 0))
s>    ( WDBNDRY_E 0 -2.644e+03 1.375e+02 1.400e+01
s>        ( - -1.823e+03 1 0)
s>        ( - -6.837e+02 1 0))INFO: dtree.c(1478): Final simple tree
|( QUESTION8 1 -5.467e+04 2.202e+02 2.742e+02
|    ( - -1.825e+02 1 0)
|    ( QUESTION0 -1 -5.427e+04 1.771e+02 2.722e+02
|        ( QUESTION11 1 -5.344e+04 1.634e+02 2.682e+02
|            ( QUESTION0_2_R 1 -1.458e+04 1.155e+02 7.278e+01
|                ( - -8.823e+03 6 0)
|                ( - -5.640e+03 4 0))
|            ( QUESTION0_18_R 1 -3.870e+04 1.229e+02 1.954e+02
|                ( - -4.455e+03 4 0)
|                ( QUESTION0_11_R 1 -3.413e+04 1.195e+02 1.724e+02
|                    ( - -2.658e+04 4 0)
|                    ( SILENCE 1 -7.425e+03 1.230e+02 3.798e+01
|                        ( - -1.476e+03 2 0)
|                        ( - -5.827e+03 5 0 QUESTION0_8_R 1 8.695e+01 3.000e+01)))))
|        ( - -6.471e+02 1 0)))
s>    ( QUESTION8 1 -5.467e+04 2.202e+02 2.742e+02
s>        ( - -1.825e+02 1 0)
s>        ( QUESTION0 -1 -5.427e+04 1.771e+02 2.722e+02
s>            ( QUESTION11 1 -5.344e+04 1.634e+02 2.682e+02
s>                ( QUESTION0_2_R 1 -1.458e+04 1.155e+02 7.278e+01
s>                    ( - -8.823e+03 6 0)
s>                    ( - -5.640e+03 4 0))
s>                ( QUESTION0_18_R 1 -3.870e+04 1.229e+02 1.954e+02
s>                    ( - -4.455e+03 4 0)
s>                    ( QUESTION0_11_R 1 -3.413e+04 1.195e+02 1.724e+02
s>                        ( - -2.658e+04 4 0)
s>                        ( SILENCE 1 -7.425e+03 1.230e+02 3.798e+01
s>                            ( - -1.476e+03 2 0)
s>                            ( - -5.827e+03 5 0 QUESTION0_8_R 1 8.695e+01 3.000e+01)))))
s>            ( - -6.471e+02 1 0)))INFO: dtree.c(1315): Comp split 15
INFO: dtree.c(1439): stop. leaf nodes are specific
INFO: dtree.c(1478): Final simple tree
|( QUESTION0_0_R 1 -1.301e+04 1.407e+02 6.685e+01
|    ( - -7.888e+03 5 0)
|    ( - -4.985e+03 2 0))
s>    ( QUESTION0_0_R 1 -1.301e+04 1.407e+02 6.685e+01
s>        ( - -7.888e+03 5 0)
s>        ( - -4.985e+03 2 0))INFO: dtree.c(1439): stop. leaf nodes are specific
INFO: dtree.c(1478): Final simple tree
|( QUESTION12 1 -1.998e+04 1.316e+02 1.016e+02
|    ( - -1.959e+04 8 0)
|    ( - -2.575e+02 1 0))
s>    ( QUESTION12 1 -1.998e+04 1.316e+02 1.016e+02
s>        ( - -1.959e+04 8 0)
s>        ( - -2.575e+02 1 0))INFO: dtree.c(1315): Comp split 16
INFO: dtree.c(1478): Final simple tree
|( QUESTION0 -1 -5.427e+04 1.771e+02 2.722e+02
|    ( QUESTION11 1 -5.344e+04 1.634e+02 2.682e+02
|        ( QUESTION0_2_R 1 -1.458e+04 1.155e+02 7.278e+01
|            ( - -8.823e+03 6 0)
|            ( - -5.640e+03 4 0))
|        ( QUESTION0_18_R 1 -3.870e+04 1.229e+02 1.954e+02
|            ( - -4.455e+03 4 0)
|            ( QUESTION0_11_R 1 -3.413e+04 1.195e+02 1.724e+02
|                ( - -2.658e+04 4 0)
|                ( SILENCE 1 -7.425e+03 1.230e+02 3.798e+01
|                    ( - -1.476e+03 2 0)
|                    ( QUESTION0_8_R 1 -5.827e+03 8.695e+01 3.000e+01
|                        ( - -3.596e+03 3 0)
|                        ( - -2.144e+03 2 0))))))
|    ( - -6.471e+02 1 0))
s>    ( QUESTION0 -1 -5.427e+04 1.771e+02 2.722e+02
s>        ( QUESTION11 1 -5.344e+04 1.634e+02 2.682e+02
s>            ( QUESTION0_2_R 1 -1.458e+04 1.155e+02 7.278e+01
s>                ( - -8.823e+03 6 0)
s>                ( - -5.640e+03 4 0))
s>            ( QUESTION0_18_R 1 -3.870e+04 1.229e+02 1.954e+02
s>                ( - -4.455e+03 4 0)
s>                ( QUESTION0_11_R 1 -3.413e+04 1.195e+02 1.724e+02
s>                    ( - -2.658e+04 4 0)
s>                    ( SILENCE 1 -7.425e+03 1.230e+02 3.798e+01
s>                        ( - -1.476e+03 2 0)
s>                        ( QUESTION0_8_R 1 -5.827e+03 8.695e+01 3.000e+01
s>                            ( - -3.596e+03 3 0)
s>                            ( - -2.144e+03 2 0))))))
s>        ( - -6.471e+02 1 0))INFO: dtree.c(1315): Comp split 17
INFO: dtree.c(1315): Comp split 18
INFO: dtree.c(1439): stop. leaf nodes are specific
INFO: dtree.c(1478): Final simple tree
|( QUESTION11 1 -5.344e+04 1.634e+02 2.682e+02
|    ( QUESTION0_2_R 1 -1.458e+04 1.155e+02 7.278e+01
|        ( - -8.823e+03 6 0)
|        ( - -5.640e+03 4 0))
|    ( QUESTION0_18_R 1 -3.870e+04 1.229e+02 1.954e+02
|        ( - -4.455e+03 4 0)
|        ( QUESTION0_11_R 1 -3.413e+04 1.195e+02 1.724e+02
|            ( - -2.658e+04 4 0)
|            ( SILENCE 1 -7.425e+03 1.230e+02 3.798e+01
|                ( - -1.476e+03 2 0)
|                ( QUESTION0_8_R 1 -5.827e+03 8.695e+01 3.000e+01
|                    ( - -3.596e+03 3 0)
|                    ( - -2.144e+03 2 0))))))
s>    ( QUESTION11 1 -5.344e+04 1.634e+02 2.682e+02
s>        ( QUESTION0_2_R 1 -1.458e+04 1.155e+02 7.278e+01
s>            ( - -8.823e+03 6 0)
s>            ( - -5.640e+03 4 0))
s>        ( QUESTION0_18_R 1 -3.870e+04 1.229e+02 1.954e+02
s>            ( - -4.455e+03 4 0)
s>            ( QUESTION0_11_R 1 -3.413e+04 1.195e+02 1.724e+02
s>                ( - -2.658e+04 4 0)
s>                ( SILENCE 1 -7.425e+03 1.230e+02 3.798e+01
s>                    ( - -1.476e+03 2 0)
s>                    ( QUESTION0_8_R 1 -5.827e+03 8.695e+01 3.000e+01
s>                        ( - -3.596e+03 3 0)
s>                        ( - -2.144e+03 2 0))))))INFO: dtree.c(1315): Comp split 19
INFO: dtree.c(1315): Comp split 20
INFO: dtree.c(1315): Comp split 21
INFO: dtree.c(1439): stop. leaf nodes are specific
INFO: dtree.c(1478): Final simple tree
|( QUESTION0_0_R 1 -1.939e+05 1.548e+02 9.711e+02
|    ( - -1.925e+05 10 0)
|    ( - -1.283e+03 1 0))
s>    ( QUESTION0_0_R 1 -1.939e+05 1.548e+02 9.711e+02
s>        ( - -1.925e+05 10 0)
s>        ( - -1.283e+03 1 0))INFO: dtree.c(1315): Comp split 22
INFO: dtree.c(1439): stop. leaf nodes are specific
INFO: dtree.c(1478): Final simple tree
|( QUESTION0_11_R 1 -3.988e+04 1.266e+02 2.012e+02
|    ( - -2.658e+04 4 0)
|    ( QUESTION0_8_R 1 -1.318e+04 1.211e+02 6.681e+01
|        ( - -3.596e+03 3 0)
|        ( SILENCE 1 -9.459e+03 1.100e+02 4.781e+01
|            ( - -1.476e+03 2 0)
|            ( QUESTION0_15_R 1 -7.873e+03 8.926e+01 3.983e+01
|                ( - -5.640e+03 4 0)
|                ( - -2.144e+03 2 0)))))
s>    ( QUESTION0_11_R 1 -3.988e+04 1.266e+02 2.012e+02
s>        ( - -2.658e+04 4 0)
s>        ( QUESTION0_8_R 1 -1.318e+04 1.211e+02 6.681e+01
s>            ( - -3.596e+03 3 0)
s>            ( SILENCE 1 -9.459e+03 1.100e+02 4.781e+01
s>                ( - -1.476e+03 2 0)
s>                ( QUESTION0_15_R 1 -7.873e+03 8.926e+01 3.983e+01
s>                    ( - -5.640e+03 4 0)
s>                    ( - -2.144e+03 2 0)))))INFO: dtree.c(1439): stop. leaf nodes are specific
INFO: dtree.c(1478): Final simple tree
|( QUESTION0_2_R 1 -1.340e+04 1.196e+02 6.695e+01
|    ( - -8.823e+03 6 0)
|    ( - -4.455e+03 4 0))
s>    ( QUESTION0_2_R 1 -1.340e+04 1.196e+02 6.695e+01
s>        ( - -8.823e+03 6 0)
s>        ( - -4.455e+03 4 0))INFO: dtree.c(1315): Comp split 23
INFO: dtree.c(1315): Comp split 24
INFO: dtree.c(1439): stop. leaf nodes are specific
INFO: dtree.c(1478): Final simple tree
|( QUESTION0_15_R 1 -1.158e+04 1.168e+02 5.883e+01
|    ( - -5.640e+03 4 0)
|    ( QUESTION0_8_R 1 -5.827e+03 8.695e+01 3.000e+01
|        ( - -3.596e+03 3 0)
|        ( - -2.144e+03 2 0)))
s>    ( QUESTION0_15_R 1 -1.158e+04 1.168e+02 5.883e+01
s>        ( - -5.640e+03 4 0)
s>        ( QUESTION0_8_R 1 -5.827e+03 8.695e+01 3.000e+01
s>            ( - -3.596e+03 3 0)
s>            ( - -2.144e+03 2 0)))INFO: dtree.c(1439): stop. leaf nodes are specific
INFO: dtree.c(1478): Final simple tree
|( SILENCE 1 -2.815e+04 9.691e+01 1.424e+02
|    ( - -1.476e+03 2 0)
|    ( - -2.658e+04 4 0))
s>    ( SILENCE 1 -2.815e+04 9.691e+01 1.424e+02
s>        ( - -1.476e+03 2 0)
s>        ( - -2.658e+04 4 0))INFO: dtree.c(1315): Comp split 25
INFO: dtree.c(1315): Comp split 26
INFO: dtree.c(1315): Comp split 27
INFO: dtree.c(1315): Comp split 28
INFO: dtree.c(1439): stop. leaf nodes are specific
INFO: dtree.c(1478): Final simple tree
|( WDBNDRY_E 0 -1.295e+04 1.215e+02 6.711e+01
|    ( - -6.035e+03 2 0)
|    ( - -6.795e+03 1 0))
s>    ( WDBNDRY_E 0 -1.295e+04 1.215e+02 6.711e+01
s>        ( - -6.035e+03 2 0)
s>        ( - -6.795e+03 1 0))INFO: dtree.c(1315): Comp split 29
INFO: dtree.c(1315): Comp split 30
INFO: dtree.c(1315): Comp split 31
INFO: dtree.c(1315): Comp split 32
INFO: dtree.c(1315): Comp split 33
INFO: dtree.c(1315): Comp split 34
INFO: dtree.c(1439): stop. leaf nodes are specific
INFO: dtree.c(1478): Final simple tree
|( QUESTION0_8_R 1 -5.827e+03 8.695e+01 3.000e+01
|    ( - -3.596e+03 3 0)
|    ( - -2.144e+03 2 0))
s>    ( QUESTION0_8_R 1 -5.827e+03 8.695e+01 3.000e+01
s>        ( - -3.596e+03 3 0)
s>        ( - -2.144e+03 2 0))INFO: dtree.c(1315): Comp split 35
INFO: dtree.c(1315): Comp split 36
INFO: dtree.c(1315): Comp split 37
INFO: dtree.c(1318): stop. leaf nodes are specific
!!!!!!!!Allocated 66 lines
Fri Apr  8 00:56:56 2016
