Current configuration:
[NAME]		[DEFLT]	[VALUE]
-allphones	no	no
-cntthresh	0.00001	1.000000e-05
-csplitmax	100	2000
-csplitmin	1	1
-csplitthr	8e-4	0.000000e+00
-example	no	no
-fullvar	no	no
-help		no	no
-meanfn			
-mixwfn			/home/yaroslav/model/model_parameters/ua.cd_semi_untied/mixture_weights
-moddeffn		/home/yaroslav/model/model_architecture/ua.untied.mdef
-mwfloor	1e-4	1.000000e-08
-phone			KK
-psetfn			/home/yaroslav/model/model_architecture/ua.tree_questions
-ssplitmax	5	7
-ssplitmin	1	1
-ssplitthr	8e-4	0.000000e+00
-state			0
-stwt			1.0,0.05,0.0,
-treefn			/home/yaroslav/model/trees/ua.unpruned/KK-0.dtree
-ts2cbfn	.semi.	.semi.
-varfloor	0.00001	1.000000e-05
-varfn			

INFO: main.c(223): Reading: /home/yaroslav/model/model_architecture/ua.untied.mdef
INFO: model_def_io.c(573): Model definition info:
INFO: model_def_io.c(574): 7543 total models defined (49 base, 7494 tri)
INFO: model_def_io.c(575): 30172 total states
INFO: model_def_io.c(576): 22629 total tied states
INFO: model_def_io.c(577): 147 total tied CI states
INFO: model_def_io.c(578): 49 total tied transition matrices
INFO: model_def_io.c(579): 4 max state/model
INFO: model_def_io.c(580): 4 min state/model
INFO: main.c(242): Building trees for [KK A I i] through [KK Z I i]
INFO: main.c(269): Covering states |[8973 9017]| == 45
INFO: main.c(275): Reading: /home/yaroslav/model/model_parameters/ua.cd_semi_untied/mixture_weights
INFO: s3mixw_io.c(173): Read /home/yaroslav/model/model_parameters/ua.cd_semi_untied/mixture_weights [45x4x256 array]
INFO: main.c(311): 13 of 15 models have observation count greater than 0.000010
INFO: main.c(95): nrm stwt: 0.952 0.048 0.000 
INFO: main.c(411): 13-class entropy: 2.367635e+03
INFO: main.c(549): Reading: /home/yaroslav/model/model_architecture/ua.tree_questions
INFO: main.c(588): 176 total simple questions (168 phone; 8 word bndry)
INFO: main.c(590): 42 Left Only questions, and 42 Right Only questions
INFO: dtree.c(1478): Final simple tree
|( QUESTION2_0_L -1 3.749e+03 3.684e+02 1.947e+02
|    ( QUESTION0 -1 2.420e+03 8.272e+01 1.392e+02
|        ( - 2.278e+03 4 0)
|        ( - 5.942e+01 2 0 QUESTION8 -1 2.224e+01 6.000e+00))
|    ( QUESTION2 -1 9.603e+02 1.654e+02 5.548e+01
|        ( QUESTION2_16_L -1 5.542e+02 8.285e+01 3.748e+01
|            ( - 1.756e+02 1 0)
|            ( QUESTION2_12_L -1 2.958e+02 5.059e+01 2.101e+01
|                ( - 1.599e+02 2 0)
|                ( QUESTION2_2_L -1 8.531e+01 2.343e+01 8.007e+00
|                    ( - 4.263e+01 1 0)
|                    ( - 1.925e+01 1 0))))
|        ( QUESTION4 -1 2.406e+02 3.443e+01 1.800e+01
|            ( - 7.563e+00 1 0)
|            ( - 1.986e+02 1 0))))
s>    ( QUESTION2_0_L -1 3.749e+03 3.684e+02 1.947e+02
s>        ( QUESTION0 -1 2.420e+03 8.272e+01 1.392e+02
s>            ( - 2.278e+03 4 0)
s>            ( - 5.942e+01 2 0 QUESTION8 -1 2.224e+01 6.000e+00))
s>        ( QUESTION2 -1 9.603e+02 1.654e+02 5.548e+01
s>            ( QUESTION2_16_L -1 5.542e+02 8.285e+01 3.748e+01
s>                ( - 1.756e+02 1 0)
s>                ( QUESTION2_12_L -1 2.958e+02 5.059e+01 2.101e+01
s>                    ( - 1.599e+02 2 0)
s>                    ( QUESTION2_2_L -1 8.531e+01 2.343e+01 8.007e+00
s>                        ( - 4.263e+01 1 0)
s>                        ( - 1.925e+01 1 0))))
s>            ( QUESTION4 -1 2.406e+02 3.443e+01 1.800e+01
s>                ( - 7.563e+00 1 0)
s>                ( - 1.986e+02 1 0))))INFO: dtree.c(1315): Comp split 0
INFO: dtree.c(1439): stop. leaf nodes are specific
INFO: dtree.c(1478): Final simple tree
|( QUESTION0 -1 2.633e+03 1.567e+02 1.492e+02
|    ( - 2.278e+03 4 0)
|    ( - 1.986e+02 1 0))
s>    ( QUESTION0 -1 2.633e+03 1.567e+02 1.492e+02
s>        ( - 2.278e+03 4 0)
s>        ( - 1.986e+02 1 0))INFO: dtree.c(1439): stop. leaf nodes are specific
INFO: dtree.c(1478): Final simple tree
|( QUESTION2 -1 7.431e+02 9.625e+01 4.548e+01
|    ( QUESTION2_16_L -1 5.542e+02 8.285e+01 3.748e+01
|        ( - 1.756e+02 1 0)
|        ( QUESTION2_12_L -1 2.958e+02 5.059e+01 2.101e+01
|            ( - 1.599e+02 2 0)
|            ( QUESTION2_2_L -1 8.531e+01 2.343e+01 8.007e+00
|                ( - 4.263e+01 1 0)
|                ( - 1.925e+01 1 0))))
|    ( QUESTION8 -1 9.261e+01 3.202e+01 8.000e+00
|        ( - 2.890e+01 1 0)
|        ( QUESTION4 -1 3.169e+01 1.584e+01 4.000e+00
|            ( - 7.563e+00 1 0)
|            ( - 8.278e+00 1 0))))
s>    ( QUESTION2 -1 7.431e+02 9.625e+01 4.548e+01
s>        ( QUESTION2_16_L -1 5.542e+02 8.285e+01 3.748e+01
s>            ( - 1.756e+02 1 0)
s>            ( QUESTION2_12_L -1 2.958e+02 5.059e+01 2.101e+01
s>                ( - 1.599e+02 2 0)
s>                ( QUESTION2_2_L -1 8.531e+01 2.343e+01 8.007e+00
s>                    ( - 4.263e+01 1 0)
s>                    ( - 1.925e+01 1 0))))
s>        ( QUESTION8 -1 9.261e+01 3.202e+01 8.000e+00
s>            ( - 2.890e+01 1 0)
s>            ( QUESTION4 -1 3.169e+01 1.584e+01 4.000e+00
s>                ( - 7.563e+00 1 0)
s>                ( - 8.278e+00 1 0))))INFO: dtree.c(1315): Comp split 1
INFO: dtree.c(1315): Comp split 2
INFO: dtree.c(1439): stop. leaf nodes are specific
INFO: dtree.c(1478): Final simple tree
|( QUESTION2_11_L -1 3.418e+02 5.591e+01 2.548e+01
|    ( - 1.756e+02 1 0)
|    ( QUESTION2 -1 1.103e+02 3.600e+01 9.007e+00
|        ( - 4.263e+01 1 0)
|        ( QUESTION4 -1 3.169e+01 1.584e+01 4.000e+00
|            ( - 7.563e+00 1 0)
|            ( - 8.278e+00 1 0))))
s>    ( QUESTION2_11_L -1 3.418e+02 5.591e+01 2.548e+01
s>        ( - 1.756e+02 1 0)
s>        ( QUESTION2 -1 1.103e+02 3.600e+01 9.007e+00
s>            ( - 4.263e+01 1 0)
s>            ( QUESTION4 -1 3.169e+01 1.584e+01 4.000e+00
s>                ( - 7.563e+00 1 0)
s>                ( - 8.278e+00 1 0))))INFO: dtree.c(1439): stop. leaf nodes are specific
INFO: dtree.c(1478): Final simple tree
|( QUESTION2_12_L -1 2.898e+02 5.829e+01 2.000e+01
|    ( - 1.599e+02 2 0)
|    ( QUESTION2 -1 7.162e+01 2.347e+01 7.000e+00
|        ( - 1.925e+01 1 0)
|        ( - 2.890e+01 1 0)))
s>    ( QUESTION2_12_L -1 2.898e+02 5.829e+01 2.000e+01
s>        ( - 1.599e+02 2 0)
s>        ( QUESTION2 -1 7.162e+01 2.347e+01 7.000e+00
s>            ( - 1.925e+01 1 0)
s>            ( - 2.890e+01 1 0)))INFO: dtree.c(1315): Comp split 3
INFO: dtree.c(1439): stop. leaf nodes are specific
INFO: dtree.c(1478): Final simple tree
|( QUESTION2 -1 7.162e+01 2.347e+01 7.000e+00
|    ( - 1.925e+01 1 0)
|    ( - 2.890e+01 1 0))
s>    ( QUESTION2 -1 7.162e+01 2.347e+01 7.000e+00
s>        ( - 1.925e+01 1 0)
s>        ( - 2.890e+01 1 0))INFO: dtree.c(1315): Comp split 4
INFO: dtree.c(1439): stop. leaf nodes are specific
INFO: dtree.c(1478): Final simple tree
|( QUESTION2 -1 1.103e+02 3.600e+01 9.007e+00
|    ( - 4.263e+01 1 0)
|    ( QUESTION4 -1 3.169e+01 1.584e+01 4.000e+00
|        ( - 7.563e+00 1 0)
|        ( - 8.278e+00 1 0)))
s>    ( QUESTION2 -1 1.103e+02 3.600e+01 9.007e+00
s>        ( - 4.263e+01 1 0)
s>        ( QUESTION4 -1 3.169e+01 1.584e+01 4.000e+00
s>            ( - 7.563e+00 1 0)
s>            ( - 8.278e+00 1 0)))INFO: dtree.c(1315): Comp split 5
INFO: dtree.c(1439): stop. leaf nodes are specific
INFO: dtree.c(1478): Final simple tree
|( QUESTION4 -1 3.169e+01 1.584e+01 4.000e+00
|    ( - 7.563e+00 1 0)
|    ( - 8.278e+00 1 0))
s>    ( QUESTION4 -1 3.169e+01 1.584e+01 4.000e+00
s>        ( - 7.563e+00 1 0)
s>        ( - 8.278e+00 1 0))INFO: dtree.c(1315): Comp split 6
INFO: dtree.c(1315): Comp split 7
INFO: dtree.c(1315): Comp split 8
INFO: dtree.c(1318): stop. leaf nodes are specific
!!!!!!!!Allocated 67 lines
Thu Apr  7 00:29:59 2016
