Current configuration:
[NAME]		[DEFLT]	[VALUE]
-allphones	no	no
-cntthresh	0.00001	1.000000e-05
-csplitmax	100	2000
-csplitmin	1	1
-csplitthr	8e-4	0.000000e+00
-example	no	no
-fullvar	no	no
-help		no	no
-meanfn			/home/yaroslav/model/model_parameters/ua.cd_cont_untied/means
-mixwfn			/home/yaroslav/model/model_parameters/ua.cd_cont_untied/mixture_weights
-moddeffn		/home/yaroslav/model/model_architecture/ua.untied.mdef
-mwfloor	1e-4	1.000000e-08
-phone			B
-psetfn			/home/yaroslav/model/model_architecture/ua.tree_questions
-ssplitmax	5	7
-ssplitmin	1	1
-ssplitthr	8e-4	0.000000e+00
-state			1
-stwt			1.0,0.05,0.0,
-treefn			/home/yaroslav/model/trees/ua.unpruned/B-1.dtree
-ts2cbfn	.semi.	.cont.
-varfloor	0.00001	1.000000e-05
-varfn			/home/yaroslav/model/model_parameters/ua.cd_cont_untied/variances

INFO: main.c(223): Reading: /home/yaroslav/model/model_architecture/ua.untied.mdef
INFO: model_def_io.c(573): Model definition info:
INFO: model_def_io.c(574): 8408 total models defined (50 base, 8358 tri)
INFO: model_def_io.c(575): 33632 total states
INFO: model_def_io.c(576): 25224 total tied states
INFO: model_def_io.c(577): 150 total tied CI states
INFO: model_def_io.c(578): 50 total tied transition matrices
INFO: model_def_io.c(579): 4 max state/model
INFO: model_def_io.c(580): 4 min state/model
INFO: main.c(242): Building trees for [B A A b] through [B ZZ E b]
INFO: main.c(269): Covering states |[2424 2951]| == 528
INFO: main.c(275): Reading: /home/yaroslav/model/model_parameters/ua.cd_cont_untied/mixture_weights
INFO: s3mixw_io.c(173): Read /home/yaroslav/model/model_parameters/ua.cd_cont_untied/mixture_weights [528x1x1 array]
INFO: main.c(311): 176 of 176 models have observation count greater than 0.000010
INFO: main.c(95): nrm stwt: 0.045 0.909 0.045 
INFO: s3gau_io.c(169): Read /home/yaroslav/model/model_parameters/ua.cd_cont_untied/means [25224x1x1 array]
INFO: s3gau_io.c(169): Read /home/yaroslav/model/model_parameters/ua.cd_cont_untied/variances [25224x1x1 array]
INFO: main.c(549): Reading: /home/yaroslav/model/model_architecture/ua.tree_questions
INFO: main.c(588): 174 total simple questions (166 phone; 8 word bndry)
INFO: main.c(590): 42 Left Only questions, and 40 Right Only questions
INFO: dtree.c(1478): Final simple tree
|( QUESTION2 1 -4.238e+05 1.414e+03 2.014e+03
|    ( SILENCE -1 -6.162e+04 4.997e+02 2.905e+02
|        ( - 2.196e+02 1 0)
|        ( QUESTION12 -1 -6.134e+04 4.529e+02 2.895e+02
|            ( - 2.426e+02 1 0)
|            ( WDBNDRY_B 0 -6.113e+04 4.145e+02 2.885e+02
|                ( - -2.824e+04 23 0 QUESTION2_10_L -1 1.919e+02 1.341e+02)
|                ( - -3.247e+04 21 0 QUESTION0 -1 1.959e+02 1.544e+02))))
|    ( QUESTION0 -1 -3.608e+05 4.971e+02 1.723e+03
|        ( QUESTION0_12_R 1 -2.457e+05 4.556e+02 1.175e+03
|            ( - 2.427e+02 1 0)
|            ( - -2.455e+05 67 0 QUESTION0 1 2.624e+02 1.174e+03))
|        ( WDBNDRY_S 0 -1.146e+05 4.279e+02 5.481e+02
|            ( - 1.944e+02 1 0)
|            ( - -1.144e+05 61 0 WDBNDRY_I 0 3.071e+02 5.471e+02))))
s>    ( QUESTION2 1 -4.238e+05 1.414e+03 2.014e+03
s>        ( SILENCE -1 -6.162e+04 4.997e+02 2.905e+02
s>            ( - 2.196e+02 1 0)
s>            ( QUESTION12 -1 -6.134e+04 4.529e+02 2.895e+02
s>                ( - 2.426e+02 1 0)
s>                ( WDBNDRY_B 0 -6.113e+04 4.145e+02 2.885e+02
s>                    ( - -2.824e+04 23 0 QUESTION2_10_L -1 1.919e+02 1.341e+02)
s>                    ( - -3.247e+04 21 0 QUESTION0 -1 1.959e+02 1.544e+02))))
s>        ( QUESTION0 -1 -3.608e+05 4.971e+02 1.723e+03
s>            ( QUESTION0_12_R 1 -2.457e+05 4.556e+02 1.175e+03
s>                ( - 2.427e+02 1 0)
s>                ( - -2.455e+05 67 0 QUESTION0 1 2.624e+02 1.174e+03))
s>            ( WDBNDRY_S 0 -1.146e+05 4.279e+02 5.481e+02
s>                ( - 1.944e+02 1 0)
s>                ( - -1.144e+05 61 0 WDBNDRY_I 0 3.071e+02 5.471e+02))))INFO: dtree.c(1315): Comp split 0
INFO: dtree.c(1478): Final simple tree
|( QUESTION0 -1 -3.603e+05 4.952e+02 1.721e+03
|    ( QUESTION0 1 -2.455e+05 2.624e+02 1.174e+03
|        ( - -2.219e+05 53 0 WDBNDRY_B 0 1.971e+02 1.063e+03)
|        ( QUESTION0_2_R 1 -2.329e+04 2.112e+02 1.110e+02
|            ( - -4.504e+03 6 0 WDBNDRY_E 0 4.233e+02 2.100e+01)
|            ( - -1.858e+04 8 0 WDBNDRY_B 0 1.816e+02 8.999e+01)))
|    ( WDBNDRY_I 0 -1.144e+05 3.071e+02 5.471e+02
|        ( QUESTION19 -1 -5.508e+04 2.643e+02 2.654e+02
|            ( - -1.455e+04 8 0 QUESTION2_0_L -1 1.662e+02 7.218e+01)
|            ( - -4.026e+04 15 0 QUESTION2 -1 1.695e+02 1.932e+02))
|        ( QUESTION2_11_L -1 -5.898e+04 4.361e+02 2.817e+02
|            ( - 2.194e+02 1 0)
|            ( QUESTION0_3_R 1 -5.877e+04 2.406e+02 2.807e+02
|                ( - -1.446e+02 1 0)
|                ( - -5.838e+04 36 0 SILENCE -1 2.055e+02 2.787e+02)))))
s>    ( QUESTION0 -1 -3.603e+05 4.952e+02 1.721e+03
s>        ( QUESTION0 1 -2.455e+05 2.624e+02 1.174e+03
s>            ( - -2.219e+05 53 0 WDBNDRY_B 0 1.971e+02 1.063e+03)
s>            ( QUESTION0_2_R 1 -2.329e+04 2.112e+02 1.110e+02
s>                ( - -4.504e+03 6 0 WDBNDRY_E 0 4.233e+02 2.100e+01)
s>                ( - -1.858e+04 8 0 WDBNDRY_B 0 1.816e+02 8.999e+01)))
s>        ( WDBNDRY_I 0 -1.144e+05 3.071e+02 5.471e+02
s>            ( QUESTION19 -1 -5.508e+04 2.643e+02 2.654e+02
s>                ( - -1.455e+04 8 0 QUESTION2_0_L -1 1.662e+02 7.218e+01)
s>                ( - -4.026e+04 15 0 QUESTION2 -1 1.695e+02 1.932e+02))
s>            ( QUESTION2_11_L -1 -5.898e+04 4.361e+02 2.817e+02
s>                ( - 2.194e+02 1 0)
s>                ( QUESTION0_3_R 1 -5.877e+04 2.406e+02 2.807e+02
s>                    ( - -1.446e+02 1 0)
s>                    ( - -5.838e+04 36 0 SILENCE -1 2.055e+02 2.787e+02)))))INFO: dtree.c(1478): Final simple tree
|( SILENCE -1 -6.205e+04 4.999e+02 2.925e+02
|    ( - 2.196e+02 1 0)
|    ( QUESTION12 -1 -6.177e+04 4.529e+02 2.915e+02
|        ( - 2.426e+02 1 0)
|        ( QUESTION19 1 -6.156e+04 4.443e+02 2.905e+02
|            ( - 2.427e+02 1 0)
|            ( QUESTION0_2_R 1 -6.136e+04 4.252e+02 2.895e+02
|                ( - 1.944e+02 1 0)
|                ( WDBNDRY_B 0 -6.113e+04 4.145e+02 2.885e+02
|                    ( QUESTION2_10_L -1 -2.824e+04 1.919e+02 1.341e+02
|                        ( - -2.123e+02 1 0)
|                        ( - -2.784e+04 22 0 QUESTION11 -1 1.517e+02 1.321e+02))
|                    ( QUESTION0 -1 -3.247e+04 1.959e+02 1.544e+02
|                        ( - -2.043e+04 17 0 QUESTION0_13_R 1 1.815e+02 9.675e+01)
|                        ( - -1.184e+04 4 0 QUESTION0_8_R 1 1.836e+02 5.763e+01)))))))
s>    ( SILENCE -1 -6.205e+04 4.999e+02 2.925e+02
s>        ( - 2.196e+02 1 0)
s>        ( QUESTION12 -1 -6.177e+04 4.529e+02 2.915e+02
s>            ( - 2.426e+02 1 0)
s>            ( QUESTION19 1 -6.156e+04 4.443e+02 2.905e+02
s>                ( - 2.427e+02 1 0)
s>                ( QUESTION0_2_R 1 -6.136e+04 4.252e+02 2.895e+02
s>                    ( - 1.944e+02 1 0)
s>                    ( WDBNDRY_B 0 -6.113e+04 4.145e+02 2.885e+02
s>                        ( QUESTION2_10_L -1 -2.824e+04 1.919e+02 1.341e+02
s>                            ( - -2.123e+02 1 0)
s>                            ( - -2.784e+04 22 0 QUESTION11 -1 1.517e+02 1.321e+02))
s>                        ( QUESTION0 -1 -3.247e+04 1.959e+02 1.544e+02
s>                            ( - -2.043e+04 17 0 QUESTION0_13_R 1 1.815e+02 9.675e+01)
s>                            ( - -1.184e+04 4 0 QUESTION0_8_R 1 1.836e+02 5.763e+01)))))))INFO: dtree.c(1315): Comp split 1
INFO: dtree.c(1478): Final simple tree
|( WDBNDRY_B 0 -1.177e+05 2.885e+02 5.619e+02
|    ( SILENCE -1 -6.547e+04 2.067e+02 3.136e+02
|        ( - -4.478e+03 1 0)
|        ( QUESTION0 -1 -6.079e+04 1.825e+02 2.923e+02
|            ( - -8.228e+03 3 0)
|            ( QUESTION2_0_L -1 -5.238e+04 1.770e+02 2.513e+02
|                ( QUESTION3 -1 -6.845e+03 1.681e+02 3.386e+01
|                    ( - -2.471e+02 1 0)
|                    ( - -6.430e+03 10 0 QUESTION15 -1 1.611e+02 3.186e+01))
|                ( - -4.536e+04 21 0 QUESTION0_0_R 1 1.504e+02 2.175e+02))))
|    ( QUESTION0_0_R 1 -5.193e+04 2.066e+02 2.483e+02
|        ( QUESTION2 -1 -3.860e+04 1.744e+02 1.852e+02
|            ( - -2.810e+04 7 0)
|            ( - -1.032e+04 6 0 QUESTION13 -1 1.578e+02 5.101e+01))
|        ( - -1.313e+04 10 0 SILENCE 1 1.537e+02 6.306e+01)))
s>    ( WDBNDRY_B 0 -1.177e+05 2.885e+02 5.619e+02
s>        ( SILENCE -1 -6.547e+04 2.067e+02 3.136e+02
s>            ( - -4.478e+03 1 0)
s>            ( QUESTION0 -1 -6.079e+04 1.825e+02 2.923e+02
s>                ( - -8.228e+03 3 0)
s>                ( QUESTION2_0_L -1 -5.238e+04 1.770e+02 2.513e+02
s>                    ( QUESTION3 -1 -6.845e+03 1.681e+02 3.386e+01
s>                        ( - -2.471e+02 1 0)
s>                        ( - -6.430e+03 10 0 QUESTION15 -1 1.611e+02 3.186e+01))
s>                    ( - -4.536e+04 21 0 QUESTION0_0_R 1 1.504e+02 2.175e+02))))
s>        ( QUESTION0_0_R 1 -5.193e+04 2.066e+02 2.483e+02
s>            ( QUESTION2 -1 -3.860e+04 1.744e+02 1.852e+02
s>                ( - -2.810e+04 7 0)
s>                ( - -1.032e+04 6 0 QUESTION13 -1 1.578e+02 5.101e+01))
s>            ( - -1.313e+04 10 0 SILENCE 1 1.537e+02 6.306e+01)))INFO: dtree.c(1478): Final simple tree
|( QUESTION2_0_L -1 -2.421e+05 3.059e+02 1.159e+03
|    ( WDBNDRY_B 0 -1.245e+04 4.282e+02 6.218e+01
|        ( - 2.194e+02 1 0)
|        ( - -1.224e+04 6 0 QUESTION0_0_R 1 1.331e+02 6.118e+01))
|    ( QUESTION0_2_R 1 -2.293e+05 2.557e+02 1.097e+03
|        ( QUESTION0_3_R 1 -4.885e+03 2.356e+02 2.300e+01
|            ( - -1.446e+02 1 0)
|            ( WDBNDRY_E 0 -4.504e+03 4.233e+02 2.100e+01
|                ( - 2.208e+02 1 0)
|                ( - -4.302e+03 5 0 WDBNDRY_S 0 1.425e+02 2.000e+01)))
|        ( WDBNDRY_B 0 -2.242e+05 1.935e+02 1.074e+03
|            ( - -6.622e+04 23 0 QUESTION0_0_R 1 1.024e+02 3.140e+02)
|            ( WDBNDRY_S 0 -1.578e+05 1.645e+02 7.602e+02
|                ( - -6.215e+02 1 0)
|                ( - -1.570e+05 31 0 QUESTION0 -1 1.580e+02 7.562e+02)))))
s>    ( QUESTION2_0_L -1 -2.421e+05 3.059e+02 1.159e+03
s>        ( WDBNDRY_B 0 -1.245e+04 4.282e+02 6.218e+01
s>            ( - 2.194e+02 1 0)
s>            ( - -1.224e+04 6 0 QUESTION0_0_R 1 1.331e+02 6.118e+01))
s>        ( QUESTION0_2_R 1 -2.293e+05 2.557e+02 1.097e+03
s>            ( QUESTION0_3_R 1 -4.885e+03 2.356e+02 2.300e+01
s>                ( - -1.446e+02 1 0)
s>                ( WDBNDRY_E 0 -4.504e+03 4.233e+02 2.100e+01
s>                    ( - 2.208e+02 1 0)
s>                    ( - -4.302e+03 5 0 WDBNDRY_S 0 1.425e+02 2.000e+01)))
s>            ( WDBNDRY_B 0 -2.242e+05 1.935e+02 1.074e+03
s>                ( - -6.622e+04 23 0 QUESTION0_0_R 1 1.024e+02 3.140e+02)
s>                ( WDBNDRY_S 0 -1.578e+05 1.645e+02 7.602e+02
s>                    ( - -6.215e+02 1 0)
s>                    ( - -1.570e+05 31 0 QUESTION0 -1 1.580e+02 7.562e+02)))))INFO: dtree.c(1315): Comp split 2
INFO: dtree.c(1478): Final simple tree
|( QUESTION12 -1 -6.177e+04 4.529e+02 2.915e+02
|    ( - 2.426e+02 1 0)
|    ( QUESTION19 1 -6.156e+04 4.443e+02 2.905e+02
|        ( - 2.427e+02 1 0)
|        ( QUESTION0_2_R 1 -6.136e+04 4.252e+02 2.895e+02
|            ( - 1.944e+02 1 0)
|            ( WDBNDRY_B 0 -6.113e+04 4.145e+02 2.885e+02
|                ( QUESTION2_10_L -1 -2.824e+04 1.919e+02 1.341e+02
|                    ( - -2.123e+02 1 0)
|                    ( - -2.784e+04 22 0 QUESTION11 -1 1.517e+02 1.321e+02))
|                ( QUESTION0 -1 -3.247e+04 1.959e+02 1.544e+02
|                    ( - -2.043e+04 17 0 QUESTION0_13_R 1 1.815e+02 9.675e+01)
|                    ( QUESTION0_8_R 1 -1.184e+04 1.836e+02 5.763e+01
|                        ( - -3.451e+03 2 0)
|                        ( - -8.209e+03 2 0)))))))
s>    ( QUESTION12 -1 -6.177e+04 4.529e+02 2.915e+02
s>        ( - 2.426e+02 1 0)
s>        ( QUESTION19 1 -6.156e+04 4.443e+02 2.905e+02
s>            ( - 2.427e+02 1 0)
s>            ( QUESTION0_2_R 1 -6.136e+04 4.252e+02 2.895e+02
s>                ( - 1.944e+02 1 0)
s>                ( WDBNDRY_B 0 -6.113e+04 4.145e+02 2.885e+02
s>                    ( QUESTION2_10_L -1 -2.824e+04 1.919e+02 1.341e+02
s>                        ( - -2.123e+02 1 0)
s>                        ( - -2.784e+04 22 0 QUESTION11 -1 1.517e+02 1.321e+02))
s>                    ( QUESTION0 -1 -3.247e+04 1.959e+02 1.544e+02
s>                        ( - -2.043e+04 17 0 QUESTION0_13_R 1 1.815e+02 9.675e+01)
s>                        ( QUESTION0_8_R 1 -1.184e+04 1.836e+02 5.763e+01
s>                            ( - -3.451e+03 2 0)
s>                            ( - -8.209e+03 2 0)))))))INFO: dtree.c(1315): Comp split 3
INFO: dtree.c(1478): Final simple tree
|( QUESTION19 1 -6.156e+04 4.443e+02 2.905e+02
|    ( - 2.427e+02 1 0)
|    ( QUESTION0_2_R 1 -6.136e+04 4.252e+02 2.895e+02
|        ( - 1.944e+02 1 0)
|        ( WDBNDRY_B 0 -6.113e+04 4.145e+02 2.885e+02
|            ( QUESTION2_10_L -1 -2.824e+04 1.919e+02 1.341e+02
|                ( - -2.123e+02 1 0)
|                ( - -2.784e+04 22 0 QUESTION11 -1 1.517e+02 1.321e+02))
|            ( QUESTION0 -1 -3.247e+04 1.959e+02 1.544e+02
|                ( QUESTION0_13_R 1 -2.043e+04 1.815e+02 9.675e+01
|                    ( - -1.187e+04 9 0 WDBNDRY_E 0 1.575e+02 5.690e+01)
|                    ( - -8.375e+03 8 0 WDBNDRY_S 0 4.592e+02 3.985e+01))
|                ( QUESTION0_8_R 1 -1.184e+04 1.836e+02 5.763e+01
|                    ( - -3.451e+03 2 0)
|                    ( - -8.209e+03 2 0))))))
s>    ( QUESTION19 1 -6.156e+04 4.443e+02 2.905e+02
s>        ( - 2.427e+02 1 0)
s>        ( QUESTION0_2_R 1 -6.136e+04 4.252e+02 2.895e+02
s>            ( - 1.944e+02 1 0)
s>            ( WDBNDRY_B 0 -6.113e+04 4.145e+02 2.885e+02
s>                ( QUESTION2_10_L -1 -2.824e+04 1.919e+02 1.341e+02
s>                    ( - -2.123e+02 1 0)
s>                    ( - -2.784e+04 22 0 QUESTION11 -1 1.517e+02 1.321e+02))
s>                ( QUESTION0 -1 -3.247e+04 1.959e+02 1.544e+02
s>                    ( QUESTION0_13_R 1 -2.043e+04 1.815e+02 9.675e+01
s>                        ( - -1.187e+04 9 0 WDBNDRY_E 0 1.575e+02 5.690e+01)
s>                        ( - -8.375e+03 8 0 WDBNDRY_S 0 4.592e+02 3.985e+01))
s>                    ( QUESTION0_8_R 1 -1.184e+04 1.836e+02 5.763e+01
s>                        ( - -3.451e+03 2 0)
s>                        ( - -8.209e+03 2 0))))))INFO: dtree.c(1315): Comp split 4
INFO: dtree.c(1478): Final simple tree
|( QUESTION0_2_R 1 -6.136e+04 4.252e+02 2.895e+02
|    ( - 1.944e+02 1 0)
|    ( WDBNDRY_B 0 -6.113e+04 4.145e+02 2.885e+02
|        ( QUESTION2_10_L -1 -2.824e+04 1.919e+02 1.341e+02
|            ( - -2.123e+02 1 0)
|            ( - -2.784e+04 22 0 QUESTION11 -1 1.517e+02 1.321e+02))
|        ( QUESTION0 -1 -3.247e+04 1.959e+02 1.544e+02
|            ( QUESTION0_13_R 1 -2.043e+04 1.815e+02 9.675e+01
|                ( - -1.187e+04 9 0 WDBNDRY_E 0 1.575e+02 5.690e+01)
|                ( WDBNDRY_S 0 -8.375e+03 4.592e+02 3.985e+01
|                    ( - 2.195e+02 1 0)
|                    ( - -8.135e+03 7 0 WDBNDRY_E 0 4.327e+02 3.885e+01)))
|            ( QUESTION0_8_R 1 -1.184e+04 1.836e+02 5.763e+01
|                ( - -3.451e+03 2 0)
|                ( - -8.209e+03 2 0)))))
s>    ( QUESTION0_2_R 1 -6.136e+04 4.252e+02 2.895e+02
s>        ( - 1.944e+02 1 0)
s>        ( WDBNDRY_B 0 -6.113e+04 4.145e+02 2.885e+02
s>            ( QUESTION2_10_L -1 -2.824e+04 1.919e+02 1.341e+02
s>                ( - -2.123e+02 1 0)
s>                ( - -2.784e+04 22 0 QUESTION11 -1 1.517e+02 1.321e+02))
s>            ( QUESTION0 -1 -3.247e+04 1.959e+02 1.544e+02
s>                ( QUESTION0_13_R 1 -2.043e+04 1.815e+02 9.675e+01
s>                    ( - -1.187e+04 9 0 WDBNDRY_E 0 1.575e+02 5.690e+01)
s>                    ( WDBNDRY_S 0 -8.375e+03 4.592e+02 3.985e+01
s>                        ( - 2.195e+02 1 0)
s>                        ( - -8.135e+03 7 0 WDBNDRY_E 0 4.327e+02 3.885e+01)))
s>                ( QUESTION0_8_R 1 -1.184e+04 1.836e+02 5.763e+01
s>                    ( - -3.451e+03 2 0)
s>                    ( - -8.209e+03 2 0)))))INFO: dtree.c(1315): Comp split 5
INFO: dtree.c(1478): Final simple tree
|( QUESTION0_2_R 1 -6.112e+04 4.252e+02 2.885e+02
|    ( - 1.944e+02 1 0)
|    ( WDBNDRY_B 0 -6.089e+04 4.144e+02 2.875e+02
|        ( QUESTION2_10_L -1 -2.824e+04 1.919e+02 1.341e+02
|            ( - -2.123e+02 1 0)
|            ( - -2.784e+04 22 0 QUESTION11 -1 1.517e+02 1.321e+02))
|        ( QUESTION0_14_R 1 -3.224e+04 1.953e+02 1.534e+02
|            ( QUESTION0_15_R 1 -2.919e+03 1.749e+02 1.382e+01
|                ( - -2.081e+03 1 0)
|                ( - -6.634e+02 1 0))
|            ( QUESTION0 -1 -2.912e+04 1.805e+02 1.396e+02
|                ( - -1.710e+04 14 0 QUESTION0_8_R 1 1.715e+02 8.193e+01)
|                ( QUESTION0_8_R 1 -1.184e+04 1.836e+02 5.763e+01
|                    ( - -3.451e+03 2 0)
|                    ( - -8.209e+03 2 0))))))
s>    ( QUESTION0_2_R 1 -6.112e+04 4.252e+02 2.885e+02
s>        ( - 1.944e+02 1 0)
s>        ( WDBNDRY_B 0 -6.089e+04 4.144e+02 2.875e+02
s>            ( QUESTION2_10_L -1 -2.824e+04 1.919e+02 1.341e+02
s>                ( - -2.123e+02 1 0)
s>                ( - -2.784e+04 22 0 QUESTION11 -1 1.517e+02 1.321e+02))
s>            ( QUESTION0_14_R 1 -3.224e+04 1.953e+02 1.534e+02
s>                ( QUESTION0_15_R 1 -2.919e+03 1.749e+02 1.382e+01
s>                    ( - -2.081e+03 1 0)
s>                    ( - -6.634e+02 1 0))
s>                ( QUESTION0 -1 -2.912e+04 1.805e+02 1.396e+02
s>                    ( - -1.710e+04 14 0 QUESTION0_8_R 1 1.715e+02 8.193e+01)
s>                    ( QUESTION0_8_R 1 -1.184e+04 1.836e+02 5.763e+01
s>                        ( - -3.451e+03 2 0)
s>                        ( - -8.209e+03 2 0))))))INFO: dtree.c(1315): Comp split 6
INFO: dtree.c(1439): stop. leaf nodes are specific
INFO: dtree.c(1478): Final simple tree
|( QUESTION0_13_R 1 -2.772e+04 1.910e+02 1.320e+02
|    ( WDBNDRY_E 0 -2.023e+04 1.523e+02 9.712e+01
|        ( - -5.372e+02 2 0)
|        ( QUESTION0 -1 -1.954e+04 1.503e+02 9.412e+01
|            ( WDBNDRY_S 0 -1.118e+04 9.362e+01 5.390e+01
|                ( - -5.965e+02 3 0)
|                ( - -1.049e+04 4 0))
|            ( - -8.209e+03 2 0)))
|    ( WDBNDRY_E 0 -7.300e+03 4.330e+02 3.485e+01
|        ( - 2.184e+02 1 0)
|        ( QUESTION0_8_R 1 -7.086e+03 1.748e+02 3.385e+01
|            ( - -4.830e+03 4 0)
|            ( - -2.081e+03 1 0))))
s>    ( QUESTION0_13_R 1 -2.772e+04 1.910e+02 1.320e+02
s>        ( WDBNDRY_E 0 -2.023e+04 1.523e+02 9.712e+01
s>            ( - -5.372e+02 2 0)
s>            ( QUESTION0 -1 -1.954e+04 1.503e+02 9.412e+01
s>                ( WDBNDRY_S 0 -1.118e+04 9.362e+01 5.390e+01
s>                    ( - -5.965e+02 3 0)
s>                    ( - -1.049e+04 4 0))
s>                ( - -8.209e+03 2 0)))
s>        ( WDBNDRY_E 0 -7.300e+03 4.330e+02 3.485e+01
s>            ( - 2.184e+02 1 0)
s>            ( QUESTION0_8_R 1 -7.086e+03 1.748e+02 3.385e+01
s>                ( - -4.830e+03 4 0)
s>                ( - -2.081e+03 1 0))))INFO: dtree.c(1478): Final simple tree
|( WDBNDRY_S 0 -3.296e+04 4.247e+02 1.565e+02
|    ( - 1.944e+02 1 0)
|    ( QUESTION0_10_R 1 -3.273e+04 2.111e+02 1.555e+02
|        ( - -3.451e+03 2 0)
|        ( QUESTION2_10_L -1 -2.906e+04 1.920e+02 1.381e+02
|            ( - -2.123e+02 1 0)
|            ( WDBNDRY_B 0 -2.866e+04 1.581e+02 1.361e+02
|                ( QUESTION11 -1 -2.784e+04 1.517e+02 1.321e+02
|                    ( - -2.737e+02 1 0)
|                    ( QUESTION0_8_R 1 -2.741e+04 1.375e+02 1.301e+02
|                        ( QUESTION0 -1 -1.006e+03 1.589e+02 6.000e+00
|                            ( - -2.095e+02 1 0)
|                            ( - -6.379e+02 1 0))
|                        ( - -2.627e+04 19 0 QUESTION3 -1 1.374e+02 1.241e+02)))
|                ( - -6.634e+02 1 0)))))
s>    ( WDBNDRY_S 0 -3.296e+04 4.247e+02 1.565e+02
s>        ( - 1.944e+02 1 0)
s>        ( QUESTION0_10_R 1 -3.273e+04 2.111e+02 1.555e+02
s>            ( - -3.451e+03 2 0)
s>            ( QUESTION2_10_L -1 -2.906e+04 1.920e+02 1.381e+02
s>                ( - -2.123e+02 1 0)
s>                ( WDBNDRY_B 0 -2.866e+04 1.581e+02 1.361e+02
s>                    ( QUESTION11 -1 -2.784e+04 1.517e+02 1.321e+02
s>                        ( - -2.737e+02 1 0)
s>                        ( QUESTION0_8_R 1 -2.741e+04 1.375e+02 1.301e+02
s>                            ( QUESTION0 -1 -1.006e+03 1.589e+02 6.000e+00
s>                                ( - -2.095e+02 1 0)
s>                                ( - -6.379e+02 1 0))
s>                            ( - -2.627e+04 19 0 QUESTION3 -1 1.374e+02 1.241e+02)))
s>                    ( - -6.634e+02 1 0)))))INFO: dtree.c(1315): Comp split 7
INFO: dtree.c(1439): stop. leaf nodes are specific
INFO: dtree.c(1478): Final simple tree
|( QUESTION0_13_R 1 -2.751e+04 1.921e+02 1.310e+02
|    ( WDBNDRY_E 0 -2.023e+04 1.523e+02 9.712e+01
|        ( - -5.372e+02 2 0)
|        ( QUESTION0 -1 -1.954e+04 1.503e+02 9.412e+01
|            ( WDBNDRY_S 0 -1.118e+04 9.362e+01 5.390e+01
|                ( - -5.965e+02 3 0)
|                ( - -1.049e+04 4 0))
|            ( - -8.209e+03 2 0)))
|    ( QUESTION0_8_R 1 -7.086e+03 1.748e+02 3.385e+01
|        ( - -4.830e+03 4 0)
|        ( - -2.081e+03 1 0)))
s>    ( QUESTION0_13_R 1 -2.751e+04 1.921e+02 1.310e+02
s>        ( WDBNDRY_E 0 -2.023e+04 1.523e+02 9.712e+01
s>            ( - -5.372e+02 2 0)
s>            ( QUESTION0 -1 -1.954e+04 1.503e+02 9.412e+01
s>                ( WDBNDRY_S 0 -1.118e+04 9.362e+01 5.390e+01
s>                    ( - -5.965e+02 3 0)
s>                    ( - -1.049e+04 4 0))
s>                ( - -8.209e+03 2 0)))
s>        ( QUESTION0_8_R 1 -7.086e+03 1.748e+02 3.385e+01
s>            ( - -4.830e+03 4 0)
s>            ( - -2.081e+03 1 0)))INFO: dtree.c(1315): Comp split 8
INFO: dtree.c(1478): Final simple tree
|( QUESTION2_0_L -1 -2.419e+05 3.030e+02 1.158e+03
|    ( - -1.224e+04 6 0 QUESTION0_0_R 1 1.331e+02 6.118e+01)
|    ( QUESTION0_2_R 1 -2.293e+05 2.557e+02 1.097e+03
|        ( QUESTION0_3_R 1 -4.885e+03 2.356e+02 2.300e+01
|            ( - -1.446e+02 1 0)
|            ( WDBNDRY_E 0 -4.504e+03 4.233e+02 2.100e+01
|                ( - 2.208e+02 1 0)
|                ( - -4.302e+03 5 0 WDBNDRY_S 0 1.425e+02 2.000e+01)))
|        ( WDBNDRY_B 0 -2.242e+05 1.935e+02 1.074e+03
|            ( - -6.622e+04 23 0 QUESTION0_0_R 1 1.024e+02 3.140e+02)
|            ( WDBNDRY_S 0 -1.578e+05 1.645e+02 7.602e+02
|                ( - -6.215e+02 1 0)
|                ( QUESTION0 -1 -1.570e+05 1.580e+02 7.562e+02
|                    ( - -1.547e+05 29 0 QUESTION0_0_R 1 1.584e+02 7.452e+02)
|                    ( - -2.150e+03 2 0))))))
s>    ( QUESTION2_0_L -1 -2.419e+05 3.030e+02 1.158e+03
s>        ( - -1.224e+04 6 0 QUESTION0_0_R 1 1.331e+02 6.118e+01)
s>        ( QUESTION0_2_R 1 -2.293e+05 2.557e+02 1.097e+03
s>            ( QUESTION0_3_R 1 -4.885e+03 2.356e+02 2.300e+01
s>                ( - -1.446e+02 1 0)
s>                ( WDBNDRY_E 0 -4.504e+03 4.233e+02 2.100e+01
s>                    ( - 2.208e+02 1 0)
s>                    ( - -4.302e+03 5 0 WDBNDRY_S 0 1.425e+02 2.000e+01)))
s>            ( WDBNDRY_B 0 -2.242e+05 1.935e+02 1.074e+03
s>                ( - -6.622e+04 23 0 QUESTION0_0_R 1 1.024e+02 3.140e+02)
s>                ( WDBNDRY_S 0 -1.578e+05 1.645e+02 7.602e+02
s>                    ( - -6.215e+02 1 0)
s>                    ( QUESTION0 -1 -1.570e+05 1.580e+02 7.562e+02
s>                        ( - -1.547e+05 29 0 QUESTION0_0_R 1 1.584e+02 7.452e+02)
s>                        ( - -2.150e+03 2 0))))))INFO: dtree.c(1315): Comp split 9
INFO: dtree.c(1478): Final simple tree
|( QUESTION2_0_L -1 -2.417e+05 3.029e+02 1.157e+03
|    ( - -1.224e+04 6 0 QUESTION0_0_R 1 1.331e+02 6.118e+01)
|    ( QUESTION0_2_R 1 -2.291e+05 2.485e+02 1.096e+03
|        ( WDBNDRY_E 0 -4.682e+03 2.359e+02 2.200e+01
|            ( - -1.446e+02 1 0)
|            ( - -4.302e+03 5 0 WDBNDRY_S 0 1.425e+02 2.000e+01))
|        ( WDBNDRY_B 0 -2.242e+05 1.935e+02 1.074e+03
|            ( - -6.622e+04 23 0 QUESTION0_0_R 1 1.024e+02 3.140e+02)
|            ( WDBNDRY_S 0 -1.578e+05 1.645e+02 7.602e+02
|                ( - -6.215e+02 1 0)
|                ( QUESTION0 -1 -1.570e+05 1.580e+02 7.562e+02
|                    ( QUESTION0_0_R 1 -1.547e+05 1.584e+02 7.452e+02
|                        ( - -1.456e+05 22 0)
|                        ( - -8.960e+03 7 0 WDBNDRY_E 0 9.359e+01 4.392e+01))
|                    ( - -2.150e+03 2 0))))))
s>    ( QUESTION2_0_L -1 -2.417e+05 3.029e+02 1.157e+03
s>        ( - -1.224e+04 6 0 QUESTION0_0_R 1 1.331e+02 6.118e+01)
s>        ( QUESTION0_2_R 1 -2.291e+05 2.485e+02 1.096e+03
s>            ( WDBNDRY_E 0 -4.682e+03 2.359e+02 2.200e+01
s>                ( - -1.446e+02 1 0)
s>                ( - -4.302e+03 5 0 WDBNDRY_S 0 1.425e+02 2.000e+01))
s>            ( WDBNDRY_B 0 -2.242e+05 1.935e+02 1.074e+03
s>                ( - -6.622e+04 23 0 QUESTION0_0_R 1 1.024e+02 3.140e+02)
s>                ( WDBNDRY_S 0 -1.578e+05 1.645e+02 7.602e+02
s>                    ( - -6.215e+02 1 0)
s>                    ( QUESTION0 -1 -1.570e+05 1.580e+02 7.562e+02
s>                        ( QUESTION0_0_R 1 -1.547e+05 1.584e+02 7.452e+02
s>                            ( - -1.456e+05 22 0)
s>                            ( - -8.960e+03 7 0 WDBNDRY_E 0 9.359e+01 4.392e+01))
s>                        ( - -2.150e+03 2 0))))))INFO: dtree.c(1315): Comp split 10
INFO: dtree.c(1478): Final simple tree
|( QUESTION0_10_R 1 -3.273e+04 2.111e+02 1.555e+02
|    ( - -3.451e+03 2 0)
|    ( QUESTION2_10_L -1 -2.906e+04 1.920e+02 1.381e+02
|        ( - -2.123e+02 1 0)
|        ( WDBNDRY_B 0 -2.866e+04 1.581e+02 1.361e+02
|            ( QUESTION11 -1 -2.784e+04 1.517e+02 1.321e+02
|                ( - -2.737e+02 1 0)
|                ( QUESTION0_8_R 1 -2.741e+04 1.375e+02 1.301e+02
|                    ( QUESTION0 -1 -1.006e+03 1.589e+02 6.000e+00
|                        ( - -2.095e+02 1 0)
|                        ( - -6.379e+02 1 0))
|                    ( QUESTION3 -1 -2.627e+04 1.374e+02 1.241e+02
|                        ( - -2.626e+02 1 0)
|                        ( - -2.587e+04 18 0 QUESTION0 -1 1.262e+02 1.221e+02))))
|            ( - -6.634e+02 1 0))))
s>    ( QUESTION0_10_R 1 -3.273e+04 2.111e+02 1.555e+02
s>        ( - -3.451e+03 2 0)
s>        ( QUESTION2_10_L -1 -2.906e+04 1.920e+02 1.381e+02
s>            ( - -2.123e+02 1 0)
s>            ( WDBNDRY_B 0 -2.866e+04 1.581e+02 1.361e+02
s>                ( QUESTION11 -1 -2.784e+04 1.517e+02 1.321e+02
s>                    ( - -2.737e+02 1 0)
s>                    ( QUESTION0_8_R 1 -2.741e+04 1.375e+02 1.301e+02
s>                        ( QUESTION0 -1 -1.006e+03 1.589e+02 6.000e+00
s>                            ( - -2.095e+02 1 0)
s>                            ( - -6.379e+02 1 0))
s>                        ( QUESTION3 -1 -2.627e+04 1.374e+02 1.241e+02
s>                            ( - -2.626e+02 1 0)
s>                            ( - -2.587e+04 18 0 QUESTION0 -1 1.262e+02 1.221e+02))))
s>                ( - -6.634e+02 1 0))))INFO: dtree.c(1315): Comp split 11
INFO: dtree.c(1478): Final simple tree
|( QUESTION0_0_R 1 -5.022e+04 1.676e+02 2.402e+02
|    ( WDBNDRY_B 0 -2.851e+04 1.578e+02 1.362e+02
|        ( - -2.471e+02 1 0)
|        ( - -2.810e+04 7 0))
|    ( WDBNDRY_B 0 -2.155e+04 1.881e+02 1.040e+02
|        ( - -8.228e+03 3 0)
|        ( SILENCE 1 -1.313e+04 1.537e+02 6.306e+01
|            ( - -3.079e+02 1 0)
|            ( QUESTION0_8_R 1 -1.267e+04 1.277e+02 6.106e+01
|                ( WDBNDRY_E 0 -1.135e+04 1.288e+02 5.506e+01
|                    ( - -5.141e+02 1 0)
|                    ( - -1.071e+04 5 0 QUESTION0 -1 9.961e+01 5.206e+01))
|                ( QUESTION0_2_R 1 -1.188e+03 1.129e+02 6.000e+00
|                    ( - -5.570e+02 2 0)
|                    ( - -5.177e+02 1 0))))))
s>    ( QUESTION0_0_R 1 -5.022e+04 1.676e+02 2.402e+02
s>        ( WDBNDRY_B 0 -2.851e+04 1.578e+02 1.362e+02
s>            ( - -2.471e+02 1 0)
s>            ( - -2.810e+04 7 0))
s>        ( WDBNDRY_B 0 -2.155e+04 1.881e+02 1.040e+02
s>            ( - -8.228e+03 3 0)
s>            ( SILENCE 1 -1.313e+04 1.537e+02 6.306e+01
s>                ( - -3.079e+02 1 0)
s>                ( QUESTION0_8_R 1 -1.267e+04 1.277e+02 6.106e+01
s>                    ( WDBNDRY_E 0 -1.135e+04 1.288e+02 5.506e+01
s>                        ( - -5.141e+02 1 0)
s>                        ( - -1.071e+04 5 0 QUESTION0 -1 9.961e+01 5.206e+01))
s>                    ( QUESTION0_2_R 1 -1.188e+03 1.129e+02 6.000e+00
s>                        ( - -5.570e+02 2 0)
s>                        ( - -5.177e+02 1 0))))))INFO: dtree.c(1478): Final simple tree
|( SILENCE -1 -6.709e+04 2.097e+02 3.217e+02
|    ( - -4.478e+03 1 0)
|    ( QUESTION2_0_L -1 -6.240e+04 2.026e+02 3.004e+02
|        ( QUESTION2 -1 -1.684e+04 1.650e+02 8.287e+01
|            ( - -2.509e+02 1 0)
|            ( QUESTION14 -1 -1.643e+04 1.660e+02 8.087e+01
|                ( QUESTION0_0_R 1 -9.687e+03 1.579e+02 4.787e+01
|                    ( - -9.077e+03 7 0 QUESTION15 -1 1.020e+02 4.487e+01)
|                    ( - -4.512e+02 1 0))
|                ( QUESTION0_0_R 1 -6.572e+03 4.621e+02 3.300e+01
|                    ( - -6.353e+03 6 0 WDBNDRY_B 0 1.150e+02 3.200e+01)
|                    ( - 2.423e+02 1 0))))
|        ( QUESTION0_0_R 1 -4.536e+04 1.504e+02 2.175e+02
|            ( - -4.474e+04 19 0 QUESTION3 -1 9.399e+01 2.145e+02)
|            ( - -4.660e+02 2 0))))
s>    ( SILENCE -1 -6.709e+04 2.097e+02 3.217e+02
s>        ( - -4.478e+03 1 0)
s>        ( QUESTION2_0_L -1 -6.240e+04 2.026e+02 3.004e+02
s>            ( QUESTION2 -1 -1.684e+04 1.650e+02 8.287e+01
s>                ( - -2.509e+02 1 0)
s>                ( QUESTION14 -1 -1.643e+04 1.660e+02 8.087e+01
s>                    ( QUESTION0_0_R 1 -9.687e+03 1.579e+02 4.787e+01
s>                        ( - -9.077e+03 7 0 QUESTION15 -1 1.020e+02 4.487e+01)
s>                        ( - -4.512e+02 1 0))
s>                    ( QUESTION0_0_R 1 -6.572e+03 4.621e+02 3.300e+01
s>                        ( - -6.353e+03 6 0 WDBNDRY_B 0 1.150e+02 3.200e+01)
s>                        ( - 2.423e+02 1 0))))
s>            ( QUESTION0_0_R 1 -4.536e+04 1.504e+02 2.175e+02
s>                ( - -4.474e+04 19 0 QUESTION3 -1 9.399e+01 2.145e+02)
s>                ( - -4.660e+02 2 0))))INFO: dtree.c(1315): Comp split 12
INFO: dtree.c(1478): Final simple tree
|( SILENCE -1 -6.687e+04 2.097e+02 3.207e+02
|    ( - -4.478e+03 1 0)
|    ( QUESTION2_0_L -1 -6.218e+04 2.018e+02 2.994e+02
|        ( QUESTION2 -1 -1.663e+04 1.654e+02 8.187e+01
|            ( - -2.509e+02 1 0)
|            ( QUESTION14 -1 -1.621e+04 1.707e+02 7.987e+01
|                ( QUESTION0_0_R 1 -9.687e+03 1.579e+02 4.787e+01
|                    ( - -9.077e+03 7 0 QUESTION15 -1 1.020e+02 4.487e+01)
|                    ( - -4.512e+02 1 0))
|                ( WDBNDRY_B 0 -6.353e+03 1.150e+02 3.200e+01
|                    ( - -2.687e+03 4 0 QUESTION12 -1 9.212e+01 1.400e+01)
|                    ( - -3.551e+03 2 0))))
|        ( QUESTION0_0_R 1 -4.536e+04 1.504e+02 2.175e+02
|            ( - -4.474e+04 19 0 QUESTION3 -1 9.399e+01 2.145e+02)
|            ( - -4.660e+02 2 0))))
s>    ( SILENCE -1 -6.687e+04 2.097e+02 3.207e+02
s>        ( - -4.478e+03 1 0)
s>        ( QUESTION2_0_L -1 -6.218e+04 2.018e+02 2.994e+02
s>            ( QUESTION2 -1 -1.663e+04 1.654e+02 8.187e+01
s>                ( - -2.509e+02 1 0)
s>                ( QUESTION14 -1 -1.621e+04 1.707e+02 7.987e+01
s>                    ( QUESTION0_0_R 1 -9.687e+03 1.579e+02 4.787e+01
s>                        ( - -9.077e+03 7 0 QUESTION15 -1 1.020e+02 4.487e+01)
s>                        ( - -4.512e+02 1 0))
s>                    ( WDBNDRY_B 0 -6.353e+03 1.150e+02 3.200e+01
s>                        ( - -2.687e+03 4 0 QUESTION12 -1 9.212e+01 1.400e+01)
s>                        ( - -3.551e+03 2 0))))
s>            ( QUESTION0_0_R 1 -4.536e+04 1.504e+02 2.175e+02
s>                ( - -4.474e+04 19 0 QUESTION3 -1 9.399e+01 2.145e+02)
s>                ( - -4.660e+02 2 0))))INFO: dtree.c(1315): Comp split 13
INFO: dtree.c(1439): stop. leaf nodes are specific
INFO: dtree.c(1478): Final simple tree
|( WDBNDRY_B 0 -2.234e+05 1.935e+02 1.070e+03
|    ( QUESTION0_0_R 1 -6.622e+04 1.024e+02 3.140e+02
|        ( - -6.481e+04 20 0)
|        ( - -1.308e+03 3 0))
|    ( QUESTION0 -1 -1.570e+05 1.580e+02 7.562e+02
|        ( QUESTION0_0_R 1 -1.547e+05 1.584e+02 7.452e+02
|            ( - -1.456e+05 22 0)
|            ( WDBNDRY_E 0 -8.960e+03 9.359e+01 4.392e+01
|                ( - -1.565e+03 2 0)
|                ( - -7.301e+03 5 0)))
|        ( - -2.150e+03 2 0)))
s>    ( WDBNDRY_B 0 -2.234e+05 1.935e+02 1.070e+03
s>        ( QUESTION0_0_R 1 -6.622e+04 1.024e+02 3.140e+02
s>            ( - -6.481e+04 20 0)
s>            ( - -1.308e+03 3 0))
s>        ( QUESTION0 -1 -1.570e+05 1.580e+02 7.562e+02
s>            ( QUESTION0_0_R 1 -1.547e+05 1.584e+02 7.452e+02
s>                ( - -1.456e+05 22 0)
s>                ( WDBNDRY_E 0 -8.960e+03 9.359e+01 4.392e+01
s>                    ( - -1.565e+03 2 0)
s>                    ( - -7.301e+03 5 0)))
s>            ( - -2.150e+03 2 0)))INFO: dtree.c(1439): stop. leaf nodes are specific
INFO: dtree.c(1478): Final simple tree
|( WDBNDRY_E 0 -1.793e+04 2.406e+02 8.718e+01
|    ( - -1.446e+02 1 0)
|    ( QUESTION0 -1 -1.754e+04 2.348e+02 8.518e+01
|        ( QUESTION0_0_R 1 -5.068e+03 1.448e+02 2.400e+01
|            ( - -6.215e+02 1 0)
|            ( WDBNDRY_S 0 -4.302e+03 1.425e+02 2.000e+01
|                ( - -8.348e+02 2 0)
|                ( QUESTION0_5_R 1 -3.325e+03 1.289e+02 1.500e+01
|                    ( - -1.991e+03 2 0)
|                    ( - -1.205e+03 1 0))))
|        ( QUESTION0_0_R 1 -1.224e+04 1.331e+02 6.118e+01
|            ( - -1.108e+04 5 0)
|            ( - -1.027e+03 1 0))))
s>    ( WDBNDRY_E 0 -1.793e+04 2.406e+02 8.718e+01
s>        ( - -1.446e+02 1 0)
s>        ( QUESTION0 -1 -1.754e+04 2.348e+02 8.518e+01
s>            ( QUESTION0_0_R 1 -5.068e+03 1.448e+02 2.400e+01
s>                ( - -6.215e+02 1 0)
s>                ( WDBNDRY_S 0 -4.302e+03 1.425e+02 2.000e+01
s>                    ( - -8.348e+02 2 0)
s>                    ( QUESTION0_5_R 1 -3.325e+03 1.289e+02 1.500e+01
s>                        ( - -1.991e+03 2 0)
s>                        ( - -1.205e+03 1 0))))
s>            ( QUESTION0_0_R 1 -1.224e+04 1.331e+02 6.118e+01
s>                ( - -1.108e+04 5 0)
s>                ( - -1.027e+03 1 0))))INFO: dtree.c(1315): Comp split 14
INFO: dtree.c(1439): stop. leaf nodes are specific
INFO: dtree.c(1478): Final simple tree
|( QUESTION0 -1 -1.754e+04 2.348e+02 8.518e+01
|    ( QUESTION0_0_R 1 -5.068e+03 1.448e+02 2.400e+01
|        ( - -6.215e+02 1 0)
|        ( WDBNDRY_S 0 -4.302e+03 1.425e+02 2.000e+01
|            ( - -8.348e+02 2 0)
|            ( QUESTION0_5_R 1 -3.325e+03 1.289e+02 1.500e+01
|                ( - -1.991e+03 2 0)
|                ( - -1.205e+03 1 0))))
|    ( QUESTION0_0_R 1 -1.224e+04 1.331e+02 6.118e+01
|        ( - -1.108e+04 5 0)
|        ( - -1.027e+03 1 0)))
s>    ( QUESTION0 -1 -1.754e+04 2.348e+02 8.518e+01
s>        ( QUESTION0_0_R 1 -5.068e+03 1.448e+02 2.400e+01
s>            ( - -6.215e+02 1 0)
s>            ( WDBNDRY_S 0 -4.302e+03 1.425e+02 2.000e+01
s>                ( - -8.348e+02 2 0)
s>                ( QUESTION0_5_R 1 -3.325e+03 1.289e+02 1.500e+01
s>                    ( - -1.991e+03 2 0)
s>                    ( - -1.205e+03 1 0))))
s>        ( QUESTION0_0_R 1 -1.224e+04 1.331e+02 6.118e+01
s>            ( - -1.108e+04 5 0)
s>            ( - -1.027e+03 1 0)))INFO: dtree.c(1315): Comp split 15
INFO: dtree.c(1439): stop. leaf nodes are specific
INFO: dtree.c(1478): Final simple tree
|( QUESTION0_0_R 1 -5.068e+03 1.448e+02 2.400e+01
|    ( - -6.215e+02 1 0)
|    ( WDBNDRY_S 0 -4.302e+03 1.425e+02 2.000e+01
|        ( - -8.348e+02 2 0)
|        ( QUESTION0_5_R 1 -3.325e+03 1.289e+02 1.500e+01
|            ( - -1.991e+03 2 0)
|            ( - -1.205e+03 1 0))))
s>    ( QUESTION0_0_R 1 -5.068e+03 1.448e+02 2.400e+01
s>        ( - -6.215e+02 1 0)
s>        ( WDBNDRY_S 0 -4.302e+03 1.425e+02 2.000e+01
s>            ( - -8.348e+02 2 0)
s>            ( QUESTION0_5_R 1 -3.325e+03 1.289e+02 1.500e+01
s>                ( - -1.991e+03 2 0)
s>                ( - -1.205e+03 1 0))))INFO: dtree.c(1439): stop. leaf nodes are specific
INFO: dtree.c(1478): Final simple tree
|( QUESTION0_0_R 1 -1.224e+04 1.331e+02 6.118e+01
|    ( - -1.108e+04 5 0)
|    ( - -1.027e+03 1 0))
s>    ( QUESTION0_0_R 1 -1.224e+04 1.331e+02 6.118e+01
s>        ( - -1.108e+04 5 0)
s>        ( - -1.027e+03 1 0))INFO: dtree.c(1315): Comp split 16
INFO: dtree.c(1439): stop. leaf nodes are specific
INFO: dtree.c(1478): Final simple tree
|( WDBNDRY_E 0 -1.472e+05 9.832e+01 7.092e+02
|    ( - -1.565e+03 2 0)
|    ( - -1.456e+05 22 0))
s>    ( WDBNDRY_E 0 -1.472e+05 9.832e+01 7.092e+02
s>        ( - -1.565e+03 2 0)
s>        ( - -1.456e+05 22 0))INFO: dtree.c(1439): stop. leaf nodes are specific
INFO: dtree.c(1478): Final simple tree
|( WDBNDRY_B 0 -7.596e+04 1.644e+02 3.609e+02
|    ( QUESTION0_0_R 1 -6.622e+04 1.024e+02 3.140e+02
|        ( - -6.481e+04 20 0)
|        ( - -1.308e+03 3 0))
|    ( QUESTION0_0_R 1 -9.568e+03 1.172e+02 4.692e+01
|        ( - -2.150e+03 2 0)
|        ( - -7.301e+03 5 0)))
s>    ( WDBNDRY_B 0 -7.596e+04 1.644e+02 3.609e+02
s>        ( QUESTION0_0_R 1 -6.622e+04 1.024e+02 3.140e+02
s>            ( - -6.481e+04 20 0)
s>            ( - -1.308e+03 3 0))
s>        ( QUESTION0_0_R 1 -9.568e+03 1.172e+02 4.692e+01
s>            ( - -2.150e+03 2 0)
s>            ( - -7.301e+03 5 0)))INFO: dtree.c(1315): Comp split 17
INFO: dtree.c(1439): stop. leaf nodes are specific
INFO: dtree.c(1478): Final simple tree
|( WDBNDRY_B 0 -6.353e+03 1.150e+02 3.200e+01
|    ( QUESTION12 -1 -2.687e+03 9.212e+01 1.400e+01
|        ( - -1.876e+03 2 0)
|        ( - -7.192e+02 2 0))
|    ( - -3.551e+03 2 0))
s>    ( WDBNDRY_B 0 -6.353e+03 1.150e+02 3.200e+01
s>        ( QUESTION12 -1 -2.687e+03 9.212e+01 1.400e+01
s>            ( - -1.876e+03 2 0)
s>            ( - -7.192e+02 2 0))
s>        ( - -3.551e+03 2 0))INFO: dtree.c(1478): Final simple tree
|( SILENCE -1 -6.030e+04 2.050e+02 2.887e+02
|    ( - -4.478e+03 1 0)
|    ( QUESTION2_1_L -1 -5.562e+04 1.666e+02 2.674e+02
|        ( QUESTION2 -1 -3.385e+03 1.521e+02 1.686e+01
|            ( - -2.509e+02 1 0)
|            ( WDBNDRY_B 0 -2.982e+03 1.114e+02 1.486e+01
|                ( - -2.365e+03 3 0)
|                ( - -5.052e+02 1 0)))
|        ( QUESTION0_0_R 1 -5.206e+04 1.224e+02 2.505e+02
|            ( QUESTION10 -1 -5.084e+04 1.116e+02 2.445e+02
|                ( - -4.298e+04 17 0)
|                ( - -7.753e+03 5 0 WDBNDRY_B 0 9.005e+01 3.801e+01))
|            ( QUESTION2 -1 -1.101e+03 1.834e+02 6.000e+00
|                ( - -4.660e+02 2 0)
|                ( - -4.512e+02 1 0)))))
s>    ( SILENCE -1 -6.030e+04 2.050e+02 2.887e+02
s>        ( - -4.478e+03 1 0)
s>        ( QUESTION2_1_L -1 -5.562e+04 1.666e+02 2.674e+02
s>            ( QUESTION2 -1 -3.385e+03 1.521e+02 1.686e+01
s>                ( - -2.509e+02 1 0)
s>                ( WDBNDRY_B 0 -2.982e+03 1.114e+02 1.486e+01
s>                    ( - -2.365e+03 3 0)
s>                    ( - -5.052e+02 1 0)))
s>            ( QUESTION0_0_R 1 -5.206e+04 1.224e+02 2.505e+02
s>                ( QUESTION10 -1 -5.084e+04 1.116e+02 2.445e+02
s>                    ( - -4.298e+04 17 0)
s>                    ( - -7.753e+03 5 0 WDBNDRY_B 0 9.005e+01 3.801e+01))
s>                ( QUESTION2 -1 -1.101e+03 1.834e+02 6.000e+00
s>                    ( - -4.660e+02 2 0)
s>                    ( - -4.512e+02 1 0)))))INFO: dtree.c(1315): Comp split 18
INFO: dtree.c(1439): stop. leaf nodes are specific
INFO: dtree.c(1478): Final simple tree
|( WDBNDRY_B 0 -3.714e+04 1.390e+02 1.781e+02
|    ( - -8.228e+03 3 0)
|    ( WDBNDRY_E 0 -2.877e+04 1.109e+02 1.372e+02
|        ( - -5.570e+02 2 0)
|        ( - -2.810e+04 7 0)))
s>    ( WDBNDRY_B 0 -3.714e+04 1.390e+02 1.781e+02
s>        ( - -8.228e+03 3 0)
s>        ( WDBNDRY_E 0 -2.877e+04 1.109e+02 1.372e+02
s>            ( - -5.570e+02 2 0)
s>            ( - -2.810e+04 7 0)))INFO: dtree.c(1439): stop. leaf nodes are specific
INFO: dtree.c(1478): Final simple tree
|( WDBNDRY_B 0 -1.287e+04 1.577e+02 6.206e+01
|    ( - -2.471e+02 1 0)
|    ( SILENCE 1 -1.246e+04 1.532e+02 6.006e+01
|        ( - -3.079e+02 1 0)
|        ( QUESTION0_8_R 1 -1.200e+04 1.297e+02 5.806e+01
|            ( WDBNDRY_E 0 -1.135e+04 1.288e+02 5.506e+01
|                ( - -5.141e+02 1 0)
|                ( QUESTION0 -1 -1.071e+04 9.961e+01 5.206e+01
|                    ( - -9.061e+03 3 0)
|                    ( - -1.551e+03 2 0)))
|            ( - -5.177e+02 1 0))))
s>    ( WDBNDRY_B 0 -1.287e+04 1.577e+02 6.206e+01
s>        ( - -2.471e+02 1 0)
s>        ( SILENCE 1 -1.246e+04 1.532e+02 6.006e+01
s>            ( - -3.079e+02 1 0)
s>            ( QUESTION0_8_R 1 -1.200e+04 1.297e+02 5.806e+01
s>                ( WDBNDRY_E 0 -1.135e+04 1.288e+02 5.506e+01
s>                    ( - -5.141e+02 1 0)
s>                    ( QUESTION0 -1 -1.071e+04 9.961e+01 5.206e+01
s>                        ( - -9.061e+03 3 0)
s>                        ( - -1.551e+03 2 0)))
s>                ( - -5.177e+02 1 0))))INFO: dtree.c(1315): Comp split 19
INFO: dtree.c(1439): stop. leaf nodes are specific
INFO: dtree.c(1478): Final simple tree
|( QUESTION0 -1 -1.954e+04 1.503e+02 9.412e+01
|    ( WDBNDRY_S 0 -1.118e+04 9.362e+01 5.390e+01
|        ( - -5.965e+02 3 0)
|        ( - -1.049e+04 4 0))
|    ( - -8.209e+03 2 0))
s>    ( QUESTION0 -1 -1.954e+04 1.503e+02 9.412e+01
s>        ( WDBNDRY_S 0 -1.118e+04 9.362e+01 5.390e+01
s>            ( - -5.965e+02 3 0)
s>            ( - -1.049e+04 4 0))
s>        ( - -8.209e+03 2 0))INFO: dtree.c(1439): stop. leaf nodes are specific
INFO: dtree.c(1478): Final simple tree
|( QUESTION0_8_R 1 -7.755e+03 1.761e+02 3.685e+01
|    ( - -4.830e+03 4 0)
|    ( WDBNDRY_E 0 -2.749e+03 1.304e+02 1.282e+01
|        ( - -5.372e+02 2 0)
|        ( - -2.081e+03 1 0)))
s>    ( QUESTION0_8_R 1 -7.755e+03 1.761e+02 3.685e+01
s>        ( - -4.830e+03 4 0)
s>        ( WDBNDRY_E 0 -2.749e+03 1.304e+02 1.282e+01
s>            ( - -5.372e+02 2 0)
s>            ( - -2.081e+03 1 0)))INFO: dtree.c(1315): Comp split 20
INFO: dtree.c(1478): Final simple tree
|( QUESTION2_10_L -1 -2.906e+04 1.920e+02 1.381e+02
|    ( - -2.123e+02 1 0)
|    ( WDBNDRY_B 0 -2.866e+04 1.581e+02 1.361e+02
|        ( QUESTION11 -1 -2.784e+04 1.517e+02 1.321e+02
|            ( - -2.737e+02 1 0)
|            ( QUESTION0_8_R 1 -2.741e+04 1.375e+02 1.301e+02
|                ( QUESTION0 -1 -1.006e+03 1.589e+02 6.000e+00
|                    ( - -2.095e+02 1 0)
|                    ( - -6.379e+02 1 0))
|                ( QUESTION3 -1 -2.627e+04 1.374e+02 1.241e+02
|                    ( - -2.626e+02 1 0)
|                    ( QUESTION0 -1 -2.587e+04 1.262e+02 1.221e+02
|                        ( - -1.392e+04 9 0)
|                        ( - -1.183e+04 9 0)))))
|        ( - -6.634e+02 1 0)))
s>    ( QUESTION2_10_L -1 -2.906e+04 1.920e+02 1.381e+02
s>        ( - -2.123e+02 1 0)
s>        ( WDBNDRY_B 0 -2.866e+04 1.581e+02 1.361e+02
s>            ( QUESTION11 -1 -2.784e+04 1.517e+02 1.321e+02
s>                ( - -2.737e+02 1 0)
s>                ( QUESTION0_8_R 1 -2.741e+04 1.375e+02 1.301e+02
s>                    ( QUESTION0 -1 -1.006e+03 1.589e+02 6.000e+00
s>                        ( - -2.095e+02 1 0)
s>                        ( - -6.379e+02 1 0))
s>                    ( QUESTION3 -1 -2.627e+04 1.374e+02 1.241e+02
s>                        ( - -2.626e+02 1 0)
s>                        ( QUESTION0 -1 -2.587e+04 1.262e+02 1.221e+02
s>                            ( - -1.392e+04 9 0)
s>                            ( - -1.183e+04 9 0)))))
s>            ( - -6.634e+02 1 0)))INFO: dtree.c(1315): Comp split 21
INFO: dtree.c(1439): stop. leaf nodes are specific
INFO: dtree.c(1478): Final simple tree
|( SILENCE -1 -5.082e+03 1.529e+02 2.435e+01
|    ( - -4.478e+03 1 0)
|    ( - -4.512e+02 1 0))
s>    ( SILENCE -1 -5.082e+03 1.529e+02 2.435e+01
s>        ( - -4.478e+03 1 0)
s>        ( - -4.512e+02 1 0))INFO: dtree.c(1439): stop. leaf nodes are specific
INFO: dtree.c(1478): Final simple tree
|( QUESTION2_1_L -1 -5.501e+04 1.661e+02 2.644e+02
|    ( QUESTION2 -1 -3.385e+03 1.521e+02 1.686e+01
|        ( - -2.509e+02 1 0)
|        ( WDBNDRY_B 0 -2.982e+03 1.114e+02 1.486e+01
|            ( - -2.365e+03 3 0)
|            ( - -5.052e+02 1 0)))
|    ( QUESTION0_0_R 1 -5.146e+04 1.509e+02 2.475e+02
|        ( QUESTION10 -1 -5.084e+04 1.116e+02 2.445e+02
|            ( - -4.298e+04 17 0)
|            ( WDBNDRY_B 0 -7.753e+03 9.005e+01 3.801e+01
|                ( - -1.669e+03 2 0)
|                ( - -5.994e+03 3 0)))
|        ( - -4.660e+02 2 0)))
s>    ( QUESTION2_1_L -1 -5.501e+04 1.661e+02 2.644e+02
s>        ( QUESTION2 -1 -3.385e+03 1.521e+02 1.686e+01
s>            ( - -2.509e+02 1 0)
s>            ( WDBNDRY_B 0 -2.982e+03 1.114e+02 1.486e+01
s>                ( - -2.365e+03 3 0)
s>                ( - -5.052e+02 1 0)))
s>        ( QUESTION0_0_R 1 -5.146e+04 1.509e+02 2.475e+02
s>            ( QUESTION10 -1 -5.084e+04 1.116e+02 2.445e+02
s>                ( - -4.298e+04 17 0)
s>                ( WDBNDRY_B 0 -7.753e+03 9.005e+01 3.801e+01
s>                    ( - -1.669e+03 2 0)
s>                    ( - -5.994e+03 3 0)))
s>            ( - -4.660e+02 2 0)))INFO: dtree.c(1315): Comp split 22
INFO: dtree.c(1439): stop. leaf nodes are specific
INFO: dtree.c(1478): Final simple tree
|( WDBNDRY_B 0 -2.866e+04 1.581e+02 1.361e+02
|    ( QUESTION11 -1 -2.784e+04 1.517e+02 1.321e+02
|        ( - -2.737e+02 1 0)
|        ( QUESTION0_8_R 1 -2.741e+04 1.375e+02 1.301e+02
|            ( QUESTION0 -1 -1.006e+03 1.589e+02 6.000e+00
|                ( - -2.095e+02 1 0)
|                ( - -6.379e+02 1 0))
|            ( QUESTION3 -1 -2.627e+04 1.374e+02 1.241e+02
|                ( - -2.626e+02 1 0)
|                ( QUESTION0 -1 -2.587e+04 1.262e+02 1.221e+02
|                    ( - -1.392e+04 9 0)
|                    ( - -1.183e+04 9 0)))))
|    ( - -6.634e+02 1 0))
s>    ( WDBNDRY_B 0 -2.866e+04 1.581e+02 1.361e+02
s>        ( QUESTION11 -1 -2.784e+04 1.517e+02 1.321e+02
s>            ( - -2.737e+02 1 0)
s>            ( QUESTION0_8_R 1 -2.741e+04 1.375e+02 1.301e+02
s>                ( QUESTION0 -1 -1.006e+03 1.589e+02 6.000e+00
s>                    ( - -2.095e+02 1 0)
s>                    ( - -6.379e+02 1 0))
s>                ( QUESTION3 -1 -2.627e+04 1.374e+02 1.241e+02
s>                    ( - -2.626e+02 1 0)
s>                    ( QUESTION0 -1 -2.587e+04 1.262e+02 1.221e+02
s>                        ( - -1.392e+04 9 0)
s>                        ( - -1.183e+04 9 0)))))
s>        ( - -6.634e+02 1 0))INFO: dtree.c(1315): Comp split 23
INFO: dtree.c(1439): stop. leaf nodes are specific
INFO: dtree.c(1478): Final simple tree
|( QUESTION0_0_R 1 -1.096e+04 1.193e+02 5.392e+01
|    ( - -2.150e+03 2 0)
|    ( WDBNDRY_B 0 -8.696e+03 8.672e+01 4.292e+01
|        ( - -1.308e+03 3 0)
|        ( - -7.301e+03 5 0)))
s>    ( QUESTION0_0_R 1 -1.096e+04 1.193e+02 5.392e+01
s>        ( - -2.150e+03 2 0)
s>        ( WDBNDRY_B 0 -8.696e+03 8.672e+01 4.292e+01
s>            ( - -1.308e+03 3 0)
s>            ( - -7.301e+03 5 0)))INFO: dtree.c(1315): Comp split 24
INFO: dtree.c(1439): stop. leaf nodes are specific
INFO: dtree.c(1478): Final simple tree
|( WDBNDRY_E 0 -2.749e+03 1.304e+02 1.282e+01
|    ( - -5.372e+02 2 0)
|    ( - -2.081e+03 1 0))
s>    ( WDBNDRY_E 0 -2.749e+03 1.304e+02 1.282e+01
s>        ( - -5.372e+02 2 0)
s>        ( - -2.081e+03 1 0))INFO: dtree.c(1315): Comp split 25
INFO: dtree.c(1439): stop. leaf nodes are specific
INFO: dtree.c(1478): Final simple tree
|( WDBNDRY_B 0 -2.828e+04 1.576e+02 1.341e+02
|    ( QUESTION11 -1 -2.746e+04 1.516e+02 1.301e+02
|        ( - -2.737e+02 1 0)
|        ( QUESTION3 -1 -2.703e+04 1.366e+02 1.281e+02
|            ( - -2.626e+02 1 0)
|            ( QUESTION0 -1 -2.663e+04 1.316e+02 1.261e+02
|                ( - -1.392e+04 9 0)
|                ( QUESTION0_8_R 1 -1.258e+04 1.208e+02 6.045e+01
|                    ( - -6.379e+02 1 0)
|                    ( - -1.183e+04 9 0)))))
|    ( - -6.634e+02 1 0))
s>    ( WDBNDRY_B 0 -2.828e+04 1.576e+02 1.341e+02
s>        ( QUESTION11 -1 -2.746e+04 1.516e+02 1.301e+02
s>            ( - -2.737e+02 1 0)
s>            ( QUESTION3 -1 -2.703e+04 1.366e+02 1.281e+02
s>                ( - -2.626e+02 1 0)
s>                ( QUESTION0 -1 -2.663e+04 1.316e+02 1.261e+02
s>                    ( - -1.392e+04 9 0)
s>                    ( QUESTION0_8_R 1 -1.258e+04 1.208e+02 6.045e+01
s>                        ( - -6.379e+02 1 0)
s>                        ( - -1.183e+04 9 0)))))
s>        ( - -6.634e+02 1 0))INFO: dtree.c(1315): Comp split 26
INFO: dtree.c(1439): stop. leaf nodes are specific
INFO: dtree.c(1478): Final simple tree
|( QUESTION10 -1 -5.459e+04 1.623e+02 2.624e+02
|    ( QUESTION0_0_R 1 -4.359e+04 1.499e+02 2.095e+02
|        ( - -4.298e+04 17 0)
|        ( - -4.660e+02 2 0))
|    ( QUESTION16 -1 -1.084e+04 1.015e+02 5.287e+01
|        ( WDBNDRY_B 0 -2.982e+03 1.114e+02 1.486e+01
|            ( - -2.365e+03 3 0)
|            ( - -5.052e+02 1 0))
|        ( WDBNDRY_B 0 -7.753e+03 9.005e+01 3.801e+01
|            ( - -1.669e+03 2 0)
|            ( - -5.994e+03 3 0))))
s>    ( QUESTION10 -1 -5.459e+04 1.623e+02 2.624e+02
s>        ( QUESTION0_0_R 1 -4.359e+04 1.499e+02 2.095e+02
s>            ( - -4.298e+04 17 0)
s>            ( - -4.660e+02 2 0))
s>        ( QUESTION16 -1 -1.084e+04 1.015e+02 5.287e+01
s>            ( WDBNDRY_B 0 -2.982e+03 1.114e+02 1.486e+01
s>                ( - -2.365e+03 3 0)
s>                ( - -5.052e+02 1 0))
s>            ( WDBNDRY_B 0 -7.753e+03 9.005e+01 3.801e+01
s>                ( - -1.669e+03 2 0)
s>                ( - -5.994e+03 3 0))))INFO: dtree.c(1315): Comp split 27
INFO: dtree.c(1439): stop. leaf nodes are specific
INFO: dtree.c(1478): Final simple tree
|( QUESTION16 -1 -1.084e+04 1.015e+02 5.287e+01
|    ( WDBNDRY_B 0 -2.982e+03 1.114e+02 1.486e+01
|        ( - -2.365e+03 3 0)
|        ( - -5.052e+02 1 0))
|    ( WDBNDRY_B 0 -7.753e+03 9.005e+01 3.801e+01
|        ( - -1.669e+03 2 0)
|        ( - -5.994e+03 3 0)))
s>    ( QUESTION16 -1 -1.084e+04 1.015e+02 5.287e+01
s>        ( WDBNDRY_B 0 -2.982e+03 1.114e+02 1.486e+01
s>            ( - -2.365e+03 3 0)
s>            ( - -5.052e+02 1 0))
s>        ( WDBNDRY_B 0 -7.753e+03 9.005e+01 3.801e+01
s>            ( - -1.669e+03 2 0)
s>            ( - -5.994e+03 3 0)))INFO: dtree.c(1439): stop. leaf nodes are specific
INFO: dtree.c(1478): Final simple tree
|( QUESTION0_0_R 1 -4.359e+04 1.499e+02 2.095e+02
|    ( - -4.298e+04 17 0)
|    ( - -4.660e+02 2 0))
s>    ( QUESTION0_0_R 1 -4.359e+04 1.499e+02 2.095e+02
s>        ( - -4.298e+04 17 0)
s>        ( - -4.660e+02 2 0))INFO: dtree.c(1315): Comp split 28
INFO: dtree.c(1439): stop. leaf nodes are specific
INFO: dtree.c(1478): Final simple tree
|( SILENCE 1 -1.246e+04 1.532e+02 6.006e+01
|    ( - -3.079e+02 1 0)
|    ( QUESTION0_8_R 1 -1.200e+04 1.297e+02 5.806e+01
|        ( WDBNDRY_E 0 -1.135e+04 1.288e+02 5.506e+01
|            ( - -5.141e+02 1 0)
|            ( QUESTION0 -1 -1.071e+04 9.961e+01 5.206e+01
|                ( - -9.061e+03 3 0)
|                ( - -1.551e+03 2 0)))
|        ( - -5.177e+02 1 0)))
s>    ( SILENCE 1 -1.246e+04 1.532e+02 6.006e+01
s>        ( - -3.079e+02 1 0)
s>        ( QUESTION0_8_R 1 -1.200e+04 1.297e+02 5.806e+01
s>            ( WDBNDRY_E 0 -1.135e+04 1.288e+02 5.506e+01
s>                ( - -5.141e+02 1 0)
s>                ( QUESTION0 -1 -1.071e+04 9.961e+01 5.206e+01
s>                    ( - -9.061e+03 3 0)
s>                    ( - -1.551e+03 2 0)))
s>            ( - -5.177e+02 1 0)))INFO: dtree.c(1315): Comp split 29
INFO: dtree.c(1439): stop. leaf nodes are specific
INFO: dtree.c(1478): Final simple tree
|( QUESTION11 -1 -2.746e+04 1.516e+02 1.301e+02
|    ( - -2.737e+02 1 0)
|    ( QUESTION3 -1 -2.703e+04 1.366e+02 1.281e+02
|        ( - -2.626e+02 1 0)
|        ( QUESTION0 -1 -2.663e+04 1.316e+02 1.261e+02
|            ( - -1.392e+04 9 0)
|            ( QUESTION0_8_R 1 -1.258e+04 1.208e+02 6.045e+01
|                ( - -6.379e+02 1 0)
|                ( - -1.183e+04 9 0)))))
s>    ( QUESTION11 -1 -2.746e+04 1.516e+02 1.301e+02
s>        ( - -2.737e+02 1 0)
s>        ( QUESTION3 -1 -2.703e+04 1.366e+02 1.281e+02
s>            ( - -2.626e+02 1 0)
s>            ( QUESTION0 -1 -2.663e+04 1.316e+02 1.261e+02
s>                ( - -1.392e+04 9 0)
s>                ( QUESTION0_8_R 1 -1.258e+04 1.208e+02 6.045e+01
s>                    ( - -6.379e+02 1 0)
s>                    ( - -1.183e+04 9 0)))))INFO: dtree.c(1315): Comp split 30
INFO: dtree.c(1439): stop. leaf nodes are specific
INFO: dtree.c(1478): Final simple tree
|( QUESTION0_8_R 1 -1.200e+04 1.297e+02 5.806e+01
|    ( WDBNDRY_E 0 -1.135e+04 1.288e+02 5.506e+01
|        ( - -5.141e+02 1 0)
|        ( QUESTION0 -1 -1.071e+04 9.961e+01 5.206e+01
|            ( - -9.061e+03 3 0)
|            ( - -1.551e+03 2 0)))
|    ( - -5.177e+02 1 0))
s>    ( QUESTION0_8_R 1 -1.200e+04 1.297e+02 5.806e+01
s>        ( WDBNDRY_E 0 -1.135e+04 1.288e+02 5.506e+01
s>            ( - -5.141e+02 1 0)
s>            ( QUESTION0 -1 -1.071e+04 9.961e+01 5.206e+01
s>                ( - -9.061e+03 3 0)
s>                ( - -1.551e+03 2 0)))
s>        ( - -5.177e+02 1 0))INFO: dtree.c(1315): Comp split 31
INFO: dtree.c(1315): Comp split 32
INFO: dtree.c(1439): stop. leaf nodes are specific
INFO: dtree.c(1478): Final simple tree
|( QUESTION3 -1 -2.703e+04 1.366e+02 1.281e+02
|    ( - -2.626e+02 1 0)
|    ( QUESTION0 -1 -2.663e+04 1.316e+02 1.261e+02
|        ( - -1.392e+04 9 0)
|        ( QUESTION0_8_R 1 -1.258e+04 1.208e+02 6.045e+01
|            ( - -6.379e+02 1 0)
|            ( - -1.183e+04 9 0))))
s>    ( QUESTION3 -1 -2.703e+04 1.366e+02 1.281e+02
s>        ( - -2.626e+02 1 0)
s>        ( QUESTION0 -1 -2.663e+04 1.316e+02 1.261e+02
s>            ( - -1.392e+04 9 0)
s>            ( QUESTION0_8_R 1 -1.258e+04 1.208e+02 6.045e+01
s>                ( - -6.379e+02 1 0)
s>                ( - -1.183e+04 9 0))))INFO: dtree.c(1315): Comp split 33
INFO: dtree.c(1439): stop. leaf nodes are specific
INFO: dtree.c(1478): Final simple tree
|( WDBNDRY_S 0 -1.118e+04 9.362e+01 5.390e+01
|    ( - -5.965e+02 3 0)
|    ( - -1.049e+04 4 0))
s>    ( WDBNDRY_S 0 -1.118e+04 9.362e+01 5.390e+01
s>        ( - -5.965e+02 3 0)
s>        ( - -1.049e+04 4 0))INFO: dtree.c(1315): Comp split 34
INFO: dtree.c(1315): Comp split 35
INFO: dtree.c(1439): stop. leaf nodes are specific
INFO: dtree.c(1478): Final simple tree
|( WDBNDRY_S 0 -4.302e+03 1.425e+02 2.000e+01
|    ( - -8.348e+02 2 0)
|    ( QUESTION0_5_R 1 -3.325e+03 1.289e+02 1.500e+01
|        ( - -1.991e+03 2 0)
|        ( - -1.205e+03 1 0)))
s>    ( WDBNDRY_S 0 -4.302e+03 1.425e+02 2.000e+01
s>        ( - -8.348e+02 2 0)
s>        ( QUESTION0_5_R 1 -3.325e+03 1.289e+02 1.500e+01
s>            ( - -1.991e+03 2 0)
s>            ( - -1.205e+03 1 0)))INFO: dtree.c(1315): Comp split 36
INFO: dtree.c(1439): stop. leaf nodes are specific
INFO: dtree.c(1478): Final simple tree
|( QUESTION0_5_R 1 -3.325e+03 1.289e+02 1.500e+01
|    ( - -1.991e+03 2 0)
|    ( - -1.205e+03 1 0))
s>    ( QUESTION0_5_R 1 -3.325e+03 1.289e+02 1.500e+01
s>        ( - -1.991e+03 2 0)
s>        ( - -1.205e+03 1 0))INFO: dtree.c(1315): Comp split 37
INFO: dtree.c(1439): stop. leaf nodes are specific
INFO: dtree.c(1478): Final simple tree
|( WDBNDRY_E 0 -2.877e+04 1.109e+02 1.372e+02
|    ( - -5.570e+02 2 0)
|    ( - -2.810e+04 7 0))
s>    ( WDBNDRY_E 0 -2.877e+04 1.109e+02 1.372e+02
s>        ( - -5.570e+02 2 0)
s>        ( - -2.810e+04 7 0))INFO: dtree.c(1315): Comp split 38
INFO: dtree.c(1439): stop. leaf nodes are specific
INFO: dtree.c(1478): Final simple tree
|( QUESTION0 -1 -2.663e+04 1.316e+02 1.261e+02
|    ( - -1.392e+04 9 0)
|    ( QUESTION0_8_R 1 -1.258e+04 1.208e+02 6.045e+01
|        ( - -6.379e+02 1 0)
|        ( - -1.183e+04 9 0)))
s>    ( QUESTION0 -1 -2.663e+04 1.316e+02 1.261e+02
s>        ( - -1.392e+04 9 0)
s>        ( QUESTION0_8_R 1 -1.258e+04 1.208e+02 6.045e+01
s>            ( - -6.379e+02 1 0)
s>            ( - -1.183e+04 9 0)))INFO: dtree.c(1315): Comp split 39
INFO: dtree.c(1315): Comp split 40
INFO: dtree.c(1439): stop. leaf nodes are specific
INFO: dtree.c(1478): Final simple tree
|( QUESTION0_8_R 1 -1.258e+04 1.208e+02 6.045e+01
|    ( - -6.379e+02 1 0)
|    ( - -1.183e+04 9 0))
s>    ( QUESTION0_8_R 1 -1.258e+04 1.208e+02 6.045e+01
s>        ( - -6.379e+02 1 0)
s>        ( - -1.183e+04 9 0))INFO: dtree.c(1315): Comp split 41
INFO: dtree.c(1315): Comp split 42
INFO: dtree.c(1439): stop. leaf nodes are specific
INFO: dtree.c(1478): Final simple tree
|( WDBNDRY_E 0 -1.136e+04 1.285e+02 5.506e+01
|    ( - -5.177e+02 1 0)
|    ( QUESTION0 -1 -1.071e+04 9.961e+01 5.206e+01
|        ( - -9.061e+03 3 0)
|        ( - -1.551e+03 2 0)))
s>    ( WDBNDRY_E 0 -1.136e+04 1.285e+02 5.506e+01
s>        ( - -5.177e+02 1 0)
s>        ( QUESTION0 -1 -1.071e+04 9.961e+01 5.206e+01
s>            ( - -9.061e+03 3 0)
s>            ( - -1.551e+03 2 0)))INFO: dtree.c(1315): Comp split 43
INFO: dtree.c(1315): Comp split 44
INFO: dtree.c(1439): stop. leaf nodes are specific
INFO: dtree.c(1478): Final simple tree
|( QUESTION0 -1 -1.071e+04 9.961e+01 5.206e+01
|    ( - -9.061e+03 3 0)
|    ( - -1.551e+03 2 0))
s>    ( QUESTION0 -1 -1.071e+04 9.961e+01 5.206e+01
s>        ( - -9.061e+03 3 0)
s>        ( - -1.551e+03 2 0))INFO: dtree.c(1315): Comp split 45
INFO: dtree.c(1315): Comp split 46
INFO: dtree.c(1439): stop. leaf nodes are specific
INFO: dtree.c(1478): Final simple tree
|( WDBNDRY_B 0 -8.696e+03 8.672e+01 4.292e+01
|    ( - -1.308e+03 3 0)
|    ( - -7.301e+03 5 0))
s>    ( WDBNDRY_B 0 -8.696e+03 8.672e+01 4.292e+01
s>        ( - -1.308e+03 3 0)
s>        ( - -7.301e+03 5 0))INFO: dtree.c(1315): Comp split 47
INFO: dtree.c(1439): stop. leaf nodes are specific
INFO: dtree.c(1478): Final simple tree
|( QUESTION12 -1 -2.687e+03 9.212e+01 1.400e+01
|    ( - -1.876e+03 2 0)
|    ( - -7.192e+02 2 0))
s>    ( QUESTION12 -1 -2.687e+03 9.212e+01 1.400e+01
s>        ( - -1.876e+03 2 0)
s>        ( - -7.192e+02 2 0))INFO: dtree.c(1315): Comp split 48
INFO: dtree.c(1315): Comp split 49
INFO: dtree.c(1439): stop. leaf nodes are specific
INFO: dtree.c(1478): Final simple tree
|( QUESTION16 -1 -1.022e+04 1.029e+02 4.987e+01
|    ( - -2.365e+03 3 0)
|    ( WDBNDRY_B 0 -7.753e+03 9.005e+01 3.801e+01
|        ( - -1.669e+03 2 0)
|        ( - -5.994e+03 3 0)))
s>    ( QUESTION16 -1 -1.022e+04 1.029e+02 4.987e+01
s>        ( - -2.365e+03 3 0)
s>        ( WDBNDRY_B 0 -7.753e+03 9.005e+01 3.801e+01
s>            ( - -1.669e+03 2 0)
s>            ( - -5.994e+03 3 0)))INFO: dtree.c(1315): Comp split 50
INFO: dtree.c(1439): stop. leaf nodes are specific
INFO: dtree.c(1478): Final simple tree
|( WDBNDRY_B 0 -7.753e+03 9.005e+01 3.801e+01
|    ( - -1.669e+03 2 0)
|    ( - -5.994e+03 3 0))
s>    ( WDBNDRY_B 0 -7.753e+03 9.005e+01 3.801e+01
s>        ( - -1.669e+03 2 0)
s>        ( - -5.994e+03 3 0))INFO: dtree.c(1315): Comp split 51
INFO: dtree.c(1315): Comp split 52
INFO: dtree.c(1315): Comp split 53
INFO: dtree.c(1315): Comp split 54
INFO: dtree.c(1315): Comp split 55
INFO: dtree.c(1315): Comp split 56
INFO: dtree.c(1315): Comp split 57
INFO: dtree.c(1318): stop. leaf nodes are specific
!!!!!!!!Allocated 66 lines
Fri Apr  8 00:55:42 2016
