Current configuration:
[NAME]		[DEFLT]	[VALUE]
-allphones	no	no
-cntthresh	0.00001	1.000000e-05
-csplitmax	100	2000
-csplitmin	1	1
-csplitthr	8e-4	0.000000e+00
-example	no	no
-fullvar	no	no
-help		no	no
-meanfn			/home/yaroslav/model/model_parameters/ua.cd_cont_untied/means
-mixwfn			/home/yaroslav/model/model_parameters/ua.cd_cont_untied/mixture_weights
-moddeffn		/home/yaroslav/model/model_architecture/ua.untied.mdef
-mwfloor	1e-4	1.000000e-08
-phone			H
-psetfn			/home/yaroslav/model/model_architecture/ua.tree_questions
-ssplitmax	5	7
-ssplitmin	1	1
-ssplitthr	8e-4	0.000000e+00
-state			0
-stwt			1.0,0.05,0.0,
-treefn			/home/yaroslav/model/trees/ua.unpruned/H-0.dtree
-ts2cbfn	.semi.	.cont.
-varfloor	0.00001	1.000000e-05
-varfn			/home/yaroslav/model/model_parameters/ua.cd_cont_untied/variances

INFO: main.c(223): Reading: /home/yaroslav/model/model_architecture/ua.untied.mdef
INFO: model_def_io.c(573): Model definition info:
INFO: model_def_io.c(574): 8408 total models defined (50 base, 8358 tri)
INFO: model_def_io.c(575): 33632 total states
INFO: model_def_io.c(576): 25224 total tied states
INFO: model_def_io.c(577): 150 total tied CI states
INFO: model_def_io.c(578): 50 total tied transition matrices
INFO: model_def_io.c(579): 4 max state/model
INFO: model_def_io.c(580): 4 min state/model
INFO: main.c(242): Building trees for [H A A b] through [H Z U i]
INFO: main.c(269): Covering states |[6171 6668]| == 498
INFO: main.c(275): Reading: /home/yaroslav/model/model_parameters/ua.cd_cont_untied/mixture_weights
INFO: s3mixw_io.c(173): Read /home/yaroslav/model/model_parameters/ua.cd_cont_untied/mixture_weights [498x1x1 array]
INFO: main.c(311): 166 of 166 models have observation count greater than 0.000010
INFO: main.c(95): nrm stwt: 0.952 0.048 0.000 
INFO: s3gau_io.c(169): Read /home/yaroslav/model/model_parameters/ua.cd_cont_untied/means [25224x1x1 array]
INFO: s3gau_io.c(169): Read /home/yaroslav/model/model_parameters/ua.cd_cont_untied/variances [25224x1x1 array]
INFO: main.c(549): Reading: /home/yaroslav/model/model_architecture/ua.tree_questions
INFO: main.c(588): 174 total simple questions (166 phone; 8 word bndry)
INFO: main.c(590): 42 Left Only questions, and 40 Right Only questions
INFO: dtree.c(1478): Final simple tree
|( QUESTION1 -1 -3.229e+05 1.133e+03 1.505e+03
|    ( SILENCE 1 -9.692e+04 5.035e+02 4.524e+02
|        ( - -8.321e+03 1 0)
|        ( QUESTION15 -1 -8.809e+04 4.582e+02 4.154e+02
|            ( - 2.061e+02 1 0)
|            ( - -8.784e+04 62 0 WDBNDRY_B 0 4.446e+02 4.144e+02)))
|    ( WDBNDRY_E 0 -2.248e+05 5.962e+02 1.052e+03
|        ( QUESTION8 1 -7.706e+04 4.550e+02 3.661e+02
|            ( - 2.421e+02 1 0)
|            ( - -7.685e+04 39 0 QUESTION0_13_R 1 2.051e+02 3.651e+02))
|        ( SILENCE -1 -1.472e+05 5.917e+02 6.861e+02
|            ( QUESTION0_0_R 1 -9.421e+03 4.662e+02 4.605e+01
|                ( - -9.197e+03 1 0)
|                ( - 2.421e+02 1 0))
|            ( - -1.372e+05 60 0 QUESTION14 1 4.459e+02 6.401e+02))))
s>    ( QUESTION1 -1 -3.229e+05 1.133e+03 1.505e+03
s>        ( SILENCE 1 -9.692e+04 5.035e+02 4.524e+02
s>            ( - -8.321e+03 1 0)
s>            ( QUESTION15 -1 -8.809e+04 4.582e+02 4.154e+02
s>                ( - 2.061e+02 1 0)
s>                ( - -8.784e+04 62 0 WDBNDRY_B 0 4.446e+02 4.144e+02)))
s>        ( WDBNDRY_E 0 -2.248e+05 5.962e+02 1.052e+03
s>            ( QUESTION8 1 -7.706e+04 4.550e+02 3.661e+02
s>                ( - 2.421e+02 1 0)
s>                ( - -7.685e+04 39 0 QUESTION0_13_R 1 2.051e+02 3.651e+02))
s>            ( SILENCE -1 -1.472e+05 5.917e+02 6.861e+02
s>                ( QUESTION0_0_R 1 -9.421e+03 4.662e+02 4.605e+01
s>                    ( - -9.197e+03 1 0)
s>                    ( - 2.421e+02 1 0))
s>                ( - -1.372e+05 60 0 QUESTION14 1 4.459e+02 6.401e+02))))INFO: dtree.c(1315): Comp split 0
INFO: dtree.c(1478): Final simple tree
|( QUESTION14 1 -1.372e+05 4.459e+02 6.401e+02
|    ( - 2.415e+02 1 0)
|    ( QUESTION0_8_R 1 -1.370e+05 2.711e+02 6.391e+02
|        ( QUESTION11 1 -2.724e+04 1.784e+02 1.317e+02
|            ( - -2.711e+02 1 0)
|            ( QUESTION0_11_R 1 -2.679e+04 1.662e+02 1.297e+02
|                ( - -1.622e+04 6 0)
|                ( - -1.040e+04 10 0 WDBNDRY_B 0 1.818e+02 5.100e+01)))
|        ( WDBNDRY_B 0 -1.095e+05 2.458e+02 5.074e+02
|            ( QUESTION0_0_R 1 -3.832e+04 2.471e+02 1.784e+02
|                ( - -2.807e+04 15 0)
|                ( - -9.998e+03 8 0 QUESTION0_2_R 1 1.132e+02 4.700e+01))
|            ( QUESTION0_2_R 1 -7.089e+04 4.301e+02 3.289e+02
|                ( - 2.184e+02 1 0)
|                ( - -7.068e+04 18 0 QUESTION0_0_R 1 1.045e+02 3.279e+02)))))
s>    ( QUESTION14 1 -1.372e+05 4.459e+02 6.401e+02
s>        ( - 2.415e+02 1 0)
s>        ( QUESTION0_8_R 1 -1.370e+05 2.711e+02 6.391e+02
s>            ( QUESTION11 1 -2.724e+04 1.784e+02 1.317e+02
s>                ( - -2.711e+02 1 0)
s>                ( QUESTION0_11_R 1 -2.679e+04 1.662e+02 1.297e+02
s>                    ( - -1.622e+04 6 0)
s>                    ( - -1.040e+04 10 0 WDBNDRY_B 0 1.818e+02 5.100e+01)))
s>            ( WDBNDRY_B 0 -1.095e+05 2.458e+02 5.074e+02
s>                ( QUESTION0_0_R 1 -3.832e+04 2.471e+02 1.784e+02
s>                    ( - -2.807e+04 15 0)
s>                    ( - -9.998e+03 8 0 QUESTION0_2_R 1 1.132e+02 4.700e+01))
s>                ( QUESTION0_2_R 1 -7.089e+04 4.301e+02 3.289e+02
s>                    ( - 2.184e+02 1 0)
s>                    ( - -7.068e+04 18 0 QUESTION0_0_R 1 1.045e+02 3.279e+02)))))INFO: dtree.c(1478): Final simple tree
|( QUESTION1 -1 -1.845e+05 5.972e+02 8.645e+02
|    ( SILENCE 1 -9.692e+04 5.035e+02 4.524e+02
|        ( - -8.321e+03 1 0)
|        ( QUESTION15 -1 -8.809e+04 4.582e+02 4.154e+02
|            ( - 2.061e+02 1 0)
|            ( WDBNDRY_B 0 -8.784e+04 4.446e+02 4.144e+02
|                ( - -4.363e+04 28 0 QUESTION3 -1 4.379e+02 2.030e+02)
|                ( - -4.376e+04 34 0 QUESTION2_11_L -1 4.318e+02 2.114e+02))))
|    ( WDBNDRY_B 0 -8.700e+04 5.167e+02 4.121e+02
|        ( QUESTION0_0_R 1 -9.421e+03 4.662e+02 4.605e+01
|            ( - -9.197e+03 1 0)
|            ( - 2.421e+02 1 0))
|        ( QUESTION8 1 -7.706e+04 4.550e+02 3.661e+02
|            ( - 2.421e+02 1 0)
|            ( - -7.685e+04 39 0 QUESTION0_13_R 1 2.051e+02 3.651e+02))))
s>    ( QUESTION1 -1 -1.845e+05 5.972e+02 8.645e+02
s>        ( SILENCE 1 -9.692e+04 5.035e+02 4.524e+02
s>            ( - -8.321e+03 1 0)
s>            ( QUESTION15 -1 -8.809e+04 4.582e+02 4.154e+02
s>                ( - 2.061e+02 1 0)
s>                ( WDBNDRY_B 0 -8.784e+04 4.446e+02 4.144e+02
s>                    ( - -4.363e+04 28 0 QUESTION3 -1 4.379e+02 2.030e+02)
s>                    ( - -4.376e+04 34 0 QUESTION2_11_L -1 4.318e+02 2.114e+02))))
s>        ( WDBNDRY_B 0 -8.700e+04 5.167e+02 4.121e+02
s>            ( QUESTION0_0_R 1 -9.421e+03 4.662e+02 4.605e+01
s>                ( - -9.197e+03 1 0)
s>                ( - 2.421e+02 1 0))
s>            ( QUESTION8 1 -7.706e+04 4.550e+02 3.661e+02
s>                ( - 2.421e+02 1 0)
s>                ( - -7.685e+04 39 0 QUESTION0_13_R 1 2.051e+02 3.651e+02))))INFO: dtree.c(1315): Comp split 1
INFO: dtree.c(1478): Final simple tree
|( QUESTION14 -1 -4.402e+04 4.577e+02 2.124e+02
|    ( - 2.061e+02 1 0)
|    ( QUESTION2_11_L -1 -4.376e+04 4.318e+02 2.114e+02
|        ( - 2.181e+02 1 0)
|        ( QUESTION0_13_R 1 -4.355e+04 3.104e+02 2.104e+02
|            ( - -7.284e+03 4 0)
|            ( QUESTION2_1_L -1 -3.596e+04 2.065e+02 1.760e+02
|                ( - -1.124e+03 2 0)
|                ( QUESTION0_4_R 1 -3.463e+04 1.693e+02 1.700e+02
|                    ( - -9.646e+03 6 0 QUESTION12 1 1.350e+02 4.729e+01)
|                    ( QUESTION12 -1 -2.481e+04 1.647e+02 1.227e+02
|                        ( - -2.514e+02 1 0)
|                        ( QUESTION0_11_R 1 -2.440e+04 1.567e+02 1.207e+02
|                            ( - -4.655e+03 3 0 WDBNDRY_E 0 1.731e+02 2.400e+01)
|                            ( - -1.958e+04 17 0 QUESTION0_16_R 1 1.585e+02 9.670e+01))))))))
s>    ( QUESTION14 -1 -4.402e+04 4.577e+02 2.124e+02
s>        ( - 2.061e+02 1 0)
s>        ( QUESTION2_11_L -1 -4.376e+04 4.318e+02 2.114e+02
s>            ( - 2.181e+02 1 0)
s>            ( QUESTION0_13_R 1 -4.355e+04 3.104e+02 2.104e+02
s>                ( - -7.284e+03 4 0)
s>                ( QUESTION2_1_L -1 -3.596e+04 2.065e+02 1.760e+02
s>                    ( - -1.124e+03 2 0)
s>                    ( QUESTION0_4_R 1 -3.463e+04 1.693e+02 1.700e+02
s>                        ( - -9.646e+03 6 0 QUESTION12 1 1.350e+02 4.729e+01)
s>                        ( QUESTION12 -1 -2.481e+04 1.647e+02 1.227e+02
s>                            ( - -2.514e+02 1 0)
s>                            ( QUESTION0_11_R 1 -2.440e+04 1.567e+02 1.207e+02
s>                                ( - -4.655e+03 3 0 WDBNDRY_E 0 1.731e+02 2.400e+01)
s>                                ( - -1.958e+04 17 0 QUESTION0_16_R 1 1.585e+02 9.670e+01))))))))INFO: dtree.c(1478): Final simple tree
|( QUESTION2 -1 -1.399e+05 5.655e+02 6.521e+02
|    ( QUESTION0 1 -3.815e+04 5.197e+02 1.741e+02
|        ( QUESTION3 -1 -1.966e+04 4.371e+02 9.182e+01
|            ( - 2.173e+02 1 0)
|            ( - -1.944e+04 14 0 QUESTION0_0_R 1 1.446e+02 9.082e+01))
|        ( - -1.796e+04 4 0 WDBNDRY_B 0 2.105e+02 8.226e+01))
|    ( QUESTION2_20_L -1 -1.011e+05 4.999e+02 4.780e+02
|        ( QUESTION8 1 -7.730e+04 4.551e+02 3.671e+02
|            ( - 2.421e+02 1 0)
|            ( - -7.709e+04 40 0 WDBNDRY_B 0 4.354e+02 3.661e+02))
|        ( QUESTION0_12_R 1 -2.334e+04 4.663e+02 1.109e+02
|            ( - 2.421e+02 1 0)
|            ( QUESTION0_10_R 1 -2.311e+04 4.356e+02 1.099e+02
|                ( - 1.875e+02 1 0)
|                ( - -2.286e+04 9 0 QUESTION14 -1 3.824e+02 1.089e+02)))))
s>    ( QUESTION2 -1 -1.399e+05 5.655e+02 6.521e+02
s>        ( QUESTION0 1 -3.815e+04 5.197e+02 1.741e+02
s>            ( QUESTION3 -1 -1.966e+04 4.371e+02 9.182e+01
s>                ( - 2.173e+02 1 0)
s>                ( - -1.944e+04 14 0 QUESTION0_0_R 1 1.446e+02 9.082e+01))
s>            ( - -1.796e+04 4 0 WDBNDRY_B 0 2.105e+02 8.226e+01))
s>        ( QUESTION2_20_L -1 -1.011e+05 4.999e+02 4.780e+02
s>            ( QUESTION8 1 -7.730e+04 4.551e+02 3.671e+02
s>                ( - 2.421e+02 1 0)
s>                ( - -7.709e+04 40 0 WDBNDRY_B 0 4.354e+02 3.661e+02))
s>            ( QUESTION0_12_R 1 -2.334e+04 4.663e+02 1.109e+02
s>                ( - 2.421e+02 1 0)
s>                ( QUESTION0_10_R 1 -2.311e+04 4.356e+02 1.099e+02
s>                    ( - 1.875e+02 1 0)
s>                    ( - -2.286e+04 9 0 QUESTION14 -1 3.824e+02 1.089e+02)))))INFO: dtree.c(1315): Comp split 2
INFO: dtree.c(1478): Final simple tree
|( WDBNDRY_B 0 -9.769e+04 4.749e+02 4.599e+02
|    ( QUESTION0_10_R 1 -2.015e+04 4.392e+02 9.382e+01
|        ( - 1.875e+02 1 0)
|        ( QUESTION3 -1 -1.990e+04 4.373e+02 9.282e+01
|            ( - 2.173e+02 1 0)
|            ( QUESTION2 -1 -1.968e+04 4.342e+02 9.182e+01
|                ( - -1.944e+04 14 0 QUESTION0_0_R 1 1.446e+02 9.082e+01)
|                ( - 1.969e+02 1 0))))
|    ( QUESTION8 1 -7.706e+04 4.550e+02 3.661e+02
|        ( - 2.421e+02 1 0)
|        ( QUESTION0_13_R 1 -7.685e+04 2.051e+02 3.651e+02
|            ( - -8.676e+03 5 0 QUESTION2 1 1.238e+02 4.183e+01)
|            ( QUESTION0_3_R 1 -6.797e+04 1.941e+02 3.233e+02
|                ( - -9.745e+03 3 0)
|                ( - -5.803e+04 31 0 QUESTION0_18_R 1 1.823e+02 2.763e+02)))))
s>    ( WDBNDRY_B 0 -9.769e+04 4.749e+02 4.599e+02
s>        ( QUESTION0_10_R 1 -2.015e+04 4.392e+02 9.382e+01
s>            ( - 1.875e+02 1 0)
s>            ( QUESTION3 -1 -1.990e+04 4.373e+02 9.282e+01
s>                ( - 2.173e+02 1 0)
s>                ( QUESTION2 -1 -1.968e+04 4.342e+02 9.182e+01
s>                    ( - -1.944e+04 14 0 QUESTION0_0_R 1 1.446e+02 9.082e+01)
s>                    ( - 1.969e+02 1 0))))
s>        ( QUESTION8 1 -7.706e+04 4.550e+02 3.661e+02
s>            ( - 2.421e+02 1 0)
s>            ( QUESTION0_13_R 1 -7.685e+04 2.051e+02 3.651e+02
s>                ( - -8.676e+03 5 0 QUESTION2 1 1.238e+02 4.183e+01)
s>                ( QUESTION0_3_R 1 -6.797e+04 1.941e+02 3.233e+02
s>                    ( - -9.745e+03 3 0)
s>                    ( - -5.803e+04 31 0 QUESTION0_18_R 1 1.823e+02 2.763e+02)))))INFO: dtree.c(1478): Final simple tree
|( QUESTION2 -1 -4.159e+04 5.351e+02 1.922e+02
|    ( WDBNDRY_B 0 -1.796e+04 2.105e+02 8.226e+01
|        ( - -9.433e+03 3 0 QUESTION0_2_R 1 1.371e+02 4.525e+01)
|        ( - -8.321e+03 1 0))
|    ( QUESTION0_12_R 1 -2.309e+04 4.663e+02 1.099e+02
|        ( - 2.421e+02 1 0)
|        ( QUESTION14 -1 -2.286e+04 3.824e+02 1.089e+02
|            ( QUESTION0_0_R 1 -1.093e+04 1.523e+02 5.389e+01
|                ( - -3.227e+02 1 0)
|                ( - -1.046e+04 2 0 QUESTION0_2_R 1 1.069e+02 5.189e+01))
|            ( QUESTION0_0_R 1 -1.155e+04 1.654e+02 5.505e+01
|                ( - -1.065e+04 4 0 QUESTION19 -1 1.496e+02 5.105e+01)
|                ( QUESTION12 -1 -7.373e+02 4.406e+02 4.000e+00
|                    ( - 1.974e+02 1 0)
|                    ( - -4.941e+02 1 0))))))
s>    ( QUESTION2 -1 -4.159e+04 5.351e+02 1.922e+02
s>        ( WDBNDRY_B 0 -1.796e+04 2.105e+02 8.226e+01
s>            ( - -9.433e+03 3 0 QUESTION0_2_R 1 1.371e+02 4.525e+01)
s>            ( - -8.321e+03 1 0))
s>        ( QUESTION0_12_R 1 -2.309e+04 4.663e+02 1.099e+02
s>            ( - 2.421e+02 1 0)
s>            ( QUESTION14 -1 -2.286e+04 3.824e+02 1.089e+02
s>                ( QUESTION0_0_R 1 -1.093e+04 1.523e+02 5.389e+01
s>                    ( - -3.227e+02 1 0)
s>                    ( - -1.046e+04 2 0 QUESTION0_2_R 1 1.069e+02 5.189e+01))
s>                ( QUESTION0_0_R 1 -1.155e+04 1.654e+02 5.505e+01
s>                    ( - -1.065e+04 4 0 QUESTION19 -1 1.496e+02 5.105e+01)
s>                    ( QUESTION12 -1 -7.373e+02 4.406e+02 4.000e+00
s>                        ( - 1.974e+02 1 0)
s>                        ( - -4.941e+02 1 0))))))INFO: dtree.c(1315): Comp split 3
INFO: dtree.c(1478): Final simple tree
|( QUESTION0_12_R 1 -2.309e+04 4.663e+02 1.099e+02
|    ( - 2.421e+02 1 0)
|    ( QUESTION14 -1 -2.286e+04 3.824e+02 1.089e+02
|        ( QUESTION0_0_R 1 -1.093e+04 1.523e+02 5.389e+01
|            ( - -3.227e+02 1 0)
|            ( - -1.046e+04 2 0 QUESTION0_2_R 1 1.069e+02 5.189e+01))
|        ( QUESTION0_0_R 1 -1.155e+04 1.654e+02 5.505e+01
|            ( QUESTION19 -1 -1.065e+04 1.496e+02 5.105e+01
|                ( - -5.599e+02 1 0)
|                ( SILENCE -1 -9.937e+03 1.242e+02 4.805e+01
|                    ( - -9.197e+03 1 0)
|                    ( - -6.157e+02 2 0)))
|            ( QUESTION12 -1 -7.373e+02 4.406e+02 4.000e+00
|                ( - 1.974e+02 1 0)
|                ( - -4.941e+02 1 0)))))
s>    ( QUESTION0_12_R 1 -2.309e+04 4.663e+02 1.099e+02
s>        ( - 2.421e+02 1 0)
s>        ( QUESTION14 -1 -2.286e+04 3.824e+02 1.089e+02
s>            ( QUESTION0_0_R 1 -1.093e+04 1.523e+02 5.389e+01
s>                ( - -3.227e+02 1 0)
s>                ( - -1.046e+04 2 0 QUESTION0_2_R 1 1.069e+02 5.189e+01))
s>            ( QUESTION0_0_R 1 -1.155e+04 1.654e+02 5.505e+01
s>                ( QUESTION19 -1 -1.065e+04 1.496e+02 5.105e+01
s>                    ( - -5.599e+02 1 0)
s>                    ( SILENCE -1 -9.937e+03 1.242e+02 4.805e+01
s>                        ( - -9.197e+03 1 0)
s>                        ( - -6.157e+02 2 0)))
s>                ( QUESTION12 -1 -7.373e+02 4.406e+02 4.000e+00
s>                    ( - 1.974e+02 1 0)
s>                    ( - -4.941e+02 1 0)))))INFO: dtree.c(1439): stop. leaf nodes are specific
INFO: dtree.c(1478): Final simple tree
|( WDBNDRY_B 0 -1.796e+04 2.105e+02 8.226e+01
|    ( QUESTION0_2_R 1 -9.433e+03 1.371e+02 4.525e+01
|        ( - -8.830e+03 2 0)
|        ( - -4.659e+02 1 0))
|    ( - -8.321e+03 1 0))
s>    ( WDBNDRY_B 0 -1.796e+04 2.105e+02 8.226e+01
s>        ( QUESTION0_2_R 1 -9.433e+03 1.371e+02 4.525e+01
s>            ( - -8.830e+03 2 0)
s>            ( - -4.659e+02 1 0))
s>        ( - -8.321e+03 1 0))INFO: dtree.c(1315): Comp split 4
INFO: dtree.c(1439): stop. leaf nodes are specific
INFO: dtree.c(1478): Final simple tree
|( QUESTION3 -1 -1.990e+04 4.373e+02 9.282e+01
|    ( - 2.173e+02 1 0)
|    ( QUESTION2 -1 -1.968e+04 4.342e+02 9.182e+01
|        ( QUESTION0_0_R 1 -1.944e+04 1.446e+02 9.082e+01
|            ( - -1.453e+04 9 0)
|            ( - -4.766e+03 5 0))
|        ( - 1.969e+02 1 0)))
s>    ( QUESTION3 -1 -1.990e+04 4.373e+02 9.282e+01
s>        ( - 2.173e+02 1 0)
s>        ( QUESTION2 -1 -1.968e+04 4.342e+02 9.182e+01
s>            ( QUESTION0_0_R 1 -1.944e+04 1.446e+02 9.082e+01
s>                ( - -1.453e+04 9 0)
s>                ( - -4.766e+03 5 0))
s>            ( - 1.969e+02 1 0)))INFO: dtree.c(1478): Final simple tree
|( QUESTION8 1 -7.732e+04 4.550e+02 3.671e+02
|    ( - 2.421e+02 1 0)
|    ( WDBNDRY_B 0 -7.710e+04 4.390e+02 3.661e+02
|        ( - 1.875e+02 1 0)
|        ( QUESTION0_13_R 1 -7.685e+04 2.051e+02 3.651e+02
|            ( - -8.676e+03 5 0 QUESTION2 1 1.238e+02 4.183e+01)
|            ( QUESTION0_3_R 1 -6.797e+04 1.941e+02 3.233e+02
|                ( - -9.745e+03 3 0)
|                ( QUESTION0_18_R 1 -5.803e+04 1.823e+02 2.763e+02
|                    ( - -2.570e+02 1 0)
|                    ( SILENCE 1 -5.759e+04 1.813e+02 2.743e+02
|                        ( - -2.490e+02 1 0)
|                        ( QUESTION19 1 -5.716e+04 1.769e+02 2.723e+02
|                            ( - -1.384e+04 7 0 QUESTION0_12_R 1 1.670e+02 6.944e+01)
|                            ( - -4.314e+04 22 0 QUESTION0_12_R 1 1.696e+02 2.029e+02))))))))
s>    ( QUESTION8 1 -7.732e+04 4.550e+02 3.671e+02
s>        ( - 2.421e+02 1 0)
s>        ( WDBNDRY_B 0 -7.710e+04 4.390e+02 3.661e+02
s>            ( - 1.875e+02 1 0)
s>            ( QUESTION0_13_R 1 -7.685e+04 2.051e+02 3.651e+02
s>                ( - -8.676e+03 5 0 QUESTION2 1 1.238e+02 4.183e+01)
s>                ( QUESTION0_3_R 1 -6.797e+04 1.941e+02 3.233e+02
s>                    ( - -9.745e+03 3 0)
s>                    ( QUESTION0_18_R 1 -5.803e+04 1.823e+02 2.763e+02
s>                        ( - -2.570e+02 1 0)
s>                        ( SILENCE 1 -5.759e+04 1.813e+02 2.743e+02
s>                            ( - -2.490e+02 1 0)
s>                            ( QUESTION19 1 -5.716e+04 1.769e+02 2.723e+02
s>                                ( - -1.384e+04 7 0 QUESTION0_12_R 1 1.670e+02 6.944e+01)
s>                                ( - -4.314e+04 22 0 QUESTION0_12_R 1 1.696e+02 2.029e+02))))))))INFO: dtree.c(1315): Comp split 5
INFO: dtree.c(1478): Final simple tree
|( QUESTION14 -1 -2.286e+04 3.824e+02 1.089e+02
|    ( QUESTION0_0_R 1 -1.093e+04 1.523e+02 5.389e+01
|        ( - -3.227e+02 1 0)
|        ( QUESTION0_2_R 1 -1.046e+04 1.069e+02 5.189e+01
|            ( - -9.676e+03 1 0)
|            ( - -6.747e+02 1 0)))
|    ( QUESTION0_0_R 1 -1.155e+04 1.654e+02 5.505e+01
|        ( QUESTION19 -1 -1.065e+04 1.496e+02 5.105e+01
|            ( - -5.599e+02 1 0)
|            ( SILENCE -1 -9.937e+03 1.242e+02 4.805e+01
|                ( - -9.197e+03 1 0)
|                ( - -6.157e+02 2 0)))
|        ( QUESTION12 -1 -7.373e+02 4.406e+02 4.000e+00
|            ( - 1.974e+02 1 0)
|            ( - -4.941e+02 1 0))))
s>    ( QUESTION14 -1 -2.286e+04 3.824e+02 1.089e+02
s>        ( QUESTION0_0_R 1 -1.093e+04 1.523e+02 5.389e+01
s>            ( - -3.227e+02 1 0)
s>            ( QUESTION0_2_R 1 -1.046e+04 1.069e+02 5.189e+01
s>                ( - -9.676e+03 1 0)
s>                ( - -6.747e+02 1 0)))
s>        ( QUESTION0_0_R 1 -1.155e+04 1.654e+02 5.505e+01
s>            ( QUESTION19 -1 -1.065e+04 1.496e+02 5.105e+01
s>                ( - -5.599e+02 1 0)
s>                ( SILENCE -1 -9.937e+03 1.242e+02 4.805e+01
s>                    ( - -9.197e+03 1 0)
s>                    ( - -6.157e+02 2 0)))
s>            ( QUESTION12 -1 -7.373e+02 4.406e+02 4.000e+00
s>                ( - 1.974e+02 1 0)
s>                ( - -4.941e+02 1 0))))INFO: dtree.c(1315): Comp split 6
INFO: dtree.c(1478): Final simple tree
|( QUESTION2_11_L -1 -4.376e+04 4.318e+02 2.114e+02
|    ( - 2.181e+02 1 0)
|    ( QUESTION0_13_R 1 -4.355e+04 3.104e+02 2.104e+02
|        ( - -7.284e+03 4 0)
|        ( QUESTION2_1_L -1 -3.596e+04 2.065e+02 1.760e+02
|            ( - -1.124e+03 2 0)
|            ( QUESTION0_4_R 1 -3.463e+04 1.693e+02 1.700e+02
|                ( - -9.646e+03 6 0 QUESTION12 1 1.350e+02 4.729e+01)
|                ( QUESTION12 -1 -2.481e+04 1.647e+02 1.227e+02
|                    ( - -2.514e+02 1 0)
|                    ( QUESTION0_11_R 1 -2.440e+04 1.567e+02 1.207e+02
|                        ( WDBNDRY_E 0 -4.655e+03 1.731e+02 2.400e+01
|                            ( - -1.622e+03 1 0)
|                            ( - -2.860e+03 2 0 QUESTION2 -1 1.764e+02 1.500e+01))
|                        ( - -1.958e+04 17 0 QUESTION0_16_R 1 1.585e+02 9.670e+01)))))))
s>    ( QUESTION2_11_L -1 -4.376e+04 4.318e+02 2.114e+02
s>        ( - 2.181e+02 1 0)
s>        ( QUESTION0_13_R 1 -4.355e+04 3.104e+02 2.104e+02
s>            ( - -7.284e+03 4 0)
s>            ( QUESTION2_1_L -1 -3.596e+04 2.065e+02 1.760e+02
s>                ( - -1.124e+03 2 0)
s>                ( QUESTION0_4_R 1 -3.463e+04 1.693e+02 1.700e+02
s>                    ( - -9.646e+03 6 0 QUESTION12 1 1.350e+02 4.729e+01)
s>                    ( QUESTION12 -1 -2.481e+04 1.647e+02 1.227e+02
s>                        ( - -2.514e+02 1 0)
s>                        ( QUESTION0_11_R 1 -2.440e+04 1.567e+02 1.207e+02
s>                            ( WDBNDRY_E 0 -4.655e+03 1.731e+02 2.400e+01
s>                                ( - -1.622e+03 1 0)
s>                                ( - -2.860e+03 2 0 QUESTION2 -1 1.764e+02 1.500e+01))
s>                            ( - -1.958e+04 17 0 QUESTION0_16_R 1 1.585e+02 9.670e+01)))))))INFO: dtree.c(1315): Comp split 7
INFO: dtree.c(1478): Final simple tree
|( WDBNDRY_B 0 -7.710e+04 4.390e+02 3.661e+02
|    ( - 1.875e+02 1 0)
|    ( QUESTION0_13_R 1 -7.685e+04 2.051e+02 3.651e+02
|        ( - -8.676e+03 5 0 QUESTION2 1 1.238e+02 4.183e+01)
|        ( QUESTION0_3_R 1 -6.797e+04 1.941e+02 3.233e+02
|            ( - -9.745e+03 3 0)
|            ( QUESTION0_18_R 1 -5.803e+04 1.823e+02 2.763e+02
|                ( - -2.570e+02 1 0)
|                ( SILENCE 1 -5.759e+04 1.813e+02 2.743e+02
|                    ( - -2.490e+02 1 0)
|                    ( QUESTION19 1 -5.716e+04 1.769e+02 2.723e+02
|                        ( - -1.384e+04 7 0 QUESTION0_12_R 1 1.670e+02 6.944e+01)
|                        ( QUESTION0_12_R 1 -4.314e+04 1.696e+02 2.029e+02
|                            ( - -2.205e+02 1 0)
|                            ( - -4.275e+04 21 0 QUESTION0_6_R 1 1.670e+02 2.009e+02))))))))
s>    ( WDBNDRY_B 0 -7.710e+04 4.390e+02 3.661e+02
s>        ( - 1.875e+02 1 0)
s>        ( QUESTION0_13_R 1 -7.685e+04 2.051e+02 3.651e+02
s>            ( - -8.676e+03 5 0 QUESTION2 1 1.238e+02 4.183e+01)
s>            ( QUESTION0_3_R 1 -6.797e+04 1.941e+02 3.233e+02
s>                ( - -9.745e+03 3 0)
s>                ( QUESTION0_18_R 1 -5.803e+04 1.823e+02 2.763e+02
s>                    ( - -2.570e+02 1 0)
s>                    ( SILENCE 1 -5.759e+04 1.813e+02 2.743e+02
s>                        ( - -2.490e+02 1 0)
s>                        ( QUESTION19 1 -5.716e+04 1.769e+02 2.723e+02
s>                            ( - -1.384e+04 7 0 QUESTION0_12_R 1 1.670e+02 6.944e+01)
s>                            ( QUESTION0_12_R 1 -4.314e+04 1.696e+02 2.029e+02
s>                                ( - -2.205e+02 1 0)
s>                                ( - -4.275e+04 21 0 QUESTION0_6_R 1 1.670e+02 2.009e+02))))))))INFO: dtree.c(1315): Comp split 8
INFO: dtree.c(1478): Final simple tree
|( QUESTION0_8_R 1 -1.370e+05 2.711e+02 6.391e+02
|    ( QUESTION11 1 -2.724e+04 1.784e+02 1.317e+02
|        ( - -2.711e+02 1 0)
|        ( QUESTION0_11_R 1 -2.679e+04 1.662e+02 1.297e+02
|            ( - -1.622e+04 6 0)
|            ( WDBNDRY_B 0 -1.040e+04 1.818e+02 5.100e+01
|                ( - -1.201e+03 4 0)
|                ( - -9.020e+03 6 0 QUESTION0_9_R 1 1.525e+02 4.500e+01))))
|    ( WDBNDRY_B 0 -1.095e+05 2.458e+02 5.074e+02
|        ( QUESTION0_0_R 1 -3.832e+04 2.471e+02 1.784e+02
|            ( - -2.807e+04 15 0)
|            ( - -9.998e+03 8 0 QUESTION0_2_R 1 1.132e+02 4.700e+01))
|        ( QUESTION0_2_R 1 -7.089e+04 4.301e+02 3.289e+02
|            ( - 2.184e+02 1 0)
|            ( - -7.068e+04 18 0 QUESTION0_0_R 1 1.045e+02 3.279e+02))))
s>    ( QUESTION0_8_R 1 -1.370e+05 2.711e+02 6.391e+02
s>        ( QUESTION11 1 -2.724e+04 1.784e+02 1.317e+02
s>            ( - -2.711e+02 1 0)
s>            ( QUESTION0_11_R 1 -2.679e+04 1.662e+02 1.297e+02
s>                ( - -1.622e+04 6 0)
s>                ( WDBNDRY_B 0 -1.040e+04 1.818e+02 5.100e+01
s>                    ( - -1.201e+03 4 0)
s>                    ( - -9.020e+03 6 0 QUESTION0_9_R 1 1.525e+02 4.500e+01))))
s>        ( WDBNDRY_B 0 -1.095e+05 2.458e+02 5.074e+02
s>            ( QUESTION0_0_R 1 -3.832e+04 2.471e+02 1.784e+02
s>                ( - -2.807e+04 15 0)
s>                ( - -9.998e+03 8 0 QUESTION0_2_R 1 1.132e+02 4.700e+01))
s>            ( QUESTION0_2_R 1 -7.089e+04 4.301e+02 3.289e+02
s>                ( - 2.184e+02 1 0)
s>                ( - -7.068e+04 18 0 QUESTION0_0_R 1 1.045e+02 3.279e+02))))INFO: dtree.c(1315): Comp split 9
INFO: dtree.c(1439): stop. leaf nodes are specific
INFO: dtree.c(1478): Final simple tree
|( QUESTION14 -1 -2.262e+04 3.873e+02 1.079e+02
|    ( QUESTION0_0_R 1 -1.093e+04 1.523e+02 5.389e+01
|        ( - -3.227e+02 1 0)
|        ( QUESTION0_2_R 1 -1.046e+04 1.069e+02 5.189e+01
|            ( - -9.676e+03 1 0)
|            ( - -6.747e+02 1 0)))
|    ( QUESTION0_0_R 1 -1.130e+04 1.565e+02 5.405e+01
|        ( QUESTION19 -1 -1.065e+04 1.496e+02 5.105e+01
|            ( - -5.599e+02 1 0)
|            ( SILENCE -1 -9.937e+03 1.242e+02 4.805e+01
|                ( - -9.197e+03 1 0)
|                ( - -6.157e+02 2 0)))
|        ( - -4.941e+02 1 0)))
s>    ( QUESTION14 -1 -2.262e+04 3.873e+02 1.079e+02
s>        ( QUESTION0_0_R 1 -1.093e+04 1.523e+02 5.389e+01
s>            ( - -3.227e+02 1 0)
s>            ( QUESTION0_2_R 1 -1.046e+04 1.069e+02 5.189e+01
s>                ( - -9.676e+03 1 0)
s>                ( - -6.747e+02 1 0)))
s>        ( QUESTION0_0_R 1 -1.130e+04 1.565e+02 5.405e+01
s>            ( QUESTION19 -1 -1.065e+04 1.496e+02 5.105e+01
s>                ( - -5.599e+02 1 0)
s>                ( SILENCE -1 -9.937e+03 1.242e+02 4.805e+01
s>                    ( - -9.197e+03 1 0)
s>                    ( - -6.157e+02 2 0)))
s>            ( - -4.941e+02 1 0)))INFO: dtree.c(1315): Comp split 10
INFO: dtree.c(1478): Final simple tree
|( QUESTION0_13_R 1 -7.685e+04 2.051e+02 3.651e+02
|    ( - -8.676e+03 5 0 QUESTION2 1 1.238e+02 4.183e+01)
|    ( QUESTION0_3_R 1 -6.797e+04 1.941e+02 3.233e+02
|        ( - -9.745e+03 3 0)
|        ( QUESTION0_18_R 1 -5.803e+04 1.823e+02 2.763e+02
|            ( - -2.570e+02 1 0)
|            ( SILENCE 1 -5.759e+04 1.813e+02 2.743e+02
|                ( - -2.490e+02 1 0)
|                ( QUESTION19 1 -5.716e+04 1.769e+02 2.723e+02
|                    ( - -1.384e+04 7 0 QUESTION0_12_R 1 1.670e+02 6.944e+01)
|                    ( QUESTION0_12_R 1 -4.314e+04 1.696e+02 2.029e+02
|                        ( - -2.205e+02 1 0)
|                        ( QUESTION0_6_R 1 -4.275e+04 1.670e+02 2.009e+02
|                            ( - -1.358e+04 5 0)
|                            ( - -2.901e+04 16 0 QUESTION0_0_R 1 1.303e+02 1.357e+02))))))))
s>    ( QUESTION0_13_R 1 -7.685e+04 2.051e+02 3.651e+02
s>        ( - -8.676e+03 5 0 QUESTION2 1 1.238e+02 4.183e+01)
s>        ( QUESTION0_3_R 1 -6.797e+04 1.941e+02 3.233e+02
s>            ( - -9.745e+03 3 0)
s>            ( QUESTION0_18_R 1 -5.803e+04 1.823e+02 2.763e+02
s>                ( - -2.570e+02 1 0)
s>                ( SILENCE 1 -5.759e+04 1.813e+02 2.743e+02
s>                    ( - -2.490e+02 1 0)
s>                    ( QUESTION19 1 -5.716e+04 1.769e+02 2.723e+02
s>                        ( - -1.384e+04 7 0 QUESTION0_12_R 1 1.670e+02 6.944e+01)
s>                        ( QUESTION0_12_R 1 -4.314e+04 1.696e+02 2.029e+02
s>                            ( - -2.205e+02 1 0)
s>                            ( QUESTION0_6_R 1 -4.275e+04 1.670e+02 2.009e+02
s>                                ( - -1.358e+04 5 0)
s>                                ( - -2.901e+04 16 0 QUESTION0_0_R 1 1.303e+02 1.357e+02))))))))INFO: dtree.c(1315): Comp split 11
INFO: dtree.c(1439): stop. leaf nodes are specific
INFO: dtree.c(1478): Final simple tree
|( QUESTION2 -1 -1.968e+04 4.342e+02 9.182e+01
|    ( QUESTION0_0_R 1 -1.944e+04 1.446e+02 9.082e+01
|        ( - -1.453e+04 9 0)
|        ( - -4.766e+03 5 0))
|    ( - 1.969e+02 1 0))
s>    ( QUESTION2 -1 -1.968e+04 4.342e+02 9.182e+01
s>        ( QUESTION0_0_R 1 -1.944e+04 1.446e+02 9.082e+01
s>            ( - -1.453e+04 9 0)
s>            ( - -4.766e+03 5 0))
s>        ( - 1.969e+02 1 0))INFO: dtree.c(1315): Comp split 12
INFO: dtree.c(1439): stop. leaf nodes are specific
INFO: dtree.c(1478): Final simple tree
|( QUESTION0_0_R 1 -1.944e+04 1.446e+02 9.082e+01
|    ( - -1.453e+04 9 0)
|    ( - -4.766e+03 5 0))
s>    ( QUESTION0_0_R 1 -1.944e+04 1.446e+02 9.082e+01
s>        ( - -1.453e+04 9 0)
s>        ( - -4.766e+03 5 0))INFO: dtree.c(1315): Comp split 13
INFO: dtree.c(1478): Final simple tree
|( QUESTION0_8_R 1 -1.368e+05 2.701e+02 6.381e+02
|    ( QUESTION11 1 -2.724e+04 1.784e+02 1.317e+02
|        ( - -2.711e+02 1 0)
|        ( QUESTION0_11_R 1 -2.679e+04 1.662e+02 1.297e+02
|            ( - -1.622e+04 6 0)
|            ( WDBNDRY_B 0 -1.040e+04 1.818e+02 5.100e+01
|                ( - -1.201e+03 4 0)
|                ( QUESTION0_9_R 1 -9.020e+03 1.525e+02 4.500e+01
|                    ( - -7.963e+03 5 0)
|                    ( - -9.041e+02 1 0)))))
|    ( WDBNDRY_B 0 -1.092e+05 2.443e+02 5.064e+02
|        ( QUESTION0_0_R 1 -3.832e+04 2.471e+02 1.784e+02
|            ( - -2.807e+04 15 0)
|            ( - -9.998e+03 8 0 QUESTION0_2_R 1 1.132e+02 4.700e+01))
|        ( - -7.068e+04 18 0 QUESTION0_0_R 1 1.045e+02 3.279e+02)))
s>    ( QUESTION0_8_R 1 -1.368e+05 2.701e+02 6.381e+02
s>        ( QUESTION11 1 -2.724e+04 1.784e+02 1.317e+02
s>            ( - -2.711e+02 1 0)
s>            ( QUESTION0_11_R 1 -2.679e+04 1.662e+02 1.297e+02
s>                ( - -1.622e+04 6 0)
s>                ( WDBNDRY_B 0 -1.040e+04 1.818e+02 5.100e+01
s>                    ( - -1.201e+03 4 0)
s>                    ( QUESTION0_9_R 1 -9.020e+03 1.525e+02 4.500e+01
s>                        ( - -7.963e+03 5 0)
s>                        ( - -9.041e+02 1 0)))))
s>        ( WDBNDRY_B 0 -1.092e+05 2.443e+02 5.064e+02
s>            ( QUESTION0_0_R 1 -3.832e+04 2.471e+02 1.784e+02
s>                ( - -2.807e+04 15 0)
s>                ( - -9.998e+03 8 0 QUESTION0_2_R 1 1.132e+02 4.700e+01))
s>            ( - -7.068e+04 18 0 QUESTION0_0_R 1 1.045e+02 3.279e+02)))INFO: dtree.c(1315): Comp split 14
INFO: dtree.c(1478): Final simple tree
|( QUESTION0_13_R 1 -4.355e+04 3.104e+02 2.104e+02
|    ( - -7.284e+03 4 0)
|    ( QUESTION2_1_L -1 -3.596e+04 2.065e+02 1.760e+02
|        ( - -1.124e+03 2 0)
|        ( QUESTION0_4_R 1 -3.463e+04 1.693e+02 1.700e+02
|            ( - -9.646e+03 6 0 QUESTION12 1 1.350e+02 4.729e+01)
|            ( QUESTION12 -1 -2.481e+04 1.647e+02 1.227e+02
|                ( - -2.514e+02 1 0)
|                ( QUESTION0_11_R 1 -2.440e+04 1.567e+02 1.207e+02
|                    ( WDBNDRY_E 0 -4.655e+03 1.731e+02 2.400e+01
|                        ( - -1.622e+03 1 0)
|                        ( QUESTION2 -1 -2.860e+03 1.764e+02 1.500e+01
|                            ( - -2.226e+03 1 0)
|                            ( - -4.583e+02 1 0)))
|                    ( - -1.958e+04 17 0 QUESTION0_16_R 1 1.585e+02 9.670e+01))))))
s>    ( QUESTION0_13_R 1 -4.355e+04 3.104e+02 2.104e+02
s>        ( - -7.284e+03 4 0)
s>        ( QUESTION2_1_L -1 -3.596e+04 2.065e+02 1.760e+02
s>            ( - -1.124e+03 2 0)
s>            ( QUESTION0_4_R 1 -3.463e+04 1.693e+02 1.700e+02
s>                ( - -9.646e+03 6 0 QUESTION12 1 1.350e+02 4.729e+01)
s>                ( QUESTION12 -1 -2.481e+04 1.647e+02 1.227e+02
s>                    ( - -2.514e+02 1 0)
s>                    ( QUESTION0_11_R 1 -2.440e+04 1.567e+02 1.207e+02
s>                        ( WDBNDRY_E 0 -4.655e+03 1.731e+02 2.400e+01
s>                            ( - -1.622e+03 1 0)
s>                            ( QUESTION2 -1 -2.860e+03 1.764e+02 1.500e+01
s>                                ( - -2.226e+03 1 0)
s>                                ( - -4.583e+02 1 0)))
s>                        ( - -1.958e+04 17 0 QUESTION0_16_R 1 1.585e+02 9.670e+01))))))INFO: dtree.c(1315): Comp split 15
INFO: dtree.c(1439): stop. leaf nodes are specific
INFO: dtree.c(1478): Final simple tree
|( SILENCE -1 -9.906e+03 1.498e+02 4.805e+01
|    ( - -9.197e+03 1 0)
|    ( - -5.599e+02 1 0))
s>    ( SILENCE -1 -9.906e+03 1.498e+02 4.805e+01
s>        ( - -9.197e+03 1 0)
s>        ( - -5.599e+02 1 0))INFO: dtree.c(1439): stop. leaf nodes are specific
INFO: dtree.c(1478): Final simple tree
|( QUESTION14 -1 -1.231e+04 1.458e+02 5.989e+01
|    ( QUESTION0_0_R 1 -1.093e+04 1.523e+02 5.389e+01
|        ( - -3.227e+02 1 0)
|        ( QUESTION0_2_R 1 -1.046e+04 1.069e+02 5.189e+01
|            ( - -9.676e+03 1 0)
|            ( - -6.747e+02 1 0)))
|    ( QUESTION0_0_R 1 -1.228e+03 1.187e+02 6.000e+00
|        ( - -6.157e+02 2 0)
|        ( - -4.941e+02 1 0)))
s>    ( QUESTION14 -1 -1.231e+04 1.458e+02 5.989e+01
s>        ( QUESTION0_0_R 1 -1.093e+04 1.523e+02 5.389e+01
s>            ( - -3.227e+02 1 0)
s>            ( QUESTION0_2_R 1 -1.046e+04 1.069e+02 5.189e+01
s>                ( - -9.676e+03 1 0)
s>                ( - -6.747e+02 1 0)))
s>        ( QUESTION0_0_R 1 -1.228e+03 1.187e+02 6.000e+00
s>            ( - -6.157e+02 2 0)
s>            ( - -4.941e+02 1 0)))INFO: dtree.c(1315): Comp split 16
INFO: dtree.c(1478): Final simple tree
|( QUESTION0_4_R 1 -3.180e+04 1.631e+02 1.560e+02
|    ( QUESTION12 1 -9.646e+03 1.350e+02 4.729e+01
|        ( - -8.865e+03 5 0 QUESTION0_5_R 1 1.292e+02 4.329e+01)
|        ( - -6.453e+02 1 0))
|    ( QUESTION0_16_R 1 -2.199e+04 1.549e+02 1.087e+02
|        ( - -4.330e+02 1 0)
|        ( QUESTION0_11_R 1 -2.141e+04 1.471e+02 1.057e+02
|            ( WDBNDRY_E 0 -2.266e+03 1.863e+02 1.200e+01
|                ( - -1.622e+03 1 0)
|                ( - -4.583e+02 1 0))
|            ( QUESTION2 -1 -1.899e+04 1.548e+02 9.370e+01
|                ( QUESTION0_2_R 1 -1.855e+04 1.309e+02 9.170e+01
|                    ( - -1.705e+03 2 0)
|                    ( - -1.671e+04 13 0 QUESTION0_8_R 1 1.267e+02 8.270e+01))
|                ( - -2.913e+02 1 0)))))
s>    ( QUESTION0_4_R 1 -3.180e+04 1.631e+02 1.560e+02
s>        ( QUESTION12 1 -9.646e+03 1.350e+02 4.729e+01
s>            ( - -8.865e+03 5 0 QUESTION0_5_R 1 1.292e+02 4.329e+01)
s>            ( - -6.453e+02 1 0))
s>        ( QUESTION0_16_R 1 -2.199e+04 1.549e+02 1.087e+02
s>            ( - -4.330e+02 1 0)
s>            ( QUESTION0_11_R 1 -2.141e+04 1.471e+02 1.057e+02
s>                ( WDBNDRY_E 0 -2.266e+03 1.863e+02 1.200e+01
s>                    ( - -1.622e+03 1 0)
s>                    ( - -4.583e+02 1 0))
s>                ( QUESTION2 -1 -1.899e+04 1.548e+02 9.370e+01
s>                    ( QUESTION0_2_R 1 -1.855e+04 1.309e+02 9.170e+01
s>                        ( - -1.705e+03 2 0)
s>                        ( - -1.671e+04 13 0 QUESTION0_8_R 1 1.267e+02 8.270e+01))
s>                    ( - -2.913e+02 1 0)))))INFO: dtree.c(1439): stop. leaf nodes are specific
INFO: dtree.c(1478): Final simple tree
|( QUESTION19 -1 -1.142e+04 1.971e+02 5.442e+01
|    ( - -1.124e+03 2 0)
|    ( QUESTION0_8_R 1 -1.010e+04 1.692e+02 4.842e+01
|        ( - -2.226e+03 1 0)
|        ( WDBNDRY_E 0 -7.701e+03 1.663e+02 3.642e+01
|            ( - -7.284e+03 4 0)
|            ( - -2.514e+02 1 0))))
s>    ( QUESTION19 -1 -1.142e+04 1.971e+02 5.442e+01
s>        ( - -1.124e+03 2 0)
s>        ( QUESTION0_8_R 1 -1.010e+04 1.692e+02 4.842e+01
s>            ( - -2.226e+03 1 0)
s>            ( WDBNDRY_E 0 -7.701e+03 1.663e+02 3.642e+01
s>                ( - -7.284e+03 4 0)
s>                ( - -2.514e+02 1 0))))INFO: dtree.c(1315): Comp split 17
INFO: dtree.c(1439): stop. leaf nodes are specific
INFO: dtree.c(1478): Final simple tree
|( QUESTION0_9_R 1 -2.439e+04 2.076e+02 1.187e+02
|    ( - -7.963e+03 5 0)
|    ( - -1.622e+04 6 0))
s>    ( QUESTION0_9_R 1 -2.439e+04 2.076e+02 1.187e+02
s>        ( - -7.963e+03 5 0)
s>        ( - -1.622e+04 6 0))INFO: dtree.c(1478): Final simple tree
|( WDBNDRY_B 0 -1.120e+05 2.440e+02 5.194e+02
|    ( QUESTION0 1 -3.964e+04 2.504e+02 1.844e+02
|        ( QUESTION0_0_R 1 -2.939e+04 1.152e+02 1.374e+02
|            ( - -2.807e+04 15 0)
|            ( - -1.201e+03 4 0))
|        ( QUESTION0_2_R 1 -9.998e+03 1.132e+02 4.700e+01
|            ( - -7.993e+03 5 0)
|            ( - -1.891e+03 3 0)))
|    ( QUESTION0_9_R 1 -7.215e+04 1.736e+02 3.349e+02
|        ( - -2.711e+02 1 0)
|        ( QUESTION0_8_R 1 -7.171e+04 1.206e+02 3.329e+02
|            ( - -9.041e+02 1 0)
|            ( QUESTION0_0_R 1 -7.068e+04 1.045e+02 3.279e+02
|                ( - -6.926e+04 16 0)
|                ( - -1.315e+03 2 0)))))
s>    ( WDBNDRY_B 0 -1.120e+05 2.440e+02 5.194e+02
s>        ( QUESTION0 1 -3.964e+04 2.504e+02 1.844e+02
s>            ( QUESTION0_0_R 1 -2.939e+04 1.152e+02 1.374e+02
s>                ( - -2.807e+04 15 0)
s>                ( - -1.201e+03 4 0))
s>            ( QUESTION0_2_R 1 -9.998e+03 1.132e+02 4.700e+01
s>                ( - -7.993e+03 5 0)
s>                ( - -1.891e+03 3 0)))
s>        ( QUESTION0_9_R 1 -7.215e+04 1.736e+02 3.349e+02
s>            ( - -2.711e+02 1 0)
s>            ( QUESTION0_8_R 1 -7.171e+04 1.206e+02 3.329e+02
s>                ( - -9.041e+02 1 0)
s>                ( QUESTION0_0_R 1 -7.068e+04 1.045e+02 3.279e+02
s>                    ( - -6.926e+04 16 0)
s>                    ( - -1.315e+03 2 0)))))INFO: dtree.c(1315): Comp split 18
INFO: dtree.c(1439): stop. leaf nodes are specific
INFO: dtree.c(1478): Final simple tree
|( WDBNDRY_B 0 -8.194e+04 2.324e+02 3.800e+02
|    ( QUESTION0_2_R 1 -9.998e+03 1.132e+02 4.700e+01
|        ( - -7.993e+03 5 0)
|        ( - -1.891e+03 3 0))
|    ( QUESTION0_8_R 1 -7.171e+04 1.206e+02 3.329e+02
|        ( - -9.041e+02 1 0)
|        ( QUESTION0_0_R 1 -7.068e+04 1.045e+02 3.279e+02
|            ( - -6.926e+04 16 0)
|            ( - -1.315e+03 2 0))))
s>    ( WDBNDRY_B 0 -8.194e+04 2.324e+02 3.800e+02
s>        ( QUESTION0_2_R 1 -9.998e+03 1.132e+02 4.700e+01
s>            ( - -7.993e+03 5 0)
s>            ( - -1.891e+03 3 0))
s>        ( QUESTION0_8_R 1 -7.171e+04 1.206e+02 3.329e+02
s>            ( - -9.041e+02 1 0)
s>            ( QUESTION0_0_R 1 -7.068e+04 1.045e+02 3.279e+02
s>                ( - -6.926e+04 16 0)
s>                ( - -1.315e+03 2 0))))INFO: dtree.c(1439): stop. leaf nodes are specific
INFO: dtree.c(1478): Final simple tree
|( WDBNDRY_B 0 -2.983e+04 1.681e+02 1.394e+02
|    ( QUESTION0_0_R 1 -2.939e+04 1.152e+02 1.374e+02
|        ( - -2.807e+04 15 0)
|        ( - -1.201e+03 4 0))
|    ( - -2.711e+02 1 0))
s>    ( WDBNDRY_B 0 -2.983e+04 1.681e+02 1.394e+02
s>        ( QUESTION0_0_R 1 -2.939e+04 1.152e+02 1.374e+02
s>            ( - -2.807e+04 15 0)
s>            ( - -1.201e+03 4 0))
s>        ( - -2.711e+02 1 0))INFO: dtree.c(1315): Comp split 19
INFO: dtree.c(1439): stop. leaf nodes are specific
INFO: dtree.c(1478): Final simple tree
|( QUESTION0_8_R 1 -7.171e+04 1.206e+02 3.329e+02
|    ( - -9.041e+02 1 0)
|    ( QUESTION0_0_R 1 -7.068e+04 1.045e+02 3.279e+02
|        ( - -6.926e+04 16 0)
|        ( - -1.315e+03 2 0)))
s>    ( QUESTION0_8_R 1 -7.171e+04 1.206e+02 3.329e+02
s>        ( - -9.041e+02 1 0)
s>        ( QUESTION0_0_R 1 -7.068e+04 1.045e+02 3.279e+02
s>            ( - -6.926e+04 16 0)
s>            ( - -1.315e+03 2 0)))INFO: dtree.c(1439): stop. leaf nodes are specific
INFO: dtree.c(1478): Final simple tree
|( QUESTION0_2_R 1 -9.998e+03 1.132e+02 4.700e+01
|    ( - -7.993e+03 5 0)
|    ( - -1.891e+03 3 0))
s>    ( QUESTION0_2_R 1 -9.998e+03 1.132e+02 4.700e+01
s>        ( - -7.993e+03 5 0)
s>        ( - -1.891e+03 3 0))INFO: dtree.c(1315): Comp split 20
INFO: dtree.c(1439): stop. leaf nodes are specific
INFO: dtree.c(1478): Final simple tree
|( QUESTION0_2_R 1 -1.855e+04 1.309e+02 9.170e+01
|    ( - -1.705e+03 2 0)
|    ( QUESTION0_8_R 1 -1.671e+04 1.267e+02 8.270e+01
|        ( QUESTION0 1 -5.995e+03 8.743e+01 2.973e+01
|            ( - -3.587e+03 4 0)
|            ( QUESTION0_9_R 1 -2.321e+03 7.913e+01 1.200e+01
|                ( - -1.342e+03 3 0)
|                ( - -8.993e+02 1 0)))
|        ( WDBNDRY_E 0 -1.059e+04 1.052e+02 5.297e+01
|            ( - -3.698e+03 2 0)
|            ( - -6.785e+03 3 0))))
s>    ( QUESTION0_2_R 1 -1.855e+04 1.309e+02 9.170e+01
s>        ( - -1.705e+03 2 0)
s>        ( QUESTION0_8_R 1 -1.671e+04 1.267e+02 8.270e+01
s>            ( QUESTION0 1 -5.995e+03 8.743e+01 2.973e+01
s>                ( - -3.587e+03 4 0)
s>                ( QUESTION0_9_R 1 -2.321e+03 7.913e+01 1.200e+01
s>                    ( - -1.342e+03 3 0)
s>                    ( - -8.993e+02 1 0)))
s>            ( WDBNDRY_E 0 -1.059e+04 1.052e+02 5.297e+01
s>                ( - -3.698e+03 2 0)
s>                ( - -6.785e+03 3 0))))INFO: dtree.c(1478): Final simple tree
|( QUESTION0_3_R 1 -1.303e+04 1.510e+02 6.429e+01
|    ( - -2.913e+02 1 0)
|    ( QUESTION2 -1 -1.259e+04 1.587e+02 6.229e+01
|        ( QUESTION0_12_R 1 -1.197e+04 1.468e+02 5.929e+01
|            ( - -4.330e+02 1 0)
|            ( WDBNDRY_E 0 -1.139e+04 1.363e+02 5.629e+01
|                ( QUESTION19 1 -7.066e+03 1.342e+02 3.600e+01
|                    ( - -6.453e+02 1 0)
|                    ( QUESTION0_5_R 1 -6.286e+03 1.247e+02 3.200e+01
|                        ( - -1.309e+03 2 0)
|                        ( QUESTION0_2_R 1 -4.853e+03 8.974e+01 2.500e+01
|                            ( - -3.141e+03 2 0)
|                            ( - -1.622e+03 1 0))))
|                ( - -4.189e+03 1 0)))
|        ( - -4.583e+02 1 0)))
s>    ( QUESTION0_3_R 1 -1.303e+04 1.510e+02 6.429e+01
s>        ( - -2.913e+02 1 0)
s>        ( QUESTION2 -1 -1.259e+04 1.587e+02 6.229e+01
s>            ( QUESTION0_12_R 1 -1.197e+04 1.468e+02 5.929e+01
s>                ( - -4.330e+02 1 0)
s>                ( WDBNDRY_E 0 -1.139e+04 1.363e+02 5.629e+01
s>                    ( QUESTION19 1 -7.066e+03 1.342e+02 3.600e+01
s>                        ( - -6.453e+02 1 0)
s>                        ( QUESTION0_5_R 1 -6.286e+03 1.247e+02 3.200e+01
s>                            ( - -1.309e+03 2 0)
s>                            ( QUESTION0_2_R 1 -4.853e+03 8.974e+01 2.500e+01
s>                                ( - -3.141e+03 2 0)
s>                                ( - -1.622e+03 1 0))))
s>                    ( - -4.189e+03 1 0)))
s>            ( - -4.583e+02 1 0)))INFO: dtree.c(1315): Comp split 21
INFO: dtree.c(1478): Final simple tree
|( QUESTION0_12_R 1 -5.205e+04 1.956e+02 2.447e+02
|    ( QUESTION2 1 -8.676e+03 1.238e+02 4.183e+01
|        ( - -7.395e+03 4 0)
|        ( - -1.157e+03 1 0))
|    ( SILENCE 1 -4.318e+04 1.808e+02 2.029e+02
|        ( - -2.490e+02 1 0)
|        ( QUESTION0_6_R 1 -4.275e+04 1.670e+02 2.009e+02
|            ( - -1.358e+04 5 0)
|            ( QUESTION0_0_R 1 -2.901e+04 1.303e+02 1.357e+02
|                ( - -6.098e+03 5 0)
|                ( QUESTION0_9_R 1 -2.278e+04 1.237e+02 1.073e+02
|                    ( - -8.112e+03 6 0)
|                    ( QUESTION0_11_R 1 -1.454e+04 1.022e+02 6.858e+01
|                        ( - -1.142e+04 2 0)
|                        ( - -3.027e+03 3 0 QUESTION0_2_R 1 1.203e+02 1.399e+01)))))))
s>    ( QUESTION0_12_R 1 -5.205e+04 1.956e+02 2.447e+02
s>        ( QUESTION2 1 -8.676e+03 1.238e+02 4.183e+01
s>            ( - -7.395e+03 4 0)
s>            ( - -1.157e+03 1 0))
s>        ( SILENCE 1 -4.318e+04 1.808e+02 2.029e+02
s>            ( - -2.490e+02 1 0)
s>            ( QUESTION0_6_R 1 -4.275e+04 1.670e+02 2.009e+02
s>                ( - -1.358e+04 5 0)
s>                ( QUESTION0_0_R 1 -2.901e+04 1.303e+02 1.357e+02
s>                    ( - -6.098e+03 5 0)
s>                    ( QUESTION0_9_R 1 -2.278e+04 1.237e+02 1.073e+02
s>                        ( - -8.112e+03 6 0)
s>                        ( QUESTION0_11_R 1 -1.454e+04 1.022e+02 6.858e+01
s>                            ( - -1.142e+04 2 0)
s>                            ( - -3.027e+03 3 0 QUESTION0_2_R 1 1.203e+02 1.399e+01)))))))INFO: dtree.c(1439): stop. leaf nodes are specific
INFO: dtree.c(1478): Final simple tree
|( QUESTION0_12_R 1 -2.458e+04 1.808e+02 1.204e+02
|    ( QUESTION0_18_R 1 -3.611e+03 1.669e+02 1.800e+01
|        ( - -2.570e+02 1 0)
|        ( QUESTION0_15_R 1 -3.187e+03 1.641e+02 1.600e+01
|            ( - -2.803e+03 3 0)
|            ( - -2.205e+02 1 0)))
|    ( QUESTION0_3_R 1 -2.079e+04 1.698e+02 1.024e+02
|        ( - -9.745e+03 3 0)
|        ( QUESTION0_2_R 1 -1.087e+04 1.593e+02 5.544e+01
|            ( - -3.703e+03 1 0)
|            ( - -7.010e+03 3 0))))
s>    ( QUESTION0_12_R 1 -2.458e+04 1.808e+02 1.204e+02
s>        ( QUESTION0_18_R 1 -3.611e+03 1.669e+02 1.800e+01
s>            ( - -2.570e+02 1 0)
s>            ( QUESTION0_15_R 1 -3.187e+03 1.641e+02 1.600e+01
s>                ( - -2.803e+03 3 0)
s>                ( - -2.205e+02 1 0)))
s>        ( QUESTION0_3_R 1 -2.079e+04 1.698e+02 1.024e+02
s>            ( - -9.745e+03 3 0)
s>            ( QUESTION0_2_R 1 -1.087e+04 1.593e+02 5.544e+01
s>                ( - -3.703e+03 1 0)
s>                ( - -7.010e+03 3 0))))INFO: dtree.c(1315): Comp split 22
INFO: dtree.c(1478): Final simple tree
|( SILENCE 1 -4.445e+04 1.810e+02 2.089e+02
|    ( - -2.490e+02 1 0)
|    ( QUESTION0_6_R 1 -4.402e+04 1.710e+02 2.069e+02
|        ( - -1.358e+04 5 0)
|        ( QUESTION0_0_R 1 -3.027e+04 1.364e+02 1.417e+02
|            ( - -6.098e+03 5 0)
|            ( QUESTION0_10_R 1 -2.403e+04 1.313e+02 1.133e+02
|                ( QUESTION0_11_R 1 -1.206e+04 1.265e+02 5.759e+01
|                    ( - -1.142e+04 2 0)
|                    ( - -5.192e+02 1 0))
|                ( QUESTION0_8_R 1 -1.184e+04 1.028e+02 5.575e+01
|                    ( - -8.112e+03 6 0)
|                    ( QUESTION0_2_R 1 -3.624e+03 8.049e+01 1.699e+01
|                        ( - -2.387e+03 2 0)
|                        ( - -1.157e+03 1 0)))))))
s>    ( SILENCE 1 -4.445e+04 1.810e+02 2.089e+02
s>        ( - -2.490e+02 1 0)
s>        ( QUESTION0_6_R 1 -4.402e+04 1.710e+02 2.069e+02
s>            ( - -1.358e+04 5 0)
s>            ( QUESTION0_0_R 1 -3.027e+04 1.364e+02 1.417e+02
s>                ( - -6.098e+03 5 0)
s>                ( QUESTION0_10_R 1 -2.403e+04 1.313e+02 1.133e+02
s>                    ( QUESTION0_11_R 1 -1.206e+04 1.265e+02 5.759e+01
s>                        ( - -1.142e+04 2 0)
s>                        ( - -5.192e+02 1 0))
s>                    ( QUESTION0_8_R 1 -1.184e+04 1.028e+02 5.575e+01
s>                        ( - -8.112e+03 6 0)
s>                        ( QUESTION0_2_R 1 -3.624e+03 8.049e+01 1.699e+01
s>                            ( - -2.387e+03 2 0)
s>                            ( - -1.157e+03 1 0)))))))INFO: dtree.c(1315): Comp split 23
INFO: dtree.c(1439): stop. leaf nodes are specific
INFO: dtree.c(1478): Final simple tree
|( QUESTION0_2_R 1 -9.433e+03 1.371e+02 4.525e+01
|    ( - -8.830e+03 2 0)
|    ( - -4.659e+02 1 0))
s>    ( QUESTION0_2_R 1 -9.433e+03 1.371e+02 4.525e+01
s>        ( - -8.830e+03 2 0)
s>        ( - -4.659e+02 1 0))INFO: dtree.c(1315): Comp split 24
INFO: dtree.c(1315): Comp split 25
INFO: dtree.c(1439): stop. leaf nodes are specific
INFO: dtree.c(1478): Final simple tree
|( QUESTION0_10_R 1 -2.339e+04 1.312e+02 1.103e+02
|    ( - -1.142e+04 2 0)
|    ( QUESTION0_8_R 1 -1.184e+04 1.028e+02 5.575e+01
|        ( - -8.112e+03 6 0)
|        ( QUESTION0_2_R 1 -3.624e+03 8.049e+01 1.699e+01
|            ( - -2.387e+03 2 0)
|            ( - -1.157e+03 1 0))))
s>    ( QUESTION0_10_R 1 -2.339e+04 1.312e+02 1.103e+02
s>        ( - -1.142e+04 2 0)
s>        ( QUESTION0_8_R 1 -1.184e+04 1.028e+02 5.575e+01
s>            ( - -8.112e+03 6 0)
s>            ( QUESTION0_2_R 1 -3.624e+03 8.049e+01 1.699e+01
s>                ( - -2.387e+03 2 0)
s>                ( - -1.157e+03 1 0))))INFO: dtree.c(1439): stop. leaf nodes are specific
INFO: dtree.c(1478): Final simple tree
|( SILENCE 1 -2.086e+04 1.761e+02 9.856e+01
|    ( - -2.490e+02 1 0)
|    ( QUESTION0_0_R 1 -2.044e+04 1.256e+02 9.656e+01
|        ( - -6.098e+03 5 0)
|        ( QUESTION0_2_R 1 -1.421e+04 1.161e+02 6.821e+01
|            ( - -1.358e+04 5 0)
|            ( - -5.192e+02 1 0))))
s>    ( SILENCE 1 -2.086e+04 1.761e+02 9.856e+01
s>        ( - -2.490e+02 1 0)
s>        ( QUESTION0_0_R 1 -2.044e+04 1.256e+02 9.656e+01
s>            ( - -6.098e+03 5 0)
s>            ( QUESTION0_2_R 1 -1.421e+04 1.161e+02 6.821e+01
s>                ( - -1.358e+04 5 0)
s>                ( - -5.192e+02 1 0))))INFO: dtree.c(1315): Comp split 26
INFO: dtree.c(1439): stop. leaf nodes are specific
INFO: dtree.c(1478): Final simple tree
|( QUESTION0_8_R 1 -1.010e+04 1.692e+02 4.842e+01
|    ( - -2.226e+03 1 0)
|    ( WDBNDRY_E 0 -7.701e+03 1.663e+02 3.642e+01
|        ( - -7.284e+03 4 0)
|        ( - -2.514e+02 1 0)))
s>    ( QUESTION0_8_R 1 -1.010e+04 1.692e+02 4.842e+01
s>        ( - -2.226e+03 1 0)
s>        ( WDBNDRY_E 0 -7.701e+03 1.663e+02 3.642e+01
s>            ( - -7.284e+03 4 0)
s>            ( - -2.514e+02 1 0)))INFO: dtree.c(1315): Comp split 27
INFO: dtree.c(1439): stop. leaf nodes are specific
INFO: dtree.c(1478): Final simple tree
|( QUESTION0_3_R 1 -2.079e+04 1.698e+02 1.024e+02
|    ( - -9.745e+03 3 0)
|    ( QUESTION0_2_R 1 -1.087e+04 1.593e+02 5.544e+01
|        ( - -3.703e+03 1 0)
|        ( - -7.010e+03 3 0)))
s>    ( QUESTION0_3_R 1 -2.079e+04 1.698e+02 1.024e+02
s>        ( - -9.745e+03 3 0)
s>        ( QUESTION0_2_R 1 -1.087e+04 1.593e+02 5.544e+01
s>            ( - -3.703e+03 1 0)
s>            ( - -7.010e+03 3 0)))INFO: dtree.c(1439): stop. leaf nodes are specific
INFO: dtree.c(1478): Final simple tree
|( QUESTION0_18_R 1 -3.611e+03 1.669e+02 1.800e+01
|    ( - -2.570e+02 1 0)
|    ( QUESTION0_15_R 1 -3.187e+03 1.641e+02 1.600e+01
|        ( - -2.803e+03 3 0)
|        ( - -2.205e+02 1 0)))
s>    ( QUESTION0_18_R 1 -3.611e+03 1.669e+02 1.800e+01
s>        ( - -2.570e+02 1 0)
s>        ( QUESTION0_15_R 1 -3.187e+03 1.641e+02 1.600e+01
s>            ( - -2.803e+03 3 0)
s>            ( - -2.205e+02 1 0)))INFO: dtree.c(1315): Comp split 28
INFO: dtree.c(1439): stop. leaf nodes are specific
INFO: dtree.c(1478): Final simple tree
|( QUESTION0_0_R 1 -2.044e+04 1.256e+02 9.656e+01
|    ( - -6.098e+03 5 0)
|    ( QUESTION0_2_R 1 -1.421e+04 1.161e+02 6.821e+01
|        ( - -1.358e+04 5 0)
|        ( - -5.192e+02 1 0)))
s>    ( QUESTION0_0_R 1 -2.044e+04 1.256e+02 9.656e+01
s>        ( - -6.098e+03 5 0)
s>        ( QUESTION0_2_R 1 -1.421e+04 1.161e+02 6.821e+01
s>            ( - -1.358e+04 5 0)
s>            ( - -5.192e+02 1 0)))INFO: dtree.c(1315): Comp split 29
INFO: dtree.c(1439): stop. leaf nodes are specific
INFO: dtree.c(1478): Final simple tree
|( QUESTION0_2_R 1 -1.087e+04 1.593e+02 5.544e+01
|    ( - -3.703e+03 1 0)
|    ( - -7.010e+03 3 0))
s>    ( QUESTION0_2_R 1 -1.087e+04 1.593e+02 5.544e+01
s>        ( - -3.703e+03 1 0)
s>        ( - -7.010e+03 3 0))INFO: dtree.c(1315): Comp split 30
INFO: dtree.c(1439): stop. leaf nodes are specific
INFO: dtree.c(1478): Final simple tree
|( WDBNDRY_E 0 -7.701e+03 1.663e+02 3.642e+01
|    ( - -7.284e+03 4 0)
|    ( - -2.514e+02 1 0))
s>    ( WDBNDRY_E 0 -7.701e+03 1.663e+02 3.642e+01
s>        ( - -7.284e+03 4 0)
s>        ( - -2.514e+02 1 0))INFO: dtree.c(1315): Comp split 31
INFO: dtree.c(1439): stop. leaf nodes are specific
INFO: dtree.c(1478): Final simple tree
|( QUESTION0_0_R 1 -2.939e+04 1.152e+02 1.374e+02
|    ( - -2.807e+04 15 0)
|    ( - -1.201e+03 4 0))
s>    ( QUESTION0_0_R 1 -2.939e+04 1.152e+02 1.374e+02
s>        ( - -2.807e+04 15 0)
s>        ( - -1.201e+03 4 0))INFO: dtree.c(1315): Comp split 32
INFO: dtree.c(1439): stop. leaf nodes are specific
INFO: dtree.c(1478): Final simple tree
|( QUESTION0_15_R 1 -3.187e+03 1.641e+02 1.600e+01
|    ( - -2.803e+03 3 0)
|    ( - -2.205e+02 1 0))
s>    ( QUESTION0_15_R 1 -3.187e+03 1.641e+02 1.600e+01
s>        ( - -2.803e+03 3 0)
s>        ( - -2.205e+02 1 0))INFO: dtree.c(1315): Comp split 33
INFO: dtree.c(1315): Comp split 34
INFO: dtree.c(1315): Comp split 35
INFO: dtree.c(1315): Comp split 36
INFO: dtree.c(1439): stop. leaf nodes are specific
INFO: dtree.c(1478): Final simple tree
|( QUESTION0_3_R 1 -1.241e+04 1.519e+02 6.129e+01
|    ( - -2.913e+02 1 0)
|    ( QUESTION0_12_R 1 -1.197e+04 1.468e+02 5.929e+01
|        ( - -4.330e+02 1 0)
|        ( WDBNDRY_E 0 -1.139e+04 1.363e+02 5.629e+01
|            ( QUESTION19 1 -7.066e+03 1.342e+02 3.600e+01
|                ( - -6.453e+02 1 0)
|                ( QUESTION0_5_R 1 -6.286e+03 1.247e+02 3.200e+01
|                    ( - -1.309e+03 2 0)
|                    ( QUESTION0_2_R 1 -4.853e+03 8.974e+01 2.500e+01
|                        ( - -3.141e+03 2 0)
|                        ( - -1.622e+03 1 0))))
|            ( - -4.189e+03 1 0))))
s>    ( QUESTION0_3_R 1 -1.241e+04 1.519e+02 6.129e+01
s>        ( - -2.913e+02 1 0)
s>        ( QUESTION0_12_R 1 -1.197e+04 1.468e+02 5.929e+01
s>            ( - -4.330e+02 1 0)
s>            ( WDBNDRY_E 0 -1.139e+04 1.363e+02 5.629e+01
s>                ( QUESTION19 1 -7.066e+03 1.342e+02 3.600e+01
s>                    ( - -6.453e+02 1 0)
s>                    ( QUESTION0_5_R 1 -6.286e+03 1.247e+02 3.200e+01
s>                        ( - -1.309e+03 2 0)
s>                        ( QUESTION0_2_R 1 -4.853e+03 8.974e+01 2.500e+01
s>                            ( - -3.141e+03 2 0)
s>                            ( - -1.622e+03 1 0))))
s>                ( - -4.189e+03 1 0))))INFO: dtree.c(1315): Comp split 37
INFO: dtree.c(1439): stop. leaf nodes are specific
INFO: dtree.c(1478): Final simple tree
|( QUESTION0_12_R 1 -1.197e+04 1.468e+02 5.929e+01
|    ( - -4.330e+02 1 0)
|    ( WDBNDRY_E 0 -1.139e+04 1.363e+02 5.629e+01
|        ( QUESTION19 1 -7.066e+03 1.342e+02 3.600e+01
|            ( - -6.453e+02 1 0)
|            ( QUESTION0_5_R 1 -6.286e+03 1.247e+02 3.200e+01
|                ( - -1.309e+03 2 0)
|                ( QUESTION0_2_R 1 -4.853e+03 8.974e+01 2.500e+01
|                    ( - -3.141e+03 2 0)
|                    ( - -1.622e+03 1 0))))
|        ( - -4.189e+03 1 0)))
s>    ( QUESTION0_12_R 1 -1.197e+04 1.468e+02 5.929e+01
s>        ( - -4.330e+02 1 0)
s>        ( WDBNDRY_E 0 -1.139e+04 1.363e+02 5.629e+01
s>            ( QUESTION19 1 -7.066e+03 1.342e+02 3.600e+01
s>                ( - -6.453e+02 1 0)
s>                ( QUESTION0_5_R 1 -6.286e+03 1.247e+02 3.200e+01
s>                    ( - -1.309e+03 2 0)
s>                    ( QUESTION0_2_R 1 -4.853e+03 8.974e+01 2.500e+01
s>                        ( - -3.141e+03 2 0)
s>                        ( - -1.622e+03 1 0))))
s>            ( - -4.189e+03 1 0)))INFO: dtree.c(1315): Comp split 38
INFO: dtree.c(1439): stop. leaf nodes are specific
INFO: dtree.c(1478): Final simple tree
|( QUESTION14 -1 -1.183e+04 1.479e+02 5.789e+01
|    ( QUESTION0_2_R 1 -1.046e+04 1.069e+02 5.189e+01
|        ( - -9.676e+03 1 0)
|        ( - -6.747e+02 1 0))
|    ( QUESTION0_0_R 1 -1.228e+03 1.187e+02 6.000e+00
|        ( - -6.157e+02 2 0)
|        ( - -4.941e+02 1 0)))
s>    ( QUESTION14 -1 -1.183e+04 1.479e+02 5.789e+01
s>        ( QUESTION0_2_R 1 -1.046e+04 1.069e+02 5.189e+01
s>            ( - -9.676e+03 1 0)
s>            ( - -6.747e+02 1 0))
s>        ( QUESTION0_0_R 1 -1.228e+03 1.187e+02 6.000e+00
s>            ( - -6.157e+02 2 0)
s>            ( - -4.941e+02 1 0)))INFO: dtree.c(1315): Comp split 39
INFO: dtree.c(1315): Comp split 40
INFO: dtree.c(1439): stop. leaf nodes are specific
INFO: dtree.c(1478): Final simple tree
|( QUESTION0_0_R 1 -1.228e+03 1.187e+02 6.000e+00
|    ( - -6.157e+02 2 0)
|    ( - -4.941e+02 1 0))
s>    ( QUESTION0_0_R 1 -1.228e+03 1.187e+02 6.000e+00
s>        ( - -6.157e+02 2 0)
s>        ( - -4.941e+02 1 0))INFO: dtree.c(1439): stop. leaf nodes are specific
INFO: dtree.c(1478): Final simple tree
|( QUESTION0_2_R 1 -1.046e+04 1.069e+02 5.189e+01
|    ( - -9.676e+03 1 0)
|    ( - -6.747e+02 1 0))
s>    ( QUESTION0_2_R 1 -1.046e+04 1.069e+02 5.189e+01
s>        ( - -9.676e+03 1 0)
s>        ( - -6.747e+02 1 0))INFO: dtree.c(1315): Comp split 41
INFO: dtree.c(1439): stop. leaf nodes are specific
INFO: dtree.c(1478): Final simple tree
|( WDBNDRY_E 0 -1.139e+04 1.363e+02 5.629e+01
|    ( QUESTION19 1 -7.066e+03 1.342e+02 3.600e+01
|        ( - -6.453e+02 1 0)
|        ( QUESTION0_5_R 1 -6.286e+03 1.247e+02 3.200e+01
|            ( - -1.309e+03 2 0)
|            ( QUESTION0_2_R 1 -4.853e+03 8.974e+01 2.500e+01
|                ( - -3.141e+03 2 0)
|                ( - -1.622e+03 1 0))))
|    ( - -4.189e+03 1 0))
s>    ( WDBNDRY_E 0 -1.139e+04 1.363e+02 5.629e+01
s>        ( QUESTION19 1 -7.066e+03 1.342e+02 3.600e+01
s>            ( - -6.453e+02 1 0)
s>            ( QUESTION0_5_R 1 -6.286e+03 1.247e+02 3.200e+01
s>                ( - -1.309e+03 2 0)
s>                ( QUESTION0_2_R 1 -4.853e+03 8.974e+01 2.500e+01
s>                    ( - -3.141e+03 2 0)
s>                    ( - -1.622e+03 1 0))))
s>        ( - -4.189e+03 1 0))INFO: dtree.c(1315): Comp split 42
INFO: dtree.c(1315): Comp split 43
INFO: dtree.c(1315): Comp split 44
INFO: dtree.c(1439): stop. leaf nodes are specific
INFO: dtree.c(1478): Final simple tree
|( WDBNDRY_E 0 -9.167e+03 1.252e+02 4.529e+01
|    ( QUESTION0_2_R 1 -4.853e+03 8.974e+01 2.500e+01
|        ( - -3.141e+03 2 0)
|        ( - -1.622e+03 1 0))
|    ( - -4.189e+03 1 0))
s>    ( WDBNDRY_E 0 -9.167e+03 1.252e+02 4.529e+01
s>        ( QUESTION0_2_R 1 -4.853e+03 8.974e+01 2.500e+01
s>            ( - -3.141e+03 2 0)
s>            ( - -1.622e+03 1 0))
s>        ( - -4.189e+03 1 0))INFO: dtree.c(1439): stop. leaf nodes are specific
INFO: dtree.c(1478): Final simple tree
|( QUESTION0_5_R 1 -2.088e+03 1.332e+02 1.100e+01
|    ( - -1.309e+03 2 0)
|    ( - -6.453e+02 1 0))
s>    ( QUESTION0_5_R 1 -2.088e+03 1.332e+02 1.100e+01
s>        ( - -1.309e+03 2 0)
s>        ( - -6.453e+02 1 0))INFO: dtree.c(1315): Comp split 45
INFO: dtree.c(1315): Comp split 46
INFO: dtree.c(1439): stop. leaf nodes are specific
INFO: dtree.c(1478): Final simple tree
|( WDBNDRY_E 0 -1.059e+04 1.052e+02 5.297e+01
|    ( - -3.698e+03 2 0)
|    ( - -6.785e+03 3 0))
s>    ( WDBNDRY_E 0 -1.059e+04 1.052e+02 5.297e+01
s>        ( - -3.698e+03 2 0)
s>        ( - -6.785e+03 3 0))INFO: dtree.c(1439): stop. leaf nodes are specific
INFO: dtree.c(1478): Final simple tree
|( QUESTION0_2_R 1 -7.825e+03 1.248e+02 3.873e+01
|    ( - -1.705e+03 2 0)
|    ( QUESTION0 1 -5.995e+03 8.743e+01 2.973e+01
|        ( - -3.587e+03 4 0)
|        ( QUESTION0_9_R 1 -2.321e+03 7.913e+01 1.200e+01
|            ( - -1.342e+03 3 0)
|            ( - -8.993e+02 1 0))))
s>    ( QUESTION0_2_R 1 -7.825e+03 1.248e+02 3.873e+01
s>        ( - -1.705e+03 2 0)
s>        ( QUESTION0 1 -5.995e+03 8.743e+01 2.973e+01
s>            ( - -3.587e+03 4 0)
s>            ( QUESTION0_9_R 1 -2.321e+03 7.913e+01 1.200e+01
s>                ( - -1.342e+03 3 0)
s>                ( - -8.993e+02 1 0))))INFO: dtree.c(1315): Comp split 47
INFO: dtree.c(1439): stop. leaf nodes are specific
INFO: dtree.c(1478): Final simple tree
|( QUESTION0_8_R 1 -1.184e+04 1.028e+02 5.575e+01
|    ( - -8.112e+03 6 0)
|    ( QUESTION0_2_R 1 -3.624e+03 8.049e+01 1.699e+01
|        ( - -2.387e+03 2 0)
|        ( - -1.157e+03 1 0)))
s>    ( QUESTION0_8_R 1 -1.184e+04 1.028e+02 5.575e+01
s>        ( - -8.112e+03 6 0)
s>        ( QUESTION0_2_R 1 -3.624e+03 8.049e+01 1.699e+01
s>            ( - -2.387e+03 2 0)
s>            ( - -1.157e+03 1 0)))INFO: dtree.c(1315): Comp split 48
INFO: dtree.c(1439): stop. leaf nodes are specific
INFO: dtree.c(1478): Final simple tree
|( QUESTION0_2_R 1 -1.421e+04 1.161e+02 6.821e+01
|    ( - -1.358e+04 5 0)
|    ( - -5.192e+02 1 0))
s>    ( QUESTION0_2_R 1 -1.421e+04 1.161e+02 6.821e+01
s>        ( - -1.358e+04 5 0)
s>        ( - -5.192e+02 1 0))INFO: dtree.c(1315): Comp split 49
INFO: dtree.c(1439): stop. leaf nodes are specific
INFO: dtree.c(1478): Final simple tree
|( QUESTION0_2_R 1 -4.853e+03 8.974e+01 2.500e+01
|    ( - -3.141e+03 2 0)
|    ( - -1.622e+03 1 0))
s>    ( QUESTION0_2_R 1 -4.853e+03 8.974e+01 2.500e+01
s>        ( - -3.141e+03 2 0)
s>        ( - -1.622e+03 1 0))INFO: dtree.c(1315): Comp split 50
INFO: dtree.c(1439): stop. leaf nodes are specific
INFO: dtree.c(1478): Final simple tree
|( QUESTION0 1 -5.995e+03 8.743e+01 2.973e+01
|    ( - -3.587e+03 4 0)
|    ( QUESTION0_9_R 1 -2.321e+03 7.913e+01 1.200e+01
|        ( - -1.342e+03 3 0)
|        ( - -8.993e+02 1 0)))
s>    ( QUESTION0 1 -5.995e+03 8.743e+01 2.973e+01
s>        ( - -3.587e+03 4 0)
s>        ( QUESTION0_9_R 1 -2.321e+03 7.913e+01 1.200e+01
s>            ( - -1.342e+03 3 0)
s>            ( - -8.993e+02 1 0)))INFO: dtree.c(1315): Comp split 51
INFO: dtree.c(1439): stop. leaf nodes are specific
INFO: dtree.c(1478): Final simple tree
|( QUESTION0_0_R 1 -7.068e+04 1.045e+02 3.279e+02
|    ( - -6.926e+04 16 0)
|    ( - -1.315e+03 2 0))
s>    ( QUESTION0_0_R 1 -7.068e+04 1.045e+02 3.279e+02
s>        ( - -6.926e+04 16 0)
s>        ( - -1.315e+03 2 0))INFO: dtree.c(1315): Comp split 52
INFO: dtree.c(1315): Comp split 53
INFO: dtree.c(1315): Comp split 54
INFO: dtree.c(1315): Comp split 55
INFO: dtree.c(1315): Comp split 56
INFO: dtree.c(1315): Comp split 57
INFO: dtree.c(1315): Comp split 58
INFO: dtree.c(1315): Comp split 59
INFO: dtree.c(1439): stop. leaf nodes are specific
INFO: dtree.c(1478): Final simple tree
|( QUESTION0_2_R 1 -3.624e+03 8.049e+01 1.699e+01
|    ( - -2.387e+03 2 0)
|    ( - -1.157e+03 1 0))
s>    ( QUESTION0_2_R 1 -3.624e+03 8.049e+01 1.699e+01
s>        ( - -2.387e+03 2 0)
s>        ( - -1.157e+03 1 0))INFO: dtree.c(1315): Comp split 60
INFO: dtree.c(1315): Comp split 61
INFO: dtree.c(1439): stop. leaf nodes are specific
INFO: dtree.c(1478): Final simple tree
|( QUESTION0_9_R 1 -2.321e+03 7.913e+01 1.200e+01
|    ( - -1.342e+03 3 0)
|    ( - -8.993e+02 1 0))
s>    ( QUESTION0_9_R 1 -2.321e+03 7.913e+01 1.200e+01
s>        ( - -1.342e+03 3 0)
s>        ( - -8.993e+02 1 0))INFO: dtree.c(1315): Comp split 62
INFO: dtree.c(1315): Comp split 63
INFO: dtree.c(1315): Comp split 64
INFO: dtree.c(1318): stop. leaf nodes are specific
!!!!!!!!Allocated 66 lines
Fri Apr  8 00:56:01 2016
