Current configuration:
[NAME]		[DEFLT]	[VALUE]
-allphones	no	no
-cntthresh	0.00001	1.000000e-05
-csplitmax	100	2000
-csplitmin	1	1
-csplitthr	8e-4	0.000000e+00
-example	no	no
-fullvar	no	no
-help		no	no
-meanfn			/home/yaroslav/model/model_parameters/ua.cd_cont_untied/means
-mixwfn			/home/yaroslav/model/model_parameters/ua.cd_cont_untied/mixture_weights
-moddeffn		/home/yaroslav/model/model_architecture/ua.untied.mdef
-mwfloor	1e-4	1.000000e-08
-phone			YI
-psetfn			/home/yaroslav/model/model_architecture/ua.tree_questions
-ssplitmax	5	7
-ssplitmin	1	1
-ssplitthr	8e-4	0.000000e+00
-state			1
-stwt			1.0,0.05,0.0,
-treefn			/home/yaroslav/model/trees/ua.unpruned/YI-1.dtree
-ts2cbfn	.semi.	.cont.
-varfloor	0.00001	1.000000e-05
-varfn			/home/yaroslav/model/model_parameters/ua.cd_cont_untied/variances

INFO: main.c(223): Reading: /home/yaroslav/model/model_architecture/ua.untied.mdef
INFO: model_def_io.c(573): Model definition info:
INFO: model_def_io.c(574): 9391 total models defined (51 base, 9340 tri)
INFO: model_def_io.c(575): 37564 total states
INFO: model_def_io.c(576): 28173 total tied states
INFO: model_def_io.c(577): 153 total tied CI states
INFO: model_def_io.c(578): 51 total tied transition matrices
INFO: model_def_io.c(579): 4 max state/model
INFO: model_def_io.c(580): 4 min state/model
INFO: main.c(242): Building trees for [YI A A e] through [YI І Z e]
INFO: main.c(269): Covering states |[24768 25106]| == 339
INFO: main.c(275): Reading: /home/yaroslav/model/model_parameters/ua.cd_cont_untied/mixture_weights
INFO: s3mixw_io.c(173): Read /home/yaroslav/model/model_parameters/ua.cd_cont_untied/mixture_weights [339x1x1 array]
INFO: main.c(311): 106 of 113 models have observation count greater than 0.000010
INFO: main.c(95): nrm stwt: 0.045 0.909 0.045 
INFO: s3gau_io.c(169): Read /home/yaroslav/model/model_parameters/ua.cd_cont_untied/means [28173x1x1 array]
INFO: s3gau_io.c(169): Read /home/yaroslav/model/model_parameters/ua.cd_cont_untied/variances [28173x1x1 array]
INFO: main.c(549): Reading: /home/yaroslav/model/model_architecture/ua.tree_questions
INFO: main.c(588): 174 total simple questions (166 phone; 8 word bndry)
INFO: main.c(590): 40 Left Only questions, and 42 Right Only questions
INFO: dtree.c(1478): Final simple tree
|( WDBNDRY_E 0 -1.308e+05 9.763e+02 1.847e+03
|    ( QUESTION18 1 -6.752e+04 5.455e+02 9.406e+02
|        ( - -4.127e+03 2 0 QUESTION10 -1 4.267e+02 8.070e+01)
|        ( QUESTION15 -1 -6.284e+04 5.112e+02 8.599e+02
|            ( - -3.708e+03 6 0 QUESTION0_1_R 1 3.327e+02 6.500e+01)
|            ( QUESTION2_2_L -1 -5.862e+04 4.506e+02 7.949e+02
|                ( - -1.820e+04 15 0 QUESTION0_14_R 1 3.677e+02 2.661e+02)
|                ( - -3.997e+04 30 0 SILENCE 1 3.555e+02 5.289e+02))))
|    ( QUESTION10 1 -6.229e+04 6.312e+02 9.068e+02
|        ( QUESTION12 -1 -2.374e+04 6.060e+02 3.566e+02
|            ( QUESTION16 -1 -7.686e+03 4.587e+02 1.440e+02
|                ( - -5.909e+02 1 0)
|                ( - -6.636e+03 8 0 QUESTION13 -1 3.440e+02 1.210e+02))
|            ( - -1.545e+04 10 0 QUESTION7 -1 3.681e+02 2.126e+02))
|        ( - -3.792e+04 34 0 QUESTION0_17_R 1 3.819e+02 5.502e+02)))
s>    ( WDBNDRY_E 0 -1.308e+05 9.763e+02 1.847e+03
s>        ( QUESTION18 1 -6.752e+04 5.455e+02 9.406e+02
s>            ( - -4.127e+03 2 0 QUESTION10 -1 4.267e+02 8.070e+01)
s>            ( QUESTION15 -1 -6.284e+04 5.112e+02 8.599e+02
s>                ( - -3.708e+03 6 0 QUESTION0_1_R 1 3.327e+02 6.500e+01)
s>                ( QUESTION2_2_L -1 -5.862e+04 4.506e+02 7.949e+02
s>                    ( - -1.820e+04 15 0 QUESTION0_14_R 1 3.677e+02 2.661e+02)
s>                    ( - -3.997e+04 30 0 SILENCE 1 3.555e+02 5.289e+02))))
s>        ( QUESTION10 1 -6.229e+04 6.312e+02 9.068e+02
s>            ( QUESTION12 -1 -2.374e+04 6.060e+02 3.566e+02
s>                ( QUESTION16 -1 -7.686e+03 4.587e+02 1.440e+02
s>                    ( - -5.909e+02 1 0)
s>                    ( - -6.636e+03 8 0 QUESTION13 -1 3.440e+02 1.210e+02))
s>                ( - -1.545e+04 10 0 QUESTION7 -1 3.681e+02 2.126e+02))
s>            ( - -3.792e+04 34 0 QUESTION0_17_R 1 3.819e+02 5.502e+02)))INFO: dtree.c(1315): Comp split 0
INFO: dtree.c(1478): Final simple tree
|( WDBNDRY_E 0 -1.134e+05 9.457e+02 1.558e+03
|    ( QUESTION2_2_L -1 -5.862e+04 4.506e+02 7.949e+02
|        ( QUESTION0_14_R 1 -1.820e+04 3.677e+02 2.661e+02
|            ( - -1.559e+03 2 0 QUESTION0_15_R 1 1.676e+02 3.299e+01)
|            ( - -1.627e+04 13 0 QUESTION0_12_R 1 2.955e+02 2.331e+02))
|        ( SILENCE 1 -3.997e+04 3.555e+02 5.289e+02
|            ( - -6.895e+03 2 0 QUESTION10 -1 1.856e+02 8.444e+01)
|            ( - -3.272e+04 28 0 QUESTION0_15_R 1 3.440e+02 4.444e+02)))
|    ( QUESTION10 1 -5.385e+04 4.811e+02 7.628e+02
|        ( QUESTION7 -1 -1.545e+04 3.681e+02 2.126e+02
|            ( - 2.440e+02 1 0)
|            ( - -1.532e+04 9 0 QUESTION15 1 3.082e+02 2.116e+02))
|        ( QUESTION0_17_R 1 -3.792e+04 3.819e+02 5.502e+02
|            ( - -1.939e+04 15 0 WDBNDRY_B 0 2.804e+02 2.746e+02)
|            ( - -1.815e+04 19 0 QUESTION8 1 3.221e+02 2.756e+02))))
s>    ( WDBNDRY_E 0 -1.134e+05 9.457e+02 1.558e+03
s>        ( QUESTION2_2_L -1 -5.862e+04 4.506e+02 7.949e+02
s>            ( QUESTION0_14_R 1 -1.820e+04 3.677e+02 2.661e+02
s>                ( - -1.559e+03 2 0 QUESTION0_15_R 1 1.676e+02 3.299e+01)
s>                ( - -1.627e+04 13 0 QUESTION0_12_R 1 2.955e+02 2.331e+02))
s>            ( SILENCE 1 -3.997e+04 3.555e+02 5.289e+02
s>                ( - -6.895e+03 2 0 QUESTION10 -1 1.856e+02 8.444e+01)
s>                ( - -3.272e+04 28 0 QUESTION0_15_R 1 3.440e+02 4.444e+02)))
s>        ( QUESTION10 1 -5.385e+04 4.811e+02 7.628e+02
s>            ( QUESTION7 -1 -1.545e+04 3.681e+02 2.126e+02
s>                ( - 2.440e+02 1 0)
s>                ( - -1.532e+04 9 0 QUESTION15 1 3.082e+02 2.116e+02))
s>            ( QUESTION0_17_R 1 -3.792e+04 3.819e+02 5.502e+02
s>                ( - -1.939e+04 15 0 WDBNDRY_B 0 2.804e+02 2.746e+02)
s>                ( - -1.815e+04 19 0 QUESTION8 1 3.221e+02 2.756e+02))))INFO: dtree.c(1478): Final simple tree
|( QUESTION10 -1 -1.619e+04 4.701e+02 2.897e+02
|    ( QUESTION15 1 -1.248e+04 3.799e+02 2.240e+02
|        ( - -2.251e+03 2 0)
|        ( QUESTION0_2_R 1 -9.853e+03 3.570e+02 1.740e+02
|            ( - -2.982e+02 1 0)
|            ( QUESTION17 -1 -9.197e+03 3.484e+02 1.660e+02
|                ( - -2.319e+03 1 0)
|                ( QUESTION0_12_R 1 -6.530e+03 3.047e+02 1.210e+02
|                    ( - -1.322e+03 3 0 QUESTION0_15_R 1 2.757e+02 2.500e+01)
|                    ( QUESTION0_10_R 1 -4.904e+03 2.760e+02 9.600e+01
|                        ( QUESTION2_0_L -1 -2.173e+03 3.606e+02 4.700e+01
|                            ( - -1.815e+03 4 0 QUESTION15 -1 3.018e+02 4.500e+01)
|                            ( - 3.338e+00 1 0))
|                        ( - -2.455e+03 4 0 QUESTION2_0_L -1 3.045e+02 4.900e+01))))))
|    ( - -3.233e+03 1 0))
s>    ( QUESTION10 -1 -1.619e+04 4.701e+02 2.897e+02
s>        ( QUESTION15 1 -1.248e+04 3.799e+02 2.240e+02
s>            ( - -2.251e+03 2 0)
s>            ( QUESTION0_2_R 1 -9.853e+03 3.570e+02 1.740e+02
s>                ( - -2.982e+02 1 0)
s>                ( QUESTION17 -1 -9.197e+03 3.484e+02 1.660e+02
s>                    ( - -2.319e+03 1 0)
s>                    ( QUESTION0_12_R 1 -6.530e+03 3.047e+02 1.210e+02
s>                        ( - -1.322e+03 3 0 QUESTION0_15_R 1 2.757e+02 2.500e+01)
s>                        ( QUESTION0_10_R 1 -4.904e+03 2.760e+02 9.600e+01
s>                            ( QUESTION2_0_L -1 -2.173e+03 3.606e+02 4.700e+01
s>                                ( - -1.815e+03 4 0 QUESTION15 -1 3.018e+02 4.500e+01)
s>                                ( - 3.338e+00 1 0))
s>                            ( - -2.455e+03 4 0 QUESTION2_0_L -1 3.045e+02 4.900e+01))))))
s>        ( - -3.233e+03 1 0))INFO: dtree.c(1315): Comp split 1
INFO: dtree.c(1478): Final simple tree
|( QUESTION18 -1 -5.677e+04 4.160e+02 7.629e+02
|    ( QUESTION11 1 -3.034e+04 3.723e+02 4.164e+02
|        ( - -3.235e+02 1 0)
|        ( SILENCE 1 -2.964e+04 3.433e+02 4.054e+02
|            ( - -5.702e+03 2 0 QUESTION2_0_L -1 1.426e+02 6.944e+01)
|            ( QUESTION2_0_L -1 -2.360e+04 2.947e+02 3.360e+02
|                ( - -1.376e+04 7 0 QUESTION0_8_R 1 2.269e+02 2.011e+02)
|                ( - -9.542e+03 9 0 QUESTION0_10_R 1 2.191e+02 1.349e+02))))
|    ( QUESTION0_15_R 1 -2.601e+04 3.801e+02 3.465e+02
|        ( - -4.061e+03 2 0)
|        ( WDBNDRY_B 0 -2.157e+04 3.550e+02 2.924e+02
|            ( - 2.440e+02 1 0)
|            ( QUESTION0_7_R 1 -2.146e+04 2.595e+02 2.914e+02
|                ( - -1.503e+03 1 0)
|                ( - -1.970e+04 21 0 SILENCE 1 2.532e+02 2.674e+02)))))
s>    ( QUESTION18 -1 -5.677e+04 4.160e+02 7.629e+02
s>        ( QUESTION11 1 -3.034e+04 3.723e+02 4.164e+02
s>            ( - -3.235e+02 1 0)
s>            ( SILENCE 1 -2.964e+04 3.433e+02 4.054e+02
s>                ( - -5.702e+03 2 0 QUESTION2_0_L -1 1.426e+02 6.944e+01)
s>                ( QUESTION2_0_L -1 -2.360e+04 2.947e+02 3.360e+02
s>                    ( - -1.376e+04 7 0 QUESTION0_8_R 1 2.269e+02 2.011e+02)
s>                    ( - -9.542e+03 9 0 QUESTION0_10_R 1 2.191e+02 1.349e+02))))
s>        ( QUESTION0_15_R 1 -2.601e+04 3.801e+02 3.465e+02
s>            ( - -4.061e+03 2 0)
s>            ( WDBNDRY_B 0 -2.157e+04 3.550e+02 2.924e+02
s>                ( - 2.440e+02 1 0)
s>                ( QUESTION0_7_R 1 -2.146e+04 2.595e+02 2.914e+02
s>                    ( - -1.503e+03 1 0)
s>                    ( - -1.970e+04 21 0 SILENCE 1 2.532e+02 2.674e+02)))))INFO: dtree.c(1478): Final simple tree
|( QUESTION10 1 -5.568e+04 4.802e+02 7.948e+02
|    ( QUESTION15 1 -1.532e+04 3.082e+02 2.116e+02
|        ( - -7.575e+02 1 0)
|        ( - -1.426e+04 8 0 QUESTION0 -1 2.077e+02 1.976e+02))
|    ( WDBNDRY_E 0 -3.988e+04 3.970e+02 5.832e+02
|        ( - -1.559e+03 2 0 QUESTION0_15_R 1 1.676e+02 3.299e+01)
|        ( QUESTION0_17_R 1 -3.792e+04 3.819e+02 5.502e+02
|            ( - -1.939e+04 15 0 WDBNDRY_B 0 2.804e+02 2.746e+02)
|            ( QUESTION8 1 -1.815e+04 3.221e+02 2.756e+02
|                ( - -4.474e+03 2 0 QUESTION0_1_R 1 1.438e+02 7.700e+01)
|                ( QUESTION10 -1 -1.336e+04 3.034e+02 1.986e+02
|                    ( - -4.788e+03 5 0 QUESTION0 1 2.778e+02 8.200e+01)
|                    ( QUESTION0_1_R 1 -8.266e+03 3.085e+02 1.166e+02
|                        ( - -3.032e+03 2 0)
|                        ( - -4.926e+03 10 0 QUESTION0 -1 1.811e+02 6.856e+01)))))))
s>    ( QUESTION10 1 -5.568e+04 4.802e+02 7.948e+02
s>        ( QUESTION15 1 -1.532e+04 3.082e+02 2.116e+02
s>            ( - -7.575e+02 1 0)
s>            ( - -1.426e+04 8 0 QUESTION0 -1 2.077e+02 1.976e+02))
s>        ( WDBNDRY_E 0 -3.988e+04 3.970e+02 5.832e+02
s>            ( - -1.559e+03 2 0 QUESTION0_15_R 1 1.676e+02 3.299e+01)
s>            ( QUESTION0_17_R 1 -3.792e+04 3.819e+02 5.502e+02
s>                ( - -1.939e+04 15 0 WDBNDRY_B 0 2.804e+02 2.746e+02)
s>                ( QUESTION8 1 -1.815e+04 3.221e+02 2.756e+02
s>                    ( - -4.474e+03 2 0 QUESTION0_1_R 1 1.438e+02 7.700e+01)
s>                    ( QUESTION10 -1 -1.336e+04 3.034e+02 1.986e+02
s>                        ( - -4.788e+03 5 0 QUESTION0 1 2.778e+02 8.200e+01)
s>                        ( QUESTION0_1_R 1 -8.266e+03 3.085e+02 1.166e+02
s>                            ( - -3.032e+03 2 0)
s>                            ( - -4.926e+03 10 0 QUESTION0 -1 1.811e+02 6.856e+01)))))))INFO: dtree.c(1315): Comp split 2
INFO: dtree.c(1439): stop. leaf nodes are specific
INFO: dtree.c(1478): Final simple tree
|( QUESTION0_10_R 1 -4.571e+03 3.009e+02 9.400e+01
|    ( QUESTION15 -1 -1.815e+03 3.018e+02 4.500e+01
|        ( - -5.909e+02 1 0)
|        ( WDBNDRY_B 0 -9.226e+02 2.420e+02 2.200e+01
|            ( - -2.132e+02 2 0)
|            ( - -4.674e+02 1 0)))
|    ( QUESTION2_0_L -1 -2.455e+03 3.045e+02 4.900e+01
|        ( QUESTION0 1 -1.868e+03 2.184e+02 3.800e+01
|            ( - -7.601e+02 1 0)
|            ( WDBNDRY_B 0 -8.898e+02 1.756e+02 2.100e+01
|                ( - -2.075e+02 1 0)
|                ( - -5.068e+02 1 0)))
|        ( - -2.823e+02 1 0)))
s>    ( QUESTION0_10_R 1 -4.571e+03 3.009e+02 9.400e+01
s>        ( QUESTION15 -1 -1.815e+03 3.018e+02 4.500e+01
s>            ( - -5.909e+02 1 0)
s>            ( WDBNDRY_B 0 -9.226e+02 2.420e+02 2.200e+01
s>                ( - -2.132e+02 2 0)
s>                ( - -4.674e+02 1 0)))
s>        ( QUESTION2_0_L -1 -2.455e+03 3.045e+02 4.900e+01
s>            ( QUESTION0 1 -1.868e+03 2.184e+02 3.800e+01
s>                ( - -7.601e+02 1 0)
s>                ( WDBNDRY_B 0 -8.898e+02 1.756e+02 2.100e+01
s>                    ( - -2.075e+02 1 0)
s>                    ( - -5.068e+02 1 0)))
s>            ( - -2.823e+02 1 0)))INFO: dtree.c(1439): stop. leaf nodes are specific
INFO: dtree.c(1478): Final simple tree
|( WDBNDRY_B 0 -1.105e+04 4.127e+02 1.957e+02
|    ( QUESTION0_9_R 1 -5.191e+03 3.492e+02 9.700e+01
|        ( - -2.319e+03 1 0)
|        ( QUESTION14 1 -2.524e+03 2.755e+02 5.200e+01
|            ( - 3.338e+00 1 0)
|            ( - -2.251e+03 2 0)))
|    ( QUESTION0_2_R 1 -5.448e+03 3.409e+02 9.870e+01
|        ( - -2.982e+02 1 0)
|        ( QUESTION0_15_R 1 -4.809e+03 2.644e+02 9.070e+01
|            ( - -9.076e+02 2 0)
|            ( QUESTION0_1_R 1 -3.636e+03 2.645e+02 7.170e+01
|                ( - -3.233e+03 1 0)
|                ( - -1.388e+02 1 0)))))
s>    ( WDBNDRY_B 0 -1.105e+04 4.127e+02 1.957e+02
s>        ( QUESTION0_9_R 1 -5.191e+03 3.492e+02 9.700e+01
s>            ( - -2.319e+03 1 0)
s>            ( QUESTION14 1 -2.524e+03 2.755e+02 5.200e+01
s>                ( - 3.338e+00 1 0)
s>                ( - -2.251e+03 2 0)))
s>        ( QUESTION0_2_R 1 -5.448e+03 3.409e+02 9.870e+01
s>            ( - -2.982e+02 1 0)
s>            ( QUESTION0_15_R 1 -4.809e+03 2.644e+02 9.070e+01
s>                ( - -9.076e+02 2 0)
s>                ( QUESTION0_1_R 1 -3.636e+03 2.645e+02 7.170e+01
s>                    ( - -3.233e+03 1 0)
s>                    ( - -1.388e+02 1 0)))))INFO: dtree.c(1315): Comp split 3
INFO: dtree.c(1478): Final simple tree
|( QUESTION0_12_R 1 -3.927e+04 4.661e+02 5.408e+02
|    ( WDBNDRY_B 0 -2.203e+04 2.964e+02 3.082e+02
|        ( QUESTION0 -1 -1.327e+04 2.798e+02 1.884e+02
|            ( - -1.720e+03 4 0 QUESTION0_13_R 1 1.898e+02 2.500e+01)
|            ( QUESTION2_4_L -1 -1.127e+04 2.459e+02 1.634e+02
|                ( - -4.040e+01 1 0)
|                ( QUESTION11 -1 -1.098e+04 2.115e+02 1.594e+02
|                    ( - -4.686e+00 1 0)
|                    ( - -1.076e+04 9 0 QUESTION0_13_R 1 1.916e+02 1.574e+02))))
|        ( QUESTION19 -1 -8.467e+03 2.323e+02 1.198e+02
|            ( - -5.726e+03 3 0 QUESTION0_15_R 1 1.799e+02 8.078e+01)
|            ( - -2.509e+03 3 0 QUESTION2_0_L -1 1.840e+02 3.900e+01)))
|    ( QUESTION0 -1 -1.678e+04 2.058e+02 2.326e+02
|        ( - -2.082e+02 1 0)
|        ( - -1.636e+04 11 0 QUESTION0 1 1.718e+02 2.266e+02)))
s>    ( QUESTION0_12_R 1 -3.927e+04 4.661e+02 5.408e+02
s>        ( WDBNDRY_B 0 -2.203e+04 2.964e+02 3.082e+02
s>            ( QUESTION0 -1 -1.327e+04 2.798e+02 1.884e+02
s>                ( - -1.720e+03 4 0 QUESTION0_13_R 1 1.898e+02 2.500e+01)
s>                ( QUESTION2_4_L -1 -1.127e+04 2.459e+02 1.634e+02
s>                    ( - -4.040e+01 1 0)
s>                    ( QUESTION11 -1 -1.098e+04 2.115e+02 1.594e+02
s>                        ( - -4.686e+00 1 0)
s>                        ( - -1.076e+04 9 0 QUESTION0_13_R 1 1.916e+02 1.574e+02))))
s>            ( QUESTION19 -1 -8.467e+03 2.323e+02 1.198e+02
s>                ( - -5.726e+03 3 0 QUESTION0_15_R 1 1.799e+02 8.078e+01)
s>                ( - -2.509e+03 3 0 QUESTION2_0_L -1 1.840e+02 3.900e+01)))
s>        ( QUESTION0 -1 -1.678e+04 2.058e+02 2.326e+02
s>            ( - -2.082e+02 1 0)
s>            ( - -1.636e+04 11 0 QUESTION0 1 1.718e+02 2.266e+02)))INFO: dtree.c(1478): Final simple tree
|( WDBNDRY_E 0 -1.587e+04 3.958e+02 2.540e+02
|    ( - -1.559e+03 2 0 QUESTION0_15_R 1 1.676e+02 3.299e+01)
|    ( QUESTION2 1 -1.391e+04 3.547e+02 2.210e+02
|        ( QUESTION13 -1 -7.465e+03 2.797e+02 1.270e+02
|            ( - -1.020e+03 1 0)
|            ( QUESTION0_0_R 1 -6.166e+03 2.540e+02 1.060e+02
|                ( WDBNDRY_B 0 -5.706e+03 2.544e+02 9.700e+01
|                    ( - -9.776e+02 1 0)
|                    ( - -4.474e+03 2 0 QUESTION0_1_R 1 1.438e+02 7.700e+01))
|                ( - -2.060e+02 1 0)))
|        ( QUESTION0_8_R 1 -6.093e+03 2.854e+02 9.400e+01
|            ( - -7.575e+02 1 0)
|            ( QUESTION0_0_R 1 -5.050e+03 2.273e+02 8.000e+01
|                ( - -3.032e+03 2 0)
|                ( - -1.791e+03 2 0 QUESTION13 -1 2.190e+02 3.200e+01)))))
s>    ( WDBNDRY_E 0 -1.587e+04 3.958e+02 2.540e+02
s>        ( - -1.559e+03 2 0 QUESTION0_15_R 1 1.676e+02 3.299e+01)
s>        ( QUESTION2 1 -1.391e+04 3.547e+02 2.210e+02
s>            ( QUESTION13 -1 -7.465e+03 2.797e+02 1.270e+02
s>                ( - -1.020e+03 1 0)
s>                ( QUESTION0_0_R 1 -6.166e+03 2.540e+02 1.060e+02
s>                    ( WDBNDRY_B 0 -5.706e+03 2.544e+02 9.700e+01
s>                        ( - -9.776e+02 1 0)
s>                        ( - -4.474e+03 2 0 QUESTION0_1_R 1 1.438e+02 7.700e+01))
s>                    ( - -2.060e+02 1 0)))
s>            ( QUESTION0_8_R 1 -6.093e+03 2.854e+02 9.400e+01
s>                ( - -7.575e+02 1 0)
s>                ( QUESTION0_0_R 1 -5.050e+03 2.273e+02 8.000e+01
s>                    ( - -3.032e+03 2 0)
s>                    ( - -1.791e+03 2 0 QUESTION13 -1 2.190e+02 3.200e+01)))))INFO: dtree.c(1315): Comp split 4
INFO: dtree.c(1439): stop. leaf nodes are specific
INFO: dtree.c(1478): Final simple tree
|( QUESTION0_1_R 1 -5.795e+03 2.314e+02 7.807e+01
|    ( - -1.503e+03 1 0)
|    ( - -4.061e+03 2 0))
s>    ( QUESTION0_1_R 1 -5.795e+03 2.314e+02 7.807e+01
s>        ( - -1.503e+03 1 0)
s>        ( - -4.061e+03 2 0))INFO: dtree.c(1478): Final simple tree
|( SILENCE 1 -5.046e+04 3.912e+02 6.849e+02
|    ( - -7.199e+03 3 0 QUESTION10 -1 1.825e+02 8.844e+01)
|    ( WDBNDRY_B 0 -4.287e+04 3.573e+02 5.964e+02
|        ( - 2.440e+02 1 0)
|        ( QUESTION18 -1 -4.275e+04 3.351e+02 5.954e+02
|            ( QUESTION11 1 -2.429e+04 3.705e+02 3.470e+02
|                ( - -3.235e+02 1 0)
|                ( QUESTION2_0_L -1 -2.360e+04 2.947e+02 3.360e+02
|                    ( - -1.376e+04 7 0 QUESTION0_8_R 1 2.269e+02 2.011e+02)
|                    ( - -9.542e+03 9 0 QUESTION0_10_R 1 2.191e+02 1.349e+02)))
|            ( QUESTION16 1 -1.813e+04 2.795e+02 2.484e+02
|                ( - -2.066e+03 1 0)
|                ( QUESTION0_2_R 1 -1.578e+04 2.446e+02 2.214e+02
|                    ( - -4.110e+01 1 0)
|                    ( - -1.550e+04 18 0 QUESTION8 1 2.425e+02 2.174e+02))))))
s>    ( SILENCE 1 -5.046e+04 3.912e+02 6.849e+02
s>        ( - -7.199e+03 3 0 QUESTION10 -1 1.825e+02 8.844e+01)
s>        ( WDBNDRY_B 0 -4.287e+04 3.573e+02 5.964e+02
s>            ( - 2.440e+02 1 0)
s>            ( QUESTION18 -1 -4.275e+04 3.351e+02 5.954e+02
s>                ( QUESTION11 1 -2.429e+04 3.705e+02 3.470e+02
s>                    ( - -3.235e+02 1 0)
s>                    ( QUESTION2_0_L -1 -2.360e+04 2.947e+02 3.360e+02
s>                        ( - -1.376e+04 7 0 QUESTION0_8_R 1 2.269e+02 2.011e+02)
s>                        ( - -9.542e+03 9 0 QUESTION0_10_R 1 2.191e+02 1.349e+02)))
s>                ( QUESTION16 1 -1.813e+04 2.795e+02 2.484e+02
s>                    ( - -2.066e+03 1 0)
s>                    ( QUESTION0_2_R 1 -1.578e+04 2.446e+02 2.214e+02
s>                        ( - -4.110e+01 1 0)
s>                        ( - -1.550e+04 18 0 QUESTION8 1 2.425e+02 2.174e+02))))))INFO: dtree.c(1315): Comp split 5
INFO: dtree.c(1478): Final simple tree
|( QUESTION12 -1 -1.688e+04 2.532e+02 2.326e+02
|    ( - -4.040e+01 1 0)
|    ( QUESTION0_12_R 1 -1.658e+04 2.153e+02 2.286e+02
|        ( - -4.686e+00 1 0)
|        ( QUESTION0 1 -1.636e+04 1.718e+02 2.266e+02
|            ( - -1.006e+03 2 0)
|            ( QUESTION0_10_R 1 -1.519e+04 1.645e+02 2.096e+02
|                ( QUESTION10 -1 -1.023e+03 2.010e+02 1.700e+01
|                    ( - -3.468e+02 1 0)
|                    ( - -4.748e+02 2 0))
|                ( WDBNDRY_B 0 -1.400e+04 1.881e+02 1.926e+02
|                    ( - 1.397e+02 1 0)
|                    ( QUESTION0_0_R 1 -1.395e+04 1.509e+02 1.920e+02
|                        ( - -1.260e+04 3 0)
|                        ( - -1.195e+03 2 0)))))))
s>    ( QUESTION12 -1 -1.688e+04 2.532e+02 2.326e+02
s>        ( - -4.040e+01 1 0)
s>        ( QUESTION0_12_R 1 -1.658e+04 2.153e+02 2.286e+02
s>            ( - -4.686e+00 1 0)
s>            ( QUESTION0 1 -1.636e+04 1.718e+02 2.266e+02
s>                ( - -1.006e+03 2 0)
s>                ( QUESTION0_10_R 1 -1.519e+04 1.645e+02 2.096e+02
s>                    ( QUESTION10 -1 -1.023e+03 2.010e+02 1.700e+01
s>                        ( - -3.468e+02 1 0)
s>                        ( - -4.748e+02 2 0))
s>                    ( WDBNDRY_B 0 -1.400e+04 1.881e+02 1.926e+02
s>                        ( - 1.397e+02 1 0)
s>                        ( QUESTION0_0_R 1 -1.395e+04 1.509e+02 1.920e+02
s>                            ( - -1.260e+04 3 0)
s>                            ( - -1.195e+03 2 0)))))))INFO: dtree.c(1478): Final simple tree
|( QUESTION9 -1 -2.190e+04 3.102e+02 3.082e+02
|    ( WDBNDRY_B 0 -1.776e+04 2.475e+02 2.512e+02
|        ( QUESTION0_13_R 1 -1.008e+04 1.907e+02 1.464e+02
|            ( - -2.328e+02 1 0)
|            ( QUESTION2_1_L -1 -9.661e+03 1.997e+02 1.404e+02
|                ( - -5.024e+03 3 0)
|                ( - -4.437e+03 4 0 QUESTION10 -1 1.778e+02 5.995e+01)))
|        ( QUESTION10 -1 -7.424e+03 2.012e+02 1.048e+02
|            ( - -1.497e+03 1 0)
|            ( QUESTION0_15_R 1 -5.726e+03 1.799e+02 8.078e+01
|                ( - 1.278e+02 1 0)
|                ( - -5.673e+03 2 0 QUESTION0_13_R 1 1.452e+02 8.023e+01))))
|    ( QUESTION0_13_R 1 -3.836e+03 1.934e+02 5.700e+01
|        ( - -1.447e+03 3 0 QUESTION5 -1 1.059e+02 2.100e+01)
|        ( - -2.196e+03 5 0 QUESTION2_13_L -1 1.702e+02 3.600e+01)))
s>    ( QUESTION9 -1 -2.190e+04 3.102e+02 3.082e+02
s>        ( WDBNDRY_B 0 -1.776e+04 2.475e+02 2.512e+02
s>            ( QUESTION0_13_R 1 -1.008e+04 1.907e+02 1.464e+02
s>                ( - -2.328e+02 1 0)
s>                ( QUESTION2_1_L -1 -9.661e+03 1.997e+02 1.404e+02
s>                    ( - -5.024e+03 3 0)
s>                    ( - -4.437e+03 4 0 QUESTION10 -1 1.778e+02 5.995e+01)))
s>            ( QUESTION10 -1 -7.424e+03 2.012e+02 1.048e+02
s>                ( - -1.497e+03 1 0)
s>                ( QUESTION0_15_R 1 -5.726e+03 1.799e+02 8.078e+01
s>                    ( - 1.278e+02 1 0)
s>                    ( - -5.673e+03 2 0 QUESTION0_13_R 1 1.452e+02 8.023e+01))))
s>        ( QUESTION0_13_R 1 -3.836e+03 1.934e+02 5.700e+01
s>            ( - -1.447e+03 3 0 QUESTION5 -1 1.059e+02 2.100e+01)
s>            ( - -2.196e+03 5 0 QUESTION2_13_L -1 1.702e+02 3.600e+01)))INFO: dtree.c(1315): Comp split 6
INFO: dtree.c(1439): stop. leaf nodes are specific
INFO: dtree.c(1478): Final simple tree
|( WDBNDRY_B 0 -2.784e+03 2.478e+02 5.299e+01
|    ( - -9.776e+02 1 0)
|    ( QUESTION0_15_R 1 -1.559e+03 1.676e+02 3.299e+01
|        ( - -8.332e+02 1 0)
|        ( - -5.578e+02 1 0)))
s>    ( WDBNDRY_B 0 -2.784e+03 2.478e+02 5.299e+01
s>        ( - -9.776e+02 1 0)
s>        ( QUESTION0_15_R 1 -1.559e+03 1.676e+02 3.299e+01
s>            ( - -8.332e+02 1 0)
s>            ( - -5.578e+02 1 0)))INFO: dtree.c(1478): Final simple tree
|( QUESTION8 1 -1.265e+04 3.278e+02 2.010e+02
|    ( QUESTION0_1_R 1 -4.474e+03 1.438e+02 7.700e+01
|        ( - -5.450e+02 1 0)
|        ( - -3.785e+03 1 0))
|    ( QUESTION0_8_R 1 -7.851e+03 2.746e+02 1.240e+02
|        ( - -7.575e+02 1 0)
|        ( QUESTION2 1 -6.819e+03 2.648e+02 1.100e+02
|            ( WDBNDRY_B 0 -1.504e+03 2.789e+02 3.000e+01
|                ( - -1.020e+03 1 0)
|                ( - -2.060e+02 1 0))
|            ( QUESTION0_0_R 1 -5.050e+03 2.273e+02 8.000e+01
|                ( - -3.032e+03 2 0)
|                ( QUESTION13 -1 -1.791e+03 2.190e+02 3.200e+01
|                    ( - -5.801e+02 1 0)
|                    ( - -9.915e+02 1 0))))))
s>    ( QUESTION8 1 -1.265e+04 3.278e+02 2.010e+02
s>        ( QUESTION0_1_R 1 -4.474e+03 1.438e+02 7.700e+01
s>            ( - -5.450e+02 1 0)
s>            ( - -3.785e+03 1 0))
s>        ( QUESTION0_8_R 1 -7.851e+03 2.746e+02 1.240e+02
s>            ( - -7.575e+02 1 0)
s>            ( QUESTION2 1 -6.819e+03 2.648e+02 1.100e+02
s>                ( WDBNDRY_B 0 -1.504e+03 2.789e+02 3.000e+01
s>                    ( - -1.020e+03 1 0)
s>                    ( - -2.060e+02 1 0))
s>                ( QUESTION0_0_R 1 -5.050e+03 2.273e+02 8.000e+01
s>                    ( - -3.032e+03 2 0)
s>                    ( QUESTION13 -1 -1.791e+03 2.190e+02 3.200e+01
s>                        ( - -5.801e+02 1 0)
s>                        ( - -9.915e+02 1 0))))))INFO: dtree.c(1315): Comp split 7
INFO: dtree.c(1478): Final simple tree
|( WDBNDRY_B 0 -1.656e+04 3.555e+02 2.334e+02
|    ( - 2.440e+02 1 0)
|    ( QUESTION18 -1 -1.645e+04 3.431e+02 2.324e+02
|        ( - -3.235e+02 1 0)
|        ( QUESTION0_2_R 1 -1.578e+04 2.446e+02 2.214e+02
|            ( - -4.110e+01 1 0)
|            ( QUESTION8 1 -1.550e+04 2.425e+02 2.174e+02
|                ( - -3.621e+03 3 0 QUESTION0_9_R 1 2.006e+02 4.900e+01)
|                ( QUESTION0_10_R 1 -1.163e+04 2.391e+02 1.684e+02
|                    ( QUESTION0 1 -1.345e+03 3.015e+02 2.401e+01
|                        ( - -8.939e+02 1 0)
|                        ( - -1.497e+02 1 0))
|                    ( QUESTION0_13_R 1 -1.005e+04 2.023e+02 1.444e+02
|                        ( - -1.590e+03 2 0 QUESTION10 -1 2.347e+02 2.400e+01)
|                        ( - -8.257e+03 11 0 QUESTION0_12_R 1 1.838e+02 1.204e+02)))))))
s>    ( WDBNDRY_B 0 -1.656e+04 3.555e+02 2.334e+02
s>        ( - 2.440e+02 1 0)
s>        ( QUESTION18 -1 -1.645e+04 3.431e+02 2.324e+02
s>            ( - -3.235e+02 1 0)
s>            ( QUESTION0_2_R 1 -1.578e+04 2.446e+02 2.214e+02
s>                ( - -4.110e+01 1 0)
s>                ( QUESTION8 1 -1.550e+04 2.425e+02 2.174e+02
s>                    ( - -3.621e+03 3 0 QUESTION0_9_R 1 2.006e+02 4.900e+01)
s>                    ( QUESTION0_10_R 1 -1.163e+04 2.391e+02 1.684e+02
s>                        ( QUESTION0 1 -1.345e+03 3.015e+02 2.401e+01
s>                            ( - -8.939e+02 1 0)
s>                            ( - -1.497e+02 1 0))
s>                        ( QUESTION0_13_R 1 -1.005e+04 2.023e+02 1.444e+02
s>                            ( - -1.590e+03 2 0 QUESTION10 -1 2.347e+02 2.400e+01)
s>                            ( - -8.257e+03 11 0 QUESTION0_12_R 1 1.838e+02 1.204e+02)))))))INFO: dtree.c(1478): Final simple tree
|( QUESTION2_2_L -1 -3.348e+04 3.828e+02 4.515e+02
|    ( QUESTION0_8_R 1 -1.408e+04 2.276e+02 2.051e+02
|        ( - -1.811e+02 1 0)
|        ( QUESTION2 1 -1.367e+04 2.081e+02 1.981e+02
|            ( - -6.725e+03 2 0)
|            ( - -6.733e+03 5 0 QUESTION0_7_R 1 2.005e+02 9.797e+01)))
|    ( SILENCE 1 -1.902e+04 2.842e+02 2.463e+02
|        ( - -6.895e+03 2 0 QUESTION10 -1 1.856e+02 8.444e+01)
|        ( QUESTION10 1 -1.184e+04 2.466e+02 1.619e+02
|            ( QUESTION0_0_R 1 -2.688e+03 2.066e+02 3.701e+01
|                ( - -4.161e+02 1 0)
|                ( - -2.066e+03 1 0))
|            ( QUESTION0_14_R 1 -8.907e+03 2.182e+02 1.249e+02
|                ( - -2.571e+03 3 0 QUESTION0_15_R 1 1.363e+02 3.783e+01)
|                ( - -6.118e+03 5 0 QUESTION0_1_R 1 2.011e+02 8.704e+01)))))
s>    ( QUESTION2_2_L -1 -3.348e+04 3.828e+02 4.515e+02
s>        ( QUESTION0_8_R 1 -1.408e+04 2.276e+02 2.051e+02
s>            ( - -1.811e+02 1 0)
s>            ( QUESTION2 1 -1.367e+04 2.081e+02 1.981e+02
s>                ( - -6.725e+03 2 0)
s>                ( - -6.733e+03 5 0 QUESTION0_7_R 1 2.005e+02 9.797e+01)))
s>        ( SILENCE 1 -1.902e+04 2.842e+02 2.463e+02
s>            ( - -6.895e+03 2 0 QUESTION10 -1 1.856e+02 8.444e+01)
s>            ( QUESTION10 1 -1.184e+04 2.466e+02 1.619e+02
s>                ( QUESTION0_0_R 1 -2.688e+03 2.066e+02 3.701e+01
s>                    ( - -4.161e+02 1 0)
s>                    ( - -2.066e+03 1 0))
s>                ( QUESTION0_14_R 1 -8.907e+03 2.182e+02 1.249e+02
s>                    ( - -2.571e+03 3 0 QUESTION0_15_R 1 1.363e+02 3.783e+01)
s>                    ( - -6.118e+03 5 0 QUESTION0_1_R 1 2.011e+02 8.704e+01)))))INFO: dtree.c(1315): Comp split 8
INFO: dtree.c(1439): stop. leaf nodes are specific
INFO: dtree.c(1478): Final simple tree
|( QUESTION0_2_R 1 -5.696e+03 3.418e+02 1.007e+02
|    ( - -2.982e+02 1 0)
|    ( QUESTION0_15_R 1 -5.056e+03 2.627e+02 9.270e+01
|        ( - -9.076e+02 2 0)
|        ( QUESTION0_1_R 1 -3.885e+03 2.645e+02 7.370e+01
|            ( WDBNDRY_B 0 -3.482e+03 2.523e+02 6.770e+01
|                ( - 3.338e+00 1 0)
|                ( - -3.233e+03 1 0))
|            ( - -1.388e+02 1 0))))
s>    ( QUESTION0_2_R 1 -5.696e+03 3.418e+02 1.007e+02
s>        ( - -2.982e+02 1 0)
s>        ( QUESTION0_15_R 1 -5.056e+03 2.627e+02 9.270e+01
s>            ( - -9.076e+02 2 0)
s>            ( QUESTION0_1_R 1 -3.885e+03 2.645e+02 7.370e+01
s>                ( WDBNDRY_B 0 -3.482e+03 2.523e+02 6.770e+01
s>                    ( - 3.338e+00 1 0)
s>                    ( - -3.233e+03 1 0))
s>                ( - -1.388e+02 1 0))))INFO: dtree.c(1439): stop. leaf nodes are specific
INFO: dtree.c(1478): Final simple tree
|( QUESTION0_9_R 1 -4.942e+03 3.721e+02 9.500e+01
|    ( - -2.319e+03 1 0)
|    ( - -2.251e+03 2 0))
s>    ( QUESTION0_9_R 1 -4.942e+03 3.721e+02 9.500e+01
s>        ( - -2.319e+03 1 0)
s>        ( - -2.251e+03 2 0))INFO: dtree.c(1315): Comp split 9
INFO: dtree.c(1439): stop. leaf nodes are specific
INFO: dtree.c(1478): Final simple tree
|( QUESTION2_0_L -1 -2.867e+03 2.848e+02 5.600e+01
|    ( QUESTION0_10_R 1 -2.300e+03 2.187e+02 4.500e+01
|        ( - -2.132e+02 2 0)
|        ( QUESTION0 1 -1.868e+03 2.184e+02 3.800e+01
|            ( - -7.601e+02 1 0)
|            ( WDBNDRY_B 0 -8.898e+02 1.756e+02 2.100e+01
|                ( - -2.075e+02 1 0)
|                ( - -5.068e+02 1 0))))
|    ( - -2.823e+02 1 0))
s>    ( QUESTION2_0_L -1 -2.867e+03 2.848e+02 5.600e+01
s>        ( QUESTION0_10_R 1 -2.300e+03 2.187e+02 4.500e+01
s>            ( - -2.132e+02 2 0)
s>            ( QUESTION0 1 -1.868e+03 2.184e+02 3.800e+01
s>                ( - -7.601e+02 1 0)
s>                ( WDBNDRY_B 0 -8.898e+02 1.756e+02 2.100e+01
s>                    ( - -2.075e+02 1 0)
s>                    ( - -5.068e+02 1 0))))
s>        ( - -2.823e+02 1 0))INFO: dtree.c(1439): stop. leaf nodes are specific
INFO: dtree.c(1478): Final simple tree
|( WDBNDRY_B 0 -1.320e+03 2.620e+02 3.800e+01
|    ( - -5.909e+02 1 0)
|    ( - -4.674e+02 1 0))
s>    ( WDBNDRY_B 0 -1.320e+03 2.620e+02 3.800e+01
s>        ( - -5.909e+02 1 0)
s>        ( - -4.674e+02 1 0))INFO: dtree.c(1315): Comp split 10
INFO: dtree.c(1439): stop. leaf nodes are specific
INFO: dtree.c(1478): Final simple tree
|( QUESTION0_0_R 1 -1.472e+04 2.471e+02 2.151e+02
|    ( QUESTION0_9_R 1 -2.690e+03 2.176e+02 4.600e+01
|        ( - -1.811e+02 1 0)
|        ( QUESTION0_3_R 1 -2.291e+03 1.887e+02 3.900e+01
|            ( - -7.987e+02 1 0)
|            ( QUESTION0_2_R 1 -1.304e+03 1.532e+02 2.500e+01
|                ( - -7.345e+02 1 0)
|                ( - -4.161e+02 1 0))))
|    ( QUESTION0 1 -1.179e+04 2.021e+02 1.691e+02
|        ( - -6.725e+03 2 0)
|        ( SILENCE 1 -4.858e+03 1.519e+02 6.897e+01
|            ( - -1.646e+02 1 0)
|            ( - -4.542e+03 2 0))))
s>    ( QUESTION0_0_R 1 -1.472e+04 2.471e+02 2.151e+02
s>        ( QUESTION0_9_R 1 -2.690e+03 2.176e+02 4.600e+01
s>            ( - -1.811e+02 1 0)
s>            ( QUESTION0_3_R 1 -2.291e+03 1.887e+02 3.900e+01
s>                ( - -7.987e+02 1 0)
s>                ( QUESTION0_2_R 1 -1.304e+03 1.532e+02 2.500e+01
s>                    ( - -7.345e+02 1 0)
s>                    ( - -4.161e+02 1 0))))
s>        ( QUESTION0 1 -1.179e+04 2.021e+02 1.691e+02
s>            ( - -6.725e+03 2 0)
s>            ( SILENCE 1 -4.858e+03 1.519e+02 6.897e+01
s>                ( - -1.646e+02 1 0)
s>                ( - -4.542e+03 2 0))))INFO: dtree.c(1478): Final simple tree
|( SILENCE 1 -1.837e+04 2.701e+02 2.363e+02
|    ( QUESTION10 -1 -6.895e+03 1.856e+02 8.444e+01
|        ( - -5.395e+03 1 0)
|        ( - -1.315e+03 1 0))
|    ( QUESTION10 -1 -1.121e+04 2.361e+02 1.519e+02
|        ( QUESTION0_14_R 1 -8.907e+03 2.182e+02 1.249e+02
|            ( - -2.571e+03 3 0 QUESTION0_15_R 1 1.363e+02 3.783e+01)
|            ( QUESTION0_1_R 1 -6.118e+03 2.011e+02 8.704e+01
|                ( - -6.636e+02 1 0)
|                ( QUESTION0_0_R 1 -5.253e+03 1.911e+02 7.804e+01
|                    ( - 1.397e+02 1 0)
|                    ( QUESTION0 1 -5.201e+03 1.521e+02 7.748e+01
|                        ( - -9.445e+02 1 0)
|                        ( - -4.105e+03 2 0)))))
|        ( - -2.066e+03 1 0)))
s>    ( SILENCE 1 -1.837e+04 2.701e+02 2.363e+02
s>        ( QUESTION10 -1 -6.895e+03 1.856e+02 8.444e+01
s>            ( - -5.395e+03 1 0)
s>            ( - -1.315e+03 1 0))
s>        ( QUESTION10 -1 -1.121e+04 2.361e+02 1.519e+02
s>            ( QUESTION0_14_R 1 -8.907e+03 2.182e+02 1.249e+02
s>                ( - -2.571e+03 3 0 QUESTION0_15_R 1 1.363e+02 3.783e+01)
s>                ( QUESTION0_1_R 1 -6.118e+03 2.011e+02 8.704e+01
s>                    ( - -6.636e+02 1 0)
s>                    ( QUESTION0_0_R 1 -5.253e+03 1.911e+02 7.804e+01
s>                        ( - 1.397e+02 1 0)
s>                        ( QUESTION0 1 -5.201e+03 1.521e+02 7.748e+01
s>                            ( - -9.445e+02 1 0)
s>                            ( - -4.105e+03 2 0)))))
s>            ( - -2.066e+03 1 0)))INFO: dtree.c(1315): Comp split 11
INFO: dtree.c(1439): stop. leaf nodes are specific
INFO: dtree.c(1478): Final simple tree
|( QUESTION7 1 -5.730e+03 2.593e+02 9.900e+01
|    ( - -2.060e+02 1 0)
|    ( QUESTION0_0_R 1 -5.264e+03 2.103e+02 9.000e+01
|        ( QUESTION0_1_R 1 -4.474e+03 1.438e+02 7.700e+01
|            ( - -5.450e+02 1 0)
|            ( - -3.785e+03 1 0))
|        ( - -5.801e+02 1 0)))
s>    ( QUESTION7 1 -5.730e+03 2.593e+02 9.900e+01
s>        ( - -2.060e+02 1 0)
s>        ( QUESTION0_0_R 1 -5.264e+03 2.103e+02 9.000e+01
s>            ( QUESTION0_1_R 1 -4.474e+03 1.438e+02 7.700e+01
s>                ( - -5.450e+02 1 0)
s>                ( - -3.785e+03 1 0))
s>            ( - -5.801e+02 1 0)))INFO: dtree.c(1439): stop. leaf nodes are specific
INFO: dtree.c(1478): Final simple tree
|( QUESTION0_2_R 1 -6.549e+03 2.778e+02 1.020e+02
|    ( - -3.032e+03 2 0)
|    ( WDBNDRY_B 0 -3.239e+03 2.588e+02 5.400e+01
|        ( - -1.020e+03 1 0)
|        ( QUESTION0_0_R 1 -1.961e+03 2.116e+02 3.300e+01
|            ( - -7.575e+02 1 0)
|            ( - -9.915e+02 1 0))))
s>    ( QUESTION0_2_R 1 -6.549e+03 2.778e+02 1.020e+02
s>        ( - -3.032e+03 2 0)
s>        ( WDBNDRY_B 0 -3.239e+03 2.588e+02 5.400e+01
s>            ( - -1.020e+03 1 0)
s>            ( QUESTION0_0_R 1 -1.961e+03 2.116e+02 3.300e+01
s>                ( - -7.575e+02 1 0)
s>                ( - -9.915e+02 1 0))))INFO: dtree.c(1315): Comp split 12
INFO: dtree.c(1315): Comp split 13
INFO: dtree.c(1478): Final simple tree
|( QUESTION18 -1 -1.645e+04 3.431e+02 2.324e+02
|    ( - -3.235e+02 1 0)
|    ( QUESTION0_2_R 1 -1.578e+04 2.446e+02 2.214e+02
|        ( - -4.110e+01 1 0)
|        ( QUESTION8 1 -1.550e+04 2.425e+02 2.174e+02
|            ( - -3.621e+03 3 0 QUESTION0_9_R 1 2.006e+02 4.900e+01)
|            ( QUESTION0_10_R 1 -1.163e+04 2.391e+02 1.684e+02
|                ( QUESTION0 1 -1.345e+03 3.015e+02 2.401e+01
|                    ( - -8.939e+02 1 0)
|                    ( - -1.497e+02 1 0))
|                ( QUESTION0_13_R 1 -1.005e+04 2.023e+02 1.444e+02
|                    ( QUESTION10 -1 -1.590e+03 2.347e+02 2.400e+01
|                        ( - -1.008e+02 1 0)
|                        ( - -1.255e+03 1 0))
|                    ( - -8.257e+03 11 0 QUESTION0_12_R 1 1.838e+02 1.204e+02))))))
s>    ( QUESTION18 -1 -1.645e+04 3.431e+02 2.324e+02
s>        ( - -3.235e+02 1 0)
s>        ( QUESTION0_2_R 1 -1.578e+04 2.446e+02 2.214e+02
s>            ( - -4.110e+01 1 0)
s>            ( QUESTION8 1 -1.550e+04 2.425e+02 2.174e+02
s>                ( - -3.621e+03 3 0 QUESTION0_9_R 1 2.006e+02 4.900e+01)
s>                ( QUESTION0_10_R 1 -1.163e+04 2.391e+02 1.684e+02
s>                    ( QUESTION0 1 -1.345e+03 3.015e+02 2.401e+01
s>                        ( - -8.939e+02 1 0)
s>                        ( - -1.497e+02 1 0))
s>                    ( QUESTION0_13_R 1 -1.005e+04 2.023e+02 1.444e+02
s>                        ( QUESTION10 -1 -1.590e+03 2.347e+02 2.400e+01
s>                            ( - -1.008e+02 1 0)
s>                            ( - -1.255e+03 1 0))
s>                        ( - -8.257e+03 11 0 QUESTION0_12_R 1 1.838e+02 1.204e+02))))))INFO: dtree.c(1315): Comp split 14
INFO: dtree.c(1478): Final simple tree
|( QUESTION0_2_R 1 -1.578e+04 2.446e+02 2.214e+02
|    ( - -4.110e+01 1 0)
|    ( QUESTION8 1 -1.550e+04 2.425e+02 2.174e+02
|        ( QUESTION0_9_R 1 -3.621e+03 2.006e+02 4.900e+01
|            ( - -1.293e+03 1 0)
|            ( - -2.128e+03 2 0 QUESTION0_1_R 1 1.597e+02 2.699e+01))
|        ( QUESTION0_10_R 1 -1.163e+04 2.391e+02 1.684e+02
|            ( QUESTION0 1 -1.345e+03 3.015e+02 2.401e+01
|                ( - -8.939e+02 1 0)
|                ( - -1.497e+02 1 0))
|            ( QUESTION0_13_R 1 -1.005e+04 2.023e+02 1.444e+02
|                ( QUESTION10 -1 -1.590e+03 2.347e+02 2.400e+01
|                    ( - -1.008e+02 1 0)
|                    ( - -1.255e+03 1 0))
|                ( - -8.257e+03 11 0 QUESTION0_12_R 1 1.838e+02 1.204e+02)))))
s>    ( QUESTION0_2_R 1 -1.578e+04 2.446e+02 2.214e+02
s>        ( - -4.110e+01 1 0)
s>        ( QUESTION8 1 -1.550e+04 2.425e+02 2.174e+02
s>            ( QUESTION0_9_R 1 -3.621e+03 2.006e+02 4.900e+01
s>                ( - -1.293e+03 1 0)
s>                ( - -2.128e+03 2 0 QUESTION0_1_R 1 1.597e+02 2.699e+01))
s>            ( QUESTION0_10_R 1 -1.163e+04 2.391e+02 1.684e+02
s>                ( QUESTION0 1 -1.345e+03 3.015e+02 2.401e+01
s>                    ( - -8.939e+02 1 0)
s>                    ( - -1.497e+02 1 0))
s>                ( QUESTION0_13_R 1 -1.005e+04 2.023e+02 1.444e+02
s>                    ( QUESTION10 -1 -1.590e+03 2.347e+02 2.400e+01
s>                        ( - -1.008e+02 1 0)
s>                        ( - -1.255e+03 1 0))
s>                    ( - -8.257e+03 11 0 QUESTION0_12_R 1 1.838e+02 1.204e+02)))))INFO: dtree.c(1315): Comp split 15
INFO: dtree.c(1439): stop. leaf nodes are specific
INFO: dtree.c(1478): Final simple tree
|( QUESTION0_15_R 1 -5.056e+03 2.627e+02 9.270e+01
|    ( - -9.076e+02 2 0)
|    ( QUESTION0_1_R 1 -3.885e+03 2.645e+02 7.370e+01
|        ( WDBNDRY_B 0 -3.482e+03 2.523e+02 6.770e+01
|            ( - 3.338e+00 1 0)
|            ( - -3.233e+03 1 0))
|        ( - -1.388e+02 1 0)))
s>    ( QUESTION0_15_R 1 -5.056e+03 2.627e+02 9.270e+01
s>        ( - -9.076e+02 2 0)
s>        ( QUESTION0_1_R 1 -3.885e+03 2.645e+02 7.370e+01
s>            ( WDBNDRY_B 0 -3.482e+03 2.523e+02 6.770e+01
s>                ( - 3.338e+00 1 0)
s>                ( - -3.233e+03 1 0))
s>            ( - -1.388e+02 1 0)))INFO: dtree.c(1315): Comp split 16
INFO: dtree.c(1478): Final simple tree
|( QUESTION0_2_R 1 -1.455e+04 2.446e+02 2.024e+02
|    ( - -4.110e+01 1 0)
|    ( QUESTION8 1 -1.427e+04 2.295e+02 1.984e+02
|        ( QUESTION0_9_R 1 -3.621e+03 2.006e+02 4.900e+01
|            ( - -1.293e+03 1 0)
|            ( - -2.128e+03 2 0 QUESTION0_1_R 1 1.597e+02 2.699e+01))
|        ( QUESTION0_10_R 1 -1.042e+04 2.164e+02 1.494e+02
|            ( - -1.497e+02 1 0)
|            ( QUESTION0_13_R 1 -1.005e+04 2.023e+02 1.444e+02
|                ( QUESTION10 -1 -1.590e+03 2.347e+02 2.400e+01
|                    ( - -1.008e+02 1 0)
|                    ( - -1.255e+03 1 0))
|                ( QUESTION0_12_R 1 -8.257e+03 1.838e+02 1.204e+02
|                    ( - -2.173e+03 2 0)
|                    ( - -5.901e+03 9 0 QUESTION10 -1 1.741e+02 8.441e+01))))))
s>    ( QUESTION0_2_R 1 -1.455e+04 2.446e+02 2.024e+02
s>        ( - -4.110e+01 1 0)
s>        ( QUESTION8 1 -1.427e+04 2.295e+02 1.984e+02
s>            ( QUESTION0_9_R 1 -3.621e+03 2.006e+02 4.900e+01
s>                ( - -1.293e+03 1 0)
s>                ( - -2.128e+03 2 0 QUESTION0_1_R 1 1.597e+02 2.699e+01))
s>            ( QUESTION0_10_R 1 -1.042e+04 2.164e+02 1.494e+02
s>                ( - -1.497e+02 1 0)
s>                ( QUESTION0_13_R 1 -1.005e+04 2.023e+02 1.444e+02
s>                    ( QUESTION10 -1 -1.590e+03 2.347e+02 2.400e+01
s>                        ( - -1.008e+02 1 0)
s>                        ( - -1.255e+03 1 0))
s>                    ( QUESTION0_12_R 1 -8.257e+03 1.838e+02 1.204e+02
s>                        ( - -2.173e+03 2 0)
s>                        ( - -5.901e+03 9 0 QUESTION10 -1 1.741e+02 8.441e+01))))))INFO: dtree.c(1315): Comp split 17
INFO: dtree.c(1478): Final simple tree
|( QUESTION0 -1 -9.123e+03 2.869e+02 1.375e+02
|    ( WDBNDRY_B 0 -3.150e+03 1.902e+02 4.600e+01
|        ( QUESTION0_14_R 1 -2.093e+03 1.892e+02 3.100e+01
|            ( - -8.344e+01 1 0)
|            ( QUESTION0_1_R 1 -1.821e+03 1.654e+02 2.700e+01
|                ( - -2.082e+02 1 0)
|                ( QUESTION5 -1 -1.447e+03 1.059e+02 2.100e+01
|                    ( - -1.093e+03 2 0)
|                    ( - -2.485e+02 1 0))))
|        ( QUESTION2_0_L -1 -8.660e+02 1.975e+02 1.500e+01
|            ( - -5.999e+02 1 0)
|            ( - -6.860e+01 1 0)))
|    ( SILENCE -1 -5.686e+03 1.451e+02 9.147e+01
|        ( - -5.169e+02 1 0)
|        ( - -5.024e+03 3 0)))
s>    ( QUESTION0 -1 -9.123e+03 2.869e+02 1.375e+02
s>        ( WDBNDRY_B 0 -3.150e+03 1.902e+02 4.600e+01
s>            ( QUESTION0_14_R 1 -2.093e+03 1.892e+02 3.100e+01
s>                ( - -8.344e+01 1 0)
s>                ( QUESTION0_1_R 1 -1.821e+03 1.654e+02 2.700e+01
s>                    ( - -2.082e+02 1 0)
s>                    ( QUESTION5 -1 -1.447e+03 1.059e+02 2.100e+01
s>                        ( - -1.093e+03 2 0)
s>                        ( - -2.485e+02 1 0))))
s>            ( QUESTION2_0_L -1 -8.660e+02 1.975e+02 1.500e+01
s>                ( - -5.999e+02 1 0)
s>                ( - -6.860e+01 1 0)))
s>        ( SILENCE -1 -5.686e+03 1.451e+02 9.147e+01
s>            ( - -5.169e+02 1 0)
s>            ( - -5.024e+03 3 0)))INFO: dtree.c(1439): stop. leaf nodes are specific
INFO: dtree.c(1478): Final simple tree
|( QUESTION2_1_L -1 -1.245e+04 2.251e+02 1.707e+02
|    ( QUESTION0_15_R 1 -6.130e+03 1.803e+02 8.678e+01
|        ( - 1.278e+02 1 0)
|        ( WDBNDRY_B 0 -6.078e+03 1.713e+02 8.623e+01
|            ( - -2.328e+02 1 0)
|            ( QUESTION0_13_R 1 -5.673e+03 1.452e+02 8.023e+01
|                ( - -2.939e+02 1 0)
|                ( - -5.234e+03 1 0))))
|    ( QUESTION10 -1 -6.093e+03 1.743e+02 8.395e+01
|        ( WDBNDRY_B 0 -5.702e+03 1.624e+02 7.795e+01
|            ( - -4.042e+03 3 0)
|            ( - -1.497e+03 1 0))
|        ( - -2.171e+02 1 0)))
s>    ( QUESTION2_1_L -1 -1.245e+04 2.251e+02 1.707e+02
s>        ( QUESTION0_15_R 1 -6.130e+03 1.803e+02 8.678e+01
s>            ( - 1.278e+02 1 0)
s>            ( WDBNDRY_B 0 -6.078e+03 1.713e+02 8.623e+01
s>                ( - -2.328e+02 1 0)
s>                ( QUESTION0_13_R 1 -5.673e+03 1.452e+02 8.023e+01
s>                    ( - -2.939e+02 1 0)
s>                    ( - -5.234e+03 1 0))))
s>        ( QUESTION10 -1 -6.093e+03 1.743e+02 8.395e+01
s>            ( WDBNDRY_B 0 -5.702e+03 1.624e+02 7.795e+01
s>                ( - -4.042e+03 3 0)
s>                ( - -1.497e+03 1 0))
s>            ( - -2.171e+02 1 0)))INFO: dtree.c(1315): Comp split 18
INFO: dtree.c(1439): stop. leaf nodes are specific
INFO: dtree.c(1478): Final simple tree
|( WDBNDRY_B 0 -2.869e+03 1.762e+02 4.200e+01
|    ( QUESTION0_14_R 1 -2.093e+03 1.892e+02 3.100e+01
|        ( - -8.344e+01 1 0)
|        ( QUESTION0_1_R 1 -1.821e+03 1.654e+02 2.700e+01
|            ( - -2.082e+02 1 0)
|            ( QUESTION5 -1 -1.447e+03 1.059e+02 2.100e+01
|                ( - -1.093e+03 2 0)
|                ( - -2.485e+02 1 0))))
|    ( - -5.999e+02 1 0))
s>    ( WDBNDRY_B 0 -2.869e+03 1.762e+02 4.200e+01
s>        ( QUESTION0_14_R 1 -2.093e+03 1.892e+02 3.100e+01
s>            ( - -8.344e+01 1 0)
s>            ( QUESTION0_1_R 1 -1.821e+03 1.654e+02 2.700e+01
s>                ( - -2.082e+02 1 0)
s>                ( QUESTION5 -1 -1.447e+03 1.059e+02 2.100e+01
s>                    ( - -1.093e+03 2 0)
s>                    ( - -2.485e+02 1 0))))
s>        ( - -5.999e+02 1 0))INFO: dtree.c(1439): stop. leaf nodes are specific
INFO: dtree.c(1478): Final simple tree
|( WDBNDRY_B 0 -5.919e+03 1.645e+02 9.547e+01
|    ( SILENCE -1 -5.686e+03 1.451e+02 9.147e+01
|        ( - -5.169e+02 1 0)
|        ( - -5.024e+03 3 0))
|    ( - -6.860e+01 1 0))
s>    ( WDBNDRY_B 0 -5.919e+03 1.645e+02 9.547e+01
s>        ( SILENCE -1 -5.686e+03 1.451e+02 9.147e+01
s>            ( - -5.169e+02 1 0)
s>            ( - -5.024e+03 3 0))
s>        ( - -6.860e+01 1 0))INFO: dtree.c(1315): Comp split 19
INFO: dtree.c(1439): stop. leaf nodes are specific
INFO: dtree.c(1478): Final simple tree
|( QUESTION0_10_R 1 -2.300e+03 2.187e+02 4.500e+01
|    ( - -2.132e+02 2 0)
|    ( QUESTION0 1 -1.868e+03 2.184e+02 3.800e+01
|        ( - -7.601e+02 1 0)
|        ( WDBNDRY_B 0 -8.898e+02 1.756e+02 2.100e+01
|            ( - -2.075e+02 1 0)
|            ( - -5.068e+02 1 0))))
s>    ( QUESTION0_10_R 1 -2.300e+03 2.187e+02 4.500e+01
s>        ( - -2.132e+02 2 0)
s>        ( QUESTION0 1 -1.868e+03 2.184e+02 3.800e+01
s>            ( - -7.601e+02 1 0)
s>            ( WDBNDRY_B 0 -8.898e+02 1.756e+02 2.100e+01
s>                ( - -2.075e+02 1 0)
s>                ( - -5.068e+02 1 0))))INFO: dtree.c(1315): Comp split 20
INFO: dtree.c(1439): stop. leaf nodes are specific
INFO: dtree.c(1478): Final simple tree
|( QUESTION2 1 -1.274e+04 2.179e+02 1.831e+02
|    ( - -6.725e+03 2 0)
|    ( SILENCE 1 -5.798e+03 1.536e+02 8.297e+01
|        ( - -1.646e+02 1 0)
|        ( QUESTION0_0_R 1 -5.480e+03 1.396e+02 7.897e+01
|            ( - -7.987e+02 1 0)
|            ( - -4.542e+03 2 0))))
s>    ( QUESTION2 1 -1.274e+04 2.179e+02 1.831e+02
s>        ( - -6.725e+03 2 0)
s>        ( SILENCE 1 -5.798e+03 1.536e+02 8.297e+01
s>            ( - -1.646e+02 1 0)
s>            ( QUESTION0_0_R 1 -5.480e+03 1.396e+02 7.897e+01
s>                ( - -7.987e+02 1 0)
s>                ( - -4.542e+03 2 0))))INFO: dtree.c(1439): stop. leaf nodes are specific
INFO: dtree.c(1478): Final simple tree
|( QUESTION0_9_R 1 -1.699e+03 2.145e+02 3.200e+01
|    ( - -1.811e+02 1 0)
|    ( QUESTION0_2_R 1 -1.304e+03 1.532e+02 2.500e+01
|        ( - -7.345e+02 1 0)
|        ( - -4.161e+02 1 0)))
s>    ( QUESTION0_9_R 1 -1.699e+03 2.145e+02 3.200e+01
s>        ( - -1.811e+02 1 0)
s>        ( QUESTION0_2_R 1 -1.304e+03 1.532e+02 2.500e+01
s>            ( - -7.345e+02 1 0)
s>            ( - -4.161e+02 1 0)))INFO: dtree.c(1315): Comp split 21
INFO: dtree.c(1439): stop. leaf nodes are specific
INFO: dtree.c(1478): Final simple tree
|( WDBNDRY_B 0 -3.239e+03 2.588e+02 5.400e+01
|    ( - -1.020e+03 1 0)
|    ( QUESTION0_0_R 1 -1.961e+03 2.116e+02 3.300e+01
|        ( - -7.575e+02 1 0)
|        ( - -9.915e+02 1 0)))
s>    ( WDBNDRY_B 0 -3.239e+03 2.588e+02 5.400e+01
s>        ( - -1.020e+03 1 0)
s>        ( QUESTION0_0_R 1 -1.961e+03 2.116e+02 3.300e+01
s>            ( - -7.575e+02 1 0)
s>            ( - -9.915e+02 1 0)))INFO: dtree.c(1315): Comp split 22
INFO: dtree.c(1439): stop. leaf nodes are specific
INFO: dtree.c(1478): Final simple tree
|( QUESTION10 -1 -1.027e+04 2.300e+02 1.423e+02
|    ( QUESTION0 1 -7.975e+03 2.259e+02 1.153e+02
|        ( QUESTION0_16_R 1 -3.645e+03 1.631e+02 5.430e+01
|            ( - -1.235e+03 1 0)
|            ( QUESTION0_0_R 1 -2.247e+03 1.023e+02 3.647e+01
|                ( - -1.200e+03 2 0)
|                ( - -9.445e+02 1 0)))
|        ( - -4.105e+03 2 0))
|    ( - -2.066e+03 1 0))
s>    ( QUESTION10 -1 -1.027e+04 2.300e+02 1.423e+02
s>        ( QUESTION0 1 -7.975e+03 2.259e+02 1.153e+02
s>            ( QUESTION0_16_R 1 -3.645e+03 1.631e+02 5.430e+01
s>                ( - -1.235e+03 1 0)
s>                ( QUESTION0_0_R 1 -2.247e+03 1.023e+02 3.647e+01
s>                    ( - -1.200e+03 2 0)
s>                    ( - -9.445e+02 1 0)))
s>            ( - -4.105e+03 2 0))
s>        ( - -2.066e+03 1 0))INFO: dtree.c(1439): stop. leaf nodes are specific
INFO: dtree.c(1478): Final simple tree
|( QUESTION0_1_R 1 -7.827e+03 2.208e+02 9.400e+01
|    ( - -6.636e+02 1 0)
|    ( SILENCE 1 -6.942e+03 1.866e+02 8.500e+01
|        ( QUESTION10 -1 -6.895e+03 1.856e+02 8.444e+01
|            ( - -5.395e+03 1 0)
|            ( - -1.315e+03 1 0))
|        ( - 1.397e+02 1 0)))
s>    ( QUESTION0_1_R 1 -7.827e+03 2.208e+02 9.400e+01
s>        ( - -6.636e+02 1 0)
s>        ( SILENCE 1 -6.942e+03 1.866e+02 8.500e+01
s>            ( QUESTION10 -1 -6.895e+03 1.856e+02 8.444e+01
s>                ( - -5.395e+03 1 0)
s>                ( - -1.315e+03 1 0))
s>            ( - 1.397e+02 1 0)))INFO: dtree.c(1315): Comp split 23
INFO: dtree.c(1478): Final simple tree
|( QUESTION0_2_R 1 -1.418e+04 2.447e+02 1.994e+02
|    ( - -4.110e+01 1 0)
|    ( QUESTION8 1 -1.390e+04 2.308e+02 1.954e+02
|        ( QUESTION0_9_R 1 -3.621e+03 2.006e+02 4.900e+01
|            ( - -1.293e+03 1 0)
|            ( - -2.128e+03 2 0 QUESTION0_1_R 1 1.597e+02 2.699e+01))
|        ( QUESTION0_10_R 1 -1.005e+04 2.131e+02 1.464e+02
|            ( - -1.497e+02 1 0)
|            ( QUESTION0_12_R 1 -9.683e+03 1.880e+02 1.414e+02
|                ( - -3.594e+03 3 0 QUESTION0_13_R 1 1.668e+02 5.700e+01)
|                ( QUESTION10 -1 -5.901e+03 1.741e+02 8.441e+01
|                    ( QUESTION0 1 -1.320e+03 2.626e+02 2.094e+01
|                        ( - 8.536e+01 1 0)
|                        ( - -1.143e+03 2 0 QUESTION0_0_R 1 2.318e+02 1.894e+01))
|                    ( - -4.407e+03 6 0 QUESTION0 1 1.569e+02 6.347e+01))))))
s>    ( QUESTION0_2_R 1 -1.418e+04 2.447e+02 1.994e+02
s>        ( - -4.110e+01 1 0)
s>        ( QUESTION8 1 -1.390e+04 2.308e+02 1.954e+02
s>            ( QUESTION0_9_R 1 -3.621e+03 2.006e+02 4.900e+01
s>                ( - -1.293e+03 1 0)
s>                ( - -2.128e+03 2 0 QUESTION0_1_R 1 1.597e+02 2.699e+01))
s>            ( QUESTION0_10_R 1 -1.005e+04 2.131e+02 1.464e+02
s>                ( - -1.497e+02 1 0)
s>                ( QUESTION0_12_R 1 -9.683e+03 1.880e+02 1.414e+02
s>                    ( - -3.594e+03 3 0 QUESTION0_13_R 1 1.668e+02 5.700e+01)
s>                    ( QUESTION10 -1 -5.901e+03 1.741e+02 8.441e+01
s>                        ( QUESTION0 1 -1.320e+03 2.626e+02 2.094e+01
s>                            ( - 8.536e+01 1 0)
s>                            ( - -1.143e+03 2 0 QUESTION0_0_R 1 2.318e+02 1.894e+01))
s>                        ( - -4.407e+03 6 0 QUESTION0 1 1.569e+02 6.347e+01))))))INFO: dtree.c(1315): Comp split 24
INFO: dtree.c(1439): stop. leaf nodes are specific
INFO: dtree.c(1478): Final simple tree
|( QUESTION10 -1 -4.939e+03 2.571e+02 7.047e+01
|    ( - 8.536e+01 1 0)
|    ( QUESTION0_10_R 1 -4.767e+03 2.104e+02 6.847e+01
|        ( - -1.497e+02 1 0)
|        ( QUESTION0 1 -4.407e+03 1.569e+02 6.347e+01
|            ( - -2.595e+02 2 0)
|            ( QUESTION0_0_R 1 -3.990e+03 1.081e+02 5.791e+01
|                ( - -2.345e+03 2 0)
|                ( - -1.538e+03 2 0)))))
s>    ( QUESTION10 -1 -4.939e+03 2.571e+02 7.047e+01
s>        ( - 8.536e+01 1 0)
s>        ( QUESTION0_10_R 1 -4.767e+03 2.104e+02 6.847e+01
s>            ( - -1.497e+02 1 0)
s>            ( QUESTION0 1 -4.407e+03 1.569e+02 6.347e+01
s>                ( - -2.595e+02 2 0)
s>                ( QUESTION0_0_R 1 -3.990e+03 1.081e+02 5.791e+01
s>                    ( - -2.345e+03 2 0)
s>                    ( - -1.538e+03 2 0)))))INFO: dtree.c(1478): Final simple tree
|( QUESTION0_2_R 1 -8.953e+03 2.390e+02 1.289e+02
|    ( - -4.110e+01 1 0)
|    ( QUESTION0_10_R 1 -8.673e+03 2.250e+02 1.249e+02
|        ( - -1.348e+03 1 0)
|        ( QUESTION0_0_R 1 -7.100e+03 2.196e+02 1.089e+02
|            ( QUESTION0_14_R 1 -6.571e+03 1.773e+02 9.994e+01
|                ( QUESTION5 1 -2.937e+03 1.445e+02 4.699e+01
|                    ( - -2.173e+03 2 0)
|                    ( - -6.202e+02 1 0))
|                ( QUESTION8 1 -3.456e+03 1.677e+02 5.295e+01
|                    ( - -1.293e+03 1 0)
|                    ( QUESTION0_1_R 1 -1.996e+03 1.397e+02 3.094e+01
|                        ( - -6.015e+02 1 0)
|                        ( - -1.255e+03 1 0))))
|            ( - -3.094e+02 1 0))))
s>    ( QUESTION0_2_R 1 -8.953e+03 2.390e+02 1.289e+02
s>        ( - -4.110e+01 1 0)
s>        ( QUESTION0_10_R 1 -8.673e+03 2.250e+02 1.249e+02
s>            ( - -1.348e+03 1 0)
s>            ( QUESTION0_0_R 1 -7.100e+03 2.196e+02 1.089e+02
s>                ( QUESTION0_14_R 1 -6.571e+03 1.773e+02 9.994e+01
s>                    ( QUESTION5 1 -2.937e+03 1.445e+02 4.699e+01
s>                        ( - -2.173e+03 2 0)
s>                        ( - -6.202e+02 1 0))
s>                    ( QUESTION8 1 -3.456e+03 1.677e+02 5.295e+01
s>                        ( - -1.293e+03 1 0)
s>                        ( QUESTION0_1_R 1 -1.996e+03 1.397e+02 3.094e+01
s>                            ( - -6.015e+02 1 0)
s>                            ( - -1.255e+03 1 0))))
s>                ( - -3.094e+02 1 0))))INFO: dtree.c(1315): Comp split 25
INFO: dtree.c(1439): stop. leaf nodes are specific
INFO: dtree.c(1478): Final simple tree
|( QUESTION0_1_R 1 -3.885e+03 2.645e+02 7.370e+01
|    ( WDBNDRY_B 0 -3.482e+03 2.523e+02 6.770e+01
|        ( - 3.338e+00 1 0)
|        ( - -3.233e+03 1 0))
|    ( - -1.388e+02 1 0))
s>    ( QUESTION0_1_R 1 -3.885e+03 2.645e+02 7.370e+01
s>        ( WDBNDRY_B 0 -3.482e+03 2.523e+02 6.770e+01
s>            ( - 3.338e+00 1 0)
s>            ( - -3.233e+03 1 0))
s>        ( - -1.388e+02 1 0))INFO: dtree.c(1315): Comp split 26
INFO: dtree.c(1439): stop. leaf nodes are specific
INFO: dtree.c(1478): Final simple tree
|( WDBNDRY_B 0 -3.482e+03 2.523e+02 6.770e+01
|    ( - 3.338e+00 1 0)
|    ( - -3.233e+03 1 0))
s>    ( WDBNDRY_B 0 -3.482e+03 2.523e+02 6.770e+01
s>        ( - 3.338e+00 1 0)
s>        ( - -3.233e+03 1 0))INFO: dtree.c(1315): Comp split 27
INFO: dtree.c(1315): Comp split 28
INFO: dtree.c(1439): stop. leaf nodes are specific
INFO: dtree.c(1478): Final simple tree
|( QUESTION0_0_R 1 -5.264e+03 2.103e+02 9.000e+01
|    ( QUESTION0_1_R 1 -4.474e+03 1.438e+02 7.700e+01
|        ( - -5.450e+02 1 0)
|        ( - -3.785e+03 1 0))
|    ( - -5.801e+02 1 0))
s>    ( QUESTION0_0_R 1 -5.264e+03 2.103e+02 9.000e+01
s>        ( QUESTION0_1_R 1 -4.474e+03 1.438e+02 7.700e+01
s>            ( - -5.450e+02 1 0)
s>            ( - -3.785e+03 1 0))
s>        ( - -5.801e+02 1 0))INFO: dtree.c(1315): Comp split 29
INFO: dtree.c(1439): stop. leaf nodes are specific
INFO: dtree.c(1478): Final simple tree
|( QUESTION0_0_R 1 -1.961e+03 2.116e+02 3.300e+01
|    ( - -7.575e+02 1 0)
|    ( - -9.915e+02 1 0))
s>    ( QUESTION0_0_R 1 -1.961e+03 2.116e+02 3.300e+01
s>        ( - -7.575e+02 1 0)
s>        ( - -9.915e+02 1 0))INFO: dtree.c(1315): Comp split 30
INFO: dtree.c(1439): stop. leaf nodes are specific
INFO: dtree.c(1478): Final simple tree
|( QUESTION0_10_R 1 -4.767e+03 2.104e+02 6.847e+01
|    ( - -1.497e+02 1 0)
|    ( QUESTION0 1 -4.407e+03 1.569e+02 6.347e+01
|        ( - -2.595e+02 2 0)
|        ( QUESTION0_0_R 1 -3.990e+03 1.081e+02 5.791e+01
|            ( - -2.345e+03 2 0)
|            ( - -1.538e+03 2 0))))
s>    ( QUESTION0_10_R 1 -4.767e+03 2.104e+02 6.847e+01
s>        ( - -1.497e+02 1 0)
s>        ( QUESTION0 1 -4.407e+03 1.569e+02 6.347e+01
s>            ( - -2.595e+02 2 0)
s>            ( QUESTION0_0_R 1 -3.990e+03 1.081e+02 5.791e+01
s>                ( - -2.345e+03 2 0)
s>                ( - -1.538e+03 2 0))))INFO: dtree.c(1315): Comp split 31
INFO: dtree.c(1439): stop. leaf nodes are specific
INFO: dtree.c(1478): Final simple tree
|( QUESTION0_12_R 1 -1.658e+04 2.153e+02 2.286e+02
|    ( - -4.686e+00 1 0)
|    ( QUESTION0 1 -1.636e+04 1.718e+02 2.266e+02
|        ( - -1.006e+03 2 0)
|        ( QUESTION0_10_R 1 -1.519e+04 1.645e+02 2.096e+02
|            ( QUESTION10 -1 -1.023e+03 2.010e+02 1.700e+01
|                ( - -3.468e+02 1 0)
|                ( - -4.748e+02 2 0))
|            ( WDBNDRY_B 0 -1.400e+04 1.881e+02 1.926e+02
|                ( - 1.397e+02 1 0)
|                ( QUESTION0_0_R 1 -1.395e+04 1.509e+02 1.920e+02
|                    ( - -1.260e+04 3 0)
|                    ( - -1.195e+03 2 0))))))
s>    ( QUESTION0_12_R 1 -1.658e+04 2.153e+02 2.286e+02
s>        ( - -4.686e+00 1 0)
s>        ( QUESTION0 1 -1.636e+04 1.718e+02 2.266e+02
s>            ( - -1.006e+03 2 0)
s>            ( QUESTION0_10_R 1 -1.519e+04 1.645e+02 2.096e+02
s>                ( QUESTION10 -1 -1.023e+03 2.010e+02 1.700e+01
s>                    ( - -3.468e+02 1 0)
s>                    ( - -4.748e+02 2 0))
s>                ( WDBNDRY_B 0 -1.400e+04 1.881e+02 1.926e+02
s>                    ( - 1.397e+02 1 0)
s>                    ( QUESTION0_0_R 1 -1.395e+04 1.509e+02 1.920e+02
s>                        ( - -1.260e+04 3 0)
s>                        ( - -1.195e+03 2 0))))))INFO: dtree.c(1315): Comp split 32
INFO: dtree.c(1315): Comp split 33
INFO: dtree.c(1439): stop. leaf nodes are specific
INFO: dtree.c(1478): Final simple tree
|( QUESTION0_15_R 1 -1.559e+03 1.676e+02 3.299e+01
|    ( - -8.332e+02 1 0)
|    ( - -5.578e+02 1 0))
s>    ( QUESTION0_15_R 1 -1.559e+03 1.676e+02 3.299e+01
s>        ( - -8.332e+02 1 0)
s>        ( - -5.578e+02 1 0))INFO: dtree.c(1315): Comp split 34
INFO: dtree.c(1439): stop. leaf nodes are specific
INFO: dtree.c(1478): Final simple tree
|( QUESTION0_10_R 1 -8.673e+03 2.250e+02 1.249e+02
|    ( - -1.348e+03 1 0)
|    ( QUESTION0_0_R 1 -7.100e+03 2.196e+02 1.089e+02
|        ( QUESTION0_14_R 1 -6.571e+03 1.773e+02 9.994e+01
|            ( QUESTION5 1 -2.937e+03 1.445e+02 4.699e+01
|                ( - -2.173e+03 2 0)
|                ( - -6.202e+02 1 0))
|            ( QUESTION8 1 -3.456e+03 1.677e+02 5.295e+01
|                ( - -1.293e+03 1 0)
|                ( QUESTION0_1_R 1 -1.996e+03 1.397e+02 3.094e+01
|                    ( - -6.015e+02 1 0)
|                    ( - -1.255e+03 1 0))))
|        ( - -3.094e+02 1 0)))
s>    ( QUESTION0_10_R 1 -8.673e+03 2.250e+02 1.249e+02
s>        ( - -1.348e+03 1 0)
s>        ( QUESTION0_0_R 1 -7.100e+03 2.196e+02 1.089e+02
s>            ( QUESTION0_14_R 1 -6.571e+03 1.773e+02 9.994e+01
s>                ( QUESTION5 1 -2.937e+03 1.445e+02 4.699e+01
s>                    ( - -2.173e+03 2 0)
s>                    ( - -6.202e+02 1 0))
s>                ( QUESTION8 1 -3.456e+03 1.677e+02 5.295e+01
s>                    ( - -1.293e+03 1 0)
s>                    ( QUESTION0_1_R 1 -1.996e+03 1.397e+02 3.094e+01
s>                        ( - -6.015e+02 1 0)
s>                        ( - -1.255e+03 1 0))))
s>            ( - -3.094e+02 1 0)))INFO: dtree.c(1315): Comp split 35
INFO: dtree.c(1315): Comp split 36
INFO: dtree.c(1439): stop. leaf nodes are specific
INFO: dtree.c(1478): Final simple tree
|( QUESTION0 1 -7.975e+03 2.259e+02 1.153e+02
|    ( QUESTION0_16_R 1 -3.645e+03 1.631e+02 5.430e+01
|        ( - -1.235e+03 1 0)
|        ( QUESTION0_0_R 1 -2.247e+03 1.023e+02 3.647e+01
|            ( - -1.200e+03 2 0)
|            ( - -9.445e+02 1 0)))
|    ( - -4.105e+03 2 0))
s>    ( QUESTION0 1 -7.975e+03 2.259e+02 1.153e+02
s>        ( QUESTION0_16_R 1 -3.645e+03 1.631e+02 5.430e+01
s>            ( - -1.235e+03 1 0)
s>            ( QUESTION0_0_R 1 -2.247e+03 1.023e+02 3.647e+01
s>                ( - -1.200e+03 2 0)
s>                ( - -9.445e+02 1 0)))
s>        ( - -4.105e+03 2 0))INFO: dtree.c(1315): Comp split 37
INFO: dtree.c(1439): stop. leaf nodes are specific
INFO: dtree.c(1478): Final simple tree
|( QUESTION0_16_R 1 -3.645e+03 1.631e+02 5.430e+01
|    ( - -1.235e+03 1 0)
|    ( QUESTION0_0_R 1 -2.247e+03 1.023e+02 3.647e+01
|        ( - -1.200e+03 2 0)
|        ( - -9.445e+02 1 0)))
s>    ( QUESTION0_16_R 1 -3.645e+03 1.631e+02 5.430e+01
s>        ( - -1.235e+03 1 0)
s>        ( QUESTION0_0_R 1 -2.247e+03 1.023e+02 3.647e+01
s>            ( - -1.200e+03 2 0)
s>            ( - -9.445e+02 1 0)))INFO: dtree.c(1315): Comp split 38
INFO: dtree.c(1439): stop. leaf nodes are specific
INFO: dtree.c(1478): Final simple tree
|( WDBNDRY_B 0 -6.078e+03 1.713e+02 8.623e+01
|    ( - -2.328e+02 1 0)
|    ( QUESTION0_13_R 1 -5.673e+03 1.452e+02 8.023e+01
|        ( - -2.939e+02 1 0)
|        ( - -5.234e+03 1 0)))
s>    ( WDBNDRY_B 0 -6.078e+03 1.713e+02 8.623e+01
s>        ( - -2.328e+02 1 0)
s>        ( QUESTION0_13_R 1 -5.673e+03 1.452e+02 8.023e+01
s>            ( - -2.939e+02 1 0)
s>            ( - -5.234e+03 1 0)))INFO: dtree.c(1439): stop. leaf nodes are specific
INFO: dtree.c(1478): Final simple tree
|( QUESTION0_15_R 1 -6.145e+03 1.801e+02 8.450e+01
|    ( - 1.278e+02 1 0)
|    ( QUESTION10 -1 -6.093e+03 1.743e+02 8.395e+01
|        ( WDBNDRY_B 0 -5.702e+03 1.624e+02 7.795e+01
|            ( - -4.042e+03 3 0)
|            ( - -1.497e+03 1 0))
|        ( - -2.171e+02 1 0)))
s>    ( QUESTION0_15_R 1 -6.145e+03 1.801e+02 8.450e+01
s>        ( - 1.278e+02 1 0)
s>        ( QUESTION10 -1 -6.093e+03 1.743e+02 8.395e+01
s>            ( WDBNDRY_B 0 -5.702e+03 1.624e+02 7.795e+01
s>                ( - -4.042e+03 3 0)
s>                ( - -1.497e+03 1 0))
s>            ( - -2.171e+02 1 0)))INFO: dtree.c(1315): Comp split 39
INFO: dtree.c(1439): stop. leaf nodes are specific
INFO: dtree.c(1478): Final simple tree
|( QUESTION0_0_R 1 -7.100e+03 2.196e+02 1.089e+02
|    ( QUESTION0_14_R 1 -6.571e+03 1.773e+02 9.994e+01
|        ( QUESTION5 1 -2.937e+03 1.445e+02 4.699e+01
|            ( - -2.173e+03 2 0)
|            ( - -6.202e+02 1 0))
|        ( QUESTION8 1 -3.456e+03 1.677e+02 5.295e+01
|            ( - -1.293e+03 1 0)
|            ( QUESTION0_1_R 1 -1.996e+03 1.397e+02 3.094e+01
|                ( - -6.015e+02 1 0)
|                ( - -1.255e+03 1 0))))
|    ( - -3.094e+02 1 0))
s>    ( QUESTION0_0_R 1 -7.100e+03 2.196e+02 1.089e+02
s>        ( QUESTION0_14_R 1 -6.571e+03 1.773e+02 9.994e+01
s>            ( QUESTION5 1 -2.937e+03 1.445e+02 4.699e+01
s>                ( - -2.173e+03 2 0)
s>                ( - -6.202e+02 1 0))
s>            ( QUESTION8 1 -3.456e+03 1.677e+02 5.295e+01
s>                ( - -1.293e+03 1 0)
s>                ( QUESTION0_1_R 1 -1.996e+03 1.397e+02 3.094e+01
s>                    ( - -6.015e+02 1 0)
s>                    ( - -1.255e+03 1 0))))
s>        ( - -3.094e+02 1 0))INFO: dtree.c(1315): Comp split 40
INFO: dtree.c(1439): stop. leaf nodes are specific
INFO: dtree.c(1478): Final simple tree
|( SILENCE 1 -6.942e+03 1.866e+02 8.500e+01
|    ( QUESTION10 -1 -6.895e+03 1.856e+02 8.444e+01
|        ( - -5.395e+03 1 0)
|        ( - -1.315e+03 1 0))
|    ( - 1.397e+02 1 0))
s>    ( SILENCE 1 -6.942e+03 1.866e+02 8.500e+01
s>        ( QUESTION10 -1 -6.895e+03 1.856e+02 8.444e+01
s>            ( - -5.395e+03 1 0)
s>            ( - -1.315e+03 1 0))
s>        ( - 1.397e+02 1 0))INFO: dtree.c(1315): Comp split 41
INFO: dtree.c(1439): stop. leaf nodes are specific
INFO: dtree.c(1478): Final simple tree
|( QUESTION0_14_R 1 -6.571e+03 1.773e+02 9.994e+01
|    ( QUESTION5 1 -2.937e+03 1.445e+02 4.699e+01
|        ( - -2.173e+03 2 0)
|        ( - -6.202e+02 1 0))
|    ( QUESTION8 1 -3.456e+03 1.677e+02 5.295e+01
|        ( - -1.293e+03 1 0)
|        ( QUESTION0_1_R 1 -1.996e+03 1.397e+02 3.094e+01
|            ( - -6.015e+02 1 0)
|            ( - -1.255e+03 1 0))))
s>    ( QUESTION0_14_R 1 -6.571e+03 1.773e+02 9.994e+01
s>        ( QUESTION5 1 -2.937e+03 1.445e+02 4.699e+01
s>            ( - -2.173e+03 2 0)
s>            ( - -6.202e+02 1 0))
s>        ( QUESTION8 1 -3.456e+03 1.677e+02 5.295e+01
s>            ( - -1.293e+03 1 0)
s>            ( QUESTION0_1_R 1 -1.996e+03 1.397e+02 3.094e+01
s>                ( - -6.015e+02 1 0)
s>                ( - -1.255e+03 1 0))))INFO: dtree.c(1315): Comp split 42
INFO: dtree.c(1439): stop. leaf nodes are specific
INFO: dtree.c(1478): Final simple tree
|( QUESTION0 1 -1.868e+03 2.184e+02 3.800e+01
|    ( - -7.601e+02 1 0)
|    ( WDBNDRY_B 0 -8.898e+02 1.756e+02 2.100e+01
|        ( - -2.075e+02 1 0)
|        ( - -5.068e+02 1 0)))
s>    ( QUESTION0 1 -1.868e+03 2.184e+02 3.800e+01
s>        ( - -7.601e+02 1 0)
s>        ( WDBNDRY_B 0 -8.898e+02 1.756e+02 2.100e+01
s>            ( - -2.075e+02 1 0)
s>            ( - -5.068e+02 1 0)))INFO: dtree.c(1315): Comp split 43
INFO: dtree.c(1439): stop. leaf nodes are specific
INFO: dtree.c(1478): Final simple tree
|( WDBNDRY_B 0 -8.898e+02 1.756e+02 2.100e+01
|    ( - -2.075e+02 1 0)
|    ( - -5.068e+02 1 0))
s>    ( WDBNDRY_B 0 -8.898e+02 1.756e+02 2.100e+01
s>        ( - -2.075e+02 1 0)
s>        ( - -5.068e+02 1 0))INFO: dtree.c(1315): Comp split 44
INFO: dtree.c(1439): stop. leaf nodes are specific
INFO: dtree.c(1478): Final simple tree
|( SILENCE 1 -5.798e+03 1.536e+02 8.297e+01
|    ( - -1.646e+02 1 0)
|    ( QUESTION0_0_R 1 -5.480e+03 1.396e+02 7.897e+01
|        ( - -7.987e+02 1 0)
|        ( - -4.542e+03 2 0)))
s>    ( SILENCE 1 -5.798e+03 1.536e+02 8.297e+01
s>        ( - -1.646e+02 1 0)
s>        ( QUESTION0_0_R 1 -5.480e+03 1.396e+02 7.897e+01
s>            ( - -7.987e+02 1 0)
s>            ( - -4.542e+03 2 0)))INFO: dtree.c(1315): Comp split 45
INFO: dtree.c(1439): stop. leaf nodes are specific
INFO: dtree.c(1478): Final simple tree
|( QUESTION0_12_R 1 -1.589e+04 2.168e+02 2.186e+02
|    ( - -4.686e+00 1 0)
|    ( QUESTION0 1 -1.567e+04 1.740e+02 2.166e+02
|        ( - -1.006e+03 2 0)
|        ( QUESTION0_9_R 1 -1.449e+04 1.531e+02 1.996e+02
|            ( WDBNDRY_B 0 -1.265e+04 1.891e+02 1.746e+02
|                ( - 1.397e+02 1 0)
|                ( - -1.260e+04 3 0))
|            ( WDBNDRY_B 0 -1.684e+03 1.419e+02 2.500e+01
|                ( - -3.468e+02 1 0)
|                ( - -1.195e+03 2 0)))))
s>    ( QUESTION0_12_R 1 -1.589e+04 2.168e+02 2.186e+02
s>        ( - -4.686e+00 1 0)
s>        ( QUESTION0 1 -1.567e+04 1.740e+02 2.166e+02
s>            ( - -1.006e+03 2 0)
s>            ( QUESTION0_9_R 1 -1.449e+04 1.531e+02 1.996e+02
s>                ( WDBNDRY_B 0 -1.265e+04 1.891e+02 1.746e+02
s>                    ( - 1.397e+02 1 0)
s>                    ( - -1.260e+04 3 0))
s>                ( WDBNDRY_B 0 -1.684e+03 1.419e+02 2.500e+01
s>                    ( - -3.468e+02 1 0)
s>                    ( - -1.195e+03 2 0)))))INFO: dtree.c(1315): Comp split 46
INFO: dtree.c(1439): stop. leaf nodes are specific
INFO: dtree.c(1478): Final simple tree
|( QUESTION0 1 -1.567e+04 1.740e+02 2.166e+02
|    ( - -1.006e+03 2 0)
|    ( QUESTION0_9_R 1 -1.449e+04 1.531e+02 1.996e+02
|        ( WDBNDRY_B 0 -1.265e+04 1.891e+02 1.746e+02
|            ( - 1.397e+02 1 0)
|            ( - -1.260e+04 3 0))
|        ( WDBNDRY_B 0 -1.684e+03 1.419e+02 2.500e+01
|            ( - -3.468e+02 1 0)
|            ( - -1.195e+03 2 0))))
s>    ( QUESTION0 1 -1.567e+04 1.740e+02 2.166e+02
s>        ( - -1.006e+03 2 0)
s>        ( QUESTION0_9_R 1 -1.449e+04 1.531e+02 1.996e+02
s>            ( WDBNDRY_B 0 -1.265e+04 1.891e+02 1.746e+02
s>                ( - 1.397e+02 1 0)
s>                ( - -1.260e+04 3 0))
s>            ( WDBNDRY_B 0 -1.684e+03 1.419e+02 2.500e+01
s>                ( - -3.468e+02 1 0)
s>                ( - -1.195e+03 2 0))))INFO: dtree.c(1315): Comp split 47
INFO: dtree.c(1439): stop. leaf nodes are specific
INFO: dtree.c(1478): Final simple tree
|( QUESTION0_2_R 1 -1.304e+03 1.532e+02 2.500e+01
|    ( - -7.345e+02 1 0)
|    ( - -4.161e+02 1 0))
s>    ( QUESTION0_2_R 1 -1.304e+03 1.532e+02 2.500e+01
s>        ( - -7.345e+02 1 0)
s>        ( - -4.161e+02 1 0))INFO: dtree.c(1315): Comp split 48
INFO: dtree.c(1315): Comp split 49
INFO: dtree.c(1439): stop. leaf nodes are specific
INFO: dtree.c(1478): Final simple tree
|( QUESTION0 1 -4.407e+03 1.569e+02 6.347e+01
|    ( - -2.595e+02 2 0)
|    ( QUESTION0_0_R 1 -3.990e+03 1.081e+02 5.791e+01
|        ( - -2.345e+03 2 0)
|        ( - -1.538e+03 2 0)))
s>    ( QUESTION0 1 -4.407e+03 1.569e+02 6.347e+01
s>        ( - -2.595e+02 2 0)
s>        ( QUESTION0_0_R 1 -3.990e+03 1.081e+02 5.791e+01
s>            ( - -2.345e+03 2 0)
s>            ( - -1.538e+03 2 0)))INFO: dtree.c(1315): Comp split 50
INFO: dtree.c(1439): stop. leaf nodes are specific
INFO: dtree.c(1478): Final simple tree
|( QUESTION0_1_R 1 -4.474e+03 1.438e+02 7.700e+01
|    ( - -5.450e+02 1 0)
|    ( - -3.785e+03 1 0))
s>    ( QUESTION0_1_R 1 -4.474e+03 1.438e+02 7.700e+01
s>        ( - -5.450e+02 1 0)
s>        ( - -3.785e+03 1 0))INFO: dtree.c(1315): Comp split 51
INFO: dtree.c(1439): stop. leaf nodes are specific
INFO: dtree.c(1478): Final simple tree
|( QUESTION0 1 -1.562e+04 1.738e+02 2.160e+02
|    ( - -1.006e+03 2 0)
|    ( QUESTION0_9_R 1 -1.444e+04 1.542e+02 1.990e+02
|        ( - -1.260e+04 3 0)
|        ( WDBNDRY_B 0 -1.684e+03 1.419e+02 2.500e+01
|            ( - -3.468e+02 1 0)
|            ( - -1.195e+03 2 0))))
s>    ( QUESTION0 1 -1.562e+04 1.738e+02 2.160e+02
s>        ( - -1.006e+03 2 0)
s>        ( QUESTION0_9_R 1 -1.444e+04 1.542e+02 1.990e+02
s>            ( - -1.260e+04 3 0)
s>            ( WDBNDRY_B 0 -1.684e+03 1.419e+02 2.500e+01
s>                ( - -3.468e+02 1 0)
s>                ( - -1.195e+03 2 0))))INFO: dtree.c(1315): Comp split 52
INFO: dtree.c(1439): stop. leaf nodes are specific
INFO: dtree.c(1478): Final simple tree
|( WDBNDRY_B 0 -2.598e+03 1.774e+02 3.800e+01
|    ( QUESTION0_1_R 1 -1.821e+03 1.654e+02 2.700e+01
|        ( - -2.082e+02 1 0)
|        ( QUESTION5 -1 -1.447e+03 1.059e+02 2.100e+01
|            ( - -1.093e+03 2 0)
|            ( - -2.485e+02 1 0)))
|    ( - -5.999e+02 1 0))
s>    ( WDBNDRY_B 0 -2.598e+03 1.774e+02 3.800e+01
s>        ( QUESTION0_1_R 1 -1.821e+03 1.654e+02 2.700e+01
s>            ( - -2.082e+02 1 0)
s>            ( QUESTION5 -1 -1.447e+03 1.059e+02 2.100e+01
s>                ( - -1.093e+03 2 0)
s>                ( - -2.485e+02 1 0)))
s>        ( - -5.999e+02 1 0))INFO: dtree.c(1315): Comp split 53
INFO: dtree.c(1439): stop. leaf nodes are specific
INFO: dtree.c(1478): Final simple tree
|( QUESTION10 -1 -6.895e+03 1.856e+02 8.444e+01
|    ( - -5.395e+03 1 0)
|    ( - -1.315e+03 1 0))
s>    ( QUESTION10 -1 -6.895e+03 1.856e+02 8.444e+01
s>        ( - -5.395e+03 1 0)
s>        ( - -1.315e+03 1 0))INFO: dtree.c(1315): Comp split 54
INFO: dtree.c(1315): Comp split 55
INFO: dtree.c(1439): stop. leaf nodes are specific
INFO: dtree.c(1478): Final simple tree
|( QUESTION10 -1 -6.093e+03 1.743e+02 8.395e+01
|    ( WDBNDRY_B 0 -5.702e+03 1.624e+02 7.795e+01
|        ( - -4.042e+03 3 0)
|        ( - -1.497e+03 1 0))
|    ( - -2.171e+02 1 0))
s>    ( QUESTION10 -1 -6.093e+03 1.743e+02 8.395e+01
s>        ( WDBNDRY_B 0 -5.702e+03 1.624e+02 7.795e+01
s>            ( - -4.042e+03 3 0)
s>            ( - -1.497e+03 1 0))
s>        ( - -2.171e+02 1 0))INFO: dtree.c(1315): Comp split 56
INFO: dtree.c(1439): stop. leaf nodes are specific
INFO: dtree.c(1478): Final simple tree
|( QUESTION0_0_R 1 -1.395e+04 1.509e+02 1.920e+02
|    ( - -1.260e+04 3 0)
|    ( - -1.195e+03 2 0))
s>    ( QUESTION0_0_R 1 -1.395e+04 1.509e+02 1.920e+02
s>        ( - -1.260e+04 3 0)
s>        ( - -1.195e+03 2 0))INFO: dtree.c(1439): stop. leaf nodes are specific
INFO: dtree.c(1478): Final simple tree
|( WDBNDRY_B 0 -1.493e+03 1.406e+02 2.400e+01
|    ( - -3.468e+02 1 0)
|    ( - -1.006e+03 2 0))
s>    ( WDBNDRY_B 0 -1.493e+03 1.406e+02 2.400e+01
s>        ( - -3.468e+02 1 0)
s>        ( - -1.006e+03 2 0))INFO: dtree.c(1315): Comp split 57
INFO: dtree.c(1439): stop. leaf nodes are specific
INFO: dtree.c(1478): Final simple tree
|( QUESTION0_1_R 1 -1.821e+03 1.654e+02 2.700e+01
|    ( - -2.082e+02 1 0)
|    ( QUESTION5 -1 -1.447e+03 1.059e+02 2.100e+01
|        ( - -1.093e+03 2 0)
|        ( - -2.485e+02 1 0)))
s>    ( QUESTION0_1_R 1 -1.821e+03 1.654e+02 2.700e+01
s>        ( - -2.082e+02 1 0)
s>        ( QUESTION5 -1 -1.447e+03 1.059e+02 2.100e+01
s>            ( - -1.093e+03 2 0)
s>            ( - -2.485e+02 1 0)))INFO: dtree.c(1315): Comp split 58
INFO: dtree.c(1439): stop. leaf nodes are specific
INFO: dtree.c(1478): Final simple tree
|( QUESTION8 1 -3.456e+03 1.677e+02 5.295e+01
|    ( - -1.293e+03 1 0)
|    ( QUESTION0_1_R 1 -1.996e+03 1.397e+02 3.094e+01
|        ( - -6.015e+02 1 0)
|        ( - -1.255e+03 1 0)))
s>    ( QUESTION8 1 -3.456e+03 1.677e+02 5.295e+01
s>        ( - -1.293e+03 1 0)
s>        ( QUESTION0_1_R 1 -1.996e+03 1.397e+02 3.094e+01
s>            ( - -6.015e+02 1 0)
s>            ( - -1.255e+03 1 0)))INFO: dtree.c(1439): stop. leaf nodes are specific
INFO: dtree.c(1478): Final simple tree
|( QUESTION5 1 -2.937e+03 1.445e+02 4.699e+01
|    ( - -2.173e+03 2 0)
|    ( - -6.202e+02 1 0))
s>    ( QUESTION5 1 -2.937e+03 1.445e+02 4.699e+01
s>        ( - -2.173e+03 2 0)
s>        ( - -6.202e+02 1 0))INFO: dtree.c(1315): Comp split 59
INFO: dtree.c(1315): Comp split 60
INFO: dtree.c(1439): stop. leaf nodes are specific
INFO: dtree.c(1478): Final simple tree
|( WDBNDRY_B 0 -5.702e+03 1.624e+02 7.795e+01
|    ( - -4.042e+03 3 0)
|    ( - -1.497e+03 1 0))
s>    ( WDBNDRY_B 0 -5.702e+03 1.624e+02 7.795e+01
s>        ( - -4.042e+03 3 0)
s>        ( - -1.497e+03 1 0))INFO: dtree.c(1315): Comp split 61
INFO: dtree.c(1439): stop. leaf nodes are specific
INFO: dtree.c(1478): Final simple tree
|( QUESTION0_13_R 1 -5.673e+03 1.452e+02 8.023e+01
|    ( - -2.939e+02 1 0)
|    ( - -5.234e+03 1 0))
s>    ( QUESTION0_13_R 1 -5.673e+03 1.452e+02 8.023e+01
s>        ( - -2.939e+02 1 0)
s>        ( - -5.234e+03 1 0))INFO: dtree.c(1315): Comp split 62
INFO: dtree.c(1439): stop. leaf nodes are specific
INFO: dtree.c(1478): Final simple tree
|( QUESTION0_1_R 1 -1.996e+03 1.397e+02 3.094e+01
|    ( - -6.015e+02 1 0)
|    ( - -1.255e+03 1 0))
s>    ( QUESTION0_1_R 1 -1.996e+03 1.397e+02 3.094e+01
s>        ( - -6.015e+02 1 0)
s>        ( - -1.255e+03 1 0))INFO: dtree.c(1315): Comp split 63
INFO: dtree.c(1315): Comp split 64
INFO: dtree.c(1439): stop. leaf nodes are specific
INFO: dtree.c(1478): Final simple tree
|( QUESTION5 -1 -1.447e+03 1.059e+02 2.100e+01
|    ( - -1.093e+03 2 0)
|    ( - -2.485e+02 1 0))
s>    ( QUESTION5 -1 -1.447e+03 1.059e+02 2.100e+01
s>        ( - -1.093e+03 2 0)
s>        ( - -2.485e+02 1 0))INFO: dtree.c(1315): Comp split 65
INFO: dtree.c(1439): stop. leaf nodes are specific
INFO: dtree.c(1478): Final simple tree
|( SILENCE -1 -5.686e+03 1.451e+02 9.147e+01
|    ( - -5.169e+02 1 0)
|    ( - -5.024e+03 3 0))
s>    ( SILENCE -1 -5.686e+03 1.451e+02 9.147e+01
s>        ( - -5.169e+02 1 0)
s>        ( - -5.024e+03 3 0))INFO: dtree.c(1315): Comp split 66
INFO: dtree.c(1439): stop. leaf nodes are specific
INFO: dtree.c(1478): Final simple tree
|( QUESTION0_0_R 1 -2.247e+03 1.023e+02 3.647e+01
|    ( - -1.200e+03 2 0)
|    ( - -9.445e+02 1 0))
s>    ( QUESTION0_0_R 1 -2.247e+03 1.023e+02 3.647e+01
s>        ( - -1.200e+03 2 0)
s>        ( - -9.445e+02 1 0))INFO: dtree.c(1315): Comp split 67
INFO: dtree.c(1315): Comp split 68
INFO: dtree.c(1439): stop. leaf nodes are specific
INFO: dtree.c(1478): Final simple tree
|( QUESTION0_0_R 1 -3.990e+03 1.081e+02 5.791e+01
|    ( - -2.345e+03 2 0)
|    ( - -1.538e+03 2 0))
s>    ( QUESTION0_0_R 1 -3.990e+03 1.081e+02 5.791e+01
s>        ( - -2.345e+03 2 0)
s>        ( - -1.538e+03 2 0))INFO: dtree.c(1315): Comp split 69
INFO: dtree.c(1439): stop. leaf nodes are specific
INFO: dtree.c(1478): Final simple tree
|( QUESTION0_0_R 1 -5.480e+03 1.396e+02 7.897e+01
|    ( - -7.987e+02 1 0)
|    ( - -4.542e+03 2 0))
s>    ( QUESTION0_0_R 1 -5.480e+03 1.396e+02 7.897e+01
s>        ( - -7.987e+02 1 0)
s>        ( - -4.542e+03 2 0))INFO: dtree.c(1315): Comp split 70
INFO: dtree.c(1315): Comp split 71
INFO: dtree.c(1315): Comp split 72
INFO: dtree.c(1315): Comp split 73
INFO: dtree.c(1315): Comp split 74
INFO: dtree.c(1315): Comp split 75
INFO: dtree.c(1315): Comp split 76
INFO: dtree.c(1315): Comp split 77
INFO: dtree.c(1315): Comp split 78
INFO: dtree.c(1315): Comp split 79
INFO: dtree.c(1315): Comp split 80
INFO: dtree.c(1315): Comp split 81
INFO: dtree.c(1315): Comp split 82
INFO: dtree.c(1318): stop. leaf nodes are specific
!!!!!!!!Allocated 66 lines
Fri Apr  8 23:11:21 2016
