Current configuration:
[NAME]		[DEFLT]	[VALUE]
-allphones	no	no
-cntthresh	0.00001	1.000000e-05
-csplitmax	100	2000
-csplitmin	1	1
-csplitthr	8e-4	0.000000e+00
-example	no	no
-fullvar	no	no
-help		no	no
-meanfn			
-mixwfn			/home/yaroslav/model/model_parameters/ua.cd_semi_untied/mixture_weights
-moddeffn		/home/yaroslav/model/model_architecture/ua.untied.mdef
-mwfloor	1e-4	1.000000e-08
-phone			Z
-psetfn			/home/yaroslav/model/model_architecture/ua.tree_questions
-ssplitmax	5	7
-ssplitmin	1	1
-ssplitthr	8e-4	0.000000e+00
-state			0
-stwt			1.0,0.05,0.0,
-treefn			/home/yaroslav/model/trees/ua.unpruned/Z-0.dtree
-ts2cbfn	.semi.	.semi.
-varfloor	0.00001	1.000000e-05
-varfn			

INFO: main.c(223): Reading: /home/yaroslav/model/model_architecture/ua.untied.mdef
INFO: model_def_io.c(573): Model definition info:
INFO: model_def_io.c(574): 7543 total models defined (49 base, 7494 tri)
INFO: model_def_io.c(575): 30172 total states
INFO: model_def_io.c(576): 22629 total tied states
INFO: model_def_io.c(577): 147 total tied CI states
INFO: model_def_io.c(578): 49 total tied transition matrices
INFO: model_def_io.c(579): 4 max state/model
INFO: model_def_io.c(580): 4 min state/model
INFO: main.c(242): Building trees for [Z A A b] through [Z YI ZH s]
INFO: main.c(269): Covering states |[21495 22307]| == 813
INFO: main.c(275): Reading: /home/yaroslav/model/model_parameters/ua.cd_semi_untied/mixture_weights
INFO: s3mixw_io.c(173): Read /home/yaroslav/model/model_parameters/ua.cd_semi_untied/mixture_weights [813x4x256 array]
INFO: main.c(311): 254 of 271 models have observation count greater than 0.000010
INFO: main.c(95): nrm stwt: 0.952 0.048 0.000 
INFO: main.c(411): 254-class entropy: 1.141542e+04
INFO: main.c(549): Reading: /home/yaroslav/model/model_architecture/ua.tree_questions
INFO: main.c(588): 176 total simple questions (168 phone; 8 word bndry)
INFO: main.c(590): 42 Left Only questions, and 42 Right Only questions
INFO: dtree.c(1478): Final simple tree
|( QUESTION0 -1 3.191e+04 1.180e+03 1.348e+03
|    ( QUESTION0_0_R 1 2.383e+04 7.571e+02 1.060e+03
|        ( WDBNDRY_I 0 1.382e+04 6.112e+02 6.290e+02
|            ( - 5.180e+03 27 0 QUESTION6 1 3.797e+02 2.590e+02)
|            ( QUESTION0_1_R 1 8.029e+03 4.573e+02 3.700e+02
|                ( - 3.728e+03 35 0 QUESTION8 1 2.783e+02 1.814e+02)
|                ( - 3.843e+03 23 0 QUESTION0_3_R 1 3.547e+02 1.886e+02)))
|        ( QUESTION4 1 9.257e+03 5.479e+02 4.309e+02
|            ( - 4.768e+03 33 0 WDBNDRY_B 0 3.375e+02 2.478e+02)
|            ( QUESTION0_14_R 1 3.941e+03 4.149e+02 1.831e+02
|                ( - 1.540e+03 19 0 WDBNDRY_B 0 1.666e+02 8.201e+01)
|                ( - 1.986e+03 36 0 WDBNDRY_I 0 1.912e+02 1.011e+02))))
|    ( QUESTION5 -1 6.895e+03 5.502e+02 2.882e+02
|        ( - 3.486e+03 37 0 QUESTION0_2_R 1 3.498e+02 1.610e+02)
|        ( - 2.859e+03 44 0 QUESTION2_11_L -1 3.006e+02 1.273e+02)))
s>    ( QUESTION0 -1 3.191e+04 1.180e+03 1.348e+03
s>        ( QUESTION0_0_R 1 2.383e+04 7.571e+02 1.060e+03
s>            ( WDBNDRY_I 0 1.382e+04 6.112e+02 6.290e+02
s>                ( - 5.180e+03 27 0 QUESTION6 1 3.797e+02 2.590e+02)
s>                ( QUESTION0_1_R 1 8.029e+03 4.573e+02 3.700e+02
s>                    ( - 3.728e+03 35 0 QUESTION8 1 2.783e+02 1.814e+02)
s>                    ( - 3.843e+03 23 0 QUESTION0_3_R 1 3.547e+02 1.886e+02)))
s>            ( QUESTION4 1 9.257e+03 5.479e+02 4.309e+02
s>                ( - 4.768e+03 33 0 WDBNDRY_B 0 3.375e+02 2.478e+02)
s>                ( QUESTION0_14_R 1 3.941e+03 4.149e+02 1.831e+02
s>                    ( - 1.540e+03 19 0 WDBNDRY_B 0 1.666e+02 8.201e+01)
s>                    ( - 1.986e+03 36 0 WDBNDRY_I 0 1.912e+02 1.011e+02))))
s>        ( QUESTION5 -1 6.895e+03 5.502e+02 2.882e+02
s>            ( - 3.486e+03 37 0 QUESTION0_2_R 1 3.498e+02 1.610e+02)
s>            ( - 2.859e+03 44 0 QUESTION2_11_L -1 3.006e+02 1.273e+02)))INFO: dtree.c(1315): Comp split 0
INFO: dtree.c(1478): Final simple tree
|( QUESTION0_0_R 1 2.383e+04 7.571e+02 1.060e+03
|    ( WDBNDRY_I 0 1.382e+04 6.112e+02 6.290e+02
|        ( QUESTION6 1 5.180e+03 3.797e+02 2.590e+02
|            ( - 1.598e+03 7 0)
|            ( - 3.202e+03 20 0 QUESTION0_3_R 1 2.690e+02 1.684e+02))
|        ( QUESTION0_1_R 1 8.029e+03 4.573e+02 3.700e+02
|            ( - 3.728e+03 35 0 QUESTION8 1 2.783e+02 1.814e+02)
|            ( QUESTION0_3_R 1 3.843e+03 3.547e+02 1.886e+02
|                ( - 2.722e+03 8 0 WDBNDRY_B 0 6.788e+01 1.440e+02)
|                ( - 7.666e+02 15 0 WDBNDRY_B 0 1.226e+02 4.465e+01))))
|    ( QUESTION4 1 9.257e+03 5.479e+02 4.309e+02
|        ( - 4.768e+03 33 0 WDBNDRY_B 0 3.375e+02 2.478e+02)
|        ( QUESTION0_14_R 1 3.941e+03 4.149e+02 1.831e+02
|            ( - 1.540e+03 19 0 WDBNDRY_B 0 1.666e+02 8.201e+01)
|            ( - 1.986e+03 36 0 WDBNDRY_I 0 1.912e+02 1.011e+02))))
s>    ( QUESTION0_0_R 1 2.383e+04 7.571e+02 1.060e+03
s>        ( WDBNDRY_I 0 1.382e+04 6.112e+02 6.290e+02
s>            ( QUESTION6 1 5.180e+03 3.797e+02 2.590e+02
s>                ( - 1.598e+03 7 0)
s>                ( - 3.202e+03 20 0 QUESTION0_3_R 1 2.690e+02 1.684e+02))
s>            ( QUESTION0_1_R 1 8.029e+03 4.573e+02 3.700e+02
s>                ( - 3.728e+03 35 0 QUESTION8 1 2.783e+02 1.814e+02)
s>                ( QUESTION0_3_R 1 3.843e+03 3.547e+02 1.886e+02
s>                    ( - 2.722e+03 8 0 WDBNDRY_B 0 6.788e+01 1.440e+02)
s>                    ( - 7.666e+02 15 0 WDBNDRY_B 0 1.226e+02 4.465e+01))))
s>        ( QUESTION4 1 9.257e+03 5.479e+02 4.309e+02
s>            ( - 4.768e+03 33 0 WDBNDRY_B 0 3.375e+02 2.478e+02)
s>            ( QUESTION0_14_R 1 3.941e+03 4.149e+02 1.831e+02
s>                ( - 1.540e+03 19 0 WDBNDRY_B 0 1.666e+02 8.201e+01)
s>                ( - 1.986e+03 36 0 WDBNDRY_I 0 1.912e+02 1.011e+02))))INFO: dtree.c(1478): Final simple tree
|( QUESTION5 -1 6.895e+03 5.502e+02 2.882e+02
|    ( QUESTION0_2_R 1 3.486e+03 3.498e+02 1.610e+02
|        ( QUESTION6 -1 1.540e+03 1.849e+02 7.867e+01
|            ( - 7.609e+02 8 0 QUESTION0_3_R 1 1.195e+02 4.308e+01)
|            ( - 5.943e+02 6 0 WDBNDRY_I 0 1.015e+02 3.560e+01))
|        ( QUESTION3 1 1.596e+03 2.279e+02 8.229e+01
|            ( - 7.790e+02 12 0 QUESTION6 -1 1.353e+02 4.745e+01)
|            ( - 5.895e+02 11 0 QUESTION0_14_R 1 1.027e+02 3.485e+01)))
|    ( QUESTION2_11_L -1 2.859e+03 3.006e+02 1.273e+02
|        ( QUESTION2_15_L -1 1.215e+03 1.972e+02 5.931e+01
|            ( - 5.106e+02 12 0 QUESTION0 1 9.452e+01 2.994e+01)
|            ( - 5.074e+02 11 0 WDBNDRY_I 0 9.558e+01 2.937e+01))
|        ( QUESTION2_4_L -1 1.343e+03 2.111e+02 6.795e+01
|            ( - 4.947e+02 10 0 QUESTION0_0_R 1 9.008e+01 3.162e+01)
|            ( - 6.372e+02 11 0 QUESTION0 1 1.198e+02 3.633e+01))))
s>    ( QUESTION5 -1 6.895e+03 5.502e+02 2.882e+02
s>        ( QUESTION0_2_R 1 3.486e+03 3.498e+02 1.610e+02
s>            ( QUESTION6 -1 1.540e+03 1.849e+02 7.867e+01
s>                ( - 7.609e+02 8 0 QUESTION0_3_R 1 1.195e+02 4.308e+01)
s>                ( - 5.943e+02 6 0 WDBNDRY_I 0 1.015e+02 3.560e+01))
s>            ( QUESTION3 1 1.596e+03 2.279e+02 8.229e+01
s>                ( - 7.790e+02 12 0 QUESTION6 -1 1.353e+02 4.745e+01)
s>                ( - 5.895e+02 11 0 QUESTION0_14_R 1 1.027e+02 3.485e+01)))
s>        ( QUESTION2_11_L -1 2.859e+03 3.006e+02 1.273e+02
s>            ( QUESTION2_15_L -1 1.215e+03 1.972e+02 5.931e+01
s>                ( - 5.106e+02 12 0 QUESTION0 1 9.452e+01 2.994e+01)
s>                ( - 5.074e+02 11 0 WDBNDRY_I 0 9.558e+01 2.937e+01))
s>            ( QUESTION2_4_L -1 1.343e+03 2.111e+02 6.795e+01
s>                ( - 4.947e+02 10 0 QUESTION0_0_R 1 9.008e+01 3.162e+01)
s>                ( - 6.372e+02 11 0 QUESTION0 1 1.198e+02 3.633e+01))))INFO: dtree.c(1315): Comp split 1
INFO: dtree.c(1478): Final simple tree
|( QUESTION4 1 8.460e+03 6.300e+02 3.935e+02
|    ( WDBNDRY_B 0 4.768e+03 3.375e+02 2.478e+02
|        ( - 1.820e+03 9 0)
|        ( WDBNDRY_I 0 2.610e+03 2.268e+02 1.449e+02
|            ( - 1.286e+03 9 0)
|            ( WDBNDRY_E 0 1.097e+03 1.482e+02 6.866e+01
|                ( - 4.954e+02 6 0)
|                ( - 4.537e+02 9 0))))
|    ( QUESTION2 1 3.061e+03 3.293e+02 1.458e+02
|        ( WDBNDRY_I 0 1.808e+03 1.864e+02 9.310e+01
|            ( - 6.277e+02 13 0 QUESTION0_16_R 1 9.160e+01 3.771e+01)
|            ( - 9.938e+02 20 0 WDBNDRY_E 0 1.244e+02 5.540e+01))
|        ( WDBNDRY_B 0 9.243e+02 1.308e+02 5.265e+01
|            ( - 4.535e+02 9 0 QUESTION0 1 8.217e+01 2.930e+01)
|            ( - 3.400e+02 9 0 WDBNDRY_S 0 7.606e+01 2.336e+01))))
s>    ( QUESTION4 1 8.460e+03 6.300e+02 3.935e+02
s>        ( WDBNDRY_B 0 4.768e+03 3.375e+02 2.478e+02
s>            ( - 1.820e+03 9 0)
s>            ( WDBNDRY_I 0 2.610e+03 2.268e+02 1.449e+02
s>                ( - 1.286e+03 9 0)
s>                ( WDBNDRY_E 0 1.097e+03 1.482e+02 6.866e+01
s>                    ( - 4.954e+02 6 0)
s>                    ( - 4.537e+02 9 0))))
s>        ( QUESTION2 1 3.061e+03 3.293e+02 1.458e+02
s>            ( WDBNDRY_I 0 1.808e+03 1.864e+02 9.310e+01
s>                ( - 6.277e+02 13 0 QUESTION0_16_R 1 9.160e+01 3.771e+01)
s>                ( - 9.938e+02 20 0 WDBNDRY_E 0 1.244e+02 5.540e+01))
s>            ( WDBNDRY_B 0 9.243e+02 1.308e+02 5.265e+01
s>                ( - 4.535e+02 9 0 QUESTION0 1 8.217e+01 2.930e+01)
s>                ( - 3.400e+02 9 0 WDBNDRY_S 0 7.606e+01 2.336e+01))))INFO: dtree.c(1478): Final simple tree
|( QUESTION0 1 1.451e+04 5.744e+02 6.664e+02
|    ( WDBNDRY_I 0 6.048e+03 3.487e+02 2.991e+02
|        ( QUESTION0_3_R 1 2.333e+03 2.290e+02 1.291e+02
|            ( - 1.505e+03 10 0)
|            ( - 5.989e+02 4 0 QUESTION0_1_R 1 8.854e+01 4.145e+01))
|        ( QUESTION0_1_R 1 3.366e+03 2.372e+02 1.700e+02
|            ( - 4.072e+02 5 0)
|            ( - 2.722e+03 8 0 WDBNDRY_B 0 6.788e+01 1.440e+02)))
|    ( WDBNDRY_B 0 7.884e+03 4.549e+02 3.673e+02
|        ( - 2.429e+03 24 0 QUESTION7 1 2.066e+02 1.280e+02)
|        ( WDBNDRY_S 0 4.999e+03 3.652e+02 2.392e+02
|            ( - 9.814e+02 12 0 QUESTION7 1 1.503e+02 5.544e+01)
|            ( QUESTION6 1 3.653e+03 2.852e+02 1.838e+02
|                ( - 1.666e+03 8 0 WDBNDRY_E 0 5.287e+01 9.356e+01)
|                ( - 1.702e+03 18 0 WDBNDRY_E 0 1.987e+02 9.023e+01)))))
s>    ( QUESTION0 1 1.451e+04 5.744e+02 6.664e+02
s>        ( WDBNDRY_I 0 6.048e+03 3.487e+02 2.991e+02
s>            ( QUESTION0_3_R 1 2.333e+03 2.290e+02 1.291e+02
s>                ( - 1.505e+03 10 0)
s>                ( - 5.989e+02 4 0 QUESTION0_1_R 1 8.854e+01 4.145e+01))
s>            ( QUESTION0_1_R 1 3.366e+03 2.372e+02 1.700e+02
s>                ( - 4.072e+02 5 0)
s>                ( - 2.722e+03 8 0 WDBNDRY_B 0 6.788e+01 1.440e+02)))
s>        ( WDBNDRY_B 0 7.884e+03 4.549e+02 3.673e+02
s>            ( - 2.429e+03 24 0 QUESTION7 1 2.066e+02 1.280e+02)
s>            ( WDBNDRY_S 0 4.999e+03 3.652e+02 2.392e+02
s>                ( - 9.814e+02 12 0 QUESTION7 1 1.503e+02 5.544e+01)
s>                ( QUESTION6 1 3.653e+03 2.852e+02 1.838e+02
s>                    ( - 1.666e+03 8 0 WDBNDRY_E 0 5.287e+01 9.356e+01)
s>                    ( - 1.702e+03 18 0 WDBNDRY_E 0 1.987e+02 9.023e+01)))))INFO: dtree.c(1315): Comp split 2
INFO: dtree.c(1478): Final simple tree
|( QUESTION5 1 5.151e+03 3.354e+02 2.512e+02
|    ( QUESTION6 1 2.926e+03 2.626e+02 1.509e+02
|        ( - 1.666e+03 8 0 WDBNDRY_E 0 5.287e+01 9.356e+01)
|        ( QUESTION17 1 9.977e+02 1.434e+02 5.730e+01
|            ( WDBNDRY_E 0 4.862e+02 9.256e+01 3.177e+01
|                ( - 1.388e+02 3 0)
|                ( - 2.549e+02 2 0))
|            ( - 3.681e+02 6 0 QUESTION8 1 6.732e+01 2.553e+01)))
|    ( WDBNDRY_I 0 1.889e+03 2.266e+02 1.004e+02
|        ( QUESTION0_1_R 1 7.049e+02 1.027e+02 4.747e+01
|            ( - 4.681e+02 3 0)
|            ( - 1.340e+02 3 0 QUESTION0_0_R 1 4.993e+01 1.284e+01))
|        ( WDBNDRY_B 0 9.580e+02 1.330e+02 5.290e+01
|            ( - 4.072e+02 5 0)
|            ( - 4.177e+02 5 0 QUESTION0_0_R 1 6.679e+01 2.692e+01))))
s>    ( QUESTION5 1 5.151e+03 3.354e+02 2.512e+02
s>        ( QUESTION6 1 2.926e+03 2.626e+02 1.509e+02
s>            ( - 1.666e+03 8 0 WDBNDRY_E 0 5.287e+01 9.356e+01)
s>            ( QUESTION17 1 9.977e+02 1.434e+02 5.730e+01
s>                ( WDBNDRY_E 0 4.862e+02 9.256e+01 3.177e+01
s>                    ( - 1.388e+02 3 0)
s>                    ( - 2.549e+02 2 0))
s>                ( - 3.681e+02 6 0 QUESTION8 1 6.732e+01 2.553e+01)))
s>        ( WDBNDRY_I 0 1.889e+03 2.266e+02 1.004e+02
s>            ( QUESTION0_1_R 1 7.049e+02 1.027e+02 4.747e+01
s>                ( - 4.681e+02 3 0)
s>                ( - 1.340e+02 3 0 QUESTION0_0_R 1 4.993e+01 1.284e+01))
s>            ( WDBNDRY_B 0 9.580e+02 1.330e+02 5.290e+01
s>                ( - 4.072e+02 5 0)
s>                ( - 4.177e+02 5 0 QUESTION0_0_R 1 6.679e+01 2.692e+01))))INFO: dtree.c(1478): Final simple tree
|( QUESTION0_2_R 1 8.666e+03 4.472e+02 4.152e+02
|    ( WDBNDRY_I 0 4.527e+03 2.997e+02 2.317e+02
|        ( - 1.505e+03 10 0)
|        ( - 2.722e+03 8 0 WDBNDRY_B 0 6.788e+01 1.440e+02))
|    ( WDBNDRY_B 0 3.692e+03 2.814e+02 1.835e+02
|        ( QUESTION7 1 2.429e+03 2.066e+02 1.280e+02
|            ( QUESTION8 1 1.185e+03 1.683e+02 6.916e+01
|                ( - 4.397e+02 5 0)
|                ( - 5.771e+02 7 0 QUESTION16 1 8.085e+01 4.108e+01))
|            ( QUESTION0_0_R 1 1.037e+03 1.292e+02 5.889e+01
|                ( - 3.601e+02 3 0)
|                ( - 5.482e+02 9 0)))
|        ( QUESTION7 1 9.814e+02 1.503e+02 5.544e+01
|            ( - 4.967e+02 6 0 QUESTION8 1 8.158e+01 3.239e+01)
|            ( - 3.343e+02 6 0 QUESTION0_0_R 1 4.382e+01 2.304e+01))))
s>    ( QUESTION0_2_R 1 8.666e+03 4.472e+02 4.152e+02
s>        ( WDBNDRY_I 0 4.527e+03 2.997e+02 2.317e+02
s>            ( - 1.505e+03 10 0)
s>            ( - 2.722e+03 8 0 WDBNDRY_B 0 6.788e+01 1.440e+02))
s>        ( WDBNDRY_B 0 3.692e+03 2.814e+02 1.835e+02
s>            ( QUESTION7 1 2.429e+03 2.066e+02 1.280e+02
s>                ( QUESTION8 1 1.185e+03 1.683e+02 6.916e+01
s>                    ( - 4.397e+02 5 0)
s>                    ( - 5.771e+02 7 0 QUESTION16 1 8.085e+01 4.108e+01))
s>                ( QUESTION0_0_R 1 1.037e+03 1.292e+02 5.889e+01
s>                    ( - 3.601e+02 3 0)
s>                    ( - 5.482e+02 9 0)))
s>            ( QUESTION7 1 9.814e+02 1.503e+02 5.544e+01
s>                ( - 4.967e+02 6 0 QUESTION8 1 8.158e+01 3.239e+01)
s>                ( - 3.343e+02 6 0 QUESTION0_0_R 1 4.382e+01 2.304e+01))))INFO: dtree.c(1315): Comp split 3
INFO: dtree.c(1478): Final simple tree
|( QUESTION2 1 3.061e+03 3.293e+02 1.458e+02
|    ( WDBNDRY_I 0 1.808e+03 1.864e+02 9.310e+01
|        ( QUESTION0_16_R 1 6.277e+02 9.160e+01 3.771e+01
|            ( - 2.503e+02 5 0)
|            ( - 2.858e+02 8 0 QUESTION0_18_R 1 5.371e+01 1.901e+01))
|        ( WDBNDRY_E 0 9.938e+02 1.244e+02 5.540e+01
|            ( QUESTION0_17_R 1 4.562e+02 7.679e+01 2.942e+01
|                ( - 2.509e+02 5 0 QUESTION0_18_R 1 2.577e+01 1.842e+01)
|                ( - 1.285e+02 4 0 QUESTION0_12_R 1 3.068e+01 1.100e+01))
|            ( - 4.132e+02 11 0 QUESTION0_17_R 1 6.578e+01 2.598e+01)))
|    ( WDBNDRY_B 0 9.243e+02 1.308e+02 5.265e+01
|        ( QUESTION0 1 4.535e+02 8.217e+01 2.930e+01
|            ( - 2.121e+02 5 0 QUESTION0_5_R 1 5.853e+01 1.530e+01)
|            ( - 1.593e+02 4 0 QUESTION0_0_R 1 2.777e+01 1.400e+01))
|        ( - 3.400e+02 9 0 WDBNDRY_S 0 7.606e+01 2.336e+01)))
s>    ( QUESTION2 1 3.061e+03 3.293e+02 1.458e+02
s>        ( WDBNDRY_I 0 1.808e+03 1.864e+02 9.310e+01
s>            ( QUESTION0_16_R 1 6.277e+02 9.160e+01 3.771e+01
s>                ( - 2.503e+02 5 0)
s>                ( - 2.858e+02 8 0 QUESTION0_18_R 1 5.371e+01 1.901e+01))
s>            ( WDBNDRY_E 0 9.938e+02 1.244e+02 5.540e+01
s>                ( QUESTION0_17_R 1 4.562e+02 7.679e+01 2.942e+01
s>                    ( - 2.509e+02 5 0 QUESTION0_18_R 1 2.577e+01 1.842e+01)
s>                    ( - 1.285e+02 4 0 QUESTION0_12_R 1 3.068e+01 1.100e+01))
s>                ( - 4.132e+02 11 0 QUESTION0_17_R 1 6.578e+01 2.598e+01)))
s>        ( WDBNDRY_B 0 9.243e+02 1.308e+02 5.265e+01
s>            ( QUESTION0 1 4.535e+02 8.217e+01 2.930e+01
s>                ( - 2.121e+02 5 0 QUESTION0_5_R 1 5.853e+01 1.530e+01)
s>                ( - 1.593e+02 4 0 QUESTION0_0_R 1 2.777e+01 1.400e+01))
s>            ( - 3.400e+02 9 0 WDBNDRY_S 0 7.606e+01 2.336e+01)))INFO: dtree.c(1439): stop. leaf nodes are specific
INFO: dtree.c(1478): Final simple tree
|( WDBNDRY_B 0 4.768e+03 3.375e+02 2.478e+02
|    ( - 1.820e+03 9 0)
|    ( WDBNDRY_I 0 2.610e+03 2.268e+02 1.449e+02
|        ( - 1.286e+03 9 0)
|        ( WDBNDRY_E 0 1.097e+03 1.482e+02 6.866e+01
|            ( - 4.954e+02 6 0)
|            ( - 4.537e+02 9 0))))
s>    ( WDBNDRY_B 0 4.768e+03 3.375e+02 2.478e+02
s>        ( - 1.820e+03 9 0)
s>        ( WDBNDRY_I 0 2.610e+03 2.268e+02 1.449e+02
s>            ( - 1.286e+03 9 0)
s>            ( WDBNDRY_E 0 1.097e+03 1.482e+02 6.866e+01
s>                ( - 4.954e+02 6 0)
s>                ( - 4.537e+02 9 0))))INFO: dtree.c(1315): Comp split 4
INFO: dtree.c(1478): Final simple tree
|( QUESTION3 1 3.175e+03 3.380e+02 1.431e+02
|    ( QUESTION7 -1 1.450e+03 1.989e+02 7.588e+01
|        ( - 3.926e+02 7 0 QUESTION16 -1 7.088e+01 3.008e+01)
|        ( WDBNDRY_B 0 8.583e+02 1.377e+02 4.580e+01
|            ( QUESTION0_0_R 1 5.181e+02 9.754e+01 3.079e+01
|                ( - 2.598e+02 7 0 QUESTION0_1_R 1 6.109e+01 1.738e+01)
|                ( - 1.608e+02 3 0 QUESTION4 -1 3.949e+01 1.341e+01))
|            ( - 2.025e+02 6 0 QUESTION15 1 5.386e+01 1.501e+01)))
|    ( QUESTION2_13_L -1 1.387e+03 1.937e+02 6.721e+01
|        ( QUESTION2_14_L -1 5.563e+02 1.146e+02 3.088e+01
|            ( - 1.794e+02 3 0 WDBNDRY_B 0 3.871e+01 1.291e+01)
|            ( - 2.622e+02 6 0 QUESTION0_2_R 1 4.053e+01 1.797e+01))
|        ( QUESTION3 -1 6.373e+02 1.142e+02 3.633e+01
|            ( - 3.042e+02 7 0 QUESTION0_2_R 1 6.383e+01 1.999e+01)
|            ( - 2.189e+02 7 0 SILENCE -1 5.672e+01 1.633e+01))))
s>    ( QUESTION3 1 3.175e+03 3.380e+02 1.431e+02
s>        ( QUESTION7 -1 1.450e+03 1.989e+02 7.588e+01
s>            ( - 3.926e+02 7 0 QUESTION16 -1 7.088e+01 3.008e+01)
s>            ( WDBNDRY_B 0 8.583e+02 1.377e+02 4.580e+01
s>                ( QUESTION0_0_R 1 5.181e+02 9.754e+01 3.079e+01
s>                    ( - 2.598e+02 7 0 QUESTION0_1_R 1 6.109e+01 1.738e+01)
s>                    ( - 1.608e+02 3 0 QUESTION4 -1 3.949e+01 1.341e+01))
s>                ( - 2.025e+02 6 0 QUESTION15 1 5.386e+01 1.501e+01)))
s>        ( QUESTION2_13_L -1 1.387e+03 1.937e+02 6.721e+01
s>            ( QUESTION2_14_L -1 5.563e+02 1.146e+02 3.088e+01
s>                ( - 1.794e+02 3 0 WDBNDRY_B 0 3.871e+01 1.291e+01)
s>                ( - 2.622e+02 6 0 QUESTION0_2_R 1 4.053e+01 1.797e+01))
s>            ( QUESTION3 -1 6.373e+02 1.142e+02 3.633e+01
s>                ( - 3.042e+02 7 0 QUESTION0_2_R 1 6.383e+01 1.999e+01)
s>                ( - 2.189e+02 7 0 SILENCE -1 5.672e+01 1.633e+01))))INFO: dtree.c(1478): Final simple tree
|( QUESTION2_0_L -1 3.158e+03 3.186e+02 1.451e+02
|    ( QUESTION0_3_R 1 2.231e+03 2.281e+02 1.095e+02
|        ( QUESTION6 -1 1.174e+03 1.546e+02 6.364e+01
|            ( - 4.790e+02 4 0 WDBNDRY_B 0 7.058e+01 3.004e+01)
|            ( WDBNDRY_B 0 5.404e+02 9.352e+01 3.360e+01
|                ( - 1.118e+02 2 0 QUESTION16 -1 2.932e+01 1.073e+01)
|                ( - 3.350e+02 2 0)))
|        ( QUESTION0_2_R 1 8.292e+02 1.396e+02 4.588e+01
|            ( - 1.859e+02 5 0 QUESTION0_5_R 1 5.158e+01 1.404e+01)
|            ( WDBNDRY_B 0 5.037e+02 9.393e+01 3.185e+01
|                ( - 2.265e+02 4 0 QUESTION0_0_R 1 5.996e+01 1.684e+01)
|                ( - 1.833e+02 5 0 WDBNDRY_S 0 4.496e+01 1.500e+01))))
|    ( QUESTION2_6_L -1 6.084e+02 1.052e+02 3.562e+01
|        ( - 3.580e+02 6 0 QUESTION0_0_R 1 7.842e+01 2.595e+01)
|        ( - 1.452e+02 7 0 QUESTION4 -1 4.022e+01 9.667e+00)))
s>    ( QUESTION2_0_L -1 3.158e+03 3.186e+02 1.451e+02
s>        ( QUESTION0_3_R 1 2.231e+03 2.281e+02 1.095e+02
s>            ( QUESTION6 -1 1.174e+03 1.546e+02 6.364e+01
s>                ( - 4.790e+02 4 0 WDBNDRY_B 0 7.058e+01 3.004e+01)
s>                ( WDBNDRY_B 0 5.404e+02 9.352e+01 3.360e+01
s>                    ( - 1.118e+02 2 0 QUESTION16 -1 2.932e+01 1.073e+01)
s>                    ( - 3.350e+02 2 0)))
s>            ( QUESTION0_2_R 1 8.292e+02 1.396e+02 4.588e+01
s>                ( - 1.859e+02 5 0 QUESTION0_5_R 1 5.158e+01 1.404e+01)
s>                ( WDBNDRY_B 0 5.037e+02 9.393e+01 3.185e+01
s>                    ( - 2.265e+02 4 0 QUESTION0_0_R 1 5.996e+01 1.684e+01)
s>                    ( - 1.833e+02 5 0 WDBNDRY_S 0 4.496e+01 1.500e+01))))
s>        ( QUESTION2_6_L -1 6.084e+02 1.052e+02 3.562e+01
s>            ( - 3.580e+02 6 0 QUESTION0_0_R 1 7.842e+01 2.595e+01)
s>            ( - 1.452e+02 7 0 QUESTION4 -1 4.022e+01 9.667e+00)))INFO: dtree.c(1315): Comp split 5
INFO: dtree.c(1478): Final simple tree
|( WDBNDRY_B 0 3.692e+03 2.814e+02 1.835e+02
|    ( QUESTION7 1 2.429e+03 2.066e+02 1.280e+02
|        ( QUESTION8 1 1.185e+03 1.683e+02 6.916e+01
|            ( - 4.397e+02 5 0)
|            ( QUESTION16 1 5.771e+02 8.085e+01 4.108e+01
|                ( - 1.119e+02 3 0)
|                ( - 3.843e+02 4 0)))
|        ( QUESTION0_0_R 1 1.037e+03 1.292e+02 5.889e+01
|            ( - 3.601e+02 3 0)
|            ( - 5.482e+02 9 0)))
|    ( QUESTION7 1 9.814e+02 1.503e+02 5.544e+01
|        ( QUESTION8 1 4.967e+02 8.158e+01 3.239e+01
|            ( - 2.962e+02 3 0)
|            ( - 1.189e+02 3 0 QUESTION16 1 3.540e+01 9.997e+00))
|        ( - 3.343e+02 6 0 QUESTION0_0_R 1 4.382e+01 2.304e+01)))
s>    ( WDBNDRY_B 0 3.692e+03 2.814e+02 1.835e+02
s>        ( QUESTION7 1 2.429e+03 2.066e+02 1.280e+02
s>            ( QUESTION8 1 1.185e+03 1.683e+02 6.916e+01
s>                ( - 4.397e+02 5 0)
s>                ( QUESTION16 1 5.771e+02 8.085e+01 4.108e+01
s>                    ( - 1.119e+02 3 0)
s>                    ( - 3.843e+02 4 0)))
s>            ( QUESTION0_0_R 1 1.037e+03 1.292e+02 5.889e+01
s>                ( - 3.601e+02 3 0)
s>                ( - 5.482e+02 9 0)))
s>        ( QUESTION7 1 9.814e+02 1.503e+02 5.544e+01
s>            ( QUESTION8 1 4.967e+02 8.158e+01 3.239e+01
s>                ( - 2.962e+02 3 0)
s>                ( - 1.189e+02 3 0 QUESTION16 1 3.540e+01 9.997e+00))
s>            ( - 3.343e+02 6 0 QUESTION0_0_R 1 4.382e+01 2.304e+01)))INFO: dtree.c(1439): stop. leaf nodes are specific
INFO: dtree.c(1478): Final simple tree
|( WDBNDRY_I 0 4.527e+03 2.997e+02 2.317e+02
|    ( - 1.505e+03 10 0)
|    ( WDBNDRY_B 0 2.722e+03 6.788e+01 1.440e+02
|        ( - 2.634e+03 6 0)
|        ( WDBNDRY_E 0 1.976e+01 1.102e+01 3.000e+00
|            ( - 7.429e+00 1 0)
|            ( - 1.316e+00 1 0))))
s>    ( WDBNDRY_I 0 4.527e+03 2.997e+02 2.317e+02
s>        ( - 1.505e+03 10 0)
s>        ( WDBNDRY_B 0 2.722e+03 6.788e+01 1.440e+02
s>            ( - 2.634e+03 6 0)
s>            ( WDBNDRY_E 0 1.976e+01 1.102e+01 3.000e+00
s>                ( - 7.429e+00 1 0)
s>                ( - 1.316e+00 1 0))))INFO: dtree.c(1315): Comp split 6
INFO: dtree.c(1439): stop. leaf nodes are specific
INFO: dtree.c(1478): Final simple tree
|( WDBNDRY_I 0 2.515e+03 2.147e+02 1.316e+02
|    ( - 1.598e+03 7 0)
|    ( WDBNDRY_B 0 7.028e+02 1.103e+02 4.100e+01
|        ( - 4.072e+02 5 0)
|        ( QUESTION6 1 1.853e+02 3.161e+01 1.502e+01
|            ( - 1.495e+01 1 0)
|            ( - 1.388e+02 3 0))))
s>    ( WDBNDRY_I 0 2.515e+03 2.147e+02 1.316e+02
s>        ( - 1.598e+03 7 0)
s>        ( WDBNDRY_B 0 7.028e+02 1.103e+02 4.100e+01
s>            ( - 4.072e+02 5 0)
s>            ( QUESTION6 1 1.853e+02 3.161e+01 1.502e+01
s>                ( - 1.495e+01 1 0)
s>                ( - 1.388e+02 3 0))))INFO: dtree.c(1478): Final simple tree
|( QUESTION5 1 2.259e+03 2.378e+02 1.197e+02
|    ( QUESTION8 1 7.422e+02 1.243e+02 4.528e+01
|        ( - 2.278e+02 4 0 WDBNDRY_E 0 3.782e+01 1.756e+01)
|        ( QUESTION16 1 3.901e+02 6.222e+01 2.772e+01
|            ( - 7.293e+01 2 0 WDBNDRY_E 0 2.844e+01 7.962e+00)
|            ( - 2.549e+02 2 0)))
|    ( QUESTION0_0_R 1 1.279e+03 1.578e+02 7.438e+01
|        ( QUESTION0_1_R 1 7.000e+02 8.480e+01 4.641e+01
|            ( WDBNDRY_E 0 5.730e+02 6.925e+01 3.958e+01
|                ( - 3.558e+01 2 0)
|                ( - 4.681e+02 3 0))
|            ( - 4.226e+01 1 0))
|        ( WDBNDRY_E 0 4.213e+02 6.411e+01 2.798e+01
|            ( - 3.154e+02 3 0)
|            ( - 4.185e+01 2 0))))
s>    ( QUESTION5 1 2.259e+03 2.378e+02 1.197e+02
s>        ( QUESTION8 1 7.422e+02 1.243e+02 4.528e+01
s>            ( - 2.278e+02 4 0 WDBNDRY_E 0 3.782e+01 1.756e+01)
s>            ( QUESTION16 1 3.901e+02 6.222e+01 2.772e+01
s>                ( - 7.293e+01 2 0 WDBNDRY_E 0 2.844e+01 7.962e+00)
s>                ( - 2.549e+02 2 0)))
s>        ( QUESTION0_0_R 1 1.279e+03 1.578e+02 7.438e+01
s>            ( QUESTION0_1_R 1 7.000e+02 8.480e+01 4.641e+01
s>                ( WDBNDRY_E 0 5.730e+02 6.925e+01 3.958e+01
s>                    ( - 3.558e+01 2 0)
s>                    ( - 4.681e+02 3 0))
s>                ( - 4.226e+01 1 0))
s>            ( WDBNDRY_E 0 4.213e+02 6.411e+01 2.798e+01
s>                ( - 3.154e+02 3 0)
s>                ( - 4.185e+01 2 0))))INFO: dtree.c(1315): Comp split 7
INFO: dtree.c(1439): stop. leaf nodes are specific
INFO: dtree.c(1478): Final simple tree
|( WDBNDRY_E 0 1.946e+03 1.641e+02 1.113e+02
|    ( - 4.954e+02 6 0)
|    ( - 1.286e+03 9 0))
s>    ( WDBNDRY_E 0 1.946e+03 1.641e+02 1.113e+02
s>        ( - 4.954e+02 6 0)
s>        ( - 1.286e+03 9 0))INFO: dtree.c(1439): stop. leaf nodes are specific
INFO: dtree.c(1478): Final simple tree
|( WDBNDRY_B 0 2.450e+03 1.762e+02 1.365e+02
|    ( - 1.820e+03 9 0)
|    ( - 4.537e+02 9 0))
s>    ( WDBNDRY_B 0 2.450e+03 1.762e+02 1.365e+02
s>        ( - 1.820e+03 9 0)
s>        ( - 4.537e+02 9 0))INFO: dtree.c(1315): Comp split 8
INFO: dtree.c(1478): Final simple tree
|( QUESTION6 -1 1.528e+03 1.751e+02 8.048e+01
|    ( QUESTION0_2_R 1 7.663e+02 1.015e+02 4.488e+01
|        ( WDBNDRY_B 0 4.790e+02 7.058e+01 3.004e+01
|            ( - 3.062e+02 3 0)
|            ( - 1.022e+02 1 0))
|        ( QUESTION0_0_R 1 1.857e+02 5.122e+01 1.484e+01
|            ( - 9.928e+01 2 0)
|            ( - 3.524e+01 1 0)))
|    ( WDBNDRY_B 0 5.870e+02 1.018e+02 3.560e+01
|        ( QUESTION16 -1 1.502e+02 3.249e+01 1.273e+01
|            ( - 1.339e+01 1 0)
|            ( QUESTION0_0_R 1 1.043e+02 2.791e+01 9.727e+00
|                ( - 6.913e+01 1 0)
|                ( - 7.295e+00 1 0)))
|        ( - 3.350e+02 2 0)))
s>    ( QUESTION6 -1 1.528e+03 1.751e+02 8.048e+01
s>        ( QUESTION0_2_R 1 7.663e+02 1.015e+02 4.488e+01
s>            ( WDBNDRY_B 0 4.790e+02 7.058e+01 3.004e+01
s>                ( - 3.062e+02 3 0)
s>                ( - 1.022e+02 1 0))
s>            ( QUESTION0_0_R 1 1.857e+02 5.122e+01 1.484e+01
s>                ( - 9.928e+01 2 0)
s>                ( - 3.524e+01 1 0)))
s>        ( WDBNDRY_B 0 5.870e+02 1.018e+02 3.560e+01
s>            ( QUESTION16 -1 1.502e+02 3.249e+01 1.273e+01
s>                ( - 1.339e+01 1 0)
s>                ( QUESTION0_0_R 1 1.043e+02 2.791e+01 9.727e+00
s>                    ( - 6.913e+01 1 0)
s>                    ( - 7.295e+00 1 0)))
s>            ( - 3.350e+02 2 0)))INFO: dtree.c(1478): Final simple tree
|( QUESTION2 -1 1.262e+03 1.913e+02 6.466e+01
|    ( QUESTION0_0_R 1 3.839e+02 7.971e+01 2.695e+01
|        ( - 1.732e+02 4 0 QUESTION0_1_R 1 3.845e+01 1.495e+01)
|        ( QUESTION0_12_R 1 1.310e+02 4.280e+01 1.200e+01
|            ( - 6.343e+01 2 0 WDBNDRY_B 0 2.277e+01 7.000e+00)
|            ( - 2.479e+01 1 0)))
|    ( QUESTION0_4_R 1 6.866e+02 1.234e+02 3.770e+01
|        ( QUESTION0_5_R 1 2.069e+02 5.530e+01 1.504e+01
|            ( - 9.330e+01 4 0 WDBNDRY_B 0 3.203e+01 8.032e+00)
|            ( - 5.831e+01 2 0 QUESTION0_7_R 1 2.371e+01 7.004e+00))
|        ( QUESTION0_13_R 1 3.563e+02 7.341e+01 2.267e+01
|            ( WDBNDRY_S 0 1.692e+02 4.221e+01 1.400e+01
|                ( - 7.503e+01 3 0 QUESTION6 -1 2.785e+01 7.000e+00)
|                ( - 5.196e+01 2 0 WDBNDRY_B 0 1.670e+01 7.000e+00))
|            ( - 1.137e+02 5 0 QUESTION4 -1 3.476e+01 8.668e+00))))
s>    ( QUESTION2 -1 1.262e+03 1.913e+02 6.466e+01
s>        ( QUESTION0_0_R 1 3.839e+02 7.971e+01 2.695e+01
s>            ( - 1.732e+02 4 0 QUESTION0_1_R 1 3.845e+01 1.495e+01)
s>            ( QUESTION0_12_R 1 1.310e+02 4.280e+01 1.200e+01
s>                ( - 6.343e+01 2 0 WDBNDRY_B 0 2.277e+01 7.000e+00)
s>                ( - 2.479e+01 1 0)))
s>        ( QUESTION0_4_R 1 6.866e+02 1.234e+02 3.770e+01
s>            ( QUESTION0_5_R 1 2.069e+02 5.530e+01 1.504e+01
s>                ( - 9.330e+01 4 0 WDBNDRY_B 0 3.203e+01 8.032e+00)
s>                ( - 5.831e+01 2 0 QUESTION0_7_R 1 2.371e+01 7.004e+00))
s>            ( QUESTION0_13_R 1 3.563e+02 7.341e+01 2.267e+01
s>                ( WDBNDRY_S 0 1.692e+02 4.221e+01 1.400e+01
s>                    ( - 7.503e+01 3 0 QUESTION6 -1 2.785e+01 7.000e+00)
s>                    ( - 5.196e+01 2 0 WDBNDRY_B 0 1.670e+01 7.000e+00))
s>                ( - 1.137e+02 5 0 QUESTION4 -1 3.476e+01 8.668e+00))))INFO: dtree.c(1315): Comp split 9
INFO: dtree.c(1478): Final simple tree
|( QUESTION2_13_L -1 1.460e+03 1.979e+02 7.036e+01
|    ( QUESTION3 1 5.992e+02 1.108e+02 3.394e+01
|        ( QUESTION15 1 2.262e+02 5.425e+01 1.596e+01
|            ( - 7.183e+01 3 0 WDBNDRY_B 0 2.704e+01 7.002e+00)
|            ( - 1.001e+02 4 0 QUESTION2_14_L -1 3.530e+01 8.960e+00))
|        ( QUESTION0_2_R 1 2.622e+02 4.053e+01 1.797e+01
|            ( - 1.982e+02 3 0)
|            ( - 2.346e+01 3 0 QUESTION0_0_R 1 1.145e+01 3.004e+00)))
|    ( QUESTION0_2_R 1 6.626e+02 1.175e+02 3.642e+01
|        ( QUESTION0_3_R 1 2.384e+02 5.054e+01 1.696e+01
|            ( - 1.698e+02 4 0 QUESTION2_0_L -1 2.738e+01 1.299e+01)
|            ( - 1.808e+01 1 0))
|        ( WDBNDRY_B 0 3.067e+02 7.856e+01 1.946e+01
|            ( - 1.267e+02 4 0 QUESTION4 -1 3.233e+01 1.046e+01)
|            ( - 1.014e+02 4 0 QUESTION5 1 3.404e+01 9.001e+00))))
s>    ( QUESTION2_13_L -1 1.460e+03 1.979e+02 7.036e+01
s>        ( QUESTION3 1 5.992e+02 1.108e+02 3.394e+01
s>            ( QUESTION15 1 2.262e+02 5.425e+01 1.596e+01
s>                ( - 7.183e+01 3 0 WDBNDRY_B 0 2.704e+01 7.002e+00)
s>                ( - 1.001e+02 4 0 QUESTION2_14_L -1 3.530e+01 8.960e+00))
s>            ( QUESTION0_2_R 1 2.622e+02 4.053e+01 1.797e+01
s>                ( - 1.982e+02 3 0)
s>                ( - 2.346e+01 3 0 QUESTION0_0_R 1 1.145e+01 3.004e+00)))
s>        ( QUESTION0_2_R 1 6.626e+02 1.175e+02 3.642e+01
s>            ( QUESTION0_3_R 1 2.384e+02 5.054e+01 1.696e+01
s>                ( - 1.698e+02 4 0 QUESTION2_0_L -1 2.738e+01 1.299e+01)
s>                ( - 1.808e+01 1 0))
s>            ( WDBNDRY_B 0 3.067e+02 7.856e+01 1.946e+01
s>                ( - 1.267e+02 4 0 QUESTION4 -1 3.233e+01 1.046e+01)
s>                ( - 1.014e+02 4 0 QUESTION5 1 3.404e+01 9.001e+00))))INFO: dtree.c(1478): Final simple tree
|( QUESTION3 -1 1.362e+03 2.132e+02 7.273e+01
|    ( QUESTION7 -1 6.545e+02 1.011e+02 4.349e+01
|        ( QUESTION16 -1 3.926e+02 7.088e+01 3.008e+01
|            ( QUESTION0_0_R 1 1.787e+02 4.521e+01 1.624e+01
|                ( - 7.650e+01 2 0 QUESTION8 1 1.276e+01 7.771e+00)
|                ( - 5.699e+01 1 0))
|            ( QUESTION15 1 1.430e+02 4.344e+01 1.384e+01
|                ( - 4.417e+01 1 0)
|                ( - 5.540e+01 3 0 QUESTION4 1 2.204e+01 5.831e+00)))
|        ( - 1.608e+02 3 0 QUESTION4 -1 3.949e+01 1.341e+01))
|    ( QUESTION2_13_L -1 4.948e+02 9.649e+01 2.924e+01
|        ( - 1.794e+02 3 0 WDBNDRY_B 0 3.871e+01 1.291e+01)
|        ( SILENCE -1 2.189e+02 5.672e+01 1.633e+01
|            ( - 1.952e+01 1 0)
|            ( - 1.426e+02 6 0 WDBNDRY_B 0 3.629e+01 1.147e+01))))
s>    ( QUESTION3 -1 1.362e+03 2.132e+02 7.273e+01
s>        ( QUESTION7 -1 6.545e+02 1.011e+02 4.349e+01
s>            ( QUESTION16 -1 3.926e+02 7.088e+01 3.008e+01
s>                ( QUESTION0_0_R 1 1.787e+02 4.521e+01 1.624e+01
s>                    ( - 7.650e+01 2 0 QUESTION8 1 1.276e+01 7.771e+00)
s>                    ( - 5.699e+01 1 0))
s>                ( QUESTION15 1 1.430e+02 4.344e+01 1.384e+01
s>                    ( - 4.417e+01 1 0)
s>                    ( - 5.540e+01 3 0 QUESTION4 1 2.204e+01 5.831e+00)))
s>            ( - 1.608e+02 3 0 QUESTION4 -1 3.949e+01 1.341e+01))
s>        ( QUESTION2_13_L -1 4.948e+02 9.649e+01 2.924e+01
s>            ( - 1.794e+02 3 0 WDBNDRY_B 0 3.871e+01 1.291e+01)
s>            ( SILENCE -1 2.189e+02 5.672e+01 1.633e+01
s>                ( - 1.952e+01 1 0)
s>                ( - 1.426e+02 6 0 WDBNDRY_B 0 3.629e+01 1.147e+01))))INFO: dtree.c(1315): Comp split 10
INFO: dtree.c(1478): Final simple tree
|( WDBNDRY_I 0 1.808e+03 1.864e+02 9.310e+01
|    ( QUESTION0_16_R 1 6.277e+02 9.160e+01 3.771e+01
|        ( - 2.503e+02 5 0)
|        ( QUESTION0_18_R 1 2.858e+02 5.371e+01 1.901e+01
|            ( - 1.308e+02 4 0 QUESTION0_19_R 1 2.407e+01 1.002e+01)
|            ( - 1.012e+02 4 0 QUESTION0_12_R 1 3.071e+01 8.994e+00)))
|    ( WDBNDRY_E 0 9.938e+02 1.244e+02 5.540e+01
|        ( QUESTION0_17_R 1 4.562e+02 7.679e+01 2.942e+01
|            ( - 2.509e+02 5 0 QUESTION0_18_R 1 2.577e+01 1.842e+01)
|            ( - 1.285e+02 4 0 QUESTION0_12_R 1 3.068e+01 1.100e+01))
|        ( QUESTION0_17_R 1 4.132e+02 6.578e+01 2.598e+01
|            ( QUESTION0_18_R 1 1.914e+02 3.473e+01 1.398e+01
|                ( - 1.963e+01 1 0)
|                ( - 1.371e+02 4 0))
|            ( - 1.560e+02 6 0 QUESTION0_12_R 1 2.938e+01 1.200e+01))))
s>    ( WDBNDRY_I 0 1.808e+03 1.864e+02 9.310e+01
s>        ( QUESTION0_16_R 1 6.277e+02 9.160e+01 3.771e+01
s>            ( - 2.503e+02 5 0)
s>            ( QUESTION0_18_R 1 2.858e+02 5.371e+01 1.901e+01
s>                ( - 1.308e+02 4 0 QUESTION0_19_R 1 2.407e+01 1.002e+01)
s>                ( - 1.012e+02 4 0 QUESTION0_12_R 1 3.071e+01 8.994e+00)))
s>        ( WDBNDRY_E 0 9.938e+02 1.244e+02 5.540e+01
s>            ( QUESTION0_17_R 1 4.562e+02 7.679e+01 2.942e+01
s>                ( - 2.509e+02 5 0 QUESTION0_18_R 1 2.577e+01 1.842e+01)
s>                ( - 1.285e+02 4 0 QUESTION0_12_R 1 3.068e+01 1.100e+01))
s>            ( QUESTION0_17_R 1 4.132e+02 6.578e+01 2.598e+01
s>                ( QUESTION0_18_R 1 1.914e+02 3.473e+01 1.398e+01
s>                    ( - 1.963e+01 1 0)
s>                    ( - 1.371e+02 4 0))
s>                ( - 1.560e+02 6 0 QUESTION0_12_R 1 2.938e+01 1.200e+01))))INFO: dtree.c(1478): Final simple tree
|( WDBNDRY_B 0 9.243e+02 1.308e+02 5.265e+01
|    ( QUESTION0 1 4.535e+02 8.217e+01 2.930e+01
|        ( QUESTION0_5_R 1 2.121e+02 5.853e+01 1.530e+01
|            ( - 7.429e+01 3 0)
|            ( - 7.925e+01 2 0))
|        ( QUESTION0_0_R 1 1.593e+02 2.777e+01 1.400e+01
|            ( - 1.115e+02 3 0)
|            ( - 2.002e+01 1 0)))
|    ( WDBNDRY_S 0 3.400e+02 7.606e+01 2.336e+01
|        ( QUESTION0_5_R 1 1.502e+02 5.030e+01 1.336e+01
|            ( - 5.861e+01 3 0)
|            ( - 4.124e+01 2 0 QUESTION0_0_R 1 2.013e+01 5.976e+00))
|        ( QUESTION0_5_R 1 1.138e+02 3.475e+01 1.000e+01
|            ( - 2.857e+01 1 0)
|            ( - 5.046e+01 3 0 QUESTION0_8_R 1 2.275e+01 6.000e+00))))
s>    ( WDBNDRY_B 0 9.243e+02 1.308e+02 5.265e+01
s>        ( QUESTION0 1 4.535e+02 8.217e+01 2.930e+01
s>            ( QUESTION0_5_R 1 2.121e+02 5.853e+01 1.530e+01
s>                ( - 7.429e+01 3 0)
s>                ( - 7.925e+01 2 0))
s>            ( QUESTION0_0_R 1 1.593e+02 2.777e+01 1.400e+01
s>                ( - 1.115e+02 3 0)
s>                ( - 2.002e+01 1 0)))
s>        ( WDBNDRY_S 0 3.400e+02 7.606e+01 2.336e+01
s>            ( QUESTION0_5_R 1 1.502e+02 5.030e+01 1.336e+01
s>                ( - 5.861e+01 3 0)
s>                ( - 4.124e+01 2 0 QUESTION0_0_R 1 2.013e+01 5.976e+00))
s>            ( QUESTION0_5_R 1 1.138e+02 3.475e+01 1.000e+01
s>                ( - 2.857e+01 1 0)
s>                ( - 5.046e+01 3 0 QUESTION0_8_R 1 2.275e+01 6.000e+00))))INFO: dtree.c(1315): Comp split 11
INFO: dtree.c(1439): stop. leaf nodes are specific
INFO: dtree.c(1478): Final simple tree
|( QUESTION0_0_R 1 1.721e+03 1.724e+02 9.746e+01
|    ( WDBNDRY_B 0 1.001e+03 1.272e+02 6.347e+01
|        ( QUESTION16 1 5.771e+02 8.085e+01 4.108e+01
|            ( - 1.119e+02 3 0)
|            ( - 3.843e+02 4 0))
|        ( - 2.962e+02 3 0))
|    ( - 5.482e+02 9 0))
s>    ( QUESTION0_0_R 1 1.721e+03 1.724e+02 9.746e+01
s>        ( WDBNDRY_B 0 1.001e+03 1.272e+02 6.347e+01
s>            ( QUESTION16 1 5.771e+02 8.085e+01 4.108e+01
s>                ( - 1.119e+02 3 0)
s>                ( - 3.843e+02 4 0))
s>            ( - 2.962e+02 3 0))
s>        ( - 5.482e+02 9 0))INFO: dtree.c(1439): stop. leaf nodes are specific
INFO: dtree.c(1478): Final simple tree
|( QUESTION8 1 1.649e+03 1.852e+02 8.603e+01
|    ( - 4.397e+02 5 0)
|    ( QUESTION0_0_R 1 1.024e+03 1.401e+02 5.795e+01
|        ( WDBNDRY_B 0 6.044e+02 7.847e+01 3.790e+01
|            ( - 3.601e+02 3 0)
|            ( QUESTION17 1 1.658e+02 4.533e+01 1.300e+01
|                ( - 5.267e+01 2 0)
|                ( QUESTION6 1 6.781e+01 2.563e+01 7.000e+00
|                    ( - 1.131e+01 1 0)
|                    ( - 3.086e+01 1 0))))
|        ( - 2.792e+02 5 0)))
s>    ( QUESTION8 1 1.649e+03 1.852e+02 8.603e+01
s>        ( - 4.397e+02 5 0)
s>        ( QUESTION0_0_R 1 1.024e+03 1.401e+02 5.795e+01
s>            ( WDBNDRY_B 0 6.044e+02 7.847e+01 3.790e+01
s>                ( - 3.601e+02 3 0)
s>                ( QUESTION17 1 1.658e+02 4.533e+01 1.300e+01
s>                    ( - 5.267e+01 2 0)
s>                    ( QUESTION6 1 6.781e+01 2.563e+01 7.000e+00
s>                        ( - 1.131e+01 1 0)
s>                        ( - 3.086e+01 1 0))))
s>            ( - 2.792e+02 5 0)))INFO: dtree.c(1315): Comp split 12
INFO: dtree.c(1439): stop. leaf nodes are specific
INFO: dtree.c(1478): Final simple tree
|( WDBNDRY_B 0 2.686e+03 4.462e+01 1.430e+02
|    ( - 2.634e+03 6 0)
|    ( - 7.429e+00 1 0))
s>    ( WDBNDRY_B 0 2.686e+03 4.462e+01 1.430e+02
s>        ( - 2.634e+03 6 0)
s>        ( - 7.429e+00 1 0))INFO: dtree.c(1439): stop. leaf nodes are specific
INFO: dtree.c(1478): Final simple tree
|( WDBNDRY_S 0 1.539e+03 3.232e+01 8.868e+01
|    ( - 1.316e+00 1 0)
|    ( - 1.505e+03 10 0))
s>    ( WDBNDRY_S 0 1.539e+03 3.232e+01 8.868e+01
s>        ( - 1.316e+00 1 0)
s>        ( - 1.505e+03 10 0))INFO: dtree.c(1315): Comp split 13
INFO: dtree.c(1439): stop. leaf nodes are specific
INFO: dtree.c(1478): Final simple tree
|( WDBNDRY_E 0 1.025e+03 1.412e+02 6.260e+01
|    ( - 3.154e+02 3 0)
|    ( QUESTION0_0_R 1 5.685e+02 5.855e+01 4.064e+01
|        ( - 4.681e+02 3 0)
|        ( - 4.185e+01 2 0)))
s>    ( WDBNDRY_E 0 1.025e+03 1.412e+02 6.260e+01
s>        ( - 3.154e+02 3 0)
s>        ( QUESTION0_0_R 1 5.685e+02 5.855e+01 4.064e+01
s>            ( - 4.681e+02 3 0)
s>            ( - 4.185e+01 2 0)))INFO: dtree.c(1478): Final simple tree
|( QUESTION15 1 9.814e+02 1.683e+02 5.707e+01
|    ( QUESTION16 1 3.901e+02 6.222e+01 2.772e+01
|        ( WDBNDRY_E 0 7.293e+01 2.844e+01 7.962e+00
|            ( - 1.198e+01 1 0)
|            ( - 3.251e+01 1 0))
|        ( - 2.549e+02 2 0))
|    ( QUESTION5 1 4.231e+02 8.465e+01 2.935e+01
|        ( WDBNDRY_E 0 2.278e+02 3.782e+01 1.756e+01
|            ( - 1.014e+01 1 0)
|            ( QUESTION0_1_R 1 1.799e+02 3.696e+01 1.456e+01
|                ( - 1.236e+02 2 0)
|                ( - 1.936e+01 1 0)))
|        ( WDBNDRY_E 0 1.106e+02 3.276e+01 1.178e+01
|            ( - 3.558e+01 2 0)
|            ( - 4.226e+01 1 0))))
s>    ( QUESTION15 1 9.814e+02 1.683e+02 5.707e+01
s>        ( QUESTION16 1 3.901e+02 6.222e+01 2.772e+01
s>            ( WDBNDRY_E 0 7.293e+01 2.844e+01 7.962e+00
s>                ( - 1.198e+01 1 0)
s>                ( - 3.251e+01 1 0))
s>            ( - 2.549e+02 2 0))
s>        ( QUESTION5 1 4.231e+02 8.465e+01 2.935e+01
s>            ( WDBNDRY_E 0 2.278e+02 3.782e+01 1.756e+01
s>                ( - 1.014e+01 1 0)
s>                ( QUESTION0_1_R 1 1.799e+02 3.696e+01 1.456e+01
s>                    ( - 1.236e+02 2 0)
s>                    ( - 1.936e+01 1 0)))
s>            ( WDBNDRY_E 0 1.106e+02 3.276e+01 1.178e+01
s>                ( - 3.558e+01 2 0)
s>                ( - 4.226e+01 1 0))))INFO: dtree.c(1315): Comp split 14
INFO: dtree.c(1478): Final simple tree
|( QUESTION0 1 5.358e+02 1.090e+02 3.094e+01
|    ( WDBNDRY_B 0 2.156e+02 1.635e+01 1.597e+01
|        ( - 1.982e+02 3 0)
|        ( - 1.018e+00 1 0))
|    ( WDBNDRY_S 0 2.113e+02 5.852e+01 1.497e+01
|        ( QUESTION0_0_R 1 1.014e+02 3.363e+01 9.001e+00
|            ( QUESTION4 1 3.685e+01 1.905e+01 5.000e+00
|                ( - 5.654e+00 1 0)
|                ( - 1.215e+01 1 0))
|            ( QUESTION0_12_R 1 3.088e+01 1.311e+01 4.001e+00
|                ( - 3.608e-01 1 0)
|                ( - 1.741e+01 1 0)))
|        ( QUESTION0_2_R 1 5.137e+01 2.231e+01 5.966e+00
|            ( - 1.808e+01 1 0)
|            ( - 1.098e+01 2 0 WDBNDRY_B 0 8.291e+00 2.000e+00))))
s>    ( QUESTION0 1 5.358e+02 1.090e+02 3.094e+01
s>        ( WDBNDRY_B 0 2.156e+02 1.635e+01 1.597e+01
s>            ( - 1.982e+02 3 0)
s>            ( - 1.018e+00 1 0))
s>        ( WDBNDRY_S 0 2.113e+02 5.852e+01 1.497e+01
s>            ( QUESTION0_0_R 1 1.014e+02 3.363e+01 9.001e+00
s>                ( QUESTION4 1 3.685e+01 1.905e+01 5.000e+00
s>                    ( - 5.654e+00 1 0)
s>                    ( - 1.215e+01 1 0))
s>                ( QUESTION0_12_R 1 3.088e+01 1.311e+01 4.001e+00
s>                    ( - 3.608e-01 1 0)
s>                    ( - 1.741e+01 1 0)))
s>            ( QUESTION0_2_R 1 5.137e+01 2.231e+01 5.966e+00
s>                ( - 1.808e+01 1 0)
s>                ( - 1.098e+01 2 0 WDBNDRY_B 0 8.291e+00 2.000e+00))))INFO: dtree.c(1478): Final simple tree
|( QUESTION2 -1 7.060e+02 1.143e+02 3.942e+01
|    ( QUESTION15 1 2.262e+02 5.425e+01 1.596e+01
|        ( WDBNDRY_B 0 7.183e+01 2.704e+01 7.002e+00
|            ( - 3.203e+01 2 0)
|            ( - 1.276e+01 1 0))
|        ( QUESTION2_14_L -1 1.001e+02 3.530e+01 8.960e+00
|            ( - 2.343e+01 1 0)
|            ( - 4.137e+01 3 0 QUESTION0_2_R 1 1.896e+01 4.960e+00)))
|    ( QUESTION0_1_R 1 3.655e+02 6.974e+01 2.345e+01
|        ( QUESTION4 -1 1.046e+02 2.904e+01 9.461e+00
|            ( - 4.456e+01 2 0 QUESTION0 1 1.928e+01 5.461e+00)
|            ( - 3.096e+01 1 0))
|        ( QUESTION2_0_L -1 1.912e+02 2.829e+01 1.399e+01
|            ( - 3.600e+00 1 0)
|            ( - 1.594e+02 4 0 QUESTION0_0_R 1 1.775e+01 1.200e+01))))
s>    ( QUESTION2 -1 7.060e+02 1.143e+02 3.942e+01
s>        ( QUESTION15 1 2.262e+02 5.425e+01 1.596e+01
s>            ( WDBNDRY_B 0 7.183e+01 2.704e+01 7.002e+00
s>                ( - 3.203e+01 2 0)
s>                ( - 1.276e+01 1 0))
s>            ( QUESTION2_14_L -1 1.001e+02 3.530e+01 8.960e+00
s>                ( - 2.343e+01 1 0)
s>                ( - 4.137e+01 3 0 QUESTION0_2_R 1 1.896e+01 4.960e+00)))
s>        ( QUESTION0_1_R 1 3.655e+02 6.974e+01 2.345e+01
s>            ( QUESTION4 -1 1.046e+02 2.904e+01 9.461e+00
s>                ( - 4.456e+01 2 0 QUESTION0 1 1.928e+01 5.461e+00)
s>                ( - 3.096e+01 1 0))
s>            ( QUESTION2_0_L -1 1.912e+02 2.829e+01 1.399e+01
s>                ( - 3.600e+00 1 0)
s>                ( - 1.594e+02 4 0 QUESTION0_0_R 1 1.775e+01 1.200e+01))))INFO: dtree.c(1315): Comp split 15
INFO: dtree.c(1439): stop. leaf nodes are specific
INFO: dtree.c(1478): Final simple tree
|( WDBNDRY_B 0 7.028e+02 1.103e+02 4.100e+01
|    ( - 4.072e+02 5 0)
|    ( QUESTION6 1 1.853e+02 3.161e+01 1.502e+01
|        ( - 1.495e+01 1 0)
|        ( - 1.388e+02 3 0)))
s>    ( WDBNDRY_B 0 7.028e+02 1.103e+02 4.100e+01
s>        ( - 4.072e+02 5 0)
s>        ( QUESTION6 1 1.853e+02 3.161e+01 1.502e+01
s>            ( - 1.495e+01 1 0)
s>            ( - 1.388e+02 3 0)))INFO: dtree.c(1315): Comp split 16
INFO: dtree.c(1478): Final simple tree
|( QUESTION7 -1 6.545e+02 1.011e+02 4.349e+01
|    ( QUESTION16 -1 3.926e+02 7.088e+01 3.008e+01
|        ( QUESTION0_0_R 1 1.787e+02 4.521e+01 1.624e+01
|            ( QUESTION8 1 7.650e+01 1.276e+01 7.771e+00
|                ( - 2.554e+00 1 0)
|                ( - 6.119e+01 1 0))
|            ( - 5.699e+01 1 0))
|        ( QUESTION15 1 1.430e+02 4.344e+01 1.384e+01
|            ( - 4.417e+01 1 0)
|            ( QUESTION4 1 5.540e+01 2.204e+01 5.831e+00
|                ( - 1.552e+01 2 0 WDBNDRY_B 0 9.813e+00 2.434e+00)
|                ( - 1.784e+01 1 0))))
|    ( QUESTION4 -1 1.608e+02 3.949e+01 1.341e+01
|        ( - 3.834e+01 1 0)
|        ( - 8.296e+01 2 0)))
s>    ( QUESTION7 -1 6.545e+02 1.011e+02 4.349e+01
s>        ( QUESTION16 -1 3.926e+02 7.088e+01 3.008e+01
s>            ( QUESTION0_0_R 1 1.787e+02 4.521e+01 1.624e+01
s>                ( QUESTION8 1 7.650e+01 1.276e+01 7.771e+00
s>                    ( - 2.554e+00 1 0)
s>                    ( - 6.119e+01 1 0))
s>                ( - 5.699e+01 1 0))
s>            ( QUESTION15 1 1.430e+02 4.344e+01 1.384e+01
s>                ( - 4.417e+01 1 0)
s>                ( QUESTION4 1 5.540e+01 2.204e+01 5.831e+00
s>                    ( - 1.552e+01 2 0 WDBNDRY_B 0 9.813e+00 2.434e+00)
s>                    ( - 1.784e+01 1 0))))
s>        ( QUESTION4 -1 1.608e+02 3.949e+01 1.341e+01
s>            ( - 3.834e+01 1 0)
s>            ( - 8.296e+01 2 0)))INFO: dtree.c(1478): Final simple tree
|( QUESTION2_13_L -1 4.948e+02 9.649e+01 2.924e+01
|    ( WDBNDRY_B 0 1.794e+02 3.871e+01 1.291e+01
|        ( QUESTION0_0_R 1 2.867e+01 1.225e+01 3.038e+00
|            ( - 1.481e+01 1 0)
|            ( - 1.607e+00 1 0))
|        ( - 1.120e+02 1 0))
|    ( SILENCE -1 2.189e+02 5.672e+01 1.633e+01
|        ( - 1.952e+01 1 0)
|        ( WDBNDRY_B 0 1.426e+02 3.629e+01 1.147e+01
|            ( QUESTION0_0_R 1 7.812e+01 1.449e+01 7.481e+00
|                ( - 5.967e+01 3 0)
|                ( - 3.959e+00 1 0))
|            ( WDBNDRY_S 0 2.821e+01 1.298e+01 3.984e+00
|                ( - 1.083e+00 1 0)
|                ( - 1.415e+01 1 0)))))
s>    ( QUESTION2_13_L -1 4.948e+02 9.649e+01 2.924e+01
s>        ( WDBNDRY_B 0 1.794e+02 3.871e+01 1.291e+01
s>            ( QUESTION0_0_R 1 2.867e+01 1.225e+01 3.038e+00
s>                ( - 1.481e+01 1 0)
s>                ( - 1.607e+00 1 0))
s>            ( - 1.120e+02 1 0))
s>        ( SILENCE -1 2.189e+02 5.672e+01 1.633e+01
s>            ( - 1.952e+01 1 0)
s>            ( WDBNDRY_B 0 1.426e+02 3.629e+01 1.147e+01
s>                ( QUESTION0_0_R 1 7.812e+01 1.449e+01 7.481e+00
s>                    ( - 5.967e+01 3 0)
s>                    ( - 3.959e+00 1 0))
s>                ( WDBNDRY_S 0 2.821e+01 1.298e+01 3.984e+00
s>                    ( - 1.083e+00 1 0)
s>                    ( - 1.415e+01 1 0)))))INFO: dtree.c(1315): Comp split 17
INFO: dtree.c(1478): Final simple tree
|( QUESTION6 -1 4.970e+02 1.015e+02 2.870e+01
|    ( QUESTION0_6_R 1 1.973e+02 5.630e+01 1.504e+01
|        ( QUESTION0_7_R 1 5.831e+01 2.371e+01 7.004e+00
|            ( - 4.413e+00 1 0)
|            ( - 3.019e+01 1 0))
|        ( WDBNDRY_S 0 8.271e+01 3.040e+01 8.033e+00
|            ( - 1.576e+01 1 0)
|            ( - 3.654e+01 2 0 WDBNDRY_B 0 1.653e+01 5.033e+00)))
|    ( QUESTION0 1 1.982e+02 5.163e+01 1.367e+01
|        ( QUESTION0_3_R 1 8.500e+01 2.458e+01 6.665e+00
|            ( - 1.644e+01 2 0 QUESTION2_9_L -1 1.045e+01 2.664e+00)
|            ( - 4.398e+01 3 0 QUESTION0_1_R 1 1.574e+01 4.000e+00))
|        ( QUESTION0_0_R 1 6.156e+01 2.373e+01 7.002e+00
|            ( - 1.304e+01 1 0)
|            ( - 2.479e+01 1 0))))
s>    ( QUESTION6 -1 4.970e+02 1.015e+02 2.870e+01
s>        ( QUESTION0_6_R 1 1.973e+02 5.630e+01 1.504e+01
s>            ( QUESTION0_7_R 1 5.831e+01 2.371e+01 7.004e+00
s>                ( - 4.413e+00 1 0)
s>                ( - 3.019e+01 1 0))
s>            ( WDBNDRY_S 0 8.271e+01 3.040e+01 8.033e+00
s>                ( - 1.576e+01 1 0)
s>                ( - 3.654e+01 2 0 WDBNDRY_B 0 1.653e+01 5.033e+00)))
s>        ( QUESTION0 1 1.982e+02 5.163e+01 1.367e+01
s>            ( QUESTION0_3_R 1 8.500e+01 2.458e+01 6.665e+00
s>                ( - 1.644e+01 2 0 QUESTION2_9_L -1 1.045e+01 2.664e+00)
s>                ( - 4.398e+01 3 0 QUESTION0_1_R 1 1.574e+01 4.000e+00))
s>            ( QUESTION0_0_R 1 6.156e+01 2.373e+01 7.002e+00
s>                ( - 1.304e+01 1 0)
s>                ( - 2.479e+01 1 0))))INFO: dtree.c(1478): Final simple tree
|( QUESTION2_6_L -1 5.640e+02 1.033e+02 3.595e+01
|    ( QUESTION3 1 2.690e+02 5.837e+01 2.095e+01
|        ( QUESTION0_0_R 1 9.129e+01 3.238e+01 8.993e+00
|            ( - 2.222e+01 1 0)
|            ( - 3.668e+01 1 0))
|        ( WDBNDRY_B 0 1.193e+02 2.550e+01 1.196e+01
|            ( - 8.986e+01 2 0)
|            ( - 3.975e+00 1 0)))
|    ( QUESTION0_14_R 1 1.918e+02 4.575e+01 1.500e+01
|        ( - 5.196e+01 2 0 WDBNDRY_B 0 1.670e+01 7.000e+00)
|        ( QUESTION7 -1 9.406e+01 3.133e+01 8.000e+00
|            ( - 1.568e+01 1 0)
|            ( QUESTION0_16_R 1 4.705e+01 1.943e+01 5.000e+00
|                ( - 1.040e+01 1 0)
|                ( - 1.722e+01 2 0 WDBNDRY_B 0 9.419e+00 3.000e+00)))))
s>    ( QUESTION2_6_L -1 5.640e+02 1.033e+02 3.595e+01
s>        ( QUESTION3 1 2.690e+02 5.837e+01 2.095e+01
s>            ( QUESTION0_0_R 1 9.129e+01 3.238e+01 8.993e+00
s>                ( - 2.222e+01 1 0)
s>                ( - 3.668e+01 1 0))
s>            ( WDBNDRY_B 0 1.193e+02 2.550e+01 1.196e+01
s>                ( - 8.986e+01 2 0)
s>                ( - 3.975e+00 1 0)))
s>        ( QUESTION0_14_R 1 1.918e+02 4.575e+01 1.500e+01
s>            ( - 5.196e+01 2 0 WDBNDRY_B 0 1.670e+01 7.000e+00)
s>            ( QUESTION7 -1 9.406e+01 3.133e+01 8.000e+00
s>                ( - 1.568e+01 1 0)
s>                ( QUESTION0_16_R 1 4.705e+01 1.943e+01 5.000e+00
s>                    ( - 1.040e+01 1 0)
s>                    ( - 1.722e+01 2 0 WDBNDRY_B 0 9.419e+00 3.000e+00)))))INFO: dtree.c(1315): Comp split 18
INFO: dtree.c(1439): stop. leaf nodes are specific
INFO: dtree.c(1478): Final simple tree
|( QUESTION0_17_R 1 6.878e+02 9.316e+01 4.069e+01
|    ( QUESTION0_19_R 1 2.878e+02 5.490e+01 1.900e+01
|        ( WDBNDRY_S 0 1.471e+02 3.009e+01 1.101e+01
|            ( - 1.963e+01 1 0)
|            ( - 9.736e+01 3 0))
|        ( QUESTION0_18_R 1 8.579e+01 2.160e+01 7.994e+00
|            ( - 9.410e+00 1 0)
|            ( - 5.478e+01 2 0)))
|    ( QUESTION0_12_R 1 3.069e+02 4.088e+01 2.169e+01
|        ( - 1.572e+01 2 0)
|        ( - 2.503e+02 5 0)))
s>    ( QUESTION0_17_R 1 6.878e+02 9.316e+01 4.069e+01
s>        ( QUESTION0_19_R 1 2.878e+02 5.490e+01 1.900e+01
s>            ( WDBNDRY_S 0 1.471e+02 3.009e+01 1.101e+01
s>                ( - 1.963e+01 1 0)
s>                ( - 9.736e+01 3 0))
s>            ( QUESTION0_18_R 1 8.579e+01 2.160e+01 7.994e+00
s>                ( - 9.410e+00 1 0)
s>                ( - 5.478e+01 2 0)))
s>        ( QUESTION0_12_R 1 3.069e+02 4.088e+01 2.169e+01
s>            ( - 1.572e+01 2 0)
s>            ( - 2.503e+02 5 0)))INFO: dtree.c(1439): stop. leaf nodes are specific
INFO: dtree.c(1478): Final simple tree
|( WDBNDRY_E 0 9.229e+02 1.148e+02 5.241e+01
|    ( QUESTION0_17_R 1 4.562e+02 7.679e+01 2.942e+01
|        ( QUESTION0_18_R 1 2.509e+02 2.577e+01 1.842e+01
|            ( - 1.028e+01 1 0)
|            ( - 2.148e+02 4 0))
|        ( QUESTION0_12_R 1 1.285e+02 3.068e+01 1.100e+01
|            ( - 1.543e+01 2 0)
|            ( - 8.244e+01 2 0)))
|    ( QUESTION0_17_R 1 3.519e+02 5.885e+01 2.299e+01
|        ( - 1.371e+02 4 0)
|        ( QUESTION0_12_R 1 1.560e+02 2.938e+01 1.200e+01
|            ( - 2.007e+01 2 0)
|            ( - 1.065e+02 4 0))))
s>    ( WDBNDRY_E 0 9.229e+02 1.148e+02 5.241e+01
s>        ( QUESTION0_17_R 1 4.562e+02 7.679e+01 2.942e+01
s>            ( QUESTION0_18_R 1 2.509e+02 2.577e+01 1.842e+01
s>                ( - 1.028e+01 1 0)
s>                ( - 2.148e+02 4 0))
s>            ( QUESTION0_12_R 1 1.285e+02 3.068e+01 1.100e+01
s>                ( - 1.543e+01 2 0)
s>                ( - 8.244e+01 2 0)))
s>        ( QUESTION0_17_R 1 3.519e+02 5.885e+01 2.299e+01
s>            ( - 1.371e+02 4 0)
s>            ( QUESTION0_12_R 1 1.560e+02 2.938e+01 1.200e+01
s>                ( - 2.007e+01 2 0)
s>                ( - 1.065e+02 4 0))))INFO: dtree.c(1315): Comp split 19
INFO: dtree.c(1439): stop. leaf nodes are specific
INFO: dtree.c(1478): Final simple tree
|( WDBNDRY_B 0 4.968e+02 4.575e+01 3.108e+01
|    ( - 4.397e+02 5 0)
|    ( - 1.131e+01 1 0))
s>    ( WDBNDRY_B 0 4.968e+02 4.575e+01 3.108e+01
s>        ( - 4.397e+02 5 0)
s>        ( - 1.131e+01 1 0))INFO: dtree.c(1439): stop. leaf nodes are specific
INFO: dtree.c(1478): Final simple tree
|( QUESTION0_0_R 1 9.585e+02 1.352e+02 5.495e+01
|    ( WDBNDRY_B 0 5.442e+02 6.516e+01 3.490e+01
|        ( - 3.601e+02 3 0)
|        ( QUESTION16 1 1.189e+02 3.540e+01 9.997e+00
|            ( - 3.086e+01 1 0)
|            ( - 5.267e+01 2 0)))
|    ( - 2.792e+02 5 0))
s>    ( QUESTION0_0_R 1 9.585e+02 1.352e+02 5.495e+01
s>        ( WDBNDRY_B 0 5.442e+02 6.516e+01 3.490e+01
s>            ( - 3.601e+02 3 0)
s>            ( QUESTION16 1 1.189e+02 3.540e+01 9.997e+00
s>                ( - 3.086e+01 1 0)
s>                ( - 5.267e+01 2 0)))
s>        ( - 2.792e+02 5 0))INFO: dtree.c(1315): Comp split 20
INFO: dtree.c(1439): stop. leaf nodes are specific
INFO: dtree.c(1478): Final simple tree
|( QUESTION0_2_R 1 4.995e+02 8.895e+01 3.196e+01
|    ( WDBNDRY_B 0 2.753e+02 6.124e+01 2.068e+01
|        ( QUESTION16 -1 1.118e+02 2.932e+01 1.073e+01
|            ( - 1.339e+01 1 0)
|            ( - 6.913e+01 1 0))
|        ( - 1.022e+02 1 0))
|    ( QUESTION0_0_R 1 1.352e+02 2.866e+01 1.128e+01
|        ( - 9.928e+01 2 0)
|        ( - 7.295e+00 1 0)))
s>    ( QUESTION0_2_R 1 4.995e+02 8.895e+01 3.196e+01
s>        ( WDBNDRY_B 0 2.753e+02 6.124e+01 2.068e+01
s>            ( QUESTION16 -1 1.118e+02 2.932e+01 1.073e+01
s>                ( - 1.339e+01 1 0)
s>                ( - 6.913e+01 1 0))
s>            ( - 1.022e+02 1 0))
s>        ( QUESTION0_0_R 1 1.352e+02 2.866e+01 1.128e+01
s>            ( - 9.928e+01 2 0)
s>            ( - 7.295e+00 1 0)))INFO: dtree.c(1439): stop. leaf nodes are specific
INFO: dtree.c(1478): Final simple tree
|( WDBNDRY_B 0 8.429e+02 1.204e+02 4.852e+01
|    ( QUESTION0_0_R 1 3.875e+02 4.605e+01 2.565e+01
|        ( - 3.062e+02 3 0)
|        ( - 3.524e+01 1 0))
|    ( - 3.350e+02 2 0))
s>    ( WDBNDRY_B 0 8.429e+02 1.204e+02 4.852e+01
s>        ( QUESTION0_0_R 1 3.875e+02 4.605e+01 2.565e+01
s>            ( - 3.062e+02 3 0)
s>            ( - 3.524e+01 1 0))
s>        ( - 3.350e+02 2 0))INFO: dtree.c(1315): Comp split 21
INFO: dtree.c(1439): stop. leaf nodes are specific
INFO: dtree.c(1478): Final simple tree
|( WDBNDRY_B 0 7.902e+02 1.097e+02 5.309e+01
|    ( - 3.843e+02 4 0)
|    ( - 2.962e+02 3 0))
s>    ( WDBNDRY_B 0 7.902e+02 1.097e+02 5.309e+01
s>        ( - 3.843e+02 4 0)
s>        ( - 2.962e+02 3 0))INFO: dtree.c(1439): stop. leaf nodes are specific
INFO: dtree.c(1478): Final simple tree
|( QUESTION0_0_R 1 7.537e+02 9.361e+01 4.437e+01
|    ( - 1.119e+02 3 0)
|    ( - 5.482e+02 9 0))
s>    ( QUESTION0_0_R 1 7.537e+02 9.361e+01 4.437e+01
s>        ( - 1.119e+02 3 0)
s>        ( - 5.482e+02 9 0))INFO: dtree.c(1315): Comp split 22
INFO: dtree.c(1315): Comp split 23
INFO: dtree.c(1439): stop. leaf nodes are specific
INFO: dtree.c(1478): Final simple tree
|( QUESTION8 1 4.768e+02 9.047e+01 3.234e+01
|    ( WDBNDRY_E 0 2.278e+02 3.782e+01 1.756e+01
|        ( - 1.014e+01 1 0)
|        ( QUESTION0_1_R 1 1.799e+02 3.696e+01 1.456e+01
|            ( - 1.236e+02 2 0)
|            ( - 1.936e+01 1 0)))
|    ( QUESTION4 1 1.585e+02 4.091e+01 1.478e+01
|        ( - 3.558e+01 2 0)
|        ( WDBNDRY_E 0 8.201e+01 2.778e+01 9.821e+00
|            ( - 1.198e+01 1 0)
|            ( - 4.226e+01 1 0))))
s>    ( QUESTION8 1 4.768e+02 9.047e+01 3.234e+01
s>        ( WDBNDRY_E 0 2.278e+02 3.782e+01 1.756e+01
s>            ( - 1.014e+01 1 0)
s>            ( QUESTION0_1_R 1 1.799e+02 3.696e+01 1.456e+01
s>                ( - 1.236e+02 2 0)
s>                ( - 1.936e+01 1 0)))
s>        ( QUESTION4 1 1.585e+02 4.091e+01 1.478e+01
s>            ( - 3.558e+01 2 0)
s>            ( WDBNDRY_E 0 8.201e+01 2.778e+01 9.821e+00
s>                ( - 1.198e+01 1 0)
s>                ( - 4.226e+01 1 0))))INFO: dtree.c(1439): stop. leaf nodes are specific
INFO: dtree.c(1478): Final simple tree
|( QUESTION16 1 3.336e+02 4.616e+01 2.472e+01
|    ( - 3.251e+01 1 0)
|    ( - 2.549e+02 2 0))
s>    ( QUESTION16 1 3.336e+02 4.616e+01 2.472e+01
s>        ( - 3.251e+01 1 0)
s>        ( - 2.549e+02 2 0))INFO: dtree.c(1315): Comp split 24
INFO: dtree.c(1315): Comp split 25
INFO: dtree.c(1439): stop. leaf nodes are specific
INFO: dtree.c(1478): Final simple tree
|( QUESTION0_8_R 1 3.860e+02 7.906e+01 2.568e+01
|    ( WDBNDRY_B 0 1.230e+02 3.338e+01 1.130e+01
|        ( - 7.925e+01 2 0)
|        ( - 1.041e+01 1 0))
|    ( WDBNDRY_S 0 1.839e+02 5.406e+01 1.438e+01
|        ( - 5.861e+01 3 0)
|        ( QUESTION0_5_R 1 7.124e+01 2.536e+01 7.000e+00
|            ( - 2.857e+01 1 0)
|            ( WDBNDRY_E 0 1.730e+01 1.102e+01 3.000e+00
|                ( - 1.669e+00 1 0)
|                ( - 4.615e+00 1 0)))))
s>    ( QUESTION0_8_R 1 3.860e+02 7.906e+01 2.568e+01
s>        ( WDBNDRY_B 0 1.230e+02 3.338e+01 1.130e+01
s>            ( - 7.925e+01 2 0)
s>            ( - 1.041e+01 1 0))
s>        ( WDBNDRY_S 0 1.839e+02 5.406e+01 1.438e+01
s>            ( - 5.861e+01 3 0)
s>            ( QUESTION0_5_R 1 7.124e+01 2.536e+01 7.000e+00
s>                ( - 2.857e+01 1 0)
s>                ( WDBNDRY_E 0 1.730e+01 1.102e+01 3.000e+00
s>                    ( - 1.669e+00 1 0)
s>                    ( - 4.615e+00 1 0)))))INFO: dtree.c(1439): stop. leaf nodes are specific
INFO: dtree.c(1478): Final simple tree
|( QUESTION8 1 3.885e+02 7.429e+01 2.698e+01
|    ( QUESTION0_0_R 1 1.593e+02 2.777e+01 1.400e+01
|        ( - 1.115e+02 3 0)
|        ( - 2.002e+01 1 0))
|    ( WDBNDRY_B 0 1.549e+02 3.938e+01 1.298e+01
|        ( - 7.429e+01 3 0)
|        ( QUESTION0_0_R 1 4.124e+01 2.013e+01 5.976e+00
|            ( - 1.431e+01 1 0)
|            ( - 6.801e+00 1 0))))
s>    ( QUESTION8 1 3.885e+02 7.429e+01 2.698e+01
s>        ( QUESTION0_0_R 1 1.593e+02 2.777e+01 1.400e+01
s>            ( - 1.115e+02 3 0)
s>            ( - 2.002e+01 1 0))
s>        ( WDBNDRY_B 0 1.549e+02 3.938e+01 1.298e+01
s>            ( - 7.429e+01 3 0)
s>            ( QUESTION0_0_R 1 4.124e+01 2.013e+01 5.976e+00
s>                ( - 1.431e+01 1 0)
s>                ( - 6.801e+00 1 0))))INFO: dtree.c(1315): Comp split 26
INFO: dtree.c(1439): stop. leaf nodes are specific
INFO: dtree.c(1478): Final simple tree
|( QUESTION0_0_R 1 5.685e+02 5.855e+01 4.064e+01
|    ( - 4.681e+02 3 0)
|    ( - 4.185e+01 2 0))
s>    ( QUESTION0_0_R 1 5.685e+02 5.855e+01 4.064e+01
s>        ( - 4.681e+02 3 0)
s>        ( - 4.185e+01 2 0))INFO: dtree.c(1315): Comp split 27
INFO: dtree.c(1439): stop. leaf nodes are specific
INFO: dtree.c(1478): Final simple tree
|( QUESTION0_0_R 1 3.551e+02 4.501e+01 2.404e+01
|    ( - 3.086e+01 1 0)
|    ( - 2.792e+02 5 0))
s>    ( QUESTION0_0_R 1 3.551e+02 4.501e+01 2.404e+01
s>        ( - 3.086e+01 1 0)
s>        ( - 2.792e+02 5 0))INFO: dtree.c(1439): stop. leaf nodes are specific
INFO: dtree.c(1478): Final simple tree
|( WDBNDRY_B 0 4.674e+02 5.469e+01 3.091e+01
|    ( - 3.601e+02 3 0)
|    ( - 5.267e+01 2 0))
s>    ( WDBNDRY_B 0 4.674e+02 5.469e+01 3.091e+01
s>        ( - 3.601e+02 3 0)
s>        ( - 5.267e+01 2 0))INFO: dtree.c(1315): Comp split 28
INFO: dtree.c(1439): stop. leaf nodes are specific
INFO: dtree.c(1478): Final simple tree
|( QUESTION0_17_R 1 3.949e+02 6.429e+01 2.599e+01
|    ( - 1.371e+02 4 0)
|    ( QUESTION0_12_R 1 1.935e+02 3.743e+01 1.500e+01
|        ( WDBNDRY_E 0 4.957e+01 1.407e+01 6.000e+00
|            ( - 1.543e+01 2 0)
|            ( - 2.007e+01 2 0))
|        ( - 1.065e+02 4 0)))
s>    ( QUESTION0_17_R 1 3.949e+02 6.429e+01 2.599e+01
s>        ( - 1.371e+02 4 0)
s>        ( QUESTION0_12_R 1 1.935e+02 3.743e+01 1.500e+01
s>            ( WDBNDRY_E 0 4.957e+01 1.407e+01 6.000e+00
s>                ( - 1.543e+01 2 0)
s>                ( - 2.007e+01 2 0))
s>            ( - 1.065e+02 4 0)))INFO: dtree.c(1439): stop. leaf nodes are specific
INFO: dtree.c(1478): Final simple tree
|( QUESTION0_16_R 1 4.013e+02 6.803e+01 2.642e+01
|    ( - 8.244e+01 2 0)
|    ( QUESTION0_18_R 1 2.509e+02 2.577e+01 1.842e+01
|        ( - 1.028e+01 1 0)
|        ( - 2.148e+02 4 0)))
s>    ( QUESTION0_16_R 1 4.013e+02 6.803e+01 2.642e+01
s>        ( - 8.244e+01 2 0)
s>        ( QUESTION0_18_R 1 2.509e+02 2.577e+01 1.842e+01
s>            ( - 1.028e+01 1 0)
s>            ( - 2.148e+02 4 0)))INFO: dtree.c(1315): Comp split 29
INFO: dtree.c(1439): stop. leaf nodes are specific
INFO: dtree.c(1478): Final simple tree
|( QUESTION0 1 3.769e+02 6.351e+01 2.446e+01
|    ( QUESTION0_1_R 1 1.799e+02 3.206e+01 1.400e+01
|        ( - 9.074e+00 1 0)
|        ( - 1.388e+02 3 0))
|    ( QUESTION5 -1 1.335e+02 3.738e+01 1.046e+01
|        ( - 3.096e+01 1 0)
|        ( WDBNDRY_B 0 6.516e+01 2.130e+01 6.464e+00
|            ( QUESTION0_0_R 1 3.110e+01 1.207e+01 3.461e+00
|                ( - 1.621e+01 1 0)
|                ( - 2.827e+00 1 0))
|            ( - 1.276e+01 1 0))))
s>    ( QUESTION0 1 3.769e+02 6.351e+01 2.446e+01
s>        ( QUESTION0_1_R 1 1.799e+02 3.206e+01 1.400e+01
s>            ( - 9.074e+00 1 0)
s>            ( - 1.388e+02 3 0))
s>        ( QUESTION5 -1 1.335e+02 3.738e+01 1.046e+01
s>            ( - 3.096e+01 1 0)
s>            ( WDBNDRY_B 0 6.516e+01 2.130e+01 6.464e+00
s>                ( QUESTION0_0_R 1 3.110e+01 1.207e+01 3.461e+00
s>                    ( - 1.621e+01 1 0)
s>                    ( - 2.827e+00 1 0))
s>                ( - 1.276e+01 1 0))))INFO: dtree.c(1439): stop. leaf nodes are specific
INFO: dtree.c(1478): Final simple tree
|( QUESTION0_1_R 1 2.058e+02 5.481e+01 1.496e+01
|    ( WDBNDRY_B 0 9.902e+01 3.055e+01 9.000e+00
|        ( QUESTION8 1 4.503e+01 1.270e+01 5.000e+00
|            ( - 3.006e-01 1 0)
|            ( - 3.203e+01 2 0))
|        ( - 2.343e+01 1 0))
|    ( QUESTION0_4_R 1 5.193e+01 2.116e+01 5.956e+00
|        ( - 6.652e+00 1 0)
|        ( WDBNDRY_B 0 2.412e+01 1.361e+01 3.999e+00
|            ( - 3.600e+00 1 0)
|            ( - 6.909e+00 1 0))))
s>    ( QUESTION0_1_R 1 2.058e+02 5.481e+01 1.496e+01
s>        ( WDBNDRY_B 0 9.902e+01 3.055e+01 9.000e+00
s>            ( QUESTION8 1 4.503e+01 1.270e+01 5.000e+00
s>                ( - 3.006e-01 1 0)
s>                ( - 3.203e+01 2 0))
s>            ( - 2.343e+01 1 0))
s>        ( QUESTION0_4_R 1 5.193e+01 2.116e+01 5.956e+00
s>            ( - 6.652e+00 1 0)
s>            ( WDBNDRY_B 0 2.412e+01 1.361e+01 3.999e+00
s>                ( - 3.600e+00 1 0)
s>                ( - 6.909e+00 1 0))))INFO: dtree.c(1315): Comp split 30
INFO: dtree.c(1439): stop. leaf nodes are specific
INFO: dtree.c(1478): Final simple tree
|( WDBNDRY_B 0 4.138e+02 4.357e+01 2.843e+01
|    ( - 3.524e+01 1 0)
|    ( - 3.350e+02 2 0))
s>    ( WDBNDRY_B 0 4.138e+02 4.357e+01 2.843e+01
s>        ( - 3.524e+01 1 0)
s>        ( - 3.350e+02 2 0))INFO: dtree.c(1315): Comp split 31
INFO: dtree.c(1439): stop. leaf nodes are specific
INFO: dtree.c(1478): Final simple tree
|( QUESTION6 -1 2.551e+02 6.442e+01 1.757e+01
|    ( - 8.296e+01 2 0)
|    ( QUESTION4 1 1.077e+02 3.104e+01 9.205e+00
|        ( WDBNDRY_B 0 1.552e+01 9.813e+00 2.434e+00
|            ( - 2.806e+00 1 0)
|            ( - 2.900e+00 1 0))
|        ( - 6.119e+01 1 0)))
s>    ( QUESTION6 -1 2.551e+02 6.442e+01 1.757e+01
s>        ( - 8.296e+01 2 0)
s>        ( QUESTION4 1 1.077e+02 3.104e+01 9.205e+00
s>            ( WDBNDRY_B 0 1.552e+01 9.813e+00 2.434e+00
s>                ( - 2.806e+00 1 0)
s>                ( - 2.900e+00 1 0))
s>            ( - 6.119e+01 1 0)))INFO: dtree.c(1439): stop. leaf nodes are specific
INFO: dtree.c(1478): Final simple tree
|( WDBNDRY_B 0 2.833e+02 4.812e+01 2.591e+01
|    ( QUESTION16 -1 1.910e+02 4.008e+01 1.791e+01
|        ( QUESTION0_0_R 1 7.277e+01 1.323e+01 9.471e+00
|            ( - 2.554e+00 1 0)
|            ( - 5.699e+01 1 0))
|        ( QUESTION0_0_R 1 7.819e+01 2.202e+01 8.438e+00
|            ( - 1.784e+01 1 0)
|            ( - 3.834e+01 1 0)))
|    ( - 4.417e+01 1 0))
s>    ( WDBNDRY_B 0 2.833e+02 4.812e+01 2.591e+01
s>        ( QUESTION16 -1 1.910e+02 4.008e+01 1.791e+01
s>            ( QUESTION0_0_R 1 7.277e+01 1.323e+01 9.471e+00
s>                ( - 2.554e+00 1 0)
s>                ( - 5.699e+01 1 0))
s>            ( QUESTION0_0_R 1 7.819e+01 2.202e+01 8.438e+00
s>                ( - 1.784e+01 1 0)
s>                ( - 3.834e+01 1 0)))
s>        ( - 4.417e+01 1 0))INFO: dtree.c(1315): Comp split 32
INFO: dtree.c(1439): stop. leaf nodes are specific
INFO: dtree.c(1478): Final simple tree
|( QUESTION0_0_R 1 2.545e+02 5.348e+01 1.996e+01
|    ( QUESTION2_6_L -1 1.125e+02 2.058e+01 1.096e+01
|        ( - 8.986e+01 2 0)
|        ( - 2.069e+00 1 0))
|    ( WDBNDRY_B 0 8.852e+01 2.687e+01 9.000e+00
|        ( - 3.668e+01 1 0)
|        ( QUESTION0_12_R 1 2.496e+01 1.526e+01 4.000e+00
|            ( - 3.975e+00 1 0)
|            ( - 5.730e+00 1 0))))
s>    ( QUESTION0_0_R 1 2.545e+02 5.348e+01 1.996e+01
s>        ( QUESTION2_6_L -1 1.125e+02 2.058e+01 1.096e+01
s>            ( - 8.986e+01 2 0)
s>            ( - 2.069e+00 1 0))
s>        ( WDBNDRY_B 0 8.852e+01 2.687e+01 9.000e+00
s>            ( - 3.668e+01 1 0)
s>            ( QUESTION0_12_R 1 2.496e+01 1.526e+01 4.000e+00
s>                ( - 3.975e+00 1 0)
s>                ( - 5.730e+00 1 0))))INFO: dtree.c(1439): stop. leaf nodes are specific
INFO: dtree.c(1478): Final simple tree
|( QUESTION6 -1 1.952e+02 4.860e+01 1.599e+01
|    ( WDBNDRY_S 0 6.778e+01 2.371e+01 8.000e+00
|        ( - 1.040e+01 1 0)
|        ( - 3.366e+01 1 0))
|    ( QUESTION0_0_R 1 7.880e+01 2.554e+01 7.993e+00
|        ( - 2.222e+01 1 0)
|        ( WDBNDRY_B 0 3.104e+01 1.376e+01 4.000e+00
|            ( - 1.600e+00 1 0)
|            ( - 1.568e+01 1 0))))
s>    ( QUESTION6 -1 1.952e+02 4.860e+01 1.599e+01
s>        ( WDBNDRY_S 0 6.778e+01 2.371e+01 8.000e+00
s>            ( - 1.040e+01 1 0)
s>            ( - 3.366e+01 1 0))
s>        ( QUESTION0_0_R 1 7.880e+01 2.554e+01 7.993e+00
s>            ( - 2.222e+01 1 0)
s>            ( WDBNDRY_B 0 3.104e+01 1.376e+01 4.000e+00
s>                ( - 1.600e+00 1 0)
s>                ( - 1.568e+01 1 0))))INFO: dtree.c(1315): Comp split 33
INFO: dtree.c(1439): stop. leaf nodes are specific
INFO: dtree.c(1478): Final simple tree
|( QUESTION5 -1 1.429e+02 4.158e+01 1.100e+01
|    ( QUESTION4 1 3.685e+01 1.905e+01 5.000e+00
|        ( - 5.654e+00 1 0)
|        ( - 1.215e+01 1 0))
|    ( QUESTION0_13_R 1 6.446e+01 2.456e+01 6.001e+00
|        ( - 1.741e+01 1 0)
|        ( WDBNDRY_B 0 2.249e+01 1.135e+01 3.000e+00
|            ( - 2.496e+00 1 0)
|            ( WDBNDRY_S 0 8.641e+00 8.090e+00 2.000e+00
|                ( - 3.608e-01 1 0)
|                ( - 1.897e-01 1 0)))))
s>    ( QUESTION5 -1 1.429e+02 4.158e+01 1.100e+01
s>        ( QUESTION4 1 3.685e+01 1.905e+01 5.000e+00
s>            ( - 5.654e+00 1 0)
s>            ( - 1.215e+01 1 0))
s>        ( QUESTION0_13_R 1 6.446e+01 2.456e+01 6.001e+00
s>            ( - 1.741e+01 1 0)
s>            ( WDBNDRY_B 0 2.249e+01 1.135e+01 3.000e+00
s>                ( - 2.496e+00 1 0)
s>                ( WDBNDRY_S 0 8.641e+00 8.090e+00 2.000e+00
s>                    ( - 3.608e-01 1 0)
s>                    ( - 1.897e-01 1 0)))))INFO: dtree.c(1439): stop. leaf nodes are specific
INFO: dtree.c(1478): Final simple tree
|( QUESTION0_3_R 1 2.811e+02 4.903e+01 1.994e+01
|    ( - 1.982e+02 3 0)
|    ( WDBNDRY_B 0 3.386e+01 1.477e+01 4.970e+00
|        ( - 1.808e+01 1 0)
|        ( - 1.018e+00 1 0)))
s>    ( QUESTION0_3_R 1 2.811e+02 4.903e+01 1.994e+01
s>        ( - 1.982e+02 3 0)
s>        ( WDBNDRY_B 0 3.386e+01 1.477e+01 4.970e+00
s>            ( - 1.808e+01 1 0)
s>            ( - 1.018e+00 1 0)))INFO: dtree.c(1315): Comp split 34
INFO: dtree.c(1439): stop. leaf nodes are specific
INFO: dtree.c(1478): Final simple tree
|( QUESTION6 1 1.853e+02 3.161e+01 1.502e+01
|    ( - 1.495e+01 1 0)
|    ( - 1.388e+02 3 0))
s>    ( QUESTION6 1 1.853e+02 3.161e+01 1.502e+01
s>        ( - 1.495e+01 1 0)
s>        ( - 1.388e+02 3 0))INFO: dtree.c(1315): Comp split 35
INFO: dtree.c(1315): Comp split 36
INFO: dtree.c(1439): stop. leaf nodes are specific
INFO: dtree.c(1478): Final simple tree
|( QUESTION0_6_R 1 1.929e+02 4.920e+01 1.404e+01
|    ( - 3.019e+01 1 0)
|    ( QUESTION0_2_R 1 1.135e+02 3.323e+01 9.034e+00
|        ( QUESTION6 -1 4.706e+01 1.678e+01 5.032e+00
|            ( - 1.562e+01 1 0)
|            ( WDBNDRY_B 0 1.466e+01 7.993e+00 2.000e+00
|                ( - 2.669e+00 1 0)
|                ( - 3.997e+00 1 0)))
|        ( WDBNDRY_B 0 3.322e+01 1.525e+01 4.002e+00
|            ( - 1.358e+01 1 0)
|            ( - 4.391e+00 1 0))))
s>    ( QUESTION0_6_R 1 1.929e+02 4.920e+01 1.404e+01
s>        ( - 3.019e+01 1 0)
s>        ( QUESTION0_2_R 1 1.135e+02 3.323e+01 9.034e+00
s>            ( QUESTION6 -1 4.706e+01 1.678e+01 5.032e+00
s>                ( - 1.562e+01 1 0)
s>                ( WDBNDRY_B 0 1.466e+01 7.993e+00 2.000e+00
s>                    ( - 2.669e+00 1 0)
s>                    ( - 3.997e+00 1 0)))
s>            ( WDBNDRY_B 0 3.322e+01 1.525e+01 4.002e+00
s>                ( - 1.358e+01 1 0)
s>                ( - 4.391e+00 1 0))))INFO: dtree.c(1439): stop. leaf nodes are specific
INFO: dtree.c(1478): Final simple tree
|( QUESTION0_0_R 1 1.949e+02 5.264e+01 1.467e+01
|    ( WDBNDRY_B 0 1.175e+02 3.506e+01 9.666e+00
|        ( QUESTION0_3_R 1 3.930e+01 1.844e+01 4.664e+00
|            ( QUESTION2_9_L -1 1.644e+01 1.045e+01 2.664e+00
|                ( - 5.602e+00 1 0)
|                ( - 3.910e-01 1 0))
|            ( - 4.413e+00 1 0))
|        ( QUESTION0_1_R 1 4.317e+01 1.437e+01 5.002e+00
|            ( - 1.304e+01 1 0)
|            ( - 1.576e+01 1 0)))
|    ( - 2.479e+01 1 0))
s>    ( QUESTION0_0_R 1 1.949e+02 5.264e+01 1.467e+01
s>        ( WDBNDRY_B 0 1.175e+02 3.506e+01 9.666e+00
s>            ( QUESTION0_3_R 1 3.930e+01 1.844e+01 4.664e+00
s>                ( QUESTION2_9_L -1 1.644e+01 1.045e+01 2.664e+00
s>                    ( - 5.602e+00 1 0)
s>                    ( - 3.910e-01 1 0))
s>                ( - 4.413e+00 1 0))
s>            ( QUESTION0_1_R 1 4.317e+01 1.437e+01 5.002e+00
s>                ( - 1.304e+01 1 0)
s>                ( - 1.576e+01 1 0)))
s>        ( - 2.479e+01 1 0))INFO: dtree.c(1315): Comp split 37
INFO: dtree.c(1439): stop. leaf nodes are specific
INFO: dtree.c(1478): Final simple tree
|( WDBNDRY_B 0 2.261e+02 3.626e+01 1.589e+01
|    ( QUESTION0_0_R 1 2.867e+01 1.225e+01 3.038e+00
|        ( - 1.481e+01 1 0)
|        ( - 1.607e+00 1 0))
|    ( QUESTION2_12_L -1 1.611e+02 3.494e+01 1.285e+01
|        ( - 1.415e+01 1 0)
|        ( - 1.120e+02 1 0)))
s>    ( WDBNDRY_B 0 2.261e+02 3.626e+01 1.589e+01
s>        ( QUESTION0_0_R 1 2.867e+01 1.225e+01 3.038e+00
s>            ( - 1.481e+01 1 0)
s>            ( - 1.607e+00 1 0))
s>        ( QUESTION2_12_L -1 1.611e+02 3.494e+01 1.285e+01
s>            ( - 1.415e+01 1 0)
s>            ( - 1.120e+02 1 0)))INFO: dtree.c(1439): stop. leaf nodes are specific
INFO: dtree.c(1478): Final simple tree
|( SILENCE -1 1.637e+02 4.988e+01 1.335e+01
|    ( - 1.952e+01 1 0)
|    ( QUESTION0_3_R 1 9.430e+01 2.097e+01 8.481e+00
|        ( - 5.967e+01 3 0)
|        ( WDBNDRY_B 0 1.366e+01 8.621e+00 2.173e+00
|            ( - 3.959e+00 1 0)
|            ( - 1.083e+00 1 0))))
s>    ( SILENCE -1 1.637e+02 4.988e+01 1.335e+01
s>        ( - 1.952e+01 1 0)
s>        ( QUESTION0_3_R 1 9.430e+01 2.097e+01 8.481e+00
s>            ( - 5.967e+01 3 0)
s>            ( WDBNDRY_B 0 1.366e+01 8.621e+00 2.173e+00
s>                ( - 3.959e+00 1 0)
s>                ( - 1.083e+00 1 0))))INFO: dtree.c(1315): Comp split 38
INFO: dtree.c(1439): stop. leaf nodes are specific
INFO: dtree.c(1478): Final simple tree
|( QUESTION0_16_R 1 3.543e+02 4.922e+01 2.468e+01
|    ( - 2.503e+02 5 0)
|    ( - 5.478e+01 2 0))
s>    ( QUESTION0_16_R 1 3.543e+02 4.922e+01 2.468e+01
s>        ( - 2.503e+02 5 0)
s>        ( - 5.478e+01 2 0))INFO: dtree.c(1439): stop. leaf nodes are specific
INFO: dtree.c(1478): Final simple tree
|( QUESTION0_19_R 1 2.354e+02 4.589e+01 1.601e+01
|    ( WDBNDRY_S 0 1.471e+02 3.009e+01 1.101e+01
|        ( - 1.963e+01 1 0)
|        ( - 9.736e+01 3 0))
|    ( QUESTION0_12_R 1 4.244e+01 1.731e+01 4.999e+00
|        ( - 1.572e+01 2 0)
|        ( - 9.410e+00 1 0)))
s>    ( QUESTION0_19_R 1 2.354e+02 4.589e+01 1.601e+01
s>        ( WDBNDRY_S 0 1.471e+02 3.009e+01 1.101e+01
s>            ( - 1.963e+01 1 0)
s>            ( - 9.736e+01 3 0))
s>        ( QUESTION0_12_R 1 4.244e+01 1.731e+01 4.999e+00
s>            ( - 1.572e+01 2 0)
s>            ( - 9.410e+00 1 0)))INFO: dtree.c(1315): Comp split 39
INFO: dtree.c(1315): Comp split 40
INFO: dtree.c(1439): stop. leaf nodes are specific
INFO: dtree.c(1478): Final simple tree
|( QUESTION4 1 1.585e+02 4.091e+01 1.478e+01
|    ( - 3.558e+01 2 0)
|    ( WDBNDRY_E 0 8.201e+01 2.778e+01 9.821e+00
|        ( - 1.198e+01 1 0)
|        ( - 4.226e+01 1 0)))
s>    ( QUESTION4 1 1.585e+02 4.091e+01 1.478e+01
s>        ( - 3.558e+01 2 0)
s>        ( WDBNDRY_E 0 8.201e+01 2.778e+01 9.821e+00
s>            ( - 1.198e+01 1 0)
s>            ( - 4.226e+01 1 0)))INFO: dtree.c(1439): stop. leaf nodes are specific
INFO: dtree.c(1478): Final simple tree
|( WDBNDRY_E 0 2.278e+02 3.782e+01 1.756e+01
|    ( - 1.014e+01 1 0)
|    ( QUESTION0_1_R 1 1.799e+02 3.696e+01 1.456e+01
|        ( - 1.236e+02 2 0)
|        ( - 1.936e+01 1 0)))
s>    ( WDBNDRY_E 0 2.278e+02 3.782e+01 1.756e+01
s>        ( - 1.014e+01 1 0)
s>        ( QUESTION0_1_R 1 1.799e+02 3.696e+01 1.456e+01
s>            ( - 1.236e+02 2 0)
s>            ( - 1.936e+01 1 0)))INFO: dtree.c(1315): Comp split 41
INFO: dtree.c(1439): stop. leaf nodes are specific
INFO: dtree.c(1478): Final simple tree
|( WDBNDRY_S 0 1.310e+02 3.813e+01 1.238e+01
|    ( - 5.861e+01 3 0)
|    ( WDBNDRY_E 0 3.423e+01 1.921e+01 5.000e+00
|        ( - 1.041e+01 1 0)
|        ( - 4.615e+00 1 0)))
s>    ( WDBNDRY_S 0 1.310e+02 3.813e+01 1.238e+01
s>        ( - 5.861e+01 3 0)
s>        ( WDBNDRY_E 0 3.423e+01 1.921e+01 5.000e+00
s>            ( - 1.041e+01 1 0)
s>            ( - 4.615e+00 1 0)))INFO: dtree.c(1439): stop. leaf nodes are specific
INFO: dtree.c(1478): Final simple tree
|( WDBNDRY_B 0 1.652e+02 4.367e+01 1.330e+01
|    ( - 7.925e+01 2 0)
|    ( QUESTION0_5_R 1 4.224e+01 1.199e+01 5.000e+00
|        ( - 2.857e+01 1 0)
|        ( - 1.669e+00 1 0)))
s>    ( WDBNDRY_B 0 1.652e+02 4.367e+01 1.330e+01
s>        ( - 7.925e+01 2 0)
s>        ( QUESTION0_5_R 1 4.224e+01 1.199e+01 5.000e+00
s>            ( - 2.857e+01 1 0)
s>            ( - 1.669e+00 1 0)))INFO: dtree.c(1315): Comp split 42
INFO: dtree.c(1439): stop. leaf nodes are specific
INFO: dtree.c(1478): Final simple tree
|( QUESTION0_1_R 1 1.869e+02 4.768e+01 1.429e+01
|    ( - 9.928e+01 2 0)
|    ( QUESTION0_0_R 1 3.995e+01 1.926e+01 5.002e+00
|        ( - 1.339e+01 1 0)
|        ( - 7.295e+00 1 0)))
s>    ( QUESTION0_1_R 1 1.869e+02 4.768e+01 1.429e+01
s>        ( - 9.928e+01 2 0)
s>        ( QUESTION0_0_R 1 3.995e+01 1.926e+01 5.002e+00
s>            ( - 1.339e+01 1 0)
s>            ( - 7.295e+00 1 0)))INFO: dtree.c(1439): stop. leaf nodes are specific
INFO: dtree.c(1478): Final simple tree
|( WDBNDRY_B 0 2.230e+02 5.167e+01 1.767e+01
|    ( - 6.913e+01 1 0)
|    ( - 1.022e+02 1 0))
s>    ( WDBNDRY_B 0 2.230e+02 5.167e+01 1.767e+01
s>        ( - 6.913e+01 1 0)
s>        ( - 1.022e+02 1 0))INFO: dtree.c(1315): Comp split 43
INFO: dtree.c(1439): stop. leaf nodes are specific
INFO: dtree.c(1478): Final simple tree
|( WDBNDRY_B 0 1.549e+02 3.938e+01 1.298e+01
|    ( - 7.429e+01 3 0)
|    ( QUESTION0_0_R 1 4.124e+01 2.013e+01 5.976e+00
|        ( - 1.431e+01 1 0)
|        ( - 6.801e+00 1 0)))
s>    ( WDBNDRY_B 0 1.549e+02 3.938e+01 1.298e+01
s>        ( - 7.429e+01 3 0)
s>        ( QUESTION0_0_R 1 4.124e+01 2.013e+01 5.976e+00
s>            ( - 1.431e+01 1 0)
s>            ( - 6.801e+00 1 0)))INFO: dtree.c(1439): stop. leaf nodes are specific
INFO: dtree.c(1478): Final simple tree
|( QUESTION0_0_R 1 1.593e+02 2.777e+01 1.400e+01
|    ( - 1.115e+02 3 0)
|    ( - 2.002e+01 1 0))
s>    ( QUESTION0_0_R 1 1.593e+02 2.777e+01 1.400e+01
s>        ( - 1.115e+02 3 0)
s>        ( - 2.002e+01 1 0))INFO: dtree.c(1315): Comp split 44
INFO: dtree.c(1439): stop. leaf nodes are specific
INFO: dtree.c(1478): Final simple tree
|( QUESTION0_2_R 1 2.008e+02 3.661e+01 1.500e+01
|    ( - 1.388e+02 3 0)
|    ( WDBNDRY_B 0 2.543e+01 9.850e+00 4.003e+00
|        ( - 2.827e+00 1 0)
|        ( - 1.276e+01 1 0)))
s>    ( QUESTION0_2_R 1 2.008e+02 3.661e+01 1.500e+01
s>        ( - 1.388e+02 3 0)
s>        ( WDBNDRY_B 0 2.543e+01 9.850e+00 4.003e+00
s>            ( - 2.827e+00 1 0)
s>            ( - 1.276e+01 1 0)))INFO: dtree.c(1439): stop. leaf nodes are specific
INFO: dtree.c(1478): Final simple tree
|( QUESTION4 -1 1.046e+02 2.904e+01 9.461e+00
|    ( QUESTION0 1 4.456e+01 1.928e+01 5.461e+00
|        ( - 9.074e+00 1 0)
|        ( - 1.621e+01 1 0))
|    ( - 3.096e+01 1 0))
s>    ( QUESTION4 -1 1.046e+02 2.904e+01 9.461e+00
s>        ( QUESTION0 1 4.456e+01 1.928e+01 5.461e+00
s>            ( - 9.074e+00 1 0)
s>            ( - 1.621e+01 1 0))
s>        ( - 3.096e+01 1 0))INFO: dtree.c(1315): Comp split 45
INFO: dtree.c(1439): stop. leaf nodes are specific
INFO: dtree.c(1478): Final simple tree
|( QUESTION0_16_R 1 1.156e+02 2.285e+01 9.997e+00
|    ( - 8.244e+01 2 0)
|    ( - 1.028e+01 1 0))
s>    ( QUESTION0_16_R 1 1.156e+02 2.285e+01 9.997e+00
s>        ( - 8.244e+01 2 0)
s>        ( - 1.028e+01 1 0))INFO: dtree.c(1315): Comp split 46
INFO: dtree.c(1439): stop. leaf nodes are specific
INFO: dtree.c(1478): Final simple tree
|( QUESTION4 1 1.077e+02 3.104e+01 9.205e+00
|    ( WDBNDRY_B 0 1.552e+01 9.813e+00 2.434e+00
|        ( - 2.806e+00 1 0)
|        ( - 2.900e+00 1 0))
|    ( - 6.119e+01 1 0))
s>    ( QUESTION4 1 1.077e+02 3.104e+01 9.205e+00
s>        ( WDBNDRY_B 0 1.552e+01 9.813e+00 2.434e+00
s>            ( - 2.806e+00 1 0)
s>            ( - 2.900e+00 1 0))
s>        ( - 6.119e+01 1 0))INFO: dtree.c(1315): Comp split 47
INFO: dtree.c(1439): stop. leaf nodes are specific
INFO: dtree.c(1478): Final simple tree
|( QUESTION0_12_R 1 1.935e+02 3.743e+01 1.500e+01
|    ( WDBNDRY_E 0 4.957e+01 1.407e+01 6.000e+00
|        ( - 1.543e+01 2 0)
|        ( - 2.007e+01 2 0))
|    ( - 1.065e+02 4 0))
s>    ( QUESTION0_12_R 1 1.935e+02 3.743e+01 1.500e+01
s>        ( WDBNDRY_E 0 4.957e+01 1.407e+01 6.000e+00
s>            ( - 1.543e+01 2 0)
s>            ( - 2.007e+01 2 0))
s>        ( - 1.065e+02 4 0))INFO: dtree.c(1315): Comp split 48
INFO: dtree.c(1439): stop. leaf nodes are specific
INFO: dtree.c(1478): Final simple tree
|( WDBNDRY_B 0 1.193e+02 2.550e+01 1.196e+01
|    ( - 8.986e+01 2 0)
|    ( - 3.975e+00 1 0))
s>    ( WDBNDRY_B 0 1.193e+02 2.550e+01 1.196e+01
s>        ( - 8.986e+01 2 0)
s>        ( - 3.975e+00 1 0))INFO: dtree.c(1439): stop. leaf nodes are specific
INFO: dtree.c(1478): Final simple tree
|( QUESTION0_12_R 1 7.579e+01 2.189e+01 8.000e+00
|    ( - 3.668e+01 1 0)
|    ( WDBNDRY_B 0 1.722e+01 9.419e+00 3.000e+00
|        ( - 2.069e+00 1 0)
|        ( - 5.730e+00 1 0)))
s>    ( QUESTION0_12_R 1 7.579e+01 2.189e+01 8.000e+00
s>        ( - 3.668e+01 1 0)
s>        ( WDBNDRY_B 0 1.722e+01 9.419e+00 3.000e+00
s>            ( - 2.069e+00 1 0)
s>            ( - 5.730e+00 1 0)))INFO: dtree.c(1315): Comp split 49
INFO: dtree.c(1315): Comp split 50
INFO: dtree.c(1439): stop. leaf nodes are specific
INFO: dtree.c(1478): Final simple tree
|( QUESTION0_2_R 1 6.665e+01 2.498e+01 6.956e+00
|    ( QUESTION0_3_R 1 2.591e+01 1.566e+01 3.953e+00
|        ( - 3.600e+00 1 0)
|        ( - 6.652e+00 1 0))
|    ( WDBNDRY_B 0 1.576e+01 8.549e+00 3.003e+00
|        ( - 3.006e-01 1 0)
|        ( - 6.909e+00 1 0)))
s>    ( QUESTION0_2_R 1 6.665e+01 2.498e+01 6.956e+00
s>        ( QUESTION0_3_R 1 2.591e+01 1.566e+01 3.953e+00
s>            ( - 3.600e+00 1 0)
s>            ( - 6.652e+00 1 0))
s>        ( WDBNDRY_B 0 1.576e+01 8.549e+00 3.003e+00
s>            ( - 3.006e-01 1 0)
s>            ( - 6.909e+00 1 0)))INFO: dtree.c(1439): stop. leaf nodes are specific
INFO: dtree.c(1478): Final simple tree
|( WDBNDRY_B 0 8.213e+01 2.666e+01 8.000e+00
|    ( - 3.203e+01 2 0)
|    ( - 2.343e+01 1 0))
s>    ( WDBNDRY_B 0 8.213e+01 2.666e+01 8.000e+00
s>        ( - 3.203e+01 2 0)
s>        ( - 2.343e+01 1 0))INFO: dtree.c(1315): Comp split 51
INFO: dtree.c(1439): stop. leaf nodes are specific
INFO: dtree.c(1478): Final simple tree
|( WDBNDRY_B 0 8.575e+01 2.614e+01 7.666e+00
|    ( QUESTION2_9_L -1 1.644e+01 1.045e+01 2.664e+00
|        ( - 5.602e+00 1 0)
|        ( - 3.910e-01 1 0))
|    ( QUESTION0_1_R 1 4.317e+01 1.437e+01 5.002e+00
|        ( - 1.304e+01 1 0)
|        ( - 1.576e+01 1 0)))
s>    ( WDBNDRY_B 0 8.575e+01 2.614e+01 7.666e+00
s>        ( QUESTION2_9_L -1 1.644e+01 1.045e+01 2.664e+00
s>            ( - 5.602e+00 1 0)
s>            ( - 3.910e-01 1 0))
s>        ( QUESTION0_1_R 1 4.317e+01 1.437e+01 5.002e+00
s>            ( - 1.304e+01 1 0)
s>            ( - 1.576e+01 1 0)))INFO: dtree.c(1439): stop. leaf nodes are specific
INFO: dtree.c(1478): Final simple tree
|( WDBNDRY_B 0 5.275e+01 2.354e+01 7.000e+00
|    ( - 4.413e+00 1 0)
|    ( - 2.479e+01 1 0))
s>    ( WDBNDRY_B 0 5.275e+01 2.354e+01 7.000e+00
s>        ( - 4.413e+00 1 0)
s>        ( - 2.479e+01 1 0))INFO: dtree.c(1315): Comp split 52
INFO: dtree.c(1439): stop. leaf nodes are specific
INFO: dtree.c(1478): Final simple tree
|( WDBNDRY_E 0 4.828e+01 1.878e+01 6.000e+00
|    ( - 1.014e+01 1 0)
|    ( - 1.936e+01 1 0))
s>    ( WDBNDRY_E 0 4.828e+01 1.878e+01 6.000e+00
s>        ( - 1.014e+01 1 0)
s>        ( - 1.936e+01 1 0))INFO: dtree.c(1315): Comp split 53
INFO: dtree.c(1315): Comp split 54
INFO: dtree.c(1439): stop. leaf nodes are specific
INFO: dtree.c(1478): Final simple tree
|( QUESTION17 -1 9.573e+01 2.466e+01 9.438e+00
|    ( - 1.784e+01 1 0)
|    ( QUESTION0_0_R 1 5.323e+01 1.234e+01 6.042e+00
|        ( - 2.554e+00 1 0)
|        ( - 3.834e+01 1 0)))
s>    ( QUESTION17 -1 9.573e+01 2.466e+01 9.438e+00
s>        ( - 1.784e+01 1 0)
s>        ( QUESTION0_0_R 1 5.323e+01 1.234e+01 6.042e+00
s>            ( - 2.554e+00 1 0)
s>            ( - 3.834e+01 1 0)))INFO: dtree.c(1439): stop. leaf nodes are specific
INFO: dtree.c(1478): Final simple tree
|( WDBNDRY_B 0 1.331e+02 3.192e+01 1.648e+01
|    ( - 5.699e+01 1 0)
|    ( - 4.417e+01 1 0))
s>    ( WDBNDRY_B 0 1.331e+02 3.192e+01 1.648e+01
s>        ( - 5.699e+01 1 0)
s>        ( - 4.417e+01 1 0))INFO: dtree.c(1315): Comp split 55
INFO: dtree.c(1439): stop. leaf nodes are specific
INFO: dtree.c(1478): Final simple tree
|( WDBNDRY_B 0 6.056e+01 1.774e+01 6.022e+00
|    ( QUESTION0_0_R 1 2.867e+01 1.225e+01 3.038e+00
|        ( - 1.481e+01 1 0)
|        ( - 1.607e+00 1 0))
|    ( - 1.415e+01 1 0))
s>    ( WDBNDRY_B 0 6.056e+01 1.774e+01 6.022e+00
s>        ( QUESTION0_0_R 1 2.867e+01 1.225e+01 3.038e+00
s>            ( - 1.481e+01 1 0)
s>            ( - 1.607e+00 1 0))
s>        ( - 1.415e+01 1 0))INFO: dtree.c(1315): Comp split 56
INFO: dtree.c(1439): stop. leaf nodes are specific
INFO: dtree.c(1478): Final simple tree
|( WDBNDRY_B 0 5.207e+01 1.906e+01 6.033e+00
|    ( QUESTION6 -1 2.862e+01 1.033e+01 4.032e+00
|        ( - 1.562e+01 1 0)
|        ( - 2.669e+00 1 0))
|    ( - 4.391e+00 1 0))
s>    ( WDBNDRY_B 0 5.207e+01 1.906e+01 6.033e+00
s>        ( QUESTION6 -1 2.862e+01 1.033e+01 4.032e+00
s>            ( - 1.562e+01 1 0)
s>            ( - 2.669e+00 1 0))
s>        ( - 4.391e+00 1 0))INFO: dtree.c(1439): stop. leaf nodes are specific
INFO: dtree.c(1478): Final simple tree
|( QUESTION0_6_R 1 8.759e+01 2.932e+01 8.004e+00
|    ( - 3.019e+01 1 0)
|    ( WDBNDRY_B 0 2.809e+01 1.051e+01 3.000e+00
|        ( - 1.358e+01 1 0)
|        ( - 3.997e+00 1 0)))
s>    ( QUESTION0_6_R 1 8.759e+01 2.932e+01 8.004e+00
s>        ( - 3.019e+01 1 0)
s>        ( WDBNDRY_B 0 2.809e+01 1.051e+01 3.000e+00
s>            ( - 1.358e+01 1 0)
s>            ( - 3.997e+00 1 0)))INFO: dtree.c(1315): Comp split 57
INFO: dtree.c(1315): Comp split 58
INFO: dtree.c(1439): stop. leaf nodes are specific
INFO: dtree.c(1478): Final simple tree
|( WDBNDRY_S 0 7.038e+01 2.104e+01 9.000e+00
|    ( - 1.568e+01 1 0)
|    ( - 3.366e+01 1 0))
s>    ( WDBNDRY_S 0 7.038e+01 2.104e+01 9.000e+00
s>        ( - 1.568e+01 1 0)
s>        ( - 3.366e+01 1 0))INFO: dtree.c(1439): stop. leaf nodes are specific
INFO: dtree.c(1478): Final simple tree
|( QUESTION0_0_R 1 7.390e+01 2.808e+01 6.993e+00
|    ( - 2.222e+01 1 0)
|    ( WDBNDRY_B 0 2.361e+01 1.160e+01 3.000e+00
|        ( - 1.600e+00 1 0)
|        ( - 1.040e+01 1 0)))
s>    ( QUESTION0_0_R 1 7.390e+01 2.808e+01 6.993e+00
s>        ( - 2.222e+01 1 0)
s>        ( WDBNDRY_B 0 2.361e+01 1.160e+01 3.000e+00
s>            ( - 1.600e+00 1 0)
s>            ( - 1.040e+01 1 0)))INFO: dtree.c(1315): Comp split 59
INFO: dtree.c(1439): stop. leaf nodes are specific
INFO: dtree.c(1478): Final simple tree
|( QUESTION0_3_R 1 9.430e+01 2.097e+01 8.481e+00
|    ( - 5.967e+01 3 0)
|    ( WDBNDRY_B 0 1.366e+01 8.621e+00 2.173e+00
|        ( - 3.959e+00 1 0)
|        ( - 1.083e+00 1 0)))
s>    ( QUESTION0_3_R 1 9.430e+01 2.097e+01 8.481e+00
s>        ( - 5.967e+01 3 0)
s>        ( WDBNDRY_B 0 1.366e+01 8.621e+00 2.173e+00
s>            ( - 3.959e+00 1 0)
s>            ( - 1.083e+00 1 0)))INFO: dtree.c(1315): Comp split 60
INFO: dtree.c(1315): Comp split 61
INFO: dtree.c(1439): stop. leaf nodes are specific
INFO: dtree.c(1478): Final simple tree
|( WDBNDRY_B 0 3.386e+01 1.477e+01 4.970e+00
|    ( - 1.808e+01 1 0)
|    ( - 1.018e+00 1 0))
s>    ( WDBNDRY_B 0 3.386e+01 1.477e+01 4.970e+00
s>        ( - 1.808e+01 1 0)
s>        ( - 1.018e+00 1 0))INFO: dtree.c(1315): Comp split 62
INFO: dtree.c(1439): stop. leaf nodes are specific
INFO: dtree.c(1478): Final simple tree
|( QUESTION0_0_R 1 3.995e+01 1.926e+01 5.002e+00
|    ( - 1.339e+01 1 0)
|    ( - 7.295e+00 1 0))
s>    ( QUESTION0_0_R 1 3.995e+01 1.926e+01 5.002e+00
s>        ( - 1.339e+01 1 0)
s>        ( - 7.295e+00 1 0))INFO: dtree.c(1315): Comp split 63
INFO: dtree.c(1315): Comp split 64
INFO: dtree.c(1439): stop. leaf nodes are specific
INFO: dtree.c(1478): Final simple tree
|( WDBNDRY_S 0 9.204e+01 2.997e+01 7.988e+00
|    ( - 1.963e+01 1 0)
|    ( QUESTION0_12_R 1 4.244e+01 1.731e+01 4.999e+00
|        ( - 1.572e+01 2 0)
|        ( - 9.410e+00 1 0)))
s>    ( WDBNDRY_S 0 9.204e+01 2.997e+01 7.988e+00
s>        ( - 1.963e+01 1 0)
s>        ( QUESTION0_12_R 1 4.244e+01 1.731e+01 4.999e+00
s>            ( - 1.572e+01 2 0)
s>            ( - 9.410e+00 1 0)))INFO: dtree.c(1315): Comp split 65
INFO: dtree.c(1315): Comp split 66
INFO: dtree.c(1315): Comp split 67
INFO: dtree.c(1315): Comp split 68
INFO: dtree.c(1439): stop. leaf nodes are specific
INFO: dtree.c(1478): Final simple tree
|( QUESTION0_5_R 1 4.224e+01 1.199e+01 5.000e+00
|    ( - 2.857e+01 1 0)
|    ( - 1.669e+00 1 0))
s>    ( QUESTION0_5_R 1 4.224e+01 1.199e+01 5.000e+00
s>        ( - 2.857e+01 1 0)
s>        ( - 1.669e+00 1 0))INFO: dtree.c(1315): Comp split 69
INFO: dtree.c(1315): Comp split 70
INFO: dtree.c(1439): stop. leaf nodes are specific
INFO: dtree.c(1478): Final simple tree
|( WDBNDRY_S 0 4.703e+01 1.949e+01 5.000e+00
|    ( QUESTION0_0_R 1 1.656e+01 1.055e+01 3.000e+00
|        ( - 5.654e+00 1 0)
|        ( - 3.608e-01 1 0))
|    ( WDBNDRY_B 0 1.098e+01 8.291e+00 2.000e+00
|        ( - 2.496e+00 1 0)
|        ( - 1.897e-01 1 0)))
s>    ( WDBNDRY_S 0 4.703e+01 1.949e+01 5.000e+00
s>        ( QUESTION0_0_R 1 1.656e+01 1.055e+01 3.000e+00
s>            ( - 5.654e+00 1 0)
s>            ( - 3.608e-01 1 0))
s>        ( WDBNDRY_B 0 1.098e+01 8.291e+00 2.000e+00
s>            ( - 2.496e+00 1 0)
s>            ( - 1.897e-01 1 0)))INFO: dtree.c(1439): stop. leaf nodes are specific
INFO: dtree.c(1478): Final simple tree
|( QUESTION0_0_R 1 5.240e+01 2.283e+01 6.001e+00
|    ( - 1.215e+01 1 0)
|    ( - 1.741e+01 1 0))
s>    ( QUESTION0_0_R 1 5.240e+01 2.283e+01 6.001e+00
s>        ( - 1.215e+01 1 0)
s>        ( - 1.741e+01 1 0))INFO: dtree.c(1315): Comp split 71
INFO: dtree.c(1439): stop. leaf nodes are specific
INFO: dtree.c(1478): Final simple tree
|( WDBNDRY_E 0 8.201e+01 2.778e+01 9.821e+00
|    ( - 1.198e+01 1 0)
|    ( - 4.226e+01 1 0))
s>    ( WDBNDRY_E 0 8.201e+01 2.778e+01 9.821e+00
s>        ( - 1.198e+01 1 0)
s>        ( - 4.226e+01 1 0))INFO: dtree.c(1315): Comp split 72
INFO: dtree.c(1439): stop. leaf nodes are specific
INFO: dtree.c(1478): Final simple tree
|( QUESTION0_0_R 1 4.124e+01 2.013e+01 5.976e+00
|    ( - 1.431e+01 1 0)
|    ( - 6.801e+00 1 0))
s>    ( QUESTION0_0_R 1 4.124e+01 2.013e+01 5.976e+00
s>        ( - 1.431e+01 1 0)
s>        ( - 6.801e+00 1 0))INFO: dtree.c(1315): Comp split 73
INFO: dtree.c(1439): stop. leaf nodes are specific
INFO: dtree.c(1478): Final simple tree
|( WDBNDRY_E 0 3.423e+01 1.921e+01 5.000e+00
|    ( - 1.041e+01 1 0)
|    ( - 4.615e+00 1 0))
s>    ( WDBNDRY_E 0 3.423e+01 1.921e+01 5.000e+00
s>        ( - 1.041e+01 1 0)
s>        ( - 4.615e+00 1 0))INFO: dtree.c(1315): Comp split 74
INFO: dtree.c(1439): stop. leaf nodes are specific
INFO: dtree.c(1478): Final simple tree
|( WDBNDRY_E 0 4.957e+01 1.407e+01 6.000e+00
|    ( - 1.543e+01 2 0)
|    ( - 2.007e+01 2 0))
s>    ( WDBNDRY_E 0 4.957e+01 1.407e+01 6.000e+00
s>        ( - 1.543e+01 2 0)
s>        ( - 2.007e+01 2 0))INFO: dtree.c(1315): Comp split 75
INFO: dtree.c(1439): stop. leaf nodes are specific
INFO: dtree.c(1478): Final simple tree
|( WDBNDRY_B 0 2.543e+01 9.850e+00 4.003e+00
|    ( - 2.827e+00 1 0)
|    ( - 1.276e+01 1 0))
s>    ( WDBNDRY_B 0 2.543e+01 9.850e+00 4.003e+00
s>        ( - 2.827e+00 1 0)
s>        ( - 1.276e+01 1 0))INFO: dtree.c(1315): Comp split 76
INFO: dtree.c(1315): Comp split 77
INFO: dtree.c(1315): Comp split 78
INFO: dtree.c(1315): Comp split 79
INFO: dtree.c(1439): stop. leaf nodes are specific
INFO: dtree.c(1478): Final simple tree
|( WDBNDRY_B 0 1.552e+01 9.813e+00 2.434e+00
|    ( - 2.806e+00 1 0)
|    ( - 2.900e+00 1 0))
s>    ( WDBNDRY_B 0 1.552e+01 9.813e+00 2.434e+00
s>        ( - 2.806e+00 1 0)
s>        ( - 2.900e+00 1 0))INFO: dtree.c(1315): Comp split 80
INFO: dtree.c(1439): stop. leaf nodes are specific
INFO: dtree.c(1478): Final simple tree
|( QUESTION0_12_R 1 4.244e+01 1.731e+01 4.999e+00
|    ( - 1.572e+01 2 0)
|    ( - 9.410e+00 1 0))
s>    ( QUESTION0_12_R 1 4.244e+01 1.731e+01 4.999e+00
s>        ( - 1.572e+01 2 0)
s>        ( - 9.410e+00 1 0))INFO: dtree.c(1315): Comp split 81
INFO: dtree.c(1439): stop. leaf nodes are specific
INFO: dtree.c(1478): Final simple tree
|( WDBNDRY_B 0 2.809e+01 1.051e+01 3.000e+00
|    ( - 1.358e+01 1 0)
|    ( - 3.997e+00 1 0))
s>    ( WDBNDRY_B 0 2.809e+01 1.051e+01 3.000e+00
s>        ( - 1.358e+01 1 0)
s>        ( - 3.997e+00 1 0))INFO: dtree.c(1315): Comp split 82
INFO: dtree.c(1439): stop. leaf nodes are specific
INFO: dtree.c(1478): Final simple tree
|( QUESTION0 1 4.456e+01 1.928e+01 5.461e+00
|    ( - 9.074e+00 1 0)
|    ( - 1.621e+01 1 0))
s>    ( QUESTION0 1 4.456e+01 1.928e+01 5.461e+00
s>        ( - 9.074e+00 1 0)
s>        ( - 1.621e+01 1 0))INFO: dtree.c(1315): Comp split 83
INFO: dtree.c(1439): stop. leaf nodes are specific
INFO: dtree.c(1478): Final simple tree
|( WDBNDRY_B 0 2.361e+01 1.160e+01 3.000e+00
|    ( - 1.600e+00 1 0)
|    ( - 1.040e+01 1 0))
s>    ( WDBNDRY_B 0 2.361e+01 1.160e+01 3.000e+00
s>        ( - 1.600e+00 1 0)
s>        ( - 1.040e+01 1 0))INFO: dtree.c(1315): Comp split 84
INFO: dtree.c(1315): Comp split 85
INFO: dtree.c(1315): Comp split 86
INFO: dtree.c(1315): Comp split 87
INFO: dtree.c(1439): stop. leaf nodes are specific
INFO: dtree.c(1478): Final simple tree
|( QUESTION0_1_R 1 4.317e+01 1.437e+01 5.002e+00
|    ( - 1.304e+01 1 0)
|    ( - 1.576e+01 1 0))
s>    ( QUESTION0_1_R 1 4.317e+01 1.437e+01 5.002e+00
s>        ( - 1.304e+01 1 0)
s>        ( - 1.576e+01 1 0))INFO: dtree.c(1439): stop. leaf nodes are specific
INFO: dtree.c(1478): Final simple tree
|( QUESTION2_9_L -1 1.644e+01 1.045e+01 2.664e+00
|    ( - 5.602e+00 1 0)
|    ( - 3.910e-01 1 0))
s>    ( QUESTION2_9_L -1 1.644e+01 1.045e+01 2.664e+00
s>        ( - 5.602e+00 1 0)
s>        ( - 3.910e-01 1 0))INFO: dtree.c(1315): Comp split 88
INFO: dtree.c(1315): Comp split 89
INFO: dtree.c(1439): stop. leaf nodes are specific
INFO: dtree.c(1478): Final simple tree
|( WDBNDRY_B 0 1.576e+01 8.549e+00 3.003e+00
|    ( - 3.006e-01 1 0)
|    ( - 6.909e+00 1 0))
s>    ( WDBNDRY_B 0 1.576e+01 8.549e+00 3.003e+00
s>        ( - 3.006e-01 1 0)
s>        ( - 6.909e+00 1 0))INFO: dtree.c(1439): stop. leaf nodes are specific
INFO: dtree.c(1478): Final simple tree
|( QUESTION0_3_R 1 2.591e+01 1.566e+01 3.953e+00
|    ( - 3.600e+00 1 0)
|    ( - 6.652e+00 1 0))
s>    ( QUESTION0_3_R 1 2.591e+01 1.566e+01 3.953e+00
s>        ( - 3.600e+00 1 0)
s>        ( - 6.652e+00 1 0))INFO: dtree.c(1315): Comp split 90
INFO: dtree.c(1439): stop. leaf nodes are specific
INFO: dtree.c(1478): Final simple tree
|( QUESTION0_0_R 1 5.323e+01 1.234e+01 6.042e+00
|    ( - 2.554e+00 1 0)
|    ( - 3.834e+01 1 0))
s>    ( QUESTION0_0_R 1 5.323e+01 1.234e+01 6.042e+00
s>        ( - 2.554e+00 1 0)
s>        ( - 3.834e+01 1 0))INFO: dtree.c(1315): Comp split 91
INFO: dtree.c(1315): Comp split 92
INFO: dtree.c(1315): Comp split 93
INFO: dtree.c(1315): Comp split 94
INFO: dtree.c(1439): stop. leaf nodes are specific
INFO: dtree.c(1478): Final simple tree
|( WDBNDRY_B 0 1.722e+01 9.419e+00 3.000e+00
|    ( - 2.069e+00 1 0)
|    ( - 5.730e+00 1 0))
s>    ( WDBNDRY_B 0 1.722e+01 9.419e+00 3.000e+00
s>        ( - 2.069e+00 1 0)
s>        ( - 5.730e+00 1 0))INFO: dtree.c(1315): Comp split 95
INFO: dtree.c(1315): Comp split 96
INFO: dtree.c(1439): stop. leaf nodes are specific
INFO: dtree.c(1478): Final simple tree
|( WDBNDRY_B 0 1.366e+01 8.621e+00 2.173e+00
|    ( - 3.959e+00 1 0)
|    ( - 1.083e+00 1 0))
s>    ( WDBNDRY_B 0 1.366e+01 8.621e+00 2.173e+00
s>        ( - 3.959e+00 1 0)
s>        ( - 1.083e+00 1 0))INFO: dtree.c(1315): Comp split 97
INFO: dtree.c(1315): Comp split 98
INFO: dtree.c(1439): stop. leaf nodes are specific
INFO: dtree.c(1478): Final simple tree
|( WDBNDRY_B 0 1.098e+01 8.291e+00 2.000e+00
|    ( - 2.496e+00 1 0)
|    ( - 1.897e-01 1 0))
s>    ( WDBNDRY_B 0 1.098e+01 8.291e+00 2.000e+00
s>        ( - 2.496e+00 1 0)
s>        ( - 1.897e-01 1 0))INFO: dtree.c(1439): stop. leaf nodes are specific
INFO: dtree.c(1478): Final simple tree
|( QUESTION0_0_R 1 1.656e+01 1.055e+01 3.000e+00
|    ( - 5.654e+00 1 0)
|    ( - 3.608e-01 1 0))
s>    ( QUESTION0_0_R 1 1.656e+01 1.055e+01 3.000e+00
s>        ( - 5.654e+00 1 0)
s>        ( - 3.608e-01 1 0))INFO: dtree.c(1315): Comp split 99
INFO: dtree.c(1315): Comp split 100
INFO: dtree.c(1315): Comp split 101
INFO: dtree.c(1315): Comp split 102
INFO: dtree.c(1439): stop. leaf nodes are specific
INFO: dtree.c(1478): Final simple tree
|( QUESTION6 -1 2.862e+01 1.033e+01 4.032e+00
|    ( - 1.562e+01 1 0)
|    ( - 2.669e+00 1 0))
s>    ( QUESTION6 -1 2.862e+01 1.033e+01 4.032e+00
s>        ( - 1.562e+01 1 0)
s>        ( - 2.669e+00 1 0))INFO: dtree.c(1315): Comp split 103
INFO: dtree.c(1315): Comp split 104
INFO: dtree.c(1439): stop. leaf nodes are specific
INFO: dtree.c(1478): Final simple tree
|( WDBNDRY_B 0 2.759e+01 1.184e+01 3.984e+00
|    ( - 1.607e+00 1 0)
|    ( - 1.415e+01 1 0))
s>    ( WDBNDRY_B 0 2.759e+01 1.184e+01 3.984e+00
s>        ( - 1.607e+00 1 0)
s>        ( - 1.415e+01 1 0))INFO: dtree.c(1315): Comp split 105
INFO: dtree.c(1315): Comp split 106
INFO: dtree.c(1315): Comp split 107
INFO: dtree.c(1315): Comp split 108
INFO: dtree.c(1315): Comp split 109
INFO: dtree.c(1315): Comp split 110
INFO: dtree.c(1315): Comp split 111
INFO: dtree.c(1315): Comp split 112
INFO: dtree.c(1315): Comp split 113
INFO: dtree.c(1315): Comp split 114
INFO: dtree.c(1315): Comp split 115
INFO: dtree.c(1315): Comp split 116
INFO: dtree.c(1315): Comp split 117
INFO: dtree.c(1315): Comp split 118
INFO: dtree.c(1315): Comp split 119
INFO: dtree.c(1315): Comp split 120
INFO: dtree.c(1315): Comp split 121
INFO: dtree.c(1315): Comp split 122
INFO: dtree.c(1315): Comp split 123
INFO: dtree.c(1315): Comp split 124
INFO: dtree.c(1318): stop. leaf nodes are specific
!!!!!!!!Allocated 67 lines
Thu Apr  7 00:41:11 2016
