Current configuration:
[NAME]		[DEFLT]	[VALUE]
-allphones	no	no
-cntthresh	0.00001	1.000000e-05
-csplitmax	100	2000
-csplitmin	1	1
-csplitthr	8e-4	0.000000e+00
-example	no	no
-fullvar	no	no
-help		no	no
-meanfn			/home/yaroslav/model/model_parameters/ua.cd_cont_untied/means
-mixwfn			/home/yaroslav/model/model_parameters/ua.cd_cont_untied/mixture_weights
-moddeffn		/home/yaroslav/model/model_architecture/ua.untied.mdef
-mwfloor	1e-4	1.000000e-08
-phone			K
-psetfn			/home/yaroslav/model/model_architecture/ua.tree_questions
-ssplitmax	5	7
-ssplitmin	1	1
-ssplitthr	8e-4	0.000000e+00
-state			2
-stwt			1.0,0.05,0.0,
-treefn			/home/yaroslav/model/trees/ua.unpruned/K-2.dtree
-ts2cbfn	.semi.	.cont.
-varfloor	0.00001	1.000000e-05
-varfn			/home/yaroslav/model/model_parameters/ua.cd_cont_untied/variances

INFO: main.c(223): Reading: /home/yaroslav/model/model_architecture/ua.untied.mdef
INFO: model_def_io.c(573): Model definition info:
INFO: model_def_io.c(574): 8408 total models defined (50 base, 8358 tri)
INFO: model_def_io.c(575): 33632 total states
INFO: model_def_io.c(576): 25224 total tied states
INFO: model_def_io.c(577): 150 total tied CI states
INFO: model_def_io.c(578): 50 total tied transition matrices
INFO: model_def_io.c(579): 4 max state/model
INFO: model_def_io.c(580): 4 min state/model
INFO: main.c(242): Building trees for [K A A b] through [K ZZ Y i]
INFO: main.c(269): Covering states |[9114 10025]| == 912
INFO: main.c(275): Reading: /home/yaroslav/model/model_parameters/ua.cd_cont_untied/mixture_weights
INFO: s3mixw_io.c(173): Read /home/yaroslav/model/model_parameters/ua.cd_cont_untied/mixture_weights [912x1x1 array]
INFO: main.c(311): 304 of 304 models have observation count greater than 0.000010
INFO: main.c(95): nrm stwt: 0.000 0.048 0.952 
INFO: s3gau_io.c(169): Read /home/yaroslav/model/model_parameters/ua.cd_cont_untied/means [25224x1x1 array]
INFO: s3gau_io.c(169): Read /home/yaroslav/model/model_parameters/ua.cd_cont_untied/variances [25224x1x1 array]
INFO: main.c(549): Reading: /home/yaroslav/model/model_architecture/ua.tree_questions
INFO: main.c(588): 174 total simple questions (166 phone; 8 word bndry)
INFO: main.c(590): 42 Left Only questions, and 40 Right Only questions
INFO: dtree.c(1478): Final simple tree
|( QUESTION0 1 -1.018e+06 1.970e+03 4.858e+03
|    ( QUESTION0 -1 -7.381e+05 6.716e+02 3.526e+03
|        ( - -3.590e+05 67 0 QUESTION0_0_R 1 3.682e+02 1.710e+03)
|        ( - -3.785e+05 114 0 QUESTION10 -1 3.810e+02 1.816e+03))
|    ( QUESTION0_9_R 1 -2.777e+05 1.254e+03 1.332e+03
|        ( - -6.432e+04 23 0 QUESTION0 -1 2.843e+02 3.104e+02)
|        ( QUESTION0_12_R 1 -2.122e+05 1.035e+03 1.021e+03
|            ( QUESTION0_13_R 1 -1.005e+05 5.019e+02 4.854e+02
|                ( QUESTION13 -1 -6.704e+04 4.647e+02 3.244e+02
|                    ( - 2.422e+02 1 0)
|                    ( - -6.681e+04 47 0 WDBNDRY_B 0 2.507e+02 3.234e+02))
|                ( QUESTION4 1 -3.299e+04 4.465e+02 1.610e+02
|                    ( - 2.418e+02 1 0)
|                    ( - -3.279e+04 13 0 QUESTION0_15_R 1 3.294e+02 1.600e+02)))
|            ( - -1.106e+05 38 0 QUESTION0_11_R 1 4.435e+02 5.360e+02))))
s>    ( QUESTION0 1 -1.018e+06 1.970e+03 4.858e+03
s>        ( QUESTION0 -1 -7.381e+05 6.716e+02 3.526e+03
s>            ( - -3.590e+05 67 0 QUESTION0_0_R 1 3.682e+02 1.710e+03)
s>            ( - -3.785e+05 114 0 QUESTION10 -1 3.810e+02 1.816e+03))
s>        ( QUESTION0_9_R 1 -2.777e+05 1.254e+03 1.332e+03
s>            ( - -6.432e+04 23 0 QUESTION0 -1 2.843e+02 3.104e+02)
s>            ( QUESTION0_12_R 1 -2.122e+05 1.035e+03 1.021e+03
s>                ( QUESTION0_13_R 1 -1.005e+05 5.019e+02 4.854e+02
s>                    ( QUESTION13 -1 -6.704e+04 4.647e+02 3.244e+02
s>                        ( - 2.422e+02 1 0)
s>                        ( - -6.681e+04 47 0 WDBNDRY_B 0 2.507e+02 3.234e+02))
s>                    ( QUESTION4 1 -3.299e+04 4.465e+02 1.610e+02
s>                        ( - 2.418e+02 1 0)
s>                        ( - -3.279e+04 13 0 QUESTION0_15_R 1 3.294e+02 1.600e+02)))
s>                ( - -1.106e+05 38 0 QUESTION0_11_R 1 4.435e+02 5.360e+02))))INFO: dtree.c(1315): Comp split 0
INFO: dtree.c(1478): Final simple tree
|( QUESTION0_12_R 1 -2.122e+05 1.035e+03 1.021e+03
|    ( QUESTION0_13_R 1 -1.005e+05 5.019e+02 4.854e+02
|        ( QUESTION13 -1 -6.704e+04 4.647e+02 3.244e+02
|            ( - 2.422e+02 1 0)
|            ( - -6.681e+04 47 0 WDBNDRY_B 0 2.507e+02 3.234e+02))
|        ( QUESTION4 1 -3.299e+04 4.465e+02 1.610e+02
|            ( - 2.418e+02 1 0)
|            ( QUESTION0_15_R 1 -3.279e+04 3.294e+02 1.600e+02
|                ( - -2.232e+04 7 0 WDBNDRY_E 0 1.221e+02 1.104e+02)
|                ( - -1.014e+04 6 0 QUESTION0 -1 1.776e+02 4.963e+01))))
|    ( QUESTION0_11_R 1 -1.106e+05 4.435e+02 5.360e+02
|        ( WDBNDRY_B 0 -3.921e+04 2.845e+02 1.910e+02
|            ( - -1.745e+04 3 0 SILENCE -1 1.925e+02 8.617e+01)
|            ( - -2.148e+04 8 0 QUESTION0 -1 1.880e+02 1.049e+02))
|        ( - -7.094e+04 27 0 WDBNDRY_E 0 2.683e+02 3.449e+02)))
s>    ( QUESTION0_12_R 1 -2.122e+05 1.035e+03 1.021e+03
s>        ( QUESTION0_13_R 1 -1.005e+05 5.019e+02 4.854e+02
s>            ( QUESTION13 -1 -6.704e+04 4.647e+02 3.244e+02
s>                ( - 2.422e+02 1 0)
s>                ( - -6.681e+04 47 0 WDBNDRY_B 0 2.507e+02 3.234e+02))
s>            ( QUESTION4 1 -3.299e+04 4.465e+02 1.610e+02
s>                ( - 2.418e+02 1 0)
s>                ( QUESTION0_15_R 1 -3.279e+04 3.294e+02 1.600e+02
s>                    ( - -2.232e+04 7 0 WDBNDRY_E 0 1.221e+02 1.104e+02)
s>                    ( - -1.014e+04 6 0 QUESTION0 -1 1.776e+02 4.963e+01))))
s>        ( QUESTION0_11_R 1 -1.106e+05 4.435e+02 5.360e+02
s>            ( WDBNDRY_B 0 -3.921e+04 2.845e+02 1.910e+02
s>                ( - -1.745e+04 3 0 SILENCE -1 1.925e+02 8.617e+01)
s>                ( - -2.148e+04 8 0 QUESTION0 -1 1.880e+02 1.049e+02))
s>            ( - -7.094e+04 27 0 WDBNDRY_E 0 2.683e+02 3.449e+02)))INFO: dtree.c(1478): Final simple tree
|( QUESTION0 1 -8.033e+05 8.500e+02 3.837e+03
|    ( QUESTION0 -1 -7.381e+05 6.716e+02 3.526e+03
|        ( QUESTION0_0_R 1 -3.590e+05 3.682e+02 1.710e+03
|            ( WDBNDRY_B 0 -3.149e+05 3.125e+02 1.500e+03
|                ( - -7.956e+04 20 0)
|                ( - -2.350e+05 29 0 WDBNDRY_E 0 1.045e+02 1.119e+03))
|            ( WDBNDRY_E 0 -4.372e+04 3.250e+02 2.104e+02
|                ( - -8.580e+03 5 0)
|                ( - -3.481e+04 13 0 WDBNDRY_B 0 1.207e+02 1.684e+02)))
|        ( QUESTION10 -1 -3.785e+05 3.810e+02 1.816e+03
|            ( WDBNDRY_B 0 -1.848e+05 3.586e+02 8.806e+02
|                ( - -3.511e+04 17 0 QUESTION0_0_R 1 1.559e+02 1.690e+02)
|                ( - -1.493e+05 32 0 QUESTION2_8_L -1 1.256e+02 7.116e+02))
|            ( - -1.933e+05 65 0 QUESTION2_9_L -1 3.103e+02 9.356e+02)))
|    ( - -6.432e+04 23 0 QUESTION0 -1 2.843e+02 3.104e+02))
s>    ( QUESTION0 1 -8.033e+05 8.500e+02 3.837e+03
s>        ( QUESTION0 -1 -7.381e+05 6.716e+02 3.526e+03
s>            ( QUESTION0_0_R 1 -3.590e+05 3.682e+02 1.710e+03
s>                ( WDBNDRY_B 0 -3.149e+05 3.125e+02 1.500e+03
s>                    ( - -7.956e+04 20 0)
s>                    ( - -2.350e+05 29 0 WDBNDRY_E 0 1.045e+02 1.119e+03))
s>                ( WDBNDRY_E 0 -4.372e+04 3.250e+02 2.104e+02
s>                    ( - -8.580e+03 5 0)
s>                    ( - -3.481e+04 13 0 WDBNDRY_B 0 1.207e+02 1.684e+02)))
s>            ( QUESTION10 -1 -3.785e+05 3.810e+02 1.816e+03
s>                ( WDBNDRY_B 0 -1.848e+05 3.586e+02 8.806e+02
s>                    ( - -3.511e+04 17 0 QUESTION0_0_R 1 1.559e+02 1.690e+02)
s>                    ( - -1.493e+05 32 0 QUESTION2_8_L -1 1.256e+02 7.116e+02))
s>                ( - -1.933e+05 65 0 QUESTION2_9_L -1 3.103e+02 9.356e+02)))
s>        ( - -6.432e+04 23 0 QUESTION0 -1 2.843e+02 3.104e+02))INFO: dtree.c(1315): Comp split 1
INFO: dtree.c(1478): Final simple tree
|( QUESTION0_15_R 1 -7.753e+04 4.518e+02 3.740e+02
|    ( - 2.418e+02 1 0)
|    ( QUESTION0_13_R 1 -7.732e+04 3.630e+02 3.730e+02
|        ( WDBNDRY_B 0 -6.681e+04 2.507e+02 3.234e+02
|            ( QUESTION5 -1 -3.027e+04 1.918e+02 1.477e+02
|                ( - -2.115e+02 1 0)
|                ( SILENCE -1 -2.986e+04 1.815e+02 1.457e+02
|                    ( - -2.736e+02 1 0)
|                    ( - -2.941e+04 23 0 QUESTION15 -1 1.643e+02 1.437e+02)))
|            ( QUESTION14 1 -3.630e+04 1.779e+02 1.757e+02
|                ( - -1.643e+03 1 0)
|                ( - -3.448e+04 21 0 QUESTION12 1 1.734e+02 1.666e+02)))
|        ( QUESTION0 -1 -1.014e+04 1.776e+02 4.963e+01
|            ( - -3.166e+03 3 0 WDBNDRY_E 0 1.241e+02 1.600e+01)
|            ( - -6.795e+03 3 0 WDBNDRY_E 0 1.741e+02 3.363e+01))))
s>    ( QUESTION0_15_R 1 -7.753e+04 4.518e+02 3.740e+02
s>        ( - 2.418e+02 1 0)
s>        ( QUESTION0_13_R 1 -7.732e+04 3.630e+02 3.730e+02
s>            ( WDBNDRY_B 0 -6.681e+04 2.507e+02 3.234e+02
s>                ( QUESTION5 -1 -3.027e+04 1.918e+02 1.477e+02
s>                    ( - -2.115e+02 1 0)
s>                    ( SILENCE -1 -2.986e+04 1.815e+02 1.457e+02
s>                        ( - -2.736e+02 1 0)
s>                        ( - -2.941e+04 23 0 QUESTION15 -1 1.643e+02 1.437e+02)))
s>                ( QUESTION14 1 -3.630e+04 1.779e+02 1.757e+02
s>                    ( - -1.643e+03 1 0)
s>                    ( - -3.448e+04 21 0 QUESTION12 1 1.734e+02 1.666e+02)))
s>            ( QUESTION0 -1 -1.014e+04 1.776e+02 4.963e+01
s>                ( - -3.166e+03 3 0 WDBNDRY_E 0 1.241e+02 1.600e+01)
s>                ( - -6.795e+03 3 0 WDBNDRY_E 0 1.741e+02 3.363e+01))))INFO: dtree.c(1478): Final simple tree
|( QUESTION0_13_R 1 -1.335e+05 4.631e+02 6.474e+02
|    ( - 2.422e+02 1 0)
|    ( QUESTION0_7_R 1 -1.333e+05 4.554e+02 6.464e+02
|        ( QUESTION0_8_R 1 -6.295e+04 3.492e+02 3.064e+02
|            ( WDBNDRY_B 0 -4.028e+04 2.865e+02 1.960e+02
|                ( SILENCE -1 -1.745e+04 1.925e+02 8.617e+01
|                    ( - -6.338e+03 1 0)
|                    ( - -1.092e+04 2 0))
|                ( QUESTION0 -1 -2.255e+04 1.856e+02 1.099e+02
|                    ( - -1.622e+04 6 0 WDBNDRY_E 0 1.605e+02 7.898e+01)
|                    ( - -6.143e+03 5 0 QUESTION0_11_R 1 1.665e+02 3.089e+01)))
|            ( - -2.232e+04 7 0 WDBNDRY_E 0 1.221e+02 1.104e+02))
|        ( WDBNDRY_E 0 -6.988e+04 2.631e+02 3.399e+02
|            ( - -4.004e+04 19 0 SILENCE 1 1.752e+02 1.999e+02)
|            ( - -2.958e+04 5 0 QUESTION0_3_R 1 1.492e+02 1.401e+02))))
s>    ( QUESTION0_13_R 1 -1.335e+05 4.631e+02 6.474e+02
s>        ( - 2.422e+02 1 0)
s>        ( QUESTION0_7_R 1 -1.333e+05 4.554e+02 6.464e+02
s>            ( QUESTION0_8_R 1 -6.295e+04 3.492e+02 3.064e+02
s>                ( WDBNDRY_B 0 -4.028e+04 2.865e+02 1.960e+02
s>                    ( SILENCE -1 -1.745e+04 1.925e+02 8.617e+01
s>                        ( - -6.338e+03 1 0)
s>                        ( - -1.092e+04 2 0))
s>                    ( QUESTION0 -1 -2.255e+04 1.856e+02 1.099e+02
s>                        ( - -1.622e+04 6 0 WDBNDRY_E 0 1.605e+02 7.898e+01)
s>                        ( - -6.143e+03 5 0 QUESTION0_11_R 1 1.665e+02 3.089e+01)))
s>                ( - -2.232e+04 7 0 WDBNDRY_E 0 1.221e+02 1.104e+02))
s>            ( WDBNDRY_E 0 -6.988e+04 2.631e+02 3.399e+02
s>                ( - -4.004e+04 19 0 SILENCE 1 1.752e+02 1.999e+02)
s>                ( - -2.958e+04 5 0 QUESTION0_3_R 1 1.492e+02 1.401e+02))))INFO: dtree.c(1315): Comp split 2
INFO: dtree.c(1478): Final simple tree
|( QUESTION0 -1 -7.381e+05 6.716e+02 3.526e+03
|    ( QUESTION0_0_R 1 -3.590e+05 3.682e+02 1.710e+03
|        ( WDBNDRY_B 0 -3.149e+05 3.125e+02 1.500e+03
|            ( - -7.956e+04 20 0)
|            ( - -2.350e+05 29 0 WDBNDRY_E 0 1.045e+02 1.119e+03))
|        ( WDBNDRY_E 0 -4.372e+04 3.250e+02 2.104e+02
|            ( - -8.580e+03 5 0)
|            ( - -3.481e+04 13 0 WDBNDRY_B 0 1.207e+02 1.684e+02)))
|    ( QUESTION10 -1 -3.785e+05 3.810e+02 1.816e+03
|        ( WDBNDRY_B 0 -1.848e+05 3.586e+02 8.806e+02
|            ( - -3.511e+04 17 0 QUESTION0_0_R 1 1.559e+02 1.690e+02)
|            ( - -1.493e+05 32 0 QUESTION2_8_L -1 1.256e+02 7.116e+02))
|        ( QUESTION2_9_L -1 -1.933e+05 3.103e+02 9.356e+02
|            ( - -5.809e+04 18 0 QUESTION2 -1 2.752e+02 2.834e+02)
|            ( - -1.349e+05 47 0 WDBNDRY_B 0 2.600e+02 6.523e+02))))
s>    ( QUESTION0 -1 -7.381e+05 6.716e+02 3.526e+03
s>        ( QUESTION0_0_R 1 -3.590e+05 3.682e+02 1.710e+03
s>            ( WDBNDRY_B 0 -3.149e+05 3.125e+02 1.500e+03
s>                ( - -7.956e+04 20 0)
s>                ( - -2.350e+05 29 0 WDBNDRY_E 0 1.045e+02 1.119e+03))
s>            ( WDBNDRY_E 0 -4.372e+04 3.250e+02 2.104e+02
s>                ( - -8.580e+03 5 0)
s>                ( - -3.481e+04 13 0 WDBNDRY_B 0 1.207e+02 1.684e+02)))
s>        ( QUESTION10 -1 -3.785e+05 3.810e+02 1.816e+03
s>            ( WDBNDRY_B 0 -1.848e+05 3.586e+02 8.806e+02
s>                ( - -3.511e+04 17 0 QUESTION0_0_R 1 1.559e+02 1.690e+02)
s>                ( - -1.493e+05 32 0 QUESTION2_8_L -1 1.256e+02 7.116e+02))
s>            ( QUESTION2_9_L -1 -1.933e+05 3.103e+02 9.356e+02
s>                ( - -5.809e+04 18 0 QUESTION2 -1 2.752e+02 2.834e+02)
s>                ( - -1.349e+05 47 0 WDBNDRY_B 0 2.600e+02 6.523e+02))))INFO: dtree.c(1478): Final simple tree
|( QUESTION0 -1 -6.432e+04 2.843e+02 3.104e+02
|    ( WDBNDRY_I 0 -4.782e+04 2.317e+02 2.306e+02
|        ( - -3.078e+04 6 0)
|        ( - -1.681e+04 9 0 WDBNDRY_B 0 9.500e+01 8.109e+01))
|    ( WDBNDRY_E 0 -1.622e+04 4.329e+02 7.979e+01
|        ( - 2.194e+02 1 0)
|        ( QUESTION16 -1 -1.601e+04 1.650e+02 7.879e+01
|            ( - -6.241e+02 1 0)
|            ( QUESTION10 -1 -1.522e+04 1.614e+02 7.479e+01
|                ( WDBNDRY_B 0 -5.475e+03 1.309e+02 2.720e+01
|                    ( - -3.470e+03 2 0)
|                    ( - -1.874e+03 1 0))
|                ( QUESTION12 -1 -9.583e+03 1.169e+02 4.760e+01
|                    ( - -3.169e+03 1 0)
|                    ( - -6.297e+03 2 0 WDBNDRY_B 0 9.609e+01 3.157e+01))))))
s>    ( QUESTION0 -1 -6.432e+04 2.843e+02 3.104e+02
s>        ( WDBNDRY_I 0 -4.782e+04 2.317e+02 2.306e+02
s>            ( - -3.078e+04 6 0)
s>            ( - -1.681e+04 9 0 WDBNDRY_B 0 9.500e+01 8.109e+01))
s>        ( WDBNDRY_E 0 -1.622e+04 4.329e+02 7.979e+01
s>            ( - 2.194e+02 1 0)
s>            ( QUESTION16 -1 -1.601e+04 1.650e+02 7.879e+01
s>                ( - -6.241e+02 1 0)
s>                ( QUESTION10 -1 -1.522e+04 1.614e+02 7.479e+01
s>                    ( WDBNDRY_B 0 -5.475e+03 1.309e+02 2.720e+01
s>                        ( - -3.470e+03 2 0)
s>                        ( - -1.874e+03 1 0))
s>                    ( QUESTION12 -1 -9.583e+03 1.169e+02 4.760e+01
s>                        ( - -3.169e+03 1 0)
s>                        ( - -6.297e+03 2 0 WDBNDRY_B 0 9.609e+01 3.157e+01))))))INFO: dtree.c(1315): Comp split 3
INFO: dtree.c(1478): Final simple tree
|( QUESTION10 -1 -2.845e+05 3.066e+02 1.364e+03
|    ( - -1.493e+05 32 0 QUESTION2_8_L -1 1.256e+02 7.116e+02)
|    ( WDBNDRY_B 0 -1.349e+05 2.600e+02 6.523e+02
|        ( SILENCE -1 -1.428e+04 2.170e+02 6.937e+01
|            ( - -4.986e+03 3 0 QUESTION0_0_R 1 1.023e+02 2.444e+01)
|            ( - -9.075e+03 11 0 QUESTION19 -1 1.678e+02 4.493e+01))
|        ( QUESTION16 -1 -1.203e+05 2.475e+02 5.829e+02
|            ( - -9.840e+03 2 0)
|            ( QUESTION0_0_R 1 -1.102e+05 2.317e+02 5.339e+02
|                ( QUESTION4 -1 -1.001e+05 1.740e+02 4.857e+02
|                    ( - -3.409e+04 5 0)
|                    ( - -6.585e+04 22 0 QUESTION7 -1 1.432e+02 3.188e+02))
|                ( QUESTION12 -1 -9.885e+03 1.806e+02 4.820e+01
|                    ( - -4.993e+03 2 0)
|                    ( - -4.712e+03 2 0 QUESTION2 -1 1.121e+02 2.320e+01))))))
s>    ( QUESTION10 -1 -2.845e+05 3.066e+02 1.364e+03
s>        ( - -1.493e+05 32 0 QUESTION2_8_L -1 1.256e+02 7.116e+02)
s>        ( WDBNDRY_B 0 -1.349e+05 2.600e+02 6.523e+02
s>            ( SILENCE -1 -1.428e+04 2.170e+02 6.937e+01
s>                ( - -4.986e+03 3 0 QUESTION0_0_R 1 1.023e+02 2.444e+01)
s>                ( - -9.075e+03 11 0 QUESTION19 -1 1.678e+02 4.493e+01))
s>            ( QUESTION16 -1 -1.203e+05 2.475e+02 5.829e+02
s>                ( - -9.840e+03 2 0)
s>                ( QUESTION0_0_R 1 -1.102e+05 2.317e+02 5.339e+02
s>                    ( QUESTION4 -1 -1.001e+05 1.740e+02 4.857e+02
s>                        ( - -3.409e+04 5 0)
s>                        ( - -6.585e+04 22 0 QUESTION7 -1 1.432e+02 3.188e+02))
s>                    ( QUESTION12 -1 -9.885e+03 1.806e+02 4.820e+01
s>                        ( - -4.993e+03 2 0)
s>                        ( - -4.712e+03 2 0 QUESTION2 -1 1.121e+02 2.320e+01))))))INFO: dtree.c(1478): Final simple tree
|( QUESTION0 -1 -4.528e+05 3.698e+02 2.163e+03
|    ( QUESTION0_0_R 1 -3.590e+05 3.682e+02 1.710e+03
|        ( WDBNDRY_B 0 -3.149e+05 3.125e+02 1.500e+03
|            ( - -7.956e+04 20 0)
|            ( - -2.350e+05 29 0 WDBNDRY_E 0 1.045e+02 1.119e+03))
|        ( WDBNDRY_E 0 -4.372e+04 3.250e+02 2.104e+02
|            ( - -8.580e+03 5 0)
|            ( - -3.481e+04 13 0 WDBNDRY_B 0 1.207e+02 1.684e+02)))
|    ( QUESTION2 -1 -9.345e+04 3.242e+02 4.524e+02
|        ( QUESTION3 -1 -4.562e+04 1.959e+02 2.201e+02
|            ( - -1.031e+04 3 0 WDBNDRY_B 0 1.504e+02 5.111e+01)
|            ( - -3.511e+04 17 0 QUESTION0_0_R 1 1.559e+02 1.690e+02))
|        ( WDBNDRY_E 0 -4.750e+04 2.030e+02 2.323e+02
|            ( - -2.262e+02 1 0)
|            ( - -4.707e+04 14 0 QUESTION2_10_L -1 1.743e+02 2.303e+02))))
s>    ( QUESTION0 -1 -4.528e+05 3.698e+02 2.163e+03
s>        ( QUESTION0_0_R 1 -3.590e+05 3.682e+02 1.710e+03
s>            ( WDBNDRY_B 0 -3.149e+05 3.125e+02 1.500e+03
s>                ( - -7.956e+04 20 0)
s>                ( - -2.350e+05 29 0 WDBNDRY_E 0 1.045e+02 1.119e+03))
s>            ( WDBNDRY_E 0 -4.372e+04 3.250e+02 2.104e+02
s>                ( - -8.580e+03 5 0)
s>                ( - -3.481e+04 13 0 WDBNDRY_B 0 1.207e+02 1.684e+02)))
s>        ( QUESTION2 -1 -9.345e+04 3.242e+02 4.524e+02
s>            ( QUESTION3 -1 -4.562e+04 1.959e+02 2.201e+02
s>                ( - -1.031e+04 3 0 WDBNDRY_B 0 1.504e+02 5.111e+01)
s>                ( - -3.511e+04 17 0 QUESTION0_0_R 1 1.559e+02 1.690e+02))
s>            ( WDBNDRY_E 0 -4.750e+04 2.030e+02 2.323e+02
s>                ( - -2.262e+02 1 0)
s>                ( - -4.707e+04 14 0 QUESTION2_10_L -1 1.743e+02 2.303e+02))))INFO: dtree.c(1315): Comp split 4
INFO: dtree.c(1439): stop. leaf nodes are specific
INFO: dtree.c(1478): Final simple tree
|( QUESTION0_0_R 1 -2.438e+05 2.207e+02 1.161e+03
|    ( WDBNDRY_E 0 -2.350e+05 1.045e+02 1.119e+03
|        ( - -5.379e+02 2 0)
|        ( - -2.344e+05 27 0))
|    ( - -8.580e+03 5 0))
s>    ( QUESTION0_0_R 1 -2.438e+05 2.207e+02 1.161e+03
s>        ( WDBNDRY_E 0 -2.350e+05 1.045e+02 1.119e+03
s>            ( - -5.379e+02 2 0)
s>            ( - -2.344e+05 27 0))
s>        ( - -8.580e+03 5 0))INFO: dtree.c(1478): Final simple tree
|( QUESTION11 -1 -2.084e+05 3.541e+02 1.002e+03
|    ( WDBNDRY_E 0 -4.750e+04 2.030e+02 2.323e+02
|        ( - -2.262e+02 1 0)
|        ( QUESTION2_10_L -1 -4.707e+04 1.743e+02 2.303e+02
|            ( - -3.339e+04 8 0 QUESTION0_0_R 1 1.406e+02 1.638e+02)
|            ( WDBNDRY_B 0 -1.351e+04 2.000e+02 6.644e+01
|                ( - -7.294e+03 4 0 QUESTION0_0_R 1 9.167e+01 3.597e+01)
|                ( - -6.016e+03 2 0))))
|    ( QUESTION0_0_R 1 -1.605e+05 3.246e+02 7.696e+02
|        ( QUESTION3 -1 -1.209e+05 2.063e+02 5.802e+02
|            ( - -1.031e+04 3 0 WDBNDRY_B 0 1.504e+02 5.111e+01)
|            ( - -1.104e+05 33 0 QUESTION0 -1 1.576e+02 5.291e+02))
|        ( QUESTION0 -1 -3.924e+04 1.766e+02 1.893e+02
|            ( - -3.481e+04 13 0 WDBNDRY_B 0 1.207e+02 1.684e+02)
|            ( - -4.247e+03 4 0))))
s>    ( QUESTION11 -1 -2.084e+05 3.541e+02 1.002e+03
s>        ( WDBNDRY_E 0 -4.750e+04 2.030e+02 2.323e+02
s>            ( - -2.262e+02 1 0)
s>            ( QUESTION2_10_L -1 -4.707e+04 1.743e+02 2.303e+02
s>                ( - -3.339e+04 8 0 QUESTION0_0_R 1 1.406e+02 1.638e+02)
s>                ( WDBNDRY_B 0 -1.351e+04 2.000e+02 6.644e+01
s>                    ( - -7.294e+03 4 0 QUESTION0_0_R 1 9.167e+01 3.597e+01)
s>                    ( - -6.016e+03 2 0))))
s>        ( QUESTION0_0_R 1 -1.605e+05 3.246e+02 7.696e+02
s>            ( QUESTION3 -1 -1.209e+05 2.063e+02 5.802e+02
s>                ( - -1.031e+04 3 0 WDBNDRY_B 0 1.504e+02 5.111e+01)
s>                ( - -1.104e+05 33 0 QUESTION0 -1 1.576e+02 5.291e+02))
s>            ( QUESTION0 -1 -3.924e+04 1.766e+02 1.893e+02
s>                ( - -3.481e+04 13 0 WDBNDRY_B 0 1.207e+02 1.684e+02)
s>                ( - -4.247e+03 4 0))))INFO: dtree.c(1315): Comp split 5
INFO: dtree.c(1478): Final simple tree
|( QUESTION0_7_R 1 -1.333e+05 4.554e+02 6.464e+02
|    ( QUESTION0_8_R 1 -6.295e+04 3.492e+02 3.064e+02
|        ( WDBNDRY_B 0 -4.028e+04 2.865e+02 1.960e+02
|            ( SILENCE -1 -1.745e+04 1.925e+02 8.617e+01
|                ( - -6.338e+03 1 0)
|                ( - -1.092e+04 2 0))
|            ( QUESTION0 -1 -2.255e+04 1.856e+02 1.099e+02
|                ( - -1.622e+04 6 0 WDBNDRY_E 0 1.605e+02 7.898e+01)
|                ( - -6.143e+03 5 0 QUESTION0_11_R 1 1.665e+02 3.089e+01)))
|        ( - -2.232e+04 7 0 WDBNDRY_E 0 1.221e+02 1.104e+02))
|    ( WDBNDRY_E 0 -6.988e+04 2.631e+02 3.399e+02
|        ( SILENCE 1 -4.004e+04 1.752e+02 1.999e+02
|            ( - -9.563e+03 3 0)
|            ( - -3.030e+04 16 0 QUESTION13 1 1.674e+02 1.522e+02))
|        ( - -2.958e+04 5 0 QUESTION0_3_R 1 1.492e+02 1.401e+02)))
s>    ( QUESTION0_7_R 1 -1.333e+05 4.554e+02 6.464e+02
s>        ( QUESTION0_8_R 1 -6.295e+04 3.492e+02 3.064e+02
s>            ( WDBNDRY_B 0 -4.028e+04 2.865e+02 1.960e+02
s>                ( SILENCE -1 -1.745e+04 1.925e+02 8.617e+01
s>                    ( - -6.338e+03 1 0)
s>                    ( - -1.092e+04 2 0))
s>                ( QUESTION0 -1 -2.255e+04 1.856e+02 1.099e+02
s>                    ( - -1.622e+04 6 0 WDBNDRY_E 0 1.605e+02 7.898e+01)
s>                    ( - -6.143e+03 5 0 QUESTION0_11_R 1 1.665e+02 3.089e+01)))
s>            ( - -2.232e+04 7 0 WDBNDRY_E 0 1.221e+02 1.104e+02))
s>        ( WDBNDRY_E 0 -6.988e+04 2.631e+02 3.399e+02
s>            ( SILENCE 1 -4.004e+04 1.752e+02 1.999e+02
s>                ( - -9.563e+03 3 0)
s>                ( - -3.030e+04 16 0 QUESTION13 1 1.674e+02 1.522e+02))
s>            ( - -2.958e+04 5 0 QUESTION0_3_R 1 1.492e+02 1.401e+02)))INFO: dtree.c(1315): Comp split 6
INFO: dtree.c(1478): Final simple tree
|( QUESTION0_8_R 1 -6.295e+04 3.492e+02 3.064e+02
|    ( WDBNDRY_B 0 -4.028e+04 2.865e+02 1.960e+02
|        ( SILENCE -1 -1.745e+04 1.925e+02 8.617e+01
|            ( - -6.338e+03 1 0)
|            ( - -1.092e+04 2 0))
|        ( QUESTION0 -1 -2.255e+04 1.856e+02 1.099e+02
|            ( WDBNDRY_E 0 -1.622e+04 1.605e+02 7.898e+01
|                ( QUESTION0_11_R 1 -1.312e+04 1.256e+02 6.397e+01
|                    ( - -1.246e+04 3 0)
|                    ( - -5.342e+02 2 0))
|                ( - -2.936e+03 1 0))
|            ( QUESTION0_11_R 1 -6.143e+03 1.665e+02 3.089e+01
|                ( - -5.733e+03 4 0 WDBNDRY_E 0 9.811e+01 2.889e+01)
|                ( - -2.434e+02 1 0))))
|    ( - -2.232e+04 7 0 WDBNDRY_E 0 1.221e+02 1.104e+02))
s>    ( QUESTION0_8_R 1 -6.295e+04 3.492e+02 3.064e+02
s>        ( WDBNDRY_B 0 -4.028e+04 2.865e+02 1.960e+02
s>            ( SILENCE -1 -1.745e+04 1.925e+02 8.617e+01
s>                ( - -6.338e+03 1 0)
s>                ( - -1.092e+04 2 0))
s>            ( QUESTION0 -1 -2.255e+04 1.856e+02 1.099e+02
s>                ( WDBNDRY_E 0 -1.622e+04 1.605e+02 7.898e+01
s>                    ( QUESTION0_11_R 1 -1.312e+04 1.256e+02 6.397e+01
s>                        ( - -1.246e+04 3 0)
s>                        ( - -5.342e+02 2 0))
s>                    ( - -2.936e+03 1 0))
s>                ( QUESTION0_11_R 1 -6.143e+03 1.665e+02 3.089e+01
s>                    ( - -5.733e+03 4 0 WDBNDRY_E 0 9.811e+01 2.889e+01)
s>                    ( - -2.434e+02 1 0))))
s>        ( - -2.232e+04 7 0 WDBNDRY_E 0 1.221e+02 1.104e+02))INFO: dtree.c(1478): Final simple tree
|( WDBNDRY_E 0 -6.988e+04 2.631e+02 3.399e+02
|    ( SILENCE 1 -4.004e+04 1.752e+02 1.999e+02
|        ( - -9.563e+03 3 0)
|        ( QUESTION13 1 -3.030e+04 1.674e+02 1.522e+02
|            ( QUESTION0_5_R 1 -2.307e+04 1.324e+02 1.172e+02
|                ( - -1.992e+03 2 0 QUESTION0 -1 4.549e+02 1.002e+01)
|                ( - -2.094e+04 7 0 QUESTION0 -1 1.057e+02 1.072e+02))
|            ( QUESTION11 -1 -7.069e+03 1.493e+02 3.500e+01
|                ( - -2.599e+02 1 0)
|                ( - -6.660e+03 6 0 QUESTION0_3_R 1 1.011e+02 3.300e+01))))
|    ( QUESTION0_3_R 1 -2.958e+04 1.492e+02 1.401e+02
|        ( QUESTION0 -1 -1.053e+03 1.404e+02 6.000e+00
|            ( - -2.283e+02 1 0)
|            ( - -6.841e+02 1 0))
|        ( - -2.838e+04 3 0)))
s>    ( WDBNDRY_E 0 -6.988e+04 2.631e+02 3.399e+02
s>        ( SILENCE 1 -4.004e+04 1.752e+02 1.999e+02
s>            ( - -9.563e+03 3 0)
s>            ( QUESTION13 1 -3.030e+04 1.674e+02 1.522e+02
s>                ( QUESTION0_5_R 1 -2.307e+04 1.324e+02 1.172e+02
s>                    ( - -1.992e+03 2 0 QUESTION0 -1 4.549e+02 1.002e+01)
s>                    ( - -2.094e+04 7 0 QUESTION0 -1 1.057e+02 1.072e+02))
s>                ( QUESTION11 -1 -7.069e+03 1.493e+02 3.500e+01
s>                    ( - -2.599e+02 1 0)
s>                    ( - -6.660e+03 6 0 QUESTION0_3_R 1 1.011e+02 3.300e+01))))
s>        ( QUESTION0_3_R 1 -2.958e+04 1.492e+02 1.401e+02
s>            ( QUESTION0 -1 -1.053e+03 1.404e+02 6.000e+00
s>                ( - -2.283e+02 1 0)
s>                ( - -6.841e+02 1 0))
s>            ( - -2.838e+04 3 0)))INFO: dtree.c(1315): Comp split 7
INFO: dtree.c(1478): Final simple tree
|( QUESTION0_13_R 1 -7.732e+04 3.630e+02 3.730e+02
|    ( WDBNDRY_B 0 -6.681e+04 2.507e+02 3.234e+02
|        ( QUESTION5 -1 -3.027e+04 1.918e+02 1.477e+02
|            ( - -2.115e+02 1 0)
|            ( SILENCE -1 -2.986e+04 1.815e+02 1.457e+02
|                ( - -2.736e+02 1 0)
|                ( - -2.941e+04 23 0 QUESTION15 -1 1.643e+02 1.437e+02)))
|        ( QUESTION14 1 -3.630e+04 1.779e+02 1.757e+02
|            ( - -1.643e+03 1 0)
|            ( - -3.448e+04 21 0 QUESTION12 1 1.734e+02 1.666e+02)))
|    ( QUESTION0 -1 -1.014e+04 1.776e+02 4.963e+01
|        ( - -3.166e+03 3 0 WDBNDRY_E 0 1.241e+02 1.600e+01)
|        ( WDBNDRY_E 0 -6.795e+03 1.741e+02 3.363e+01
|            ( - -1.936e+03 2 0 QUESTION0_18_R 1 1.530e+02 1.000e+01)
|            ( - -4.685e+03 1 0))))
s>    ( QUESTION0_13_R 1 -7.732e+04 3.630e+02 3.730e+02
s>        ( WDBNDRY_B 0 -6.681e+04 2.507e+02 3.234e+02
s>            ( QUESTION5 -1 -3.027e+04 1.918e+02 1.477e+02
s>                ( - -2.115e+02 1 0)
s>                ( SILENCE -1 -2.986e+04 1.815e+02 1.457e+02
s>                    ( - -2.736e+02 1 0)
s>                    ( - -2.941e+04 23 0 QUESTION15 -1 1.643e+02 1.437e+02)))
s>            ( QUESTION14 1 -3.630e+04 1.779e+02 1.757e+02
s>                ( - -1.643e+03 1 0)
s>                ( - -3.448e+04 21 0 QUESTION12 1 1.734e+02 1.666e+02)))
s>        ( QUESTION0 -1 -1.014e+04 1.776e+02 4.963e+01
s>            ( - -3.166e+03 3 0 WDBNDRY_E 0 1.241e+02 1.600e+01)
s>            ( WDBNDRY_E 0 -6.795e+03 1.741e+02 3.363e+01
s>                ( - -1.936e+03 2 0 QUESTION0_18_R 1 1.530e+02 1.000e+01)
s>                ( - -4.685e+03 1 0))))INFO: dtree.c(1315): Comp split 8
INFO: dtree.c(1478): Final simple tree
|( QUESTION0 -1 -6.411e+04 2.862e+02 3.094e+02
|    ( WDBNDRY_I 0 -4.782e+04 2.317e+02 2.306e+02
|        ( - -3.078e+04 6 0)
|        ( - -1.681e+04 9 0 WDBNDRY_B 0 9.500e+01 8.109e+01))
|    ( QUESTION16 -1 -1.601e+04 1.650e+02 7.879e+01
|        ( - -6.241e+02 1 0)
|        ( QUESTION10 -1 -1.522e+04 1.614e+02 7.479e+01
|            ( WDBNDRY_B 0 -5.475e+03 1.309e+02 2.720e+01
|                ( - -3.470e+03 2 0)
|                ( - -1.874e+03 1 0))
|            ( QUESTION12 -1 -9.583e+03 1.169e+02 4.760e+01
|                ( - -3.169e+03 1 0)
|                ( WDBNDRY_B 0 -6.297e+03 9.609e+01 3.157e+01
|                    ( - -5.135e+02 1 0)
|                    ( - -5.688e+03 1 0))))))
s>    ( QUESTION0 -1 -6.411e+04 2.862e+02 3.094e+02
s>        ( WDBNDRY_I 0 -4.782e+04 2.317e+02 2.306e+02
s>            ( - -3.078e+04 6 0)
s>            ( - -1.681e+04 9 0 WDBNDRY_B 0 9.500e+01 8.109e+01))
s>        ( QUESTION16 -1 -1.601e+04 1.650e+02 7.879e+01
s>            ( - -6.241e+02 1 0)
s>            ( QUESTION10 -1 -1.522e+04 1.614e+02 7.479e+01
s>                ( WDBNDRY_B 0 -5.475e+03 1.309e+02 2.720e+01
s>                    ( - -3.470e+03 2 0)
s>                    ( - -1.874e+03 1 0))
s>                ( QUESTION12 -1 -9.583e+03 1.169e+02 4.760e+01
s>                    ( - -3.169e+03 1 0)
s>                    ( WDBNDRY_B 0 -6.297e+03 9.609e+01 3.157e+01
s>                        ( - -5.135e+02 1 0)
s>                        ( - -5.688e+03 1 0))))))INFO: dtree.c(1315): Comp split 9
INFO: dtree.c(1478): Final simple tree
|( WDBNDRY_B 0 -6.889e+04 2.632e+02 3.334e+02
|    ( QUESTION5 -1 -3.027e+04 1.918e+02 1.477e+02
|        ( - -2.115e+02 1 0)
|        ( SILENCE -1 -2.986e+04 1.815e+02 1.457e+02
|            ( - -2.736e+02 1 0)
|            ( QUESTION15 -1 -2.941e+04 1.643e+02 1.437e+02
|                ( - -2.524e+02 1 0)
|                ( - -2.899e+04 22 0 QUESTION11 -1 1.293e+02 1.417e+02))))
|    ( QUESTION14 1 -3.836e+04 1.753e+02 1.857e+02
|        ( - -1.643e+03 1 0)
|        ( QUESTION12 1 -3.654e+04 1.735e+02 1.766e+02
|            ( - -2.493e+02 1 0)
|            ( QUESTION3 -1 -3.612e+04 1.666e+02 1.746e+02
|                ( - -4.173e+02 1 0)
|                ( - -3.553e+04 21 0 QUESTION0_18_R 1 1.507e+02 1.716e+02)))))
s>    ( WDBNDRY_B 0 -6.889e+04 2.632e+02 3.334e+02
s>        ( QUESTION5 -1 -3.027e+04 1.918e+02 1.477e+02
s>            ( - -2.115e+02 1 0)
s>            ( SILENCE -1 -2.986e+04 1.815e+02 1.457e+02
s>                ( - -2.736e+02 1 0)
s>                ( QUESTION15 -1 -2.941e+04 1.643e+02 1.437e+02
s>                    ( - -2.524e+02 1 0)
s>                    ( - -2.899e+04 22 0 QUESTION11 -1 1.293e+02 1.417e+02))))
s>        ( QUESTION14 1 -3.836e+04 1.753e+02 1.857e+02
s>            ( - -1.643e+03 1 0)
s>            ( QUESTION12 1 -3.654e+04 1.735e+02 1.766e+02
s>                ( - -2.493e+02 1 0)
s>                ( QUESTION3 -1 -3.612e+04 1.666e+02 1.746e+02
s>                    ( - -4.173e+02 1 0)
s>                    ( - -3.553e+04 21 0 QUESTION0_18_R 1 1.507e+02 1.716e+02)))))INFO: dtree.c(1439): stop. leaf nodes are specific
INFO: dtree.c(1478): Final simple tree
|( WDBNDRY_E 0 -8.016e+03 1.922e+02 3.963e+01
|    ( QUESTION0_18_R 1 -2.332e+03 1.286e+02 1.200e+01
|        ( - -3.070e+02 1 0)
|        ( - -1.896e+03 1 0))
|    ( QUESTION0 -1 -5.492e+03 9.620e+01 2.763e+01
|        ( - -7.102e+02 1 0)
|        ( - -4.685e+03 1 0)))
s>    ( WDBNDRY_E 0 -8.016e+03 1.922e+02 3.963e+01
s>        ( QUESTION0_18_R 1 -2.332e+03 1.286e+02 1.200e+01
s>            ( - -3.070e+02 1 0)
s>            ( - -1.896e+03 1 0))
s>        ( QUESTION0 -1 -5.492e+03 9.620e+01 2.763e+01
s>            ( - -7.102e+02 1 0)
s>            ( - -4.685e+03 1 0)))INFO: dtree.c(1315): Comp split 10
INFO: dtree.c(1439): stop. leaf nodes are specific
INFO: dtree.c(1478): Final simple tree
|( QUESTION0 -1 -4.148e+04 2.383e+02 2.008e+02
|    ( WDBNDRY_B 0 -3.481e+04 1.207e+02 1.684e+02
|        ( - -6.926e+03 5 0)
|        ( - -2.777e+04 8 0))
|    ( WDBNDRY_E 0 -6.429e+03 1.866e+02 3.247e+01
|        ( - -2.262e+02 1 0)
|        ( - -6.016e+03 2 0)))
s>    ( QUESTION0 -1 -4.148e+04 2.383e+02 2.008e+02
s>        ( WDBNDRY_B 0 -3.481e+04 1.207e+02 1.684e+02
s>            ( - -6.926e+03 5 0)
s>            ( - -2.777e+04 8 0))
s>        ( WDBNDRY_E 0 -6.429e+03 1.866e+02 3.247e+01
s>            ( - -2.262e+02 1 0)
s>            ( - -6.016e+03 2 0)))INFO: dtree.c(1478): Final simple tree
|( QUESTION11 -1 -1.665e+05 3.390e+02 8.010e+02
|    ( WDBNDRY_B 0 -4.080e+04 1.321e+02 1.998e+02
|        ( - -9.319e+03 7 0 QUESTION2_10_L -1 9.360e+01 4.597e+01)
|        ( QUESTION0_0_R 1 -3.135e+04 1.507e+02 1.538e+02
|            ( - -3.006e+04 4 0)
|            ( - -1.136e+03 1 0)))
|    ( QUESTION3 -1 -1.253e+05 2.102e+02 6.012e+02
|        ( WDBNDRY_B 0 -1.031e+04 1.504e+02 5.111e+01
|            ( - -2.615e+02 1 0)
|            ( - -9.903e+03 2 0))
|        ( QUESTION0 -1 -1.148e+05 1.521e+02 5.501e+02
|            ( - -7.956e+04 20 0)
|            ( QUESTION0_0_R 1 -3.511e+04 1.559e+02 1.690e+02
|                ( - -3.070e+04 13 0)
|                ( - -4.247e+03 4 0)))))
s>    ( QUESTION11 -1 -1.665e+05 3.390e+02 8.010e+02
s>        ( WDBNDRY_B 0 -4.080e+04 1.321e+02 1.998e+02
s>            ( - -9.319e+03 7 0 QUESTION2_10_L -1 9.360e+01 4.597e+01)
s>            ( QUESTION0_0_R 1 -3.135e+04 1.507e+02 1.538e+02
s>                ( - -3.006e+04 4 0)
s>                ( - -1.136e+03 1 0)))
s>        ( QUESTION3 -1 -1.253e+05 2.102e+02 6.012e+02
s>            ( WDBNDRY_B 0 -1.031e+04 1.504e+02 5.111e+01
s>                ( - -2.615e+02 1 0)
s>                ( - -9.903e+03 2 0))
s>            ( QUESTION0 -1 -1.148e+05 1.521e+02 5.501e+02
s>                ( - -7.956e+04 20 0)
s>                ( QUESTION0_0_R 1 -3.511e+04 1.559e+02 1.690e+02
s>                    ( - -3.070e+04 13 0)
s>                    ( - -4.247e+03 4 0)))))INFO: dtree.c(1315): Comp split 11
INFO: dtree.c(1439): stop. leaf nodes are specific
INFO: dtree.c(1478): Final simple tree
|( QUESTION2 -1 -4.390e+04 1.413e+02 2.147e+02
|    ( - -4.247e+03 4 0)
|    ( WDBNDRY_B 0 -3.951e+04 1.319e+02 1.938e+02
|        ( QUESTION2_10_L -1 -9.319e+03 9.360e+01 4.597e+01
|            ( QUESTION0_0_R 1 -1.930e+03 1.502e+02 1.000e+01
|                ( - -1.510e+03 2 0)
|                ( - -2.702e+02 1 0))
|            ( QUESTION0_0_R 1 -7.294e+03 9.167e+01 3.597e+01
|                ( - -6.467e+03 3 0)
|                ( - -7.359e+02 1 0)))
|        ( - -3.006e+04 4 0)))
s>    ( QUESTION2 -1 -4.390e+04 1.413e+02 2.147e+02
s>        ( - -4.247e+03 4 0)
s>        ( WDBNDRY_B 0 -3.951e+04 1.319e+02 1.938e+02
s>            ( QUESTION2_10_L -1 -9.319e+03 9.360e+01 4.597e+01
s>                ( QUESTION0_0_R 1 -1.930e+03 1.502e+02 1.000e+01
s>                    ( - -1.510e+03 2 0)
s>                    ( - -2.702e+02 1 0))
s>                ( QUESTION0_0_R 1 -7.294e+03 9.167e+01 3.597e+01
s>                    ( - -6.467e+03 3 0)
s>                    ( - -7.359e+02 1 0)))
s>            ( - -3.006e+04 4 0)))INFO: dtree.c(1439): stop. leaf nodes are specific
INFO: dtree.c(1478): Final simple tree
|( QUESTION2_0_L -1 -1.222e+05 2.174e+02 5.862e+02
|    ( WDBNDRY_B 0 -1.156e+04 1.490e+02 5.711e+01
|        ( - -2.615e+02 1 0)
|        ( QUESTION0_0_R 1 -1.115e+04 1.139e+02 5.511e+01
|            ( - -9.903e+03 2 0)
|            ( - -1.136e+03 1 0)))
|    ( QUESTION0 -1 -1.104e+05 1.576e+02 5.291e+02
|        ( - -7.956e+04 20 0)
|        ( - -3.070e+04 13 0)))
s>    ( QUESTION2_0_L -1 -1.222e+05 2.174e+02 5.862e+02
s>        ( WDBNDRY_B 0 -1.156e+04 1.490e+02 5.711e+01
s>            ( - -2.615e+02 1 0)
s>            ( QUESTION0_0_R 1 -1.115e+04 1.139e+02 5.511e+01
s>                ( - -9.903e+03 2 0)
s>                ( - -1.136e+03 1 0)))
s>        ( QUESTION0 -1 -1.104e+05 1.576e+02 5.291e+02
s>            ( - -7.956e+04 20 0)
s>            ( - -3.070e+04 13 0)))INFO: dtree.c(1315): Comp split 12
INFO: dtree.c(1478): Final simple tree
|( QUESTION11 -1 -3.296e+04 1.975e+02 1.599e+02
|    ( WDBNDRY_B 0 -9.766e+03 1.657e+02 4.860e+01
|        ( - -6.241e+02 1 0)
|        ( QUESTION12 -1 -8.976e+03 1.193e+02 4.460e+01
|            ( - -3.169e+03 1 0)
|            ( - -5.688e+03 1 0)))
|    ( WDBNDRY_I 0 -2.300e+04 1.414e+02 1.113e+02
|        ( - -1.874e+03 1 0)
|        ( QUESTION0 -1 -2.098e+04 9.678e+01 1.013e+02
|            ( WDBNDRY_B 0 -1.681e+04 9.500e+01 8.109e+01
|                ( - -1.406e+04 6 0)
|                ( - -2.653e+03 3 0))
|            ( QUESTION3 -1 -4.078e+03 9.538e+01 2.020e+01
|                ( - -5.135e+02 1 0)
|                ( - -3.470e+03 2 0)))))
s>    ( QUESTION11 -1 -3.296e+04 1.975e+02 1.599e+02
s>        ( WDBNDRY_B 0 -9.766e+03 1.657e+02 4.860e+01
s>            ( - -6.241e+02 1 0)
s>            ( QUESTION12 -1 -8.976e+03 1.193e+02 4.460e+01
s>                ( - -3.169e+03 1 0)
s>                ( - -5.688e+03 1 0)))
s>        ( WDBNDRY_I 0 -2.300e+04 1.414e+02 1.113e+02
s>            ( - -1.874e+03 1 0)
s>            ( QUESTION0 -1 -2.098e+04 9.678e+01 1.013e+02
s>                ( WDBNDRY_B 0 -1.681e+04 9.500e+01 8.109e+01
s>                    ( - -1.406e+04 6 0)
s>                    ( - -2.653e+03 3 0))
s>                ( QUESTION3 -1 -4.078e+03 9.538e+01 2.020e+01
s>                    ( - -5.135e+02 1 0)
s>                    ( - -3.470e+03 2 0)))))INFO: dtree.c(1315): Comp split 13
INFO: dtree.c(1439): stop. leaf nodes are specific
INFO: dtree.c(1478): Final simple tree
|( WDBNDRY_B 0 -2.448e+04 2.334e+02 1.201e+02
|    ( SILENCE -1 -1.745e+04 1.925e+02 8.617e+01
|        ( - -6.338e+03 1 0)
|        ( - -1.092e+04 2 0))
|    ( QUESTION0_11_R 1 -6.798e+03 1.416e+02 3.389e+01
|        ( WDBNDRY_E 0 -5.733e+03 9.811e+01 2.889e+01
|            ( - -4.117e+03 2 0)
|            ( - -1.518e+03 2 0))
|        ( QUESTION0 -1 -9.225e+02 1.449e+02 5.000e+00
|            ( - -5.342e+02 2 0)
|            ( - -2.434e+02 1 0))))
s>    ( WDBNDRY_B 0 -2.448e+04 2.334e+02 1.201e+02
s>        ( SILENCE -1 -1.745e+04 1.925e+02 8.617e+01
s>            ( - -6.338e+03 1 0)
s>            ( - -1.092e+04 2 0))
s>        ( QUESTION0_11_R 1 -6.798e+03 1.416e+02 3.389e+01
s>            ( WDBNDRY_E 0 -5.733e+03 9.811e+01 2.889e+01
s>                ( - -4.117e+03 2 0)
s>                ( - -1.518e+03 2 0))
s>            ( QUESTION0 -1 -9.225e+02 1.449e+02 5.000e+00
s>                ( - -5.342e+02 2 0)
s>                ( - -2.434e+02 1 0))))INFO: dtree.c(1439): stop. leaf nodes are specific
INFO: dtree.c(1478): Final simple tree
|( QUESTION0_8_R 1 -3.812e+04 2.433e+02 1.864e+02
|    ( WDBNDRY_E 0 -1.556e+04 1.614e+02 7.598e+01
|        ( - -1.246e+04 3 0)
|        ( - -2.936e+03 1 0))
|    ( WDBNDRY_E 0 -2.232e+04 1.221e+02 1.104e+02
|        ( QUESTION0 -1 -1.214e+04 1.248e+02 6.010e+01
|            ( - -9.780e+03 2 0)
|            ( - -2.232e+03 2 0))
|        ( QUESTION0 -1 -1.006e+04 1.867e+02 5.028e+01
|            ( - -7.371e+03 2 0)
|            ( - -2.501e+03 1 0))))
s>    ( QUESTION0_8_R 1 -3.812e+04 2.433e+02 1.864e+02
s>        ( WDBNDRY_E 0 -1.556e+04 1.614e+02 7.598e+01
s>            ( - -1.246e+04 3 0)
s>            ( - -2.936e+03 1 0))
s>        ( WDBNDRY_E 0 -2.232e+04 1.221e+02 1.104e+02
s>            ( QUESTION0 -1 -1.214e+04 1.248e+02 6.010e+01
s>                ( - -9.780e+03 2 0)
s>                ( - -2.232e+03 2 0))
s>            ( QUESTION0 -1 -1.006e+04 1.867e+02 5.028e+01
s>                ( - -7.371e+03 2 0)
s>                ( - -2.501e+03 1 0))))INFO: dtree.c(1315): Comp split 14
INFO: dtree.c(1439): stop. leaf nodes are specific
INFO: dtree.c(1478): Final simple tree
|( WDBNDRY_B 0 -1.498e+04 1.533e+02 7.346e+01
|    ( QUESTION0_0_R 1 -4.986e+03 1.023e+02 2.444e+01
|        ( - -3.920e+03 2 0)
|        ( - -9.632e+02 1 0))
|    ( - -9.840e+03 2 0))
s>    ( WDBNDRY_B 0 -1.498e+04 1.533e+02 7.346e+01
s>        ( QUESTION0_0_R 1 -4.986e+03 1.023e+02 2.444e+01
s>            ( - -3.920e+03 2 0)
s>            ( - -9.632e+02 1 0))
s>        ( - -9.840e+03 2 0))INFO: dtree.c(1478): Final simple tree
|( QUESTION10 -1 -2.692e+05 2.978e+02 1.290e+03
|    ( - -1.493e+05 32 0 QUESTION2_8_L -1 1.256e+02 7.116e+02)
|    ( WDBNDRY_B 0 -1.196e+05 2.630e+02 5.788e+02
|        ( QUESTION19 -1 -9.075e+03 1.678e+02 4.493e+01
|            ( - -4.615e+02 1 0)
|            ( - -8.446e+03 10 0 QUESTION16 -1 1.382e+02 4.193e+01))
|        ( QUESTION0_0_R 1 -1.102e+05 2.317e+02 5.339e+02
|            ( QUESTION4 -1 -1.001e+05 1.740e+02 4.857e+02
|                ( - -3.409e+04 5 0)
|                ( QUESTION7 -1 -6.585e+04 1.432e+02 3.188e+02
|                    ( - -1.316e+04 4 0)
|                    ( - -5.255e+04 18 0 QUESTION19 -1 1.392e+02 2.541e+02)))
|            ( QUESTION12 -1 -9.885e+03 1.806e+02 4.820e+01
|                ( - -4.993e+03 2 0)
|                ( - -4.712e+03 2 0 QUESTION2 -1 1.121e+02 2.320e+01)))))
s>    ( QUESTION10 -1 -2.692e+05 2.978e+02 1.290e+03
s>        ( - -1.493e+05 32 0 QUESTION2_8_L -1 1.256e+02 7.116e+02)
s>        ( WDBNDRY_B 0 -1.196e+05 2.630e+02 5.788e+02
s>            ( QUESTION19 -1 -9.075e+03 1.678e+02 4.493e+01
s>                ( - -4.615e+02 1 0)
s>                ( - -8.446e+03 10 0 QUESTION16 -1 1.382e+02 4.193e+01))
s>            ( QUESTION0_0_R 1 -1.102e+05 2.317e+02 5.339e+02
s>                ( QUESTION4 -1 -1.001e+05 1.740e+02 4.857e+02
s>                    ( - -3.409e+04 5 0)
s>                    ( QUESTION7 -1 -6.585e+04 1.432e+02 3.188e+02
s>                        ( - -1.316e+04 4 0)
s>                        ( - -5.255e+04 18 0 QUESTION19 -1 1.392e+02 2.541e+02)))
s>                ( QUESTION12 -1 -9.885e+03 1.806e+02 4.820e+01
s>                    ( - -4.993e+03 2 0)
s>                    ( - -4.712e+03 2 0 QUESTION2 -1 1.121e+02 2.320e+01)))))INFO: dtree.c(1315): Comp split 15
INFO: dtree.c(1439): stop. leaf nodes are specific
INFO: dtree.c(1478): Final simple tree
|( SILENCE 1 -3.069e+04 1.809e+02 1.549e+02
|    ( - -9.563e+03 3 0)
|    ( QUESTION0 -1 -2.094e+04 1.057e+02 1.072e+02
|        ( - -1.622e+04 4 0)
|        ( - -4.621e+03 3 0)))
s>    ( SILENCE 1 -3.069e+04 1.809e+02 1.549e+02
s>        ( - -9.563e+03 3 0)
s>        ( QUESTION0 -1 -2.094e+04 1.057e+02 1.072e+02
s>            ( - -1.622e+04 4 0)
s>            ( - -4.621e+03 3 0)))INFO: dtree.c(1478): Final simple tree
|( QUESTION0_3_R 1 -3.888e+04 1.828e+02 1.851e+02
|    ( QUESTION11 -1 -6.995e+03 1.560e+02 3.500e+01
|        ( - -2.599e+02 1 0)
|        ( WDBNDRY_E 0 -6.579e+03 1.053e+02 3.300e+01
|            ( QUESTION0 -1 -5.421e+03 1.014e+02 2.700e+01
|                ( - -4.801e+03 4 0)
|                ( - -5.190e+02 1 0))
|            ( QUESTION0 -1 -1.053e+03 1.404e+02 6.000e+00
|                ( - -2.283e+02 1 0)
|                ( - -6.841e+02 1 0))))
|    ( QUESTION0_5_R 1 -3.170e+04 1.125e+02 1.501e+02
|        ( QUESTION0 -1 -1.992e+03 4.549e+02 1.002e+01
|            ( - -1.755e+03 1 0)
|            ( - 2.182e+02 1 0))
|        ( - -2.960e+04 4 0 WDBNDRY_E 0 8.725e+01 1.401e+02)))
s>    ( QUESTION0_3_R 1 -3.888e+04 1.828e+02 1.851e+02
s>        ( QUESTION11 -1 -6.995e+03 1.560e+02 3.500e+01
s>            ( - -2.599e+02 1 0)
s>            ( WDBNDRY_E 0 -6.579e+03 1.053e+02 3.300e+01
s>                ( QUESTION0 -1 -5.421e+03 1.014e+02 2.700e+01
s>                    ( - -4.801e+03 4 0)
s>                    ( - -5.190e+02 1 0))
s>                ( QUESTION0 -1 -1.053e+03 1.404e+02 6.000e+00
s>                    ( - -2.283e+02 1 0)
s>                    ( - -6.841e+02 1 0))))
s>        ( QUESTION0_5_R 1 -3.170e+04 1.125e+02 1.501e+02
s>            ( QUESTION0 -1 -1.992e+03 4.549e+02 1.002e+01
s>                ( - -1.755e+03 1 0)
s>                ( - 2.182e+02 1 0))
s>            ( - -2.960e+04 4 0 WDBNDRY_E 0 8.725e+01 1.401e+02)))INFO: dtree.c(1315): Comp split 16
INFO: dtree.c(1478): Final simple tree
|( QUESTION0_3_R 1 -3.866e+04 1.826e+02 1.841e+02
|    ( QUESTION11 -1 -6.995e+03 1.560e+02 3.500e+01
|        ( - -2.599e+02 1 0)
|        ( WDBNDRY_E 0 -6.579e+03 1.053e+02 3.300e+01
|            ( QUESTION0 -1 -5.421e+03 1.014e+02 2.700e+01
|                ( - -4.801e+03 4 0)
|                ( - -5.190e+02 1 0))
|            ( QUESTION0 -1 -1.053e+03 1.404e+02 6.000e+00
|                ( - -2.283e+02 1 0)
|                ( - -6.841e+02 1 0))))
|    ( QUESTION0_5_R 1 -3.149e+04 1.311e+02 1.491e+02
|        ( - -1.755e+03 1 0)
|        ( WDBNDRY_E 0 -2.960e+04 8.725e+01 1.401e+02
|            ( - -1.138e+03 1 0)
|            ( - -2.838e+04 3 0))))
s>    ( QUESTION0_3_R 1 -3.866e+04 1.826e+02 1.841e+02
s>        ( QUESTION11 -1 -6.995e+03 1.560e+02 3.500e+01
s>            ( - -2.599e+02 1 0)
s>            ( WDBNDRY_E 0 -6.579e+03 1.053e+02 3.300e+01
s>                ( QUESTION0 -1 -5.421e+03 1.014e+02 2.700e+01
s>                    ( - -4.801e+03 4 0)
s>                    ( - -5.190e+02 1 0))
s>                ( QUESTION0 -1 -1.053e+03 1.404e+02 6.000e+00
s>                    ( - -2.283e+02 1 0)
s>                    ( - -6.841e+02 1 0))))
s>        ( QUESTION0_5_R 1 -3.149e+04 1.311e+02 1.491e+02
s>            ( - -1.755e+03 1 0)
s>            ( WDBNDRY_E 0 -2.960e+04 8.725e+01 1.401e+02
s>                ( - -1.138e+03 1 0)
s>                ( - -2.838e+04 3 0))))INFO: dtree.c(1315): Comp split 17
INFO: dtree.c(1439): stop. leaf nodes are specific
INFO: dtree.c(1478): Final simple tree
|( WDBNDRY_B 0 -1.363e+04 1.867e+02 6.693e+01
|    ( QUESTION16 -1 -8.446e+03 1.382e+02 4.193e+01
|        ( QUESTION17 -1 -3.411e+03 1.014e+02 1.693e+01
|            ( - -2.820e+03 2 0)
|            ( - -4.895e+02 1 0))
|        ( QUESTION5 -1 -4.897e+03 1.346e+02 2.500e+01
|            ( - -4.619e+02 1 0)
|            ( QUESTION2 -1 -4.300e+03 1.116e+02 2.200e+01
|                ( - -1.467e+03 2 0)
|                ( QUESTION13 -1 -2.722e+03 6.936e+01 1.400e+01
|                    ( - -1.908e+03 2 0)
|                    ( - -7.439e+02 2 0)))))
|    ( - -4.993e+03 2 0))
s>    ( WDBNDRY_B 0 -1.363e+04 1.867e+02 6.693e+01
s>        ( QUESTION16 -1 -8.446e+03 1.382e+02 4.193e+01
s>            ( QUESTION17 -1 -3.411e+03 1.014e+02 1.693e+01
s>                ( - -2.820e+03 2 0)
s>                ( - -4.895e+02 1 0))
s>            ( QUESTION5 -1 -4.897e+03 1.346e+02 2.500e+01
s>                ( - -4.619e+02 1 0)
s>                ( QUESTION2 -1 -4.300e+03 1.116e+02 2.200e+01
s>                    ( - -1.467e+03 2 0)
s>                    ( QUESTION13 -1 -2.722e+03 6.936e+01 1.400e+01
s>                        ( - -1.908e+03 2 0)
s>                        ( - -7.439e+02 2 0)))))
s>        ( - -4.993e+03 2 0))INFO: dtree.c(1478): Final simple tree
|( QUESTION10 -1 -2.553e+05 2.861e+02 1.223e+03
|    ( - -1.493e+05 32 0 QUESTION2_8_L -1 1.256e+02 7.116e+02)
|    ( QUESTION0_0_R 1 -1.057e+05 2.134e+02 5.119e+02
|        ( QUESTION4 -1 -1.007e+05 1.738e+02 4.887e+02
|            ( - -3.409e+04 5 0)
|            ( WDBNDRY_B 0 -6.647e+04 1.521e+02 3.218e+02
|                ( - -4.615e+02 1 0)
|                ( QUESTION7 -1 -6.585e+04 1.432e+02 3.188e+02
|                    ( - -1.316e+04 4 0)
|                    ( QUESTION19 -1 -5.255e+04 1.392e+02 2.541e+02
|                        ( - -7.051e+03 3 0)
|                        ( QUESTION14 -1 -4.536e+04 1.311e+02 2.189e+02
|                            ( - -2.000e+04 6 0)
|                            ( - -2.523e+04 9 0 QUESTION2 -1 9.385e+01 1.209e+02))))))
|        ( - -4.712e+03 2 0 QUESTION2 -1 1.121e+02 2.320e+01)))
s>    ( QUESTION10 -1 -2.553e+05 2.861e+02 1.223e+03
s>        ( - -1.493e+05 32 0 QUESTION2_8_L -1 1.256e+02 7.116e+02)
s>        ( QUESTION0_0_R 1 -1.057e+05 2.134e+02 5.119e+02
s>            ( QUESTION4 -1 -1.007e+05 1.738e+02 4.887e+02
s>                ( - -3.409e+04 5 0)
s>                ( WDBNDRY_B 0 -6.647e+04 1.521e+02 3.218e+02
s>                    ( - -4.615e+02 1 0)
s>                    ( QUESTION7 -1 -6.585e+04 1.432e+02 3.188e+02
s>                        ( - -1.316e+04 4 0)
s>                        ( QUESTION19 -1 -5.255e+04 1.392e+02 2.541e+02
s>                            ( - -7.051e+03 3 0)
s>                            ( QUESTION14 -1 -4.536e+04 1.311e+02 2.189e+02
s>                                ( - -2.000e+04 6 0)
s>                                ( - -2.523e+04 9 0 QUESTION2 -1 9.385e+01 1.209e+02))))))
s>            ( - -4.712e+03 2 0 QUESTION2 -1 1.121e+02 2.320e+01)))INFO: dtree.c(1315): Comp split 18
INFO: dtree.c(1439): stop. leaf nodes are specific
INFO: dtree.c(1478): Final simple tree
|( QUESTION2 -1 -1.565e+05 1.512e+02 7.468e+02
|    ( QUESTION2_8_L -1 -1.493e+05 1.256e+02 7.116e+02
|        ( - -1.731e+03 2 0)
|        ( QUESTION0_0_R 1 -1.475e+05 1.237e+02 7.026e+02
|            ( QUESTION2_0_L -1 -1.426e+05 1.139e+02 6.795e+02
|                ( - -6.020e+03 4 0)
|                ( WDBNDRY_E 0 -1.365e+05 9.448e+01 6.507e+02
|                    ( - -5.561e+02 2 0)
|                    ( - -1.358e+05 20 0)))
|            ( - -4.777e+03 4 0)))
|    ( - -7.051e+03 3 0))
s>    ( QUESTION2 -1 -1.565e+05 1.512e+02 7.468e+02
s>        ( QUESTION2_8_L -1 -1.493e+05 1.256e+02 7.116e+02
s>            ( - -1.731e+03 2 0)
s>            ( QUESTION0_0_R 1 -1.475e+05 1.237e+02 7.026e+02
s>                ( QUESTION2_0_L -1 -1.426e+05 1.139e+02 6.795e+02
s>                    ( - -6.020e+03 4 0)
s>                    ( WDBNDRY_E 0 -1.365e+05 9.448e+01 6.507e+02
s>                        ( - -5.561e+02 2 0)
s>                        ( - -1.358e+05 20 0)))
s>                ( - -4.777e+03 4 0)))
s>        ( - -7.051e+03 3 0))INFO: dtree.c(1478): Final simple tree
|( QUESTION0_0_R 1 -9.845e+04 2.094e+02 4.767e+02
|    ( QUESTION4 -1 -9.353e+04 1.669e+02 4.535e+02
|        ( - -3.409e+04 5 0)
|        ( WDBNDRY_B 0 -5.927e+04 1.501e+02 2.866e+02
|            ( - -4.615e+02 1 0)
|            ( QUESTION7 -1 -5.866e+04 1.423e+02 2.836e+02
|                ( - -1.316e+04 4 0)
|                ( QUESTION14 -1 -4.536e+04 1.311e+02 2.189e+02
|                    ( - -2.000e+04 6 0)
|                    ( QUESTION2 -1 -2.523e+04 9.385e+01 1.209e+02
|                        ( - -5.624e+03 4 0)
|                        ( - -1.951e+04 5 0))))))
|    ( QUESTION2 -1 -4.712e+03 1.121e+02 2.320e+01
|        ( - -9.335e+02 1 0)
|        ( - -3.666e+03 1 0)))
s>    ( QUESTION0_0_R 1 -9.845e+04 2.094e+02 4.767e+02
s>        ( QUESTION4 -1 -9.353e+04 1.669e+02 4.535e+02
s>            ( - -3.409e+04 5 0)
s>            ( WDBNDRY_B 0 -5.927e+04 1.501e+02 2.866e+02
s>                ( - -4.615e+02 1 0)
s>                ( QUESTION7 -1 -5.866e+04 1.423e+02 2.836e+02
s>                    ( - -1.316e+04 4 0)
s>                    ( QUESTION14 -1 -4.536e+04 1.311e+02 2.189e+02
s>                        ( - -2.000e+04 6 0)
s>                        ( QUESTION2 -1 -2.523e+04 9.385e+01 1.209e+02
s>                            ( - -5.624e+03 4 0)
s>                            ( - -1.951e+04 5 0))))))
s>        ( QUESTION2 -1 -4.712e+03 1.121e+02 2.320e+01
s>            ( - -9.335e+02 1 0)
s>            ( - -3.666e+03 1 0)))INFO: dtree.c(1315): Comp split 19
INFO: dtree.c(1439): stop. leaf nodes are specific
INFO: dtree.c(1478): Final simple tree
|( QUESTION0_8_R 1 -1.279e+04 1.723e+02 6.330e+01
|    ( - -2.936e+03 1 0)
|    ( WDBNDRY_E 0 -9.680e+03 7.676e+01 4.829e+01
|        ( - -2.232e+03 2 0)
|        ( - -7.371e+03 2 0)))
s>    ( QUESTION0_8_R 1 -1.279e+04 1.723e+02 6.330e+01
s>        ( - -2.936e+03 1 0)
s>        ( WDBNDRY_E 0 -9.680e+03 7.676e+01 4.829e+01
s>            ( - -2.232e+03 2 0)
s>            ( - -7.371e+03 2 0)))INFO: dtree.c(1439): stop. leaf nodes are specific
INFO: dtree.c(1478): Final simple tree
|( QUESTION0_8_R 1 -2.505e+04 1.854e+02 1.231e+02
|    ( - -1.246e+04 3 0)
|    ( WDBNDRY_E 0 -1.240e+04 1.189e+02 6.210e+01
|        ( - -9.780e+03 2 0)
|        ( - -2.501e+03 1 0)))
s>    ( QUESTION0_8_R 1 -2.505e+04 1.854e+02 1.231e+02
s>        ( - -1.246e+04 3 0)
s>        ( WDBNDRY_E 0 -1.240e+04 1.189e+02 6.210e+01
s>            ( - -9.780e+03 2 0)
s>            ( - -2.501e+03 1 0)))INFO: dtree.c(1315): Comp split 20
INFO: dtree.c(1478): Final simple tree
|( QUESTION15 -1 -2.999e+04 1.646e+02 1.467e+02
|    ( - -2.524e+02 1 0)
|    ( WDBNDRY_B 0 -2.957e+04 1.613e+02 1.447e+02
|        ( QUESTION11 -1 -2.899e+04 1.293e+02 1.417e+02
|            ( QUESTION2_11_L -1 -5.182e+03 9.058e+01 2.590e+01
|                ( - -1.769e+03 1 0)
|                ( QUESTION12 -1 -3.323e+03 6.288e+01 1.699e+01
|                    ( - -9.169e+02 1 0)
|                    ( - -2.343e+03 3 0)))
|            ( QUESTION3 -1 -2.368e+04 1.122e+02 1.158e+02
|                ( - -1.121e+03 3 0)
|                ( QUESTION0 -1 -2.245e+04 1.031e+02 1.098e+02
|                    ( - -1.562e+04 9 0)
|                    ( - -6.724e+03 5 0))))
|        ( - -4.173e+02 1 0)))
s>    ( QUESTION15 -1 -2.999e+04 1.646e+02 1.467e+02
s>        ( - -2.524e+02 1 0)
s>        ( WDBNDRY_B 0 -2.957e+04 1.613e+02 1.447e+02
s>            ( QUESTION11 -1 -2.899e+04 1.293e+02 1.417e+02
s>                ( QUESTION2_11_L -1 -5.182e+03 9.058e+01 2.590e+01
s>                    ( - -1.769e+03 1 0)
s>                    ( QUESTION12 -1 -3.323e+03 6.288e+01 1.699e+01
s>                        ( - -9.169e+02 1 0)
s>                        ( - -2.343e+03 3 0)))
s>                ( QUESTION3 -1 -2.368e+04 1.122e+02 1.158e+02
s>                    ( - -1.121e+03 3 0)
s>                    ( QUESTION0 -1 -2.245e+04 1.031e+02 1.098e+02
s>                        ( - -1.562e+04 9 0)
s>                        ( - -6.724e+03 5 0))))
s>            ( - -4.173e+02 1 0)))INFO: dtree.c(1478): Final simple tree
|( QUESTION3 -1 -3.863e+04 1.880e+02 1.867e+02
|    ( - -2.115e+02 1 0)
|    ( WDBNDRY_B 0 -3.823e+04 1.802e+02 1.847e+02
|        ( - -2.736e+02 1 0)
|        ( QUESTION14 1 -3.777e+04 1.755e+02 1.827e+02
|            ( - -1.643e+03 1 0)
|            ( QUESTION12 1 -3.596e+04 1.737e+02 1.736e+02
|                ( - -2.493e+02 1 0)
|                ( QUESTION0_18_R 1 -3.553e+04 1.507e+02 1.716e+02
|                    ( - -2.563e+02 1 0)
|                    ( QUESTION11 -1 -3.513e+04 1.581e+02 1.696e+02
|                        ( - -2.522e+02 1 0)
|                        ( QUESTION10 1 -3.472e+04 1.371e+02 1.676e+02
|                            ( - -2.981e+04 14 0 QUESTION0 -1 1.802e+02 1.436e+02)
|                            ( - -4.771e+03 5 0 WDBNDRY_E 0 1.185e+02 2.400e+01))))))))
s>    ( QUESTION3 -1 -3.863e+04 1.880e+02 1.867e+02
s>        ( - -2.115e+02 1 0)
s>        ( WDBNDRY_B 0 -3.823e+04 1.802e+02 1.847e+02
s>            ( - -2.736e+02 1 0)
s>            ( QUESTION14 1 -3.777e+04 1.755e+02 1.827e+02
s>                ( - -1.643e+03 1 0)
s>                ( QUESTION12 1 -3.596e+04 1.737e+02 1.736e+02
s>                    ( - -2.493e+02 1 0)
s>                    ( QUESTION0_18_R 1 -3.553e+04 1.507e+02 1.716e+02
s>                        ( - -2.563e+02 1 0)
s>                        ( QUESTION11 -1 -3.513e+04 1.581e+02 1.696e+02
s>                            ( - -2.522e+02 1 0)
s>                            ( QUESTION10 1 -3.472e+04 1.371e+02 1.676e+02
s>                                ( - -2.981e+04 14 0 QUESTION0 -1 1.802e+02 1.436e+02)
s>                                ( - -4.771e+03 5 0 WDBNDRY_E 0 1.185e+02 2.400e+01))))))))INFO: dtree.c(1315): Comp split 21
INFO: dtree.c(1439): stop. leaf nodes are specific
INFO: dtree.c(1478): Final simple tree
|( WDBNDRY_E 0 -6.429e+03 1.866e+02 3.247e+01
|    ( - -2.262e+02 1 0)
|    ( - -6.016e+03 2 0))
s>    ( WDBNDRY_E 0 -6.429e+03 1.866e+02 3.247e+01
s>        ( - -2.262e+02 1 0)
s>        ( - -6.016e+03 2 0))INFO: dtree.c(1439): stop. leaf nodes are specific
INFO: dtree.c(1478): Final simple tree
|( WDBNDRY_B 0 -3.481e+04 1.207e+02 1.684e+02
|    ( - -6.926e+03 5 0)
|    ( - -2.777e+04 8 0))
s>    ( WDBNDRY_B 0 -3.481e+04 1.207e+02 1.684e+02
s>        ( - -6.926e+03 5 0)
s>        ( - -2.777e+04 8 0))INFO: dtree.c(1315): Comp split 22
INFO: dtree.c(1439): stop. leaf nodes are specific
INFO: dtree.c(1478): Final simple tree
|( QUESTION0_11_R 1 -6.798e+03 1.416e+02 3.389e+01
|    ( WDBNDRY_E 0 -5.733e+03 9.811e+01 2.889e+01
|        ( - -4.117e+03 2 0)
|        ( - -1.518e+03 2 0))
|    ( QUESTION0 -1 -9.225e+02 1.449e+02 5.000e+00
|        ( - -5.342e+02 2 0)
|        ( - -2.434e+02 1 0)))
s>    ( QUESTION0_11_R 1 -6.798e+03 1.416e+02 3.389e+01
s>        ( WDBNDRY_E 0 -5.733e+03 9.811e+01 2.889e+01
s>            ( - -4.117e+03 2 0)
s>            ( - -1.518e+03 2 0))
s>        ( QUESTION0 -1 -9.225e+02 1.449e+02 5.000e+00
s>            ( - -5.342e+02 2 0)
s>            ( - -2.434e+02 1 0)))INFO: dtree.c(1439): stop. leaf nodes are specific
INFO: dtree.c(1478): Final simple tree
|( SILENCE -1 -1.745e+04 1.925e+02 8.617e+01
|    ( - -6.338e+03 1 0)
|    ( - -1.092e+04 2 0))
s>    ( SILENCE -1 -1.745e+04 1.925e+02 8.617e+01
s>        ( - -6.338e+03 1 0)
s>        ( - -1.092e+04 2 0))INFO: dtree.c(1315): Comp split 23
INFO: dtree.c(1439): stop. leaf nodes are specific
INFO: dtree.c(1478): Final simple tree
|( WDBNDRY_E 0 -2.350e+05 1.045e+02 1.119e+03
|    ( - -5.379e+02 2 0)
|    ( - -2.344e+05 27 0))
s>    ( WDBNDRY_E 0 -2.350e+05 1.045e+02 1.119e+03
s>        ( - -5.379e+02 2 0)
s>        ( - -2.344e+05 27 0))INFO: dtree.c(1315): Comp split 24
INFO: dtree.c(1439): stop. leaf nodes are specific
INFO: dtree.c(1478): Final simple tree
|( WDBNDRY_B 0 -1.156e+04 1.490e+02 5.711e+01
|    ( - -2.615e+02 1 0)
|    ( QUESTION0_0_R 1 -1.115e+04 1.139e+02 5.511e+01
|        ( - -9.903e+03 2 0)
|        ( - -1.136e+03 1 0)))
s>    ( WDBNDRY_B 0 -1.156e+04 1.490e+02 5.711e+01
s>        ( - -2.615e+02 1 0)
s>        ( QUESTION0_0_R 1 -1.115e+04 1.139e+02 5.511e+01
s>            ( - -9.903e+03 2 0)
s>            ( - -1.136e+03 1 0)))INFO: dtree.c(1439): stop. leaf nodes are specific
INFO: dtree.c(1478): Final simple tree
|( QUESTION0 -1 -1.104e+05 1.576e+02 5.291e+02
|    ( - -7.956e+04 20 0)
|    ( - -3.070e+04 13 0))
s>    ( QUESTION0 -1 -1.104e+05 1.576e+02 5.291e+02
s>        ( - -7.956e+04 20 0)
s>        ( - -3.070e+04 13 0))INFO: dtree.c(1315): Comp split 25
INFO: dtree.c(1439): stop. leaf nodes are specific
INFO: dtree.c(1478): Final simple tree
|( QUESTION4 -1 -9.457e+04 1.701e+02 4.585e+02
|    ( - -3.409e+04 5 0)
|    ( WDBNDRY_B 0 -6.031e+04 1.500e+02 2.916e+02
|        ( - -4.615e+02 1 0)
|        ( QUESTION7 -1 -5.970e+04 1.425e+02 2.886e+02
|            ( QUESTION0_0_R 1 -1.420e+04 1.083e+02 6.968e+01
|                ( - -1.316e+04 4 0)
|                ( - -9.335e+02 1 0))
|            ( QUESTION14 -1 -4.536e+04 1.311e+02 2.189e+02
|                ( - -2.000e+04 6 0)
|                ( QUESTION2 -1 -2.523e+04 9.385e+01 1.209e+02
|                    ( - -5.624e+03 4 0)
|                    ( - -1.951e+04 5 0))))))
s>    ( QUESTION4 -1 -9.457e+04 1.701e+02 4.585e+02
s>        ( - -3.409e+04 5 0)
s>        ( WDBNDRY_B 0 -6.031e+04 1.500e+02 2.916e+02
s>            ( - -4.615e+02 1 0)
s>            ( QUESTION7 -1 -5.970e+04 1.425e+02 2.886e+02
s>                ( QUESTION0_0_R 1 -1.420e+04 1.083e+02 6.968e+01
s>                    ( - -1.316e+04 4 0)
s>                    ( - -9.335e+02 1 0))
s>                ( QUESTION14 -1 -4.536e+04 1.311e+02 2.189e+02
s>                    ( - -2.000e+04 6 0)
s>                    ( QUESTION2 -1 -2.523e+04 9.385e+01 1.209e+02
s>                        ( - -5.624e+03 4 0)
s>                        ( - -1.951e+04 5 0))))))INFO: dtree.c(1315): Comp split 26
INFO: dtree.c(1439): stop. leaf nodes are specific
INFO: dtree.c(1478): Final simple tree
|( QUESTION16 -1 -1.037e+04 1.641e+02 5.160e+01
|    ( - -6.241e+02 1 0)
|    ( QUESTION12 -1 -9.583e+03 1.169e+02 4.760e+01
|        ( - -3.169e+03 1 0)
|        ( WDBNDRY_B 0 -6.297e+03 9.609e+01 3.157e+01
|            ( - -5.135e+02 1 0)
|            ( - -5.688e+03 1 0))))
s>    ( QUESTION16 -1 -1.037e+04 1.641e+02 5.160e+01
s>        ( - -6.241e+02 1 0)
s>        ( QUESTION12 -1 -9.583e+03 1.169e+02 4.760e+01
s>            ( - -3.169e+03 1 0)
s>            ( WDBNDRY_B 0 -6.297e+03 9.609e+01 3.157e+01
s>                ( - -5.135e+02 1 0)
s>                ( - -5.688e+03 1 0))))INFO: dtree.c(1439): stop. leaf nodes are specific
INFO: dtree.c(1478): Final simple tree
|( WDBNDRY_I 0 -2.239e+04 1.424e+02 1.083e+02
|    ( - -1.874e+03 1 0)
|    ( QUESTION0 -1 -2.037e+04 9.647e+01 9.828e+01
|        ( WDBNDRY_B 0 -1.681e+04 9.500e+01 8.109e+01
|            ( - -1.406e+04 6 0)
|            ( - -2.653e+03 3 0))
|        ( - -3.470e+03 2 0)))
s>    ( WDBNDRY_I 0 -2.239e+04 1.424e+02 1.083e+02
s>        ( - -1.874e+03 1 0)
s>        ( QUESTION0 -1 -2.037e+04 9.647e+01 9.828e+01
s>            ( WDBNDRY_B 0 -1.681e+04 9.500e+01 8.109e+01
s>                ( - -1.406e+04 6 0)
s>                ( - -2.653e+03 3 0))
s>            ( - -3.470e+03 2 0)))INFO: dtree.c(1315): Comp split 27
INFO: dtree.c(1439): stop. leaf nodes are specific
INFO: dtree.c(1478): Final simple tree
|( WDBNDRY_E 0 -5.922e+03 1.232e+02 2.963e+01
|    ( - -3.070e+02 1 0)
|    ( QUESTION0 -1 -5.492e+03 9.620e+01 2.763e+01
|        ( - -7.102e+02 1 0)
|        ( - -4.685e+03 1 0)))
s>    ( WDBNDRY_E 0 -5.922e+03 1.232e+02 2.963e+01
s>        ( - -3.070e+02 1 0)
s>        ( QUESTION0 -1 -5.492e+03 9.620e+01 2.763e+01
s>            ( - -7.102e+02 1 0)
s>            ( - -4.685e+03 1 0)))INFO: dtree.c(1315): Comp split 28
INFO: dtree.c(1315): Comp split 29
INFO: dtree.c(1439): stop. leaf nodes are specific
INFO: dtree.c(1478): Final simple tree
|( QUESTION16 -1 -7.851e+03 1.403e+02 3.893e+01
|    ( QUESTION17 -1 -3.411e+03 1.014e+02 1.693e+01
|        ( - -2.820e+03 2 0)
|        ( - -4.895e+02 1 0))
|    ( QUESTION2 -1 -4.300e+03 1.116e+02 2.200e+01
|        ( - -1.467e+03 2 0)
|        ( QUESTION13 -1 -2.722e+03 6.936e+01 1.400e+01
|            ( - -1.908e+03 2 0)
|            ( - -7.439e+02 2 0))))
s>    ( QUESTION16 -1 -7.851e+03 1.403e+02 3.893e+01
s>        ( QUESTION17 -1 -3.411e+03 1.014e+02 1.693e+01
s>            ( - -2.820e+03 2 0)
s>            ( - -4.895e+02 1 0))
s>        ( QUESTION2 -1 -4.300e+03 1.116e+02 2.200e+01
s>            ( - -1.467e+03 2 0)
s>            ( QUESTION13 -1 -2.722e+03 6.936e+01 1.400e+01
s>                ( - -1.908e+03 2 0)
s>                ( - -7.439e+02 2 0))))INFO: dtree.c(1439): stop. leaf nodes are specific
INFO: dtree.c(1478): Final simple tree
|( WDBNDRY_B 0 -5.584e+03 1.296e+02 2.800e+01
|    ( - -4.619e+02 1 0)
|    ( - -4.993e+03 2 0))
s>    ( WDBNDRY_B 0 -5.584e+03 1.296e+02 2.800e+01
s>        ( - -4.619e+02 1 0)
s>        ( - -4.993e+03 2 0))INFO: dtree.c(1315): Comp split 30
INFO: dtree.c(1478): Final simple tree
|( WDBNDRY_B 0 -3.823e+04 1.802e+02 1.847e+02
|    ( - -2.736e+02 1 0)
|    ( QUESTION14 1 -3.777e+04 1.755e+02 1.827e+02
|        ( - -1.643e+03 1 0)
|        ( QUESTION12 1 -3.596e+04 1.737e+02 1.736e+02
|            ( - -2.493e+02 1 0)
|            ( QUESTION0_18_R 1 -3.553e+04 1.507e+02 1.716e+02
|                ( - -2.563e+02 1 0)
|                ( QUESTION11 -1 -3.513e+04 1.581e+02 1.696e+02
|                    ( - -2.522e+02 1 0)
|                    ( QUESTION10 1 -3.472e+04 1.371e+02 1.676e+02
|                        ( QUESTION0 -1 -2.981e+04 1.802e+02 1.436e+02
|                            ( - -2.694e+04 12 0 WDBNDRY_E 0 1.362e+02 1.296e+02)
|                            ( - -2.685e+03 2 0))
|                        ( - -4.771e+03 5 0 WDBNDRY_E 0 1.185e+02 2.400e+01)))))))
s>    ( WDBNDRY_B 0 -3.823e+04 1.802e+02 1.847e+02
s>        ( - -2.736e+02 1 0)
s>        ( QUESTION14 1 -3.777e+04 1.755e+02 1.827e+02
s>            ( - -1.643e+03 1 0)
s>            ( QUESTION12 1 -3.596e+04 1.737e+02 1.736e+02
s>                ( - -2.493e+02 1 0)
s>                ( QUESTION0_18_R 1 -3.553e+04 1.507e+02 1.716e+02
s>                    ( - -2.563e+02 1 0)
s>                    ( QUESTION11 -1 -3.513e+04 1.581e+02 1.696e+02
s>                        ( - -2.522e+02 1 0)
s>                        ( QUESTION10 1 -3.472e+04 1.371e+02 1.676e+02
s>                            ( QUESTION0 -1 -2.981e+04 1.802e+02 1.436e+02
s>                                ( - -2.694e+04 12 0 WDBNDRY_E 0 1.362e+02 1.296e+02)
s>                                ( - -2.685e+03 2 0))
s>                            ( - -4.771e+03 5 0 WDBNDRY_E 0 1.185e+02 2.400e+01)))))))INFO: dtree.c(1315): Comp split 31
INFO: dtree.c(1315): Comp split 32
INFO: dtree.c(1439): stop. leaf nodes are specific
INFO: dtree.c(1478): Final simple tree
|( WDBNDRY_E 0 -6.579e+03 1.053e+02 3.300e+01
|    ( QUESTION0 -1 -5.421e+03 1.014e+02 2.700e+01
|        ( - -4.801e+03 4 0)
|        ( - -5.190e+02 1 0))
|    ( QUESTION0 -1 -1.053e+03 1.404e+02 6.000e+00
|        ( - -2.283e+02 1 0)
|        ( - -6.841e+02 1 0)))
s>    ( WDBNDRY_E 0 -6.579e+03 1.053e+02 3.300e+01
s>        ( QUESTION0 -1 -5.421e+03 1.014e+02 2.700e+01
s>            ( - -4.801e+03 4 0)
s>            ( - -5.190e+02 1 0))
s>        ( QUESTION0 -1 -1.053e+03 1.404e+02 6.000e+00
s>            ( - -2.283e+02 1 0)
s>            ( - -6.841e+02 1 0)))INFO: dtree.c(1439): stop. leaf nodes are specific
INFO: dtree.c(1478): Final simple tree
|( QUESTION0_3_R 1 -3.190e+04 1.531e+02 1.511e+02
|    ( - -2.599e+02 1 0)
|    ( QUESTION0_5_R 1 -3.149e+04 1.311e+02 1.491e+02
|        ( - -1.755e+03 1 0)
|        ( WDBNDRY_E 0 -2.960e+04 8.725e+01 1.401e+02
|            ( - -1.138e+03 1 0)
|            ( - -2.838e+04 3 0))))
s>    ( QUESTION0_3_R 1 -3.190e+04 1.531e+02 1.511e+02
s>        ( - -2.599e+02 1 0)
s>        ( QUESTION0_5_R 1 -3.149e+04 1.311e+02 1.491e+02
s>            ( - -1.755e+03 1 0)
s>            ( WDBNDRY_E 0 -2.960e+04 8.725e+01 1.401e+02
s>                ( - -1.138e+03 1 0)
s>                ( - -2.838e+04 3 0))))INFO: dtree.c(1315): Comp split 33
INFO: dtree.c(1439): stop. leaf nodes are specific
INFO: dtree.c(1478): Final simple tree
|( WDBNDRY_E 0 -1.240e+04 1.189e+02 6.210e+01
|    ( - -9.780e+03 2 0)
|    ( - -2.501e+03 1 0))
s>    ( WDBNDRY_E 0 -1.240e+04 1.189e+02 6.210e+01
s>        ( - -9.780e+03 2 0)
s>        ( - -2.501e+03 1 0))INFO: dtree.c(1315): Comp split 34
INFO: dtree.c(1439): stop. leaf nodes are specific
INFO: dtree.c(1478): Final simple tree
|( QUESTION0 -1 -2.094e+04 1.057e+02 1.072e+02
|    ( - -1.622e+04 4 0)
|    ( - -4.621e+03 3 0))
s>    ( QUESTION0 -1 -2.094e+04 1.057e+02 1.072e+02
s>        ( - -1.622e+04 4 0)
s>        ( - -4.621e+03 3 0))INFO: dtree.c(1315): Comp split 35
INFO: dtree.c(1478): Final simple tree
|( QUESTION14 1 -3.777e+04 1.755e+02 1.827e+02
|    ( - -1.643e+03 1 0)
|    ( QUESTION12 1 -3.596e+04 1.737e+02 1.736e+02
|        ( - -2.493e+02 1 0)
|        ( QUESTION0_18_R 1 -3.553e+04 1.507e+02 1.716e+02
|            ( - -2.563e+02 1 0)
|            ( QUESTION11 -1 -3.513e+04 1.581e+02 1.696e+02
|                ( - -2.522e+02 1 0)
|                ( QUESTION10 1 -3.472e+04 1.371e+02 1.676e+02
|                    ( QUESTION0 -1 -2.981e+04 1.802e+02 1.436e+02
|                        ( WDBNDRY_E 0 -2.694e+04 1.362e+02 1.296e+02
|                            ( - -1.528e+04 8 0)
|                            ( - -1.153e+04 4 0))
|                        ( - -2.685e+03 2 0))
|                    ( - -4.771e+03 5 0 WDBNDRY_E 0 1.185e+02 2.400e+01))))))
s>    ( QUESTION14 1 -3.777e+04 1.755e+02 1.827e+02
s>        ( - -1.643e+03 1 0)
s>        ( QUESTION12 1 -3.596e+04 1.737e+02 1.736e+02
s>            ( - -2.493e+02 1 0)
s>            ( QUESTION0_18_R 1 -3.553e+04 1.507e+02 1.716e+02
s>                ( - -2.563e+02 1 0)
s>                ( QUESTION11 -1 -3.513e+04 1.581e+02 1.696e+02
s>                    ( - -2.522e+02 1 0)
s>                    ( QUESTION10 1 -3.472e+04 1.371e+02 1.676e+02
s>                        ( QUESTION0 -1 -2.981e+04 1.802e+02 1.436e+02
s>                            ( WDBNDRY_E 0 -2.694e+04 1.362e+02 1.296e+02
s>                                ( - -1.528e+04 8 0)
s>                                ( - -1.153e+04 4 0))
s>                            ( - -2.685e+03 2 0))
s>                        ( - -4.771e+03 5 0 WDBNDRY_E 0 1.185e+02 2.400e+01))))))INFO: dtree.c(1315): Comp split 36
INFO: dtree.c(1478): Final simple tree
|( QUESTION14 1 -3.491e+04 1.772e+02 1.687e+02
|    ( - -1.643e+03 1 0)
|    ( QUESTION12 1 -3.309e+04 1.736e+02 1.596e+02
|        ( - -2.493e+02 1 0)
|        ( QUESTION0_18_R 1 -3.267e+04 1.503e+02 1.576e+02
|            ( - -2.563e+02 1 0)
|            ( QUESTION11 -1 -3.226e+04 1.587e+02 1.556e+02
|                ( - -2.522e+02 1 0)
|                ( QUESTION10 1 -3.185e+04 1.355e+02 1.536e+02
|                    ( WDBNDRY_E 0 -2.694e+04 1.362e+02 1.296e+02
|                        ( - -1.528e+04 8 0)
|                        ( - -1.153e+04 4 0))
|                    ( WDBNDRY_E 0 -4.771e+03 1.185e+02 2.400e+01
|                        ( - -1.527e+03 1 0)
|                        ( - -3.126e+03 4 0 QUESTION0 -1 4.421e+02 1.600e+01)))))))
s>    ( QUESTION14 1 -3.491e+04 1.772e+02 1.687e+02
s>        ( - -1.643e+03 1 0)
s>        ( QUESTION12 1 -3.309e+04 1.736e+02 1.596e+02
s>            ( - -2.493e+02 1 0)
s>            ( QUESTION0_18_R 1 -3.267e+04 1.503e+02 1.576e+02
s>                ( - -2.563e+02 1 0)
s>                ( QUESTION11 -1 -3.226e+04 1.587e+02 1.556e+02
s>                    ( - -2.522e+02 1 0)
s>                    ( QUESTION10 1 -3.185e+04 1.355e+02 1.536e+02
s>                        ( WDBNDRY_E 0 -2.694e+04 1.362e+02 1.296e+02
s>                            ( - -1.528e+04 8 0)
s>                            ( - -1.153e+04 4 0))
s>                        ( WDBNDRY_E 0 -4.771e+03 1.185e+02 2.400e+01
s>                            ( - -1.527e+03 1 0)
s>                            ( - -3.126e+03 4 0 QUESTION0 -1 4.421e+02 1.600e+01)))))))INFO: dtree.c(1315): Comp split 37
INFO: dtree.c(1478): Final simple tree
|( QUESTION12 1 -3.309e+04 1.736e+02 1.596e+02
|    ( - -2.493e+02 1 0)
|    ( QUESTION0_18_R 1 -3.267e+04 1.503e+02 1.576e+02
|        ( - -2.563e+02 1 0)
|        ( QUESTION11 -1 -3.226e+04 1.587e+02 1.556e+02
|            ( - -2.522e+02 1 0)
|            ( QUESTION10 1 -3.185e+04 1.355e+02 1.536e+02
|                ( WDBNDRY_E 0 -2.694e+04 1.362e+02 1.296e+02
|                    ( - -1.528e+04 8 0)
|                    ( - -1.153e+04 4 0))
|                ( WDBNDRY_E 0 -4.771e+03 1.185e+02 2.400e+01
|                    ( - -1.527e+03 1 0)
|                    ( QUESTION0 -1 -3.126e+03 4.421e+02 1.600e+01
|                        ( - -2.927e+03 3 0)
|                        ( - 2.431e+02 1 0)))))))
s>    ( QUESTION12 1 -3.309e+04 1.736e+02 1.596e+02
s>        ( - -2.493e+02 1 0)
s>        ( QUESTION0_18_R 1 -3.267e+04 1.503e+02 1.576e+02
s>            ( - -2.563e+02 1 0)
s>            ( QUESTION11 -1 -3.226e+04 1.587e+02 1.556e+02
s>                ( - -2.522e+02 1 0)
s>                ( QUESTION10 1 -3.185e+04 1.355e+02 1.536e+02
s>                    ( WDBNDRY_E 0 -2.694e+04 1.362e+02 1.296e+02
s>                        ( - -1.528e+04 8 0)
s>                        ( - -1.153e+04 4 0))
s>                    ( WDBNDRY_E 0 -4.771e+03 1.185e+02 2.400e+01
s>                        ( - -1.527e+03 1 0)
s>                        ( QUESTION0 -1 -3.126e+03 4.421e+02 1.600e+01
s>                            ( - -2.927e+03 3 0)
s>                            ( - 2.431e+02 1 0)))))))INFO: dtree.c(1315): Comp split 38
INFO: dtree.c(1439): stop. leaf nodes are specific
INFO: dtree.c(1478): Final simple tree
|( QUESTION12 1 -3.289e+04 1.738e+02 1.586e+02
|    ( - -2.493e+02 1 0)
|    ( QUESTION0_18_R 1 -3.246e+04 1.505e+02 1.566e+02
|        ( - -2.563e+02 1 0)
|        ( QUESTION11 -1 -3.206e+04 1.587e+02 1.546e+02
|            ( - -2.522e+02 1 0)
|            ( QUESTION10 1 -3.165e+04 1.326e+02 1.526e+02
|                ( WDBNDRY_E 0 -2.694e+04 1.362e+02 1.296e+02
|                    ( - -1.528e+04 8 0)
|                    ( - -1.153e+04 4 0))
|                ( WDBNDRY_E 0 -4.572e+03 1.184e+02 2.300e+01
|                    ( - -1.527e+03 1 0)
|                    ( - -2.927e+03 3 0))))))
s>    ( QUESTION12 1 -3.289e+04 1.738e+02 1.586e+02
s>        ( - -2.493e+02 1 0)
s>        ( QUESTION0_18_R 1 -3.246e+04 1.505e+02 1.566e+02
s>            ( - -2.563e+02 1 0)
s>            ( QUESTION11 -1 -3.206e+04 1.587e+02 1.546e+02
s>                ( - -2.522e+02 1 0)
s>                ( QUESTION10 1 -3.165e+04 1.326e+02 1.526e+02
s>                    ( WDBNDRY_E 0 -2.694e+04 1.362e+02 1.296e+02
s>                        ( - -1.528e+04 8 0)
s>                        ( - -1.153e+04 4 0))
s>                    ( WDBNDRY_E 0 -4.572e+03 1.184e+02 2.300e+01
s>                        ( - -1.527e+03 1 0)
s>                        ( - -2.927e+03 3 0))))))INFO: dtree.c(1315): Comp split 39
INFO: dtree.c(1439): stop. leaf nodes are specific
INFO: dtree.c(1478): Final simple tree
|( QUESTION0_18_R 1 -3.246e+04 1.505e+02 1.566e+02
|    ( - -2.563e+02 1 0)
|    ( QUESTION11 -1 -3.206e+04 1.587e+02 1.546e+02
|        ( - -2.522e+02 1 0)
|        ( QUESTION10 1 -3.165e+04 1.326e+02 1.526e+02
|            ( WDBNDRY_E 0 -2.694e+04 1.362e+02 1.296e+02
|                ( - -1.528e+04 8 0)
|                ( - -1.153e+04 4 0))
|            ( WDBNDRY_E 0 -4.572e+03 1.184e+02 2.300e+01
|                ( - -1.527e+03 1 0)
|                ( - -2.927e+03 3 0)))))
s>    ( QUESTION0_18_R 1 -3.246e+04 1.505e+02 1.566e+02
s>        ( - -2.563e+02 1 0)
s>        ( QUESTION11 -1 -3.206e+04 1.587e+02 1.546e+02
s>            ( - -2.522e+02 1 0)
s>            ( QUESTION10 1 -3.165e+04 1.326e+02 1.526e+02
s>                ( WDBNDRY_E 0 -2.694e+04 1.362e+02 1.296e+02
s>                    ( - -1.528e+04 8 0)
s>                    ( - -1.153e+04 4 0))
s>                ( WDBNDRY_E 0 -4.572e+03 1.184e+02 2.300e+01
s>                    ( - -1.527e+03 1 0)
s>                    ( - -2.927e+03 3 0)))))INFO: dtree.c(1315): Comp split 40
INFO: dtree.c(1439): stop. leaf nodes are specific
INFO: dtree.c(1478): Final simple tree
|( WDBNDRY_E 0 -9.680e+03 7.676e+01 4.829e+01
|    ( - -2.232e+03 2 0)
|    ( - -7.371e+03 2 0))
s>    ( WDBNDRY_E 0 -9.680e+03 7.676e+01 4.829e+01
s>        ( - -2.232e+03 2 0)
s>        ( - -7.371e+03 2 0))INFO: dtree.c(1315): Comp split 41
INFO: dtree.c(1439): stop. leaf nodes are specific
INFO: dtree.c(1478): Final simple tree
|( WDBNDRY_B 0 -6.031e+04 1.500e+02 2.916e+02
|    ( - -4.615e+02 1 0)
|    ( QUESTION7 -1 -5.970e+04 1.425e+02 2.886e+02
|        ( QUESTION0_0_R 1 -1.420e+04 1.083e+02 6.968e+01
|            ( - -1.316e+04 4 0)
|            ( - -9.335e+02 1 0))
|        ( QUESTION14 -1 -4.536e+04 1.311e+02 2.189e+02
|            ( - -2.000e+04 6 0)
|            ( QUESTION2 -1 -2.523e+04 9.385e+01 1.209e+02
|                ( - -5.624e+03 4 0)
|                ( - -1.951e+04 5 0)))))
s>    ( WDBNDRY_B 0 -6.031e+04 1.500e+02 2.916e+02
s>        ( - -4.615e+02 1 0)
s>        ( QUESTION7 -1 -5.970e+04 1.425e+02 2.886e+02
s>            ( QUESTION0_0_R 1 -1.420e+04 1.083e+02 6.968e+01
s>                ( - -1.316e+04 4 0)
s>                ( - -9.335e+02 1 0))
s>            ( QUESTION14 -1 -4.536e+04 1.311e+02 2.189e+02
s>                ( - -2.000e+04 6 0)
s>                ( QUESTION2 -1 -2.523e+04 9.385e+01 1.209e+02
s>                    ( - -5.624e+03 4 0)
s>                    ( - -1.951e+04 5 0)))))INFO: dtree.c(1315): Comp split 42
INFO: dtree.c(1439): stop. leaf nodes are specific
INFO: dtree.c(1478): Final simple tree
|( WDBNDRY_B 0 -2.957e+04 1.613e+02 1.447e+02
|    ( QUESTION11 -1 -2.899e+04 1.293e+02 1.417e+02
|        ( QUESTION2_11_L -1 -5.182e+03 9.058e+01 2.590e+01
|            ( - -1.769e+03 1 0)
|            ( QUESTION12 -1 -3.323e+03 6.288e+01 1.699e+01
|                ( - -9.169e+02 1 0)
|                ( - -2.343e+03 3 0)))
|        ( QUESTION3 -1 -2.368e+04 1.122e+02 1.158e+02
|            ( - -1.121e+03 3 0)
|            ( QUESTION0 -1 -2.245e+04 1.031e+02 1.098e+02
|                ( - -1.562e+04 9 0)
|                ( - -6.724e+03 5 0))))
|    ( - -4.173e+02 1 0))
s>    ( WDBNDRY_B 0 -2.957e+04 1.613e+02 1.447e+02
s>        ( QUESTION11 -1 -2.899e+04 1.293e+02 1.417e+02
s>            ( QUESTION2_11_L -1 -5.182e+03 9.058e+01 2.590e+01
s>                ( - -1.769e+03 1 0)
s>                ( QUESTION12 -1 -3.323e+03 6.288e+01 1.699e+01
s>                    ( - -9.169e+02 1 0)
s>                    ( - -2.343e+03 3 0)))
s>            ( QUESTION3 -1 -2.368e+04 1.122e+02 1.158e+02
s>                ( - -1.121e+03 3 0)
s>                ( QUESTION0 -1 -2.245e+04 1.031e+02 1.098e+02
s>                    ( - -1.562e+04 9 0)
s>                    ( - -6.724e+03 5 0))))
s>        ( - -4.173e+02 1 0))INFO: dtree.c(1315): Comp split 43
INFO: dtree.c(1439): stop. leaf nodes are specific
INFO: dtree.c(1478): Final simple tree
|( QUESTION12 -1 -9.583e+03 1.169e+02 4.760e+01
|    ( - -3.169e+03 1 0)
|    ( WDBNDRY_B 0 -6.297e+03 9.609e+01 3.157e+01
|        ( - -5.135e+02 1 0)
|        ( - -5.688e+03 1 0)))
s>    ( QUESTION12 -1 -9.583e+03 1.169e+02 4.760e+01
s>        ( - -3.169e+03 1 0)
s>        ( WDBNDRY_B 0 -6.297e+03 9.609e+01 3.157e+01
s>            ( - -5.135e+02 1 0)
s>            ( - -5.688e+03 1 0)))INFO: dtree.c(1315): Comp split 44
INFO: dtree.c(1439): stop. leaf nodes are specific
INFO: dtree.c(1478): Final simple tree
|( WDBNDRY_B 0 -1.090e+04 9.392e+01 5.402e+01
|    ( - -9.632e+02 1 0)
|    ( - -9.840e+03 2 0))
s>    ( WDBNDRY_B 0 -1.090e+04 9.392e+01 5.402e+01
s>        ( - -9.632e+02 1 0)
s>        ( - -9.840e+03 2 0))INFO: dtree.c(1315): Comp split 45
INFO: dtree.c(1439): stop. leaf nodes are specific
INFO: dtree.c(1478): Final simple tree
|( QUESTION11 -1 -2.899e+04 1.293e+02 1.417e+02
|    ( QUESTION2_11_L -1 -5.182e+03 9.058e+01 2.590e+01
|        ( - -1.769e+03 1 0)
|        ( QUESTION12 -1 -3.323e+03 6.288e+01 1.699e+01
|            ( - -9.169e+02 1 0)
|            ( - -2.343e+03 3 0)))
|    ( QUESTION3 -1 -2.368e+04 1.122e+02 1.158e+02
|        ( - -1.121e+03 3 0)
|        ( QUESTION0 -1 -2.245e+04 1.031e+02 1.098e+02
|            ( - -1.562e+04 9 0)
|            ( - -6.724e+03 5 0))))
s>    ( QUESTION11 -1 -2.899e+04 1.293e+02 1.417e+02
s>        ( QUESTION2_11_L -1 -5.182e+03 9.058e+01 2.590e+01
s>            ( - -1.769e+03 1 0)
s>            ( QUESTION12 -1 -3.323e+03 6.288e+01 1.699e+01
s>                ( - -9.169e+02 1 0)
s>                ( - -2.343e+03 3 0)))
s>        ( QUESTION3 -1 -2.368e+04 1.122e+02 1.158e+02
s>            ( - -1.121e+03 3 0)
s>            ( QUESTION0 -1 -2.245e+04 1.031e+02 1.098e+02
s>                ( - -1.562e+04 9 0)
s>                ( - -6.724e+03 5 0))))INFO: dtree.c(1315): Comp split 46
INFO: dtree.c(1439): stop. leaf nodes are specific
INFO: dtree.c(1478): Final simple tree
|( QUESTION0_11_R 1 -6.394e+03 1.264e+02 3.189e+01
|    ( WDBNDRY_E 0 -5.733e+03 9.811e+01 2.889e+01
|        ( - -4.117e+03 2 0)
|        ( - -1.518e+03 2 0))
|    ( - -5.342e+02 2 0))
s>    ( QUESTION0_11_R 1 -6.394e+03 1.264e+02 3.189e+01
s>        ( WDBNDRY_E 0 -5.733e+03 9.811e+01 2.889e+01
s>            ( - -4.117e+03 2 0)
s>            ( - -1.518e+03 2 0))
s>        ( - -5.342e+02 2 0))INFO: dtree.c(1315): Comp split 47
INFO: dtree.c(1439): stop. leaf nodes are specific
INFO: dtree.c(1478): Final simple tree
|( QUESTION0_18_R 1 -3.205e+04 1.507e+02 1.546e+02
|    ( - -2.563e+02 1 0)
|    ( QUESTION10 1 -3.165e+04 1.326e+02 1.526e+02
|        ( WDBNDRY_E 0 -2.694e+04 1.362e+02 1.296e+02
|            ( - -1.528e+04 8 0)
|            ( - -1.153e+04 4 0))
|        ( WDBNDRY_E 0 -4.572e+03 1.184e+02 2.300e+01
|            ( - -1.527e+03 1 0)
|            ( - -2.927e+03 3 0))))
s>    ( QUESTION0_18_R 1 -3.205e+04 1.507e+02 1.546e+02
s>        ( - -2.563e+02 1 0)
s>        ( QUESTION10 1 -3.165e+04 1.326e+02 1.526e+02
s>            ( WDBNDRY_E 0 -2.694e+04 1.362e+02 1.296e+02
s>                ( - -1.528e+04 8 0)
s>                ( - -1.153e+04 4 0))
s>            ( WDBNDRY_E 0 -4.572e+03 1.184e+02 2.300e+01
s>                ( - -1.527e+03 1 0)
s>                ( - -2.927e+03 3 0))))INFO: dtree.c(1315): Comp split 48
INFO: dtree.c(1315): Comp split 49
INFO: dtree.c(1439): stop. leaf nodes are specific
INFO: dtree.c(1478): Final simple tree
|( QUESTION0_5_R 1 -3.149e+04 1.311e+02 1.491e+02
|    ( - -1.755e+03 1 0)
|    ( WDBNDRY_E 0 -2.960e+04 8.725e+01 1.401e+02
|        ( - -1.138e+03 1 0)
|        ( - -2.838e+04 3 0)))
s>    ( QUESTION0_5_R 1 -3.149e+04 1.311e+02 1.491e+02
s>        ( - -1.755e+03 1 0)
s>        ( WDBNDRY_E 0 -2.960e+04 8.725e+01 1.401e+02
s>            ( - -1.138e+03 1 0)
s>            ( - -2.838e+04 3 0)))INFO: dtree.c(1315): Comp split 50
INFO: dtree.c(1439): stop. leaf nodes are specific
INFO: dtree.c(1478): Final simple tree
|( QUESTION2_8_L -1 -1.493e+05 1.256e+02 7.116e+02
|    ( - -1.731e+03 2 0)
|    ( QUESTION0_0_R 1 -1.475e+05 1.237e+02 7.026e+02
|        ( QUESTION2_0_L -1 -1.426e+05 1.139e+02 6.795e+02
|            ( - -6.020e+03 4 0)
|            ( WDBNDRY_E 0 -1.365e+05 9.448e+01 6.507e+02
|                ( - -5.561e+02 2 0)
|                ( - -1.358e+05 20 0)))
|        ( - -4.777e+03 4 0)))
s>    ( QUESTION2_8_L -1 -1.493e+05 1.256e+02 7.116e+02
s>        ( - -1.731e+03 2 0)
s>        ( QUESTION0_0_R 1 -1.475e+05 1.237e+02 7.026e+02
s>            ( QUESTION2_0_L -1 -1.426e+05 1.139e+02 6.795e+02
s>                ( - -6.020e+03 4 0)
s>                ( WDBNDRY_E 0 -1.365e+05 9.448e+01 6.507e+02
s>                    ( - -5.561e+02 2 0)
s>                    ( - -1.358e+05 20 0)))
s>            ( - -4.777e+03 4 0)))INFO: dtree.c(1315): Comp split 51
INFO: dtree.c(1439): stop. leaf nodes are specific
INFO: dtree.c(1478): Final simple tree
|( QUESTION10 1 -3.165e+04 1.326e+02 1.526e+02
|    ( WDBNDRY_E 0 -2.694e+04 1.362e+02 1.296e+02
|        ( - -1.528e+04 8 0)
|        ( - -1.153e+04 4 0))
|    ( WDBNDRY_E 0 -4.572e+03 1.184e+02 2.300e+01
|        ( - -1.527e+03 1 0)
|        ( - -2.927e+03 3 0)))
s>    ( QUESTION10 1 -3.165e+04 1.326e+02 1.526e+02
s>        ( WDBNDRY_E 0 -2.694e+04 1.362e+02 1.296e+02
s>            ( - -1.528e+04 8 0)
s>            ( - -1.153e+04 4 0))
s>        ( WDBNDRY_E 0 -4.572e+03 1.184e+02 2.300e+01
s>            ( - -1.527e+03 1 0)
s>            ( - -2.927e+03 3 0)))INFO: dtree.c(1315): Comp split 52
INFO: dtree.c(1439): stop. leaf nodes are specific
INFO: dtree.c(1478): Final simple tree
|( QUESTION7 -1 -5.970e+04 1.425e+02 2.886e+02
|    ( QUESTION0_0_R 1 -1.420e+04 1.083e+02 6.968e+01
|        ( - -1.316e+04 4 0)
|        ( - -9.335e+02 1 0))
|    ( QUESTION14 -1 -4.536e+04 1.311e+02 2.189e+02
|        ( - -2.000e+04 6 0)
|        ( QUESTION2 -1 -2.523e+04 9.385e+01 1.209e+02
|            ( - -5.624e+03 4 0)
|            ( - -1.951e+04 5 0))))
s>    ( QUESTION7 -1 -5.970e+04 1.425e+02 2.886e+02
s>        ( QUESTION0_0_R 1 -1.420e+04 1.083e+02 6.968e+01
s>            ( - -1.316e+04 4 0)
s>            ( - -9.335e+02 1 0))
s>        ( QUESTION14 -1 -4.536e+04 1.311e+02 2.189e+02
s>            ( - -2.000e+04 6 0)
s>            ( QUESTION2 -1 -2.523e+04 9.385e+01 1.209e+02
s>                ( - -5.624e+03 4 0)
s>                ( - -1.951e+04 5 0))))INFO: dtree.c(1315): Comp split 53
INFO: dtree.c(1439): stop. leaf nodes are specific
INFO: dtree.c(1478): Final simple tree
|( QUESTION0_0_R 1 -1.115e+04 1.139e+02 5.511e+01
|    ( - -9.903e+03 2 0)
|    ( - -1.136e+03 1 0))
s>    ( QUESTION0_0_R 1 -1.115e+04 1.139e+02 5.511e+01
s>        ( - -9.903e+03 2 0)
s>        ( - -1.136e+03 1 0))INFO: dtree.c(1315): Comp split 54
INFO: dtree.c(1439): stop. leaf nodes are specific
INFO: dtree.c(1478): Final simple tree
|( QUESTION0 -1 -6.205e+03 1.078e+02 3.100e+01
|    ( - -4.801e+03 4 0)
|    ( WDBNDRY_E 0 -1.296e+03 9.319e+01 7.000e+00
|        ( - -5.190e+02 1 0)
|        ( - -6.841e+02 1 0)))
s>    ( QUESTION0 -1 -6.205e+03 1.078e+02 3.100e+01
s>        ( - -4.801e+03 4 0)
s>        ( WDBNDRY_E 0 -1.296e+03 9.319e+01 7.000e+00
s>            ( - -5.190e+02 1 0)
s>            ( - -6.841e+02 1 0)))INFO: dtree.c(1315): Comp split 55
INFO: dtree.c(1439): stop. leaf nodes are specific
INFO: dtree.c(1478): Final simple tree
|( QUESTION14 -1 -4.536e+04 1.311e+02 2.189e+02
|    ( - -2.000e+04 6 0)
|    ( QUESTION2 -1 -2.523e+04 9.385e+01 1.209e+02
|        ( - -5.624e+03 4 0)
|        ( - -1.951e+04 5 0)))
s>    ( QUESTION14 -1 -4.536e+04 1.311e+02 2.189e+02
s>        ( - -2.000e+04 6 0)
s>        ( QUESTION2 -1 -2.523e+04 9.385e+01 1.209e+02
s>            ( - -5.624e+03 4 0)
s>            ( - -1.951e+04 5 0)))INFO: dtree.c(1439): stop. leaf nodes are specific
INFO: dtree.c(1478): Final simple tree
|( QUESTION0_0_R 1 -1.420e+04 1.083e+02 6.968e+01
|    ( - -1.316e+04 4 0)
|    ( - -9.335e+02 1 0))
s>    ( QUESTION0_0_R 1 -1.420e+04 1.083e+02 6.968e+01
s>        ( - -1.316e+04 4 0)
s>        ( - -9.335e+02 1 0))INFO: dtree.c(1315): Comp split 56
INFO: dtree.c(1439): stop. leaf nodes are specific
INFO: dtree.c(1478): Final simple tree
|( QUESTION0 -1 -2.037e+04 9.647e+01 9.828e+01
|    ( WDBNDRY_B 0 -1.681e+04 9.500e+01 8.109e+01
|        ( - -1.406e+04 6 0)
|        ( - -2.653e+03 3 0))
|    ( - -3.470e+03 2 0))
s>    ( QUESTION0 -1 -2.037e+04 9.647e+01 9.828e+01
s>        ( WDBNDRY_B 0 -1.681e+04 9.500e+01 8.109e+01
s>            ( - -1.406e+04 6 0)
s>            ( - -2.653e+03 3 0))
s>        ( - -3.470e+03 2 0))INFO: dtree.c(1315): Comp split 57
INFO: dtree.c(1439): stop. leaf nodes are specific
INFO: dtree.c(1478): Final simple tree
|( WDBNDRY_B 0 -3.951e+04 1.319e+02 1.938e+02
|    ( QUESTION2_10_L -1 -9.319e+03 9.360e+01 4.597e+01
|        ( QUESTION0_0_R 1 -1.930e+03 1.502e+02 1.000e+01
|            ( - -1.510e+03 2 0)
|            ( - -2.702e+02 1 0))
|        ( QUESTION0_0_R 1 -7.294e+03 9.167e+01 3.597e+01
|            ( - -6.467e+03 3 0)
|            ( - -7.359e+02 1 0)))
|    ( - -3.006e+04 4 0))
s>    ( WDBNDRY_B 0 -3.951e+04 1.319e+02 1.938e+02
s>        ( QUESTION2_10_L -1 -9.319e+03 9.360e+01 4.597e+01
s>            ( QUESTION0_0_R 1 -1.930e+03 1.502e+02 1.000e+01
s>                ( - -1.510e+03 2 0)
s>                ( - -2.702e+02 1 0))
s>            ( QUESTION0_0_R 1 -7.294e+03 9.167e+01 3.597e+01
s>                ( - -6.467e+03 3 0)
s>                ( - -7.359e+02 1 0)))
s>        ( - -3.006e+04 4 0))INFO: dtree.c(1315): Comp split 58
INFO: dtree.c(1439): stop. leaf nodes are specific
INFO: dtree.c(1478): Final simple tree
|( QUESTION10 1 -1.998e+04 1.279e+02 9.682e+01
|    ( - -1.528e+04 8 0)
|    ( WDBNDRY_E 0 -4.572e+03 1.184e+02 2.300e+01
|        ( - -1.527e+03 1 0)
|        ( - -2.927e+03 3 0)))
s>    ( QUESTION10 1 -1.998e+04 1.279e+02 9.682e+01
s>        ( - -1.528e+04 8 0)
s>        ( WDBNDRY_E 0 -4.572e+03 1.184e+02 2.300e+01
s>            ( - -1.527e+03 1 0)
s>            ( - -2.927e+03 3 0)))INFO: dtree.c(1315): Comp split 59
INFO: dtree.c(1439): stop. leaf nodes are specific
INFO: dtree.c(1478): Final simple tree
|( QUESTION2 -1 -4.300e+03 1.116e+02 2.200e+01
|    ( - -1.467e+03 2 0)
|    ( QUESTION13 -1 -2.722e+03 6.936e+01 1.400e+01
|        ( - -1.908e+03 2 0)
|        ( - -7.439e+02 2 0)))
s>    ( QUESTION2 -1 -4.300e+03 1.116e+02 2.200e+01
s>        ( - -1.467e+03 2 0)
s>        ( QUESTION13 -1 -2.722e+03 6.936e+01 1.400e+01
s>            ( - -1.908e+03 2 0)
s>            ( - -7.439e+02 2 0)))INFO: dtree.c(1439): stop. leaf nodes are specific
INFO: dtree.c(1478): Final simple tree
|( QUESTION17 -1 -3.411e+03 1.014e+02 1.693e+01
|    ( - -2.820e+03 2 0)
|    ( - -4.895e+02 1 0))
s>    ( QUESTION17 -1 -3.411e+03 1.014e+02 1.693e+01
s>        ( - -2.820e+03 2 0)
s>        ( - -4.895e+02 1 0))INFO: dtree.c(1315): Comp split 60
INFO: dtree.c(1439): stop. leaf nodes are specific
INFO: dtree.c(1478): Final simple tree
|( WDBNDRY_B 0 -3.911e+04 1.300e+02 1.918e+02
|    ( QUESTION2_10_L -1 -8.918e+03 1.133e+02 4.397e+01
|        ( - -1.510e+03 2 0)
|        ( QUESTION0_0_R 1 -7.294e+03 9.167e+01 3.597e+01
|            ( - -6.467e+03 3 0)
|            ( - -7.359e+02 1 0)))
|    ( - -3.006e+04 4 0))
s>    ( WDBNDRY_B 0 -3.911e+04 1.300e+02 1.918e+02
s>        ( QUESTION2_10_L -1 -8.918e+03 1.133e+02 4.397e+01
s>            ( - -1.510e+03 2 0)
s>            ( QUESTION0_0_R 1 -7.294e+03 9.167e+01 3.597e+01
s>                ( - -6.467e+03 3 0)
s>                ( - -7.359e+02 1 0)))
s>        ( - -3.006e+04 4 0))INFO: dtree.c(1315): Comp split 61
INFO: dtree.c(1439): stop. leaf nodes are specific
INFO: dtree.c(1478): Final simple tree
|( WDBNDRY_E 0 -1.090e+04 1.066e+02 5.191e+01
|    ( - -4.777e+03 4 0)
|    ( - -6.020e+03 4 0))
s>    ( WDBNDRY_E 0 -1.090e+04 1.066e+02 5.191e+01
s>        ( - -4.777e+03 4 0)
s>        ( - -6.020e+03 4 0))INFO: dtree.c(1439): stop. leaf nodes are specific
INFO: dtree.c(1478): Final simple tree
|( QUESTION2_0_L -1 -1.383e+05 1.244e+02 6.597e+02
|    ( - -1.731e+03 2 0)
|    ( WDBNDRY_E 0 -1.365e+05 9.448e+01 6.507e+02
|        ( - -5.561e+02 2 0)
|        ( - -1.358e+05 20 0)))
s>    ( QUESTION2_0_L -1 -1.383e+05 1.244e+02 6.597e+02
s>        ( - -1.731e+03 2 0)
s>        ( WDBNDRY_E 0 -1.365e+05 9.448e+01 6.507e+02
s>            ( - -5.561e+02 2 0)
s>            ( - -1.358e+05 20 0)))INFO: dtree.c(1315): Comp split 62
INFO: dtree.c(1439): stop. leaf nodes are specific
INFO: dtree.c(1478): Final simple tree
|( WDBNDRY_E 0 -2.960e+04 8.725e+01 1.401e+02
|    ( - -1.138e+03 1 0)
|    ( - -2.838e+04 3 0))
s>    ( WDBNDRY_E 0 -2.960e+04 8.725e+01 1.401e+02
s>        ( - -1.138e+03 1 0)
s>        ( - -2.838e+04 3 0))INFO: dtree.c(1315): Comp split 63
INFO: dtree.c(1439): stop. leaf nodes are specific
INFO: dtree.c(1478): Final simple tree
|( QUESTION2 -1 -2.523e+04 9.385e+01 1.209e+02
|    ( - -5.624e+03 4 0)
|    ( - -1.951e+04 5 0))
s>    ( QUESTION2 -1 -2.523e+04 9.385e+01 1.209e+02
s>        ( - -5.624e+03 4 0)
s>        ( - -1.951e+04 5 0))INFO: dtree.c(1315): Comp split 64
INFO: dtree.c(1439): stop. leaf nodes are specific
INFO: dtree.c(1478): Final simple tree
|( QUESTION12 -1 -3.323e+03 6.288e+01 1.699e+01
|    ( - -9.169e+02 1 0)
|    ( - -2.343e+03 3 0))
s>    ( QUESTION12 -1 -3.323e+03 6.288e+01 1.699e+01
s>        ( - -9.169e+02 1 0)
s>        ( - -2.343e+03 3 0))INFO: dtree.c(1439): stop. leaf nodes are specific
INFO: dtree.c(1478): Final simple tree
|( QUESTION3 -1 -2.554e+04 1.117e+02 1.247e+02
|    ( - -1.121e+03 3 0)
|    ( QUESTION2 -1 -2.431e+04 1.042e+02 1.187e+02
|        ( - -6.724e+03 5 0)
|        ( QUESTION0 -1 -1.748e+04 8.875e+01 8.582e+01
|            ( - -1.562e+04 9 0)
|            ( - -1.769e+03 1 0))))
s>    ( QUESTION3 -1 -2.554e+04 1.117e+02 1.247e+02
s>        ( - -1.121e+03 3 0)
s>        ( QUESTION2 -1 -2.431e+04 1.042e+02 1.187e+02
s>            ( - -6.724e+03 5 0)
s>            ( QUESTION0 -1 -1.748e+04 8.875e+01 8.582e+01
s>                ( - -1.562e+04 9 0)
s>                ( - -1.769e+03 1 0))))INFO: dtree.c(1315): Comp split 65
INFO: dtree.c(1439): stop. leaf nodes are specific
INFO: dtree.c(1478): Final simple tree
|( QUESTION2_10_L -1 -8.918e+03 1.133e+02 4.397e+01
|    ( - -1.510e+03 2 0)
|    ( QUESTION0_0_R 1 -7.294e+03 9.167e+01 3.597e+01
|        ( - -6.467e+03 3 0)
|        ( - -7.359e+02 1 0)))
s>    ( QUESTION2_10_L -1 -8.918e+03 1.133e+02 4.397e+01
s>        ( - -1.510e+03 2 0)
s>        ( QUESTION0_0_R 1 -7.294e+03 9.167e+01 3.597e+01
s>            ( - -6.467e+03 3 0)
s>            ( - -7.359e+02 1 0)))INFO: dtree.c(1315): Comp split 66
INFO: dtree.c(1315): Comp split 67
INFO: dtree.c(1439): stop. leaf nodes are specific
INFO: dtree.c(1478): Final simple tree
|( WDBNDRY_E 0 -4.572e+03 1.184e+02 2.300e+01
|    ( - -1.527e+03 1 0)
|    ( - -2.927e+03 3 0))
s>    ( WDBNDRY_E 0 -4.572e+03 1.184e+02 2.300e+01
s>        ( - -1.527e+03 1 0)
s>        ( - -2.927e+03 3 0))INFO: dtree.c(1315): Comp split 68
INFO: dtree.c(1439): stop. leaf nodes are specific
INFO: dtree.c(1478): Final simple tree
|( WDBNDRY_E 0 -5.733e+03 9.811e+01 2.889e+01
|    ( - -4.117e+03 2 0)
|    ( - -1.518e+03 2 0))
s>    ( WDBNDRY_E 0 -5.733e+03 9.811e+01 2.889e+01
s>        ( - -4.117e+03 2 0)
s>        ( - -1.518e+03 2 0))INFO: dtree.c(1315): Comp split 69
INFO: dtree.c(1439): stop. leaf nodes are specific
INFO: dtree.c(1478): Final simple tree
|( WDBNDRY_E 0 -1.365e+05 9.448e+01 6.507e+02
|    ( - -5.561e+02 2 0)
|    ( - -1.358e+05 20 0))
s>    ( WDBNDRY_E 0 -1.365e+05 9.448e+01 6.507e+02
s>        ( - -5.561e+02 2 0)
s>        ( - -1.358e+05 20 0))INFO: dtree.c(1315): Comp split 70
INFO: dtree.c(1439): stop. leaf nodes are specific
INFO: dtree.c(1478): Final simple tree
|( QUESTION0 -1 -5.492e+03 9.620e+01 2.763e+01
|    ( - -7.102e+02 1 0)
|    ( - -4.685e+03 1 0))
s>    ( QUESTION0 -1 -5.492e+03 9.620e+01 2.763e+01
s>        ( - -7.102e+02 1 0)
s>        ( - -4.685e+03 1 0))INFO: dtree.c(1315): Comp split 71
INFO: dtree.c(1315): Comp split 72
INFO: dtree.c(1315): Comp split 73
INFO: dtree.c(1315): Comp split 74
INFO: dtree.c(1439): stop. leaf nodes are specific
INFO: dtree.c(1478): Final simple tree
|( WDBNDRY_B 0 -6.297e+03 9.609e+01 3.157e+01
|    ( - -5.135e+02 1 0)
|    ( - -5.688e+03 1 0))
s>    ( WDBNDRY_B 0 -6.297e+03 9.609e+01 3.157e+01
s>        ( - -5.135e+02 1 0)
s>        ( - -5.688e+03 1 0))INFO: dtree.c(1315): Comp split 75
INFO: dtree.c(1315): Comp split 76
INFO: dtree.c(1439): stop. leaf nodes are specific
INFO: dtree.c(1478): Final simple tree
|( QUESTION0_0_R 1 -7.294e+03 9.167e+01 3.597e+01
|    ( - -6.467e+03 3 0)
|    ( - -7.359e+02 1 0))
s>    ( QUESTION0_0_R 1 -7.294e+03 9.167e+01 3.597e+01
s>        ( - -6.467e+03 3 0)
s>        ( - -7.359e+02 1 0))INFO: dtree.c(1315): Comp split 77
INFO: dtree.c(1439): stop. leaf nodes are specific
INFO: dtree.c(1478): Final simple tree
|( QUESTION2 -1 -2.431e+04 1.042e+02 1.187e+02
|    ( - -6.724e+03 5 0)
|    ( QUESTION0 -1 -1.748e+04 8.875e+01 8.582e+01
|        ( - -1.562e+04 9 0)
|        ( - -1.769e+03 1 0)))
s>    ( QUESTION2 -1 -2.431e+04 1.042e+02 1.187e+02
s>        ( - -6.724e+03 5 0)
s>        ( QUESTION0 -1 -1.748e+04 8.875e+01 8.582e+01
s>            ( - -1.562e+04 9 0)
s>            ( - -1.769e+03 1 0)))INFO: dtree.c(1315): Comp split 78
INFO: dtree.c(1439): stop. leaf nodes are specific
INFO: dtree.c(1478): Final simple tree
|( QUESTION13 -1 -2.722e+03 6.936e+01 1.400e+01
|    ( - -1.908e+03 2 0)
|    ( - -7.439e+02 2 0))
s>    ( QUESTION13 -1 -2.722e+03 6.936e+01 1.400e+01
s>        ( - -1.908e+03 2 0)
s>        ( - -7.439e+02 2 0))INFO: dtree.c(1315): Comp split 79
INFO: dtree.c(1315): Comp split 80
INFO: dtree.c(1439): stop. leaf nodes are specific
INFO: dtree.c(1478): Final simple tree
|( WDBNDRY_E 0 -1.296e+03 9.319e+01 7.000e+00
|    ( - -5.190e+02 1 0)
|    ( - -6.841e+02 1 0))
s>    ( WDBNDRY_E 0 -1.296e+03 9.319e+01 7.000e+00
s>        ( - -5.190e+02 1 0)
s>        ( - -6.841e+02 1 0))INFO: dtree.c(1315): Comp split 81
INFO: dtree.c(1315): Comp split 82
INFO: dtree.c(1315): Comp split 83
INFO: dtree.c(1315): Comp split 84
INFO: dtree.c(1439): stop. leaf nodes are specific
INFO: dtree.c(1478): Final simple tree
|( QUESTION0 -1 -1.748e+04 8.875e+01 8.582e+01
|    ( - -1.562e+04 9 0)
|    ( - -1.769e+03 1 0))
s>    ( QUESTION0 -1 -1.748e+04 8.875e+01 8.582e+01
s>        ( - -1.562e+04 9 0)
s>        ( - -1.769e+03 1 0))INFO: dtree.c(1315): Comp split 85
INFO: dtree.c(1315): Comp split 86
INFO: dtree.c(1315): Comp split 87
INFO: dtree.c(1439): stop. leaf nodes are specific
INFO: dtree.c(1478): Final simple tree
|( WDBNDRY_B 0 -1.681e+04 9.500e+01 8.109e+01
|    ( - -1.406e+04 6 0)
|    ( - -2.653e+03 3 0))
s>    ( WDBNDRY_B 0 -1.681e+04 9.500e+01 8.109e+01
s>        ( - -1.406e+04 6 0)
s>        ( - -2.653e+03 3 0))INFO: dtree.c(1315): Comp split 88
INFO: dtree.c(1315): Comp split 89
INFO: dtree.c(1315): Comp split 90
INFO: dtree.c(1315): Comp split 91
INFO: dtree.c(1315): Comp split 92
INFO: dtree.c(1315): Comp split 93
INFO: dtree.c(1315): Comp split 94
INFO: dtree.c(1315): Comp split 95
INFO: dtree.c(1315): Comp split 96
INFO: dtree.c(1315): Comp split 97
INFO: dtree.c(1315): Comp split 98
INFO: dtree.c(1315): Comp split 99
INFO: dtree.c(1315): Comp split 100
INFO: dtree.c(1315): Comp split 101
INFO: dtree.c(1318): stop. leaf nodes are specific
!!!!!!!!Allocated 66 lines
Fri Apr  8 00:56:23 2016
