Current configuration:
[NAME]		[DEFLT]	[VALUE]
-allphones	no	no
-cntthresh	0.00001	1.000000e-05
-csplitmax	100	2000
-csplitmin	1	1
-csplitthr	8e-4	0.000000e+00
-example	no	no
-fullvar	no	no
-help		no	no
-meanfn			/home/yaroslav/model/model_parameters/ua.cd_cont_untied/means
-mixwfn			/home/yaroslav/model/model_parameters/ua.cd_cont_untied/mixture_weights
-moddeffn		/home/yaroslav/model/model_architecture/ua.untied.mdef
-mwfloor	1e-4	1.000000e-08
-phone			VV
-psetfn			/home/yaroslav/model/model_architecture/ua.tree_questions
-ssplitmax	5	7
-ssplitmin	1	1
-ssplitthr	8e-4	0.000000e+00
-state			2
-stwt			1.0,0.05,0.0,
-treefn			/home/yaroslav/model/trees/ua.unpruned/VV-2.dtree
-ts2cbfn	.semi.	.cont.
-varfloor	0.00001	1.000000e-05
-varfn			/home/yaroslav/model/model_parameters/ua.cd_cont_untied/variances

INFO: main.c(223): Reading: /home/yaroslav/model/model_architecture/ua.untied.mdef
INFO: model_def_io.c(573): Model definition info:
INFO: model_def_io.c(574): 9365 total models defined (51 base, 9314 tri)
INFO: model_def_io.c(575): 37460 total states
INFO: model_def_io.c(576): 28095 total tied states
INFO: model_def_io.c(577): 153 total tied CI states
INFO: model_def_io.c(578): 51 total tied transition matrices
INFO: model_def_io.c(579): 4 max state/model
INFO: model_def_io.c(580): 4 min state/model
INFO: main.c(242): Building trees for [VV A A i] through [VV І І b]
INFO: main.c(269): Covering states |[22404 22532]| == 129
INFO: main.c(275): Reading: /home/yaroslav/model/model_parameters/ua.cd_cont_untied/mixture_weights
INFO: s3mixw_io.c(173): Read /home/yaroslav/model/model_parameters/ua.cd_cont_untied/mixture_weights [129x1x1 array]
INFO: main.c(311): 43 of 43 models have observation count greater than 0.000010
INFO: main.c(95): nrm stwt: 0.000 0.048 0.952 
INFO: s3gau_io.c(169): Read /home/yaroslav/model/model_parameters/ua.cd_cont_untied/means [28095x1x1 array]
INFO: s3gau_io.c(169): Read /home/yaroslav/model/model_parameters/ua.cd_cont_untied/variances [28095x1x1 array]
INFO: main.c(549): Reading: /home/yaroslav/model/model_architecture/ua.tree_questions
INFO: main.c(588): 180 total simple questions (172 phone; 8 word bndry)
INFO: main.c(590): 42 Left Only questions, and 42 Right Only questions
INFO: dtree.c(1478): Final simple tree
|( QUESTION2_0_L -1 -1.619e+05 6.736e+02 7.652e+02
|    ( QUESTION13 -1 -6.090e+04 4.476e+02 2.833e+02
|        ( - 2.426e+02 1 0)
|        ( QUESTION0_0_R 1 -6.070e+04 4.059e+02 2.823e+02
|            ( WDBNDRY_B 0 -5.560e+04 2.784e+02 2.576e+02
|                ( - -1.185e+04 8 0 QUESTION5 -1 1.785e+02 5.660e+01)
|                ( - -4.347e+04 6 0 QUESTION2 -1 1.820e+02 2.010e+02))
|            ( QUESTION2 -1 -4.691e+03 2.662e+02 2.476e+01
|                ( - -1.067e+03 1 0)
|                ( - -3.358e+03 1 0))))
|    ( QUESTION0_0_R 1 -1.004e+05 2.975e+02 4.819e+02
|        ( QUESTION2_12_L -1 -9.363e+04 2.805e+02 4.518e+02
|            ( - -3.024e+04 8 0 WDBNDRY_B 0 1.523e+02 1.473e+02)
|            ( - -6.311e+04 15 0 QUESTION15 -1 1.855e+02 3.045e+02))
|        ( - -6.429e+03 3 0 QUESTION2_12_L -1 1.696e+02 3.004e+01)))
s>    ( QUESTION2_0_L -1 -1.619e+05 6.736e+02 7.652e+02
s>        ( QUESTION13 -1 -6.090e+04 4.476e+02 2.833e+02
s>            ( - 2.426e+02 1 0)
s>            ( QUESTION0_0_R 1 -6.070e+04 4.059e+02 2.823e+02
s>                ( WDBNDRY_B 0 -5.560e+04 2.784e+02 2.576e+02
s>                    ( - -1.185e+04 8 0 QUESTION5 -1 1.785e+02 5.660e+01)
s>                    ( - -4.347e+04 6 0 QUESTION2 -1 1.820e+02 2.010e+02))
s>                ( QUESTION2 -1 -4.691e+03 2.662e+02 2.476e+01
s>                    ( - -1.067e+03 1 0)
s>                    ( - -3.358e+03 1 0))))
s>        ( QUESTION0_0_R 1 -1.004e+05 2.975e+02 4.819e+02
s>            ( QUESTION2_12_L -1 -9.363e+04 2.805e+02 4.518e+02
s>                ( - -3.024e+04 8 0 WDBNDRY_B 0 1.523e+02 1.473e+02)
s>                ( - -6.311e+04 15 0 QUESTION15 -1 1.855e+02 3.045e+02))
s>            ( - -6.429e+03 3 0 QUESTION2_12_L -1 1.696e+02 3.004e+01)))INFO: dtree.c(1315): Comp split 0
INFO: dtree.c(1439): stop. leaf nodes are specific
INFO: dtree.c(1478): Final simple tree
|( QUESTION0_0_R 1 -5.141e+04 2.840e+02 2.370e+02
|    ( QUESTION2 -1 -4.347e+04 1.820e+02 2.010e+02
|        ( - -1.439e+04 3 0)
|        ( - -2.890e+04 3 0))
|    ( QUESTION2_12_L -1 -7.657e+03 1.827e+02 3.604e+01
|        ( - -3.751e+03 1 0)
|        ( QUESTION0 -1 -3.723e+03 1.482e+02 1.800e+01
|            ( - -2.508e+03 2 0)
|            ( - -1.067e+03 1 0))))
s>    ( QUESTION0_0_R 1 -5.141e+04 2.840e+02 2.370e+02
s>        ( QUESTION2 -1 -4.347e+04 1.820e+02 2.010e+02
s>            ( - -1.439e+04 3 0)
s>            ( - -2.890e+04 3 0))
s>        ( QUESTION2_12_L -1 -7.657e+03 1.827e+02 3.604e+01
s>            ( - -3.751e+03 1 0)
s>            ( QUESTION0 -1 -3.723e+03 1.482e+02 1.800e+01
s>                ( - -2.508e+03 2 0)
s>                ( - -1.067e+03 1 0))))INFO: dtree.c(1478): Final simple tree
|( QUESTION0_0_R 1 -1.097e+05 4.551e+02 5.282e+02
|    ( QUESTION2_10_L -1 -1.059e+05 4.438e+02 5.094e+02
|        ( - 2.426e+02 1 0)
|        ( QUESTION2_12_L -1 -1.057e+05 2.788e+02 5.084e+02
|            ( - -3.024e+04 8 0 WDBNDRY_B 0 1.523e+02 1.473e+02)
|            ( QUESTION2_11_L -1 -7.519e+04 2.322e+02 3.611e+02
|                ( QUESTION15 -1 -6.250e+04 1.853e+02 3.015e+02
|                    ( - -3.699e+03 1 0)
|                    ( WDBNDRY_B 0 -5.861e+04 1.846e+02 2.832e+02
|                        ( - -3.952e+04 9 0 QUESTION17 -1 1.870e+02 1.916e+02)
|                        ( - -1.890e+04 4 0 QUESTION2_16_L -1 3.130e+02 9.160e+01)))
|                ( QUESTION5 -1 -1.246e+04 1.879e+02 5.960e+01
|                    ( - -4.136e+03 1 0)
|                    ( - -8.138e+03 8 0 QUESTION6 -1 1.434e+02 4.003e+01)))))
|    ( - -3.358e+03 1 0))
s>    ( QUESTION0_0_R 1 -1.097e+05 4.551e+02 5.282e+02
s>        ( QUESTION2_10_L -1 -1.059e+05 4.438e+02 5.094e+02
s>            ( - 2.426e+02 1 0)
s>            ( QUESTION2_12_L -1 -1.057e+05 2.788e+02 5.084e+02
s>                ( - -3.024e+04 8 0 WDBNDRY_B 0 1.523e+02 1.473e+02)
s>                ( QUESTION2_11_L -1 -7.519e+04 2.322e+02 3.611e+02
s>                    ( QUESTION15 -1 -6.250e+04 1.853e+02 3.015e+02
s>                        ( - -3.699e+03 1 0)
s>                        ( WDBNDRY_B 0 -5.861e+04 1.846e+02 2.832e+02
s>                            ( - -3.952e+04 9 0 QUESTION17 -1 1.870e+02 1.916e+02)
s>                            ( - -1.890e+04 4 0 QUESTION2_16_L -1 3.130e+02 9.160e+01)))
s>                    ( QUESTION5 -1 -1.246e+04 1.879e+02 5.960e+01
s>                        ( - -4.136e+03 1 0)
s>                        ( - -8.138e+03 8 0 QUESTION6 -1 1.434e+02 4.003e+01)))))
s>        ( - -3.358e+03 1 0))INFO: dtree.c(1315): Comp split 1
INFO: dtree.c(1478): Final simple tree
|( QUESTION2_10_L -1 -1.059e+05 4.438e+02 5.094e+02
|    ( - 2.426e+02 1 0)
|    ( QUESTION2_12_L -1 -1.057e+05 2.788e+02 5.084e+02
|        ( - -3.024e+04 8 0 WDBNDRY_B 0 1.523e+02 1.473e+02)
|        ( QUESTION2_11_L -1 -7.519e+04 2.322e+02 3.611e+02
|            ( QUESTION15 -1 -6.250e+04 1.853e+02 3.015e+02
|                ( - -3.699e+03 1 0)
|                ( WDBNDRY_B 0 -5.861e+04 1.846e+02 2.832e+02
|                    ( - -3.952e+04 9 0 QUESTION17 -1 1.870e+02 1.916e+02)
|                    ( QUESTION2_16_L -1 -1.890e+04 3.130e+02 9.160e+01
|                        ( - -6.451e+03 1 0)
|                        ( - -1.214e+04 3 0 QUESTION0 -1 2.114e+02 5.849e+01))))
|            ( QUESTION5 -1 -1.246e+04 1.879e+02 5.960e+01
|                ( - -4.136e+03 1 0)
|                ( - -8.138e+03 8 0 QUESTION6 -1 1.434e+02 4.003e+01)))))
s>    ( QUESTION2_10_L -1 -1.059e+05 4.438e+02 5.094e+02
s>        ( - 2.426e+02 1 0)
s>        ( QUESTION2_12_L -1 -1.057e+05 2.788e+02 5.084e+02
s>            ( - -3.024e+04 8 0 WDBNDRY_B 0 1.523e+02 1.473e+02)
s>            ( QUESTION2_11_L -1 -7.519e+04 2.322e+02 3.611e+02
s>                ( QUESTION15 -1 -6.250e+04 1.853e+02 3.015e+02
s>                    ( - -3.699e+03 1 0)
s>                    ( WDBNDRY_B 0 -5.861e+04 1.846e+02 2.832e+02
s>                        ( - -3.952e+04 9 0 QUESTION17 -1 1.870e+02 1.916e+02)
s>                        ( QUESTION2_16_L -1 -1.890e+04 3.130e+02 9.160e+01
s>                            ( - -6.451e+03 1 0)
s>                            ( - -1.214e+04 3 0 QUESTION0 -1 2.114e+02 5.849e+01))))
s>                ( QUESTION5 -1 -1.246e+04 1.879e+02 5.960e+01
s>                    ( - -4.136e+03 1 0)
s>                    ( - -8.138e+03 8 0 QUESTION6 -1 1.434e+02 4.003e+01)))))INFO: dtree.c(1315): Comp split 2
INFO: dtree.c(1478): Final simple tree
|( QUESTION2_12_L -1 -1.057e+05 2.788e+02 5.084e+02
|    ( - -3.024e+04 8 0 WDBNDRY_B 0 1.523e+02 1.473e+02)
|    ( QUESTION2_11_L -1 -7.519e+04 2.322e+02 3.611e+02
|        ( QUESTION15 -1 -6.250e+04 1.853e+02 3.015e+02
|            ( - -3.699e+03 1 0)
|            ( WDBNDRY_B 0 -5.861e+04 1.846e+02 2.832e+02
|                ( - -3.952e+04 9 0 QUESTION17 -1 1.870e+02 1.916e+02)
|                ( QUESTION2_16_L -1 -1.890e+04 3.130e+02 9.160e+01
|                    ( - -6.451e+03 1 0)
|                    ( QUESTION0 -1 -1.214e+04 2.114e+02 5.849e+01
|                        ( - -1.172e+04 2 0)
|                        ( - -2.108e+02 1 0)))))
|        ( QUESTION5 -1 -1.246e+04 1.879e+02 5.960e+01
|            ( - -4.136e+03 1 0)
|            ( - -8.138e+03 8 0 QUESTION6 -1 1.434e+02 4.003e+01))))
s>    ( QUESTION2_12_L -1 -1.057e+05 2.788e+02 5.084e+02
s>        ( - -3.024e+04 8 0 WDBNDRY_B 0 1.523e+02 1.473e+02)
s>        ( QUESTION2_11_L -1 -7.519e+04 2.322e+02 3.611e+02
s>            ( QUESTION15 -1 -6.250e+04 1.853e+02 3.015e+02
s>                ( - -3.699e+03 1 0)
s>                ( WDBNDRY_B 0 -5.861e+04 1.846e+02 2.832e+02
s>                    ( - -3.952e+04 9 0 QUESTION17 -1 1.870e+02 1.916e+02)
s>                    ( QUESTION2_16_L -1 -1.890e+04 3.130e+02 9.160e+01
s>                        ( - -6.451e+03 1 0)
s>                        ( QUESTION0 -1 -1.214e+04 2.114e+02 5.849e+01
s>                            ( - -1.172e+04 2 0)
s>                            ( - -2.108e+02 1 0)))))
s>            ( QUESTION5 -1 -1.246e+04 1.879e+02 5.960e+01
s>                ( - -4.136e+03 1 0)
s>                ( - -8.138e+03 8 0 QUESTION6 -1 1.434e+02 4.003e+01))))INFO: dtree.c(1315): Comp split 3
INFO: dtree.c(1478): Final simple tree
|( QUESTION2_12_L -1 -5.533e+04 2.703e+02 2.654e+02
|    ( WDBNDRY_B 0 -3.024e+04 1.523e+02 1.473e+02
|        ( - -1.818e+04 5 0 QUESTION0 -1 8.157e+01 8.906e+01)
|        ( - -1.191e+04 3 0))
|    ( QUESTION0 -1 -2.482e+04 2.203e+02 1.181e+02
|        ( - -1.172e+04 2 0)
|        ( WDBNDRY_B 0 -1.288e+04 2.064e+02 6.160e+01
|            ( QUESTION5 -1 -1.246e+04 1.879e+02 5.960e+01
|                ( - -4.136e+03 1 0)
|                ( QUESTION6 -1 -8.138e+03 1.434e+02 4.003e+01
|                    ( - -2.911e+03 2 0 QUESTION2_1_L -1 1.140e+02 1.502e+01)
|                    ( QUESTION9 -1 -5.084e+03 1.159e+02 2.500e+01
|                        ( - -7.545e+02 1 0)
|                        ( - -4.213e+03 5 0 SILENCE -1 1.057e+02 2.100e+01))))
|            ( - -2.108e+02 1 0))))
s>    ( QUESTION2_12_L -1 -5.533e+04 2.703e+02 2.654e+02
s>        ( WDBNDRY_B 0 -3.024e+04 1.523e+02 1.473e+02
s>            ( - -1.818e+04 5 0 QUESTION0 -1 8.157e+01 8.906e+01)
s>            ( - -1.191e+04 3 0))
s>        ( QUESTION0 -1 -2.482e+04 2.203e+02 1.181e+02
s>            ( - -1.172e+04 2 0)
s>            ( WDBNDRY_B 0 -1.288e+04 2.064e+02 6.160e+01
s>                ( QUESTION5 -1 -1.246e+04 1.879e+02 5.960e+01
s>                    ( - -4.136e+03 1 0)
s>                    ( QUESTION6 -1 -8.138e+03 1.434e+02 4.003e+01
s>                        ( - -2.911e+03 2 0 QUESTION2_1_L -1 1.140e+02 1.502e+01)
s>                        ( QUESTION9 -1 -5.084e+03 1.159e+02 2.500e+01
s>                            ( - -7.545e+02 1 0)
s>                            ( - -4.213e+03 5 0 SILENCE -1 1.057e+02 2.100e+01))))
s>                ( - -2.108e+02 1 0))))INFO: dtree.c(1478): Final simple tree
|( WDBNDRY_B 0 -5.005e+04 2.095e+02 2.430e+02
|    ( QUESTION17 -1 -3.952e+04 1.870e+02 1.916e+02
|        ( QUESTION19 -1 -1.431e+04 1.626e+02 7.010e+01
|            ( - -2.710e+03 1 0)
|            ( QUESTION18 -1 -1.143e+04 1.239e+02 5.601e+01
|                ( - -1.305e+03 1 0)
|                ( - -1.000e+04 1 0)))
|        ( QUESTION2_16_L -1 -2.503e+04 1.638e+02 1.215e+02
|            ( - -3.138e+03 1 0)
|            ( QUESTION20 -1 -2.173e+04 1.283e+02 1.059e+02
|                ( - -2.759e+02 2 0)
|                ( - -2.133e+04 3 0 QUESTION0 -1 9.403e+01 1.039e+02))))
|    ( QUESTION0 -1 -1.032e+04 1.706e+02 5.142e+01
|        ( - -6.451e+03 1 0)
|        ( - -3.699e+03 1 0)))
s>    ( WDBNDRY_B 0 -5.005e+04 2.095e+02 2.430e+02
s>        ( QUESTION17 -1 -3.952e+04 1.870e+02 1.916e+02
s>            ( QUESTION19 -1 -1.431e+04 1.626e+02 7.010e+01
s>                ( - -2.710e+03 1 0)
s>                ( QUESTION18 -1 -1.143e+04 1.239e+02 5.601e+01
s>                    ( - -1.305e+03 1 0)
s>                    ( - -1.000e+04 1 0)))
s>            ( QUESTION2_16_L -1 -2.503e+04 1.638e+02 1.215e+02
s>                ( - -3.138e+03 1 0)
s>                ( QUESTION20 -1 -2.173e+04 1.283e+02 1.059e+02
s>                    ( - -2.759e+02 2 0)
s>                    ( - -2.133e+04 3 0 QUESTION0 -1 9.403e+01 1.039e+02))))
s>        ( QUESTION0 -1 -1.032e+04 1.706e+02 5.142e+01
s>            ( - -6.451e+03 1 0)
s>            ( - -3.699e+03 1 0)))INFO: dtree.c(1315): Comp split 4
INFO: dtree.c(1439): stop. leaf nodes are specific
INFO: dtree.c(1478): Final simple tree
|( QUESTION2_12_L -1 -7.657e+03 1.827e+02 3.604e+01
|    ( - -3.751e+03 1 0)
|    ( QUESTION0 -1 -3.723e+03 1.482e+02 1.800e+01
|        ( - -2.508e+03 2 0)
|        ( - -1.067e+03 1 0)))
s>    ( QUESTION2_12_L -1 -7.657e+03 1.827e+02 3.604e+01
s>        ( - -3.751e+03 1 0)
s>        ( QUESTION0 -1 -3.723e+03 1.482e+02 1.800e+01
s>            ( - -2.508e+03 2 0)
s>            ( - -1.067e+03 1 0)))INFO: dtree.c(1439): stop. leaf nodes are specific
INFO: dtree.c(1478): Final simple tree
|( QUESTION2 -1 -4.347e+04 1.820e+02 2.010e+02
|    ( - -1.439e+04 3 0)
|    ( - -2.890e+04 3 0))
s>    ( QUESTION2 -1 -4.347e+04 1.820e+02 2.010e+02
s>        ( - -1.439e+04 3 0)
s>        ( - -2.890e+04 3 0))INFO: dtree.c(1315): Comp split 5
INFO: dtree.c(1478): Final simple tree
|( QUESTION0 -1 -2.482e+04 2.203e+02 1.181e+02
|    ( - -1.172e+04 2 0)
|    ( WDBNDRY_B 0 -1.288e+04 2.064e+02 6.160e+01
|        ( QUESTION5 -1 -1.246e+04 1.879e+02 5.960e+01
|            ( - -4.136e+03 1 0)
|            ( QUESTION6 -1 -8.138e+03 1.434e+02 4.003e+01
|                ( QUESTION2_1_L -1 -2.911e+03 1.140e+02 1.502e+01
|                    ( - -1.470e+03 1 0)
|                    ( - -1.326e+03 1 0))
|                ( QUESTION9 -1 -5.084e+03 1.159e+02 2.500e+01
|                    ( - -7.545e+02 1 0)
|                    ( SILENCE -1 -4.213e+03 1.057e+02 2.100e+01
|                        ( - -4.923e+02 1 0)
|                        ( - -3.615e+03 4 0 QUESTION2 -1 9.351e+01 1.800e+01)))))
|        ( - -2.108e+02 1 0)))
s>    ( QUESTION0 -1 -2.482e+04 2.203e+02 1.181e+02
s>        ( - -1.172e+04 2 0)
s>        ( WDBNDRY_B 0 -1.288e+04 2.064e+02 6.160e+01
s>            ( QUESTION5 -1 -1.246e+04 1.879e+02 5.960e+01
s>                ( - -4.136e+03 1 0)
s>                ( QUESTION6 -1 -8.138e+03 1.434e+02 4.003e+01
s>                    ( QUESTION2_1_L -1 -2.911e+03 1.140e+02 1.502e+01
s>                        ( - -1.470e+03 1 0)
s>                        ( - -1.326e+03 1 0))
s>                    ( QUESTION9 -1 -5.084e+03 1.159e+02 2.500e+01
s>                        ( - -7.545e+02 1 0)
s>                        ( SILENCE -1 -4.213e+03 1.057e+02 2.100e+01
s>                            ( - -4.923e+02 1 0)
s>                            ( - -3.615e+03 4 0 QUESTION2 -1 9.351e+01 1.800e+01)))))
s>            ( - -2.108e+02 1 0)))INFO: dtree.c(1439): stop. leaf nodes are specific
INFO: dtree.c(1478): Final simple tree
|( WDBNDRY_B 0 -3.024e+04 1.523e+02 1.473e+02
|    ( QUESTION0 -1 -1.818e+04 8.157e+01 8.906e+01
|        ( - -1.527e+04 3 0)
|        ( - -2.827e+03 2 0))
|    ( - -1.191e+04 3 0))
s>    ( WDBNDRY_B 0 -3.024e+04 1.523e+02 1.473e+02
s>        ( QUESTION0 -1 -1.818e+04 8.157e+01 8.906e+01
s>            ( - -1.527e+04 3 0)
s>            ( - -2.827e+03 2 0))
s>        ( - -1.191e+04 3 0))INFO: dtree.c(1315): Comp split 6
INFO: dtree.c(1439): stop. leaf nodes are specific
INFO: dtree.c(1478): Final simple tree
|( QUESTION15 -1 -3.320e+04 1.722e+02 1.624e+02
|    ( - -3.699e+03 1 0)
|    ( WDBNDRY_B 0 -2.933e+04 1.664e+02 1.441e+02
|        ( QUESTION0 -1 -2.271e+04 9.265e+01 1.109e+02
|            ( - -1.685e+04 2 0)
|            ( QUESTION17 -1 -5.766e+03 8.093e+01 2.896e+01
|                ( - -1.305e+03 1 0)
|                ( - -4.380e+03 1 0)))
|        ( - -6.451e+03 1 0)))
s>    ( QUESTION15 -1 -3.320e+04 1.722e+02 1.624e+02
s>        ( - -3.699e+03 1 0)
s>        ( WDBNDRY_B 0 -2.933e+04 1.664e+02 1.441e+02
s>            ( QUESTION0 -1 -2.271e+04 9.265e+01 1.109e+02
s>                ( - -1.685e+04 2 0)
s>                ( QUESTION17 -1 -5.766e+03 8.093e+01 2.896e+01
s>                    ( - -1.305e+03 1 0)
s>                    ( - -4.380e+03 1 0)))
s>            ( - -6.451e+03 1 0)))INFO: dtree.c(1439): stop. leaf nodes are specific
INFO: dtree.c(1478): Final simple tree
|( QUESTION0 -1 -1.659e+04 1.727e+02 8.065e+01
|    ( - -3.138e+03 1 0)
|    ( QUESTION18 -1 -1.328e+04 1.607e+02 6.510e+01
|        ( - -2.710e+03 1 0)
|        ( QUESTION14 -1 -1.041e+04 1.286e+02 5.101e+01
|            ( - -1.000e+04 1 0)
|            ( - -2.759e+02 2 0))))
s>    ( QUESTION0 -1 -1.659e+04 1.727e+02 8.065e+01
s>        ( - -3.138e+03 1 0)
s>        ( QUESTION18 -1 -1.328e+04 1.607e+02 6.510e+01
s>            ( - -2.710e+03 1 0)
s>            ( QUESTION14 -1 -1.041e+04 1.286e+02 5.101e+01
s>                ( - -1.000e+04 1 0)
s>                ( - -2.759e+02 2 0))))INFO: dtree.c(1315): Comp split 7
INFO: dtree.c(1439): stop. leaf nodes are specific
INFO: dtree.c(1478): Final simple tree
|( QUESTION6 -1 -7.262e+03 1.383e+02 3.603e+01
|    ( QUESTION2_1_L -1 -2.911e+03 1.140e+02 1.502e+01
|        ( - -1.470e+03 1 0)
|        ( - -1.326e+03 1 0))
|    ( SILENCE -1 -4.213e+03 1.057e+02 2.100e+01
|        ( - -4.923e+02 1 0)
|        ( QUESTION2 -1 -3.615e+03 9.351e+01 1.800e+01
|            ( - -3.122e+02 1 0)
|            ( - -3.210e+03 3 0))))
s>    ( QUESTION6 -1 -7.262e+03 1.383e+02 3.603e+01
s>        ( QUESTION2_1_L -1 -2.911e+03 1.140e+02 1.502e+01
s>            ( - -1.470e+03 1 0)
s>            ( - -1.326e+03 1 0))
s>        ( SILENCE -1 -4.213e+03 1.057e+02 2.100e+01
s>            ( - -4.923e+02 1 0)
s>            ( QUESTION2 -1 -3.615e+03 9.351e+01 1.800e+01
s>                ( - -3.122e+02 1 0)
s>                ( - -3.210e+03 3 0))))INFO: dtree.c(1439): stop. leaf nodes are specific
INFO: dtree.c(1478): Final simple tree
|( QUESTION13 -1 -1.731e+04 2.073e+02 8.207e+01
|    ( - -2.108e+02 1 0)
|    ( WDBNDRY_B 0 -1.690e+04 1.870e+02 8.007e+01
|        ( QUESTION2 -1 -4.991e+03 1.000e+02 2.358e+01
|            ( - -4.136e+03 1 0)
|            ( - -7.545e+02 1 0))
|        ( - -1.172e+04 2 0)))
s>    ( QUESTION13 -1 -1.731e+04 2.073e+02 8.207e+01
s>        ( - -2.108e+02 1 0)
s>        ( WDBNDRY_B 0 -1.690e+04 1.870e+02 8.007e+01
s>            ( QUESTION2 -1 -4.991e+03 1.000e+02 2.358e+01
s>                ( - -4.136e+03 1 0)
s>                ( - -7.545e+02 1 0))
s>            ( - -1.172e+04 2 0)))INFO: dtree.c(1315): Comp split 8
INFO: dtree.c(1439): stop. leaf nodes are specific
INFO: dtree.c(1478): Final simple tree
|( WDBNDRY_B 0 -1.690e+04 1.870e+02 8.007e+01
|    ( QUESTION2 -1 -4.991e+03 1.000e+02 2.358e+01
|        ( - -4.136e+03 1 0)
|        ( - -7.545e+02 1 0))
|    ( - -1.172e+04 2 0))
s>    ( WDBNDRY_B 0 -1.690e+04 1.870e+02 8.007e+01
s>        ( QUESTION2 -1 -4.991e+03 1.000e+02 2.358e+01
s>            ( - -4.136e+03 1 0)
s>            ( - -7.545e+02 1 0))
s>        ( - -1.172e+04 2 0))INFO: dtree.c(1315): Comp split 9
INFO: dtree.c(1439): stop. leaf nodes are specific
INFO: dtree.c(1478): Final simple tree
|( QUESTION14 -1 -6.390e+03 1.399e+02 3.164e+01
|    ( - -2.710e+03 1 0)
|    ( QUESTION0 -1 -3.541e+03 1.271e+02 1.755e+01
|        ( - -3.138e+03 1 0)
|        ( - -2.759e+02 2 0)))
s>    ( QUESTION14 -1 -6.390e+03 1.399e+02 3.164e+01
s>        ( - -2.710e+03 1 0)
s>        ( QUESTION0 -1 -3.541e+03 1.271e+02 1.755e+01
s>            ( - -3.138e+03 1 0)
s>            ( - -2.759e+02 2 0)))INFO: dtree.c(1315): Comp split 10
INFO: dtree.c(1439): stop. leaf nodes are specific
INFO: dtree.c(1478): Final simple tree
|( QUESTION2 -1 -4.991e+03 1.000e+02 2.358e+01
|    ( - -4.136e+03 1 0)
|    ( - -7.545e+02 1 0))
s>    ( QUESTION2 -1 -4.991e+03 1.000e+02 2.358e+01
s>        ( - -4.136e+03 1 0)
s>        ( - -7.545e+02 1 0))INFO: dtree.c(1315): Comp split 11
INFO: dtree.c(1439): stop. leaf nodes are specific
INFO: dtree.c(1478): Final simple tree
|( QUESTION0 -1 -3.723e+03 1.482e+02 1.800e+01
|    ( - -2.508e+03 2 0)
|    ( - -1.067e+03 1 0))
s>    ( QUESTION0 -1 -3.723e+03 1.482e+02 1.800e+01
s>        ( - -2.508e+03 2 0)
s>        ( - -1.067e+03 1 0))INFO: dtree.c(1315): Comp split 12
INFO: dtree.c(1315): Comp split 13
INFO: dtree.c(1439): stop. leaf nodes are specific
INFO: dtree.c(1478): Final simple tree
|( WDBNDRY_B 0 -2.933e+04 1.664e+02 1.441e+02
|    ( QUESTION0 -1 -2.271e+04 9.265e+01 1.109e+02
|        ( - -1.685e+04 2 0)
|        ( QUESTION17 -1 -5.766e+03 8.093e+01 2.896e+01
|            ( - -1.305e+03 1 0)
|            ( - -4.380e+03 1 0)))
|    ( - -6.451e+03 1 0))
s>    ( WDBNDRY_B 0 -2.933e+04 1.664e+02 1.441e+02
s>        ( QUESTION0 -1 -2.271e+04 9.265e+01 1.109e+02
s>            ( - -1.685e+04 2 0)
s>            ( QUESTION17 -1 -5.766e+03 8.093e+01 2.896e+01
s>                ( - -1.305e+03 1 0)
s>                ( - -4.380e+03 1 0)))
s>        ( - -6.451e+03 1 0))INFO: dtree.c(1315): Comp split 14
INFO: dtree.c(1439): stop. leaf nodes are specific
INFO: dtree.c(1478): Final simple tree
|( QUESTION0 -1 -2.271e+04 9.265e+01 1.109e+02
|    ( - -1.685e+04 2 0)
|    ( QUESTION17 -1 -5.766e+03 8.093e+01 2.896e+01
|        ( - -1.305e+03 1 0)
|        ( - -4.380e+03 1 0)))
s>    ( QUESTION0 -1 -2.271e+04 9.265e+01 1.109e+02
s>        ( - -1.685e+04 2 0)
s>        ( QUESTION17 -1 -5.766e+03 8.093e+01 2.896e+01
s>            ( - -1.305e+03 1 0)
s>            ( - -4.380e+03 1 0)))INFO: dtree.c(1315): Comp split 15
INFO: dtree.c(1439): stop. leaf nodes are specific
INFO: dtree.c(1478): Final simple tree
|( QUESTION0 -1 -1.818e+04 8.157e+01 8.906e+01
|    ( - -1.527e+04 3 0)
|    ( - -2.827e+03 2 0))
s>    ( QUESTION0 -1 -1.818e+04 8.157e+01 8.906e+01
s>        ( - -1.527e+04 3 0)
s>        ( - -2.827e+03 2 0))INFO: dtree.c(1315): Comp split 16
INFO: dtree.c(1315): Comp split 17
INFO: dtree.c(1439): stop. leaf nodes are specific
INFO: dtree.c(1478): Final simple tree
|( QUESTION0 -1 -3.541e+03 1.271e+02 1.755e+01
|    ( - -3.138e+03 1 0)
|    ( - -2.759e+02 2 0))
s>    ( QUESTION0 -1 -3.541e+03 1.271e+02 1.755e+01
s>        ( - -3.138e+03 1 0)
s>        ( - -2.759e+02 2 0))INFO: dtree.c(1315): Comp split 18
INFO: dtree.c(1439): stop. leaf nodes are specific
INFO: dtree.c(1478): Final simple tree
|( QUESTION2_1_L -1 -2.911e+03 1.140e+02 1.502e+01
|    ( - -1.470e+03 1 0)
|    ( - -1.326e+03 1 0))
s>    ( QUESTION2_1_L -1 -2.911e+03 1.140e+02 1.502e+01
s>        ( - -1.470e+03 1 0)
s>        ( - -1.326e+03 1 0))INFO: dtree.c(1439): stop. leaf nodes are specific
INFO: dtree.c(1478): Final simple tree
|( SILENCE -1 -4.213e+03 1.057e+02 2.100e+01
|    ( - -4.923e+02 1 0)
|    ( QUESTION2 -1 -3.615e+03 9.351e+01 1.800e+01
|        ( - -3.122e+02 1 0)
|        ( - -3.210e+03 3 0)))
s>    ( SILENCE -1 -4.213e+03 1.057e+02 2.100e+01
s>        ( - -4.923e+02 1 0)
s>        ( QUESTION2 -1 -3.615e+03 9.351e+01 1.800e+01
s>            ( - -3.122e+02 1 0)
s>            ( - -3.210e+03 3 0)))INFO: dtree.c(1315): Comp split 19
INFO: dtree.c(1315): Comp split 20
INFO: dtree.c(1315): Comp split 21
INFO: dtree.c(1439): stop. leaf nodes are specific
INFO: dtree.c(1478): Final simple tree
|( QUESTION2 -1 -3.615e+03 9.351e+01 1.800e+01
|    ( - -3.122e+02 1 0)
|    ( - -3.210e+03 3 0))
s>    ( QUESTION2 -1 -3.615e+03 9.351e+01 1.800e+01
s>        ( - -3.122e+02 1 0)
s>        ( - -3.210e+03 3 0))INFO: dtree.c(1315): Comp split 22
INFO: dtree.c(1315): Comp split 23
INFO: dtree.c(1315): Comp split 24
INFO: dtree.c(1439): stop. leaf nodes are specific
INFO: dtree.c(1478): Final simple tree
|( QUESTION17 -1 -5.766e+03 8.093e+01 2.896e+01
|    ( - -1.305e+03 1 0)
|    ( - -4.380e+03 1 0))
s>    ( QUESTION17 -1 -5.766e+03 8.093e+01 2.896e+01
s>        ( - -1.305e+03 1 0)
s>        ( - -4.380e+03 1 0))INFO: dtree.c(1315): Comp split 25
INFO: dtree.c(1315): Comp split 26
INFO: dtree.c(1315): Comp split 27
INFO: dtree.c(1318): stop. leaf nodes are specific
!!!!!!!!Allocated 68 lines
Fri Apr  8 18:33:00 2016
