Current configuration:
[NAME]		[DEFLT]	[VALUE]
-allphones	no	no
-cntthresh	0.00001	1.000000e-05
-csplitmax	100	2000
-csplitmin	1	1
-csplitthr	8e-4	0.000000e+00
-example	no	no
-fullvar	no	no
-help		no	no
-meanfn			/home/yaroslav/model/model_parameters/ua.cd_cont_untied/means
-mixwfn			/home/yaroslav/model/model_parameters/ua.cd_cont_untied/mixture_weights
-moddeffn		/home/yaroslav/model/model_architecture/ua.untied.mdef
-mwfloor	1e-4	1.000000e-08
-phone			ZH
-psetfn			/home/yaroslav/model/model_architecture/ua.tree_questions
-ssplitmax	5	7
-ssplitmin	1	1
-ssplitthr	8e-4	0.000000e+00
-state			0
-stwt			1.0,0.05,0.0,
-treefn			/home/yaroslav/model/trees/ua.unpruned/ZH-0.dtree
-ts2cbfn	.semi.	.cont.
-varfloor	0.00001	1.000000e-05
-varfn			/home/yaroslav/model/model_parameters/ua.cd_cont_untied/variances

INFO: main.c(223): Reading: /home/yaroslav/model/model_architecture/ua.untied.mdef
INFO: model_def_io.c(573): Model definition info:
INFO: model_def_io.c(574): 9391 total models defined (51 base, 9340 tri)
INFO: model_def_io.c(575): 37564 total states
INFO: model_def_io.c(576): 28173 total tied states
INFO: model_def_io.c(577): 153 total tied CI states
INFO: model_def_io.c(578): 51 total tied transition matrices
INFO: model_def_io.c(579): 4 max state/model
INFO: model_def_io.c(580): 4 min state/model
INFO: main.c(242): Building trees for [ZH A A b] through [ZH І Y i]
INFO: main.c(269): Covering states |[26328 26678]| == 351
INFO: main.c(275): Reading: /home/yaroslav/model/model_parameters/ua.cd_cont_untied/mixture_weights
INFO: s3mixw_io.c(173): Read /home/yaroslav/model/model_parameters/ua.cd_cont_untied/mixture_weights [351x1x1 array]
INFO: main.c(311): 116 of 117 models have observation count greater than 0.000010
INFO: main.c(95): nrm stwt: 0.952 0.048 0.000 
INFO: s3gau_io.c(169): Read /home/yaroslav/model/model_parameters/ua.cd_cont_untied/means [28173x1x1 array]
INFO: s3gau_io.c(169): Read /home/yaroslav/model/model_parameters/ua.cd_cont_untied/variances [28173x1x1 array]
INFO: main.c(549): Reading: /home/yaroslav/model/model_architecture/ua.tree_questions
INFO: main.c(588): 174 total simple questions (166 phone; 8 word bndry)
INFO: main.c(590): 40 Left Only questions, and 42 Right Only questions
INFO: dtree.c(1478): Final simple tree
|( QUESTION19 -1 -1.243e+05 1.521e+03 1.566e+03
|    ( QUESTION18 1 -7.172e+04 3.686e+02 9.240e+02
|        ( - -2.304e+04 14 0 WDBNDRY_E 0 1.637e+02 3.020e+02)
|        ( QUESTION0_1_R 1 -4.831e+04 4.149e+02 6.220e+02
|            ( - -1.201e+04 9 0 WDBNDRY_E 0 1.817e+02 1.643e+02)
|            ( - -3.588e+04 31 0 QUESTION0_13_R 1 2.915e+02 4.577e+02)))
|    ( QUESTION2_13_L -1 -5.109e+04 9.691e+02 6.424e+02
|        ( - -6.209e+03 3 0 QUESTION10 1 1.681e+02 7.477e+01)
|        ( QUESTION0_20_R 1 -4.391e+04 3.792e+02 5.676e+02
|            ( QUESTION0 1 -2.253e+04 2.991e+02 2.969e+02
|                ( - 2.303e+02 1 0)
|                ( WDBNDRY_E 0 -2.246e+04 2.994e+02 2.959e+02
|                    ( - -2.162e+03 4 0 QUESTION2_0_L -1 1.759e+02 3.101e+01)
|                    ( - -2.000e+04 27 0 QUESTION9 -1 2.608e+02 2.649e+02)))
|            ( - -2.100e+04 27 0 QUESTION0_2_R 1 2.790e+02 2.707e+02))))
s>    ( QUESTION19 -1 -1.243e+05 1.521e+03 1.566e+03
s>        ( QUESTION18 1 -7.172e+04 3.686e+02 9.240e+02
s>            ( - -2.304e+04 14 0 WDBNDRY_E 0 1.637e+02 3.020e+02)
s>            ( QUESTION0_1_R 1 -4.831e+04 4.149e+02 6.220e+02
s>                ( - -1.201e+04 9 0 WDBNDRY_E 0 1.817e+02 1.643e+02)
s>                ( - -3.588e+04 31 0 QUESTION0_13_R 1 2.915e+02 4.577e+02)))
s>        ( QUESTION2_13_L -1 -5.109e+04 9.691e+02 6.424e+02
s>            ( - -6.209e+03 3 0 QUESTION10 1 1.681e+02 7.477e+01)
s>            ( QUESTION0_20_R 1 -4.391e+04 3.792e+02 5.676e+02
s>                ( QUESTION0 1 -2.253e+04 2.991e+02 2.969e+02
s>                    ( - 2.303e+02 1 0)
s>                    ( WDBNDRY_E 0 -2.246e+04 2.994e+02 2.959e+02
s>                        ( - -2.162e+03 4 0 QUESTION2_0_L -1 1.759e+02 3.101e+01)
s>                        ( - -2.000e+04 27 0 QUESTION9 -1 2.608e+02 2.649e+02)))
s>                ( - -2.100e+04 27 0 QUESTION0_2_R 1 2.790e+02 2.707e+02))))INFO: dtree.c(1315): Comp split 0
INFO: dtree.c(1478): Final simple tree
|( QUESTION2_13_L -1 -5.109e+04 9.691e+02 6.424e+02
|    ( - -6.209e+03 3 0 QUESTION10 1 1.681e+02 7.477e+01)
|    ( QUESTION0_20_R 1 -4.391e+04 3.792e+02 5.676e+02
|        ( QUESTION0 1 -2.253e+04 2.991e+02 2.969e+02
|            ( - 2.303e+02 1 0)
|            ( WDBNDRY_E 0 -2.246e+04 2.994e+02 2.959e+02
|                ( - -2.162e+03 4 0 QUESTION2_0_L -1 1.759e+02 3.101e+01)
|                ( - -2.000e+04 27 0 QUESTION9 -1 2.608e+02 2.649e+02)))
|        ( QUESTION0_2_R 1 -2.100e+04 2.790e+02 2.707e+02
|            ( - -2.236e+03 1 0)
|            ( QUESTION4 1 -1.848e+04 2.903e+02 2.406e+02
|                ( - -6.821e+03 11 0 QUESTION2_0_L -1 2.302e+02 9.030e+01)
|                ( WDBNDRY_S 0 -1.137e+04 3.413e+02 1.503e+02
|                    ( - -4.246e+03 7 0 QUESTION18 1 2.201e+02 5.324e+01)
|                    ( - -6.784e+03 8 0 QUESTION16 1 2.261e+02 9.704e+01))))))
s>    ( QUESTION2_13_L -1 -5.109e+04 9.691e+02 6.424e+02
s>        ( - -6.209e+03 3 0 QUESTION10 1 1.681e+02 7.477e+01)
s>        ( QUESTION0_20_R 1 -4.391e+04 3.792e+02 5.676e+02
s>            ( QUESTION0 1 -2.253e+04 2.991e+02 2.969e+02
s>                ( - 2.303e+02 1 0)
s>                ( WDBNDRY_E 0 -2.246e+04 2.994e+02 2.959e+02
s>                    ( - -2.162e+03 4 0 QUESTION2_0_L -1 1.759e+02 3.101e+01)
s>                    ( - -2.000e+04 27 0 QUESTION9 -1 2.608e+02 2.649e+02)))
s>            ( QUESTION0_2_R 1 -2.100e+04 2.790e+02 2.707e+02
s>                ( - -2.236e+03 1 0)
s>                ( QUESTION4 1 -1.848e+04 2.903e+02 2.406e+02
s>                    ( - -6.821e+03 11 0 QUESTION2_0_L -1 2.302e+02 9.030e+01)
s>                    ( WDBNDRY_S 0 -1.137e+04 3.413e+02 1.503e+02
s>                        ( - -4.246e+03 7 0 QUESTION18 1 2.201e+02 5.324e+01)
s>                        ( - -6.784e+03 8 0 QUESTION16 1 2.261e+02 9.704e+01))))))INFO: dtree.c(1478): Final simple tree
|( QUESTION18 1 -7.172e+04 3.686e+02 9.240e+02
|    ( - -2.304e+04 14 0 WDBNDRY_E 0 1.637e+02 3.020e+02)
|    ( QUESTION0_1_R 1 -4.831e+04 4.149e+02 6.220e+02
|        ( - -1.201e+04 9 0 WDBNDRY_E 0 1.817e+02 1.643e+02)
|        ( QUESTION0_13_R 1 -3.588e+04 2.915e+02 4.577e+02
|            ( - -3.886e+03 1 0)
|            ( QUESTION19 1 -3.171e+04 3.276e+02 4.020e+02
|                ( - -1.853e+04 19 0 WDBNDRY_I 0 1.720e+02 2.404e+02)
|                ( QUESTION0_16_R 1 -1.285e+04 2.232e+02 1.616e+02
|                    ( WDBNDRY_E 0 -4.765e+03 2.127e+02 6.445e+01
|                        ( - -1.387e+02 1 0)
|                        ( - -4.413e+03 1 0))
|                    ( QUESTION0_20_R 1 -7.861e+03 2.095e+02 9.711e+01
|                        ( - -5.150e+03 4 0 QUESTION0 1 1.279e+02 6.136e+01)
|                        ( - -2.501e+03 5 0 SILENCE 1 1.453e+02 3.575e+01)))))))
s>    ( QUESTION18 1 -7.172e+04 3.686e+02 9.240e+02
s>        ( - -2.304e+04 14 0 WDBNDRY_E 0 1.637e+02 3.020e+02)
s>        ( QUESTION0_1_R 1 -4.831e+04 4.149e+02 6.220e+02
s>            ( - -1.201e+04 9 0 WDBNDRY_E 0 1.817e+02 1.643e+02)
s>            ( QUESTION0_13_R 1 -3.588e+04 2.915e+02 4.577e+02
s>                ( - -3.886e+03 1 0)
s>                ( QUESTION19 1 -3.171e+04 3.276e+02 4.020e+02
s>                    ( - -1.853e+04 19 0 WDBNDRY_I 0 1.720e+02 2.404e+02)
s>                    ( QUESTION0_16_R 1 -1.285e+04 2.232e+02 1.616e+02
s>                        ( WDBNDRY_E 0 -4.765e+03 2.127e+02 6.445e+01
s>                            ( - -1.387e+02 1 0)
s>                            ( - -4.413e+03 1 0))
s>                        ( QUESTION0_20_R 1 -7.861e+03 2.095e+02 9.711e+01
s>                            ( - -5.150e+03 4 0 QUESTION0 1 1.279e+02 6.136e+01)
s>                            ( - -2.501e+03 5 0 SILENCE 1 1.453e+02 3.575e+01)))))))INFO: dtree.c(1315): Comp split 1
INFO: dtree.c(1478): Final simple tree
|( QUESTION0_20_R 1 -4.391e+04 3.792e+02 5.676e+02
|    ( QUESTION0 1 -2.253e+04 2.991e+02 2.969e+02
|        ( - 2.303e+02 1 0)
|        ( WDBNDRY_E 0 -2.246e+04 2.994e+02 2.959e+02
|            ( - -2.162e+03 4 0 QUESTION2_0_L -1 1.759e+02 3.101e+01)
|            ( QUESTION9 -1 -2.000e+04 2.608e+02 2.649e+02
|                ( - -1.385e+04 19 0 WDBNDRY_I 0 2.597e+02 1.808e+02)
|                ( - -5.892e+03 8 0 WDBNDRY_B 0 2.311e+02 8.409e+01))))
|    ( QUESTION0_2_R 1 -2.100e+04 2.790e+02 2.707e+02
|        ( - -2.236e+03 1 0)
|        ( QUESTION4 1 -1.848e+04 2.903e+02 2.406e+02
|            ( - -6.821e+03 11 0 QUESTION2_0_L -1 2.302e+02 9.030e+01)
|            ( WDBNDRY_S 0 -1.137e+04 3.413e+02 1.503e+02
|                ( - -4.246e+03 7 0 QUESTION18 1 2.201e+02 5.324e+01)
|                ( - -6.784e+03 8 0 QUESTION16 1 2.261e+02 9.704e+01)))))
s>    ( QUESTION0_20_R 1 -4.391e+04 3.792e+02 5.676e+02
s>        ( QUESTION0 1 -2.253e+04 2.991e+02 2.969e+02
s>            ( - 2.303e+02 1 0)
s>            ( WDBNDRY_E 0 -2.246e+04 2.994e+02 2.959e+02
s>                ( - -2.162e+03 4 0 QUESTION2_0_L -1 1.759e+02 3.101e+01)
s>                ( QUESTION9 -1 -2.000e+04 2.608e+02 2.649e+02
s>                    ( - -1.385e+04 19 0 WDBNDRY_I 0 2.597e+02 1.808e+02)
s>                    ( - -5.892e+03 8 0 WDBNDRY_B 0 2.311e+02 8.409e+01))))
s>        ( QUESTION0_2_R 1 -2.100e+04 2.790e+02 2.707e+02
s>            ( - -2.236e+03 1 0)
s>            ( QUESTION4 1 -1.848e+04 2.903e+02 2.406e+02
s>                ( - -6.821e+03 11 0 QUESTION2_0_L -1 2.302e+02 9.030e+01)
s>                ( WDBNDRY_S 0 -1.137e+04 3.413e+02 1.503e+02
s>                    ( - -4.246e+03 7 0 QUESTION18 1 2.201e+02 5.324e+01)
s>                    ( - -6.784e+03 8 0 QUESTION16 1 2.261e+02 9.704e+01)))))INFO: dtree.c(1439): stop. leaf nodes are specific
INFO: dtree.c(1478): Final simple tree
|( QUESTION10 1 -6.209e+03 1.681e+02 7.477e+01
|    ( WDBNDRY_B 0 -5.337e+03 1.400e+02 6.475e+01
|        ( - -4.614e+01 1 0)
|        ( - -5.151e+03 1 0))
|    ( - -7.034e+02 1 0))
s>    ( QUESTION10 1 -6.209e+03 1.681e+02 7.477e+01
s>        ( WDBNDRY_B 0 -5.337e+03 1.400e+02 6.475e+01
s>            ( - -4.614e+01 1 0)
s>            ( - -5.151e+03 1 0))
s>        ( - -7.034e+02 1 0))INFO: dtree.c(1315): Comp split 2
INFO: dtree.c(1439): stop. leaf nodes are specific
INFO: dtree.c(1478): Final simple tree
|( WDBNDRY_I 0 -1.249e+04 2.188e+02 1.566e+02
|    ( - -4.413e+03 1 0)
|    ( QUESTION0_20_R 1 -7.861e+03 2.095e+02 9.711e+01
|        ( QUESTION0 1 -5.150e+03 1.279e+02 6.136e+01
|            ( - -3.185e+03 3 0)
|            ( - -1.838e+03 1 0))
|        ( SILENCE 1 -2.501e+03 1.453e+02 3.575e+01
|            ( - -1.191e+02 1 0)
|            ( WDBNDRY_E 0 -2.237e+03 1.697e+02 3.275e+01
|                ( - -1.673e+03 2 0)
|                ( - -3.946e+02 2 0)))))
s>    ( WDBNDRY_I 0 -1.249e+04 2.188e+02 1.566e+02
s>        ( - -4.413e+03 1 0)
s>        ( QUESTION0_20_R 1 -7.861e+03 2.095e+02 9.711e+01
s>            ( QUESTION0 1 -5.150e+03 1.279e+02 6.136e+01
s>                ( - -3.185e+03 3 0)
s>                ( - -1.838e+03 1 0))
s>            ( SILENCE 1 -2.501e+03 1.453e+02 3.575e+01
s>                ( - -1.191e+02 1 0)
s>                ( WDBNDRY_E 0 -2.237e+03 1.697e+02 3.275e+01
s>                    ( - -1.673e+03 2 0)
s>                    ( - -3.946e+02 2 0)))))INFO: dtree.c(1478): Final simple tree
|( QUESTION12 1 -5.872e+04 3.401e+02 7.674e+02
|    ( - -2.330e+04 15 0 WDBNDRY_E 0 1.638e+02 3.060e+02)
|    ( QUESTION0_1_R 1 -3.508e+04 3.349e+02 4.614e+02
|        ( WDBNDRY_I 0 -1.175e+04 1.826e+02 1.603e+02
|            ( QUESTION0 1 -1.004e+04 1.932e+02 1.377e+02
|                ( - -4.068e+03 3 0)
|                ( - -5.781e+03 3 0))
|            ( - -1.525e+03 2 0 WDBNDRY_E 0 1.684e+02 2.261e+01))
|        ( QUESTION0_13_R 1 -2.299e+04 2.639e+02 3.012e+02
|            ( - -3.886e+03 1 0)
|            ( QUESTION0_0_R 1 -1.884e+04 1.724e+02 2.454e+02
|                ( - -1.387e+02 1 0)
|                ( WDBNDRY_I 0 -1.853e+04 1.720e+02 2.404e+02
|                    ( - -1.562e+04 10 0)
|                    ( - -2.732e+03 9 0 QUESTION2_0_L -1 1.514e+02 3.600e+01))))))
s>    ( QUESTION12 1 -5.872e+04 3.401e+02 7.674e+02
s>        ( - -2.330e+04 15 0 WDBNDRY_E 0 1.638e+02 3.060e+02)
s>        ( QUESTION0_1_R 1 -3.508e+04 3.349e+02 4.614e+02
s>            ( WDBNDRY_I 0 -1.175e+04 1.826e+02 1.603e+02
s>                ( QUESTION0 1 -1.004e+04 1.932e+02 1.377e+02
s>                    ( - -4.068e+03 3 0)
s>                    ( - -5.781e+03 3 0))
s>                ( - -1.525e+03 2 0 WDBNDRY_E 0 1.684e+02 2.261e+01))
s>            ( QUESTION0_13_R 1 -2.299e+04 2.639e+02 3.012e+02
s>                ( - -3.886e+03 1 0)
s>                ( QUESTION0_0_R 1 -1.884e+04 1.724e+02 2.454e+02
s>                    ( - -1.387e+02 1 0)
s>                    ( WDBNDRY_I 0 -1.853e+04 1.720e+02 2.404e+02
s>                        ( - -1.562e+04 10 0)
s>                        ( - -2.732e+03 9 0 QUESTION2_0_L -1 1.514e+02 3.600e+01))))))INFO: dtree.c(1315): Comp split 3
INFO: dtree.c(1478): Final simple tree
|( QUESTION18 -1 -2.697e+04 3.270e+02 3.491e+02
|    ( WDBNDRY_I 0 -1.590e+04 2.518e+02 2.049e+02
|        ( - -3.672e+03 7 0 QUESTION2_0_L -1 1.521e+02 5.278e+01)
|        ( WDBNDRY_E 0 -1.198e+04 2.072e+02 1.522e+02
|            ( - -2.162e+03 4 0 QUESTION2_0_L -1 1.759e+02 3.101e+01)
|            ( - -9.609e+03 14 0 SILENCE 1 1.942e+02 1.212e+02)))
|    ( WDBNDRY_B 0 -1.074e+04 2.564e+02 1.442e+02
|        ( QUESTION9 -1 -6.832e+03 2.421e+02 8.987e+01
|            ( QUESTION15 -1 -1.913e+03 2.166e+02 2.199e+01
|                ( - -1.040e+03 1 0)
|                ( - -6.566e+02 3 0 QUESTION10 1 1.600e+02 9.000e+00))
|            ( - -4.677e+03 7 0 QUESTION8 -1 1.953e+02 6.788e+01))
|        ( QUESTION0 -1 -3.653e+03 2.347e+02 5.429e+01
|            ( - -9.842e+02 1 0)
|            ( - -2.434e+03 1 0))))
s>    ( QUESTION18 -1 -2.697e+04 3.270e+02 3.491e+02
s>        ( WDBNDRY_I 0 -1.590e+04 2.518e+02 2.049e+02
s>            ( - -3.672e+03 7 0 QUESTION2_0_L -1 1.521e+02 5.278e+01)
s>            ( WDBNDRY_E 0 -1.198e+04 2.072e+02 1.522e+02
s>                ( - -2.162e+03 4 0 QUESTION2_0_L -1 1.759e+02 3.101e+01)
s>                ( - -9.609e+03 14 0 SILENCE 1 1.942e+02 1.212e+02)))
s>        ( WDBNDRY_B 0 -1.074e+04 2.564e+02 1.442e+02
s>            ( QUESTION9 -1 -6.832e+03 2.421e+02 8.987e+01
s>                ( QUESTION15 -1 -1.913e+03 2.166e+02 2.199e+01
s>                    ( - -1.040e+03 1 0)
s>                    ( - -6.566e+02 3 0 QUESTION10 1 1.600e+02 9.000e+00))
s>                ( - -4.677e+03 7 0 QUESTION8 -1 1.953e+02 6.788e+01))
s>            ( QUESTION0 -1 -3.653e+03 2.347e+02 5.429e+01
s>                ( - -9.842e+02 1 0)
s>                ( - -2.434e+03 1 0))))INFO: dtree.c(1478): Final simple tree
|( QUESTION0_0_R 1 -1.648e+04 2.988e+02 2.185e+02
|    ( QUESTION0_2_R 1 -1.641e+04 2.860e+02 2.175e+02
|        ( - -2.236e+03 1 0)
|        ( QUESTION4 1 -1.389e+04 2.819e+02 1.873e+02
|            ( QUESTION2_0_L -1 -6.821e+03 2.302e+02 9.030e+01
|                ( QUESTION7 1 -5.958e+03 1.914e+02 8.030e+01
|                    ( WDBNDRY_E 0 -6.749e+02 1.755e+02 1.200e+01
|                        ( - -2.570e+02 2 0 QUESTION0_1_R 1 1.808e+02 6.000e+00)
|                        ( - -2.423e+02 1 0))
|                    ( - -5.092e+03 4 0 WDBNDRY_I 0 1.501e+02 6.830e+01))
|                ( - -6.321e+02 4 0 QUESTION0_13_R 1 1.565e+02 1.000e+01))
|            ( QUESTION16 1 -6.784e+03 2.261e+02 9.704e+01
|                ( - -3.745e+02 1 0)
|                ( - -6.184e+03 7 0 QUESTION18 1 1.655e+02 8.804e+01))))
|    ( - 2.303e+02 1 0))
s>    ( QUESTION0_0_R 1 -1.648e+04 2.988e+02 2.185e+02
s>        ( QUESTION0_2_R 1 -1.641e+04 2.860e+02 2.175e+02
s>            ( - -2.236e+03 1 0)
s>            ( QUESTION4 1 -1.389e+04 2.819e+02 1.873e+02
s>                ( QUESTION2_0_L -1 -6.821e+03 2.302e+02 9.030e+01
s>                    ( QUESTION7 1 -5.958e+03 1.914e+02 8.030e+01
s>                        ( WDBNDRY_E 0 -6.749e+02 1.755e+02 1.200e+01
s>                            ( - -2.570e+02 2 0 QUESTION0_1_R 1 1.808e+02 6.000e+00)
s>                            ( - -2.423e+02 1 0))
s>                        ( - -5.092e+03 4 0 WDBNDRY_I 0 1.501e+02 6.830e+01))
s>                    ( - -6.321e+02 4 0 QUESTION0_13_R 1 1.565e+02 1.000e+01))
s>                ( QUESTION16 1 -6.784e+03 2.261e+02 9.704e+01
s>                    ( - -3.745e+02 1 0)
s>                    ( - -6.184e+03 7 0 QUESTION18 1 1.655e+02 8.804e+01))))
s>        ( - 2.303e+02 1 0))INFO: dtree.c(1315): Comp split 4
INFO: dtree.c(1478): Final simple tree
|( QUESTION0_0_R 1 -3.653e+04 3.075e+02 4.796e+02
|    ( QUESTION11 1 -1.084e+04 2.047e+02 1.487e+02
|        ( - -5.781e+03 3 0)
|        ( WDBNDRY_E 0 -4.852e+03 1.478e+02 6.853e+01
|            ( - -1.543e+02 1 0)
|            ( QUESTION13 1 -4.550e+03 1.423e+02 6.453e+01
|                ( - -1.206e+02 1 0)
|                ( - -4.287e+03 4 0 WDBNDRY_S 0 1.120e+02 6.053e+01))))
|    ( QUESTION2_0_L -1 -2.539e+04 1.635e+02 3.310e+02
|        ( WDBNDRY_I 0 -2.514e+04 1.474e+02 3.280e+02
|            ( - -2.088e+04 8 0)
|            ( QUESTION10 1 -4.109e+03 1.334e+02 5.500e+01
|                ( - -1.478e+03 4 0)
|                ( - -2.498e+03 8 0 WDBNDRY_B 0 1.261e+02 3.300e+01)))
|        ( - -8.293e+01 1 0)))
s>    ( QUESTION0_0_R 1 -3.653e+04 3.075e+02 4.796e+02
s>        ( QUESTION11 1 -1.084e+04 2.047e+02 1.487e+02
s>            ( - -5.781e+03 3 0)
s>            ( WDBNDRY_E 0 -4.852e+03 1.478e+02 6.853e+01
s>                ( - -1.543e+02 1 0)
s>                ( QUESTION13 1 -4.550e+03 1.423e+02 6.453e+01
s>                    ( - -1.206e+02 1 0)
s>                    ( - -4.287e+03 4 0 WDBNDRY_S 0 1.120e+02 6.053e+01))))
s>        ( QUESTION2_0_L -1 -2.539e+04 1.635e+02 3.310e+02
s>            ( WDBNDRY_I 0 -2.514e+04 1.474e+02 3.280e+02
s>                ( - -2.088e+04 8 0)
s>                ( QUESTION10 1 -4.109e+03 1.334e+02 5.500e+01
s>                    ( - -1.478e+03 4 0)
s>                    ( - -2.498e+03 8 0 WDBNDRY_B 0 1.261e+02 3.300e+01)))
s>            ( - -8.293e+01 1 0)))INFO: dtree.c(1439): stop. leaf nodes are specific
INFO: dtree.c(1478): Final simple tree
|( QUESTION0_13_R 1 -2.174e+04 2.571e+02 2.878e+02
|    ( - -3.886e+03 1 0)
|    ( QUESTION0_12_R 1 -1.760e+04 1.722e+02 2.320e+02
|        ( - -1.387e+02 1 0)
|        ( WDBNDRY_S 0 -1.729e+04 1.646e+02 2.270e+02
|            ( - 3.306e+01 1 0)
|            ( WDBNDRY_E 0 -1.716e+04 1.441e+02 2.250e+02
|                ( - -1.390e+03 1 0)
|                ( - -1.562e+04 10 0)))))
s>    ( QUESTION0_13_R 1 -2.174e+04 2.571e+02 2.878e+02
s>        ( - -3.886e+03 1 0)
s>        ( QUESTION0_12_R 1 -1.760e+04 1.722e+02 2.320e+02
s>            ( - -1.387e+02 1 0)
s>            ( WDBNDRY_S 0 -1.729e+04 1.646e+02 2.270e+02
s>                ( - 3.306e+01 1 0)
s>                ( WDBNDRY_E 0 -1.716e+04 1.441e+02 2.250e+02
s>                    ( - -1.390e+03 1 0)
s>                    ( - -1.562e+04 10 0)))))INFO: dtree.c(1315): Comp split 5
INFO: dtree.c(1478): Final simple tree
|( WDBNDRY_E 0 -1.529e+04 2.253e+02 1.904e+02
|    ( QUESTION2_0_L -1 -2.162e+03 1.759e+02 3.101e+01
|        ( - -3.371e+02 2 0)
|        ( - -1.649e+03 2 0))
|    ( WDBNDRY_I 0 -1.291e+04 2.195e+02 1.593e+02
|        ( - -9.842e+02 1 0)
|        ( SILENCE 1 -1.170e+04 1.962e+02 1.431e+02
|            ( - -1.090e+03 1 0)
|            ( QUESTION15 -1 -1.042e+04 1.977e+02 1.280e+02
|                ( - -1.040e+03 1 0)
|                ( QUESTION18 -1 -9.180e+03 1.979e+02 1.150e+02
|                    ( QUESTION0_1_R 1 -8.325e+03 1.642e+02 1.060e+02
|                        ( - -2.757e+03 5 0 QUESTION18 1 2.428e+02 3.511e+01)
|                        ( - -5.405e+03 8 0 QUESTION0_0_R 1 1.323e+02 7.091e+01))
|                    ( - -6.566e+02 3 0 QUESTION10 1 1.600e+02 9.000e+00))))))
s>    ( WDBNDRY_E 0 -1.529e+04 2.253e+02 1.904e+02
s>        ( QUESTION2_0_L -1 -2.162e+03 1.759e+02 3.101e+01
s>            ( - -3.371e+02 2 0)
s>            ( - -1.649e+03 2 0))
s>        ( WDBNDRY_I 0 -1.291e+04 2.195e+02 1.593e+02
s>            ( - -9.842e+02 1 0)
s>            ( SILENCE 1 -1.170e+04 1.962e+02 1.431e+02
s>                ( - -1.090e+03 1 0)
s>                ( QUESTION15 -1 -1.042e+04 1.977e+02 1.280e+02
s>                    ( - -1.040e+03 1 0)
s>                    ( QUESTION18 -1 -9.180e+03 1.979e+02 1.150e+02
s>                        ( QUESTION0_1_R 1 -8.325e+03 1.642e+02 1.060e+02
s>                            ( - -2.757e+03 5 0 QUESTION18 1 2.428e+02 3.511e+01)
s>                            ( - -5.405e+03 8 0 QUESTION0_0_R 1 1.323e+02 7.091e+01))
s>                        ( - -6.566e+02 3 0 QUESTION10 1 1.600e+02 9.000e+00))))))INFO: dtree.c(1478): Final simple tree
|( WDBNDRY_B 0 -1.127e+04 2.654e+02 1.587e+02
|    ( QUESTION8 -1 -4.677e+03 1.953e+02 6.788e+01
|        ( - 5.927e+01 1 0)
|        ( SILENCE -1 -4.541e+03 1.860e+02 6.588e+01
|            ( - -3.118e+03 2 0)
|            ( QUESTION2_8_L -1 -1.237e+03 1.623e+02 2.200e+01
|                ( - -6.079e+01 1 0)
|                ( - -1.014e+03 3 0 QUESTION10 1 1.354e+02 1.800e+01))))
|    ( QUESTION13 -1 -6.323e+03 2.175e+02 9.087e+01
|        ( - -2.434e+03 1 0)
|        ( QUESTION2_0_L -1 -3.672e+03 1.521e+02 5.278e+01
|            ( - -3.308e+03 5 0 QUESTION10 1 1.091e+02 4.778e+01)
|            ( QUESTION10 1 -2.112e+02 1.924e+02 5.000e+00
|                ( - 3.996e+01 1 0)
|                ( - -5.878e+01 1 0)))))
s>    ( WDBNDRY_B 0 -1.127e+04 2.654e+02 1.587e+02
s>        ( QUESTION8 -1 -4.677e+03 1.953e+02 6.788e+01
s>            ( - 5.927e+01 1 0)
s>            ( SILENCE -1 -4.541e+03 1.860e+02 6.588e+01
s>                ( - -3.118e+03 2 0)
s>                ( QUESTION2_8_L -1 -1.237e+03 1.623e+02 2.200e+01
s>                    ( - -6.079e+01 1 0)
s>                    ( - -1.014e+03 3 0 QUESTION10 1 1.354e+02 1.800e+01))))
s>        ( QUESTION13 -1 -6.323e+03 2.175e+02 9.087e+01
s>            ( - -2.434e+03 1 0)
s>            ( QUESTION2_0_L -1 -3.672e+03 1.521e+02 5.278e+01
s>                ( - -3.308e+03 5 0 QUESTION10 1 1.091e+02 4.778e+01)
s>                ( QUESTION10 1 -2.112e+02 1.924e+02 5.000e+00
s>                    ( - 3.996e+01 1 0)
s>                    ( - -5.878e+01 1 0)))))INFO: dtree.c(1315): Comp split 6
INFO: dtree.c(1478): Final simple tree
|( QUESTION0_0_R 1 -7.701e+03 2.964e+02 1.100e+02
|    ( QUESTION16 1 -7.635e+03 2.192e+02 1.090e+02
|        ( - -3.745e+02 1 0)
|        ( QUESTION4 1 -7.041e+03 1.822e+02 1.000e+02
|            ( WDBNDRY_E 0 -6.749e+02 1.755e+02 1.200e+01
|                ( QUESTION0_1_R 1 -2.570e+02 1.808e+02 6.000e+00
|                    ( - -2.958e+01 1 0)
|                    ( - -4.669e+01 1 0))
|                ( - -2.423e+02 1 0))
|            ( QUESTION18 1 -6.184e+03 1.655e+02 8.804e+01
|                ( - -1.990e+02 1 0)
|                ( QUESTION2_0_L -1 -5.819e+03 1.688e+02 8.404e+01
|                    ( - -5.479e+03 5 0 QUESTION0_10_R 1 1.509e+02 8.004e+01)
|                    ( - -1.718e+02 1 0)))))
|    ( - 2.303e+02 1 0))
s>    ( QUESTION0_0_R 1 -7.701e+03 2.964e+02 1.100e+02
s>        ( QUESTION16 1 -7.635e+03 2.192e+02 1.090e+02
s>            ( - -3.745e+02 1 0)
s>            ( QUESTION4 1 -7.041e+03 1.822e+02 1.000e+02
s>                ( WDBNDRY_E 0 -6.749e+02 1.755e+02 1.200e+01
s>                    ( QUESTION0_1_R 1 -2.570e+02 1.808e+02 6.000e+00
s>                        ( - -2.958e+01 1 0)
s>                        ( - -4.669e+01 1 0))
s>                    ( - -2.423e+02 1 0))
s>                ( QUESTION18 1 -6.184e+03 1.655e+02 8.804e+01
s>                    ( - -1.990e+02 1 0)
s>                    ( QUESTION2_0_L -1 -5.819e+03 1.688e+02 8.404e+01
s>                        ( - -5.479e+03 5 0 QUESTION0_10_R 1 1.509e+02 8.004e+01)
s>                        ( - -1.718e+02 1 0)))))
s>        ( - 2.303e+02 1 0))INFO: dtree.c(1478): Final simple tree
|( QUESTION0_2_R 1 -8.456e+03 2.675e+02 1.084e+02
|    ( - -2.236e+03 1 0)
|    ( QUESTION2_0_L -1 -5.953e+03 2.287e+02 7.830e+01
|        ( WDBNDRY_I 0 -5.092e+03 1.501e+02 6.830e+01
|            ( - -3.014e+03 2 0)
|            ( WDBNDRY_E 0 -1.928e+03 1.306e+02 2.658e+01
|                ( - -3.908e+02 1 0)
|                ( - -1.406e+03 1 0)))
|        ( QUESTION0_13_R 1 -6.321e+02 1.565e+02 1.000e+01
|            ( - -3.158e+01 1 0)
|            ( WDBNDRY_E 0 -4.439e+02 1.525e+02 7.000e+00
|                ( QUESTION0_17_R 1 -1.675e+02 1.426e+02 4.000e+00
|                    ( - -2.075e+01 1 0)
|                    ( - -4.146e+00 1 0))
|                ( - -1.240e+02 1 0)))))
s>    ( QUESTION0_2_R 1 -8.456e+03 2.675e+02 1.084e+02
s>        ( - -2.236e+03 1 0)
s>        ( QUESTION2_0_L -1 -5.953e+03 2.287e+02 7.830e+01
s>            ( WDBNDRY_I 0 -5.092e+03 1.501e+02 6.830e+01
s>                ( - -3.014e+03 2 0)
s>                ( WDBNDRY_E 0 -1.928e+03 1.306e+02 2.658e+01
s>                    ( - -3.908e+02 1 0)
s>                    ( - -1.406e+03 1 0)))
s>            ( QUESTION0_13_R 1 -6.321e+02 1.565e+02 1.000e+01
s>                ( - -3.158e+01 1 0)
s>                ( WDBNDRY_E 0 -4.439e+02 1.525e+02 7.000e+00
s>                    ( QUESTION0_17_R 1 -1.675e+02 1.426e+02 4.000e+00
s>                        ( - -2.075e+01 1 0)
s>                        ( - -4.146e+00 1 0))
s>                    ( - -1.240e+02 1 0)))))INFO: dtree.c(1315): Comp split 7
INFO: dtree.c(1439): stop. leaf nodes are specific
INFO: dtree.c(1478): Final simple tree
|( QUESTION2_0_L -1 -2.564e+04 1.634e+02 3.350e+02
|    ( WDBNDRY_I 0 -2.540e+04 1.488e+02 3.320e+02
|        ( - -2.088e+04 8 0)
|        ( QUESTION0_0_R 1 -4.366e+03 1.361e+02 5.900e+01
|            ( - -1.206e+02 1 0)
|            ( QUESTION10 1 -4.109e+03 1.334e+02 5.500e+01
|                ( - -1.478e+03 4 0)
|                ( WDBNDRY_B 0 -2.498e+03 1.261e+02 3.300e+01
|                    ( - -8.926e+02 3 0)
|                    ( WDBNDRY_E 0 -1.479e+03 9.808e+01 2.100e+01
|                        ( - -1.095e+03 3 0)
|                        ( - -2.859e+02 2 0))))))
|    ( - -8.293e+01 1 0))
s>    ( QUESTION2_0_L -1 -2.564e+04 1.634e+02 3.350e+02
s>        ( WDBNDRY_I 0 -2.540e+04 1.488e+02 3.320e+02
s>            ( - -2.088e+04 8 0)
s>            ( QUESTION0_0_R 1 -4.366e+03 1.361e+02 5.900e+01
s>                ( - -1.206e+02 1 0)
s>                ( QUESTION10 1 -4.109e+03 1.334e+02 5.500e+01
s>                    ( - -1.478e+03 4 0)
s>                    ( WDBNDRY_B 0 -2.498e+03 1.261e+02 3.300e+01
s>                        ( - -8.926e+02 3 0)
s>                        ( WDBNDRY_E 0 -1.479e+03 9.808e+01 2.100e+01
s>                            ( - -1.095e+03 3 0)
s>                            ( - -2.859e+02 2 0))))))
s>        ( - -8.293e+01 1 0))INFO: dtree.c(1439): stop. leaf nodes are specific
INFO: dtree.c(1478): Final simple tree
|( QUESTION11 1 -1.058e+04 2.090e+02 1.447e+02
|    ( - -5.781e+03 3 0)
|    ( WDBNDRY_E 0 -4.588e+03 1.471e+02 6.453e+01
|        ( - -1.543e+02 1 0)
|        ( WDBNDRY_S 0 -4.287e+03 1.120e+02 6.053e+01
|            ( - -1.064e+02 1 0)
|            ( - -4.068e+03 3 0))))
s>    ( QUESTION11 1 -1.058e+04 2.090e+02 1.447e+02
s>        ( - -5.781e+03 3 0)
s>        ( WDBNDRY_E 0 -4.588e+03 1.471e+02 6.453e+01
s>            ( - -1.543e+02 1 0)
s>            ( WDBNDRY_S 0 -4.287e+03 1.120e+02 6.053e+01
s>                ( - -1.064e+02 1 0)
s>                ( - -4.068e+03 3 0))))INFO: dtree.c(1315): Comp split 8
INFO: dtree.c(1478): Final simple tree
|( QUESTION16 1 -7.635e+03 2.192e+02 1.090e+02
|    ( - -3.745e+02 1 0)
|    ( QUESTION4 1 -7.041e+03 1.822e+02 1.000e+02
|        ( WDBNDRY_E 0 -6.749e+02 1.755e+02 1.200e+01
|            ( QUESTION0_1_R 1 -2.570e+02 1.808e+02 6.000e+00
|                ( - -2.958e+01 1 0)
|                ( - -4.669e+01 1 0))
|            ( - -2.423e+02 1 0))
|        ( QUESTION18 1 -6.184e+03 1.655e+02 8.804e+01
|            ( - -1.990e+02 1 0)
|            ( QUESTION2_0_L -1 -5.819e+03 1.688e+02 8.404e+01
|                ( QUESTION0_10_R 1 -5.479e+03 1.509e+02 8.004e+01
|                    ( - -1.023e+02 1 0)
|                    ( - -5.226e+03 4 0 WDBNDRY_E 0 1.386e+02 7.604e+01))
|                ( - -1.718e+02 1 0)))))
s>    ( QUESTION16 1 -7.635e+03 2.192e+02 1.090e+02
s>        ( - -3.745e+02 1 0)
s>        ( QUESTION4 1 -7.041e+03 1.822e+02 1.000e+02
s>            ( WDBNDRY_E 0 -6.749e+02 1.755e+02 1.200e+01
s>                ( QUESTION0_1_R 1 -2.570e+02 1.808e+02 6.000e+00
s>                    ( - -2.958e+01 1 0)
s>                    ( - -4.669e+01 1 0))
s>                ( - -2.423e+02 1 0))
s>            ( QUESTION18 1 -6.184e+03 1.655e+02 8.804e+01
s>                ( - -1.990e+02 1 0)
s>                ( QUESTION2_0_L -1 -5.819e+03 1.688e+02 8.404e+01
s>                    ( QUESTION0_10_R 1 -5.479e+03 1.509e+02 8.004e+01
s>                        ( - -1.023e+02 1 0)
s>                        ( - -5.226e+03 4 0 WDBNDRY_E 0 1.386e+02 7.604e+01))
s>                    ( - -1.718e+02 1 0)))))INFO: dtree.c(1315): Comp split 9
INFO: dtree.c(1439): stop. leaf nodes are specific
INFO: dtree.c(1478): Final simple tree
|( WDBNDRY_B 0 -6.669e+03 2.435e+02 9.167e+01
|    ( - -3.118e+03 2 0)
|    ( QUESTION10 1 -3.308e+03 1.091e+02 4.778e+01
|        ( - -2.730e+03 3 0)
|        ( - -4.688e+02 2 0)))
s>    ( WDBNDRY_B 0 -6.669e+03 2.435e+02 9.167e+01
s>        ( - -3.118e+03 2 0)
s>        ( QUESTION10 1 -3.308e+03 1.091e+02 4.778e+01
s>            ( - -2.730e+03 3 0)
s>            ( - -4.688e+02 2 0)))INFO: dtree.c(1478): Final simple tree
|( QUESTION13 -1 -4.320e+03 2.121e+02 6.708e+01
|    ( - -2.434e+03 1 0)
|    ( QUESTION8 -1 -1.674e+03 1.891e+02 2.900e+01
|        ( - 5.927e+01 1 0)
|        ( QUESTION2_8_L -1 -1.544e+03 1.578e+02 2.700e+01
|            ( - -6.079e+01 1 0)
|            ( QUESTION10 1 -1.325e+03 1.463e+02 2.300e+01
|                ( WDBNDRY_B 0 -6.267e+02 1.473e+02 1.100e+01
|                    ( QUESTION1 -1 -5.194e+02 1.544e+02 9.000e+00
|                        ( - -1.219e+02 1 0)
|                        ( - -2.431e+02 1 0))
|                    ( - 3.996e+01 1 0))
|                ( WDBNDRY_B 0 -5.522e+02 1.340e+02 1.200e+01
|                    ( - -3.594e+02 1 0)
|                    ( - -5.878e+01 1 0))))))
s>    ( QUESTION13 -1 -4.320e+03 2.121e+02 6.708e+01
s>        ( - -2.434e+03 1 0)
s>        ( QUESTION8 -1 -1.674e+03 1.891e+02 2.900e+01
s>            ( - 5.927e+01 1 0)
s>            ( QUESTION2_8_L -1 -1.544e+03 1.578e+02 2.700e+01
s>                ( - -6.079e+01 1 0)
s>                ( QUESTION10 1 -1.325e+03 1.463e+02 2.300e+01
s>                    ( WDBNDRY_B 0 -6.267e+02 1.473e+02 1.100e+01
s>                        ( QUESTION1 -1 -5.194e+02 1.544e+02 9.000e+00
s>                            ( - -1.219e+02 1 0)
s>                            ( - -2.431e+02 1 0))
s>                        ( - 3.996e+01 1 0))
s>                    ( WDBNDRY_B 0 -5.522e+02 1.340e+02 1.200e+01
s>                        ( - -3.594e+02 1 0)
s>                        ( - -5.878e+01 1 0))))))INFO: dtree.c(1315): Comp split 10
INFO: dtree.c(1439): stop. leaf nodes are specific
INFO: dtree.c(1478): Final simple tree
|( QUESTION2_0_L -1 -5.953e+03 2.287e+02 7.830e+01
|    ( WDBNDRY_I 0 -5.092e+03 1.501e+02 6.830e+01
|        ( - -3.014e+03 2 0)
|        ( WDBNDRY_E 0 -1.928e+03 1.306e+02 2.658e+01
|            ( - -3.908e+02 1 0)
|            ( - -1.406e+03 1 0)))
|    ( QUESTION0_13_R 1 -6.321e+02 1.565e+02 1.000e+01
|        ( - -3.158e+01 1 0)
|        ( WDBNDRY_E 0 -4.439e+02 1.525e+02 7.000e+00
|            ( QUESTION0_17_R 1 -1.675e+02 1.426e+02 4.000e+00
|                ( - -2.075e+01 1 0)
|                ( - -4.146e+00 1 0))
|            ( - -1.240e+02 1 0))))
s>    ( QUESTION2_0_L -1 -5.953e+03 2.287e+02 7.830e+01
s>        ( WDBNDRY_I 0 -5.092e+03 1.501e+02 6.830e+01
s>            ( - -3.014e+03 2 0)
s>            ( WDBNDRY_E 0 -1.928e+03 1.306e+02 2.658e+01
s>                ( - -3.908e+02 1 0)
s>                ( - -1.406e+03 1 0)))
s>        ( QUESTION0_13_R 1 -6.321e+02 1.565e+02 1.000e+01
s>            ( - -3.158e+01 1 0)
s>            ( WDBNDRY_E 0 -4.439e+02 1.525e+02 7.000e+00
s>                ( QUESTION0_17_R 1 -1.675e+02 1.426e+02 4.000e+00
s>                    ( - -2.075e+01 1 0)
s>                    ( - -4.146e+00 1 0))
s>                ( - -1.240e+02 1 0))))INFO: dtree.c(1315): Comp split 11
INFO: dtree.c(1439): stop. leaf nodes are specific
INFO: dtree.c(1478): Final simple tree
|( QUESTION0_10_R 1 -5.594e+03 1.692e+02 8.004e+01
|    ( - -1.990e+02 1 0)
|    ( WDBNDRY_E 0 -5.226e+03 1.386e+02 7.604e+01
|        ( QUESTION0_1_R 1 -4.044e+03 1.298e+02 5.775e+01
|            ( - -3.486e+03 2 0)
|            ( - -4.277e+02 1 0))
|        ( - -1.043e+03 1 0)))
s>    ( QUESTION0_10_R 1 -5.594e+03 1.692e+02 8.004e+01
s>        ( - -1.990e+02 1 0)
s>        ( WDBNDRY_E 0 -5.226e+03 1.386e+02 7.604e+01
s>            ( QUESTION0_1_R 1 -4.044e+03 1.298e+02 5.775e+01
s>                ( - -3.486e+03 2 0)
s>                ( - -4.277e+02 1 0))
s>            ( - -1.043e+03 1 0)))INFO: dtree.c(1439): stop. leaf nodes are specific
INFO: dtree.c(1478): Final simple tree
|( WDBNDRY_E 0 -1.779e+03 1.780e+02 2.900e+01
|    ( QUESTION16 1 -1.359e+03 1.696e+02 2.300e+01
|        ( - -3.745e+02 1 0)
|        ( QUESTION0_1_R 1 -8.149e+02 1.509e+02 1.400e+01
|            ( QUESTION0 1 -6.173e+02 1.585e+02 1.100e+01
|                ( - -2.958e+01 1 0)
|                ( QUESTION0_9_R 1 -4.292e+02 1.551e+02 8.000e+00
|                    ( - -1.718e+02 1 0)
|                    ( - -1.023e+02 1 0)))
|            ( - -4.669e+01 1 0)))
|    ( - -2.423e+02 1 0))
s>    ( WDBNDRY_E 0 -1.779e+03 1.780e+02 2.900e+01
s>        ( QUESTION16 1 -1.359e+03 1.696e+02 2.300e+01
s>            ( - -3.745e+02 1 0)
s>            ( QUESTION0_1_R 1 -8.149e+02 1.509e+02 1.400e+01
s>                ( QUESTION0 1 -6.173e+02 1.585e+02 1.100e+01
s>                    ( - -2.958e+01 1 0)
s>                    ( QUESTION0_9_R 1 -4.292e+02 1.551e+02 8.000e+00
s>                        ( - -1.718e+02 1 0)
s>                        ( - -1.023e+02 1 0)))
s>                ( - -4.669e+01 1 0)))
s>        ( - -2.423e+02 1 0))INFO: dtree.c(1315): Comp split 12
INFO: dtree.c(1439): stop. leaf nodes are specific
INFO: dtree.c(1478): Final simple tree
|( QUESTION18 1 -5.230e+03 2.210e+02 6.323e+01
|    ( WDBNDRY_B 0 -1.709e+03 2.056e+02 1.999e+01
|        ( - -1.040e+03 1 0)
|        ( - -4.640e+02 2 0))
|    ( SILENCE 1 -3.300e+03 1.607e+02 4.324e+01
|        ( - -1.090e+03 1 0)
|        ( QUESTION0_9_R 1 -2.050e+03 1.067e+02 2.811e+01
|            ( - -8.105e+02 2 0)
|            ( - -1.133e+03 1 0))))
s>    ( QUESTION18 1 -5.230e+03 2.210e+02 6.323e+01
s>        ( WDBNDRY_B 0 -1.709e+03 2.056e+02 1.999e+01
s>            ( - -1.040e+03 1 0)
s>            ( - -4.640e+02 2 0))
s>        ( SILENCE 1 -3.300e+03 1.607e+02 4.324e+01
s>            ( - -1.090e+03 1 0)
s>            ( QUESTION0_9_R 1 -2.050e+03 1.067e+02 2.811e+01
s>                ( - -8.105e+02 2 0)
s>                ( - -1.133e+03 1 0))))INFO: dtree.c(1478): Final simple tree
|( WDBNDRY_E 0 -9.803e+03 2.143e+02 1.271e+02
|    ( QUESTION2_0_L -1 -2.162e+03 1.759e+02 3.101e+01
|        ( - -3.371e+02 2 0)
|        ( - -1.649e+03 2 0))
|    ( WDBNDRY_I 0 -7.426e+03 1.969e+02 9.612e+01
|        ( - -9.842e+02 1 0)
|        ( QUESTION18 -1 -6.245e+03 1.836e+02 7.991e+01
|            ( QUESTION0_0_R 1 -5.405e+03 1.323e+02 7.091e+01
|                ( - -9.177e+01 1 0)
|                ( - -5.181e+03 7 0 WDBNDRY_B 0 1.660e+02 6.791e+01))
|            ( QUESTION10 1 -6.566e+02 1.600e+02 9.000e+00
|                ( QUESTION11 -1 -3.269e+02 1.987e+02 5.000e+00
|                    ( - -9.353e+01 1 0)
|                    ( - -3.471e+01 1 0))
|                ( - -1.696e+02 1 0)))))
s>    ( WDBNDRY_E 0 -9.803e+03 2.143e+02 1.271e+02
s>        ( QUESTION2_0_L -1 -2.162e+03 1.759e+02 3.101e+01
s>            ( - -3.371e+02 2 0)
s>            ( - -1.649e+03 2 0))
s>        ( WDBNDRY_I 0 -7.426e+03 1.969e+02 9.612e+01
s>            ( - -9.842e+02 1 0)
s>            ( QUESTION18 -1 -6.245e+03 1.836e+02 7.991e+01
s>                ( QUESTION0_0_R 1 -5.405e+03 1.323e+02 7.091e+01
s>                    ( - -9.177e+01 1 0)
s>                    ( - -5.181e+03 7 0 WDBNDRY_B 0 1.660e+02 6.791e+01))
s>                ( QUESTION10 1 -6.566e+02 1.600e+02 9.000e+00
s>                    ( QUESTION11 -1 -3.269e+02 1.987e+02 5.000e+00
s>                        ( - -9.353e+01 1 0)
s>                        ( - -3.471e+01 1 0))
s>                    ( - -1.696e+02 1 0)))))INFO: dtree.c(1315): Comp split 13
INFO: dtree.c(1439): stop. leaf nodes are specific
INFO: dtree.c(1478): Final simple tree
|( QUESTION0_12_R 1 -1.760e+04 1.722e+02 2.320e+02
|    ( - -1.387e+02 1 0)
|    ( WDBNDRY_S 0 -1.729e+04 1.646e+02 2.270e+02
|        ( - 3.306e+01 1 0)
|        ( WDBNDRY_E 0 -1.716e+04 1.441e+02 2.250e+02
|            ( - -1.390e+03 1 0)
|            ( - -1.562e+04 10 0))))
s>    ( QUESTION0_12_R 1 -1.760e+04 1.722e+02 2.320e+02
s>        ( - -1.387e+02 1 0)
s>        ( WDBNDRY_S 0 -1.729e+04 1.646e+02 2.270e+02
s>            ( - 3.306e+01 1 0)
s>            ( WDBNDRY_E 0 -1.716e+04 1.441e+02 2.250e+02
s>                ( - -1.390e+03 1 0)
s>                ( - -1.562e+04 10 0))))INFO: dtree.c(1315): Comp split 14
INFO: dtree.c(1439): stop. leaf nodes are specific
INFO: dtree.c(1478): Final simple tree
|( QUESTION10 1 -3.308e+03 1.091e+02 4.778e+01
|    ( - -2.730e+03 3 0)
|    ( - -4.688e+02 2 0))
s>    ( QUESTION10 1 -3.308e+03 1.091e+02 4.778e+01
s>        ( - -2.730e+03 3 0)
s>        ( - -4.688e+02 2 0))INFO: dtree.c(1315): Comp split 15
INFO: dtree.c(1439): stop. leaf nodes are specific
INFO: dtree.c(1478): Final simple tree
|( WDBNDRY_B 0 -1.992e+03 1.729e+02 2.801e+01
|    ( - -1.696e+02 1 0)
|    ( - -1.649e+03 2 0))
s>    ( WDBNDRY_B 0 -1.992e+03 1.729e+02 2.801e+01
s>        ( - -1.696e+02 1 0)
s>        ( - -1.649e+03 2 0))INFO: dtree.c(1478): Final simple tree
|( QUESTION13 -1 -7.569e+03 2.092e+02 9.912e+01
|    ( - -3.471e+01 1 0)
|    ( WDBNDRY_I 0 -7.325e+03 1.973e+02 9.712e+01
|        ( - -9.842e+02 1 0)
|        ( WDBNDRY_B 0 -6.144e+03 1.573e+02 8.091e+01
|            ( QUESTION11 -1 -5.279e+03 1.534e+02 6.891e+01
|                ( - -9.353e+01 1 0)
|                ( QUESTION10 1 -5.032e+03 1.112e+02 6.591e+01
|                    ( - -3.695e+03 3 0 QUESTION2_0_L -1 1.106e+02 4.891e+01)
|                    ( - -1.225e+03 3 0)))
|            ( QUESTION0_0_R 1 -7.076e+02 1.295e+02 1.200e+01
|                ( - -9.177e+01 1 0)
|                ( WDBNDRY_E 0 -4.863e+02 1.663e+02 9.000e+00
|                    ( - -3.371e+02 2 0)
|                    ( - 1.715e+01 1 0))))))
s>    ( QUESTION13 -1 -7.569e+03 2.092e+02 9.912e+01
s>        ( - -3.471e+01 1 0)
s>        ( WDBNDRY_I 0 -7.325e+03 1.973e+02 9.712e+01
s>            ( - -9.842e+02 1 0)
s>            ( WDBNDRY_B 0 -6.144e+03 1.573e+02 8.091e+01
s>                ( QUESTION11 -1 -5.279e+03 1.534e+02 6.891e+01
s>                    ( - -9.353e+01 1 0)
s>                    ( QUESTION10 1 -5.032e+03 1.112e+02 6.591e+01
s>                        ( - -3.695e+03 3 0 QUESTION2_0_L -1 1.106e+02 4.891e+01)
s>                        ( - -1.225e+03 3 0)))
s>                ( QUESTION0_0_R 1 -7.076e+02 1.295e+02 1.200e+01
s>                    ( - -9.177e+01 1 0)
s>                    ( WDBNDRY_E 0 -4.863e+02 1.663e+02 9.000e+00
s>                        ( - -3.371e+02 2 0)
s>                        ( - 1.715e+01 1 0))))))INFO: dtree.c(1315): Comp split 16
INFO: dtree.c(1439): stop. leaf nodes are specific
INFO: dtree.c(1478): Final simple tree
|( WDBNDRY_I 0 -1.058e+04 2.143e+02 1.308e+02
|    ( - -4.413e+03 1 0)
|    ( QUESTION0_20_R 1 -5.954e+03 1.654e+02 7.136e+01
|        ( QUESTION0 1 -5.150e+03 1.279e+02 6.136e+01
|            ( - -3.185e+03 3 0)
|            ( - -1.838e+03 1 0))
|        ( WDBNDRY_E 0 -6.382e+02 1.245e+02 1.000e+01
|            ( - -1.191e+02 1 0)
|            ( - -3.946e+02 2 0))))
s>    ( WDBNDRY_I 0 -1.058e+04 2.143e+02 1.308e+02
s>        ( - -4.413e+03 1 0)
s>        ( QUESTION0_20_R 1 -5.954e+03 1.654e+02 7.136e+01
s>            ( QUESTION0 1 -5.150e+03 1.279e+02 6.136e+01
s>                ( - -3.185e+03 3 0)
s>                ( - -1.838e+03 1 0))
s>            ( WDBNDRY_E 0 -6.382e+02 1.245e+02 1.000e+01
s>                ( - -1.191e+02 1 0)
s>                ( - -3.946e+02 2 0))))INFO: dtree.c(1315): Comp split 17
INFO: dtree.c(1439): stop. leaf nodes are specific
INFO: dtree.c(1478): Final simple tree
|( QUESTION0_13_R 1 -6.321e+02 1.565e+02 1.000e+01
|    ( - -3.158e+01 1 0)
|    ( WDBNDRY_E 0 -4.439e+02 1.525e+02 7.000e+00
|        ( QUESTION0_17_R 1 -1.675e+02 1.426e+02 4.000e+00
|            ( - -2.075e+01 1 0)
|            ( - -4.146e+00 1 0))
|        ( - -1.240e+02 1 0)))
s>    ( QUESTION0_13_R 1 -6.321e+02 1.565e+02 1.000e+01
s>        ( - -3.158e+01 1 0)
s>        ( WDBNDRY_E 0 -4.439e+02 1.525e+02 7.000e+00
s>            ( QUESTION0_17_R 1 -1.675e+02 1.426e+02 4.000e+00
s>                ( - -2.075e+01 1 0)
s>                ( - -4.146e+00 1 0))
s>            ( - -1.240e+02 1 0)))INFO: dtree.c(1439): stop. leaf nodes are specific
INFO: dtree.c(1478): Final simple tree
|( WDBNDRY_I 0 -5.092e+03 1.501e+02 6.830e+01
|    ( - -3.014e+03 2 0)
|    ( WDBNDRY_E 0 -1.928e+03 1.306e+02 2.658e+01
|        ( - -3.908e+02 1 0)
|        ( - -1.406e+03 1 0)))
s>    ( WDBNDRY_I 0 -5.092e+03 1.501e+02 6.830e+01
s>        ( - -3.014e+03 2 0)
s>        ( WDBNDRY_E 0 -1.928e+03 1.306e+02 2.658e+01
s>            ( - -3.908e+02 1 0)
s>            ( - -1.406e+03 1 0)))INFO: dtree.c(1315): Comp split 18
INFO: dtree.c(1439): stop. leaf nodes are specific
INFO: dtree.c(1478): Final simple tree
|( SILENCE 1 -3.300e+03 1.607e+02 4.324e+01
|    ( - -1.090e+03 1 0)
|    ( QUESTION0_9_R 1 -2.050e+03 1.067e+02 2.811e+01
|        ( - -8.105e+02 2 0)
|        ( - -1.133e+03 1 0)))
s>    ( SILENCE 1 -3.300e+03 1.607e+02 4.324e+01
s>        ( - -1.090e+03 1 0)
s>        ( QUESTION0_9_R 1 -2.050e+03 1.067e+02 2.811e+01
s>            ( - -8.105e+02 2 0)
s>            ( - -1.133e+03 1 0)))INFO: dtree.c(1439): stop. leaf nodes are specific
INFO: dtree.c(1478): Final simple tree
|( WDBNDRY_B 0 -1.709e+03 2.056e+02 1.999e+01
|    ( - -1.040e+03 1 0)
|    ( - -4.640e+02 2 0))
s>    ( WDBNDRY_B 0 -1.709e+03 2.056e+02 1.999e+01
s>        ( - -1.040e+03 1 0)
s>        ( - -4.640e+02 2 0))INFO: dtree.c(1315): Comp split 19
INFO: dtree.c(1439): stop. leaf nodes are specific
INFO: dtree.c(1478): Final simple tree
|( QUESTION2_8_L -1 -1.017e+03 1.536e+02 2.000e+01
|    ( - -6.079e+01 1 0)
|    ( WDBNDRY_B 0 -8.025e+02 1.340e+02 1.600e+01
|        ( QUESTION1 -1 -6.097e+02 1.285e+02 1.300e+01
|            ( - -1.219e+02 1 0)
|            ( - -3.594e+02 1 0))
|        ( - -5.878e+01 1 0)))
s>    ( QUESTION2_8_L -1 -1.017e+03 1.536e+02 2.000e+01
s>        ( - -6.079e+01 1 0)
s>        ( WDBNDRY_B 0 -8.025e+02 1.340e+02 1.600e+01
s>            ( QUESTION1 -1 -6.097e+02 1.285e+02 1.300e+01
s>                ( - -1.219e+02 1 0)
s>                ( - -3.594e+02 1 0))
s>            ( - -5.878e+01 1 0)))INFO: dtree.c(1439): stop. leaf nodes are specific
INFO: dtree.c(1478): Final simple tree
|( QUESTION8 -1 -3.083e+03 1.964e+02 4.708e+01
|    ( - 5.927e+01 1 0)
|    ( QUESTION18 -1 -2.945e+03 1.700e+02 4.508e+01
|        ( - 3.996e+01 1 0)
|        ( WDBNDRY_B 0 -2.815e+03 1.383e+02 4.308e+01
|            ( - -2.431e+02 1 0)
|            ( - -2.434e+03 1 0))))
s>    ( QUESTION8 -1 -3.083e+03 1.964e+02 4.708e+01
s>        ( - 5.927e+01 1 0)
s>        ( QUESTION18 -1 -2.945e+03 1.700e+02 4.508e+01
s>            ( - 3.996e+01 1 0)
s>            ( WDBNDRY_B 0 -2.815e+03 1.383e+02 4.308e+01
s>                ( - -2.431e+02 1 0)
s>                ( - -2.434e+03 1 0))))INFO: dtree.c(1315): Comp split 20
INFO: dtree.c(1439): stop. leaf nodes are specific
INFO: dtree.c(1478): Final simple tree
|( QUESTION0_20_R 1 -5.954e+03 1.654e+02 7.136e+01
|    ( QUESTION0 1 -5.150e+03 1.279e+02 6.136e+01
|        ( - -3.185e+03 3 0)
|        ( - -1.838e+03 1 0))
|    ( WDBNDRY_E 0 -6.382e+02 1.245e+02 1.000e+01
|        ( - -1.191e+02 1 0)
|        ( - -3.946e+02 2 0)))
s>    ( QUESTION0_20_R 1 -5.954e+03 1.654e+02 7.136e+01
s>        ( QUESTION0 1 -5.150e+03 1.279e+02 6.136e+01
s>            ( - -3.185e+03 3 0)
s>            ( - -1.838e+03 1 0))
s>        ( WDBNDRY_E 0 -6.382e+02 1.245e+02 1.000e+01
s>            ( - -1.191e+02 1 0)
s>            ( - -3.946e+02 2 0)))INFO: dtree.c(1315): Comp split 21
INFO: dtree.c(1478): Final simple tree
|( WDBNDRY_I 0 -7.325e+03 1.973e+02 9.712e+01
|    ( - -9.842e+02 1 0)
|    ( WDBNDRY_B 0 -6.144e+03 1.573e+02 8.091e+01
|        ( QUESTION11 -1 -5.279e+03 1.534e+02 6.891e+01
|            ( - -9.353e+01 1 0)
|            ( QUESTION10 1 -5.032e+03 1.112e+02 6.591e+01
|                ( QUESTION2_0_L -1 -3.695e+03 1.106e+02 4.891e+01
|                    ( - -2.555e+03 2 0)
|                    ( - -1.030e+03 1 0))
|                ( - -1.225e+03 3 0)))
|        ( QUESTION0_0_R 1 -7.076e+02 1.295e+02 1.200e+01
|            ( - -9.177e+01 1 0)
|            ( WDBNDRY_E 0 -4.863e+02 1.663e+02 9.000e+00
|                ( - -3.371e+02 2 0)
|                ( - 1.715e+01 1 0)))))
s>    ( WDBNDRY_I 0 -7.325e+03 1.973e+02 9.712e+01
s>        ( - -9.842e+02 1 0)
s>        ( WDBNDRY_B 0 -6.144e+03 1.573e+02 8.091e+01
s>            ( QUESTION11 -1 -5.279e+03 1.534e+02 6.891e+01
s>                ( - -9.353e+01 1 0)
s>                ( QUESTION10 1 -5.032e+03 1.112e+02 6.591e+01
s>                    ( QUESTION2_0_L -1 -3.695e+03 1.106e+02 4.891e+01
s>                        ( - -2.555e+03 2 0)
s>                        ( - -1.030e+03 1 0))
s>                    ( - -1.225e+03 3 0)))
s>            ( QUESTION0_0_R 1 -7.076e+02 1.295e+02 1.200e+01
s>                ( - -9.177e+01 1 0)
s>                ( WDBNDRY_E 0 -4.863e+02 1.663e+02 9.000e+00
s>                    ( - -3.371e+02 2 0)
s>                    ( - 1.715e+01 1 0)))))INFO: dtree.c(1315): Comp split 22
INFO: dtree.c(1439): stop. leaf nodes are specific
INFO: dtree.c(1478): Final simple tree
|( WDBNDRY_E 0 -4.588e+03 1.471e+02 6.453e+01
|    ( - -1.543e+02 1 0)
|    ( WDBNDRY_S 0 -4.287e+03 1.120e+02 6.053e+01
|        ( - -1.064e+02 1 0)
|        ( - -4.068e+03 3 0)))
s>    ( WDBNDRY_E 0 -4.588e+03 1.471e+02 6.453e+01
s>        ( - -1.543e+02 1 0)
s>        ( WDBNDRY_S 0 -4.287e+03 1.120e+02 6.053e+01
s>            ( - -1.064e+02 1 0)
s>            ( - -4.068e+03 3 0)))INFO: dtree.c(1315): Comp split 23
INFO: dtree.c(1315): Comp split 24
INFO: dtree.c(1439): stop. leaf nodes are specific
INFO: dtree.c(1478): Final simple tree
|( WDBNDRY_B 0 -6.144e+03 1.573e+02 8.091e+01
|    ( QUESTION11 -1 -5.279e+03 1.534e+02 6.891e+01
|        ( - -9.353e+01 1 0)
|        ( QUESTION10 1 -5.032e+03 1.112e+02 6.591e+01
|            ( QUESTION2_0_L -1 -3.695e+03 1.106e+02 4.891e+01
|                ( - -2.555e+03 2 0)
|                ( - -1.030e+03 1 0))
|            ( - -1.225e+03 3 0)))
|    ( QUESTION0_0_R 1 -7.076e+02 1.295e+02 1.200e+01
|        ( - -9.177e+01 1 0)
|        ( WDBNDRY_E 0 -4.863e+02 1.663e+02 9.000e+00
|            ( - -3.371e+02 2 0)
|            ( - 1.715e+01 1 0))))
s>    ( WDBNDRY_B 0 -6.144e+03 1.573e+02 8.091e+01
s>        ( QUESTION11 -1 -5.279e+03 1.534e+02 6.891e+01
s>            ( - -9.353e+01 1 0)
s>            ( QUESTION10 1 -5.032e+03 1.112e+02 6.591e+01
s>                ( QUESTION2_0_L -1 -3.695e+03 1.106e+02 4.891e+01
s>                    ( - -2.555e+03 2 0)
s>                    ( - -1.030e+03 1 0))
s>                ( - -1.225e+03 3 0)))
s>        ( QUESTION0_0_R 1 -7.076e+02 1.295e+02 1.200e+01
s>            ( - -9.177e+01 1 0)
s>            ( WDBNDRY_E 0 -4.863e+02 1.663e+02 9.000e+00
s>                ( - -3.371e+02 2 0)
s>                ( - 1.715e+01 1 0))))INFO: dtree.c(1315): Comp split 25
INFO: dtree.c(1439): stop. leaf nodes are specific
INFO: dtree.c(1478): Final simple tree
|( QUESTION18 -1 -2.945e+03 1.700e+02 4.508e+01
|    ( - 3.996e+01 1 0)
|    ( WDBNDRY_B 0 -2.815e+03 1.383e+02 4.308e+01
|        ( - -2.431e+02 1 0)
|        ( - -2.434e+03 1 0)))
s>    ( QUESTION18 -1 -2.945e+03 1.700e+02 4.508e+01
s>        ( - 3.996e+01 1 0)
s>        ( WDBNDRY_B 0 -2.815e+03 1.383e+02 4.308e+01
s>            ( - -2.431e+02 1 0)
s>            ( - -2.434e+03 1 0)))INFO: dtree.c(1315): Comp split 26
INFO: dtree.c(1439): stop. leaf nodes are specific
INFO: dtree.c(1478): Final simple tree
|( WDBNDRY_E 0 -5.609e+02 1.468e+02 1.000e+01
|    ( - -1.718e+02 1 0)
|    ( - -2.423e+02 1 0))
s>    ( WDBNDRY_E 0 -5.609e+02 1.468e+02 1.000e+01
s>        ( - -1.718e+02 1 0)
s>        ( - -2.423e+02 1 0))INFO: dtree.c(1439): stop. leaf nodes are specific
INFO: dtree.c(1478): Final simple tree
|( QUESTION0_1_R 1 -1.025e+03 1.572e+02 1.900e+01
|    ( QUESTION0 1 -8.206e+02 1.610e+02 1.600e+01
|        ( - -2.958e+01 1 0)
|        ( QUESTION0_9_R 1 -6.301e+02 1.534e+02 1.300e+01
|            ( - -3.745e+02 1 0)
|            ( - -1.023e+02 1 0)))
|    ( - -4.669e+01 1 0))
s>    ( QUESTION0_1_R 1 -1.025e+03 1.572e+02 1.900e+01
s>        ( QUESTION0 1 -8.206e+02 1.610e+02 1.600e+01
s>            ( - -2.958e+01 1 0)
s>            ( QUESTION0_9_R 1 -6.301e+02 1.534e+02 1.300e+01
s>                ( - -3.745e+02 1 0)
s>                ( - -1.023e+02 1 0)))
s>        ( - -4.669e+01 1 0))INFO: dtree.c(1315): Comp split 27
INFO: dtree.c(1439): stop. leaf nodes are specific
INFO: dtree.c(1478): Final simple tree
|( WDBNDRY_B 0 -8.712e+02 1.216e+02 1.202e+01
|    ( - -4.614e+01 1 0)
|    ( - -7.034e+02 1 0))
s>    ( WDBNDRY_B 0 -8.712e+02 1.216e+02 1.202e+01
s>        ( - -4.614e+01 1 0)
s>        ( - -7.034e+02 1 0))INFO: dtree.c(1315): Comp split 28
INFO: dtree.c(1315): Comp split 29
INFO: dtree.c(1439): stop. leaf nodes are specific
INFO: dtree.c(1478): Final simple tree
|( WDBNDRY_S 0 -1.729e+04 1.646e+02 2.270e+02
|    ( - 3.306e+01 1 0)
|    ( WDBNDRY_E 0 -1.716e+04 1.441e+02 2.250e+02
|        ( - -1.390e+03 1 0)
|        ( - -1.562e+04 10 0)))
s>    ( WDBNDRY_S 0 -1.729e+04 1.646e+02 2.270e+02
s>        ( - 3.306e+01 1 0)
s>        ( WDBNDRY_E 0 -1.716e+04 1.441e+02 2.250e+02
s>            ( - -1.390e+03 1 0)
s>            ( - -1.562e+04 10 0)))INFO: dtree.c(1315): Comp split 30
INFO: dtree.c(1439): stop. leaf nodes are specific
INFO: dtree.c(1478): Final simple tree
|( WDBNDRY_B 0 -2.815e+03 1.383e+02 4.308e+01
|    ( - -2.431e+02 1 0)
|    ( - -2.434e+03 1 0))
s>    ( WDBNDRY_B 0 -2.815e+03 1.383e+02 4.308e+01
s>        ( - -2.431e+02 1 0)
s>        ( - -2.434e+03 1 0))INFO: dtree.c(1315): Comp split 31
INFO: dtree.c(1439): stop. leaf nodes are specific
INFO: dtree.c(1478): Final simple tree
|( WDBNDRY_E 0 -5.226e+03 1.386e+02 7.604e+01
|    ( QUESTION0_1_R 1 -4.044e+03 1.298e+02 5.775e+01
|        ( - -3.486e+03 2 0)
|        ( - -4.277e+02 1 0))
|    ( - -1.043e+03 1 0))
s>    ( WDBNDRY_E 0 -5.226e+03 1.386e+02 7.604e+01
s>        ( QUESTION0_1_R 1 -4.044e+03 1.298e+02 5.775e+01
s>            ( - -3.486e+03 2 0)
s>            ( - -4.277e+02 1 0))
s>        ( - -1.043e+03 1 0))INFO: dtree.c(1315): Comp split 32
INFO: dtree.c(1439): stop. leaf nodes are specific
INFO: dtree.c(1478): Final simple tree
|( WDBNDRY_E 0 -6.382e+02 1.245e+02 1.000e+01
|    ( - -1.191e+02 1 0)
|    ( - -3.946e+02 2 0))
s>    ( WDBNDRY_E 0 -6.382e+02 1.245e+02 1.000e+01
s>        ( - -1.191e+02 1 0)
s>        ( - -3.946e+02 2 0))INFO: dtree.c(1439): stop. leaf nodes are specific
INFO: dtree.c(1478): Final simple tree
|( QUESTION0 1 -5.150e+03 1.279e+02 6.136e+01
|    ( - -3.185e+03 3 0)
|    ( - -1.838e+03 1 0))
s>    ( QUESTION0 1 -5.150e+03 1.279e+02 6.136e+01
s>        ( - -3.185e+03 3 0)
s>        ( - -1.838e+03 1 0))INFO: dtree.c(1315): Comp split 33
INFO: dtree.c(1439): stop. leaf nodes are specific
INFO: dtree.c(1478): Final simple tree
|( WDBNDRY_E 0 -1.716e+04 1.441e+02 2.250e+02
|    ( - -1.390e+03 1 0)
|    ( - -1.562e+04 10 0))
s>    ( WDBNDRY_E 0 -1.716e+04 1.441e+02 2.250e+02
s>        ( - -1.390e+03 1 0)
s>        ( - -1.562e+04 10 0))INFO: dtree.c(1315): Comp split 34
INFO: dtree.c(1439): stop. leaf nodes are specific
INFO: dtree.c(1478): Final simple tree
|( WDBNDRY_I 0 -2.540e+04 1.488e+02 3.320e+02
|    ( - -2.088e+04 8 0)
|    ( QUESTION0_0_R 1 -4.366e+03 1.361e+02 5.900e+01
|        ( - -1.206e+02 1 0)
|        ( QUESTION10 1 -4.109e+03 1.334e+02 5.500e+01
|            ( - -1.478e+03 4 0)
|            ( WDBNDRY_B 0 -2.498e+03 1.261e+02 3.300e+01
|                ( - -8.926e+02 3 0)
|                ( WDBNDRY_E 0 -1.479e+03 9.808e+01 2.100e+01
|                    ( - -1.095e+03 3 0)
|                    ( - -2.859e+02 2 0))))))
s>    ( WDBNDRY_I 0 -2.540e+04 1.488e+02 3.320e+02
s>        ( - -2.088e+04 8 0)
s>        ( QUESTION0_0_R 1 -4.366e+03 1.361e+02 5.900e+01
s>            ( - -1.206e+02 1 0)
s>            ( QUESTION10 1 -4.109e+03 1.334e+02 5.500e+01
s>                ( - -1.478e+03 4 0)
s>                ( WDBNDRY_B 0 -2.498e+03 1.261e+02 3.300e+01
s>                    ( - -8.926e+02 3 0)
s>                    ( WDBNDRY_E 0 -1.479e+03 9.808e+01 2.100e+01
s>                        ( - -1.095e+03 3 0)
s>                        ( - -2.859e+02 2 0))))))INFO: dtree.c(1315): Comp split 35
INFO: dtree.c(1439): stop. leaf nodes are specific
INFO: dtree.c(1478): Final simple tree
|( WDBNDRY_E 0 -5.998e+03 1.571e+02 7.891e+01
|    ( - -3.371e+02 2 0)
|    ( QUESTION11 -1 -5.504e+03 1.529e+02 7.191e+01
|        ( - -9.353e+01 1 0)
|        ( WDBNDRY_B 0 -5.258e+03 1.340e+02 6.891e+01
|            ( QUESTION10 1 -5.032e+03 1.112e+02 6.591e+01
|                ( QUESTION2_0_L -1 -3.695e+03 1.106e+02 4.891e+01
|                    ( - -2.555e+03 2 0)
|                    ( - -1.030e+03 1 0))
|                ( - -1.225e+03 3 0))
|            ( - -9.177e+01 1 0))))
s>    ( WDBNDRY_E 0 -5.998e+03 1.571e+02 7.891e+01
s>        ( - -3.371e+02 2 0)
s>        ( QUESTION11 -1 -5.504e+03 1.529e+02 7.191e+01
s>            ( - -9.353e+01 1 0)
s>            ( WDBNDRY_B 0 -5.258e+03 1.340e+02 6.891e+01
s>                ( QUESTION10 1 -5.032e+03 1.112e+02 6.591e+01
s>                    ( QUESTION2_0_L -1 -3.695e+03 1.106e+02 4.891e+01
s>                        ( - -2.555e+03 2 0)
s>                        ( - -1.030e+03 1 0))
s>                    ( - -1.225e+03 3 0))
s>                ( - -9.177e+01 1 0))))INFO: dtree.c(1315): Comp split 36
INFO: dtree.c(1439): stop. leaf nodes are specific
INFO: dtree.c(1478): Final simple tree
|( WDBNDRY_E 0 -1.578e+03 1.067e+02 2.629e+01
|    ( - -4.277e+02 1 0)
|    ( - -1.043e+03 1 0))
s>    ( WDBNDRY_E 0 -1.578e+03 1.067e+02 2.629e+01
s>        ( - -4.277e+02 1 0)
s>        ( - -1.043e+03 1 0))INFO: dtree.c(1315): Comp split 37
INFO: dtree.c(1439): stop. leaf nodes are specific
INFO: dtree.c(1478): Final simple tree
|( QUESTION0_9_R 1 -2.050e+03 1.067e+02 2.811e+01
|    ( - -8.105e+02 2 0)
|    ( - -1.133e+03 1 0))
s>    ( QUESTION0_9_R 1 -2.050e+03 1.067e+02 2.811e+01
s>        ( - -8.105e+02 2 0)
s>        ( - -1.133e+03 1 0))INFO: dtree.c(1315): Comp split 38
INFO: dtree.c(1439): stop. leaf nodes are specific
INFO: dtree.c(1478): Final simple tree
|( QUESTION0 1 -8.206e+02 1.610e+02 1.600e+01
|    ( - -2.958e+01 1 0)
|    ( QUESTION0_9_R 1 -6.301e+02 1.534e+02 1.300e+01
|        ( - -3.745e+02 1 0)
|        ( - -1.023e+02 1 0)))
s>    ( QUESTION0 1 -8.206e+02 1.610e+02 1.600e+01
s>        ( - -2.958e+01 1 0)
s>        ( QUESTION0_9_R 1 -6.301e+02 1.534e+02 1.300e+01
s>            ( - -3.745e+02 1 0)
s>            ( - -1.023e+02 1 0)))INFO: dtree.c(1315): Comp split 39
INFO: dtree.c(1439): stop. leaf nodes are specific
INFO: dtree.c(1478): Final simple tree
|( QUESTION0_9_R 1 -6.301e+02 1.534e+02 1.300e+01
|    ( - -3.745e+02 1 0)
|    ( - -1.023e+02 1 0))
s>    ( QUESTION0_9_R 1 -6.301e+02 1.534e+02 1.300e+01
s>        ( - -3.745e+02 1 0)
s>        ( - -1.023e+02 1 0))INFO: dtree.c(1315): Comp split 40
INFO: dtree.c(1439): stop. leaf nodes are specific
INFO: dtree.c(1478): Final simple tree
|( QUESTION11 -1 -5.504e+03 1.529e+02 7.191e+01
|    ( - -9.353e+01 1 0)
|    ( WDBNDRY_B 0 -5.258e+03 1.340e+02 6.891e+01
|        ( QUESTION10 1 -5.032e+03 1.112e+02 6.591e+01
|            ( QUESTION2_0_L -1 -3.695e+03 1.106e+02 4.891e+01
|                ( - -2.555e+03 2 0)
|                ( - -1.030e+03 1 0))
|            ( - -1.225e+03 3 0))
|        ( - -9.177e+01 1 0)))
s>    ( QUESTION11 -1 -5.504e+03 1.529e+02 7.191e+01
s>        ( - -9.353e+01 1 0)
s>        ( WDBNDRY_B 0 -5.258e+03 1.340e+02 6.891e+01
s>            ( QUESTION10 1 -5.032e+03 1.112e+02 6.591e+01
s>                ( QUESTION2_0_L -1 -3.695e+03 1.106e+02 4.891e+01
s>                    ( - -2.555e+03 2 0)
s>                    ( - -1.030e+03 1 0))
s>                ( - -1.225e+03 3 0))
s>            ( - -9.177e+01 1 0)))INFO: dtree.c(1315): Comp split 41
INFO: dtree.c(1439): stop. leaf nodes are specific
INFO: dtree.c(1478): Final simple tree
|( WDBNDRY_E 0 -4.439e+02 1.525e+02 7.000e+00
|    ( QUESTION0_17_R 1 -1.675e+02 1.426e+02 4.000e+00
|        ( - -2.075e+01 1 0)
|        ( - -4.146e+00 1 0))
|    ( - -1.240e+02 1 0))
s>    ( WDBNDRY_E 0 -4.439e+02 1.525e+02 7.000e+00
s>        ( QUESTION0_17_R 1 -1.675e+02 1.426e+02 4.000e+00
s>            ( - -2.075e+01 1 0)
s>            ( - -4.146e+00 1 0))
s>        ( - -1.240e+02 1 0))INFO: dtree.c(1315): Comp split 42
INFO: dtree.c(1439): stop. leaf nodes are specific
INFO: dtree.c(1478): Final simple tree
|( WDBNDRY_B 0 -8.025e+02 1.340e+02 1.600e+01
|    ( QUESTION1 -1 -6.097e+02 1.285e+02 1.300e+01
|        ( - -1.219e+02 1 0)
|        ( - -3.594e+02 1 0))
|    ( - -5.878e+01 1 0))
s>    ( WDBNDRY_B 0 -8.025e+02 1.340e+02 1.600e+01
s>        ( QUESTION1 -1 -6.097e+02 1.285e+02 1.300e+01
s>            ( - -1.219e+02 1 0)
s>            ( - -3.594e+02 1 0))
s>        ( - -5.878e+01 1 0))INFO: dtree.c(1315): Comp split 43
INFO: dtree.c(1315): Comp split 44
INFO: dtree.c(1439): stop. leaf nodes are specific
INFO: dtree.c(1478): Final simple tree
|( WDBNDRY_B 0 -5.258e+03 1.340e+02 6.891e+01
|    ( QUESTION10 1 -5.032e+03 1.112e+02 6.591e+01
|        ( QUESTION2_0_L -1 -3.695e+03 1.106e+02 4.891e+01
|            ( - -2.555e+03 2 0)
|            ( - -1.030e+03 1 0))
|        ( - -1.225e+03 3 0))
|    ( - -9.177e+01 1 0))
s>    ( WDBNDRY_B 0 -5.258e+03 1.340e+02 6.891e+01
s>        ( QUESTION10 1 -5.032e+03 1.112e+02 6.591e+01
s>            ( QUESTION2_0_L -1 -3.695e+03 1.106e+02 4.891e+01
s>                ( - -2.555e+03 2 0)
s>                ( - -1.030e+03 1 0))
s>            ( - -1.225e+03 3 0))
s>        ( - -9.177e+01 1 0))INFO: dtree.c(1315): Comp split 45
INFO: dtree.c(1439): stop. leaf nodes are specific
INFO: dtree.c(1478): Final simple tree
|( QUESTION0_17_R 1 -1.675e+02 1.426e+02 4.000e+00
|    ( - -2.075e+01 1 0)
|    ( - -4.146e+00 1 0))
s>    ( QUESTION0_17_R 1 -1.675e+02 1.426e+02 4.000e+00
s>        ( - -2.075e+01 1 0)
s>        ( - -4.146e+00 1 0))INFO: dtree.c(1315): Comp split 46
INFO: dtree.c(1439): stop. leaf nodes are specific
INFO: dtree.c(1478): Final simple tree
|( WDBNDRY_E 0 -1.928e+03 1.306e+02 2.658e+01
|    ( - -3.908e+02 1 0)
|    ( - -1.406e+03 1 0))
s>    ( WDBNDRY_E 0 -1.928e+03 1.306e+02 2.658e+01
s>        ( - -3.908e+02 1 0)
s>        ( - -1.406e+03 1 0))INFO: dtree.c(1315): Comp split 47
INFO: dtree.c(1439): stop. leaf nodes are specific
INFO: dtree.c(1478): Final simple tree
|( WDBNDRY_B 0 -2.192e+04 1.452e+02 2.850e+02
|    ( - -8.926e+02 3 0)
|    ( - -2.088e+04 8 0))
s>    ( WDBNDRY_B 0 -2.192e+04 1.452e+02 2.850e+02
s>        ( - -8.926e+02 3 0)
s>        ( - -2.088e+04 8 0))INFO: dtree.c(1439): stop. leaf nodes are specific
INFO: dtree.c(1478): Final simple tree
|( QUESTION0_0_R 1 -3.328e+03 1.286e+02 4.700e+01
|    ( - -1.206e+02 1 0)
|    ( WDBNDRY_B 0 -3.079e+03 1.213e+02 4.300e+01
|        ( - -1.478e+03 4 0)
|        ( WDBNDRY_E 0 -1.479e+03 9.808e+01 2.100e+01
|            ( - -1.095e+03 3 0)
|            ( - -2.859e+02 2 0))))
s>    ( QUESTION0_0_R 1 -3.328e+03 1.286e+02 4.700e+01
s>        ( - -1.206e+02 1 0)
s>        ( WDBNDRY_B 0 -3.079e+03 1.213e+02 4.300e+01
s>            ( - -1.478e+03 4 0)
s>            ( WDBNDRY_E 0 -1.479e+03 9.808e+01 2.100e+01
s>                ( - -1.095e+03 3 0)
s>                ( - -2.859e+02 2 0))))INFO: dtree.c(1315): Comp split 48
INFO: dtree.c(1439): stop. leaf nodes are specific
INFO: dtree.c(1478): Final simple tree
|( WDBNDRY_S 0 -4.287e+03 1.120e+02 6.053e+01
|    ( - -1.064e+02 1 0)
|    ( - -4.068e+03 3 0))
s>    ( WDBNDRY_S 0 -4.287e+03 1.120e+02 6.053e+01
s>        ( - -1.064e+02 1 0)
s>        ( - -4.068e+03 3 0))INFO: dtree.c(1315): Comp split 49
INFO: dtree.c(1315): Comp split 50
INFO: dtree.c(1315): Comp split 51
INFO: dtree.c(1315): Comp split 52
INFO: dtree.c(1315): Comp split 53
INFO: dtree.c(1315): Comp split 54
INFO: dtree.c(1439): stop. leaf nodes are specific
INFO: dtree.c(1478): Final simple tree
|( QUESTION1 -1 -6.097e+02 1.285e+02 1.300e+01
|    ( - -1.219e+02 1 0)
|    ( - -3.594e+02 1 0))
s>    ( QUESTION1 -1 -6.097e+02 1.285e+02 1.300e+01
s>        ( - -1.219e+02 1 0)
s>        ( - -3.594e+02 1 0))INFO: dtree.c(1315): Comp split 55
INFO: dtree.c(1439): stop. leaf nodes are specific
INFO: dtree.c(1478): Final simple tree
|( QUESTION10 1 -5.032e+03 1.112e+02 6.591e+01
|    ( QUESTION2_0_L -1 -3.695e+03 1.106e+02 4.891e+01
|        ( - -2.555e+03 2 0)
|        ( - -1.030e+03 1 0))
|    ( - -1.225e+03 3 0))
s>    ( QUESTION10 1 -5.032e+03 1.112e+02 6.591e+01
s>        ( QUESTION2_0_L -1 -3.695e+03 1.106e+02 4.891e+01
s>            ( - -2.555e+03 2 0)
s>            ( - -1.030e+03 1 0))
s>        ( - -1.225e+03 3 0))INFO: dtree.c(1315): Comp split 56
INFO: dtree.c(1315): Comp split 57
INFO: dtree.c(1439): stop. leaf nodes are specific
INFO: dtree.c(1478): Final simple tree
|( WDBNDRY_B 0 -3.079e+03 1.213e+02 4.300e+01
|    ( - -1.478e+03 4 0)
|    ( WDBNDRY_E 0 -1.479e+03 9.808e+01 2.100e+01
|        ( - -1.095e+03 3 0)
|        ( - -2.859e+02 2 0)))
s>    ( WDBNDRY_B 0 -3.079e+03 1.213e+02 4.300e+01
s>        ( - -1.478e+03 4 0)
s>        ( WDBNDRY_E 0 -1.479e+03 9.808e+01 2.100e+01
s>            ( - -1.095e+03 3 0)
s>            ( - -2.859e+02 2 0)))INFO: dtree.c(1315): Comp split 58
INFO: dtree.c(1315): Comp split 59
INFO: dtree.c(1315): Comp split 60
INFO: dtree.c(1315): Comp split 61
INFO: dtree.c(1315): Comp split 62
INFO: dtree.c(1439): stop. leaf nodes are specific
INFO: dtree.c(1478): Final simple tree
|( WDBNDRY_E 0 -1.479e+03 9.808e+01 2.100e+01
|    ( - -1.095e+03 3 0)
|    ( - -2.859e+02 2 0))
s>    ( WDBNDRY_E 0 -1.479e+03 9.808e+01 2.100e+01
s>        ( - -1.095e+03 3 0)
s>        ( - -2.859e+02 2 0))INFO: dtree.c(1315): Comp split 63
INFO: dtree.c(1439): stop. leaf nodes are specific
INFO: dtree.c(1478): Final simple tree
|( QUESTION10 1 -2.363e+03 1.082e+02 3.102e+01
|    ( - -1.030e+03 1 0)
|    ( - -1.225e+03 3 0))
s>    ( QUESTION10 1 -2.363e+03 1.082e+02 3.102e+01
s>        ( - -1.030e+03 1 0)
s>        ( - -1.225e+03 3 0))INFO: dtree.c(1315): Comp split 64
INFO: dtree.c(1315): Comp split 65
INFO: dtree.c(1315): Comp split 66
INFO: dtree.c(1315): Comp split 67
INFO: dtree.c(1315): Comp split 68
INFO: dtree.c(1315): Comp split 69
INFO: dtree.c(1315): Comp split 70
INFO: dtree.c(1318): stop. leaf nodes are specific
!!!!!!!!Allocated 66 lines
Fri Apr  8 23:11:34 2016
