Current configuration:
[NAME]		[DEFLT]	[VALUE]
-allphones	no	no
-cntthresh	0.00001	1.000000e-05
-csplitmax	100	2000
-csplitmin	1	1
-csplitthr	8e-4	0.000000e+00
-example	no	no
-fullvar	no	no
-help		no	no
-meanfn			/home/yaroslav/model/model_parameters/ua.cd_cont_untied/means
-mixwfn			/home/yaroslav/model/model_parameters/ua.cd_cont_untied/mixture_weights
-moddeffn		/home/yaroslav/model/model_architecture/ua.untied.mdef
-mwfloor	1e-4	1.000000e-08
-phone			CHH
-psetfn			/home/yaroslav/model/model_architecture/ua.tree_questions
-ssplitmax	5	7
-ssplitmin	1	1
-ssplitthr	8e-4	0.000000e+00
-state			2
-stwt			1.0,0.05,0.0,
-treefn			/home/yaroslav/model/trees/ua.unpruned/CHH-2.dtree
-ts2cbfn	.semi.	.cont.
-varfloor	0.00001	1.000000e-05
-varfn			/home/yaroslav/model/model_parameters/ua.cd_cont_untied/variances

INFO: main.c(223): Reading: /home/yaroslav/model/model_architecture/ua.untied.mdef
INFO: model_def_io.c(573): Model definition info:
INFO: model_def_io.c(574): 9365 total models defined (51 base, 9314 tri)
INFO: model_def_io.c(575): 37460 total states
INFO: model_def_io.c(576): 28095 total tied states
INFO: model_def_io.c(577): 153 total tied CI states
INFO: model_def_io.c(578): 51 total tied transition matrices
INFO: model_def_io.c(579): 4 max state/model
INFO: model_def_io.c(580): 4 min state/model
INFO: main.c(242): Building trees for [CHH A І i] through [CHH І І i]
INFO: main.c(269): Covering states |[3990 4019]| == 30
INFO: main.c(275): Reading: /home/yaroslav/model/model_parameters/ua.cd_cont_untied/mixture_weights
INFO: s3mixw_io.c(173): Read /home/yaroslav/model/model_parameters/ua.cd_cont_untied/mixture_weights [30x1x1 array]
INFO: main.c(311): 10 of 10 models have observation count greater than 0.000010
INFO: main.c(95): nrm stwt: 0.000 0.048 0.952 
INFO: s3gau_io.c(169): Read /home/yaroslav/model/model_parameters/ua.cd_cont_untied/means [28095x1x1 array]
INFO: s3gau_io.c(169): Read /home/yaroslav/model/model_parameters/ua.cd_cont_untied/variances [28095x1x1 array]
INFO: main.c(549): Reading: /home/yaroslav/model/model_architecture/ua.tree_questions
INFO: main.c(588): 180 total simple questions (172 phone; 8 word bndry)
INFO: main.c(590): 42 Left Only questions, and 42 Right Only questions
INFO: dtree.c(1478): Final simple tree
|( QUESTION0_0_R 1 -1.599e+04 1.468e+02 7.451e+01
|    ( QUESTION8 -1 -1.493e+04 1.352e+02 6.951e+01
|        ( - -5.991e+02 1 0)
|        ( QUESTION7 -1 -1.420e+04 1.292e+02 6.651e+01
|            ( - -2.903e+03 1 0)
|            ( WDBNDRY_B 0 -1.117e+04 1.240e+02 5.305e+01
|                ( QUESTION2_12_L -1 -4.077e+02 7.612e+02 2.000e+00
|                    ( - 1.637e+02 1 0)
|                    ( - 1.898e+02 1 0))
|                ( QUESTION2_15_L -1 -1.064e+04 1.095e+02 5.105e+01
|                    ( - -5.269e+02 1 0)
|                    ( QUESTION2_13_L -1 -1.000e+04 8.489e+01 4.805e+01
|                        ( - -6.747e+03 2 0)
|                        ( - -3.168e+03 2 0 QUESTION0 -1 7.452e+01 1.500e+01))))))
|    ( - -9.102e+02 1 0))
s>    ( QUESTION0_0_R 1 -1.599e+04 1.468e+02 7.451e+01
s>        ( QUESTION8 -1 -1.493e+04 1.352e+02 6.951e+01
s>            ( - -5.991e+02 1 0)
s>            ( QUESTION7 -1 -1.420e+04 1.292e+02 6.651e+01
s>                ( - -2.903e+03 1 0)
s>                ( WDBNDRY_B 0 -1.117e+04 1.240e+02 5.305e+01
s>                    ( QUESTION2_12_L -1 -4.077e+02 7.612e+02 2.000e+00
s>                        ( - 1.637e+02 1 0)
s>                        ( - 1.898e+02 1 0))
s>                    ( QUESTION2_15_L -1 -1.064e+04 1.095e+02 5.105e+01
s>                        ( - -5.269e+02 1 0)
s>                        ( QUESTION2_13_L -1 -1.000e+04 8.489e+01 4.805e+01
s>                            ( - -6.747e+03 2 0)
s>                            ( - -3.168e+03 2 0 QUESTION0 -1 7.452e+01 1.500e+01))))))
s>        ( - -9.102e+02 1 0))INFO: dtree.c(1315): Comp split 0
INFO: dtree.c(1478): Final simple tree
|( QUESTION0_0_R 1 -1.574e+04 1.481e+02 7.351e+01
|    ( QUESTION9 -1 -1.468e+04 1.390e+02 6.851e+01
|        ( - -2.903e+03 1 0)
|        ( QUESTION7 -1 -1.164e+04 1.329e+02 5.505e+01
|            ( - -5.991e+02 1 0)
|            ( WDBNDRY_B 0 -1.091e+04 4.358e+02 5.205e+01
|                ( - 1.637e+02 1 0)
|                ( QUESTION2_15_L -1 -1.064e+04 1.095e+02 5.105e+01
|                    ( - -5.269e+02 1 0)
|                    ( QUESTION2_13_L -1 -1.000e+04 8.489e+01 4.805e+01
|                        ( - -6.747e+03 2 0)
|                        ( QUESTION0 -1 -3.168e+03 7.452e+01 1.500e+01
|                            ( - -2.073e+03 1 0)
|                            ( - -1.020e+03 1 0)))))))
|    ( - -9.102e+02 1 0))
s>    ( QUESTION0_0_R 1 -1.574e+04 1.481e+02 7.351e+01
s>        ( QUESTION9 -1 -1.468e+04 1.390e+02 6.851e+01
s>            ( - -2.903e+03 1 0)
s>            ( QUESTION7 -1 -1.164e+04 1.329e+02 5.505e+01
s>                ( - -5.991e+02 1 0)
s>                ( WDBNDRY_B 0 -1.091e+04 4.358e+02 5.205e+01
s>                    ( - 1.637e+02 1 0)
s>                    ( QUESTION2_15_L -1 -1.064e+04 1.095e+02 5.105e+01
s>                        ( - -5.269e+02 1 0)
s>                        ( QUESTION2_13_L -1 -1.000e+04 8.489e+01 4.805e+01
s>                            ( - -6.747e+03 2 0)
s>                            ( QUESTION0 -1 -3.168e+03 7.452e+01 1.500e+01
s>                                ( - -2.073e+03 1 0)
s>                                ( - -1.020e+03 1 0)))))))
s>        ( - -9.102e+02 1 0))INFO: dtree.c(1315): Comp split 1
INFO: dtree.c(1439): stop. leaf nodes are specific
INFO: dtree.c(1478): Final simple tree
|( QUESTION0_0_R 1 -1.547e+04 1.485e+02 7.251e+01
|    ( QUESTION9 -1 -1.441e+04 1.426e+02 6.751e+01
|        ( - -2.903e+03 1 0)
|        ( WDBNDRY_B 0 -1.137e+04 1.328e+02 5.405e+01
|            ( - -5.991e+02 1 0)
|            ( QUESTION2_15_L -1 -1.064e+04 1.095e+02 5.105e+01
|                ( - -5.269e+02 1 0)
|                ( QUESTION2_13_L -1 -1.000e+04 8.489e+01 4.805e+01
|                    ( - -6.747e+03 2 0)
|                    ( QUESTION0 -1 -3.168e+03 7.452e+01 1.500e+01
|                        ( - -2.073e+03 1 0)
|                        ( - -1.020e+03 1 0))))))
|    ( - -9.102e+02 1 0))
s>    ( QUESTION0_0_R 1 -1.547e+04 1.485e+02 7.251e+01
s>        ( QUESTION9 -1 -1.441e+04 1.426e+02 6.751e+01
s>            ( - -2.903e+03 1 0)
s>            ( WDBNDRY_B 0 -1.137e+04 1.328e+02 5.405e+01
s>                ( - -5.991e+02 1 0)
s>                ( QUESTION2_15_L -1 -1.064e+04 1.095e+02 5.105e+01
s>                    ( - -5.269e+02 1 0)
s>                    ( QUESTION2_13_L -1 -1.000e+04 8.489e+01 4.805e+01
s>                        ( - -6.747e+03 2 0)
s>                        ( QUESTION0 -1 -3.168e+03 7.452e+01 1.500e+01
s>                            ( - -2.073e+03 1 0)
s>                            ( - -1.020e+03 1 0))))))
s>        ( - -9.102e+02 1 0))INFO: dtree.c(1315): Comp split 2
INFO: dtree.c(1439): stop. leaf nodes are specific
INFO: dtree.c(1478): Final simple tree
|( QUESTION0_0_R 1 -1.543e+03 1.056e+02 8.000e+00
|    ( - -5.269e+02 1 0)
|    ( - -9.102e+02 1 0))
s>    ( QUESTION0_0_R 1 -1.543e+03 1.056e+02 8.000e+00
s>        ( - -5.269e+02 1 0)
s>        ( - -9.102e+02 1 0))INFO: dtree.c(1439): stop. leaf nodes are specific
INFO: dtree.c(1478): Final simple tree
|( QUESTION9 -1 -1.378e+04 1.417e+02 6.451e+01
|    ( - -2.903e+03 1 0)
|    ( WDBNDRY_B 0 -1.073e+04 1.332e+02 5.105e+01
|        ( - -5.991e+02 1 0)
|        ( QUESTION2_13_L -1 -1.000e+04 8.489e+01 4.805e+01
|            ( - -6.747e+03 2 0)
|            ( QUESTION0 -1 -3.168e+03 7.452e+01 1.500e+01
|                ( - -2.073e+03 1 0)
|                ( - -1.020e+03 1 0)))))
s>    ( QUESTION9 -1 -1.378e+04 1.417e+02 6.451e+01
s>        ( - -2.903e+03 1 0)
s>        ( WDBNDRY_B 0 -1.073e+04 1.332e+02 5.105e+01
s>            ( - -5.991e+02 1 0)
s>            ( QUESTION2_13_L -1 -1.000e+04 8.489e+01 4.805e+01
s>                ( - -6.747e+03 2 0)
s>                ( QUESTION0 -1 -3.168e+03 7.452e+01 1.500e+01
s>                    ( - -2.073e+03 1 0)
s>                    ( - -1.020e+03 1 0)))))INFO: dtree.c(1315): Comp split 3
INFO: dtree.c(1439): stop. leaf nodes are specific
INFO: dtree.c(1478): Final simple tree
|( WDBNDRY_B 0 -1.073e+04 1.332e+02 5.105e+01
|    ( - -5.991e+02 1 0)
|    ( QUESTION2_13_L -1 -1.000e+04 8.489e+01 4.805e+01
|        ( - -6.747e+03 2 0)
|        ( QUESTION0 -1 -3.168e+03 7.452e+01 1.500e+01
|            ( - -2.073e+03 1 0)
|            ( - -1.020e+03 1 0))))
s>    ( WDBNDRY_B 0 -1.073e+04 1.332e+02 5.105e+01
s>        ( - -5.991e+02 1 0)
s>        ( QUESTION2_13_L -1 -1.000e+04 8.489e+01 4.805e+01
s>            ( - -6.747e+03 2 0)
s>            ( QUESTION0 -1 -3.168e+03 7.452e+01 1.500e+01
s>                ( - -2.073e+03 1 0)
s>                ( - -1.020e+03 1 0))))INFO: dtree.c(1315): Comp split 4
INFO: dtree.c(1439): stop. leaf nodes are specific
INFO: dtree.c(1478): Final simple tree
|( QUESTION2_13_L -1 -1.000e+04 8.489e+01 4.805e+01
|    ( - -6.747e+03 2 0)
|    ( QUESTION0 -1 -3.168e+03 7.452e+01 1.500e+01
|        ( - -2.073e+03 1 0)
|        ( - -1.020e+03 1 0)))
s>    ( QUESTION2_13_L -1 -1.000e+04 8.489e+01 4.805e+01
s>        ( - -6.747e+03 2 0)
s>        ( QUESTION0 -1 -3.168e+03 7.452e+01 1.500e+01
s>            ( - -2.073e+03 1 0)
s>            ( - -1.020e+03 1 0)))INFO: dtree.c(1315): Comp split 5
INFO: dtree.c(1315): Comp split 6
INFO: dtree.c(1439): stop. leaf nodes are specific
INFO: dtree.c(1478): Final simple tree
|( QUESTION0 -1 -3.168e+03 7.452e+01 1.500e+01
|    ( - -2.073e+03 1 0)
|    ( - -1.020e+03 1 0))
s>    ( QUESTION0 -1 -3.168e+03 7.452e+01 1.500e+01
s>        ( - -2.073e+03 1 0)
s>        ( - -1.020e+03 1 0))INFO: dtree.c(1315): Comp split 7
INFO: dtree.c(1315): Comp split 8
INFO: dtree.c(1318): stop. leaf nodes are specific
!!!!!!!!Allocated 68 lines
Fri Apr  8 18:30:49 2016
