Current configuration:
[NAME]		[DEFLT]	[VALUE]
-allphones	no	no
-cntthresh	0.00001	1.000000e-05
-csplitmax	100	2000
-csplitmin	1	1
-csplitthr	8e-4	0.000000e+00
-example	no	no
-fullvar	no	no
-help		no	no
-meanfn			/home/yaroslav/model/model_parameters/ua.cd_cont_untied/means
-mixwfn			/home/yaroslav/model/model_parameters/ua.cd_cont_untied/mixture_weights
-moddeffn		/home/yaroslav/model/model_architecture/ua.untied.mdef
-mwfloor	1e-4	1.000000e-08
-phone			G
-psetfn			/home/yaroslav/model/model_architecture/ua.tree_questions
-ssplitmax	5	7
-ssplitmin	1	1
-ssplitthr	8e-4	0.000000e+00
-state			1
-stwt			1.0,0.05,0.0,
-treefn			/home/yaroslav/model/trees/ua.unpruned/G-1.dtree
-ts2cbfn	.semi.	.cont.
-varfloor	0.00001	1.000000e-05
-varfn			/home/yaroslav/model/model_parameters/ua.cd_cont_untied/variances

INFO: main.c(223): Reading: /home/yaroslav/model/model_architecture/ua.untied.mdef
INFO: model_def_io.c(573): Model definition info:
INFO: model_def_io.c(574): 8408 total models defined (50 base, 8358 tri)
INFO: model_def_io.c(575): 33632 total states
INFO: model_def_io.c(576): 25224 total tied states
INFO: model_def_io.c(577): 150 total tied CI states
INFO: model_def_io.c(578): 50 total tied transition matrices
INFO: model_def_io.c(579): 4 max state/model
INFO: model_def_io.c(580): 4 min state/model
INFO: main.c(242): Building trees for [G A A b] through [G ZH I b]
INFO: main.c(269): Covering states |[5808 6161]| == 354
INFO: main.c(275): Reading: /home/yaroslav/model/model_parameters/ua.cd_cont_untied/mixture_weights
INFO: s3mixw_io.c(173): Read /home/yaroslav/model/model_parameters/ua.cd_cont_untied/mixture_weights [354x1x1 array]
INFO: main.c(311): 118 of 118 models have observation count greater than 0.000010
INFO: main.c(95): nrm stwt: 0.045 0.909 0.045 
INFO: s3gau_io.c(169): Read /home/yaroslav/model/model_parameters/ua.cd_cont_untied/means [25224x1x1 array]
INFO: s3gau_io.c(169): Read /home/yaroslav/model/model_parameters/ua.cd_cont_untied/variances [25224x1x1 array]
INFO: main.c(549): Reading: /home/yaroslav/model/model_architecture/ua.tree_questions
INFO: main.c(588): 174 total simple questions (166 phone; 8 word bndry)
INFO: main.c(590): 42 Left Only questions, and 40 Right Only questions
INFO: dtree.c(1478): Final simple tree
|( QUESTION0 1 -3.851e+05 6.358e+02 1.971e+03
|    ( WDBNDRY_I 0 -3.441e+05 6.677e+02 1.772e+03
|        ( QUESTION15 -1 -2.464e+05 5.238e+02 1.277e+03
|            ( - -1.297e+04 2 0)
|            ( - -2.329e+05 35 0 QUESTION0 -1 3.543e+02 1.202e+03))
|        ( QUESTION8 -1 -9.699e+04 4.780e+02 4.952e+02
|            ( - -3.784e+03 1 0)
|            ( - -9.272e+04 43 0 SILENCE -1 3.055e+02 4.753e+02)))
|    ( QUESTION16 1 -4.037e+04 4.819e+02 1.994e+02
|        ( - 2.423e+02 1 0)
|        ( QUESTION3 -1 -4.013e+04 4.506e+02 1.984e+02
|            ( - 2.409e+02 1 0)
|            ( QUESTION2_10_L -1 -3.992e+04 4.225e+02 1.974e+02
|                ( - 2.205e+02 1 0)
|                ( - -3.972e+04 34 0 QUESTION0_2_R 1 2.950e+02 1.964e+02)))))
s>    ( QUESTION0 1 -3.851e+05 6.358e+02 1.971e+03
s>        ( WDBNDRY_I 0 -3.441e+05 6.677e+02 1.772e+03
s>            ( QUESTION15 -1 -2.464e+05 5.238e+02 1.277e+03
s>                ( - -1.297e+04 2 0)
s>                ( - -2.329e+05 35 0 QUESTION0 -1 3.543e+02 1.202e+03))
s>            ( QUESTION8 -1 -9.699e+04 4.780e+02 4.952e+02
s>                ( - -3.784e+03 1 0)
s>                ( - -9.272e+04 43 0 SILENCE -1 3.055e+02 4.753e+02)))
s>        ( QUESTION16 1 -4.037e+04 4.819e+02 1.994e+02
s>            ( - 2.423e+02 1 0)
s>            ( QUESTION3 -1 -4.013e+04 4.506e+02 1.984e+02
s>                ( - 2.409e+02 1 0)
s>                ( QUESTION2_10_L -1 -3.992e+04 4.225e+02 1.974e+02
s>                    ( - 2.205e+02 1 0)
s>                    ( - -3.972e+04 34 0 QUESTION0_2_R 1 2.950e+02 1.964e+02)))))INFO: dtree.c(1315): Comp split 0
INFO: dtree.c(1478): Final simple tree
|( QUESTION0 1 -2.872e+05 6.195e+02 1.475e+03
|    ( QUESTION15 -1 -2.464e+05 5.238e+02 1.277e+03
|        ( - -1.297e+04 2 0)
|        ( QUESTION0 -1 -2.329e+05 3.543e+02 1.202e+03
|            ( - -2.116e+05 22 0 QUESTION0_0_R 1 1.410e+02 1.099e+03)
|            ( - -2.092e+04 13 0 QUESTION2_0_L -1 1.898e+02 1.022e+02)))
|    ( QUESTION3 -1 -4.013e+04 4.506e+02 1.984e+02
|        ( - 2.409e+02 1 0)
|        ( QUESTION2_10_L -1 -3.992e+04 4.225e+02 1.974e+02
|            ( - 2.205e+02 1 0)
|            ( QUESTION0_2_R 1 -3.972e+04 2.950e+02 1.964e+02
|                ( QUESTION11 -1 -1.445e+04 2.824e+02 7.409e+01
|                    ( - -2.561e+03 1 0)
|                    ( - -1.161e+04 4 0 QUESTION0 -1 2.188e+02 5.909e+01))
|                ( - -2.497e+04 29 0 QUESTION0_8_R 1 2.145e+02 1.223e+02)))))
s>    ( QUESTION0 1 -2.872e+05 6.195e+02 1.475e+03
s>        ( QUESTION15 -1 -2.464e+05 5.238e+02 1.277e+03
s>            ( - -1.297e+04 2 0)
s>            ( QUESTION0 -1 -2.329e+05 3.543e+02 1.202e+03
s>                ( - -2.116e+05 22 0 QUESTION0_0_R 1 1.410e+02 1.099e+03)
s>                ( - -2.092e+04 13 0 QUESTION2_0_L -1 1.898e+02 1.022e+02)))
s>        ( QUESTION3 -1 -4.013e+04 4.506e+02 1.984e+02
s>            ( - 2.409e+02 1 0)
s>            ( QUESTION2_10_L -1 -3.992e+04 4.225e+02 1.974e+02
s>                ( - 2.205e+02 1 0)
s>                ( QUESTION0_2_R 1 -3.972e+04 2.950e+02 1.964e+02
s>                    ( QUESTION11 -1 -1.445e+04 2.824e+02 7.409e+01
s>                        ( - -2.561e+03 1 0)
s>                        ( - -1.161e+04 4 0 QUESTION0 -1 2.188e+02 5.909e+01))
s>                    ( - -2.497e+04 29 0 QUESTION0_8_R 1 2.145e+02 1.223e+02)))))INFO: dtree.c(1478): Final simple tree
|( WDBNDRY_I 0 -9.723e+04 4.908e+02 4.962e+02
|    ( - 2.423e+02 1 0)
|    ( QUESTION8 -1 -9.699e+04 4.780e+02 4.952e+02
|        ( - -3.784e+03 1 0)
|        ( SILENCE -1 -9.272e+04 3.055e+02 4.753e+02
|            ( - -7.645e+03 2 0)
|            ( QUESTION13 -1 -8.477e+04 2.543e+02 4.350e+02
|                ( - -8.511e+03 3 0)
|                ( QUESTION0 -1 -7.601e+04 2.734e+02 3.885e+02
|                    ( - -4.909e+04 19 0 WDBNDRY_B 0 1.463e+02 2.531e+02)
|                    ( QUESTION0_0_R 1 -2.664e+04 4.326e+02 1.354e+02
|                        ( QUESTION10 -1 -2.640e+04 2.112e+02 1.344e+02
|                            ( - -1.644e+04 8 0)
|                            ( - -9.746e+03 10 0 QUESTION5 -1 1.951e+02 4.997e+01))
|                        ( - 1.866e+02 1 0)))))))
s>    ( WDBNDRY_I 0 -9.723e+04 4.908e+02 4.962e+02
s>        ( - 2.423e+02 1 0)
s>        ( QUESTION8 -1 -9.699e+04 4.780e+02 4.952e+02
s>            ( - -3.784e+03 1 0)
s>            ( SILENCE -1 -9.272e+04 3.055e+02 4.753e+02
s>                ( - -7.645e+03 2 0)
s>                ( QUESTION13 -1 -8.477e+04 2.543e+02 4.350e+02
s>                    ( - -8.511e+03 3 0)
s>                    ( QUESTION0 -1 -7.601e+04 2.734e+02 3.885e+02
s>                        ( - -4.909e+04 19 0 WDBNDRY_B 0 1.463e+02 2.531e+02)
s>                        ( QUESTION0_0_R 1 -2.664e+04 4.326e+02 1.354e+02
s>                            ( QUESTION10 -1 -2.640e+04 2.112e+02 1.344e+02
s>                                ( - -1.644e+04 8 0)
s>                                ( - -9.746e+03 10 0 QUESTION5 -1 1.951e+02 4.997e+01))
s>                            ( - 1.866e+02 1 0)))))))INFO: dtree.c(1315): Comp split 1
INFO: dtree.c(1439): stop. leaf nodes are specific
INFO: dtree.c(1478): Final simple tree
|( QUESTION11 -1 -2.370e+05 5.052e+02 1.234e+03
|    ( - -1.297e+04 2 0)
|    ( QUESTION13 1 -2.236e+05 3.210e+02 1.159e+03
|        ( QUESTION0_3_R 1 -8.834e+03 4.631e+02 4.609e+01
|            ( - 2.420e+02 1 0)
|            ( WDBNDRY_E 0 -8.613e+03 2.068e+02 4.509e+01
|                ( - -6.986e+03 1 0)
|                ( - -1.420e+03 1 0)))
|        ( QUESTION0_2_R 1 -2.144e+05 2.111e+02 1.112e+03
|            ( - -2.558e+03 1 0)
|            ( QUESTION0_0_R 1 -2.116e+05 1.410e+02 1.099e+03
|                ( - -2.100e+05 20 0)
|                ( - -1.444e+03 2 0)))))
s>    ( QUESTION11 -1 -2.370e+05 5.052e+02 1.234e+03
s>        ( - -1.297e+04 2 0)
s>        ( QUESTION13 1 -2.236e+05 3.210e+02 1.159e+03
s>            ( QUESTION0_3_R 1 -8.834e+03 4.631e+02 4.609e+01
s>                ( - 2.420e+02 1 0)
s>                ( WDBNDRY_E 0 -8.613e+03 2.068e+02 4.509e+01
s>                    ( - -6.986e+03 1 0)
s>                    ( - -1.420e+03 1 0)))
s>            ( QUESTION0_2_R 1 -2.144e+05 2.111e+02 1.112e+03
s>                ( - -2.558e+03 1 0)
s>                ( QUESTION0_0_R 1 -2.116e+05 1.410e+02 1.099e+03
s>                    ( - -2.100e+05 20 0)
s>                    ( - -1.444e+03 2 0)))))INFO: dtree.c(1478): Final simple tree
|( QUESTION3 -1 -4.948e+04 4.541e+02 2.415e+02
|    ( - 2.409e+02 1 0)
|    ( QUESTION2_10_L -1 -4.927e+04 4.234e+02 2.405e+02
|        ( - 2.205e+02 1 0)
|        ( QUESTION0_0_R 1 -4.907e+04 3.500e+02 2.395e+02
|            ( - -2.092e+04 13 0 QUESTION2_0_L -1 1.898e+02 1.022e+02)
|            ( QUESTION0_2_R 1 -2.780e+04 2.711e+02 1.373e+02
|                ( - -2.561e+03 1 0)
|                ( QUESTION0_8_R 1 -2.497e+04 2.145e+02 1.223e+02
|                    ( QUESTION12 -1 -1.955e+04 4.475e+02 9.733e+01
|                        ( - 2.425e+02 1 0)
|                        ( - -1.934e+04 20 0 QUESTION11 -1 4.378e+02 9.633e+01))
|                    ( QUESTION12 -1 -5.209e+03 4.552e+02 2.500e+01
|                        ( - 2.417e+02 1 0)
|                        ( - -4.995e+03 7 0 WDBNDRY_B 0 9.659e+01 2.400e+01)))))))
s>    ( QUESTION3 -1 -4.948e+04 4.541e+02 2.415e+02
s>        ( - 2.409e+02 1 0)
s>        ( QUESTION2_10_L -1 -4.927e+04 4.234e+02 2.405e+02
s>            ( - 2.205e+02 1 0)
s>            ( QUESTION0_0_R 1 -4.907e+04 3.500e+02 2.395e+02
s>                ( - -2.092e+04 13 0 QUESTION2_0_L -1 1.898e+02 1.022e+02)
s>                ( QUESTION0_2_R 1 -2.780e+04 2.711e+02 1.373e+02
s>                    ( - -2.561e+03 1 0)
s>                    ( QUESTION0_8_R 1 -2.497e+04 2.145e+02 1.223e+02
s>                        ( QUESTION12 -1 -1.955e+04 4.475e+02 9.733e+01
s>                            ( - 2.425e+02 1 0)
s>                            ( - -1.934e+04 20 0 QUESTION11 -1 4.378e+02 9.633e+01))
s>                        ( QUESTION12 -1 -5.209e+03 4.552e+02 2.500e+01
s>                            ( - 2.417e+02 1 0)
s>                            ( - -4.995e+03 7 0 WDBNDRY_B 0 9.659e+01 2.400e+01)))))))INFO: dtree.c(1315): Comp split 2
INFO: dtree.c(1439): stop. leaf nodes are specific
INFO: dtree.c(1478): Final simple tree
|( QUESTION0_2_R 1 -2.144e+05 2.111e+02 1.112e+03
|    ( - -2.558e+03 1 0)
|    ( QUESTION0_0_R 1 -2.116e+05 1.410e+02 1.099e+03
|        ( - -2.100e+05 20 0)
|        ( - -1.444e+03 2 0)))
s>    ( QUESTION0_2_R 1 -2.144e+05 2.111e+02 1.112e+03
s>        ( - -2.558e+03 1 0)
s>        ( QUESTION0_0_R 1 -2.116e+05 1.410e+02 1.099e+03
s>            ( - -2.100e+05 20 0)
s>            ( - -1.444e+03 2 0)))INFO: dtree.c(1439): stop. leaf nodes are specific
INFO: dtree.c(1478): Final simple tree
|( QUESTION0_3_R 1 -2.211e+04 4.624e+02 1.211e+02
|    ( - 2.420e+02 1 0)
|    ( QUESTION0_0_R 1 -2.189e+04 2.982e+02 1.201e+02
|        ( - -1.297e+04 2 0)
|        ( WDBNDRY_E 0 -8.613e+03 2.068e+02 4.509e+01
|            ( - -6.986e+03 1 0)
|            ( - -1.420e+03 1 0))))
s>    ( QUESTION0_3_R 1 -2.211e+04 4.624e+02 1.211e+02
s>        ( - 2.420e+02 1 0)
s>        ( QUESTION0_0_R 1 -2.189e+04 2.982e+02 1.201e+02
s>            ( - -1.297e+04 2 0)
s>            ( WDBNDRY_E 0 -8.613e+03 2.068e+02 4.509e+01
s>                ( - -6.986e+03 1 0)
s>                ( - -1.420e+03 1 0))))INFO: dtree.c(1315): Comp split 3
INFO: dtree.c(1478): Final simple tree
|( QUESTION8 -1 -9.699e+04 4.780e+02 4.952e+02
|    ( - -3.784e+03 1 0)
|    ( SILENCE -1 -9.272e+04 3.055e+02 4.753e+02
|        ( - -7.645e+03 2 0)
|        ( QUESTION13 -1 -8.477e+04 2.543e+02 4.350e+02
|            ( - -8.511e+03 3 0)
|            ( QUESTION0 -1 -7.601e+04 2.734e+02 3.885e+02
|                ( - -4.909e+04 19 0 WDBNDRY_B 0 1.463e+02 2.531e+02)
|                ( QUESTION0_0_R 1 -2.664e+04 4.326e+02 1.354e+02
|                    ( QUESTION10 -1 -2.640e+04 2.112e+02 1.344e+02
|                        ( - -1.644e+04 8 0)
|                        ( QUESTION5 -1 -9.746e+03 1.951e+02 4.997e+01
|                            ( - -1.914e+02 1 0)
|                            ( - -9.359e+03 9 0 QUESTION15 -1 1.506e+02 4.797e+01)))
|                    ( - 1.866e+02 1 0))))))
s>    ( QUESTION8 -1 -9.699e+04 4.780e+02 4.952e+02
s>        ( - -3.784e+03 1 0)
s>        ( SILENCE -1 -9.272e+04 3.055e+02 4.753e+02
s>            ( - -7.645e+03 2 0)
s>            ( QUESTION13 -1 -8.477e+04 2.543e+02 4.350e+02
s>                ( - -8.511e+03 3 0)
s>                ( QUESTION0 -1 -7.601e+04 2.734e+02 3.885e+02
s>                    ( - -4.909e+04 19 0 WDBNDRY_B 0 1.463e+02 2.531e+02)
s>                    ( QUESTION0_0_R 1 -2.664e+04 4.326e+02 1.354e+02
s>                        ( QUESTION10 -1 -2.640e+04 2.112e+02 1.344e+02
s>                            ( - -1.644e+04 8 0)
s>                            ( QUESTION5 -1 -9.746e+03 1.951e+02 4.997e+01
s>                                ( - -1.914e+02 1 0)
s>                                ( - -9.359e+03 9 0 QUESTION15 -1 1.506e+02 4.797e+01)))
s>                        ( - 1.866e+02 1 0))))))INFO: dtree.c(1315): Comp split 4
INFO: dtree.c(1478): Final simple tree
|( SILENCE -1 -9.272e+04 3.055e+02 4.753e+02
|    ( - -7.645e+03 2 0)
|    ( QUESTION13 -1 -8.477e+04 2.543e+02 4.350e+02
|        ( - -8.511e+03 3 0)
|        ( QUESTION0 -1 -7.601e+04 2.734e+02 3.885e+02
|            ( - -4.909e+04 19 0 WDBNDRY_B 0 1.463e+02 2.531e+02)
|            ( QUESTION0_0_R 1 -2.664e+04 4.326e+02 1.354e+02
|                ( QUESTION10 -1 -2.640e+04 2.112e+02 1.344e+02
|                    ( - -1.644e+04 8 0)
|                    ( QUESTION5 -1 -9.746e+03 1.951e+02 4.997e+01
|                        ( - -1.914e+02 1 0)
|                        ( QUESTION15 -1 -9.359e+03 1.506e+02 4.797e+01
|                            ( - -1.786e+03 1 0)
|                            ( - -7.423e+03 8 0 QUESTION2_11_L -1 1.194e+02 3.800e+01))))
|                ( - 1.866e+02 1 0)))))
s>    ( SILENCE -1 -9.272e+04 3.055e+02 4.753e+02
s>        ( - -7.645e+03 2 0)
s>        ( QUESTION13 -1 -8.477e+04 2.543e+02 4.350e+02
s>            ( - -8.511e+03 3 0)
s>            ( QUESTION0 -1 -7.601e+04 2.734e+02 3.885e+02
s>                ( - -4.909e+04 19 0 WDBNDRY_B 0 1.463e+02 2.531e+02)
s>                ( QUESTION0_0_R 1 -2.664e+04 4.326e+02 1.354e+02
s>                    ( QUESTION10 -1 -2.640e+04 2.112e+02 1.344e+02
s>                        ( - -1.644e+04 8 0)
s>                        ( QUESTION5 -1 -9.746e+03 1.951e+02 4.997e+01
s>                            ( - -1.914e+02 1 0)
s>                            ( QUESTION15 -1 -9.359e+03 1.506e+02 4.797e+01
s>                                ( - -1.786e+03 1 0)
s>                                ( - -7.423e+03 8 0 QUESTION2_11_L -1 1.194e+02 3.800e+01))))
s>                    ( - 1.866e+02 1 0)))))INFO: dtree.c(1315): Comp split 5
INFO: dtree.c(1478): Final simple tree
|( QUESTION3 -1 -4.926e+04 4.541e+02 2.405e+02
|    ( - 2.409e+02 1 0)
|    ( QUESTION2_10_L -1 -4.904e+04 4.234e+02 2.395e+02
|        ( - 2.205e+02 1 0)
|        ( QUESTION0_0_R 1 -4.884e+04 3.489e+02 2.385e+02
|            ( - -2.092e+04 13 0 QUESTION2_0_L -1 1.898e+02 1.022e+02)
|            ( QUESTION0_2_R 1 -2.758e+04 2.696e+02 1.363e+02
|                ( - -2.561e+03 1 0)
|                ( QUESTION12 -1 -2.474e+04 4.457e+02 1.213e+02
|                    ( - 2.425e+02 1 0)
|                    ( QUESTION0_10_R 1 -2.454e+04 2.094e+02 1.203e+02
|                        ( QUESTION0 -1 -8.590e+03 2.829e+02 4.392e+01
|                            ( - -3.812e+03 4 0 WDBNDRY_B 0 1.978e+02 1.900e+01)
|                            ( - -4.495e+03 2 0))
|                        ( - -1.574e+04 21 0 QUESTION0_8_R 1 1.950e+02 7.641e+01)))))))
s>    ( QUESTION3 -1 -4.926e+04 4.541e+02 2.405e+02
s>        ( - 2.409e+02 1 0)
s>        ( QUESTION2_10_L -1 -4.904e+04 4.234e+02 2.395e+02
s>            ( - 2.205e+02 1 0)
s>            ( QUESTION0_0_R 1 -4.884e+04 3.489e+02 2.385e+02
s>                ( - -2.092e+04 13 0 QUESTION2_0_L -1 1.898e+02 1.022e+02)
s>                ( QUESTION0_2_R 1 -2.758e+04 2.696e+02 1.363e+02
s>                    ( - -2.561e+03 1 0)
s>                    ( QUESTION12 -1 -2.474e+04 4.457e+02 1.213e+02
s>                        ( - 2.425e+02 1 0)
s>                        ( QUESTION0_10_R 1 -2.454e+04 2.094e+02 1.203e+02
s>                            ( QUESTION0 -1 -8.590e+03 2.829e+02 4.392e+01
s>                                ( - -3.812e+03 4 0 WDBNDRY_B 0 1.978e+02 1.900e+01)
s>                                ( - -4.495e+03 2 0))
s>                            ( - -1.574e+04 21 0 QUESTION0_8_R 1 1.950e+02 7.641e+01)))))))INFO: dtree.c(1315): Comp split 6
INFO: dtree.c(1439): stop. leaf nodes are specific
INFO: dtree.c(1478): Final simple tree
|( QUESTION0_0_R 1 -2.189e+04 2.982e+02 1.201e+02
|    ( - -1.297e+04 2 0)
|    ( WDBNDRY_E 0 -8.613e+03 2.068e+02 4.509e+01
|        ( - -6.986e+03 1 0)
|        ( - -1.420e+03 1 0)))
s>    ( QUESTION0_0_R 1 -2.189e+04 2.982e+02 1.201e+02
s>        ( - -1.297e+04 2 0)
s>        ( WDBNDRY_E 0 -8.613e+03 2.068e+02 4.509e+01
s>            ( - -6.986e+03 1 0)
s>            ( - -1.420e+03 1 0)))INFO: dtree.c(1315): Comp split 7
INFO: dtree.c(1478): Final simple tree
|( QUESTION2_10_L -1 -4.904e+04 4.234e+02 2.395e+02
|    ( - 2.205e+02 1 0)
|    ( QUESTION0_0_R 1 -4.884e+04 3.489e+02 2.385e+02
|        ( - -2.092e+04 13 0 QUESTION2_0_L -1 1.898e+02 1.022e+02)
|        ( QUESTION0_2_R 1 -2.758e+04 2.696e+02 1.363e+02
|            ( - -2.561e+03 1 0)
|            ( QUESTION12 -1 -2.474e+04 4.457e+02 1.213e+02
|                ( - 2.425e+02 1 0)
|                ( QUESTION0_10_R 1 -2.454e+04 2.094e+02 1.203e+02
|                    ( QUESTION0 -1 -8.590e+03 2.829e+02 4.392e+01
|                        ( WDBNDRY_B 0 -3.812e+03 1.978e+02 1.900e+01
|                            ( - -2.115e+02 1 0)
|                            ( - -3.403e+03 3 0 WDBNDRY_E 0 1.221e+02 1.700e+01))
|                        ( - -4.495e+03 2 0))
|                    ( - -1.574e+04 21 0 QUESTION0_8_R 1 1.950e+02 7.641e+01))))))
s>    ( QUESTION2_10_L -1 -4.904e+04 4.234e+02 2.395e+02
s>        ( - 2.205e+02 1 0)
s>        ( QUESTION0_0_R 1 -4.884e+04 3.489e+02 2.385e+02
s>            ( - -2.092e+04 13 0 QUESTION2_0_L -1 1.898e+02 1.022e+02)
s>            ( QUESTION0_2_R 1 -2.758e+04 2.696e+02 1.363e+02
s>                ( - -2.561e+03 1 0)
s>                ( QUESTION12 -1 -2.474e+04 4.457e+02 1.213e+02
s>                    ( - 2.425e+02 1 0)
s>                    ( QUESTION0_10_R 1 -2.454e+04 2.094e+02 1.203e+02
s>                        ( QUESTION0 -1 -8.590e+03 2.829e+02 4.392e+01
s>                            ( WDBNDRY_B 0 -3.812e+03 1.978e+02 1.900e+01
s>                                ( - -2.115e+02 1 0)
s>                                ( - -3.403e+03 3 0 WDBNDRY_E 0 1.221e+02 1.700e+01))
s>                            ( - -4.495e+03 2 0))
s>                        ( - -1.574e+04 21 0 QUESTION0_8_R 1 1.950e+02 7.641e+01))))))INFO: dtree.c(1315): Comp split 8
INFO: dtree.c(1478): Final simple tree
|( QUESTION2_10_L -1 -4.884e+04 4.235e+02 2.385e+02
|    ( - 2.205e+02 1 0)
|    ( QUESTION0_0_R 1 -4.863e+04 3.447e+02 2.375e+02
|        ( - -2.092e+04 13 0 QUESTION2_0_L -1 1.898e+02 1.022e+02)
|        ( QUESTION0_2_R 1 -2.737e+04 2.706e+02 1.353e+02
|            ( - -2.561e+03 1 0)
|            ( QUESTION0_10_R 1 -2.454e+04 2.094e+02 1.203e+02
|                ( QUESTION0 -1 -8.590e+03 2.829e+02 4.392e+01
|                    ( WDBNDRY_B 0 -3.812e+03 1.978e+02 1.900e+01
|                        ( - -2.115e+02 1 0)
|                        ( - -3.403e+03 3 0 WDBNDRY_E 0 1.221e+02 1.700e+01))
|                    ( - -4.495e+03 2 0))
|                ( QUESTION0_8_R 1 -1.574e+04 1.950e+02 7.641e+01
|                    ( - -1.055e+04 14 0 QUESTION11 -1 4.380e+02 5.241e+01)
|                    ( - -4.995e+03 7 0 WDBNDRY_B 0 9.659e+01 2.400e+01))))))
s>    ( QUESTION2_10_L -1 -4.884e+04 4.235e+02 2.385e+02
s>        ( - 2.205e+02 1 0)
s>        ( QUESTION0_0_R 1 -4.863e+04 3.447e+02 2.375e+02
s>            ( - -2.092e+04 13 0 QUESTION2_0_L -1 1.898e+02 1.022e+02)
s>            ( QUESTION0_2_R 1 -2.737e+04 2.706e+02 1.353e+02
s>                ( - -2.561e+03 1 0)
s>                ( QUESTION0_10_R 1 -2.454e+04 2.094e+02 1.203e+02
s>                    ( QUESTION0 -1 -8.590e+03 2.829e+02 4.392e+01
s>                        ( WDBNDRY_B 0 -3.812e+03 1.978e+02 1.900e+01
s>                            ( - -2.115e+02 1 0)
s>                            ( - -3.403e+03 3 0 WDBNDRY_E 0 1.221e+02 1.700e+01))
s>                        ( - -4.495e+03 2 0))
s>                    ( QUESTION0_8_R 1 -1.574e+04 1.950e+02 7.641e+01
s>                        ( - -1.055e+04 14 0 QUESTION11 -1 4.380e+02 5.241e+01)
s>                        ( - -4.995e+03 7 0 WDBNDRY_B 0 9.659e+01 2.400e+01))))))INFO: dtree.c(1315): Comp split 9
INFO: dtree.c(1478): Final simple tree
|( SILENCE -1 -9.247e+04 3.053e+02 4.743e+02
|    ( - -7.645e+03 2 0)
|    ( QUESTION13 -1 -8.452e+04 2.541e+02 4.340e+02
|        ( - -8.511e+03 3 0)
|        ( QUESTION0 -1 -7.576e+04 2.698e+02 3.875e+02
|            ( WDBNDRY_B 0 -4.909e+04 1.463e+02 2.531e+02
|                ( - -4.512e+04 17 0 QUESTION0_0_R 1 1.511e+02 2.321e+02)
|                ( - -3.821e+03 2 0))
|            ( QUESTION10 -1 -2.640e+04 2.112e+02 1.344e+02
|                ( - -1.644e+04 8 0)
|                ( QUESTION5 -1 -9.746e+03 1.951e+02 4.997e+01
|                    ( - -1.914e+02 1 0)
|                    ( QUESTION15 -1 -9.359e+03 1.506e+02 4.797e+01
|                        ( - -1.786e+03 1 0)
|                        ( - -7.423e+03 8 0 QUESTION2_11_L -1 1.194e+02 3.800e+01)))))))
s>    ( SILENCE -1 -9.247e+04 3.053e+02 4.743e+02
s>        ( - -7.645e+03 2 0)
s>        ( QUESTION13 -1 -8.452e+04 2.541e+02 4.340e+02
s>            ( - -8.511e+03 3 0)
s>            ( QUESTION0 -1 -7.576e+04 2.698e+02 3.875e+02
s>                ( WDBNDRY_B 0 -4.909e+04 1.463e+02 2.531e+02
s>                    ( - -4.512e+04 17 0 QUESTION0_0_R 1 1.511e+02 2.321e+02)
s>                    ( - -3.821e+03 2 0))
s>                ( QUESTION10 -1 -2.640e+04 2.112e+02 1.344e+02
s>                    ( - -1.644e+04 8 0)
s>                    ( QUESTION5 -1 -9.746e+03 1.951e+02 4.997e+01
s>                        ( - -1.914e+02 1 0)
s>                        ( QUESTION15 -1 -9.359e+03 1.506e+02 4.797e+01
s>                            ( - -1.786e+03 1 0)
s>                            ( - -7.423e+03 8 0 QUESTION2_11_L -1 1.194e+02 3.800e+01)))))))INFO: dtree.c(1315): Comp split 10
INFO: dtree.c(1478): Final simple tree
|( QUESTION0_0_R 1 -4.863e+04 3.447e+02 2.375e+02
|    ( - -2.092e+04 13 0 QUESTION2_0_L -1 1.898e+02 1.022e+02)
|    ( QUESTION0_2_R 1 -2.737e+04 2.706e+02 1.353e+02
|        ( - -2.561e+03 1 0)
|        ( QUESTION0_10_R 1 -2.454e+04 2.094e+02 1.203e+02
|            ( QUESTION0 -1 -8.590e+03 2.829e+02 4.392e+01
|                ( WDBNDRY_B 0 -3.812e+03 1.978e+02 1.900e+01
|                    ( - -2.115e+02 1 0)
|                    ( - -3.403e+03 3 0 WDBNDRY_E 0 1.221e+02 1.700e+01))
|                ( - -4.495e+03 2 0))
|            ( QUESTION0_8_R 1 -1.574e+04 1.950e+02 7.641e+01
|                ( QUESTION11 -1 -1.055e+04 4.380e+02 5.241e+01
|                    ( - 2.416e+02 1 0)
|                    ( - -1.036e+04 13 0 WDBNDRY_E 0 1.344e+02 5.141e+01))
|                ( - -4.995e+03 7 0 WDBNDRY_B 0 9.659e+01 2.400e+01)))))
s>    ( QUESTION0_0_R 1 -4.863e+04 3.447e+02 2.375e+02
s>        ( - -2.092e+04 13 0 QUESTION2_0_L -1 1.898e+02 1.022e+02)
s>        ( QUESTION0_2_R 1 -2.737e+04 2.706e+02 1.353e+02
s>            ( - -2.561e+03 1 0)
s>            ( QUESTION0_10_R 1 -2.454e+04 2.094e+02 1.203e+02
s>                ( QUESTION0 -1 -8.590e+03 2.829e+02 4.392e+01
s>                    ( WDBNDRY_B 0 -3.812e+03 1.978e+02 1.900e+01
s>                        ( - -2.115e+02 1 0)
s>                        ( - -3.403e+03 3 0 WDBNDRY_E 0 1.221e+02 1.700e+01))
s>                    ( - -4.495e+03 2 0))
s>                ( QUESTION0_8_R 1 -1.574e+04 1.950e+02 7.641e+01
s>                    ( QUESTION11 -1 -1.055e+04 4.380e+02 5.241e+01
s>                        ( - 2.416e+02 1 0)
s>                        ( - -1.036e+04 13 0 WDBNDRY_E 0 1.344e+02 5.141e+01))
s>                    ( - -4.995e+03 7 0 WDBNDRY_B 0 9.659e+01 2.400e+01)))))INFO: dtree.c(1315): Comp split 11
INFO: dtree.c(1478): Final simple tree
|( QUESTION0_0_R 1 -4.844e+04 3.448e+02 2.365e+02
|    ( QUESTION2_0_L -1 -2.092e+04 1.898e+02 1.022e+02
|        ( - -1.090e+04 3 0 QUESTION12 -1 1.505e+02 5.405e+01)
|        ( - -9.826e+03 10 0 QUESTION2 -1 1.345e+02 4.816e+01))
|    ( QUESTION0_2_R 1 -2.718e+04 2.721e+02 1.343e+02
|        ( - -2.561e+03 1 0)
|        ( QUESTION0_10_R 1 -2.434e+04 2.102e+02 1.193e+02
|            ( QUESTION0 -1 -8.590e+03 2.829e+02 4.392e+01
|                ( WDBNDRY_B 0 -3.812e+03 1.978e+02 1.900e+01
|                    ( - -2.115e+02 1 0)
|                    ( - -3.403e+03 3 0 WDBNDRY_E 0 1.221e+02 1.700e+01))
|                ( - -4.495e+03 2 0))
|            ( QUESTION0_8_R 1 -1.554e+04 1.932e+02 7.541e+01
|                ( - -1.036e+04 13 0 WDBNDRY_E 0 1.344e+02 5.141e+01)
|                ( - -4.995e+03 7 0 WDBNDRY_B 0 9.659e+01 2.400e+01)))))
s>    ( QUESTION0_0_R 1 -4.844e+04 3.448e+02 2.365e+02
s>        ( QUESTION2_0_L -1 -2.092e+04 1.898e+02 1.022e+02
s>            ( - -1.090e+04 3 0 QUESTION12 -1 1.505e+02 5.405e+01)
s>            ( - -9.826e+03 10 0 QUESTION2 -1 1.345e+02 4.816e+01))
s>        ( QUESTION0_2_R 1 -2.718e+04 2.721e+02 1.343e+02
s>            ( - -2.561e+03 1 0)
s>            ( QUESTION0_10_R 1 -2.434e+04 2.102e+02 1.193e+02
s>                ( QUESTION0 -1 -8.590e+03 2.829e+02 4.392e+01
s>                    ( WDBNDRY_B 0 -3.812e+03 1.978e+02 1.900e+01
s>                        ( - -2.115e+02 1 0)
s>                        ( - -3.403e+03 3 0 WDBNDRY_E 0 1.221e+02 1.700e+01))
s>                    ( - -4.495e+03 2 0))
s>                ( QUESTION0_8_R 1 -1.554e+04 1.932e+02 7.541e+01
s>                    ( - -1.036e+04 13 0 WDBNDRY_E 0 1.344e+02 5.141e+01)
s>                    ( - -4.995e+03 7 0 WDBNDRY_B 0 9.659e+01 2.400e+01)))))INFO: dtree.c(1315): Comp split 12
INFO: dtree.c(1478): Final simple tree
|( QUESTION0_0_R 1 -4.352e+04 3.071e+02 2.116e+02
|    ( QUESTION2_0_L -1 -2.092e+04 1.898e+02 1.022e+02
|        ( QUESTION12 -1 -1.090e+04 1.505e+02 5.405e+01
|            ( - -2.864e+02 1 0)
|            ( - -1.046e+04 2 0))
|        ( QUESTION2 -1 -9.826e+03 1.345e+02 4.816e+01
|            ( - -6.563e+03 7 0)
|            ( - -3.129e+03 3 0)))
|    ( QUESTION0_2_R 1 -2.230e+04 2.705e+02 1.094e+02
|        ( - -2.561e+03 1 0)
|        ( QUESTION0_9_R 1 -1.946e+04 1.829e+02 9.441e+01
|            ( WDBNDRY_E 0 -1.036e+04 1.344e+02 5.141e+01
|                ( - -2.764e+02 1 0)
|                ( - -9.944e+03 12 0 QUESTION0 -1 1.038e+02 4.941e+01))
|            ( - -8.926e+03 11 0 WDBNDRY_I 0 1.257e+02 4.300e+01))))
s>    ( QUESTION0_0_R 1 -4.352e+04 3.071e+02 2.116e+02
s>        ( QUESTION2_0_L -1 -2.092e+04 1.898e+02 1.022e+02
s>            ( QUESTION12 -1 -1.090e+04 1.505e+02 5.405e+01
s>                ( - -2.864e+02 1 0)
s>                ( - -1.046e+04 2 0))
s>            ( QUESTION2 -1 -9.826e+03 1.345e+02 4.816e+01
s>                ( - -6.563e+03 7 0)
s>                ( - -3.129e+03 3 0)))
s>        ( QUESTION0_2_R 1 -2.230e+04 2.705e+02 1.094e+02
s>            ( - -2.561e+03 1 0)
s>            ( QUESTION0_9_R 1 -1.946e+04 1.829e+02 9.441e+01
s>                ( WDBNDRY_E 0 -1.036e+04 1.344e+02 5.141e+01
s>                    ( - -2.764e+02 1 0)
s>                    ( - -9.944e+03 12 0 QUESTION0 -1 1.038e+02 4.941e+01))
s>                ( - -8.926e+03 11 0 WDBNDRY_I 0 1.257e+02 4.300e+01))))INFO: dtree.c(1315): Comp split 13
INFO: dtree.c(1439): stop. leaf nodes are specific
INFO: dtree.c(1478): Final simple tree
|( QUESTION12 -1 -1.090e+04 1.505e+02 5.405e+01
|    ( - -2.864e+02 1 0)
|    ( - -1.046e+04 2 0))
s>    ( QUESTION12 -1 -1.090e+04 1.505e+02 5.405e+01
s>        ( - -2.864e+02 1 0)
s>        ( - -1.046e+04 2 0))INFO: dtree.c(1478): Final simple tree
|( QUESTION0_2_R 1 -3.229e+04 2.713e+02 1.576e+02
|    ( - -2.561e+03 1 0)
|    ( QUESTION0_12_R 1 -2.946e+04 2.008e+02 1.426e+02
|        ( - -4.995e+03 7 0 WDBNDRY_B 0 9.659e+01 2.400e+01)
|        ( QUESTION0_9_R 1 -2.426e+04 1.613e+02 1.186e+02
|            ( WDBNDRY_E 0 -1.036e+04 1.344e+02 5.141e+01
|                ( - -2.764e+02 1 0)
|                ( - -9.944e+03 12 0 QUESTION0 -1 1.038e+02 4.941e+01))
|            ( WDBNDRY_B 0 -1.375e+04 1.966e+02 6.716e+01
|                ( - -2.115e+02 1 0)
|                ( QUESTION2 -1 -1.334e+04 1.388e+02 6.516e+01
|                    ( - -6.563e+03 7 0)
|                    ( WDBNDRY_E 0 -6.638e+03 1.141e+02 3.221e+01
|                        ( - -2.311e+03 1 0)
|                        ( - -4.213e+03 5 0 QUESTION0_0_R 1 1.151e+02 2.021e+01)))))))
s>    ( QUESTION0_2_R 1 -3.229e+04 2.713e+02 1.576e+02
s>        ( - -2.561e+03 1 0)
s>        ( QUESTION0_12_R 1 -2.946e+04 2.008e+02 1.426e+02
s>            ( - -4.995e+03 7 0 WDBNDRY_B 0 9.659e+01 2.400e+01)
s>            ( QUESTION0_9_R 1 -2.426e+04 1.613e+02 1.186e+02
s>                ( WDBNDRY_E 0 -1.036e+04 1.344e+02 5.141e+01
s>                    ( - -2.764e+02 1 0)
s>                    ( - -9.944e+03 12 0 QUESTION0 -1 1.038e+02 4.941e+01))
s>                ( WDBNDRY_B 0 -1.375e+04 1.966e+02 6.716e+01
s>                    ( - -2.115e+02 1 0)
s>                    ( QUESTION2 -1 -1.334e+04 1.388e+02 6.516e+01
s>                        ( - -6.563e+03 7 0)
s>                        ( WDBNDRY_E 0 -6.638e+03 1.141e+02 3.221e+01
s>                            ( - -2.311e+03 1 0)
s>                            ( - -4.213e+03 5 0 QUESTION0_0_R 1 1.151e+02 2.021e+01)))))))INFO: dtree.c(1315): Comp split 14
INFO: dtree.c(1439): stop. leaf nodes are specific
INFO: dtree.c(1478): Final simple tree
|( QUESTION5 -1 -9.746e+03 1.951e+02 4.997e+01
|    ( - -1.914e+02 1 0)
|    ( QUESTION15 -1 -9.359e+03 1.506e+02 4.797e+01
|        ( - -1.786e+03 1 0)
|        ( QUESTION2_11_L -1 -7.423e+03 1.194e+02 3.800e+01
|            ( - -1.224e+03 1 0)
|            ( QUESTION19 -1 -6.080e+03 1.104e+02 3.100e+01
|                ( QUESTION2_0_L -1 -2.457e+03 6.999e+01 1.300e+01
|                    ( - -1.116e+03 2 0)
|                    ( - -1.271e+03 2 0))
|                ( QUESTION2 -1 -3.512e+03 9.319e+01 1.800e+01
|                    ( - -2.281e+03 1 0)
|                    ( - -1.138e+03 2 0))))))
s>    ( QUESTION5 -1 -9.746e+03 1.951e+02 4.997e+01
s>        ( - -1.914e+02 1 0)
s>        ( QUESTION15 -1 -9.359e+03 1.506e+02 4.797e+01
s>            ( - -1.786e+03 1 0)
s>            ( QUESTION2_11_L -1 -7.423e+03 1.194e+02 3.800e+01
s>                ( - -1.224e+03 1 0)
s>                ( QUESTION19 -1 -6.080e+03 1.104e+02 3.100e+01
s>                    ( QUESTION2_0_L -1 -2.457e+03 6.999e+01 1.300e+01
s>                        ( - -1.116e+03 2 0)
s>                        ( - -1.271e+03 2 0))
s>                    ( QUESTION2 -1 -3.512e+03 9.319e+01 1.800e+01
s>                        ( - -2.281e+03 1 0)
s>                        ( - -1.138e+03 2 0))))))INFO: dtree.c(1439): stop. leaf nodes are specific
INFO: dtree.c(1478): Final simple tree
|( SILENCE -1 -8.241e+04 2.911e+02 4.243e+02
|    ( - -7.645e+03 2 0)
|    ( QUESTION11 -1 -7.447e+04 2.387e+02 3.840e+02
|        ( - -8.511e+03 3 0)
|        ( QUESTION0 -1 -6.572e+04 1.903e+02 3.375e+02
|            ( WDBNDRY_B 0 -4.909e+04 1.463e+02 2.531e+02
|                ( QUESTION0_0_R 1 -4.512e+04 1.511e+02 2.321e+02
|                    ( - -4.465e+04 15 0)
|                    ( - -3.181e+02 2 0))
|                ( - -3.821e+03 2 0))
|            ( - -1.644e+04 8 0))))
s>    ( SILENCE -1 -8.241e+04 2.911e+02 4.243e+02
s>        ( - -7.645e+03 2 0)
s>        ( QUESTION11 -1 -7.447e+04 2.387e+02 3.840e+02
s>            ( - -8.511e+03 3 0)
s>            ( QUESTION0 -1 -6.572e+04 1.903e+02 3.375e+02
s>                ( WDBNDRY_B 0 -4.909e+04 1.463e+02 2.531e+02
s>                    ( QUESTION0_0_R 1 -4.512e+04 1.511e+02 2.321e+02
s>                        ( - -4.465e+04 15 0)
s>                        ( - -3.181e+02 2 0))
s>                    ( - -3.821e+03 2 0))
s>                ( - -1.644e+04 8 0))))INFO: dtree.c(1315): Comp split 15
INFO: dtree.c(1439): stop. leaf nodes are specific
INFO: dtree.c(1478): Final simple tree
|( WDBNDRY_E 0 -8.613e+03 2.068e+02 4.509e+01
|    ( - -6.986e+03 1 0)
|    ( - -1.420e+03 1 0))
s>    ( WDBNDRY_E 0 -8.613e+03 2.068e+02 4.509e+01
s>        ( - -6.986e+03 1 0)
s>        ( - -1.420e+03 1 0))INFO: dtree.c(1315): Comp split 16
INFO: dtree.c(1439): stop. leaf nodes are specific
INFO: dtree.c(1478): Final simple tree
|( QUESTION11 -1 -7.447e+04 2.387e+02 3.840e+02
|    ( - -8.511e+03 3 0)
|    ( QUESTION0 -1 -6.572e+04 1.903e+02 3.375e+02
|        ( WDBNDRY_B 0 -4.909e+04 1.463e+02 2.531e+02
|            ( QUESTION0_0_R 1 -4.512e+04 1.511e+02 2.321e+02
|                ( - -4.465e+04 15 0)
|                ( - -3.181e+02 2 0))
|            ( - -3.821e+03 2 0))
|        ( - -1.644e+04 8 0)))
s>    ( QUESTION11 -1 -7.447e+04 2.387e+02 3.840e+02
s>        ( - -8.511e+03 3 0)
s>        ( QUESTION0 -1 -6.572e+04 1.903e+02 3.375e+02
s>            ( WDBNDRY_B 0 -4.909e+04 1.463e+02 2.531e+02
s>                ( QUESTION0_0_R 1 -4.512e+04 1.511e+02 2.321e+02
s>                    ( - -4.465e+04 15 0)
s>                    ( - -3.181e+02 2 0))
s>                ( - -3.821e+03 2 0))
s>            ( - -1.644e+04 8 0)))INFO: dtree.c(1315): Comp split 17
INFO: dtree.c(1478): Final simple tree
|( QUESTION0_12_R 1 -2.946e+04 2.008e+02 1.426e+02
|    ( - -4.995e+03 7 0 WDBNDRY_B 0 9.659e+01 2.400e+01)
|    ( QUESTION0_9_R 1 -2.426e+04 1.613e+02 1.186e+02
|        ( WDBNDRY_E 0 -1.036e+04 1.344e+02 5.141e+01
|            ( - -2.764e+02 1 0)
|            ( - -9.944e+03 12 0 QUESTION0 -1 1.038e+02 4.941e+01))
|        ( WDBNDRY_B 0 -1.375e+04 1.966e+02 6.716e+01
|            ( - -2.115e+02 1 0)
|            ( QUESTION2 -1 -1.334e+04 1.388e+02 6.516e+01
|                ( - -6.563e+03 7 0)
|                ( WDBNDRY_E 0 -6.638e+03 1.141e+02 3.221e+01
|                    ( - -2.311e+03 1 0)
|                    ( QUESTION0_0_R 1 -4.213e+03 1.151e+02 2.021e+01
|                        ( - -3.129e+03 3 0)
|                        ( - -9.697e+02 2 0)))))))
s>    ( QUESTION0_12_R 1 -2.946e+04 2.008e+02 1.426e+02
s>        ( - -4.995e+03 7 0 WDBNDRY_B 0 9.659e+01 2.400e+01)
s>        ( QUESTION0_9_R 1 -2.426e+04 1.613e+02 1.186e+02
s>            ( WDBNDRY_E 0 -1.036e+04 1.344e+02 5.141e+01
s>                ( - -2.764e+02 1 0)
s>                ( - -9.944e+03 12 0 QUESTION0 -1 1.038e+02 4.941e+01))
s>            ( WDBNDRY_B 0 -1.375e+04 1.966e+02 6.716e+01
s>                ( - -2.115e+02 1 0)
s>                ( QUESTION2 -1 -1.334e+04 1.388e+02 6.516e+01
s>                    ( - -6.563e+03 7 0)
s>                    ( WDBNDRY_E 0 -6.638e+03 1.141e+02 3.221e+01
s>                        ( - -2.311e+03 1 0)
s>                        ( QUESTION0_0_R 1 -4.213e+03 1.151e+02 2.021e+01
s>                            ( - -3.129e+03 3 0)
s>                            ( - -9.697e+02 2 0)))))))INFO: dtree.c(1315): Comp split 18
INFO: dtree.c(1439): stop. leaf nodes are specific
INFO: dtree.c(1478): Final simple tree
|( QUESTION11 -1 -2.957e+04 1.984e+02 1.539e+02
|    ( - -8.511e+03 3 0)
|    ( WDBNDRY_B 0 -2.087e+04 1.506e+02 1.074e+02
|        ( QUESTION0_0_R 1 -1.689e+04 1.339e+02 8.640e+01
|            ( - -1.644e+04 8 0)
|            ( - -3.181e+02 2 0))
|        ( - -3.821e+03 2 0)))
s>    ( QUESTION11 -1 -2.957e+04 1.984e+02 1.539e+02
s>        ( - -8.511e+03 3 0)
s>        ( WDBNDRY_B 0 -2.087e+04 1.506e+02 1.074e+02
s>            ( QUESTION0_0_R 1 -1.689e+04 1.339e+02 8.640e+01
s>                ( - -1.644e+04 8 0)
s>                ( - -3.181e+02 2 0))
s>            ( - -3.821e+03 2 0)))INFO: dtree.c(1315): Comp split 19
INFO: dtree.c(1439): stop. leaf nodes are specific
INFO: dtree.c(1478): Final simple tree
|( QUESTION0_12_R 1 -1.177e+04 1.340e+02 5.621e+01
|    ( WDBNDRY_B 0 -4.995e+03 9.659e+01 2.400e+01
|        ( - -9.334e+02 4 0)
|        ( QUESTION0 -1 -3.965e+03 1.064e+02 1.900e+01
|            ( - -2.269e+03 2 0)
|            ( - -1.590e+03 1 0)))
|    ( WDBNDRY_E 0 -6.638e+03 1.141e+02 3.221e+01
|        ( - -2.311e+03 1 0)
|        ( QUESTION0_0_R 1 -4.213e+03 1.151e+02 2.021e+01
|            ( - -3.129e+03 3 0)
|            ( - -9.697e+02 2 0))))
s>    ( QUESTION0_12_R 1 -1.177e+04 1.340e+02 5.621e+01
s>        ( WDBNDRY_B 0 -4.995e+03 9.659e+01 2.400e+01
s>            ( - -9.334e+02 4 0)
s>            ( QUESTION0 -1 -3.965e+03 1.064e+02 1.900e+01
s>                ( - -2.269e+03 2 0)
s>                ( - -1.590e+03 1 0)))
s>        ( WDBNDRY_E 0 -6.638e+03 1.141e+02 3.221e+01
s>            ( - -2.311e+03 1 0)
s>            ( QUESTION0_0_R 1 -4.213e+03 1.151e+02 2.021e+01
s>                ( - -3.129e+03 3 0)
s>                ( - -9.697e+02 2 0))))INFO: dtree.c(1439): stop. leaf nodes are specific
INFO: dtree.c(1478): Final simple tree
|( QUESTION0_10_R 1 -1.747e+04 1.935e+02 8.636e+01
|    ( - -2.115e+02 1 0)
|    ( QUESTION0_0_R 1 -1.707e+04 1.488e+02 8.436e+01
|        ( - -6.563e+03 7 0)
|        ( WDBNDRY_E 0 -1.036e+04 1.344e+02 5.141e+01
|            ( - -2.764e+02 1 0)
|            ( QUESTION0 -1 -9.944e+03 1.038e+02 4.941e+01
|                ( WDBNDRY_B 0 -5.243e+03 1.004e+02 2.600e+01
|                    ( - -3.333e+03 4 0)
|                    ( - -1.810e+03 4 0))
|                ( - -4.597e+03 4 0)))))
s>    ( QUESTION0_10_R 1 -1.747e+04 1.935e+02 8.636e+01
s>        ( - -2.115e+02 1 0)
s>        ( QUESTION0_0_R 1 -1.707e+04 1.488e+02 8.436e+01
s>            ( - -6.563e+03 7 0)
s>            ( WDBNDRY_E 0 -1.036e+04 1.344e+02 5.141e+01
s>                ( - -2.764e+02 1 0)
s>                ( QUESTION0 -1 -9.944e+03 1.038e+02 4.941e+01
s>                    ( WDBNDRY_B 0 -5.243e+03 1.004e+02 2.600e+01
s>                        ( - -3.333e+03 4 0)
s>                        ( - -1.810e+03 4 0))
s>                    ( - -4.597e+03 4 0)))))INFO: dtree.c(1315): Comp split 20
INFO: dtree.c(1439): stop. leaf nodes are specific
INFO: dtree.c(1478): Final simple tree
|( QUESTION0_0_R 1 -2.116e+05 1.410e+02 1.099e+03
|    ( - -2.100e+05 20 0)
|    ( - -1.444e+03 2 0))
s>    ( QUESTION0_0_R 1 -2.116e+05 1.410e+02 1.099e+03
s>        ( - -2.100e+05 20 0)
s>        ( - -1.444e+03 2 0))INFO: dtree.c(1315): Comp split 21
INFO: dtree.c(1315): Comp split 22
INFO: dtree.c(1439): stop. leaf nodes are specific
INFO: dtree.c(1478): Final simple tree
|( QUESTION0_0_R 1 -1.689e+04 1.339e+02 8.640e+01
|    ( - -1.644e+04 8 0)
|    ( - -3.181e+02 2 0))
s>    ( QUESTION0_0_R 1 -1.689e+04 1.339e+02 8.640e+01
s>        ( - -1.644e+04 8 0)
s>        ( - -3.181e+02 2 0))INFO: dtree.c(1439): stop. leaf nodes are specific
INFO: dtree.c(1478): Final simple tree
|( WDBNDRY_B 0 -1.248e+04 1.493e+02 6.751e+01
|    ( - -8.511e+03 3 0)
|    ( - -3.821e+03 2 0))
s>    ( WDBNDRY_B 0 -1.248e+04 1.493e+02 6.751e+01
s>        ( - -8.511e+03 3 0)
s>        ( - -3.821e+03 2 0))INFO: dtree.c(1315): Comp split 23
INFO: dtree.c(1439): stop. leaf nodes are specific
INFO: dtree.c(1478): Final simple tree
|( QUESTION15 -1 -9.359e+03 1.506e+02 4.797e+01
|    ( - -1.786e+03 1 0)
|    ( QUESTION2_11_L -1 -7.423e+03 1.194e+02 3.800e+01
|        ( - -1.224e+03 1 0)
|        ( QUESTION19 -1 -6.080e+03 1.104e+02 3.100e+01
|            ( QUESTION2_0_L -1 -2.457e+03 6.999e+01 1.300e+01
|                ( - -1.116e+03 2 0)
|                ( - -1.271e+03 2 0))
|            ( QUESTION2 -1 -3.512e+03 9.319e+01 1.800e+01
|                ( - -2.281e+03 1 0)
|                ( - -1.138e+03 2 0)))))
s>    ( QUESTION15 -1 -9.359e+03 1.506e+02 4.797e+01
s>        ( - -1.786e+03 1 0)
s>        ( QUESTION2_11_L -1 -7.423e+03 1.194e+02 3.800e+01
s>            ( - -1.224e+03 1 0)
s>            ( QUESTION19 -1 -6.080e+03 1.104e+02 3.100e+01
s>                ( QUESTION2_0_L -1 -2.457e+03 6.999e+01 1.300e+01
s>                    ( - -1.116e+03 2 0)
s>                    ( - -1.271e+03 2 0))
s>                ( QUESTION2 -1 -3.512e+03 9.319e+01 1.800e+01
s>                    ( - -2.281e+03 1 0)
s>                    ( - -1.138e+03 2 0)))))INFO: dtree.c(1315): Comp split 24
INFO: dtree.c(1439): stop. leaf nodes are specific
INFO: dtree.c(1478): Final simple tree
|( QUESTION0_0_R 1 -1.707e+04 1.488e+02 8.436e+01
|    ( - -6.563e+03 7 0)
|    ( WDBNDRY_E 0 -1.036e+04 1.344e+02 5.141e+01
|        ( - -2.764e+02 1 0)
|        ( QUESTION0 -1 -9.944e+03 1.038e+02 4.941e+01
|            ( WDBNDRY_B 0 -5.243e+03 1.004e+02 2.600e+01
|                ( - -3.333e+03 4 0)
|                ( - -1.810e+03 4 0))
|            ( - -4.597e+03 4 0))))
s>    ( QUESTION0_0_R 1 -1.707e+04 1.488e+02 8.436e+01
s>        ( - -6.563e+03 7 0)
s>        ( WDBNDRY_E 0 -1.036e+04 1.344e+02 5.141e+01
s>            ( - -2.764e+02 1 0)
s>            ( QUESTION0 -1 -9.944e+03 1.038e+02 4.941e+01
s>                ( WDBNDRY_B 0 -5.243e+03 1.004e+02 2.600e+01
s>                    ( - -3.333e+03 4 0)
s>                    ( - -1.810e+03 4 0))
s>                ( - -4.597e+03 4 0))))INFO: dtree.c(1315): Comp split 25
INFO: dtree.c(1439): stop. leaf nodes are specific
INFO: dtree.c(1478): Final simple tree
|( QUESTION0 -1 -9.944e+03 1.038e+02 4.941e+01
|    ( WDBNDRY_B 0 -5.243e+03 1.004e+02 2.600e+01
|        ( - -3.333e+03 4 0)
|        ( - -1.810e+03 4 0))
|    ( - -4.597e+03 4 0))
s>    ( QUESTION0 -1 -9.944e+03 1.038e+02 4.941e+01
s>        ( WDBNDRY_B 0 -5.243e+03 1.004e+02 2.600e+01
s>            ( - -3.333e+03 4 0)
s>            ( - -1.810e+03 4 0))
s>        ( - -4.597e+03 4 0))INFO: dtree.c(1439): stop. leaf nodes are specific
INFO: dtree.c(1478): Final simple tree
|( WDBNDRY_E 0 -6.971e+03 1.320e+02 3.495e+01
|    ( - -2.764e+02 1 0)
|    ( - -6.563e+03 7 0))
s>    ( WDBNDRY_E 0 -6.971e+03 1.320e+02 3.495e+01
s>        ( - -2.764e+02 1 0)
s>        ( - -6.563e+03 7 0))INFO: dtree.c(1315): Comp split 26
INFO: dtree.c(1439): stop. leaf nodes are specific
INFO: dtree.c(1478): Final simple tree
|( QUESTION2_11_L -1 -7.423e+03 1.194e+02 3.800e+01
|    ( - -1.224e+03 1 0)
|    ( QUESTION19 -1 -6.080e+03 1.104e+02 3.100e+01
|        ( QUESTION2_0_L -1 -2.457e+03 6.999e+01 1.300e+01
|            ( - -1.116e+03 2 0)
|            ( - -1.271e+03 2 0))
|        ( QUESTION2 -1 -3.512e+03 9.319e+01 1.800e+01
|            ( - -2.281e+03 1 0)
|            ( - -1.138e+03 2 0))))
s>    ( QUESTION2_11_L -1 -7.423e+03 1.194e+02 3.800e+01
s>        ( - -1.224e+03 1 0)
s>        ( QUESTION19 -1 -6.080e+03 1.104e+02 3.100e+01
s>            ( QUESTION2_0_L -1 -2.457e+03 6.999e+01 1.300e+01
s>                ( - -1.116e+03 2 0)
s>                ( - -1.271e+03 2 0))
s>            ( QUESTION2 -1 -3.512e+03 9.319e+01 1.800e+01
s>                ( - -2.281e+03 1 0)
s>                ( - -1.138e+03 2 0))))INFO: dtree.c(1315): Comp split 27
INFO: dtree.c(1315): Comp split 28
INFO: dtree.c(1439): stop. leaf nodes are specific
INFO: dtree.c(1478): Final simple tree
|( QUESTION0_0_R 1 -9.348e+03 1.180e+02 4.521e+01
|    ( - -3.129e+03 3 0)
|    ( WDBNDRY_E 0 -6.102e+03 9.683e+01 3.000e+01
|        ( - -2.311e+03 1 0)
|        ( QUESTION0_8_R 1 -3.694e+03 1.054e+02 1.800e+01
|            ( - -9.697e+02 2 0)
|            ( WDBNDRY_B 0 -2.619e+03 9.555e+01 1.300e+01
|                ( - -9.334e+02 4 0)
|                ( - -1.590e+03 1 0)))))
s>    ( QUESTION0_0_R 1 -9.348e+03 1.180e+02 4.521e+01
s>        ( - -3.129e+03 3 0)
s>        ( WDBNDRY_E 0 -6.102e+03 9.683e+01 3.000e+01
s>            ( - -2.311e+03 1 0)
s>            ( QUESTION0_8_R 1 -3.694e+03 1.054e+02 1.800e+01
s>                ( - -9.697e+02 2 0)
s>                ( WDBNDRY_B 0 -2.619e+03 9.555e+01 1.300e+01
s>                    ( - -9.334e+02 4 0)
s>                    ( - -1.590e+03 1 0)))))INFO: dtree.c(1315): Comp split 29
INFO: dtree.c(1315): Comp split 30
INFO: dtree.c(1315): Comp split 31
INFO: dtree.c(1315): Comp split 32
INFO: dtree.c(1315): Comp split 33
INFO: dtree.c(1439): stop. leaf nodes are specific
INFO: dtree.c(1478): Final simple tree
|( QUESTION19 -1 -6.080e+03 1.104e+02 3.100e+01
|    ( QUESTION2_0_L -1 -2.457e+03 6.999e+01 1.300e+01
|        ( - -1.116e+03 2 0)
|        ( - -1.271e+03 2 0))
|    ( QUESTION2 -1 -3.512e+03 9.319e+01 1.800e+01
|        ( - -2.281e+03 1 0)
|        ( - -1.138e+03 2 0)))
s>    ( QUESTION19 -1 -6.080e+03 1.104e+02 3.100e+01
s>        ( QUESTION2_0_L -1 -2.457e+03 6.999e+01 1.300e+01
s>            ( - -1.116e+03 2 0)
s>            ( - -1.271e+03 2 0))
s>        ( QUESTION2 -1 -3.512e+03 9.319e+01 1.800e+01
s>            ( - -2.281e+03 1 0)
s>            ( - -1.138e+03 2 0)))INFO: dtree.c(1315): Comp split 34
INFO: dtree.c(1439): stop. leaf nodes are specific
INFO: dtree.c(1478): Final simple tree
|( WDBNDRY_E 0 -6.102e+03 9.683e+01 3.000e+01
|    ( - -2.311e+03 1 0)
|    ( QUESTION0_8_R 1 -3.694e+03 1.054e+02 1.800e+01
|        ( - -9.697e+02 2 0)
|        ( WDBNDRY_B 0 -2.619e+03 9.555e+01 1.300e+01
|            ( - -9.334e+02 4 0)
|            ( - -1.590e+03 1 0))))
s>    ( WDBNDRY_E 0 -6.102e+03 9.683e+01 3.000e+01
s>        ( - -2.311e+03 1 0)
s>        ( QUESTION0_8_R 1 -3.694e+03 1.054e+02 1.800e+01
s>            ( - -9.697e+02 2 0)
s>            ( WDBNDRY_B 0 -2.619e+03 9.555e+01 1.300e+01
s>                ( - -9.334e+02 4 0)
s>                ( - -1.590e+03 1 0))))INFO: dtree.c(1315): Comp split 35
INFO: dtree.c(1439): stop. leaf nodes are specific
INFO: dtree.c(1478): Final simple tree
|( WDBNDRY_I 0 -5.019e+03 9.434e+01 2.500e+01
|    ( - -1.590e+03 1 0)
|    ( WDBNDRY_B 0 -3.334e+03 9.027e+01 1.700e+01
|        ( - -9.334e+02 4 0)
|        ( - -2.311e+03 1 0)))
s>    ( WDBNDRY_I 0 -5.019e+03 9.434e+01 2.500e+01
s>        ( - -1.590e+03 1 0)
s>        ( WDBNDRY_B 0 -3.334e+03 9.027e+01 1.700e+01
s>            ( - -9.334e+02 4 0)
s>            ( - -2.311e+03 1 0)))INFO: dtree.c(1315): Comp split 36
INFO: dtree.c(1439): stop. leaf nodes are specific
INFO: dtree.c(1478): Final simple tree
|( QUESTION2 -1 -3.512e+03 9.319e+01 1.800e+01
|    ( - -2.281e+03 1 0)
|    ( - -1.138e+03 2 0))
s>    ( QUESTION2 -1 -3.512e+03 9.319e+01 1.800e+01
s>        ( - -2.281e+03 1 0)
s>        ( - -1.138e+03 2 0))INFO: dtree.c(1439): stop. leaf nodes are specific
INFO: dtree.c(1478): Final simple tree
|( QUESTION2_0_L -1 -2.457e+03 6.999e+01 1.300e+01
|    ( - -1.116e+03 2 0)
|    ( - -1.271e+03 2 0))
s>    ( QUESTION2_0_L -1 -2.457e+03 6.999e+01 1.300e+01
s>        ( - -1.116e+03 2 0)
s>        ( - -1.271e+03 2 0))INFO: dtree.c(1315): Comp split 37
INFO: dtree.c(1439): stop. leaf nodes are specific
INFO: dtree.c(1478): Final simple tree
|( WDBNDRY_B 0 -6.505e+03 9.736e+01 3.241e+01
|    ( - -4.597e+03 4 0)
|    ( - -1.810e+03 4 0))
s>    ( WDBNDRY_B 0 -6.505e+03 9.736e+01 3.241e+01
s>        ( - -4.597e+03 4 0)
s>        ( - -1.810e+03 4 0))INFO: dtree.c(1315): Comp split 38
INFO: dtree.c(1315): Comp split 39
INFO: dtree.c(1439): stop. leaf nodes are specific
INFO: dtree.c(1478): Final simple tree
|( WDBNDRY_B 0 -3.334e+03 9.027e+01 1.700e+01
|    ( - -9.334e+02 4 0)
|    ( - -2.311e+03 1 0))
s>    ( WDBNDRY_B 0 -3.334e+03 9.027e+01 1.700e+01
s>        ( - -9.334e+02 4 0)
s>        ( - -2.311e+03 1 0))INFO: dtree.c(1315): Comp split 40
INFO: dtree.c(1315): Comp split 41
INFO: dtree.c(1315): Comp split 42
INFO: dtree.c(1315): Comp split 43
INFO: dtree.c(1318): stop. leaf nodes are specific
!!!!!!!!Allocated 66 lines
Fri Apr  8 00:55:59 2016
