Current configuration:
[NAME]		[DEFLT]	[VALUE]
-allphones	no	no
-cntthresh	0.00001	1.000000e-05
-csplitmax	100	2000
-csplitmin	1	1
-csplitthr	8e-4	0.000000e+00
-example	no	no
-fullvar	no	no
-help		no	no
-meanfn			/home/yaroslav/model/model_parameters/ua.cd_cont_untied/means
-mixwfn			/home/yaroslav/model/model_parameters/ua.cd_cont_untied/mixture_weights
-moddeffn		/home/yaroslav/model/model_architecture/ua.untied.mdef
-mwfloor	1e-4	1.000000e-08
-phone			M
-psetfn			/home/yaroslav/model/model_architecture/ua.tree_questions
-ssplitmax	5	7
-ssplitmin	1	1
-ssplitthr	8e-4	0.000000e+00
-state			1
-stwt			1.0,0.05,0.0,
-treefn			/home/yaroslav/model/trees/ua.unpruned/M-1.dtree
-ts2cbfn	.semi.	.cont.
-varfloor	0.00001	1.000000e-05
-varfn			/home/yaroslav/model/model_parameters/ua.cd_cont_untied/variances

INFO: main.c(223): Reading: /home/yaroslav/model/model_architecture/ua.untied.mdef
INFO: model_def_io.c(573): Model definition info:
INFO: model_def_io.c(574): 8408 total models defined (50 base, 8358 tri)
INFO: model_def_io.c(575): 33632 total states
INFO: model_def_io.c(576): 25224 total tied states
INFO: model_def_io.c(577): 150 total tied CI states
INFO: model_def_io.c(578): 50 total tied transition matrices
INFO: model_def_io.c(579): 4 max state/model
INFO: model_def_io.c(580): 4 min state/model
INFO: main.c(242): Building trees for [M A A b] through [M ZZ Y i]
INFO: main.c(269): Covering states |[10737 11522]| == 786
INFO: main.c(275): Reading: /home/yaroslav/model/model_parameters/ua.cd_cont_untied/mixture_weights
INFO: s3mixw_io.c(173): Read /home/yaroslav/model/model_parameters/ua.cd_cont_untied/mixture_weights [786x1x1 array]
INFO: main.c(311): 262 of 262 models have observation count greater than 0.000010
INFO: main.c(95): nrm stwt: 0.045 0.909 0.045 
INFO: s3gau_io.c(169): Read /home/yaroslav/model/model_parameters/ua.cd_cont_untied/means [25224x1x1 array]
INFO: s3gau_io.c(169): Read /home/yaroslav/model/model_parameters/ua.cd_cont_untied/variances [25224x1x1 array]
INFO: main.c(549): Reading: /home/yaroslav/model/model_architecture/ua.tree_questions
INFO: main.c(588): 174 total simple questions (166 phone; 8 word bndry)
INFO: main.c(590): 42 Left Only questions, and 40 Right Only questions
INFO: dtree.c(1478): Final simple tree
|( QUESTION0 1 -1.169e+06 2.690e+03 6.121e+03
|    ( QUESTION1 -1 -8.782e+05 1.111e+03 4.630e+03
|        ( QUESTION10 -1 -1.744e+05 6.897e+02 9.057e+02
|            ( - -1.189e+05 33 0 WDBNDRY_I 0 3.129e+02 6.247e+02)
|            ( - -5.484e+04 45 0 WDBNDRY_B 0 2.617e+02 2.810e+02))
|        ( WDBNDRY_E 0 -7.026e+05 9.869e+02 3.724e+03
|            ( - -4.836e+04 11 0 QUESTION0_0_R 1 3.927e+02 2.640e+02)
|            ( - -6.533e+05 59 0 WDBNDRY_B 0 4.571e+02 3.460e+03)))
|    ( QUESTION10 1 -2.884e+05 6.286e+02 1.491e+03
|        ( SILENCE -1 -1.162e+05 5.253e+02 6.053e+02
|            ( - 2.419e+02 1 0)
|            ( - -1.159e+05 49 0 WDBNDRY_E 0 5.032e+02 6.043e+02))
|        ( SILENCE 1 -1.716e+05 5.373e+02 8.856e+02
|            ( - -1.841e+04 4 0 QUESTION0 -1 1.727e+02 9.450e+01)
|            ( - -1.527e+05 60 0 QUESTION0_13_R 1 4.078e+02 7.911e+02))))
s>    ( QUESTION0 1 -1.169e+06 2.690e+03 6.121e+03
s>        ( QUESTION1 -1 -8.782e+05 1.111e+03 4.630e+03
s>            ( QUESTION10 -1 -1.744e+05 6.897e+02 9.057e+02
s>                ( - -1.189e+05 33 0 WDBNDRY_I 0 3.129e+02 6.247e+02)
s>                ( - -5.484e+04 45 0 WDBNDRY_B 0 2.617e+02 2.810e+02))
s>            ( WDBNDRY_E 0 -7.026e+05 9.869e+02 3.724e+03
s>                ( - -4.836e+04 11 0 QUESTION0_0_R 1 3.927e+02 2.640e+02)
s>                ( - -6.533e+05 59 0 WDBNDRY_B 0 4.571e+02 3.460e+03)))
s>        ( QUESTION10 1 -2.884e+05 6.286e+02 1.491e+03
s>            ( SILENCE -1 -1.162e+05 5.253e+02 6.053e+02
s>                ( - 2.419e+02 1 0)
s>                ( - -1.159e+05 49 0 WDBNDRY_E 0 5.032e+02 6.043e+02))
s>            ( SILENCE 1 -1.716e+05 5.373e+02 8.856e+02
s>                ( - -1.841e+04 4 0 QUESTION0 -1 1.727e+02 9.450e+01)
s>                ( - -1.527e+05 60 0 QUESTION0_13_R 1 4.078e+02 7.911e+02))))INFO: dtree.c(1315): Comp split 0
INFO: dtree.c(1478): Final simple tree
|( QUESTION0_1_R 1 -3.372e+05 7.803e+02 1.755e+03
|    ( QUESTION10 1 -2.841e+05 6.669e+02 1.473e+03
|        ( SILENCE -1 -1.162e+05 5.253e+02 6.053e+02
|            ( - 2.419e+02 1 0)
|            ( WDBNDRY_E 0 -1.159e+05 5.032e+02 6.043e+02
|                ( QUESTION0_9_R 1 -5.637e+04 4.624e+02 3.011e+02
|                    ( - 2.222e+02 1 0)
|                    ( QUESTION0_11_R 1 -5.613e+04 4.457e+02 3.001e+02
|                        ( - -1.850e+04 4 0 QUESTION0 -1 1.442e+02 1.018e+02)
|                        ( - -3.719e+04 14 0 QUESTION2 -1 2.036e+02 1.984e+02)))
|                ( QUESTION13 -1 -5.900e+04 4.482e+02 3.032e+02
|                    ( - 2.180e+02 1 0)
|                    ( - -5.877e+04 29 0 QUESTION3 -1 4.388e+02 3.022e+02))))
|        ( - -1.673e+05 66 0 QUESTION0_13_R 1 4.120e+02 8.674e+02))
|    ( - -5.233e+04 9 0 SILENCE 1 3.500e+02 2.822e+02))
s>    ( QUESTION0_1_R 1 -3.372e+05 7.803e+02 1.755e+03
s>        ( QUESTION10 1 -2.841e+05 6.669e+02 1.473e+03
s>            ( SILENCE -1 -1.162e+05 5.253e+02 6.053e+02
s>                ( - 2.419e+02 1 0)
s>                ( WDBNDRY_E 0 -1.159e+05 5.032e+02 6.043e+02
s>                    ( QUESTION0_9_R 1 -5.637e+04 4.624e+02 3.011e+02
s>                        ( - 2.222e+02 1 0)
s>                        ( QUESTION0_11_R 1 -5.613e+04 4.457e+02 3.001e+02
s>                            ( - -1.850e+04 4 0 QUESTION0 -1 1.442e+02 1.018e+02)
s>                            ( - -3.719e+04 14 0 QUESTION2 -1 2.036e+02 1.984e+02)))
s>                    ( QUESTION13 -1 -5.900e+04 4.482e+02 3.032e+02
s>                        ( - 2.180e+02 1 0)
s>                        ( - -5.877e+04 29 0 QUESTION3 -1 4.388e+02 3.022e+02))))
s>            ( - -1.673e+05 66 0 QUESTION0_13_R 1 4.120e+02 8.674e+02))
s>        ( - -5.233e+04 9 0 SILENCE 1 3.500e+02 2.822e+02))INFO: dtree.c(1478): Final simple tree
|( QUESTION1 -1 -8.288e+05 1.058e+03 4.366e+03
|    ( QUESTION10 -1 -1.744e+05 6.897e+02 9.057e+02
|        ( WDBNDRY_I 0 -1.189e+05 3.129e+02 6.247e+02
|            ( - -7.499e+04 12 0 QUESTION2_0_L -1 1.069e+02 3.959e+02)
|            ( - -4.359e+04 21 0 QUESTION0_0_R 1 1.035e+02 2.288e+02))
|        ( WDBNDRY_B 0 -5.484e+04 2.617e+02 2.810e+02
|            ( QUESTION13 -1 -3.119e+04 2.357e+02 1.584e+02
|                ( - -7.998e+03 5 0)
|                ( - -2.296e+04 23 0 QUESTION2_10_L -1 1.869e+02 1.168e+02))
|            ( - -2.339e+04 17 0 QUESTION2_10_L -1 1.973e+02 1.226e+02)))
|    ( WDBNDRY_B 0 -6.533e+05 4.571e+02 3.460e+03
|        ( SILENCE -1 -1.969e+05 4.073e+02 1.035e+03
|            ( - -1.090e+04 3 0)
|            ( - -1.855e+05 28 0))
|        ( - -4.560e+05 28 0 QUESTION0_0_R 1 1.514e+02 2.426e+03)))
s>    ( QUESTION1 -1 -8.288e+05 1.058e+03 4.366e+03
s>        ( QUESTION10 -1 -1.744e+05 6.897e+02 9.057e+02
s>            ( WDBNDRY_I 0 -1.189e+05 3.129e+02 6.247e+02
s>                ( - -7.499e+04 12 0 QUESTION2_0_L -1 1.069e+02 3.959e+02)
s>                ( - -4.359e+04 21 0 QUESTION0_0_R 1 1.035e+02 2.288e+02))
s>            ( WDBNDRY_B 0 -5.484e+04 2.617e+02 2.810e+02
s>                ( QUESTION13 -1 -3.119e+04 2.357e+02 1.584e+02
s>                    ( - -7.998e+03 5 0)
s>                    ( - -2.296e+04 23 0 QUESTION2_10_L -1 1.869e+02 1.168e+02))
s>                ( - -2.339e+04 17 0 QUESTION2_10_L -1 1.973e+02 1.226e+02)))
s>        ( WDBNDRY_B 0 -6.533e+05 4.571e+02 3.460e+03
s>            ( SILENCE -1 -1.969e+05 4.073e+02 1.035e+03
s>                ( - -1.090e+04 3 0)
s>                ( - -1.855e+05 28 0))
s>            ( - -4.560e+05 28 0 QUESTION0_0_R 1 1.514e+02 2.426e+03)))INFO: dtree.c(1315): Comp split 1
INFO: dtree.c(1478): Final simple tree
|( QUESTION10 -1 -1.744e+05 6.897e+02 9.057e+02
|    ( WDBNDRY_I 0 -1.189e+05 3.129e+02 6.247e+02
|        ( - -7.499e+04 12 0 QUESTION2_0_L -1 1.069e+02 3.959e+02)
|        ( - -4.359e+04 21 0 QUESTION0_0_R 1 1.035e+02 2.288e+02))
|    ( WDBNDRY_B 0 -5.484e+04 2.617e+02 2.810e+02
|        ( QUESTION13 -1 -3.119e+04 2.357e+02 1.584e+02
|            ( - -7.998e+03 5 0)
|            ( - -2.296e+04 23 0 QUESTION2_10_L -1 1.869e+02 1.168e+02))
|        ( QUESTION2_10_L -1 -2.339e+04 1.973e+02 1.226e+02
|            ( - -6.277e+03 4 0)
|            ( QUESTION2_0_L -1 -1.692e+04 1.956e+02 9.067e+01
|                ( QUESTION16 -1 -9.432e+03 1.957e+02 5.100e+01
|                    ( - -7.157e+02 1 0)
|                    ( - -8.520e+03 8 0 QUESTION14 -1 1.653e+02 4.600e+01))
|                ( - -7.288e+03 4 0 QUESTION2 -1 1.810e+02 3.967e+01)))))
s>    ( QUESTION10 -1 -1.744e+05 6.897e+02 9.057e+02
s>        ( WDBNDRY_I 0 -1.189e+05 3.129e+02 6.247e+02
s>            ( - -7.499e+04 12 0 QUESTION2_0_L -1 1.069e+02 3.959e+02)
s>            ( - -4.359e+04 21 0 QUESTION0_0_R 1 1.035e+02 2.288e+02))
s>        ( WDBNDRY_B 0 -5.484e+04 2.617e+02 2.810e+02
s>            ( QUESTION13 -1 -3.119e+04 2.357e+02 1.584e+02
s>                ( - -7.998e+03 5 0)
s>                ( - -2.296e+04 23 0 QUESTION2_10_L -1 1.869e+02 1.168e+02))
s>            ( QUESTION2_10_L -1 -2.339e+04 1.973e+02 1.226e+02
s>                ( - -6.277e+03 4 0)
s>                ( QUESTION2_0_L -1 -1.692e+04 1.956e+02 9.067e+01
s>                    ( QUESTION16 -1 -9.432e+03 1.957e+02 5.100e+01
s>                        ( - -7.157e+02 1 0)
s>                        ( - -8.520e+03 8 0 QUESTION14 -1 1.653e+02 4.600e+01))
s>                    ( - -7.288e+03 4 0 QUESTION2 -1 1.810e+02 3.967e+01)))))INFO: dtree.c(1439): stop. leaf nodes are specific
INFO: dtree.c(1478): Final simple tree
|( WDBNDRY_B 0 -6.533e+05 4.571e+02 3.460e+03
|    ( SILENCE -1 -1.969e+05 4.073e+02 1.035e+03
|        ( - -1.090e+04 3 0)
|        ( - -1.855e+05 28 0))
|    ( QUESTION0_0_R 1 -4.560e+05 1.514e+02 2.426e+03
|        ( - -4.533e+05 25 0)
|        ( - -2.513e+03 3 0)))
s>    ( WDBNDRY_B 0 -6.533e+05 4.571e+02 3.460e+03
s>        ( SILENCE -1 -1.969e+05 4.073e+02 1.035e+03
s>            ( - -1.090e+04 3 0)
s>            ( - -1.855e+05 28 0))
s>        ( QUESTION0_0_R 1 -4.560e+05 1.514e+02 2.426e+03
s>            ( - -4.533e+05 25 0)
s>            ( - -2.513e+03 3 0)))INFO: dtree.c(1315): Comp split 2
INFO: dtree.c(1478): Final simple tree
|( WDBNDRY_B 0 -9.015e+04 5.349e+02 4.816e+02
|    ( - 2.419e+02 1 0)
|    ( SILENCE 1 -8.986e+04 4.045e+02 4.806e+02
|        ( QUESTION0 -1 -1.841e+04 1.727e+02 9.450e+01
|            ( - -1.688e+04 2 0)
|            ( - -1.361e+03 2 0))
|        ( QUESTION0_0_R 1 -7.104e+04 2.861e+02 3.861e+02
|            ( - -3.357e+04 5 0)
|            ( QUESTION2 -1 -3.719e+04 2.036e+02 1.984e+02
|                ( - -7.460e+03 3 0)
|                ( QUESTION0_8_R 1 -2.952e+04 1.593e+02 1.574e+02
|                    ( QUESTION0 -1 -2.566e+03 1.626e+02 1.400e+01
|                        ( - -2.164e+03 2 0)
|                        ( - -2.395e+02 1 0))
|                    ( - -2.680e+04 8 0))))))
s>    ( WDBNDRY_B 0 -9.015e+04 5.349e+02 4.816e+02
s>        ( - 2.419e+02 1 0)
s>        ( SILENCE 1 -8.986e+04 4.045e+02 4.806e+02
s>            ( QUESTION0 -1 -1.841e+04 1.727e+02 9.450e+01
s>                ( - -1.688e+04 2 0)
s>                ( - -1.361e+03 2 0))
s>            ( QUESTION0_0_R 1 -7.104e+04 2.861e+02 3.861e+02
s>                ( - -3.357e+04 5 0)
s>                ( QUESTION2 -1 -3.719e+04 2.036e+02 1.984e+02
s>                    ( - -7.460e+03 3 0)
s>                    ( QUESTION0_8_R 1 -2.952e+04 1.593e+02 1.574e+02
s>                        ( QUESTION0 -1 -2.566e+03 1.626e+02 1.400e+01
s>                            ( - -2.164e+03 2 0)
s>                            ( - -2.395e+02 1 0))
s>                        ( - -2.680e+04 8 0))))))INFO: dtree.c(1478): Final simple tree
|( QUESTION10 1 -2.461e+05 6.611e+02 1.273e+03
|    ( QUESTION0_8_R 1 -7.818e+04 4.958e+02 4.059e+02
|        ( QUESTION0_9_R 1 -4.115e+04 4.644e+02 2.173e+02
|            ( - 2.222e+02 1 0)
|            ( - -4.091e+04 13 0 WDBNDRY_I 0 3.190e+02 2.163e+02))
|        ( QUESTION13 -1 -3.654e+04 4.486e+02 1.887e+02
|            ( - 2.180e+02 1 0)
|            ( QUESTION3 -1 -3.631e+04 4.388e+02 1.877e+02
|                ( - 2.211e+02 1 0)
|                ( WDBNDRY_B 0 -3.609e+04 3.689e+02 1.867e+02
|                    ( - -2.539e+04 14 0 QUESTION0 -1 2.462e+02 1.317e+02)
|                    ( - -1.034e+04 5 0)))))
|    ( QUESTION0_13_R 1 -1.673e+05 4.120e+02 8.674e+02
|        ( - -1.718e+04 2 0 QUESTION13 1 2.079e+02 9.297e+01)
|        ( - -1.497e+05 64 0 QUESTION19 1 3.155e+02 7.744e+02)))
s>    ( QUESTION10 1 -2.461e+05 6.611e+02 1.273e+03
s>        ( QUESTION0_8_R 1 -7.818e+04 4.958e+02 4.059e+02
s>            ( QUESTION0_9_R 1 -4.115e+04 4.644e+02 2.173e+02
s>                ( - 2.222e+02 1 0)
s>                ( - -4.091e+04 13 0 WDBNDRY_I 0 3.190e+02 2.163e+02))
s>            ( QUESTION13 -1 -3.654e+04 4.486e+02 1.887e+02
s>                ( - 2.180e+02 1 0)
s>                ( QUESTION3 -1 -3.631e+04 4.388e+02 1.877e+02
s>                    ( - 2.211e+02 1 0)
s>                    ( WDBNDRY_B 0 -3.609e+04 3.689e+02 1.867e+02
s>                        ( - -2.539e+04 14 0 QUESTION0 -1 2.462e+02 1.317e+02)
s>                        ( - -1.034e+04 5 0)))))
s>        ( QUESTION0_13_R 1 -1.673e+05 4.120e+02 8.674e+02
s>            ( - -1.718e+04 2 0 QUESTION13 1 2.079e+02 9.297e+01)
s>            ( - -1.497e+05 64 0 QUESTION19 1 3.155e+02 7.744e+02)))INFO: dtree.c(1315): Comp split 3
INFO: dtree.c(1478): Final simple tree
|( QUESTION0_13_R 1 -1.606e+05 3.462e+02 8.305e+02
|    ( - -1.034e+04 5 0)
|    ( QUESTION10 1 -1.499e+05 4.610e+02 7.754e+02
|        ( - 2.222e+02 1 0)
|        ( QUESTION19 1 -1.497e+05 3.155e+02 7.744e+02
|            ( QUESTION0 -1 -4.640e+04 2.463e+02 2.358e+02
|                ( QUESTION0_8_R 1 -3.422e+04 2.191e+02 1.772e+02
|                    ( - -1.249e+04 6 0)
|                    ( - -2.151e+04 10 0 QUESTION0_2_R 1 1.429e+02 1.137e+02))
|                ( - -1.194e+04 4 0 QUESTION0_8_R 1 1.220e+02 5.861e+01))
|            ( QUESTION0_3_R 1 -1.030e+05 2.830e+02 5.387e+02
|                ( QUESTION0 -1 -2.292e+04 2.189e+02 1.221e+02
|                    ( - -2.094e+04 9 0 WDBNDRY_E 0 1.351e+02 1.121e+02)
|                    ( - -1.770e+03 2 0))
|                ( - -7.975e+04 33 0 QUESTION0_12_R 1 2.026e+02 4.166e+02)))))
s>    ( QUESTION0_13_R 1 -1.606e+05 3.462e+02 8.305e+02
s>        ( - -1.034e+04 5 0)
s>        ( QUESTION10 1 -1.499e+05 4.610e+02 7.754e+02
s>            ( - 2.222e+02 1 0)
s>            ( QUESTION19 1 -1.497e+05 3.155e+02 7.744e+02
s>                ( QUESTION0 -1 -4.640e+04 2.463e+02 2.358e+02
s>                    ( QUESTION0_8_R 1 -3.422e+04 2.191e+02 1.772e+02
s>                        ( - -1.249e+04 6 0)
s>                        ( - -2.151e+04 10 0 QUESTION0_2_R 1 1.429e+02 1.137e+02))
s>                    ( - -1.194e+04 4 0 QUESTION0_8_R 1 1.220e+02 5.861e+01))
s>                ( QUESTION0_3_R 1 -1.030e+05 2.830e+02 5.387e+02
s>                    ( QUESTION0 -1 -2.292e+04 2.189e+02 1.221e+02
s>                        ( - -2.094e+04 9 0 WDBNDRY_E 0 1.351e+02 1.121e+02)
s>                        ( - -1.770e+03 2 0))
s>                    ( - -7.975e+04 33 0 QUESTION0_12_R 1 2.026e+02 4.166e+02)))))INFO: dtree.c(1478): Final simple tree
|( QUESTION0_8_R 1 -8.479e+04 5.192e+02 4.429e+02
|    ( WDBNDRY_I 0 -4.091e+04 3.190e+02 2.163e+02
|        ( QUESTION0 -1 -2.168e+04 2.542e+02 1.125e+02
|            ( - -1.110e+04 6 0)
|            ( - -1.033e+04 2 0))
|        ( - -1.891e+04 5 0 WDBNDRY_B 0 2.326e+02 1.038e+02))
|    ( QUESTION13 -1 -4.336e+04 4.484e+02 2.266e+02
|        ( - 2.180e+02 1 0)
|        ( QUESTION3 -1 -4.313e+04 4.434e+02 2.256e+02
|            ( - 2.211e+02 1 0)
|            ( WDBNDRY_B 0 -4.291e+04 3.456e+02 2.246e+02
|                ( QUESTION0 -1 -2.539e+04 2.462e+02 1.317e+02
|                    ( - -1.725e+04 7 0)
|                    ( - -7.889e+03 7 0 QUESTION2 -1 1.446e+02 3.943e+01))
|                ( - -1.718e+04 2 0 QUESTION13 1 2.079e+02 9.297e+01)))))
s>    ( QUESTION0_8_R 1 -8.479e+04 5.192e+02 4.429e+02
s>        ( WDBNDRY_I 0 -4.091e+04 3.190e+02 2.163e+02
s>            ( QUESTION0 -1 -2.168e+04 2.542e+02 1.125e+02
s>                ( - -1.110e+04 6 0)
s>                ( - -1.033e+04 2 0))
s>            ( - -1.891e+04 5 0 WDBNDRY_B 0 2.326e+02 1.038e+02))
s>        ( QUESTION13 -1 -4.336e+04 4.484e+02 2.266e+02
s>            ( - 2.180e+02 1 0)
s>            ( QUESTION3 -1 -4.313e+04 4.434e+02 2.256e+02
s>                ( - 2.211e+02 1 0)
s>                ( WDBNDRY_B 0 -4.291e+04 3.456e+02 2.246e+02
s>                    ( QUESTION0 -1 -2.539e+04 2.462e+02 1.317e+02
s>                        ( - -1.725e+04 7 0)
s>                        ( - -7.889e+03 7 0 QUESTION2 -1 1.446e+02 3.943e+01))
s>                    ( - -1.718e+04 2 0 QUESTION13 1 2.079e+02 9.297e+01)))))INFO: dtree.c(1315): Comp split 4
INFO: dtree.c(1478): Final simple tree
|( WDBNDRY_B 0 -5.484e+04 2.617e+02 2.810e+02
|    ( QUESTION13 -1 -3.119e+04 2.357e+02 1.584e+02
|        ( - -7.998e+03 5 0)
|        ( QUESTION2_10_L -1 -2.296e+04 1.869e+02 1.168e+02
|            ( - -2.631e+03 2 0)
|            ( - -2.014e+04 21 0 QUESTION6 -1 1.804e+02 1.018e+02)))
|    ( QUESTION2_10_L -1 -2.339e+04 1.973e+02 1.226e+02
|        ( - -6.277e+03 4 0)
|        ( QUESTION2_0_L -1 -1.692e+04 1.956e+02 9.067e+01
|            ( QUESTION16 -1 -9.432e+03 1.957e+02 5.100e+01
|                ( - -7.157e+02 1 0)
|                ( - -8.520e+03 8 0 QUESTION14 -1 1.653e+02 4.600e+01))
|            ( QUESTION2 -1 -7.288e+03 1.810e+02 3.967e+01
|                ( - -5.555e+02 1 0)
|                ( - -6.552e+03 3 0)))))
s>    ( WDBNDRY_B 0 -5.484e+04 2.617e+02 2.810e+02
s>        ( QUESTION13 -1 -3.119e+04 2.357e+02 1.584e+02
s>            ( - -7.998e+03 5 0)
s>            ( QUESTION2_10_L -1 -2.296e+04 1.869e+02 1.168e+02
s>                ( - -2.631e+03 2 0)
s>                ( - -2.014e+04 21 0 QUESTION6 -1 1.804e+02 1.018e+02)))
s>        ( QUESTION2_10_L -1 -2.339e+04 1.973e+02 1.226e+02
s>            ( - -6.277e+03 4 0)
s>            ( QUESTION2_0_L -1 -1.692e+04 1.956e+02 9.067e+01
s>                ( QUESTION16 -1 -9.432e+03 1.957e+02 5.100e+01
s>                    ( - -7.157e+02 1 0)
s>                    ( - -8.520e+03 8 0 QUESTION14 -1 1.653e+02 4.600e+01))
s>                ( QUESTION2 -1 -7.288e+03 1.810e+02 3.967e+01
s>                    ( - -5.555e+02 1 0)
s>                    ( - -6.552e+03 3 0)))))INFO: dtree.c(1439): stop. leaf nodes are specific
INFO: dtree.c(1478): Final simple tree
|( WDBNDRY_I 0 -1.189e+05 3.129e+02 6.247e+02
|    ( QUESTION2_0_L -1 -7.499e+04 1.069e+02 3.959e+02
|        ( - -5.200e+02 2 0)
|        ( - -7.436e+04 10 0))
|    ( QUESTION0_0_R 1 -4.359e+04 1.035e+02 2.288e+02
|        ( WDBNDRY_B 0 -4.224e+04 1.233e+02 2.218e+02
|            ( - -4.181e+04 16 0)
|            ( - -3.035e+02 2 0))
|        ( - -1.249e+03 3 0)))
s>    ( WDBNDRY_I 0 -1.189e+05 3.129e+02 6.247e+02
s>        ( QUESTION2_0_L -1 -7.499e+04 1.069e+02 3.959e+02
s>            ( - -5.200e+02 2 0)
s>            ( - -7.436e+04 10 0))
s>        ( QUESTION0_0_R 1 -4.359e+04 1.035e+02 2.288e+02
s>            ( WDBNDRY_B 0 -4.224e+04 1.233e+02 2.218e+02
s>                ( - -4.181e+04 16 0)
s>                ( - -3.035e+02 2 0))
s>            ( - -1.249e+03 3 0)))INFO: dtree.c(1315): Comp split 5
INFO: dtree.c(1439): stop. leaf nodes are specific
INFO: dtree.c(1478): Final simple tree
|( SILENCE 1 -8.986e+04 4.045e+02 4.806e+02
|    ( QUESTION0 -1 -1.841e+04 1.727e+02 9.450e+01
|        ( - -1.688e+04 2 0)
|        ( - -1.361e+03 2 0))
|    ( QUESTION0_0_R 1 -7.104e+04 2.861e+02 3.861e+02
|        ( - -3.357e+04 5 0)
|        ( QUESTION2 -1 -3.719e+04 2.036e+02 1.984e+02
|            ( - -7.460e+03 3 0)
|            ( QUESTION0_8_R 1 -2.952e+04 1.593e+02 1.574e+02
|                ( QUESTION0 -1 -2.566e+03 1.626e+02 1.400e+01
|                    ( - -2.164e+03 2 0)
|                    ( - -2.395e+02 1 0))
|                ( - -2.680e+04 8 0)))))
s>    ( SILENCE 1 -8.986e+04 4.045e+02 4.806e+02
s>        ( QUESTION0 -1 -1.841e+04 1.727e+02 9.450e+01
s>            ( - -1.688e+04 2 0)
s>            ( - -1.361e+03 2 0))
s>        ( QUESTION0_0_R 1 -7.104e+04 2.861e+02 3.861e+02
s>            ( - -3.357e+04 5 0)
s>            ( QUESTION2 -1 -3.719e+04 2.036e+02 1.984e+02
s>                ( - -7.460e+03 3 0)
s>                ( QUESTION0_8_R 1 -2.952e+04 1.593e+02 1.574e+02
s>                    ( QUESTION0 -1 -2.566e+03 1.626e+02 1.400e+01
s>                        ( - -2.164e+03 2 0)
s>                        ( - -2.395e+02 1 0))
s>                    ( - -2.680e+04 8 0)))))INFO: dtree.c(1315): Comp split 6
INFO: dtree.c(1439): stop. leaf nodes are specific
INFO: dtree.c(1478): Final simple tree
|( QUESTION13 -1 -4.314e+04 4.488e+02 2.256e+02
|    ( - 2.180e+02 1 0)
|    ( WDBNDRY_B 0 -4.291e+04 3.456e+02 2.246e+02
|        ( QUESTION0 -1 -2.539e+04 2.462e+02 1.317e+02
|            ( - -1.725e+04 7 0)
|            ( QUESTION2 -1 -7.889e+03 1.446e+02 3.943e+01
|                ( - -5.007e+03 4 0)
|                ( QUESTION12 -1 -2.737e+03 1.095e+02 1.335e+01
|                    ( - -2.295e+03 2 0)
|                    ( - -3.330e+02 1 0))))
|        ( QUESTION13 1 -1.718e+04 2.079e+02 9.297e+01
|            ( - -5.614e+03 1 0)
|            ( - -1.136e+04 1 0))))
s>    ( QUESTION13 -1 -4.314e+04 4.488e+02 2.256e+02
s>        ( - 2.180e+02 1 0)
s>        ( WDBNDRY_B 0 -4.291e+04 3.456e+02 2.246e+02
s>            ( QUESTION0 -1 -2.539e+04 2.462e+02 1.317e+02
s>                ( - -1.725e+04 7 0)
s>                ( QUESTION2 -1 -7.889e+03 1.446e+02 3.943e+01
s>                    ( - -5.007e+03 4 0)
s>                    ( QUESTION12 -1 -2.737e+03 1.095e+02 1.335e+01
s>                        ( - -2.295e+03 2 0)
s>                        ( - -3.330e+02 1 0))))
s>            ( QUESTION13 1 -1.718e+04 2.079e+02 9.297e+01
s>                ( - -5.614e+03 1 0)
s>                ( - -1.136e+04 1 0))))INFO: dtree.c(1439): stop. leaf nodes are specific
INFO: dtree.c(1478): Final simple tree
|( QUESTION0_8_R 1 -4.113e+04 4.424e+02 2.173e+02
|    ( WDBNDRY_I 0 -4.091e+04 3.190e+02 2.163e+02
|        ( QUESTION0 -1 -2.168e+04 2.542e+02 1.125e+02
|            ( - -1.110e+04 6 0)
|            ( - -1.033e+04 2 0))
|        ( WDBNDRY_B 0 -1.891e+04 2.326e+02 1.038e+02
|            ( - -1.767e+02 1 0)
|            ( QUESTION0 -1 -1.850e+04 1.442e+02 1.018e+02
|                ( - -1.776e+04 3 0)
|                ( - -5.939e+02 1 0))))
|    ( - 2.211e+02 1 0))
s>    ( QUESTION0_8_R 1 -4.113e+04 4.424e+02 2.173e+02
s>        ( WDBNDRY_I 0 -4.091e+04 3.190e+02 2.163e+02
s>            ( QUESTION0 -1 -2.168e+04 2.542e+02 1.125e+02
s>                ( - -1.110e+04 6 0)
s>                ( - -1.033e+04 2 0))
s>            ( WDBNDRY_B 0 -1.891e+04 2.326e+02 1.038e+02
s>                ( - -1.767e+02 1 0)
s>                ( QUESTION0 -1 -1.850e+04 1.442e+02 1.018e+02
s>                    ( - -1.776e+04 3 0)
s>                    ( - -5.939e+02 1 0))))
s>        ( - 2.211e+02 1 0))INFO: dtree.c(1315): Comp split 7
INFO: dtree.c(1439): stop. leaf nodes are specific
INFO: dtree.c(1478): Final simple tree
|( SILENCE -1 -1.995e+05 4.121e+02 1.049e+03
|    ( - -1.090e+04 3 0)
|    ( WDBNDRY_B 0 -1.882e+05 1.412e+02 9.917e+02
|        ( - -1.855e+05 28 0)
|        ( - -2.513e+03 3 0)))
s>    ( SILENCE -1 -1.995e+05 4.121e+02 1.049e+03
s>        ( - -1.090e+04 3 0)
s>        ( WDBNDRY_B 0 -1.882e+05 1.412e+02 9.917e+02
s>            ( - -1.855e+05 28 0)
s>            ( - -2.513e+03 3 0)))INFO: dtree.c(1315): Comp split 8
INFO: dtree.c(1478): Final simple tree
|( QUESTION0_13_R 1 -1.604e+05 3.459e+02 8.295e+02
|    ( - -1.034e+04 5 0)
|    ( QUESTION19 1 -1.497e+05 3.155e+02 7.744e+02
|        ( QUESTION0 -1 -4.640e+04 2.463e+02 2.358e+02
|            ( QUESTION0_8_R 1 -3.422e+04 2.191e+02 1.772e+02
|                ( - -1.249e+04 6 0)
|                ( - -2.151e+04 10 0 QUESTION0_2_R 1 1.429e+02 1.137e+02))
|            ( - -1.194e+04 4 0 QUESTION0_8_R 1 1.220e+02 5.861e+01))
|        ( QUESTION0_3_R 1 -1.030e+05 2.830e+02 5.387e+02
|            ( QUESTION0 -1 -2.292e+04 2.189e+02 1.221e+02
|                ( - -2.094e+04 9 0 WDBNDRY_E 0 1.351e+02 1.121e+02)
|                ( - -1.770e+03 2 0))
|            ( QUESTION0_12_R 1 -7.975e+04 2.026e+02 4.166e+02
|                ( - -6.665e+03 7 0 QUESTION0 -1 4.496e+02 3.230e+01)
|                ( - -7.288e+04 26 0 QUESTION0 -1 1.997e+02 3.843e+02)))))
s>    ( QUESTION0_13_R 1 -1.604e+05 3.459e+02 8.295e+02
s>        ( - -1.034e+04 5 0)
s>        ( QUESTION19 1 -1.497e+05 3.155e+02 7.744e+02
s>            ( QUESTION0 -1 -4.640e+04 2.463e+02 2.358e+02
s>                ( QUESTION0_8_R 1 -3.422e+04 2.191e+02 1.772e+02
s>                    ( - -1.249e+04 6 0)
s>                    ( - -2.151e+04 10 0 QUESTION0_2_R 1 1.429e+02 1.137e+02))
s>                ( - -1.194e+04 4 0 QUESTION0_8_R 1 1.220e+02 5.861e+01))
s>            ( QUESTION0_3_R 1 -1.030e+05 2.830e+02 5.387e+02
s>                ( QUESTION0 -1 -2.292e+04 2.189e+02 1.221e+02
s>                    ( - -2.094e+04 9 0 WDBNDRY_E 0 1.351e+02 1.121e+02)
s>                    ( - -1.770e+03 2 0))
s>                ( QUESTION0_12_R 1 -7.975e+04 2.026e+02 4.166e+02
s>                    ( - -6.665e+03 7 0 QUESTION0 -1 4.496e+02 3.230e+01)
s>                    ( - -7.288e+04 26 0 QUESTION0 -1 1.997e+02 3.843e+02)))))INFO: dtree.c(1315): Comp split 9
INFO: dtree.c(1439): stop. leaf nodes are specific
INFO: dtree.c(1478): Final simple tree
|( WDBNDRY_B 0 -4.291e+04 3.456e+02 2.246e+02
|    ( QUESTION0 -1 -2.539e+04 2.462e+02 1.317e+02
|        ( - -1.725e+04 7 0)
|        ( QUESTION2 -1 -7.889e+03 1.446e+02 3.943e+01
|            ( - -5.007e+03 4 0)
|            ( QUESTION12 -1 -2.737e+03 1.095e+02 1.335e+01
|                ( - -2.295e+03 2 0)
|                ( - -3.330e+02 1 0))))
|    ( QUESTION13 1 -1.718e+04 2.079e+02 9.297e+01
|        ( - -5.614e+03 1 0)
|        ( - -1.136e+04 1 0)))
s>    ( WDBNDRY_B 0 -4.291e+04 3.456e+02 2.246e+02
s>        ( QUESTION0 -1 -2.539e+04 2.462e+02 1.317e+02
s>            ( - -1.725e+04 7 0)
s>            ( QUESTION2 -1 -7.889e+03 1.446e+02 3.943e+01
s>                ( - -5.007e+03 4 0)
s>                ( QUESTION12 -1 -2.737e+03 1.095e+02 1.335e+01
s>                    ( - -2.295e+03 2 0)
s>                    ( - -3.330e+02 1 0))))
s>        ( QUESTION13 1 -1.718e+04 2.079e+02 9.297e+01
s>            ( - -5.614e+03 1 0)
s>            ( - -1.136e+04 1 0)))INFO: dtree.c(1315): Comp split 10
INFO: dtree.c(1439): stop. leaf nodes are specific
INFO: dtree.c(1478): Final simple tree
|( WDBNDRY_I 0 -4.091e+04 3.190e+02 2.163e+02
|    ( QUESTION0 -1 -2.168e+04 2.542e+02 1.125e+02
|        ( - -1.110e+04 6 0)
|        ( - -1.033e+04 2 0))
|    ( WDBNDRY_B 0 -1.891e+04 2.326e+02 1.038e+02
|        ( - -1.767e+02 1 0)
|        ( QUESTION0 -1 -1.850e+04 1.442e+02 1.018e+02
|            ( - -1.776e+04 3 0)
|            ( - -5.939e+02 1 0))))
s>    ( WDBNDRY_I 0 -4.091e+04 3.190e+02 2.163e+02
s>        ( QUESTION0 -1 -2.168e+04 2.542e+02 1.125e+02
s>            ( - -1.110e+04 6 0)
s>            ( - -1.033e+04 2 0))
s>        ( WDBNDRY_B 0 -1.891e+04 2.326e+02 1.038e+02
s>            ( - -1.767e+02 1 0)
s>            ( QUESTION0 -1 -1.850e+04 1.442e+02 1.018e+02
s>                ( - -1.776e+04 3 0)
s>                ( - -5.939e+02 1 0))))INFO: dtree.c(1315): Comp split 11
INFO: dtree.c(1478): Final simple tree
|( QUESTION0_3_R 1 -1.248e+05 2.945e+02 6.524e+02
|    ( QUESTION0 -1 -2.292e+04 2.189e+02 1.221e+02
|        ( - -2.094e+04 9 0 WDBNDRY_E 0 1.351e+02 1.121e+02)
|        ( - -1.770e+03 2 0))
|    ( QUESTION0_12_R 1 -1.015e+05 2.854e+02 5.303e+02
|        ( QUESTION0 -1 -2.739e+04 4.535e+02 1.410e+02
|            ( QUESTION0_18_R 1 -2.718e+04 2.196e+02 1.400e+02
|                ( - -4.705e+03 3 0 WDBNDRY_E 0 1.134e+02 2.330e+01)
|                ( - -2.225e+04 11 0 WDBNDRY_E 0 1.074e+02 1.167e+02))
|            ( - 2.408e+02 1 0))
|        ( QUESTION0 -1 -7.387e+04 1.987e+02 3.893e+02
|            ( QUESTION0_6_R 1 -6.991e+04 1.973e+02 3.683e+02
|                ( - -4.138e+04 11 0 WDBNDRY_E 0 2.031e+02 2.175e+02)
|                ( - -2.833e+04 13 0 QUESTION0_2_R 1 1.669e+02 1.508e+02))
|            ( - -3.762e+03 4 0 QUESTION0_5_R 1 1.874e+02 2.100e+01))))
s>    ( QUESTION0_3_R 1 -1.248e+05 2.945e+02 6.524e+02
s>        ( QUESTION0 -1 -2.292e+04 2.189e+02 1.221e+02
s>            ( - -2.094e+04 9 0 WDBNDRY_E 0 1.351e+02 1.121e+02)
s>            ( - -1.770e+03 2 0))
s>        ( QUESTION0_12_R 1 -1.015e+05 2.854e+02 5.303e+02
s>            ( QUESTION0 -1 -2.739e+04 4.535e+02 1.410e+02
s>                ( QUESTION0_18_R 1 -2.718e+04 2.196e+02 1.400e+02
s>                    ( - -4.705e+03 3 0 WDBNDRY_E 0 1.134e+02 2.330e+01)
s>                    ( - -2.225e+04 11 0 WDBNDRY_E 0 1.074e+02 1.167e+02))
s>                ( - 2.408e+02 1 0))
s>            ( QUESTION0 -1 -7.387e+04 1.987e+02 3.893e+02
s>                ( QUESTION0_6_R 1 -6.991e+04 1.973e+02 3.683e+02
s>                    ( - -4.138e+04 11 0 WDBNDRY_E 0 2.031e+02 2.175e+02)
s>                    ( - -2.833e+04 13 0 QUESTION0_2_R 1 1.669e+02 1.508e+02))
s>                ( - -3.762e+03 4 0 QUESTION0_5_R 1 1.874e+02 2.100e+01))))INFO: dtree.c(1439): stop. leaf nodes are specific
INFO: dtree.c(1478): Final simple tree
|( QUESTION0_8_R 1 -3.516e+04 2.395e+02 1.771e+02
|    ( QUESTION0 -1 -1.870e+04 1.346e+02 9.356e+01
|        ( - -1.249e+04 6 0)
|        ( - -6.084e+03 3 0))
|    ( WDBNDRY_E 0 -1.622e+04 1.482e+02 8.354e+01
|        ( - -5.735e+03 1 0)
|        ( - -1.034e+04 5 0)))
s>    ( QUESTION0_8_R 1 -3.516e+04 2.395e+02 1.771e+02
s>        ( QUESTION0 -1 -1.870e+04 1.346e+02 9.356e+01
s>            ( - -1.249e+04 6 0)
s>            ( - -6.084e+03 3 0))
s>        ( WDBNDRY_E 0 -1.622e+04 1.482e+02 8.354e+01
s>            ( - -5.735e+03 1 0)
s>            ( - -1.034e+04 5 0)))INFO: dtree.c(1315): Comp split 12
INFO: dtree.c(1478): Final simple tree
|( QUESTION0_3_R 1 -1.246e+05 2.954e+02 6.514e+02
|    ( QUESTION0 -1 -2.292e+04 2.189e+02 1.221e+02
|        ( - -2.094e+04 9 0 WDBNDRY_E 0 1.351e+02 1.121e+02)
|        ( - -1.770e+03 2 0))
|    ( QUESTION0_12_R 1 -1.013e+05 2.850e+02 5.293e+02
|        ( QUESTION0_18_R 1 -2.718e+04 2.196e+02 1.400e+02
|            ( - -4.705e+03 3 0 WDBNDRY_E 0 1.134e+02 2.330e+01)
|            ( - -2.225e+04 11 0 WDBNDRY_E 0 1.074e+02 1.167e+02))
|        ( QUESTION0 -1 -7.387e+04 1.987e+02 3.893e+02
|            ( QUESTION0_6_R 1 -6.991e+04 1.973e+02 3.683e+02
|                ( WDBNDRY_E 0 -4.138e+04 2.031e+02 2.175e+02
|                    ( - -3.847e+04 10 0 QUESTION12 1 1.520e+02 2.025e+02)
|                    ( - -2.704e+03 1 0))
|                ( - -2.833e+04 13 0 QUESTION0_2_R 1 1.669e+02 1.508e+02))
|            ( - -3.762e+03 4 0 QUESTION0_5_R 1 1.874e+02 2.100e+01))))
s>    ( QUESTION0_3_R 1 -1.246e+05 2.954e+02 6.514e+02
s>        ( QUESTION0 -1 -2.292e+04 2.189e+02 1.221e+02
s>            ( - -2.094e+04 9 0 WDBNDRY_E 0 1.351e+02 1.121e+02)
s>            ( - -1.770e+03 2 0))
s>        ( QUESTION0_12_R 1 -1.013e+05 2.850e+02 5.293e+02
s>            ( QUESTION0_18_R 1 -2.718e+04 2.196e+02 1.400e+02
s>                ( - -4.705e+03 3 0 WDBNDRY_E 0 1.134e+02 2.330e+01)
s>                ( - -2.225e+04 11 0 WDBNDRY_E 0 1.074e+02 1.167e+02))
s>            ( QUESTION0 -1 -7.387e+04 1.987e+02 3.893e+02
s>                ( QUESTION0_6_R 1 -6.991e+04 1.973e+02 3.683e+02
s>                    ( WDBNDRY_E 0 -4.138e+04 2.031e+02 2.175e+02
s>                        ( - -3.847e+04 10 0 QUESTION12 1 1.520e+02 2.025e+02)
s>                        ( - -2.704e+03 1 0))
s>                    ( - -2.833e+04 13 0 QUESTION0_2_R 1 1.669e+02 1.508e+02))
s>                ( - -3.762e+03 4 0 QUESTION0_5_R 1 1.874e+02 2.100e+01))))INFO: dtree.c(1315): Comp split 13
INFO: dtree.c(1439): stop. leaf nodes are specific
INFO: dtree.c(1478): Final simple tree
|( WDBNDRY_B 0 -1.882e+05 1.412e+02 9.917e+02
|    ( - -1.855e+05 28 0)
|    ( - -2.513e+03 3 0))
s>    ( WDBNDRY_B 0 -1.882e+05 1.412e+02 9.917e+02
s>        ( - -1.855e+05 28 0)
s>        ( - -2.513e+03 3 0))INFO: dtree.c(1315): Comp split 14
INFO: dtree.c(1439): stop. leaf nodes are specific
INFO: dtree.c(1478): Final simple tree
|( QUESTION0_0_R 1 -7.257e+04 2.826e+02 3.941e+02
|    ( - -3.357e+04 5 0)
|    ( QUESTION2 -1 -3.872e+04 1.929e+02 2.064e+02
|        ( SILENCE 1 -9.005e+03 1.842e+02 4.900e+01
|            ( - -1.361e+03 2 0)
|            ( - -7.460e+03 3 0))
|        ( QUESTION0_8_R 1 -2.952e+04 1.593e+02 1.574e+02
|            ( QUESTION0 -1 -2.566e+03 1.626e+02 1.400e+01
|                ( - -2.164e+03 2 0)
|                ( - -2.395e+02 1 0))
|            ( - -2.680e+04 8 0))))
s>    ( QUESTION0_0_R 1 -7.257e+04 2.826e+02 3.941e+02
s>        ( - -3.357e+04 5 0)
s>        ( QUESTION2 -1 -3.872e+04 1.929e+02 2.064e+02
s>            ( SILENCE 1 -9.005e+03 1.842e+02 4.900e+01
s>                ( - -1.361e+03 2 0)
s>                ( - -7.460e+03 3 0))
s>            ( QUESTION0_8_R 1 -2.952e+04 1.593e+02 1.574e+02
s>                ( QUESTION0 -1 -2.566e+03 1.626e+02 1.400e+01
s>                    ( - -2.164e+03 2 0)
s>                    ( - -2.395e+02 1 0))
s>                ( - -2.680e+04 8 0))))INFO: dtree.c(1315): Comp split 15
INFO: dtree.c(1439): stop. leaf nodes are specific
INFO: dtree.c(1478): Final simple tree
|( QUESTION0 -1 -2.539e+04 2.462e+02 1.317e+02
|    ( - -1.725e+04 7 0)
|    ( QUESTION2 -1 -7.889e+03 1.446e+02 3.943e+01
|        ( - -5.007e+03 4 0)
|        ( QUESTION12 -1 -2.737e+03 1.095e+02 1.335e+01
|            ( - -2.295e+03 2 0)
|            ( - -3.330e+02 1 0))))
s>    ( QUESTION0 -1 -2.539e+04 2.462e+02 1.317e+02
s>        ( - -1.725e+04 7 0)
s>        ( QUESTION2 -1 -7.889e+03 1.446e+02 3.943e+01
s>            ( - -5.007e+03 4 0)
s>            ( QUESTION12 -1 -2.737e+03 1.095e+02 1.335e+01
s>                ( - -2.295e+03 2 0)
s>                ( - -3.330e+02 1 0))))INFO: dtree.c(1439): stop. leaf nodes are specific
INFO: dtree.c(1478): Final simple tree
|( QUESTION13 1 -1.718e+04 2.079e+02 9.297e+01
|    ( - -5.614e+03 1 0)
|    ( - -1.136e+04 1 0))
s>    ( QUESTION13 1 -1.718e+04 2.079e+02 9.297e+01
s>        ( - -5.614e+03 1 0)
s>        ( - -1.136e+04 1 0))INFO: dtree.c(1315): Comp split 16
INFO: dtree.c(1439): stop. leaf nodes are specific
INFO: dtree.c(1478): Final simple tree
|( QUESTION0 -1 -2.241e+04 2.587e+02 1.165e+02
|    ( - -1.110e+04 6 0)
|    ( WDBNDRY_E 0 -1.105e+04 1.323e+02 6.021e+01
|        ( - -5.939e+02 1 0)
|        ( - -1.033e+04 2 0)))
s>    ( QUESTION0 -1 -2.241e+04 2.587e+02 1.165e+02
s>        ( - -1.110e+04 6 0)
s>        ( WDBNDRY_E 0 -1.105e+04 1.323e+02 6.021e+01
s>            ( - -5.939e+02 1 0)
s>            ( - -1.033e+04 2 0)))INFO: dtree.c(1439): stop. leaf nodes are specific
INFO: dtree.c(1478): Final simple tree
|( WDBNDRY_B 0 -1.817e+04 2.317e+02 9.975e+01
|    ( - -1.767e+02 1 0)
|    ( - -1.776e+04 3 0))
s>    ( WDBNDRY_B 0 -1.817e+04 2.317e+02 9.975e+01
s>        ( - -1.767e+02 1 0)
s>        ( - -1.776e+04 3 0))INFO: dtree.c(1315): Comp split 17
INFO: dtree.c(1439): stop. leaf nodes are specific
INFO: dtree.c(1478): Final simple tree
|( WDBNDRY_E 0 -2.225e+04 1.074e+02 1.167e+02
|    ( QUESTION0_15_R 1 -2.180e+04 1.031e+02 1.147e+02
|        ( - -2.008e+04 6 0)
|        ( - -1.618e+03 3 0))
|    ( - -3.406e+02 2 0))
s>    ( WDBNDRY_E 0 -2.225e+04 1.074e+02 1.167e+02
s>        ( QUESTION0_15_R 1 -2.180e+04 1.031e+02 1.147e+02
s>            ( - -2.008e+04 6 0)
s>            ( - -1.618e+03 3 0))
s>        ( - -3.406e+02 2 0))INFO: dtree.c(1478): Final simple tree
|( QUESTION0_3_R 1 -1.020e+05 2.806e+02 5.347e+02
|    ( QUESTION0 -1 -2.292e+04 2.189e+02 1.221e+02
|        ( - -2.094e+04 9 0 WDBNDRY_E 0 1.351e+02 1.121e+02)
|        ( - -1.770e+03 2 0))
|    ( QUESTION0_8_R 1 -7.877e+04 1.981e+02 4.126e+02
|        ( - -1.439e+04 6 0)
|        ( QUESTION0_2_R 1 -6.418e+04 1.978e+02 3.363e+02
|            ( QUESTION0 -1 -5.928e+04 1.953e+02 3.130e+02
|                ( QUESTION0_5_R 1 -5.532e+04 1.697e+02 2.920e+02
|                    ( - -1.377e+04 7 0 WDBNDRY_E 0 1.762e+02 7.451e+01)
|                    ( - -4.138e+04 11 0 WDBNDRY_E 0 2.031e+02 2.175e+02))
|                ( QUESTION0_5_R 1 -3.762e+03 1.874e+02 2.100e+01
|                    ( - -1.884e+03 2 0)
|                    ( - -1.690e+03 2 0)))
|            ( - -4.705e+03 3 0 WDBNDRY_E 0 1.134e+02 2.330e+01))))
s>    ( QUESTION0_3_R 1 -1.020e+05 2.806e+02 5.347e+02
s>        ( QUESTION0 -1 -2.292e+04 2.189e+02 1.221e+02
s>            ( - -2.094e+04 9 0 WDBNDRY_E 0 1.351e+02 1.121e+02)
s>            ( - -1.770e+03 2 0))
s>        ( QUESTION0_8_R 1 -7.877e+04 1.981e+02 4.126e+02
s>            ( - -1.439e+04 6 0)
s>            ( QUESTION0_2_R 1 -6.418e+04 1.978e+02 3.363e+02
s>                ( QUESTION0 -1 -5.928e+04 1.953e+02 3.130e+02
s>                    ( QUESTION0_5_R 1 -5.532e+04 1.697e+02 2.920e+02
s>                        ( - -1.377e+04 7 0 WDBNDRY_E 0 1.762e+02 7.451e+01)
s>                        ( - -4.138e+04 11 0 WDBNDRY_E 0 2.031e+02 2.175e+02))
s>                    ( QUESTION0_5_R 1 -3.762e+03 1.874e+02 2.100e+01
s>                        ( - -1.884e+03 2 0)
s>                        ( - -1.690e+03 2 0)))
s>                ( - -4.705e+03 3 0 WDBNDRY_E 0 1.134e+02 2.330e+01))))INFO: dtree.c(1315): Comp split 18
INFO: dtree.c(1439): stop. leaf nodes are specific
INFO: dtree.c(1478): Final simple tree
|( WDBNDRY_E 0 -7.479e+04 1.230e+02 3.949e+02
|    ( - -3.035e+02 2 0)
|    ( - -7.436e+04 10 0))
s>    ( WDBNDRY_E 0 -7.479e+04 1.230e+02 3.949e+02
s>        ( - -3.035e+02 2 0)
s>        ( - -7.436e+04 10 0))INFO: dtree.c(1439): stop. leaf nodes are specific
INFO: dtree.c(1478): Final simple tree
|( WDBNDRY_I 0 -4.379e+04 1.043e+02 2.298e+02
|    ( - -5.200e+02 2 0)
|    ( WDBNDRY_B 0 -4.316e+04 1.034e+02 2.268e+02
|        ( - -4.181e+04 16 0)
|        ( - -1.249e+03 3 0)))
s>    ( WDBNDRY_I 0 -4.379e+04 1.043e+02 2.298e+02
s>        ( - -5.200e+02 2 0)
s>        ( WDBNDRY_B 0 -4.316e+04 1.034e+02 2.268e+02
s>            ( - -4.181e+04 16 0)
s>            ( - -1.249e+03 3 0)))INFO: dtree.c(1315): Comp split 19
INFO: dtree.c(1439): stop. leaf nodes are specific
INFO: dtree.c(1478): Final simple tree
|( QUESTION2_0_L -1 -1.692e+04 1.956e+02 9.067e+01
|    ( QUESTION16 -1 -9.432e+03 1.957e+02 5.100e+01
|        ( - -7.157e+02 1 0)
|        ( QUESTION14 -1 -8.520e+03 1.653e+02 4.600e+01
|            ( - -1.680e+03 1 0)
|            ( QUESTION12 -1 -6.675e+03 1.356e+02 3.600e+01
|                ( - -7.721e+02 1 0)
|                ( QUESTION2 -1 -5.767e+03 1.192e+02 3.100e+01
|                    ( - -3.793e+02 2 0)
|                    ( - -5.268e+03 4 0)))))
|    ( QUESTION2 -1 -7.288e+03 1.810e+02 3.967e+01
|        ( - -5.555e+02 1 0)
|        ( - -6.552e+03 3 0)))
s>    ( QUESTION2_0_L -1 -1.692e+04 1.956e+02 9.067e+01
s>        ( QUESTION16 -1 -9.432e+03 1.957e+02 5.100e+01
s>            ( - -7.157e+02 1 0)
s>            ( QUESTION14 -1 -8.520e+03 1.653e+02 4.600e+01
s>                ( - -1.680e+03 1 0)
s>                ( QUESTION12 -1 -6.675e+03 1.356e+02 3.600e+01
s>                    ( - -7.721e+02 1 0)
s>                    ( QUESTION2 -1 -5.767e+03 1.192e+02 3.100e+01
s>                        ( - -3.793e+02 2 0)
s>                        ( - -5.268e+03 4 0)))))
s>        ( QUESTION2 -1 -7.288e+03 1.810e+02 3.967e+01
s>            ( - -5.555e+02 1 0)
s>            ( - -6.552e+03 3 0)))INFO: dtree.c(1478): Final simple tree
|( QUESTION13 -1 -3.763e+04 2.225e+02 1.903e+02
|    ( - -7.998e+03 5 0)
|    ( QUESTION6 -1 -2.941e+04 1.819e+02 1.487e+02
|        ( - -7.915e+02 1 0)
|        ( QUESTION9 -1 -2.843e+04 1.702e+02 1.437e+02
|            ( - -9.207e+02 1 0)
|            ( QUESTION16 -1 -2.734e+04 1.744e+02 1.387e+02
|                ( - -7.563e+03 4 0)
|                ( QUESTION2_14_L -1 -1.960e+04 1.570e+02 9.978e+01
|                    ( - -2.418e+02 1 0)
|                    ( QUESTION2_11_L -1 -1.921e+04 1.475e+02 9.778e+01
|                        ( - -3.541e+03 3 0 QUESTION2 -1 1.255e+02 1.885e+01)
|                        ( WDBNDRY_B 0 -1.552e+04 1.470e+02 7.892e+01
|                            ( - -9.093e+03 13 0 QUESTION2_1_L -1 1.890e+02 4.700e+01)
|                            ( - -6.277e+03 4 0))))))))
s>    ( QUESTION13 -1 -3.763e+04 2.225e+02 1.903e+02
s>        ( - -7.998e+03 5 0)
s>        ( QUESTION6 -1 -2.941e+04 1.819e+02 1.487e+02
s>            ( - -7.915e+02 1 0)
s>            ( QUESTION9 -1 -2.843e+04 1.702e+02 1.437e+02
s>                ( - -9.207e+02 1 0)
s>                ( QUESTION16 -1 -2.734e+04 1.744e+02 1.387e+02
s>                    ( - -7.563e+03 4 0)
s>                    ( QUESTION2_14_L -1 -1.960e+04 1.570e+02 9.978e+01
s>                        ( - -2.418e+02 1 0)
s>                        ( QUESTION2_11_L -1 -1.921e+04 1.475e+02 9.778e+01
s>                            ( - -3.541e+03 3 0 QUESTION2 -1 1.255e+02 1.885e+01)
s>                            ( WDBNDRY_B 0 -1.552e+04 1.470e+02 7.892e+01
s>                                ( - -9.093e+03 13 0 QUESTION2_1_L -1 1.890e+02 4.700e+01)
s>                                ( - -6.277e+03 4 0))))))))INFO: dtree.c(1315): Comp split 20
INFO: dtree.c(1478): Final simple tree
|( QUESTION0 -1 -7.202e+04 2.315e+02 3.803e+02
|    ( QUESTION0_6_R 1 -6.991e+04 1.973e+02 3.683e+02
|        ( WDBNDRY_E 0 -4.138e+04 2.031e+02 2.175e+02
|            ( QUESTION12 1 -3.847e+04 1.520e+02 2.025e+02
|                ( - -3.748e+04 8 0)
|                ( - -8.340e+02 2 0))
|            ( - -2.704e+03 1 0))
|        ( QUESTION0_2_R 1 -2.833e+04 1.669e+02 1.508e+02
|            ( WDBNDRY_E 0 -1.377e+04 1.762e+02 7.451e+01
|                ( - -1.218e+04 3 0)
|                ( QUESTION13 1 -1.416e+03 1.387e+02 7.000e+00
|                    ( - -9.928e+02 3 0)
|                    ( - -2.848e+02 1 0)))
|            ( - -1.439e+04 6 0)))
|    ( - -1.884e+03 2 0))
s>    ( QUESTION0 -1 -7.202e+04 2.315e+02 3.803e+02
s>        ( QUESTION0_6_R 1 -6.991e+04 1.973e+02 3.683e+02
s>            ( WDBNDRY_E 0 -4.138e+04 2.031e+02 2.175e+02
s>                ( QUESTION12 1 -3.847e+04 1.520e+02 2.025e+02
s>                    ( - -3.748e+04 8 0)
s>                    ( - -8.340e+02 2 0))
s>                ( - -2.704e+03 1 0))
s>            ( QUESTION0_2_R 1 -2.833e+04 1.669e+02 1.508e+02
s>                ( WDBNDRY_E 0 -1.377e+04 1.762e+02 7.451e+01
s>                    ( - -1.218e+04 3 0)
s>                    ( QUESTION13 1 -1.416e+03 1.387e+02 7.000e+00
s>                        ( - -9.928e+02 3 0)
s>                        ( - -2.848e+02 1 0)))
s>                ( - -1.439e+04 6 0)))
s>        ( - -1.884e+03 2 0))INFO: dtree.c(1439): stop. leaf nodes are specific
INFO: dtree.c(1478): Final simple tree
|( QUESTION0 -1 -2.965e+04 2.456e+02 1.544e+02
|    ( QUESTION0_2_R 1 -2.584e+04 2.006e+02 1.354e+02
|        ( WDBNDRY_E 0 -2.094e+04 1.351e+02 1.121e+02
|            ( - -1.958e+04 7 0)
|            ( - -1.220e+03 2 0))
|        ( WDBNDRY_E 0 -4.705e+03 1.134e+02 2.330e+01
|            ( - -6.044e+02 2 0)
|            ( - -3.987e+03 1 0)))
|    ( QUESTION0_3_R 1 -3.565e+03 1.051e+02 1.901e+01
|        ( - -1.770e+03 2 0)
|        ( - -1.690e+03 2 0)))
s>    ( QUESTION0 -1 -2.965e+04 2.456e+02 1.544e+02
s>        ( QUESTION0_2_R 1 -2.584e+04 2.006e+02 1.354e+02
s>            ( WDBNDRY_E 0 -2.094e+04 1.351e+02 1.121e+02
s>                ( - -1.958e+04 7 0)
s>                ( - -1.220e+03 2 0))
s>            ( WDBNDRY_E 0 -4.705e+03 1.134e+02 2.330e+01
s>                ( - -6.044e+02 2 0)
s>                ( - -3.987e+03 1 0)))
s>        ( QUESTION0_3_R 1 -3.565e+03 1.051e+02 1.901e+01
s>            ( - -1.770e+03 2 0)
s>            ( - -1.690e+03 2 0)))INFO: dtree.c(1315): Comp split 21
INFO: dtree.c(1439): stop. leaf nodes are specific
INFO: dtree.c(1478): Final simple tree
|( QUESTION0_0_R 1 -3.394e+04 1.358e+02 1.897e+02
|    ( - -3.357e+04 5 0)
|    ( - -2.395e+02 1 0))
s>    ( QUESTION0_0_R 1 -3.394e+04 1.358e+02 1.897e+02
s>        ( - -3.357e+04 5 0)
s>        ( - -2.395e+02 1 0))INFO: dtree.c(1439): stop. leaf nodes are specific
INFO: dtree.c(1478): Final simple tree
|( QUESTION0 -1 -3.834e+04 1.928e+02 2.044e+02
|    ( QUESTION0_8_R 1 -2.914e+04 1.813e+02 1.554e+02
|        ( - -2.164e+03 2 0)
|        ( - -2.680e+04 8 0))
|    ( SILENCE 1 -9.005e+03 1.842e+02 4.900e+01
|        ( - -1.361e+03 2 0)
|        ( - -7.460e+03 3 0)))
s>    ( QUESTION0 -1 -3.834e+04 1.928e+02 2.044e+02
s>        ( QUESTION0_8_R 1 -2.914e+04 1.813e+02 1.554e+02
s>            ( - -2.164e+03 2 0)
s>            ( - -2.680e+04 8 0))
s>        ( SILENCE 1 -9.005e+03 1.842e+02 4.900e+01
s>            ( - -1.361e+03 2 0)
s>            ( - -7.460e+03 3 0)))INFO: dtree.c(1315): Comp split 22
INFO: dtree.c(1439): stop. leaf nodes are specific
INFO: dtree.c(1478): Final simple tree
|( WDBNDRY_E 0 -7.748e+03 1.953e+02 3.931e+01
|    ( QUESTION0_3_R 1 -3.565e+03 1.051e+02 1.901e+01
|        ( - -1.770e+03 2 0)
|        ( - -1.690e+03 2 0))
|    ( - -3.987e+03 1 0))
s>    ( WDBNDRY_E 0 -7.748e+03 1.953e+02 3.931e+01
s>        ( QUESTION0_3_R 1 -3.565e+03 1.051e+02 1.901e+01
s>            ( - -1.770e+03 2 0)
s>            ( - -1.690e+03 2 0))
s>        ( - -3.987e+03 1 0))INFO: dtree.c(1439): stop. leaf nodes are specific
INFO: dtree.c(1478): Final simple tree
|( WDBNDRY_E 0 -2.164e+04 1.339e+02 1.151e+02
|    ( QUESTION0_2_R 1 -2.028e+04 9.757e+01 1.081e+02
|        ( - -1.958e+04 7 0)
|        ( - -6.044e+02 2 0))
|    ( - -1.220e+03 2 0))
s>    ( WDBNDRY_E 0 -2.164e+04 1.339e+02 1.151e+02
s>        ( QUESTION0_2_R 1 -2.028e+04 9.757e+01 1.081e+02
s>            ( - -1.958e+04 7 0)
s>            ( - -6.044e+02 2 0))
s>        ( - -1.220e+03 2 0))INFO: dtree.c(1315): Comp split 23
INFO: dtree.c(1439): stop. leaf nodes are specific
INFO: dtree.c(1478): Final simple tree
|( WDBNDRY_E 0 -1.105e+04 1.323e+02 6.021e+01
|    ( - -5.939e+02 1 0)
|    ( - -1.033e+04 2 0))
s>    ( WDBNDRY_E 0 -1.105e+04 1.323e+02 6.021e+01
s>        ( - -5.939e+02 1 0)
s>        ( - -1.033e+04 2 0))INFO: dtree.c(1315): Comp split 24
INFO: dtree.c(1439): stop. leaf nodes are specific
INFO: dtree.c(1478): Final simple tree
|( QUESTION2_4_L -1 -1.884e+04 1.775e+02 9.594e+01
|    ( QUESTION12 -1 -1.035e+04 1.514e+02 5.394e+01
|        ( - -7.563e+03 4 0)
|        ( - -2.631e+03 2 0))
|    ( QUESTION19 -1 -8.316e+03 4.196e+02 4.200e+01
|        ( - 1.785e+02 1 0)
|        ( QUESTION6 -1 -8.075e+03 1.767e+02 4.100e+01
|            ( - -7.915e+02 1 0)
|            ( QUESTION5 -1 -7.107e+03 1.556e+02 3.600e+01
|                ( - -9.207e+02 1 0)
|                ( QUESTION2 -1 -6.030e+03 1.032e+02 3.100e+01
|                    ( - -2.721e+03 4 0)
|                    ( - -3.206e+03 6 0))))))
s>    ( QUESTION2_4_L -1 -1.884e+04 1.775e+02 9.594e+01
s>        ( QUESTION12 -1 -1.035e+04 1.514e+02 5.394e+01
s>            ( - -7.563e+03 4 0)
s>            ( - -2.631e+03 2 0))
s>        ( QUESTION19 -1 -8.316e+03 4.196e+02 4.200e+01
s>            ( - 1.785e+02 1 0)
s>            ( QUESTION6 -1 -8.075e+03 1.767e+02 4.100e+01
s>                ( - -7.915e+02 1 0)
s>                ( QUESTION5 -1 -7.107e+03 1.556e+02 3.600e+01
s>                    ( - -9.207e+02 1 0)
s>                    ( QUESTION2 -1 -6.030e+03 1.032e+02 3.100e+01
s>                        ( - -2.721e+03 4 0)
s>                        ( - -3.206e+03 6 0))))))INFO: dtree.c(1439): stop. leaf nodes are specific
INFO: dtree.c(1478): Final simple tree
|( QUESTION2_9_L -1 -1.853e+04 1.892e+02 9.438e+01
|    ( WDBNDRY_B 0 -9.954e+03 1.361e+02 5.078e+01
|        ( QUESTION2 -1 -3.541e+03 1.255e+02 1.885e+01
|            ( - -1.315e+03 2 0)
|            ( - -2.100e+03 1 0))
|        ( - -6.277e+03 4 0))
|    ( QUESTION12 -1 -8.386e+03 1.465e+02 4.360e+01
|        ( - -7.998e+03 5 0)
|        ( - -2.418e+02 1 0)))
s>    ( QUESTION2_9_L -1 -1.853e+04 1.892e+02 9.438e+01
s>        ( WDBNDRY_B 0 -9.954e+03 1.361e+02 5.078e+01
s>            ( QUESTION2 -1 -3.541e+03 1.255e+02 1.885e+01
s>                ( - -1.315e+03 2 0)
s>                ( - -2.100e+03 1 0))
s>            ( - -6.277e+03 4 0))
s>        ( QUESTION12 -1 -8.386e+03 1.465e+02 4.360e+01
s>            ( - -7.998e+03 5 0)
s>            ( - -2.418e+02 1 0)))INFO: dtree.c(1315): Comp split 25
INFO: dtree.c(1439): stop. leaf nodes are specific
INFO: dtree.c(1478): Final simple tree
|( QUESTION2_4_L -1 -1.860e+04 1.769e+02 9.494e+01
|    ( QUESTION12 -1 -1.035e+04 1.514e+02 5.394e+01
|        ( - -7.563e+03 4 0)
|        ( - -2.631e+03 2 0))
|    ( QUESTION6 -1 -8.075e+03 1.767e+02 4.100e+01
|        ( - -7.915e+02 1 0)
|        ( QUESTION5 -1 -7.107e+03 1.556e+02 3.600e+01
|            ( - -9.207e+02 1 0)
|            ( QUESTION2 -1 -6.030e+03 1.032e+02 3.100e+01
|                ( - -2.721e+03 4 0)
|                ( - -3.206e+03 6 0)))))
s>    ( QUESTION2_4_L -1 -1.860e+04 1.769e+02 9.494e+01
s>        ( QUESTION12 -1 -1.035e+04 1.514e+02 5.394e+01
s>            ( - -7.563e+03 4 0)
s>            ( - -2.631e+03 2 0))
s>        ( QUESTION6 -1 -8.075e+03 1.767e+02 4.100e+01
s>            ( - -7.915e+02 1 0)
s>            ( QUESTION5 -1 -7.107e+03 1.556e+02 3.600e+01
s>                ( - -9.207e+02 1 0)
s>                ( QUESTION2 -1 -6.030e+03 1.032e+02 3.100e+01
s>                    ( - -2.721e+03 4 0)
s>                    ( - -3.206e+03 6 0)))))INFO: dtree.c(1315): Comp split 26
INFO: dtree.c(1439): stop. leaf nodes are specific
INFO: dtree.c(1478): Final simple tree
|( QUESTION0 -1 -4.212e+04 2.254e+02 2.215e+02
|    ( QUESTION12 1 -4.001e+04 1.515e+02 2.095e+02
|        ( QUESTION13 1 -3.903e+04 1.376e+02 2.045e+02
|            ( WDBNDRY_E 0 -3.861e+04 1.307e+02 2.025e+02
|                ( - -3.748e+04 8 0)
|                ( - -9.928e+02 3 0))
|            ( - -2.848e+02 1 0))
|        ( - -8.340e+02 2 0))
|    ( - -1.884e+03 2 0))
s>    ( QUESTION0 -1 -4.212e+04 2.254e+02 2.215e+02
s>        ( QUESTION12 1 -4.001e+04 1.515e+02 2.095e+02
s>            ( QUESTION13 1 -3.903e+04 1.376e+02 2.045e+02
s>                ( WDBNDRY_E 0 -3.861e+04 1.307e+02 2.025e+02
s>                    ( - -3.748e+04 8 0)
s>                    ( - -9.928e+02 3 0))
s>                ( - -2.848e+02 1 0))
s>            ( - -8.340e+02 2 0))
s>        ( - -1.884e+03 2 0))INFO: dtree.c(1439): stop. leaf nodes are specific
INFO: dtree.c(1478): Final simple tree
|( QUESTION0_5_R 1 -2.965e+04 2.014e+02 1.588e+02
|    ( - -1.218e+04 3 0)
|    ( WDBNDRY_E 0 -1.727e+04 1.723e+02 9.131e+01
|        ( - -1.439e+04 6 0)
|        ( - -2.704e+03 1 0)))
s>    ( QUESTION0_5_R 1 -2.965e+04 2.014e+02 1.588e+02
s>        ( - -1.218e+04 3 0)
s>        ( WDBNDRY_E 0 -1.727e+04 1.723e+02 9.131e+01
s>            ( - -1.439e+04 6 0)
s>            ( - -2.704e+03 1 0)))INFO: dtree.c(1315): Comp split 27
INFO: dtree.c(1439): stop. leaf nodes are specific
INFO: dtree.c(1478): Final simple tree
|( QUESTION2 -1 -7.889e+03 1.446e+02 3.943e+01
|    ( - -5.007e+03 4 0)
|    ( QUESTION12 -1 -2.737e+03 1.095e+02 1.335e+01
|        ( - -2.295e+03 2 0)
|        ( - -3.330e+02 1 0)))
s>    ( QUESTION2 -1 -7.889e+03 1.446e+02 3.943e+01
s>        ( - -5.007e+03 4 0)
s>        ( QUESTION12 -1 -2.737e+03 1.095e+02 1.335e+01
s>            ( - -2.295e+03 2 0)
s>            ( - -3.330e+02 1 0)))INFO: dtree.c(1315): Comp split 28
INFO: dtree.c(1439): stop. leaf nodes are specific
INFO: dtree.c(1478): Final simple tree
|( WDBNDRY_E 0 -1.622e+04 1.482e+02 8.354e+01
|    ( - -5.735e+03 1 0)
|    ( - -1.034e+04 5 0))
s>    ( WDBNDRY_E 0 -1.622e+04 1.482e+02 8.354e+01
s>        ( - -5.735e+03 1 0)
s>        ( - -1.034e+04 5 0))INFO: dtree.c(1439): stop. leaf nodes are specific
INFO: dtree.c(1478): Final simple tree
|( QUESTION0 -1 -1.870e+04 1.346e+02 9.356e+01
|    ( - -1.249e+04 6 0)
|    ( - -6.084e+03 3 0))
s>    ( QUESTION0 -1 -1.870e+04 1.346e+02 9.356e+01
s>        ( - -1.249e+04 6 0)
s>        ( - -6.084e+03 3 0))INFO: dtree.c(1315): Comp split 29
INFO: dtree.c(1315): Comp split 30
INFO: dtree.c(1439): stop. leaf nodes are specific
INFO: dtree.c(1478): Final simple tree
|( QUESTION12 1 -4.001e+04 1.515e+02 2.095e+02
|    ( QUESTION13 1 -3.903e+04 1.376e+02 2.045e+02
|        ( WDBNDRY_E 0 -3.861e+04 1.307e+02 2.025e+02
|            ( - -3.748e+04 8 0)
|            ( - -9.928e+02 3 0))
|        ( - -2.848e+02 1 0))
|    ( - -8.340e+02 2 0))
s>    ( QUESTION12 1 -4.001e+04 1.515e+02 2.095e+02
s>        ( QUESTION13 1 -3.903e+04 1.376e+02 2.045e+02
s>            ( WDBNDRY_E 0 -3.861e+04 1.307e+02 2.025e+02
s>                ( - -3.748e+04 8 0)
s>                ( - -9.928e+02 3 0))
s>            ( - -2.848e+02 1 0))
s>        ( - -8.340e+02 2 0))INFO: dtree.c(1315): Comp split 31
INFO: dtree.c(1439): stop. leaf nodes are specific
INFO: dtree.c(1478): Final simple tree
|( QUESTION2 -1 -7.056e+03 1.251e+02 3.767e+01
|    ( - -3.793e+02 2 0)
|    ( - -6.552e+03 3 0))
s>    ( QUESTION2 -1 -7.056e+03 1.251e+02 3.767e+01
s>        ( - -3.793e+02 2 0)
s>        ( - -6.552e+03 3 0))INFO: dtree.c(1439): stop. leaf nodes are specific
INFO: dtree.c(1478): Final simple tree
|( QUESTION16 -1 -9.642e+03 1.918e+02 5.300e+01
|    ( - -7.157e+02 1 0)
|    ( QUESTION2 -1 -8.734e+03 1.634e+02 4.800e+01
|        ( - -5.555e+02 1 0)
|        ( QUESTION14 -1 -8.015e+03 1.642e+02 4.400e+01
|            ( - -1.680e+03 1 0)
|            ( QUESTION12 -1 -6.171e+03 1.304e+02 3.400e+01
|                ( - -7.721e+02 1 0)
|                ( - -5.268e+03 4 0)))))
s>    ( QUESTION16 -1 -9.642e+03 1.918e+02 5.300e+01
s>        ( - -7.157e+02 1 0)
s>        ( QUESTION2 -1 -8.734e+03 1.634e+02 4.800e+01
s>            ( - -5.555e+02 1 0)
s>            ( QUESTION14 -1 -8.015e+03 1.642e+02 4.400e+01
s>                ( - -1.680e+03 1 0)
s>                ( QUESTION12 -1 -6.171e+03 1.304e+02 3.400e+01
s>                    ( - -7.721e+02 1 0)
s>                    ( - -5.268e+03 4 0)))))INFO: dtree.c(1315): Comp split 32
INFO: dtree.c(1439): stop. leaf nodes are specific
INFO: dtree.c(1478): Final simple tree
|( QUESTION15 -1 -1.482e+04 1.648e+02 7.494e+01
|    ( - -3.206e+03 6 0)
|    ( QUESTION5 -1 -1.145e+04 1.538e+02 5.794e+01
|        ( - -9.207e+02 1 0)
|        ( QUESTION2 -1 -1.038e+04 9.506e+01 5.294e+01
|            ( - -2.721e+03 4 0)
|            ( - -7.563e+03 4 0))))
s>    ( QUESTION15 -1 -1.482e+04 1.648e+02 7.494e+01
s>        ( - -3.206e+03 6 0)
s>        ( QUESTION5 -1 -1.145e+04 1.538e+02 5.794e+01
s>            ( - -9.207e+02 1 0)
s>            ( QUESTION2 -1 -1.038e+04 9.506e+01 5.294e+01
s>                ( - -2.721e+03 4 0)
s>                ( - -7.563e+03 4 0))))INFO: dtree.c(1439): stop. leaf nodes are specific
INFO: dtree.c(1478): Final simple tree
|( QUESTION2 -1 -3.564e+03 1.415e+02 2.000e+01
|    ( - -7.915e+02 1 0)
|    ( - -2.631e+03 2 0))
s>    ( QUESTION2 -1 -3.564e+03 1.415e+02 2.000e+01
s>        ( - -7.915e+02 1 0)
s>        ( - -2.631e+03 2 0))INFO: dtree.c(1315): Comp split 33
INFO: dtree.c(1315): Comp split 34
INFO: dtree.c(1439): stop. leaf nodes are specific
INFO: dtree.c(1478): Final simple tree
|( QUESTION0_8_R 1 -3.068e+04 1.835e+02 1.634e+02
|    ( - -2.164e+03 2 0)
|    ( SILENCE 1 -2.833e+04 1.714e+02 1.514e+02
|        ( - -1.361e+03 2 0)
|        ( - -2.680e+04 8 0)))
s>    ( QUESTION0_8_R 1 -3.068e+04 1.835e+02 1.634e+02
s>        ( - -2.164e+03 2 0)
s>        ( SILENCE 1 -2.833e+04 1.714e+02 1.514e+02
s>            ( - -1.361e+03 2 0)
s>            ( - -2.680e+04 8 0)))INFO: dtree.c(1315): Comp split 35
INFO: dtree.c(1439): stop. leaf nodes are specific
INFO: dtree.c(1478): Final simple tree
|( WDBNDRY_E 0 -1.727e+04 1.723e+02 9.131e+01
|    ( - -1.439e+04 6 0)
|    ( - -2.704e+03 1 0))
s>    ( WDBNDRY_E 0 -1.727e+04 1.723e+02 9.131e+01
s>        ( - -1.439e+04 6 0)
s>        ( - -2.704e+03 1 0))INFO: dtree.c(1315): Comp split 36
INFO: dtree.c(1439): stop. leaf nodes are specific
INFO: dtree.c(1478): Final simple tree
|( QUESTION0_3_R 1 -3.565e+03 1.051e+02 1.901e+01
|    ( - -1.770e+03 2 0)
|    ( - -1.690e+03 2 0))
s>    ( QUESTION0_3_R 1 -3.565e+03 1.051e+02 1.901e+01
s>        ( - -1.770e+03 2 0)
s>        ( - -1.690e+03 2 0))INFO: dtree.c(1315): Comp split 37
INFO: dtree.c(1439): stop. leaf nodes are specific
INFO: dtree.c(1478): Final simple tree
|( QUESTION2 -1 -8.734e+03 1.634e+02 4.800e+01
|    ( - -5.555e+02 1 0)
|    ( QUESTION14 -1 -8.015e+03 1.642e+02 4.400e+01
|        ( - -1.680e+03 1 0)
|        ( QUESTION12 -1 -6.171e+03 1.304e+02 3.400e+01
|            ( - -7.721e+02 1 0)
|            ( - -5.268e+03 4 0))))
s>    ( QUESTION2 -1 -8.734e+03 1.634e+02 4.800e+01
s>        ( - -5.555e+02 1 0)
s>        ( QUESTION14 -1 -8.015e+03 1.642e+02 4.400e+01
s>            ( - -1.680e+03 1 0)
s>            ( QUESTION12 -1 -6.171e+03 1.304e+02 3.400e+01
s>                ( - -7.721e+02 1 0)
s>                ( - -5.268e+03 4 0))))INFO: dtree.c(1315): Comp split 38
INFO: dtree.c(1439): stop. leaf nodes are specific
INFO: dtree.c(1478): Final simple tree
|( WDBNDRY_B 0 -9.954e+03 1.361e+02 5.078e+01
|    ( QUESTION2 -1 -3.541e+03 1.255e+02 1.885e+01
|        ( - -1.315e+03 2 0)
|        ( - -2.100e+03 1 0))
|    ( - -6.277e+03 4 0))
s>    ( WDBNDRY_B 0 -9.954e+03 1.361e+02 5.078e+01
s>        ( QUESTION2 -1 -3.541e+03 1.255e+02 1.885e+01
s>            ( - -1.315e+03 2 0)
s>            ( - -2.100e+03 1 0))
s>        ( - -6.277e+03 4 0))INFO: dtree.c(1439): stop. leaf nodes are specific
INFO: dtree.c(1478): Final simple tree
|( QUESTION12 -1 -8.386e+03 1.465e+02 4.360e+01
|    ( - -7.998e+03 5 0)
|    ( - -2.418e+02 1 0))
s>    ( QUESTION12 -1 -8.386e+03 1.465e+02 4.360e+01
s>        ( - -7.998e+03 5 0)
s>        ( - -2.418e+02 1 0))INFO: dtree.c(1315): Comp split 39
INFO: dtree.c(1439): stop. leaf nodes are specific
INFO: dtree.c(1478): Final simple tree
|( SILENCE 1 -2.833e+04 1.714e+02 1.514e+02
|    ( - -1.361e+03 2 0)
|    ( - -2.680e+04 8 0))
s>    ( SILENCE 1 -2.833e+04 1.714e+02 1.514e+02
s>        ( - -1.361e+03 2 0)
s>        ( - -2.680e+04 8 0))INFO: dtree.c(1315): Comp split 40
INFO: dtree.c(1315): Comp split 41
INFO: dtree.c(1439): stop. leaf nodes are specific
INFO: dtree.c(1478): Final simple tree
|( QUESTION2 -1 -1.038e+04 9.506e+01 5.294e+01
|    ( - -2.721e+03 4 0)
|    ( - -7.563e+03 4 0))
s>    ( QUESTION2 -1 -1.038e+04 9.506e+01 5.294e+01
s>        ( - -2.721e+03 4 0)
s>        ( - -7.563e+03 4 0))INFO: dtree.c(1439): stop. leaf nodes are specific
INFO: dtree.c(1478): Final simple tree
|( QUESTION2 -1 -4.274e+03 1.471e+02 2.200e+01
|    ( - -9.207e+02 1 0)
|    ( - -3.206e+03 6 0))
s>    ( QUESTION2 -1 -4.274e+03 1.471e+02 2.200e+01
s>        ( - -9.207e+02 1 0)
s>        ( - -3.206e+03 6 0))INFO: dtree.c(1315): Comp split 42
INFO: dtree.c(1315): Comp split 43
INFO: dtree.c(1439): stop. leaf nodes are specific
INFO: dtree.c(1478): Final simple tree
|( QUESTION14 -1 -8.015e+03 1.642e+02 4.400e+01
|    ( - -1.680e+03 1 0)
|    ( QUESTION12 -1 -6.171e+03 1.304e+02 3.400e+01
|        ( - -7.721e+02 1 0)
|        ( - -5.268e+03 4 0)))
s>    ( QUESTION14 -1 -8.015e+03 1.642e+02 4.400e+01
s>        ( - -1.680e+03 1 0)
s>        ( QUESTION12 -1 -6.171e+03 1.304e+02 3.400e+01
s>            ( - -7.721e+02 1 0)
s>            ( - -5.268e+03 4 0)))INFO: dtree.c(1315): Comp split 44
INFO: dtree.c(1439): stop. leaf nodes are specific
INFO: dtree.c(1478): Final simple tree
|( QUESTION12 -1 -6.171e+03 1.304e+02 3.400e+01
|    ( - -7.721e+02 1 0)
|    ( - -5.268e+03 4 0))
s>    ( QUESTION12 -1 -6.171e+03 1.304e+02 3.400e+01
s>        ( - -7.721e+02 1 0)
s>        ( - -5.268e+03 4 0))INFO: dtree.c(1315): Comp split 45
INFO: dtree.c(1439): stop. leaf nodes are specific
INFO: dtree.c(1478): Final simple tree
|( QUESTION13 1 -3.903e+04 1.376e+02 2.045e+02
|    ( WDBNDRY_E 0 -3.861e+04 1.307e+02 2.025e+02
|        ( - -3.748e+04 8 0)
|        ( - -9.928e+02 3 0))
|    ( - -2.848e+02 1 0))
s>    ( QUESTION13 1 -3.903e+04 1.376e+02 2.045e+02
s>        ( WDBNDRY_E 0 -3.861e+04 1.307e+02 2.025e+02
s>            ( - -3.748e+04 8 0)
s>            ( - -9.928e+02 3 0))
s>        ( - -2.848e+02 1 0))INFO: dtree.c(1315): Comp split 46
INFO: dtree.c(1315): Comp split 47
INFO: dtree.c(1439): stop. leaf nodes are specific
INFO: dtree.c(1478): Final simple tree
|( WDBNDRY_B 0 -7.707e+03 1.139e+02 3.892e+01
|    ( - -1.315e+03 2 0)
|    ( - -6.277e+03 4 0))
s>    ( WDBNDRY_B 0 -7.707e+03 1.139e+02 3.892e+01
s>        ( - -1.315e+03 2 0)
s>        ( - -6.277e+03 4 0))INFO: dtree.c(1315): Comp split 48
INFO: dtree.c(1315): Comp split 49
INFO: dtree.c(1315): Comp split 50
INFO: dtree.c(1439): stop. leaf nodes are specific
INFO: dtree.c(1478): Final simple tree
|( QUESTION12 -1 -2.737e+03 1.095e+02 1.335e+01
|    ( - -2.295e+03 2 0)
|    ( - -3.330e+02 1 0))
s>    ( QUESTION12 -1 -2.737e+03 1.095e+02 1.335e+01
s>        ( - -2.295e+03 2 0)
s>        ( - -3.330e+02 1 0))INFO: dtree.c(1315): Comp split 51
INFO: dtree.c(1315): Comp split 52
INFO: dtree.c(1315): Comp split 53
INFO: dtree.c(1439): stop. leaf nodes are specific
INFO: dtree.c(1478): Final simple tree
|( WDBNDRY_E 0 -3.861e+04 1.307e+02 2.025e+02
|    ( - -3.748e+04 8 0)
|    ( - -9.928e+02 3 0))
s>    ( WDBNDRY_E 0 -3.861e+04 1.307e+02 2.025e+02
s>        ( - -3.748e+04 8 0)
s>        ( - -9.928e+02 3 0))INFO: dtree.c(1315): Comp split 54
INFO: dtree.c(1315): Comp split 55
INFO: dtree.c(1315): Comp split 56
INFO: dtree.c(1439): stop. leaf nodes are specific
INFO: dtree.c(1478): Final simple tree
|( QUESTION0_2_R 1 -2.028e+04 9.757e+01 1.081e+02
|    ( - -1.958e+04 7 0)
|    ( - -6.044e+02 2 0))
s>    ( QUESTION0_2_R 1 -2.028e+04 9.757e+01 1.081e+02
s>        ( - -1.958e+04 7 0)
s>        ( - -6.044e+02 2 0))INFO: dtree.c(1315): Comp split 57
INFO: dtree.c(1315): Comp split 58
INFO: dtree.c(1315): Comp split 59
INFO: dtree.c(1315): Comp split 60
INFO: dtree.c(1315): Comp split 61
INFO: dtree.c(1315): Comp split 62
INFO: dtree.c(1315): Comp split 63
INFO: dtree.c(1439): stop. leaf nodes are specific
INFO: dtree.c(1478): Final simple tree
|( WDBNDRY_E 0 -2.056e+03 9.690e+01 1.000e+01
|    ( - -1.618e+03 3 0)
|    ( - -3.406e+02 2 0))
s>    ( WDBNDRY_E 0 -2.056e+03 9.690e+01 1.000e+01
s>        ( - -1.618e+03 3 0)
s>        ( - -3.406e+02 2 0))INFO: dtree.c(1315): Comp split 64
INFO: dtree.c(1315): Comp split 65
INFO: dtree.c(1315): Comp split 66
INFO: dtree.c(1439): stop. leaf nodes are specific
INFO: dtree.c(1478): Final simple tree
|( WDBNDRY_B 0 -4.316e+04 1.034e+02 2.268e+02
|    ( - -4.181e+04 16 0)
|    ( - -1.249e+03 3 0))
s>    ( WDBNDRY_B 0 -4.316e+04 1.034e+02 2.268e+02
s>        ( - -4.181e+04 16 0)
s>        ( - -1.249e+03 3 0))INFO: dtree.c(1315): Comp split 67
INFO: dtree.c(1315): Comp split 68
INFO: dtree.c(1315): Comp split 69
INFO: dtree.c(1315): Comp split 70
INFO: dtree.c(1315): Comp split 71
INFO: dtree.c(1318): stop. leaf nodes are specific
!!!!!!!!Allocated 66 lines
Fri Apr  8 00:56:28 2016
