Current configuration:
[NAME]		[DEFLT]	[VALUE]
-allphones	no	no
-cntthresh	0.00001	1.000000e-05
-csplitmax	100	2000
-csplitmin	1	1
-csplitthr	8e-4	0.000000e+00
-example	no	no
-fullvar	no	no
-help		no	no
-meanfn			/home/yaroslav/model/model_parameters/ua.cd_cont_untied/means
-mixwfn			/home/yaroslav/model/model_parameters/ua.cd_cont_untied/mixture_weights
-moddeffn		/home/yaroslav/model/model_architecture/ua.untied.mdef
-mwfloor	1e-4	1.000000e-08
-phone			C
-psetfn			/home/yaroslav/model/model_architecture/ua.tree_questions
-ssplitmax	5	7
-ssplitmin	1	1
-ssplitthr	8e-4	0.000000e+00
-state			0
-stwt			1.0,0.05,0.0,
-treefn			/home/yaroslav/model/trees/ua.unpruned/C-0.dtree
-ts2cbfn	.semi.	.cont.
-varfloor	0.00001	1.000000e-05
-varfn			/home/yaroslav/model/model_parameters/ua.cd_cont_untied/variances

INFO: main.c(223): Reading: /home/yaroslav/model/model_architecture/ua.untied.mdef
INFO: model_def_io.c(573): Model definition info:
INFO: model_def_io.c(574): 8408 total models defined (50 base, 8358 tri)
INFO: model_def_io.c(575): 33632 total states
INFO: model_def_io.c(576): 25224 total tied states
INFO: model_def_io.c(577): 150 total tied CI states
INFO: model_def_io.c(578): 50 total tied transition matrices
INFO: model_def_io.c(579): 4 max state/model
INFO: model_def_io.c(580): 4 min state/model
INFO: main.c(242): Building trees for [C A A i] through [C YI I b]
INFO: main.c(269): Covering states |[2976 3116]| == 141
INFO: main.c(275): Reading: /home/yaroslav/model/model_parameters/ua.cd_cont_untied/mixture_weights
INFO: s3mixw_io.c(173): Read /home/yaroslav/model/model_parameters/ua.cd_cont_untied/mixture_weights [141x1x1 array]
INFO: main.c(311): 47 of 47 models have observation count greater than 0.000010
INFO: main.c(95): nrm stwt: 0.952 0.048 0.000 
INFO: s3gau_io.c(169): Read /home/yaroslav/model/model_parameters/ua.cd_cont_untied/means [25224x1x1 array]
INFO: s3gau_io.c(169): Read /home/yaroslav/model/model_parameters/ua.cd_cont_untied/variances [25224x1x1 array]
INFO: main.c(549): Reading: /home/yaroslav/model/model_architecture/ua.tree_questions
INFO: main.c(588): 174 total simple questions (166 phone; 8 word bndry)
INFO: main.c(590): 42 Left Only questions, and 40 Right Only questions
INFO: dtree.c(1478): Final simple tree
|( QUESTION0 -1 -2.169e+05 4.935e+02 1.096e+03
|    ( WDBNDRY_B 0 -1.493e+05 5.759e+02 7.552e+02
|        ( QUESTION0_8_R 1 -1.189e+05 2.653e+02 6.015e+02
|            ( - -1.047e+04 1 0)
|            ( - -1.082e+05 19 0 QUESTION0_0_R 1 2.415e+02 5.461e+02))
|        ( - -2.979e+04 4 0 QUESTION0_0_R 1 1.538e+02 1.538e+02))
|    ( QUESTION5 -1 -6.709e+04 4.518e+02 3.408e+02
|        ( - 1.860e+02 1 0)
|        ( SILENCE -1 -6.682e+04 3.502e+02 3.398e+02
|            ( - -6.335e+03 1 0)
|            ( QUESTION14 -1 -6.014e+04 2.751e+02 3.065e+02
|                ( - -4.792e+03 1 0)
|                ( QUESTION0_12_R 1 -5.507e+04 2.547e+02 2.805e+02
|                    ( - -2.650e+04 5 0)
|                    ( - -2.831e+04 15 0 QUESTION10 -1 1.965e+02 1.399e+02))))))
s>    ( QUESTION0 -1 -2.169e+05 4.935e+02 1.096e+03
s>        ( WDBNDRY_B 0 -1.493e+05 5.759e+02 7.552e+02
s>            ( QUESTION0_8_R 1 -1.189e+05 2.653e+02 6.015e+02
s>                ( - -1.047e+04 1 0)
s>                ( - -1.082e+05 19 0 QUESTION0_0_R 1 2.415e+02 5.461e+02))
s>            ( - -2.979e+04 4 0 QUESTION0_0_R 1 1.538e+02 1.538e+02))
s>        ( QUESTION5 -1 -6.709e+04 4.518e+02 3.408e+02
s>            ( - 1.860e+02 1 0)
s>            ( SILENCE -1 -6.682e+04 3.502e+02 3.398e+02
s>                ( - -6.335e+03 1 0)
s>                ( QUESTION14 -1 -6.014e+04 2.751e+02 3.065e+02
s>                    ( - -4.792e+03 1 0)
s>                    ( QUESTION0_12_R 1 -5.507e+04 2.547e+02 2.805e+02
s>                        ( - -2.650e+04 5 0)
s>                        ( - -2.831e+04 15 0 QUESTION10 -1 1.965e+02 1.399e+02))))))INFO: dtree.c(1315): Comp split 0
INFO: dtree.c(1439): stop. leaf nodes are specific
INFO: dtree.c(1478): Final simple tree
|( WDBNDRY_B 0 -3.655e+04 4.192e+02 1.870e+02
|    ( - -6.335e+03 1 0)
|    ( QUESTION0_0_R 1 -2.979e+04 1.538e+02 1.538e+02
|        ( - -2.009e+04 3 0)
|        ( - -9.549e+03 1 0)))
s>    ( WDBNDRY_B 0 -3.655e+04 4.192e+02 1.870e+02
s>        ( - -6.335e+03 1 0)
s>        ( QUESTION0_0_R 1 -2.979e+04 1.538e+02 1.538e+02
s>            ( - -2.009e+04 3 0)
s>            ( - -9.549e+03 1 0)))INFO: dtree.c(1478): Final simple tree
|( QUESTION5 -1 -1.797e+05 4.533e+02 9.090e+02
|    ( - 1.860e+02 1 0)
|    ( QUESTION2 -1 -1.794e+05 4.056e+02 9.080e+02
|        ( QUESTION0_12_R 1 -4.672e+04 2.273e+02 2.386e+02
|            ( - -2.650e+04 5 0)
|            ( - -2.000e+04 9 0 QUESTION0_0_R 1 1.796e+02 9.793e+01))
|        ( QUESTION0_8_R 1 -1.323e+05 2.627e+02 6.694e+02
|            ( - -1.047e+04 1 0)
|            ( QUESTION14 -1 -1.216e+05 2.496e+02 6.141e+02
|                ( - -4.792e+03 1 0)
|                ( QUESTION0_0_R 1 -1.165e+05 2.406e+02 5.881e+02
|                    ( QUESTION2_0_L -1 -1.114e+05 2.335e+02 5.641e+02
|                        ( - -7.337e+03 5 0 QUESTION12 -1 1.148e+02 3.798e+01)
|                        ( - -1.038e+05 13 0 WDBNDRY_B 0 1.006e+02 5.261e+02))
|                    ( - -4.927e+03 7 0))))))
s>    ( QUESTION5 -1 -1.797e+05 4.533e+02 9.090e+02
s>        ( - 1.860e+02 1 0)
s>        ( QUESTION2 -1 -1.794e+05 4.056e+02 9.080e+02
s>            ( QUESTION0_12_R 1 -4.672e+04 2.273e+02 2.386e+02
s>                ( - -2.650e+04 5 0)
s>                ( - -2.000e+04 9 0 QUESTION0_0_R 1 1.796e+02 9.793e+01))
s>            ( QUESTION0_8_R 1 -1.323e+05 2.627e+02 6.694e+02
s>                ( - -1.047e+04 1 0)
s>                ( QUESTION14 -1 -1.216e+05 2.496e+02 6.141e+02
s>                    ( - -4.792e+03 1 0)
s>                    ( QUESTION0_0_R 1 -1.165e+05 2.406e+02 5.881e+02
s>                        ( QUESTION2_0_L -1 -1.114e+05 2.335e+02 5.641e+02
s>                            ( - -7.337e+03 5 0 QUESTION12 -1 1.148e+02 3.798e+01)
s>                            ( - -1.038e+05 13 0 WDBNDRY_B 0 1.006e+02 5.261e+02))
s>                        ( - -4.927e+03 7 0))))))INFO: dtree.c(1315): Comp split 1
INFO: dtree.c(1478): Final simple tree
|( QUESTION2 -1 -1.794e+05 4.056e+02 9.080e+02
|    ( QUESTION0_12_R 1 -4.672e+04 2.273e+02 2.386e+02
|        ( - -2.650e+04 5 0)
|        ( QUESTION0_0_R 1 -2.000e+04 1.796e+02 9.793e+01
|            ( - -1.946e+04 8 0 QUESTION3 -1 1.539e+02 9.593e+01)
|            ( - -3.596e+02 1 0)))
|    ( QUESTION0_8_R 1 -1.323e+05 2.627e+02 6.694e+02
|        ( - -1.047e+04 1 0)
|        ( QUESTION14 -1 -1.216e+05 2.496e+02 6.141e+02
|            ( - -4.792e+03 1 0)
|            ( QUESTION0_0_R 1 -1.165e+05 2.406e+02 5.881e+02
|                ( QUESTION2_0_L -1 -1.114e+05 2.335e+02 5.641e+02
|                    ( - -7.337e+03 5 0 QUESTION12 -1 1.148e+02 3.798e+01)
|                    ( - -1.038e+05 13 0 WDBNDRY_B 0 1.006e+02 5.261e+02))
|                ( - -4.927e+03 7 0)))))
s>    ( QUESTION2 -1 -1.794e+05 4.056e+02 9.080e+02
s>        ( QUESTION0_12_R 1 -4.672e+04 2.273e+02 2.386e+02
s>            ( - -2.650e+04 5 0)
s>            ( QUESTION0_0_R 1 -2.000e+04 1.796e+02 9.793e+01
s>                ( - -1.946e+04 8 0 QUESTION3 -1 1.539e+02 9.593e+01)
s>                ( - -3.596e+02 1 0)))
s>        ( QUESTION0_8_R 1 -1.323e+05 2.627e+02 6.694e+02
s>            ( - -1.047e+04 1 0)
s>            ( QUESTION14 -1 -1.216e+05 2.496e+02 6.141e+02
s>                ( - -4.792e+03 1 0)
s>                ( QUESTION0_0_R 1 -1.165e+05 2.406e+02 5.881e+02
s>                    ( QUESTION2_0_L -1 -1.114e+05 2.335e+02 5.641e+02
s>                        ( - -7.337e+03 5 0 QUESTION12 -1 1.148e+02 3.798e+01)
s>                        ( - -1.038e+05 13 0 WDBNDRY_B 0 1.006e+02 5.261e+02))
s>                    ( - -4.927e+03 7 0)))))INFO: dtree.c(1315): Comp split 2
INFO: dtree.c(1439): stop. leaf nodes are specific
INFO: dtree.c(1478): Final simple tree
|( QUESTION0_0_R 1 -3.406e+04 2.179e+02 1.786e+02
|    ( QUESTION12 -1 -7.337e+03 1.148e+02 3.798e+01
|        ( - -1.374e+03 1 0)
|        ( WDBNDRY_B 0 -5.848e+03 1.214e+02 3.098e+01
|            ( - -3.910e+03 3 0)
|            ( - -1.817e+03 1 0)))
|    ( - -2.650e+04 5 0))
s>    ( QUESTION0_0_R 1 -3.406e+04 2.179e+02 1.786e+02
s>        ( QUESTION12 -1 -7.337e+03 1.148e+02 3.798e+01
s>            ( - -1.374e+03 1 0)
s>            ( WDBNDRY_B 0 -5.848e+03 1.214e+02 3.098e+01
s>                ( - -3.910e+03 3 0)
s>                ( - -1.817e+03 1 0)))
s>        ( - -2.650e+04 5 0))INFO: dtree.c(1478): Final simple tree
|( QUESTION0_9_R 1 -1.449e+05 2.717e+02 7.294e+02
|    ( - -1.047e+04 1 0)
|    ( QUESTION12 -1 -1.342e+05 2.497e+02 6.741e+02
|        ( - -4.792e+03 1 0)
|        ( QUESTION0_12_R 1 -1.291e+05 2.331e+02 6.481e+02
|            ( - -4.927e+03 7 0)
|            ( QUESTION2 -1 -1.240e+05 1.998e+02 6.241e+02
|                ( QUESTION0_0_R 1 -2.000e+04 1.796e+02 9.793e+01
|                    ( QUESTION3 -1 -1.946e+04 1.539e+02 9.593e+01
|                        ( - -4.280e+02 1 0)
|                        ( WDBNDRY_B 0 -1.888e+04 1.509e+02 9.293e+01
|                            ( - -1.004e+04 3 0)
|                            ( - -8.683e+03 4 0)))
|                    ( - -3.596e+02 1 0))
|                ( - -1.038e+05 13 0 WDBNDRY_B 0 1.006e+02 5.261e+02)))))
s>    ( QUESTION0_9_R 1 -1.449e+05 2.717e+02 7.294e+02
s>        ( - -1.047e+04 1 0)
s>        ( QUESTION12 -1 -1.342e+05 2.497e+02 6.741e+02
s>            ( - -4.792e+03 1 0)
s>            ( QUESTION0_12_R 1 -1.291e+05 2.331e+02 6.481e+02
s>                ( - -4.927e+03 7 0)
s>                ( QUESTION2 -1 -1.240e+05 1.998e+02 6.241e+02
s>                    ( QUESTION0_0_R 1 -2.000e+04 1.796e+02 9.793e+01
s>                        ( QUESTION3 -1 -1.946e+04 1.539e+02 9.593e+01
s>                            ( - -4.280e+02 1 0)
s>                            ( WDBNDRY_B 0 -1.888e+04 1.509e+02 9.293e+01
s>                                ( - -1.004e+04 3 0)
s>                                ( - -8.683e+03 4 0)))
s>                        ( - -3.596e+02 1 0))
s>                    ( - -1.038e+05 13 0 WDBNDRY_B 0 1.006e+02 5.261e+02)))))INFO: dtree.c(1315): Comp split 3
INFO: dtree.c(1439): stop. leaf nodes are specific
INFO: dtree.c(1478): Final simple tree
|( QUESTION0_0_R 1 -2.979e+04 1.538e+02 1.538e+02
|    ( - -2.009e+04 3 0)
|    ( - -9.549e+03 1 0))
s>    ( QUESTION0_0_R 1 -2.979e+04 1.538e+02 1.538e+02
s>        ( - -2.009e+04 3 0)
s>        ( - -9.549e+03 1 0))INFO: dtree.c(1315): Comp split 4
INFO: dtree.c(1439): stop. leaf nodes are specific
INFO: dtree.c(1478): Final simple tree
|( WDBNDRY_B 0 -1.376e+04 1.491e+02 6.732e+01
|    ( - -4.927e+03 7 0)
|    ( - -8.683e+03 4 0))
s>    ( WDBNDRY_B 0 -1.376e+04 1.491e+02 6.732e+01
s>        ( - -4.927e+03 7 0)
s>        ( - -8.683e+03 4 0))INFO: dtree.c(1439): stop. leaf nodes are specific
INFO: dtree.c(1478): Final simple tree
|( QUESTION0_9_R 1 -1.309e+05 2.661e+02 6.620e+02
|    ( - -1.047e+04 1 0)
|    ( QUESTION12 -1 -1.201e+05 2.457e+02 6.067e+02
|        ( - -4.792e+03 1 0)
|        ( QUESTION0_0_R 1 -1.151e+05 1.802e+02 5.807e+02
|            ( QUESTION3 -1 -1.146e+05 1.543e+02 5.787e+02
|                ( - -4.280e+02 1 0)
|                ( QUESTION2 -1 -1.140e+05 1.485e+02 5.757e+02
|                    ( - -1.004e+04 3 0)
|                    ( WDBNDRY_B 0 -1.038e+05 1.006e+02 5.261e+02
|                        ( - -1.030e+05 12 0)
|                        ( - -6.719e+02 1 0))))
|            ( - -3.596e+02 1 0))))
s>    ( QUESTION0_9_R 1 -1.309e+05 2.661e+02 6.620e+02
s>        ( - -1.047e+04 1 0)
s>        ( QUESTION12 -1 -1.201e+05 2.457e+02 6.067e+02
s>            ( - -4.792e+03 1 0)
s>            ( QUESTION0_0_R 1 -1.151e+05 1.802e+02 5.807e+02
s>                ( QUESTION3 -1 -1.146e+05 1.543e+02 5.787e+02
s>                    ( - -4.280e+02 1 0)
s>                    ( QUESTION2 -1 -1.140e+05 1.485e+02 5.757e+02
s>                        ( - -1.004e+04 3 0)
s>                        ( WDBNDRY_B 0 -1.038e+05 1.006e+02 5.261e+02
s>                            ( - -1.030e+05 12 0)
s>                            ( - -6.719e+02 1 0))))
s>                ( - -3.596e+02 1 0))))INFO: dtree.c(1315): Comp split 5
INFO: dtree.c(1439): stop. leaf nodes are specific
INFO: dtree.c(1478): Final simple tree
|( QUESTION0_0_R 1 -1.151e+05 1.802e+02 5.807e+02
|    ( QUESTION3 -1 -1.146e+05 1.543e+02 5.787e+02
|        ( - -4.280e+02 1 0)
|        ( QUESTION2 -1 -1.140e+05 1.485e+02 5.757e+02
|            ( - -1.004e+04 3 0)
|            ( WDBNDRY_B 0 -1.038e+05 1.006e+02 5.261e+02
|                ( - -1.030e+05 12 0)
|                ( - -6.719e+02 1 0))))
|    ( - -3.596e+02 1 0))
s>    ( QUESTION0_0_R 1 -1.151e+05 1.802e+02 5.807e+02
s>        ( QUESTION3 -1 -1.146e+05 1.543e+02 5.787e+02
s>            ( - -4.280e+02 1 0)
s>            ( QUESTION2 -1 -1.140e+05 1.485e+02 5.757e+02
s>                ( - -1.004e+04 3 0)
s>                ( WDBNDRY_B 0 -1.038e+05 1.006e+02 5.261e+02
s>                    ( - -1.030e+05 12 0)
s>                    ( - -6.719e+02 1 0))))
s>        ( - -3.596e+02 1 0))INFO: dtree.c(1439): stop. leaf nodes are specific
INFO: dtree.c(1478): Final simple tree
|( QUESTION0_0_R 1 -1.550e+04 2.405e+02 8.130e+01
|    ( - -4.792e+03 1 0)
|    ( - -1.047e+04 1 0))
s>    ( QUESTION0_0_R 1 -1.550e+04 2.405e+02 8.130e+01
s>        ( - -4.792e+03 1 0)
s>        ( - -1.047e+04 1 0))INFO: dtree.c(1315): Comp split 6
INFO: dtree.c(1315): Comp split 7
INFO: dtree.c(1439): stop. leaf nodes are specific
INFO: dtree.c(1478): Final simple tree
|( WDBNDRY_B 0 -2.842e+04 1.035e+02 1.506e+02
|    ( - -2.650e+04 5 0)
|    ( - -1.817e+03 1 0))
s>    ( WDBNDRY_B 0 -2.842e+04 1.035e+02 1.506e+02
s>        ( - -2.650e+04 5 0)
s>        ( - -1.817e+03 1 0))INFO: dtree.c(1439): stop. leaf nodes are specific
INFO: dtree.c(1478): Final simple tree
|( QUESTION12 -1 -5.415e+03 1.308e+02 2.800e+01
|    ( - -1.374e+03 1 0)
|    ( - -3.910e+03 3 0))
s>    ( QUESTION12 -1 -5.415e+03 1.308e+02 2.800e+01
s>        ( - -1.374e+03 1 0)
s>        ( - -3.910e+03 3 0))INFO: dtree.c(1315): Comp split 8
INFO: dtree.c(1439): stop. leaf nodes are specific
INFO: dtree.c(1478): Final simple tree
|( QUESTION3 -1 -1.146e+05 1.543e+02 5.787e+02
|    ( - -4.280e+02 1 0)
|    ( QUESTION2 -1 -1.140e+05 1.485e+02 5.757e+02
|        ( - -1.004e+04 3 0)
|        ( WDBNDRY_B 0 -1.038e+05 1.006e+02 5.261e+02
|            ( - -1.030e+05 12 0)
|            ( - -6.719e+02 1 0))))
s>    ( QUESTION3 -1 -1.146e+05 1.543e+02 5.787e+02
s>        ( - -4.280e+02 1 0)
s>        ( QUESTION2 -1 -1.140e+05 1.485e+02 5.757e+02
s>            ( - -1.004e+04 3 0)
s>            ( WDBNDRY_B 0 -1.038e+05 1.006e+02 5.261e+02
s>                ( - -1.030e+05 12 0)
s>                ( - -6.719e+02 1 0))))INFO: dtree.c(1315): Comp split 9
INFO: dtree.c(1439): stop. leaf nodes are specific
INFO: dtree.c(1478): Final simple tree
|( QUESTION2 -1 -1.140e+05 1.485e+02 5.757e+02
|    ( - -1.004e+04 3 0)
|    ( WDBNDRY_B 0 -1.038e+05 1.006e+02 5.261e+02
|        ( - -1.030e+05 12 0)
|        ( - -6.719e+02 1 0)))
s>    ( QUESTION2 -1 -1.140e+05 1.485e+02 5.757e+02
s>        ( - -1.004e+04 3 0)
s>        ( WDBNDRY_B 0 -1.038e+05 1.006e+02 5.261e+02
s>            ( - -1.030e+05 12 0)
s>            ( - -6.719e+02 1 0)))INFO: dtree.c(1315): Comp split 10
INFO: dtree.c(1315): Comp split 11
INFO: dtree.c(1315): Comp split 12
INFO: dtree.c(1439): stop. leaf nodes are specific
INFO: dtree.c(1478): Final simple tree
|( WDBNDRY_B 0 -1.038e+05 1.006e+02 5.261e+02
|    ( - -1.030e+05 12 0)
|    ( - -6.719e+02 1 0))
s>    ( WDBNDRY_B 0 -1.038e+05 1.006e+02 5.261e+02
s>        ( - -1.030e+05 12 0)
s>        ( - -6.719e+02 1 0))INFO: dtree.c(1315): Comp split 13
INFO: dtree.c(1315): Comp split 14
INFO: dtree.c(1315): Comp split 15
INFO: dtree.c(1315): Comp split 16
INFO: dtree.c(1318): stop. leaf nodes are specific
!!!!!!!!Allocated 66 lines
Fri Apr  8 00:55:43 2016
