Current configuration:
[NAME]		[DEFLT]	[VALUE]
-allphones	no	no
-cntthresh	0.00001	1.000000e-05
-csplitmax	100	2000
-csplitmin	1	1
-csplitthr	8e-4	0.000000e+00
-example	no	no
-fullvar	no	no
-help		no	no
-meanfn			/home/yaroslav/model/model_parameters/ua.cd_cont_untied/means
-mixwfn			/home/yaroslav/model/model_parameters/ua.cd_cont_untied/mixture_weights
-moddeffn		/home/yaroslav/model/model_architecture/ua.untied.mdef
-mwfloor	1e-4	1.000000e-08
-phone			TT
-psetfn			/home/yaroslav/model/model_architecture/ua.tree_questions
-ssplitmax	5	7
-ssplitmin	1	1
-ssplitthr	8e-4	0.000000e+00
-state			0
-stwt			1.0,0.05,0.0,
-treefn			/home/yaroslav/model/trees/ua.unpruned/TT-0.dtree
-ts2cbfn	.semi.	.cont.
-varfloor	0.00001	1.000000e-05
-varfn			/home/yaroslav/model/model_parameters/ua.cd_cont_untied/variances

INFO: main.c(223): Reading: /home/yaroslav/model/model_architecture/ua.untied.mdef
INFO: model_def_io.c(573): Model definition info:
INFO: model_def_io.c(574): 9391 total models defined (51 base, 9340 tri)
INFO: model_def_io.c(575): 37564 total states
INFO: model_def_io.c(576): 28173 total tied states
INFO: model_def_io.c(577): 153 total tied CI states
INFO: model_def_io.c(578): 51 total tied transition matrices
INFO: model_def_io.c(579): 4 max state/model
INFO: model_def_io.c(580): 4 min state/model
INFO: main.c(242): Building trees for [TT A A i] through [TT І І i]
INFO: main.c(269): Covering states |[18861 19397]| == 537
INFO: main.c(275): Reading: /home/yaroslav/model/model_parameters/ua.cd_cont_untied/mixture_weights
INFO: s3mixw_io.c(173): Read /home/yaroslav/model/model_parameters/ua.cd_cont_untied/mixture_weights [537x1x1 array]
INFO: main.c(311): 169 of 179 models have observation count greater than 0.000010
INFO: main.c(95): nrm stwt: 0.952 0.048 0.000 
INFO: s3gau_io.c(169): Read /home/yaroslav/model/model_parameters/ua.cd_cont_untied/means [28173x1x1 array]
INFO: s3gau_io.c(169): Read /home/yaroslav/model/model_parameters/ua.cd_cont_untied/variances [28173x1x1 array]
INFO: main.c(549): Reading: /home/yaroslav/model/model_architecture/ua.tree_questions
INFO: main.c(588): 174 total simple questions (166 phone; 8 word bndry)
INFO: main.c(590): 40 Left Only questions, and 42 Right Only questions
INFO: dtree.c(1478): Final simple tree
|( QUESTION9 -1 -2.608e+05 1.585e+03 3.384e+03
|    ( QUESTION0_7_R 1 -2.267e+05 1.250e+03 2.955e+03
|        ( QUESTION13 -1 -4.852e+04 3.408e+02 6.746e+02
|            ( - -1.805e+04 2 0 QUESTION14 -1 1.178e+02 2.536e+02)
|            ( - -3.013e+04 11 0 WDBNDRY_E 0 2.250e+02 4.211e+02))
|        ( WDBNDRY_E 0 -1.769e+05 7.658e+02 2.281e+03
|            ( QUESTION10 -1 -9.230e+04 5.597e+02 1.218e+03
|                ( - -5.757e+04 61 0 SILENCE 1 3.266e+02 7.664e+02)
|                ( - -3.417e+04 30 0 QUESTION7 1 3.042e+02 4.518e+02))
|            ( QUESTION10 -1 -8.384e+04 4.666e+02 1.063e+03
|                ( - -3.210e+04 23 0 QUESTION13 -1 2.943e+02 4.176e+02)
|                ( - -5.128e+04 15 0 QUESTION0_12_R 1 3.397e+02 6.450e+02))))
|    ( SILENCE -1 -3.249e+04 3.737e+02 4.287e+02
|        ( - -2.664e+03 2 0 QUESTION0_0_R 1 1.370e+02 3.601e+01)
|        ( - -2.945e+04 25 0 QUESTION0_12_R 1 3.074e+02 3.927e+02)))
s>    ( QUESTION9 -1 -2.608e+05 1.585e+03 3.384e+03
s>        ( QUESTION0_7_R 1 -2.267e+05 1.250e+03 2.955e+03
s>            ( QUESTION13 -1 -4.852e+04 3.408e+02 6.746e+02
s>                ( - -1.805e+04 2 0 QUESTION14 -1 1.178e+02 2.536e+02)
s>                ( - -3.013e+04 11 0 WDBNDRY_E 0 2.250e+02 4.211e+02))
s>            ( WDBNDRY_E 0 -1.769e+05 7.658e+02 2.281e+03
s>                ( QUESTION10 -1 -9.230e+04 5.597e+02 1.218e+03
s>                    ( - -5.757e+04 61 0 SILENCE 1 3.266e+02 7.664e+02)
s>                    ( - -3.417e+04 30 0 QUESTION7 1 3.042e+02 4.518e+02))
s>                ( QUESTION10 -1 -8.384e+04 4.666e+02 1.063e+03
s>                    ( - -3.210e+04 23 0 QUESTION13 -1 2.943e+02 4.176e+02)
s>                    ( - -5.128e+04 15 0 QUESTION0_12_R 1 3.397e+02 6.450e+02))))
s>        ( SILENCE -1 -3.249e+04 3.737e+02 4.287e+02
s>            ( - -2.664e+03 2 0 QUESTION0_0_R 1 1.370e+02 3.601e+01)
s>            ( - -2.945e+04 25 0 QUESTION0_12_R 1 3.074e+02 3.927e+02)))INFO: dtree.c(1315): Comp split 0
INFO: dtree.c(1478): Final simple tree
|( QUESTION2_0_L -1 -1.173e+05 1.009e+03 1.491e+03
|    ( QUESTION13 -1 -8.113e+04 4.613e+02 1.030e+03
|        ( - -9.197e+03 4 0 QUESTION0_0_R 1 1.549e+02 1.212e+02)
|        ( QUESTION0_12_R 1 -7.147e+04 3.694e+02 9.088e+02
|            ( - -6.934e+03 3 0 QUESTION6 1 1.250e+02 8.962e+01)
|            ( - -6.417e+04 25 0 QUESTION19 -1 2.608e+02 8.191e+02)))
|    ( SILENCE -1 -3.511e+04 3.787e+02 4.614e+02
|        ( - -2.664e+03 2 0 QUESTION0_0_R 1 1.370e+02 3.601e+01)
|        ( QUESTION0_12_R 1 -3.207e+04 3.072e+02 4.254e+02
|            ( - 2.418e+02 1 0)
|            ( QUESTION8 -1 -3.200e+04 3.029e+02 4.244e+02
|                ( - 2.227e+02 1 0)
|                ( QUESTION2_9_L -1 -3.192e+04 3.012e+02 4.234e+02
|                    ( - -1.829e+04 11 0 QUESTION16 1 2.994e+02 2.507e+02)
|                    ( - -1.333e+04 18 0 QUESTION2_7_L -1 2.548e+02 1.727e+02))))))
s>    ( QUESTION2_0_L -1 -1.173e+05 1.009e+03 1.491e+03
s>        ( QUESTION13 -1 -8.113e+04 4.613e+02 1.030e+03
s>            ( - -9.197e+03 4 0 QUESTION0_0_R 1 1.549e+02 1.212e+02)
s>            ( QUESTION0_12_R 1 -7.147e+04 3.694e+02 9.088e+02
s>                ( - -6.934e+03 3 0 QUESTION6 1 1.250e+02 8.962e+01)
s>                ( - -6.417e+04 25 0 QUESTION19 -1 2.608e+02 8.191e+02)))
s>        ( SILENCE -1 -3.511e+04 3.787e+02 4.614e+02
s>            ( - -2.664e+03 2 0 QUESTION0_0_R 1 1.370e+02 3.601e+01)
s>            ( QUESTION0_12_R 1 -3.207e+04 3.072e+02 4.254e+02
s>                ( - 2.418e+02 1 0)
s>                ( QUESTION8 -1 -3.200e+04 3.029e+02 4.244e+02
s>                    ( - 2.227e+02 1 0)
s>                    ( QUESTION2_9_L -1 -3.192e+04 3.012e+02 4.234e+02
s>                        ( - -1.829e+04 11 0 QUESTION16 1 2.994e+02 2.507e+02)
s>                        ( - -1.333e+04 18 0 QUESTION2_7_L -1 2.548e+02 1.727e+02))))))INFO: dtree.c(1478): Final simple tree
|( QUESTION0_7_R 1 -1.418e+05 9.605e+02 1.893e+03
|    ( QUESTION13 -1 -4.852e+04 3.408e+02 6.746e+02
|        ( - -1.805e+04 2 0 QUESTION14 -1 1.178e+02 2.536e+02)
|        ( - -3.013e+04 11 0 WDBNDRY_E 0 2.250e+02 4.211e+02))
|    ( QUESTION10 -1 -9.230e+04 5.597e+02 1.218e+03
|        ( SILENCE 1 -5.757e+04 3.266e+02 7.664e+02
|            ( - -6.311e+03 3 0 QUESTION2_0_L -1 1.053e+02 8.874e+01)
|            ( QUESTION0_13_R 1 -5.093e+04 2.892e+02 6.776e+02
|                ( - -2.145e+03 7 0 QUESTION15 -1 1.486e+02 3.400e+01)
|                ( QUESTION10 1 -4.850e+04 2.913e+02 6.436e+02
|                    ( - -1.746e+04 14 0 QUESTION11 1 1.874e+02 2.459e+02)
|                    ( - -3.074e+04 37 0 QUESTION0_15_R 1 2.739e+02 3.977e+02))))
|        ( QUESTION7 1 -3.417e+04 3.042e+02 4.518e+02
|            ( - -5.009e+03 5 0 QUESTION0_0_R 1 1.569e+02 6.644e+01)
|            ( - -2.886e+04 25 0 QUESTION0_9_R 1 2.555e+02 3.853e+02))))
s>    ( QUESTION0_7_R 1 -1.418e+05 9.605e+02 1.893e+03
s>        ( QUESTION13 -1 -4.852e+04 3.408e+02 6.746e+02
s>            ( - -1.805e+04 2 0 QUESTION14 -1 1.178e+02 2.536e+02)
s>            ( - -3.013e+04 11 0 WDBNDRY_E 0 2.250e+02 4.211e+02))
s>        ( QUESTION10 -1 -9.230e+04 5.597e+02 1.218e+03
s>            ( SILENCE 1 -5.757e+04 3.266e+02 7.664e+02
s>                ( - -6.311e+03 3 0 QUESTION2_0_L -1 1.053e+02 8.874e+01)
s>                ( QUESTION0_13_R 1 -5.093e+04 2.892e+02 6.776e+02
s>                    ( - -2.145e+03 7 0 QUESTION15 -1 1.486e+02 3.400e+01)
s>                    ( QUESTION10 1 -4.850e+04 2.913e+02 6.436e+02
s>                        ( - -1.746e+04 14 0 QUESTION11 1 1.874e+02 2.459e+02)
s>                        ( - -3.074e+04 37 0 QUESTION0_15_R 1 2.739e+02 3.977e+02))))
s>            ( QUESTION7 1 -3.417e+04 3.042e+02 4.518e+02
s>                ( - -5.009e+03 5 0 QUESTION0_0_R 1 1.569e+02 6.644e+01)
s>                ( - -2.886e+04 25 0 QUESTION0_9_R 1 2.555e+02 3.853e+02))))INFO: dtree.c(1315): Comp split 1
INFO: dtree.c(1478): Final simple tree
|( SILENCE -1 -3.511e+04 3.787e+02 4.614e+02
|    ( - -2.664e+03 2 0 QUESTION0_0_R 1 1.370e+02 3.601e+01)
|    ( QUESTION0_12_R 1 -3.207e+04 3.072e+02 4.254e+02
|        ( - 2.418e+02 1 0)
|        ( QUESTION8 -1 -3.200e+04 3.029e+02 4.244e+02
|            ( - 2.227e+02 1 0)
|            ( QUESTION2_9_L -1 -3.192e+04 3.012e+02 4.234e+02
|                ( QUESTION16 1 -1.829e+04 2.994e+02 2.507e+02
|                    ( - 2.325e+02 1 0)
|                    ( QUESTION11 1 -1.822e+04 2.210e+02 2.497e+02
|                        ( - -2.541e+02 1 0)
|                        ( - -1.775e+04 9 0 SILENCE 1 2.062e+02 2.437e+02)))
|                ( QUESTION2_7_L -1 -1.333e+04 2.548e+02 1.727e+02
|                    ( - -1.883e+03 1 0)
|                    ( - -1.119e+04 17 0 QUESTION0 -1 1.928e+02 1.467e+02))))))
s>    ( SILENCE -1 -3.511e+04 3.787e+02 4.614e+02
s>        ( - -2.664e+03 2 0 QUESTION0_0_R 1 1.370e+02 3.601e+01)
s>        ( QUESTION0_12_R 1 -3.207e+04 3.072e+02 4.254e+02
s>            ( - 2.418e+02 1 0)
s>            ( QUESTION8 -1 -3.200e+04 3.029e+02 4.244e+02
s>                ( - 2.227e+02 1 0)
s>                ( QUESTION2_9_L -1 -3.192e+04 3.012e+02 4.234e+02
s>                    ( QUESTION16 1 -1.829e+04 2.994e+02 2.507e+02
s>                        ( - 2.325e+02 1 0)
s>                        ( QUESTION11 1 -1.822e+04 2.210e+02 2.497e+02
s>                            ( - -2.541e+02 1 0)
s>                            ( - -1.775e+04 9 0 SILENCE 1 2.062e+02 2.437e+02)))
s>                    ( QUESTION2_7_L -1 -1.333e+04 2.548e+02 1.727e+02
s>                        ( - -1.883e+03 1 0)
s>                        ( - -1.119e+04 17 0 QUESTION0 -1 1.928e+02 1.467e+02))))))INFO: dtree.c(1478): Final simple tree
|( QUESTION13 -1 -8.113e+04 4.613e+02 1.030e+03
|    ( - -9.197e+03 4 0 QUESTION0_0_R 1 1.549e+02 1.212e+02)
|    ( QUESTION0_12_R 1 -7.147e+04 3.694e+02 9.088e+02
|        ( - -6.934e+03 3 0 QUESTION6 1 1.250e+02 8.962e+01)
|        ( QUESTION19 -1 -6.417e+04 2.608e+02 8.191e+02
|            ( WDBNDRY_B 0 -4.401e+04 2.470e+02 5.554e+02
|                ( QUESTION0_0_R 1 -1.304e+04 1.912e+02 1.730e+02
|                    ( - -1.079e+04 4 0)
|                    ( - -2.060e+03 2 0))
|                ( QUESTION0_0_R 1 -3.072e+04 2.346e+02 3.824e+02
|                    ( - -2.327e+04 3 0)
|                    ( - -7.212e+03 3 0)))
|            ( QUESTION11 -1 -1.990e+04 2.039e+02 2.638e+02
|                ( - -3.178e+03 1 0)
|                ( - -1.652e+04 12 0 QUESTION0_0_R 1 1.748e+02 2.196e+02)))))
s>    ( QUESTION13 -1 -8.113e+04 4.613e+02 1.030e+03
s>        ( - -9.197e+03 4 0 QUESTION0_0_R 1 1.549e+02 1.212e+02)
s>        ( QUESTION0_12_R 1 -7.147e+04 3.694e+02 9.088e+02
s>            ( - -6.934e+03 3 0 QUESTION6 1 1.250e+02 8.962e+01)
s>            ( QUESTION19 -1 -6.417e+04 2.608e+02 8.191e+02
s>                ( WDBNDRY_B 0 -4.401e+04 2.470e+02 5.554e+02
s>                    ( QUESTION0_0_R 1 -1.304e+04 1.912e+02 1.730e+02
s>                        ( - -1.079e+04 4 0)
s>                        ( - -2.060e+03 2 0))
s>                    ( QUESTION0_0_R 1 -3.072e+04 2.346e+02 3.824e+02
s>                        ( - -2.327e+04 3 0)
s>                        ( - -7.212e+03 3 0)))
s>                ( QUESTION11 -1 -1.990e+04 2.039e+02 2.638e+02
s>                    ( - -3.178e+03 1 0)
s>                    ( - -1.652e+04 12 0 QUESTION0_0_R 1 1.748e+02 2.196e+02)))))INFO: dtree.c(1315): Comp split 2
INFO: dtree.c(1478): Final simple tree
|( QUESTION10 -1 -9.230e+04 5.597e+02 1.218e+03
|    ( SILENCE 1 -5.757e+04 3.266e+02 7.664e+02
|        ( - -6.311e+03 3 0 QUESTION2_0_L -1 1.053e+02 8.874e+01)
|        ( QUESTION0_13_R 1 -5.093e+04 2.892e+02 6.776e+02
|            ( - -2.145e+03 7 0 QUESTION15 -1 1.486e+02 3.400e+01)
|            ( QUESTION10 1 -4.850e+04 2.913e+02 6.436e+02
|                ( - -1.746e+04 14 0 QUESTION11 1 1.874e+02 2.459e+02)
|                ( QUESTION0_15_R 1 -3.074e+04 2.739e+02 3.977e+02
|                    ( - -7.061e+03 9 0 QUESTION13 -1 1.418e+02 9.914e+01)
|                    ( - -2.341e+04 28 0 QUESTION6 1 2.490e+02 2.986e+02)))))
|    ( QUESTION7 1 -3.417e+04 3.042e+02 4.518e+02
|        ( - -5.009e+03 5 0 QUESTION0_0_R 1 1.569e+02 6.644e+01)
|        ( QUESTION0_9_R 1 -2.886e+04 2.555e+02 3.853e+02
|            ( - -7.164e+03 4 0)
|            ( - -2.144e+04 21 0 SILENCE 1 1.908e+02 2.852e+02))))
s>    ( QUESTION10 -1 -9.230e+04 5.597e+02 1.218e+03
s>        ( SILENCE 1 -5.757e+04 3.266e+02 7.664e+02
s>            ( - -6.311e+03 3 0 QUESTION2_0_L -1 1.053e+02 8.874e+01)
s>            ( QUESTION0_13_R 1 -5.093e+04 2.892e+02 6.776e+02
s>                ( - -2.145e+03 7 0 QUESTION15 -1 1.486e+02 3.400e+01)
s>                ( QUESTION10 1 -4.850e+04 2.913e+02 6.436e+02
s>                    ( - -1.746e+04 14 0 QUESTION11 1 1.874e+02 2.459e+02)
s>                    ( QUESTION0_15_R 1 -3.074e+04 2.739e+02 3.977e+02
s>                        ( - -7.061e+03 9 0 QUESTION13 -1 1.418e+02 9.914e+01)
s>                        ( - -2.341e+04 28 0 QUESTION6 1 2.490e+02 2.986e+02)))))
s>        ( QUESTION7 1 -3.417e+04 3.042e+02 4.518e+02
s>            ( - -5.009e+03 5 0 QUESTION0_0_R 1 1.569e+02 6.644e+01)
s>            ( QUESTION0_9_R 1 -2.886e+04 2.555e+02 3.853e+02
s>                ( - -7.164e+03 4 0)
s>                ( - -2.144e+04 21 0 SILENCE 1 1.908e+02 2.852e+02))))INFO: dtree.c(1478): Final simple tree
|( QUESTION13 -1 -4.852e+04 3.408e+02 6.746e+02
|    ( QUESTION14 -1 -1.805e+04 1.178e+02 2.536e+02
|        ( - -7.469e+01 1 0)
|        ( - -1.786e+04 1 0))
|    ( WDBNDRY_E 0 -3.013e+04 2.250e+02 4.211e+02
|        ( QUESTION10 -1 -4.440e+03 1.250e+02 6.277e+01
|            ( QUESTION0 1 -2.319e+03 1.182e+02 3.343e+01
|                ( QUESTION2_0_L -1 -1.975e+03 8.962e+01 2.943e+01
|                    ( - -1.781e+03 2 0)
|                    ( - -1.042e+02 1 0))
|                ( - -2.264e+02 1 0))
|            ( - -1.995e+03 2 0))
|        ( QUESTION10 -1 -2.547e+04 2.361e+02 3.583e+02
|            ( - -1.934e+04 3 0)
|            ( - -5.897e+03 2 0))))
s>    ( QUESTION13 -1 -4.852e+04 3.408e+02 6.746e+02
s>        ( QUESTION14 -1 -1.805e+04 1.178e+02 2.536e+02
s>            ( - -7.469e+01 1 0)
s>            ( - -1.786e+04 1 0))
s>        ( WDBNDRY_E 0 -3.013e+04 2.250e+02 4.211e+02
s>            ( QUESTION10 -1 -4.440e+03 1.250e+02 6.277e+01
s>                ( QUESTION0 1 -2.319e+03 1.182e+02 3.343e+01
s>                    ( QUESTION2_0_L -1 -1.975e+03 8.962e+01 2.943e+01
s>                        ( - -1.781e+03 2 0)
s>                        ( - -1.042e+02 1 0))
s>                    ( - -2.264e+02 1 0))
s>                ( - -1.995e+03 2 0))
s>            ( QUESTION10 -1 -2.547e+04 2.361e+02 3.583e+02
s>                ( - -1.934e+04 3 0)
s>                ( - -5.897e+03 2 0))))INFO: dtree.c(1315): Comp split 3
INFO: dtree.c(1478): Final simple tree
|( QUESTION0_12_R 1 -4.388e+04 3.166e+02 5.849e+02
|    ( QUESTION10 -1 -1.803e+04 2.089e+02 2.525e+02
|        ( QUESTION0_13_R 1 -9.400e+03 1.936e+02 1.331e+02
|            ( QUESTION15 -1 -2.145e+03 1.486e+02 3.400e+01
|                ( - -4.931e+01 1 0)
|                ( - -1.947e+03 6 0 QUESTION13 -1 1.345e+02 3.100e+01))
|            ( - -7.061e+03 9 0 QUESTION13 -1 1.418e+02 9.914e+01))
|        ( - -8.424e+03 9 0 QUESTION0_13_R 1 1.388e+02 1.193e+02))
|    ( QUESTION2 1 -2.553e+04 2.986e+02 3.324e+02
|        ( - -3.705e+03 3 0)
|        ( QUESTION0_9_R 1 -2.153e+04 2.605e+02 2.830e+02
|            ( - -7.164e+03 4 0)
|            ( SILENCE 1 -1.410e+04 1.861e+02 1.828e+02
|                ( - -2.046e+03 2 0)
|                ( - -1.187e+04 12 0 QUESTION0_2_R 1 1.483e+02 1.560e+02)))))
s>    ( QUESTION0_12_R 1 -4.388e+04 3.166e+02 5.849e+02
s>        ( QUESTION10 -1 -1.803e+04 2.089e+02 2.525e+02
s>            ( QUESTION0_13_R 1 -9.400e+03 1.936e+02 1.331e+02
s>                ( QUESTION15 -1 -2.145e+03 1.486e+02 3.400e+01
s>                    ( - -4.931e+01 1 0)
s>                    ( - -1.947e+03 6 0 QUESTION13 -1 1.345e+02 3.100e+01))
s>                ( - -7.061e+03 9 0 QUESTION13 -1 1.418e+02 9.914e+01))
s>            ( - -8.424e+03 9 0 QUESTION0_13_R 1 1.388e+02 1.193e+02))
s>        ( QUESTION2 1 -2.553e+04 2.986e+02 3.324e+02
s>            ( - -3.705e+03 3 0)
s>            ( QUESTION0_9_R 1 -2.153e+04 2.605e+02 2.830e+02
s>                ( - -7.164e+03 4 0)
s>                ( SILENCE 1 -1.410e+04 1.861e+02 1.828e+02
s>                    ( - -2.046e+03 2 0)
s>                    ( - -1.187e+04 12 0 QUESTION0_2_R 1 1.483e+02 1.560e+02)))))INFO: dtree.c(1478): Final simple tree
|( QUESTION10 1 -4.780e+04 3.599e+02 6.332e+02
|    ( QUESTION11 1 -1.746e+04 1.874e+02 2.459e+02
|        ( QUESTION2_0_L -1 -1.007e+04 1.732e+02 1.469e+02
|            ( - -7.788e+03 5 0 QUESTION13 -1 1.001e+02 1.128e+02)
|            ( - -2.109e+03 1 0))
|        ( - -7.205e+03 8 0 QUESTION0_9_R 1 1.310e+02 9.900e+01))
|    ( QUESTION6 1 -2.998e+04 2.794e+02 3.873e+02
|        ( QUESTION0_1_R 1 -4.791e+03 1.608e+02 6.461e+01
|            ( - -1.847e+03 2 0 QUESTION2_0_L -1 1.688e+02 2.452e+01)
|            ( QUESTION2_0_L -1 -2.782e+03 1.787e+02 4.009e+01
|                ( - -2.662e+03 4 0 QUESTION0_0_R 1 1.349e+02 3.809e+01)
|                ( - 5.827e+01 1 0)))
|        ( SILENCE 1 -2.491e+04 2.289e+02 3.227e+02
|            ( - -6.311e+03 3 0 QUESTION2_0_L -1 1.053e+02 8.874e+01)
|            ( - -1.837e+04 21 0 QUESTION0_0_R 1 1.607e+02 2.340e+02))))
s>    ( QUESTION10 1 -4.780e+04 3.599e+02 6.332e+02
s>        ( QUESTION11 1 -1.746e+04 1.874e+02 2.459e+02
s>            ( QUESTION2_0_L -1 -1.007e+04 1.732e+02 1.469e+02
s>                ( - -7.788e+03 5 0 QUESTION13 -1 1.001e+02 1.128e+02)
s>                ( - -2.109e+03 1 0))
s>            ( - -7.205e+03 8 0 QUESTION0_9_R 1 1.310e+02 9.900e+01))
s>        ( QUESTION6 1 -2.998e+04 2.794e+02 3.873e+02
s>            ( QUESTION0_1_R 1 -4.791e+03 1.608e+02 6.461e+01
s>                ( - -1.847e+03 2 0 QUESTION2_0_L -1 1.688e+02 2.452e+01)
s>                ( QUESTION2_0_L -1 -2.782e+03 1.787e+02 4.009e+01
s>                    ( - -2.662e+03 4 0 QUESTION0_0_R 1 1.349e+02 3.809e+01)
s>                    ( - 5.827e+01 1 0)))
s>            ( SILENCE 1 -2.491e+04 2.289e+02 3.227e+02
s>                ( - -6.311e+03 3 0 QUESTION2_0_L -1 1.053e+02 8.874e+01)
s>                ( - -1.837e+04 21 0 QUESTION0_0_R 1 1.607e+02 2.340e+02))))INFO: dtree.c(1315): Comp split 4
INFO: dtree.c(1439): stop. leaf nodes are specific
INFO: dtree.c(1478): Final simple tree
|( QUESTION16 -1 -1.255e+04 1.960e+02 1.654e+02
|    ( QUESTION0_0_R 1 -5.502e+03 1.727e+02 7.605e+01
|        ( - -5.160e+03 1 0)
|        ( - -1.690e+02 1 0))
|    ( QUESTION0_0_R 1 -6.852e+03 1.795e+02 8.932e+01
|        ( QUESTION11 -1 -6.183e+03 1.342e+02 8.032e+01
|            ( - -3.178e+03 1 0)
|            ( - -2.871e+03 1 0))
|        ( - -4.891e+02 1 0)))
s>    ( QUESTION16 -1 -1.255e+04 1.960e+02 1.654e+02
s>        ( QUESTION0_0_R 1 -5.502e+03 1.727e+02 7.605e+01
s>            ( - -5.160e+03 1 0)
s>            ( - -1.690e+02 1 0))
s>        ( QUESTION0_0_R 1 -6.852e+03 1.795e+02 8.932e+01
s>            ( QUESTION11 -1 -6.183e+03 1.342e+02 8.032e+01
s>                ( - -3.178e+03 1 0)
s>                ( - -2.871e+03 1 0))
s>            ( - -4.891e+02 1 0)))INFO: dtree.c(1478): Final simple tree
|( QUESTION0_12_R 1 -6.810e+04 3.594e+02 8.646e+02
|    ( - -6.934e+03 3 0 QUESTION6 1 1.250e+02 8.962e+01)
|    ( QUESTION19 -1 -6.080e+04 2.767e+02 7.750e+02
|        ( WDBNDRY_B 0 -4.401e+04 2.470e+02 5.554e+02
|            ( QUESTION0_0_R 1 -1.304e+04 1.912e+02 1.730e+02
|                ( - -1.079e+04 4 0)
|                ( - -2.060e+03 2 0))
|            ( QUESTION0_0_R 1 -3.072e+04 2.346e+02 3.824e+02
|                ( - -2.327e+04 3 0)
|                ( - -7.212e+03 3 0)))
|        ( QUESTION0_0_R 1 -1.652e+04 1.748e+02 2.196e+02
|            ( - -9.758e+03 7 0 QUESTION2_1_L -1 1.321e+02 1.314e+02)
|            ( WDBNDRY_B 0 -6.586e+03 2.063e+02 8.818e+01
|                ( - -9.783e+02 3 0 QUESTION0 -1 1.524e+02 1.600e+01)
|                ( - -5.402e+03 2 0)))))
s>    ( QUESTION0_12_R 1 -6.810e+04 3.594e+02 8.646e+02
s>        ( - -6.934e+03 3 0 QUESTION6 1 1.250e+02 8.962e+01)
s>        ( QUESTION19 -1 -6.080e+04 2.767e+02 7.750e+02
s>            ( WDBNDRY_B 0 -4.401e+04 2.470e+02 5.554e+02
s>                ( QUESTION0_0_R 1 -1.304e+04 1.912e+02 1.730e+02
s>                    ( - -1.079e+04 4 0)
s>                    ( - -2.060e+03 2 0))
s>                ( QUESTION0_0_R 1 -3.072e+04 2.346e+02 3.824e+02
s>                    ( - -2.327e+04 3 0)
s>                    ( - -7.212e+03 3 0)))
s>            ( QUESTION0_0_R 1 -1.652e+04 1.748e+02 2.196e+02
s>                ( - -9.758e+03 7 0 QUESTION2_1_L -1 1.321e+02 1.314e+02)
s>                ( WDBNDRY_B 0 -6.586e+03 2.063e+02 8.818e+01
s>                    ( - -9.783e+02 3 0 QUESTION0 -1 1.524e+02 1.600e+01)
s>                    ( - -5.402e+03 2 0)))))INFO: dtree.c(1315): Comp split 5
INFO: dtree.c(1478): Final simple tree
|( QUESTION10 -1 -2.271e+04 2.749e+02 3.063e+02
|    ( QUESTION13 -1 -1.947e+03 1.345e+02 3.100e+01
|        ( - -1.102e+02 1 0)
|        ( - -1.702e+03 5 0 QUESTION0 1 1.271e+02 2.700e+01))
|    ( QUESTION0_12_R 1 -2.048e+04 1.867e+02 2.753e+02
|        ( QUESTION0_13_R 1 -8.424e+03 1.388e+02 1.193e+02
|            ( QUESTION0 1 -1.867e+03 1.279e+02 2.802e+01
|                ( - -1.147e+03 2 0)
|                ( - -5.917e+02 1 0))
|            ( - -6.419e+03 6 0 QUESTION3 1 1.249e+02 9.132e+01))
|        ( QUESTION0_2_R 1 -1.187e+04 1.483e+02 1.560e+02
|            ( - -7.262e+02 2 0)
|            ( QUESTION14 1 -1.100e+04 1.348e+02 1.450e+02
|                ( - -4.812e+02 1 0)
|                ( - -1.038e+04 9 0 QUESTION0_0_R 1 1.180e+02 1.370e+02)))))
s>    ( QUESTION10 -1 -2.271e+04 2.749e+02 3.063e+02
s>        ( QUESTION13 -1 -1.947e+03 1.345e+02 3.100e+01
s>            ( - -1.102e+02 1 0)
s>            ( - -1.702e+03 5 0 QUESTION0 1 1.271e+02 2.700e+01))
s>        ( QUESTION0_12_R 1 -2.048e+04 1.867e+02 2.753e+02
s>            ( QUESTION0_13_R 1 -8.424e+03 1.388e+02 1.193e+02
s>                ( QUESTION0 1 -1.867e+03 1.279e+02 2.802e+01
s>                    ( - -1.147e+03 2 0)
s>                    ( - -5.917e+02 1 0))
s>                ( - -6.419e+03 6 0 QUESTION3 1 1.249e+02 9.132e+01))
s>            ( QUESTION0_2_R 1 -1.187e+04 1.483e+02 1.560e+02
s>                ( - -7.262e+02 2 0)
s>                ( QUESTION14 1 -1.100e+04 1.348e+02 1.450e+02
s>                    ( - -4.812e+02 1 0)
s>                    ( - -1.038e+04 9 0 QUESTION0_0_R 1 1.180e+02 1.370e+02)))))INFO: dtree.c(1478): Final simple tree
|( QUESTION0_0_R 1 -2.077e+04 2.493e+02 2.786e+02
|    ( QUESTION0_1_R 1 -1.462e+04 2.094e+02 2.023e+02
|        ( - -7.164e+03 4 0)
|        ( QUESTION14 -1 -7.248e+03 1.421e+02 1.021e+02
|            ( - -1.186e+02 1 0)
|            ( QUESTION4 1 -6.987e+03 1.392e+02 9.914e+01
|                ( - -7.172e+01 1 0)
|                ( QUESTION0_13_R 1 -6.776e+03 1.371e+02 9.614e+01
|                    ( - -4.931e+01 1 0)
|                    ( QUESTION2_0_L -1 -6.590e+03 1.207e+02 9.314e+01
|                        ( - -6.111e+03 6 0)
|                        ( - -3.577e+02 1 0))))))
|    ( SILENCE 1 -5.901e+03 1.502e+02 7.631e+01
|        ( - -2.046e+03 2 0)
|        ( - -3.705e+03 3 0)))
s>    ( QUESTION0_0_R 1 -2.077e+04 2.493e+02 2.786e+02
s>        ( QUESTION0_1_R 1 -1.462e+04 2.094e+02 2.023e+02
s>            ( - -7.164e+03 4 0)
s>            ( QUESTION14 -1 -7.248e+03 1.421e+02 1.021e+02
s>                ( - -1.186e+02 1 0)
s>                ( QUESTION4 1 -6.987e+03 1.392e+02 9.914e+01
s>                    ( - -7.172e+01 1 0)
s>                    ( QUESTION0_13_R 1 -6.776e+03 1.371e+02 9.614e+01
s>                        ( - -4.931e+01 1 0)
s>                        ( QUESTION2_0_L -1 -6.590e+03 1.207e+02 9.314e+01
s>                            ( - -6.111e+03 6 0)
s>                            ( - -3.577e+02 1 0))))))
s>        ( SILENCE 1 -5.901e+03 1.502e+02 7.631e+01
s>            ( - -2.046e+03 2 0)
s>            ( - -3.705e+03 3 0)))INFO: dtree.c(1315): Comp split 6
INFO: dtree.c(1478): Final simple tree
|( QUESTION0_0_R 1 -2.043e+04 1.950e+02 2.860e+02
|    ( QUESTION11 1 -1.767e+04 1.915e+02 2.489e+02
|        ( QUESTION2_0_L -1 -1.007e+04 1.732e+02 1.469e+02
|            ( - -7.788e+03 5 0 QUESTION13 -1 1.001e+02 1.128e+02)
|            ( - -2.109e+03 1 0))
|        ( QUESTION0_9_R 1 -7.411e+03 1.338e+02 1.020e+02
|            ( - -2.372e+03 2 0)
|            ( QUESTION0_1_R 1 -4.905e+03 1.206e+02 6.599e+01
|                ( QUESTION14 1 -4.702e+03 1.092e+02 6.299e+01
|                    ( - -2.090e+02 1 0)
|                    ( - -4.384e+03 5 0 QUESTION2_0_L -1 9.025e+01 5.899e+01))
|                ( - -8.256e+01 1 0))))
|    ( QUESTION2_0_L -1 -2.563e+03 1.772e+02 3.709e+01
|        ( - -2.445e+03 3 0)
|        ( - 5.827e+01 1 0)))
s>    ( QUESTION0_0_R 1 -2.043e+04 1.950e+02 2.860e+02
s>        ( QUESTION11 1 -1.767e+04 1.915e+02 2.489e+02
s>            ( QUESTION2_0_L -1 -1.007e+04 1.732e+02 1.469e+02
s>                ( - -7.788e+03 5 0 QUESTION13 -1 1.001e+02 1.128e+02)
s>                ( - -2.109e+03 1 0))
s>            ( QUESTION0_9_R 1 -7.411e+03 1.338e+02 1.020e+02
s>                ( - -2.372e+03 2 0)
s>                ( QUESTION0_1_R 1 -4.905e+03 1.206e+02 6.599e+01
s>                    ( QUESTION14 1 -4.702e+03 1.092e+02 6.299e+01
s>                        ( - -2.090e+02 1 0)
s>                        ( - -4.384e+03 5 0 QUESTION2_0_L -1 9.025e+01 5.899e+01))
s>                    ( - -8.256e+01 1 0))))
s>        ( QUESTION2_0_L -1 -2.563e+03 1.772e+02 3.709e+01
s>            ( - -2.445e+03 3 0)
s>            ( - 5.827e+01 1 0)))INFO: dtree.c(1478): Final simple tree
|( SILENCE 1 -2.697e+04 2.453e+02 3.473e+02
|    ( QUESTION2_0_L -1 -6.311e+03 1.053e+02 8.874e+01
|        ( - -6.027e+03 2 0)
|        ( - -1.789e+02 1 0))
|    ( QUESTION0_8_R 1 -2.041e+04 1.953e+02 2.585e+02
|        ( QUESTION2_0_L -1 -1.847e+03 1.688e+02 2.452e+01
|            ( - -1.690e+03 1 0)
|            ( - 1.126e+01 1 0))
|        ( QUESTION0_0_R 1 -1.837e+04 1.607e+02 2.340e+02
|            ( QUESTION0_1_R 1 -7.458e+03 1.395e+02 9.470e+01
|                ( - -1.310e+03 2 0)
|                ( QUESTION2_0_L -1 -6.009e+03 1.178e+02 7.571e+01
|                    ( - -5.295e+03 4 0)
|                    ( - -5.965e+02 2 0)))
|            ( - -1.075e+04 13 0 QUESTION2_0_L -1 9.963e+01 1.393e+02))))
s>    ( SILENCE 1 -2.697e+04 2.453e+02 3.473e+02
s>        ( QUESTION2_0_L -1 -6.311e+03 1.053e+02 8.874e+01
s>            ( - -6.027e+03 2 0)
s>            ( - -1.789e+02 1 0))
s>        ( QUESTION0_8_R 1 -2.041e+04 1.953e+02 2.585e+02
s>            ( QUESTION2_0_L -1 -1.847e+03 1.688e+02 2.452e+01
s>                ( - -1.690e+03 1 0)
s>                ( - 1.126e+01 1 0))
s>            ( QUESTION0_0_R 1 -1.837e+04 1.607e+02 2.340e+02
s>                ( QUESTION0_1_R 1 -7.458e+03 1.395e+02 9.470e+01
s>                    ( - -1.310e+03 2 0)
s>                    ( QUESTION2_0_L -1 -6.009e+03 1.178e+02 7.571e+01
s>                        ( - -5.295e+03 4 0)
s>                        ( - -5.965e+02 2 0)))
s>                ( - -1.075e+04 13 0 QUESTION2_0_L -1 9.963e+01 1.393e+02))))INFO: dtree.c(1315): Comp split 7
INFO: dtree.c(1439): stop. leaf nodes are specific
INFO: dtree.c(1478): Final simple tree
|( QUESTION15 -1 -2.051e+04 1.420e+02 2.870e+02
|    ( - -1.786e+04 1 0)
|    ( QUESTION0 1 -2.509e+03 1.183e+02 3.643e+01
|        ( WDBNDRY_E 0 -2.164e+03 1.148e+02 3.243e+01
|            ( QUESTION2_0_L -1 -1.975e+03 8.962e+01 2.943e+01
|                ( - -1.781e+03 2 0)
|                ( - -1.042e+02 1 0))
|            ( - -7.469e+01 1 0))
|        ( - -2.264e+02 1 0)))
s>    ( QUESTION15 -1 -2.051e+04 1.420e+02 2.870e+02
s>        ( - -1.786e+04 1 0)
s>        ( QUESTION0 1 -2.509e+03 1.183e+02 3.643e+01
s>            ( WDBNDRY_E 0 -2.164e+03 1.148e+02 3.243e+01
s>                ( QUESTION2_0_L -1 -1.975e+03 8.962e+01 2.943e+01
s>                    ( - -1.781e+03 2 0)
s>                    ( - -1.042e+02 1 0))
s>                ( - -7.469e+01 1 0))
s>            ( - -2.264e+02 1 0)))INFO: dtree.c(1439): stop. leaf nodes are specific
INFO: dtree.c(1478): Final simple tree
|( QUESTION10 -1 -2.762e+04 1.898e+02 3.877e+02
|    ( - -1.934e+04 3 0)
|    ( WDBNDRY_E 0 -8.094e+03 2.015e+02 1.125e+02
|        ( - -1.995e+03 2 0)
|        ( - -5.897e+03 2 0)))
s>    ( QUESTION10 -1 -2.762e+04 1.898e+02 3.877e+02
s>        ( - -1.934e+04 3 0)
s>        ( WDBNDRY_E 0 -8.094e+03 2.015e+02 1.125e+02
s>            ( - -1.995e+03 2 0)
s>            ( - -5.897e+03 2 0)))INFO: dtree.c(1315): Comp split 8
INFO: dtree.c(1478): Final simple tree
|( QUESTION0_12_R 1 -3.207e+04 3.072e+02 4.254e+02
|    ( - 2.418e+02 1 0)
|    ( QUESTION8 -1 -3.200e+04 3.029e+02 4.244e+02
|        ( - 2.227e+02 1 0)
|        ( QUESTION2_9_L -1 -3.192e+04 3.012e+02 4.234e+02
|            ( QUESTION16 1 -1.829e+04 2.994e+02 2.507e+02
|                ( - 2.325e+02 1 0)
|                ( QUESTION11 1 -1.822e+04 2.210e+02 2.497e+02
|                    ( - -2.541e+02 1 0)
|                    ( SILENCE 1 -1.775e+04 2.062e+02 2.437e+02
|                        ( - -2.352e+03 1 0)
|                        ( - -1.519e+04 8 0 QUESTION0_0_R 1 1.865e+02 2.086e+02))))
|            ( QUESTION2_7_L -1 -1.333e+04 2.548e+02 1.727e+02
|                ( - -1.883e+03 1 0)
|                ( - -1.119e+04 17 0 QUESTION0 -1 1.928e+02 1.467e+02)))))
s>    ( QUESTION0_12_R 1 -3.207e+04 3.072e+02 4.254e+02
s>        ( - 2.418e+02 1 0)
s>        ( QUESTION8 -1 -3.200e+04 3.029e+02 4.244e+02
s>            ( - 2.227e+02 1 0)
s>            ( QUESTION2_9_L -1 -3.192e+04 3.012e+02 4.234e+02
s>                ( QUESTION16 1 -1.829e+04 2.994e+02 2.507e+02
s>                    ( - 2.325e+02 1 0)
s>                    ( QUESTION11 1 -1.822e+04 2.210e+02 2.497e+02
s>                        ( - -2.541e+02 1 0)
s>                        ( SILENCE 1 -1.775e+04 2.062e+02 2.437e+02
s>                            ( - -2.352e+03 1 0)
s>                            ( - -1.519e+04 8 0 QUESTION0_0_R 1 1.865e+02 2.086e+02))))
s>                ( QUESTION2_7_L -1 -1.333e+04 2.548e+02 1.727e+02
s>                    ( - -1.883e+03 1 0)
s>                    ( - -1.119e+04 17 0 QUESTION0 -1 1.928e+02 1.467e+02)))))INFO: dtree.c(1439): stop. leaf nodes are specific
INFO: dtree.c(1478): Final simple tree
|( QUESTION0_0_R 1 -2.664e+03 1.370e+02 3.601e+01
|    ( - -2.405e+02 1 0)
|    ( - -2.287e+03 1 0))
s>    ( QUESTION0_0_R 1 -2.664e+03 1.370e+02 3.601e+01
s>        ( - -2.405e+02 1 0)
s>        ( - -2.287e+03 1 0))INFO: dtree.c(1315): Comp split 9
INFO: dtree.c(1439): stop. leaf nodes are specific
INFO: dtree.c(1478): Final simple tree
|( WDBNDRY_B 0 -1.638e+04 1.883e+02 2.162e+02
|    ( - -1.079e+04 4 0)
|    ( - -5.402e+03 2 0))
s>    ( WDBNDRY_B 0 -1.638e+04 1.883e+02 2.162e+02
s>        ( - -1.079e+04 4 0)
s>        ( - -5.402e+03 2 0))INFO: dtree.c(1478): Final simple tree
|( QUESTION0_12_R 1 -5.135e+04 3.331e+02 6.484e+02
|    ( - -6.934e+03 3 0 QUESTION6 1 1.250e+02 8.962e+01)
|    ( QUESTION19 -1 -4.408e+04 2.639e+02 5.588e+02
|        ( QUESTION0_0_R 1 -3.293e+04 2.248e+02 4.114e+02
|            ( - -2.327e+04 3 0)
|            ( WDBNDRY_B 0 -9.430e+03 1.586e+02 1.195e+02
|                ( - -2.060e+03 2 0)
|                ( - -7.212e+03 3 0)))
|        ( QUESTION8 -1 -1.089e+04 1.617e+02 1.474e+02
|            ( - -1.130e+02 1 0)
|            ( QUESTION0_0_R 1 -1.062e+04 1.468e+02 1.444e+02
|                ( QUESTION2_1_L -1 -9.758e+03 1.321e+02 1.314e+02
|                    ( - -8.676e+02 1 0)
|                    ( - -8.759e+03 6 0 QUESTION0 -1 1.636e+02 1.164e+02))
|                ( - -7.129e+02 2 0)))))
s>    ( QUESTION0_12_R 1 -5.135e+04 3.331e+02 6.484e+02
s>        ( - -6.934e+03 3 0 QUESTION6 1 1.250e+02 8.962e+01)
s>        ( QUESTION19 -1 -4.408e+04 2.639e+02 5.588e+02
s>            ( QUESTION0_0_R 1 -3.293e+04 2.248e+02 4.114e+02
s>                ( - -2.327e+04 3 0)
s>                ( WDBNDRY_B 0 -9.430e+03 1.586e+02 1.195e+02
s>                    ( - -2.060e+03 2 0)
s>                    ( - -7.212e+03 3 0)))
s>            ( QUESTION8 -1 -1.089e+04 1.617e+02 1.474e+02
s>                ( - -1.130e+02 1 0)
s>                ( QUESTION0_0_R 1 -1.062e+04 1.468e+02 1.444e+02
s>                    ( QUESTION2_1_L -1 -9.758e+03 1.321e+02 1.314e+02
s>                        ( - -8.676e+02 1 0)
s>                        ( - -8.759e+03 6 0 QUESTION0 -1 1.636e+02 1.164e+02))
s>                    ( - -7.129e+02 2 0)))))INFO: dtree.c(1315): Comp split 10
INFO: dtree.c(1439): stop. leaf nodes are specific
INFO: dtree.c(1478): Final simple tree
|( QUESTION0_0_R 1 -1.439e+04 2.392e+02 1.801e+02
|    ( QUESTION6 1 -6.934e+03 1.250e+02 8.962e+01
|        ( - -7.228e+02 1 0)
|        ( QUESTION0_13_R 1 -6.086e+03 1.084e+02 7.862e+01
|            ( - -1.878e+02 1 0)
|            ( - -5.790e+03 1 0)))
|    ( - -7.212e+03 3 0))
s>    ( QUESTION0_0_R 1 -1.439e+04 2.392e+02 1.801e+02
s>        ( QUESTION6 1 -6.934e+03 1.250e+02 8.962e+01
s>            ( - -7.228e+02 1 0)
s>            ( QUESTION0_13_R 1 -6.086e+03 1.084e+02 7.862e+01
s>                ( - -1.878e+02 1 0)
s>                ( - -5.790e+03 1 0)))
s>        ( - -7.212e+03 3 0))INFO: dtree.c(1478): Final simple tree
|( WDBNDRY_B 0 -3.661e+04 2.502e+02 4.683e+02
|    ( QUESTION7 -1 -6.344e+03 1.681e+02 8.830e+01
|        ( - 1.762e+01 1 0)
|        ( QUESTION0 -1 -6.193e+03 1.595e+02 8.630e+01
|            ( - -1.130e+02 1 0)
|            ( QUESTION0_0_R 1 -5.921e+03 9.746e+01 8.330e+01
|                ( - -2.929e+03 3 0)
|                ( QUESTION10 -1 -2.894e+03 1.218e+02 4.201e+01
|                    ( - -7.129e+02 2 0)
|                    ( - -2.060e+03 2 0)))))
|    ( QUESTION19 -1 -3.001e+04 1.647e+02 3.800e+02
|        ( - -2.327e+04 3 0)
|        ( QUESTION0 -1 -6.577e+03 1.449e+02 8.811e+01
|            ( - -8.676e+02 1 0)
|            ( - -5.564e+03 2 0))))
s>    ( WDBNDRY_B 0 -3.661e+04 2.502e+02 4.683e+02
s>        ( QUESTION7 -1 -6.344e+03 1.681e+02 8.830e+01
s>            ( - 1.762e+01 1 0)
s>            ( QUESTION0 -1 -6.193e+03 1.595e+02 8.630e+01
s>                ( - -1.130e+02 1 0)
s>                ( QUESTION0_0_R 1 -5.921e+03 9.746e+01 8.330e+01
s>                    ( - -2.929e+03 3 0)
s>                    ( QUESTION10 -1 -2.894e+03 1.218e+02 4.201e+01
s>                        ( - -7.129e+02 2 0)
s>                        ( - -2.060e+03 2 0)))))
s>        ( QUESTION19 -1 -3.001e+04 1.647e+02 3.800e+02
s>            ( - -2.327e+04 3 0)
s>            ( QUESTION0 -1 -6.577e+03 1.449e+02 8.811e+01
s>                ( - -8.676e+02 1 0)
s>                ( - -5.564e+03 2 0))))INFO: dtree.c(1315): Comp split 11
INFO: dtree.c(1478): Final simple tree
|( QUESTION8 -1 -1.387e+04 3.019e+02 1.797e+02
|    ( - 2.227e+02 1 0)
|    ( QUESTION2_7_L -1 -1.379e+04 2.486e+02 1.787e+02
|        ( - -1.883e+03 1 0)
|        ( WDBNDRY_E 0 -1.166e+04 2.140e+02 1.527e+02
|            ( - -2.541e+02 1 0)
|            ( QUESTION0 -1 -1.119e+04 1.928e+02 1.467e+02
|                ( QUESTION1 -1 -7.123e+03 1.617e+02 9.405e+01
|                    ( - -2.118e+02 1 0)
|                    ( - -6.749e+03 7 0 WDBNDRY_B 0 1.517e+02 8.905e+01))
|                ( QUESTION0_0_R 1 -3.879e+03 1.762e+02 5.267e+01
|                    ( QUESTION0 1 -1.868e+03 1.650e+02 2.700e+01
|                        ( - 1.346e+00 1 0)
|                        ( - -1.705e+03 5 0 QUESTION0_9_R 1 1.395e+02 2.500e+01))
|                    ( - -1.834e+03 3 0 WDBNDRY_B 0 1.218e+02 2.566e+01))))))
s>    ( QUESTION8 -1 -1.387e+04 3.019e+02 1.797e+02
s>        ( - 2.227e+02 1 0)
s>        ( QUESTION2_7_L -1 -1.379e+04 2.486e+02 1.787e+02
s>            ( - -1.883e+03 1 0)
s>            ( WDBNDRY_E 0 -1.166e+04 2.140e+02 1.527e+02
s>                ( - -2.541e+02 1 0)
s>                ( QUESTION0 -1 -1.119e+04 1.928e+02 1.467e+02
s>                    ( QUESTION1 -1 -7.123e+03 1.617e+02 9.405e+01
s>                        ( - -2.118e+02 1 0)
s>                        ( - -6.749e+03 7 0 WDBNDRY_B 0 1.517e+02 8.905e+01))
s>                    ( QUESTION0_0_R 1 -3.879e+03 1.762e+02 5.267e+01
s>                        ( QUESTION0 1 -1.868e+03 1.650e+02 2.700e+01
s>                            ( - 1.346e+00 1 0)
s>                            ( - -1.705e+03 5 0 QUESTION0_9_R 1 1.395e+02 2.500e+01))
s>                        ( - -1.834e+03 3 0 WDBNDRY_B 0 1.218e+02 2.566e+01))))))INFO: dtree.c(1478): Final simple tree
|( QUESTION0_12_R 1 -1.788e+04 3.063e+02 2.457e+02
|    ( - 2.418e+02 1 0)
|    ( QUESTION16 1 -1.782e+04 2.997e+02 2.447e+02
|        ( - 2.325e+02 1 0)
|        ( SILENCE 1 -1.775e+04 2.062e+02 2.437e+02
|            ( - -2.352e+03 1 0)
|            ( QUESTION0_0_R 1 -1.519e+04 1.865e+02 2.086e+02
|                ( QUESTION0_9_R 1 -1.001e+04 1.593e+02 1.403e+02
|                    ( - 2.461e+01 1 0)
|                    ( QUESTION0_2_R 1 -9.878e+03 1.194e+02 1.383e+02
|                        ( - -6.160e+02 1 0)
|                        ( - -9.143e+03 2 0 WDBNDRY_E 0 1.075e+02 1.281e+02)))
|                ( WDBNDRY_E 0 -4.991e+03 1.326e+02 6.829e+01
|                    ( - -1.789e+02 2 0)
|                    ( - -4.679e+03 2 0))))))
s>    ( QUESTION0_12_R 1 -1.788e+04 3.063e+02 2.457e+02
s>        ( - 2.418e+02 1 0)
s>        ( QUESTION16 1 -1.782e+04 2.997e+02 2.447e+02
s>            ( - 2.325e+02 1 0)
s>            ( SILENCE 1 -1.775e+04 2.062e+02 2.437e+02
s>                ( - -2.352e+03 1 0)
s>                ( QUESTION0_0_R 1 -1.519e+04 1.865e+02 2.086e+02
s>                    ( QUESTION0_9_R 1 -1.001e+04 1.593e+02 1.403e+02
s>                        ( - 2.461e+01 1 0)
s>                        ( QUESTION0_2_R 1 -9.878e+03 1.194e+02 1.383e+02
s>                            ( - -6.160e+02 1 0)
s>                            ( - -9.143e+03 2 0 WDBNDRY_E 0 1.075e+02 1.281e+02)))
s>                    ( WDBNDRY_E 0 -4.991e+03 1.326e+02 6.829e+01
s>                        ( - -1.789e+02 2 0)
s>                        ( - -4.679e+03 2 0))))))INFO: dtree.c(1315): Comp split 12
INFO: dtree.c(1439): stop. leaf nodes are specific
INFO: dtree.c(1478): Final simple tree
|( QUESTION0_0_R 1 -6.895e+03 1.073e+02 9.830e+01
|    ( WDBNDRY_B 0 -3.893e+03 9.684e+01 5.629e+01
|        ( - -2.929e+03 3 0)
|        ( - -8.676e+02 1 0))
|    ( QUESTION10 -1 -2.894e+03 1.218e+02 4.201e+01
|        ( - -7.129e+02 2 0)
|        ( - -2.060e+03 2 0)))
s>    ( QUESTION0_0_R 1 -6.895e+03 1.073e+02 9.830e+01
s>        ( WDBNDRY_B 0 -3.893e+03 9.684e+01 5.629e+01
s>            ( - -2.929e+03 3 0)
s>            ( - -8.676e+02 1 0))
s>        ( QUESTION10 -1 -2.894e+03 1.218e+02 4.201e+01
s>            ( - -7.129e+02 2 0)
s>            ( - -2.060e+03 2 0)))INFO: dtree.c(1439): stop. leaf nodes are specific
INFO: dtree.c(1478): Final simple tree
|( QUESTION7 -1 -2.940e+04 1.656e+02 3.700e+02
|    ( - 1.762e+01 1 0)
|    ( WDBNDRY_B 0 -2.925e+04 1.603e+02 3.680e+02
|        ( - -1.130e+02 1 0)
|        ( QUESTION10 -1 -2.898e+04 1.453e+02 3.650e+02
|            ( - -5.564e+03 2 0)
|            ( - -2.327e+04 3 0))))
s>    ( QUESTION7 -1 -2.940e+04 1.656e+02 3.700e+02
s>        ( - 1.762e+01 1 0)
s>        ( WDBNDRY_B 0 -2.925e+04 1.603e+02 3.680e+02
s>            ( - -1.130e+02 1 0)
s>            ( QUESTION10 -1 -2.898e+04 1.453e+02 3.650e+02
s>                ( - -5.564e+03 2 0)
s>                ( - -2.327e+04 3 0))))INFO: dtree.c(1315): Comp split 13
INFO: dtree.c(1478): Final simple tree
|( QUESTION16 1 -1.782e+04 2.997e+02 2.447e+02
|    ( - 2.325e+02 1 0)
|    ( SILENCE 1 -1.775e+04 2.062e+02 2.437e+02
|        ( - -2.352e+03 1 0)
|        ( QUESTION0_0_R 1 -1.519e+04 1.865e+02 2.086e+02
|            ( QUESTION0_9_R 1 -1.001e+04 1.593e+02 1.403e+02
|                ( - 2.461e+01 1 0)
|                ( QUESTION0_2_R 1 -9.878e+03 1.194e+02 1.383e+02
|                    ( - -6.160e+02 1 0)
|                    ( WDBNDRY_E 0 -9.143e+03 1.075e+02 1.281e+02
|                        ( - -2.265e+02 1 0)
|                        ( - -8.809e+03 1 0))))
|            ( WDBNDRY_E 0 -4.991e+03 1.326e+02 6.829e+01
|                ( - -1.789e+02 2 0)
|                ( - -4.679e+03 2 0)))))
s>    ( QUESTION16 1 -1.782e+04 2.997e+02 2.447e+02
s>        ( - 2.325e+02 1 0)
s>        ( SILENCE 1 -1.775e+04 2.062e+02 2.437e+02
s>            ( - -2.352e+03 1 0)
s>            ( QUESTION0_0_R 1 -1.519e+04 1.865e+02 2.086e+02
s>                ( QUESTION0_9_R 1 -1.001e+04 1.593e+02 1.403e+02
s>                    ( - 2.461e+01 1 0)
s>                    ( QUESTION0_2_R 1 -9.878e+03 1.194e+02 1.383e+02
s>                        ( - -6.160e+02 1 0)
s>                        ( WDBNDRY_E 0 -9.143e+03 1.075e+02 1.281e+02
s>                            ( - -2.265e+02 1 0)
s>                            ( - -8.809e+03 1 0))))
s>                ( WDBNDRY_E 0 -4.991e+03 1.326e+02 6.829e+01
s>                    ( - -1.789e+02 2 0)
s>                    ( - -4.679e+03 2 0)))))INFO: dtree.c(1315): Comp split 14
INFO: dtree.c(1439): stop. leaf nodes are specific
INFO: dtree.c(1478): Final simple tree
|( QUESTION13 -1 -2.655e+03 1.462e+02 4.200e+01
|    ( - -1.102e+02 1 0)
|    ( QUESTION2_0_L -1 -2.398e+03 1.220e+02 3.800e+01
|        ( QUESTION0 1 -1.589e+03 1.222e+02 2.600e+01
|            ( - -4.721e+02 2 0)
|            ( QUESTION10 -1 -9.952e+02 1.092e+02 1.700e+01
|                ( - -2.943e+02 1 0)
|                ( - -5.917e+02 1 0)))
|        ( QUESTION0 1 -6.868e+02 1.461e+02 1.200e+01
|            ( - -4.793e+02 1 0)
|            ( - -6.135e+01 1 0))))
s>    ( QUESTION13 -1 -2.655e+03 1.462e+02 4.200e+01
s>        ( - -1.102e+02 1 0)
s>        ( QUESTION2_0_L -1 -2.398e+03 1.220e+02 3.800e+01
s>            ( QUESTION0 1 -1.589e+03 1.222e+02 2.600e+01
s>                ( - -4.721e+02 2 0)
s>                ( QUESTION10 -1 -9.952e+02 1.092e+02 1.700e+01
s>                    ( - -2.943e+02 1 0)
s>                    ( - -5.917e+02 1 0)))
s>            ( QUESTION0 1 -6.868e+02 1.461e+02 1.200e+01
s>                ( - -4.793e+02 1 0)
s>                ( - -6.135e+01 1 0))))INFO: dtree.c(1439): stop. leaf nodes are specific
INFO: dtree.c(1478): Final simple tree
|( QUESTION0_12_R 1 -1.975e+04 1.750e+02 2.643e+02
|    ( QUESTION0_13_R 1 -7.700e+03 1.343e+02 1.083e+02
|        ( - -1.147e+03 2 0)
|        ( QUESTION3 1 -6.419e+03 1.249e+02 9.132e+01
|            ( - -5.325e+03 5 0)
|            ( - -9.684e+02 1 0)))
|    ( QUESTION0_2_R 1 -1.187e+04 1.483e+02 1.560e+02
|        ( - -7.262e+02 2 0)
|        ( QUESTION14 1 -1.100e+04 1.348e+02 1.450e+02
|            ( - -4.812e+02 1 0)
|            ( QUESTION0_0_R 1 -1.038e+04 1.180e+02 1.370e+02
|                ( - -3.746e+03 2 0)
|                ( - -6.518e+03 7 0)))))
s>    ( QUESTION0_12_R 1 -1.975e+04 1.750e+02 2.643e+02
s>        ( QUESTION0_13_R 1 -7.700e+03 1.343e+02 1.083e+02
s>            ( - -1.147e+03 2 0)
s>            ( QUESTION3 1 -6.419e+03 1.249e+02 9.132e+01
s>                ( - -5.325e+03 5 0)
s>                ( - -9.684e+02 1 0)))
s>        ( QUESTION0_2_R 1 -1.187e+04 1.483e+02 1.560e+02
s>            ( - -7.262e+02 2 0)
s>            ( QUESTION14 1 -1.100e+04 1.348e+02 1.450e+02
s>                ( - -4.812e+02 1 0)
s>                ( QUESTION0_0_R 1 -1.038e+04 1.180e+02 1.370e+02
s>                    ( - -3.746e+03 2 0)
s>                    ( - -6.518e+03 7 0)))))INFO: dtree.c(1315): Comp split 15
INFO: dtree.c(1478): Final simple tree
|( QUESTION2_7_L -1 -1.379e+04 2.486e+02 1.787e+02
|    ( - -1.883e+03 1 0)
|    ( WDBNDRY_E 0 -1.166e+04 2.140e+02 1.527e+02
|        ( - -2.541e+02 1 0)
|        ( QUESTION0 -1 -1.119e+04 1.928e+02 1.467e+02
|            ( QUESTION1 -1 -7.123e+03 1.617e+02 9.405e+01
|                ( - -2.118e+02 1 0)
|                ( WDBNDRY_B 0 -6.749e+03 1.517e+02 8.905e+01
|                    ( - -8.613e+02 2 0 QUESTION0_0_R 1 1.628e+02 1.300e+01)
|                    ( - -5.736e+03 5 0 QUESTION5 -1 3.269e+02 7.605e+01)))
|            ( QUESTION0_0_R 1 -3.879e+03 1.762e+02 5.267e+01
|                ( QUESTION0 1 -1.868e+03 1.650e+02 2.700e+01
|                    ( - 1.346e+00 1 0)
|                    ( - -1.705e+03 5 0 QUESTION0_9_R 1 1.395e+02 2.500e+01))
|                ( - -1.834e+03 3 0 WDBNDRY_B 0 1.218e+02 2.566e+01)))))
s>    ( QUESTION2_7_L -1 -1.379e+04 2.486e+02 1.787e+02
s>        ( - -1.883e+03 1 0)
s>        ( WDBNDRY_E 0 -1.166e+04 2.140e+02 1.527e+02
s>            ( - -2.541e+02 1 0)
s>            ( QUESTION0 -1 -1.119e+04 1.928e+02 1.467e+02
s>                ( QUESTION1 -1 -7.123e+03 1.617e+02 9.405e+01
s>                    ( - -2.118e+02 1 0)
s>                    ( WDBNDRY_B 0 -6.749e+03 1.517e+02 8.905e+01
s>                        ( - -8.613e+02 2 0 QUESTION0_0_R 1 1.628e+02 1.300e+01)
s>                        ( - -5.736e+03 5 0 QUESTION5 -1 3.269e+02 7.605e+01)))
s>                ( QUESTION0_0_R 1 -3.879e+03 1.762e+02 5.267e+01
s>                    ( QUESTION0 1 -1.868e+03 1.650e+02 2.700e+01
s>                        ( - 1.346e+00 1 0)
s>                        ( - -1.705e+03 5 0 QUESTION0_9_R 1 1.395e+02 2.500e+01))
s>                    ( - -1.834e+03 3 0 WDBNDRY_B 0 1.218e+02 2.566e+01)))))INFO: dtree.c(1315): Comp split 16
INFO: dtree.c(1439): stop. leaf nodes are specific
INFO: dtree.c(1478): Final simple tree
|( SILENCE 1 -1.775e+04 2.062e+02 2.437e+02
|    ( - -2.352e+03 1 0)
|    ( QUESTION0_0_R 1 -1.519e+04 1.865e+02 2.086e+02
|        ( QUESTION0_9_R 1 -1.001e+04 1.593e+02 1.403e+02
|            ( - 2.461e+01 1 0)
|            ( QUESTION0_2_R 1 -9.878e+03 1.194e+02 1.383e+02
|                ( - -6.160e+02 1 0)
|                ( WDBNDRY_E 0 -9.143e+03 1.075e+02 1.281e+02
|                    ( - -2.265e+02 1 0)
|                    ( - -8.809e+03 1 0))))
|        ( WDBNDRY_E 0 -4.991e+03 1.326e+02 6.829e+01
|            ( - -1.789e+02 2 0)
|            ( - -4.679e+03 2 0))))
s>    ( SILENCE 1 -1.775e+04 2.062e+02 2.437e+02
s>        ( - -2.352e+03 1 0)
s>        ( QUESTION0_0_R 1 -1.519e+04 1.865e+02 2.086e+02
s>            ( QUESTION0_9_R 1 -1.001e+04 1.593e+02 1.403e+02
s>                ( - 2.461e+01 1 0)
s>                ( QUESTION0_2_R 1 -9.878e+03 1.194e+02 1.383e+02
s>                    ( - -6.160e+02 1 0)
s>                    ( WDBNDRY_E 0 -9.143e+03 1.075e+02 1.281e+02
s>                        ( - -2.265e+02 1 0)
s>                        ( - -8.809e+03 1 0))))
s>            ( WDBNDRY_E 0 -4.991e+03 1.326e+02 6.829e+01
s>                ( - -1.789e+02 2 0)
s>                ( - -4.679e+03 2 0))))INFO: dtree.c(1315): Comp split 17
INFO: dtree.c(1478): Final simple tree
|( QUESTION0 -1 -1.119e+04 1.928e+02 1.467e+02
|    ( QUESTION1 -1 -7.123e+03 1.617e+02 9.405e+01
|        ( - -2.118e+02 1 0)
|        ( WDBNDRY_B 0 -6.749e+03 1.517e+02 8.905e+01
|            ( QUESTION0_0_R 1 -8.613e+02 1.628e+02 1.300e+01
|                ( - -6.165e+02 1 0)
|                ( - -8.198e+01 1 0))
|            ( QUESTION5 -1 -5.736e+03 3.269e+02 7.605e+01
|                ( - 2.418e+02 1 0)
|                ( - -5.651e+03 4 0 QUESTION0_0_R 1 1.319e+02 7.505e+01))))
|    ( QUESTION0_0_R 1 -3.879e+03 1.762e+02 5.267e+01
|        ( QUESTION0 1 -1.868e+03 1.650e+02 2.700e+01
|            ( - 1.346e+00 1 0)
|            ( - -1.705e+03 5 0 QUESTION0_9_R 1 1.395e+02 2.500e+01))
|        ( - -1.834e+03 3 0 WDBNDRY_B 0 1.218e+02 2.566e+01)))
s>    ( QUESTION0 -1 -1.119e+04 1.928e+02 1.467e+02
s>        ( QUESTION1 -1 -7.123e+03 1.617e+02 9.405e+01
s>            ( - -2.118e+02 1 0)
s>            ( WDBNDRY_B 0 -6.749e+03 1.517e+02 8.905e+01
s>                ( QUESTION0_0_R 1 -8.613e+02 1.628e+02 1.300e+01
s>                    ( - -6.165e+02 1 0)
s>                    ( - -8.198e+01 1 0))
s>                ( QUESTION5 -1 -5.736e+03 3.269e+02 7.605e+01
s>                    ( - 2.418e+02 1 0)
s>                    ( - -5.651e+03 4 0 QUESTION0_0_R 1 1.319e+02 7.505e+01))))
s>        ( QUESTION0_0_R 1 -3.879e+03 1.762e+02 5.267e+01
s>            ( QUESTION0 1 -1.868e+03 1.650e+02 2.700e+01
s>                ( - 1.346e+00 1 0)
s>                ( - -1.705e+03 5 0 QUESTION0_9_R 1 1.395e+02 2.500e+01))
s>            ( - -1.834e+03 3 0 WDBNDRY_B 0 1.218e+02 2.566e+01)))INFO: dtree.c(1439): stop. leaf nodes are specific
INFO: dtree.c(1478): Final simple tree
|( WDBNDRY_E 0 -2.338e+03 2.006e+02 3.195e+01
|    ( - -2.541e+02 1 0)
|    ( - -1.883e+03 1 0))
s>    ( WDBNDRY_E 0 -2.338e+03 2.006e+02 3.195e+01
s>        ( - -2.541e+02 1 0)
s>        ( - -1.883e+03 1 0))INFO: dtree.c(1315): Comp split 18
INFO: dtree.c(1478): Final simple tree
|( QUESTION10 1 -1.111e+04 1.960e+02 1.457e+02
|    ( QUESTION1 -1 -3.331e+03 1.780e+02 4.700e+01
|        ( - -2.118e+02 1 0)
|        ( QUESTION4 -1 -2.942e+03 1.415e+02 4.200e+01
|            ( WDBNDRY_B 0 -7.038e+02 3.149e+02 1.100e+01
|                ( - -6.165e+02 1 0)
|                ( - 2.275e+02 1 0))
|            ( - -2.096e+03 6 0 QUESTION0_9_R 1 1.370e+02 3.100e+01)))
|    ( QUESTION3 -1 -7.579e+03 1.695e+02 9.871e+01
|        ( - -5.012e+03 1 0)
|        ( QUESTION0_0_R 1 -2.398e+03 1.856e+02 3.266e+01
|            ( - 1.346e+00 1 0)
|            ( QUESTION5 -1 -2.214e+03 1.582e+02 3.066e+01
|                ( - -8.198e+01 1 0)
|                ( - -1.974e+03 4 0 QUESTION12 -1 1.200e+02 2.766e+01)))))
s>    ( QUESTION10 1 -1.111e+04 1.960e+02 1.457e+02
s>        ( QUESTION1 -1 -3.331e+03 1.780e+02 4.700e+01
s>            ( - -2.118e+02 1 0)
s>            ( QUESTION4 -1 -2.942e+03 1.415e+02 4.200e+01
s>                ( WDBNDRY_B 0 -7.038e+02 3.149e+02 1.100e+01
s>                    ( - -6.165e+02 1 0)
s>                    ( - 2.275e+02 1 0))
s>                ( - -2.096e+03 6 0 QUESTION0_9_R 1 1.370e+02 3.100e+01)))
s>        ( QUESTION3 -1 -7.579e+03 1.695e+02 9.871e+01
s>            ( - -5.012e+03 1 0)
s>            ( QUESTION0_0_R 1 -2.398e+03 1.856e+02 3.266e+01
s>                ( - 1.346e+00 1 0)
s>                ( QUESTION5 -1 -2.214e+03 1.582e+02 3.066e+01
s>                    ( - -8.198e+01 1 0)
s>                    ( - -1.974e+03 4 0 QUESTION12 -1 1.200e+02 2.766e+01)))))INFO: dtree.c(1315): Comp split 19
INFO: dtree.c(1478): Final simple tree
|( QUESTION0 -1 -1.104e+04 1.937e+02 1.447e+02
|    ( QUESTION1 -1 -6.964e+03 1.620e+02 9.205e+01
|        ( - -2.118e+02 1 0)
|        ( QUESTION5 -1 -6.591e+03 1.541e+02 8.705e+01
|            ( - -8.198e+01 1 0)
|            ( WDBNDRY_B 0 -6.354e+03 1.593e+02 8.405e+01
|                ( - -6.165e+02 1 0)
|                ( - -5.579e+03 3 0 QUESTION0_0_R 1 1.212e+02 7.405e+01))))
|    ( QUESTION0_0_R 1 -3.879e+03 1.762e+02 5.267e+01
|        ( QUESTION0 1 -1.868e+03 1.650e+02 2.700e+01
|            ( - 1.346e+00 1 0)
|            ( QUESTION0_9_R 1 -1.705e+03 1.395e+02 2.500e+01
|                ( - -2.212e+02 2 0 WDBNDRY_B 0 3.563e+02 5.000e+00)
|                ( - -1.344e+03 3 0 WDBNDRY_B 0 1.854e+02 2.000e+01)))
|        ( - -1.834e+03 3 0 WDBNDRY_B 0 1.218e+02 2.566e+01)))
s>    ( QUESTION0 -1 -1.104e+04 1.937e+02 1.447e+02
s>        ( QUESTION1 -1 -6.964e+03 1.620e+02 9.205e+01
s>            ( - -2.118e+02 1 0)
s>            ( QUESTION5 -1 -6.591e+03 1.541e+02 8.705e+01
s>                ( - -8.198e+01 1 0)
s>                ( WDBNDRY_B 0 -6.354e+03 1.593e+02 8.405e+01
s>                    ( - -6.165e+02 1 0)
s>                    ( - -5.579e+03 3 0 QUESTION0_0_R 1 1.212e+02 7.405e+01))))
s>        ( QUESTION0_0_R 1 -3.879e+03 1.762e+02 5.267e+01
s>            ( QUESTION0 1 -1.868e+03 1.650e+02 2.700e+01
s>                ( - 1.346e+00 1 0)
s>                ( QUESTION0_9_R 1 -1.705e+03 1.395e+02 2.500e+01
s>                    ( - -2.212e+02 2 0 WDBNDRY_B 0 3.563e+02 5.000e+00)
s>                    ( - -1.344e+03 3 0 WDBNDRY_B 0 1.854e+02 2.000e+01)))
s>            ( - -1.834e+03 3 0 WDBNDRY_B 0 1.218e+02 2.566e+01)))INFO: dtree.c(1315): Comp split 20
INFO: dtree.c(1439): stop. leaf nodes are specific
INFO: dtree.c(1478): Final simple tree
|( QUESTION0_1_R 1 -1.436e+04 2.056e+02 1.993e+02
|    ( - -7.164e+03 4 0)
|    ( QUESTION4 1 -6.987e+03 1.392e+02 9.914e+01
|        ( - -7.172e+01 1 0)
|        ( QUESTION0_13_R 1 -6.776e+03 1.371e+02 9.614e+01
|            ( - -4.931e+01 1 0)
|            ( QUESTION2_0_L -1 -6.590e+03 1.207e+02 9.314e+01
|                ( - -6.111e+03 6 0)
|                ( - -3.577e+02 1 0)))))
s>    ( QUESTION0_1_R 1 -1.436e+04 2.056e+02 1.993e+02
s>        ( - -7.164e+03 4 0)
s>        ( QUESTION4 1 -6.987e+03 1.392e+02 9.914e+01
s>            ( - -7.172e+01 1 0)
s>            ( QUESTION0_13_R 1 -6.776e+03 1.371e+02 9.614e+01
s>                ( - -4.931e+01 1 0)
s>                ( QUESTION2_0_L -1 -6.590e+03 1.207e+02 9.314e+01
s>                    ( - -6.111e+03 6 0)
s>                    ( - -3.577e+02 1 0)))))INFO: dtree.c(1439): stop. leaf nodes are specific
INFO: dtree.c(1478): Final simple tree
|( QUESTION0_20_R 1 -6.164e+03 1.616e+02 7.931e+01
|    ( - -3.705e+03 3 0)
|    ( SILENCE 1 -2.298e+03 1.328e+02 2.988e+01
|        ( - -2.046e+03 2 0)
|        ( - -1.186e+02 1 0)))
s>    ( QUESTION0_20_R 1 -6.164e+03 1.616e+02 7.931e+01
s>        ( - -3.705e+03 3 0)
s>        ( SILENCE 1 -2.298e+03 1.328e+02 2.988e+01
s>            ( - -2.046e+03 2 0)
s>            ( - -1.186e+02 1 0)))INFO: dtree.c(1315): Comp split 21
INFO: dtree.c(1439): stop. leaf nodes are specific
INFO: dtree.c(1478): Final simple tree
|( WDBNDRY_E 0 -2.147e+04 1.408e+02 3.045e+02
|    ( - -1.995e+03 2 0)
|    ( - -1.934e+04 3 0))
s>    ( WDBNDRY_E 0 -2.147e+04 1.408e+02 3.045e+02
s>        ( - -1.995e+03 2 0)
s>        ( - -1.934e+04 3 0))INFO: dtree.c(1315): Comp split 22
INFO: dtree.c(1439): stop. leaf nodes are specific
INFO: dtree.c(1478): Final simple tree
|( SILENCE 1 -6.159e+03 1.431e+02 8.674e+01
|    ( - -6.027e+03 2 0)
|    ( - 1.126e+01 1 0))
s>    ( SILENCE 1 -6.159e+03 1.431e+02 8.674e+01
s>        ( - -6.027e+03 2 0)
s>        ( - 1.126e+01 1 0))INFO: dtree.c(1439): stop. leaf nodes are specific
INFO: dtree.c(1478): Final simple tree
|( QUESTION0_8_R 1 -2.056e+04 2.207e+02 2.605e+02
|    ( - -1.690e+03 1 0)
|    ( QUESTION0_0_R 1 -1.865e+04 1.639e+02 2.380e+02
|        ( QUESTION0_1_R 1 -7.458e+03 1.395e+02 9.470e+01
|            ( - -1.310e+03 2 0)
|            ( QUESTION2_0_L -1 -6.009e+03 1.178e+02 7.571e+01
|                ( - -5.295e+03 4 0)
|                ( - -5.965e+02 2 0)))
|        ( QUESTION2_0_L -1 -1.103e+04 1.209e+02 1.433e+02
|            ( - -1.015e+04 11 0)
|            ( SILENCE 1 -7.544e+02 7.787e+01 1.200e+01
|                ( - -1.789e+02 1 0)
|                ( - -4.975e+02 2 0)))))
s>    ( QUESTION0_8_R 1 -2.056e+04 2.207e+02 2.605e+02
s>        ( - -1.690e+03 1 0)
s>        ( QUESTION0_0_R 1 -1.865e+04 1.639e+02 2.380e+02
s>            ( QUESTION0_1_R 1 -7.458e+03 1.395e+02 9.470e+01
s>                ( - -1.310e+03 2 0)
s>                ( QUESTION2_0_L -1 -6.009e+03 1.178e+02 7.571e+01
s>                    ( - -5.295e+03 4 0)
s>                    ( - -5.965e+02 2 0)))
s>            ( QUESTION2_0_L -1 -1.103e+04 1.209e+02 1.433e+02
s>                ( - -1.015e+04 11 0)
s>                ( SILENCE 1 -7.544e+02 7.787e+01 1.200e+01
s>                    ( - -1.789e+02 1 0)
s>                    ( - -4.975e+02 2 0)))))INFO: dtree.c(1315): Comp split 23
INFO: dtree.c(1439): stop. leaf nodes are specific
INFO: dtree.c(1478): Final simple tree
|( QUESTION6 1 -6.934e+03 1.250e+02 8.962e+01
|    ( - -7.228e+02 1 0)
|    ( QUESTION0_13_R 1 -6.086e+03 1.084e+02 7.862e+01
|        ( - -1.878e+02 1 0)
|        ( - -5.790e+03 1 0)))
s>    ( QUESTION6 1 -6.934e+03 1.250e+02 8.962e+01
s>        ( - -7.228e+02 1 0)
s>        ( QUESTION0_13_R 1 -6.086e+03 1.084e+02 7.862e+01
s>            ( - -1.878e+02 1 0)
s>            ( - -5.790e+03 1 0)))INFO: dtree.c(1315): Comp split 24
INFO: dtree.c(1478): Final simple tree
|( QUESTION0_10_R 1 -3.936e+03 1.645e+02 5.367e+01
|    ( WDBNDRY_B 0 -1.344e+03 1.854e+02 2.000e+01
|        ( - 2.726e+01 1 0)
|        ( QUESTION11 -1 -1.186e+03 3.196e+02 1.800e+01
|            ( - -1.096e+03 1 0)
|            ( - 2.295e+02 1 0)))
|    ( WDBNDRY_B 0 -2.428e+03 1.519e+02 3.366e+01
|        ( QUESTION0_0_R 1 -1.029e+03 1.473e+02 1.600e+01
|            ( - -9.675e+01 1 0)
|            ( QUESTION0 -1 -7.854e+02 1.460e+02 1.200e+01
|                ( - -8.198e+01 1 0)
|                ( - -5.574e+02 1 0)))
|        ( QUESTION0_0_R 1 -1.247e+03 3.237e+02 1.766e+01
|            ( - 2.318e+02 1 0)
|            ( - -1.155e+03 2 0))))
s>    ( QUESTION0_10_R 1 -3.936e+03 1.645e+02 5.367e+01
s>        ( WDBNDRY_B 0 -1.344e+03 1.854e+02 2.000e+01
s>            ( - 2.726e+01 1 0)
s>            ( QUESTION11 -1 -1.186e+03 3.196e+02 1.800e+01
s>                ( - -1.096e+03 1 0)
s>                ( - 2.295e+02 1 0)))
s>        ( WDBNDRY_B 0 -2.428e+03 1.519e+02 3.366e+01
s>            ( QUESTION0_0_R 1 -1.029e+03 1.473e+02 1.600e+01
s>                ( - -9.675e+01 1 0)
s>                ( QUESTION0 -1 -7.854e+02 1.460e+02 1.200e+01
s>                    ( - -8.198e+01 1 0)
s>                    ( - -5.574e+02 1 0)))
s>            ( QUESTION0_0_R 1 -1.247e+03 3.237e+02 1.766e+01
s>                ( - 2.318e+02 1 0)
s>                ( - -1.155e+03 2 0))))INFO: dtree.c(1439): stop. leaf nodes are specific
INFO: dtree.c(1478): Final simple tree
|( QUESTION1 -1 -6.878e+03 1.633e+02 9.105e+01
|    ( - -2.118e+02 1 0)
|    ( WDBNDRY_B 0 -6.503e+03 1.606e+02 8.605e+01
|        ( - -6.165e+02 1 0)
|        ( QUESTION0_9_R 1 -5.726e+03 1.490e+02 7.605e+01
|            ( - 1.346e+00 1 0)
|            ( QUESTION0_0_R 1 -5.579e+03 1.212e+02 7.405e+01
|                ( - -2.958e+02 1 0)
|                ( QUESTION3 -1 -5.162e+03 1.177e+02 6.805e+01
|                    ( - -5.012e+03 1 0)
|                    ( - -3.211e+01 1 0))))))
s>    ( QUESTION1 -1 -6.878e+03 1.633e+02 9.105e+01
s>        ( - -2.118e+02 1 0)
s>        ( WDBNDRY_B 0 -6.503e+03 1.606e+02 8.605e+01
s>            ( - -6.165e+02 1 0)
s>            ( QUESTION0_9_R 1 -5.726e+03 1.490e+02 7.605e+01
s>                ( - 1.346e+00 1 0)
s>                ( QUESTION0_0_R 1 -5.579e+03 1.212e+02 7.405e+01
s>                    ( - -2.958e+02 1 0)
s>                    ( QUESTION3 -1 -5.162e+03 1.177e+02 6.805e+01
s>                        ( - -5.012e+03 1 0)
s>                        ( - -3.211e+01 1 0))))))INFO: dtree.c(1315): Comp split 25
INFO: dtree.c(1439): stop. leaf nodes are specific
INFO: dtree.c(1478): Final simple tree
|( QUESTION0_9_R 1 -3.851e+03 1.719e+02 5.267e+01
|    ( - -9.675e+01 1 0)
|    ( QUESTION12 -1 -3.582e+03 1.768e+02 4.867e+01
|        ( WDBNDRY_B 0 -1.400e+03 1.893e+02 1.966e+01
|            ( - 2.726e+01 1 0)
|            ( QUESTION0_0_R 1 -1.238e+03 3.125e+02 1.766e+01
|                ( - 2.295e+02 1 0)
|                ( - -1.155e+03 2 0)))
|        ( QUESTION0 -1 -2.006e+03 1.537e+02 2.900e+01
|            ( - -8.198e+01 1 0)
|            ( WDBNDRY_B 0 -1.770e+03 1.169e+02 2.600e+01
|                ( - -5.574e+02 1 0)
|                ( - -1.096e+03 1 0)))))
s>    ( QUESTION0_9_R 1 -3.851e+03 1.719e+02 5.267e+01
s>        ( - -9.675e+01 1 0)
s>        ( QUESTION12 -1 -3.582e+03 1.768e+02 4.867e+01
s>            ( WDBNDRY_B 0 -1.400e+03 1.893e+02 1.966e+01
s>                ( - 2.726e+01 1 0)
s>                ( QUESTION0_0_R 1 -1.238e+03 3.125e+02 1.766e+01
s>                    ( - 2.295e+02 1 0)
s>                    ( - -1.155e+03 2 0)))
s>            ( QUESTION0 -1 -2.006e+03 1.537e+02 2.900e+01
s>                ( - -8.198e+01 1 0)
s>                ( WDBNDRY_B 0 -1.770e+03 1.169e+02 2.600e+01
s>                    ( - -5.574e+02 1 0)
s>                    ( - -1.096e+03 1 0)))))INFO: dtree.c(1315): Comp split 26
INFO: dtree.c(1439): stop. leaf nodes are specific
INFO: dtree.c(1478): Final simple tree
|( QUESTION0_9_R 1 -3.767e+03 1.713e+02 5.167e+01
|    ( - -9.675e+01 1 0)
|    ( QUESTION12 -1 -3.498e+03 1.724e+02 4.767e+01
|        ( WDBNDRY_B 0 -1.320e+03 1.927e+02 1.866e+01
|            ( - 2.726e+01 1 0)
|            ( - -1.155e+03 2 0))
|        ( QUESTION0 -1 -2.006e+03 1.537e+02 2.900e+01
|            ( - -8.198e+01 1 0)
|            ( WDBNDRY_B 0 -1.770e+03 1.169e+02 2.600e+01
|                ( - -5.574e+02 1 0)
|                ( - -1.096e+03 1 0)))))
s>    ( QUESTION0_9_R 1 -3.767e+03 1.713e+02 5.167e+01
s>        ( - -9.675e+01 1 0)
s>        ( QUESTION12 -1 -3.498e+03 1.724e+02 4.767e+01
s>            ( WDBNDRY_B 0 -1.320e+03 1.927e+02 1.866e+01
s>                ( - 2.726e+01 1 0)
s>                ( - -1.155e+03 2 0))
s>            ( QUESTION0 -1 -2.006e+03 1.537e+02 2.900e+01
s>                ( - -8.198e+01 1 0)
s>                ( WDBNDRY_B 0 -1.770e+03 1.169e+02 2.600e+01
s>                    ( - -5.574e+02 1 0)
s>                    ( - -1.096e+03 1 0)))))INFO: dtree.c(1315): Comp split 27
INFO: dtree.c(1439): stop. leaf nodes are specific
INFO: dtree.c(1478): Final simple tree
|( QUESTION0_0_R 1 -1.865e+04 1.639e+02 2.380e+02
|    ( QUESTION0_1_R 1 -7.458e+03 1.395e+02 9.470e+01
|        ( - -1.310e+03 2 0)
|        ( QUESTION2_0_L -1 -6.009e+03 1.178e+02 7.571e+01
|            ( - -5.295e+03 4 0)
|            ( - -5.965e+02 2 0)))
|    ( QUESTION2_0_L -1 -1.103e+04 1.209e+02 1.433e+02
|        ( - -1.015e+04 11 0)
|        ( SILENCE 1 -7.544e+02 7.787e+01 1.200e+01
|            ( - -1.789e+02 1 0)
|            ( - -4.975e+02 2 0))))
s>    ( QUESTION0_0_R 1 -1.865e+04 1.639e+02 2.380e+02
s>        ( QUESTION0_1_R 1 -7.458e+03 1.395e+02 9.470e+01
s>            ( - -1.310e+03 2 0)
s>            ( QUESTION2_0_L -1 -6.009e+03 1.178e+02 7.571e+01
s>                ( - -5.295e+03 4 0)
s>                ( - -5.965e+02 2 0)))
s>        ( QUESTION2_0_L -1 -1.103e+04 1.209e+02 1.433e+02
s>            ( - -1.015e+04 11 0)
s>            ( SILENCE 1 -7.544e+02 7.787e+01 1.200e+01
s>                ( - -1.789e+02 1 0)
s>                ( - -4.975e+02 2 0))))INFO: dtree.c(1315): Comp split 28
INFO: dtree.c(1439): stop. leaf nodes are specific
INFO: dtree.c(1478): Final simple tree
|( QUESTION0_0_R 1 -6.511e+03 1.586e+02 8.432e+01
|    ( QUESTION11 -1 -6.183e+03 1.342e+02 8.032e+01
|        ( - -3.178e+03 1 0)
|        ( - -2.871e+03 1 0))
|    ( - -1.690e+02 1 0))
s>    ( QUESTION0_0_R 1 -6.511e+03 1.586e+02 8.432e+01
s>        ( QUESTION11 -1 -6.183e+03 1.342e+02 8.032e+01
s>            ( - -3.178e+03 1 0)
s>            ( - -2.871e+03 1 0))
s>        ( - -1.690e+02 1 0))INFO: dtree.c(1439): stop. leaf nodes are specific
INFO: dtree.c(1478): Final simple tree
|( QUESTION0_0_R 1 -5.820e+03 1.708e+02 8.105e+01
|    ( - -5.160e+03 1 0)
|    ( - -4.891e+02 1 0))
s>    ( QUESTION0_0_R 1 -5.820e+03 1.708e+02 8.105e+01
s>        ( - -5.160e+03 1 0)
s>        ( - -4.891e+02 1 0))INFO: dtree.c(1315): Comp split 29
INFO: dtree.c(1439): stop. leaf nodes are specific
INFO: dtree.c(1478): Final simple tree
|( QUESTION0_13_R 1 -6.776e+03 1.371e+02 9.614e+01
|    ( - -4.931e+01 1 0)
|    ( QUESTION2_0_L -1 -6.590e+03 1.207e+02 9.314e+01
|        ( - -6.111e+03 6 0)
|        ( - -3.577e+02 1 0)))
s>    ( QUESTION0_13_R 1 -6.776e+03 1.371e+02 9.614e+01
s>        ( - -4.931e+01 1 0)
s>        ( QUESTION2_0_L -1 -6.590e+03 1.207e+02 9.314e+01
s>            ( - -6.111e+03 6 0)
s>            ( - -3.577e+02 1 0)))INFO: dtree.c(1439): stop. leaf nodes are specific
INFO: dtree.c(1478): Final simple tree
|( QUESTION0_1_R 1 -7.372e+03 1.364e+02 1.031e+02
|    ( - -7.164e+03 4 0)
|    ( - -7.172e+01 1 0))
s>    ( QUESTION0_1_R 1 -7.372e+03 1.364e+02 1.031e+02
s>        ( - -7.164e+03 4 0)
s>        ( - -7.172e+01 1 0))INFO: dtree.c(1315): Comp split 30
INFO: dtree.c(1439): stop. leaf nodes are specific
INFO: dtree.c(1478): Final simple tree
|( QUESTION0_0_R 1 -1.519e+04 1.865e+02 2.086e+02
|    ( QUESTION0_9_R 1 -1.001e+04 1.593e+02 1.403e+02
|        ( - 2.461e+01 1 0)
|        ( QUESTION0_2_R 1 -9.878e+03 1.194e+02 1.383e+02
|            ( - -6.160e+02 1 0)
|            ( WDBNDRY_E 0 -9.143e+03 1.075e+02 1.281e+02
|                ( - -2.265e+02 1 0)
|                ( - -8.809e+03 1 0))))
|    ( WDBNDRY_E 0 -4.991e+03 1.326e+02 6.829e+01
|        ( - -1.789e+02 2 0)
|        ( - -4.679e+03 2 0)))
s>    ( QUESTION0_0_R 1 -1.519e+04 1.865e+02 2.086e+02
s>        ( QUESTION0_9_R 1 -1.001e+04 1.593e+02 1.403e+02
s>            ( - 2.461e+01 1 0)
s>            ( QUESTION0_2_R 1 -9.878e+03 1.194e+02 1.383e+02
s>                ( - -6.160e+02 1 0)
s>                ( WDBNDRY_E 0 -9.143e+03 1.075e+02 1.281e+02
s>                    ( - -2.265e+02 1 0)
s>                    ( - -8.809e+03 1 0))))
s>        ( WDBNDRY_E 0 -4.991e+03 1.326e+02 6.829e+01
s>            ( - -1.789e+02 2 0)
s>            ( - -4.679e+03 2 0)))INFO: dtree.c(1315): Comp split 31
INFO: dtree.c(1439): stop. leaf nodes are specific
INFO: dtree.c(1478): Final simple tree
|( QUESTION0_13_R 1 -1.154e+04 1.361e+02 1.583e+02
|    ( - -1.147e+03 2 0)
|    ( QUESTION4 1 -1.026e+04 1.180e+02 1.413e+02
|        ( - -9.684e+02 1 0)
|        ( QUESTION0_1_R 1 -9.174e+03 1.028e+02 1.263e+02
|            ( - -3.746e+03 2 0)
|            ( - -5.325e+03 5 0))))
s>    ( QUESTION0_13_R 1 -1.154e+04 1.361e+02 1.583e+02
s>        ( - -1.147e+03 2 0)
s>        ( QUESTION4 1 -1.026e+04 1.180e+02 1.413e+02
s>            ( - -9.684e+02 1 0)
s>            ( QUESTION0_1_R 1 -9.174e+03 1.028e+02 1.263e+02
s>                ( - -3.746e+03 2 0)
s>                ( - -5.325e+03 5 0))))INFO: dtree.c(1439): stop. leaf nodes are specific
INFO: dtree.c(1478): Final simple tree
|( QUESTION0_2_R 1 -7.999e+03 1.397e+02 1.060e+02
|    ( - -7.262e+02 2 0)
|    ( QUESTION0_0_R 1 -7.133e+03 1.343e+02 9.497e+01
|        ( - -4.812e+02 1 0)
|        ( - -6.518e+03 7 0)))
s>    ( QUESTION0_2_R 1 -7.999e+03 1.397e+02 1.060e+02
s>        ( - -7.262e+02 2 0)
s>        ( QUESTION0_0_R 1 -7.133e+03 1.343e+02 9.497e+01
s>            ( - -4.812e+02 1 0)
s>            ( - -6.518e+03 7 0)))INFO: dtree.c(1315): Comp split 32
INFO: dtree.c(1439): stop. leaf nodes are specific
INFO: dtree.c(1478): Final simple tree
|( QUESTION0_9_R 1 -7.411e+03 1.338e+02 1.020e+02
|    ( - -2.372e+03 2 0)
|    ( QUESTION0_1_R 1 -4.905e+03 1.206e+02 6.599e+01
|        ( QUESTION14 1 -4.702e+03 1.092e+02 6.299e+01
|            ( - -2.090e+02 1 0)
|            ( QUESTION2_0_L -1 -4.384e+03 9.025e+01 5.899e+01
|                ( QUESTION13 1 -4.090e+03 7.825e+01 5.499e+01
|                    ( - -2.125e+03 2 0)
|                    ( - -1.887e+03 2 0))
|                ( - -2.037e+02 1 0)))
|        ( - -8.256e+01 1 0)))
s>    ( QUESTION0_9_R 1 -7.411e+03 1.338e+02 1.020e+02
s>        ( - -2.372e+03 2 0)
s>        ( QUESTION0_1_R 1 -4.905e+03 1.206e+02 6.599e+01
s>            ( QUESTION14 1 -4.702e+03 1.092e+02 6.299e+01
s>                ( - -2.090e+02 1 0)
s>                ( QUESTION2_0_L -1 -4.384e+03 9.025e+01 5.899e+01
s>                    ( QUESTION13 1 -4.090e+03 7.825e+01 5.499e+01
s>                        ( - -2.125e+03 2 0)
s>                        ( - -1.887e+03 2 0))
s>                    ( - -2.037e+02 1 0)))
s>            ( - -8.256e+01 1 0)))INFO: dtree.c(1439): stop. leaf nodes are specific
INFO: dtree.c(1478): Final simple tree
|( QUESTION0_0_R 1 -1.282e+04 1.837e+02 1.840e+02
|    ( QUESTION2_0_L -1 -1.007e+04 1.732e+02 1.469e+02
|        ( QUESTION13 -1 -7.788e+03 1.001e+02 1.128e+02
|            ( - -2.560e+02 1 0)
|            ( - -7.431e+03 4 0))
|        ( - -2.109e+03 1 0))
|    ( QUESTION2_0_L -1 -2.563e+03 1.772e+02 3.709e+01
|        ( - -2.445e+03 3 0)
|        ( - 5.827e+01 1 0)))
s>    ( QUESTION0_0_R 1 -1.282e+04 1.837e+02 1.840e+02
s>        ( QUESTION2_0_L -1 -1.007e+04 1.732e+02 1.469e+02
s>            ( QUESTION13 -1 -7.788e+03 1.001e+02 1.128e+02
s>                ( - -2.560e+02 1 0)
s>                ( - -7.431e+03 4 0))
s>            ( - -2.109e+03 1 0))
s>        ( QUESTION2_0_L -1 -2.563e+03 1.772e+02 3.709e+01
s>            ( - -2.445e+03 3 0)
s>            ( - 5.827e+01 1 0)))INFO: dtree.c(1315): Comp split 33
INFO: dtree.c(1439): stop. leaf nodes are specific
INFO: dtree.c(1478): Final simple tree
|( QUESTION0_9_R 1 -1.031e+04 1.597e+02 1.443e+02
|    ( - 2.461e+01 1 0)
|    ( QUESTION0_2_R 1 -1.017e+04 1.186e+02 1.423e+02
|        ( - -6.160e+02 1 0)
|        ( QUESTION0_0_R 1 -9.440e+03 1.185e+02 1.321e+02
|            ( WDBNDRY_E 0 -9.143e+03 1.075e+02 1.281e+02
|                ( - -2.265e+02 1 0)
|                ( - -8.809e+03 1 0))
|            ( - -1.789e+02 2 0))))
s>    ( QUESTION0_9_R 1 -1.031e+04 1.597e+02 1.443e+02
s>        ( - 2.461e+01 1 0)
s>        ( QUESTION0_2_R 1 -1.017e+04 1.186e+02 1.423e+02
s>            ( - -6.160e+02 1 0)
s>            ( QUESTION0_0_R 1 -9.440e+03 1.185e+02 1.321e+02
s>                ( WDBNDRY_E 0 -9.143e+03 1.075e+02 1.281e+02
s>                    ( - -2.265e+02 1 0)
s>                    ( - -8.809e+03 1 0))
s>                ( - -1.789e+02 2 0))))INFO: dtree.c(1315): Comp split 34
INFO: dtree.c(1315): Comp split 35
INFO: dtree.c(1315): Comp split 36
INFO: dtree.c(1439): stop. leaf nodes are specific
INFO: dtree.c(1478): Final simple tree
|( QUESTION0_9_R 1 -3.606e+03 1.707e+02 4.967e+01
|    ( - -9.675e+01 1 0)
|    ( QUESTION12 -1 -3.338e+03 1.777e+02 4.567e+01
|        ( - -1.155e+03 2 0)
|        ( QUESTION0 -1 -2.006e+03 1.537e+02 2.900e+01
|            ( - -8.198e+01 1 0)
|            ( WDBNDRY_B 0 -1.770e+03 1.169e+02 2.600e+01
|                ( - -5.574e+02 1 0)
|                ( - -1.096e+03 1 0)))))
s>    ( QUESTION0_9_R 1 -3.606e+03 1.707e+02 4.967e+01
s>        ( - -9.675e+01 1 0)
s>        ( QUESTION12 -1 -3.338e+03 1.777e+02 4.567e+01
s>            ( - -1.155e+03 2 0)
s>            ( QUESTION0 -1 -2.006e+03 1.537e+02 2.900e+01
s>                ( - -8.198e+01 1 0)
s>                ( WDBNDRY_B 0 -1.770e+03 1.169e+02 2.600e+01
s>                    ( - -5.574e+02 1 0)
s>                    ( - -1.096e+03 1 0)))))INFO: dtree.c(1315): Comp split 37
INFO: dtree.c(1439): stop. leaf nodes are specific
INFO: dtree.c(1478): Final simple tree
|( QUESTION0_0_R 1 -1.269e+04 1.745e+02 1.820e+02
|    ( QUESTION2_0_L -1 -1.007e+04 1.732e+02 1.469e+02
|        ( QUESTION13 -1 -7.788e+03 1.001e+02 1.128e+02
|            ( - -2.560e+02 1 0)
|            ( - -7.431e+03 4 0))
|        ( - -2.109e+03 1 0))
|    ( - -2.445e+03 3 0))
s>    ( QUESTION0_0_R 1 -1.269e+04 1.745e+02 1.820e+02
s>        ( QUESTION2_0_L -1 -1.007e+04 1.732e+02 1.469e+02
s>            ( QUESTION13 -1 -7.788e+03 1.001e+02 1.128e+02
s>                ( - -2.560e+02 1 0)
s>                ( - -7.431e+03 4 0))
s>            ( - -2.109e+03 1 0))
s>        ( - -2.445e+03 3 0))INFO: dtree.c(1315): Comp split 38
INFO: dtree.c(1439): stop. leaf nodes are specific
INFO: dtree.c(1478): Final simple tree
|( QUESTION0_9_R 1 -2.265e+03 1.621e+02 3.300e+01
|    ( - -9.675e+01 1 0)
|    ( QUESTION0 -1 -2.006e+03 1.537e+02 2.900e+01
|        ( - -8.198e+01 1 0)
|        ( WDBNDRY_B 0 -1.770e+03 1.169e+02 2.600e+01
|            ( - -5.574e+02 1 0)
|            ( - -1.096e+03 1 0))))
s>    ( QUESTION0_9_R 1 -2.265e+03 1.621e+02 3.300e+01
s>        ( - -9.675e+01 1 0)
s>        ( QUESTION0 -1 -2.006e+03 1.537e+02 2.900e+01
s>            ( - -8.198e+01 1 0)
s>            ( WDBNDRY_B 0 -1.770e+03 1.169e+02 2.600e+01
s>                ( - -5.574e+02 1 0)
s>                ( - -1.096e+03 1 0))))INFO: dtree.c(1315): Comp split 39
INFO: dtree.c(1439): stop. leaf nodes are specific
INFO: dtree.c(1478): Final simple tree
|( QUESTION0_0_R 1 -1.173e+04 1.011e+02 1.523e+02
|    ( - -5.965e+02 2 0)
|    ( QUESTION2_0_L -1 -1.103e+04 1.209e+02 1.433e+02
|        ( - -1.015e+04 11 0)
|        ( SILENCE 1 -7.544e+02 7.787e+01 1.200e+01
|            ( - -1.789e+02 1 0)
|            ( - -4.975e+02 2 0))))
s>    ( QUESTION0_0_R 1 -1.173e+04 1.011e+02 1.523e+02
s>        ( - -5.965e+02 2 0)
s>        ( QUESTION2_0_L -1 -1.103e+04 1.209e+02 1.433e+02
s>            ( - -1.015e+04 11 0)
s>            ( SILENCE 1 -7.544e+02 7.787e+01 1.200e+01
s>                ( - -1.789e+02 1 0)
s>                ( - -4.975e+02 2 0))))INFO: dtree.c(1439): stop. leaf nodes are specific
INFO: dtree.c(1478): Final simple tree
|( QUESTION0_1_R 1 -6.743e+03 1.387e+02 8.570e+01
|    ( - -1.310e+03 2 0)
|    ( - -5.295e+03 4 0))
s>    ( QUESTION0_1_R 1 -6.743e+03 1.387e+02 8.570e+01
s>        ( - -1.310e+03 2 0)
s>        ( - -5.295e+03 4 0))INFO: dtree.c(1315): Comp split 40
INFO: dtree.c(1439): stop. leaf nodes are specific
INFO: dtree.c(1478): Final simple tree
|( QUESTION13 -1 -7.788e+03 1.001e+02 1.128e+02
|    ( - -2.560e+02 1 0)
|    ( - -7.431e+03 4 0))
s>    ( QUESTION13 -1 -7.788e+03 1.001e+02 1.128e+02
s>        ( - -2.560e+02 1 0)
s>        ( - -7.431e+03 4 0))INFO: dtree.c(1439): stop. leaf nodes are specific
INFO: dtree.c(1478): Final simple tree
|( QUESTION0_0_R 1 -4.724e+03 1.700e+02 6.917e+01
|    ( - -2.109e+03 1 0)
|    ( - -2.445e+03 3 0))
s>    ( QUESTION0_0_R 1 -4.724e+03 1.700e+02 6.917e+01
s>        ( - -2.109e+03 1 0)
s>        ( - -2.445e+03 3 0))INFO: dtree.c(1315): Comp split 41
INFO: dtree.c(1315): Comp split 42
INFO: dtree.c(1315): Comp split 43
INFO: dtree.c(1439): stop. leaf nodes are specific
INFO: dtree.c(1478): Final simple tree
|( WDBNDRY_B 0 -2.925e+04 1.603e+02 3.680e+02
|    ( - -1.130e+02 1 0)
|    ( QUESTION10 -1 -2.898e+04 1.453e+02 3.650e+02
|        ( - -5.564e+03 2 0)
|        ( - -2.327e+04 3 0)))
s>    ( WDBNDRY_B 0 -2.925e+04 1.603e+02 3.680e+02
s>        ( - -1.130e+02 1 0)
s>        ( QUESTION10 -1 -2.898e+04 1.453e+02 3.650e+02
s>            ( - -5.564e+03 2 0)
s>            ( - -2.327e+04 3 0)))INFO: dtree.c(1315): Comp split 44
INFO: dtree.c(1439): stop. leaf nodes are specific
INFO: dtree.c(1478): Final simple tree
|( WDBNDRY_B 0 -6.097e+03 1.591e+02 8.105e+01
|    ( - -2.118e+02 1 0)
|    ( QUESTION0_9_R 1 -5.726e+03 1.490e+02 7.605e+01
|        ( - 1.346e+00 1 0)
|        ( QUESTION0_0_R 1 -5.579e+03 1.212e+02 7.405e+01
|            ( - -2.958e+02 1 0)
|            ( QUESTION3 -1 -5.162e+03 1.177e+02 6.805e+01
|                ( - -5.012e+03 1 0)
|                ( - -3.211e+01 1 0)))))
s>    ( WDBNDRY_B 0 -6.097e+03 1.591e+02 8.105e+01
s>        ( - -2.118e+02 1 0)
s>        ( QUESTION0_9_R 1 -5.726e+03 1.490e+02 7.605e+01
s>            ( - 1.346e+00 1 0)
s>            ( QUESTION0_0_R 1 -5.579e+03 1.212e+02 7.405e+01
s>                ( - -2.958e+02 1 0)
s>                ( QUESTION3 -1 -5.162e+03 1.177e+02 6.805e+01
s>                    ( - -5.012e+03 1 0)
s>                    ( - -3.211e+01 1 0)))))INFO: dtree.c(1315): Comp split 45
INFO: dtree.c(1439): stop. leaf nodes are specific
INFO: dtree.c(1478): Final simple tree
|( QUESTION0 1 -1.175e+03 1.115e+02 2.000e+01
|    ( - -4.721e+02 2 0)
|    ( - -5.917e+02 1 0))
s>    ( QUESTION0 1 -1.175e+03 1.115e+02 2.000e+01
s>        ( - -4.721e+02 2 0)
s>        ( - -5.917e+02 1 0))INFO: dtree.c(1439): stop. leaf nodes are specific
INFO: dtree.c(1478): Final simple tree
|( QUESTION13 -1 -1.316e+03 1.253e+02 2.200e+01
|    ( - -1.102e+02 1 0)
|    ( QUESTION0 1 -1.081e+03 1.288e+02 1.800e+01
|        ( - -4.793e+02 1 0)
|        ( QUESTION2_0_L -1 -4.727e+02 1.170e+02 9.000e+00
|            ( - -2.943e+02 1 0)
|            ( - -6.135e+01 1 0))))
s>    ( QUESTION13 -1 -1.316e+03 1.253e+02 2.200e+01
s>        ( - -1.102e+02 1 0)
s>        ( QUESTION0 1 -1.081e+03 1.288e+02 1.800e+01
s>            ( - -4.793e+02 1 0)
s>            ( QUESTION2_0_L -1 -4.727e+02 1.170e+02 9.000e+00
s>                ( - -2.943e+02 1 0)
s>                ( - -6.135e+01 1 0))))INFO: dtree.c(1315): Comp split 46
INFO: dtree.c(1439): stop. leaf nodes are specific
INFO: dtree.c(1478): Final simple tree
|( QUESTION0 -1 -2.006e+03 1.537e+02 2.900e+01
|    ( - -8.198e+01 1 0)
|    ( WDBNDRY_B 0 -1.770e+03 1.169e+02 2.600e+01
|        ( - -5.574e+02 1 0)
|        ( - -1.096e+03 1 0)))
s>    ( QUESTION0 -1 -2.006e+03 1.537e+02 2.900e+01
s>        ( - -8.198e+01 1 0)
s>        ( WDBNDRY_B 0 -1.770e+03 1.169e+02 2.600e+01
s>            ( - -5.574e+02 1 0)
s>            ( - -1.096e+03 1 0)))INFO: dtree.c(1315): Comp split 47
INFO: dtree.c(1439): stop. leaf nodes are specific
INFO: dtree.c(1478): Final simple tree
|( SILENCE 1 -2.298e+03 1.328e+02 2.988e+01
|    ( - -2.046e+03 2 0)
|    ( - -1.186e+02 1 0))
s>    ( SILENCE 1 -2.298e+03 1.328e+02 2.988e+01
s>        ( - -2.046e+03 2 0)
s>        ( - -1.186e+02 1 0))INFO: dtree.c(1315): Comp split 48
INFO: dtree.c(1439): stop. leaf nodes are specific
INFO: dtree.c(1478): Final simple tree
|( QUESTION10 -1 -2.898e+04 1.453e+02 3.650e+02
|    ( - -5.564e+03 2 0)
|    ( - -2.327e+04 3 0))
s>    ( QUESTION10 -1 -2.898e+04 1.453e+02 3.650e+02
s>        ( - -5.564e+03 2 0)
s>        ( - -2.327e+04 3 0))INFO: dtree.c(1315): Comp split 49
INFO: dtree.c(1439): stop. leaf nodes are specific
INFO: dtree.c(1478): Final simple tree
|( QUESTION0_2_R 1 -1.017e+04 1.186e+02 1.423e+02
|    ( - -6.160e+02 1 0)
|    ( QUESTION0_0_R 1 -9.440e+03 1.185e+02 1.321e+02
|        ( WDBNDRY_E 0 -9.143e+03 1.075e+02 1.281e+02
|            ( - -2.265e+02 1 0)
|            ( - -8.809e+03 1 0))
|        ( - -1.789e+02 2 0)))
s>    ( QUESTION0_2_R 1 -1.017e+04 1.186e+02 1.423e+02
s>        ( - -6.160e+02 1 0)
s>        ( QUESTION0_0_R 1 -9.440e+03 1.185e+02 1.321e+02
s>            ( WDBNDRY_E 0 -9.143e+03 1.075e+02 1.281e+02
s>                ( - -2.265e+02 1 0)
s>                ( - -8.809e+03 1 0))
s>            ( - -1.789e+02 2 0)))INFO: dtree.c(1315): Comp split 50
INFO: dtree.c(1439): stop. leaf nodes are specific
INFO: dtree.c(1478): Final simple tree
|( QUESTION0_9_R 1 -5.726e+03 1.490e+02 7.605e+01
|    ( - 1.346e+00 1 0)
|    ( QUESTION0_0_R 1 -5.579e+03 1.212e+02 7.405e+01
|        ( - -2.958e+02 1 0)
|        ( QUESTION3 -1 -5.162e+03 1.177e+02 6.805e+01
|            ( - -5.012e+03 1 0)
|            ( - -3.211e+01 1 0))))
s>    ( QUESTION0_9_R 1 -5.726e+03 1.490e+02 7.605e+01
s>        ( - 1.346e+00 1 0)
s>        ( QUESTION0_0_R 1 -5.579e+03 1.212e+02 7.405e+01
s>            ( - -2.958e+02 1 0)
s>            ( QUESTION3 -1 -5.162e+03 1.177e+02 6.805e+01
s>                ( - -5.012e+03 1 0)
s>                ( - -3.211e+01 1 0))))INFO: dtree.c(1315): Comp split 51
INFO: dtree.c(1439): stop. leaf nodes are specific
INFO: dtree.c(1478): Final simple tree
|( QUESTION11 -1 -6.183e+03 1.342e+02 8.032e+01
|    ( - -3.178e+03 1 0)
|    ( - -2.871e+03 1 0))
s>    ( QUESTION11 -1 -6.183e+03 1.342e+02 8.032e+01
s>        ( - -3.178e+03 1 0)
s>        ( - -2.871e+03 1 0))INFO: dtree.c(1315): Comp split 52
INFO: dtree.c(1439): stop. leaf nodes are specific
INFO: dtree.c(1478): Final simple tree
|( WDBNDRY_B 0 -1.770e+03 1.169e+02 2.600e+01
|    ( - -5.574e+02 1 0)
|    ( - -1.096e+03 1 0))
s>    ( WDBNDRY_B 0 -1.770e+03 1.169e+02 2.600e+01
s>        ( - -5.574e+02 1 0)
s>        ( - -1.096e+03 1 0))INFO: dtree.c(1315): Comp split 53
INFO: dtree.c(1439): stop. leaf nodes are specific
INFO: dtree.c(1478): Final simple tree
|( QUESTION0_0_R 1 -5.579e+03 1.212e+02 7.405e+01
|    ( - -2.958e+02 1 0)
|    ( QUESTION3 -1 -5.162e+03 1.177e+02 6.805e+01
|        ( - -5.012e+03 1 0)
|        ( - -3.211e+01 1 0)))
s>    ( QUESTION0_0_R 1 -5.579e+03 1.212e+02 7.405e+01
s>        ( - -2.958e+02 1 0)
s>        ( QUESTION3 -1 -5.162e+03 1.177e+02 6.805e+01
s>            ( - -5.012e+03 1 0)
s>            ( - -3.211e+01 1 0)))INFO: dtree.c(1315): Comp split 54
INFO: dtree.c(1315): Comp split 55
INFO: dtree.c(1439): stop. leaf nodes are specific
INFO: dtree.c(1478): Final simple tree
|( WDBNDRY_E 0 -2.164e+03 1.148e+02 3.243e+01
|    ( QUESTION2_0_L -1 -1.975e+03 8.962e+01 2.943e+01
|        ( - -1.781e+03 2 0)
|        ( - -1.042e+02 1 0))
|    ( - -7.469e+01 1 0))
s>    ( WDBNDRY_E 0 -2.164e+03 1.148e+02 3.243e+01
s>        ( QUESTION2_0_L -1 -1.975e+03 8.962e+01 2.943e+01
s>            ( - -1.781e+03 2 0)
s>            ( - -1.042e+02 1 0))
s>        ( - -7.469e+01 1 0))INFO: dtree.c(1439): stop. leaf nodes are specific
INFO: dtree.c(1478): Final simple tree
|( WDBNDRY_E 0 -1.820e+04 1.161e+02 2.546e+02
|    ( - -2.264e+02 1 0)
|    ( - -1.786e+04 1 0))
s>    ( WDBNDRY_E 0 -1.820e+04 1.161e+02 2.546e+02
s>        ( - -2.264e+02 1 0)
s>        ( - -1.786e+04 1 0))INFO: dtree.c(1315): Comp split 56
INFO: dtree.c(1315): Comp split 57
INFO: dtree.c(1315): Comp split 58
INFO: dtree.c(1439): stop. leaf nodes are specific
INFO: dtree.c(1478): Final simple tree
|( QUESTION0_0_R 1 -7.133e+03 1.343e+02 9.497e+01
|    ( - -4.812e+02 1 0)
|    ( - -6.518e+03 7 0))
s>    ( QUESTION0_0_R 1 -7.133e+03 1.343e+02 9.497e+01
s>        ( - -4.812e+02 1 0)
s>        ( - -6.518e+03 7 0))INFO: dtree.c(1315): Comp split 59
INFO: dtree.c(1315): Comp split 60
INFO: dtree.c(1439): stop. leaf nodes are specific
INFO: dtree.c(1478): Final simple tree
|( QUESTION2_0_L -1 -6.590e+03 1.207e+02 9.314e+01
|    ( - -6.111e+03 6 0)
|    ( - -3.577e+02 1 0))
s>    ( QUESTION2_0_L -1 -6.590e+03 1.207e+02 9.314e+01
s>        ( - -6.111e+03 6 0)
s>        ( - -3.577e+02 1 0))INFO: dtree.c(1315): Comp split 61
INFO: dtree.c(1315): Comp split 62
INFO: dtree.c(1315): Comp split 63
INFO: dtree.c(1439): stop. leaf nodes are specific
INFO: dtree.c(1478): Final simple tree
|( QUESTION4 1 -1.026e+04 1.180e+02 1.413e+02
|    ( - -9.684e+02 1 0)
|    ( QUESTION0_1_R 1 -9.174e+03 1.028e+02 1.263e+02
|        ( - -3.746e+03 2 0)
|        ( - -5.325e+03 5 0)))
s>    ( QUESTION4 1 -1.026e+04 1.180e+02 1.413e+02
s>        ( - -9.684e+02 1 0)
s>        ( QUESTION0_1_R 1 -9.174e+03 1.028e+02 1.263e+02
s>            ( - -3.746e+03 2 0)
s>            ( - -5.325e+03 5 0)))INFO: dtree.c(1315): Comp split 64
INFO: dtree.c(1315): Comp split 65
INFO: dtree.c(1315): Comp split 66
INFO: dtree.c(1439): stop. leaf nodes are specific
INFO: dtree.c(1478): Final simple tree
|( QUESTION0_1_R 1 -4.905e+03 1.206e+02 6.599e+01
|    ( QUESTION14 1 -4.702e+03 1.092e+02 6.299e+01
|        ( - -2.090e+02 1 0)
|        ( QUESTION2_0_L -1 -4.384e+03 9.025e+01 5.899e+01
|            ( QUESTION13 1 -4.090e+03 7.825e+01 5.499e+01
|                ( - -2.125e+03 2 0)
|                ( - -1.887e+03 2 0))
|            ( - -2.037e+02 1 0)))
|    ( - -8.256e+01 1 0))
s>    ( QUESTION0_1_R 1 -4.905e+03 1.206e+02 6.599e+01
s>        ( QUESTION14 1 -4.702e+03 1.092e+02 6.299e+01
s>            ( - -2.090e+02 1 0)
s>            ( QUESTION2_0_L -1 -4.384e+03 9.025e+01 5.899e+01
s>                ( QUESTION13 1 -4.090e+03 7.825e+01 5.499e+01
s>                    ( - -2.125e+03 2 0)
s>                    ( - -1.887e+03 2 0))
s>                ( - -2.037e+02 1 0)))
s>        ( - -8.256e+01 1 0))INFO: dtree.c(1315): Comp split 67
INFO: dtree.c(1315): Comp split 68
INFO: dtree.c(1439): stop. leaf nodes are specific
INFO: dtree.c(1478): Final simple tree
|( QUESTION0_0_R 1 -4.352e+02 1.073e+02 8.000e+00
|    ( - -2.958e+02 1 0)
|    ( - -3.211e+01 1 0))
s>    ( QUESTION0_0_R 1 -4.352e+02 1.073e+02 8.000e+00
s>        ( - -2.958e+02 1 0)
s>        ( - -3.211e+01 1 0))INFO: dtree.c(1315): Comp split 69
INFO: dtree.c(1439): stop. leaf nodes are specific
INFO: dtree.c(1478): Final simple tree
|( WDBNDRY_B 0 -6.052e+03 1.058e+02 8.530e+01
|    ( QUESTION0_0_R 1 -5.078e+03 8.933e+01 7.030e+01
|        ( - -2.929e+03 3 0)
|        ( - -2.060e+03 2 0))
|    ( - -8.676e+02 1 0))
s>    ( WDBNDRY_B 0 -6.052e+03 1.058e+02 8.530e+01
s>        ( QUESTION0_0_R 1 -5.078e+03 8.933e+01 7.030e+01
s>            ( - -2.929e+03 3 0)
s>            ( - -2.060e+03 2 0))
s>        ( - -8.676e+02 1 0))INFO: dtree.c(1315): Comp split 70
INFO: dtree.c(1439): stop. leaf nodes are specific
INFO: dtree.c(1478): Final simple tree
|( QUESTION0 1 -1.081e+03 1.288e+02 1.800e+01
|    ( - -4.793e+02 1 0)
|    ( QUESTION2_0_L -1 -4.727e+02 1.170e+02 9.000e+00
|        ( - -2.943e+02 1 0)
|        ( - -6.135e+01 1 0)))
s>    ( QUESTION0 1 -1.081e+03 1.288e+02 1.800e+01
s>        ( - -4.793e+02 1 0)
s>        ( QUESTION2_0_L -1 -4.727e+02 1.170e+02 9.000e+00
s>            ( - -2.943e+02 1 0)
s>            ( - -6.135e+01 1 0)))INFO: dtree.c(1315): Comp split 71
INFO: dtree.c(1439): stop. leaf nodes are specific
INFO: dtree.c(1478): Final simple tree
|( QUESTION2_0_L -1 -4.727e+02 1.170e+02 9.000e+00
|    ( - -2.943e+02 1 0)
|    ( - -6.135e+01 1 0))
s>    ( QUESTION2_0_L -1 -4.727e+02 1.170e+02 9.000e+00
s>        ( - -2.943e+02 1 0)
s>        ( - -6.135e+01 1 0))INFO: dtree.c(1315): Comp split 72
INFO: dtree.c(1439): stop. leaf nodes are specific
INFO: dtree.c(1478): Final simple tree
|( QUESTION0_13_R 1 -6.086e+03 1.084e+02 7.862e+01
|    ( - -1.878e+02 1 0)
|    ( - -5.790e+03 1 0))
s>    ( QUESTION0_13_R 1 -6.086e+03 1.084e+02 7.862e+01
s>        ( - -1.878e+02 1 0)
s>        ( - -5.790e+03 1 0))INFO: dtree.c(1315): Comp split 73
INFO: dtree.c(1439): stop. leaf nodes are specific
INFO: dtree.c(1478): Final simple tree
|( SILENCE 1 -7.544e+02 7.787e+01 1.200e+01
|    ( - -1.789e+02 1 0)
|    ( - -4.975e+02 2 0))
s>    ( SILENCE 1 -7.544e+02 7.787e+01 1.200e+01
s>        ( - -1.789e+02 1 0)
s>        ( - -4.975e+02 2 0))INFO: dtree.c(1439): stop. leaf nodes are specific
INFO: dtree.c(1478): Final simple tree
|( QUESTION0_0_R 1 -1.085e+04 1.001e+02 1.403e+02
|    ( - -5.965e+02 2 0)
|    ( - -1.015e+04 11 0))
s>    ( QUESTION0_0_R 1 -1.085e+04 1.001e+02 1.403e+02
s>        ( - -5.965e+02 2 0)
s>        ( - -1.015e+04 11 0))INFO: dtree.c(1315): Comp split 74
INFO: dtree.c(1315): Comp split 75
INFO: dtree.c(1439): stop. leaf nodes are specific
INFO: dtree.c(1478): Final simple tree
|( QUESTION14 1 -4.702e+03 1.092e+02 6.299e+01
|    ( - -2.090e+02 1 0)
|    ( QUESTION2_0_L -1 -4.384e+03 9.025e+01 5.899e+01
|        ( QUESTION13 1 -4.090e+03 7.825e+01 5.499e+01
|            ( - -2.125e+03 2 0)
|            ( - -1.887e+03 2 0))
|        ( - -2.037e+02 1 0)))
s>    ( QUESTION14 1 -4.702e+03 1.092e+02 6.299e+01
s>        ( - -2.090e+02 1 0)
s>        ( QUESTION2_0_L -1 -4.384e+03 9.025e+01 5.899e+01
s>            ( QUESTION13 1 -4.090e+03 7.825e+01 5.499e+01
s>                ( - -2.125e+03 2 0)
s>                ( - -1.887e+03 2 0))
s>            ( - -2.037e+02 1 0)))INFO: dtree.c(1315): Comp split 76
INFO: dtree.c(1439): stop. leaf nodes are specific
INFO: dtree.c(1478): Final simple tree
|( QUESTION0_0_R 1 -9.440e+03 1.185e+02 1.321e+02
|    ( WDBNDRY_E 0 -9.143e+03 1.075e+02 1.281e+02
|        ( - -2.265e+02 1 0)
|        ( - -8.809e+03 1 0))
|    ( - -1.789e+02 2 0))
s>    ( QUESTION0_0_R 1 -9.440e+03 1.185e+02 1.321e+02
s>        ( WDBNDRY_E 0 -9.143e+03 1.075e+02 1.281e+02
s>            ( - -2.265e+02 1 0)
s>            ( - -8.809e+03 1 0))
s>        ( - -1.789e+02 2 0))INFO: dtree.c(1315): Comp split 77
INFO: dtree.c(1439): stop. leaf nodes are specific
INFO: dtree.c(1478): Final simple tree
|( WDBNDRY_E 0 -9.143e+03 1.075e+02 1.281e+02
|    ( - -2.265e+02 1 0)
|    ( - -8.809e+03 1 0))
s>    ( WDBNDRY_E 0 -9.143e+03 1.075e+02 1.281e+02
s>        ( - -2.265e+02 1 0)
s>        ( - -8.809e+03 1 0))INFO: dtree.c(1315): Comp split 78
INFO: dtree.c(1439): stop. leaf nodes are specific
INFO: dtree.c(1478): Final simple tree
|( QUESTION0_1_R 1 -9.174e+03 1.028e+02 1.263e+02
|    ( - -3.746e+03 2 0)
|    ( - -5.325e+03 5 0))
s>    ( QUESTION0_1_R 1 -9.174e+03 1.028e+02 1.263e+02
s>        ( - -3.746e+03 2 0)
s>        ( - -5.325e+03 5 0))INFO: dtree.c(1315): Comp split 79
INFO: dtree.c(1315): Comp split 80
INFO: dtree.c(1315): Comp split 81
INFO: dtree.c(1315): Comp split 82
INFO: dtree.c(1439): stop. leaf nodes are specific
INFO: dtree.c(1478): Final simple tree
|( QUESTION2_0_L -1 -1.975e+03 8.962e+01 2.943e+01
|    ( - -1.781e+03 2 0)
|    ( - -1.042e+02 1 0))
s>    ( QUESTION2_0_L -1 -1.975e+03 8.962e+01 2.943e+01
s>        ( - -1.781e+03 2 0)
s>        ( - -1.042e+02 1 0))INFO: dtree.c(1315): Comp split 83
INFO: dtree.c(1315): Comp split 84
INFO: dtree.c(1439): stop. leaf nodes are specific
INFO: dtree.c(1478): Final simple tree
|( QUESTION2_0_L -1 -4.384e+03 9.025e+01 5.899e+01
|    ( QUESTION13 1 -4.090e+03 7.825e+01 5.499e+01
|        ( - -2.125e+03 2 0)
|        ( - -1.887e+03 2 0))
|    ( - -2.037e+02 1 0))
s>    ( QUESTION2_0_L -1 -4.384e+03 9.025e+01 5.899e+01
s>        ( QUESTION13 1 -4.090e+03 7.825e+01 5.499e+01
s>            ( - -2.125e+03 2 0)
s>            ( - -1.887e+03 2 0))
s>        ( - -2.037e+02 1 0))INFO: dtree.c(1315): Comp split 85
INFO: dtree.c(1315): Comp split 86
INFO: dtree.c(1315): Comp split 87
INFO: dtree.c(1315): Comp split 88
INFO: dtree.c(1439): stop. leaf nodes are specific
INFO: dtree.c(1478): Final simple tree
|( QUESTION0_0_R 1 -5.078e+03 8.933e+01 7.030e+01
|    ( - -2.929e+03 3 0)
|    ( - -2.060e+03 2 0))
s>    ( QUESTION0_0_R 1 -5.078e+03 8.933e+01 7.030e+01
s>        ( - -2.929e+03 3 0)
s>        ( - -2.060e+03 2 0))INFO: dtree.c(1315): Comp split 89
INFO: dtree.c(1315): Comp split 90
INFO: dtree.c(1315): Comp split 91
INFO: dtree.c(1315): Comp split 92
INFO: dtree.c(1439): stop. leaf nodes are specific
INFO: dtree.c(1478): Final simple tree
|( QUESTION13 1 -4.090e+03 7.825e+01 5.499e+01
|    ( - -2.125e+03 2 0)
|    ( - -1.887e+03 2 0))
s>    ( QUESTION13 1 -4.090e+03 7.825e+01 5.499e+01
s>        ( - -2.125e+03 2 0)
s>        ( - -1.887e+03 2 0))INFO: dtree.c(1315): Comp split 93
INFO: dtree.c(1315): Comp split 94
INFO: dtree.c(1315): Comp split 95
INFO: dtree.c(1315): Comp split 96
INFO: dtree.c(1315): Comp split 97
INFO: dtree.c(1318): stop. leaf nodes are specific
!!!!!!!!Allocated 66 lines
Fri Apr  8 23:10:27 2016
