Current configuration:
[NAME]		[DEFLT]	[VALUE]
-allphones	no	no
-cntthresh	0.00001	1.000000e-05
-csplitmax	100	2000
-csplitmin	1	1
-csplitthr	8e-4	0.000000e+00
-example	no	no
-fullvar	no	no
-help		no	no
-meanfn			
-mixwfn			/home/yaroslav/model/model_parameters/ua.cd_semi_untied/mixture_weights
-moddeffn		/home/yaroslav/model/model_architecture/ua.untied.mdef
-mwfloor	1e-4	1.000000e-08
-phone			S
-psetfn			/home/yaroslav/model/model_architecture/ua.tree_questions
-ssplitmax	5	7
-ssplitmin	1	1
-ssplitthr	8e-4	0.000000e+00
-state			0
-stwt			1.0,0.05,0.0,
-treefn			/home/yaroslav/model/trees/ua.unpruned/S-0.dtree
-ts2cbfn	.semi.	.semi.
-varfloor	0.00001	1.000000e-05
-varfn			

INFO: main.c(223): Reading: /home/yaroslav/model/model_architecture/ua.untied.mdef
INFO: model_def_io.c(573): Model definition info:
INFO: model_def_io.c(574): 7543 total models defined (49 base, 7494 tri)
INFO: model_def_io.c(575): 30172 total states
INFO: model_def_io.c(576): 22629 total tied states
INFO: model_def_io.c(577): 147 total tied CI states
INFO: model_def_io.c(578): 49 total tied transition matrices
INFO: model_def_io.c(579): 4 max state/model
INFO: model_def_io.c(580): 4 min state/model
INFO: main.c(242): Building trees for [S A A b] through [S ZZ O b]
INFO: main.c(269): Covering states |[14286 15068]| == 783
INFO: main.c(275): Reading: /home/yaroslav/model/model_parameters/ua.cd_semi_untied/mixture_weights
INFO: s3mixw_io.c(173): Read /home/yaroslav/model/model_parameters/ua.cd_semi_untied/mixture_weights [783x4x256 array]
INFO: main.c(311): 249 of 261 models have observation count greater than 0.000010
INFO: main.c(95): nrm stwt: 0.952 0.048 0.000 
INFO: main.c(411): 249-class entropy: 1.610904e+04
INFO: main.c(549): Reading: /home/yaroslav/model/model_architecture/ua.tree_questions
INFO: main.c(588): 176 total simple questions (168 phone; 8 word bndry)
INFO: main.c(590): 42 Left Only questions, and 42 Right Only questions
INFO: dtree.c(1478): Final simple tree
|( QUESTION0 -1 3.979e+04 1.540e+03 1.682e+03
|    ( WDBNDRY_I 0 2.816e+04 8.197e+02 1.262e+03
|        ( QUESTION0_12_R 1 1.135e+04 5.561e+02 5.364e+02
|            ( - 3.061e+03 17 0 QUESTION2 1 3.706e+02 1.499e+02)
|            ( QUESTION0_18_R 1 7.729e+03 4.788e+02 3.865e+02
|                ( - 2.617e+03 5 0)
|                ( - 4.634e+03 33 0 QUESTION3 1 2.979e+02 2.342e+02)))
|        ( WDBNDRY_B 0 1.600e+04 5.436e+02 7.253e+02
|            ( QUESTION0_1_R 1 1.330e+04 4.788e+02 6.125e+02
|                ( - 5.428e+03 24 0 QUESTION0 1 3.074e+02 2.668e+02)
|                ( - 7.388e+03 48 0 QUESTION0_13_R 1 4.209e+02 3.456e+02))
|            ( - 2.158e+03 21 0 QUESTION2 1 2.259e+02 1.128e+02)))
|    ( QUESTION3 -1 1.009e+04 7.648e+02 4.202e+02
|        ( - 5.994e+03 57 0 QUESTION6 -1 4.053e+02 2.716e+02)
|        ( - 3.329e+03 44 0 SILENCE -1 4.623e+02 1.486e+02)))
s>    ( QUESTION0 -1 3.979e+04 1.540e+03 1.682e+03
s>        ( WDBNDRY_I 0 2.816e+04 8.197e+02 1.262e+03
s>            ( QUESTION0_12_R 1 1.135e+04 5.561e+02 5.364e+02
s>                ( - 3.061e+03 17 0 QUESTION2 1 3.706e+02 1.499e+02)
s>                ( QUESTION0_18_R 1 7.729e+03 4.788e+02 3.865e+02
s>                    ( - 2.617e+03 5 0)
s>                    ( - 4.634e+03 33 0 QUESTION3 1 2.979e+02 2.342e+02)))
s>            ( WDBNDRY_B 0 1.600e+04 5.436e+02 7.253e+02
s>                ( QUESTION0_1_R 1 1.330e+04 4.788e+02 6.125e+02
s>                    ( - 5.428e+03 24 0 QUESTION0 1 3.074e+02 2.668e+02)
s>                    ( - 7.388e+03 48 0 QUESTION0_13_R 1 4.209e+02 3.456e+02))
s>                ( - 2.158e+03 21 0 QUESTION2 1 2.259e+02 1.128e+02)))
s>        ( QUESTION3 -1 1.009e+04 7.648e+02 4.202e+02
s>            ( - 5.994e+03 57 0 QUESTION6 -1 4.053e+02 2.716e+02)
s>            ( - 3.329e+03 44 0 SILENCE -1 4.623e+02 1.486e+02)))INFO: dtree.c(1315): Comp split 0
INFO: dtree.c(1478): Final simple tree
|( WDBNDRY_I 0 2.816e+04 8.197e+02 1.262e+03
|    ( QUESTION0_12_R 1 1.135e+04 5.561e+02 5.364e+02
|        ( QUESTION2 1 3.061e+03 3.706e+02 1.499e+02
|            ( - 1.270e+03 6 0)
|            ( - 1.420e+03 11 0 QUESTION4 1 7.866e+01 7.891e+01))
|        ( QUESTION0_18_R 1 7.729e+03 4.788e+02 3.865e+02
|            ( - 2.617e+03 5 0)
|            ( - 4.634e+03 33 0 QUESTION3 1 2.979e+02 2.342e+02)))
|    ( WDBNDRY_B 0 1.600e+04 5.436e+02 7.253e+02
|        ( QUESTION0_1_R 1 1.330e+04 4.788e+02 6.125e+02
|            ( - 5.428e+03 24 0 QUESTION0 1 3.074e+02 2.668e+02)
|            ( QUESTION0_13_R 1 7.388e+03 4.209e+02 3.456e+02
|                ( - 3.667e+03 21 0 QUESTION0_19_R 1 3.030e+02 1.857e+02)
|                ( - 3.300e+03 27 0 QUESTION0_3_R 1 3.190e+02 1.599e+02)))
|        ( - 2.158e+03 21 0 QUESTION2 1 2.259e+02 1.128e+02)))
s>    ( WDBNDRY_I 0 2.816e+04 8.197e+02 1.262e+03
s>        ( QUESTION0_12_R 1 1.135e+04 5.561e+02 5.364e+02
s>            ( QUESTION2 1 3.061e+03 3.706e+02 1.499e+02
s>                ( - 1.270e+03 6 0)
s>                ( - 1.420e+03 11 0 QUESTION4 1 7.866e+01 7.891e+01))
s>            ( QUESTION0_18_R 1 7.729e+03 4.788e+02 3.865e+02
s>                ( - 2.617e+03 5 0)
s>                ( - 4.634e+03 33 0 QUESTION3 1 2.979e+02 2.342e+02)))
s>        ( WDBNDRY_B 0 1.600e+04 5.436e+02 7.253e+02
s>            ( QUESTION0_1_R 1 1.330e+04 4.788e+02 6.125e+02
s>                ( - 5.428e+03 24 0 QUESTION0 1 3.074e+02 2.668e+02)
s>                ( QUESTION0_13_R 1 7.388e+03 4.209e+02 3.456e+02
s>                    ( - 3.667e+03 21 0 QUESTION0_19_R 1 3.030e+02 1.857e+02)
s>                    ( - 3.300e+03 27 0 QUESTION0_3_R 1 3.190e+02 1.599e+02)))
s>            ( - 2.158e+03 21 0 QUESTION2 1 2.259e+02 1.128e+02)))INFO: dtree.c(1478): Final simple tree
|( QUESTION3 -1 1.009e+04 7.648e+02 4.202e+02
|    ( QUESTION6 -1 5.994e+03 4.053e+02 2.716e+02
|        ( QUESTION0_1_R 1 2.241e+03 2.483e+02 1.199e+02
|            ( - 8.713e+02 6 0 QUESTION0 1 1.213e+02 5.780e+01)
|            ( - 1.121e+03 11 0 WDBNDRY_I 0 1.646e+02 6.214e+01))
|        ( QUESTION15 -1 3.348e+03 3.471e+02 1.516e+02
|            ( QUESTION0_2_R 1 1.753e+03 1.981e+02 8.852e+01
|                ( - 7.487e+02 6 0 WDBNDRY_B 0 1.185e+02 4.388e+01)
|                ( - 8.060e+02 12 0 QUESTION3 1 1.225e+02 4.464e+01))
|            ( - 1.248e+03 22 0 QUESTION0 1 1.495e+02 6.313e+01)))
|    ( SILENCE -1 3.329e+03 4.623e+02 1.486e+02
|        ( - 5.086e+02 3 0 QUESTION0_1_R 1 8.102e+01 4.394e+01)
|        ( QUESTION2_15_L -1 2.358e+03 2.615e+02 1.047e+02
|            ( - 9.220e+02 17 0 QUESTION0_1_R 1 1.244e+02 4.769e+01)
|            ( - 1.174e+03 24 0 QUESTION2_12_L -1 1.796e+02 5.700e+01))))
s>    ( QUESTION3 -1 1.009e+04 7.648e+02 4.202e+02
s>        ( QUESTION6 -1 5.994e+03 4.053e+02 2.716e+02
s>            ( QUESTION0_1_R 1 2.241e+03 2.483e+02 1.199e+02
s>                ( - 8.713e+02 6 0 QUESTION0 1 1.213e+02 5.780e+01)
s>                ( - 1.121e+03 11 0 WDBNDRY_I 0 1.646e+02 6.214e+01))
s>            ( QUESTION15 -1 3.348e+03 3.471e+02 1.516e+02
s>                ( QUESTION0_2_R 1 1.753e+03 1.981e+02 8.852e+01
s>                    ( - 7.487e+02 6 0 WDBNDRY_B 0 1.185e+02 4.388e+01)
s>                    ( - 8.060e+02 12 0 QUESTION3 1 1.225e+02 4.464e+01))
s>                ( - 1.248e+03 22 0 QUESTION0 1 1.495e+02 6.313e+01)))
s>        ( SILENCE -1 3.329e+03 4.623e+02 1.486e+02
s>            ( - 5.086e+02 3 0 QUESTION0_1_R 1 8.102e+01 4.394e+01)
s>            ( QUESTION2_15_L -1 2.358e+03 2.615e+02 1.047e+02
s>                ( - 9.220e+02 17 0 QUESTION0_1_R 1 1.244e+02 4.769e+01)
s>                ( - 1.174e+03 24 0 QUESTION2_12_L -1 1.796e+02 5.700e+01))))INFO: dtree.c(1315): Comp split 1
INFO: dtree.c(1478): Final simple tree
|( QUESTION0_19_R 1 1.362e+04 5.768e+02 6.511e+02
|    ( WDBNDRY_B 0 4.061e+03 2.450e+02 2.233e+02
|        ( - 1.199e+03 5 0)
|        ( - 2.617e+03 5 0))
|    ( QUESTION0_0_R 1 8.981e+03 4.521e+02 4.278e+02
|        ( QUESTION6 1 3.435e+03 2.508e+02 1.781e+02
|            ( - 1.055e+03 8 0)
|            ( QUESTION9 1 2.130e+03 2.101e+02 1.149e+02
|                ( - 4.412e+02 4 0 QUESTION0_1_R 1 1.062e+02 2.962e+01)
|                ( - 1.479e+03 15 0 QUESTION0_1_R 1 1.254e+02 8.529e+01)))
|        ( WDBNDRY_B 0 5.093e+03 3.363e+02 2.497e+02
|            ( - 2.164e+03 16 0 QUESTION0_16_R 1 2.027e+02 1.147e+02)
|            ( QUESTION4 1 2.593e+03 2.384e+02 1.350e+02
|                ( - 1.292e+03 10 0)
|                ( - 1.062e+03 7 0 QUESTION0_16_R 1 1.652e+02 6.207e+01)))))
s>    ( QUESTION0_19_R 1 1.362e+04 5.768e+02 6.511e+02
s>        ( WDBNDRY_B 0 4.061e+03 2.450e+02 2.233e+02
s>            ( - 1.199e+03 5 0)
s>            ( - 2.617e+03 5 0))
s>        ( QUESTION0_0_R 1 8.981e+03 4.521e+02 4.278e+02
s>            ( QUESTION6 1 3.435e+03 2.508e+02 1.781e+02
s>                ( - 1.055e+03 8 0)
s>                ( QUESTION9 1 2.130e+03 2.101e+02 1.149e+02
s>                    ( - 4.412e+02 4 0 QUESTION0_1_R 1 1.062e+02 2.962e+01)
s>                    ( - 1.479e+03 15 0 QUESTION0_1_R 1 1.254e+02 8.529e+01)))
s>            ( WDBNDRY_B 0 5.093e+03 3.363e+02 2.497e+02
s>                ( - 2.164e+03 16 0 QUESTION0_16_R 1 2.027e+02 1.147e+02)
s>                ( QUESTION4 1 2.593e+03 2.384e+02 1.350e+02
s>                    ( - 1.292e+03 10 0)
s>                    ( - 1.062e+03 7 0 QUESTION0_16_R 1 1.652e+02 6.207e+01)))))INFO: dtree.c(1478): Final simple tree
|( WDBNDRY_B 0 1.370e+04 6.300e+02 6.106e+02
|    ( QUESTION0_1_R 1 9.172e+03 4.437e+02 4.268e+02
|        ( QUESTION0 1 5.428e+03 3.074e+02 2.668e+02
|            ( - 2.754e+03 7 0)
|            ( QUESTION6 1 2.367e+03 2.008e+02 1.306e+02
|                ( - 1.447e+03 11 0)
|                ( - 7.189e+02 6 0 QUESTION8 1 3.584e+01 4.477e+01)))
|        ( QUESTION0_3_R 1 3.300e+03 3.190e+02 1.599e+02
|            ( - 1.895e+03 14 0)
|            ( - 1.087e+03 13 0 QUESTION8 1 1.536e+02 6.410e+01)))
|    ( WDBNDRY_E 0 3.900e+03 4.717e+02 1.838e+02
|        ( QUESTION2 1 2.158e+03 2.259e+02 1.128e+02
|            ( - 7.437e+02 9 0 QUESTION0_12_R 1 1.126e+02 4.283e+01)
|            ( - 1.188e+03 12 0 QUESTION15 1 1.303e+02 7.000e+01))
|        ( - 1.270e+03 6 0)))
s>    ( WDBNDRY_B 0 1.370e+04 6.300e+02 6.106e+02
s>        ( QUESTION0_1_R 1 9.172e+03 4.437e+02 4.268e+02
s>            ( QUESTION0 1 5.428e+03 3.074e+02 2.668e+02
s>                ( - 2.754e+03 7 0)
s>                ( QUESTION6 1 2.367e+03 2.008e+02 1.306e+02
s>                    ( - 1.447e+03 11 0)
s>                    ( - 7.189e+02 6 0 QUESTION8 1 3.584e+01 4.477e+01)))
s>            ( QUESTION0_3_R 1 3.300e+03 3.190e+02 1.599e+02
s>                ( - 1.895e+03 14 0)
s>                ( - 1.087e+03 13 0 QUESTION8 1 1.536e+02 6.410e+01)))
s>        ( WDBNDRY_E 0 3.900e+03 4.717e+02 1.838e+02
s>            ( QUESTION2 1 2.158e+03 2.259e+02 1.128e+02
s>                ( - 7.437e+02 9 0 QUESTION0_12_R 1 1.126e+02 4.283e+01)
s>                ( - 1.188e+03 12 0 QUESTION15 1 1.303e+02 7.000e+01))
s>            ( - 1.270e+03 6 0)))INFO: dtree.c(1315): Comp split 2
INFO: dtree.c(1439): stop. leaf nodes are specific
INFO: dtree.c(1478): Final simple tree
|( WDBNDRY_B 0 2.633e+03 2.756e+02 1.351e+02
|    ( QUESTION8 1 1.087e+03 1.536e+02 6.410e+01
|        ( QUESTION0_0_R 1 5.313e+02 9.053e+01 3.857e+01
|            ( QUESTION0_5_R 1 2.706e+02 3.353e+01 2.001e+01
|                ( - 1.683e+01 1 0)
|                ( - 2.202e+02 4 0))
|            ( - 1.702e+02 1 0))
|        ( QUESTION0_0_R 1 4.017e+02 8.251e+01 2.553e+01
|            ( - 9.057e+01 2 0)
|            ( QUESTION4 1 2.286e+02 5.459e+01 1.800e+01
|                ( - 1.108e+02 3 0)
|                ( - 6.324e+01 2 0))))
|    ( - 1.270e+03 6 0))
s>    ( WDBNDRY_B 0 2.633e+03 2.756e+02 1.351e+02
s>        ( QUESTION8 1 1.087e+03 1.536e+02 6.410e+01
s>            ( QUESTION0_0_R 1 5.313e+02 9.053e+01 3.857e+01
s>                ( QUESTION0_5_R 1 2.706e+02 3.353e+01 2.001e+01
s>                    ( - 1.683e+01 1 0)
s>                    ( - 2.202e+02 4 0))
s>                ( - 1.702e+02 1 0))
s>            ( QUESTION0_0_R 1 4.017e+02 8.251e+01 2.553e+01
s>                ( - 9.057e+01 2 0)
s>                ( QUESTION4 1 2.286e+02 5.459e+01 1.800e+01
s>                    ( - 1.108e+02 3 0)
s>                    ( - 6.324e+01 2 0))))
s>        ( - 1.270e+03 6 0))INFO: dtree.c(1478): Final simple tree
|( WDBNDRY_B 0 1.029e+04 4.910e+02 4.755e+02
|    ( QUESTION0 1 7.642e+03 3.286e+02 3.627e+02
|        ( QUESTION0_1_R 1 4.946e+03 2.974e+02 2.321e+02
|            ( - 2.754e+03 7 0)
|            ( - 1.895e+03 14 0))
|        ( QUESTION6 1 2.367e+03 2.008e+02 1.306e+02
|            ( - 1.447e+03 11 0)
|            ( - 7.189e+02 6 0 QUESTION8 1 3.584e+01 4.477e+01)))
|    ( QUESTION2 1 2.158e+03 2.259e+02 1.128e+02
|        ( QUESTION0_12_R 1 7.437e+02 1.126e+02 4.283e+01
|            ( - 3.499e+02 5 0)
|            ( - 2.812e+02 4 0 QUESTION0_14_R 1 6.971e+01 1.997e+01))
|        ( QUESTION15 1 1.188e+03 1.303e+02 7.000e+01
|            ( - 1.991e+02 1 0)
|            ( - 8.586e+02 11 0 QUESTION0_0_R 1 9.972e+01 5.232e+01))))
s>    ( WDBNDRY_B 0 1.029e+04 4.910e+02 4.755e+02
s>        ( QUESTION0 1 7.642e+03 3.286e+02 3.627e+02
s>            ( QUESTION0_1_R 1 4.946e+03 2.974e+02 2.321e+02
s>                ( - 2.754e+03 7 0)
s>                ( - 1.895e+03 14 0))
s>            ( QUESTION6 1 2.367e+03 2.008e+02 1.306e+02
s>                ( - 1.447e+03 11 0)
s>                ( - 7.189e+02 6 0 QUESTION8 1 3.584e+01 4.477e+01)))
s>        ( QUESTION2 1 2.158e+03 2.259e+02 1.128e+02
s>            ( QUESTION0_12_R 1 7.437e+02 1.126e+02 4.283e+01
s>                ( - 3.499e+02 5 0)
s>                ( - 2.812e+02 4 0 QUESTION0_14_R 1 6.971e+01 1.997e+01))
s>            ( QUESTION15 1 1.188e+03 1.303e+02 7.000e+01
s>                ( - 1.991e+02 1 0)
s>                ( - 8.586e+02 11 0 QUESTION0_0_R 1 9.972e+01 5.232e+01))))INFO: dtree.c(1315): Comp split 3
INFO: dtree.c(1478): Final simple tree
|( QUESTION6 -1 5.994e+03 4.053e+02 2.716e+02
|    ( QUESTION0_1_R 1 2.241e+03 2.483e+02 1.199e+02
|        ( - 8.713e+02 6 0 QUESTION0 1 1.213e+02 5.780e+01)
|        ( WDBNDRY_I 0 1.121e+03 1.646e+02 6.214e+01
|            ( - 5.786e+02 6 0 QUESTION0_19_R 1 9.042e+01 3.826e+01)
|            ( - 3.778e+02 5 0 QUESTION0_19_R 1 6.811e+01 2.387e+01)))
|    ( QUESTION15 -1 3.348e+03 3.471e+02 1.516e+02
|        ( QUESTION0_2_R 1 1.753e+03 1.981e+02 8.852e+01
|            ( - 7.487e+02 6 0 WDBNDRY_B 0 1.185e+02 4.388e+01)
|            ( QUESTION3 1 8.060e+02 1.225e+02 4.464e+01
|                ( - 2.125e+02 6 0 QUESTION7 1 5.548e+01 1.564e+01)
|                ( - 4.711e+02 6 0 QUESTION0_0_R 1 8.376e+01 2.900e+01)))
|        ( QUESTION0 1 1.248e+03 1.495e+02 6.313e+01
|            ( - 4.576e+02 8 0 QUESTION4 -1 9.108e+01 2.653e+01)
|            ( - 6.406e+02 14 0 QUESTION0_17_R 1 9.679e+01 3.660e+01))))
s>    ( QUESTION6 -1 5.994e+03 4.053e+02 2.716e+02
s>        ( QUESTION0_1_R 1 2.241e+03 2.483e+02 1.199e+02
s>            ( - 8.713e+02 6 0 QUESTION0 1 1.213e+02 5.780e+01)
s>            ( WDBNDRY_I 0 1.121e+03 1.646e+02 6.214e+01
s>                ( - 5.786e+02 6 0 QUESTION0_19_R 1 9.042e+01 3.826e+01)
s>                ( - 3.778e+02 5 0 QUESTION0_19_R 1 6.811e+01 2.387e+01)))
s>        ( QUESTION15 -1 3.348e+03 3.471e+02 1.516e+02
s>            ( QUESTION0_2_R 1 1.753e+03 1.981e+02 8.852e+01
s>                ( - 7.487e+02 6 0 WDBNDRY_B 0 1.185e+02 4.388e+01)
s>                ( QUESTION3 1 8.060e+02 1.225e+02 4.464e+01
s>                    ( - 2.125e+02 6 0 QUESTION7 1 5.548e+01 1.564e+01)
s>                    ( - 4.711e+02 6 0 QUESTION0_0_R 1 8.376e+01 2.900e+01)))
s>            ( QUESTION0 1 1.248e+03 1.495e+02 6.313e+01
s>                ( - 4.576e+02 8 0 QUESTION4 -1 9.108e+01 2.653e+01)
s>                ( - 6.406e+02 14 0 QUESTION0_17_R 1 9.679e+01 3.660e+01))))INFO: dtree.c(1478): Final simple tree
|( SILENCE -1 3.329e+03 4.623e+02 1.486e+02
|    ( - 5.086e+02 3 0 QUESTION0_1_R 1 8.102e+01 4.394e+01)
|    ( QUESTION2_15_L -1 2.358e+03 2.615e+02 1.047e+02
|        ( QUESTION0_1_R 1 9.220e+02 1.244e+02 4.769e+01
|            ( QUESTION2_16_L -1 4.742e+02 8.333e+01 2.785e+01
|                ( - 2.761e+02 4 0 QUESTION0 1 4.033e+01 1.984e+01)
|                ( - 1.148e+02 3 0 QUESTION0 1 3.240e+01 8.014e+00))
|            ( - 3.234e+02 10 0 QUESTION0_0_R 1 6.467e+01 1.984e+01))
|        ( QUESTION2_12_L -1 1.174e+03 1.796e+02 5.700e+01
|            ( QUESTION0_2_R 1 4.912e+02 9.851e+01 2.902e+01
|                ( - 1.819e+02 5 0 QUESTION0_3_R 1 2.980e+01 1.301e+01)
|                ( - 2.108e+02 6 0 QUESTION0 1 3.851e+01 1.601e+01))
|            ( QUESTION2_2_L -1 5.037e+02 1.040e+02 2.798e+01
|                ( - 1.844e+02 6 0 QUESTION0 1 4.027e+01 1.298e+01)
|                ( - 2.152e+02 7 0 QUESTION0_2_R 1 5.426e+01 1.500e+01)))))
s>    ( SILENCE -1 3.329e+03 4.623e+02 1.486e+02
s>        ( - 5.086e+02 3 0 QUESTION0_1_R 1 8.102e+01 4.394e+01)
s>        ( QUESTION2_15_L -1 2.358e+03 2.615e+02 1.047e+02
s>            ( QUESTION0_1_R 1 9.220e+02 1.244e+02 4.769e+01
s>                ( QUESTION2_16_L -1 4.742e+02 8.333e+01 2.785e+01
s>                    ( - 2.761e+02 4 0 QUESTION0 1 4.033e+01 1.984e+01)
s>                    ( - 1.148e+02 3 0 QUESTION0 1 3.240e+01 8.014e+00))
s>                ( - 3.234e+02 10 0 QUESTION0_0_R 1 6.467e+01 1.984e+01))
s>            ( QUESTION2_12_L -1 1.174e+03 1.796e+02 5.700e+01
s>                ( QUESTION0_2_R 1 4.912e+02 9.851e+01 2.902e+01
s>                    ( - 1.819e+02 5 0 QUESTION0_3_R 1 2.980e+01 1.301e+01)
s>                    ( - 2.108e+02 6 0 QUESTION0 1 3.851e+01 1.601e+01))
s>                ( QUESTION2_2_L -1 5.037e+02 1.040e+02 2.798e+01
s>                    ( - 1.844e+02 6 0 QUESTION0 1 4.027e+01 1.298e+01)
s>                    ( - 2.152e+02 7 0 QUESTION0_2_R 1 5.426e+01 1.500e+01)))))INFO: dtree.c(1315): Comp split 4
INFO: dtree.c(1439): stop. leaf nodes are specific
INFO: dtree.c(1478): Final simple tree
|( QUESTION0_13_R 1 6.353e+03 3.484e+02 3.258e+02
|    ( WDBNDRY_B 0 4.061e+03 2.450e+02 2.233e+02
|        ( - 1.199e+03 5 0)
|        ( - 2.617e+03 5 0))
|    ( QUESTION0_0_R 1 1.944e+03 2.099e+02 1.025e+02
|        ( QUESTION0_1_R 1 4.412e+02 1.062e+02 2.962e+01
|            ( - 1.907e+02 3 0)
|            ( - 1.442e+02 1 0))
|        ( - 1.292e+03 10 0)))
s>    ( QUESTION0_13_R 1 6.353e+03 3.484e+02 3.258e+02
s>        ( WDBNDRY_B 0 4.061e+03 2.450e+02 2.233e+02
s>            ( - 1.199e+03 5 0)
s>            ( - 2.617e+03 5 0))
s>        ( QUESTION0_0_R 1 1.944e+03 2.099e+02 1.025e+02
s>            ( QUESTION0_1_R 1 4.412e+02 1.062e+02 2.962e+01
s>                ( - 1.907e+02 3 0)
s>                ( - 1.442e+02 1 0))
s>            ( - 1.292e+03 10 0)))INFO: dtree.c(1478): Final simple tree
|( QUESTION0_0_R 1 6.621e+03 3.987e+02 3.252e+02
|    ( QUESTION6 1 2.756e+03 2.226e+02 1.485e+02
|        ( - 1.055e+03 8 0)
|        ( QUESTION0_1_R 1 1.479e+03 1.254e+02 8.529e+01
|            ( - 4.385e+02 5 0 QUESTION0 1 3.512e+01 2.907e+01)
|            ( - 9.148e+02 10 0)))
|    ( QUESTION0_16_R 1 3.466e+03 2.570e+02 1.768e+02
|        ( WDBNDRY_B 0 1.739e+03 2.143e+02 9.206e+01
|            ( - 9.809e+02 7 0)
|            ( - 5.441e+02 3 0))
|        ( WDBNDRY_B 0 1.470e+03 1.363e+02 8.469e+01
|            ( QUESTION0_18_R 1 9.805e+02 6.947e+01 5.865e+01
|                ( - 5.011e+01 2 0)
|                ( - 8.609e+02 7 0))
|            ( - 3.528e+02 4 0 QUESTION0_12_R 1 4.581e+01 2.604e+01))))
s>    ( QUESTION0_0_R 1 6.621e+03 3.987e+02 3.252e+02
s>        ( QUESTION6 1 2.756e+03 2.226e+02 1.485e+02
s>            ( - 1.055e+03 8 0)
s>            ( QUESTION0_1_R 1 1.479e+03 1.254e+02 8.529e+01
s>                ( - 4.385e+02 5 0 QUESTION0 1 3.512e+01 2.907e+01)
s>                ( - 9.148e+02 10 0)))
s>        ( QUESTION0_16_R 1 3.466e+03 2.570e+02 1.768e+02
s>            ( WDBNDRY_B 0 1.739e+03 2.143e+02 9.206e+01
s>                ( - 9.809e+02 7 0)
s>                ( - 5.441e+02 3 0))
s>            ( WDBNDRY_B 0 1.470e+03 1.363e+02 8.469e+01
s>                ( QUESTION0_18_R 1 9.805e+02 6.947e+01 5.865e+01
s>                    ( - 5.011e+01 2 0)
s>                    ( - 8.609e+02 7 0))
s>                ( - 3.528e+02 4 0 QUESTION0_12_R 1 4.581e+01 2.604e+01))))INFO: dtree.c(1315): Comp split 5
INFO: dtree.c(1478): Final simple tree
|( QUESTION2 1 2.158e+03 2.259e+02 1.128e+02
|    ( QUESTION0_12_R 1 7.437e+02 1.126e+02 4.283e+01
|        ( - 3.499e+02 5 0)
|        ( QUESTION0_14_R 1 2.812e+02 6.971e+01 1.997e+01
|            ( - 1.180e+02 2 0)
|            ( - 9.353e+01 2 0 QUESTION0_18_R 1 3.256e+01 8.969e+00)))
|    ( QUESTION15 1 1.188e+03 1.303e+02 7.000e+01
|        ( - 1.991e+02 1 0)
|        ( QUESTION0_0_R 1 8.586e+02 9.972e+01 5.232e+01
|            ( QUESTION0_1_R 1 3.019e+02 6.444e+01 2.197e+01
|                ( - 1.003e+02 3 0 QUESTION6 1 2.890e+01 9.994e+00)
|                ( QUESTION0_5_R 1 1.371e+02 3.679e+01 1.198e+01
|                    ( - 3.582e+01 1 0)
|                    ( - 6.450e+01 2 0 QUESTION0_3_R 1 2.115e+01 6.999e+00)))
|            ( - 4.571e+02 5 0))))
s>    ( QUESTION2 1 2.158e+03 2.259e+02 1.128e+02
s>        ( QUESTION0_12_R 1 7.437e+02 1.126e+02 4.283e+01
s>            ( - 3.499e+02 5 0)
s>            ( QUESTION0_14_R 1 2.812e+02 6.971e+01 1.997e+01
s>                ( - 1.180e+02 2 0)
s>                ( - 9.353e+01 2 0 QUESTION0_18_R 1 3.256e+01 8.969e+00)))
s>        ( QUESTION15 1 1.188e+03 1.303e+02 7.000e+01
s>            ( - 1.991e+02 1 0)
s>            ( QUESTION0_0_R 1 8.586e+02 9.972e+01 5.232e+01
s>                ( QUESTION0_1_R 1 3.019e+02 6.444e+01 2.197e+01
s>                    ( - 1.003e+02 3 0 QUESTION6 1 2.890e+01 9.994e+00)
s>                    ( QUESTION0_5_R 1 1.371e+02 3.679e+01 1.198e+01
s>                        ( - 3.582e+01 1 0)
s>                        ( - 6.450e+01 2 0 QUESTION0_3_R 1 2.115e+01 6.999e+00)))
s>                ( - 4.571e+02 5 0))))INFO: dtree.c(1439): stop. leaf nodes are specific
INFO: dtree.c(1478): Final simple tree
|( QUESTION0 1 7.642e+03 3.286e+02 3.627e+02
|    ( QUESTION0_1_R 1 4.946e+03 2.974e+02 2.321e+02
|        ( - 2.754e+03 7 0)
|        ( - 1.895e+03 14 0))
|    ( QUESTION6 1 2.367e+03 2.008e+02 1.306e+02
|        ( - 1.447e+03 11 0)
|        ( QUESTION8 1 7.189e+02 3.584e+01 4.477e+01
|            ( - 7.789e+00 1 0)
|            ( - 6.753e+02 5 0))))
s>    ( QUESTION0 1 7.642e+03 3.286e+02 3.627e+02
s>        ( QUESTION0_1_R 1 4.946e+03 2.974e+02 2.321e+02
s>            ( - 2.754e+03 7 0)
s>            ( - 1.895e+03 14 0))
s>        ( QUESTION6 1 2.367e+03 2.008e+02 1.306e+02
s>            ( - 1.447e+03 11 0)
s>            ( QUESTION8 1 7.189e+02 3.584e+01 4.477e+01
s>                ( - 7.789e+00 1 0)
s>                ( - 6.753e+02 5 0))))INFO: dtree.c(1315): Comp split 6
INFO: dtree.c(1478): Final simple tree
|( SILENCE -1 9.103e+02 1.865e+02 5.894e+01
|    ( QUESTION0_1_R 1 5.086e+02 8.102e+01 4.394e+01
|        ( - 3.394e+02 1 0)
|        ( QUESTION0_0_R 1 8.817e+01 1.601e+01 1.100e+01
|            ( - 7.188e+01 1 0)
|            ( - 2.824e-01 1 0)))
|    ( QUESTION0_2_R 1 2.152e+02 5.426e+01 1.500e+01
|        ( WDBNDRY_B 0 8.481e+01 2.998e+01 8.000e+00
|            ( - 4.163e+01 2 0)
|            ( - 1.320e+01 1 0))
|        ( QUESTION0_0_R 1 7.616e+01 2.216e+01 7.004e+00
|            ( WDBNDRY_B 0 3.195e+01 1.122e+01 4.004e+00
|                ( - 2.268e+00 1 0)
|                ( - 1.846e+01 1 0))
|            ( - 2.205e+01 2 0 WDBNDRY_E 0 9.101e+00 3.000e+00))))
s>    ( SILENCE -1 9.103e+02 1.865e+02 5.894e+01
s>        ( QUESTION0_1_R 1 5.086e+02 8.102e+01 4.394e+01
s>            ( - 3.394e+02 1 0)
s>            ( QUESTION0_0_R 1 8.817e+01 1.601e+01 1.100e+01
s>                ( - 7.188e+01 1 0)
s>                ( - 2.824e-01 1 0)))
s>        ( QUESTION0_2_R 1 2.152e+02 5.426e+01 1.500e+01
s>            ( WDBNDRY_B 0 8.481e+01 2.998e+01 8.000e+00
s>                ( - 4.163e+01 2 0)
s>                ( - 1.320e+01 1 0))
s>            ( QUESTION0_0_R 1 7.616e+01 2.216e+01 7.004e+00
s>                ( WDBNDRY_B 0 3.195e+01 1.122e+01 4.004e+00
s>                    ( - 2.268e+00 1 0)
s>                    ( - 1.846e+01 1 0))
s>                ( - 2.205e+01 2 0 WDBNDRY_E 0 9.101e+00 3.000e+00))))INFO: dtree.c(1478): Final simple tree
|( QUESTION2_12_L -1 1.938e+03 2.181e+02 8.969e+01
|    ( QUESTION0_2_R 1 4.912e+02 9.851e+01 2.902e+01
|        ( - 1.819e+02 5 0 QUESTION0_3_R 1 2.980e+01 1.301e+01)
|        ( - 2.108e+02 6 0 QUESTION0 1 3.851e+01 1.601e+01))
|    ( QUESTION2_16_L -1 1.229e+03 1.556e+02 6.067e+01
|        ( QUESTION0_1_R 1 6.103e+02 9.958e+01 3.477e+01
|            ( - 2.761e+02 4 0 QUESTION0 1 4.033e+01 1.984e+01)
|            ( QUESTION0_0_R 1 2.346e+02 5.325e+01 1.494e+01
|                ( - 9.250e+01 4 0 QUESTION0 1 2.511e+01 6.936e+00)
|                ( - 8.881e+01 3 0 QUESTION0_16_R 1 2.999e+01 7.999e+00)))
|        ( QUESTION2_6_L -1 4.630e+02 8.317e+01 2.589e+01
|            ( - 1.606e+02 5 0 QUESTION0 1 3.455e+01 1.198e+01)
|            ( QUESTION0 1 2.192e+02 4.853e+01 1.392e+01
|                ( - 1.046e+02 4 0 QUESTION0_1_R 1 2.615e+01 7.916e+00)
|                ( - 6.610e+01 3 0 WDBNDRY_B 0 2.253e+01 6.000e+00)))))
s>    ( QUESTION2_12_L -1 1.938e+03 2.181e+02 8.969e+01
s>        ( QUESTION0_2_R 1 4.912e+02 9.851e+01 2.902e+01
s>            ( - 1.819e+02 5 0 QUESTION0_3_R 1 2.980e+01 1.301e+01)
s>            ( - 2.108e+02 6 0 QUESTION0 1 3.851e+01 1.601e+01))
s>        ( QUESTION2_16_L -1 1.229e+03 1.556e+02 6.067e+01
s>            ( QUESTION0_1_R 1 6.103e+02 9.958e+01 3.477e+01
s>                ( - 2.761e+02 4 0 QUESTION0 1 4.033e+01 1.984e+01)
s>                ( QUESTION0_0_R 1 2.346e+02 5.325e+01 1.494e+01
s>                    ( - 9.250e+01 4 0 QUESTION0 1 2.511e+01 6.936e+00)
s>                    ( - 8.881e+01 3 0 QUESTION0_16_R 1 2.999e+01 7.999e+00)))
s>            ( QUESTION2_6_L -1 4.630e+02 8.317e+01 2.589e+01
s>                ( - 1.606e+02 5 0 QUESTION0 1 3.455e+01 1.198e+01)
s>                ( QUESTION0 1 2.192e+02 4.853e+01 1.392e+01
s>                    ( - 1.046e+02 4 0 QUESTION0_1_R 1 2.615e+01 7.916e+00)
s>                    ( - 6.610e+01 3 0 WDBNDRY_B 0 2.253e+01 6.000e+00)))))INFO: dtree.c(1315): Comp split 7
INFO: dtree.c(1478): Final simple tree
|( WDBNDRY_B 0 1.998e+03 2.181e+02 1.117e+02
|    ( QUESTION0 1 1.065e+03 1.307e+02 6.524e+01
|        ( - 2.789e+02 1 0)
|        ( QUESTION6 -1 6.558e+02 1.042e+02 4.425e+01
|            ( QUESTION6 1 3.392e+02 5.477e+01 2.861e+01
|                ( - 1.262e+02 3 0)
|                ( - 1.582e+02 1 0))
|            ( QUESTION7 1 2.125e+02 5.548e+01 1.564e+01
|                ( - 5.487e+01 2 0 QUESTION16 -1 2.071e+01 6.000e+00)
|                ( - 1.021e+02 4 0 QUESTION16 -1 2.650e+01 9.642e+00))))
|    ( QUESTION0_19_R 1 7.148e+02 1.072e+02 4.647e+01
|        ( - 3.017e+02 2 0)
|        ( QUESTION0_0_R 1 3.059e+02 6.536e+01 2.311e+01
|            ( - 1.279e+02 2 0 QUESTION0_1_R 1 3.827e+01 1.221e+01)
|            ( - 1.126e+02 3 0 QUESTION0_12_R 1 3.160e+01 1.090e+01))))
s>    ( WDBNDRY_B 0 1.998e+03 2.181e+02 1.117e+02
s>        ( QUESTION0 1 1.065e+03 1.307e+02 6.524e+01
s>            ( - 2.789e+02 1 0)
s>            ( QUESTION6 -1 6.558e+02 1.042e+02 4.425e+01
s>                ( QUESTION6 1 3.392e+02 5.477e+01 2.861e+01
s>                    ( - 1.262e+02 3 0)
s>                    ( - 1.582e+02 1 0))
s>                ( QUESTION7 1 2.125e+02 5.548e+01 1.564e+01
s>                    ( - 5.487e+01 2 0 QUESTION16 -1 2.071e+01 6.000e+00)
s>                    ( - 1.021e+02 4 0 QUESTION16 -1 2.650e+01 9.642e+00))))
s>        ( QUESTION0_19_R 1 7.148e+02 1.072e+02 4.647e+01
s>            ( - 3.017e+02 2 0)
s>            ( QUESTION0_0_R 1 3.059e+02 6.536e+01 2.311e+01
s>                ( - 1.279e+02 2 0 QUESTION0_1_R 1 3.827e+01 1.221e+01)
s>                ( - 1.126e+02 3 0 QUESTION0_12_R 1 3.160e+01 1.090e+01))))INFO: dtree.c(1478): Final simple tree
|( QUESTION2_2_L -1 3.541e+03 3.357e+02 1.599e+02
|    ( QUESTION0 1 1.139e+03 1.392e+02 5.913e+01
|        ( - 4.043e+02 7 0 QUESTION0_1_R 1 8.096e+01 2.453e+01)
|        ( QUESTION0_17_R 1 5.951e+02 9.230e+01 3.460e+01
|            ( - 1.560e+02 4 0 QUESTION0_18_R 1 3.999e+01 1.204e+01)
|            ( - 3.468e+02 9 0 QUESTION0_13_R 1 6.783e+01 2.255e+01)))
|    ( QUESTION0_0_R 1 2.066e+03 2.362e+02 1.007e+02
|        ( WDBNDRY_I 0 1.080e+03 1.546e+02 5.888e+01
|            ( - 4.314e+02 1 0)
|            ( QUESTION0_1_R 1 4.943e+02 8.827e+01 2.908e+01
|                ( - 1.679e+02 2 0 QUESTION8 -1 3.249e+01 1.300e+01)
|                ( - 2.381e+02 6 0 QUESTION0_7_R 1 5.597e+01 1.608e+01)))
|        ( QUESTION6 -1 7.498e+02 1.087e+02 4.187e+01
|            ( - 3.372e+02 4 0 QUESTION0_19_R 1 6.071e+01 2.188e+01)
|            ( - 3.040e+02 6 0 WDBNDRY_B 0 6.143e+01 2.000e+01))))
s>    ( QUESTION2_2_L -1 3.541e+03 3.357e+02 1.599e+02
s>        ( QUESTION0 1 1.139e+03 1.392e+02 5.913e+01
s>            ( - 4.043e+02 7 0 QUESTION0_1_R 1 8.096e+01 2.453e+01)
s>            ( QUESTION0_17_R 1 5.951e+02 9.230e+01 3.460e+01
s>                ( - 1.560e+02 4 0 QUESTION0_18_R 1 3.999e+01 1.204e+01)
s>                ( - 3.468e+02 9 0 QUESTION0_13_R 1 6.783e+01 2.255e+01)))
s>        ( QUESTION0_0_R 1 2.066e+03 2.362e+02 1.007e+02
s>            ( WDBNDRY_I 0 1.080e+03 1.546e+02 5.888e+01
s>                ( - 4.314e+02 1 0)
s>                ( QUESTION0_1_R 1 4.943e+02 8.827e+01 2.908e+01
s>                    ( - 1.679e+02 2 0 QUESTION8 -1 3.249e+01 1.300e+01)
s>                    ( - 2.381e+02 6 0 QUESTION0_7_R 1 5.597e+01 1.608e+01)))
s>            ( QUESTION6 -1 7.498e+02 1.087e+02 4.187e+01
s>                ( - 3.372e+02 4 0 QUESTION0_19_R 1 6.071e+01 2.188e+01)
s>                ( - 3.040e+02 6 0 WDBNDRY_B 0 6.143e+01 2.000e+01))))INFO: dtree.c(1315): Comp split 8
INFO: dtree.c(1439): stop. leaf nodes are specific
INFO: dtree.c(1478): Final simple tree
|( QUESTION0_17_R 1 2.668e+03 2.188e+02 1.407e+02
|    ( WDBNDRY_B 0 1.353e+03 1.149e+02 7.869e+01
|        ( QUESTION0_18_R 1 9.805e+02 6.947e+01 5.865e+01
|            ( - 5.011e+01 2 0)
|            ( - 8.609e+02 7 0))
|        ( - 2.577e+02 3 0))
|    ( WDBNDRY_B 0 1.096e+03 6.578e+01 6.203e+01
|        ( - 9.809e+02 7 0)
|        ( - 4.931e+01 1 0)))
s>    ( QUESTION0_17_R 1 2.668e+03 2.188e+02 1.407e+02
s>        ( WDBNDRY_B 0 1.353e+03 1.149e+02 7.869e+01
s>            ( QUESTION0_18_R 1 9.805e+02 6.947e+01 5.865e+01
s>                ( - 5.011e+01 2 0)
s>                ( - 8.609e+02 7 0))
s>            ( - 2.577e+02 3 0))
s>        ( WDBNDRY_B 0 1.096e+03 6.578e+01 6.203e+01
s>            ( - 9.809e+02 7 0)
s>            ( - 4.931e+01 1 0)))INFO: dtree.c(1439): stop. leaf nodes are specific
INFO: dtree.c(1478): Final simple tree
|( QUESTION0_1_R 1 3.533e+03 2.599e+02 1.845e+02
|    ( QUESTION6 1 1.634e+03 1.405e+02 9.227e+01
|        ( - 1.055e+03 8 0)
|        ( QUESTION0 1 4.385e+02 3.512e+01 2.907e+01
|            ( - 3.860e+02 4 0)
|            ( - 1.736e+01 1 0)))
|    ( QUESTION0_0_R 1 1.640e+03 1.809e+02 9.225e+01
|        ( - 9.148e+02 10 0)
|        ( - 5.441e+02 3 0)))
s>    ( QUESTION0_1_R 1 3.533e+03 2.599e+02 1.845e+02
s>        ( QUESTION6 1 1.634e+03 1.405e+02 9.227e+01
s>            ( - 1.055e+03 8 0)
s>            ( QUESTION0 1 4.385e+02 3.512e+01 2.907e+01
s>                ( - 3.860e+02 4 0)
s>                ( - 1.736e+01 1 0)))
s>        ( QUESTION0_0_R 1 1.640e+03 1.809e+02 9.225e+01
s>            ( - 9.148e+02 10 0)
s>            ( - 5.441e+02 3 0)))INFO: dtree.c(1315): Comp split 9
INFO: dtree.c(1439): stop. leaf nodes are specific
INFO: dtree.c(1478): Final simple tree
|( QUESTION0_1_R 1 2.800e+03 1.868e+02 1.406e+02
|    ( QUESTION8 1 7.189e+02 3.584e+01 4.477e+01
|        ( - 7.789e+00 1 0)
|        ( - 6.753e+02 5 0))
|    ( - 1.895e+03 14 0))
s>    ( QUESTION0_1_R 1 2.800e+03 1.868e+02 1.406e+02
s>        ( QUESTION8 1 7.189e+02 3.584e+01 4.477e+01
s>            ( - 7.789e+00 1 0)
s>            ( - 6.753e+02 5 0))
s>        ( - 1.895e+03 14 0))INFO: dtree.c(1439): stop. leaf nodes are specific
INFO: dtree.c(1478): Final simple tree
|( QUESTION0 1 4.485e+03 2.836e+02 2.221e+02
|    ( - 2.754e+03 7 0)
|    ( - 1.447e+03 11 0))
s>    ( QUESTION0 1 4.485e+03 2.836e+02 2.221e+02
s>        ( - 2.754e+03 7 0)
s>        ( - 1.447e+03 11 0))INFO: dtree.c(1315): Comp split 10
INFO: dtree.c(1439): stop. leaf nodes are specific
INFO: dtree.c(1478): Final simple tree
|( QUESTION0_0_R 1 1.944e+03 2.099e+02 1.025e+02
|    ( QUESTION0_1_R 1 4.412e+02 1.062e+02 2.962e+01
|        ( - 1.907e+02 3 0)
|        ( - 1.442e+02 1 0))
|    ( - 1.292e+03 10 0))
s>    ( QUESTION0_0_R 1 1.944e+03 2.099e+02 1.025e+02
s>        ( QUESTION0_1_R 1 4.412e+02 1.062e+02 2.962e+01
s>            ( - 1.907e+02 3 0)
s>            ( - 1.442e+02 1 0))
s>        ( - 1.292e+03 10 0))INFO: dtree.c(1439): stop. leaf nodes are specific
INFO: dtree.c(1478): Final simple tree
|( WDBNDRY_B 0 4.061e+03 2.450e+02 2.233e+02
|    ( - 1.199e+03 5 0)
|    ( - 2.617e+03 5 0))
s>    ( WDBNDRY_B 0 4.061e+03 2.450e+02 2.233e+02
s>        ( - 1.199e+03 5 0)
s>        ( - 2.617e+03 5 0))INFO: dtree.c(1315): Comp split 11
INFO: dtree.c(1478): Final simple tree
|( QUESTION0_0_R 1 2.066e+03 2.362e+02 1.007e+02
|    ( WDBNDRY_I 0 1.080e+03 1.546e+02 5.888e+01
|        ( - 4.314e+02 1 0)
|        ( QUESTION0_1_R 1 4.943e+02 8.827e+01 2.908e+01
|            ( - 1.679e+02 2 0 QUESTION8 -1 3.249e+01 1.300e+01)
|            ( QUESTION0_7_R 1 2.381e+02 5.597e+01 1.608e+01
|                ( - 5.111e+01 1 0)
|                ( - 1.310e+02 5 0 QUESTION16 -1 3.548e+01 1.025e+01))))
|    ( QUESTION6 -1 7.498e+02 1.087e+02 4.187e+01
|        ( QUESTION0_19_R 1 3.372e+02 6.071e+01 2.188e+01
|            ( - 2.015e+02 2 0)
|            ( - 7.495e+01 2 0 QUESTION0_16_R 1 2.565e+01 7.000e+00))
|        ( WDBNDRY_B 0 3.040e+02 6.143e+01 2.000e+01
|            ( - 1.222e+02 4 0 QUESTION16 -1 3.380e+01 1.000e+01)
|            ( - 1.203e+02 2 0 QUESTION8 -1 2.659e+01 9.999e+00))))
s>    ( QUESTION0_0_R 1 2.066e+03 2.362e+02 1.007e+02
s>        ( WDBNDRY_I 0 1.080e+03 1.546e+02 5.888e+01
s>            ( - 4.314e+02 1 0)
s>            ( QUESTION0_1_R 1 4.943e+02 8.827e+01 2.908e+01
s>                ( - 1.679e+02 2 0 QUESTION8 -1 3.249e+01 1.300e+01)
s>                ( QUESTION0_7_R 1 2.381e+02 5.597e+01 1.608e+01
s>                    ( - 5.111e+01 1 0)
s>                    ( - 1.310e+02 5 0 QUESTION16 -1 3.548e+01 1.025e+01))))
s>        ( QUESTION6 -1 7.498e+02 1.087e+02 4.187e+01
s>            ( QUESTION0_19_R 1 3.372e+02 6.071e+01 2.188e+01
s>                ( - 2.015e+02 2 0)
s>                ( - 7.495e+01 2 0 QUESTION0_16_R 1 2.565e+01 7.000e+00))
s>            ( WDBNDRY_B 0 3.040e+02 6.143e+01 2.000e+01
s>                ( - 1.222e+02 4 0 QUESTION16 -1 3.380e+01 1.000e+01)
s>                ( - 1.203e+02 2 0 QUESTION8 -1 2.659e+01 9.999e+00))))INFO: dtree.c(1478): Final simple tree
|( QUESTION0 1 1.139e+03 1.392e+02 5.913e+01
|    ( QUESTION0_1_R 1 4.043e+02 8.096e+01 2.453e+01
|        ( - 2.116e+02 5 0 WDBNDRY_B 0 3.169e+01 1.499e+01)
|        ( WDBNDRY_B 0 1.117e+02 3.801e+01 9.542e+00
|            ( - 2.501e+01 1 0)
|            ( - 4.871e+01 1 0)))
|    ( QUESTION0_17_R 1 5.951e+02 9.230e+01 3.460e+01
|        ( QUESTION0_18_R 1 1.560e+02 3.999e+01 1.204e+01
|            ( - 8.427e+01 2 0 WDBNDRY_B 0 2.128e+01 8.043e+00)
|            ( - 3.172e+01 2 0 QUESTION2_3_L -1 1.371e+01 4.000e+00))
|        ( QUESTION0_13_R 1 3.468e+02 6.783e+01 2.255e+01
|            ( - 1.434e+02 3 0 WDBNDRY_B 0 1.843e+01 1.200e+01)
|            ( QUESTION7 1 1.356e+02 3.287e+01 1.055e+01
|                ( - 5.054e+01 3 0 QUESTION0_0_R 1 1.801e+01 5.001e+00)
|                ( - 5.216e+01 3 0 QUESTION0_0_R 1 2.218e+01 5.553e+00)))))
s>    ( QUESTION0 1 1.139e+03 1.392e+02 5.913e+01
s>        ( QUESTION0_1_R 1 4.043e+02 8.096e+01 2.453e+01
s>            ( - 2.116e+02 5 0 WDBNDRY_B 0 3.169e+01 1.499e+01)
s>            ( WDBNDRY_B 0 1.117e+02 3.801e+01 9.542e+00
s>                ( - 2.501e+01 1 0)
s>                ( - 4.871e+01 1 0)))
s>        ( QUESTION0_17_R 1 5.951e+02 9.230e+01 3.460e+01
s>            ( QUESTION0_18_R 1 1.560e+02 3.999e+01 1.204e+01
s>                ( - 8.427e+01 2 0 WDBNDRY_B 0 2.128e+01 8.043e+00)
s>                ( - 3.172e+01 2 0 QUESTION2_3_L -1 1.371e+01 4.000e+00))
s>            ( QUESTION0_13_R 1 3.468e+02 6.783e+01 2.255e+01
s>                ( - 1.434e+02 3 0 WDBNDRY_B 0 1.843e+01 1.200e+01)
s>                ( QUESTION7 1 1.356e+02 3.287e+01 1.055e+01
s>                    ( - 5.054e+01 3 0 QUESTION0_0_R 1 1.801e+01 5.001e+00)
s>                    ( - 5.216e+01 3 0 QUESTION0_0_R 1 2.218e+01 5.553e+00)))))INFO: dtree.c(1315): Comp split 12
INFO: dtree.c(1315): Comp split 13
INFO: dtree.c(1439): stop. leaf nodes are specific
INFO: dtree.c(1478): Final simple tree
|( QUESTION8 1 1.087e+03 1.536e+02 6.410e+01
|    ( QUESTION0_0_R 1 5.313e+02 9.053e+01 3.857e+01
|        ( QUESTION0_5_R 1 2.706e+02 3.353e+01 2.001e+01
|            ( - 1.683e+01 1 0)
|            ( - 2.202e+02 4 0))
|        ( - 1.702e+02 1 0))
|    ( QUESTION0_0_R 1 4.017e+02 8.251e+01 2.553e+01
|        ( - 9.057e+01 2 0)
|        ( QUESTION4 1 2.286e+02 5.459e+01 1.800e+01
|            ( - 1.108e+02 3 0)
|            ( - 6.324e+01 2 0))))
s>    ( QUESTION8 1 1.087e+03 1.536e+02 6.410e+01
s>        ( QUESTION0_0_R 1 5.313e+02 9.053e+01 3.857e+01
s>            ( QUESTION0_5_R 1 2.706e+02 3.353e+01 2.001e+01
s>                ( - 1.683e+01 1 0)
s>                ( - 2.202e+02 4 0))
s>            ( - 1.702e+02 1 0))
s>        ( QUESTION0_0_R 1 4.017e+02 8.251e+01 2.553e+01
s>            ( - 9.057e+01 2 0)
s>            ( QUESTION4 1 2.286e+02 5.459e+01 1.800e+01
s>                ( - 1.108e+02 3 0)
s>                ( - 6.324e+01 2 0))))INFO: dtree.c(1315): Comp split 14
INFO: dtree.c(1439): stop. leaf nodes are specific
INFO: dtree.c(1478): Final simple tree
|( QUESTION6 1 1.634e+03 1.405e+02 9.227e+01
|    ( - 1.055e+03 8 0)
|    ( QUESTION0 1 4.385e+02 3.512e+01 2.907e+01
|        ( - 3.860e+02 4 0)
|        ( - 1.736e+01 1 0)))
s>    ( QUESTION6 1 1.634e+03 1.405e+02 9.227e+01
s>        ( - 1.055e+03 8 0)
s>        ( QUESTION0 1 4.385e+02 3.512e+01 2.907e+01
s>            ( - 3.860e+02 4 0)
s>            ( - 1.736e+01 1 0)))INFO: dtree.c(1439): stop. leaf nodes are specific
INFO: dtree.c(1478): Final simple tree
|( QUESTION0_0_R 1 1.640e+03 1.809e+02 9.225e+01
|    ( - 9.148e+02 10 0)
|    ( - 5.441e+02 3 0))
s>    ( QUESTION0_0_R 1 1.640e+03 1.809e+02 9.225e+01
s>        ( - 9.148e+02 10 0)
s>        ( - 5.441e+02 3 0))INFO: dtree.c(1315): Comp split 15
INFO: dtree.c(1478): Final simple tree
|( QUESTION0_17_R 1 9.886e+02 1.370e+02 5.213e+01
|    ( QUESTION6 -1 5.406e+02 8.892e+01 3.187e+01
|        ( QUESTION0_19_R 1 2.584e+02 3.895e+01 1.788e+01
|            ( - 2.015e+02 2 0)
|            ( - 1.797e+01 1 0))
|        ( QUESTION17 -1 1.933e+02 4.400e+01 1.400e+01
|            ( - 1.134e+02 2 0 WDBNDRY_B 0 2.154e+01 9.999e+00)
|            ( - 3.586e+01 2 0 WDBNDRY_B 0 1.616e+01 4.000e+00)))
|    ( QUESTION16 -1 3.109e+02 6.231e+01 2.025e+01
|        ( QUESTION0_0_R 1 7.305e+01 2.882e+01 7.000e+00
|            ( - 2.149e+01 2 0 QUESTION0_3_R 1 1.137e+01 3.000e+00)
|            ( - 2.274e+01 1 0))
|        ( QUESTION6 -1 1.756e+02 3.923e+01 1.325e+01
|            ( - 5.920e+01 2 0 WDBNDRY_B 0 1.737e+01 5.999e+00)
|            ( - 7.715e+01 3 0 QUESTION0_0_R 1 2.279e+01 7.253e+00))))
s>    ( QUESTION0_17_R 1 9.886e+02 1.370e+02 5.213e+01
s>        ( QUESTION6 -1 5.406e+02 8.892e+01 3.187e+01
s>            ( QUESTION0_19_R 1 2.584e+02 3.895e+01 1.788e+01
s>                ( - 2.015e+02 2 0)
s>                ( - 1.797e+01 1 0))
s>            ( QUESTION17 -1 1.933e+02 4.400e+01 1.400e+01
s>                ( - 1.134e+02 2 0 WDBNDRY_B 0 2.154e+01 9.999e+00)
s>                ( - 3.586e+01 2 0 WDBNDRY_B 0 1.616e+01 4.000e+00)))
s>        ( QUESTION16 -1 3.109e+02 6.231e+01 2.025e+01
s>            ( QUESTION0_0_R 1 7.305e+01 2.882e+01 7.000e+00
s>                ( - 2.149e+01 2 0 QUESTION0_3_R 1 1.137e+01 3.000e+00)
s>                ( - 2.274e+01 1 0))
s>            ( QUESTION6 -1 1.756e+02 3.923e+01 1.325e+01
s>                ( - 5.920e+01 2 0 WDBNDRY_B 0 1.737e+01 5.999e+00)
s>                ( - 7.715e+01 3 0 QUESTION0_0_R 1 2.279e+01 7.253e+00))))INFO: dtree.c(1439): stop. leaf nodes are specific
INFO: dtree.c(1478): Final simple tree
|( WDBNDRY_B 0 8.226e+02 1.215e+02 4.862e+01
|    ( QUESTION0_1_R 1 2.698e+02 5.074e+01 1.883e+01
|        ( QUESTION8 -1 1.679e+02 3.249e+01 1.300e+01
|            ( - 1.122e+01 1 0)
|            ( - 1.242e+02 1 0))
|        ( - 5.111e+01 1 0))
|    ( - 4.314e+02 1 0))
s>    ( WDBNDRY_B 0 8.226e+02 1.215e+02 4.862e+01
s>        ( QUESTION0_1_R 1 2.698e+02 5.074e+01 1.883e+01
s>            ( QUESTION8 -1 1.679e+02 3.249e+01 1.300e+01
s>                ( - 1.122e+01 1 0)
s>                ( - 1.242e+02 1 0))
s>            ( - 5.111e+01 1 0))
s>        ( - 4.314e+02 1 0))INFO: dtree.c(1315): Comp split 16
INFO: dtree.c(1315): Comp split 17
INFO: dtree.c(1478): Final simple tree
|( QUESTION0_2_R 1 6.673e+02 1.179e+02 3.702e+01
|    ( QUESTION0_3_R 1 1.819e+02 2.980e+01 1.301e+01
|        ( WDBNDRY_B 0 1.424e+02 1.989e+01 1.100e+01
|            ( - 1.215e+02 3 0)
|            ( - 1.002e+00 1 0))
|        ( - 9.761e+00 1 0))
|    ( QUESTION2_12_L -1 3.675e+02 6.788e+01 2.401e+01
|        ( QUESTION0 1 2.108e+02 3.851e+01 1.601e+01
|            ( - 1.199e+02 3 0)
|            ( QUESTION0_0_R 1 5.235e+01 2.207e+01 6.001e+00
|                ( - 3.480e+00 1 0)
|                ( - 2.680e+01 2 0 QUESTION0_18_R 1 1.587e+01 4.001e+00)))
|        ( QUESTION0_16_R 1 8.881e+01 2.999e+01 7.999e+00
|            ( - 3.266e+01 1 0)
|            ( - 2.616e+01 2 0 QUESTION0_12_R 1 1.475e+01 3.999e+00))))
s>    ( QUESTION0_2_R 1 6.673e+02 1.179e+02 3.702e+01
s>        ( QUESTION0_3_R 1 1.819e+02 2.980e+01 1.301e+01
s>            ( WDBNDRY_B 0 1.424e+02 1.989e+01 1.100e+01
s>                ( - 1.215e+02 3 0)
s>                ( - 1.002e+00 1 0))
s>            ( - 9.761e+00 1 0))
s>        ( QUESTION2_12_L -1 3.675e+02 6.788e+01 2.401e+01
s>            ( QUESTION0 1 2.108e+02 3.851e+01 1.601e+01
s>                ( - 1.199e+02 3 0)
s>                ( QUESTION0_0_R 1 5.235e+01 2.207e+01 6.001e+00
s>                    ( - 3.480e+00 1 0)
s>                    ( - 2.680e+01 2 0 QUESTION0_18_R 1 1.587e+01 4.001e+00)))
s>            ( QUESTION0_16_R 1 8.881e+01 2.999e+01 7.999e+00
s>                ( - 3.266e+01 1 0)
s>                ( - 2.616e+01 2 0 QUESTION0_12_R 1 1.475e+01 3.999e+00))))INFO: dtree.c(1478): Final simple tree
|( QUESTION2_16_L -1 1.037e+03 1.395e+02 5.267e+01
|    ( QUESTION0_1_R 1 4.344e+02 6.582e+01 2.677e+01
|        ( QUESTION0 1 2.761e+02 4.033e+01 1.984e+01
|            ( - 1.906e+02 1 0)
|            ( - 4.514e+01 3 0 QUESTION6 1 1.686e+01 4.999e+00))
|        ( - 9.250e+01 4 0 QUESTION0 1 2.511e+01 6.936e+00))
|    ( QUESTION2_6_L -1 4.630e+02 8.317e+01 2.589e+01
|        ( QUESTION0 1 1.606e+02 3.455e+01 1.198e+01
|            ( - 9.460e+01 2 0 QUESTION0_1_R 1 2.112e+01 7.978e+00)
|            ( - 3.144e+01 3 0 QUESTION0_0_R 1 1.647e+01 4.000e+00))
|        ( QUESTION0 1 2.192e+02 4.853e+01 1.392e+01
|            ( QUESTION0_1_R 1 1.046e+02 2.615e+01 7.916e+00
|                ( - 3.571e+01 1 0)
|                ( - 4.272e+01 3 0 WDBNDRY_B 0 1.069e+01 4.902e+00))
|            ( - 6.610e+01 3 0 WDBNDRY_B 0 2.253e+01 6.000e+00))))
s>    ( QUESTION2_16_L -1 1.037e+03 1.395e+02 5.267e+01
s>        ( QUESTION0_1_R 1 4.344e+02 6.582e+01 2.677e+01
s>            ( QUESTION0 1 2.761e+02 4.033e+01 1.984e+01
s>                ( - 1.906e+02 1 0)
s>                ( - 4.514e+01 3 0 QUESTION6 1 1.686e+01 4.999e+00))
s>            ( - 9.250e+01 4 0 QUESTION0 1 2.511e+01 6.936e+00))
s>        ( QUESTION2_6_L -1 4.630e+02 8.317e+01 2.589e+01
s>            ( QUESTION0 1 1.606e+02 3.455e+01 1.198e+01
s>                ( - 9.460e+01 2 0 QUESTION0_1_R 1 2.112e+01 7.978e+00)
s>                ( - 3.144e+01 3 0 QUESTION0_0_R 1 1.647e+01 4.000e+00))
s>            ( QUESTION0 1 2.192e+02 4.853e+01 1.392e+01
s>                ( QUESTION0_1_R 1 1.046e+02 2.615e+01 7.916e+00
s>                    ( - 3.571e+01 1 0)
s>                    ( - 4.272e+01 3 0 WDBNDRY_B 0 1.069e+01 4.902e+00))
s>                ( - 6.610e+01 3 0 WDBNDRY_B 0 2.253e+01 6.000e+00))))INFO: dtree.c(1315): Comp split 18
INFO: dtree.c(1439): stop. leaf nodes are specific
INFO: dtree.c(1478): Final simple tree
|( QUESTION0_19_R 1 8.482e+02 1.241e+02 5.247e+01
|    ( - 3.017e+02 2 0)
|    ( QUESTION0_1_R 1 4.224e+02 7.035e+01 2.911e+01
|        ( WDBNDRY_B 0 1.656e+02 4.608e+01 1.421e+01
|            ( QUESTION16 -1 5.487e+01 2.071e+01 6.000e+00
|                ( - 1.007e+01 1 0)
|                ( - 2.409e+01 1 0))
|            ( - 6.460e+01 1 0))
|        ( QUESTION0_13_R 1 1.865e+02 5.234e+01 1.490e+01
|            ( - 6.098e+01 1 0)
|            ( QUESTION0_0_R 1 7.315e+01 2.805e+01 7.002e+00
|                ( - 2.505e+01 1 0)
|                ( - 2.005e+01 2 0)))))
s>    ( QUESTION0_19_R 1 8.482e+02 1.241e+02 5.247e+01
s>        ( - 3.017e+02 2 0)
s>        ( QUESTION0_1_R 1 4.224e+02 7.035e+01 2.911e+01
s>            ( WDBNDRY_B 0 1.656e+02 4.608e+01 1.421e+01
s>                ( QUESTION16 -1 5.487e+01 2.071e+01 6.000e+00
s>                    ( - 1.007e+01 1 0)
s>                    ( - 2.409e+01 1 0))
s>                ( - 6.460e+01 1 0))
s>            ( QUESTION0_13_R 1 1.865e+02 5.234e+01 1.490e+01
s>                ( - 6.098e+01 1 0)
s>                ( QUESTION0_0_R 1 7.315e+01 2.805e+01 7.002e+00
s>                    ( - 2.505e+01 1 0)
s>                    ( - 2.005e+01 2 0)))))INFO: dtree.c(1439): stop. leaf nodes are specific
INFO: dtree.c(1478): Final simple tree
|( QUESTION0 1 9.220e+02 1.244e+02 5.924e+01
|    ( - 2.789e+02 1 0)
|    ( QUESTION7 1 5.187e+02 7.938e+01 3.825e+01
|        ( - 1.582e+02 1 0)
|        ( QUESTION6 -1 2.811e+02 5.278e+01 2.066e+01
|            ( - 1.262e+02 3 0)
|            ( QUESTION16 -1 1.021e+02 2.650e+01 9.642e+00
|                ( - 1.277e+01 2 0)
|                ( QUESTION0_0_R 1 6.284e+01 1.716e+01 7.000e+00
|                    ( - 4.022e+01 1 0)
|                    ( - 5.456e+00 1 0))))))
s>    ( QUESTION0 1 9.220e+02 1.244e+02 5.924e+01
s>        ( - 2.789e+02 1 0)
s>        ( QUESTION7 1 5.187e+02 7.938e+01 3.825e+01
s>            ( - 1.582e+02 1 0)
s>            ( QUESTION6 -1 2.811e+02 5.278e+01 2.066e+01
s>                ( - 1.262e+02 3 0)
s>                ( QUESTION16 -1 1.021e+02 2.650e+01 9.642e+00
s>                    ( - 1.277e+01 2 0)
s>                    ( QUESTION0_0_R 1 6.284e+01 1.716e+01 7.000e+00
s>                        ( - 4.022e+01 1 0)
s>                        ( - 5.456e+00 1 0))))))INFO: dtree.c(1315): Comp split 19
INFO: dtree.c(1439): stop. leaf nodes are specific
INFO: dtree.c(1478): Final simple tree
|( QUESTION3 1 9.494e+02 1.167e+02 5.631e+01
|    ( QUESTION0_0_R 1 6.222e+02 6.490e+01 4.035e+01
|        ( QUESTION6 1 1.003e+02 2.890e+01 9.994e+00
|            ( - 2.132e+01 1 0)
|            ( - 5.008e+01 2 0))
|        ( - 4.571e+02 5 0))
|    ( QUESTION0_0_R 1 2.104e+02 5.237e+01 1.597e+01
|        ( QUESTION0_3_R 1 6.450e+01 2.115e+01 6.999e+00
|            ( - 2.340e+01 1 0)
|            ( - 1.995e+01 1 0))
|        ( QUESTION0_18_R 1 9.353e+01 3.256e+01 8.969e+00
|            ( - 1.883e+01 1 0)
|            ( - 4.214e+01 1 0))))
s>    ( QUESTION3 1 9.494e+02 1.167e+02 5.631e+01
s>        ( QUESTION0_0_R 1 6.222e+02 6.490e+01 4.035e+01
s>            ( QUESTION6 1 1.003e+02 2.890e+01 9.994e+00
s>                ( - 2.132e+01 1 0)
s>                ( - 5.008e+01 2 0))
s>            ( - 4.571e+02 5 0))
s>        ( QUESTION0_0_R 1 2.104e+02 5.237e+01 1.597e+01
s>            ( QUESTION0_3_R 1 6.450e+01 2.115e+01 6.999e+00
s>                ( - 2.340e+01 1 0)
s>                ( - 1.995e+01 1 0))
s>            ( QUESTION0_18_R 1 9.353e+01 3.256e+01 8.969e+00
s>                ( - 1.883e+01 1 0)
s>                ( - 4.214e+01 1 0))))INFO: dtree.c(1439): stop. leaf nodes are specific
INFO: dtree.c(1478): Final simple tree
|( QUESTION0_0_R 1 9.813e+02 1.465e+02 5.652e+01
|    ( QUESTION0_1_R 1 2.790e+02 4.416e+01 2.265e+01
|        ( - 1.991e+02 1 0)
|        ( - 3.582e+01 1 0))
|    ( QUESTION0_12_R 1 5.557e+02 8.781e+01 3.386e+01
|        ( - 3.499e+02 5 0)
|        ( - 1.180e+02 2 0)))
s>    ( QUESTION0_0_R 1 9.813e+02 1.465e+02 5.652e+01
s>        ( QUESTION0_1_R 1 2.790e+02 4.416e+01 2.265e+01
s>            ( - 1.991e+02 1 0)
s>            ( - 3.582e+01 1 0))
s>        ( QUESTION0_12_R 1 5.557e+02 8.781e+01 3.386e+01
s>            ( - 3.499e+02 5 0)
s>            ( - 1.180e+02 2 0)))INFO: dtree.c(1315): Comp split 20
INFO: dtree.c(1439): stop. leaf nodes are specific
INFO: dtree.c(1478): Final simple tree
|( QUESTION0_16_R 1 1.583e+03 1.528e+02 8.907e+01
|    ( - 9.809e+02 7 0)
|    ( QUESTION0_12_R 1 4.497e+02 5.050e+01 3.304e+01
|        ( - 4.931e+01 1 0)
|        ( WDBNDRY_B 0 3.499e+02 4.210e+01 2.704e+01
|            ( - 5.011e+01 2 0)
|            ( - 2.577e+02 3 0))))
s>    ( QUESTION0_16_R 1 1.583e+03 1.528e+02 8.907e+01
s>        ( - 9.809e+02 7 0)
s>        ( QUESTION0_12_R 1 4.497e+02 5.050e+01 3.304e+01
s>            ( - 4.931e+01 1 0)
s>            ( WDBNDRY_B 0 3.499e+02 4.210e+01 2.704e+01
s>                ( - 5.011e+01 2 0)
s>                ( - 2.577e+02 3 0))))INFO: dtree.c(1315): Comp split 21
INFO: dtree.c(1439): stop. leaf nodes are specific
INFO: dtree.c(1478): Final simple tree
|( QUESTION0_1_R 1 4.412e+02 1.062e+02 2.962e+01
|    ( - 1.907e+02 3 0)
|    ( - 1.442e+02 1 0))
s>    ( QUESTION0_1_R 1 4.412e+02 1.062e+02 2.962e+01
s>        ( - 1.907e+02 3 0)
s>        ( - 1.442e+02 1 0))INFO: dtree.c(1315): Comp split 22
INFO: dtree.c(1439): stop. leaf nodes are specific
INFO: dtree.c(1478): Final simple tree
|( QUESTION8 1 7.189e+02 3.584e+01 4.477e+01
|    ( - 7.789e+00 1 0)
|    ( - 6.753e+02 5 0))
s>    ( QUESTION8 1 7.189e+02 3.584e+01 4.477e+01
s>        ( - 7.789e+00 1 0)
s>        ( - 6.753e+02 5 0))INFO: dtree.c(1315): Comp split 23
INFO: dtree.c(1439): stop. leaf nodes are specific
INFO: dtree.c(1478): Final simple tree
|( QUESTION0_2_R 1 2.152e+02 5.426e+01 1.500e+01
|    ( WDBNDRY_B 0 8.481e+01 2.998e+01 8.000e+00
|        ( - 4.163e+01 2 0)
|        ( - 1.320e+01 1 0))
|    ( QUESTION0_0_R 1 7.616e+01 2.216e+01 7.004e+00
|        ( WDBNDRY_B 0 3.195e+01 1.122e+01 4.004e+00
|            ( - 2.268e+00 1 0)
|            ( - 1.846e+01 1 0))
|        ( WDBNDRY_E 0 2.205e+01 9.101e+00 3.000e+00
|            ( - 3.516e+00 1 0)
|            ( - 9.436e+00 1 0))))
s>    ( QUESTION0_2_R 1 2.152e+02 5.426e+01 1.500e+01
s>        ( WDBNDRY_B 0 8.481e+01 2.998e+01 8.000e+00
s>            ( - 4.163e+01 2 0)
s>            ( - 1.320e+01 1 0))
s>        ( QUESTION0_0_R 1 7.616e+01 2.216e+01 7.004e+00
s>            ( WDBNDRY_B 0 3.195e+01 1.122e+01 4.004e+00
s>                ( - 2.268e+00 1 0)
s>                ( - 1.846e+01 1 0))
s>            ( WDBNDRY_E 0 2.205e+01 9.101e+00 3.000e+00
s>                ( - 3.516e+00 1 0)
s>                ( - 9.436e+00 1 0))))INFO: dtree.c(1439): stop. leaf nodes are specific
INFO: dtree.c(1478): Final simple tree
|( QUESTION0_1_R 1 5.086e+02 8.102e+01 4.394e+01
|    ( - 3.394e+02 1 0)
|    ( QUESTION0_0_R 1 8.817e+01 1.601e+01 1.100e+01
|        ( - 7.188e+01 1 0)
|        ( - 2.824e-01 1 0)))
s>    ( QUESTION0_1_R 1 5.086e+02 8.102e+01 4.394e+01
s>        ( - 3.394e+02 1 0)
s>        ( QUESTION0_0_R 1 8.817e+01 1.601e+01 1.100e+01
s>            ( - 7.188e+01 1 0)
s>            ( - 2.824e-01 1 0)))INFO: dtree.c(1315): Comp split 24
INFO: dtree.c(1315): Comp split 25
INFO: dtree.c(1439): stop. leaf nodes are specific
INFO: dtree.c(1478): Final simple tree
|( QUESTION0_16_R 1 4.130e+02 8.588e+01 2.554e+01
|    ( - 1.215e+02 2 0)
|    ( WDBNDRY_B 0 2.057e+02 5.542e+01 1.454e+01
|        ( QUESTION2_3_L -1 8.647e+01 3.025e+01 7.543e+00
|            ( QUESTION0_0_R 1 3.958e+01 1.320e+01 4.543e+00
|                ( - 2.501e+01 1 0)
|                ( - 1.369e+00 1 0))
|            ( - 1.665e+01 1 0))
|        ( WDBNDRY_E 0 6.377e+01 1.156e+01 7.000e+00
|            ( - 3.503e+00 1 0)
|            ( - 4.871e+01 1 0))))
s>    ( QUESTION0_16_R 1 4.130e+02 8.588e+01 2.554e+01
s>        ( - 1.215e+02 2 0)
s>        ( WDBNDRY_B 0 2.057e+02 5.542e+01 1.454e+01
s>            ( QUESTION2_3_L -1 8.647e+01 3.025e+01 7.543e+00
s>                ( QUESTION0_0_R 1 3.958e+01 1.320e+01 4.543e+00
s>                    ( - 2.501e+01 1 0)
s>                    ( - 1.369e+00 1 0))
s>                ( - 1.665e+01 1 0))
s>            ( WDBNDRY_E 0 6.377e+01 1.156e+01 7.000e+00
s>                ( - 3.503e+00 1 0)
s>                ( - 4.871e+01 1 0))))INFO: dtree.c(1478): Final simple tree
|( QUESTION0_1_R 1 5.688e+02 8.616e+01 3.359e+01
|    ( WDBNDRY_B 0 2.600e+02 3.369e+01 1.753e+01
|        ( QUESTION0 1 2.146e+02 3.131e+01 1.553e+01
|            ( QUESTION2_3_L -1 1.683e+02 2.094e+01 1.299e+01
|                ( - 1.468e+02 2 0)
|                ( - 5.256e-01 1 0))
|            ( - 1.503e+01 2 0 QUESTION2_3_L -1 1.026e+01 2.543e+00))
|        ( - 1.165e+01 2 0))
|    ( QUESTION0_13_R 1 2.226e+02 4.970e+01 1.605e+01
|        ( WDBNDRY_B 0 8.427e+01 2.128e+01 8.043e+00
|            ( - 5.454e+01 1 0)
|            ( - 8.454e+00 1 0))
|        ( QUESTION15 1 8.867e+01 2.439e+01 8.010e+00
|            ( - 8.895e+00 1 0)
|            ( - 5.539e+01 3 0 QUESTION0_0_R 1 1.681e+01 6.010e+00))))
s>    ( QUESTION0_1_R 1 5.688e+02 8.616e+01 3.359e+01
s>        ( WDBNDRY_B 0 2.600e+02 3.369e+01 1.753e+01
s>            ( QUESTION0 1 2.146e+02 3.131e+01 1.553e+01
s>                ( QUESTION2_3_L -1 1.683e+02 2.094e+01 1.299e+01
s>                    ( - 1.468e+02 2 0)
s>                    ( - 5.256e-01 1 0))
s>                ( - 1.503e+01 2 0 QUESTION2_3_L -1 1.026e+01 2.543e+00))
s>            ( - 1.165e+01 2 0))
s>        ( QUESTION0_13_R 1 2.226e+02 4.970e+01 1.605e+01
s>            ( WDBNDRY_B 0 8.427e+01 2.128e+01 8.043e+00
s>                ( - 5.454e+01 1 0)
s>                ( - 8.454e+00 1 0))
s>            ( QUESTION15 1 8.867e+01 2.439e+01 8.010e+00
s>                ( - 8.895e+00 1 0)
s>                ( - 5.539e+01 3 0 QUESTION0_0_R 1 1.681e+01 6.010e+00))))INFO: dtree.c(1315): Comp split 26
INFO: dtree.c(1439): stop. leaf nodes are specific
INFO: dtree.c(1478): Final simple tree
|( QUESTION0_0_R 1 5.887e+02 8.949e+01 3.800e+01
|    ( QUESTION0_5_R 1 2.706e+02 3.353e+01 2.001e+01
|        ( - 1.683e+01 1 0)
|        ( - 2.202e+02 4 0))
|    ( QUESTION4 1 2.286e+02 5.459e+01 1.800e+01
|        ( - 1.108e+02 3 0)
|        ( - 6.324e+01 2 0)))
s>    ( QUESTION0_0_R 1 5.887e+02 8.949e+01 3.800e+01
s>        ( QUESTION0_5_R 1 2.706e+02 3.353e+01 2.001e+01
s>            ( - 1.683e+01 1 0)
s>            ( - 2.202e+02 4 0))
s>        ( QUESTION4 1 2.286e+02 5.459e+01 1.800e+01
s>            ( - 1.108e+02 3 0)
s>            ( - 6.324e+01 2 0)))INFO: dtree.c(1439): stop. leaf nodes are specific
INFO: dtree.c(1478): Final simple tree
|( QUESTION0_0_R 1 3.437e+02 8.295e+01 2.609e+01
|    ( - 9.057e+01 2 0)
|    ( - 1.702e+02 1 0))
s>    ( QUESTION0_0_R 1 3.437e+02 8.295e+01 2.609e+01
s>        ( - 9.057e+01 2 0)
s>        ( - 1.702e+02 1 0))INFO: dtree.c(1315): Comp split 27
INFO: dtree.c(1439): stop. leaf nodes are specific
INFO: dtree.c(1478): Final simple tree
|( QUESTION0_12_R 1 4.497e+02 5.050e+01 3.304e+01
|    ( - 4.931e+01 1 0)
|    ( WDBNDRY_B 0 3.499e+02 4.210e+01 2.704e+01
|        ( - 5.011e+01 2 0)
|        ( - 2.577e+02 3 0)))
s>    ( QUESTION0_12_R 1 4.497e+02 5.050e+01 3.304e+01
s>        ( - 4.931e+01 1 0)
s>        ( WDBNDRY_B 0 3.499e+02 4.210e+01 2.704e+01
s>            ( - 5.011e+01 2 0)
s>            ( - 2.577e+02 3 0)))INFO: dtree.c(1315): Comp split 28
INFO: dtree.c(1439): stop. leaf nodes are specific
INFO: dtree.c(1478): Final simple tree
|( QUESTION0_12_R 1 5.557e+02 8.781e+01 3.386e+01
|    ( - 3.499e+02 5 0)
|    ( - 1.180e+02 2 0))
s>    ( QUESTION0_12_R 1 5.557e+02 8.781e+01 3.386e+01
s>        ( - 3.499e+02 5 0)
s>        ( - 1.180e+02 2 0))INFO: dtree.c(1439): stop. leaf nodes are specific
INFO: dtree.c(1478): Final simple tree
|( QUESTION0_1_R 1 2.790e+02 4.416e+01 2.265e+01
|    ( - 1.991e+02 1 0)
|    ( - 3.582e+01 1 0))
s>    ( QUESTION0_1_R 1 2.790e+02 4.416e+01 2.265e+01
s>        ( - 1.991e+02 1 0)
s>        ( - 3.582e+01 1 0))INFO: dtree.c(1315): Comp split 29
INFO: dtree.c(1478): Final simple tree
|( QUESTION0_1_R 1 5.315e+02 8.546e+01 3.168e+01
|    ( QUESTION0 1 2.761e+02 4.033e+01 1.984e+01
|        ( - 1.906e+02 1 0)
|        ( QUESTION6 1 4.514e+01 1.686e+01 4.999e+00
|            ( - 1.051e+01 1 0)
|            ( QUESTION8 1 1.776e+01 9.997e+00 3.000e+00
|                ( - 5.939e+00 1 0)
|                ( - 1.825e+00 1 0))))
|    ( QUESTION2_16_L -1 1.699e+02 3.466e+01 1.184e+01
|        ( QUESTION0 1 9.250e+01 2.511e+01 6.936e+00
|            ( - 6.112e+01 3 0)
|            ( - 6.271e+00 1 0))
|        ( WDBNDRY_B 0 4.272e+01 1.069e+01 4.902e+00
|            ( - 3.005e+01 2 0)
|            ( - 1.980e+00 1 0))))
s>    ( QUESTION0_1_R 1 5.315e+02 8.546e+01 3.168e+01
s>        ( QUESTION0 1 2.761e+02 4.033e+01 1.984e+01
s>            ( - 1.906e+02 1 0)
s>            ( QUESTION6 1 4.514e+01 1.686e+01 4.999e+00
s>                ( - 1.051e+01 1 0)
s>                ( QUESTION8 1 1.776e+01 9.997e+00 3.000e+00
s>                    ( - 5.939e+00 1 0)
s>                    ( - 1.825e+00 1 0))))
s>        ( QUESTION2_16_L -1 1.699e+02 3.466e+01 1.184e+01
s>            ( QUESTION0 1 9.250e+01 2.511e+01 6.936e+00
s>                ( - 6.112e+01 3 0)
s>                ( - 6.271e+00 1 0))
s>            ( WDBNDRY_B 0 4.272e+01 1.069e+01 4.902e+00
s>                ( - 3.005e+01 2 0)
s>                ( - 1.980e+00 1 0))))INFO: dtree.c(1478): Final simple tree
|( QUESTION2_6_L -1 3.625e+02 6.758e+01 2.099e+01
|    ( QUESTION0 1 1.606e+02 3.455e+01 1.198e+01
|        ( QUESTION0_1_R 1 9.460e+01 2.112e+01 7.978e+00
|            ( - 6.995e+01 1 0)
|            ( - 3.522e+00 1 0))
|        ( QUESTION0_0_R 1 3.144e+01 1.647e+01 4.000e+00
|            ( - 3.643e+00 1 0)
|            ( - 1.132e+01 2 0 QUESTION0_19_R 1 7.997e+00 2.000e+00)))
|    ( QUESTION3 1 1.343e+02 3.754e+01 9.014e+00
|        ( WDBNDRY_B 0 4.670e+01 1.992e+01 5.000e+00
|            ( - 1.943e+01 1 0)
|            ( - 7.346e+00 1 0))
|        ( QUESTION0_0_R 1 5.009e+01 1.178e+01 4.014e+00
|            ( - 3.571e+01 1 0)
|            ( - 2.591e+00 1 0))))
s>    ( QUESTION2_6_L -1 3.625e+02 6.758e+01 2.099e+01
s>        ( QUESTION0 1 1.606e+02 3.455e+01 1.198e+01
s>            ( QUESTION0_1_R 1 9.460e+01 2.112e+01 7.978e+00
s>                ( - 6.995e+01 1 0)
s>                ( - 3.522e+00 1 0))
s>            ( QUESTION0_0_R 1 3.144e+01 1.647e+01 4.000e+00
s>                ( - 3.643e+00 1 0)
s>                ( - 1.132e+01 2 0 QUESTION0_19_R 1 7.997e+00 2.000e+00)))
s>        ( QUESTION3 1 1.343e+02 3.754e+01 9.014e+00
s>            ( WDBNDRY_B 0 4.670e+01 1.992e+01 5.000e+00
s>                ( - 1.943e+01 1 0)
s>                ( - 7.346e+00 1 0))
s>            ( QUESTION0_0_R 1 5.009e+01 1.178e+01 4.014e+00
s>                ( - 3.571e+01 1 0)
s>                ( - 2.591e+00 1 0))))INFO: dtree.c(1315): Comp split 30
INFO: dtree.c(1478): Final simple tree
|( WDBNDRY_B 0 4.278e+02 7.473e+01 2.625e+01
|    ( QUESTION0_0_R 1 2.359e+02 5.087e+01 1.625e+01
|        ( QUESTION16 -1 9.708e+01 3.078e+01 8.253e+00
|            ( QUESTION0_3_R 1 2.149e+01 1.137e+01 3.000e+00
|                ( - 7.911e-01 1 0)
|                ( - 9.325e+00 1 0))
|            ( - 4.480e+01 2 0))
|        ( QUESTION6 -1 8.800e+01 2.476e+01 8.000e+00
|            ( - 3.133e+01 1 0)
|            ( QUESTION0_16_R 1 3.190e+01 1.603e+01 4.000e+00
|                ( - 9.555e+00 1 0)
|                ( - 6.324e+00 1 0))))
|    ( WDBNDRY_E 0 1.171e+02 2.103e+01 9.998e+00
|        ( - 1.050e+01 1 0)
|        ( - 8.556e+01 1 0)))
s>    ( WDBNDRY_B 0 4.278e+02 7.473e+01 2.625e+01
s>        ( QUESTION0_0_R 1 2.359e+02 5.087e+01 1.625e+01
s>            ( QUESTION16 -1 9.708e+01 3.078e+01 8.253e+00
s>                ( QUESTION0_3_R 1 2.149e+01 1.137e+01 3.000e+00
s>                    ( - 7.911e-01 1 0)
s>                    ( - 9.325e+00 1 0))
s>                ( - 4.480e+01 2 0))
s>            ( QUESTION6 -1 8.800e+01 2.476e+01 8.000e+00
s>                ( - 3.133e+01 1 0)
s>                ( QUESTION0_16_R 1 3.190e+01 1.603e+01 4.000e+00
s>                    ( - 9.555e+00 1 0)
s>                    ( - 6.324e+00 1 0))))
s>        ( WDBNDRY_E 0 1.171e+02 2.103e+01 9.998e+00
s>            ( - 1.050e+01 1 0)
s>            ( - 8.556e+01 1 0)))INFO: dtree.c(1439): stop. leaf nodes are specific
INFO: dtree.c(1478): Final simple tree
|( QUESTION6 -1 4.180e+02 6.842e+01 2.588e+01
|    ( QUESTION0_19_R 1 2.584e+02 3.895e+01 1.788e+01
|        ( - 2.015e+02 2 0)
|        ( - 1.797e+01 1 0))
|    ( QUESTION0_16_R 1 9.112e+01 3.252e+01 8.000e+00
|        ( - 2.274e+01 1 0)
|        ( WDBNDRY_B 0 3.586e+01 1.616e+01 4.000e+00
|            ( - 1.156e+01 1 0)
|            ( - 8.142e+00 1 0))))
s>    ( QUESTION6 -1 4.180e+02 6.842e+01 2.588e+01
s>        ( QUESTION0_19_R 1 2.584e+02 3.895e+01 1.788e+01
s>            ( - 2.015e+02 2 0)
s>            ( - 1.797e+01 1 0))
s>        ( QUESTION0_16_R 1 9.112e+01 3.252e+01 8.000e+00
s>            ( - 2.274e+01 1 0)
s>            ( WDBNDRY_B 0 3.586e+01 1.616e+01 4.000e+00
s>                ( - 1.156e+01 1 0)
s>                ( - 8.142e+00 1 0))))INFO: dtree.c(1315): Comp split 31
INFO: dtree.c(1439): stop. leaf nodes are specific
INFO: dtree.c(1478): Final simple tree
|( QUESTION0 1 4.385e+02 3.512e+01 2.907e+01
|    ( - 3.860e+02 4 0)
|    ( - 1.736e+01 1 0))
s>    ( QUESTION0 1 4.385e+02 3.512e+01 2.907e+01
s>        ( - 3.860e+02 4 0)
s>        ( - 1.736e+01 1 0))INFO: dtree.c(1315): Comp split 32
INFO: dtree.c(1439): stop. leaf nodes are specific
INFO: dtree.c(1478): Final simple tree
|( QUESTION0_0_R 1 3.749e+02 4.815e+01 2.737e+01
|    ( - 2.505e+01 1 0)
|    ( - 3.017e+02 2 0))
s>    ( QUESTION0_0_R 1 3.749e+02 4.815e+01 2.737e+01
s>        ( - 2.505e+01 1 0)
s>        ( - 3.017e+02 2 0))INFO: dtree.c(1439): stop. leaf nodes are specific
INFO: dtree.c(1478): Final simple tree
|( QUESTION6 1 3.383e+02 6.312e+01 2.511e+01
|    ( - 6.460e+01 1 0)
|    ( QUESTION0_13_R 1 2.105e+02 4.497e+01 1.690e+01
|        ( - 6.098e+01 1 0)
|        ( QUESTION17 -1 1.046e+02 3.053e+01 9.002e+00
|            ( - 2.409e+01 1 0)
|            ( WDBNDRY_B 0 4.997e+01 1.985e+01 5.002e+00
|                ( - 1.007e+01 1 0)
|                ( - 2.005e+01 2 0)))))
s>    ( QUESTION6 1 3.383e+02 6.312e+01 2.511e+01
s>        ( - 6.460e+01 1 0)
s>        ( QUESTION0_13_R 1 2.105e+02 4.497e+01 1.690e+01
s>            ( - 6.098e+01 1 0)
s>            ( QUESTION17 -1 1.046e+02 3.053e+01 9.002e+00
s>                ( - 2.409e+01 1 0)
s>                ( WDBNDRY_B 0 4.997e+01 1.985e+01 5.002e+00
s>                    ( - 1.007e+01 1 0)
s>                    ( - 2.005e+01 2 0)))))INFO: dtree.c(1315): Comp split 33
INFO: dtree.c(1439): stop. leaf nodes are specific
INFO: dtree.c(1478): Final simple tree
|( QUESTION0 1 3.731e+02 5.399e+01 2.598e+01
|    ( - 2.789e+02 1 0)
|    ( - 4.022e+01 1 0))
s>    ( QUESTION0 1 3.731e+02 5.399e+01 2.598e+01
s>        ( - 2.789e+02 1 0)
s>        ( - 4.022e+01 1 0))INFO: dtree.c(1439): stop. leaf nodes are specific
INFO: dtree.c(1478): Final simple tree
|( QUESTION7 1 4.198e+02 6.778e+01 3.325e+01
|    ( - 1.582e+02 1 0)
|    ( QUESTION6 -1 1.938e+02 3.424e+01 1.566e+01
|        ( - 1.262e+02 3 0)
|        ( QUESTION0_0_R 1 3.334e+01 1.511e+01 4.642e+00
|            ( - 1.277e+01 2 0)
|            ( - 5.456e+00 1 0))))
s>    ( QUESTION7 1 4.198e+02 6.778e+01 3.325e+01
s>        ( - 1.582e+02 1 0)
s>        ( QUESTION6 -1 1.938e+02 3.424e+01 1.566e+01
s>            ( - 1.262e+02 3 0)
s>            ( QUESTION0_0_R 1 3.334e+01 1.511e+01 4.642e+00
s>                ( - 1.277e+01 2 0)
s>                ( - 5.456e+00 1 0))))INFO: dtree.c(1315): Comp split 34
INFO: dtree.c(1439): stop. leaf nodes are specific
INFO: dtree.c(1478): Final simple tree
|( QUESTION0_1_R 1 2.698e+02 5.074e+01 1.883e+01
|    ( QUESTION8 -1 1.679e+02 3.249e+01 1.300e+01
|        ( - 1.122e+01 1 0)
|        ( - 1.242e+02 1 0))
|    ( - 5.111e+01 1 0))
s>    ( QUESTION0_1_R 1 2.698e+02 5.074e+01 1.883e+01
s>        ( QUESTION8 -1 1.679e+02 3.249e+01 1.300e+01
s>            ( - 1.122e+01 1 0)
s>            ( - 1.242e+02 1 0))
s>        ( - 5.111e+01 1 0))INFO: dtree.c(1315): Comp split 35
INFO: dtree.c(1439): stop. leaf nodes are specific
INFO: dtree.c(1478): Final simple tree
|( QUESTION0_0_R 1 2.843e+02 5.471e+01 2.001e+01
|    ( QUESTION0 1 1.470e+02 2.363e+01 1.201e+01
|        ( - 1.199e+02 3 0)
|        ( - 3.480e+00 1 0))
|    ( QUESTION2_12_L -1 8.252e+01 2.956e+01 8.001e+00
|        ( QUESTION0_18_R 1 2.680e+01 1.587e+01 4.001e+00
|            ( - 3.709e+00 1 0)
|            ( - 7.214e+00 1 0))
|        ( QUESTION0_12_R 1 2.616e+01 1.475e+01 3.999e+00
|            ( - 5.361e+00 1 0)
|            ( - 6.048e+00 1 0))))
s>    ( QUESTION0_0_R 1 2.843e+02 5.471e+01 2.001e+01
s>        ( QUESTION0 1 1.470e+02 2.363e+01 1.201e+01
s>            ( - 1.199e+02 3 0)
s>            ( - 3.480e+00 1 0))
s>        ( QUESTION2_12_L -1 8.252e+01 2.956e+01 8.001e+00
s>            ( QUESTION0_18_R 1 2.680e+01 1.587e+01 4.001e+00
s>                ( - 3.709e+00 1 0)
s>                ( - 7.214e+00 1 0))
s>            ( QUESTION0_12_R 1 2.616e+01 1.475e+01 3.999e+00
s>                ( - 5.361e+00 1 0)
s>                ( - 6.048e+00 1 0))))INFO: dtree.c(1439): stop. leaf nodes are specific
INFO: dtree.c(1478): Final simple tree
|( QUESTION0_3_R 1 2.639e+02 5.746e+01 1.701e+01
|    ( WDBNDRY_B 0 1.424e+02 1.989e+01 1.100e+01
|        ( - 1.215e+02 3 0)
|        ( - 1.002e+00 1 0))
|    ( QUESTION0_0_R 1 6.403e+01 2.160e+01 6.012e+00
|        ( - 9.761e+00 1 0)
|        ( - 3.266e+01 1 0)))
s>    ( QUESTION0_3_R 1 2.639e+02 5.746e+01 1.701e+01
s>        ( WDBNDRY_B 0 1.424e+02 1.989e+01 1.100e+01
s>            ( - 1.215e+02 3 0)
s>            ( - 1.002e+00 1 0))
s>        ( QUESTION0_0_R 1 6.403e+01 2.160e+01 6.012e+00
s>            ( - 9.761e+00 1 0)
s>            ( - 3.266e+01 1 0)))INFO: dtree.c(1315): Comp split 36
INFO: dtree.c(1439): stop. leaf nodes are specific
INFO: dtree.c(1478): Final simple tree
|( QUESTION0_0_R 1 2.104e+02 5.237e+01 1.597e+01
|    ( QUESTION0_3_R 1 6.450e+01 2.115e+01 6.999e+00
|        ( - 2.340e+01 1 0)
|        ( - 1.995e+01 1 0))
|    ( QUESTION0_18_R 1 9.353e+01 3.256e+01 8.969e+00
|        ( - 1.883e+01 1 0)
|        ( - 4.214e+01 1 0)))
s>    ( QUESTION0_0_R 1 2.104e+02 5.237e+01 1.597e+01
s>        ( QUESTION0_3_R 1 6.450e+01 2.115e+01 6.999e+00
s>            ( - 2.340e+01 1 0)
s>            ( - 1.995e+01 1 0))
s>        ( QUESTION0_18_R 1 9.353e+01 3.256e+01 8.969e+00
s>            ( - 1.883e+01 1 0)
s>            ( - 4.214e+01 1 0)))INFO: dtree.c(1439): stop. leaf nodes are specific
INFO: dtree.c(1478): Final simple tree
|( QUESTION0_0_R 1 6.222e+02 6.490e+01 4.035e+01
|    ( QUESTION6 1 1.003e+02 2.890e+01 9.994e+00
|        ( - 2.132e+01 1 0)
|        ( - 5.008e+01 2 0))
|    ( - 4.571e+02 5 0))
s>    ( QUESTION0_0_R 1 6.222e+02 6.490e+01 4.035e+01
s>        ( QUESTION6 1 1.003e+02 2.890e+01 9.994e+00
s>            ( - 2.132e+01 1 0)
s>            ( - 5.008e+01 2 0))
s>        ( - 4.571e+02 5 0))INFO: dtree.c(1315): Comp split 37
INFO: dtree.c(1315): Comp split 38
INFO: dtree.c(1439): stop. leaf nodes are specific
INFO: dtree.c(1478): Final simple tree
|( QUESTION0_1_R 1 2.551e+02 5.290e+01 1.800e+01
|    ( - 1.468e+02 2 0)
|    ( QUESTION0_0_R 1 5.539e+01 1.681e+01 6.010e+00
|        ( QUESTION2_3_L -1 2.364e+01 1.165e+01 3.001e+00
|            ( - 7.414e+00 1 0)
|            ( - 4.571e+00 1 0))
|        ( - 1.494e+01 1 0)))
s>    ( QUESTION0_1_R 1 2.551e+02 5.290e+01 1.800e+01
s>        ( - 1.468e+02 2 0)
s>        ( QUESTION0_0_R 1 5.539e+01 1.681e+01 6.010e+00
s>            ( QUESTION2_3_L -1 2.364e+01 1.165e+01 3.001e+00
s>                ( - 7.414e+00 1 0)
s>                ( - 4.571e+00 1 0))
s>            ( - 1.494e+01 1 0)))INFO: dtree.c(1439): stop. leaf nodes are specific
INFO: dtree.c(1478): Final simple tree
|( QUESTION0_13_R 1 2.180e+02 4.607e+01 1.559e+01
|    ( WDBNDRY_B 0 8.427e+01 2.128e+01 8.043e+00
|        ( - 5.454e+01 1 0)
|        ( - 8.454e+00 1 0))
|    ( QUESTION6 1 8.763e+01 2.655e+01 7.546e+00
|        ( QUESTION2_3_L -1 1.503e+01 1.026e+01 2.543e+00
|            ( - 9.480e-01 1 0)
|            ( - 3.828e+00 1 0))
|        ( QUESTION0_0_R 1 4.605e+01 1.528e+01 5.003e+00
|            ( WDBNDRY_B 0 2.188e+01 9.698e+00 3.003e+00
|                ( - 5.256e-01 1 0)
|                ( - 1.165e+01 2 0))
|            ( - 8.895e+00 1 0))))
s>    ( QUESTION0_13_R 1 2.180e+02 4.607e+01 1.559e+01
s>        ( WDBNDRY_B 0 8.427e+01 2.128e+01 8.043e+00
s>            ( - 5.454e+01 1 0)
s>            ( - 8.454e+00 1 0))
s>        ( QUESTION6 1 8.763e+01 2.655e+01 7.546e+00
s>            ( QUESTION2_3_L -1 1.503e+01 1.026e+01 2.543e+00
s>                ( - 9.480e-01 1 0)
s>                ( - 3.828e+00 1 0))
s>            ( QUESTION0_0_R 1 4.605e+01 1.528e+01 5.003e+00
s>                ( WDBNDRY_B 0 2.188e+01 9.698e+00 3.003e+00
s>                    ( - 5.256e-01 1 0)
s>                    ( - 1.165e+01 2 0))
s>                ( - 8.895e+00 1 0))))INFO: dtree.c(1315): Comp split 39
INFO: dtree.c(1439): stop. leaf nodes are specific
INFO: dtree.c(1478): Final simple tree
|( QUESTION2_16_L -1 1.518e+02 3.312e+01 1.084e+01
|    ( QUESTION0_1_R 1 7.591e+01 1.297e+01 5.936e+00
|        ( - 1.825e+00 1 0)
|        ( - 6.112e+01 3 0))
|    ( WDBNDRY_B 0 4.272e+01 1.069e+01 4.902e+00
|        ( - 3.005e+01 2 0)
|        ( - 1.980e+00 1 0)))
s>    ( QUESTION2_16_L -1 1.518e+02 3.312e+01 1.084e+01
s>        ( QUESTION0_1_R 1 7.591e+01 1.297e+01 5.936e+00
s>            ( - 1.825e+00 1 0)
s>            ( - 6.112e+01 3 0))
s>        ( WDBNDRY_B 0 4.272e+01 1.069e+01 4.902e+00
s>            ( - 3.005e+01 2 0)
s>            ( - 1.980e+00 1 0)))INFO: dtree.c(1439): stop. leaf nodes are specific
INFO: dtree.c(1478): Final simple tree
|( QUESTION0 1 2.882e+02 4.255e+01 2.084e+01
|    ( - 1.906e+02 1 0)
|    ( QUESTION0_1_R 1 5.501e+01 1.864e+01 5.999e+00
|        ( QUESTION6 1 3.009e+01 1.364e+01 3.999e+00
|            ( - 1.051e+01 1 0)
|            ( - 5.939e+00 1 0))
|        ( - 6.271e+00 1 0)))
s>    ( QUESTION0 1 2.882e+02 4.255e+01 2.084e+01
s>        ( - 1.906e+02 1 0)
s>        ( QUESTION0_1_R 1 5.501e+01 1.864e+01 5.999e+00
s>            ( QUESTION6 1 3.009e+01 1.364e+01 3.999e+00
s>                ( - 1.051e+01 1 0)
s>                ( - 5.939e+00 1 0))
s>            ( - 6.271e+00 1 0)))INFO: dtree.c(1315): Comp split 40
INFO: dtree.c(1439): stop. leaf nodes are specific
INFO: dtree.c(1478): Final simple tree
|( QUESTION4 1 2.286e+02 5.459e+01 1.800e+01
|    ( - 1.108e+02 3 0)
|    ( - 6.324e+01 2 0))
s>    ( QUESTION4 1 2.286e+02 5.459e+01 1.800e+01
s>        ( - 1.108e+02 3 0)
s>        ( - 6.324e+01 2 0))INFO: dtree.c(1439): stop. leaf nodes are specific
INFO: dtree.c(1478): Final simple tree
|( QUESTION0_5_R 1 2.706e+02 3.353e+01 2.001e+01
|    ( - 1.683e+01 1 0)
|    ( - 2.202e+02 4 0))
s>    ( QUESTION0_5_R 1 2.706e+02 3.353e+01 2.001e+01
s>        ( - 1.683e+01 1 0)
s>        ( - 2.202e+02 4 0))INFO: dtree.c(1315): Comp split 41
INFO: dtree.c(1315): Comp split 42
INFO: dtree.c(1439): stop. leaf nodes are specific
INFO: dtree.c(1478): Final simple tree
|( WDBNDRY_B 0 1.502e+02 4.683e+01 1.154e+01
|    ( QUESTION0_0_R 1 3.958e+01 1.320e+01 4.543e+00
|        ( - 2.501e+01 1 0)
|        ( - 1.369e+00 1 0))
|    ( WDBNDRY_E 0 6.377e+01 1.156e+01 7.000e+00
|        ( - 3.503e+00 1 0)
|        ( - 4.871e+01 1 0)))
s>    ( WDBNDRY_B 0 1.502e+02 4.683e+01 1.154e+01
s>        ( QUESTION0_0_R 1 3.958e+01 1.320e+01 4.543e+00
s>            ( - 2.501e+01 1 0)
s>            ( - 1.369e+00 1 0))
s>        ( WDBNDRY_E 0 6.377e+01 1.156e+01 7.000e+00
s>            ( - 3.503e+00 1 0)
s>            ( - 4.871e+01 1 0)))INFO: dtree.c(1439): stop. leaf nodes are specific
INFO: dtree.c(1478): Final simple tree
|( QUESTION0_16_R 1 1.766e+02 3.850e+01 1.400e+01
|    ( - 1.215e+02 2 0)
|    ( - 1.665e+01 1 0))
s>    ( QUESTION0_16_R 1 1.766e+02 3.850e+01 1.400e+01
s>        ( - 1.215e+02 2 0)
s>        ( - 1.665e+01 1 0))INFO: dtree.c(1315): Comp split 43
INFO: dtree.c(1315): Comp split 44
INFO: dtree.c(1439): stop. leaf nodes are specific
INFO: dtree.c(1478): Final simple tree
|( WDBNDRY_B 0 1.399e+02 3.279e+01 1.100e+01
|    ( QUESTION0_0_R 1 2.153e+01 1.118e+01 3.000e+00
|        ( - 7.911e-01 1 0)
|        ( - 9.555e+00 1 0))
|    ( - 8.556e+01 1 0))
s>    ( WDBNDRY_B 0 1.399e+02 3.279e+01 1.100e+01
s>        ( QUESTION0_0_R 1 2.153e+01 1.118e+01 3.000e+00
s>            ( - 7.911e-01 1 0)
s>            ( - 9.555e+00 1 0))
s>        ( - 8.556e+01 1 0))INFO: dtree.c(1439): stop. leaf nodes are specific
INFO: dtree.c(1478): Final simple tree
|( QUESTION0_0_R 1 2.058e+02 4.248e+01 1.525e+01
|    ( QUESTION0_3_R 1 1.113e+02 2.939e+01 9.252e+00
|        ( - 4.480e+01 2 0)
|        ( WDBNDRY_B 0 3.706e+01 1.724e+01 4.000e+00
|            ( - 9.325e+00 1 0)
|            ( - 1.050e+01 1 0)))
|    ( QUESTION0_16_R 1 5.203e+01 1.438e+01 6.000e+00
|        ( - 3.133e+01 1 0)
|        ( - 6.324e+00 1 0)))
s>    ( QUESTION0_0_R 1 2.058e+02 4.248e+01 1.525e+01
s>        ( QUESTION0_3_R 1 1.113e+02 2.939e+01 9.252e+00
s>            ( - 4.480e+01 2 0)
s>            ( WDBNDRY_B 0 3.706e+01 1.724e+01 4.000e+00
s>                ( - 9.325e+00 1 0)
s>                ( - 1.050e+01 1 0)))
s>        ( QUESTION0_16_R 1 5.203e+01 1.438e+01 6.000e+00
s>            ( - 3.133e+01 1 0)
s>            ( - 6.324e+00 1 0)))INFO: dtree.c(1315): Comp split 45
INFO: dtree.c(1439): stop. leaf nodes are specific
INFO: dtree.c(1478): Final simple tree
|( QUESTION0_0_R 1 8.817e+01 1.601e+01 1.100e+01
|    ( - 7.188e+01 1 0)
|    ( - 2.824e-01 1 0))
s>    ( QUESTION0_0_R 1 8.817e+01 1.601e+01 1.100e+01
s>        ( - 7.188e+01 1 0)
s>        ( - 2.824e-01 1 0))INFO: dtree.c(1315): Comp split 46
INFO: dtree.c(1439): stop. leaf nodes are specific
INFO: dtree.c(1478): Final simple tree
|( QUESTION0 1 1.570e+02 4.033e+01 1.099e+01
|    ( - 6.995e+01 1 0)
|    ( WDBNDRY_B 0 4.670e+01 1.992e+01 5.000e+00
|        ( - 1.943e+01 1 0)
|        ( - 7.346e+00 1 0)))
s>    ( QUESTION0 1 1.570e+02 4.033e+01 1.099e+01
s>        ( - 6.995e+01 1 0)
s>        ( WDBNDRY_B 0 4.670e+01 1.992e+01 5.000e+00
s>            ( - 1.943e+01 1 0)
s>            ( - 7.346e+00 1 0)))INFO: dtree.c(1439): stop. leaf nodes are specific
INFO: dtree.c(1478): Final simple tree
|( QUESTION2_6_L -1 1.310e+02 3.403e+01 1.001e+01
|    ( QUESTION0_0_R 1 4.688e+01 1.971e+01 5.993e+00
|        ( QUESTION0_1_R 1 1.585e+01 8.687e+00 3.993e+00
|            ( - 3.643e+00 1 0)
|            ( - 3.522e+00 1 0))
|        ( QUESTION0_19_R 1 1.132e+01 7.997e+00 2.000e+00
|            ( - 1.471e+00 1 0)
|            ( - 1.857e+00 1 0)))
|    ( QUESTION0_0_R 1 5.009e+01 1.178e+01 4.014e+00
|        ( - 3.571e+01 1 0)
|        ( - 2.591e+00 1 0)))
s>    ( QUESTION2_6_L -1 1.310e+02 3.403e+01 1.001e+01
s>        ( QUESTION0_0_R 1 4.688e+01 1.971e+01 5.993e+00
s>            ( QUESTION0_1_R 1 1.585e+01 8.687e+00 3.993e+00
s>                ( - 3.643e+00 1 0)
s>                ( - 3.522e+00 1 0))
s>            ( QUESTION0_19_R 1 1.132e+01 7.997e+00 2.000e+00
s>                ( - 1.471e+00 1 0)
s>                ( - 1.857e+00 1 0)))
s>        ( QUESTION0_0_R 1 5.009e+01 1.178e+01 4.014e+00
s>            ( - 3.571e+01 1 0)
s>            ( - 2.591e+00 1 0)))INFO: dtree.c(1315): Comp split 47
INFO: dtree.c(1439): stop. leaf nodes are specific
INFO: dtree.c(1478): Final simple tree
|( QUESTION0_18_R 1 2.396e+02 2.656e+01 1.688e+01
|    ( - 2.015e+02 2 0)
|    ( - 1.156e+01 1 0))
s>    ( QUESTION0_18_R 1 2.396e+02 2.656e+01 1.688e+01
s>        ( - 2.015e+02 2 0)
s>        ( - 1.156e+01 1 0))INFO: dtree.c(1439): stop. leaf nodes are specific
INFO: dtree.c(1478): Final simple tree
|( QUESTION0_16_R 1 1.041e+02 3.593e+01 9.000e+00
|    ( - 2.274e+01 1 0)
|    ( WDBNDRY_B 0 4.544e+01 1.933e+01 5.000e+00
|        ( - 1.797e+01 1 0)
|        ( - 8.142e+00 1 0)))
s>    ( QUESTION0_16_R 1 1.041e+02 3.593e+01 9.000e+00
s>        ( - 2.274e+01 1 0)
s>        ( WDBNDRY_B 0 4.544e+01 1.933e+01 5.000e+00
s>            ( - 1.797e+01 1 0)
s>            ( - 8.142e+00 1 0)))INFO: dtree.c(1315): Comp split 48
INFO: dtree.c(1439): stop. leaf nodes are specific
INFO: dtree.c(1478): Final simple tree
|( QUESTION0_0_R 1 1.182e+02 3.354e+01 1.121e+01
|    ( - 6.460e+01 1 0)
|    ( - 2.005e+01 2 0))
s>    ( QUESTION0_0_R 1 1.182e+02 3.354e+01 1.121e+01
s>        ( - 6.460e+01 1 0)
s>        ( - 2.005e+01 2 0))INFO: dtree.c(1439): stop. leaf nodes are specific
INFO: dtree.c(1478): Final simple tree
|( QUESTION17 -1 1.518e+02 3.600e+01 1.389e+01
|    ( - 2.409e+01 1 0)
|    ( WDBNDRY_B 0 9.174e+01 2.069e+01 9.893e+00
|        ( - 1.007e+01 1 0)
|        ( - 6.098e+01 1 0)))
s>    ( QUESTION17 -1 1.518e+02 3.600e+01 1.389e+01
s>        ( - 2.409e+01 1 0)
s>        ( WDBNDRY_B 0 9.174e+01 2.069e+01 9.893e+00
s>            ( - 1.007e+01 1 0)
s>            ( - 6.098e+01 1 0)))INFO: dtree.c(1315): Comp split 49
INFO: dtree.c(1439): stop. leaf nodes are specific
INFO: dtree.c(1478): Final simple tree
|( QUESTION6 -1 1.938e+02 3.424e+01 1.566e+01
|    ( - 1.262e+02 3 0)
|    ( QUESTION0_0_R 1 3.334e+01 1.511e+01 4.642e+00
|        ( - 1.277e+01 2 0)
|        ( - 5.456e+00 1 0)))
s>    ( QUESTION6 -1 1.938e+02 3.424e+01 1.566e+01
s>        ( - 1.262e+02 3 0)
s>        ( QUESTION0_0_R 1 3.334e+01 1.511e+01 4.642e+00
s>            ( - 1.277e+01 2 0)
s>            ( - 5.456e+00 1 0)))INFO: dtree.c(1315): Comp split 50
INFO: dtree.c(1439): stop. leaf nodes are specific
INFO: dtree.c(1478): Final simple tree
|( QUESTION6 1 1.003e+02 2.890e+01 9.994e+00
|    ( - 2.132e+01 1 0)
|    ( - 5.008e+01 2 0))
s>    ( QUESTION6 1 1.003e+02 2.890e+01 9.994e+00
s>        ( - 2.132e+01 1 0)
s>        ( - 5.008e+01 2 0))INFO: dtree.c(1315): Comp split 51
INFO: dtree.c(1439): stop. leaf nodes are specific
INFO: dtree.c(1478): Final simple tree
|( QUESTION0_0_R 1 8.018e+01 2.704e+01 7.012e+00
|    ( WDBNDRY_B 0 2.047e+01 9.711e+00 3.012e+00
|        ( - 9.761e+00 1 0)
|        ( - 1.002e+00 1 0))
|    ( - 3.266e+01 1 0))
s>    ( QUESTION0_0_R 1 8.018e+01 2.704e+01 7.012e+00
s>        ( WDBNDRY_B 0 2.047e+01 9.711e+00 3.012e+00
s>            ( - 9.761e+00 1 0)
s>            ( - 1.002e+00 1 0))
s>        ( - 3.266e+01 1 0))INFO: dtree.c(1315): Comp split 52
INFO: dtree.c(1439): stop. leaf nodes are specific
INFO: dtree.c(1478): Final simple tree
|( QUESTION0_3_R 1 1.083e+02 3.060e+01 9.998e+00
|    ( - 2.340e+01 1 0)
|    ( QUESTION0_0_R 1 5.429e+01 1.551e+01 5.999e+00
|        ( - 1.995e+01 1 0)
|        ( - 1.883e+01 1 0)))
s>    ( QUESTION0_3_R 1 1.083e+02 3.060e+01 9.998e+00
s>        ( - 2.340e+01 1 0)
s>        ( QUESTION0_0_R 1 5.429e+01 1.551e+01 5.999e+00
s>            ( - 1.995e+01 1 0)
s>            ( - 1.883e+01 1 0)))INFO: dtree.c(1315): Comp split 53
INFO: dtree.c(1439): stop. leaf nodes are specific
INFO: dtree.c(1478): Final simple tree
|( QUESTION0_1_R 1 8.586e+01 2.353e+01 7.825e+00
|    ( - 1.122e+01 1 0)
|    ( - 5.111e+01 1 0))
s>    ( QUESTION0_1_R 1 8.586e+01 2.353e+01 7.825e+00
s>        ( - 1.122e+01 1 0)
s>        ( - 5.111e+01 1 0))INFO: dtree.c(1315): Comp split 54
INFO: dtree.c(1439): stop. leaf nodes are specific
INFO: dtree.c(1478): Final simple tree
|( WDBNDRY_B 0 1.351e+02 3.572e+01 1.300e+01
|    ( - 5.011e+01 2 0)
|    ( - 4.931e+01 1 0))
s>    ( WDBNDRY_B 0 1.351e+02 3.572e+01 1.300e+01
s>        ( - 5.011e+01 2 0)
s>        ( - 4.931e+01 1 0))INFO: dtree.c(1315): Comp split 55
INFO: dtree.c(1439): stop. leaf nodes are specific
INFO: dtree.c(1478): Final simple tree
|( QUESTION0_0_R 1 1.495e+02 2.238e+01 1.201e+01
|    ( - 1.199e+02 3 0)
|    ( - 7.214e+00 1 0))
s>    ( QUESTION0_0_R 1 1.495e+02 2.238e+01 1.201e+01
s>        ( - 1.199e+02 3 0)
s>        ( - 7.214e+00 1 0))INFO: dtree.c(1439): stop. leaf nodes are specific
INFO: dtree.c(1478): Final simple tree
|( QUESTION0_13_R 1 7.797e+01 3.054e+01 7.999e+00
|    ( QUESTION2_12_L -1 2.533e+01 1.557e+01 4.000e+00
|        ( - 3.709e+00 1 0)
|        ( - 6.048e+00 1 0))
|    ( QUESTION0_0_R 1 2.211e+01 1.327e+01 3.999e+00
|        ( - 3.480e+00 1 0)
|        ( - 5.361e+00 1 0)))
s>    ( QUESTION0_13_R 1 7.797e+01 3.054e+01 7.999e+00
s>        ( QUESTION2_12_L -1 2.533e+01 1.557e+01 4.000e+00
s>            ( - 3.709e+00 1 0)
s>            ( - 6.048e+00 1 0))
s>        ( QUESTION0_0_R 1 2.211e+01 1.327e+01 3.999e+00
s>            ( - 3.480e+00 1 0)
s>            ( - 5.361e+00 1 0)))INFO: dtree.c(1315): Comp split 56
INFO: dtree.c(1315): Comp split 57
INFO: dtree.c(1439): stop. leaf nodes are specific
INFO: dtree.c(1478): Final simple tree
|( QUESTION0_0_R 1 7.616e+01 2.216e+01 7.004e+00
|    ( WDBNDRY_B 0 3.195e+01 1.122e+01 4.004e+00
|        ( - 2.268e+00 1 0)
|        ( - 1.846e+01 1 0))
|    ( WDBNDRY_E 0 2.205e+01 9.101e+00 3.000e+00
|        ( - 3.516e+00 1 0)
|        ( - 9.436e+00 1 0)))
s>    ( QUESTION0_0_R 1 7.616e+01 2.216e+01 7.004e+00
s>        ( WDBNDRY_B 0 3.195e+01 1.122e+01 4.004e+00
s>            ( - 2.268e+00 1 0)
s>            ( - 1.846e+01 1 0))
s>        ( WDBNDRY_E 0 2.205e+01 9.101e+00 3.000e+00
s>            ( - 3.516e+00 1 0)
s>            ( - 9.436e+00 1 0)))INFO: dtree.c(1439): stop. leaf nodes are specific
INFO: dtree.c(1478): Final simple tree
|( WDBNDRY_B 0 8.481e+01 2.998e+01 8.000e+00
|    ( - 4.163e+01 2 0)
|    ( - 1.320e+01 1 0))
s>    ( WDBNDRY_B 0 8.481e+01 2.998e+01 8.000e+00
s>        ( - 4.163e+01 2 0)
s>        ( - 1.320e+01 1 0))INFO: dtree.c(1315): Comp split 58
INFO: dtree.c(1315): Comp split 59
INFO: dtree.c(1439): stop. leaf nodes are specific
INFO: dtree.c(1478): Final simple tree
|( QUESTION0_0_R 1 5.539e+01 1.681e+01 6.010e+00
|    ( QUESTION2_3_L -1 2.364e+01 1.165e+01 3.001e+00
|        ( - 7.414e+00 1 0)
|        ( - 4.571e+00 1 0))
|    ( - 1.494e+01 1 0))
s>    ( QUESTION0_0_R 1 5.539e+01 1.681e+01 6.010e+00
s>        ( QUESTION2_3_L -1 2.364e+01 1.165e+01 3.001e+00
s>            ( - 7.414e+00 1 0)
s>            ( - 4.571e+00 1 0))
s>        ( - 1.494e+01 1 0))INFO: dtree.c(1315): Comp split 60
INFO: dtree.c(1439): stop. leaf nodes are specific
INFO: dtree.c(1478): Final simple tree
|( QUESTION0_0_R 1 8.728e+01 2.460e+01 8.001e+00
|    ( QUESTION0 1 8.137e+00 6.663e+00 2.000e+00
|        ( - 5.256e-01 1 0)
|        ( - 9.480e-01 1 0))
|    ( - 5.454e+01 1 0))
s>    ( QUESTION0_0_R 1 8.728e+01 2.460e+01 8.001e+00
s>        ( QUESTION0 1 8.137e+00 6.663e+00 2.000e+00
s>            ( - 5.256e-01 1 0)
s>            ( - 9.480e-01 1 0))
s>        ( - 5.454e+01 1 0))INFO: dtree.c(1439): stop. leaf nodes are specific
INFO: dtree.c(1478): Final simple tree
|( WDBNDRY_B 0 8.224e+01 2.216e+01 7.588e+00
|    ( QUESTION0_0_R 1 2.669e+01 1.396e+01 3.543e+00
|        ( - 3.828e+00 1 0)
|        ( - 8.895e+00 1 0))
|    ( QUESTION0_0_R 1 3.340e+01 1.329e+01 4.045e+00
|        ( - 1.165e+01 2 0)
|        ( - 8.454e+00 1 0)))
s>    ( WDBNDRY_B 0 8.224e+01 2.216e+01 7.588e+00
s>        ( QUESTION0_0_R 1 2.669e+01 1.396e+01 3.543e+00
s>            ( - 3.828e+00 1 0)
s>            ( - 8.895e+00 1 0))
s>        ( QUESTION0_0_R 1 3.340e+01 1.329e+01 4.045e+00
s>            ( - 1.165e+01 2 0)
s>            ( - 8.454e+00 1 0)))INFO: dtree.c(1315): Comp split 61
INFO: dtree.c(1315): Comp split 62
INFO: dtree.c(1439): stop. leaf nodes are specific
INFO: dtree.c(1478): Final simple tree
|( WDBNDRY_E 0 6.377e+01 1.156e+01 7.000e+00
|    ( - 3.503e+00 1 0)
|    ( - 4.871e+01 1 0))
s>    ( WDBNDRY_E 0 6.377e+01 1.156e+01 7.000e+00
s>        ( - 3.503e+00 1 0)
s>        ( - 4.871e+01 1 0))INFO: dtree.c(1439): stop. leaf nodes are specific
INFO: dtree.c(1478): Final simple tree
|( QUESTION0_0_R 1 3.958e+01 1.320e+01 4.543e+00
|    ( - 2.501e+01 1 0)
|    ( - 1.369e+00 1 0))
s>    ( QUESTION0_0_R 1 3.958e+01 1.320e+01 4.543e+00
s>        ( - 2.501e+01 1 0)
s>        ( - 1.369e+00 1 0))INFO: dtree.c(1315): Comp split 63
INFO: dtree.c(1439): stop. leaf nodes are specific
INFO: dtree.c(1478): Final simple tree
|( QUESTION0_16_R 1 8.154e+01 2.214e+01 7.999e+00
|    ( - 3.133e+01 1 0)
|    ( WDBNDRY_B 0 2.807e+01 1.125e+01 3.999e+00
|        ( - 6.324e+00 1 0)
|        ( - 1.050e+01 1 0)))
s>    ( QUESTION0_16_R 1 8.154e+01 2.214e+01 7.999e+00
s>        ( - 3.133e+01 1 0)
s>        ( WDBNDRY_B 0 2.807e+01 1.125e+01 3.999e+00
s>            ( - 6.324e+00 1 0)
s>            ( - 1.050e+01 1 0)))INFO: dtree.c(1439): stop. leaf nodes are specific
INFO: dtree.c(1478): Final simple tree
|( QUESTION0_3_R 1 7.862e+01 2.449e+01 7.253e+00
|    ( - 4.480e+01 2 0)
|    ( - 9.325e+00 1 0))
s>    ( QUESTION0_3_R 1 7.862e+01 2.449e+01 7.253e+00
s>        ( - 4.480e+01 2 0)
s>        ( - 9.325e+00 1 0))INFO: dtree.c(1315): Comp split 64
INFO: dtree.c(1315): Comp split 65
INFO: dtree.c(1439): stop. leaf nodes are specific
INFO: dtree.c(1478): Final simple tree
|( QUESTION0_1_R 1 5.501e+01 1.864e+01 5.999e+00
|    ( QUESTION6 1 3.009e+01 1.364e+01 3.999e+00
|        ( - 1.051e+01 1 0)
|        ( - 5.939e+00 1 0))
|    ( - 6.271e+00 1 0))
s>    ( QUESTION0_1_R 1 5.501e+01 1.864e+01 5.999e+00
s>        ( QUESTION6 1 3.009e+01 1.364e+01 3.999e+00
s>            ( - 1.051e+01 1 0)
s>            ( - 5.939e+00 1 0))
s>        ( - 6.271e+00 1 0))INFO: dtree.c(1315): Comp split 66
INFO: dtree.c(1439): stop. leaf nodes are specific
INFO: dtree.c(1478): Final simple tree
|( WDBNDRY_B 0 4.670e+01 1.992e+01 5.000e+00
|    ( - 1.943e+01 1 0)
|    ( - 7.346e+00 1 0))
s>    ( WDBNDRY_B 0 4.670e+01 1.992e+01 5.000e+00
s>        ( - 1.943e+01 1 0)
s>        ( - 7.346e+00 1 0))INFO: dtree.c(1315): Comp split 67
INFO: dtree.c(1315): Comp split 68
INFO: dtree.c(1439): stop. leaf nodes are specific
INFO: dtree.c(1478): Final simple tree
|( WDBNDRY_B 0 9.174e+01 2.069e+01 9.893e+00
|    ( - 1.007e+01 1 0)
|    ( - 6.098e+01 1 0))
s>    ( WDBNDRY_B 0 9.174e+01 2.069e+01 9.893e+00
s>        ( - 1.007e+01 1 0)
s>        ( - 6.098e+01 1 0))INFO: dtree.c(1315): Comp split 69
INFO: dtree.c(1439): stop. leaf nodes are specific
INFO: dtree.c(1478): Final simple tree
|( WDBNDRY_B 0 4.544e+01 1.933e+01 5.000e+00
|    ( - 1.797e+01 1 0)
|    ( - 8.142e+00 1 0))
s>    ( WDBNDRY_B 0 4.544e+01 1.933e+01 5.000e+00
s>        ( - 1.797e+01 1 0)
s>        ( - 8.142e+00 1 0))INFO: dtree.c(1315): Comp split 70
INFO: dtree.c(1315): Comp split 71
INFO: dtree.c(1315): Comp split 72
INFO: dtree.c(1439): stop. leaf nodes are specific
INFO: dtree.c(1478): Final simple tree
|( WDBNDRY_B 0 5.549e+01 1.143e+01 5.902e+00
|    ( QUESTION0_1_R 1 4.208e+01 1.020e+01 4.902e+00
|        ( - 1.825e+00 1 0)
|        ( - 3.005e+01 2 0))
|    ( - 1.980e+00 1 0))
s>    ( WDBNDRY_B 0 5.549e+01 1.143e+01 5.902e+00
s>        ( QUESTION0_1_R 1 4.208e+01 1.020e+01 4.902e+00
s>            ( - 1.825e+00 1 0)
s>            ( - 3.005e+01 2 0))
s>        ( - 1.980e+00 1 0))INFO: dtree.c(1315): Comp split 73
INFO: dtree.c(1315): Comp split 74
INFO: dtree.c(1439): stop. leaf nodes are specific
INFO: dtree.c(1478): Final simple tree
|( QUESTION0_0_R 1 6.645e+01 1.845e+01 5.014e+00
|    ( - 3.571e+01 1 0)
|    ( QUESTION2_6_L -1 1.229e+01 8.229e+00 2.000e+00
|        ( - 1.471e+00 1 0)
|        ( - 2.591e+00 1 0)))
s>    ( QUESTION0_0_R 1 6.645e+01 1.845e+01 5.014e+00
s>        ( - 3.571e+01 1 0)
s>        ( QUESTION2_6_L -1 1.229e+01 8.229e+00 2.000e+00
s>            ( - 1.471e+00 1 0)
s>            ( - 2.591e+00 1 0)))INFO: dtree.c(1439): stop. leaf nodes are specific
INFO: dtree.c(1478): Final simple tree
|( QUESTION0_1_R 1 2.965e+01 1.222e+01 4.993e+00
|    ( - 3.643e+00 1 0)
|    ( QUESTION0_0_R 1 1.378e+01 8.404e+00 2.993e+00
|        ( - 3.522e+00 1 0)
|        ( - 1.857e+00 1 0)))
s>    ( QUESTION0_1_R 1 2.965e+01 1.222e+01 4.993e+00
s>        ( - 3.643e+00 1 0)
s>        ( QUESTION0_0_R 1 1.378e+01 8.404e+00 2.993e+00
s>            ( - 3.522e+00 1 0)
s>            ( - 1.857e+00 1 0)))INFO: dtree.c(1315): Comp split 75
INFO: dtree.c(1439): stop. leaf nodes are specific
INFO: dtree.c(1478): Final simple tree
|( QUESTION0_0_R 1 3.334e+01 1.511e+01 4.642e+00
|    ( - 1.277e+01 2 0)
|    ( - 5.456e+00 1 0))
s>    ( QUESTION0_0_R 1 3.334e+01 1.511e+01 4.642e+00
s>        ( - 1.277e+01 2 0)
s>        ( - 5.456e+00 1 0))INFO: dtree.c(1315): Comp split 76
INFO: dtree.c(1315): Comp split 77
INFO: dtree.c(1315): Comp split 78
INFO: dtree.c(1439): stop. leaf nodes are specific
INFO: dtree.c(1478): Final simple tree
|( QUESTION0_0_R 1 2.153e+01 1.118e+01 3.000e+00
|    ( - 7.911e-01 1 0)
|    ( - 9.555e+00 1 0))
s>    ( QUESTION0_0_R 1 2.153e+01 1.118e+01 3.000e+00
s>        ( - 7.911e-01 1 0)
s>        ( - 9.555e+00 1 0))INFO: dtree.c(1315): Comp split 79
INFO: dtree.c(1439): stop. leaf nodes are specific
INFO: dtree.c(1478): Final simple tree
|( QUESTION0_0_R 1 5.429e+01 1.551e+01 5.999e+00
|    ( - 1.995e+01 1 0)
|    ( - 1.883e+01 1 0))
s>    ( QUESTION0_0_R 1 5.429e+01 1.551e+01 5.999e+00
s>        ( - 1.995e+01 1 0)
s>        ( - 1.883e+01 1 0))INFO: dtree.c(1315): Comp split 80
INFO: dtree.c(1439): stop. leaf nodes are specific
INFO: dtree.c(1478): Final simple tree
|( QUESTION0_0_R 1 2.211e+01 1.327e+01 3.999e+00
|    ( - 3.480e+00 1 0)
|    ( - 5.361e+00 1 0))
s>    ( QUESTION0_0_R 1 2.211e+01 1.327e+01 3.999e+00
s>        ( - 3.480e+00 1 0)
s>        ( - 5.361e+00 1 0))INFO: dtree.c(1439): stop. leaf nodes are specific
INFO: dtree.c(1478): Final simple tree
|( QUESTION2_12_L -1 2.533e+01 1.557e+01 4.000e+00
|    ( - 3.709e+00 1 0)
|    ( - 6.048e+00 1 0))
s>    ( QUESTION2_12_L -1 2.533e+01 1.557e+01 4.000e+00
s>        ( - 3.709e+00 1 0)
s>        ( - 6.048e+00 1 0))INFO: dtree.c(1315): Comp split 81
INFO: dtree.c(1315): Comp split 82
INFO: dtree.c(1315): Comp split 83
INFO: dtree.c(1439): stop. leaf nodes are specific
INFO: dtree.c(1478): Final simple tree
|( WDBNDRY_B 0 2.047e+01 9.711e+00 3.012e+00
|    ( - 9.761e+00 1 0)
|    ( - 1.002e+00 1 0))
s>    ( WDBNDRY_B 0 2.047e+01 9.711e+00 3.012e+00
s>        ( - 9.761e+00 1 0)
s>        ( - 1.002e+00 1 0))INFO: dtree.c(1315): Comp split 84
INFO: dtree.c(1315): Comp split 85
INFO: dtree.c(1439): stop. leaf nodes are specific
INFO: dtree.c(1478): Final simple tree
|( WDBNDRY_B 0 3.242e+01 1.187e+01 4.003e+00
|    ( - 8.895e+00 1 0)
|    ( - 1.165e+01 2 0))
s>    ( WDBNDRY_B 0 3.242e+01 1.187e+01 4.003e+00
s>        ( - 8.895e+00 1 0)
s>        ( - 1.165e+01 2 0))INFO: dtree.c(1439): stop. leaf nodes are specific
INFO: dtree.c(1478): Final simple tree
|( WDBNDRY_B 0 2.422e+01 1.194e+01 3.585e+00
|    ( - 3.828e+00 1 0)
|    ( - 8.454e+00 1 0))
s>    ( WDBNDRY_B 0 2.422e+01 1.194e+01 3.585e+00
s>        ( - 3.828e+00 1 0)
s>        ( - 8.454e+00 1 0))INFO: dtree.c(1315): Comp split 86
INFO: dtree.c(1439): stop. leaf nodes are specific
INFO: dtree.c(1478): Final simple tree
|( QUESTION0 1 8.137e+00 6.663e+00 2.000e+00
|    ( - 5.256e-01 1 0)
|    ( - 9.480e-01 1 0))
s>    ( QUESTION0 1 8.137e+00 6.663e+00 2.000e+00
s>        ( - 5.256e-01 1 0)
s>        ( - 9.480e-01 1 0))INFO: dtree.c(1315): Comp split 87
INFO: dtree.c(1315): Comp split 88
INFO: dtree.c(1315): Comp split 89
INFO: dtree.c(1315): Comp split 90
INFO: dtree.c(1439): stop. leaf nodes are specific
INFO: dtree.c(1478): Final simple tree
|( WDBNDRY_E 0 2.205e+01 9.101e+00 3.000e+00
|    ( - 3.516e+00 1 0)
|    ( - 9.436e+00 1 0))
s>    ( WDBNDRY_E 0 2.205e+01 9.101e+00 3.000e+00
s>        ( - 3.516e+00 1 0)
s>        ( - 9.436e+00 1 0))INFO: dtree.c(1439): stop. leaf nodes are specific
INFO: dtree.c(1478): Final simple tree
|( WDBNDRY_B 0 3.195e+01 1.122e+01 4.004e+00
|    ( - 2.268e+00 1 0)
|    ( - 1.846e+01 1 0))
s>    ( WDBNDRY_B 0 3.195e+01 1.122e+01 4.004e+00
s>        ( - 2.268e+00 1 0)
s>        ( - 1.846e+01 1 0))INFO: dtree.c(1315): Comp split 91
INFO: dtree.c(1439): stop. leaf nodes are specific
INFO: dtree.c(1478): Final simple tree
|( WDBNDRY_B 0 2.807e+01 1.125e+01 3.999e+00
|    ( - 6.324e+00 1 0)
|    ( - 1.050e+01 1 0))
s>    ( WDBNDRY_B 0 2.807e+01 1.125e+01 3.999e+00
s>        ( - 6.324e+00 1 0)
s>        ( - 1.050e+01 1 0))INFO: dtree.c(1315): Comp split 92
INFO: dtree.c(1315): Comp split 93
INFO: dtree.c(1315): Comp split 94
INFO: dtree.c(1315): Comp split 95
INFO: dtree.c(1439): stop. leaf nodes are specific
INFO: dtree.c(1478): Final simple tree
|( QUESTION6 1 3.009e+01 1.364e+01 3.999e+00
|    ( - 1.051e+01 1 0)
|    ( - 5.939e+00 1 0))
s>    ( QUESTION6 1 3.009e+01 1.364e+01 3.999e+00
s>        ( - 1.051e+01 1 0)
s>        ( - 5.939e+00 1 0))INFO: dtree.c(1315): Comp split 96
INFO: dtree.c(1439): stop. leaf nodes are specific
INFO: dtree.c(1478): Final simple tree
|( QUESTION2_6_L -1 1.229e+01 8.229e+00 2.000e+00
|    ( - 1.471e+00 1 0)
|    ( - 2.591e+00 1 0))
s>    ( QUESTION2_6_L -1 1.229e+01 8.229e+00 2.000e+00
s>        ( - 1.471e+00 1 0)
s>        ( - 2.591e+00 1 0))INFO: dtree.c(1315): Comp split 97
INFO: dtree.c(1439): stop. leaf nodes are specific
INFO: dtree.c(1478): Final simple tree
|( QUESTION2_3_L -1 2.364e+01 1.165e+01 3.001e+00
|    ( - 7.414e+00 1 0)
|    ( - 4.571e+00 1 0))
s>    ( QUESTION2_3_L -1 2.364e+01 1.165e+01 3.001e+00
s>        ( - 7.414e+00 1 0)
s>        ( - 4.571e+00 1 0))INFO: dtree.c(1315): Comp split 98
INFO: dtree.c(1315): Comp split 99
INFO: dtree.c(1315): Comp split 100
INFO: dtree.c(1315): Comp split 101
INFO: dtree.c(1439): stop. leaf nodes are specific
INFO: dtree.c(1478): Final simple tree
|( WDBNDRY_B 0 1.017e+01 6.365e+00 2.000e+00
|    ( - 1.825e+00 1 0)
|    ( - 1.980e+00 1 0))
s>    ( WDBNDRY_B 0 1.017e+01 6.365e+00 2.000e+00
s>        ( - 1.825e+00 1 0)
s>        ( - 1.980e+00 1 0))INFO: dtree.c(1315): Comp split 102
INFO: dtree.c(1315): Comp split 103
INFO: dtree.c(1315): Comp split 104
INFO: dtree.c(1315): Comp split 105
INFO: dtree.c(1315): Comp split 106
INFO: dtree.c(1439): stop. leaf nodes are specific
INFO: dtree.c(1478): Final simple tree
|( QUESTION0_0_R 1 1.378e+01 8.404e+00 2.993e+00
|    ( - 3.522e+00 1 0)
|    ( - 1.857e+00 1 0))
s>    ( QUESTION0_0_R 1 1.378e+01 8.404e+00 2.993e+00
s>        ( - 3.522e+00 1 0)
s>        ( - 1.857e+00 1 0))INFO: dtree.c(1315): Comp split 107
INFO: dtree.c(1315): Comp split 108
INFO: dtree.c(1315): Comp split 109
INFO: dtree.c(1315): Comp split 110
INFO: dtree.c(1315): Comp split 111
INFO: dtree.c(1315): Comp split 112
INFO: dtree.c(1315): Comp split 113
INFO: dtree.c(1315): Comp split 114
INFO: dtree.c(1315): Comp split 115
INFO: dtree.c(1315): Comp split 116
INFO: dtree.c(1315): Comp split 117
INFO: dtree.c(1315): Comp split 118
INFO: dtree.c(1315): Comp split 119
INFO: dtree.c(1315): Comp split 120
INFO: dtree.c(1318): stop. leaf nodes are specific
!!!!!!!!Allocated 67 lines
Thu Apr  7 00:34:55 2016
