Current configuration:
[NAME]		[DEFLT]	[VALUE]
-allphones	no	no
-cntthresh	0.00001	1.000000e-05
-csplitmax	100	2000
-csplitmin	1	1
-csplitthr	8e-4	0.000000e+00
-example	no	no
-fullvar	no	no
-help		no	no
-meanfn			/home/yaroslav/model/model_parameters/ua.cd_cont_untied/means
-mixwfn			/home/yaroslav/model/model_parameters/ua.cd_cont_untied/mixture_weights
-moddeffn		/home/yaroslav/model/model_architecture/ua.untied.mdef
-mwfloor	1e-4	1.000000e-08
-phone			YA
-psetfn			/home/yaroslav/model/model_architecture/ua.tree_questions
-ssplitmax	5	7
-ssplitmin	1	1
-ssplitthr	8e-4	0.000000e+00
-state			0
-stwt			1.0,0.05,0.0,
-treefn			/home/yaroslav/model/trees/ua.unpruned/YA-0.dtree
-ts2cbfn	.semi.	.cont.
-varfloor	0.00001	1.000000e-05
-varfn			/home/yaroslav/model/model_parameters/ua.cd_cont_untied/variances

INFO: main.c(223): Reading: /home/yaroslav/model/model_architecture/ua.untied.mdef
INFO: model_def_io.c(573): Model definition info:
INFO: model_def_io.c(574): 9365 total models defined (51 base, 9314 tri)
INFO: model_def_io.c(575): 37460 total states
INFO: model_def_io.c(576): 28095 total tied states
INFO: model_def_io.c(577): 153 total tied CI states
INFO: model_def_io.c(578): 51 total tied transition matrices
INFO: model_def_io.c(579): 4 max state/model
INFO: model_def_io.c(580): 4 min state/model
INFO: main.c(242): Building trees for [YA A B s] through [YA І Z e]
INFO: main.c(269): Covering states |[23988 24362]| == 375
INFO: main.c(275): Reading: /home/yaroslav/model/model_parameters/ua.cd_cont_untied/mixture_weights
INFO: s3mixw_io.c(173): Read /home/yaroslav/model/model_parameters/ua.cd_cont_untied/mixture_weights [375x1x1 array]
INFO: main.c(311): 123 of 125 models have observation count greater than 0.000010
INFO: main.c(95): nrm stwt: 0.952 0.048 0.000 
INFO: s3gau_io.c(169): Read /home/yaroslav/model/model_parameters/ua.cd_cont_untied/means [28095x1x1 array]
INFO: s3gau_io.c(169): Read /home/yaroslav/model/model_parameters/ua.cd_cont_untied/variances [28095x1x1 array]
INFO: main.c(549): Reading: /home/yaroslav/model/model_architecture/ua.tree_questions
INFO: main.c(588): 180 total simple questions (172 phone; 8 word bndry)
INFO: main.c(590): 42 Left Only questions, and 42 Right Only questions
INFO: dtree.c(1478): Final simple tree
|( WDBNDRY_I 0 -4.042e+05 7.694e+02 1.972e+03
|    ( - -3.233e+04 17 0 QUESTION8 -1 3.894e+02 1.576e+02)
|    ( SILENCE -1 -3.711e+05 5.954e+02 1.815e+03
|        ( - -2.746e+04 3 0 QUESTION2 1 1.943e+02 1.352e+02)
|        ( QUESTION3 1 -3.430e+05 5.970e+02 1.679e+03
|            ( - -5.533e+04 9 0 QUESTION2_14_L -1 4.109e+02 2.783e+02)
|            ( WDBNDRY_E 0 -2.871e+05 4.862e+02 1.401e+03
|                ( - -3.426e+04 16 0 QUESTION0 -1 3.232e+02 1.645e+02)
|                ( QUESTION0_4_R 1 -2.523e+05 4.546e+02 1.236e+03
|                    ( - 2.414e+02 1 0)
|                    ( QUESTION2_10_L -1 -2.521e+05 4.502e+02 1.235e+03
|                        ( - 2.417e+02 1 0)
|                        ( QUESTION2_1_L -1 -2.519e+05 4.369e+02 1.234e+03
|                            ( - -2.413e+04 9 0 QUESTION0 1 4.619e+02 1.207e+02)
|                            ( - -2.274e+05 67 0 QUESTION2 1 3.642e+02 1.114e+03))))))))
s>    ( WDBNDRY_I 0 -4.042e+05 7.694e+02 1.972e+03
s>        ( - -3.233e+04 17 0 QUESTION8 -1 3.894e+02 1.576e+02)
s>        ( SILENCE -1 -3.711e+05 5.954e+02 1.815e+03
s>            ( - -2.746e+04 3 0 QUESTION2 1 1.943e+02 1.352e+02)
s>            ( QUESTION3 1 -3.430e+05 5.970e+02 1.679e+03
s>                ( - -5.533e+04 9 0 QUESTION2_14_L -1 4.109e+02 2.783e+02)
s>                ( WDBNDRY_E 0 -2.871e+05 4.862e+02 1.401e+03
s>                    ( - -3.426e+04 16 0 QUESTION0 -1 3.232e+02 1.645e+02)
s>                    ( QUESTION0_4_R 1 -2.523e+05 4.546e+02 1.236e+03
s>                        ( - 2.414e+02 1 0)
s>                        ( QUESTION2_10_L -1 -2.521e+05 4.502e+02 1.235e+03
s>                            ( - 2.417e+02 1 0)
s>                            ( QUESTION2_1_L -1 -2.519e+05 4.369e+02 1.234e+03
s>                                ( - -2.413e+04 9 0 QUESTION0 1 4.619e+02 1.207e+02)
s>                                ( - -2.274e+05 67 0 QUESTION2 1 3.642e+02 1.114e+03))))))))INFO: dtree.c(1315): Comp split 0
INFO: dtree.c(1478): Final simple tree
|( QUESTION3 1 -3.361e+05 5.769e+02 1.649e+03
|    ( QUESTION2_14_L -1 -5.533e+04 4.109e+02 2.783e+02
|        ( - -7.767e+03 3 0 WDBNDRY_B 0 1.747e+02 4.006e+01)
|        ( - -4.715e+04 6 0 QUESTION13 -1 2.682e+02 2.383e+02))
|    ( SILENCE -1 -2.802e+05 5.707e+02 1.371e+03
|        ( - -2.746e+04 3 0 QUESTION2 1 1.943e+02 1.352e+02)
|        ( QUESTION2_10_L -1 -2.521e+05 4.502e+02 1.235e+03
|            ( - 2.417e+02 1 0)
|            ( QUESTION2_1_L -1 -2.519e+05 4.369e+02 1.234e+03
|                ( QUESTION0 1 -2.413e+04 4.619e+02 1.207e+02
|                    ( - 2.188e+02 1 0)
|                    ( - -2.389e+04 8 0 WDBNDRY_B 0 2.002e+02 1.197e+02))
|                ( QUESTION2 1 -2.274e+05 3.642e+02 1.114e+03
|                    ( - -1.589e+05 29 0 QUESTION4 -1 2.513e+02 7.784e+02)
|                    ( - -6.805e+04 38 0 QUESTION20 1 3.415e+02 3.354e+02))))))
s>    ( QUESTION3 1 -3.361e+05 5.769e+02 1.649e+03
s>        ( QUESTION2_14_L -1 -5.533e+04 4.109e+02 2.783e+02
s>            ( - -7.767e+03 3 0 WDBNDRY_B 0 1.747e+02 4.006e+01)
s>            ( - -4.715e+04 6 0 QUESTION13 -1 2.682e+02 2.383e+02))
s>        ( SILENCE -1 -2.802e+05 5.707e+02 1.371e+03
s>            ( - -2.746e+04 3 0 QUESTION2 1 1.943e+02 1.352e+02)
s>            ( QUESTION2_10_L -1 -2.521e+05 4.502e+02 1.235e+03
s>                ( - 2.417e+02 1 0)
s>                ( QUESTION2_1_L -1 -2.519e+05 4.369e+02 1.234e+03
s>                    ( QUESTION0 1 -2.413e+04 4.619e+02 1.207e+02
s>                        ( - 2.188e+02 1 0)
s>                        ( - -2.389e+04 8 0 WDBNDRY_B 0 2.002e+02 1.197e+02))
s>                    ( QUESTION2 1 -2.274e+05 3.642e+02 1.114e+03
s>                        ( - -1.589e+05 29 0 QUESTION4 -1 2.513e+02 7.784e+02)
s>                        ( - -6.805e+04 38 0 QUESTION20 1 3.415e+02 3.354e+02))))))INFO: dtree.c(1478): Final simple tree
|( QUESTION9 -1 -6.714e+04 4.738e+02 3.231e+02
|    ( QUESTION0_13_R 1 -2.266e+04 4.488e+02 1.092e+02
|        ( - 2.413e+02 1 0)
|        ( QUESTION0_11_R 1 -2.246e+04 4.593e+02 1.082e+02
|            ( - 2.417e+02 1 0)
|            ( QUESTION0_0_R 1 -2.224e+04 2.906e+02 1.072e+02
|                ( QUESTION0 1 -2.018e+04 4.824e+02 9.733e+01
|                    ( - 2.413e+02 1 0)
|                    ( - -1.994e+04 9 0 QUESTION17 -1 2.683e+02 9.633e+01))
|                ( - -1.766e+03 1 0))))
|    ( WDBNDRY_S 0 -4.401e+04 4.579e+02 2.139e+02
|        ( - 2.414e+02 1 0)
|        ( QUESTION0 -1 -4.379e+04 3.703e+02 2.129e+02
|            ( - -3.684e+04 19 0 QUESTION8 1 2.771e+02 1.794e+02)
|            ( - -6.582e+03 1 0))))
s>    ( QUESTION9 -1 -6.714e+04 4.738e+02 3.231e+02
s>        ( QUESTION0_13_R 1 -2.266e+04 4.488e+02 1.092e+02
s>            ( - 2.413e+02 1 0)
s>            ( QUESTION0_11_R 1 -2.246e+04 4.593e+02 1.082e+02
s>                ( - 2.417e+02 1 0)
s>                ( QUESTION0_0_R 1 -2.224e+04 2.906e+02 1.072e+02
s>                    ( QUESTION0 1 -2.018e+04 4.824e+02 9.733e+01
s>                        ( - 2.413e+02 1 0)
s>                        ( - -1.994e+04 9 0 QUESTION17 -1 2.683e+02 9.633e+01))
s>                    ( - -1.766e+03 1 0))))
s>        ( WDBNDRY_S 0 -4.401e+04 4.579e+02 2.139e+02
s>            ( - 2.414e+02 1 0)
s>            ( QUESTION0 -1 -4.379e+04 3.703e+02 2.129e+02
s>                ( - -3.684e+04 19 0 QUESTION8 1 2.771e+02 1.794e+02)
s>                ( - -6.582e+03 1 0))))INFO: dtree.c(1315): Comp split 1
INFO: dtree.c(1478): Final simple tree
|( SILENCE -1 -9.937e+04 5.197e+02 4.932e+02
|    ( QUESTION2 1 -2.746e+04 1.943e+02 1.352e+02
|        ( - -1.340e+04 1 0)
|        ( - -1.386e+04 2 0 QUESTION0_1_R 1 9.781e+01 6.960e+01))
|    ( QUESTION2 -1 -7.139e+04 3.498e+02 3.580e+02
|        ( WDBNDRY_B 0 -2.389e+04 2.002e+02 1.197e+02
|            ( - -1.321e+04 4 0)
|            ( - -1.048e+04 4 0 QUESTION2 1 1.427e+02 5.168e+01))
|        ( QUESTION13 -1 -4.715e+04 2.682e+02 2.383e+02
|            ( - -2.020e+04 1 0)
|            ( QUESTION9 -1 -2.669e+04 2.194e+02 1.330e+02
|                ( - -1.969e+02 1 0)
|                ( QUESTION2_0_L -1 -2.627e+04 1.609e+02 1.310e+02
|                    ( - -6.232e+02 1 0)
|                    ( - -2.549e+04 3 0 QUESTION2_12_L -1 1.336e+02 1.270e+02))))))
s>    ( SILENCE -1 -9.937e+04 5.197e+02 4.932e+02
s>        ( QUESTION2 1 -2.746e+04 1.943e+02 1.352e+02
s>            ( - -1.340e+04 1 0)
s>            ( - -1.386e+04 2 0 QUESTION0_1_R 1 9.781e+01 6.960e+01))
s>        ( QUESTION2 -1 -7.139e+04 3.498e+02 3.580e+02
s>            ( WDBNDRY_B 0 -2.389e+04 2.002e+02 1.197e+02
s>                ( - -1.321e+04 4 0)
s>                ( - -1.048e+04 4 0 QUESTION2 1 1.427e+02 5.168e+01))
s>            ( QUESTION13 -1 -4.715e+04 2.682e+02 2.383e+02
s>                ( - -2.020e+04 1 0)
s>                ( QUESTION9 -1 -2.669e+04 2.194e+02 1.330e+02
s>                    ( - -1.969e+02 1 0)
s>                    ( QUESTION2_0_L -1 -2.627e+04 1.609e+02 1.310e+02
s>                        ( - -6.232e+02 1 0)
s>                        ( - -2.549e+04 3 0 QUESTION2_12_L -1 1.336e+02 1.270e+02))))))INFO: dtree.c(1478): Final simple tree
|( QUESTION3 1 -2.360e+05 4.817e+02 1.156e+03
|    ( - -7.767e+03 3 0 WDBNDRY_B 0 1.747e+02 4.006e+01)
|    ( QUESTION2_1_L -1 -2.278e+05 4.543e+02 1.116e+03
|        ( - 2.188e+02 1 0)
|        ( QUESTION2_10_L -1 -2.276e+05 4.496e+02 1.115e+03
|            ( - 2.417e+02 1 0)
|            ( QUESTION2 1 -2.274e+05 3.642e+02 1.114e+03
|                ( - -1.589e+05 29 0 QUESTION4 -1 2.513e+02 7.784e+02)
|                ( QUESTION20 1 -6.805e+04 3.415e+02 3.354e+02
|                    ( - -6.142e+03 1 0)
|                    ( QUESTION2_16_L -1 -6.157e+04 3.546e+02 3.015e+02
|                        ( - -9.565e+03 6 0 QUESTION0_16_R 1 2.417e+02 5.000e+01)
|                        ( QUESTION16 1 -5.165e+04 2.839e+02 2.515e+02
|                            ( - -9.119e+03 3 0 WDBNDRY_B 0 2.414e+02 4.700e+01)
|                            ( - -4.224e+04 28 0 QUESTION3 -1 2.615e+02 2.045e+02))))))))
s>    ( QUESTION3 1 -2.360e+05 4.817e+02 1.156e+03
s>        ( - -7.767e+03 3 0 WDBNDRY_B 0 1.747e+02 4.006e+01)
s>        ( QUESTION2_1_L -1 -2.278e+05 4.543e+02 1.116e+03
s>            ( - 2.188e+02 1 0)
s>            ( QUESTION2_10_L -1 -2.276e+05 4.496e+02 1.115e+03
s>                ( - 2.417e+02 1 0)
s>                ( QUESTION2 1 -2.274e+05 3.642e+02 1.114e+03
s>                    ( - -1.589e+05 29 0 QUESTION4 -1 2.513e+02 7.784e+02)
s>                    ( QUESTION20 1 -6.805e+04 3.415e+02 3.354e+02
s>                        ( - -6.142e+03 1 0)
s>                        ( QUESTION2_16_L -1 -6.157e+04 3.546e+02 3.015e+02
s>                            ( - -9.565e+03 6 0 QUESTION0_16_R 1 2.417e+02 5.000e+01)
s>                            ( QUESTION16 1 -5.165e+04 2.839e+02 2.515e+02
s>                                ( - -9.119e+03 3 0 WDBNDRY_B 0 2.414e+02 4.700e+01)
s>                                ( - -4.224e+04 28 0 QUESTION3 -1 2.615e+02 2.045e+02))))))))INFO: dtree.c(1315): Comp split 2
INFO: dtree.c(1478): Final simple tree
|( QUESTION2_1_L -1 -2.019e+05 4.540e+02 9.849e+02
|    ( - 2.188e+02 1 0)
|    ( QUESTION2_10_L -1 -2.017e+05 4.502e+02 9.839e+02
|        ( - 2.417e+02 1 0)
|        ( QUESTION7 1 -2.015e+05 3.114e+02 9.829e+02
|            ( QUESTION3 -1 -2.886e+04 4.635e+02 1.380e+02
|                ( - 2.182e+02 1 0)
|                ( QUESTION0_3_R 1 -2.861e+04 2.314e+02 1.370e+02
|                    ( - -2.459e+03 2 0 QUESTION0_7_R 1 1.133e+02 1.300e+01)
|                    ( QUESTION7 -1 -2.592e+04 2.098e+02 1.240e+02
|                        ( - -7.427e+03 5 0 QUESTION0_12_R 1 2.252e+02 3.700e+01)
|                        ( - -1.829e+04 13 0 WDBNDRY_B 0 1.934e+02 8.703e+01))))
|            ( QUESTION4 -1 -1.723e+05 2.501e+02 8.449e+02
|                ( - -8.297e+02 1 0)
|                ( - -1.712e+05 35 0 QUESTION2_14_L -1 2.025e+02 8.399e+02)))))
s>    ( QUESTION2_1_L -1 -2.019e+05 4.540e+02 9.849e+02
s>        ( - 2.188e+02 1 0)
s>        ( QUESTION2_10_L -1 -2.017e+05 4.502e+02 9.839e+02
s>            ( - 2.417e+02 1 0)
s>            ( QUESTION7 1 -2.015e+05 3.114e+02 9.829e+02
s>                ( QUESTION3 -1 -2.886e+04 4.635e+02 1.380e+02
s>                    ( - 2.182e+02 1 0)
s>                    ( QUESTION0_3_R 1 -2.861e+04 2.314e+02 1.370e+02
s>                        ( - -2.459e+03 2 0 QUESTION0_7_R 1 1.133e+02 1.300e+01)
s>                        ( QUESTION7 -1 -2.592e+04 2.098e+02 1.240e+02
s>                            ( - -7.427e+03 5 0 QUESTION0_12_R 1 2.252e+02 3.700e+01)
s>                            ( - -1.829e+04 13 0 WDBNDRY_B 0 1.934e+02 8.703e+01))))
s>                ( QUESTION4 -1 -1.723e+05 2.501e+02 8.449e+02
s>                    ( - -8.297e+02 1 0)
s>                    ( - -1.712e+05 35 0 QUESTION2_14_L -1 2.025e+02 8.399e+02)))))INFO: dtree.c(1478): Final simple tree
|( QUESTION2_14_L -1 -3.359e+04 4.762e+02 1.709e+02
|    ( QUESTION2 1 -1.417e+04 2.566e+02 7.389e+01
|        ( - -7.767e+03 3 0 WDBNDRY_B 0 1.747e+02 4.006e+01)
|        ( - -6.142e+03 1 0))
|    ( QUESTION2_13_L -1 -1.895e+04 2.619e+02 9.700e+01
|        ( QUESTION0_16_R 1 -9.565e+03 2.417e+02 5.000e+01
|            ( - -1.694e+02 1 0)
|            ( WDBNDRY_B 0 -9.154e+03 2.128e+02 4.800e+01
|                ( - -5.821e+02 1 0)
|                ( - -8.359e+03 4 0 QUESTION0 1 1.779e+02 4.400e+01)))
|        ( WDBNDRY_B 0 -9.119e+03 2.414e+02 4.700e+01
|            ( QUESTION0 -1 -7.669e+03 2.025e+02 4.000e+01
|                ( - -2.415e+03 1 0)
|                ( - -5.051e+03 1 0))
|            ( - -1.209e+03 1 0))))
s>    ( QUESTION2_14_L -1 -3.359e+04 4.762e+02 1.709e+02
s>        ( QUESTION2 1 -1.417e+04 2.566e+02 7.389e+01
s>            ( - -7.767e+03 3 0 WDBNDRY_B 0 1.747e+02 4.006e+01)
s>            ( - -6.142e+03 1 0))
s>        ( QUESTION2_13_L -1 -1.895e+04 2.619e+02 9.700e+01
s>            ( QUESTION0_16_R 1 -9.565e+03 2.417e+02 5.000e+01
s>                ( - -1.694e+02 1 0)
s>                ( WDBNDRY_B 0 -9.154e+03 2.128e+02 4.800e+01
s>                    ( - -5.821e+02 1 0)
s>                    ( - -8.359e+03 4 0 QUESTION0 1 1.779e+02 4.400e+01)))
s>            ( WDBNDRY_B 0 -9.119e+03 2.414e+02 4.700e+01
s>                ( QUESTION0 -1 -7.669e+03 2.025e+02 4.000e+01
s>                    ( - -2.415e+03 1 0)
s>                    ( - -5.051e+03 1 0))
s>                ( - -1.209e+03 1 0))))INFO: dtree.c(1315): Comp split 3
INFO: dtree.c(1439): stop. leaf nodes are specific
INFO: dtree.c(1478): Final simple tree
|( QUESTION6 1 -2.825e+04 2.090e+02 1.392e+02
|    ( - -1.340e+04 1 0)
|    ( WDBNDRY_B 0 -1.464e+04 1.563e+02 7.360e+01
|        ( - -6.232e+02 1 0)
|        ( QUESTION0_1_R 1 -1.386e+04 9.781e+01 6.960e+01
|            ( - -1.186e+04 1 0)
|            ( - -1.899e+03 1 0))))
s>    ( QUESTION6 1 -2.825e+04 2.090e+02 1.392e+02
s>        ( - -1.340e+04 1 0)
s>        ( WDBNDRY_B 0 -1.464e+04 1.563e+02 7.360e+01
s>            ( - -6.232e+02 1 0)
s>            ( QUESTION0_1_R 1 -1.386e+04 9.781e+01 6.960e+01
s>                ( - -1.186e+04 1 0)
s>                ( - -1.899e+03 1 0))))INFO: dtree.c(1478): Final simple tree
|( QUESTION2_13_L -1 -7.058e+04 3.497e+02 3.540e+02
|    ( QUESTION0 -1 -4.349e+04 2.447e+02 2.203e+02
|        ( - -2.305e+04 1 0)
|        ( - -2.020e+04 1 0))
|    ( QUESTION0 -1 -2.674e+04 2.849e+02 1.337e+02
|        ( - -1.356e+02 1 0)
|        ( QUESTION9 -1 -2.632e+04 2.257e+02 1.317e+02
|            ( - -1.969e+02 1 0)
|            ( QUESTION6 1 -2.590e+04 1.893e+02 1.297e+02
|                ( WDBNDRY_B 0 -1.367e+04 1.535e+02 6.999e+01
|                    ( - -1.321e+04 4 0)
|                    ( - -3.051e+02 2 0))
|                ( WDBNDRY_B 0 -1.204e+04 1.303e+02 5.968e+01
|                    ( - -1.879e+03 1 0)
|                    ( - -1.003e+04 2 0 QUESTION0_1_R 1 1.259e+02 4.968e+01))))))
s>    ( QUESTION2_13_L -1 -7.058e+04 3.497e+02 3.540e+02
s>        ( QUESTION0 -1 -4.349e+04 2.447e+02 2.203e+02
s>            ( - -2.305e+04 1 0)
s>            ( - -2.020e+04 1 0))
s>        ( QUESTION0 -1 -2.674e+04 2.849e+02 1.337e+02
s>            ( - -1.356e+02 1 0)
s>            ( QUESTION9 -1 -2.632e+04 2.257e+02 1.317e+02
s>                ( - -1.969e+02 1 0)
s>                ( QUESTION6 1 -2.590e+04 1.893e+02 1.297e+02
s>                    ( WDBNDRY_B 0 -1.367e+04 1.535e+02 6.999e+01
s>                        ( - -1.321e+04 4 0)
s>                        ( - -3.051e+02 2 0))
s>                    ( WDBNDRY_B 0 -1.204e+04 1.303e+02 5.968e+01
s>                        ( - -1.879e+03 1 0)
s>                        ( - -1.003e+04 2 0 QUESTION0_1_R 1 1.259e+02 4.968e+01))))))INFO: dtree.c(1315): Comp split 4
INFO: dtree.c(1478): Final simple tree
|( QUESTION9 -1 -6.690e+04 4.676e+02 3.221e+02
|    ( QUESTION0_13_R 1 -2.242e+04 4.489e+02 1.082e+02
|        ( - 2.413e+02 1 0)
|        ( QUESTION0_11_R 1 -2.221e+04 4.592e+02 1.072e+02
|            ( - 2.417e+02 1 0)
|            ( QUESTION0_0_R 1 -2.200e+04 2.893e+02 1.062e+02
|                ( - -1.994e+04 9 0 QUESTION17 -1 2.683e+02 9.633e+01)
|                ( - -1.766e+03 1 0))))
|    ( WDBNDRY_S 0 -4.401e+04 4.579e+02 2.139e+02
|        ( - 2.414e+02 1 0)
|        ( QUESTION0 -1 -4.379e+04 3.703e+02 2.129e+02
|            ( QUESTION8 1 -3.684e+04 2.771e+02 1.794e+02
|                ( - -1.835e+04 9 0 QUESTION2_12_L -1 2.837e+02 9.042e+01)
|                ( - -1.821e+04 10 0 QUESTION0_11_R 1 2.299e+02 8.896e+01))
|            ( - -6.582e+03 1 0))))
s>    ( QUESTION9 -1 -6.690e+04 4.676e+02 3.221e+02
s>        ( QUESTION0_13_R 1 -2.242e+04 4.489e+02 1.082e+02
s>            ( - 2.413e+02 1 0)
s>            ( QUESTION0_11_R 1 -2.221e+04 4.592e+02 1.072e+02
s>                ( - 2.417e+02 1 0)
s>                ( QUESTION0_0_R 1 -2.200e+04 2.893e+02 1.062e+02
s>                    ( - -1.994e+04 9 0 QUESTION17 -1 2.683e+02 9.633e+01)
s>                    ( - -1.766e+03 1 0))))
s>        ( WDBNDRY_S 0 -4.401e+04 4.579e+02 2.139e+02
s>            ( - 2.414e+02 1 0)
s>            ( QUESTION0 -1 -4.379e+04 3.703e+02 2.129e+02
s>                ( QUESTION8 1 -3.684e+04 2.771e+02 1.794e+02
s>                    ( - -1.835e+04 9 0 QUESTION2_12_L -1 2.837e+02 9.042e+01)
s>                    ( - -1.821e+04 10 0 QUESTION0_11_R 1 2.299e+02 8.896e+01))
s>                ( - -6.582e+03 1 0))))INFO: dtree.c(1315): Comp split 5
INFO: dtree.c(1478): Final simple tree
|( QUESTION2_13_L -1 -1.895e+04 2.619e+02 9.700e+01
|    ( QUESTION0_16_R 1 -9.565e+03 2.417e+02 5.000e+01
|        ( - -1.694e+02 1 0)
|        ( WDBNDRY_B 0 -9.154e+03 2.128e+02 4.800e+01
|            ( - -5.821e+02 1 0)
|            ( QUESTION0 1 -8.359e+03 1.779e+02 4.400e+01
|                ( - -5.636e+03 1 0)
|                ( QUESTION0_1_R 1 -2.545e+03 4.827e+02 1.300e+01
|                    ( - 2.421e+02 1 0)
|                    ( - -2.305e+03 2 0 QUESTION0_3_R 1 1.473e+02 1.200e+01)))))
|    ( WDBNDRY_B 0 -9.119e+03 2.414e+02 4.700e+01
|        ( QUESTION0 -1 -7.669e+03 2.025e+02 4.000e+01
|            ( - -2.415e+03 1 0)
|            ( - -5.051e+03 1 0))
|        ( - -1.209e+03 1 0)))
s>    ( QUESTION2_13_L -1 -1.895e+04 2.619e+02 9.700e+01
s>        ( QUESTION0_16_R 1 -9.565e+03 2.417e+02 5.000e+01
s>            ( - -1.694e+02 1 0)
s>            ( WDBNDRY_B 0 -9.154e+03 2.128e+02 4.800e+01
s>                ( - -5.821e+02 1 0)
s>                ( QUESTION0 1 -8.359e+03 1.779e+02 4.400e+01
s>                    ( - -5.636e+03 1 0)
s>                    ( QUESTION0_1_R 1 -2.545e+03 4.827e+02 1.300e+01
s>                        ( - 2.421e+02 1 0)
s>                        ( - -2.305e+03 2 0 QUESTION0_3_R 1 1.473e+02 1.200e+01)))))
s>        ( WDBNDRY_B 0 -9.119e+03 2.414e+02 4.700e+01
s>            ( QUESTION0 -1 -7.669e+03 2.025e+02 4.000e+01
s>                ( - -2.415e+03 1 0)
s>                ( - -5.051e+03 1 0))
s>            ( - -1.209e+03 1 0)))INFO: dtree.c(1439): stop. leaf nodes are specific
INFO: dtree.c(1478): Final simple tree
|( QUESTION2 1 -1.417e+04 2.566e+02 7.389e+01
|    ( WDBNDRY_B 0 -7.767e+03 1.747e+02 4.006e+01
|        ( - -7.141e+03 2 0)
|        ( - -4.509e+02 1 0))
|    ( - -6.142e+03 1 0))
s>    ( QUESTION2 1 -1.417e+04 2.566e+02 7.389e+01
s>        ( WDBNDRY_B 0 -7.767e+03 1.747e+02 4.006e+01
s>            ( - -7.141e+03 2 0)
s>            ( - -4.509e+02 1 0))
s>        ( - -6.142e+03 1 0))INFO: dtree.c(1315): Comp split 6
INFO: dtree.c(1478): Final simple tree
|( QUESTION2_13_L -1 -1.870e+04 2.702e+02 9.600e+01
|    ( QUESTION0_16_R 1 -9.315e+03 2.409e+02 4.900e+01
|        ( - -1.694e+02 1 0)
|        ( WDBNDRY_B 0 -8.905e+03 2.105e+02 4.700e+01
|            ( - -5.821e+02 1 0)
|            ( QUESTION0_1_R 1 -8.112e+03 1.712e+02 4.300e+01
|                ( - -5.636e+03 1 0)
|                ( QUESTION0_3_R 1 -2.305e+03 1.473e+02 1.200e+01
|                    ( - -1.415e+03 1 0)
|                    ( - -7.427e+02 1 0)))))
|    ( WDBNDRY_B 0 -9.119e+03 2.414e+02 4.700e+01
|        ( QUESTION0 -1 -7.669e+03 2.025e+02 4.000e+01
|            ( - -2.415e+03 1 0)
|            ( - -5.051e+03 1 0))
|        ( - -1.209e+03 1 0)))
s>    ( QUESTION2_13_L -1 -1.870e+04 2.702e+02 9.600e+01
s>        ( QUESTION0_16_R 1 -9.315e+03 2.409e+02 4.900e+01
s>            ( - -1.694e+02 1 0)
s>            ( WDBNDRY_B 0 -8.905e+03 2.105e+02 4.700e+01
s>                ( - -5.821e+02 1 0)
s>                ( QUESTION0_1_R 1 -8.112e+03 1.712e+02 4.300e+01
s>                    ( - -5.636e+03 1 0)
s>                    ( QUESTION0_3_R 1 -2.305e+03 1.473e+02 1.200e+01
s>                        ( - -1.415e+03 1 0)
s>                        ( - -7.427e+02 1 0)))))
s>        ( WDBNDRY_B 0 -9.119e+03 2.414e+02 4.700e+01
s>            ( QUESTION0 -1 -7.669e+03 2.025e+02 4.000e+01
s>                ( - -2.415e+03 1 0)
s>                ( - -5.051e+03 1 0))
s>            ( - -1.209e+03 1 0)))INFO: dtree.c(1315): Comp split 7
INFO: dtree.c(1478): Final simple tree
|( QUESTION0 -1 -4.379e+04 3.703e+02 2.129e+02
|    ( QUESTION8 1 -3.684e+04 2.771e+02 1.794e+02
|        ( QUESTION2_12_L -1 -1.835e+04 2.837e+02 9.042e+01
|            ( QUESTION0_1_R 1 -1.553e+04 1.881e+02 7.642e+01
|                ( - -1.144e+04 5 0 WDBNDRY_E 0 1.419e+02 5.642e+01)
|                ( WDBNDRY_E 0 -3.899e+03 2.173e+02 2.000e+01
|                    ( - -3.232e+03 1 0)
|                    ( - -4.495e+02 1 0)))
|            ( - -2.538e+03 2 0))
|        ( QUESTION0_11_R 1 -1.821e+04 2.299e+02 8.896e+01
|            ( - -6.980e+03 2 0)
|            ( QUESTION0_1_R 1 -1.100e+04 2.019e+02 5.400e+01
|                ( - -8.539e+03 6 0 WDBNDRY_E 0 1.477e+02 4.200e+01)
|                ( - -2.262e+03 2 0 WDBNDRY_E 0 1.807e+02 1.200e+01))))
|    ( - -6.582e+03 1 0))
s>    ( QUESTION0 -1 -4.379e+04 3.703e+02 2.129e+02
s>        ( QUESTION8 1 -3.684e+04 2.771e+02 1.794e+02
s>            ( QUESTION2_12_L -1 -1.835e+04 2.837e+02 9.042e+01
s>                ( QUESTION0_1_R 1 -1.553e+04 1.881e+02 7.642e+01
s>                    ( - -1.144e+04 5 0 WDBNDRY_E 0 1.419e+02 5.642e+01)
s>                    ( WDBNDRY_E 0 -3.899e+03 2.173e+02 2.000e+01
s>                        ( - -3.232e+03 1 0)
s>                        ( - -4.495e+02 1 0)))
s>                ( - -2.538e+03 2 0))
s>            ( QUESTION0_11_R 1 -1.821e+04 2.299e+02 8.896e+01
s>                ( - -6.980e+03 2 0)
s>                ( QUESTION0_1_R 1 -1.100e+04 2.019e+02 5.400e+01
s>                    ( - -8.539e+03 6 0 WDBNDRY_E 0 1.477e+02 4.200e+01)
s>                    ( - -2.262e+03 2 0 WDBNDRY_E 0 1.807e+02 1.200e+01))))
s>        ( - -6.582e+03 1 0))INFO: dtree.c(1478): Final simple tree
|( WDBNDRY_S 0 -2.263e+04 4.500e+02 1.092e+02
|    ( - 2.414e+02 1 0)
|    ( QUESTION0_13_R 1 -2.242e+04 4.489e+02 1.082e+02
|        ( - 2.413e+02 1 0)
|        ( QUESTION0_11_R 1 -2.221e+04 4.592e+02 1.072e+02
|            ( - 2.417e+02 1 0)
|            ( QUESTION0_0_R 1 -2.200e+04 2.893e+02 1.062e+02
|                ( QUESTION17 -1 -1.994e+04 2.683e+02 9.633e+01
|                    ( - -7.011e+03 1 0)
|                    ( QUESTION16 1 -1.266e+04 2.151e+02 6.040e+01
|                        ( - -1.649e+03 1 0)
|                        ( QUESTION0_5_R 1 -1.080e+04 2.105e+02 5.140e+01
|                            ( - -1.434e+03 1 0)
|                            ( - -9.153e+03 6 0 WDBNDRY_E 0 1.992e+02 4.339e+01))))
|                ( - -1.766e+03 1 0)))))
s>    ( WDBNDRY_S 0 -2.263e+04 4.500e+02 1.092e+02
s>        ( - 2.414e+02 1 0)
s>        ( QUESTION0_13_R 1 -2.242e+04 4.489e+02 1.082e+02
s>            ( - 2.413e+02 1 0)
s>            ( QUESTION0_11_R 1 -2.221e+04 4.592e+02 1.072e+02
s>                ( - 2.417e+02 1 0)
s>                ( QUESTION0_0_R 1 -2.200e+04 2.893e+02 1.062e+02
s>                    ( QUESTION17 -1 -1.994e+04 2.683e+02 9.633e+01
s>                        ( - -7.011e+03 1 0)
s>                        ( QUESTION16 1 -1.266e+04 2.151e+02 6.040e+01
s>                            ( - -1.649e+03 1 0)
s>                            ( QUESTION0_5_R 1 -1.080e+04 2.105e+02 5.140e+01
s>                                ( - -1.434e+03 1 0)
s>                                ( - -9.153e+03 6 0 WDBNDRY_E 0 1.992e+02 4.339e+01))))
s>                    ( - -1.766e+03 1 0)))))INFO: dtree.c(1315): Comp split 8
INFO: dtree.c(1478): Final simple tree
|( QUESTION2_1_L -1 -2.017e+05 4.540e+02 9.839e+02
|    ( - 2.188e+02 1 0)
|    ( QUESTION2_10_L -1 -2.014e+05 4.502e+02 9.829e+02
|        ( - 2.417e+02 1 0)
|        ( QUESTION7 1 -2.012e+05 3.149e+02 9.819e+02
|            ( QUESTION0_3_R 1 -2.861e+04 2.314e+02 1.370e+02
|                ( - -2.459e+03 2 0 QUESTION0_7_R 1 1.133e+02 1.300e+01)
|                ( QUESTION7 -1 -2.592e+04 2.098e+02 1.240e+02
|                    ( QUESTION0_12_R 1 -7.427e+03 2.252e+02 3.700e+01
|                        ( - -2.398e+02 1 0)
|                        ( - -6.962e+03 4 0 QUESTION8 -1 1.693e+02 3.500e+01))
|                    ( - -1.829e+04 13 0 WDBNDRY_B 0 1.934e+02 8.703e+01)))
|            ( QUESTION4 -1 -1.723e+05 2.501e+02 8.449e+02
|                ( - -8.297e+02 1 0)
|                ( - -1.712e+05 35 0 QUESTION2_14_L -1 2.025e+02 8.399e+02)))))
s>    ( QUESTION2_1_L -1 -2.017e+05 4.540e+02 9.839e+02
s>        ( - 2.188e+02 1 0)
s>        ( QUESTION2_10_L -1 -2.014e+05 4.502e+02 9.829e+02
s>            ( - 2.417e+02 1 0)
s>            ( QUESTION7 1 -2.012e+05 3.149e+02 9.819e+02
s>                ( QUESTION0_3_R 1 -2.861e+04 2.314e+02 1.370e+02
s>                    ( - -2.459e+03 2 0 QUESTION0_7_R 1 1.133e+02 1.300e+01)
s>                    ( QUESTION7 -1 -2.592e+04 2.098e+02 1.240e+02
s>                        ( QUESTION0_12_R 1 -7.427e+03 2.252e+02 3.700e+01
s>                            ( - -2.398e+02 1 0)
s>                            ( - -6.962e+03 4 0 QUESTION8 -1 1.693e+02 3.500e+01))
s>                        ( - -1.829e+04 13 0 WDBNDRY_B 0 1.934e+02 8.703e+01)))
s>                ( QUESTION4 -1 -1.723e+05 2.501e+02 8.449e+02
s>                    ( - -8.297e+02 1 0)
s>                    ( - -1.712e+05 35 0 QUESTION2_14_L -1 2.025e+02 8.399e+02)))))INFO: dtree.c(1315): Comp split 9
INFO: dtree.c(1478): Final simple tree
|( WDBNDRY_S 0 -2.241e+04 4.500e+02 1.082e+02
|    ( - 2.414e+02 1 0)
|    ( QUESTION0_11_R 1 -2.221e+04 4.493e+02 1.072e+02
|        ( - 2.413e+02 1 0)
|        ( QUESTION0_0_R 1 -2.200e+04 2.893e+02 1.062e+02
|            ( QUESTION17 -1 -1.994e+04 2.683e+02 9.633e+01
|                ( - -7.011e+03 1 0)
|                ( QUESTION16 1 -1.266e+04 2.151e+02 6.040e+01
|                    ( - -1.649e+03 1 0)
|                    ( QUESTION0_5_R 1 -1.080e+04 2.105e+02 5.140e+01
|                        ( - -1.434e+03 1 0)
|                        ( WDBNDRY_E 0 -9.153e+03 1.992e+02 4.339e+01
|                            ( - -8.146e+03 4 0 QUESTION2 1 2.061e+02 3.839e+01)
|                            ( - -8.085e+02 2 0 QUESTION2 1 5.770e+02 5.000e+00)))))
|            ( - -1.766e+03 1 0))))
s>    ( WDBNDRY_S 0 -2.241e+04 4.500e+02 1.082e+02
s>        ( - 2.414e+02 1 0)
s>        ( QUESTION0_11_R 1 -2.221e+04 4.493e+02 1.072e+02
s>            ( - 2.413e+02 1 0)
s>            ( QUESTION0_0_R 1 -2.200e+04 2.893e+02 1.062e+02
s>                ( QUESTION17 -1 -1.994e+04 2.683e+02 9.633e+01
s>                    ( - -7.011e+03 1 0)
s>                    ( QUESTION16 1 -1.266e+04 2.151e+02 6.040e+01
s>                        ( - -1.649e+03 1 0)
s>                        ( QUESTION0_5_R 1 -1.080e+04 2.105e+02 5.140e+01
s>                            ( - -1.434e+03 1 0)
s>                            ( WDBNDRY_E 0 -9.153e+03 1.992e+02 4.339e+01
s>                                ( - -8.146e+03 4 0 QUESTION2 1 2.061e+02 3.839e+01)
s>                                ( - -8.085e+02 2 0 QUESTION2 1 5.770e+02 5.000e+00)))))
s>                ( - -1.766e+03 1 0))))INFO: dtree.c(1315): Comp split 10
INFO: dtree.c(1478): Final simple tree
|( QUESTION2_10_L -1 -2.014e+05 4.502e+02 9.829e+02
|    ( - 2.417e+02 1 0)
|    ( QUESTION7 1 -2.012e+05 3.149e+02 9.819e+02
|        ( QUESTION0_3_R 1 -2.861e+04 2.314e+02 1.370e+02
|            ( - -2.459e+03 2 0 QUESTION0_7_R 1 1.133e+02 1.300e+01)
|            ( QUESTION7 -1 -2.592e+04 2.098e+02 1.240e+02
|                ( QUESTION0_12_R 1 -7.427e+03 2.252e+02 3.700e+01
|                    ( - -2.398e+02 1 0)
|                    ( - -6.962e+03 4 0 QUESTION8 -1 1.693e+02 3.500e+01))
|                ( - -1.829e+04 13 0 WDBNDRY_B 0 1.934e+02 8.703e+01)))
|        ( QUESTION4 -1 -1.723e+05 2.501e+02 8.449e+02
|            ( - -8.297e+02 1 0)
|            ( QUESTION2_14_L -1 -1.712e+05 2.025e+02 8.399e+02
|                ( - -5.425e+04 6 0 QUESTION0 1 1.748e+02 2.644e+02)
|                ( - -1.168e+05 29 0 QUESTION2_16_L -1 2.035e+02 5.755e+02)))))
s>    ( QUESTION2_10_L -1 -2.014e+05 4.502e+02 9.829e+02
s>        ( - 2.417e+02 1 0)
s>        ( QUESTION7 1 -2.012e+05 3.149e+02 9.819e+02
s>            ( QUESTION0_3_R 1 -2.861e+04 2.314e+02 1.370e+02
s>                ( - -2.459e+03 2 0 QUESTION0_7_R 1 1.133e+02 1.300e+01)
s>                ( QUESTION7 -1 -2.592e+04 2.098e+02 1.240e+02
s>                    ( QUESTION0_12_R 1 -7.427e+03 2.252e+02 3.700e+01
s>                        ( - -2.398e+02 1 0)
s>                        ( - -6.962e+03 4 0 QUESTION8 -1 1.693e+02 3.500e+01))
s>                    ( - -1.829e+04 13 0 WDBNDRY_B 0 1.934e+02 8.703e+01)))
s>            ( QUESTION4 -1 -1.723e+05 2.501e+02 8.449e+02
s>                ( - -8.297e+02 1 0)
s>                ( QUESTION2_14_L -1 -1.712e+05 2.025e+02 8.399e+02
s>                    ( - -5.425e+04 6 0 QUESTION0 1 1.748e+02 2.644e+02)
s>                    ( - -1.168e+05 29 0 QUESTION2_16_L -1 2.035e+02 5.755e+02)))))INFO: dtree.c(1315): Comp split 11
INFO: dtree.c(1478): Final simple tree
|( QUESTION7 1 -2.012e+05 3.149e+02 9.819e+02
|    ( QUESTION0_3_R 1 -2.861e+04 2.314e+02 1.370e+02
|        ( - -2.459e+03 2 0 QUESTION0_7_R 1 1.133e+02 1.300e+01)
|        ( QUESTION7 -1 -2.592e+04 2.098e+02 1.240e+02
|            ( QUESTION0_12_R 1 -7.427e+03 2.252e+02 3.700e+01
|                ( - -2.398e+02 1 0)
|                ( - -6.962e+03 4 0 QUESTION8 -1 1.693e+02 3.500e+01))
|            ( - -1.829e+04 13 0 WDBNDRY_B 0 1.934e+02 8.703e+01)))
|    ( QUESTION4 -1 -1.723e+05 2.501e+02 8.449e+02
|        ( - -8.297e+02 1 0)
|        ( QUESTION2_14_L -1 -1.712e+05 2.025e+02 8.399e+02
|            ( - -5.425e+04 6 0 QUESTION0 1 1.748e+02 2.644e+02)
|            ( QUESTION2_16_L -1 -1.168e+05 2.035e+02 5.755e+02
|                ( - -2.175e+04 1 0)
|                ( - -9.482e+04 28 0 WDBNDRY_B 0 1.817e+02 4.683e+02)))))
s>    ( QUESTION7 1 -2.012e+05 3.149e+02 9.819e+02
s>        ( QUESTION0_3_R 1 -2.861e+04 2.314e+02 1.370e+02
s>            ( - -2.459e+03 2 0 QUESTION0_7_R 1 1.133e+02 1.300e+01)
s>            ( QUESTION7 -1 -2.592e+04 2.098e+02 1.240e+02
s>                ( QUESTION0_12_R 1 -7.427e+03 2.252e+02 3.700e+01
s>                    ( - -2.398e+02 1 0)
s>                    ( - -6.962e+03 4 0 QUESTION8 -1 1.693e+02 3.500e+01))
s>                ( - -1.829e+04 13 0 WDBNDRY_B 0 1.934e+02 8.703e+01)))
s>        ( QUESTION4 -1 -1.723e+05 2.501e+02 8.449e+02
s>            ( - -8.297e+02 1 0)
s>            ( QUESTION2_14_L -1 -1.712e+05 2.025e+02 8.399e+02
s>                ( - -5.425e+04 6 0 QUESTION0 1 1.748e+02 2.644e+02)
s>                ( QUESTION2_16_L -1 -1.168e+05 2.035e+02 5.755e+02
s>                    ( - -2.175e+04 1 0)
s>                    ( - -9.482e+04 28 0 WDBNDRY_B 0 1.817e+02 4.683e+02)))))INFO: dtree.c(1315): Comp split 12
INFO: dtree.c(1478): Final simple tree
|( QUESTION0_11_R 1 -2.221e+04 4.493e+02 1.072e+02
|    ( - 2.413e+02 1 0)
|    ( QUESTION0_0_R 1 -2.200e+04 2.893e+02 1.062e+02
|        ( QUESTION17 -1 -1.994e+04 2.683e+02 9.633e+01
|            ( - -7.011e+03 1 0)
|            ( QUESTION16 1 -1.266e+04 2.151e+02 6.040e+01
|                ( - -1.649e+03 1 0)
|                ( QUESTION0_5_R 1 -1.080e+04 2.105e+02 5.140e+01
|                    ( - -1.434e+03 1 0)
|                    ( WDBNDRY_E 0 -9.153e+03 1.992e+02 4.339e+01
|                        ( - -8.146e+03 4 0 QUESTION2 1 2.061e+02 3.839e+01)
|                        ( QUESTION2 1 -8.085e+02 5.770e+02 5.000e+00
|                            ( - -4.724e+02 1 0)
|                            ( - 2.409e+02 1 0))))))
|        ( - -1.766e+03 1 0)))
s>    ( QUESTION0_11_R 1 -2.221e+04 4.493e+02 1.072e+02
s>        ( - 2.413e+02 1 0)
s>        ( QUESTION0_0_R 1 -2.200e+04 2.893e+02 1.062e+02
s>            ( QUESTION17 -1 -1.994e+04 2.683e+02 9.633e+01
s>                ( - -7.011e+03 1 0)
s>                ( QUESTION16 1 -1.266e+04 2.151e+02 6.040e+01
s>                    ( - -1.649e+03 1 0)
s>                    ( QUESTION0_5_R 1 -1.080e+04 2.105e+02 5.140e+01
s>                        ( - -1.434e+03 1 0)
s>                        ( WDBNDRY_E 0 -9.153e+03 1.992e+02 4.339e+01
s>                            ( - -8.146e+03 4 0 QUESTION2 1 2.061e+02 3.839e+01)
s>                            ( QUESTION2 1 -8.085e+02 5.770e+02 5.000e+00
s>                                ( - -4.724e+02 1 0)
s>                                ( - 2.409e+02 1 0))))))
s>            ( - -1.766e+03 1 0)))INFO: dtree.c(1315): Comp split 13
INFO: dtree.c(1478): Final simple tree
|( QUESTION0_11_R 1 -2.199e+04 4.495e+02 1.062e+02
|    ( - 2.413e+02 1 0)
|    ( WDBNDRY_E 0 -2.179e+04 3.044e+02 1.052e+02
|        ( QUESTION0_0_R 1 -2.101e+04 2.910e+02 1.012e+02
|            ( QUESTION17 -1 -1.895e+04 2.781e+02 9.133e+01
|                ( - -7.011e+03 1 0)
|                ( QUESTION15 1 -1.166e+04 2.175e+02 5.540e+01
|                    ( - -1.434e+03 1 0)
|                    ( QUESTION0_5_R 1 -1.001e+04 2.159e+02 4.739e+01
|                        ( - -1.649e+03 1 0)
|                        ( QUESTION2 1 -8.146e+03 2.061e+02 3.839e+01
|                            ( - -2.416e+02 1 0)
|                            ( - -7.698e+03 3 0 QUESTION0_1_R 1 1.925e+02 3.639e+01)))))
|            ( - -1.766e+03 1 0))
|        ( - -4.724e+02 1 0)))
s>    ( QUESTION0_11_R 1 -2.199e+04 4.495e+02 1.062e+02
s>        ( - 2.413e+02 1 0)
s>        ( WDBNDRY_E 0 -2.179e+04 3.044e+02 1.052e+02
s>            ( QUESTION0_0_R 1 -2.101e+04 2.910e+02 1.012e+02
s>                ( QUESTION17 -1 -1.895e+04 2.781e+02 9.133e+01
s>                    ( - -7.011e+03 1 0)
s>                    ( QUESTION15 1 -1.166e+04 2.175e+02 5.540e+01
s>                        ( - -1.434e+03 1 0)
s>                        ( QUESTION0_5_R 1 -1.001e+04 2.159e+02 4.739e+01
s>                            ( - -1.649e+03 1 0)
s>                            ( QUESTION2 1 -8.146e+03 2.061e+02 3.839e+01
s>                                ( - -2.416e+02 1 0)
s>                                ( - -7.698e+03 3 0 QUESTION0_1_R 1 1.925e+02 3.639e+01)))))
s>                ( - -1.766e+03 1 0))
s>            ( - -4.724e+02 1 0)))INFO: dtree.c(1315): Comp split 14
INFO: dtree.c(1478): Final simple tree
|( WDBNDRY_E 0 -2.179e+04 3.044e+02 1.052e+02
|    ( QUESTION0_0_R 1 -2.101e+04 2.910e+02 1.012e+02
|        ( QUESTION17 -1 -1.895e+04 2.781e+02 9.133e+01
|            ( - -7.011e+03 1 0)
|            ( QUESTION15 1 -1.166e+04 2.175e+02 5.540e+01
|                ( - -1.434e+03 1 0)
|                ( QUESTION0_5_R 1 -1.001e+04 2.159e+02 4.739e+01
|                    ( - -1.649e+03 1 0)
|                    ( QUESTION2 1 -8.146e+03 2.061e+02 3.839e+01
|                        ( - -2.416e+02 1 0)
|                        ( QUESTION0_1_R 1 -7.698e+03 1.925e+02 3.639e+01
|                            ( - -6.826e+03 2 0)
|                            ( - -6.801e+02 1 0))))))
|        ( - -1.766e+03 1 0))
|    ( - -4.724e+02 1 0))
s>    ( WDBNDRY_E 0 -2.179e+04 3.044e+02 1.052e+02
s>        ( QUESTION0_0_R 1 -2.101e+04 2.910e+02 1.012e+02
s>            ( QUESTION17 -1 -1.895e+04 2.781e+02 9.133e+01
s>                ( - -7.011e+03 1 0)
s>                ( QUESTION15 1 -1.166e+04 2.175e+02 5.540e+01
s>                    ( - -1.434e+03 1 0)
s>                    ( QUESTION0_5_R 1 -1.001e+04 2.159e+02 4.739e+01
s>                        ( - -1.649e+03 1 0)
s>                        ( QUESTION2 1 -8.146e+03 2.061e+02 3.839e+01
s>                            ( - -2.416e+02 1 0)
s>                            ( QUESTION0_1_R 1 -7.698e+03 1.925e+02 3.639e+01
s>                                ( - -6.826e+03 2 0)
s>                                ( - -6.801e+02 1 0))))))
s>            ( - -1.766e+03 1 0))
s>        ( - -4.724e+02 1 0))INFO: dtree.c(1315): Comp split 15
INFO: dtree.c(1439): stop. leaf nodes are specific
INFO: dtree.c(1478): Final simple tree
|( QUESTION0_11_R 1 -1.883e+04 2.370e+02 9.196e+01
|    ( QUESTION0_12_R 1 -7.586e+03 1.570e+02 3.796e+01
|        ( - -4.495e+02 1 0)
|        ( - -6.980e+03 2 0))
|    ( QUESTION0_1_R 1 -1.100e+04 2.019e+02 5.400e+01
|        ( WDBNDRY_E 0 -8.539e+03 1.477e+02 4.200e+01
|            ( - -3.392e+03 3 0)
|            ( QUESTION0 1 -4.999e+03 1.420e+02 2.500e+01
|                ( - -2.041e+03 1 0)
|                ( - -2.816e+03 2 0)))
|        ( WDBNDRY_E 0 -2.262e+03 1.807e+02 1.200e+01
|            ( - -5.884e+02 1 0)
|            ( - -1.492e+03 1 0))))
s>    ( QUESTION0_11_R 1 -1.883e+04 2.370e+02 9.196e+01
s>        ( QUESTION0_12_R 1 -7.586e+03 1.570e+02 3.796e+01
s>            ( - -4.495e+02 1 0)
s>            ( - -6.980e+03 2 0))
s>        ( QUESTION0_1_R 1 -1.100e+04 2.019e+02 5.400e+01
s>            ( WDBNDRY_E 0 -8.539e+03 1.477e+02 4.200e+01
s>                ( - -3.392e+03 3 0)
s>                ( QUESTION0 1 -4.999e+03 1.420e+02 2.500e+01
s>                    ( - -2.041e+03 1 0)
s>                    ( - -2.816e+03 2 0)))
s>            ( WDBNDRY_E 0 -2.262e+03 1.807e+02 1.200e+01
s>                ( - -5.884e+02 1 0)
s>                ( - -1.492e+03 1 0))))INFO: dtree.c(1439): stop. leaf nodes are specific
INFO: dtree.c(1478): Final simple tree
|( QUESTION0 -1 -2.458e+04 2.802e+02 1.209e+02
|    ( QUESTION2_12_L -1 -1.771e+04 2.819e+02 8.742e+01
|        ( QUESTION0_1_R 1 -1.490e+04 2.230e+02 7.342e+01
|            ( WDBNDRY_E 0 -1.144e+04 1.419e+02 5.642e+01
|                ( - -4.667e+03 1 0)
|                ( - -6.631e+03 4 0))
|            ( - -3.232e+03 1 0))
|        ( - -2.538e+03 2 0))
|    ( - -6.582e+03 1 0))
s>    ( QUESTION0 -1 -2.458e+04 2.802e+02 1.209e+02
s>        ( QUESTION2_12_L -1 -1.771e+04 2.819e+02 8.742e+01
s>            ( QUESTION0_1_R 1 -1.490e+04 2.230e+02 7.342e+01
s>                ( WDBNDRY_E 0 -1.144e+04 1.419e+02 5.642e+01
s>                    ( - -4.667e+03 1 0)
s>                    ( - -6.631e+03 4 0))
s>                ( - -3.232e+03 1 0))
s>            ( - -2.538e+03 2 0))
s>        ( - -6.582e+03 1 0))INFO: dtree.c(1315): Comp split 16
INFO: dtree.c(1478): Final simple tree
|( QUESTION2 1 -2.700e+04 2.492e+02 1.290e+02
|    ( - -8.297e+02 1 0)
|    ( QUESTION7 -1 -2.592e+04 2.098e+02 1.240e+02
|        ( QUESTION0_12_R 1 -7.427e+03 2.252e+02 3.700e+01
|            ( - -2.398e+02 1 0)
|            ( - -6.962e+03 4 0 QUESTION8 -1 1.693e+02 3.500e+01))
|        ( WDBNDRY_B 0 -1.829e+04 1.934e+02 8.703e+01
|            ( - -3.713e+03 1 0)
|            ( QUESTION0 -1 -1.438e+04 1.845e+02 6.900e+01
|                ( QUESTION0_13_R 1 -1.395e+04 1.742e+02 6.700e+01
|                    ( - -2.756e+03 3 0 QUESTION2_12_L -1 1.030e+02 1.400e+01)
|                    ( QUESTION0_1_R 1 -1.102e+04 2.167e+02 5.300e+01
|                        ( - -1.061e+04 7 0 QUESTION2_12_L -1 1.577e+02 5.100e+01)
|                        ( - -1.916e+02 1 0)))
|                ( - -2.443e+02 1 0)))))
s>    ( QUESTION2 1 -2.700e+04 2.492e+02 1.290e+02
s>        ( - -8.297e+02 1 0)
s>        ( QUESTION7 -1 -2.592e+04 2.098e+02 1.240e+02
s>            ( QUESTION0_12_R 1 -7.427e+03 2.252e+02 3.700e+01
s>                ( - -2.398e+02 1 0)
s>                ( - -6.962e+03 4 0 QUESTION8 -1 1.693e+02 3.500e+01))
s>            ( WDBNDRY_B 0 -1.829e+04 1.934e+02 8.703e+01
s>                ( - -3.713e+03 1 0)
s>                ( QUESTION0 -1 -1.438e+04 1.845e+02 6.900e+01
s>                    ( QUESTION0_13_R 1 -1.395e+04 1.742e+02 6.700e+01
s>                        ( - -2.756e+03 3 0 QUESTION2_12_L -1 1.030e+02 1.400e+01)
s>                        ( QUESTION0_1_R 1 -1.102e+04 2.167e+02 5.300e+01
s>                            ( - -1.061e+04 7 0 QUESTION2_12_L -1 1.577e+02 5.100e+01)
s>                            ( - -1.916e+02 1 0)))
s>                    ( - -2.443e+02 1 0)))))INFO: dtree.c(1478): Final simple tree
|( QUESTION2_14_L -1 -1.738e+05 1.990e+02 8.529e+02
|    ( - -5.425e+04 6 0 QUESTION0 1 1.748e+02 2.644e+02)
|    ( QUESTION2_16_L -1 -1.194e+05 1.991e+02 5.885e+02
|        ( - -2.175e+04 1 0)
|        ( QUESTION2_3_L -1 -9.744e+04 1.809e+02 4.813e+02
|            ( - -5.103e+03 5 0 QUESTION0_8_R 1 1.097e+02 2.600e+01)
|            ( WDBNDRY_B 0 -9.216e+04 1.779e+02 4.553e+02
|                ( QUESTION2_12_L -1 -7.595e+04 2.027e+02 3.763e+02
|                    ( - -5.197e+04 6 0 QUESTION0 -1 1.616e+02 2.569e+02)
|                    ( - -2.378e+04 8 0 QUESTION6 -1 1.508e+02 1.194e+02))
|                ( QUESTION2 -1 -1.603e+04 4.583e+02 7.900e+01
|                    ( - 2.403e+02 1 0)
|                    ( QUESTION0 -1 -1.581e+04 1.769e+02 7.800e+01
|                        ( - -1.219e+04 9 0 QUESTION0_0_R 1 2.885e+02 6.100e+01)
|                        ( - -3.443e+03 1 0)))))))
s>    ( QUESTION2_14_L -1 -1.738e+05 1.990e+02 8.529e+02
s>        ( - -5.425e+04 6 0 QUESTION0 1 1.748e+02 2.644e+02)
s>        ( QUESTION2_16_L -1 -1.194e+05 1.991e+02 5.885e+02
s>            ( - -2.175e+04 1 0)
s>            ( QUESTION2_3_L -1 -9.744e+04 1.809e+02 4.813e+02
s>                ( - -5.103e+03 5 0 QUESTION0_8_R 1 1.097e+02 2.600e+01)
s>                ( WDBNDRY_B 0 -9.216e+04 1.779e+02 4.553e+02
s>                    ( QUESTION2_12_L -1 -7.595e+04 2.027e+02 3.763e+02
s>                        ( - -5.197e+04 6 0 QUESTION0 -1 1.616e+02 2.569e+02)
s>                        ( - -2.378e+04 8 0 QUESTION6 -1 1.508e+02 1.194e+02))
s>                    ( QUESTION2 -1 -1.603e+04 4.583e+02 7.900e+01
s>                        ( - 2.403e+02 1 0)
s>                        ( QUESTION0 -1 -1.581e+04 1.769e+02 7.800e+01
s>                            ( - -1.219e+04 9 0 QUESTION0_0_R 1 2.885e+02 6.100e+01)
s>                            ( - -3.443e+03 1 0)))))))INFO: dtree.c(1315): Comp split 17
INFO: dtree.c(1478): Final simple tree
|( QUESTION3 -1 -1.736e+05 2.078e+02 8.519e+02
|    ( - -4.630e+03 1 0)
|    ( QUESTION2_14_L -1 -1.688e+05 1.916e+02 8.269e+02
|        ( QUESTION0 1 -5.425e+04 1.748e+02 2.644e+02
|            ( - -2.146e+03 1 0)
|            ( - -5.193e+04 5 0 WDBNDRY_B 0 1.210e+02 2.529e+02))
|        ( QUESTION2_16_L -1 -1.143e+05 1.922e+02 5.625e+02
|            ( - -2.175e+04 1 0)
|            ( QUESTION2_3_L -1 -9.240e+04 1.796e+02 4.553e+02
|                ( - -5.103e+03 5 0 QUESTION0_8_R 1 1.097e+02 2.600e+01)
|                ( WDBNDRY_B 0 -8.711e+04 1.657e+02 4.293e+02
|                    ( QUESTION14 -1 -7.114e+04 1.819e+02 3.513e+02
|                        ( - -1.530e+04 5 0 QUESTION19 -1 1.671e+02 7.739e+01)
|                        ( - -5.566e+04 8 0 QUESTION8 -1 1.637e+02 2.740e+02))
|                    ( - -1.581e+04 10 0 QUESTION0 -1 1.769e+02 7.800e+01))))))
s>    ( QUESTION3 -1 -1.736e+05 2.078e+02 8.519e+02
s>        ( - -4.630e+03 1 0)
s>        ( QUESTION2_14_L -1 -1.688e+05 1.916e+02 8.269e+02
s>            ( QUESTION0 1 -5.425e+04 1.748e+02 2.644e+02
s>                ( - -2.146e+03 1 0)
s>                ( - -5.193e+04 5 0 WDBNDRY_B 0 1.210e+02 2.529e+02))
s>            ( QUESTION2_16_L -1 -1.143e+05 1.922e+02 5.625e+02
s>                ( - -2.175e+04 1 0)
s>                ( QUESTION2_3_L -1 -9.240e+04 1.796e+02 4.553e+02
s>                    ( - -5.103e+03 5 0 QUESTION0_8_R 1 1.097e+02 2.600e+01)
s>                    ( WDBNDRY_B 0 -8.711e+04 1.657e+02 4.293e+02
s>                        ( QUESTION14 -1 -7.114e+04 1.819e+02 3.513e+02
s>                            ( - -1.530e+04 5 0 QUESTION19 -1 1.671e+02 7.739e+01)
s>                            ( - -5.566e+04 8 0 QUESTION8 -1 1.637e+02 2.740e+02))
s>                        ( - -1.581e+04 10 0 QUESTION0 -1 1.769e+02 7.800e+01))))))INFO: dtree.c(1315): Comp split 18
INFO: dtree.c(1439): stop. leaf nodes are specific
INFO: dtree.c(1478): Final simple tree
|( QUESTION0 -1 -2.632e+04 2.875e+02 1.317e+02
|    ( - -1.356e+02 1 0)
|    ( QUESTION6 1 -2.590e+04 1.893e+02 1.297e+02
|        ( WDBNDRY_B 0 -1.367e+04 1.535e+02 6.999e+01
|            ( - -1.321e+04 4 0)
|            ( - -3.051e+02 2 0))
|        ( WDBNDRY_B 0 -1.204e+04 1.303e+02 5.968e+01
|            ( - -1.879e+03 1 0)
|            ( QUESTION0_1_R 1 -1.003e+04 1.259e+02 4.968e+01
|                ( - -8.573e+03 1 0)
|                ( - -1.328e+03 1 0)))))
s>    ( QUESTION0 -1 -2.632e+04 2.875e+02 1.317e+02
s>        ( - -1.356e+02 1 0)
s>        ( QUESTION6 1 -2.590e+04 1.893e+02 1.297e+02
s>            ( WDBNDRY_B 0 -1.367e+04 1.535e+02 6.999e+01
s>                ( - -1.321e+04 4 0)
s>                ( - -3.051e+02 2 0))
s>            ( WDBNDRY_B 0 -1.204e+04 1.303e+02 5.968e+01
s>                ( - -1.879e+03 1 0)
s>                ( QUESTION0_1_R 1 -1.003e+04 1.259e+02 4.968e+01
s>                    ( - -8.573e+03 1 0)
s>                    ( - -1.328e+03 1 0)))))INFO: dtree.c(1439): stop. leaf nodes are specific
INFO: dtree.c(1478): Final simple tree
|( QUESTION13 -1 -4.391e+04 2.446e+02 2.223e+02
|    ( - -2.020e+04 1 0)
|    ( QUESTION0 -1 -2.347e+04 2.229e+02 1.170e+02
|        ( - -2.305e+04 1 0)
|        ( - -1.969e+02 1 0)))
s>    ( QUESTION13 -1 -4.391e+04 2.446e+02 2.223e+02
s>        ( - -2.020e+04 1 0)
s>        ( QUESTION0 -1 -2.347e+04 2.229e+02 1.170e+02
s>            ( - -2.305e+04 1 0)
s>            ( - -1.969e+02 1 0)))INFO: dtree.c(1315): Comp split 19
INFO: dtree.c(1439): stop. leaf nodes are specific
INFO: dtree.c(1478): Final simple tree
|( QUESTION19 -1 -2.235e+04 1.565e+02 1.139e+02
|    ( - -3.179e+03 1 0)
|    ( WDBNDRY_B 0 -1.902e+04 1.553e+02 9.751e+01
|        ( QUESTION17 -1 -1.672e+04 1.534e+02 8.600e+01
|            ( QUESTION18 -1 -4.327e+03 1.445e+02 2.200e+01
|                ( - -3.428e+03 1 0)
|                ( - -7.548e+02 2 0))
|            ( QUESTION2 -1 -1.224e+04 1.188e+02 6.400e+01
|                ( - -4.630e+03 1 0)
|                ( - -7.488e+03 1 0)))
|        ( - -2.146e+03 1 0)))
s>    ( QUESTION19 -1 -2.235e+04 1.565e+02 1.139e+02
s>        ( - -3.179e+03 1 0)
s>        ( WDBNDRY_B 0 -1.902e+04 1.553e+02 9.751e+01
s>            ( QUESTION17 -1 -1.672e+04 1.534e+02 8.600e+01
s>                ( QUESTION18 -1 -4.327e+03 1.445e+02 2.200e+01
s>                    ( - -3.428e+03 1 0)
s>                    ( - -7.548e+02 2 0))
s>                ( QUESTION2 -1 -1.224e+04 1.188e+02 6.400e+01
s>                    ( - -4.630e+03 1 0)
s>                    ( - -7.488e+03 1 0)))
s>            ( - -2.146e+03 1 0)))INFO: dtree.c(1478): Final simple tree
|( QUESTION2_12_L -1 -1.510e+05 1.976e+02 7.380e+02
|    ( WDBNDRY_B 0 -6.433e+04 1.663e+02 3.179e+02
|        ( QUESTION0 -1 -5.197e+04 1.616e+02 2.569e+02
|            ( - -3.905e+04 3 0)
|            ( - -1.276e+04 3 0))
|        ( QUESTION0_0_R 1 -1.219e+04 2.885e+02 6.100e+01
|            ( - -1.836e+03 6 0 QUESTION0 1 1.088e+02 1.000e+01)
|            ( - -1.007e+04 3 0)))
|    ( QUESTION2_14_L -1 -8.643e+04 1.765e+02 4.201e+02
|        ( - -5.193e+04 5 0 WDBNDRY_B 0 1.210e+02 2.529e+02)
|        ( QUESTION14 -1 -3.432e+04 1.879e+02 1.672e+02
|            ( - -3.443e+03 1 0)
|            ( QUESTION2_3_L -1 -3.069e+04 1.604e+02 1.502e+02
|                ( - -5.103e+03 5 0 QUESTION0_8_R 1 1.097e+02 2.600e+01)
|                ( - -2.542e+04 3 0 QUESTION2 -1 1.262e+02 1.242e+02)))))
s>    ( QUESTION2_12_L -1 -1.510e+05 1.976e+02 7.380e+02
s>        ( WDBNDRY_B 0 -6.433e+04 1.663e+02 3.179e+02
s>            ( QUESTION0 -1 -5.197e+04 1.616e+02 2.569e+02
s>                ( - -3.905e+04 3 0)
s>                ( - -1.276e+04 3 0))
s>            ( QUESTION0_0_R 1 -1.219e+04 2.885e+02 6.100e+01
s>                ( - -1.836e+03 6 0 QUESTION0 1 1.088e+02 1.000e+01)
s>                ( - -1.007e+04 3 0)))
s>        ( QUESTION2_14_L -1 -8.643e+04 1.765e+02 4.201e+02
s>            ( - -5.193e+04 5 0 WDBNDRY_B 0 1.210e+02 2.529e+02)
s>            ( QUESTION14 -1 -3.432e+04 1.879e+02 1.672e+02
s>                ( - -3.443e+03 1 0)
s>                ( QUESTION2_3_L -1 -3.069e+04 1.604e+02 1.502e+02
s>                    ( - -5.103e+03 5 0 QUESTION0_8_R 1 1.097e+02 2.600e+01)
s>                    ( - -2.542e+04 3 0 QUESTION2 -1 1.262e+02 1.242e+02)))))INFO: dtree.c(1315): Comp split 20
INFO: dtree.c(1439): stop. leaf nodes are specific
INFO: dtree.c(1478): Final simple tree
|( QUESTION0 1 -1.836e+03 1.088e+02 1.000e+01
|    ( - -4.423e+02 2 0)
|    ( - -1.285e+03 4 0))
s>    ( QUESTION0 1 -1.836e+03 1.088e+02 1.000e+01
s>        ( - -4.423e+02 2 0)
s>        ( - -1.285e+03 4 0))INFO: dtree.c(1478): Final simple tree
|( QUESTION2_12_L -1 -1.488e+05 1.860e+02 7.280e+02
|    ( QUESTION0 -1 -6.218e+04 1.614e+02 3.079e+02
|        ( WDBNDRY_B 0 -4.926e+04 1.435e+02 2.434e+02
|            ( - -3.905e+04 3 0)
|            ( - -1.007e+04 3 0))
|        ( - -1.276e+04 3 0))
|    ( QUESTION2_14_L -1 -8.643e+04 1.765e+02 4.201e+02
|        ( - -5.193e+04 5 0 WDBNDRY_B 0 1.210e+02 2.529e+02)
|        ( QUESTION14 -1 -3.432e+04 1.879e+02 1.672e+02
|            ( - -3.443e+03 1 0)
|            ( QUESTION2_3_L -1 -3.069e+04 1.604e+02 1.502e+02
|                ( - -5.103e+03 5 0 QUESTION0_8_R 1 1.097e+02 2.600e+01)
|                ( QUESTION2 -1 -2.542e+04 1.262e+02 1.242e+02
|                    ( - -2.064e+03 1 0)
|                    ( - -2.323e+04 2 0 QUESTION0 -1 8.525e+01 1.142e+02))))))
s>    ( QUESTION2_12_L -1 -1.488e+05 1.860e+02 7.280e+02
s>        ( QUESTION0 -1 -6.218e+04 1.614e+02 3.079e+02
s>            ( WDBNDRY_B 0 -4.926e+04 1.435e+02 2.434e+02
s>                ( - -3.905e+04 3 0)
s>                ( - -1.007e+04 3 0))
s>            ( - -1.276e+04 3 0))
s>        ( QUESTION2_14_L -1 -8.643e+04 1.765e+02 4.201e+02
s>            ( - -5.193e+04 5 0 WDBNDRY_B 0 1.210e+02 2.529e+02)
s>            ( QUESTION14 -1 -3.432e+04 1.879e+02 1.672e+02
s>                ( - -3.443e+03 1 0)
s>                ( QUESTION2_3_L -1 -3.069e+04 1.604e+02 1.502e+02
s>                    ( - -5.103e+03 5 0 QUESTION0_8_R 1 1.097e+02 2.600e+01)
s>                    ( QUESTION2 -1 -2.542e+04 1.262e+02 1.242e+02
s>                        ( - -2.064e+03 1 0)
s>                        ( - -2.323e+04 2 0 QUESTION0 -1 8.525e+01 1.142e+02))))))INFO: dtree.c(1315): Comp split 21
INFO: dtree.c(1439): stop. leaf nodes are specific
INFO: dtree.c(1478): Final simple tree
|( QUESTION0_0_R 1 -2.101e+04 2.910e+02 1.012e+02
|    ( QUESTION17 -1 -1.895e+04 2.781e+02 9.133e+01
|        ( - -7.011e+03 1 0)
|        ( QUESTION15 1 -1.166e+04 2.175e+02 5.540e+01
|            ( - -1.434e+03 1 0)
|            ( QUESTION0_5_R 1 -1.001e+04 2.159e+02 4.739e+01
|                ( - -1.649e+03 1 0)
|                ( QUESTION2 1 -8.146e+03 2.061e+02 3.839e+01
|                    ( - -2.416e+02 1 0)
|                    ( QUESTION0_1_R 1 -7.698e+03 1.925e+02 3.639e+01
|                        ( - -6.826e+03 2 0)
|                        ( - -6.801e+02 1 0))))))
|    ( - -1.766e+03 1 0))
s>    ( QUESTION0_0_R 1 -2.101e+04 2.910e+02 1.012e+02
s>        ( QUESTION17 -1 -1.895e+04 2.781e+02 9.133e+01
s>            ( - -7.011e+03 1 0)
s>            ( QUESTION15 1 -1.166e+04 2.175e+02 5.540e+01
s>                ( - -1.434e+03 1 0)
s>                ( QUESTION0_5_R 1 -1.001e+04 2.159e+02 4.739e+01
s>                    ( - -1.649e+03 1 0)
s>                    ( QUESTION2 1 -8.146e+03 2.061e+02 3.839e+01
s>                        ( - -2.416e+02 1 0)
s>                        ( QUESTION0_1_R 1 -7.698e+03 1.925e+02 3.639e+01
s>                            ( - -6.826e+03 2 0)
s>                            ( - -6.801e+02 1 0))))))
s>        ( - -1.766e+03 1 0))INFO: dtree.c(1315): Comp split 22
INFO: dtree.c(1439): stop. leaf nodes are specific
INFO: dtree.c(1478): Final simple tree
|( QUESTION17 -1 -1.895e+04 2.781e+02 9.133e+01
|    ( - -7.011e+03 1 0)
|    ( QUESTION15 1 -1.166e+04 2.175e+02 5.540e+01
|        ( - -1.434e+03 1 0)
|        ( QUESTION0_5_R 1 -1.001e+04 2.159e+02 4.739e+01
|            ( - -1.649e+03 1 0)
|            ( QUESTION2 1 -8.146e+03 2.061e+02 3.839e+01
|                ( - -2.416e+02 1 0)
|                ( QUESTION0_1_R 1 -7.698e+03 1.925e+02 3.639e+01
|                    ( - -6.826e+03 2 0)
|                    ( - -6.801e+02 1 0))))))
s>    ( QUESTION17 -1 -1.895e+04 2.781e+02 9.133e+01
s>        ( - -7.011e+03 1 0)
s>        ( QUESTION15 1 -1.166e+04 2.175e+02 5.540e+01
s>            ( - -1.434e+03 1 0)
s>            ( QUESTION0_5_R 1 -1.001e+04 2.159e+02 4.739e+01
s>                ( - -1.649e+03 1 0)
s>                ( QUESTION2 1 -8.146e+03 2.061e+02 3.839e+01
s>                    ( - -2.416e+02 1 0)
s>                    ( QUESTION0_1_R 1 -7.698e+03 1.925e+02 3.639e+01
s>                        ( - -6.826e+03 2 0)
s>                        ( - -6.801e+02 1 0))))))INFO: dtree.c(1315): Comp split 23
INFO: dtree.c(1439): stop. leaf nodes are specific
INFO: dtree.c(1478): Final simple tree
|( QUESTION6 1 -2.590e+04 1.893e+02 1.297e+02
|    ( WDBNDRY_B 0 -1.367e+04 1.535e+02 6.999e+01
|        ( - -1.321e+04 4 0)
|        ( - -3.051e+02 2 0))
|    ( WDBNDRY_B 0 -1.204e+04 1.303e+02 5.968e+01
|        ( - -1.879e+03 1 0)
|        ( QUESTION0_1_R 1 -1.003e+04 1.259e+02 4.968e+01
|            ( - -8.573e+03 1 0)
|            ( - -1.328e+03 1 0))))
s>    ( QUESTION6 1 -2.590e+04 1.893e+02 1.297e+02
s>        ( WDBNDRY_B 0 -1.367e+04 1.535e+02 6.999e+01
s>            ( - -1.321e+04 4 0)
s>            ( - -3.051e+02 2 0))
s>        ( WDBNDRY_B 0 -1.204e+04 1.303e+02 5.968e+01
s>            ( - -1.879e+03 1 0)
s>            ( QUESTION0_1_R 1 -1.003e+04 1.259e+02 4.968e+01
s>                ( - -8.573e+03 1 0)
s>                ( - -1.328e+03 1 0))))INFO: dtree.c(1315): Comp split 24
INFO: dtree.c(1439): stop. leaf nodes are specific
INFO: dtree.c(1478): Final simple tree
|( QUESTION0_5_R 1 -1.001e+04 2.159e+02 4.739e+01
|    ( - -1.649e+03 1 0)
|    ( QUESTION2 1 -8.146e+03 2.061e+02 3.839e+01
|        ( - -2.416e+02 1 0)
|        ( QUESTION0_1_R 1 -7.698e+03 1.925e+02 3.639e+01
|            ( - -6.826e+03 2 0)
|            ( - -6.801e+02 1 0))))
s>    ( QUESTION0_5_R 1 -1.001e+04 2.159e+02 4.739e+01
s>        ( - -1.649e+03 1 0)
s>        ( QUESTION2 1 -8.146e+03 2.061e+02 3.839e+01
s>            ( - -2.416e+02 1 0)
s>            ( QUESTION0_1_R 1 -7.698e+03 1.925e+02 3.639e+01
s>                ( - -6.826e+03 2 0)
s>                ( - -6.801e+02 1 0))))INFO: dtree.c(1439): stop. leaf nodes are specific
INFO: dtree.c(1478): Final simple tree
|( QUESTION0_1_R 1 -8.658e+03 2.125e+02 4.395e+01
|    ( - -7.011e+03 1 0)
|    ( - -1.434e+03 1 0))
s>    ( QUESTION0_1_R 1 -8.658e+03 2.125e+02 4.395e+01
s>        ( - -7.011e+03 1 0)
s>        ( - -1.434e+03 1 0))INFO: dtree.c(1315): Comp split 25
INFO: dtree.c(1439): stop. leaf nodes are specific
INFO: dtree.c(1478): Final simple tree
|( WDBNDRY_B 0 -8.905e+03 2.105e+02 4.700e+01
|    ( - -5.821e+02 1 0)
|    ( QUESTION0_1_R 1 -8.112e+03 1.712e+02 4.300e+01
|        ( - -5.636e+03 1 0)
|        ( QUESTION0_3_R 1 -2.305e+03 1.473e+02 1.200e+01
|            ( - -1.415e+03 1 0)
|            ( - -7.427e+02 1 0))))
s>    ( WDBNDRY_B 0 -8.905e+03 2.105e+02 4.700e+01
s>        ( - -5.821e+02 1 0)
s>        ( QUESTION0_1_R 1 -8.112e+03 1.712e+02 4.300e+01
s>            ( - -5.636e+03 1 0)
s>            ( QUESTION0_3_R 1 -2.305e+03 1.473e+02 1.200e+01
s>                ( - -1.415e+03 1 0)
s>                ( - -7.427e+02 1 0))))INFO: dtree.c(1439): stop. leaf nodes are specific
INFO: dtree.c(1478): Final simple tree
|( WDBNDRY_B 0 -9.519e+03 2.421e+02 4.900e+01
|    ( QUESTION0_3_R 1 -8.068e+03 2.296e+02 4.200e+01
|        ( QUESTION0 -1 -7.669e+03 2.025e+02 4.000e+01
|            ( - -2.415e+03 1 0)
|            ( - -5.051e+03 1 0))
|        ( - -1.694e+02 1 0))
|    ( - -1.209e+03 1 0))
s>    ( WDBNDRY_B 0 -9.519e+03 2.421e+02 4.900e+01
s>        ( QUESTION0_3_R 1 -8.068e+03 2.296e+02 4.200e+01
s>            ( QUESTION0 -1 -7.669e+03 2.025e+02 4.000e+01
s>                ( - -2.415e+03 1 0)
s>                ( - -5.051e+03 1 0))
s>            ( - -1.694e+02 1 0))
s>        ( - -1.209e+03 1 0))INFO: dtree.c(1315): Comp split 26
INFO: dtree.c(1439): stop. leaf nodes are specific
INFO: dtree.c(1478): Final simple tree
|( QUESTION2_12_L -1 -1.771e+04 2.819e+02 8.742e+01
|    ( QUESTION0_1_R 1 -1.490e+04 2.230e+02 7.342e+01
|        ( WDBNDRY_E 0 -1.144e+04 1.419e+02 5.642e+01
|            ( - -4.667e+03 1 0)
|            ( - -6.631e+03 4 0))
|        ( - -3.232e+03 1 0))
|    ( - -2.538e+03 2 0))
s>    ( QUESTION2_12_L -1 -1.771e+04 2.819e+02 8.742e+01
s>        ( QUESTION0_1_R 1 -1.490e+04 2.230e+02 7.342e+01
s>            ( WDBNDRY_E 0 -1.144e+04 1.419e+02 5.642e+01
s>                ( - -4.667e+03 1 0)
s>                ( - -6.631e+03 4 0))
s>            ( - -3.232e+03 1 0))
s>        ( - -2.538e+03 2 0))INFO: dtree.c(1315): Comp split 27
INFO: dtree.c(1439): stop. leaf nodes are specific
INFO: dtree.c(1478): Final simple tree
|( QUESTION0_1_R 1 -1.490e+04 2.230e+02 7.342e+01
|    ( WDBNDRY_E 0 -1.144e+04 1.419e+02 5.642e+01
|        ( - -4.667e+03 1 0)
|        ( - -6.631e+03 4 0))
|    ( - -3.232e+03 1 0))
s>    ( QUESTION0_1_R 1 -1.490e+04 2.230e+02 7.342e+01
s>        ( WDBNDRY_E 0 -1.144e+04 1.419e+02 5.642e+01
s>            ( - -4.667e+03 1 0)
s>            ( - -6.631e+03 4 0))
s>        ( - -3.232e+03 1 0))INFO: dtree.c(1315): Comp split 28
INFO: dtree.c(1439): stop. leaf nodes are specific
INFO: dtree.c(1478): Final simple tree
|( WDBNDRY_B 0 -1.230e+03 2.087e+02 7.000e+00
|    ( - -8.297e+02 1 0)
|    ( - -1.916e+02 1 0))
s>    ( WDBNDRY_B 0 -1.230e+03 2.087e+02 7.000e+00
s>        ( - -8.297e+02 1 0)
s>        ( - -1.916e+02 1 0))INFO: dtree.c(1478): Final simple tree
|( QUESTION7 -1 -2.551e+04 2.093e+02 1.220e+02
|    ( QUESTION0_12_R 1 -7.427e+03 2.252e+02 3.700e+01
|        ( - -2.398e+02 1 0)
|        ( QUESTION8 -1 -6.962e+03 1.693e+02 3.500e+01
|            ( - -5.362e+03 3 0 WDBNDRY_B 0 1.263e+02 2.700e+01)
|            ( - -1.431e+03 1 0)))
|    ( WDBNDRY_B 0 -1.787e+04 1.912e+02 8.503e+01
|        ( - -3.713e+03 1 0)
|        ( QUESTION0 -1 -1.397e+04 1.850e+02 6.700e+01
|            ( QUESTION0_1_R 1 -1.354e+04 1.723e+02 6.500e+01
|                ( QUESTION2_12_L -1 -1.061e+04 1.577e+02 5.100e+01
|                    ( - -6.674e+03 5 0)
|                    ( - -3.781e+03 2 0))
|                ( - -2.756e+03 3 0 QUESTION2_12_L -1 1.030e+02 1.400e+01))
|            ( - -2.443e+02 1 0))))
s>    ( QUESTION7 -1 -2.551e+04 2.093e+02 1.220e+02
s>        ( QUESTION0_12_R 1 -7.427e+03 2.252e+02 3.700e+01
s>            ( - -2.398e+02 1 0)
s>            ( QUESTION8 -1 -6.962e+03 1.693e+02 3.500e+01
s>                ( - -5.362e+03 3 0 WDBNDRY_B 0 1.263e+02 2.700e+01)
s>                ( - -1.431e+03 1 0)))
s>        ( WDBNDRY_B 0 -1.787e+04 1.912e+02 8.503e+01
s>            ( - -3.713e+03 1 0)
s>            ( QUESTION0 -1 -1.397e+04 1.850e+02 6.700e+01
s>                ( QUESTION0_1_R 1 -1.354e+04 1.723e+02 6.500e+01
s>                    ( QUESTION2_12_L -1 -1.061e+04 1.577e+02 5.100e+01
s>                        ( - -6.674e+03 5 0)
s>                        ( - -3.781e+03 2 0))
s>                    ( - -2.756e+03 3 0 QUESTION2_12_L -1 1.030e+02 1.400e+01))
s>                ( - -2.443e+02 1 0))))INFO: dtree.c(1315): Comp split 29
INFO: dtree.c(1439): stop. leaf nodes are specific
INFO: dtree.c(1478): Final simple tree
|( WDBNDRY_B 0 -7.767e+03 1.747e+02 4.006e+01
|    ( - -7.141e+03 2 0)
|    ( - -4.509e+02 1 0))
s>    ( WDBNDRY_B 0 -7.767e+03 1.747e+02 4.006e+01
s>        ( - -7.141e+03 2 0)
s>        ( - -4.509e+02 1 0))INFO: dtree.c(1315): Comp split 30
INFO: dtree.c(1439): stop. leaf nodes are specific
INFO: dtree.c(1478): Final simple tree
|( QUESTION0 -1 -2.347e+04 2.229e+02 1.170e+02
|    ( - -2.305e+04 1 0)
|    ( - -1.969e+02 1 0))
s>    ( QUESTION0 -1 -2.347e+04 2.229e+02 1.170e+02
s>        ( - -2.305e+04 1 0)
s>        ( - -1.969e+02 1 0))INFO: dtree.c(1315): Comp split 31
INFO: dtree.c(1439): stop. leaf nodes are specific
INFO: dtree.c(1478): Final simple tree
|( QUESTION0_3_R 1 -8.068e+03 2.296e+02 4.200e+01
|    ( QUESTION0 -1 -7.669e+03 2.025e+02 4.000e+01
|        ( - -2.415e+03 1 0)
|        ( - -5.051e+03 1 0))
|    ( - -1.694e+02 1 0))
s>    ( QUESTION0_3_R 1 -8.068e+03 2.296e+02 4.200e+01
s>        ( QUESTION0 -1 -7.669e+03 2.025e+02 4.000e+01
s>            ( - -2.415e+03 1 0)
s>            ( - -5.051e+03 1 0))
s>        ( - -1.694e+02 1 0))INFO: dtree.c(1315): Comp split 32
INFO: dtree.c(1439): stop. leaf nodes are specific
INFO: dtree.c(1478): Final simple tree
|( QUESTION0_1_R 1 -1.100e+04 2.019e+02 5.400e+01
|    ( WDBNDRY_E 0 -8.539e+03 1.477e+02 4.200e+01
|        ( - -3.392e+03 3 0)
|        ( QUESTION0 1 -4.999e+03 1.420e+02 2.500e+01
|            ( - -2.041e+03 1 0)
|            ( - -2.816e+03 2 0)))
|    ( WDBNDRY_E 0 -2.262e+03 1.807e+02 1.200e+01
|        ( - -5.884e+02 1 0)
|        ( - -1.492e+03 1 0)))
s>    ( QUESTION0_1_R 1 -1.100e+04 2.019e+02 5.400e+01
s>        ( WDBNDRY_E 0 -8.539e+03 1.477e+02 4.200e+01
s>            ( - -3.392e+03 3 0)
s>            ( QUESTION0 1 -4.999e+03 1.420e+02 2.500e+01
s>                ( - -2.041e+03 1 0)
s>                ( - -2.816e+03 2 0)))
s>        ( WDBNDRY_E 0 -2.262e+03 1.807e+02 1.200e+01
s>            ( - -5.884e+02 1 0)
s>            ( - -1.492e+03 1 0)))INFO: dtree.c(1439): stop. leaf nodes are specific
INFO: dtree.c(1478): Final simple tree
|( QUESTION0_12_R 1 -7.586e+03 1.570e+02 3.796e+01
|    ( - -4.495e+02 1 0)
|    ( - -6.980e+03 2 0))
s>    ( QUESTION0_12_R 1 -7.586e+03 1.570e+02 3.796e+01
s>        ( - -4.495e+02 1 0)
s>        ( - -6.980e+03 2 0))INFO: dtree.c(1315): Comp split 33
INFO: dtree.c(1439): stop. leaf nodes are specific
INFO: dtree.c(1478): Final simple tree
|( WDBNDRY_B 0 -4.341e+03 1.546e+02 2.200e+01
|    ( - -1.431e+03 1 0)
|    ( QUESTION2_12_L -1 -2.756e+03 1.030e+02 1.400e+01
|        ( - -8.825e+02 1 0)
|        ( - -1.770e+03 2 0)))
s>    ( WDBNDRY_B 0 -4.341e+03 1.546e+02 2.200e+01
s>        ( - -1.431e+03 1 0)
s>        ( QUESTION2_12_L -1 -2.756e+03 1.030e+02 1.400e+01
s>            ( - -8.825e+02 1 0)
s>            ( - -1.770e+03 2 0)))INFO: dtree.c(1478): Final simple tree
|( QUESTION0_12_R 1 -2.094e+04 2.242e+02 1.000e+02
|    ( - -2.398e+02 1 0)
|    ( QUESTION2 -1 -2.047e+04 1.893e+02 9.803e+01
|        ( - -2.443e+02 1 0)
|        ( QUESTION0 -1 -2.004e+04 1.770e+02 9.603e+01
|            ( WDBNDRY_B 0 -1.450e+04 1.742e+02 6.903e+01
|                ( - -3.713e+03 1 0)
|                ( QUESTION2_12_L -1 -1.061e+04 1.577e+02 5.100e+01
|                    ( - -6.674e+03 5 0)
|                    ( - -3.781e+03 2 0)))
|            ( WDBNDRY_B 0 -5.362e+03 1.263e+02 2.700e+01
|                ( QUESTION0_1_R 1 -4.276e+03 1.715e+02 2.200e+01
|                    ( - -1.246e+03 1 0)
|                    ( - -2.858e+03 1 0))
|                ( - -9.593e+02 1 0)))))
s>    ( QUESTION0_12_R 1 -2.094e+04 2.242e+02 1.000e+02
s>        ( - -2.398e+02 1 0)
s>        ( QUESTION2 -1 -2.047e+04 1.893e+02 9.803e+01
s>            ( - -2.443e+02 1 0)
s>            ( QUESTION0 -1 -2.004e+04 1.770e+02 9.603e+01
s>                ( WDBNDRY_B 0 -1.450e+04 1.742e+02 6.903e+01
s>                    ( - -3.713e+03 1 0)
s>                    ( QUESTION2_12_L -1 -1.061e+04 1.577e+02 5.100e+01
s>                        ( - -6.674e+03 5 0)
s>                        ( - -3.781e+03 2 0)))
s>                ( WDBNDRY_B 0 -5.362e+03 1.263e+02 2.700e+01
s>                    ( QUESTION0_1_R 1 -4.276e+03 1.715e+02 2.200e+01
s>                        ( - -1.246e+03 1 0)
s>                        ( - -2.858e+03 1 0))
s>                    ( - -9.593e+02 1 0)))))INFO: dtree.c(1315): Comp split 34
INFO: dtree.c(1439): stop. leaf nodes are specific
INFO: dtree.c(1478): Final simple tree
|( QUESTION0 -1 -7.669e+03 2.025e+02 4.000e+01
|    ( - -2.415e+03 1 0)
|    ( - -5.051e+03 1 0))
s>    ( QUESTION0 -1 -7.669e+03 2.025e+02 4.000e+01
s>        ( - -2.415e+03 1 0)
s>        ( - -5.051e+03 1 0))INFO: dtree.c(1315): Comp split 35
INFO: dtree.c(1439): stop. leaf nodes are specific
INFO: dtree.c(1478): Final simple tree
|( QUESTION0_12_R 1 -1.946e+04 2.242e+02 9.303e+01
|    ( - -2.398e+02 1 0)
|    ( QUESTION2 -1 -1.900e+04 1.885e+02 9.103e+01
|        ( - -2.443e+02 1 0)
|        ( QUESTION2_12_L -1 -1.856e+04 1.603e+02 8.903e+01
|            ( QUESTION0 -1 -1.075e+04 1.364e+02 5.300e+01
|                ( - -6.674e+03 5 0)
|                ( WDBNDRY_B 0 -3.935e+03 1.173e+02 2.000e+01
|                    ( - -2.858e+03 1 0)
|                    ( - -9.593e+02 1 0)))
|            ( WDBNDRY_B 0 -7.659e+03 1.658e+02 3.603e+01
|                ( - -3.713e+03 1 0)
|                ( - -3.781e+03 2 0)))))
s>    ( QUESTION0_12_R 1 -1.946e+04 2.242e+02 9.303e+01
s>        ( - -2.398e+02 1 0)
s>        ( QUESTION2 -1 -1.900e+04 1.885e+02 9.103e+01
s>            ( - -2.443e+02 1 0)
s>            ( QUESTION2_12_L -1 -1.856e+04 1.603e+02 8.903e+01
s>                ( QUESTION0 -1 -1.075e+04 1.364e+02 5.300e+01
s>                    ( - -6.674e+03 5 0)
s>                    ( WDBNDRY_B 0 -3.935e+03 1.173e+02 2.000e+01
s>                        ( - -2.858e+03 1 0)
s>                        ( - -9.593e+02 1 0)))
s>                ( WDBNDRY_B 0 -7.659e+03 1.658e+02 3.603e+01
s>                    ( - -3.713e+03 1 0)
s>                    ( - -3.781e+03 2 0)))))INFO: dtree.c(1315): Comp split 36
INFO: dtree.c(1439): stop. leaf nodes are specific
INFO: dtree.c(1478): Final simple tree
|( QUESTION2 -1 -1.900e+04 1.885e+02 9.103e+01
|    ( - -2.443e+02 1 0)
|    ( QUESTION2_12_L -1 -1.856e+04 1.603e+02 8.903e+01
|        ( QUESTION0 -1 -1.075e+04 1.364e+02 5.300e+01
|            ( - -6.674e+03 5 0)
|            ( WDBNDRY_B 0 -3.935e+03 1.173e+02 2.000e+01
|                ( - -2.858e+03 1 0)
|                ( - -9.593e+02 1 0)))
|        ( WDBNDRY_B 0 -7.659e+03 1.658e+02 3.603e+01
|            ( - -3.713e+03 1 0)
|            ( - -3.781e+03 2 0))))
s>    ( QUESTION2 -1 -1.900e+04 1.885e+02 9.103e+01
s>        ( - -2.443e+02 1 0)
s>        ( QUESTION2_12_L -1 -1.856e+04 1.603e+02 8.903e+01
s>            ( QUESTION0 -1 -1.075e+04 1.364e+02 5.300e+01
s>                ( - -6.674e+03 5 0)
s>                ( WDBNDRY_B 0 -3.935e+03 1.173e+02 2.000e+01
s>                    ( - -2.858e+03 1 0)
s>                    ( - -9.593e+02 1 0)))
s>            ( WDBNDRY_B 0 -7.659e+03 1.658e+02 3.603e+01
s>                ( - -3.713e+03 1 0)
s>                ( - -3.781e+03 2 0))))INFO: dtree.c(1315): Comp split 37
INFO: dtree.c(1439): stop. leaf nodes are specific
INFO: dtree.c(1478): Final simple tree
|( WDBNDRY_E 0 -1.144e+04 1.419e+02 5.642e+01
|    ( - -4.667e+03 1 0)
|    ( - -6.631e+03 4 0))
s>    ( WDBNDRY_E 0 -1.144e+04 1.419e+02 5.642e+01
s>        ( - -4.667e+03 1 0)
s>        ( - -6.631e+03 4 0))INFO: dtree.c(1315): Comp split 38
INFO: dtree.c(1315): Comp split 39
INFO: dtree.c(1478): Final simple tree
|( QUESTION2_12_L -1 -8.283e+04 1.655e+02 4.071e+02
|    ( QUESTION0 -1 -5.197e+04 1.616e+02 2.569e+02
|        ( - -3.905e+04 3 0)
|        ( - -1.276e+04 3 0))
|    ( QUESTION2_3_L -1 -3.069e+04 1.604e+02 1.502e+02
|        ( QUESTION0_8_R 1 -5.103e+03 1.097e+02 2.600e+01
|            ( - -1.080e+03 1 0)
|            ( WDBNDRY_B 0 -3.914e+03 9.423e+01 2.000e+01
|                ( QUESTION8 -1 -2.554e+03 9.914e+01 1.300e+01
|                    ( - -9.536e+02 2 0)
|                    ( - -1.501e+03 1 0))
|                ( - -1.266e+03 1 0)))
|        ( QUESTION2 -1 -2.542e+04 1.262e+02 1.242e+02
|            ( - -2.064e+03 1 0)
|            ( - -2.323e+04 2 0 QUESTION0 -1 8.525e+01 1.142e+02))))
s>    ( QUESTION2_12_L -1 -8.283e+04 1.655e+02 4.071e+02
s>        ( QUESTION0 -1 -5.197e+04 1.616e+02 2.569e+02
s>            ( - -3.905e+04 3 0)
s>            ( - -1.276e+04 3 0))
s>        ( QUESTION2_3_L -1 -3.069e+04 1.604e+02 1.502e+02
s>            ( QUESTION0_8_R 1 -5.103e+03 1.097e+02 2.600e+01
s>                ( - -1.080e+03 1 0)
s>                ( WDBNDRY_B 0 -3.914e+03 9.423e+01 2.000e+01
s>                    ( QUESTION8 -1 -2.554e+03 9.914e+01 1.300e+01
s>                        ( - -9.536e+02 2 0)
s>                        ( - -1.501e+03 1 0))
s>                    ( - -1.266e+03 1 0)))
s>            ( QUESTION2 -1 -2.542e+04 1.262e+02 1.242e+02
s>                ( - -2.064e+03 1 0)
s>                ( - -2.323e+04 2 0 QUESTION0 -1 8.525e+01 1.142e+02))))INFO: dtree.c(1439): stop. leaf nodes are specific
INFO: dtree.c(1478): Final simple tree
|( QUESTION0 -1 -6.575e+04 1.648e+02 3.209e+02
|    ( QUESTION0_0_R 1 -6.214e+04 1.407e+02 3.039e+02
|        ( WDBNDRY_B 0 -5.193e+04 1.210e+02 2.529e+02
|            ( - -4.943e+04 2 0)
|            ( - -2.385e+03 3 0))
|        ( - -1.007e+04 3 0))
|    ( - -3.443e+03 1 0))
s>    ( QUESTION0 -1 -6.575e+04 1.648e+02 3.209e+02
s>        ( QUESTION0_0_R 1 -6.214e+04 1.407e+02 3.039e+02
s>            ( WDBNDRY_B 0 -5.193e+04 1.210e+02 2.529e+02
s>                ( - -4.943e+04 2 0)
s>                ( - -2.385e+03 3 0))
s>            ( - -1.007e+04 3 0))
s>        ( - -3.443e+03 1 0))INFO: dtree.c(1315): Comp split 40
INFO: dtree.c(1439): stop. leaf nodes are specific
INFO: dtree.c(1478): Final simple tree
|( QUESTION2 1 -8.146e+03 2.061e+02 3.839e+01
|    ( - -2.416e+02 1 0)
|    ( QUESTION0_1_R 1 -7.698e+03 1.925e+02 3.639e+01
|        ( - -6.826e+03 2 0)
|        ( - -6.801e+02 1 0)))
s>    ( QUESTION2 1 -8.146e+03 2.061e+02 3.839e+01
s>        ( - -2.416e+02 1 0)
s>        ( QUESTION0_1_R 1 -7.698e+03 1.925e+02 3.639e+01
s>            ( - -6.826e+03 2 0)
s>            ( - -6.801e+02 1 0)))INFO: dtree.c(1315): Comp split 41
INFO: dtree.c(1315): Comp split 42
INFO: dtree.c(1439): stop. leaf nodes are specific
INFO: dtree.c(1478): Final simple tree
|( QUESTION0_1_R 1 -8.112e+03 1.712e+02 4.300e+01
|    ( - -5.636e+03 1 0)
|    ( QUESTION0_3_R 1 -2.305e+03 1.473e+02 1.200e+01
|        ( - -1.415e+03 1 0)
|        ( - -7.427e+02 1 0)))
s>    ( QUESTION0_1_R 1 -8.112e+03 1.712e+02 4.300e+01
s>        ( - -5.636e+03 1 0)
s>        ( QUESTION0_3_R 1 -2.305e+03 1.473e+02 1.200e+01
s>            ( - -1.415e+03 1 0)
s>            ( - -7.427e+02 1 0)))INFO: dtree.c(1315): Comp split 43
INFO: dtree.c(1439): stop. leaf nodes are specific
INFO: dtree.c(1478): Final simple tree
|( WDBNDRY_B 0 -1.464e+04 1.563e+02 7.360e+01
|    ( - -6.232e+02 1 0)
|    ( QUESTION0_1_R 1 -1.386e+04 9.781e+01 6.960e+01
|        ( - -1.186e+04 1 0)
|        ( - -1.899e+03 1 0)))
s>    ( WDBNDRY_B 0 -1.464e+04 1.563e+02 7.360e+01
s>        ( - -6.232e+02 1 0)
s>        ( QUESTION0_1_R 1 -1.386e+04 9.781e+01 6.960e+01
s>            ( - -1.186e+04 1 0)
s>            ( - -1.899e+03 1 0)))INFO: dtree.c(1315): Comp split 44
INFO: dtree.c(1315): Comp split 45
INFO: dtree.c(1439): stop. leaf nodes are specific
INFO: dtree.c(1478): Final simple tree
|( QUESTION0_1_R 1 -7.698e+03 1.925e+02 3.639e+01
|    ( - -6.826e+03 2 0)
|    ( - -6.801e+02 1 0))
s>    ( QUESTION0_1_R 1 -7.698e+03 1.925e+02 3.639e+01
s>        ( - -6.826e+03 2 0)
s>        ( - -6.801e+02 1 0))INFO: dtree.c(1315): Comp split 46
INFO: dtree.c(1315): Comp split 47
INFO: dtree.c(1439): stop. leaf nodes are specific
INFO: dtree.c(1478): Final simple tree
|( QUESTION6 1 -1.248e+04 1.408e+02 6.168e+01
|    ( - -3.051e+02 2 0)
|    ( WDBNDRY_B 0 -1.204e+04 1.303e+02 5.968e+01
|        ( - -1.879e+03 1 0)
|        ( QUESTION0_1_R 1 -1.003e+04 1.259e+02 4.968e+01
|            ( - -8.573e+03 1 0)
|            ( - -1.328e+03 1 0))))
s>    ( QUESTION6 1 -1.248e+04 1.408e+02 6.168e+01
s>        ( - -3.051e+02 2 0)
s>        ( WDBNDRY_B 0 -1.204e+04 1.303e+02 5.968e+01
s>            ( - -1.879e+03 1 0)
s>            ( QUESTION0_1_R 1 -1.003e+04 1.259e+02 4.968e+01
s>                ( - -8.573e+03 1 0)
s>                ( - -1.328e+03 1 0))))INFO: dtree.c(1315): Comp split 48
INFO: dtree.c(1439): stop. leaf nodes are specific
INFO: dtree.c(1478): Final simple tree
|( WDBNDRY_E 0 -8.539e+03 1.477e+02 4.200e+01
|    ( - -3.392e+03 3 0)
|    ( QUESTION0 1 -4.999e+03 1.420e+02 2.500e+01
|        ( - -2.041e+03 1 0)
|        ( - -2.816e+03 2 0)))
s>    ( WDBNDRY_E 0 -8.539e+03 1.477e+02 4.200e+01
s>        ( - -3.392e+03 3 0)
s>        ( QUESTION0 1 -4.999e+03 1.420e+02 2.500e+01
s>            ( - -2.041e+03 1 0)
s>            ( - -2.816e+03 2 0)))INFO: dtree.c(1439): stop. leaf nodes are specific
INFO: dtree.c(1478): Final simple tree
|( WDBNDRY_E 0 -2.262e+03 1.807e+02 1.200e+01
|    ( - -5.884e+02 1 0)
|    ( - -1.492e+03 1 0))
s>    ( WDBNDRY_E 0 -2.262e+03 1.807e+02 1.200e+01
s>        ( - -5.884e+02 1 0)
s>        ( - -1.492e+03 1 0))INFO: dtree.c(1315): Comp split 49
INFO: dtree.c(1439): stop. leaf nodes are specific
INFO: dtree.c(1478): Final simple tree
|( QUESTION2_12_L -1 -3.938e+04 1.536e+02 1.937e+02
|    ( - -1.276e+04 3 0)
|    ( QUESTION0 -1 -2.646e+04 1.309e+02 1.292e+02
|        ( - -2.175e+04 1 0)
|        ( QUESTION2 -1 -4.587e+03 9.118e+01 2.202e+01
|            ( - -2.064e+03 1 0)
|            ( QUESTION8 -1 -2.431e+03 7.733e+01 1.200e+01
|                ( - -9.536e+02 2 0)
|                ( - -1.400e+03 1 0)))))
s>    ( QUESTION2_12_L -1 -3.938e+04 1.536e+02 1.937e+02
s>        ( - -1.276e+04 3 0)
s>        ( QUESTION0 -1 -2.646e+04 1.309e+02 1.292e+02
s>            ( - -2.175e+04 1 0)
s>            ( QUESTION2 -1 -4.587e+03 9.118e+01 2.202e+01
s>                ( - -2.064e+03 1 0)
s>                ( QUESTION8 -1 -2.431e+03 7.733e+01 1.200e+01
s>                    ( - -9.536e+02 2 0)
s>                    ( - -1.400e+03 1 0)))))INFO: dtree.c(1439): stop. leaf nodes are specific
INFO: dtree.c(1478): Final simple tree
|( QUESTION0 -1 -4.325e+04 1.667e+02 2.134e+02
|    ( - -3.905e+04 3 0)
|    ( QUESTION0_8_R 1 -4.034e+03 1.029e+02 2.100e+01
|        ( - -1.080e+03 1 0)
|        ( WDBNDRY_B 0 -2.852e+03 8.485e+01 1.500e+01
|            ( - -1.501e+03 1 0)
|            ( - -1.266e+03 1 0))))
s>    ( QUESTION0 -1 -4.325e+04 1.667e+02 2.134e+02
s>        ( - -3.905e+04 3 0)
s>        ( QUESTION0_8_R 1 -4.034e+03 1.029e+02 2.100e+01
s>            ( - -1.080e+03 1 0)
s>            ( WDBNDRY_B 0 -2.852e+03 8.485e+01 1.500e+01
s>                ( - -1.501e+03 1 0)
s>                ( - -1.266e+03 1 0))))INFO: dtree.c(1315): Comp split 50
INFO: dtree.c(1315): Comp split 51
INFO: dtree.c(1439): stop. leaf nodes are specific
INFO: dtree.c(1478): Final simple tree
|( WDBNDRY_B 0 -9.654e+03 1.224e+02 4.800e+01
|    ( - -2.858e+03 1 0)
|    ( - -6.674e+03 5 0))
s>    ( WDBNDRY_B 0 -9.654e+03 1.224e+02 4.800e+01
s>        ( - -2.858e+03 1 0)
s>        ( - -6.674e+03 5 0))INFO: dtree.c(1439): stop. leaf nodes are specific
INFO: dtree.c(1478): Final simple tree
|( QUESTION2 -1 -9.151e+03 1.881e+02 4.303e+01
|    ( - -2.443e+02 1 0)
|    ( WDBNDRY_B 0 -8.718e+03 1.609e+02 4.103e+01
|        ( - -3.713e+03 1 0)
|        ( QUESTION0 -1 -4.844e+03 1.044e+02 2.300e+01
|            ( - -3.781e+03 2 0)
|            ( - -9.593e+02 1 0))))
s>    ( QUESTION2 -1 -9.151e+03 1.881e+02 4.303e+01
s>        ( - -2.443e+02 1 0)
s>        ( WDBNDRY_B 0 -8.718e+03 1.609e+02 4.103e+01
s>            ( - -3.713e+03 1 0)
s>            ( QUESTION0 -1 -4.844e+03 1.044e+02 2.300e+01
s>                ( - -3.781e+03 2 0)
s>                ( - -9.593e+02 1 0))))INFO: dtree.c(1315): Comp split 52
INFO: dtree.c(1439): stop. leaf nodes are specific
INFO: dtree.c(1478): Final simple tree
|( WDBNDRY_B 0 -8.718e+03 1.609e+02 4.103e+01
|    ( - -3.713e+03 1 0)
|    ( QUESTION0 -1 -4.844e+03 1.044e+02 2.300e+01
|        ( - -3.781e+03 2 0)
|        ( - -9.593e+02 1 0)))
s>    ( WDBNDRY_B 0 -8.718e+03 1.609e+02 4.103e+01
s>        ( - -3.713e+03 1 0)
s>        ( QUESTION0 -1 -4.844e+03 1.044e+02 2.300e+01
s>            ( - -3.781e+03 2 0)
s>            ( - -9.593e+02 1 0)))INFO: dtree.c(1315): Comp split 53
INFO: dtree.c(1439): stop. leaf nodes are specific
INFO: dtree.c(1478): Final simple tree
|( QUESTION2 -1 -1.224e+04 1.188e+02 6.400e+01
|    ( - -4.630e+03 1 0)
|    ( - -7.488e+03 1 0))
s>    ( QUESTION2 -1 -1.224e+04 1.188e+02 6.400e+01
s>        ( - -4.630e+03 1 0)
s>        ( - -7.488e+03 1 0))INFO: dtree.c(1439): stop. leaf nodes are specific
INFO: dtree.c(1478): Final simple tree
|( QUESTION19 -1 -9.932e+03 1.427e+02 4.989e+01
|    ( - -3.179e+03 1 0)
|    ( WDBNDRY_B 0 -6.610e+03 1.375e+02 3.351e+01
|        ( QUESTION18 -1 -4.327e+03 1.445e+02 2.200e+01
|            ( - -3.428e+03 1 0)
|            ( - -7.548e+02 2 0))
|        ( - -2.146e+03 1 0)))
s>    ( QUESTION19 -1 -9.932e+03 1.427e+02 4.989e+01
s>        ( - -3.179e+03 1 0)
s>        ( WDBNDRY_B 0 -6.610e+03 1.375e+02 3.351e+01
s>            ( QUESTION18 -1 -4.327e+03 1.445e+02 2.200e+01
s>                ( - -3.428e+03 1 0)
s>                ( - -7.548e+02 2 0))
s>            ( - -2.146e+03 1 0)))INFO: dtree.c(1315): Comp split 54
INFO: dtree.c(1315): Comp split 55
INFO: dtree.c(1315): Comp split 56
INFO: dtree.c(1439): stop. leaf nodes are specific
INFO: dtree.c(1478): Final simple tree
|( QUESTION0_3_R 1 -2.305e+03 1.473e+02 1.200e+01
|    ( - -1.415e+03 1 0)
|    ( - -7.427e+02 1 0))
s>    ( QUESTION0_3_R 1 -2.305e+03 1.473e+02 1.200e+01
s>        ( - -1.415e+03 1 0)
s>        ( - -7.427e+02 1 0))INFO: dtree.c(1315): Comp split 57
INFO: dtree.c(1439): stop. leaf nodes are specific
INFO: dtree.c(1478): Final simple tree
|( QUESTION6 1 -3.740e+03 1.442e+02 1.900e+01
|    ( - -3.051e+02 2 0)
|    ( WDBNDRY_B 0 -3.291e+03 8.324e+01 1.700e+01
|        ( - -1.879e+03 1 0)
|        ( - -1.328e+03 1 0)))
s>    ( QUESTION6 1 -3.740e+03 1.442e+02 1.900e+01
s>        ( - -3.051e+02 2 0)
s>        ( WDBNDRY_B 0 -3.291e+03 8.324e+01 1.700e+01
s>            ( - -1.879e+03 1 0)
s>            ( - -1.328e+03 1 0)))INFO: dtree.c(1315): Comp split 58
INFO: dtree.c(1439): stop. leaf nodes are specific
INFO: dtree.c(1478): Final simple tree
|( QUESTION0_8_R 1 -4.034e+03 1.029e+02 2.100e+01
|    ( - -1.080e+03 1 0)
|    ( WDBNDRY_B 0 -2.852e+03 8.485e+01 1.500e+01
|        ( - -1.501e+03 1 0)
|        ( - -1.266e+03 1 0)))
s>    ( QUESTION0_8_R 1 -4.034e+03 1.029e+02 2.100e+01
s>        ( - -1.080e+03 1 0)
s>        ( WDBNDRY_B 0 -2.852e+03 8.485e+01 1.500e+01
s>            ( - -1.501e+03 1 0)
s>            ( - -1.266e+03 1 0)))INFO: dtree.c(1315): Comp split 59
INFO: dtree.c(1439): stop. leaf nodes are specific
INFO: dtree.c(1478): Final simple tree
|( QUESTION0_0_R 1 -6.214e+04 1.407e+02 3.039e+02
|    ( WDBNDRY_B 0 -5.193e+04 1.210e+02 2.529e+02
|        ( - -4.943e+04 2 0)
|        ( - -2.385e+03 3 0))
|    ( - -1.007e+04 3 0))
s>    ( QUESTION0_0_R 1 -6.214e+04 1.407e+02 3.039e+02
s>        ( WDBNDRY_B 0 -5.193e+04 1.210e+02 2.529e+02
s>            ( - -4.943e+04 2 0)
s>            ( - -2.385e+03 3 0))
s>        ( - -1.007e+04 3 0))INFO: dtree.c(1315): Comp split 60
INFO: dtree.c(1439): stop. leaf nodes are specific
INFO: dtree.c(1478): Final simple tree
|( QUESTION0 -1 -4.844e+03 1.044e+02 2.300e+01
|    ( - -3.781e+03 2 0)
|    ( - -9.593e+02 1 0))
s>    ( QUESTION0 -1 -4.844e+03 1.044e+02 2.300e+01
s>        ( - -3.781e+03 2 0)
s>        ( - -9.593e+02 1 0))INFO: dtree.c(1315): Comp split 61
INFO: dtree.c(1315): Comp split 62
INFO: dtree.c(1439): stop. leaf nodes are specific
INFO: dtree.c(1478): Final simple tree
|( QUESTION0_1_R 1 -1.386e+04 9.781e+01 6.960e+01
|    ( - -1.186e+04 1 0)
|    ( - -1.899e+03 1 0))
s>    ( QUESTION0_1_R 1 -1.386e+04 9.781e+01 6.960e+01
s>        ( - -1.186e+04 1 0)
s>        ( - -1.899e+03 1 0))INFO: dtree.c(1315): Comp split 63
INFO: dtree.c(1439): stop. leaf nodes are specific
INFO: dtree.c(1478): Final simple tree
|( WDBNDRY_B 0 -6.350e+03 1.294e+02 3.189e+01
|    ( QUESTION18 -1 -4.074e+03 1.406e+02 2.039e+01
|        ( - -3.179e+03 1 0)
|        ( - -7.548e+02 2 0))
|    ( - -2.146e+03 1 0))
s>    ( WDBNDRY_B 0 -6.350e+03 1.294e+02 3.189e+01
s>        ( QUESTION18 -1 -4.074e+03 1.406e+02 2.039e+01
s>            ( - -3.179e+03 1 0)
s>            ( - -7.548e+02 2 0))
s>        ( - -2.146e+03 1 0))INFO: dtree.c(1315): Comp split 64
INFO: dtree.c(1439): stop. leaf nodes are specific
INFO: dtree.c(1478): Final simple tree
|( QUESTION2_12_L -1 -2.756e+03 1.030e+02 1.400e+01
|    ( - -8.825e+02 1 0)
|    ( - -1.770e+03 2 0))
s>    ( QUESTION2_12_L -1 -2.756e+03 1.030e+02 1.400e+01
s>        ( - -8.825e+02 1 0)
s>        ( - -1.770e+03 2 0))INFO: dtree.c(1315): Comp split 65
INFO: dtree.c(1439): stop. leaf nodes are specific
INFO: dtree.c(1478): Final simple tree
|( QUESTION0 -1 -2.646e+04 1.309e+02 1.292e+02
|    ( - -2.175e+04 1 0)
|    ( QUESTION2 -1 -4.587e+03 9.118e+01 2.202e+01
|        ( - -2.064e+03 1 0)
|        ( QUESTION8 -1 -2.431e+03 7.733e+01 1.200e+01
|            ( - -9.536e+02 2 0)
|            ( - -1.400e+03 1 0))))
s>    ( QUESTION0 -1 -2.646e+04 1.309e+02 1.292e+02
s>        ( - -2.175e+04 1 0)
s>        ( QUESTION2 -1 -4.587e+03 9.118e+01 2.202e+01
s>            ( - -2.064e+03 1 0)
s>            ( QUESTION8 -1 -2.431e+03 7.733e+01 1.200e+01
s>                ( - -9.536e+02 2 0)
s>                ( - -1.400e+03 1 0))))INFO: dtree.c(1315): Comp split 66
INFO: dtree.c(1439): stop. leaf nodes are specific
INFO: dtree.c(1478): Final simple tree
|( QUESTION0 1 -4.999e+03 1.420e+02 2.500e+01
|    ( - -2.041e+03 1 0)
|    ( - -2.816e+03 2 0))
s>    ( QUESTION0 1 -4.999e+03 1.420e+02 2.500e+01
s>        ( - -2.041e+03 1 0)
s>        ( - -2.816e+03 2 0))INFO: dtree.c(1315): Comp split 67
INFO: dtree.c(1315): Comp split 68
INFO: dtree.c(1439): stop. leaf nodes are specific
INFO: dtree.c(1478): Final simple tree
|( WDBNDRY_B 0 -3.291e+03 8.324e+01 1.700e+01
|    ( - -1.879e+03 1 0)
|    ( - -1.328e+03 1 0))
s>    ( WDBNDRY_B 0 -3.291e+03 8.324e+01 1.700e+01
s>        ( - -1.879e+03 1 0)
s>        ( - -1.328e+03 1 0))INFO: dtree.c(1315): Comp split 69
INFO: dtree.c(1315): Comp split 70
INFO: dtree.c(1315): Comp split 71
INFO: dtree.c(1439): stop. leaf nodes are specific
INFO: dtree.c(1478): Final simple tree
|( WDBNDRY_B 0 -5.193e+04 1.210e+02 2.529e+02
|    ( - -4.943e+04 2 0)
|    ( - -2.385e+03 3 0))
s>    ( WDBNDRY_B 0 -5.193e+04 1.210e+02 2.529e+02
s>        ( - -4.943e+04 2 0)
s>        ( - -2.385e+03 3 0))INFO: dtree.c(1315): Comp split 72
INFO: dtree.c(1439): stop. leaf nodes are specific
INFO: dtree.c(1478): Final simple tree
|( WDBNDRY_B 0 -5.461e+03 1.360e+02 2.789e+01
|    ( - -3.179e+03 1 0)
|    ( - -2.146e+03 1 0))
s>    ( WDBNDRY_B 0 -5.461e+03 1.360e+02 2.789e+01
s>        ( - -3.179e+03 1 0)
s>        ( - -2.146e+03 1 0))INFO: dtree.c(1315): Comp split 73
INFO: dtree.c(1315): Comp split 74
INFO: dtree.c(1439): stop. leaf nodes are specific
INFO: dtree.c(1478): Final simple tree
|( QUESTION2 -1 -4.587e+03 9.118e+01 2.202e+01
|    ( - -2.064e+03 1 0)
|    ( QUESTION8 -1 -2.431e+03 7.733e+01 1.200e+01
|        ( - -9.536e+02 2 0)
|        ( - -1.400e+03 1 0)))
s>    ( QUESTION2 -1 -4.587e+03 9.118e+01 2.202e+01
s>        ( - -2.064e+03 1 0)
s>        ( QUESTION8 -1 -2.431e+03 7.733e+01 1.200e+01
s>            ( - -9.536e+02 2 0)
s>            ( - -1.400e+03 1 0)))INFO: dtree.c(1315): Comp split 75
INFO: dtree.c(1315): Comp split 76
INFO: dtree.c(1315): Comp split 77
INFO: dtree.c(1315): Comp split 78
INFO: dtree.c(1315): Comp split 79
INFO: dtree.c(1315): Comp split 80
INFO: dtree.c(1315): Comp split 81
INFO: dtree.c(1439): stop. leaf nodes are specific
INFO: dtree.c(1478): Final simple tree
|( WDBNDRY_B 0 -2.852e+03 8.485e+01 1.500e+01
|    ( - -1.501e+03 1 0)
|    ( - -1.266e+03 1 0))
s>    ( WDBNDRY_B 0 -2.852e+03 8.485e+01 1.500e+01
s>        ( - -1.501e+03 1 0)
s>        ( - -1.266e+03 1 0))INFO: dtree.c(1315): Comp split 82
INFO: dtree.c(1315): Comp split 83
INFO: dtree.c(1439): stop. leaf nodes are specific
INFO: dtree.c(1478): Final simple tree
|( QUESTION8 -1 -2.431e+03 7.733e+01 1.200e+01
|    ( - -9.536e+02 2 0)
|    ( - -1.400e+03 1 0))
s>    ( QUESTION8 -1 -2.431e+03 7.733e+01 1.200e+01
s>        ( - -9.536e+02 2 0)
s>        ( - -1.400e+03 1 0))INFO: dtree.c(1315): Comp split 84
INFO: dtree.c(1315): Comp split 85
INFO: dtree.c(1315): Comp split 86
INFO: dtree.c(1315): Comp split 87
INFO: dtree.c(1318): stop. leaf nodes are specific
!!!!!!!!Allocated 68 lines
Fri Apr  8 18:33:08 2016
