Current configuration:
[NAME]		[DEFLT]	[VALUE]
-allphones	no	no
-cntthresh	0.00001	1.000000e-05
-csplitmax	100	2000
-csplitmin	1	1
-csplitthr	8e-4	0.000000e+00
-example	no	no
-fullvar	no	no
-help		no	no
-meanfn			/home/yaroslav/model/model_parameters/ua.cd_cont_untied/means
-mixwfn			/home/yaroslav/model/model_parameters/ua.cd_cont_untied/mixture_weights
-moddeffn		/home/yaroslav/model/model_architecture/ua.untied.mdef
-mwfloor	1e-4	1.000000e-08
-phone			GG
-psetfn			/home/yaroslav/model/model_architecture/ua.tree_questions
-ssplitmax	5	7
-ssplitmin	1	1
-ssplitthr	8e-4	0.000000e+00
-state			1
-stwt			1.0,0.05,0.0,
-treefn			/home/yaroslav/model/trees/ua.unpruned/GG-1.dtree
-ts2cbfn	.semi.	.cont.
-varfloor	0.00001	1.000000e-05
-varfn			/home/yaroslav/model/model_parameters/ua.cd_cont_untied/variances

INFO: main.c(223): Reading: /home/yaroslav/model/model_architecture/ua.untied.mdef
INFO: model_def_io.c(573): Model definition info:
INFO: model_def_io.c(574): 9365 total models defined (51 base, 9314 tri)
INFO: model_def_io.c(575): 37460 total states
INFO: model_def_io.c(576): 28095 total tied states
INFO: model_def_io.c(577): 153 total tied CI states
INFO: model_def_io.c(578): 51 total tied transition matrices
INFO: model_def_io.c(579): 4 max state/model
INFO: model_def_io.c(580): 4 min state/model
INFO: main.c(242): Building trees for [GG A І b] through [GG ZH І b]
INFO: main.c(269): Covering states |[6819 6842]| == 24
INFO: main.c(275): Reading: /home/yaroslav/model/model_parameters/ua.cd_cont_untied/mixture_weights
INFO: s3mixw_io.c(173): Read /home/yaroslav/model/model_parameters/ua.cd_cont_untied/mixture_weights [24x1x1 array]
INFO: main.c(311): 8 of 8 models have observation count greater than 0.000010
INFO: main.c(95): nrm stwt: 0.045 0.909 0.045 
INFO: s3gau_io.c(169): Read /home/yaroslav/model/model_parameters/ua.cd_cont_untied/means [28095x1x1 array]
INFO: s3gau_io.c(169): Read /home/yaroslav/model/model_parameters/ua.cd_cont_untied/variances [28095x1x1 array]
INFO: main.c(549): Reading: /home/yaroslav/model/model_architecture/ua.tree_questions
INFO: main.c(588): 180 total simple questions (172 phone; 8 word bndry)
INFO: main.c(590): 42 Left Only questions, and 42 Right Only questions
INFO: dtree.c(1439): stop. leaf nodes are specific
INFO: dtree.c(1478): Final simple tree
|( QUESTION13 -1 -3.515e+04 3.017e+02 1.872e+02
|    ( - -1.360e+04 1 0)
|    ( QUESTION2_15_L -1 -2.124e+04 2.007e+02 1.113e+02
|        ( - -3.594e+02 1 0)
|        ( QUESTION0 -1 -2.068e+04 1.810e+02 1.083e+02
|            ( WDBNDRY_B 0 -1.993e+04 1.664e+02 1.043e+02
|                ( QUESTION2_12_L -1 -2.094e+03 2.362e+02 1.200e+01
|                    ( - -1.177e+03 1 0)
|                    ( - -6.817e+02 2 0))
|                ( QUESTION2_12_L -1 -1.767e+04 1.792e+02 9.233e+01
|                    ( - -1.727e+04 1 0)
|                    ( - -2.210e+02 1 0)))
|            ( - -5.687e+02 1 0))))
s>    ( QUESTION13 -1 -3.515e+04 3.017e+02 1.872e+02
s>        ( - -1.360e+04 1 0)
s>        ( QUESTION2_15_L -1 -2.124e+04 2.007e+02 1.113e+02
s>            ( - -3.594e+02 1 0)
s>            ( QUESTION0 -1 -2.068e+04 1.810e+02 1.083e+02
s>                ( WDBNDRY_B 0 -1.993e+04 1.664e+02 1.043e+02
s>                    ( QUESTION2_12_L -1 -2.094e+03 2.362e+02 1.200e+01
s>                        ( - -1.177e+03 1 0)
s>                        ( - -6.817e+02 2 0))
s>                    ( QUESTION2_12_L -1 -1.767e+04 1.792e+02 9.233e+01
s>                        ( - -1.727e+04 1 0)
s>                        ( - -2.210e+02 1 0)))
s>                ( - -5.687e+02 1 0))))INFO: dtree.c(1315): Comp split 0
INFO: dtree.c(1439): stop. leaf nodes are specific
INFO: dtree.c(1478): Final simple tree
|( QUESTION2_15_L -1 -1.904e+04 2.009e+02 9.933e+01
|    ( - -3.594e+02 1 0)
|    ( QUESTION2_12_L -1 -1.848e+04 1.465e+02 9.633e+01
|        ( - -1.727e+04 1 0)
|        ( WDBNDRY_B 0 -1.057e+03 1.545e+02 6.000e+00
|            ( - -6.817e+02 2 0)
|            ( - -2.210e+02 1 0))))
s>    ( QUESTION2_15_L -1 -1.904e+04 2.009e+02 9.933e+01
s>        ( - -3.594e+02 1 0)
s>        ( QUESTION2_12_L -1 -1.848e+04 1.465e+02 9.633e+01
s>            ( - -1.727e+04 1 0)
s>            ( WDBNDRY_B 0 -1.057e+03 1.545e+02 6.000e+00
s>                ( - -6.817e+02 2 0)
s>                ( - -2.210e+02 1 0))))INFO: dtree.c(1439): stop. leaf nodes are specific
INFO: dtree.c(1478): Final simple tree
|( QUESTION0 -1 -1.581e+04 2.774e+02 8.791e+01
|    ( - -1.177e+03 1 0)
|    ( WDBNDRY_B 0 -1.435e+04 1.827e+02 7.991e+01
|        ( - -5.687e+02 1 0)
|        ( - -1.360e+04 1 0)))
s>    ( QUESTION0 -1 -1.581e+04 2.774e+02 8.791e+01
s>        ( - -1.177e+03 1 0)
s>        ( WDBNDRY_B 0 -1.435e+04 1.827e+02 7.991e+01
s>            ( - -5.687e+02 1 0)
s>            ( - -1.360e+04 1 0)))INFO: dtree.c(1315): Comp split 1
INFO: dtree.c(1439): stop. leaf nodes are specific
INFO: dtree.c(1478): Final simple tree
|( WDBNDRY_B 0 -1.435e+04 1.827e+02 7.991e+01
|    ( - -5.687e+02 1 0)
|    ( - -1.360e+04 1 0))
s>    ( WDBNDRY_B 0 -1.435e+04 1.827e+02 7.991e+01
s>        ( - -5.687e+02 1 0)
s>        ( - -1.360e+04 1 0))INFO: dtree.c(1315): Comp split 2
INFO: dtree.c(1439): stop. leaf nodes are specific
INFO: dtree.c(1478): Final simple tree
|( QUESTION2_12_L -1 -1.848e+04 1.465e+02 9.633e+01
|    ( - -1.727e+04 1 0)
|    ( WDBNDRY_B 0 -1.057e+03 1.545e+02 6.000e+00
|        ( - -6.817e+02 2 0)
|        ( - -2.210e+02 1 0)))
s>    ( QUESTION2_12_L -1 -1.848e+04 1.465e+02 9.633e+01
s>        ( - -1.727e+04 1 0)
s>        ( WDBNDRY_B 0 -1.057e+03 1.545e+02 6.000e+00
s>            ( - -6.817e+02 2 0)
s>            ( - -2.210e+02 1 0)))INFO: dtree.c(1315): Comp split 3
INFO: dtree.c(1315): Comp split 4
INFO: dtree.c(1439): stop. leaf nodes are specific
INFO: dtree.c(1478): Final simple tree
|( WDBNDRY_B 0 -1.808e+04 1.234e+02 9.433e+01
|    ( - -6.817e+02 2 0)
|    ( - -1.727e+04 1 0))
s>    ( WDBNDRY_B 0 -1.808e+04 1.234e+02 9.433e+01
s>        ( - -6.817e+02 2 0)
s>        ( - -1.727e+04 1 0))INFO: dtree.c(1315): Comp split 5
INFO: dtree.c(1315): Comp split 6
INFO: dtree.c(1318): stop. leaf nodes are specific
!!!!!!!!Allocated 68 lines
Fri Apr  8 18:31:08 2016
