Current configuration:
[NAME]		[DEFLT]	[VALUE]
-allphones	no	no
-cntthresh	0.00001	1.000000e-05
-csplitmax	100	2000
-csplitmin	1	1
-csplitthr	8e-4	0.000000e+00
-example	no	no
-fullvar	no	no
-help		no	no
-meanfn			/home/yaroslav/model/model_parameters/ua.cd_cont_untied/means
-mixwfn			/home/yaroslav/model/model_parameters/ua.cd_cont_untied/mixture_weights
-moddeffn		/home/yaroslav/model/model_architecture/ua.untied.mdef
-mwfloor	1e-4	1.000000e-08
-phone			C
-psetfn			/home/yaroslav/model/model_architecture/ua.tree_questions
-ssplitmax	5	7
-ssplitmin	1	1
-ssplitthr	8e-4	0.000000e+00
-state			2
-stwt			1.0,0.05,0.0,
-treefn			/home/yaroslav/model/trees/ua.unpruned/C-2.dtree
-ts2cbfn	.semi.	.cont.
-varfloor	0.00001	1.000000e-05
-varfn			/home/yaroslav/model/model_parameters/ua.cd_cont_untied/variances

INFO: main.c(223): Reading: /home/yaroslav/model/model_architecture/ua.untied.mdef
INFO: model_def_io.c(573): Model definition info:
INFO: model_def_io.c(574): 9391 total models defined (51 base, 9340 tri)
INFO: model_def_io.c(575): 37564 total states
INFO: model_def_io.c(576): 28173 total tied states
INFO: model_def_io.c(577): 153 total tied CI states
INFO: model_def_io.c(578): 51 total tied transition matrices
INFO: model_def_io.c(579): 4 max state/model
INFO: model_def_io.c(580): 4 min state/model
INFO: main.c(242): Building trees for [C A A i] through [C І Y i]
INFO: main.c(269): Covering states |[3276 3362]| == 87
INFO: main.c(275): Reading: /home/yaroslav/model/model_parameters/ua.cd_cont_untied/mixture_weights
INFO: s3mixw_io.c(173): Read /home/yaroslav/model/model_parameters/ua.cd_cont_untied/mixture_weights [87x1x1 array]
INFO: main.c(311): 27 of 29 models have observation count greater than 0.000010
INFO: main.c(95): nrm stwt: 0.000 0.048 0.952 
INFO: s3gau_io.c(169): Read /home/yaroslav/model/model_parameters/ua.cd_cont_untied/means [28173x1x1 array]
INFO: s3gau_io.c(169): Read /home/yaroslav/model/model_parameters/ua.cd_cont_untied/variances [28173x1x1 array]
INFO: main.c(549): Reading: /home/yaroslav/model/model_architecture/ua.tree_questions
INFO: main.c(588): 174 total simple questions (166 phone; 8 word bndry)
INFO: main.c(590): 40 Left Only questions, and 42 Right Only questions
INFO: dtree.c(1478): Final simple tree
|( QUESTION7 -1 -1.720e+04 3.278e+02 2.184e+02
|    ( - 2.290e+02 1 0)
|    ( QUESTION0_9_R 1 -1.710e+04 3.219e+02 2.174e+02
|        ( - 2.325e+02 1 0)
|        ( QUESTION19 -1 -1.701e+04 2.708e+02 2.164e+02
|            ( WDBNDRY_B 0 -1.095e+04 3.411e+02 1.409e+02
|                ( QUESTION10 1 -7.074e+03 3.250e+02 9.292e+01
|                    ( - -6.978e+03 5 0)
|                    ( - 2.286e+02 1 0))
|                ( QUESTION10 1 -3.535e+03 1.900e+02 4.803e+01
|                    ( - -3.352e+03 2 0 QUESTION0_0_R 1 1.523e+02 4.603e+01)
|                    ( - 6.308e+00 1 0)))
|            ( QUESTION2_1_L -1 -5.790e+03 3.109e+02 7.541e+01
|                ( - 2.278e+02 1 0)
|                ( - -5.706e+03 15 0 QUESTION2_7_L -1 1.814e+02 7.441e+01)))))
s>    ( QUESTION7 -1 -1.720e+04 3.278e+02 2.184e+02
s>        ( - 2.290e+02 1 0)
s>        ( QUESTION0_9_R 1 -1.710e+04 3.219e+02 2.174e+02
s>            ( - 2.325e+02 1 0)
s>            ( QUESTION19 -1 -1.701e+04 2.708e+02 2.164e+02
s>                ( WDBNDRY_B 0 -1.095e+04 3.411e+02 1.409e+02
s>                    ( QUESTION10 1 -7.074e+03 3.250e+02 9.292e+01
s>                        ( - -6.978e+03 5 0)
s>                        ( - 2.286e+02 1 0))
s>                    ( QUESTION10 1 -3.535e+03 1.900e+02 4.803e+01
s>                        ( - -3.352e+03 2 0 QUESTION0_0_R 1 1.523e+02 4.603e+01)
s>                        ( - 6.308e+00 1 0)))
s>                ( QUESTION2_1_L -1 -5.790e+03 3.109e+02 7.541e+01
s>                    ( - 2.278e+02 1 0)
s>                    ( - -5.706e+03 15 0 QUESTION2_7_L -1 1.814e+02 7.441e+01)))))INFO: dtree.c(1315): Comp split 0
INFO: dtree.c(1439): stop. leaf nodes are specific
INFO: dtree.c(1478): Final simple tree
|( QUESTION0_0_R 1 -3.352e+03 1.523e+02 4.603e+01
|    ( - -1.774e+03 1 0)
|    ( - -1.425e+03 1 0))
s>    ( QUESTION0_0_R 1 -3.352e+03 1.523e+02 4.603e+01
s>        ( - -1.774e+03 1 0)
s>        ( - -1.425e+03 1 0))INFO: dtree.c(1478): Final simple tree
|( QUESTION7 -1 -1.346e+04 3.304e+02 1.723e+02
|    ( - 2.290e+02 1 0)
|    ( QUESTION0_0_R 1 -1.336e+04 3.245e+02 1.713e+02
|        ( - 2.325e+02 1 0)
|        ( QUESTION19 -1 -1.327e+04 2.374e+02 1.703e+02
|            ( WDBNDRY_B 0 -7.239e+03 1.715e+02 9.492e+01
|                ( - -7.074e+03 6 0 QUESTION10 1 3.250e+02 9.292e+01)
|                ( - 6.308e+00 1 0))
|            ( QUESTION2_1_L -1 -5.790e+03 3.109e+02 7.541e+01
|                ( - 2.278e+02 1 0)
|                ( QUESTION2_7_L -1 -5.706e+03 1.814e+02 7.441e+01
|                    ( - 2.948e+01 1 0)
|                    ( QUESTION6 -1 -5.554e+03 1.804e+02 7.241e+01
|                        ( - -1.307e+01 1 0)
|                        ( - -5.361e+03 13 0 QUESTION2_12_L -1 1.590e+02 7.041e+01)))))))
s>    ( QUESTION7 -1 -1.346e+04 3.304e+02 1.723e+02
s>        ( - 2.290e+02 1 0)
s>        ( QUESTION0_0_R 1 -1.336e+04 3.245e+02 1.713e+02
s>            ( - 2.325e+02 1 0)
s>            ( QUESTION19 -1 -1.327e+04 2.374e+02 1.703e+02
s>                ( WDBNDRY_B 0 -7.239e+03 1.715e+02 9.492e+01
s>                    ( - -7.074e+03 6 0 QUESTION10 1 3.250e+02 9.292e+01)
s>                    ( - 6.308e+00 1 0))
s>                ( QUESTION2_1_L -1 -5.790e+03 3.109e+02 7.541e+01
s>                    ( - 2.278e+02 1 0)
s>                    ( QUESTION2_7_L -1 -5.706e+03 1.814e+02 7.441e+01
s>                        ( - 2.948e+01 1 0)
s>                        ( QUESTION6 -1 -5.554e+03 1.804e+02 7.241e+01
s>                            ( - -1.307e+01 1 0)
s>                            ( - -5.361e+03 13 0 QUESTION2_12_L -1 1.590e+02 7.041e+01)))))))INFO: dtree.c(1315): Comp split 1
INFO: dtree.c(1478): Final simple tree
|( QUESTION0_0_R 1 -1.336e+04 3.245e+02 1.713e+02
|    ( - 2.325e+02 1 0)
|    ( QUESTION19 -1 -1.327e+04 2.374e+02 1.703e+02
|        ( WDBNDRY_B 0 -7.239e+03 1.715e+02 9.492e+01
|            ( QUESTION10 1 -7.074e+03 3.250e+02 9.292e+01
|                ( - -6.978e+03 5 0)
|                ( - 2.286e+02 1 0))
|            ( - 6.308e+00 1 0))
|        ( QUESTION2_1_L -1 -5.790e+03 3.109e+02 7.541e+01
|            ( - 2.278e+02 1 0)
|            ( QUESTION2_7_L -1 -5.706e+03 1.814e+02 7.441e+01
|                ( - 2.948e+01 1 0)
|                ( QUESTION6 -1 -5.554e+03 1.804e+02 7.241e+01
|                    ( - -1.307e+01 1 0)
|                    ( - -5.361e+03 13 0 QUESTION2_12_L -1 1.590e+02 7.041e+01))))))
s>    ( QUESTION0_0_R 1 -1.336e+04 3.245e+02 1.713e+02
s>        ( - 2.325e+02 1 0)
s>        ( QUESTION19 -1 -1.327e+04 2.374e+02 1.703e+02
s>            ( WDBNDRY_B 0 -7.239e+03 1.715e+02 9.492e+01
s>                ( QUESTION10 1 -7.074e+03 3.250e+02 9.292e+01
s>                    ( - -6.978e+03 5 0)
s>                    ( - 2.286e+02 1 0))
s>                ( - 6.308e+00 1 0))
s>            ( QUESTION2_1_L -1 -5.790e+03 3.109e+02 7.541e+01
s>                ( - 2.278e+02 1 0)
s>                ( QUESTION2_7_L -1 -5.706e+03 1.814e+02 7.441e+01
s>                    ( - 2.948e+01 1 0)
s>                    ( QUESTION6 -1 -5.554e+03 1.804e+02 7.241e+01
s>                        ( - -1.307e+01 1 0)
s>                        ( - -5.361e+03 13 0 QUESTION2_12_L -1 1.590e+02 7.041e+01))))))INFO: dtree.c(1315): Comp split 2
INFO: dtree.c(1478): Final simple tree
|( QUESTION19 -1 -1.327e+04 2.374e+02 1.703e+02
|    ( WDBNDRY_B 0 -7.239e+03 1.715e+02 9.492e+01
|        ( QUESTION10 1 -7.074e+03 3.250e+02 9.292e+01
|            ( - -6.978e+03 5 0)
|            ( - 2.286e+02 1 0))
|        ( - 6.308e+00 1 0))
|    ( QUESTION2_1_L -1 -5.790e+03 3.109e+02 7.541e+01
|        ( - 2.278e+02 1 0)
|        ( QUESTION2_7_L -1 -5.706e+03 1.814e+02 7.441e+01
|            ( - 2.948e+01 1 0)
|            ( QUESTION6 -1 -5.554e+03 1.804e+02 7.241e+01
|                ( - -1.307e+01 1 0)
|                ( QUESTION2_12_L -1 -5.361e+03 1.590e+02 7.041e+01
|                    ( - -3.739e+02 3 0 WDBNDRY_B 0 1.226e+02 7.000e+00)
|                    ( - -4.828e+03 10 0 QUESTION2_0_L -1 1.423e+02 6.341e+01))))))
s>    ( QUESTION19 -1 -1.327e+04 2.374e+02 1.703e+02
s>        ( WDBNDRY_B 0 -7.239e+03 1.715e+02 9.492e+01
s>            ( QUESTION10 1 -7.074e+03 3.250e+02 9.292e+01
s>                ( - -6.978e+03 5 0)
s>                ( - 2.286e+02 1 0))
s>            ( - 6.308e+00 1 0))
s>        ( QUESTION2_1_L -1 -5.790e+03 3.109e+02 7.541e+01
s>            ( - 2.278e+02 1 0)
s>            ( QUESTION2_7_L -1 -5.706e+03 1.814e+02 7.441e+01
s>                ( - 2.948e+01 1 0)
s>                ( QUESTION6 -1 -5.554e+03 1.804e+02 7.241e+01
s>                    ( - -1.307e+01 1 0)
s>                    ( QUESTION2_12_L -1 -5.361e+03 1.590e+02 7.041e+01
s>                        ( - -3.739e+02 3 0 WDBNDRY_B 0 1.226e+02 7.000e+00)
s>                        ( - -4.828e+03 10 0 QUESTION2_0_L -1 1.423e+02 6.341e+01))))))INFO: dtree.c(1315): Comp split 3
INFO: dtree.c(1478): Final simple tree
|( QUESTION19 -1 -1.318e+04 2.431e+02 1.693e+02
|    ( WDBNDRY_B 0 -7.144e+03 1.723e+02 9.392e+01
|        ( - -6.978e+03 5 0)
|        ( - 6.308e+00 1 0))
|    ( QUESTION2_1_L -1 -5.790e+03 3.109e+02 7.541e+01
|        ( - 2.278e+02 1 0)
|        ( QUESTION2_7_L -1 -5.706e+03 1.814e+02 7.441e+01
|            ( - 2.948e+01 1 0)
|            ( QUESTION6 -1 -5.554e+03 1.804e+02 7.241e+01
|                ( - -1.307e+01 1 0)
|                ( QUESTION2_12_L -1 -5.361e+03 1.590e+02 7.041e+01
|                    ( - -3.739e+02 3 0 WDBNDRY_B 0 1.226e+02 7.000e+00)
|                    ( QUESTION2_0_L -1 -4.828e+03 1.423e+02 6.341e+01
|                        ( - -1.698e+03 3 0 WDBNDRY_B 0 2.571e+02 2.489e+01)
|                        ( - -2.988e+03 7 0 QUESTION12 -1 1.270e+02 3.852e+01)))))))
s>    ( QUESTION19 -1 -1.318e+04 2.431e+02 1.693e+02
s>        ( WDBNDRY_B 0 -7.144e+03 1.723e+02 9.392e+01
s>            ( - -6.978e+03 5 0)
s>            ( - 6.308e+00 1 0))
s>        ( QUESTION2_1_L -1 -5.790e+03 3.109e+02 7.541e+01
s>            ( - 2.278e+02 1 0)
s>            ( QUESTION2_7_L -1 -5.706e+03 1.814e+02 7.441e+01
s>                ( - 2.948e+01 1 0)
s>                ( QUESTION6 -1 -5.554e+03 1.804e+02 7.241e+01
s>                    ( - -1.307e+01 1 0)
s>                    ( QUESTION2_12_L -1 -5.361e+03 1.590e+02 7.041e+01
s>                        ( - -3.739e+02 3 0 WDBNDRY_B 0 1.226e+02 7.000e+00)
s>                        ( QUESTION2_0_L -1 -4.828e+03 1.423e+02 6.341e+01
s>                            ( - -1.698e+03 3 0 WDBNDRY_B 0 2.571e+02 2.489e+01)
s>                            ( - -2.988e+03 7 0 QUESTION12 -1 1.270e+02 3.852e+01)))))))INFO: dtree.c(1315): Comp split 4
INFO: dtree.c(1478): Final simple tree
|( QUESTION19 -1 -1.309e+04 2.402e+02 1.683e+02
|    ( WDBNDRY_B 0 -7.144e+03 1.723e+02 9.392e+01
|        ( - -6.978e+03 5 0)
|        ( - 6.308e+00 1 0))
|    ( QUESTION2_7_L -1 -5.706e+03 1.814e+02 7.441e+01
|        ( - 2.948e+01 1 0)
|        ( QUESTION6 -1 -5.554e+03 1.804e+02 7.241e+01
|            ( - -1.307e+01 1 0)
|            ( QUESTION2_12_L -1 -5.361e+03 1.590e+02 7.041e+01
|                ( - -3.739e+02 3 0 WDBNDRY_B 0 1.226e+02 7.000e+00)
|                ( QUESTION2_0_L -1 -4.828e+03 1.423e+02 6.341e+01
|                    ( WDBNDRY_B 0 -1.698e+03 2.571e+02 2.489e+01
|                        ( - -1.486e+03 2 0)
|                        ( - 4.518e+01 1 0))
|                    ( - -2.988e+03 7 0 QUESTION12 -1 1.270e+02 3.852e+01))))))
s>    ( QUESTION19 -1 -1.309e+04 2.402e+02 1.683e+02
s>        ( WDBNDRY_B 0 -7.144e+03 1.723e+02 9.392e+01
s>            ( - -6.978e+03 5 0)
s>            ( - 6.308e+00 1 0))
s>        ( QUESTION2_7_L -1 -5.706e+03 1.814e+02 7.441e+01
s>            ( - 2.948e+01 1 0)
s>            ( QUESTION6 -1 -5.554e+03 1.804e+02 7.241e+01
s>                ( - -1.307e+01 1 0)
s>                ( QUESTION2_12_L -1 -5.361e+03 1.590e+02 7.041e+01
s>                    ( - -3.739e+02 3 0 WDBNDRY_B 0 1.226e+02 7.000e+00)
s>                    ( QUESTION2_0_L -1 -4.828e+03 1.423e+02 6.341e+01
s>                        ( WDBNDRY_B 0 -1.698e+03 2.571e+02 2.489e+01
s>                            ( - -1.486e+03 2 0)
s>                            ( - 4.518e+01 1 0))
s>                        ( - -2.988e+03 7 0 QUESTION12 -1 1.270e+02 3.852e+01))))))INFO: dtree.c(1315): Comp split 5
INFO: dtree.c(1439): stop. leaf nodes are specific
INFO: dtree.c(1478): Final simple tree
|( QUESTION1 -1 -2.268e+03 1.693e+02 3.389e+01
|    ( - 2.948e+01 1 0)
|    ( QUESTION10 1 -2.128e+03 1.472e+02 3.189e+01
|        ( QUESTION2_0_L -1 -1.987e+03 1.273e+02 2.989e+01
|            ( - -1.486e+03 2 0)
|            ( WDBNDRY_B 0 -3.739e+02 1.226e+02 7.000e+00
|                ( - -2.326e+02 2 0)
|                ( - -1.876e+01 1 0)))
|        ( - 6.308e+00 1 0)))
s>    ( QUESTION1 -1 -2.268e+03 1.693e+02 3.389e+01
s>        ( - 2.948e+01 1 0)
s>        ( QUESTION10 1 -2.128e+03 1.472e+02 3.189e+01
s>            ( QUESTION2_0_L -1 -1.987e+03 1.273e+02 2.989e+01
s>                ( - -1.486e+03 2 0)
s>                ( WDBNDRY_B 0 -3.739e+02 1.226e+02 7.000e+00
s>                    ( - -2.326e+02 2 0)
s>                    ( - -1.876e+01 1 0)))
s>            ( - 6.308e+00 1 0)))INFO: dtree.c(1478): Final simple tree
|( QUESTION2_2_L -1 -1.054e+04 2.341e+02 1.344e+02
|    ( - 4.518e+01 1 0)
|    ( QUESTION19 -1 -1.035e+04 1.881e+02 1.324e+02
|        ( - -6.978e+03 5 0)
|        ( QUESTION2 -1 -3.180e+03 1.798e+02 4.052e+01
|            ( - -1.307e+01 1 0)
|            ( QUESTION12 -1 -2.988e+03 1.270e+02 3.852e+01
|                ( WDBNDRY_B 0 -1.310e+03 3.694e+02 1.797e+01
|                    ( - -1.171e+03 1 0)
|                    ( - 2.298e+02 1 0))
|                ( WDBNDRY_B 0 -1.550e+03 1.499e+02 2.055e+01
|                    ( QUESTION0 -1 -1.469e+02 3.791e+02 3.000e+00
|                        ( - 2.309e+02 1 0)
|                        ( - 1.335e+00 1 0))
|                    ( - -1.254e+03 3 0 QUESTION0 -1 8.492e+01 1.755e+01))))))
s>    ( QUESTION2_2_L -1 -1.054e+04 2.341e+02 1.344e+02
s>        ( - 4.518e+01 1 0)
s>        ( QUESTION19 -1 -1.035e+04 1.881e+02 1.324e+02
s>            ( - -6.978e+03 5 0)
s>            ( QUESTION2 -1 -3.180e+03 1.798e+02 4.052e+01
s>                ( - -1.307e+01 1 0)
s>                ( QUESTION12 -1 -2.988e+03 1.270e+02 3.852e+01
s>                    ( WDBNDRY_B 0 -1.310e+03 3.694e+02 1.797e+01
s>                        ( - -1.171e+03 1 0)
s>                        ( - 2.298e+02 1 0))
s>                    ( WDBNDRY_B 0 -1.550e+03 1.499e+02 2.055e+01
s>                        ( QUESTION0 -1 -1.469e+02 3.791e+02 3.000e+00
s>                            ( - 2.309e+02 1 0)
s>                            ( - 1.335e+00 1 0))
s>                        ( - -1.254e+03 3 0 QUESTION0 -1 8.492e+01 1.755e+01))))))INFO: dtree.c(1315): Comp split 6
INFO: dtree.c(1478): Final simple tree
|( QUESTION2_2_L -1 -1.042e+04 2.341e+02 1.334e+02
|    ( - 4.518e+01 1 0)
|    ( QUESTION12 -1 -1.023e+04 1.884e+02 1.314e+02
|        ( WDBNDRY_B 0 -1.310e+03 3.694e+02 1.797e+01
|            ( - -1.171e+03 1 0)
|            ( - 2.298e+02 1 0))
|        ( QUESTION2 -1 -8.734e+03 1.840e+02 1.135e+02
|            ( - -1.307e+01 1 0)
|            ( QUESTION19 -1 -8.537e+03 1.278e+02 1.115e+02
|                ( - -6.978e+03 5 0)
|                ( WDBNDRY_B 0 -1.432e+03 1.795e+02 1.955e+01
|                    ( - 1.335e+00 1 0)
|                    ( QUESTION0 -1 -1.254e+03 8.492e+01 1.755e+01
|                        ( - -4.362e+02 1 0)
|                        ( - -7.324e+02 2 0)))))))
s>    ( QUESTION2_2_L -1 -1.042e+04 2.341e+02 1.334e+02
s>        ( - 4.518e+01 1 0)
s>        ( QUESTION12 -1 -1.023e+04 1.884e+02 1.314e+02
s>            ( WDBNDRY_B 0 -1.310e+03 3.694e+02 1.797e+01
s>                ( - -1.171e+03 1 0)
s>                ( - 2.298e+02 1 0))
s>            ( QUESTION2 -1 -8.734e+03 1.840e+02 1.135e+02
s>                ( - -1.307e+01 1 0)
s>                ( QUESTION19 -1 -8.537e+03 1.278e+02 1.115e+02
s>                    ( - -6.978e+03 5 0)
s>                    ( WDBNDRY_B 0 -1.432e+03 1.795e+02 1.955e+01
s>                        ( - 1.335e+00 1 0)
s>                        ( QUESTION0 -1 -1.254e+03 8.492e+01 1.755e+01
s>                            ( - -4.362e+02 1 0)
s>                            ( - -7.324e+02 2 0)))))))INFO: dtree.c(1315): Comp split 7
INFO: dtree.c(1439): stop. leaf nodes are specific
INFO: dtree.c(1478): Final simple tree
|( QUESTION2_2_L -1 -1.031e+04 2.342e+02 1.324e+02
|    ( - 4.518e+01 1 0)
|    ( QUESTION12 -1 -1.012e+04 2.145e+02 1.304e+02
|        ( - -1.171e+03 1 0)
|        ( QUESTION2 -1 -8.734e+03 1.840e+02 1.135e+02
|            ( - -1.307e+01 1 0)
|            ( QUESTION19 -1 -8.537e+03 1.278e+02 1.115e+02
|                ( - -6.978e+03 5 0)
|                ( WDBNDRY_B 0 -1.432e+03 1.795e+02 1.955e+01
|                    ( - 1.335e+00 1 0)
|                    ( QUESTION0 -1 -1.254e+03 8.492e+01 1.755e+01
|                        ( - -4.362e+02 1 0)
|                        ( - -7.324e+02 2 0)))))))
s>    ( QUESTION2_2_L -1 -1.031e+04 2.342e+02 1.324e+02
s>        ( - 4.518e+01 1 0)
s>        ( QUESTION12 -1 -1.012e+04 2.145e+02 1.304e+02
s>            ( - -1.171e+03 1 0)
s>            ( QUESTION2 -1 -8.734e+03 1.840e+02 1.135e+02
s>                ( - -1.307e+01 1 0)
s>                ( QUESTION19 -1 -8.537e+03 1.278e+02 1.115e+02
s>                    ( - -6.978e+03 5 0)
s>                    ( WDBNDRY_B 0 -1.432e+03 1.795e+02 1.955e+01
s>                        ( - 1.335e+00 1 0)
s>                        ( QUESTION0 -1 -1.254e+03 8.492e+01 1.755e+01
s>                            ( - -4.362e+02 1 0)
s>                            ( - -7.324e+02 2 0)))))))INFO: dtree.c(1315): Comp split 8
INFO: dtree.c(1439): stop. leaf nodes are specific
INFO: dtree.c(1478): Final simple tree
|( QUESTION12 -1 -1.012e+04 2.145e+02 1.304e+02
|    ( - -1.171e+03 1 0)
|    ( QUESTION2 -1 -8.734e+03 1.840e+02 1.135e+02
|        ( - -1.307e+01 1 0)
|        ( QUESTION19 -1 -8.537e+03 1.278e+02 1.115e+02
|            ( - -6.978e+03 5 0)
|            ( WDBNDRY_B 0 -1.432e+03 1.795e+02 1.955e+01
|                ( - 1.335e+00 1 0)
|                ( QUESTION0 -1 -1.254e+03 8.492e+01 1.755e+01
|                    ( - -4.362e+02 1 0)
|                    ( - -7.324e+02 2 0))))))
s>    ( QUESTION12 -1 -1.012e+04 2.145e+02 1.304e+02
s>        ( - -1.171e+03 1 0)
s>        ( QUESTION2 -1 -8.734e+03 1.840e+02 1.135e+02
s>            ( - -1.307e+01 1 0)
s>            ( QUESTION19 -1 -8.537e+03 1.278e+02 1.115e+02
s>                ( - -6.978e+03 5 0)
s>                ( WDBNDRY_B 0 -1.432e+03 1.795e+02 1.955e+01
s>                    ( - 1.335e+00 1 0)
s>                    ( QUESTION0 -1 -1.254e+03 8.492e+01 1.755e+01
s>                        ( - -4.362e+02 1 0)
s>                        ( - -7.324e+02 2 0))))))INFO: dtree.c(1315): Comp split 9
INFO: dtree.c(1439): stop. leaf nodes are specific
INFO: dtree.c(1478): Final simple tree
|( QUESTION2 -1 -8.734e+03 1.840e+02 1.135e+02
|    ( - -1.307e+01 1 0)
|    ( QUESTION19 -1 -8.537e+03 1.278e+02 1.115e+02
|        ( - -6.978e+03 5 0)
|        ( WDBNDRY_B 0 -1.432e+03 1.795e+02 1.955e+01
|            ( - 1.335e+00 1 0)
|            ( QUESTION0 -1 -1.254e+03 8.492e+01 1.755e+01
|                ( - -4.362e+02 1 0)
|                ( - -7.324e+02 2 0)))))
s>    ( QUESTION2 -1 -8.734e+03 1.840e+02 1.135e+02
s>        ( - -1.307e+01 1 0)
s>        ( QUESTION19 -1 -8.537e+03 1.278e+02 1.115e+02
s>            ( - -6.978e+03 5 0)
s>            ( WDBNDRY_B 0 -1.432e+03 1.795e+02 1.955e+01
s>                ( - 1.335e+00 1 0)
s>                ( QUESTION0 -1 -1.254e+03 8.492e+01 1.755e+01
s>                    ( - -4.362e+02 1 0)
s>                    ( - -7.324e+02 2 0)))))INFO: dtree.c(1315): Comp split 10
INFO: dtree.c(1439): stop. leaf nodes are specific
INFO: dtree.c(1478): Final simple tree
|( QUESTION19 -1 -8.537e+03 1.278e+02 1.115e+02
|    ( - -6.978e+03 5 0)
|    ( WDBNDRY_B 0 -1.432e+03 1.795e+02 1.955e+01
|        ( - 1.335e+00 1 0)
|        ( QUESTION0 -1 -1.254e+03 8.492e+01 1.755e+01
|            ( - -4.362e+02 1 0)
|            ( - -7.324e+02 2 0))))
s>    ( QUESTION19 -1 -8.537e+03 1.278e+02 1.115e+02
s>        ( - -6.978e+03 5 0)
s>        ( WDBNDRY_B 0 -1.432e+03 1.795e+02 1.955e+01
s>            ( - 1.335e+00 1 0)
s>            ( QUESTION0 -1 -1.254e+03 8.492e+01 1.755e+01
s>                ( - -4.362e+02 1 0)
s>                ( - -7.324e+02 2 0))))INFO: dtree.c(1315): Comp split 11
INFO: dtree.c(1439): stop. leaf nodes are specific
INFO: dtree.c(1478): Final simple tree
|( WDBNDRY_B 0 -8.358e+03 1.267e+02 1.095e+02
|    ( - -6.978e+03 5 0)
|    ( QUESTION0 -1 -1.254e+03 8.492e+01 1.755e+01
|        ( - -4.362e+02 1 0)
|        ( - -7.324e+02 2 0)))
s>    ( WDBNDRY_B 0 -8.358e+03 1.267e+02 1.095e+02
s>        ( - -6.978e+03 5 0)
s>        ( QUESTION0 -1 -1.254e+03 8.492e+01 1.755e+01
s>            ( - -4.362e+02 1 0)
s>            ( - -7.324e+02 2 0)))INFO: dtree.c(1315): Comp split 12
INFO: dtree.c(1439): stop. leaf nodes are specific
INFO: dtree.c(1478): Final simple tree
|( QUESTION10 1 -2.128e+03 1.472e+02 3.189e+01
|    ( QUESTION2_0_L -1 -1.987e+03 1.273e+02 2.989e+01
|        ( - -1.486e+03 2 0)
|        ( WDBNDRY_B 0 -3.739e+02 1.226e+02 7.000e+00
|            ( - -2.326e+02 2 0)
|            ( - -1.876e+01 1 0)))
|    ( - 6.308e+00 1 0))
s>    ( QUESTION10 1 -2.128e+03 1.472e+02 3.189e+01
s>        ( QUESTION2_0_L -1 -1.987e+03 1.273e+02 2.989e+01
s>            ( - -1.486e+03 2 0)
s>            ( WDBNDRY_B 0 -3.739e+02 1.226e+02 7.000e+00
s>                ( - -2.326e+02 2 0)
s>                ( - -1.876e+01 1 0)))
s>        ( - 6.308e+00 1 0))INFO: dtree.c(1315): Comp split 13
INFO: dtree.c(1315): Comp split 14
INFO: dtree.c(1439): stop. leaf nodes are specific
INFO: dtree.c(1478): Final simple tree
|( QUESTION2_0_L -1 -1.987e+03 1.273e+02 2.989e+01
|    ( - -1.486e+03 2 0)
|    ( WDBNDRY_B 0 -3.739e+02 1.226e+02 7.000e+00
|        ( - -2.326e+02 2 0)
|        ( - -1.876e+01 1 0)))
s>    ( QUESTION2_0_L -1 -1.987e+03 1.273e+02 2.989e+01
s>        ( - -1.486e+03 2 0)
s>        ( WDBNDRY_B 0 -3.739e+02 1.226e+02 7.000e+00
s>            ( - -2.326e+02 2 0)
s>            ( - -1.876e+01 1 0)))INFO: dtree.c(1315): Comp split 15
INFO: dtree.c(1439): stop. leaf nodes are specific
INFO: dtree.c(1478): Final simple tree
|( WDBNDRY_B 0 -3.739e+02 1.226e+02 7.000e+00
|    ( - -2.326e+02 2 0)
|    ( - -1.876e+01 1 0))
s>    ( WDBNDRY_B 0 -3.739e+02 1.226e+02 7.000e+00
s>        ( - -2.326e+02 2 0)
s>        ( - -1.876e+01 1 0))INFO: dtree.c(1315): Comp split 16
INFO: dtree.c(1439): stop. leaf nodes are specific
INFO: dtree.c(1478): Final simple tree
|( QUESTION0 -1 -1.254e+03 8.492e+01 1.755e+01
|    ( - -4.362e+02 1 0)
|    ( - -7.324e+02 2 0))
s>    ( QUESTION0 -1 -1.254e+03 8.492e+01 1.755e+01
s>        ( - -4.362e+02 1 0)
s>        ( - -7.324e+02 2 0))INFO: dtree.c(1315): Comp split 17
INFO: dtree.c(1315): Comp split 18
INFO: dtree.c(1315): Comp split 19
INFO: dtree.c(1318): stop. leaf nodes are specific
!!!!!!!!Allocated 66 lines
Fri Apr  8 23:08:17 2016
