Current configuration:
[NAME]		[DEFLT]	[VALUE]
-allphones	no	no
-cntthresh	0.00001	1.000000e-05
-csplitmax	100	2000
-csplitmin	1	1
-csplitthr	8e-4	0.000000e+00
-example	no	no
-fullvar	no	no
-help		no	no
-meanfn			/home/yaroslav/model/model_parameters/ua.cd_cont_untied/means
-mixwfn			/home/yaroslav/model/model_parameters/ua.cd_cont_untied/mixture_weights
-moddeffn		/home/yaroslav/model/model_architecture/ua.untied.mdef
-mwfloor	1e-4	1.000000e-08
-phone			ZH
-psetfn			/home/yaroslav/model/model_architecture/ua.tree_questions
-ssplitmax	5	7
-ssplitmin	1	1
-ssplitthr	8e-4	0.000000e+00
-state			1
-stwt			1.0,0.05,0.0,
-treefn			/home/yaroslav/model/trees/ua.unpruned/ZH-1.dtree
-ts2cbfn	.semi.	.cont.
-varfloor	0.00001	1.000000e-05
-varfn			/home/yaroslav/model/model_parameters/ua.cd_cont_untied/variances

INFO: main.c(223): Reading: /home/yaroslav/model/model_architecture/ua.untied.mdef
INFO: model_def_io.c(573): Model definition info:
INFO: model_def_io.c(574): 8408 total models defined (50 base, 8358 tri)
INFO: model_def_io.c(575): 33632 total states
INFO: model_def_io.c(576): 25224 total tied states
INFO: model_def_io.c(577): 150 total tied CI states
INFO: model_def_io.c(578): 50 total tied transition matrices
INFO: model_def_io.c(579): 4 max state/model
INFO: model_def_io.c(580): 4 min state/model
INFO: main.c(242): Building trees for [ZH A A b] through [ZH Z Y b]
INFO: main.c(269): Covering states |[24834 25178]| == 345
INFO: main.c(275): Reading: /home/yaroslav/model/model_parameters/ua.cd_cont_untied/mixture_weights
INFO: s3mixw_io.c(173): Read /home/yaroslav/model/model_parameters/ua.cd_cont_untied/mixture_weights [345x1x1 array]
INFO: main.c(311): 115 of 115 models have observation count greater than 0.000010
INFO: main.c(95): nrm stwt: 0.045 0.909 0.045 
INFO: s3gau_io.c(169): Read /home/yaroslav/model/model_parameters/ua.cd_cont_untied/means [25224x1x1 array]
INFO: s3gau_io.c(169): Read /home/yaroslav/model/model_parameters/ua.cd_cont_untied/variances [25224x1x1 array]
INFO: main.c(549): Reading: /home/yaroslav/model/model_architecture/ua.tree_questions
INFO: main.c(588): 174 total simple questions (166 phone; 8 word bndry)
INFO: main.c(590): 42 Left Only questions, and 40 Right Only questions
INFO: dtree.c(1478): Final simple tree
|( QUESTION0_0_R 1 -3.522e+05 9.562e+02 1.749e+03
|    ( QUESTION2_20_L -1 -1.722e+05 5.980e+02 8.583e+02
|        ( - -1.438e+05 41 0 QUESTION11 -1 3.343e+02 7.212e+02)
|        ( - -2.785e+04 8 0 SILENCE -1 2.791e+02 1.371e+02))
|    ( SILENCE 1 -1.790e+05 5.993e+02 8.907e+02
|        ( - -9.014e+03 1 0)
|        ( SILENCE -1 -1.694e+05 5.903e+02 8.444e+02
|            ( - 2.426e+02 1 0)
|            ( QUESTION0_11_R 1 -1.690e+05 4.597e+02 8.434e+02
|                ( - -4.922e+04 13 0 WDBNDRY_I 0 2.493e+02 2.453e+02)
|                ( QUESTION0_3_R 1 -1.193e+05 4.223e+02 5.980e+02
|                    ( - -1.269e+04 5 0 WDBNDRY_E 0 1.588e+02 6.595e+01)
|                    ( QUESTION0_5_R 1 -1.062e+05 3.465e+02 5.321e+02
|                        ( - -1.450e+04 4 0 QUESTION0 -1 2.509e+02 7.121e+01)
|                        ( - -9.139e+04 42 0 QUESTION0_12_R 1 2.996e+02 4.609e+02)))))))
s>    ( QUESTION0_0_R 1 -3.522e+05 9.562e+02 1.749e+03
s>        ( QUESTION2_20_L -1 -1.722e+05 5.980e+02 8.583e+02
s>            ( - -1.438e+05 41 0 QUESTION11 -1 3.343e+02 7.212e+02)
s>            ( - -2.785e+04 8 0 SILENCE -1 2.791e+02 1.371e+02))
s>        ( SILENCE 1 -1.790e+05 5.993e+02 8.907e+02
s>            ( - -9.014e+03 1 0)
s>            ( SILENCE -1 -1.694e+05 5.903e+02 8.444e+02
s>                ( - 2.426e+02 1 0)
s>                ( QUESTION0_11_R 1 -1.690e+05 4.597e+02 8.434e+02
s>                    ( - -4.922e+04 13 0 WDBNDRY_I 0 2.493e+02 2.453e+02)
s>                    ( QUESTION0_3_R 1 -1.193e+05 4.223e+02 5.980e+02
s>                        ( - -1.269e+04 5 0 WDBNDRY_E 0 1.588e+02 6.595e+01)
s>                        ( QUESTION0_5_R 1 -1.062e+05 3.465e+02 5.321e+02
s>                            ( - -1.450e+04 4 0 QUESTION0 -1 2.509e+02 7.121e+01)
s>                            ( - -9.139e+04 42 0 QUESTION0_12_R 1 2.996e+02 4.609e+02)))))))INFO: dtree.c(1315): Comp split 0
INFO: dtree.c(1478): Final simple tree
|( SILENCE 1 -1.786e+05 6.080e+02 8.897e+02
|    ( - -9.014e+03 1 0)
|    ( QUESTION0_11_R 1 -1.690e+05 4.597e+02 8.434e+02
|        ( - -4.922e+04 13 0 WDBNDRY_I 0 2.493e+02 2.453e+02)
|        ( QUESTION0_3_R 1 -1.193e+05 4.223e+02 5.980e+02
|            ( - -1.269e+04 5 0 WDBNDRY_E 0 1.588e+02 6.595e+01)
|            ( QUESTION0_5_R 1 -1.062e+05 3.465e+02 5.321e+02
|                ( - -1.450e+04 4 0 QUESTION0 -1 2.509e+02 7.121e+01)
|                ( QUESTION0_12_R 1 -9.139e+04 2.996e+02 4.609e+02
|                    ( WDBNDRY_B 0 -3.371e+04 2.585e+02 1.719e+02
|                        ( - -4.958e+03 4 0 QUESTION0 -1 1.264e+02 2.800e+01)
|                        ( - -2.849e+04 10 0 QUESTION0_16_R 1 2.472e+02 1.439e+02))
|                    ( QUESTION0_9_R 1 -5.738e+04 2.888e+02 2.889e+02
|                        ( - -3.754e+04 17 0 WDBNDRY_E 0 2.322e+02 1.894e+02)
|                        ( - -1.954e+04 11 0 WDBNDRY_E 0 1.940e+02 9.954e+01)))))))
s>    ( SILENCE 1 -1.786e+05 6.080e+02 8.897e+02
s>        ( - -9.014e+03 1 0)
s>        ( QUESTION0_11_R 1 -1.690e+05 4.597e+02 8.434e+02
s>            ( - -4.922e+04 13 0 WDBNDRY_I 0 2.493e+02 2.453e+02)
s>            ( QUESTION0_3_R 1 -1.193e+05 4.223e+02 5.980e+02
s>                ( - -1.269e+04 5 0 WDBNDRY_E 0 1.588e+02 6.595e+01)
s>                ( QUESTION0_5_R 1 -1.062e+05 3.465e+02 5.321e+02
s>                    ( - -1.450e+04 4 0 QUESTION0 -1 2.509e+02 7.121e+01)
s>                    ( QUESTION0_12_R 1 -9.139e+04 2.996e+02 4.609e+02
s>                        ( WDBNDRY_B 0 -3.371e+04 2.585e+02 1.719e+02
s>                            ( - -4.958e+03 4 0 QUESTION0 -1 1.264e+02 2.800e+01)
s>                            ( - -2.849e+04 10 0 QUESTION0_16_R 1 2.472e+02 1.439e+02))
s>                        ( QUESTION0_9_R 1 -5.738e+04 2.888e+02 2.889e+02
s>                            ( - -3.754e+04 17 0 WDBNDRY_E 0 2.322e+02 1.894e+02)
s>                            ( - -1.954e+04 11 0 WDBNDRY_E 0 1.940e+02 9.954e+01)))))))INFO: dtree.c(1478): Final simple tree
|( QUESTION2_20_L -1 -1.725e+05 6.103e+02 8.593e+02
|    ( QUESTION11 -1 -1.438e+05 3.343e+02 7.212e+02
|        ( - -5.638e+03 1 0)
|        ( WDBNDRY_I 0 -1.378e+05 2.601e+02 6.893e+02
|            ( QUESTION0 -1 -1.078e+05 2.824e+02 5.404e+02
|                ( - -9.693e+04 20 0)
|                ( - -1.054e+04 3 0))
|            ( - -2.977e+04 17 0 QUESTION3 -1 1.627e+02 1.488e+02)))
|    ( QUESTION0_0_R 1 -2.816e+04 5.496e+02 1.381e+02
|        ( SILENCE -1 -2.785e+04 2.791e+02 1.371e+02
|            ( - -6.257e+03 1 0)
|            ( QUESTION16 -1 -2.131e+04 2.301e+02 1.076e+02
|                ( - -1.477e+02 1 0)
|                ( - -2.094e+04 6 0 WDBNDRY_B 0 1.961e+02 1.056e+02)))
|        ( - 2.426e+02 1 0)))
s>    ( QUESTION2_20_L -1 -1.725e+05 6.103e+02 8.593e+02
s>        ( QUESTION11 -1 -1.438e+05 3.343e+02 7.212e+02
s>            ( - -5.638e+03 1 0)
s>            ( WDBNDRY_I 0 -1.378e+05 2.601e+02 6.893e+02
s>                ( QUESTION0 -1 -1.078e+05 2.824e+02 5.404e+02
s>                    ( - -9.693e+04 20 0)
s>                    ( - -1.054e+04 3 0))
s>                ( - -2.977e+04 17 0 QUESTION3 -1 1.627e+02 1.488e+02)))
s>        ( QUESTION0_0_R 1 -2.816e+04 5.496e+02 1.381e+02
s>            ( SILENCE -1 -2.785e+04 2.791e+02 1.371e+02
s>                ( - -6.257e+03 1 0)
s>                ( QUESTION16 -1 -2.131e+04 2.301e+02 1.076e+02
s>                    ( - -1.477e+02 1 0)
s>                    ( - -2.094e+04 6 0 WDBNDRY_B 0 1.961e+02 1.056e+02)))
s>            ( - 2.426e+02 1 0)))INFO: dtree.c(1315): Comp split 1
INFO: dtree.c(1478): Final simple tree
|( QUESTION0_11_R 1 -8.206e+04 3.354e+02 4.108e+02
|    ( WDBNDRY_I 0 -4.922e+04 2.493e+02 2.453e+02
|        ( - -3.398e+04 9 0)
|        ( - -1.499e+04 4 0 WDBNDRY_E 0 1.340e+02 7.528e+01))
|    ( WDBNDRY_I 0 -3.251e+04 2.840e+02 1.655e+02
|        ( - -1.068e+04 2 0)
|        ( WDBNDRY_E 0 -2.155e+04 1.875e+02 1.095e+02
|            ( QUESTION0_4_R 1 -1.394e+04 1.812e+02 7.143e+01
|                ( QUESTION0 -1 -1.076e+04 1.732e+02 5.543e+01
|                    ( - -9.791e+03 3 0)
|                    ( - -7.917e+02 1 0))
|                ( QUESTION0 -1 -3.001e+03 1.649e+02 1.600e+01
|                    ( - -2.388e+03 3 0 QUESTION0_2_R 1 1.056e+02 1.300e+01)
|                    ( - -4.476e+02 1 0)))
|            ( - -7.424e+03 6 0 QUESTION0 -1 1.425e+02 3.811e+01))))
s>    ( QUESTION0_11_R 1 -8.206e+04 3.354e+02 4.108e+02
s>        ( WDBNDRY_I 0 -4.922e+04 2.493e+02 2.453e+02
s>            ( - -3.398e+04 9 0)
s>            ( - -1.499e+04 4 0 WDBNDRY_E 0 1.340e+02 7.528e+01))
s>        ( WDBNDRY_I 0 -3.251e+04 2.840e+02 1.655e+02
s>            ( - -1.068e+04 2 0)
s>            ( WDBNDRY_E 0 -2.155e+04 1.875e+02 1.095e+02
s>                ( QUESTION0_4_R 1 -1.394e+04 1.812e+02 7.143e+01
s>                    ( QUESTION0 -1 -1.076e+04 1.732e+02 5.543e+01
s>                        ( - -9.791e+03 3 0)
s>                        ( - -7.917e+02 1 0))
s>                    ( QUESTION0 -1 -3.001e+03 1.649e+02 1.600e+01
s>                        ( - -2.388e+03 3 0 QUESTION0_2_R 1 1.056e+02 1.300e+01)
s>                        ( - -4.476e+02 1 0)))
s>                ( - -7.424e+03 6 0 QUESTION0 -1 1.425e+02 3.811e+01))))INFO: dtree.c(1478): Final simple tree
|( SILENCE 1 -9.598e+04 5.694e+02 4.788e+02
|    ( - -9.014e+03 1 0)
|    ( QUESTION2 1 -8.639e+04 3.575e+02 4.325e+02
|        ( WDBNDRY_B 0 -3.313e+04 2.608e+02 1.689e+02
|            ( - -4.958e+03 4 0 QUESTION0 -1 1.264e+02 2.800e+01)
|            ( QUESTION0_13_R 1 -2.792e+04 2.497e+02 1.409e+02
|                ( - -2.059e+04 8 0 WDBNDRY_E 0 1.626e+02 1.029e+02)
|                ( - -7.073e+03 1 0)))
|        ( QUESTION0 -1 -5.290e+04 3.153e+02 2.636e+02
|            ( QUESTION19 1 -3.181e+04 3.051e+02 1.599e+02
|                ( - -1.134e+04 3 0)
|                ( - -2.017e+04 12 0 WDBNDRY_I 0 2.027e+02 1.011e+02))
|            ( WDBNDRY_I 0 -2.077e+04 2.333e+02 1.037e+02
|                ( - -8.963e+03 2 0)
|                ( - -1.157e+04 5 0 QUESTION0_8_R 1 1.486e+02 5.945e+01)))))
s>    ( SILENCE 1 -9.598e+04 5.694e+02 4.788e+02
s>        ( - -9.014e+03 1 0)
s>        ( QUESTION2 1 -8.639e+04 3.575e+02 4.325e+02
s>            ( WDBNDRY_B 0 -3.313e+04 2.608e+02 1.689e+02
s>                ( - -4.958e+03 4 0 QUESTION0 -1 1.264e+02 2.800e+01)
s>                ( QUESTION0_13_R 1 -2.792e+04 2.497e+02 1.409e+02
s>                    ( - -2.059e+04 8 0 WDBNDRY_E 0 1.626e+02 1.029e+02)
s>                    ( - -7.073e+03 1 0)))
s>            ( QUESTION0 -1 -5.290e+04 3.153e+02 2.636e+02
s>                ( QUESTION19 1 -3.181e+04 3.051e+02 1.599e+02
s>                    ( - -1.134e+04 3 0)
s>                    ( - -2.017e+04 12 0 WDBNDRY_I 0 2.027e+02 1.011e+02))
s>                ( WDBNDRY_I 0 -2.077e+04 2.333e+02 1.037e+02
s>                    ( - -8.963e+03 2 0)
s>                    ( - -1.157e+04 5 0 QUESTION0_8_R 1 1.486e+02 5.945e+01)))))INFO: dtree.c(1315): Comp split 2
INFO: dtree.c(1439): stop. leaf nodes are specific
INFO: dtree.c(1478): Final simple tree
|( QUESTION0_0_R 1 -2.816e+04 5.496e+02 1.381e+02
|    ( SILENCE -1 -2.785e+04 2.791e+02 1.371e+02
|        ( - -6.257e+03 1 0)
|        ( QUESTION16 -1 -2.131e+04 2.301e+02 1.076e+02
|            ( - -1.477e+02 1 0)
|            ( WDBNDRY_B 0 -2.094e+04 1.961e+02 1.056e+02
|                ( QUESTION2_10_L -1 -4.307e+03 1.216e+02 2.300e+01
|                    ( - -6.494e+02 1 0)
|                    ( QUESTION2 -1 -3.536e+03 1.099e+02 1.900e+01
|                        ( - -4.706e+02 1 0)
|                        ( - -2.956e+03 2 0)))
|                ( - -1.643e+04 2 0))))
|    ( - 2.426e+02 1 0))
s>    ( QUESTION0_0_R 1 -2.816e+04 5.496e+02 1.381e+02
s>        ( SILENCE -1 -2.785e+04 2.791e+02 1.371e+02
s>            ( - -6.257e+03 1 0)
s>            ( QUESTION16 -1 -2.131e+04 2.301e+02 1.076e+02
s>                ( - -1.477e+02 1 0)
s>                ( WDBNDRY_B 0 -2.094e+04 1.961e+02 1.056e+02
s>                    ( QUESTION2_10_L -1 -4.307e+03 1.216e+02 2.300e+01
s>                        ( - -6.494e+02 1 0)
s>                        ( QUESTION2 -1 -3.536e+03 1.099e+02 1.900e+01
s>                            ( - -4.706e+02 1 0)
s>                            ( - -2.956e+03 2 0)))
s>                    ( - -1.643e+04 2 0))))
s>        ( - 2.426e+02 1 0))INFO: dtree.c(1439): stop. leaf nodes are specific
INFO: dtree.c(1478): Final simple tree
|( QUESTION11 -1 -1.438e+05 3.343e+02 7.212e+02
|    ( - -5.638e+03 1 0)
|    ( WDBNDRY_I 0 -1.378e+05 2.601e+02 6.893e+02
|        ( QUESTION0 -1 -1.078e+05 2.824e+02 5.404e+02
|            ( - -9.693e+04 20 0)
|            ( - -1.054e+04 3 0))
|        ( QUESTION3 -1 -2.977e+04 1.627e+02 1.488e+02
|            ( - -2.153e+02 1 0)
|            ( WDBNDRY_B 0 -2.940e+04 1.468e+02 1.468e+02
|                ( QUESTION0 -1 -2.788e+04 1.040e+02 1.388e+02
|                    ( - -2.204e+04 11 0)
|                    ( - -5.733e+03 3 0))
|                ( - -1.373e+03 2 0)))))
s>    ( QUESTION11 -1 -1.438e+05 3.343e+02 7.212e+02
s>        ( - -5.638e+03 1 0)
s>        ( WDBNDRY_I 0 -1.378e+05 2.601e+02 6.893e+02
s>            ( QUESTION0 -1 -1.078e+05 2.824e+02 5.404e+02
s>                ( - -9.693e+04 20 0)
s>                ( - -1.054e+04 3 0))
s>            ( QUESTION3 -1 -2.977e+04 1.627e+02 1.488e+02
s>                ( - -2.153e+02 1 0)
s>                ( WDBNDRY_B 0 -2.940e+04 1.468e+02 1.468e+02
s>                    ( QUESTION0 -1 -2.788e+04 1.040e+02 1.388e+02
s>                        ( - -2.204e+04 11 0)
s>                        ( - -5.733e+03 3 0))
s>                    ( - -1.373e+03 2 0)))))INFO: dtree.c(1315): Comp split 3
INFO: dtree.c(1478): Final simple tree
|( QUESTION2 1 -8.639e+04 3.575e+02 4.325e+02
|    ( WDBNDRY_B 0 -3.313e+04 2.608e+02 1.689e+02
|        ( - -4.958e+03 4 0 QUESTION0 -1 1.264e+02 2.800e+01)
|        ( QUESTION0_13_R 1 -2.792e+04 2.497e+02 1.409e+02
|            ( - -2.059e+04 8 0 WDBNDRY_E 0 1.626e+02 1.029e+02)
|            ( - -7.073e+03 1 0)))
|    ( QUESTION0 -1 -5.290e+04 3.153e+02 2.636e+02
|        ( QUESTION19 1 -3.181e+04 3.051e+02 1.599e+02
|            ( - -1.134e+04 3 0)
|            ( WDBNDRY_I 0 -2.017e+04 2.027e+02 1.011e+02
|                ( - -1.164e+04 4 0 QUESTION0_2_R 1 2.442e+02 5.814e+01)
|                ( - -8.325e+03 8 0 QUESTION0_2_R 1 1.676e+02 4.300e+01)))
|        ( WDBNDRY_I 0 -2.077e+04 2.333e+02 1.037e+02
|            ( - -8.963e+03 2 0)
|            ( - -1.157e+04 5 0 QUESTION0_8_R 1 1.486e+02 5.945e+01))))
s>    ( QUESTION2 1 -8.639e+04 3.575e+02 4.325e+02
s>        ( WDBNDRY_B 0 -3.313e+04 2.608e+02 1.689e+02
s>            ( - -4.958e+03 4 0 QUESTION0 -1 1.264e+02 2.800e+01)
s>            ( QUESTION0_13_R 1 -2.792e+04 2.497e+02 1.409e+02
s>                ( - -2.059e+04 8 0 WDBNDRY_E 0 1.626e+02 1.029e+02)
s>                ( - -7.073e+03 1 0)))
s>        ( QUESTION0 -1 -5.290e+04 3.153e+02 2.636e+02
s>            ( QUESTION19 1 -3.181e+04 3.051e+02 1.599e+02
s>                ( - -1.134e+04 3 0)
s>                ( WDBNDRY_I 0 -2.017e+04 2.027e+02 1.011e+02
s>                    ( - -1.164e+04 4 0 QUESTION0_2_R 1 2.442e+02 5.814e+01)
s>                    ( - -8.325e+03 8 0 QUESTION0_2_R 1 1.676e+02 4.300e+01)))
s>            ( WDBNDRY_I 0 -2.077e+04 2.333e+02 1.037e+02
s>                ( - -8.963e+03 2 0)
s>                ( - -1.157e+04 5 0 QUESTION0_8_R 1 1.486e+02 5.945e+01))))INFO: dtree.c(1315): Comp split 4
INFO: dtree.c(1439): stop. leaf nodes are specific
INFO: dtree.c(1478): Final simple tree
|( SILENCE -1 -2.785e+04 2.791e+02 1.371e+02
|    ( - -6.257e+03 1 0)
|    ( QUESTION16 -1 -2.131e+04 2.301e+02 1.076e+02
|        ( - -1.477e+02 1 0)
|        ( WDBNDRY_B 0 -2.094e+04 1.961e+02 1.056e+02
|            ( QUESTION2_10_L -1 -4.307e+03 1.216e+02 2.300e+01
|                ( - -6.494e+02 1 0)
|                ( QUESTION2 -1 -3.536e+03 1.099e+02 1.900e+01
|                    ( - -4.706e+02 1 0)
|                    ( - -2.956e+03 2 0)))
|            ( - -1.643e+04 2 0))))
s>    ( SILENCE -1 -2.785e+04 2.791e+02 1.371e+02
s>        ( - -6.257e+03 1 0)
s>        ( QUESTION16 -1 -2.131e+04 2.301e+02 1.076e+02
s>            ( - -1.477e+02 1 0)
s>            ( WDBNDRY_B 0 -2.094e+04 1.961e+02 1.056e+02
s>                ( QUESTION2_10_L -1 -4.307e+03 1.216e+02 2.300e+01
s>                    ( - -6.494e+02 1 0)
s>                    ( QUESTION2 -1 -3.536e+03 1.099e+02 1.900e+01
s>                        ( - -4.706e+02 1 0)
s>                        ( - -2.956e+03 2 0)))
s>                ( - -1.643e+04 2 0))))INFO: dtree.c(1315): Comp split 5
INFO: dtree.c(1478): Final simple tree
|( QUESTION0_14_R 1 -4.167e+04 2.474e+02 2.119e+02
|    ( - -7.073e+03 1 0)
|    ( WDBNDRY_B 0 -3.435e+04 2.424e+02 1.739e+02
|        ( QUESTION0 -1 -4.958e+03 1.264e+02 2.800e+01
|            ( - -3.503e+03 3 0)
|            ( - -1.329e+03 1 0))
|        ( QUESTION0_12_R 1 -2.915e+04 2.288e+02 1.459e+02
|            ( WDBNDRY_E 0 -2.059e+04 1.626e+02 1.029e+02
|                ( - -1.297e+04 4 0)
|                ( - -7.464e+03 4 0))
|            ( QUESTION0_2_R 1 -8.325e+03 1.676e+02 4.300e+01
|                ( - -5.802e+02 1 0)
|                ( WDBNDRY_E 0 -7.578e+03 1.265e+02 3.900e+01
|                    ( - -4.849e+03 5 0)
|                    ( - -2.602e+03 2 0))))))
s>    ( QUESTION0_14_R 1 -4.167e+04 2.474e+02 2.119e+02
s>        ( - -7.073e+03 1 0)
s>        ( WDBNDRY_B 0 -3.435e+04 2.424e+02 1.739e+02
s>            ( QUESTION0 -1 -4.958e+03 1.264e+02 2.800e+01
s>                ( - -3.503e+03 3 0)
s>                ( - -1.329e+03 1 0))
s>            ( QUESTION0_12_R 1 -2.915e+04 2.288e+02 1.459e+02
s>                ( WDBNDRY_E 0 -2.059e+04 1.626e+02 1.029e+02
s>                    ( - -1.297e+04 4 0)
s>                    ( - -7.464e+03 4 0))
s>                ( QUESTION0_2_R 1 -8.325e+03 1.676e+02 4.300e+01
s>                    ( - -5.802e+02 1 0)
s>                    ( WDBNDRY_E 0 -7.578e+03 1.265e+02 3.900e+01
s>                        ( - -4.849e+03 5 0)
s>                        ( - -2.602e+03 2 0))))))INFO: dtree.c(1478): Final simple tree
|( QUESTION0_2_R 1 -4.431e+04 3.192e+02 2.206e+02
|    ( QUESTION0 -1 -1.371e+04 2.631e+02 6.721e+01
|        ( - -4.482e+03 1 0)
|        ( - -8.963e+03 2 0))
|    ( QUESTION0 -1 -3.028e+04 2.309e+02 1.534e+02
|        ( WDBNDRY_E 0 -1.848e+04 2.209e+02 9.394e+01
|            ( - -1.134e+04 3 0)
|            ( - -6.919e+03 3 0))
|        ( QUESTION0_8_R 1 -1.157e+04 1.486e+02 5.945e+01
|            ( QUESTION0 1 -1.101e+04 1.835e+02 5.645e+01
|                ( WDBNDRY_E 0 -1.062e+04 1.444e+02 5.445e+01
|                    ( - -1.002e+04 2 0)
|                    ( - -4.509e+02 1 0))
|                ( - -2.032e+02 1 0))
|            ( - -4.189e+02 1 0))))
s>    ( QUESTION0_2_R 1 -4.431e+04 3.192e+02 2.206e+02
s>        ( QUESTION0 -1 -1.371e+04 2.631e+02 6.721e+01
s>            ( - -4.482e+03 1 0)
s>            ( - -8.963e+03 2 0))
s>        ( QUESTION0 -1 -3.028e+04 2.309e+02 1.534e+02
s>            ( WDBNDRY_E 0 -1.848e+04 2.209e+02 9.394e+01
s>                ( - -1.134e+04 3 0)
s>                ( - -6.919e+03 3 0))
s>            ( QUESTION0_8_R 1 -1.157e+04 1.486e+02 5.945e+01
s>                ( QUESTION0 1 -1.101e+04 1.835e+02 5.645e+01
s>                    ( WDBNDRY_E 0 -1.062e+04 1.444e+02 5.445e+01
s>                        ( - -1.002e+04 2 0)
s>                        ( - -4.509e+02 1 0))
s>                    ( - -2.032e+02 1 0))
s>                ( - -4.189e+02 1 0))))INFO: dtree.c(1315): Comp split 6
INFO: dtree.c(1439): stop. leaf nodes are specific
INFO: dtree.c(1478): Final simple tree
|( WDBNDRY_I 0 -4.417e+04 2.327e+02 2.212e+02
|    ( - -3.398e+04 9 0)
|    ( QUESTION0_4_R 1 -9.952e+03 1.456e+02 5.111e+01
|        ( QUESTION0 -1 -6.819e+03 1.436e+02 3.511e+01
|            ( - -6.244e+03 3 0)
|            ( - -4.317e+02 1 0))
|        ( WDBNDRY_E 0 -2.987e+03 1.326e+02 1.600e+01
|            ( QUESTION0_2_R 1 -2.388e+03 1.056e+02 1.300e+01
|                ( - -1.259e+03 2 0)
|                ( - -1.023e+03 1 0))
|            ( - -4.665e+02 2 0))))
s>    ( WDBNDRY_I 0 -4.417e+04 2.327e+02 2.212e+02
s>        ( - -3.398e+04 9 0)
s>        ( QUESTION0_4_R 1 -9.952e+03 1.456e+02 5.111e+01
s>            ( QUESTION0 -1 -6.819e+03 1.436e+02 3.511e+01
s>                ( - -6.244e+03 3 0)
s>                ( - -4.317e+02 1 0))
s>            ( WDBNDRY_E 0 -2.987e+03 1.326e+02 1.600e+01
s>                ( QUESTION0_2_R 1 -2.388e+03 1.056e+02 1.300e+01
s>                    ( - -1.259e+03 2 0)
s>                    ( - -1.023e+03 1 0))
s>                ( - -4.665e+02 2 0))))INFO: dtree.c(1439): stop. leaf nodes are specific
INFO: dtree.c(1478): Final simple tree
|( WDBNDRY_I 0 -3.751e+04 2.690e+02 1.897e+02
|    ( - -1.068e+04 2 0)
|    ( QUESTION0_4_R 1 -2.657e+04 2.406e+02 1.337e+02
|        ( QUESTION0 -1 -1.076e+04 1.732e+02 5.543e+01
|            ( - -9.791e+03 3 0)
|            ( - -7.917e+02 1 0))
|        ( QUESTION0_2_R 1 -1.557e+04 1.393e+02 7.828e+01
|            ( - -4.476e+02 1 0)
|            ( WDBNDRY_E 0 -1.499e+04 1.340e+02 7.528e+01
|                ( QUESTION0 -1 -1.124e+04 1.182e+02 5.631e+01
|                    ( - -1.062e+04 2 0)
|                    ( - -5.011e+02 1 0))
|                ( - -3.617e+03 1 0)))))
s>    ( WDBNDRY_I 0 -3.751e+04 2.690e+02 1.897e+02
s>        ( - -1.068e+04 2 0)
s>        ( QUESTION0_4_R 1 -2.657e+04 2.406e+02 1.337e+02
s>            ( QUESTION0 -1 -1.076e+04 1.732e+02 5.543e+01
s>                ( - -9.791e+03 3 0)
s>                ( - -7.917e+02 1 0))
s>            ( QUESTION0_2_R 1 -1.557e+04 1.393e+02 7.828e+01
s>                ( - -4.476e+02 1 0)
s>                ( WDBNDRY_E 0 -1.499e+04 1.340e+02 7.528e+01
s>                    ( QUESTION0 -1 -1.124e+04 1.182e+02 5.631e+01
s>                        ( - -1.062e+04 2 0)
s>                        ( - -5.011e+02 1 0))
s>                    ( - -3.617e+03 1 0)))))INFO: dtree.c(1315): Comp split 7
INFO: dtree.c(1439): stop. leaf nodes are specific
INFO: dtree.c(1478): Final simple tree
|( QUESTION11 -1 -4.647e+04 3.159e+02 2.356e+02
|    ( - -5.638e+03 1 0)
|    ( WDBNDRY_B 0 -4.051e+04 1.987e+02 2.037e+02
|        ( QUESTION3 -1 -2.825e+04 1.630e+02 1.408e+02
|            ( - -2.153e+02 1 0)
|            ( QUESTION0 -1 -2.788e+04 1.040e+02 1.388e+02
|                ( - -2.204e+04 11 0)
|                ( - -5.733e+03 3 0)))
|        ( WDBNDRY_E 0 -1.206e+04 1.453e+02 6.283e+01
|            ( - -1.373e+03 2 0)
|            ( - -1.054e+04 3 0))))
s>    ( QUESTION11 -1 -4.647e+04 3.159e+02 2.356e+02
s>        ( - -5.638e+03 1 0)
s>        ( WDBNDRY_B 0 -4.051e+04 1.987e+02 2.037e+02
s>            ( QUESTION3 -1 -2.825e+04 1.630e+02 1.408e+02
s>                ( - -2.153e+02 1 0)
s>                ( QUESTION0 -1 -2.788e+04 1.040e+02 1.388e+02
s>                    ( - -2.204e+04 11 0)
s>                    ( - -5.733e+03 3 0)))
s>            ( WDBNDRY_E 0 -1.206e+04 1.453e+02 6.283e+01
s>                ( - -1.373e+03 2 0)
s>                ( - -1.054e+04 3 0))))INFO: dtree.c(1315): Comp split 8
INFO: dtree.c(1439): stop. leaf nodes are specific
INFO: dtree.c(1478): Final simple tree
|( QUESTION0 -1 -1.430e+04 2.542e+02 7.021e+01
|    ( - -4.482e+03 1 0)
|    ( WDBNDRY_S 0 -9.562e+03 1.477e+02 4.721e+01
|        ( - -4.509e+02 1 0)
|        ( - -8.963e+03 2 0)))
s>    ( QUESTION0 -1 -1.430e+04 2.542e+02 7.021e+01
s>        ( - -4.482e+03 1 0)
s>        ( WDBNDRY_S 0 -9.562e+03 1.477e+02 4.721e+01
s>            ( - -4.509e+02 1 0)
s>            ( - -8.963e+03 2 0)))INFO: dtree.c(1439): stop. leaf nodes are specific
INFO: dtree.c(1478): Final simple tree
|( QUESTION0 -1 -2.969e+04 2.313e+02 1.504e+02
|    ( WDBNDRY_E 0 -1.848e+04 2.209e+02 9.394e+01
|        ( - -1.134e+04 3 0)
|        ( - -6.919e+03 3 0))
|    ( QUESTION0_8_R 1 -1.098e+04 1.488e+02 5.645e+01
|        ( QUESTION0 1 -1.041e+04 1.853e+02 5.345e+01
|            ( - -1.002e+04 2 0)
|            ( - -2.032e+02 1 0))
|        ( - -4.189e+02 1 0)))
s>    ( QUESTION0 -1 -2.969e+04 2.313e+02 1.504e+02
s>        ( WDBNDRY_E 0 -1.848e+04 2.209e+02 9.394e+01
s>            ( - -1.134e+04 3 0)
s>            ( - -6.919e+03 3 0))
s>        ( QUESTION0_8_R 1 -1.098e+04 1.488e+02 5.645e+01
s>            ( QUESTION0 1 -1.041e+04 1.853e+02 5.345e+01
s>                ( - -1.002e+04 2 0)
s>                ( - -2.032e+02 1 0))
s>            ( - -4.189e+02 1 0)))INFO: dtree.c(1315): Comp split 9
INFO: dtree.c(1439): stop. leaf nodes are specific
INFO: dtree.c(1478): Final simple tree
|( WDBNDRY_B 0 -4.051e+04 1.987e+02 2.037e+02
|    ( QUESTION3 -1 -2.825e+04 1.630e+02 1.408e+02
|        ( - -2.153e+02 1 0)
|        ( QUESTION0 -1 -2.788e+04 1.040e+02 1.388e+02
|            ( - -2.204e+04 11 0)
|            ( - -5.733e+03 3 0)))
|    ( WDBNDRY_E 0 -1.206e+04 1.453e+02 6.283e+01
|        ( - -1.373e+03 2 0)
|        ( - -1.054e+04 3 0)))
s>    ( WDBNDRY_B 0 -4.051e+04 1.987e+02 2.037e+02
s>        ( QUESTION3 -1 -2.825e+04 1.630e+02 1.408e+02
s>            ( - -2.153e+02 1 0)
s>            ( QUESTION0 -1 -2.788e+04 1.040e+02 1.388e+02
s>                ( - -2.204e+04 11 0)
s>                ( - -5.733e+03 3 0)))
s>        ( WDBNDRY_E 0 -1.206e+04 1.453e+02 6.283e+01
s>            ( - -1.373e+03 2 0)
s>            ( - -1.054e+04 3 0)))INFO: dtree.c(1315): Comp split 10
INFO: dtree.c(1439): stop. leaf nodes are specific
INFO: dtree.c(1478): Final simple tree
|( WDBNDRY_E 0 -2.059e+04 1.626e+02 1.029e+02
|    ( - -1.297e+04 4 0)
|    ( - -7.464e+03 4 0))
s>    ( WDBNDRY_E 0 -2.059e+04 1.626e+02 1.029e+02
s>        ( - -1.297e+04 4 0)
s>        ( - -7.464e+03 4 0))INFO: dtree.c(1439): stop. leaf nodes are specific
INFO: dtree.c(1478): Final simple tree
|( QUESTION0_14_R 1 -2.079e+04 2.435e+02 1.090e+02
|    ( - -7.073e+03 1 0)
|    ( WDBNDRY_B 0 -1.347e+04 1.893e+02 7.100e+01
|        ( QUESTION0 -1 -4.958e+03 1.264e+02 2.800e+01
|            ( - -3.503e+03 3 0)
|            ( - -1.329e+03 1 0))
|        ( QUESTION0_2_R 1 -8.325e+03 1.676e+02 4.300e+01
|            ( - -5.802e+02 1 0)
|            ( WDBNDRY_E 0 -7.578e+03 1.265e+02 3.900e+01
|                ( - -4.849e+03 5 0)
|                ( - -2.602e+03 2 0)))))
s>    ( QUESTION0_14_R 1 -2.079e+04 2.435e+02 1.090e+02
s>        ( - -7.073e+03 1 0)
s>        ( WDBNDRY_B 0 -1.347e+04 1.893e+02 7.100e+01
s>            ( QUESTION0 -1 -4.958e+03 1.264e+02 2.800e+01
s>                ( - -3.503e+03 3 0)
s>                ( - -1.329e+03 1 0))
s>            ( QUESTION0_2_R 1 -8.325e+03 1.676e+02 4.300e+01
s>                ( - -5.802e+02 1 0)
s>                ( WDBNDRY_E 0 -7.578e+03 1.265e+02 3.900e+01
s>                    ( - -4.849e+03 5 0)
s>                    ( - -2.602e+03 2 0)))))INFO: dtree.c(1315): Comp split 11
INFO: dtree.c(1439): stop. leaf nodes are specific
INFO: dtree.c(1478): Final simple tree
|( QUESTION16 -1 -2.131e+04 2.301e+02 1.076e+02
|    ( - -1.477e+02 1 0)
|    ( WDBNDRY_B 0 -2.094e+04 1.961e+02 1.056e+02
|        ( QUESTION2_10_L -1 -4.307e+03 1.216e+02 2.300e+01
|            ( - -6.494e+02 1 0)
|            ( QUESTION2 -1 -3.536e+03 1.099e+02 1.900e+01
|                ( - -4.706e+02 1 0)
|                ( - -2.956e+03 2 0)))
|        ( - -1.643e+04 2 0)))
s>    ( QUESTION16 -1 -2.131e+04 2.301e+02 1.076e+02
s>        ( - -1.477e+02 1 0)
s>        ( WDBNDRY_B 0 -2.094e+04 1.961e+02 1.056e+02
s>            ( QUESTION2_10_L -1 -4.307e+03 1.216e+02 2.300e+01
s>                ( - -6.494e+02 1 0)
s>                ( QUESTION2 -1 -3.536e+03 1.099e+02 1.900e+01
s>                    ( - -4.706e+02 1 0)
s>                    ( - -2.956e+03 2 0)))
s>            ( - -1.643e+04 2 0)))INFO: dtree.c(1315): Comp split 12
INFO: dtree.c(1439): stop. leaf nodes are specific
INFO: dtree.c(1478): Final simple tree
|( QUESTION0_4_R 1 -2.657e+04 2.406e+02 1.337e+02
|    ( QUESTION0 -1 -1.076e+04 1.732e+02 5.543e+01
|        ( - -9.791e+03 3 0)
|        ( - -7.917e+02 1 0))
|    ( QUESTION0_2_R 1 -1.557e+04 1.393e+02 7.828e+01
|        ( - -4.476e+02 1 0)
|        ( WDBNDRY_E 0 -1.499e+04 1.340e+02 7.528e+01
|            ( QUESTION0 -1 -1.124e+04 1.182e+02 5.631e+01
|                ( - -1.062e+04 2 0)
|                ( - -5.011e+02 1 0))
|            ( - -3.617e+03 1 0))))
s>    ( QUESTION0_4_R 1 -2.657e+04 2.406e+02 1.337e+02
s>        ( QUESTION0 -1 -1.076e+04 1.732e+02 5.543e+01
s>            ( - -9.791e+03 3 0)
s>            ( - -7.917e+02 1 0))
s>        ( QUESTION0_2_R 1 -1.557e+04 1.393e+02 7.828e+01
s>            ( - -4.476e+02 1 0)
s>            ( WDBNDRY_E 0 -1.499e+04 1.340e+02 7.528e+01
s>                ( QUESTION0 -1 -1.124e+04 1.182e+02 5.631e+01
s>                    ( - -1.062e+04 2 0)
s>                    ( - -5.011e+02 1 0))
s>                ( - -3.617e+03 1 0))))INFO: dtree.c(1315): Comp split 13
INFO: dtree.c(1439): stop. leaf nodes are specific
INFO: dtree.c(1478): Final simple tree
|( WDBNDRY_S 0 -9.562e+03 1.477e+02 4.721e+01
|    ( - -4.509e+02 1 0)
|    ( - -8.963e+03 2 0))
s>    ( WDBNDRY_S 0 -9.562e+03 1.477e+02 4.721e+01
s>        ( - -4.509e+02 1 0)
s>        ( - -8.963e+03 2 0))INFO: dtree.c(1315): Comp split 14
INFO: dtree.c(1439): stop. leaf nodes are specific
INFO: dtree.c(1478): Final simple tree
|( WDBNDRY_B 0 -1.347e+04 1.893e+02 7.100e+01
|    ( QUESTION0 -1 -4.958e+03 1.264e+02 2.800e+01
|        ( - -3.503e+03 3 0)
|        ( - -1.329e+03 1 0))
|    ( QUESTION0_2_R 1 -8.325e+03 1.676e+02 4.300e+01
|        ( - -5.802e+02 1 0)
|        ( WDBNDRY_E 0 -7.578e+03 1.265e+02 3.900e+01
|            ( - -4.849e+03 5 0)
|            ( - -2.602e+03 2 0))))
s>    ( WDBNDRY_B 0 -1.347e+04 1.893e+02 7.100e+01
s>        ( QUESTION0 -1 -4.958e+03 1.264e+02 2.800e+01
s>            ( - -3.503e+03 3 0)
s>            ( - -1.329e+03 1 0))
s>        ( QUESTION0_2_R 1 -8.325e+03 1.676e+02 4.300e+01
s>            ( - -5.802e+02 1 0)
s>            ( WDBNDRY_E 0 -7.578e+03 1.265e+02 3.900e+01
s>                ( - -4.849e+03 5 0)
s>                ( - -2.602e+03 2 0))))INFO: dtree.c(1315): Comp split 15
INFO: dtree.c(1439): stop. leaf nodes are specific
INFO: dtree.c(1478): Final simple tree
|( QUESTION0_2_R 1 -1.557e+04 1.393e+02 7.828e+01
|    ( - -4.476e+02 1 0)
|    ( WDBNDRY_E 0 -1.499e+04 1.340e+02 7.528e+01
|        ( QUESTION0 -1 -1.124e+04 1.182e+02 5.631e+01
|            ( - -1.062e+04 2 0)
|            ( - -5.011e+02 1 0))
|        ( - -3.617e+03 1 0)))
s>    ( QUESTION0_2_R 1 -1.557e+04 1.393e+02 7.828e+01
s>        ( - -4.476e+02 1 0)
s>        ( WDBNDRY_E 0 -1.499e+04 1.340e+02 7.528e+01
s>            ( QUESTION0 -1 -1.124e+04 1.182e+02 5.631e+01
s>                ( - -1.062e+04 2 0)
s>                ( - -5.011e+02 1 0))
s>            ( - -3.617e+03 1 0)))INFO: dtree.c(1439): stop. leaf nodes are specific
INFO: dtree.c(1478): Final simple tree
|( QUESTION0 -1 -1.076e+04 1.732e+02 5.543e+01
|    ( - -9.791e+03 3 0)
|    ( - -7.917e+02 1 0))
s>    ( QUESTION0 -1 -1.076e+04 1.732e+02 5.543e+01
s>        ( - -9.791e+03 3 0)
s>        ( - -7.917e+02 1 0))INFO: dtree.c(1315): Comp split 16
INFO: dtree.c(1439): stop. leaf nodes are specific
INFO: dtree.c(1478): Final simple tree
|( QUESTION0_4_R 1 -9.952e+03 1.456e+02 5.111e+01
|    ( QUESTION0 -1 -6.819e+03 1.436e+02 3.511e+01
|        ( - -6.244e+03 3 0)
|        ( - -4.317e+02 1 0))
|    ( WDBNDRY_E 0 -2.987e+03 1.326e+02 1.600e+01
|        ( QUESTION0_2_R 1 -2.388e+03 1.056e+02 1.300e+01
|            ( - -1.259e+03 2 0)
|            ( - -1.023e+03 1 0))
|        ( - -4.665e+02 2 0)))
s>    ( QUESTION0_4_R 1 -9.952e+03 1.456e+02 5.111e+01
s>        ( QUESTION0 -1 -6.819e+03 1.436e+02 3.511e+01
s>            ( - -6.244e+03 3 0)
s>            ( - -4.317e+02 1 0))
s>        ( WDBNDRY_E 0 -2.987e+03 1.326e+02 1.600e+01
s>            ( QUESTION0_2_R 1 -2.388e+03 1.056e+02 1.300e+01
s>                ( - -1.259e+03 2 0)
s>                ( - -1.023e+03 1 0))
s>            ( - -4.665e+02 2 0)))INFO: dtree.c(1315): Comp split 17
INFO: dtree.c(1439): stop. leaf nodes are specific
INFO: dtree.c(1478): Final simple tree
|( QUESTION0_8_R 1 -1.098e+04 1.488e+02 5.645e+01
|    ( QUESTION0 1 -1.041e+04 1.853e+02 5.345e+01
|        ( - -1.002e+04 2 0)
|        ( - -2.032e+02 1 0))
|    ( - -4.189e+02 1 0))
s>    ( QUESTION0_8_R 1 -1.098e+04 1.488e+02 5.645e+01
s>        ( QUESTION0 1 -1.041e+04 1.853e+02 5.345e+01
s>            ( - -1.002e+04 2 0)
s>            ( - -2.032e+02 1 0))
s>        ( - -4.189e+02 1 0))INFO: dtree.c(1439): stop. leaf nodes are specific
INFO: dtree.c(1478): Final simple tree
|( WDBNDRY_E 0 -1.848e+04 2.209e+02 9.394e+01
|    ( - -1.134e+04 3 0)
|    ( - -6.919e+03 3 0))
s>    ( WDBNDRY_E 0 -1.848e+04 2.209e+02 9.394e+01
s>        ( - -1.134e+04 3 0)
s>        ( - -6.919e+03 3 0))INFO: dtree.c(1315): Comp split 18
INFO: dtree.c(1439): stop. leaf nodes are specific
INFO: dtree.c(1478): Final simple tree
|( WDBNDRY_B 0 -2.094e+04 1.961e+02 1.056e+02
|    ( QUESTION2_10_L -1 -4.307e+03 1.216e+02 2.300e+01
|        ( - -6.494e+02 1 0)
|        ( QUESTION2 -1 -3.536e+03 1.099e+02 1.900e+01
|            ( - -4.706e+02 1 0)
|            ( - -2.956e+03 2 0)))
|    ( - -1.643e+04 2 0))
s>    ( WDBNDRY_B 0 -2.094e+04 1.961e+02 1.056e+02
s>        ( QUESTION2_10_L -1 -4.307e+03 1.216e+02 2.300e+01
s>            ( - -6.494e+02 1 0)
s>            ( QUESTION2 -1 -3.536e+03 1.099e+02 1.900e+01
s>                ( - -4.706e+02 1 0)
s>                ( - -2.956e+03 2 0)))
s>        ( - -1.643e+04 2 0))INFO: dtree.c(1315): Comp split 19
INFO: dtree.c(1315): Comp split 20
INFO: dtree.c(1439): stop. leaf nodes are specific
INFO: dtree.c(1478): Final simple tree
|( QUESTION0 -1 -2.788e+04 1.040e+02 1.388e+02
|    ( - -2.204e+04 11 0)
|    ( - -5.733e+03 3 0))
s>    ( QUESTION0 -1 -2.788e+04 1.040e+02 1.388e+02
s>        ( - -2.204e+04 11 0)
s>        ( - -5.733e+03 3 0))INFO: dtree.c(1439): stop. leaf nodes are specific
INFO: dtree.c(1478): Final simple tree
|( WDBNDRY_B 0 -1.243e+04 1.575e+02 6.483e+01
|    ( - -2.153e+02 1 0)
|    ( WDBNDRY_E 0 -1.206e+04 1.453e+02 6.283e+01
|        ( - -1.373e+03 2 0)
|        ( - -1.054e+04 3 0)))
s>    ( WDBNDRY_B 0 -1.243e+04 1.575e+02 6.483e+01
s>        ( - -2.153e+02 1 0)
s>        ( WDBNDRY_E 0 -1.206e+04 1.453e+02 6.283e+01
s>            ( - -1.373e+03 2 0)
s>            ( - -1.054e+04 3 0)))INFO: dtree.c(1315): Comp split 21
INFO: dtree.c(1439): stop. leaf nodes are specific
INFO: dtree.c(1478): Final simple tree
|( QUESTION2_10_L -1 -4.307e+03 1.216e+02 2.300e+01
|    ( - -6.494e+02 1 0)
|    ( QUESTION2 -1 -3.536e+03 1.099e+02 1.900e+01
|        ( - -4.706e+02 1 0)
|        ( - -2.956e+03 2 0)))
s>    ( QUESTION2_10_L -1 -4.307e+03 1.216e+02 2.300e+01
s>        ( - -6.494e+02 1 0)
s>        ( QUESTION2 -1 -3.536e+03 1.099e+02 1.900e+01
s>            ( - -4.706e+02 1 0)
s>            ( - -2.956e+03 2 0)))INFO: dtree.c(1315): Comp split 22
INFO: dtree.c(1439): stop. leaf nodes are specific
INFO: dtree.c(1478): Final simple tree
|( QUESTION0_2_R 1 -8.325e+03 1.676e+02 4.300e+01
|    ( - -5.802e+02 1 0)
|    ( WDBNDRY_E 0 -7.578e+03 1.265e+02 3.900e+01
|        ( - -4.849e+03 5 0)
|        ( - -2.602e+03 2 0)))
s>    ( QUESTION0_2_R 1 -8.325e+03 1.676e+02 4.300e+01
s>        ( - -5.802e+02 1 0)
s>        ( WDBNDRY_E 0 -7.578e+03 1.265e+02 3.900e+01
s>            ( - -4.849e+03 5 0)
s>            ( - -2.602e+03 2 0)))INFO: dtree.c(1439): stop. leaf nodes are specific
INFO: dtree.c(1478): Final simple tree
|( QUESTION0 -1 -4.958e+03 1.264e+02 2.800e+01
|    ( - -3.503e+03 3 0)
|    ( - -1.329e+03 1 0))
s>    ( QUESTION0 -1 -4.958e+03 1.264e+02 2.800e+01
s>        ( - -3.503e+03 3 0)
s>        ( - -1.329e+03 1 0))INFO: dtree.c(1315): Comp split 23
INFO: dtree.c(1439): stop. leaf nodes are specific
INFO: dtree.c(1478): Final simple tree
|( QUESTION0_8_R 1 -1.059e+04 1.511e+02 5.445e+01
|    ( - -1.002e+04 2 0)
|    ( - -4.189e+02 1 0))
s>    ( QUESTION0_8_R 1 -1.059e+04 1.511e+02 5.445e+01
s>        ( - -1.002e+04 2 0)
s>        ( - -4.189e+02 1 0))INFO: dtree.c(1315): Comp split 24
INFO: dtree.c(1315): Comp split 25
INFO: dtree.c(1439): stop. leaf nodes are specific
INFO: dtree.c(1478): Final simple tree
|( WDBNDRY_E 0 -7.578e+03 1.265e+02 3.900e+01
|    ( - -4.849e+03 5 0)
|    ( - -2.602e+03 2 0))
s>    ( WDBNDRY_E 0 -7.578e+03 1.265e+02 3.900e+01
s>        ( - -4.849e+03 5 0)
s>        ( - -2.602e+03 2 0))INFO: dtree.c(1315): Comp split 26
INFO: dtree.c(1315): Comp split 27
INFO: dtree.c(1439): stop. leaf nodes are specific
INFO: dtree.c(1478): Final simple tree
|( WDBNDRY_E 0 -1.206e+04 1.453e+02 6.283e+01
|    ( - -1.373e+03 2 0)
|    ( - -1.054e+04 3 0))
s>    ( WDBNDRY_E 0 -1.206e+04 1.453e+02 6.283e+01
s>        ( - -1.373e+03 2 0)
s>        ( - -1.054e+04 3 0))INFO: dtree.c(1315): Comp split 28
INFO: dtree.c(1439): stop. leaf nodes are specific
INFO: dtree.c(1478): Final simple tree
|( QUESTION0_2_R 1 -4.801e+03 1.331e+02 2.497e+01
|    ( - -4.476e+02 1 0)
|    ( WDBNDRY_E 0 -4.220e+03 1.017e+02 2.197e+01
|        ( - -5.011e+02 1 0)
|        ( - -3.617e+03 1 0)))
s>    ( QUESTION0_2_R 1 -4.801e+03 1.331e+02 2.497e+01
s>        ( - -4.476e+02 1 0)
s>        ( WDBNDRY_E 0 -4.220e+03 1.017e+02 2.197e+01
s>            ( - -5.011e+02 1 0)
s>            ( - -3.617e+03 1 0)))INFO: dtree.c(1315): Comp split 29
INFO: dtree.c(1439): stop. leaf nodes are specific
INFO: dtree.c(1478): Final simple tree
|( QUESTION0_4_R 1 -3.556e+03 1.378e+02 1.900e+01
|    ( - -4.317e+02 1 0)
|    ( WDBNDRY_E 0 -2.987e+03 1.326e+02 1.600e+01
|        ( QUESTION0_2_R 1 -2.388e+03 1.056e+02 1.300e+01
|            ( - -1.259e+03 2 0)
|            ( - -1.023e+03 1 0))
|        ( - -4.665e+02 2 0)))
s>    ( QUESTION0_4_R 1 -3.556e+03 1.378e+02 1.900e+01
s>        ( - -4.317e+02 1 0)
s>        ( WDBNDRY_E 0 -2.987e+03 1.326e+02 1.600e+01
s>            ( QUESTION0_2_R 1 -2.388e+03 1.056e+02 1.300e+01
s>                ( - -1.259e+03 2 0)
s>                ( - -1.023e+03 1 0))
s>            ( - -4.665e+02 2 0)))INFO: dtree.c(1315): Comp split 30
INFO: dtree.c(1315): Comp split 31
INFO: dtree.c(1315): Comp split 32
INFO: dtree.c(1315): Comp split 33
INFO: dtree.c(1439): stop. leaf nodes are specific
INFO: dtree.c(1478): Final simple tree
|( WDBNDRY_E 0 -2.987e+03 1.326e+02 1.600e+01
|    ( QUESTION0_2_R 1 -2.388e+03 1.056e+02 1.300e+01
|        ( - -1.259e+03 2 0)
|        ( - -1.023e+03 1 0))
|    ( - -4.665e+02 2 0))
s>    ( WDBNDRY_E 0 -2.987e+03 1.326e+02 1.600e+01
s>        ( QUESTION0_2_R 1 -2.388e+03 1.056e+02 1.300e+01
s>            ( - -1.259e+03 2 0)
s>            ( - -1.023e+03 1 0))
s>        ( - -4.665e+02 2 0))INFO: dtree.c(1315): Comp split 34
INFO: dtree.c(1439): stop. leaf nodes are specific
INFO: dtree.c(1478): Final simple tree
|( WDBNDRY_E 0 -4.220e+03 1.017e+02 2.197e+01
|    ( - -5.011e+02 1 0)
|    ( - -3.617e+03 1 0))
s>    ( WDBNDRY_E 0 -4.220e+03 1.017e+02 2.197e+01
s>        ( - -5.011e+02 1 0)
s>        ( - -3.617e+03 1 0))INFO: dtree.c(1315): Comp split 35
INFO: dtree.c(1439): stop. leaf nodes are specific
INFO: dtree.c(1478): Final simple tree
|( QUESTION0_2_R 1 -2.388e+03 1.056e+02 1.300e+01
|    ( - -1.259e+03 2 0)
|    ( - -1.023e+03 1 0))
s>    ( QUESTION0_2_R 1 -2.388e+03 1.056e+02 1.300e+01
s>        ( - -1.259e+03 2 0)
s>        ( - -1.023e+03 1 0))INFO: dtree.c(1315): Comp split 36
INFO: dtree.c(1315): Comp split 37
INFO: dtree.c(1315): Comp split 38
INFO: dtree.c(1439): stop. leaf nodes are specific
INFO: dtree.c(1478): Final simple tree
|( QUESTION2 -1 -3.536e+03 1.099e+02 1.900e+01
|    ( - -4.706e+02 1 0)
|    ( - -2.956e+03 2 0))
s>    ( QUESTION2 -1 -3.536e+03 1.099e+02 1.900e+01
s>        ( - -4.706e+02 1 0)
s>        ( - -2.956e+03 2 0))INFO: dtree.c(1315): Comp split 39
INFO: dtree.c(1315): Comp split 40
INFO: dtree.c(1315): Comp split 41
INFO: dtree.c(1315): Comp split 42
INFO: dtree.c(1315): Comp split 43
INFO: dtree.c(1318): stop. leaf nodes are specific
!!!!!!!!Allocated 66 lines
Fri Apr  8 00:57:42 2016
