Current configuration:
[NAME]		[DEFLT]	[VALUE]
-allphones	no	no
-cntthresh	0.00001	1.000000e-05
-csplitmax	100	2000
-csplitmin	1	1
-csplitthr	8e-4	0.000000e+00
-example	no	no
-fullvar	no	no
-help		no	no
-meanfn			/home/yaroslav/model/model_parameters/ua.cd_cont_untied/means
-mixwfn			/home/yaroslav/model/model_parameters/ua.cd_cont_untied/mixture_weights
-moddeffn		/home/yaroslav/model/model_architecture/ua.untied.mdef
-mwfloor	1e-4	1.000000e-08
-phone			BB
-psetfn			/home/yaroslav/model/model_architecture/ua.tree_questions
-ssplitmax	5	7
-ssplitmin	1	1
-ssplitthr	8e-4	0.000000e+00
-state			2
-stwt			1.0,0.05,0.0,
-treefn			/home/yaroslav/model/trees/ua.unpruned/BB-2.dtree
-ts2cbfn	.semi.	.cont.
-varfloor	0.00001	1.000000e-05
-varfn			/home/yaroslav/model/model_parameters/ua.cd_cont_untied/variances

INFO: main.c(223): Reading: /home/yaroslav/model/model_architecture/ua.untied.mdef
INFO: model_def_io.c(573): Model definition info:
INFO: model_def_io.c(574): 9391 total models defined (51 base, 9340 tri)
INFO: model_def_io.c(575): 37564 total states
INFO: model_def_io.c(576): 28173 total tied states
INFO: model_def_io.c(577): 153 total tied CI states
INFO: model_def_io.c(578): 51 total tied transition matrices
INFO: model_def_io.c(579): 4 max state/model
INFO: model_def_io.c(580): 4 min state/model
INFO: main.c(242): Building trees for [BB A І b] through [BB І І i]
INFO: main.c(269): Covering states |[3195 3275]| == 81
INFO: main.c(275): Reading: /home/yaroslav/model/model_parameters/ua.cd_cont_untied/mixture_weights
INFO: s3mixw_io.c(173): Read /home/yaroslav/model/model_parameters/ua.cd_cont_untied/mixture_weights [81x1x1 array]
INFO: main.c(311): 26 of 27 models have observation count greater than 0.000010
INFO: main.c(95): nrm stwt: 0.000 0.048 0.952 
INFO: s3gau_io.c(169): Read /home/yaroslav/model/model_parameters/ua.cd_cont_untied/means [28173x1x1 array]
INFO: s3gau_io.c(169): Read /home/yaroslav/model/model_parameters/ua.cd_cont_untied/variances [28173x1x1 array]
INFO: main.c(549): Reading: /home/yaroslav/model/model_architecture/ua.tree_questions
INFO: main.c(588): 174 total simple questions (166 phone; 8 word bndry)
INFO: main.c(590): 40 Left Only questions, and 42 Right Only questions
INFO: dtree.c(1478): Final simple tree
|( QUESTION18 -1 -1.648e+04 3.468e+02 2.385e+02
|    ( QUESTION0_0_R 1 -3.849e+03 3.484e+02 6.100e+01
|        ( WDBNDRY_B 0 -2.155e+03 3.264e+02 3.800e+01
|            ( - -2.047e+03 3 0 QUESTION2_0_L -1 2.290e+02 3.700e+01)
|            ( - 2.188e+02 1 0))
|        ( QUESTION2_0_L -1 -1.345e+03 2.630e+02 2.300e+01
|            ( - -3.962e+02 1 0)
|            ( - -6.860e+02 1 0)))
|    ( QUESTION16 -1 -1.228e+04 3.328e+02 1.775e+02
|        ( - 2.327e+02 1 0)
|        ( QUESTION2_9_L -1 -1.218e+04 3.235e+02 1.765e+02
|            ( - 2.288e+02 1 0)
|            ( QUESTION0_0_R 1 -1.208e+04 2.513e+02 1.755e+02
|                ( - -1.188e+04 17 0 QUESTION6 -1 3.453e+02 1.735e+02)
|                ( - 4.295e+01 1 0)))))
s>    ( QUESTION18 -1 -1.648e+04 3.468e+02 2.385e+02
s>        ( QUESTION0_0_R 1 -3.849e+03 3.484e+02 6.100e+01
s>            ( WDBNDRY_B 0 -2.155e+03 3.264e+02 3.800e+01
s>                ( - -2.047e+03 3 0 QUESTION2_0_L -1 2.290e+02 3.700e+01)
s>                ( - 2.188e+02 1 0))
s>            ( QUESTION2_0_L -1 -1.345e+03 2.630e+02 2.300e+01
s>                ( - -3.962e+02 1 0)
s>                ( - -6.860e+02 1 0)))
s>        ( QUESTION16 -1 -1.228e+04 3.328e+02 1.775e+02
s>            ( - 2.327e+02 1 0)
s>            ( QUESTION2_9_L -1 -1.218e+04 3.235e+02 1.765e+02
s>                ( - 2.288e+02 1 0)
s>                ( QUESTION0_0_R 1 -1.208e+04 2.513e+02 1.755e+02
s>                    ( - -1.188e+04 17 0 QUESTION6 -1 3.453e+02 1.735e+02)
s>                    ( - 4.295e+01 1 0)))))INFO: dtree.c(1315): Comp split 0
INFO: dtree.c(1439): stop. leaf nodes are specific
INFO: dtree.c(1478): Final simple tree
|( QUESTION2_0_L -1 -2.047e+03 2.290e+02 3.700e+01
|    ( - -1.821e+03 2 0)
|    ( - 2.178e+00 1 0))
s>    ( QUESTION2_0_L -1 -2.047e+03 2.290e+02 3.700e+01
s>        ( - -1.821e+03 2 0)
s>        ( - 2.178e+00 1 0))INFO: dtree.c(1478): Final simple tree
|( QUESTION16 -1 -1.397e+04 3.303e+02 2.015e+02
|    ( - 2.327e+02 1 0)
|    ( QUESTION2_9_L -1 -1.387e+04 3.232e+02 2.005e+02
|        ( - 2.288e+02 1 0)
|        ( QUESTION0_0_R 1 -1.378e+04 2.487e+02 1.995e+02
|            ( QUESTION6 -1 -1.196e+04 3.452e+02 1.745e+02
|                ( - 2.256e+02 1 0)
|                ( QUESTION18 -1 -1.184e+04 3.041e+02 1.735e+02
|                    ( - 2.188e+02 1 0)
|                    ( - -1.176e+04 16 0 QUESTION19 -1 2.372e+02 1.725e+02)))
|            ( QUESTION2_2_L -1 -1.566e+03 2.662e+02 2.500e+01
|                ( - -3.962e+02 1 0)
|                ( WDBNDRY_B 0 -9.035e+02 2.605e+02 1.500e+01
|                    ( - -6.860e+02 1 0)
|                    ( - 4.295e+01 1 0))))))
s>    ( QUESTION16 -1 -1.397e+04 3.303e+02 2.015e+02
s>        ( - 2.327e+02 1 0)
s>        ( QUESTION2_9_L -1 -1.387e+04 3.232e+02 2.005e+02
s>            ( - 2.288e+02 1 0)
s>            ( QUESTION0_0_R 1 -1.378e+04 2.487e+02 1.995e+02
s>                ( QUESTION6 -1 -1.196e+04 3.452e+02 1.745e+02
s>                    ( - 2.256e+02 1 0)
s>                    ( QUESTION18 -1 -1.184e+04 3.041e+02 1.735e+02
s>                        ( - 2.188e+02 1 0)
s>                        ( - -1.176e+04 16 0 QUESTION19 -1 2.372e+02 1.725e+02)))
s>                ( QUESTION2_2_L -1 -1.566e+03 2.662e+02 2.500e+01
s>                    ( - -3.962e+02 1 0)
s>                    ( WDBNDRY_B 0 -9.035e+02 2.605e+02 1.500e+01
s>                        ( - -6.860e+02 1 0)
s>                        ( - 4.295e+01 1 0))))))INFO: dtree.c(1315): Comp split 1
INFO: dtree.c(1478): Final simple tree
|( QUESTION16 -1 -1.385e+04 3.318e+02 2.005e+02
|    ( - 2.327e+02 1 0)
|    ( QUESTION2_9_L -1 -1.375e+04 3.232e+02 1.995e+02
|        ( - 2.288e+02 1 0)
|        ( QUESTION0_0_R 1 -1.366e+04 2.508e+02 1.985e+02
|            ( QUESTION18 -1 -1.184e+04 3.041e+02 1.735e+02
|                ( - 2.188e+02 1 0)
|                ( QUESTION19 -1 -1.176e+04 2.372e+02 1.725e+02
|                    ( - -8.291e+03 9 0 WDBNDRY_B 0 1.555e+02 1.249e+02)
|                    ( - -3.229e+03 7 0 QUESTION1 -1 2.167e+02 4.763e+01)))
|            ( QUESTION2_2_L -1 -1.566e+03 2.662e+02 2.500e+01
|                ( - -3.962e+02 1 0)
|                ( WDBNDRY_B 0 -9.035e+02 2.605e+02 1.500e+01
|                    ( - -6.860e+02 1 0)
|                    ( - 4.295e+01 1 0))))))
s>    ( QUESTION16 -1 -1.385e+04 3.318e+02 2.005e+02
s>        ( - 2.327e+02 1 0)
s>        ( QUESTION2_9_L -1 -1.375e+04 3.232e+02 1.995e+02
s>            ( - 2.288e+02 1 0)
s>            ( QUESTION0_0_R 1 -1.366e+04 2.508e+02 1.985e+02
s>                ( QUESTION18 -1 -1.184e+04 3.041e+02 1.735e+02
s>                    ( - 2.188e+02 1 0)
s>                    ( QUESTION19 -1 -1.176e+04 2.372e+02 1.725e+02
s>                        ( - -8.291e+03 9 0 WDBNDRY_B 0 1.555e+02 1.249e+02)
s>                        ( - -3.229e+03 7 0 QUESTION1 -1 2.167e+02 4.763e+01)))
s>                ( QUESTION2_2_L -1 -1.566e+03 2.662e+02 2.500e+01
s>                    ( - -3.962e+02 1 0)
s>                    ( WDBNDRY_B 0 -9.035e+02 2.605e+02 1.500e+01
s>                        ( - -6.860e+02 1 0)
s>                        ( - 4.295e+01 1 0))))))INFO: dtree.c(1315): Comp split 2
INFO: dtree.c(1478): Final simple tree
|( QUESTION2_9_L -1 -1.375e+04 3.232e+02 1.995e+02
|    ( - 2.288e+02 1 0)
|    ( QUESTION0_0_R 1 -1.366e+04 2.508e+02 1.985e+02
|        ( QUESTION18 -1 -1.184e+04 3.041e+02 1.735e+02
|            ( - 2.188e+02 1 0)
|            ( QUESTION19 -1 -1.176e+04 2.372e+02 1.725e+02
|                ( - -8.291e+03 9 0 WDBNDRY_B 0 1.555e+02 1.249e+02)
|                ( QUESTION1 -1 -3.229e+03 2.167e+02 4.763e+01
|                    ( - -5.048e+01 1 0)
|                    ( - -2.962e+03 6 0 WDBNDRY_B 0 1.979e+02 4.363e+01))))
|        ( QUESTION2_2_L -1 -1.566e+03 2.662e+02 2.500e+01
|            ( - -3.962e+02 1 0)
|            ( WDBNDRY_B 0 -9.035e+02 2.605e+02 1.500e+01
|                ( - -6.860e+02 1 0)
|                ( - 4.295e+01 1 0)))))
s>    ( QUESTION2_9_L -1 -1.375e+04 3.232e+02 1.995e+02
s>        ( - 2.288e+02 1 0)
s>        ( QUESTION0_0_R 1 -1.366e+04 2.508e+02 1.985e+02
s>            ( QUESTION18 -1 -1.184e+04 3.041e+02 1.735e+02
s>                ( - 2.188e+02 1 0)
s>                ( QUESTION19 -1 -1.176e+04 2.372e+02 1.725e+02
s>                    ( - -8.291e+03 9 0 WDBNDRY_B 0 1.555e+02 1.249e+02)
s>                    ( QUESTION1 -1 -3.229e+03 2.167e+02 4.763e+01
s>                        ( - -5.048e+01 1 0)
s>                        ( - -2.962e+03 6 0 WDBNDRY_B 0 1.979e+02 4.363e+01))))
s>            ( QUESTION2_2_L -1 -1.566e+03 2.662e+02 2.500e+01
s>                ( - -3.962e+02 1 0)
s>                ( WDBNDRY_B 0 -9.035e+02 2.605e+02 1.500e+01
s>                    ( - -6.860e+02 1 0)
s>                    ( - 4.295e+01 1 0)))))INFO: dtree.c(1315): Comp split 3
INFO: dtree.c(1478): Final simple tree
|( QUESTION0_0_R 1 -1.366e+04 2.508e+02 1.985e+02
|    ( QUESTION18 -1 -1.184e+04 3.041e+02 1.735e+02
|        ( - 2.188e+02 1 0)
|        ( QUESTION19 -1 -1.176e+04 2.372e+02 1.725e+02
|            ( - -8.291e+03 9 0 WDBNDRY_B 0 1.555e+02 1.249e+02)
|            ( QUESTION1 -1 -3.229e+03 2.167e+02 4.763e+01
|                ( - -5.048e+01 1 0)
|                ( WDBNDRY_B 0 -2.962e+03 1.979e+02 4.363e+01
|                    ( - -2.454e+03 5 0 QUESTION2_1_L -1 1.550e+02 3.663e+01)
|                    ( - -3.102e+02 1 0)))))
|    ( QUESTION2_2_L -1 -1.566e+03 2.662e+02 2.500e+01
|        ( - -3.962e+02 1 0)
|        ( WDBNDRY_B 0 -9.035e+02 2.605e+02 1.500e+01
|            ( - -6.860e+02 1 0)
|            ( - 4.295e+01 1 0))))
s>    ( QUESTION0_0_R 1 -1.366e+04 2.508e+02 1.985e+02
s>        ( QUESTION18 -1 -1.184e+04 3.041e+02 1.735e+02
s>            ( - 2.188e+02 1 0)
s>            ( QUESTION19 -1 -1.176e+04 2.372e+02 1.725e+02
s>                ( - -8.291e+03 9 0 WDBNDRY_B 0 1.555e+02 1.249e+02)
s>                ( QUESTION1 -1 -3.229e+03 2.167e+02 4.763e+01
s>                    ( - -5.048e+01 1 0)
s>                    ( WDBNDRY_B 0 -2.962e+03 1.979e+02 4.363e+01
s>                        ( - -2.454e+03 5 0 QUESTION2_1_L -1 1.550e+02 3.663e+01)
s>                        ( - -3.102e+02 1 0)))))
s>        ( QUESTION2_2_L -1 -1.566e+03 2.662e+02 2.500e+01
s>            ( - -3.962e+02 1 0)
s>            ( WDBNDRY_B 0 -9.035e+02 2.605e+02 1.500e+01
s>                ( - -6.860e+02 1 0)
s>                ( - 4.295e+01 1 0))))INFO: dtree.c(1315): Comp split 4
INFO: dtree.c(1478): Final simple tree
|( QUESTION6 -1 -1.295e+04 2.513e+02 1.885e+02
|    ( - 4.295e+01 1 0)
|    ( QUESTION13 -1 -1.274e+04 2.206e+02 1.865e+02
|        ( WDBNDRY_B 0 -1.695e+03 1.945e+02 2.663e+01
|            ( - -1.190e+03 1 0)
|            ( - -3.102e+02 1 0))
|        ( QUESTION2_2_L -1 -1.083e+04 3.053e+02 1.599e+02
|            ( - 2.188e+02 1 0)
|            ( QUESTION1 -1 -1.074e+04 2.195e+02 1.589e+02
|                ( - -5.048e+01 1 0)
|                ( QUESTION0_0_R 1 -1.047e+04 2.022e+02 1.549e+02
|                    ( WDBNDRY_B 0 -9.580e+03 2.055e+02 1.419e+02
|                        ( - -3.547e+03 8 0 QUESTION2_4_L -1 1.399e+02 5.100e+01)
|                        ( - -5.828e+03 5 0))
|                    ( - -6.860e+02 1 0))))))
s>    ( QUESTION6 -1 -1.295e+04 2.513e+02 1.885e+02
s>        ( - 4.295e+01 1 0)
s>        ( QUESTION13 -1 -1.274e+04 2.206e+02 1.865e+02
s>            ( WDBNDRY_B 0 -1.695e+03 1.945e+02 2.663e+01
s>                ( - -1.190e+03 1 0)
s>                ( - -3.102e+02 1 0))
s>            ( QUESTION2_2_L -1 -1.083e+04 3.053e+02 1.599e+02
s>                ( - 2.188e+02 1 0)
s>                ( QUESTION1 -1 -1.074e+04 2.195e+02 1.589e+02
s>                    ( - -5.048e+01 1 0)
s>                    ( QUESTION0_0_R 1 -1.047e+04 2.022e+02 1.549e+02
s>                        ( WDBNDRY_B 0 -9.580e+03 2.055e+02 1.419e+02
s>                            ( - -3.547e+03 8 0 QUESTION2_4_L -1 1.399e+02 5.100e+01)
s>                            ( - -5.828e+03 5 0))
s>                        ( - -6.860e+02 1 0))))))INFO: dtree.c(1315): Comp split 5
INFO: dtree.c(1478): Final simple tree
|( QUESTION6 -1 -1.286e+04 2.512e+02 1.875e+02
|    ( - 4.295e+01 1 0)
|    ( QUESTION13 -1 -1.265e+04 2.213e+02 1.855e+02
|        ( WDBNDRY_B 0 -1.695e+03 1.945e+02 2.663e+01
|            ( - -1.190e+03 1 0)
|            ( - -3.102e+02 1 0))
|        ( QUESTION1 -1 -1.074e+04 2.195e+02 1.589e+02
|            ( - -5.048e+01 1 0)
|            ( QUESTION0_0_R 1 -1.047e+04 2.022e+02 1.549e+02
|                ( WDBNDRY_B 0 -9.580e+03 2.055e+02 1.419e+02
|                    ( QUESTION2_4_L -1 -3.547e+03 1.399e+02 5.100e+01
|                        ( - -4.777e+01 1 0)
|                        ( - -3.360e+03 7 0 QUESTION10 -1 1.529e+02 4.800e+01))
|                    ( - -5.828e+03 5 0))
|                ( - -6.860e+02 1 0)))))
s>    ( QUESTION6 -1 -1.286e+04 2.512e+02 1.875e+02
s>        ( - 4.295e+01 1 0)
s>        ( QUESTION13 -1 -1.265e+04 2.213e+02 1.855e+02
s>            ( WDBNDRY_B 0 -1.695e+03 1.945e+02 2.663e+01
s>                ( - -1.190e+03 1 0)
s>                ( - -3.102e+02 1 0))
s>            ( QUESTION1 -1 -1.074e+04 2.195e+02 1.589e+02
s>                ( - -5.048e+01 1 0)
s>                ( QUESTION0_0_R 1 -1.047e+04 2.022e+02 1.549e+02
s>                    ( WDBNDRY_B 0 -9.580e+03 2.055e+02 1.419e+02
s>                        ( QUESTION2_4_L -1 -3.547e+03 1.399e+02 5.100e+01
s>                            ( - -4.777e+01 1 0)
s>                            ( - -3.360e+03 7 0 QUESTION10 -1 1.529e+02 4.800e+01))
s>                        ( - -5.828e+03 5 0))
s>                    ( - -6.860e+02 1 0)))))INFO: dtree.c(1315): Comp split 6
INFO: dtree.c(1439): stop. leaf nodes are specific
INFO: dtree.c(1478): Final simple tree
|( WDBNDRY_B 0 -5.412e+03 1.916e+02 7.763e+01
|    ( QUESTION12 -1 -4.910e+03 1.727e+02 7.063e+01
|        ( - -1.190e+03 1 0)
|        ( QUESTION2_4_L -1 -3.547e+03 1.399e+02 5.100e+01
|            ( - -4.777e+01 1 0)
|            ( QUESTION10 -1 -3.360e+03 1.529e+02 4.800e+01
|                ( - -2.968e+02 1 0)
|                ( SILENCE -1 -2.910e+03 1.406e+02 4.300e+01
|                    ( - -7.407e+01 1 0)
|                    ( QUESTION0 -1 -2.695e+03 1.146e+02 4.000e+01
|                        ( - -2.731e+02 1 0)
|                        ( - -2.308e+03 4 0))))))
|    ( - -3.102e+02 1 0))
s>    ( WDBNDRY_B 0 -5.412e+03 1.916e+02 7.763e+01
s>        ( QUESTION12 -1 -4.910e+03 1.727e+02 7.063e+01
s>            ( - -1.190e+03 1 0)
s>            ( QUESTION2_4_L -1 -3.547e+03 1.399e+02 5.100e+01
s>                ( - -4.777e+01 1 0)
s>                ( QUESTION10 -1 -3.360e+03 1.529e+02 4.800e+01
s>                    ( - -2.968e+02 1 0)
s>                    ( SILENCE -1 -2.910e+03 1.406e+02 4.300e+01
s>                        ( - -7.407e+01 1 0)
s>                        ( QUESTION0 -1 -2.695e+03 1.146e+02 4.000e+01
s>                            ( - -2.731e+02 1 0)
s>                            ( - -2.308e+03 4 0))))))
s>        ( - -3.102e+02 1 0))INFO: dtree.c(1439): stop. leaf nodes are specific
INFO: dtree.c(1478): Final simple tree
|( QUESTION2 -1 -7.170e+03 2.437e+02 1.099e+02
|    ( - 4.295e+01 1 0)
|    ( QUESTION0 -1 -6.970e+03 2.151e+02 1.079e+02
|        ( - -5.048e+01 1 0)
|        ( WDBNDRY_B 0 -6.704e+03 1.906e+02 1.039e+02
|            ( - -6.860e+02 1 0)
|            ( - -5.828e+03 5 0))))
s>    ( QUESTION2 -1 -7.170e+03 2.437e+02 1.099e+02
s>        ( - 4.295e+01 1 0)
s>        ( QUESTION0 -1 -6.970e+03 2.151e+02 1.079e+02
s>            ( - -5.048e+01 1 0)
s>            ( WDBNDRY_B 0 -6.704e+03 1.906e+02 1.039e+02
s>                ( - -6.860e+02 1 0)
s>                ( - -5.828e+03 5 0))))INFO: dtree.c(1315): Comp split 7
INFO: dtree.c(1439): stop. leaf nodes are specific
INFO: dtree.c(1478): Final simple tree
|( QUESTION0 -1 -6.970e+03 2.151e+02 1.079e+02
|    ( - -5.048e+01 1 0)
|    ( WDBNDRY_B 0 -6.704e+03 1.906e+02 1.039e+02
|        ( - -6.860e+02 1 0)
|        ( - -5.828e+03 5 0)))
s>    ( QUESTION0 -1 -6.970e+03 2.151e+02 1.079e+02
s>        ( - -5.048e+01 1 0)
s>        ( WDBNDRY_B 0 -6.704e+03 1.906e+02 1.039e+02
s>            ( - -6.860e+02 1 0)
s>            ( - -5.828e+03 5 0)))INFO: dtree.c(1315): Comp split 8
INFO: dtree.c(1315): Comp split 9
INFO: dtree.c(1439): stop. leaf nodes are specific
INFO: dtree.c(1478): Final simple tree
|( WDBNDRY_B 0 -6.704e+03 1.906e+02 1.039e+02
|    ( - -6.860e+02 1 0)
|    ( - -5.828e+03 5 0))
s>    ( WDBNDRY_B 0 -6.704e+03 1.906e+02 1.039e+02
s>        ( - -6.860e+02 1 0)
s>        ( - -5.828e+03 5 0))INFO: dtree.c(1315): Comp split 10
INFO: dtree.c(1439): stop. leaf nodes are specific
INFO: dtree.c(1478): Final simple tree
|( QUESTION12 -1 -4.910e+03 1.727e+02 7.063e+01
|    ( - -1.190e+03 1 0)
|    ( QUESTION2_4_L -1 -3.547e+03 1.399e+02 5.100e+01
|        ( - -4.777e+01 1 0)
|        ( QUESTION10 -1 -3.360e+03 1.529e+02 4.800e+01
|            ( - -2.968e+02 1 0)
|            ( SILENCE -1 -2.910e+03 1.406e+02 4.300e+01
|                ( - -7.407e+01 1 0)
|                ( QUESTION0 -1 -2.695e+03 1.146e+02 4.000e+01
|                    ( - -2.731e+02 1 0)
|                    ( - -2.308e+03 4 0))))))
s>    ( QUESTION12 -1 -4.910e+03 1.727e+02 7.063e+01
s>        ( - -1.190e+03 1 0)
s>        ( QUESTION2_4_L -1 -3.547e+03 1.399e+02 5.100e+01
s>            ( - -4.777e+01 1 0)
s>            ( QUESTION10 -1 -3.360e+03 1.529e+02 4.800e+01
s>                ( - -2.968e+02 1 0)
s>                ( SILENCE -1 -2.910e+03 1.406e+02 4.300e+01
s>                    ( - -7.407e+01 1 0)
s>                    ( QUESTION0 -1 -2.695e+03 1.146e+02 4.000e+01
s>                        ( - -2.731e+02 1 0)
s>                        ( - -2.308e+03 4 0))))))INFO: dtree.c(1315): Comp split 11
INFO: dtree.c(1315): Comp split 12
INFO: dtree.c(1439): stop. leaf nodes are specific
INFO: dtree.c(1478): Final simple tree
|( QUESTION2_4_L -1 -3.547e+03 1.399e+02 5.100e+01
|    ( - -4.777e+01 1 0)
|    ( QUESTION10 -1 -3.360e+03 1.529e+02 4.800e+01
|        ( - -2.968e+02 1 0)
|        ( SILENCE -1 -2.910e+03 1.406e+02 4.300e+01
|            ( - -7.407e+01 1 0)
|            ( QUESTION0 -1 -2.695e+03 1.146e+02 4.000e+01
|                ( - -2.731e+02 1 0)
|                ( - -2.308e+03 4 0)))))
s>    ( QUESTION2_4_L -1 -3.547e+03 1.399e+02 5.100e+01
s>        ( - -4.777e+01 1 0)
s>        ( QUESTION10 -1 -3.360e+03 1.529e+02 4.800e+01
s>            ( - -2.968e+02 1 0)
s>            ( SILENCE -1 -2.910e+03 1.406e+02 4.300e+01
s>                ( - -7.407e+01 1 0)
s>                ( QUESTION0 -1 -2.695e+03 1.146e+02 4.000e+01
s>                    ( - -2.731e+02 1 0)
s>                    ( - -2.308e+03 4 0)))))INFO: dtree.c(1315): Comp split 13
INFO: dtree.c(1439): stop. leaf nodes are specific
INFO: dtree.c(1478): Final simple tree
|( QUESTION10 -1 -3.100e+03 1.417e+02 4.600e+01
|    ( - -4.777e+01 1 0)
|    ( SILENCE -1 -2.910e+03 1.406e+02 4.300e+01
|        ( - -7.407e+01 1 0)
|        ( QUESTION0 -1 -2.695e+03 1.146e+02 4.000e+01
|            ( - -2.731e+02 1 0)
|            ( - -2.308e+03 4 0))))
s>    ( QUESTION10 -1 -3.100e+03 1.417e+02 4.600e+01
s>        ( - -4.777e+01 1 0)
s>        ( SILENCE -1 -2.910e+03 1.406e+02 4.300e+01
s>            ( - -7.407e+01 1 0)
s>            ( QUESTION0 -1 -2.695e+03 1.146e+02 4.000e+01
s>                ( - -2.731e+02 1 0)
s>                ( - -2.308e+03 4 0))))INFO: dtree.c(1315): Comp split 14
INFO: dtree.c(1439): stop. leaf nodes are specific
INFO: dtree.c(1478): Final simple tree
|( QUESTION0 -1 -2.695e+03 1.146e+02 4.000e+01
|    ( - -2.731e+02 1 0)
|    ( - -2.308e+03 4 0))
s>    ( QUESTION0 -1 -2.695e+03 1.146e+02 4.000e+01
s>        ( - -2.731e+02 1 0)
s>        ( - -2.308e+03 4 0))INFO: dtree.c(1439): stop. leaf nodes are specific
INFO: dtree.c(1478): Final simple tree
|( SILENCE -1 -2.613e+02 1.395e+02 6.000e+00
|    ( - -7.407e+01 1 0)
|    ( - -4.777e+01 1 0))
s>    ( SILENCE -1 -2.613e+02 1.395e+02 6.000e+00
s>        ( - -7.407e+01 1 0)
s>        ( - -4.777e+01 1 0))INFO: dtree.c(1315): Comp split 15
INFO: dtree.c(1315): Comp split 16
INFO: dtree.c(1315): Comp split 17
INFO: dtree.c(1318): stop. leaf nodes are specific
!!!!!!!!Allocated 66 lines
Fri Apr  8 23:08:16 2016
