Current configuration:
[NAME]		[DEFLT]	[VALUE]
-allphones	no	no
-cntthresh	0.00001	1.000000e-05
-csplitmax	100	2000
-csplitmin	1	1
-csplitthr	8e-4	0.000000e+00
-example	no	no
-fullvar	no	no
-help		no	no
-meanfn			/home/yaroslav/model/model_parameters/ua.cd_cont_untied/means
-mixwfn			/home/yaroslav/model/model_parameters/ua.cd_cont_untied/mixture_weights
-moddeffn		/home/yaroslav/model/model_architecture/ua.untied.mdef
-mwfloor	1e-4	1.000000e-08
-phone			VV
-psetfn			/home/yaroslav/model/model_architecture/ua.tree_questions
-ssplitmax	5	7
-ssplitmin	1	1
-ssplitthr	8e-4	0.000000e+00
-state			0
-stwt			1.0,0.05,0.0,
-treefn			/home/yaroslav/model/trees/ua.unpruned/VV-0.dtree
-ts2cbfn	.semi.	.cont.
-varfloor	0.00001	1.000000e-05
-varfn			/home/yaroslav/model/model_parameters/ua.cd_cont_untied/variances

INFO: main.c(223): Reading: /home/yaroslav/model/model_architecture/ua.untied.mdef
INFO: model_def_io.c(573): Model definition info:
INFO: model_def_io.c(574): 8408 total models defined (50 base, 8358 tri)
INFO: model_def_io.c(575): 33632 total states
INFO: model_def_io.c(576): 25224 total tied states
INFO: model_def_io.c(577): 150 total tied CI states
INFO: model_def_io.c(578): 50 total tied transition matrices
INFO: model_def_io.c(579): 4 max state/model
INFO: model_def_io.c(580): 4 min state/model
INFO: main.c(242): Building trees for [VV A A i] through [VV Z I i]
INFO: main.c(269): Covering states |[21606 21662]| == 57
INFO: main.c(275): Reading: /home/yaroslav/model/model_parameters/ua.cd_cont_untied/mixture_weights
INFO: s3mixw_io.c(173): Read /home/yaroslav/model/model_parameters/ua.cd_cont_untied/mixture_weights [57x1x1 array]
INFO: main.c(311): 19 of 19 models have observation count greater than 0.000010
INFO: main.c(95): nrm stwt: 0.952 0.048 0.000 
INFO: s3gau_io.c(169): Read /home/yaroslav/model/model_parameters/ua.cd_cont_untied/means [25224x1x1 array]
INFO: s3gau_io.c(169): Read /home/yaroslav/model/model_parameters/ua.cd_cont_untied/variances [25224x1x1 array]
INFO: main.c(549): Reading: /home/yaroslav/model/model_architecture/ua.tree_questions
INFO: main.c(588): 174 total simple questions (166 phone; 8 word bndry)
INFO: main.c(590): 42 Left Only questions, and 40 Right Only questions
INFO: dtree.c(1478): Final simple tree
|( QUESTION11 -1 -9.938e+04 6.348e+02 4.823e+02
|    ( QUESTION2_10_L -1 -3.798e+04 2.242e+02 1.839e+02
|        ( QUESTION0_0_R 1 -2.507e+04 2.364e+02 1.233e+02
|            ( - -3.018e+03 1 0)
|            ( - -2.182e+04 2 0))
|        ( QUESTION0_0_R 1 -1.269e+04 4.265e+02 6.058e+01
|            ( - 1.632e+02 1 0)
|            ( QUESTION12 -1 -1.242e+04 1.662e+02 5.958e+01
|                ( - -8.537e+03 3 0 QUESTION13 -1 8.908e+01 4.150e+01)
|                ( - -3.720e+03 1 0))))
|    ( QUESTION0 -1 -6.076e+04 4.579e+02 2.984e+02
|        ( QUESTION0_0_R 1 -6.055e+04 2.250e+02 2.974e+02
|            ( - -1.205e+04 3 0)
|            ( - -4.827e+04 7 0))
|        ( - 2.426e+02 1 0)))
s>    ( QUESTION11 -1 -9.938e+04 6.348e+02 4.823e+02
s>        ( QUESTION2_10_L -1 -3.798e+04 2.242e+02 1.839e+02
s>            ( QUESTION0_0_R 1 -2.507e+04 2.364e+02 1.233e+02
s>                ( - -3.018e+03 1 0)
s>                ( - -2.182e+04 2 0))
s>            ( QUESTION0_0_R 1 -1.269e+04 4.265e+02 6.058e+01
s>                ( - 1.632e+02 1 0)
s>                ( QUESTION12 -1 -1.242e+04 1.662e+02 5.958e+01
s>                    ( - -8.537e+03 3 0 QUESTION13 -1 8.908e+01 4.150e+01)
s>                    ( - -3.720e+03 1 0))))
s>        ( QUESTION0 -1 -6.076e+04 4.579e+02 2.984e+02
s>            ( QUESTION0_0_R 1 -6.055e+04 2.250e+02 2.974e+02
s>                ( - -1.205e+04 3 0)
s>                ( - -4.827e+04 7 0))
s>            ( - 2.426e+02 1 0)))INFO: dtree.c(1315): Comp split 0
INFO: dtree.c(1439): stop. leaf nodes are specific
INFO: dtree.c(1478): Final simple tree
|( QUESTION2_10_L -1 -3.798e+04 2.242e+02 1.839e+02
|    ( QUESTION0_0_R 1 -2.507e+04 2.364e+02 1.233e+02
|        ( - -3.018e+03 1 0)
|        ( - -2.182e+04 2 0))
|    ( QUESTION0_0_R 1 -1.269e+04 4.265e+02 6.058e+01
|        ( - 1.632e+02 1 0)
|        ( QUESTION12 -1 -1.242e+04 1.662e+02 5.958e+01
|            ( QUESTION13 -1 -8.537e+03 8.908e+01 4.150e+01
|                ( - -2.522e+03 2 0)
|                ( - -5.927e+03 1 0))
|            ( - -3.720e+03 1 0))))
s>    ( QUESTION2_10_L -1 -3.798e+04 2.242e+02 1.839e+02
s>        ( QUESTION0_0_R 1 -2.507e+04 2.364e+02 1.233e+02
s>            ( - -3.018e+03 1 0)
s>            ( - -2.182e+04 2 0))
s>        ( QUESTION0_0_R 1 -1.269e+04 4.265e+02 6.058e+01
s>            ( - 1.632e+02 1 0)
s>            ( QUESTION12 -1 -1.242e+04 1.662e+02 5.958e+01
s>                ( QUESTION13 -1 -8.537e+03 8.908e+01 4.150e+01
s>                    ( - -2.522e+03 2 0)
s>                    ( - -5.927e+03 1 0))
s>                ( - -3.720e+03 1 0))))INFO: dtree.c(1439): stop. leaf nodes are specific
INFO: dtree.c(1478): Final simple tree
|( QUESTION0 -1 -6.076e+04 4.579e+02 2.984e+02
|    ( QUESTION0_0_R 1 -6.055e+04 2.250e+02 2.974e+02
|        ( - -1.205e+04 3 0)
|        ( - -4.827e+04 7 0))
|    ( - 2.426e+02 1 0))
s>    ( QUESTION0 -1 -6.076e+04 4.579e+02 2.984e+02
s>        ( QUESTION0_0_R 1 -6.055e+04 2.250e+02 2.974e+02
s>            ( - -1.205e+04 3 0)
s>            ( - -4.827e+04 7 0))
s>        ( - 2.426e+02 1 0))INFO: dtree.c(1315): Comp split 1
INFO: dtree.c(1439): stop. leaf nodes are specific
INFO: dtree.c(1478): Final simple tree
|( QUESTION0_0_R 1 -6.055e+04 2.250e+02 2.974e+02
|    ( - -1.205e+04 3 0)
|    ( - -4.827e+04 7 0))
s>    ( QUESTION0_0_R 1 -6.055e+04 2.250e+02 2.974e+02
s>        ( - -1.205e+04 3 0)
s>        ( - -4.827e+04 7 0))INFO: dtree.c(1315): Comp split 2
INFO: dtree.c(1439): stop. leaf nodes are specific
INFO: dtree.c(1478): Final simple tree
|( QUESTION0_0_R 1 -3.771e+04 2.350e+02 1.829e+02
|    ( - -3.018e+03 1 0)
|    ( QUESTION2_10_L -1 -3.446e+04 2.194e+02 1.668e+02
|        ( - -2.182e+04 2 0)
|        ( QUESTION12 -1 -1.242e+04 1.662e+02 5.958e+01
|            ( QUESTION13 -1 -8.537e+03 8.908e+01 4.150e+01
|                ( - -2.522e+03 2 0)
|                ( - -5.927e+03 1 0))
|            ( - -3.720e+03 1 0))))
s>    ( QUESTION0_0_R 1 -3.771e+04 2.350e+02 1.829e+02
s>        ( - -3.018e+03 1 0)
s>        ( QUESTION2_10_L -1 -3.446e+04 2.194e+02 1.668e+02
s>            ( - -2.182e+04 2 0)
s>            ( QUESTION12 -1 -1.242e+04 1.662e+02 5.958e+01
s>                ( QUESTION13 -1 -8.537e+03 8.908e+01 4.150e+01
s>                    ( - -2.522e+03 2 0)
s>                    ( - -5.927e+03 1 0))
s>                ( - -3.720e+03 1 0))))INFO: dtree.c(1315): Comp split 3
INFO: dtree.c(1439): stop. leaf nodes are specific
INFO: dtree.c(1478): Final simple tree
|( QUESTION2_10_L -1 -3.446e+04 2.194e+02 1.668e+02
|    ( - -2.182e+04 2 0)
|    ( QUESTION12 -1 -1.242e+04 1.662e+02 5.958e+01
|        ( QUESTION13 -1 -8.537e+03 8.908e+01 4.150e+01
|            ( - -2.522e+03 2 0)
|            ( - -5.927e+03 1 0))
|        ( - -3.720e+03 1 0)))
s>    ( QUESTION2_10_L -1 -3.446e+04 2.194e+02 1.668e+02
s>        ( - -2.182e+04 2 0)
s>        ( QUESTION12 -1 -1.242e+04 1.662e+02 5.958e+01
s>            ( QUESTION13 -1 -8.537e+03 8.908e+01 4.150e+01
s>                ( - -2.522e+03 2 0)
s>                ( - -5.927e+03 1 0))
s>            ( - -3.720e+03 1 0)))INFO: dtree.c(1315): Comp split 4
INFO: dtree.c(1315): Comp split 5
INFO: dtree.c(1439): stop. leaf nodes are specific
INFO: dtree.c(1478): Final simple tree
|( QUESTION12 -1 -1.242e+04 1.662e+02 5.958e+01
|    ( QUESTION13 -1 -8.537e+03 8.908e+01 4.150e+01
|        ( - -2.522e+03 2 0)
|        ( - -5.927e+03 1 0))
|    ( - -3.720e+03 1 0))
s>    ( QUESTION12 -1 -1.242e+04 1.662e+02 5.958e+01
s>        ( QUESTION13 -1 -8.537e+03 8.908e+01 4.150e+01
s>            ( - -2.522e+03 2 0)
s>            ( - -5.927e+03 1 0))
s>        ( - -3.720e+03 1 0))INFO: dtree.c(1315): Comp split 6
INFO: dtree.c(1439): stop. leaf nodes are specific
INFO: dtree.c(1478): Final simple tree
|( QUESTION13 -1 -8.537e+03 8.908e+01 4.150e+01
|    ( - -2.522e+03 2 0)
|    ( - -5.927e+03 1 0))
s>    ( QUESTION13 -1 -8.537e+03 8.908e+01 4.150e+01
s>        ( - -2.522e+03 2 0)
s>        ( - -5.927e+03 1 0))INFO: dtree.c(1315): Comp split 7
INFO: dtree.c(1315): Comp split 8
INFO: dtree.c(1318): stop. leaf nodes are specific
!!!!!!!!Allocated 66 lines
Fri Apr  8 00:57:21 2016
