Current configuration:
[NAME]		[DEFLT]	[VALUE]
-allphones	no	no
-cntthresh	0.00001	1.000000e-05
-csplitmax	100	2000
-csplitmin	1	1
-csplitthr	8e-4	0.000000e+00
-example	no	no
-fullvar	no	no
-help		no	no
-meanfn			/home/yaroslav/model/model_parameters/ua.cd_cont_untied/means
-mixwfn			/home/yaroslav/model/model_parameters/ua.cd_cont_untied/mixture_weights
-moddeffn		/home/yaroslav/model/model_architecture/ua.untied.mdef
-mwfloor	1e-4	1.000000e-08
-phone			L
-psetfn			/home/yaroslav/model/model_architecture/ua.tree_questions
-ssplitmax	5	7
-ssplitmin	1	1
-ssplitthr	8e-4	0.000000e+00
-state			1
-stwt			1.0,0.05,0.0,
-treefn			/home/yaroslav/model/trees/ua.unpruned/L-1.dtree
-ts2cbfn	.semi.	.cont.
-varfloor	0.00001	1.000000e-05
-varfn			/home/yaroslav/model/model_parameters/ua.cd_cont_untied/variances

INFO: main.c(223): Reading: /home/yaroslav/model/model_architecture/ua.untied.mdef
INFO: model_def_io.c(573): Model definition info:
INFO: model_def_io.c(574): 9365 total models defined (51 base, 9314 tri)
INFO: model_def_io.c(575): 37460 total states
INFO: model_def_io.c(576): 28095 total tied states
INFO: model_def_io.c(577): 153 total tied CI states
INFO: model_def_io.c(578): 51 total tied transition matrices
INFO: model_def_io.c(579): 4 max state/model
INFO: model_def_io.c(580): 4 min state/model
INFO: main.c(242): Building trees for [L A A b] through [L І Y i]
INFO: main.c(269): Covering states |[9636 10016]| == 381
INFO: main.c(275): Reading: /home/yaroslav/model/model_parameters/ua.cd_cont_untied/mixture_weights
INFO: s3mixw_io.c(173): Read /home/yaroslav/model/model_parameters/ua.cd_cont_untied/mixture_weights [381x1x1 array]
INFO: main.c(311): 124 of 127 models have observation count greater than 0.000010
INFO: main.c(95): nrm stwt: 0.045 0.909 0.045 
INFO: s3gau_io.c(169): Read /home/yaroslav/model/model_parameters/ua.cd_cont_untied/means [28095x1x1 array]
INFO: s3gau_io.c(169): Read /home/yaroslav/model/model_parameters/ua.cd_cont_untied/variances [28095x1x1 array]
INFO: main.c(549): Reading: /home/yaroslav/model/model_architecture/ua.tree_questions
INFO: main.c(588): 180 total simple questions (172 phone; 8 word bndry)
INFO: main.c(590): 42 Left Only questions, and 42 Right Only questions
INFO: dtree.c(1478): Final simple tree
|( QUESTION2_14_L -1 -7.797e+05 3.263e+03 3.937e+03
|    ( - -2.653e+05 18 0 QUESTION0_0_R 1 4.388e+02 1.374e+03)
|    ( QUESTION2_11_L -1 -5.111e+05 2.163e+03 2.563e+03
|        ( QUESTION2_12_L -1 -3.707e+05 1.192e+03 1.893e+03
|            ( QUESTION0_4_R 1 -2.636e+05 4.893e+02 1.360e+03
|                ( - 2.196e+02 1 0)
|                ( QUESTION0_2_R 1 -2.633e+05 4.686e+02 1.359e+03
|                    ( - -3.822e+03 2 0 WDBNDRY_E 0 3.269e+02 1.800e+01)
|                    ( - -2.590e+05 32 0 WDBNDRY_E 0 2.382e+02 1.341e+03)))
|            ( WDBNDRY_E 0 -1.060e+05 5.944e+02 5.333e+02
|                ( - -2.082e+04 4 0 QUESTION0_0_R 1 3.370e+02 1.143e+02)
|                ( - -8.457e+04 26 0 QUESTION0 1 2.811e+02 4.190e+02)))
|        ( SILENCE -1 -1.382e+05 6.758e+02 6.698e+02
|            ( - -1.390e+04 2 0)
|            ( - -1.236e+05 39 0 QUESTION2_10_L -1 4.378e+02 5.953e+02))))
s>    ( QUESTION2_14_L -1 -7.797e+05 3.263e+03 3.937e+03
s>        ( - -2.653e+05 18 0 QUESTION0_0_R 1 4.388e+02 1.374e+03)
s>        ( QUESTION2_11_L -1 -5.111e+05 2.163e+03 2.563e+03
s>            ( QUESTION2_12_L -1 -3.707e+05 1.192e+03 1.893e+03
s>                ( QUESTION0_4_R 1 -2.636e+05 4.893e+02 1.360e+03
s>                    ( - 2.196e+02 1 0)
s>                    ( QUESTION0_2_R 1 -2.633e+05 4.686e+02 1.359e+03
s>                        ( - -3.822e+03 2 0 WDBNDRY_E 0 3.269e+02 1.800e+01)
s>                        ( - -2.590e+05 32 0 WDBNDRY_E 0 2.382e+02 1.341e+03)))
s>                ( WDBNDRY_E 0 -1.060e+05 5.944e+02 5.333e+02
s>                    ( - -2.082e+04 4 0 QUESTION0_0_R 1 3.370e+02 1.143e+02)
s>                    ( - -8.457e+04 26 0 QUESTION0 1 2.811e+02 4.190e+02)))
s>            ( SILENCE -1 -1.382e+05 6.758e+02 6.698e+02
s>                ( - -1.390e+04 2 0)
s>                ( - -1.236e+05 39 0 QUESTION2_10_L -1 4.378e+02 5.953e+02))))INFO: dtree.c(1315): Comp split 0
INFO: dtree.c(1478): Final simple tree
|( QUESTION2_14_L -1 -3.509e+05 1.024e+03 1.793e+03
|    ( QUESTION0_0_R 1 -2.653e+05 4.388e+02 1.374e+03
|        ( WDBNDRY_E 0 -9.647e+03 2.475e+02 5.197e+01
|            ( - -6.657e+03 2 0 QUESTION0_1_R 1 1.683e+02 3.696e+01)
|            ( - -2.742e+03 1 0))
|        ( WDBNDRY_B 0 -2.552e+05 3.172e+02 1.322e+03
|            ( - -2.038e+04 5 0)
|            ( WDBNDRY_E 0 -2.346e+05 2.464e+02 1.215e+03
|                ( - -7.697e+02 1 0)
|                ( - -2.335e+05 9 0))))
|    ( QUESTION0 1 -8.457e+04 2.811e+02 4.190e+02
|        ( - -7.969e+04 23 0 QUESTION17 -1 1.893e+02 3.955e+02)
|        ( QUESTION0_11_R 1 -4.599e+03 2.234e+02 2.348e+01
|            ( - -1.217e+03 1 0)
|            ( - -3.159e+03 2 0 QUESTION0_1_R 1 1.898e+02 1.548e+01))))
s>    ( QUESTION2_14_L -1 -3.509e+05 1.024e+03 1.793e+03
s>        ( QUESTION0_0_R 1 -2.653e+05 4.388e+02 1.374e+03
s>            ( WDBNDRY_E 0 -9.647e+03 2.475e+02 5.197e+01
s>                ( - -6.657e+03 2 0 QUESTION0_1_R 1 1.683e+02 3.696e+01)
s>                ( - -2.742e+03 1 0))
s>            ( WDBNDRY_B 0 -2.552e+05 3.172e+02 1.322e+03
s>                ( - -2.038e+04 5 0)
s>                ( WDBNDRY_E 0 -2.346e+05 2.464e+02 1.215e+03
s>                    ( - -7.697e+02 1 0)
s>                    ( - -2.335e+05 9 0))))
s>        ( QUESTION0 1 -8.457e+04 2.811e+02 4.190e+02
s>            ( - -7.969e+04 23 0 QUESTION17 -1 1.893e+02 3.955e+02)
s>            ( QUESTION0_11_R 1 -4.599e+03 2.234e+02 2.348e+01
s>                ( - -1.217e+03 1 0)
s>                ( - -3.159e+03 2 0 QUESTION0_1_R 1 1.898e+02 1.548e+01))))INFO: dtree.c(1478): Final simple tree
|( QUESTION2_11_L -1 -4.254e+05 2.285e+03 2.144e+03
|    ( QUESTION2_12_L -1 -2.850e+05 6.071e+02 1.474e+03
|        ( QUESTION0_4_R 1 -2.636e+05 4.893e+02 1.360e+03
|            ( - 2.196e+02 1 0)
|            ( QUESTION0_2_R 1 -2.633e+05 4.686e+02 1.359e+03
|                ( - -3.822e+03 2 0 WDBNDRY_E 0 3.269e+02 1.800e+01)
|                ( - -2.590e+05 32 0 WDBNDRY_E 0 2.382e+02 1.341e+03)))
|        ( - -2.082e+04 4 0 QUESTION0_0_R 1 3.370e+02 1.143e+02))
|    ( SILENCE -1 -1.382e+05 6.758e+02 6.698e+02
|        ( - -1.390e+04 2 0)
|        ( QUESTION2_10_L -1 -1.236e+05 4.378e+02 5.953e+02
|            ( - 2.417e+02 1 0)
|            ( QUESTION8 -1 -1.234e+05 3.610e+02 5.943e+02
|                ( - -5.413e+04 11 0 WDBNDRY_B 0 9.005e+01 2.631e+02)
|                ( - -6.890e+04 27 0 QUESTION12 -1 2.410e+02 3.312e+02)))))
s>    ( QUESTION2_11_L -1 -4.254e+05 2.285e+03 2.144e+03
s>        ( QUESTION2_12_L -1 -2.850e+05 6.071e+02 1.474e+03
s>            ( QUESTION0_4_R 1 -2.636e+05 4.893e+02 1.360e+03
s>                ( - 2.196e+02 1 0)
s>                ( QUESTION0_2_R 1 -2.633e+05 4.686e+02 1.359e+03
s>                    ( - -3.822e+03 2 0 WDBNDRY_E 0 3.269e+02 1.800e+01)
s>                    ( - -2.590e+05 32 0 WDBNDRY_E 0 2.382e+02 1.341e+03)))
s>            ( - -2.082e+04 4 0 QUESTION0_0_R 1 3.370e+02 1.143e+02))
s>        ( SILENCE -1 -1.382e+05 6.758e+02 6.698e+02
s>            ( - -1.390e+04 2 0)
s>            ( QUESTION2_10_L -1 -1.236e+05 4.378e+02 5.953e+02
s>                ( - 2.417e+02 1 0)
s>                ( QUESTION8 -1 -1.234e+05 3.610e+02 5.943e+02
s>                    ( - -5.413e+04 11 0 WDBNDRY_B 0 9.005e+01 2.631e+02)
s>                    ( - -6.890e+04 27 0 QUESTION12 -1 2.410e+02 3.312e+02)))))INFO: dtree.c(1315): Comp split 1
INFO: dtree.c(1478): Final simple tree
|( WDBNDRY_E 0 -2.804e+05 6.181e+02 1.455e+03
|    ( QUESTION1 1 -2.155e+04 3.340e+02 1.183e+02
|        ( - -1.110e+03 1 0)
|        ( QUESTION0_0_R 1 -2.010e+04 2.299e+02 1.113e+02
|            ( - -5.040e+02 1 0)
|            ( - -1.937e+04 3 0 SILENCE 1 1.326e+02 1.073e+02)))
|    ( QUESTION7 1 -2.582e+05 2.373e+02 1.337e+03
|        ( - -1.382e+03 1 0)
|        ( WDBNDRY_B 0 -2.566e+05 2.314e+02 1.328e+03
|            ( QUESTION0 -1 -1.107e+04 2.236e+02 6.000e+01
|                ( - -8.117e+03 9 0)
|                ( - -2.731e+03 1 0))
|            ( QUESTION0 -1 -2.453e+05 1.878e+02 1.268e+03
|                ( - -2.404e+05 16 0 QUESTION0_0_R 1 1.701e+02 1.243e+03)
|                ( - -4.718e+03 4 0)))))
s>    ( WDBNDRY_E 0 -2.804e+05 6.181e+02 1.455e+03
s>        ( QUESTION1 1 -2.155e+04 3.340e+02 1.183e+02
s>            ( - -1.110e+03 1 0)
s>            ( QUESTION0_0_R 1 -2.010e+04 2.299e+02 1.113e+02
s>                ( - -5.040e+02 1 0)
s>                ( - -1.937e+04 3 0 SILENCE 1 1.326e+02 1.073e+02)))
s>        ( QUESTION7 1 -2.582e+05 2.373e+02 1.337e+03
s>            ( - -1.382e+03 1 0)
s>            ( WDBNDRY_B 0 -2.566e+05 2.314e+02 1.328e+03
s>                ( QUESTION0 -1 -1.107e+04 2.236e+02 6.000e+01
s>                    ( - -8.117e+03 9 0)
s>                    ( - -2.731e+03 1 0))
s>                ( QUESTION0 -1 -2.453e+05 1.878e+02 1.268e+03
s>                    ( - -2.404e+05 16 0 QUESTION0_0_R 1 1.701e+02 1.243e+03)
s>                    ( - -4.718e+03 4 0)))))INFO: dtree.c(1478): Final simple tree
|( SILENCE -1 -1.427e+05 6.738e+02 6.888e+02
|    ( - -1.390e+04 2 0)
|    ( QUESTION0_4_R 1 -1.281e+05 4.819e+02 6.143e+02
|        ( - 2.196e+02 1 0)
|        ( QUESTION2_10_L -1 -1.278e+05 4.383e+02 6.133e+02
|            ( - 2.417e+02 1 0)
|            ( QUESTION0_0_R 1 -1.276e+05 4.200e+02 6.123e+02
|                ( WDBNDRY_E 0 -3.822e+03 3.269e+02 1.800e+01
|                    ( - -7.909e+02 1 0)
|                    ( - -2.704e+03 1 0))
|                ( QUESTION8 -1 -1.234e+05 3.610e+02 5.943e+02
|                    ( - -5.413e+04 11 0 WDBNDRY_B 0 9.005e+01 2.631e+02)
|                    ( QUESTION12 -1 -6.890e+04 2.410e+02 3.312e+02
|                        ( - -7.420e+03 3 0 WDBNDRY_B 0 2.686e+02 3.873e+01)
|                        ( - -6.124e+04 24 0 QUESTION3 -1 1.954e+02 2.925e+02)))))))
s>    ( SILENCE -1 -1.427e+05 6.738e+02 6.888e+02
s>        ( - -1.390e+04 2 0)
s>        ( QUESTION0_4_R 1 -1.281e+05 4.819e+02 6.143e+02
s>            ( - 2.196e+02 1 0)
s>            ( QUESTION2_10_L -1 -1.278e+05 4.383e+02 6.133e+02
s>                ( - 2.417e+02 1 0)
s>                ( QUESTION0_0_R 1 -1.276e+05 4.200e+02 6.123e+02
s>                    ( WDBNDRY_E 0 -3.822e+03 3.269e+02 1.800e+01
s>                        ( - -7.909e+02 1 0)
s>                        ( - -2.704e+03 1 0))
s>                    ( QUESTION8 -1 -1.234e+05 3.610e+02 5.943e+02
s>                        ( - -5.413e+04 11 0 WDBNDRY_B 0 9.005e+01 2.631e+02)
s>                        ( QUESTION12 -1 -6.890e+04 2.410e+02 3.312e+02
s>                            ( - -7.420e+03 3 0 WDBNDRY_B 0 2.686e+02 3.873e+01)
s>                            ( - -6.124e+04 24 0 QUESTION3 -1 1.954e+02 2.925e+02)))))))INFO: dtree.c(1315): Comp split 2
INFO: dtree.c(1478): Final simple tree
|( QUESTION6 1 -8.865e+04 4.154e+02 4.390e+02
|    ( - -4.360e+03 2 0 QUESTION0 -1 1.345e+02 2.300e+01)
|    ( QUESTION0_3_R 1 -8.388e+04 2.534e+02 4.160e+02
|        ( - -1.485e+03 1 0)
|        ( WDBNDRY_E 0 -8.214e+04 2.486e+02 4.085e+02
|            ( - -7.697e+02 1 0)
|            ( QUESTION0_2_R 1 -8.112e+04 2.135e+02 4.035e+02
|                ( - -1.217e+03 1 0)
|                ( QUESTION17 -1 -7.969e+04 1.893e+02 3.955e+02
|                    ( - -1.550e+04 6 0 WDBNDRY_B 0 1.804e+02 7.876e+01)
|                    ( QUESTION0 -1 -6.400e+04 1.915e+02 3.168e+02
|                        ( WDBNDRY_B 0 -4.433e+04 2.380e+02 2.221e+02
|                            ( - -8.695e+02 1 0)
|                            ( - -4.322e+04 5 0))
|                        ( - -1.947e+04 11 0 WDBNDRY_B 0 1.467e+02 9.468e+01)))))))
s>    ( QUESTION6 1 -8.865e+04 4.154e+02 4.390e+02
s>        ( - -4.360e+03 2 0 QUESTION0 -1 1.345e+02 2.300e+01)
s>        ( QUESTION0_3_R 1 -8.388e+04 2.534e+02 4.160e+02
s>            ( - -1.485e+03 1 0)
s>            ( WDBNDRY_E 0 -8.214e+04 2.486e+02 4.085e+02
s>                ( - -7.697e+02 1 0)
s>                ( QUESTION0_2_R 1 -8.112e+04 2.135e+02 4.035e+02
s>                    ( - -1.217e+03 1 0)
s>                    ( QUESTION17 -1 -7.969e+04 1.893e+02 3.955e+02
s>                        ( - -1.550e+04 6 0 WDBNDRY_B 0 1.804e+02 7.876e+01)
s>                        ( QUESTION0 -1 -6.400e+04 1.915e+02 3.168e+02
s>                            ( WDBNDRY_B 0 -4.433e+04 2.380e+02 2.221e+02
s>                                ( - -8.695e+02 1 0)
s>                                ( - -4.322e+04 5 0))
s>                            ( - -1.947e+04 11 0 WDBNDRY_B 0 1.467e+02 9.468e+01)))))))INFO: dtree.c(1439): stop. leaf nodes are specific
INFO: dtree.c(1478): Final simple tree
|( WDBNDRY_I 0 -2.612e+05 3.547e+02 1.354e+03
|    ( - -2.335e+05 9 0)
|    ( WDBNDRY_B 0 -2.735e+04 3.150e+02 1.435e+02
|        ( - -2.038e+04 5 0)
|        ( QUESTION0_1_R 1 -6.657e+03 1.683e+02 3.696e+01
|            ( - -1.137e+03 1 0)
|            ( - -5.351e+03 1 0))))
s>    ( WDBNDRY_I 0 -2.612e+05 3.547e+02 1.354e+03
s>        ( - -2.335e+05 9 0)
s>        ( WDBNDRY_B 0 -2.735e+04 3.150e+02 1.435e+02
s>            ( - -2.038e+04 5 0)
s>            ( QUESTION0_1_R 1 -6.657e+03 1.683e+02 3.696e+01
s>                ( - -1.137e+03 1 0)
s>                ( - -5.351e+03 1 0))))INFO: dtree.c(1315): Comp split 3
INFO: dtree.c(1478): Final simple tree
|( QUESTION2_10_L -1 -1.247e+05 4.378e+02 6.003e+02
|    ( - 2.417e+02 1 0)
|    ( QUESTION8 -1 -1.245e+05 3.597e+02 5.993e+02
|        ( - -5.413e+04 11 0 WDBNDRY_B 0 9.005e+01 2.631e+02)
|        ( WDBNDRY_E 0 -6.998e+04 2.831e+02 3.362e+02
|            ( - -7.909e+02 1 0)
|            ( QUESTION12 -1 -6.890e+04 2.410e+02 3.312e+02
|                ( WDBNDRY_B 0 -7.420e+03 2.686e+02 3.873e+01
|                    ( - -2.958e+03 2 0)
|                    ( - -4.193e+03 1 0))
|                ( QUESTION3 -1 -6.124e+04 1.954e+02 2.925e+02
|                    ( - -2.154e+02 1 0)
|                    ( WDBNDRY_B 0 -6.083e+04 1.484e+02 2.905e+02
|                        ( - -2.616e+02 1 0)
|                        ( - -6.042e+04 22 0 QUESTION2 -1 1.237e+02 2.885e+02)))))))
s>    ( QUESTION2_10_L -1 -1.247e+05 4.378e+02 6.003e+02
s>        ( - 2.417e+02 1 0)
s>        ( QUESTION8 -1 -1.245e+05 3.597e+02 5.993e+02
s>            ( - -5.413e+04 11 0 WDBNDRY_B 0 9.005e+01 2.631e+02)
s>            ( WDBNDRY_E 0 -6.998e+04 2.831e+02 3.362e+02
s>                ( - -7.909e+02 1 0)
s>                ( QUESTION12 -1 -6.890e+04 2.410e+02 3.312e+02
s>                    ( WDBNDRY_B 0 -7.420e+03 2.686e+02 3.873e+01
s>                        ( - -2.958e+03 2 0)
s>                        ( - -4.193e+03 1 0))
s>                    ( QUESTION3 -1 -6.124e+04 1.954e+02 2.925e+02
s>                        ( - -2.154e+02 1 0)
s>                        ( WDBNDRY_B 0 -6.083e+04 1.484e+02 2.905e+02
s>                            ( - -2.616e+02 1 0)
s>                            ( - -6.042e+04 22 0 QUESTION2 -1 1.237e+02 2.885e+02)))))))INFO: dtree.c(1439): stop. leaf nodes are specific
INFO: dtree.c(1478): Final simple tree
|( QUESTION0_4_R 1 -1.729e+04 4.824e+02 8.852e+01
|    ( - 2.196e+02 1 0)
|    ( WDBNDRY_B 0 -1.703e+04 4.200e+02 8.752e+01
|        ( - -1.390e+04 2 0)
|        ( - -2.704e+03 1 0)))
s>    ( QUESTION0_4_R 1 -1.729e+04 4.824e+02 8.852e+01
s>        ( - 2.196e+02 1 0)
s>        ( WDBNDRY_B 0 -1.703e+04 4.200e+02 8.752e+01
s>            ( - -1.390e+04 2 0)
s>            ( - -2.704e+03 1 0)))INFO: dtree.c(1315): Comp split 4
INFO: dtree.c(1439): stop. leaf nodes are specific
INFO: dtree.c(1478): Final simple tree
|( QUESTION0_0_R 1 -2.010e+04 2.299e+02 1.113e+02
|    ( - -5.040e+02 1 0)
|    ( SILENCE 1 -1.937e+04 1.326e+02 1.073e+02
|        ( - -1.005e+03 1 0)
|        ( - -1.823e+04 2 0)))
s>    ( QUESTION0_0_R 1 -2.010e+04 2.299e+02 1.113e+02
s>        ( - -5.040e+02 1 0)
s>        ( SILENCE 1 -1.937e+04 1.326e+02 1.073e+02
s>            ( - -1.005e+03 1 0)
s>            ( - -1.823e+04 2 0)))INFO: dtree.c(1439): stop. leaf nodes are specific
INFO: dtree.c(1478): Final simple tree
|( WDBNDRY_E 0 -2.596e+05 2.882e+02 1.344e+03
|    ( - -1.110e+03 1 0)
|    ( QUESTION7 1 -2.582e+05 2.373e+02 1.337e+03
|        ( - -1.382e+03 1 0)
|        ( WDBNDRY_B 0 -2.566e+05 2.314e+02 1.328e+03
|            ( QUESTION0 -1 -1.107e+04 2.236e+02 6.000e+01
|                ( - -8.117e+03 9 0)
|                ( - -2.731e+03 1 0))
|            ( QUESTION0 -1 -2.453e+05 1.878e+02 1.268e+03
|                ( QUESTION0_0_R 1 -2.404e+05 1.701e+02 1.243e+03
|                    ( - -2.815e+02 2 0)
|                    ( - -2.400e+05 14 0))
|                ( - -4.718e+03 4 0)))))
s>    ( WDBNDRY_E 0 -2.596e+05 2.882e+02 1.344e+03
s>        ( - -1.110e+03 1 0)
s>        ( QUESTION7 1 -2.582e+05 2.373e+02 1.337e+03
s>            ( - -1.382e+03 1 0)
s>            ( WDBNDRY_B 0 -2.566e+05 2.314e+02 1.328e+03
s>                ( QUESTION0 -1 -1.107e+04 2.236e+02 6.000e+01
s>                    ( - -8.117e+03 9 0)
s>                    ( - -2.731e+03 1 0))
s>                ( QUESTION0 -1 -2.453e+05 1.878e+02 1.268e+03
s>                    ( QUESTION0_0_R 1 -2.404e+05 1.701e+02 1.243e+03
s>                        ( - -2.815e+02 2 0)
s>                        ( - -2.400e+05 14 0))
s>                    ( - -4.718e+03 4 0)))))INFO: dtree.c(1315): Comp split 5
INFO: dtree.c(1439): stop. leaf nodes are specific
INFO: dtree.c(1478): Final simple tree
|( WDBNDRY_B 0 -1.703e+04 4.200e+02 8.752e+01
|    ( - -1.390e+04 2 0)
|    ( - -2.704e+03 1 0))
s>    ( WDBNDRY_B 0 -1.703e+04 4.200e+02 8.752e+01
s>        ( - -1.390e+04 2 0)
s>        ( - -2.704e+03 1 0))INFO: dtree.c(1315): Comp split 6
INFO: dtree.c(1478): Final simple tree
|( QUESTION0_3_R 1 -8.286e+04 2.536e+02 4.110e+02
|    ( - -1.485e+03 1 0)
|    ( QUESTION0_2_R 1 -8.112e+04 2.135e+02 4.035e+02
|        ( - -1.217e+03 1 0)
|        ( QUESTION17 -1 -7.969e+04 1.893e+02 3.955e+02
|            ( WDBNDRY_B 0 -1.550e+04 1.804e+02 7.876e+01
|                ( QUESTION18 -1 -1.102e+04 4.901e+02 5.576e+01
|                    ( - 2.189e+02 1 0)
|                    ( - -1.075e+04 4 0))
|                ( - -4.298e+03 1 0))
|            ( QUESTION0 -1 -6.400e+04 1.915e+02 3.168e+02
|                ( WDBNDRY_B 0 -4.433e+04 2.380e+02 2.221e+02
|                    ( - -8.695e+02 1 0)
|                    ( - -4.322e+04 5 0))
|                ( - -1.947e+04 11 0 WDBNDRY_B 0 1.467e+02 9.468e+01)))))
s>    ( QUESTION0_3_R 1 -8.286e+04 2.536e+02 4.110e+02
s>        ( - -1.485e+03 1 0)
s>        ( QUESTION0_2_R 1 -8.112e+04 2.135e+02 4.035e+02
s>            ( - -1.217e+03 1 0)
s>            ( QUESTION17 -1 -7.969e+04 1.893e+02 3.955e+02
s>                ( WDBNDRY_B 0 -1.550e+04 1.804e+02 7.876e+01
s>                    ( QUESTION18 -1 -1.102e+04 4.901e+02 5.576e+01
s>                        ( - 2.189e+02 1 0)
s>                        ( - -1.075e+04 4 0))
s>                    ( - -4.298e+03 1 0))
s>                ( QUESTION0 -1 -6.400e+04 1.915e+02 3.168e+02
s>                    ( WDBNDRY_B 0 -4.433e+04 2.380e+02 2.221e+02
s>                        ( - -8.695e+02 1 0)
s>                        ( - -4.322e+04 5 0))
s>                    ( - -1.947e+04 11 0 WDBNDRY_B 0 1.467e+02 9.468e+01)))))INFO: dtree.c(1439): stop. leaf nodes are specific
INFO: dtree.c(1478): Final simple tree
|( WDBNDRY_E 0 -5.336e+03 2.056e+02 2.800e+01
|    ( - -7.697e+02 1 0)
|    ( QUESTION0 -1 -4.360e+03 1.345e+02 2.300e+01
|        ( - -2.742e+03 1 0)
|        ( - -1.484e+03 1 0)))
s>    ( WDBNDRY_E 0 -5.336e+03 2.056e+02 2.800e+01
s>        ( - -7.697e+02 1 0)
s>        ( QUESTION0 -1 -4.360e+03 1.345e+02 2.300e+01
s>            ( - -2.742e+03 1 0)
s>            ( - -1.484e+03 1 0)))INFO: dtree.c(1315): Comp split 7
INFO: dtree.c(1478): Final simple tree
|( QUESTION0_3_R 1 -8.260e+04 2.556e+02 4.100e+02
|    ( - -1.485e+03 1 0)
|    ( QUESTION0_2_R 1 -8.086e+04 2.130e+02 4.025e+02
|        ( - -1.217e+03 1 0)
|        ( QUESTION17 -1 -7.943e+04 1.926e+02 3.945e+02
|            ( WDBNDRY_B 0 -1.524e+04 1.864e+02 7.776e+01
|                ( - -1.075e+04 4 0)
|                ( - -4.298e+03 1 0))
|            ( QUESTION0 -1 -6.400e+04 1.915e+02 3.168e+02
|                ( WDBNDRY_B 0 -4.433e+04 2.380e+02 2.221e+02
|                    ( - -8.695e+02 1 0)
|                    ( - -4.322e+04 5 0))
|                ( WDBNDRY_B 0 -1.947e+04 1.467e+02 9.468e+01
|                    ( - -1.924e+03 3 0 QUESTION14 -1 2.466e+02 9.000e+00)
|                    ( - -1.740e+04 8 0 QUESTION14 -1 1.252e+02 8.568e+01))))))
s>    ( QUESTION0_3_R 1 -8.260e+04 2.556e+02 4.100e+02
s>        ( - -1.485e+03 1 0)
s>        ( QUESTION0_2_R 1 -8.086e+04 2.130e+02 4.025e+02
s>            ( - -1.217e+03 1 0)
s>            ( QUESTION17 -1 -7.943e+04 1.926e+02 3.945e+02
s>                ( WDBNDRY_B 0 -1.524e+04 1.864e+02 7.776e+01
s>                    ( - -1.075e+04 4 0)
s>                    ( - -4.298e+03 1 0))
s>                ( QUESTION0 -1 -6.400e+04 1.915e+02 3.168e+02
s>                    ( WDBNDRY_B 0 -4.433e+04 2.380e+02 2.221e+02
s>                        ( - -8.695e+02 1 0)
s>                        ( - -4.322e+04 5 0))
s>                    ( WDBNDRY_B 0 -1.947e+04 1.467e+02 9.468e+01
s>                        ( - -1.924e+03 3 0 QUESTION14 -1 2.466e+02 9.000e+00)
s>                        ( - -1.740e+04 8 0 QUESTION14 -1 1.252e+02 8.568e+01))))))INFO: dtree.c(1315): Comp split 8
INFO: dtree.c(1478): Final simple tree
|( QUESTION8 -1 -1.245e+05 3.597e+02 5.993e+02
|    ( - -5.413e+04 11 0 WDBNDRY_B 0 9.005e+01 2.631e+02)
|    ( WDBNDRY_E 0 -6.998e+04 2.831e+02 3.362e+02
|        ( - -7.909e+02 1 0)
|        ( QUESTION12 -1 -6.890e+04 2.410e+02 3.312e+02
|            ( WDBNDRY_B 0 -7.420e+03 2.686e+02 3.873e+01
|                ( - -2.958e+03 2 0)
|                ( - -4.193e+03 1 0))
|            ( QUESTION3 -1 -6.124e+04 1.954e+02 2.925e+02
|                ( - -2.154e+02 1 0)
|                ( WDBNDRY_B 0 -6.083e+04 1.484e+02 2.905e+02
|                    ( - -2.616e+02 1 0)
|                    ( QUESTION2 -1 -6.042e+04 1.237e+02 2.885e+02
|                        ( - -5.878e+04 20 0)
|                        ( - -1.520e+03 2 0)))))))
s>    ( QUESTION8 -1 -1.245e+05 3.597e+02 5.993e+02
s>        ( - -5.413e+04 11 0 WDBNDRY_B 0 9.005e+01 2.631e+02)
s>        ( WDBNDRY_E 0 -6.998e+04 2.831e+02 3.362e+02
s>            ( - -7.909e+02 1 0)
s>            ( QUESTION12 -1 -6.890e+04 2.410e+02 3.312e+02
s>                ( WDBNDRY_B 0 -7.420e+03 2.686e+02 3.873e+01
s>                    ( - -2.958e+03 2 0)
s>                    ( - -4.193e+03 1 0))
s>                ( QUESTION3 -1 -6.124e+04 1.954e+02 2.925e+02
s>                    ( - -2.154e+02 1 0)
s>                    ( WDBNDRY_B 0 -6.083e+04 1.484e+02 2.905e+02
s>                        ( - -2.616e+02 1 0)
s>                        ( QUESTION2 -1 -6.042e+04 1.237e+02 2.885e+02
s>                            ( - -5.878e+04 20 0)
s>                            ( - -1.520e+03 2 0)))))))INFO: dtree.c(1315): Comp split 9
INFO: dtree.c(1315): Comp split 10
INFO: dtree.c(1439): stop. leaf nodes are specific
INFO: dtree.c(1478): Final simple tree
|( QUESTION12 -1 -6.572e+04 2.859e+02 3.142e+02
|    ( - -4.193e+03 1 0)
|    ( QUESTION3 -1 -6.124e+04 1.954e+02 2.925e+02
|        ( - -2.154e+02 1 0)
|        ( WDBNDRY_B 0 -6.083e+04 1.484e+02 2.905e+02
|            ( - -2.616e+02 1 0)
|            ( QUESTION2 -1 -6.042e+04 1.237e+02 2.885e+02
|                ( - -5.878e+04 20 0)
|                ( - -1.520e+03 2 0)))))
s>    ( QUESTION12 -1 -6.572e+04 2.859e+02 3.142e+02
s>        ( - -4.193e+03 1 0)
s>        ( QUESTION3 -1 -6.124e+04 1.954e+02 2.925e+02
s>            ( - -2.154e+02 1 0)
s>            ( WDBNDRY_B 0 -6.083e+04 1.484e+02 2.905e+02
s>                ( - -2.616e+02 1 0)
s>                ( QUESTION2 -1 -6.042e+04 1.237e+02 2.885e+02
s>                    ( - -5.878e+04 20 0)
s>                    ( - -1.520e+03 2 0)))))INFO: dtree.c(1439): stop. leaf nodes are specific
INFO: dtree.c(1478): Final simple tree
|( WDBNDRY_E 0 -5.834e+04 2.827e+02 2.851e+02
|    ( - -7.909e+02 1 0)
|    ( QUESTION8 -1 -5.727e+04 1.751e+02 2.801e+02
|        ( WDBNDRY_B 0 -5.413e+04 9.005e+01 2.631e+02
|            ( - -5.217e+02 2 0)
|            ( - -5.352e+04 9 0))
|        ( - -2.958e+03 2 0)))
s>    ( WDBNDRY_E 0 -5.834e+04 2.827e+02 2.851e+02
s>        ( - -7.909e+02 1 0)
s>        ( QUESTION8 -1 -5.727e+04 1.751e+02 2.801e+02
s>            ( WDBNDRY_B 0 -5.413e+04 9.005e+01 2.631e+02
s>                ( - -5.217e+02 2 0)
s>                ( - -5.352e+04 9 0))
s>            ( - -2.958e+03 2 0)))INFO: dtree.c(1315): Comp split 11
INFO: dtree.c(1439): stop. leaf nodes are specific
INFO: dtree.c(1478): Final simple tree
|( WDBNDRY_E 0 -2.348e+05 1.748e+02 1.217e+03
|    ( - -1.137e+03 1 0)
|    ( - -2.335e+05 9 0))
s>    ( WDBNDRY_E 0 -2.348e+05 1.748e+02 1.217e+03
s>        ( - -1.137e+03 1 0)
s>        ( - -2.335e+05 9 0))INFO: dtree.c(1439): stop. leaf nodes are specific
INFO: dtree.c(1478): Final simple tree
|( WDBNDRY_B 0 -2.603e+04 3.058e+02 1.365e+02
|    ( - -2.038e+04 5 0)
|    ( - -5.351e+03 1 0))
s>    ( WDBNDRY_B 0 -2.603e+04 3.058e+02 1.365e+02
s>        ( - -2.038e+04 5 0)
s>        ( - -5.351e+03 1 0))INFO: dtree.c(1315): Comp split 12
INFO: dtree.c(1315): Comp split 13
INFO: dtree.c(1439): stop. leaf nodes are specific
INFO: dtree.c(1478): Final simple tree
|( QUESTION7 1 -2.582e+05 2.373e+02 1.337e+03
|    ( - -1.382e+03 1 0)
|    ( WDBNDRY_B 0 -2.566e+05 2.314e+02 1.328e+03
|        ( QUESTION0 -1 -1.107e+04 2.236e+02 6.000e+01
|            ( - -8.117e+03 9 0)
|            ( - -2.731e+03 1 0))
|        ( QUESTION0 -1 -2.453e+05 1.878e+02 1.268e+03
|            ( QUESTION0_0_R 1 -2.404e+05 1.701e+02 1.243e+03
|                ( - -2.815e+02 2 0)
|                ( - -2.400e+05 14 0))
|            ( - -4.718e+03 4 0))))
s>    ( QUESTION7 1 -2.582e+05 2.373e+02 1.337e+03
s>        ( - -1.382e+03 1 0)
s>        ( WDBNDRY_B 0 -2.566e+05 2.314e+02 1.328e+03
s>            ( QUESTION0 -1 -1.107e+04 2.236e+02 6.000e+01
s>                ( - -8.117e+03 9 0)
s>                ( - -2.731e+03 1 0))
s>            ( QUESTION0 -1 -2.453e+05 1.878e+02 1.268e+03
s>                ( QUESTION0_0_R 1 -2.404e+05 1.701e+02 1.243e+03
s>                    ( - -2.815e+02 2 0)
s>                    ( - -2.400e+05 14 0))
s>                ( - -4.718e+03 4 0))))INFO: dtree.c(1315): Comp split 14
INFO: dtree.c(1439): stop. leaf nodes are specific
INFO: dtree.c(1478): Final simple tree
|( QUESTION3 -1 -6.124e+04 1.954e+02 2.925e+02
|    ( - -2.154e+02 1 0)
|    ( WDBNDRY_B 0 -6.083e+04 1.484e+02 2.905e+02
|        ( - -2.616e+02 1 0)
|        ( QUESTION2 -1 -6.042e+04 1.237e+02 2.885e+02
|            ( - -5.878e+04 20 0)
|            ( - -1.520e+03 2 0))))
s>    ( QUESTION3 -1 -6.124e+04 1.954e+02 2.925e+02
s>        ( - -2.154e+02 1 0)
s>        ( WDBNDRY_B 0 -6.083e+04 1.484e+02 2.905e+02
s>            ( - -2.616e+02 1 0)
s>            ( QUESTION2 -1 -6.042e+04 1.237e+02 2.885e+02
s>                ( - -5.878e+04 20 0)
s>                ( - -1.520e+03 2 0))))INFO: dtree.c(1315): Comp split 15
INFO: dtree.c(1439): stop. leaf nodes are specific
INFO: dtree.c(1478): Final simple tree
|( QUESTION8 -1 -5.727e+04 1.751e+02 2.801e+02
|    ( WDBNDRY_B 0 -5.413e+04 9.005e+01 2.631e+02
|        ( - -5.217e+02 2 0)
|        ( - -5.352e+04 9 0))
|    ( - -2.958e+03 2 0))
s>    ( QUESTION8 -1 -5.727e+04 1.751e+02 2.801e+02
s>        ( WDBNDRY_B 0 -5.413e+04 9.005e+01 2.631e+02
s>            ( - -5.217e+02 2 0)
s>            ( - -5.352e+04 9 0))
s>        ( - -2.958e+03 2 0))INFO: dtree.c(1315): Comp split 16
INFO: dtree.c(1439): stop. leaf nodes are specific
INFO: dtree.c(1478): Final simple tree
|( QUESTION20 -1 -6.070e+04 2.118e+02 3.028e+02
|    ( - -6.983e+02 1 0)
|    ( QUESTION0_0_R 1 -5.979e+04 1.931e+02 2.988e+02
|        ( - -4.298e+03 1 0)
|        ( QUESTION17 -1 -5.530e+04 1.690e+02 2.758e+02
|            ( - -1.075e+04 4 0)
|            ( WDBNDRY_B 0 -4.437e+04 1.716e+02 2.211e+02
|                ( - -9.787e+02 2 0)
|                ( - -4.322e+04 5 0)))))
s>    ( QUESTION20 -1 -6.070e+04 2.118e+02 3.028e+02
s>        ( - -6.983e+02 1 0)
s>        ( QUESTION0_0_R 1 -5.979e+04 1.931e+02 2.988e+02
s>            ( - -4.298e+03 1 0)
s>            ( QUESTION17 -1 -5.530e+04 1.690e+02 2.758e+02
s>                ( - -1.075e+04 4 0)
s>                ( WDBNDRY_B 0 -4.437e+04 1.716e+02 2.211e+02
s>                    ( - -9.787e+02 2 0)
s>                    ( - -4.322e+04 5 0)))))INFO: dtree.c(1439): stop. leaf nodes are specific
INFO: dtree.c(1478): Final simple tree
|( WDBNDRY_B 0 -2.162e+04 2.264e+02 1.072e+02
|    ( - -8.695e+02 1 0)
|    ( QUESTION0_11_R 1 -2.053e+04 2.151e+02 1.012e+02
|        ( - -1.217e+03 1 0)
|        ( QUESTION0_0_R 1 -1.909e+04 2.045e+02 9.316e+01
|            ( - -1.485e+03 1 0)
|            ( QUESTION14 -1 -1.740e+04 1.252e+02 8.568e+01
|                ( - -1.681e+04 6 0)
|                ( - -4.695e+02 2 0)))))
s>    ( WDBNDRY_B 0 -2.162e+04 2.264e+02 1.072e+02
s>        ( - -8.695e+02 1 0)
s>        ( QUESTION0_11_R 1 -2.053e+04 2.151e+02 1.012e+02
s>            ( - -1.217e+03 1 0)
s>            ( QUESTION0_0_R 1 -1.909e+04 2.045e+02 9.316e+01
s>                ( - -1.485e+03 1 0)
s>                ( QUESTION14 -1 -1.740e+04 1.252e+02 8.568e+01
s>                    ( - -1.681e+04 6 0)
s>                    ( - -4.695e+02 2 0)))))INFO: dtree.c(1315): Comp split 17
INFO: dtree.c(1439): stop. leaf nodes are specific
INFO: dtree.c(1478): Final simple tree
|( WDBNDRY_B 0 -3.182e+03 1.690e+02 1.800e+01
|    ( - -2.731e+03 1 0)
|    ( - -2.815e+02 2 0))
s>    ( WDBNDRY_B 0 -3.182e+03 1.690e+02 1.800e+01
s>        ( - -2.731e+03 1 0)
s>        ( - -2.815e+02 2 0))INFO: dtree.c(1439): stop. leaf nodes are specific
INFO: dtree.c(1478): Final simple tree
|( QUESTION0_0_R 1 -2.548e+05 2.374e+02 1.319e+03
|    ( - -1.382e+03 1 0)
|    ( QUESTION0 -1 -2.532e+05 1.854e+02 1.310e+03
|        ( WDBNDRY_B 0 -2.483e+05 1.820e+02 1.285e+03
|            ( - -8.117e+03 9 0)
|            ( - -2.400e+05 14 0))
|        ( - -4.718e+03 4 0)))
s>    ( QUESTION0_0_R 1 -2.548e+05 2.374e+02 1.319e+03
s>        ( - -1.382e+03 1 0)
s>        ( QUESTION0 -1 -2.532e+05 1.854e+02 1.310e+03
s>            ( WDBNDRY_B 0 -2.483e+05 1.820e+02 1.285e+03
s>                ( - -8.117e+03 9 0)
s>                ( - -2.400e+05 14 0))
s>            ( - -4.718e+03 4 0)))INFO: dtree.c(1315): Comp split 18
INFO: dtree.c(1439): stop. leaf nodes are specific
INFO: dtree.c(1478): Final simple tree
|( QUESTION0 -1 -2.532e+05 1.854e+02 1.310e+03
|    ( WDBNDRY_B 0 -2.483e+05 1.820e+02 1.285e+03
|        ( - -8.117e+03 9 0)
|        ( - -2.400e+05 14 0))
|    ( - -4.718e+03 4 0))
s>    ( QUESTION0 -1 -2.532e+05 1.854e+02 1.310e+03
s>        ( WDBNDRY_B 0 -2.483e+05 1.820e+02 1.285e+03
s>            ( - -8.117e+03 9 0)
s>            ( - -2.400e+05 14 0))
s>        ( - -4.718e+03 4 0))INFO: dtree.c(1315): Comp split 19
INFO: dtree.c(1439): stop. leaf nodes are specific
INFO: dtree.c(1478): Final simple tree
|( QUESTION0_0_R 1 -1.909e+04 2.045e+02 9.316e+01
|    ( - -1.485e+03 1 0)
|    ( QUESTION14 -1 -1.740e+04 1.252e+02 8.568e+01
|        ( - -1.681e+04 6 0)
|        ( - -4.695e+02 2 0)))
s>    ( QUESTION0_0_R 1 -1.909e+04 2.045e+02 9.316e+01
s>        ( - -1.485e+03 1 0)
s>        ( QUESTION14 -1 -1.740e+04 1.252e+02 8.568e+01
s>            ( - -1.681e+04 6 0)
s>            ( - -4.695e+02 2 0)))INFO: dtree.c(1439): stop. leaf nodes are specific
INFO: dtree.c(1478): Final simple tree
|( WDBNDRY_B 0 -2.295e+03 2.083e+02 1.400e+01
|    ( - -8.695e+02 1 0)
|    ( - -1.217e+03 1 0))
s>    ( WDBNDRY_B 0 -2.295e+03 2.083e+02 1.400e+01
s>        ( - -8.695e+02 1 0)
s>        ( - -1.217e+03 1 0))INFO: dtree.c(1315): Comp split 20
INFO: dtree.c(1439): stop. leaf nodes are specific
INFO: dtree.c(1478): Final simple tree
|( SILENCE 1 -1.937e+04 1.326e+02 1.073e+02
|    ( - -1.005e+03 1 0)
|    ( - -1.823e+04 2 0))
s>    ( SILENCE 1 -1.937e+04 1.326e+02 1.073e+02
s>        ( - -1.005e+03 1 0)
s>        ( - -1.823e+04 2 0))INFO: dtree.c(1315): Comp split 21
INFO: dtree.c(1439): stop. leaf nodes are specific
INFO: dtree.c(1478): Final simple tree
|( WDBNDRY_B 0 -1.298e+04 1.412e+02 6.900e+01
|    ( - -8.117e+03 9 0)
|    ( - -4.718e+03 4 0))
s>    ( WDBNDRY_B 0 -1.298e+04 1.412e+02 6.900e+01
s>        ( - -8.117e+03 9 0)
s>        ( - -4.718e+03 4 0))INFO: dtree.c(1315): Comp split 22
INFO: dtree.c(1439): stop. leaf nodes are specific
INFO: dtree.c(1478): Final simple tree
|( QUESTION0_0_R 1 -5.979e+04 1.931e+02 2.988e+02
|    ( - -4.298e+03 1 0)
|    ( QUESTION17 -1 -5.530e+04 1.690e+02 2.758e+02
|        ( - -1.075e+04 4 0)
|        ( WDBNDRY_B 0 -4.437e+04 1.716e+02 2.211e+02
|            ( - -9.787e+02 2 0)
|            ( - -4.322e+04 5 0))))
s>    ( QUESTION0_0_R 1 -5.979e+04 1.931e+02 2.988e+02
s>        ( - -4.298e+03 1 0)
s>        ( QUESTION17 -1 -5.530e+04 1.690e+02 2.758e+02
s>            ( - -1.075e+04 4 0)
s>            ( WDBNDRY_B 0 -4.437e+04 1.716e+02 2.211e+02
s>                ( - -9.787e+02 2 0)
s>                ( - -4.322e+04 5 0))))INFO: dtree.c(1315): Comp split 23
INFO: dtree.c(1315): Comp split 24
INFO: dtree.c(1439): stop. leaf nodes are specific
INFO: dtree.c(1478): Final simple tree
|( QUESTION0 -1 -4.360e+03 1.345e+02 2.300e+01
|    ( - -2.742e+03 1 0)
|    ( - -1.484e+03 1 0))
s>    ( QUESTION0 -1 -4.360e+03 1.345e+02 2.300e+01
s>        ( - -2.742e+03 1 0)
s>        ( - -1.484e+03 1 0))INFO: dtree.c(1315): Comp split 25
INFO: dtree.c(1439): stop. leaf nodes are specific
INFO: dtree.c(1478): Final simple tree
|( QUESTION14 -1 -1.740e+04 1.252e+02 8.568e+01
|    ( - -1.681e+04 6 0)
|    ( - -4.695e+02 2 0))
s>    ( QUESTION14 -1 -1.740e+04 1.252e+02 8.568e+01
s>        ( - -1.681e+04 6 0)
s>        ( - -4.695e+02 2 0))INFO: dtree.c(1315): Comp split 26
INFO: dtree.c(1439): stop. leaf nodes are specific
INFO: dtree.c(1478): Final simple tree
|( WDBNDRY_B 0 -6.083e+04 1.484e+02 2.905e+02
|    ( - -2.616e+02 1 0)
|    ( QUESTION2 -1 -6.042e+04 1.237e+02 2.885e+02
|        ( - -5.878e+04 20 0)
|        ( - -1.520e+03 2 0)))
s>    ( WDBNDRY_B 0 -6.083e+04 1.484e+02 2.905e+02
s>        ( - -2.616e+02 1 0)
s>        ( QUESTION2 -1 -6.042e+04 1.237e+02 2.885e+02
s>            ( - -5.878e+04 20 0)
s>            ( - -1.520e+03 2 0)))INFO: dtree.c(1315): Comp split 27
INFO: dtree.c(1439): stop. leaf nodes are specific
INFO: dtree.c(1478): Final simple tree
|( QUESTION17 -1 -5.530e+04 1.690e+02 2.758e+02
|    ( - -1.075e+04 4 0)
|    ( WDBNDRY_B 0 -4.437e+04 1.716e+02 2.211e+02
|        ( - -9.787e+02 2 0)
|        ( - -4.322e+04 5 0)))
s>    ( QUESTION17 -1 -5.530e+04 1.690e+02 2.758e+02
s>        ( - -1.075e+04 4 0)
s>        ( WDBNDRY_B 0 -4.437e+04 1.716e+02 2.211e+02
s>            ( - -9.787e+02 2 0)
s>            ( - -4.322e+04 5 0)))INFO: dtree.c(1315): Comp split 28
INFO: dtree.c(1439): stop. leaf nodes are specific
INFO: dtree.c(1478): Final simple tree
|( WDBNDRY_B 0 -5.413e+04 9.005e+01 2.631e+02
|    ( - -5.217e+02 2 0)
|    ( - -5.352e+04 9 0))
s>    ( WDBNDRY_B 0 -5.413e+04 9.005e+01 2.631e+02
s>        ( - -5.217e+02 2 0)
s>        ( - -5.352e+04 9 0))INFO: dtree.c(1315): Comp split 29
INFO: dtree.c(1315): Comp split 30
INFO: dtree.c(1439): stop. leaf nodes are specific
INFO: dtree.c(1478): Final simple tree
|( WDBNDRY_B 0 -5.415e+04 1.702e+02 2.708e+02
|    ( - -1.075e+04 4 0)
|    ( - -4.322e+04 5 0))
s>    ( WDBNDRY_B 0 -5.415e+04 1.702e+02 2.708e+02
s>        ( - -1.075e+04 4 0)
s>        ( - -4.322e+04 5 0))INFO: dtree.c(1315): Comp split 31
INFO: dtree.c(1315): Comp split 32
INFO: dtree.c(1315): Comp split 33
INFO: dtree.c(1439): stop. leaf nodes are specific
INFO: dtree.c(1478): Final simple tree
|( QUESTION2 -1 -6.042e+04 1.237e+02 2.885e+02
|    ( - -5.878e+04 20 0)
|    ( - -1.520e+03 2 0))
s>    ( QUESTION2 -1 -6.042e+04 1.237e+02 2.885e+02
s>        ( - -5.878e+04 20 0)
s>        ( - -1.520e+03 2 0))INFO: dtree.c(1315): Comp split 34
INFO: dtree.c(1315): Comp split 35
INFO: dtree.c(1315): Comp split 36
INFO: dtree.c(1315): Comp split 37
INFO: dtree.c(1315): Comp split 38
INFO: dtree.c(1315): Comp split 39
INFO: dtree.c(1315): Comp split 40
INFO: dtree.c(1318): stop. leaf nodes are specific
!!!!!!!!Allocated 68 lines
Fri Apr  8 18:31:40 2016
