Current configuration:
[NAME]		[DEFLT]	[VALUE]
-allphones	no	no
-cntthresh	0.00001	1.000000e-05
-csplitmax	100	2000
-csplitmin	1	1
-csplitthr	8e-4	0.000000e+00
-example	no	no
-fullvar	no	no
-help		no	no
-meanfn			/home/yaroslav/model/model_parameters/ua.cd_cont_untied/means
-mixwfn			/home/yaroslav/model/model_parameters/ua.cd_cont_untied/mixture_weights
-moddeffn		/home/yaroslav/model/model_architecture/ua.untied.mdef
-mwfloor	1e-4	1.000000e-08
-phone			P
-psetfn			/home/yaroslav/model/model_architecture/ua.tree_questions
-ssplitmax	5	7
-ssplitmin	1	1
-ssplitthr	8e-4	0.000000e+00
-state			1
-stwt			1.0,0.05,0.0,
-treefn			/home/yaroslav/model/trees/ua.unpruned/P-1.dtree
-ts2cbfn	.semi.	.cont.
-varfloor	0.00001	1.000000e-05
-varfn			/home/yaroslav/model/model_parameters/ua.cd_cont_untied/variances

INFO: main.c(223): Reading: /home/yaroslav/model/model_architecture/ua.untied.mdef
INFO: model_def_io.c(573): Model definition info:
INFO: model_def_io.c(574): 9391 total models defined (51 base, 9340 tri)
INFO: model_def_io.c(575): 37564 total states
INFO: model_def_io.c(576): 28173 total tied states
INFO: model_def_io.c(577): 153 total tied CI states
INFO: model_def_io.c(578): 51 total tied transition matrices
INFO: model_def_io.c(579): 4 max state/model
INFO: model_def_io.c(580): 4 min state/model
INFO: main.c(242): Building trees for [P A A b] through [P І Y b]
INFO: main.c(269): Covering states |[14598 15164]| == 567
INFO: main.c(275): Reading: /home/yaroslav/model/model_parameters/ua.cd_cont_untied/mixture_weights
INFO: s3mixw_io.c(173): Read /home/yaroslav/model/model_parameters/ua.cd_cont_untied/mixture_weights [567x1x1 array]
INFO: main.c(311): 188 of 189 models have observation count greater than 0.000010
INFO: main.c(95): nrm stwt: 0.045 0.909 0.045 
INFO: s3gau_io.c(169): Read /home/yaroslav/model/model_parameters/ua.cd_cont_untied/means [28173x1x1 array]
INFO: s3gau_io.c(169): Read /home/yaroslav/model/model_parameters/ua.cd_cont_untied/variances [28173x1x1 array]
INFO: main.c(549): Reading: /home/yaroslav/model/model_architecture/ua.tree_questions
INFO: main.c(588): 174 total simple questions (166 phone; 8 word bndry)
INFO: main.c(590): 40 Left Only questions, and 42 Right Only questions
INFO: dtree.c(1478): Final simple tree
|( QUESTION19 1 -2.446e+05 1.689e+03 3.092e+03
|    ( QUESTION12 -1 -1.358e+05 4.217e+02 1.726e+03
|        ( - -4.596e+04 31 0 QUESTION16 -1 2.591e+02 5.845e+02)
|        ( QUESTION2_0_L -1 -8.945e+04 3.361e+02 1.141e+03
|            ( - -6.800e+04 31 0 WDBNDRY_B 0 2.161e+02 8.613e+02)
|            ( - -2.111e+04 26 0 WDBNDRY_E 0 3.181e+02 2.801e+02)))
|    ( QUESTION18 1 -1.071e+05 6.012e+02 1.366e+03
|        ( SILENCE -1 -2.770e+04 3.442e+02 3.585e+02
|            ( - 1.900e+02 1 0)
|            ( - -2.755e+04 48 0 WDBNDRY_E 0 2.693e+02 3.575e+02))
|        ( SILENCE -1 -7.882e+04 5.948e+02 1.008e+03
|            ( - -5.404e+03 1 0)
|            ( QUESTION7 1 -7.283e+04 4.049e+02 9.360e+02
|                ( - -6.578e+04 34 0 QUESTION12 -1 2.576e+02 8.545e+02)
|                ( - -6.642e+03 16 0 QUESTION13 -1 3.184e+02 8.145e+01)))))
s>    ( QUESTION19 1 -2.446e+05 1.689e+03 3.092e+03
s>        ( QUESTION12 -1 -1.358e+05 4.217e+02 1.726e+03
s>            ( - -4.596e+04 31 0 QUESTION16 -1 2.591e+02 5.845e+02)
s>            ( QUESTION2_0_L -1 -8.945e+04 3.361e+02 1.141e+03
s>                ( - -6.800e+04 31 0 WDBNDRY_B 0 2.161e+02 8.613e+02)
s>                ( - -2.111e+04 26 0 WDBNDRY_E 0 3.181e+02 2.801e+02)))
s>        ( QUESTION18 1 -1.071e+05 6.012e+02 1.366e+03
s>            ( SILENCE -1 -2.770e+04 3.442e+02 3.585e+02
s>                ( - 1.900e+02 1 0)
s>                ( - -2.755e+04 48 0 WDBNDRY_E 0 2.693e+02 3.575e+02))
s>            ( SILENCE -1 -7.882e+04 5.948e+02 1.008e+03
s>                ( - -5.404e+03 1 0)
s>                ( QUESTION7 1 -7.283e+04 4.049e+02 9.360e+02
s>                    ( - -6.578e+04 34 0 QUESTION12 -1 2.576e+02 8.545e+02)
s>                    ( - -6.642e+03 16 0 QUESTION13 -1 3.184e+02 8.145e+01)))))INFO: dtree.c(1315): Comp split 0
INFO: dtree.c(1478): Final simple tree
|( QUESTION18 1 -1.071e+05 6.012e+02 1.366e+03
|    ( SILENCE -1 -2.770e+04 3.442e+02 3.585e+02
|        ( - 1.900e+02 1 0)
|        ( WDBNDRY_E 0 -2.755e+04 2.693e+02 3.575e+02
|            ( - 2.012e+02 1 0)
|            ( - -2.748e+04 47 0 WDBNDRY_B 0 1.999e+02 3.567e+02)))
|    ( SILENCE -1 -7.882e+04 5.948e+02 1.008e+03
|        ( - -5.404e+03 1 0)
|        ( QUESTION7 1 -7.283e+04 4.049e+02 9.360e+02
|            ( - -6.578e+04 34 0 QUESTION12 -1 2.576e+02 8.545e+02)
|            ( QUESTION13 -1 -6.642e+03 3.184e+02 8.145e+01
|                ( - 2.326e+02 1 0)
|                ( QUESTION11 -1 -6.556e+03 3.117e+02 8.045e+01
|                    ( - 1.994e+02 1 0)
|                    ( - -6.444e+03 14 0 WDBNDRY_E 0 2.542e+02 7.945e+01))))))
s>    ( QUESTION18 1 -1.071e+05 6.012e+02 1.366e+03
s>        ( SILENCE -1 -2.770e+04 3.442e+02 3.585e+02
s>            ( - 1.900e+02 1 0)
s>            ( WDBNDRY_E 0 -2.755e+04 2.693e+02 3.575e+02
s>                ( - 2.012e+02 1 0)
s>                ( - -2.748e+04 47 0 WDBNDRY_B 0 1.999e+02 3.567e+02)))
s>        ( SILENCE -1 -7.882e+04 5.948e+02 1.008e+03
s>            ( - -5.404e+03 1 0)
s>            ( QUESTION7 1 -7.283e+04 4.049e+02 9.360e+02
s>                ( - -6.578e+04 34 0 QUESTION12 -1 2.576e+02 8.545e+02)
s>                ( QUESTION13 -1 -6.642e+03 3.184e+02 8.145e+01
s>                    ( - 2.326e+02 1 0)
s>                    ( QUESTION11 -1 -6.556e+03 3.117e+02 8.045e+01
s>                        ( - 1.994e+02 1 0)
s>                        ( - -6.444e+03 14 0 WDBNDRY_E 0 2.542e+02 7.945e+01))))))INFO: dtree.c(1478): Final simple tree
|( QUESTION12 -1 -1.358e+05 4.217e+02 1.726e+03
|    ( QUESTION16 -1 -4.596e+04 2.591e+02 5.845e+02
|        ( - -4.537e+03 3 0 WDBNDRY_B 0 2.007e+02 5.781e+01)
|        ( - -4.117e+04 28 0 QUESTION2_5_L -1 1.967e+02 5.267e+02))
|    ( QUESTION2_0_L -1 -8.945e+04 3.361e+02 1.141e+03
|        ( WDBNDRY_B 0 -6.800e+04 2.161e+02 8.613e+02
|            ( - -4.438e+04 14 0 QUESTION0 -1 1.768e+02 5.684e+02)
|            ( QUESTION0 -1 -2.340e+04 2.074e+02 2.929e+02
|                ( QUESTION2_1_L -1 -4.564e+03 2.073e+02 5.603e+01
|                    ( - -2.003e+03 1 0)
|                    ( - -2.354e+03 2 0))
|                ( - -1.863e+04 14 0 QUESTION10 -1 1.582e+02 2.369e+02)))
|        ( WDBNDRY_E 0 -2.111e+04 3.181e+02 2.801e+02
|            ( - 1.942e+02 1 0)
|            ( - -2.099e+04 25 0 QUESTION2 -1 1.931e+02 2.791e+02))))
s>    ( QUESTION12 -1 -1.358e+05 4.217e+02 1.726e+03
s>        ( QUESTION16 -1 -4.596e+04 2.591e+02 5.845e+02
s>            ( - -4.537e+03 3 0 WDBNDRY_B 0 2.007e+02 5.781e+01)
s>            ( - -4.117e+04 28 0 QUESTION2_5_L -1 1.967e+02 5.267e+02))
s>        ( QUESTION2_0_L -1 -8.945e+04 3.361e+02 1.141e+03
s>            ( WDBNDRY_B 0 -6.800e+04 2.161e+02 8.613e+02
s>                ( - -4.438e+04 14 0 QUESTION0 -1 1.768e+02 5.684e+02)
s>                ( QUESTION0 -1 -2.340e+04 2.074e+02 2.929e+02
s>                    ( QUESTION2_1_L -1 -4.564e+03 2.073e+02 5.603e+01
s>                        ( - -2.003e+03 1 0)
s>                        ( - -2.354e+03 2 0))
s>                    ( - -1.863e+04 14 0 QUESTION10 -1 1.582e+02 2.369e+02)))
s>            ( WDBNDRY_E 0 -2.111e+04 3.181e+02 2.801e+02
s>                ( - 1.942e+02 1 0)
s>                ( - -2.099e+04 25 0 QUESTION2 -1 1.931e+02 2.791e+02))))INFO: dtree.c(1315): Comp split 1
INFO: dtree.c(1478): Final simple tree
|( QUESTION7 1 -7.289e+04 4.118e+02 9.368e+02
|    ( QUESTION12 -1 -6.578e+04 2.576e+02 8.545e+02
|        ( - -2.208e+04 9 0 QUESTION15 -1 1.591e+02 2.861e+02)
|        ( - -4.344e+04 25 0 QUESTION5 -1 1.676e+02 5.684e+02))
|    ( QUESTION13 -1 -6.701e+03 3.184e+02 8.230e+01
|        ( - 2.326e+02 1 0)
|        ( QUESTION11 -1 -6.615e+03 3.117e+02 8.130e+01
|            ( - 1.994e+02 1 0)
|            ( QUESTION18 1 -6.503e+03 2.604e+02 8.030e+01
|                ( - 2.012e+02 1 0)
|                ( WDBNDRY_E 0 -6.444e+03 2.542e+02 7.945e+01
|                    ( - -1.156e+03 1 0)
|                    ( QUESTION0_3_R 1 -5.034e+03 1.978e+02 6.329e+01
|                        ( - -3.115e+01 1 0)
|                        ( - -4.805e+03 12 0 QUESTION2_0_L -1 2.468e+02 6.129e+01)))))))
s>    ( QUESTION7 1 -7.289e+04 4.118e+02 9.368e+02
s>        ( QUESTION12 -1 -6.578e+04 2.576e+02 8.545e+02
s>            ( - -2.208e+04 9 0 QUESTION15 -1 1.591e+02 2.861e+02)
s>            ( - -4.344e+04 25 0 QUESTION5 -1 1.676e+02 5.684e+02))
s>        ( QUESTION13 -1 -6.701e+03 3.184e+02 8.230e+01
s>            ( - 2.326e+02 1 0)
s>            ( QUESTION11 -1 -6.615e+03 3.117e+02 8.130e+01
s>                ( - 1.994e+02 1 0)
s>                ( QUESTION18 1 -6.503e+03 2.604e+02 8.030e+01
s>                    ( - 2.012e+02 1 0)
s>                    ( WDBNDRY_E 0 -6.444e+03 2.542e+02 7.945e+01
s>                        ( - -1.156e+03 1 0)
s>                        ( QUESTION0_3_R 1 -5.034e+03 1.978e+02 6.329e+01
s>                            ( - -3.115e+01 1 0)
s>                            ( - -4.805e+03 12 0 QUESTION2_0_L -1 2.468e+02 6.129e+01)))))))INFO: dtree.c(1478): Final simple tree
|( SILENCE -1 -3.355e+04 5.191e+02 4.296e+02
|    ( QUESTION0 1 -5.549e+03 3.351e+02 7.289e+01
|        ( - -5.404e+03 1 0)
|        ( - 1.900e+02 1 0))
|    ( WDBNDRY_B 0 -2.748e+04 1.999e+02 3.567e+02
|        ( QUESTION2_1_L -1 -1.321e+04 1.715e+02 1.756e+02
|            ( QUESTION0_0_R 1 -4.191e+03 3.233e+02 5.990e+01
|                ( - 1.907e+02 1 0)
|                ( - -4.058e+03 9 0 QUESTION0 -1 1.380e+02 5.890e+01))
|            ( QUESTION0_0_R 1 -8.848e+03 1.679e+02 1.157e+02
|                ( - 1.215e+01 1 0)
|                ( - -8.693e+03 18 0 QUESTION14 -1 1.651e+02 1.137e+02)))
|        ( QUESTION13 -1 -1.407e+04 1.667e+02 1.811e+02
|            ( - -7.052e+02 1 0)
|            ( - -1.319e+04 17 0 QUESTION0 -1 1.529e+02 1.731e+02))))
s>    ( SILENCE -1 -3.355e+04 5.191e+02 4.296e+02
s>        ( QUESTION0 1 -5.549e+03 3.351e+02 7.289e+01
s>            ( - -5.404e+03 1 0)
s>            ( - 1.900e+02 1 0))
s>        ( WDBNDRY_B 0 -2.748e+04 1.999e+02 3.567e+02
s>            ( QUESTION2_1_L -1 -1.321e+04 1.715e+02 1.756e+02
s>                ( QUESTION0_0_R 1 -4.191e+03 3.233e+02 5.990e+01
s>                    ( - 1.907e+02 1 0)
s>                    ( - -4.058e+03 9 0 QUESTION0 -1 1.380e+02 5.890e+01))
s>                ( QUESTION0_0_R 1 -8.848e+03 1.679e+02 1.157e+02
s>                    ( - 1.215e+01 1 0)
s>                    ( - -8.693e+03 18 0 QUESTION14 -1 1.651e+02 1.137e+02)))
s>            ( QUESTION13 -1 -1.407e+04 1.667e+02 1.811e+02
s>                ( - -7.052e+02 1 0)
s>                ( - -1.319e+04 17 0 QUESTION0 -1 1.529e+02 1.731e+02))))INFO: dtree.c(1315): Comp split 2
INFO: dtree.c(1478): Final simple tree
|( WDBNDRY_B 0 -2.648e+04 1.991e+02 3.477e+02
|    ( QUESTION2_1_L -1 -1.308e+04 1.772e+02 1.746e+02
|        ( QUESTION0 -1 -4.058e+03 1.380e+02 5.890e+01
|            ( - 1.714e+01 1 0)
|            ( - -3.937e+03 8 0 QUESTION10 -1 8.952e+01 5.690e+01))
|        ( QUESTION0_0_R 1 -8.848e+03 1.679e+02 1.157e+02
|            ( - 1.215e+01 1 0)
|            ( QUESTION14 -1 -8.693e+03 1.651e+02 1.137e+02
|                ( - -2.210e+01 1 0)
|                ( QUESTION11 -1 -8.505e+03 1.442e+02 1.117e+02
|                    ( - -1.113e+00 1 0)
|                    ( - -8.360e+03 16 0 QUESTION2_10_L -1 1.340e+02 1.097e+02)))))
|    ( QUESTION0 -1 -1.319e+04 1.529e+02 1.731e+02
|        ( - -1.928e+03 4 0 QUESTION2_0_L -1 1.296e+02 2.900e+01)
|        ( - -1.111e+04 13 0 QUESTION2_0_L -1 1.374e+02 1.441e+02)))
s>    ( WDBNDRY_B 0 -2.648e+04 1.991e+02 3.477e+02
s>        ( QUESTION2_1_L -1 -1.308e+04 1.772e+02 1.746e+02
s>            ( QUESTION0 -1 -4.058e+03 1.380e+02 5.890e+01
s>                ( - 1.714e+01 1 0)
s>                ( - -3.937e+03 8 0 QUESTION10 -1 8.952e+01 5.690e+01))
s>            ( QUESTION0_0_R 1 -8.848e+03 1.679e+02 1.157e+02
s>                ( - 1.215e+01 1 0)
s>                ( QUESTION14 -1 -8.693e+03 1.651e+02 1.137e+02
s>                    ( - -2.210e+01 1 0)
s>                    ( QUESTION11 -1 -8.505e+03 1.442e+02 1.117e+02
s>                        ( - -1.113e+00 1 0)
s>                        ( - -8.360e+03 16 0 QUESTION2_10_L -1 1.340e+02 1.097e+02)))))
s>        ( QUESTION0 -1 -1.319e+04 1.529e+02 1.731e+02
s>            ( - -1.928e+03 4 0 QUESTION2_0_L -1 1.296e+02 2.900e+01)
s>            ( - -1.111e+04 13 0 QUESTION2_0_L -1 1.374e+02 1.441e+02)))INFO: dtree.c(1439): stop. leaf nodes are specific
INFO: dtree.c(1478): Final simple tree
|( QUESTION0_0_R 1 -6.536e+03 3.109e+02 8.188e+01
|    ( - 1.907e+02 1 0)
|    ( QUESTION0 1 -6.416e+03 1.670e+02 8.088e+01
|        ( - -5.404e+03 1 0)
|        ( WDBNDRY_B 0 -8.447e+02 3.295e+02 9.000e+00
|            ( - 1.900e+02 1 0)
|            ( - -7.052e+02 1 0))))
s>    ( QUESTION0_0_R 1 -6.536e+03 3.109e+02 8.188e+01
s>        ( - 1.907e+02 1 0)
s>        ( QUESTION0 1 -6.416e+03 1.670e+02 8.088e+01
s>            ( - -5.404e+03 1 0)
s>            ( WDBNDRY_B 0 -8.447e+02 3.295e+02 9.000e+00
s>                ( - 1.900e+02 1 0)
s>                ( - -7.052e+02 1 0))))INFO: dtree.c(1315): Comp split 3
INFO: dtree.c(1478): Final simple tree
|( WDBNDRY_E 0 -4.831e+04 3.127e+02 6.115e+02
|    ( - 1.942e+02 1 0)
|    ( QUESTION16 -1 -4.819e+04 2.462e+02 6.105e+02
|        ( WDBNDRY_B 0 -4.537e+03 2.007e+02 5.781e+01
|            ( - -2.536e+03 2 0)
|            ( - -1.801e+03 1 0))
|        ( QUESTION0 -1 -4.341e+04 2.393e+02 5.527e+02
|            ( - -2.003e+03 1 0)
|            ( QUESTION2_5_L -1 -4.117e+04 1.967e+02 5.267e+02
|                ( WDBNDRY_B 0 -6.925e+02 1.727e+02 1.000e+01
|                    ( - -2.443e+01 1 0)
|                    ( - -4.954e+02 1 0))
|                ( QUESTION2_0_L -1 -4.028e+04 1.500e+02 5.167e+02
|                    ( - -3.462e+04 20 0 WDBNDRY_B 0 1.564e+02 4.428e+02)
|                    ( - -5.506e+03 6 0 WDBNDRY_B 0 8.328e+01 7.394e+01))))))
s>    ( WDBNDRY_E 0 -4.831e+04 3.127e+02 6.115e+02
s>        ( - 1.942e+02 1 0)
s>        ( QUESTION16 -1 -4.819e+04 2.462e+02 6.105e+02
s>            ( WDBNDRY_B 0 -4.537e+03 2.007e+02 5.781e+01
s>                ( - -2.536e+03 2 0)
s>                ( - -1.801e+03 1 0))
s>            ( QUESTION0 -1 -4.341e+04 2.393e+02 5.527e+02
s>                ( - -2.003e+03 1 0)
s>                ( QUESTION2_5_L -1 -4.117e+04 1.967e+02 5.267e+02
s>                    ( WDBNDRY_B 0 -6.925e+02 1.727e+02 1.000e+01
s>                        ( - -2.443e+01 1 0)
s>                        ( - -4.954e+02 1 0))
s>                    ( QUESTION2_0_L -1 -4.028e+04 1.500e+02 5.167e+02
s>                        ( - -3.462e+04 20 0 WDBNDRY_B 0 1.564e+02 4.428e+02)
s>                        ( - -5.506e+03 6 0 WDBNDRY_B 0 8.328e+01 7.394e+01))))))INFO: dtree.c(1478): Final simple tree
|( QUESTION2_0_L -1 -8.705e+04 3.323e+02 1.114e+03
|    ( WDBNDRY_B 0 -6.573e+04 2.206e+02 8.352e+02
|        ( QUESTION0 -1 -4.438e+04 1.768e+02 5.684e+02
|            ( - -4.456e+03 3 0 QUESTION2_1_L -1 1.319e+02 5.854e+01)
|            ( QUESTION10 -1 -3.975e+04 1.523e+02 5.098e+02
|                ( - -4.196e+03 1 0)
|                ( - -3.540e+04 10 0)))
|        ( QUESTION10 -1 -2.113e+04 1.645e+02 2.669e+02
|            ( - -1.288e+03 1 0)
|            ( - -1.968e+04 15 0 QUESTION0 -1 1.409e+02 2.469e+02)))
|    ( QUESTION2 -1 -2.099e+04 1.931e+02 2.791e+02
|        ( - -6.699e+03 9 0 WDBNDRY_B 0 1.365e+02 9.365e+01)
|        ( QUESTION0 -1 -1.410e+04 1.509e+02 1.855e+02
|            ( - -9.967e+03 11 0 QUESTION2_10_L -1 1.032e+02 1.328e+02)
|            ( - -3.980e+03 5 0 QUESTION10 -1 1.203e+02 5.265e+01))))
s>    ( QUESTION2_0_L -1 -8.705e+04 3.323e+02 1.114e+03
s>        ( WDBNDRY_B 0 -6.573e+04 2.206e+02 8.352e+02
s>            ( QUESTION0 -1 -4.438e+04 1.768e+02 5.684e+02
s>                ( - -4.456e+03 3 0 QUESTION2_1_L -1 1.319e+02 5.854e+01)
s>                ( QUESTION10 -1 -3.975e+04 1.523e+02 5.098e+02
s>                    ( - -4.196e+03 1 0)
s>                    ( - -3.540e+04 10 0)))
s>            ( QUESTION10 -1 -2.113e+04 1.645e+02 2.669e+02
s>                ( - -1.288e+03 1 0)
s>                ( - -1.968e+04 15 0 QUESTION0 -1 1.409e+02 2.469e+02)))
s>        ( QUESTION2 -1 -2.099e+04 1.931e+02 2.791e+02
s>            ( - -6.699e+03 9 0 WDBNDRY_B 0 1.365e+02 9.365e+01)
s>            ( QUESTION0 -1 -1.410e+04 1.509e+02 1.855e+02
s>                ( - -9.967e+03 11 0 QUESTION2_10_L -1 1.032e+02 1.328e+02)
s>                ( - -3.980e+03 5 0 QUESTION10 -1 1.203e+02 5.265e+01))))INFO: dtree.c(1315): Comp split 4
INFO: dtree.c(1478): Final simple tree
|( QUESTION11 -1 -6.615e+03 3.117e+02 8.130e+01
|    ( - 1.994e+02 1 0)
|    ( QUESTION18 1 -6.503e+03 2.604e+02 8.030e+01
|        ( - 2.012e+02 1 0)
|        ( WDBNDRY_E 0 -6.444e+03 2.542e+02 7.945e+01
|            ( - -1.156e+03 1 0)
|            ( QUESTION0_3_R 1 -5.034e+03 1.978e+02 6.329e+01
|                ( - -3.115e+01 1 0)
|                ( QUESTION2_0_L -1 -4.805e+03 2.468e+02 6.129e+01
|                    ( QUESTION0_0_R 1 -4.740e+03 1.844e+02 6.044e+01
|                        ( QUESTION0_2_R 1 -4.537e+03 1.555e+02 5.844e+01
|                            ( - -1.074e+01 1 0)
|                            ( - -4.371e+03 9 0 QUESTION0_15_R 1 1.430e+02 5.644e+01))
|                        ( - -1.829e+01 1 0))
|                    ( - 1.823e+02 1 0))))))
s>    ( QUESTION11 -1 -6.615e+03 3.117e+02 8.130e+01
s>        ( - 1.994e+02 1 0)
s>        ( QUESTION18 1 -6.503e+03 2.604e+02 8.030e+01
s>            ( - 2.012e+02 1 0)
s>            ( WDBNDRY_E 0 -6.444e+03 2.542e+02 7.945e+01
s>                ( - -1.156e+03 1 0)
s>                ( QUESTION0_3_R 1 -5.034e+03 1.978e+02 6.329e+01
s>                    ( - -3.115e+01 1 0)
s>                    ( QUESTION2_0_L -1 -4.805e+03 2.468e+02 6.129e+01
s>                        ( QUESTION0_0_R 1 -4.740e+03 1.844e+02 6.044e+01
s>                            ( QUESTION0_2_R 1 -4.537e+03 1.555e+02 5.844e+01
s>                                ( - -1.074e+01 1 0)
s>                                ( - -4.371e+03 9 0 QUESTION0_15_R 1 1.430e+02 5.644e+01))
s>                            ( - -1.829e+01 1 0))
s>                        ( - 1.823e+02 1 0))))))INFO: dtree.c(1478): Final simple tree
|( QUESTION0_0_R 1 -6.586e+04 3.140e+02 8.555e+02
|    ( - 2.326e+02 1 0)
|    ( QUESTION12 -1 -6.578e+04 2.576e+02 8.545e+02
|        ( QUESTION15 -1 -2.208e+04 1.591e+02 2.861e+02
|            ( - -5.162e+03 2 0 QUESTION16 -1 1.318e+02 7.118e+01)
|            ( - -1.676e+04 7 0 QUESTION2_0_L -1 1.444e+02 2.149e+02))
|        ( QUESTION5 -1 -4.344e+04 1.676e+02 5.684e+02
|            ( - -4.185e+03 2 0)
|            ( QUESTION2_0_L -1 -3.909e+04 1.913e+02 5.130e+02
|                ( WDBNDRY_I 0 -3.033e+04 1.932e+02 3.925e+02
|                    ( QUESTION10 -1 -7.955e+03 1.813e+02 1.004e+02
|                        ( - 3.042e+01 1 0)
|                        ( - -7.804e+03 5 0 QUESTION0 -1 1.467e+02 9.844e+01))
|                    ( - -2.218e+04 8 0 QUESTION2_1_L -1 1.342e+02 2.921e+02))
|                ( - -8.574e+03 9 0 QUESTION3 -1 1.588e+02 1.205e+02)))))
s>    ( QUESTION0_0_R 1 -6.586e+04 3.140e+02 8.555e+02
s>        ( - 2.326e+02 1 0)
s>        ( QUESTION12 -1 -6.578e+04 2.576e+02 8.545e+02
s>            ( QUESTION15 -1 -2.208e+04 1.591e+02 2.861e+02
s>                ( - -5.162e+03 2 0 QUESTION16 -1 1.318e+02 7.118e+01)
s>                ( - -1.676e+04 7 0 QUESTION2_0_L -1 1.444e+02 2.149e+02))
s>            ( QUESTION5 -1 -4.344e+04 1.676e+02 5.684e+02
s>                ( - -4.185e+03 2 0)
s>                ( QUESTION2_0_L -1 -3.909e+04 1.913e+02 5.130e+02
s>                    ( WDBNDRY_I 0 -3.033e+04 1.932e+02 3.925e+02
s>                        ( QUESTION10 -1 -7.955e+03 1.813e+02 1.004e+02
s>                            ( - 3.042e+01 1 0)
s>                            ( - -7.804e+03 5 0 QUESTION0 -1 1.467e+02 9.844e+01))
s>                        ( - -2.218e+04 8 0 QUESTION2_1_L -1 1.342e+02 2.921e+02))
s>                    ( - -8.574e+03 9 0 QUESTION3 -1 1.588e+02 1.205e+02)))))INFO: dtree.c(1315): Comp split 5
INFO: dtree.c(1439): stop. leaf nodes are specific
INFO: dtree.c(1478): Final simple tree
|( QUESTION0 -1 -3.951e+03 1.476e+02 5.051e+01
|    ( - -2.003e+03 1 0)
|    ( - -1.801e+03 1 0))
s>    ( QUESTION0 -1 -3.951e+03 1.476e+02 5.051e+01
s>        ( - -2.003e+03 1 0)
s>        ( - -1.801e+03 1 0))INFO: dtree.c(1478): Final simple tree
|( WDBNDRY_E 0 -4.399e+04 3.129e+02 5.610e+02
|    ( - 1.942e+02 1 0)
|    ( QUESTION2_5_L -1 -4.387e+04 1.997e+02 5.600e+02
|        ( WDBNDRY_B 0 -6.925e+02 1.727e+02 1.000e+01
|            ( - -2.443e+01 1 0)
|            ( - -4.954e+02 1 0))
|        ( QUESTION16 -1 -4.298e+04 1.639e+02 5.500e+02
|            ( - -2.536e+03 2 0)
|            ( QUESTION2_0_L -1 -4.028e+04 1.500e+02 5.167e+02
|                ( WDBNDRY_B 0 -3.462e+04 1.564e+02 4.428e+02
|                    ( QUESTION13 -1 -3.017e+04 1.599e+02 3.838e+02
|                        ( - -5.280e+03 6 0 QUESTION14 -1 9.617e+01 6.659e+01)
|                        ( - -2.473e+04 8 0))
|                    ( - -4.292e+03 6 0))
|                ( - -5.506e+03 6 0 WDBNDRY_B 0 8.328e+01 7.394e+01)))))
s>    ( WDBNDRY_E 0 -4.399e+04 3.129e+02 5.610e+02
s>        ( - 1.942e+02 1 0)
s>        ( QUESTION2_5_L -1 -4.387e+04 1.997e+02 5.600e+02
s>            ( WDBNDRY_B 0 -6.925e+02 1.727e+02 1.000e+01
s>                ( - -2.443e+01 1 0)
s>                ( - -4.954e+02 1 0))
s>            ( QUESTION16 -1 -4.298e+04 1.639e+02 5.500e+02
s>                ( - -2.536e+03 2 0)
s>                ( QUESTION2_0_L -1 -4.028e+04 1.500e+02 5.167e+02
s>                    ( WDBNDRY_B 0 -3.462e+04 1.564e+02 4.428e+02
s>                        ( QUESTION13 -1 -3.017e+04 1.599e+02 3.838e+02
s>                            ( - -5.280e+03 6 0 QUESTION14 -1 9.617e+01 6.659e+01)
s>                            ( - -2.473e+04 8 0))
s>                        ( - -4.292e+03 6 0))
s>                    ( - -5.506e+03 6 0 WDBNDRY_B 0 8.328e+01 7.394e+01)))))INFO: dtree.c(1315): Comp split 6
INFO: dtree.c(1439): stop. leaf nodes are specific
INFO: dtree.c(1478): Final simple tree
|( WDBNDRY_B 0 -5.994e+04 2.345e+02 7.607e+02
|    ( QUESTION0 -1 -4.003e+04 1.781e+02 5.138e+02
|        ( QUESTION2_1_L -1 -4.456e+03 1.319e+02 5.854e+01
|            ( - -6.337e+02 1 0)
|            ( - -3.691e+03 2 0))
|        ( - -3.540e+04 10 0))
|    ( QUESTION0 -1 -1.968e+04 1.409e+02 2.469e+02
|        ( - -2.354e+03 2 0)
|        ( - -1.718e+04 13 0)))
s>    ( WDBNDRY_B 0 -5.994e+04 2.345e+02 7.607e+02
s>        ( QUESTION0 -1 -4.003e+04 1.781e+02 5.138e+02
s>            ( QUESTION2_1_L -1 -4.456e+03 1.319e+02 5.854e+01
s>                ( - -6.337e+02 1 0)
s>                ( - -3.691e+03 2 0))
s>            ( - -3.540e+04 10 0))
s>        ( QUESTION0 -1 -1.968e+04 1.409e+02 2.469e+02
s>            ( - -2.354e+03 2 0)
s>            ( - -1.718e+04 13 0)))INFO: dtree.c(1478): Final simple tree
|( QUESTION2 -1 -2.676e+04 1.843e+02 3.537e+02
|    ( WDBNDRY_B 0 -6.699e+03 1.365e+02 9.365e+01
|        ( QUESTION8 -1 -5.587e+03 1.284e+02 7.766e+01
|            ( - -9.947e+02 1 0)
|            ( QUESTION2_6_L -1 -4.464e+03 1.268e+02 6.276e+01
|                ( - -6.911e+02 2 0)
|                ( - -3.647e+03 5 0 QUESTION3 -1 1.127e+02 5.276e+01)))
|        ( - -9.748e+02 1 0))
|    ( QUESTION9 -1 -1.987e+04 1.868e+02 2.601e+02
|        ( WDBNDRY_B 0 -7.467e+03 1.397e+02 9.957e+01
|            ( - -6.039e+03 4 0 QUESTION2_4_L -1 1.047e+02 7.959e+01)
|            ( - -1.288e+03 1 0))
|        ( SILENCE -1 -1.222e+04 1.357e+02 1.605e+02
|            ( - -2.117e+03 2 0)
|            ( - -9.967e+03 11 0 QUESTION2_10_L -1 1.032e+02 1.328e+02))))
s>    ( QUESTION2 -1 -2.676e+04 1.843e+02 3.537e+02
s>        ( WDBNDRY_B 0 -6.699e+03 1.365e+02 9.365e+01
s>            ( QUESTION8 -1 -5.587e+03 1.284e+02 7.766e+01
s>                ( - -9.947e+02 1 0)
s>                ( QUESTION2_6_L -1 -4.464e+03 1.268e+02 6.276e+01
s>                    ( - -6.911e+02 2 0)
s>                    ( - -3.647e+03 5 0 QUESTION3 -1 1.127e+02 5.276e+01)))
s>            ( - -9.748e+02 1 0))
s>        ( QUESTION9 -1 -1.987e+04 1.868e+02 2.601e+02
s>            ( WDBNDRY_B 0 -7.467e+03 1.397e+02 9.957e+01
s>                ( - -6.039e+03 4 0 QUESTION2_4_L -1 1.047e+02 7.959e+01)
s>                ( - -1.288e+03 1 0))
s>            ( SILENCE -1 -1.222e+04 1.357e+02 1.605e+02
s>                ( - -2.117e+03 2 0)
s>                ( - -9.967e+03 11 0 QUESTION2_10_L -1 1.032e+02 1.328e+02))))INFO: dtree.c(1315): Comp split 7
INFO: dtree.c(1439): stop. leaf nodes are specific
INFO: dtree.c(1478): Final simple tree
|( QUESTION0_0_R 1 -6.393e+03 3.114e+02 8.088e+01
|    ( - 1.907e+02 1 0)
|    ( WDBNDRY_B 0 -6.273e+03 1.637e+02 7.988e+01
|        ( - -5.404e+03 1 0)
|        ( - -7.052e+02 1 0)))
s>    ( QUESTION0_0_R 1 -6.393e+03 3.114e+02 8.088e+01
s>        ( - 1.907e+02 1 0)
s>        ( WDBNDRY_B 0 -6.273e+03 1.637e+02 7.988e+01
s>            ( - -5.404e+03 1 0)
s>            ( - -7.052e+02 1 0)))INFO: dtree.c(1315): Comp split 8
INFO: dtree.c(1478): Final simple tree
|( QUESTION12 -1 -6.578e+04 2.576e+02 8.545e+02
|    ( QUESTION15 -1 -2.208e+04 1.591e+02 2.861e+02
|        ( - -5.162e+03 2 0 QUESTION16 -1 1.318e+02 7.118e+01)
|        ( - -1.676e+04 7 0 QUESTION2_0_L -1 1.444e+02 2.149e+02))
|    ( QUESTION5 -1 -4.344e+04 1.676e+02 5.684e+02
|        ( - -4.185e+03 2 0)
|        ( QUESTION2_0_L -1 -3.909e+04 1.913e+02 5.130e+02
|            ( WDBNDRY_I 0 -3.033e+04 1.932e+02 3.925e+02
|                ( QUESTION10 -1 -7.955e+03 1.813e+02 1.004e+02
|                    ( - 3.042e+01 1 0)
|                    ( - -7.804e+03 5 0 QUESTION0 -1 1.467e+02 9.844e+01))
|                ( - -2.218e+04 8 0 QUESTION2_1_L -1 1.342e+02 2.921e+02))
|            ( QUESTION3 -1 -8.574e+03 1.588e+02 1.205e+02
|                ( - 3.265e+01 1 0)
|                ( - -8.448e+03 8 0 QUESTION2_7_L -1 1.478e+02 1.185e+02)))))
s>    ( QUESTION12 -1 -6.578e+04 2.576e+02 8.545e+02
s>        ( QUESTION15 -1 -2.208e+04 1.591e+02 2.861e+02
s>            ( - -5.162e+03 2 0 QUESTION16 -1 1.318e+02 7.118e+01)
s>            ( - -1.676e+04 7 0 QUESTION2_0_L -1 1.444e+02 2.149e+02))
s>        ( QUESTION5 -1 -4.344e+04 1.676e+02 5.684e+02
s>            ( - -4.185e+03 2 0)
s>            ( QUESTION2_0_L -1 -3.909e+04 1.913e+02 5.130e+02
s>                ( WDBNDRY_I 0 -3.033e+04 1.932e+02 3.925e+02
s>                    ( QUESTION10 -1 -7.955e+03 1.813e+02 1.004e+02
s>                        ( - 3.042e+01 1 0)
s>                        ( - -7.804e+03 5 0 QUESTION0 -1 1.467e+02 9.844e+01))
s>                    ( - -2.218e+04 8 0 QUESTION2_1_L -1 1.342e+02 2.921e+02))
s>                ( QUESTION3 -1 -8.574e+03 1.588e+02 1.205e+02
s>                    ( - 3.265e+01 1 0)
s>                    ( - -8.448e+03 8 0 QUESTION2_7_L -1 1.478e+02 1.185e+02)))))INFO: dtree.c(1315): Comp split 9
INFO: dtree.c(1478): Final simple tree
|( QUESTION2_5_L -1 -4.387e+04 1.997e+02 5.600e+02
|    ( WDBNDRY_B 0 -6.925e+02 1.727e+02 1.000e+01
|        ( - -2.443e+01 1 0)
|        ( - -4.954e+02 1 0))
|    ( QUESTION16 -1 -4.298e+04 1.639e+02 5.500e+02
|        ( - -2.536e+03 2 0)
|        ( QUESTION2_0_L -1 -4.028e+04 1.500e+02 5.167e+02
|            ( WDBNDRY_B 0 -3.462e+04 1.564e+02 4.428e+02
|                ( QUESTION13 -1 -3.017e+04 1.599e+02 3.838e+02
|                    ( QUESTION14 -1 -5.280e+03 9.617e+01 6.659e+01
|                        ( - -1.066e+03 3 0)
|                        ( - -4.118e+03 3 0))
|                    ( - -2.473e+04 8 0))
|                ( - -4.292e+03 6 0))
|            ( - -5.506e+03 6 0 WDBNDRY_B 0 8.328e+01 7.394e+01))))
s>    ( QUESTION2_5_L -1 -4.387e+04 1.997e+02 5.600e+02
s>        ( WDBNDRY_B 0 -6.925e+02 1.727e+02 1.000e+01
s>            ( - -2.443e+01 1 0)
s>            ( - -4.954e+02 1 0))
s>        ( QUESTION16 -1 -4.298e+04 1.639e+02 5.500e+02
s>            ( - -2.536e+03 2 0)
s>            ( QUESTION2_0_L -1 -4.028e+04 1.500e+02 5.167e+02
s>                ( WDBNDRY_B 0 -3.462e+04 1.564e+02 4.428e+02
s>                    ( QUESTION13 -1 -3.017e+04 1.599e+02 3.838e+02
s>                        ( QUESTION14 -1 -5.280e+03 9.617e+01 6.659e+01
s>                            ( - -1.066e+03 3 0)
s>                            ( - -4.118e+03 3 0))
s>                        ( - -2.473e+04 8 0))
s>                    ( - -4.292e+03 6 0))
s>                ( - -5.506e+03 6 0 WDBNDRY_B 0 8.328e+01 7.394e+01))))INFO: dtree.c(1315): Comp split 10
INFO: dtree.c(1478): Final simple tree
|( QUESTION18 1 -6.503e+03 2.604e+02 8.030e+01
|    ( - 2.012e+02 1 0)
|    ( WDBNDRY_E 0 -6.444e+03 2.542e+02 7.945e+01
|        ( - -1.156e+03 1 0)
|        ( QUESTION0_3_R 1 -5.034e+03 1.978e+02 6.329e+01
|            ( - -3.115e+01 1 0)
|            ( QUESTION2_0_L -1 -4.805e+03 2.468e+02 6.129e+01
|                ( QUESTION0_0_R 1 -4.740e+03 1.844e+02 6.044e+01
|                    ( QUESTION0_2_R 1 -4.537e+03 1.555e+02 5.844e+01
|                        ( - -1.074e+01 1 0)
|                        ( QUESTION0_15_R 1 -4.371e+03 1.430e+02 5.644e+01
|                            ( - -3.394e+03 4 0 WDBNDRY_B 0 1.183e+02 4.644e+01)
|                            ( - -8.347e+02 5 0 QUESTION10 -1 3.278e+02 1.000e+01)))
|                    ( - -1.829e+01 1 0))
|                ( - 1.823e+02 1 0)))))
s>    ( QUESTION18 1 -6.503e+03 2.604e+02 8.030e+01
s>        ( - 2.012e+02 1 0)
s>        ( WDBNDRY_E 0 -6.444e+03 2.542e+02 7.945e+01
s>            ( - -1.156e+03 1 0)
s>            ( QUESTION0_3_R 1 -5.034e+03 1.978e+02 6.329e+01
s>                ( - -3.115e+01 1 0)
s>                ( QUESTION2_0_L -1 -4.805e+03 2.468e+02 6.129e+01
s>                    ( QUESTION0_0_R 1 -4.740e+03 1.844e+02 6.044e+01
s>                        ( QUESTION0_2_R 1 -4.537e+03 1.555e+02 5.844e+01
s>                            ( - -1.074e+01 1 0)
s>                            ( QUESTION0_15_R 1 -4.371e+03 1.430e+02 5.644e+01
s>                                ( - -3.394e+03 4 0 WDBNDRY_B 0 1.183e+02 4.644e+01)
s>                                ( - -8.347e+02 5 0 QUESTION10 -1 3.278e+02 1.000e+01)))
s>                        ( - -1.829e+01 1 0))
s>                    ( - 1.823e+02 1 0)))))INFO: dtree.c(1315): Comp split 11
INFO: dtree.c(1439): stop. leaf nodes are specific
INFO: dtree.c(1478): Final simple tree
|( WDBNDRY_B 0 -6.273e+03 1.637e+02 7.988e+01
|    ( - -5.404e+03 1 0)
|    ( - -7.052e+02 1 0))
s>    ( WDBNDRY_B 0 -6.273e+03 1.637e+02 7.988e+01
s>        ( - -5.404e+03 1 0)
s>        ( - -7.052e+02 1 0))INFO: dtree.c(1315): Comp split 12
INFO: dtree.c(1439): stop. leaf nodes are specific
INFO: dtree.c(1478): Final simple tree
|( QUESTION10 -1 -2.477e+04 2.124e+02 3.134e+02
|    ( QUESTION2_0_L -1 -1.676e+04 1.444e+02 2.149e+02
|        ( QUESTION13 -1 -1.515e+04 1.192e+02 1.931e+02
|            ( - -1.761e+03 1 0)
|            ( WDBNDRY_B 0 -1.327e+04 1.003e+02 1.690e+02
|                ( - -1.265e+04 3 0)
|                ( - -5.168e+02 2 0)))
|        ( - -1.462e+03 1 0))
|    ( QUESTION0 -1 -7.804e+03 1.467e+02 9.844e+01
|        ( - -8.316e+01 1 0)
|        ( - -7.574e+03 4 0)))
s>    ( QUESTION10 -1 -2.477e+04 2.124e+02 3.134e+02
s>        ( QUESTION2_0_L -1 -1.676e+04 1.444e+02 2.149e+02
s>            ( QUESTION13 -1 -1.515e+04 1.192e+02 1.931e+02
s>                ( - -1.761e+03 1 0)
s>                ( WDBNDRY_B 0 -1.327e+04 1.003e+02 1.690e+02
s>                    ( - -1.265e+04 3 0)
s>                    ( - -5.168e+02 2 0)))
s>            ( - -1.462e+03 1 0))
s>        ( QUESTION0 -1 -7.804e+03 1.467e+02 9.844e+01
s>            ( - -8.316e+01 1 0)
s>            ( - -7.574e+03 4 0)))INFO: dtree.c(1478): Final simple tree
|( QUESTION5 -1 -4.073e+04 1.698e+02 5.411e+02
|    ( - -4.185e+03 2 0)
|    ( QUESTION3 -1 -3.637e+04 1.598e+02 4.857e+02
|        ( - 3.265e+01 1 0)
|        ( QUESTION2_0_L -1 -3.625e+04 1.576e+02 4.837e+02
|            ( WDBNDRY_I 0 -2.764e+04 1.761e+02 3.652e+02
|                ( - 3.042e+01 1 0)
|                ( QUESTION12 -1 -2.750e+04 1.560e+02 3.632e+02
|                    ( - -5.162e+03 2 0 QUESTION16 -1 1.318e+02 7.118e+01)
|                    ( QUESTION2_1_L -1 -2.218e+04 1.342e+02 2.921e+02
|                        ( - -2.028e+04 7 0 QUESTION0 -1 1.474e+02 2.671e+02)
|                        ( - -1.764e+03 1 0))))
|            ( QUESTION2_7_L -1 -8.448e+03 1.478e+02 1.185e+02
|                ( - -1.735e+01 1 0)
|                ( - -8.283e+03 7 0 QUESTION2_13_L -1 1.330e+02 1.165e+02)))))
s>    ( QUESTION5 -1 -4.073e+04 1.698e+02 5.411e+02
s>        ( - -4.185e+03 2 0)
s>        ( QUESTION3 -1 -3.637e+04 1.598e+02 4.857e+02
s>            ( - 3.265e+01 1 0)
s>            ( QUESTION2_0_L -1 -3.625e+04 1.576e+02 4.837e+02
s>                ( WDBNDRY_I 0 -2.764e+04 1.761e+02 3.652e+02
s>                    ( - 3.042e+01 1 0)
s>                    ( QUESTION12 -1 -2.750e+04 1.560e+02 3.632e+02
s>                        ( - -5.162e+03 2 0 QUESTION16 -1 1.318e+02 7.118e+01)
s>                        ( QUESTION2_1_L -1 -2.218e+04 1.342e+02 2.921e+02
s>                            ( - -2.028e+04 7 0 QUESTION0 -1 1.474e+02 2.671e+02)
s>                            ( - -1.764e+03 1 0))))
s>                ( QUESTION2_7_L -1 -8.448e+03 1.478e+02 1.185e+02
s>                    ( - -1.735e+01 1 0)
s>                    ( - -8.283e+03 7 0 QUESTION2_13_L -1 1.330e+02 1.165e+02)))))INFO: dtree.c(1315): Comp split 13
INFO: dtree.c(1478): Final simple tree
|( WDBNDRY_E 0 -6.444e+03 2.542e+02 7.945e+01
|    ( - -1.156e+03 1 0)
|    ( QUESTION0_3_R 1 -5.034e+03 1.978e+02 6.329e+01
|        ( - -3.115e+01 1 0)
|        ( QUESTION2_0_L -1 -4.805e+03 2.468e+02 6.129e+01
|            ( QUESTION0_0_R 1 -4.740e+03 1.844e+02 6.044e+01
|                ( QUESTION0_2_R 1 -4.537e+03 1.555e+02 5.844e+01
|                    ( - -1.074e+01 1 0)
|                    ( QUESTION0_15_R 1 -4.371e+03 1.430e+02 5.644e+01
|                        ( - -3.394e+03 4 0 WDBNDRY_B 0 1.183e+02 4.644e+01)
|                        ( QUESTION10 -1 -8.347e+02 3.278e+02 1.000e+01
|                            ( - 2.216e+02 1 0)
|                            ( - -7.285e+02 4 0 QUESTION0_17_R 1 1.977e+02 9.000e+00))))
|                ( - -1.829e+01 1 0))
|            ( - 1.823e+02 1 0))))
s>    ( WDBNDRY_E 0 -6.444e+03 2.542e+02 7.945e+01
s>        ( - -1.156e+03 1 0)
s>        ( QUESTION0_3_R 1 -5.034e+03 1.978e+02 6.329e+01
s>            ( - -3.115e+01 1 0)
s>            ( QUESTION2_0_L -1 -4.805e+03 2.468e+02 6.129e+01
s>                ( QUESTION0_0_R 1 -4.740e+03 1.844e+02 6.044e+01
s>                    ( QUESTION0_2_R 1 -4.537e+03 1.555e+02 5.844e+01
s>                        ( - -1.074e+01 1 0)
s>                        ( QUESTION0_15_R 1 -4.371e+03 1.430e+02 5.644e+01
s>                            ( - -3.394e+03 4 0 WDBNDRY_B 0 1.183e+02 4.644e+01)
s>                            ( QUESTION10 -1 -8.347e+02 3.278e+02 1.000e+01
s>                                ( - 2.216e+02 1 0)
s>                                ( - -7.285e+02 4 0 QUESTION0_17_R 1 1.977e+02 9.000e+00))))
s>                    ( - -1.829e+01 1 0))
s>                ( - 1.823e+02 1 0))))INFO: dtree.c(1315): Comp split 14
INFO: dtree.c(1478): Final simple tree
|( WDBNDRY_E 0 -6.351e+03 2.573e+02 7.845e+01
|    ( - -1.156e+03 1 0)
|    ( QUESTION0_17_R 1 -4.937e+03 2.079e+02 6.229e+01
|        ( - -1.178e+01 1 0)
|        ( QUESTION0_3_R 1 -4.717e+03 2.006e+02 6.029e+01
|            ( - -3.115e+01 1 0)
|            ( QUESTION2_0_L -1 -4.486e+03 2.464e+02 5.829e+01
|                ( QUESTION0_0_R 1 -4.422e+03 1.858e+02 5.744e+01
|                    ( QUESTION0_2_R 1 -4.218e+03 1.578e+02 5.544e+01
|                        ( - -1.074e+01 1 0)
|                        ( QUESTION0_15_R 1 -4.049e+03 1.365e+02 5.344e+01
|                            ( - -3.394e+03 4 0 WDBNDRY_B 0 1.183e+02 4.644e+01)
|                            ( - -5.191e+02 3 0 WDBNDRY_B 0 1.099e+02 7.000e+00)))
|                    ( - -1.829e+01 1 0))
|                ( - 1.823e+02 1 0)))))
s>    ( WDBNDRY_E 0 -6.351e+03 2.573e+02 7.845e+01
s>        ( - -1.156e+03 1 0)
s>        ( QUESTION0_17_R 1 -4.937e+03 2.079e+02 6.229e+01
s>            ( - -1.178e+01 1 0)
s>            ( QUESTION0_3_R 1 -4.717e+03 2.006e+02 6.029e+01
s>                ( - -3.115e+01 1 0)
s>                ( QUESTION2_0_L -1 -4.486e+03 2.464e+02 5.829e+01
s>                    ( QUESTION0_0_R 1 -4.422e+03 1.858e+02 5.744e+01
s>                        ( QUESTION0_2_R 1 -4.218e+03 1.578e+02 5.544e+01
s>                            ( - -1.074e+01 1 0)
s>                            ( QUESTION0_15_R 1 -4.049e+03 1.365e+02 5.344e+01
s>                                ( - -3.394e+03 4 0 WDBNDRY_B 0 1.183e+02 4.644e+01)
s>                                ( - -5.191e+02 3 0 WDBNDRY_B 0 1.099e+02 7.000e+00)))
s>                        ( - -1.829e+01 1 0))
s>                    ( - 1.823e+02 1 0)))))INFO: dtree.c(1315): Comp split 15
INFO: dtree.c(1478): Final simple tree
|( QUESTION0_17_R 1 -4.937e+03 2.079e+02 6.229e+01
|    ( - -1.178e+01 1 0)
|    ( QUESTION0_3_R 1 -4.717e+03 2.006e+02 6.029e+01
|        ( - -3.115e+01 1 0)
|        ( QUESTION2_0_L -1 -4.486e+03 2.464e+02 5.829e+01
|            ( QUESTION0_0_R 1 -4.422e+03 1.858e+02 5.744e+01
|                ( QUESTION0_2_R 1 -4.218e+03 1.578e+02 5.544e+01
|                    ( - -1.074e+01 1 0)
|                    ( QUESTION0_15_R 1 -4.049e+03 1.365e+02 5.344e+01
|                        ( WDBNDRY_B 0 -3.394e+03 1.183e+02 4.644e+01
|                            ( - -1.148e+02 2 0)
|                            ( - -3.160e+03 2 0))
|                        ( - -5.191e+02 3 0 WDBNDRY_B 0 1.099e+02 7.000e+00)))
|                ( - -1.829e+01 1 0))
|            ( - 1.823e+02 1 0))))
s>    ( QUESTION0_17_R 1 -4.937e+03 2.079e+02 6.229e+01
s>        ( - -1.178e+01 1 0)
s>        ( QUESTION0_3_R 1 -4.717e+03 2.006e+02 6.029e+01
s>            ( - -3.115e+01 1 0)
s>            ( QUESTION2_0_L -1 -4.486e+03 2.464e+02 5.829e+01
s>                ( QUESTION0_0_R 1 -4.422e+03 1.858e+02 5.744e+01
s>                    ( QUESTION0_2_R 1 -4.218e+03 1.578e+02 5.544e+01
s>                        ( - -1.074e+01 1 0)
s>                        ( QUESTION0_15_R 1 -4.049e+03 1.365e+02 5.344e+01
s>                            ( WDBNDRY_B 0 -3.394e+03 1.183e+02 4.644e+01
s>                                ( - -1.148e+02 2 0)
s>                                ( - -3.160e+03 2 0))
s>                            ( - -5.191e+02 3 0 WDBNDRY_B 0 1.099e+02 7.000e+00)))
s>                    ( - -1.829e+01 1 0))
s>                ( - 1.823e+02 1 0))))INFO: dtree.c(1315): Comp split 16
INFO: dtree.c(1439): stop. leaf nodes are specific
INFO: dtree.c(1478): Final simple tree
|( QUESTION0 -1 -2.429e+04 1.622e+02 3.054e+02
|    ( QUESTION2_1_L -1 -6.947e+03 1.398e+02 8.856e+01
|        ( - -6.337e+02 1 0)
|        ( WDBNDRY_B 0 -6.174e+03 1.289e+02 7.956e+01
|            ( - -3.691e+03 2 0)
|            ( - -2.354e+03 2 0)))
|    ( - -1.718e+04 13 0))
s>    ( QUESTION0 -1 -2.429e+04 1.622e+02 3.054e+02
s>        ( QUESTION2_1_L -1 -6.947e+03 1.398e+02 8.856e+01
s>            ( - -6.337e+02 1 0)
s>            ( WDBNDRY_B 0 -6.174e+03 1.289e+02 7.956e+01
s>                ( - -3.691e+03 2 0)
s>                ( - -2.354e+03 2 0)))
s>        ( - -1.718e+04 13 0))INFO: dtree.c(1315): Comp split 17
INFO: dtree.c(1478): Final simple tree
|( QUESTION0_17_R 1 -4.873e+03 2.075e+02 6.144e+01
|    ( - -1.178e+01 1 0)
|    ( QUESTION0_3_R 1 -4.653e+03 2.005e+02 5.944e+01
|        ( - -3.115e+01 1 0)
|        ( QUESTION0_0_R 1 -4.422e+03 1.858e+02 5.744e+01
|            ( QUESTION0_2_R 1 -4.218e+03 1.578e+02 5.544e+01
|                ( - -1.074e+01 1 0)
|                ( QUESTION0_15_R 1 -4.049e+03 1.365e+02 5.344e+01
|                    ( WDBNDRY_B 0 -3.394e+03 1.183e+02 4.644e+01
|                        ( - -1.148e+02 2 0)
|                        ( - -3.160e+03 2 0))
|                    ( WDBNDRY_B 0 -5.191e+02 1.099e+02 7.000e+00
|                        ( - -1.860e+02 2 0)
|                        ( - -2.232e+02 1 0))))
|            ( - -1.829e+01 1 0))))
s>    ( QUESTION0_17_R 1 -4.873e+03 2.075e+02 6.144e+01
s>        ( - -1.178e+01 1 0)
s>        ( QUESTION0_3_R 1 -4.653e+03 2.005e+02 5.944e+01
s>            ( - -3.115e+01 1 0)
s>            ( QUESTION0_0_R 1 -4.422e+03 1.858e+02 5.744e+01
s>                ( QUESTION0_2_R 1 -4.218e+03 1.578e+02 5.544e+01
s>                    ( - -1.074e+01 1 0)
s>                    ( QUESTION0_15_R 1 -4.049e+03 1.365e+02 5.344e+01
s>                        ( WDBNDRY_B 0 -3.394e+03 1.183e+02 4.644e+01
s>                            ( - -1.148e+02 2 0)
s>                            ( - -3.160e+03 2 0))
s>                        ( WDBNDRY_B 0 -5.191e+02 1.099e+02 7.000e+00
s>                            ( - -1.860e+02 2 0)
s>                            ( - -2.232e+02 1 0))))
s>                ( - -1.829e+01 1 0))))INFO: dtree.c(1315): Comp split 18
INFO: dtree.c(1439): stop. leaf nodes are specific
INFO: dtree.c(1478): Final simple tree
|( QUESTION13 -1 -2.743e+04 1.627e+02 3.505e+02
|    ( - -2.536e+03 2 0)
|    ( - -2.473e+04 8 0))
s>    ( QUESTION13 -1 -2.743e+04 1.627e+02 3.505e+02
s>        ( - -2.536e+03 2 0)
s>        ( - -2.473e+04 8 0))INFO: dtree.c(1439): stop. leaf nodes are specific
INFO: dtree.c(1478): Final simple tree
|( QUESTION2_5_L -1 -1.621e+04 1.947e+02 2.095e+02
|    ( WDBNDRY_B 0 -6.925e+02 1.727e+02 1.000e+01
|        ( - -2.443e+01 1 0)
|        ( - -4.954e+02 1 0))
|    ( QUESTION13 -1 -1.533e+04 1.270e+02 1.995e+02
|        ( QUESTION14 -1 -5.280e+03 9.617e+01 6.659e+01
|            ( - -1.066e+03 3 0)
|            ( - -4.118e+03 3 0))
|        ( QUESTION2_0_L -1 -9.920e+03 1.225e+02 1.329e+02
|            ( - -4.292e+03 6 0)
|            ( WDBNDRY_B 0 -5.506e+03 8.328e+01 7.394e+01
|                ( - -4.217e+03 3 0)
|                ( - -1.205e+03 3 0)))))
s>    ( QUESTION2_5_L -1 -1.621e+04 1.947e+02 2.095e+02
s>        ( WDBNDRY_B 0 -6.925e+02 1.727e+02 1.000e+01
s>            ( - -2.443e+01 1 0)
s>            ( - -4.954e+02 1 0))
s>        ( QUESTION13 -1 -1.533e+04 1.270e+02 1.995e+02
s>            ( QUESTION14 -1 -5.280e+03 9.617e+01 6.659e+01
s>                ( - -1.066e+03 3 0)
s>                ( - -4.118e+03 3 0))
s>            ( QUESTION2_0_L -1 -9.920e+03 1.225e+02 1.329e+02
s>                ( - -4.292e+03 6 0)
s>                ( WDBNDRY_B 0 -5.506e+03 8.328e+01 7.394e+01
s>                    ( - -4.217e+03 3 0)
s>                    ( - -1.205e+03 3 0)))))INFO: dtree.c(1315): Comp split 19
INFO: dtree.c(1439): stop. leaf nodes are specific
INFO: dtree.c(1478): Final simple tree
|( QUESTION2_0_L -1 -1.111e+04 1.374e+02 1.441e+02
|    ( QUESTION0_0_R 1 -1.096e+04 1.266e+02 1.421e+02
|        ( - -2.108e+02 2 0)
|        ( QUESTION10 -1 -1.062e+04 1.255e+02 1.381e+02
|            ( - -1.080e+03 2 0)
|            ( - -9.419e+03 8 0)))
|    ( - -1.445e+01 1 0))
s>    ( QUESTION2_0_L -1 -1.111e+04 1.374e+02 1.441e+02
s>        ( QUESTION0_0_R 1 -1.096e+04 1.266e+02 1.421e+02
s>            ( - -2.108e+02 2 0)
s>            ( QUESTION10 -1 -1.062e+04 1.255e+02 1.381e+02
s>                ( - -1.080e+03 2 0)
s>                ( - -9.419e+03 8 0)))
s>        ( - -1.445e+01 1 0))INFO: dtree.c(1478): Final simple tree
|( QUESTION0_0_R 1 -1.514e+04 1.732e+02 2.036e+02
|    ( - 1.215e+01 1 0)
|    ( QUESTION14 -1 -1.498e+04 1.672e+02 2.016e+02
|        ( - -2.210e+01 1 0)
|        ( QUESTION2_1_L -1 -1.479e+04 1.562e+02 1.996e+02
|            ( WDBNDRY_B 0 -4.246e+03 1.393e+02 6.090e+01
|                ( QUESTION0 -1 -4.058e+03 1.380e+02 5.890e+01
|                    ( - 1.714e+01 1 0)
|                    ( - -3.937e+03 8 0 QUESTION10 -1 8.952e+01 5.690e+01))
|                ( - -4.809e+01 1 0))
|            ( QUESTION11 -1 -1.039e+04 1.446e+02 1.387e+02
|                ( - -1.113e+00 1 0)
|                ( WDBNDRY_B 0 -1.025e+04 1.361e+02 1.367e+02
|                    ( - -8.360e+03 16 0 QUESTION2_10_L -1 1.340e+02 1.097e+02)
|                    ( - -1.750e+03 3 0 QUESTION1 -1 9.939e+01 2.700e+01))))))
s>    ( QUESTION0_0_R 1 -1.514e+04 1.732e+02 2.036e+02
s>        ( - 1.215e+01 1 0)
s>        ( QUESTION14 -1 -1.498e+04 1.672e+02 2.016e+02
s>            ( - -2.210e+01 1 0)
s>            ( QUESTION2_1_L -1 -1.479e+04 1.562e+02 1.996e+02
s>                ( WDBNDRY_B 0 -4.246e+03 1.393e+02 6.090e+01
s>                    ( QUESTION0 -1 -4.058e+03 1.380e+02 5.890e+01
s>                        ( - 1.714e+01 1 0)
s>                        ( - -3.937e+03 8 0 QUESTION10 -1 8.952e+01 5.690e+01))
s>                    ( - -4.809e+01 1 0))
s>                ( QUESTION11 -1 -1.039e+04 1.446e+02 1.387e+02
s>                    ( - -1.113e+00 1 0)
s>                    ( WDBNDRY_B 0 -1.025e+04 1.361e+02 1.367e+02
s>                        ( - -8.360e+03 16 0 QUESTION2_10_L -1 1.340e+02 1.097e+02)
s>                        ( - -1.750e+03 3 0 QUESTION1 -1 9.939e+01 2.700e+01))))))INFO: dtree.c(1315): Comp split 20
INFO: dtree.c(1439): stop. leaf nodes are specific
INFO: dtree.c(1478): Final simple tree
|( QUESTION2_0_L -1 -1.676e+04 1.444e+02 2.149e+02
|    ( QUESTION13 -1 -1.515e+04 1.192e+02 1.931e+02
|        ( - -1.761e+03 1 0)
|        ( WDBNDRY_B 0 -1.327e+04 1.003e+02 1.690e+02
|            ( - -1.265e+04 3 0)
|            ( - -5.168e+02 2 0)))
|    ( - -1.462e+03 1 0))
s>    ( QUESTION2_0_L -1 -1.676e+04 1.444e+02 2.149e+02
s>        ( QUESTION13 -1 -1.515e+04 1.192e+02 1.931e+02
s>            ( - -1.761e+03 1 0)
s>            ( WDBNDRY_B 0 -1.327e+04 1.003e+02 1.690e+02
s>                ( - -1.265e+04 3 0)
s>                ( - -5.168e+02 2 0)))
s>        ( - -1.462e+03 1 0))INFO: dtree.c(1439): stop. leaf nodes are specific
INFO: dtree.c(1478): Final simple tree
|( QUESTION0 -1 -7.804e+03 1.467e+02 9.844e+01
|    ( - -8.316e+01 1 0)
|    ( - -7.574e+03 4 0))
s>    ( QUESTION0 -1 -7.804e+03 1.467e+02 9.844e+01
s>        ( - -8.316e+01 1 0)
s>        ( - -7.574e+03 4 0))INFO: dtree.c(1315): Comp split 21
INFO: dtree.c(1439): stop. leaf nodes are specific
INFO: dtree.c(1478): Final simple tree
|( QUESTION0_3_R 1 -4.653e+03 2.005e+02 5.944e+01
|    ( - -3.115e+01 1 0)
|    ( QUESTION0_0_R 1 -4.422e+03 1.858e+02 5.744e+01
|        ( QUESTION0_2_R 1 -4.218e+03 1.578e+02 5.544e+01
|            ( - -1.074e+01 1 0)
|            ( QUESTION0_15_R 1 -4.049e+03 1.365e+02 5.344e+01
|                ( WDBNDRY_B 0 -3.394e+03 1.183e+02 4.644e+01
|                    ( - -1.148e+02 2 0)
|                    ( - -3.160e+03 2 0))
|                ( WDBNDRY_B 0 -5.191e+02 1.099e+02 7.000e+00
|                    ( - -1.860e+02 2 0)
|                    ( - -2.232e+02 1 0))))
|        ( - -1.829e+01 1 0)))
s>    ( QUESTION0_3_R 1 -4.653e+03 2.005e+02 5.944e+01
s>        ( - -3.115e+01 1 0)
s>        ( QUESTION0_0_R 1 -4.422e+03 1.858e+02 5.744e+01
s>            ( QUESTION0_2_R 1 -4.218e+03 1.578e+02 5.544e+01
s>                ( - -1.074e+01 1 0)
s>                ( QUESTION0_15_R 1 -4.049e+03 1.365e+02 5.344e+01
s>                    ( WDBNDRY_B 0 -3.394e+03 1.183e+02 4.644e+01
s>                        ( - -1.148e+02 2 0)
s>                        ( - -3.160e+03 2 0))
s>                    ( WDBNDRY_B 0 -5.191e+02 1.099e+02 7.000e+00
s>                        ( - -1.860e+02 2 0)
s>                        ( - -2.232e+02 1 0))))
s>            ( - -1.829e+01 1 0)))INFO: dtree.c(1315): Comp split 22
INFO: dtree.c(1439): stop. leaf nodes are specific
INFO: dtree.c(1478): Final simple tree
|( QUESTION0_0_R 1 -4.422e+03 1.858e+02 5.744e+01
|    ( QUESTION0_2_R 1 -4.218e+03 1.578e+02 5.544e+01
|        ( - -1.074e+01 1 0)
|        ( QUESTION0_15_R 1 -4.049e+03 1.365e+02 5.344e+01
|            ( WDBNDRY_B 0 -3.394e+03 1.183e+02 4.644e+01
|                ( - -1.148e+02 2 0)
|                ( - -3.160e+03 2 0))
|            ( WDBNDRY_B 0 -5.191e+02 1.099e+02 7.000e+00
|                ( - -1.860e+02 2 0)
|                ( - -2.232e+02 1 0))))
|    ( - -1.829e+01 1 0))
s>    ( QUESTION0_0_R 1 -4.422e+03 1.858e+02 5.744e+01
s>        ( QUESTION0_2_R 1 -4.218e+03 1.578e+02 5.544e+01
s>            ( - -1.074e+01 1 0)
s>            ( QUESTION0_15_R 1 -4.049e+03 1.365e+02 5.344e+01
s>                ( WDBNDRY_B 0 -3.394e+03 1.183e+02 4.644e+01
s>                    ( - -1.148e+02 2 0)
s>                    ( - -3.160e+03 2 0))
s>                ( WDBNDRY_B 0 -5.191e+02 1.099e+02 7.000e+00
s>                    ( - -1.860e+02 2 0)
s>                    ( - -2.232e+02 1 0))))
s>        ( - -1.829e+01 1 0))INFO: dtree.c(1315): Comp split 23
INFO: dtree.c(1439): stop. leaf nodes are specific
INFO: dtree.c(1478): Final simple tree
|( QUESTION13 -1 -1.533e+04 1.270e+02 1.995e+02
|    ( QUESTION14 -1 -5.280e+03 9.617e+01 6.659e+01
|        ( - -1.066e+03 3 0)
|        ( - -4.118e+03 3 0))
|    ( QUESTION2_0_L -1 -9.920e+03 1.225e+02 1.329e+02
|        ( - -4.292e+03 6 0)
|        ( WDBNDRY_B 0 -5.506e+03 8.328e+01 7.394e+01
|            ( - -4.217e+03 3 0)
|            ( - -1.205e+03 3 0))))
s>    ( QUESTION13 -1 -1.533e+04 1.270e+02 1.995e+02
s>        ( QUESTION14 -1 -5.280e+03 9.617e+01 6.659e+01
s>            ( - -1.066e+03 3 0)
s>            ( - -4.118e+03 3 0))
s>        ( QUESTION2_0_L -1 -9.920e+03 1.225e+02 1.329e+02
s>            ( - -4.292e+03 6 0)
s>            ( WDBNDRY_B 0 -5.506e+03 8.328e+01 7.394e+01
s>                ( - -4.217e+03 3 0)
s>                ( - -1.205e+03 3 0))))INFO: dtree.c(1439): stop. leaf nodes are specific
INFO: dtree.c(1478): Final simple tree
|( WDBNDRY_B 0 -6.925e+02 1.727e+02 1.000e+01
|    ( - -2.443e+01 1 0)
|    ( - -4.954e+02 1 0))
s>    ( WDBNDRY_B 0 -6.925e+02 1.727e+02 1.000e+01
s>        ( - -2.443e+01 1 0)
s>        ( - -4.954e+02 1 0))INFO: dtree.c(1315): Comp split 24
INFO: dtree.c(1439): stop. leaf nodes are specific
INFO: dtree.c(1478): Final simple tree
|( SILENCE -1 -1.222e+04 1.357e+02 1.605e+02
|    ( - -2.117e+03 2 0)
|    ( QUESTION2_10_L -1 -9.967e+03 1.032e+02 1.328e+02
|        ( - -6.343e+02 2 0)
|        ( WDBNDRY_B 0 -9.230e+03 1.073e+02 1.218e+02
|            ( QUESTION2_8_L -1 -1.623e+03 1.150e+02 2.200e+01
|                ( - -1.093e+02 1 0)
|                ( QUESTION2_6_L -1 -1.399e+03 1.010e+02 1.900e+01
|                    ( - -2.112e+02 2 0)
|                    ( - -1.087e+03 1 0)))
|            ( QUESTION2_7_L -1 -7.499e+03 1.585e+02 9.983e+01
|                ( - -1.714e+01 1 0)
|                ( - -7.324e+03 4 0)))))
s>    ( SILENCE -1 -1.222e+04 1.357e+02 1.605e+02
s>        ( - -2.117e+03 2 0)
s>        ( QUESTION2_10_L -1 -9.967e+03 1.032e+02 1.328e+02
s>            ( - -6.343e+02 2 0)
s>            ( WDBNDRY_B 0 -9.230e+03 1.073e+02 1.218e+02
s>                ( QUESTION2_8_L -1 -1.623e+03 1.150e+02 2.200e+01
s>                    ( - -1.093e+02 1 0)
s>                    ( QUESTION2_6_L -1 -1.399e+03 1.010e+02 1.900e+01
s>                        ( - -2.112e+02 2 0)
s>                        ( - -1.087e+03 1 0)))
s>                ( QUESTION2_7_L -1 -7.499e+03 1.585e+02 9.983e+01
s>                    ( - -1.714e+01 1 0)
s>                    ( - -7.324e+03 4 0)))))INFO: dtree.c(1478): Final simple tree
|( QUESTION0 -1 -1.434e+04 1.770e+02 1.932e+02
|    ( WDBNDRY_B 0 -6.699e+03 1.365e+02 9.365e+01
|        ( QUESTION8 -1 -5.587e+03 1.284e+02 7.766e+01
|            ( - -9.947e+02 1 0)
|            ( QUESTION2_6_L -1 -4.464e+03 1.268e+02 6.276e+01
|                ( - -6.911e+02 2 0)
|                ( QUESTION3 -1 -3.647e+03 1.127e+02 5.276e+01
|                    ( - -9.231e+01 1 0)
|                    ( - -3.442e+03 4 0 QUESTION5 -1 1.005e+02 4.976e+01))))
|        ( - -9.748e+02 1 0))
|    ( WDBNDRY_B 0 -7.467e+03 1.397e+02 9.957e+01
|        ( QUESTION2_4_L -1 -6.039e+03 1.047e+02 7.959e+01
|            ( - -1.370e+03 2 0)
|            ( - -4.564e+03 2 0 QUESTION10 -1 8.244e+01 5.959e+01))
|        ( - -1.288e+03 1 0)))
s>    ( QUESTION0 -1 -1.434e+04 1.770e+02 1.932e+02
s>        ( WDBNDRY_B 0 -6.699e+03 1.365e+02 9.365e+01
s>            ( QUESTION8 -1 -5.587e+03 1.284e+02 7.766e+01
s>                ( - -9.947e+02 1 0)
s>                ( QUESTION2_6_L -1 -4.464e+03 1.268e+02 6.276e+01
s>                    ( - -6.911e+02 2 0)
s>                    ( QUESTION3 -1 -3.647e+03 1.127e+02 5.276e+01
s>                        ( - -9.231e+01 1 0)
s>                        ( - -3.442e+03 4 0 QUESTION5 -1 1.005e+02 4.976e+01))))
s>            ( - -9.748e+02 1 0))
s>        ( WDBNDRY_B 0 -7.467e+03 1.397e+02 9.957e+01
s>            ( QUESTION2_4_L -1 -6.039e+03 1.047e+02 7.959e+01
s>                ( - -1.370e+03 2 0)
s>                ( - -4.564e+03 2 0 QUESTION10 -1 8.244e+01 5.959e+01))
s>            ( - -1.288e+03 1 0)))INFO: dtree.c(1315): Comp split 25
INFO: dtree.c(1439): stop. leaf nodes are specific
INFO: dtree.c(1478): Final simple tree
|( QUESTION1 -1 -6.224e+03 1.452e+02 8.238e+01
|    ( - -1.735e+01 1 0)
|    ( QUESTION5 -1 -6.061e+03 1.121e+02 8.038e+01
|        ( - -4.185e+03 2 0)
|        ( - -1.764e+03 1 0)))
s>    ( QUESTION1 -1 -6.224e+03 1.452e+02 8.238e+01
s>        ( - -1.735e+01 1 0)
s>        ( QUESTION5 -1 -6.061e+03 1.121e+02 8.038e+01
s>            ( - -4.185e+03 2 0)
s>            ( - -1.764e+03 1 0)))INFO: dtree.c(1478): Final simple tree
|( QUESTION2_0_L -1 -3.431e+04 1.614e+02 4.587e+02
|    ( WDBNDRY_I 0 -2.574e+04 1.754e+02 3.402e+02
|        ( - 3.042e+01 1 0)
|        ( QUESTION12 -1 -2.560e+04 1.574e+02 3.382e+02
|            ( - -5.162e+03 2 0 QUESTION16 -1 1.318e+02 7.118e+01)
|            ( QUESTION0 -1 -2.028e+04 1.474e+02 2.671e+02
|                ( - -2.537e+02 1 0)
|                ( - -1.988e+04 6 0 WDBNDRY_B 0 1.186e+02 2.611e+02))))
|    ( QUESTION3 -1 -8.409e+03 1.590e+02 1.185e+02
|        ( - 3.265e+01 1 0)
|        ( QUESTION2_13_L -1 -8.283e+03 1.330e+02 1.165e+02
|            ( - -2.089e+02 1 0)
|            ( QUESTION8 -1 -7.941e+03 1.323e+02 1.115e+02
|                ( - -2.821e+03 2 0)
|                ( - -4.987e+03 4 0 QUESTION10 -1 1.135e+02 7.230e+01)))))
s>    ( QUESTION2_0_L -1 -3.431e+04 1.614e+02 4.587e+02
s>        ( WDBNDRY_I 0 -2.574e+04 1.754e+02 3.402e+02
s>            ( - 3.042e+01 1 0)
s>            ( QUESTION12 -1 -2.560e+04 1.574e+02 3.382e+02
s>                ( - -5.162e+03 2 0 QUESTION16 -1 1.318e+02 7.118e+01)
s>                ( QUESTION0 -1 -2.028e+04 1.474e+02 2.671e+02
s>                    ( - -2.537e+02 1 0)
s>                    ( - -1.988e+04 6 0 WDBNDRY_B 0 1.186e+02 2.611e+02))))
s>        ( QUESTION3 -1 -8.409e+03 1.590e+02 1.185e+02
s>            ( - 3.265e+01 1 0)
s>            ( QUESTION2_13_L -1 -8.283e+03 1.330e+02 1.165e+02
s>                ( - -2.089e+02 1 0)
s>                ( QUESTION8 -1 -7.941e+03 1.323e+02 1.115e+02
s>                    ( - -2.821e+03 2 0)
s>                    ( - -4.987e+03 4 0 QUESTION10 -1 1.135e+02 7.230e+01)))))INFO: dtree.c(1315): Comp split 26
INFO: dtree.c(1439): stop. leaf nodes are specific
INFO: dtree.c(1478): Final simple tree
|( QUESTION0_2_R 1 -4.218e+03 1.578e+02 5.544e+01
|    ( - -1.074e+01 1 0)
|    ( QUESTION0_15_R 1 -4.049e+03 1.365e+02 5.344e+01
|        ( WDBNDRY_B 0 -3.394e+03 1.183e+02 4.644e+01
|            ( - -1.148e+02 2 0)
|            ( - -3.160e+03 2 0))
|        ( WDBNDRY_B 0 -5.191e+02 1.099e+02 7.000e+00
|            ( - -1.860e+02 2 0)
|            ( - -2.232e+02 1 0))))
s>    ( QUESTION0_2_R 1 -4.218e+03 1.578e+02 5.544e+01
s>        ( - -1.074e+01 1 0)
s>        ( QUESTION0_15_R 1 -4.049e+03 1.365e+02 5.344e+01
s>            ( WDBNDRY_B 0 -3.394e+03 1.183e+02 4.644e+01
s>                ( - -1.148e+02 2 0)
s>                ( - -3.160e+03 2 0))
s>            ( WDBNDRY_B 0 -5.191e+02 1.099e+02 7.000e+00
s>                ( - -1.860e+02 2 0)
s>                ( - -2.232e+02 1 0))))INFO: dtree.c(1315): Comp split 27
INFO: dtree.c(1439): stop. leaf nodes are specific
INFO: dtree.c(1478): Final simple tree
|( QUESTION2_4_L -1 -6.261e+03 1.395e+02 8.989e+01
|    ( - -1.113e+00 1 0)
|    ( QUESTION19 -1 -6.121e+03 1.370e+02 8.789e+01
|        ( - -3.543e+03 7 0)
|        ( QUESTION2 -1 -2.441e+03 1.008e+02 3.600e+01
|            ( WDBNDRY_B 0 -4.002e+02 1.340e+02 7.000e+00
|                ( - 1.714e+01 1 0)
|                ( QUESTION2_0_L -1 -2.833e+02 1.369e+02 5.000e+00
|                    ( - -4.809e+01 1 0)
|                    ( - -9.833e+01 1 0)))
|            ( WDBNDRY_B 0 -1.940e+03 8.228e+01 2.900e+01
|                ( - -3.052e+02 1 0)
|                ( - -1.552e+03 2 0)))))
s>    ( QUESTION2_4_L -1 -6.261e+03 1.395e+02 8.989e+01
s>        ( - -1.113e+00 1 0)
s>        ( QUESTION19 -1 -6.121e+03 1.370e+02 8.789e+01
s>            ( - -3.543e+03 7 0)
s>            ( QUESTION2 -1 -2.441e+03 1.008e+02 3.600e+01
s>                ( WDBNDRY_B 0 -4.002e+02 1.340e+02 7.000e+00
s>                    ( - 1.714e+01 1 0)
s>                    ( QUESTION2_0_L -1 -2.833e+02 1.369e+02 5.000e+00
s>                        ( - -4.809e+01 1 0)
s>                        ( - -9.833e+01 1 0)))
s>                ( WDBNDRY_B 0 -1.940e+03 8.228e+01 2.900e+01
s>                    ( - -3.052e+02 1 0)
s>                    ( - -1.552e+03 2 0)))))INFO: dtree.c(1478): Final simple tree
|( QUESTION0_0_R 1 -8.703e+03 1.676e+02 1.137e+02
|    ( - 1.215e+01 1 0)
|    ( QUESTION14 -1 -8.547e+03 1.650e+02 1.117e+02
|        ( - -2.210e+01 1 0)
|        ( QUESTION2_10_L -1 -8.360e+03 1.340e+02 1.097e+02
|            ( - -2.475e+00 1 0)
|            ( QUESTION5 -1 -8.224e+03 1.286e+02 1.077e+02
|                ( - -7.622e+02 1 0)
|                ( QUESTION2_4_L -1 -7.333e+03 1.180e+02 9.768e+01
|                    ( - -3.646e+02 2 0)
|                    ( QUESTION1 -1 -6.850e+03 1.145e+02 9.168e+01
|                        ( - -7.956e+01 1 0)
|                        ( QUESTION13 -1 -6.656e+03 1.084e+02 8.868e+01
|                            ( - -5.523e+02 2 0)
|                            ( - -5.996e+03 9 0 QUESTION2_13_L -1 9.869e+01 7.968e+01))))))))
s>    ( QUESTION0_0_R 1 -8.703e+03 1.676e+02 1.137e+02
s>        ( - 1.215e+01 1 0)
s>        ( QUESTION14 -1 -8.547e+03 1.650e+02 1.117e+02
s>            ( - -2.210e+01 1 0)
s>            ( QUESTION2_10_L -1 -8.360e+03 1.340e+02 1.097e+02
s>                ( - -2.475e+00 1 0)
s>                ( QUESTION5 -1 -8.224e+03 1.286e+02 1.077e+02
s>                    ( - -7.622e+02 1 0)
s>                    ( QUESTION2_4_L -1 -7.333e+03 1.180e+02 9.768e+01
s>                        ( - -3.646e+02 2 0)
s>                        ( QUESTION1 -1 -6.850e+03 1.145e+02 9.168e+01
s>                            ( - -7.956e+01 1 0)
s>                            ( QUESTION13 -1 -6.656e+03 1.084e+02 8.868e+01
s>                                ( - -5.523e+02 2 0)
s>                                ( - -5.996e+03 9 0 QUESTION2_13_L -1 9.869e+01 7.968e+01))))))))INFO: dtree.c(1315): Comp split 28
INFO: dtree.c(1439): stop. leaf nodes are specific
INFO: dtree.c(1478): Final simple tree
|( WDBNDRY_B 0 -6.699e+03 1.365e+02 9.365e+01
|    ( QUESTION8 -1 -5.587e+03 1.284e+02 7.766e+01
|        ( - -9.947e+02 1 0)
|        ( QUESTION2_6_L -1 -4.464e+03 1.268e+02 6.276e+01
|            ( - -6.911e+02 2 0)
|            ( QUESTION3 -1 -3.647e+03 1.127e+02 5.276e+01
|                ( - -9.231e+01 1 0)
|                ( QUESTION5 -1 -3.442e+03 1.005e+02 4.976e+01
|                    ( - -2.305e+03 2 0)
|                    ( - -1.036e+03 2 0)))))
|    ( - -9.748e+02 1 0))
s>    ( WDBNDRY_B 0 -6.699e+03 1.365e+02 9.365e+01
s>        ( QUESTION8 -1 -5.587e+03 1.284e+02 7.766e+01
s>            ( - -9.947e+02 1 0)
s>            ( QUESTION2_6_L -1 -4.464e+03 1.268e+02 6.276e+01
s>                ( - -6.911e+02 2 0)
s>                ( QUESTION3 -1 -3.647e+03 1.127e+02 5.276e+01
s>                    ( - -9.231e+01 1 0)
s>                    ( QUESTION5 -1 -3.442e+03 1.005e+02 4.976e+01
s>                        ( - -2.305e+03 2 0)
s>                        ( - -1.036e+03 2 0)))))
s>        ( - -9.748e+02 1 0))INFO: dtree.c(1439): stop. leaf nodes are specific
INFO: dtree.c(1478): Final simple tree
|( WDBNDRY_B 0 -7.467e+03 1.397e+02 9.957e+01
|    ( QUESTION2_4_L -1 -6.039e+03 1.047e+02 7.959e+01
|        ( - -1.370e+03 2 0)
|        ( QUESTION10 -1 -4.564e+03 8.244e+01 5.959e+01
|            ( - -4.196e+03 1 0)
|            ( - -2.856e+02 1 0)))
|    ( - -1.288e+03 1 0))
s>    ( WDBNDRY_B 0 -7.467e+03 1.397e+02 9.957e+01
s>        ( QUESTION2_4_L -1 -6.039e+03 1.047e+02 7.959e+01
s>            ( - -1.370e+03 2 0)
s>            ( QUESTION10 -1 -4.564e+03 8.244e+01 5.959e+01
s>                ( - -4.196e+03 1 0)
s>                ( - -2.856e+02 1 0)))
s>        ( - -1.288e+03 1 0))INFO: dtree.c(1315): Comp split 29
INFO: dtree.c(1478): Final simple tree
|( QUESTION2_0_L -1 -3.417e+04 1.616e+02 4.567e+02
|    ( QUESTION12 -1 -2.560e+04 1.574e+02 3.382e+02
|        ( QUESTION16 -1 -5.162e+03 1.318e+02 7.118e+01
|            ( - -1.432e+03 1 0)
|            ( - -3.598e+03 1 0))
|        ( QUESTION0 -1 -2.028e+04 1.474e+02 2.671e+02
|            ( - -2.537e+02 1 0)
|            ( - -1.988e+04 6 0 WDBNDRY_B 0 1.186e+02 2.611e+02)))
|    ( QUESTION3 -1 -8.409e+03 1.590e+02 1.185e+02
|        ( - 3.265e+01 1 0)
|        ( QUESTION2_13_L -1 -8.283e+03 1.330e+02 1.165e+02
|            ( - -2.089e+02 1 0)
|            ( QUESTION8 -1 -7.941e+03 1.323e+02 1.115e+02
|                ( - -2.821e+03 2 0)
|                ( - -4.987e+03 4 0 QUESTION10 -1 1.135e+02 7.230e+01)))))
s>    ( QUESTION2_0_L -1 -3.417e+04 1.616e+02 4.567e+02
s>        ( QUESTION12 -1 -2.560e+04 1.574e+02 3.382e+02
s>            ( QUESTION16 -1 -5.162e+03 1.318e+02 7.118e+01
s>                ( - -1.432e+03 1 0)
s>                ( - -3.598e+03 1 0))
s>            ( QUESTION0 -1 -2.028e+04 1.474e+02 2.671e+02
s>                ( - -2.537e+02 1 0)
s>                ( - -1.988e+04 6 0 WDBNDRY_B 0 1.186e+02 2.611e+02)))
s>        ( QUESTION3 -1 -8.409e+03 1.590e+02 1.185e+02
s>            ( - 3.265e+01 1 0)
s>            ( QUESTION2_13_L -1 -8.283e+03 1.330e+02 1.165e+02
s>                ( - -2.089e+02 1 0)
s>                ( QUESTION8 -1 -7.941e+03 1.323e+02 1.115e+02
s>                    ( - -2.821e+03 2 0)
s>                    ( - -4.987e+03 4 0 QUESTION10 -1 1.135e+02 7.230e+01)))))INFO: dtree.c(1315): Comp split 30
INFO: dtree.c(1315): Comp split 31
INFO: dtree.c(1478): Final simple tree
|( QUESTION2_0_L -1 -2.837e+04 1.545e+02 3.786e+02
|    ( QUESTION0 -1 -2.028e+04 1.474e+02 2.671e+02
|        ( - -2.537e+02 1 0)
|        ( WDBNDRY_B 0 -1.988e+04 1.186e+02 2.611e+02
|            ( QUESTION10 -1 -1.831e+04 1.159e+02 2.403e+02
|                ( - -9.763e+02 1 0)
|                ( - -1.722e+04 4 0))
|            ( - -1.448e+03 1 0)))
|    ( QUESTION8 -1 -7.941e+03 1.323e+02 1.115e+02
|        ( - -2.821e+03 2 0)
|        ( QUESTION10 -1 -4.987e+03 1.135e+02 7.230e+01
|            ( - -3.590e+02 1 0)
|            ( QUESTION0 -1 -4.515e+03 1.017e+02 6.530e+01
|                ( - -4.133e+03 2 0 WDBNDRY_B 0 9.678e+01 5.930e+01)
|                ( - -2.802e+02 1 0)))))
s>    ( QUESTION2_0_L -1 -2.837e+04 1.545e+02 3.786e+02
s>        ( QUESTION0 -1 -2.028e+04 1.474e+02 2.671e+02
s>            ( - -2.537e+02 1 0)
s>            ( WDBNDRY_B 0 -1.988e+04 1.186e+02 2.611e+02
s>                ( QUESTION10 -1 -1.831e+04 1.159e+02 2.403e+02
s>                    ( - -9.763e+02 1 0)
s>                    ( - -1.722e+04 4 0))
s>                ( - -1.448e+03 1 0)))
s>        ( QUESTION8 -1 -7.941e+03 1.323e+02 1.115e+02
s>            ( - -2.821e+03 2 0)
s>            ( QUESTION10 -1 -4.987e+03 1.135e+02 7.230e+01
s>                ( - -3.590e+02 1 0)
s>                ( QUESTION0 -1 -4.515e+03 1.017e+02 6.530e+01
s>                    ( - -4.133e+03 2 0 WDBNDRY_B 0 9.678e+01 5.930e+01)
s>                    ( - -2.802e+02 1 0)))))INFO: dtree.c(1439): stop. leaf nodes are specific
INFO: dtree.c(1478): Final simple tree
|( QUESTION3 -1 -5.623e+03 1.565e+02 7.818e+01
|    ( - 3.265e+01 1 0)
|    ( QUESTION17 -1 -5.500e+03 1.338e+02 7.618e+01
|        ( - -3.598e+03 1 0)
|        ( QUESTION0 -1 -1.768e+03 1.267e+02 2.626e+01
|            ( - -2.089e+02 1 0)
|            ( - -1.432e+03 1 0))))
s>    ( QUESTION3 -1 -5.623e+03 1.565e+02 7.818e+01
s>        ( - 3.265e+01 1 0)
s>        ( QUESTION17 -1 -5.500e+03 1.338e+02 7.618e+01
s>            ( - -3.598e+03 1 0)
s>            ( QUESTION0 -1 -1.768e+03 1.267e+02 2.626e+01
s>                ( - -2.089e+02 1 0)
s>                ( - -1.432e+03 1 0))))INFO: dtree.c(1315): Comp split 32
INFO: dtree.c(1439): stop. leaf nodes are specific
INFO: dtree.c(1478): Final simple tree
|( QUESTION0 -1 -1.762e+04 1.458e+02 2.333e+02
|    ( - -2.537e+02 1 0)
|    ( - -1.722e+04 4 0))
s>    ( QUESTION0 -1 -1.762e+04 1.458e+02 2.333e+02
s>        ( - -2.537e+02 1 0)
s>        ( - -1.722e+04 4 0))INFO: dtree.c(1439): stop. leaf nodes are specific
INFO: dtree.c(1478): Final simple tree
|( QUESTION8 -1 -1.057e+04 1.238e+02 1.452e+02
|    ( - -2.821e+03 2 0)
|    ( WDBNDRY_I 0 -7.626e+03 1.137e+02 1.060e+02
|        ( - -3.173e+03 1 0)
|        ( QUESTION2_4_L -1 -4.339e+03 1.103e+02 5.963e+01
|            ( - -3.590e+02 1 0)
|            ( QUESTION2_12_L -1 -3.870e+03 1.056e+02 5.263e+01
|                ( - -2.802e+02 1 0)
|                ( QUESTION10 -1 -3.484e+03 1.051e+02 4.663e+01
|                    ( - -9.763e+02 1 0)
|                    ( WDBNDRY_B 0 -2.403e+03 9.196e+01 3.363e+01
|                        ( - -8.628e+02 1 0)
|                        ( - -1.448e+03 1 0)))))))
s>    ( QUESTION8 -1 -1.057e+04 1.238e+02 1.452e+02
s>        ( - -2.821e+03 2 0)
s>        ( WDBNDRY_I 0 -7.626e+03 1.137e+02 1.060e+02
s>            ( - -3.173e+03 1 0)
s>            ( QUESTION2_4_L -1 -4.339e+03 1.103e+02 5.963e+01
s>                ( - -3.590e+02 1 0)
s>                ( QUESTION2_12_L -1 -3.870e+03 1.056e+02 5.263e+01
s>                    ( - -2.802e+02 1 0)
s>                    ( QUESTION10 -1 -3.484e+03 1.051e+02 4.663e+01
s>                        ( - -9.763e+02 1 0)
s>                        ( WDBNDRY_B 0 -2.403e+03 9.196e+01 3.363e+01
s>                            ( - -8.628e+02 1 0)
s>                            ( - -1.448e+03 1 0)))))))INFO: dtree.c(1315): Comp split 33
INFO: dtree.c(1478): Final simple tree
|( QUESTION14 -1 -8.547e+03 1.650e+02 1.117e+02
|    ( - -2.210e+01 1 0)
|    ( QUESTION2_10_L -1 -8.360e+03 1.340e+02 1.097e+02
|        ( - -2.475e+00 1 0)
|        ( QUESTION5 -1 -8.224e+03 1.286e+02 1.077e+02
|            ( - -7.622e+02 1 0)
|            ( QUESTION2_4_L -1 -7.333e+03 1.180e+02 9.768e+01
|                ( - -3.646e+02 2 0)
|                ( QUESTION1 -1 -6.850e+03 1.145e+02 9.168e+01
|                    ( - -7.956e+01 1 0)
|                    ( QUESTION13 -1 -6.656e+03 1.084e+02 8.868e+01
|                        ( - -5.523e+02 2 0)
|                        ( QUESTION2_13_L -1 -5.996e+03 9.869e+01 7.968e+01
|                            ( - -1.162e+02 1 0)
|                            ( - -5.781e+03 8 0 QUESTION7 -1 1.136e+02 7.668e+01))))))))
s>    ( QUESTION14 -1 -8.547e+03 1.650e+02 1.117e+02
s>        ( - -2.210e+01 1 0)
s>        ( QUESTION2_10_L -1 -8.360e+03 1.340e+02 1.097e+02
s>            ( - -2.475e+00 1 0)
s>            ( QUESTION5 -1 -8.224e+03 1.286e+02 1.077e+02
s>                ( - -7.622e+02 1 0)
s>                ( QUESTION2_4_L -1 -7.333e+03 1.180e+02 9.768e+01
s>                    ( - -3.646e+02 2 0)
s>                    ( QUESTION1 -1 -6.850e+03 1.145e+02 9.168e+01
s>                        ( - -7.956e+01 1 0)
s>                        ( QUESTION13 -1 -6.656e+03 1.084e+02 8.868e+01
s>                            ( - -5.523e+02 2 0)
s>                            ( QUESTION2_13_L -1 -5.996e+03 9.869e+01 7.968e+01
s>                                ( - -1.162e+02 1 0)
s>                                ( - -5.781e+03 8 0 QUESTION7 -1 1.136e+02 7.668e+01))))))))INFO: dtree.c(1315): Comp split 34
INFO: dtree.c(1478): Final simple tree
|( QUESTION2_10_L -1 -8.360e+03 1.340e+02 1.097e+02
|    ( - -2.475e+00 1 0)
|    ( QUESTION5 -1 -8.224e+03 1.286e+02 1.077e+02
|        ( - -7.622e+02 1 0)
|        ( QUESTION2_4_L -1 -7.333e+03 1.180e+02 9.768e+01
|            ( - -3.646e+02 2 0)
|            ( QUESTION1 -1 -6.850e+03 1.145e+02 9.168e+01
|                ( - -7.956e+01 1 0)
|                ( QUESTION13 -1 -6.656e+03 1.084e+02 8.868e+01
|                    ( - -5.523e+02 2 0)
|                    ( QUESTION2_13_L -1 -5.996e+03 9.869e+01 7.968e+01
|                        ( - -1.162e+02 1 0)
|                        ( QUESTION7 -1 -5.781e+03 1.136e+02 7.668e+01
|                            ( - -5.164e+02 1 0)
|                            ( - -5.151e+03 7 0 QUESTION0 -1 9.109e+01 6.768e+01))))))))
s>    ( QUESTION2_10_L -1 -8.360e+03 1.340e+02 1.097e+02
s>        ( - -2.475e+00 1 0)
s>        ( QUESTION5 -1 -8.224e+03 1.286e+02 1.077e+02
s>            ( - -7.622e+02 1 0)
s>            ( QUESTION2_4_L -1 -7.333e+03 1.180e+02 9.768e+01
s>                ( - -3.646e+02 2 0)
s>                ( QUESTION1 -1 -6.850e+03 1.145e+02 9.168e+01
s>                    ( - -7.956e+01 1 0)
s>                    ( QUESTION13 -1 -6.656e+03 1.084e+02 8.868e+01
s>                        ( - -5.523e+02 2 0)
s>                        ( QUESTION2_13_L -1 -5.996e+03 9.869e+01 7.968e+01
s>                            ( - -1.162e+02 1 0)
s>                            ( QUESTION7 -1 -5.781e+03 1.136e+02 7.668e+01
s>                                ( - -5.164e+02 1 0)
s>                                ( - -5.151e+03 7 0 QUESTION0 -1 9.109e+01 6.768e+01))))))))INFO: dtree.c(1315): Comp split 35
INFO: dtree.c(1315): Comp split 36
INFO: dtree.c(1315): Comp split 37
INFO: dtree.c(1439): stop. leaf nodes are specific
INFO: dtree.c(1478): Final simple tree
|( QUESTION2_1_L -1 -6.947e+03 1.398e+02 8.856e+01
|    ( - -6.337e+02 1 0)
|    ( WDBNDRY_B 0 -6.174e+03 1.289e+02 7.956e+01
|        ( - -3.691e+03 2 0)
|        ( - -2.354e+03 2 0)))
s>    ( QUESTION2_1_L -1 -6.947e+03 1.398e+02 8.856e+01
s>        ( - -6.337e+02 1 0)
s>        ( WDBNDRY_B 0 -6.174e+03 1.289e+02 7.956e+01
s>            ( - -3.691e+03 2 0)
s>            ( - -2.354e+03 2 0)))INFO: dtree.c(1315): Comp split 38
INFO: dtree.c(1439): stop. leaf nodes are specific
INFO: dtree.c(1478): Final simple tree
|( QUESTION0_15_R 1 -4.049e+03 1.365e+02 5.344e+01
|    ( WDBNDRY_B 0 -3.394e+03 1.183e+02 4.644e+01
|        ( - -1.148e+02 2 0)
|        ( - -3.160e+03 2 0))
|    ( WDBNDRY_B 0 -5.191e+02 1.099e+02 7.000e+00
|        ( - -1.860e+02 2 0)
|        ( - -2.232e+02 1 0)))
s>    ( QUESTION0_15_R 1 -4.049e+03 1.365e+02 5.344e+01
s>        ( WDBNDRY_B 0 -3.394e+03 1.183e+02 4.644e+01
s>            ( - -1.148e+02 2 0)
s>            ( - -3.160e+03 2 0))
s>        ( WDBNDRY_B 0 -5.191e+02 1.099e+02 7.000e+00
s>            ( - -1.860e+02 2 0)
s>            ( - -2.232e+02 1 0)))INFO: dtree.c(1315): Comp split 39
INFO: dtree.c(1439): stop. leaf nodes are specific
INFO: dtree.c(1478): Final simple tree
|( QUESTION17 -1 -5.500e+03 1.338e+02 7.618e+01
|    ( - -3.598e+03 1 0)
|    ( QUESTION0 -1 -1.768e+03 1.267e+02 2.626e+01
|        ( - -2.089e+02 1 0)
|        ( - -1.432e+03 1 0)))
s>    ( QUESTION17 -1 -5.500e+03 1.338e+02 7.618e+01
s>        ( - -3.598e+03 1 0)
s>        ( QUESTION0 -1 -1.768e+03 1.267e+02 2.626e+01
s>            ( - -2.089e+02 1 0)
s>            ( - -1.432e+03 1 0)))INFO: dtree.c(1315): Comp split 40
INFO: dtree.c(1439): stop. leaf nodes are specific
INFO: dtree.c(1478): Final simple tree
|( SILENCE -1 -1.205e+04 1.358e+02 1.585e+02
|    ( - -2.117e+03 2 0)
|    ( QUESTION2_10_L -1 -9.794e+03 1.043e+02 1.308e+02
|        ( - -6.343e+02 2 0)
|        ( WDBNDRY_B 0 -9.055e+03 1.085e+02 1.198e+02
|            ( QUESTION2_8_L -1 -1.623e+03 1.150e+02 2.200e+01
|                ( - -1.093e+02 1 0)
|                ( QUESTION2_6_L -1 -1.399e+03 1.010e+02 1.900e+01
|                    ( - -2.112e+02 2 0)
|                    ( - -1.087e+03 1 0)))
|            ( - -7.324e+03 4 0))))
s>    ( SILENCE -1 -1.205e+04 1.358e+02 1.585e+02
s>        ( - -2.117e+03 2 0)
s>        ( QUESTION2_10_L -1 -9.794e+03 1.043e+02 1.308e+02
s>            ( - -6.343e+02 2 0)
s>            ( WDBNDRY_B 0 -9.055e+03 1.085e+02 1.198e+02
s>                ( QUESTION2_8_L -1 -1.623e+03 1.150e+02 2.200e+01
s>                    ( - -1.093e+02 1 0)
s>                    ( QUESTION2_6_L -1 -1.399e+03 1.010e+02 1.900e+01
s>                        ( - -2.112e+02 2 0)
s>                        ( - -1.087e+03 1 0)))
s>                ( - -7.324e+03 4 0))))INFO: dtree.c(1315): Comp split 41
INFO: dtree.c(1315): Comp split 42
INFO: dtree.c(1315): Comp split 43
INFO: dtree.c(1315): Comp split 44
INFO: dtree.c(1439): stop. leaf nodes are specific
INFO: dtree.c(1478): Final simple tree
|( QUESTION5 -1 -6.061e+03 1.121e+02 8.038e+01
|    ( - -4.185e+03 2 0)
|    ( - -1.764e+03 1 0))
s>    ( QUESTION5 -1 -6.061e+03 1.121e+02 8.038e+01
s>        ( - -4.185e+03 2 0)
s>        ( - -1.764e+03 1 0))INFO: dtree.c(1315): Comp split 45
INFO: dtree.c(1439): stop. leaf nodes are specific
INFO: dtree.c(1478): Final simple tree
|( QUESTION13 -1 -1.515e+04 1.192e+02 1.931e+02
|    ( - -1.761e+03 1 0)
|    ( WDBNDRY_B 0 -1.327e+04 1.003e+02 1.690e+02
|        ( - -1.265e+04 3 0)
|        ( - -5.168e+02 2 0)))
s>    ( QUESTION13 -1 -1.515e+04 1.192e+02 1.931e+02
s>        ( - -1.761e+03 1 0)
s>        ( WDBNDRY_B 0 -1.327e+04 1.003e+02 1.690e+02
s>            ( - -1.265e+04 3 0)
s>            ( - -5.168e+02 2 0)))INFO: dtree.c(1315): Comp split 46
INFO: dtree.c(1439): stop. leaf nodes are specific
INFO: dtree.c(1478): Final simple tree
|( QUESTION2_12_L -1 -2.319e+03 1.021e+02 3.400e+01
|    ( - -9.833e+01 1 0)
|    ( QUESTION2 -1 -2.119e+03 1.310e+02 3.100e+01
|        ( - -4.809e+01 1 0)
|        ( WDBNDRY_B 0 -1.940e+03 8.228e+01 2.900e+01
|            ( - -3.052e+02 1 0)
|            ( - -1.552e+03 2 0))))
s>    ( QUESTION2_12_L -1 -2.319e+03 1.021e+02 3.400e+01
s>        ( - -9.833e+01 1 0)
s>        ( QUESTION2 -1 -2.119e+03 1.310e+02 3.100e+01
s>            ( - -4.809e+01 1 0)
s>            ( WDBNDRY_B 0 -1.940e+03 8.228e+01 2.900e+01
s>                ( - -3.052e+02 1 0)
s>                ( - -1.552e+03 2 0))))INFO: dtree.c(1439): stop. leaf nodes are specific
INFO: dtree.c(1478): Final simple tree
|( QUESTION0 -1 -3.798e+03 1.367e+02 5.590e+01
|    ( - 1.714e+01 1 0)
|    ( QUESTION10 -1 -3.678e+03 1.342e+02 5.390e+01
|        ( - -1.113e+00 1 0)
|        ( - -3.543e+03 7 0)))
s>    ( QUESTION0 -1 -3.798e+03 1.367e+02 5.590e+01
s>        ( - 1.714e+01 1 0)
s>        ( QUESTION10 -1 -3.678e+03 1.342e+02 5.390e+01
s>            ( - -1.113e+00 1 0)
s>            ( - -3.543e+03 7 0)))INFO: dtree.c(1315): Comp split 47
INFO: dtree.c(1439): stop. leaf nodes are specific
INFO: dtree.c(1478): Final simple tree
|( WDBNDRY_B 0 -4.359e+03 9.000e+01 5.991e+01
|    ( - -2.821e+03 2 0)
|    ( - -1.448e+03 1 0))
s>    ( WDBNDRY_B 0 -4.359e+03 9.000e+01 5.991e+01
s>        ( - -2.821e+03 2 0)
s>        ( - -1.448e+03 1 0))INFO: dtree.c(1439): stop. leaf nodes are specific
INFO: dtree.c(1478): Final simple tree
|( QUESTION10 -1 -6.068e+03 1.126e+02 8.530e+01
|    ( QUESTION2_0_L -1 -1.440e+03 1.051e+02 2.000e+01
|        ( - -9.763e+02 1 0)
|        ( - -3.590e+02 1 0))
|    ( QUESTION0 -1 -4.515e+03 1.017e+02 6.530e+01
|        ( WDBNDRY_B 0 -4.133e+03 9.678e+01 5.930e+01
|            ( - -8.628e+02 1 0)
|            ( - -3.173e+03 1 0))
|        ( - -2.802e+02 1 0)))
s>    ( QUESTION10 -1 -6.068e+03 1.126e+02 8.530e+01
s>        ( QUESTION2_0_L -1 -1.440e+03 1.051e+02 2.000e+01
s>            ( - -9.763e+02 1 0)
s>            ( - -3.590e+02 1 0))
s>        ( QUESTION0 -1 -4.515e+03 1.017e+02 6.530e+01
s>            ( WDBNDRY_B 0 -4.133e+03 9.678e+01 5.930e+01
s>                ( - -8.628e+02 1 0)
s>                ( - -3.173e+03 1 0))
s>            ( - -2.802e+02 1 0)))INFO: dtree.c(1315): Comp split 48
INFO: dtree.c(1439): stop. leaf nodes are specific
INFO: dtree.c(1478): Final simple tree
|( QUESTION2_6_L -1 -4.464e+03 1.268e+02 6.276e+01
|    ( - -6.911e+02 2 0)
|    ( QUESTION3 -1 -3.647e+03 1.127e+02 5.276e+01
|        ( - -9.231e+01 1 0)
|        ( QUESTION5 -1 -3.442e+03 1.005e+02 4.976e+01
|            ( - -2.305e+03 2 0)
|            ( - -1.036e+03 2 0))))
s>    ( QUESTION2_6_L -1 -4.464e+03 1.268e+02 6.276e+01
s>        ( - -6.911e+02 2 0)
s>        ( QUESTION3 -1 -3.647e+03 1.127e+02 5.276e+01
s>            ( - -9.231e+01 1 0)
s>            ( QUESTION5 -1 -3.442e+03 1.005e+02 4.976e+01
s>                ( - -2.305e+03 2 0)
s>                ( - -1.036e+03 2 0))))INFO: dtree.c(1439): stop. leaf nodes are specific
INFO: dtree.c(1478): Final simple tree
|( WDBNDRY_B 0 -2.093e+03 1.230e+02 3.089e+01
|    ( - -9.947e+02 1 0)
|    ( - -9.748e+02 1 0))
s>    ( WDBNDRY_B 0 -2.093e+03 1.230e+02 3.089e+01
s>        ( - -9.947e+02 1 0)
s>        ( - -9.748e+02 1 0))INFO: dtree.c(1315): Comp split 49
INFO: dtree.c(1439): stop. leaf nodes are specific
INFO: dtree.c(1478): Final simple tree
|( WDBNDRY_B 0 -6.174e+03 1.289e+02 7.956e+01
|    ( - -3.691e+03 2 0)
|    ( - -2.354e+03 2 0))
s>    ( WDBNDRY_B 0 -6.174e+03 1.289e+02 7.956e+01
s>        ( - -3.691e+03 2 0)
s>        ( - -2.354e+03 2 0))INFO: dtree.c(1315): Comp split 50
INFO: dtree.c(1439): stop. leaf nodes are specific
INFO: dtree.c(1478): Final simple tree
|( QUESTION2_4_L -1 -6.039e+03 1.047e+02 7.959e+01
|    ( - -1.370e+03 2 0)
|    ( QUESTION10 -1 -4.564e+03 8.244e+01 5.959e+01
|        ( - -4.196e+03 1 0)
|        ( - -2.856e+02 1 0)))
s>    ( QUESTION2_4_L -1 -6.039e+03 1.047e+02 7.959e+01
s>        ( - -1.370e+03 2 0)
s>        ( QUESTION10 -1 -4.564e+03 8.244e+01 5.959e+01
s>            ( - -4.196e+03 1 0)
s>            ( - -2.856e+02 1 0)))INFO: dtree.c(1315): Comp split 51
INFO: dtree.c(1439): stop. leaf nodes are specific
INFO: dtree.c(1478): Final simple tree
|( QUESTION0_0_R 1 -1.096e+04 1.266e+02 1.421e+02
|    ( - -2.108e+02 2 0)
|    ( QUESTION10 -1 -1.062e+04 1.255e+02 1.381e+02
|        ( - -1.080e+03 2 0)
|        ( - -9.419e+03 8 0)))
s>    ( QUESTION0_0_R 1 -1.096e+04 1.266e+02 1.421e+02
s>        ( - -2.108e+02 2 0)
s>        ( QUESTION10 -1 -1.062e+04 1.255e+02 1.381e+02
s>            ( - -1.080e+03 2 0)
s>            ( - -9.419e+03 8 0)))INFO: dtree.c(1315): Comp split 52
INFO: dtree.c(1439): stop. leaf nodes are specific
INFO: dtree.c(1478): Final simple tree
|( QUESTION10 -1 -3.678e+03 1.342e+02 5.390e+01
|    ( - -1.113e+00 1 0)
|    ( - -3.543e+03 7 0))
s>    ( QUESTION10 -1 -3.678e+03 1.342e+02 5.390e+01
s>        ( - -1.113e+00 1 0)
s>        ( - -3.543e+03 7 0))INFO: dtree.c(1315): Comp split 53
INFO: dtree.c(1439): stop. leaf nodes are specific
INFO: dtree.c(1478): Final simple tree
|( WDBNDRY_B 0 -5.191e+02 1.099e+02 7.000e+00
|    ( - -1.860e+02 2 0)
|    ( - -2.232e+02 1 0))
s>    ( WDBNDRY_B 0 -5.191e+02 1.099e+02 7.000e+00
s>        ( - -1.860e+02 2 0)
s>        ( - -2.232e+02 1 0))INFO: dtree.c(1439): stop. leaf nodes are specific
INFO: dtree.c(1478): Final simple tree
|( WDBNDRY_B 0 -3.394e+03 1.183e+02 4.644e+01
|    ( - -1.148e+02 2 0)
|    ( - -3.160e+03 2 0))
s>    ( WDBNDRY_B 0 -3.394e+03 1.183e+02 4.644e+01
s>        ( - -1.148e+02 2 0)
s>        ( - -3.160e+03 2 0))INFO: dtree.c(1315): Comp split 54
INFO: dtree.c(1439): stop. leaf nodes are specific
INFO: dtree.c(1478): Final simple tree
|( WDBNDRY_B 0 -8.365e+03 1.018e+02 1.128e+02
|    ( QUESTION2_7_L -1 -9.393e+02 9.377e+01 1.500e+01
|        ( - -2.112e+02 2 0)
|        ( - -6.343e+02 2 0))
|    ( - -7.324e+03 4 0))
s>    ( WDBNDRY_B 0 -8.365e+03 1.018e+02 1.128e+02
s>        ( QUESTION2_7_L -1 -9.393e+02 9.377e+01 1.500e+01
s>            ( - -2.112e+02 2 0)
s>            ( - -6.343e+02 2 0))
s>        ( - -7.324e+03 4 0))INFO: dtree.c(1439): stop. leaf nodes are specific
INFO: dtree.c(1478): Final simple tree
|( QUESTION2_6_L -1 -3.546e+03 1.278e+02 4.565e+01
|    ( - -1.093e+02 1 0)
|    ( SILENCE -1 -3.309e+03 1.052e+02 4.265e+01
|        ( - -2.117e+03 2 0)
|        ( - -1.087e+03 1 0)))
s>    ( QUESTION2_6_L -1 -3.546e+03 1.278e+02 4.565e+01
s>        ( - -1.093e+02 1 0)
s>        ( SILENCE -1 -3.309e+03 1.052e+02 4.265e+01
s>            ( - -2.117e+03 2 0)
s>            ( - -1.087e+03 1 0)))INFO: dtree.c(1315): Comp split 55
INFO: dtree.c(1315): Comp split 56
INFO: dtree.c(1478): Final simple tree
|( QUESTION5 -1 -8.224e+03 1.286e+02 1.077e+02
|    ( - -7.622e+02 1 0)
|    ( QUESTION2_4_L -1 -7.333e+03 1.180e+02 9.768e+01
|        ( - -3.646e+02 2 0)
|        ( QUESTION1 -1 -6.850e+03 1.145e+02 9.168e+01
|            ( - -7.956e+01 1 0)
|            ( QUESTION13 -1 -6.656e+03 1.084e+02 8.868e+01
|                ( - -5.523e+02 2 0)
|                ( QUESTION2_13_L -1 -5.996e+03 9.869e+01 7.968e+01
|                    ( - -1.162e+02 1 0)
|                    ( QUESTION7 -1 -5.781e+03 1.136e+02 7.668e+01
|                        ( - -5.164e+02 1 0)
|                        ( QUESTION0 -1 -5.151e+03 9.109e+01 6.768e+01
|                            ( - -2.428e+02 1 0)
|                            ( - -4.817e+03 6 0))))))))
s>    ( QUESTION5 -1 -8.224e+03 1.286e+02 1.077e+02
s>        ( - -7.622e+02 1 0)
s>        ( QUESTION2_4_L -1 -7.333e+03 1.180e+02 9.768e+01
s>            ( - -3.646e+02 2 0)
s>            ( QUESTION1 -1 -6.850e+03 1.145e+02 9.168e+01
s>                ( - -7.956e+01 1 0)
s>                ( QUESTION13 -1 -6.656e+03 1.084e+02 8.868e+01
s>                    ( - -5.523e+02 2 0)
s>                    ( QUESTION2_13_L -1 -5.996e+03 9.869e+01 7.968e+01
s>                        ( - -1.162e+02 1 0)
s>                        ( QUESTION7 -1 -5.781e+03 1.136e+02 7.668e+01
s>                            ( - -5.164e+02 1 0)
s>                            ( QUESTION0 -1 -5.151e+03 9.109e+01 6.768e+01
s>                                ( - -2.428e+02 1 0)
s>                                ( - -4.817e+03 6 0))))))))INFO: dtree.c(1315): Comp split 57
INFO: dtree.c(1439): stop. leaf nodes are specific
INFO: dtree.c(1478): Final simple tree
|( QUESTION0 -1 -1.768e+03 1.267e+02 2.626e+01
|    ( - -2.089e+02 1 0)
|    ( - -1.432e+03 1 0))
s>    ( QUESTION0 -1 -1.768e+03 1.267e+02 2.626e+01
s>        ( - -2.089e+02 1 0)
s>        ( - -1.432e+03 1 0))INFO: dtree.c(1315): Comp split 58
INFO: dtree.c(1439): stop. leaf nodes are specific
INFO: dtree.c(1478): Final simple tree
|( QUESTION2 -1 -2.140e+03 1.020e+02 3.200e+01
|    ( - -9.833e+01 1 0)
|    ( WDBNDRY_B 0 -1.940e+03 8.228e+01 2.900e+01
|        ( - -3.052e+02 1 0)
|        ( - -1.552e+03 2 0)))
s>    ( QUESTION2 -1 -2.140e+03 1.020e+02 3.200e+01
s>        ( - -9.833e+01 1 0)
s>        ( WDBNDRY_B 0 -1.940e+03 8.228e+01 2.900e+01
s>            ( - -3.052e+02 1 0)
s>            ( - -1.552e+03 2 0)))INFO: dtree.c(1315): Comp split 59
INFO: dtree.c(1439): stop. leaf nodes are specific
INFO: dtree.c(1478): Final simple tree
|( QUESTION15 -1 -1.091e+04 1.218e+02 1.405e+02
|    ( - -4.118e+03 3 0)
|    ( QUESTION13 -1 -6.666e+03 9.452e+01 8.794e+01
|        ( - -1.066e+03 3 0)
|        ( WDBNDRY_B 0 -5.506e+03 8.328e+01 7.394e+01
|            ( - -4.217e+03 3 0)
|            ( - -1.205e+03 3 0))))
s>    ( QUESTION15 -1 -1.091e+04 1.218e+02 1.405e+02
s>        ( - -4.118e+03 3 0)
s>        ( QUESTION13 -1 -6.666e+03 9.452e+01 8.794e+01
s>            ( - -1.066e+03 3 0)
s>            ( WDBNDRY_B 0 -5.506e+03 8.328e+01 7.394e+01
s>                ( - -4.217e+03 3 0)
s>                ( - -1.205e+03 3 0))))INFO: dtree.c(1315): Comp split 60
INFO: dtree.c(1315): Comp split 61
INFO: dtree.c(1439): stop. leaf nodes are specific
INFO: dtree.c(1478): Final simple tree
|( QUESTION2_4_L -1 -7.333e+03 1.180e+02 9.768e+01
|    ( - -3.646e+02 2 0)
|    ( QUESTION1 -1 -6.850e+03 1.145e+02 9.168e+01
|        ( - -7.956e+01 1 0)
|        ( QUESTION13 -1 -6.656e+03 1.084e+02 8.868e+01
|            ( - -5.523e+02 2 0)
|            ( QUESTION2_13_L -1 -5.996e+03 9.869e+01 7.968e+01
|                ( - -1.162e+02 1 0)
|                ( QUESTION7 -1 -5.781e+03 1.136e+02 7.668e+01
|                    ( - -5.164e+02 1 0)
|                    ( QUESTION0 -1 -5.151e+03 9.109e+01 6.768e+01
|                        ( - -2.428e+02 1 0)
|                        ( - -4.817e+03 6 0)))))))
s>    ( QUESTION2_4_L -1 -7.333e+03 1.180e+02 9.768e+01
s>        ( - -3.646e+02 2 0)
s>        ( QUESTION1 -1 -6.850e+03 1.145e+02 9.168e+01
s>            ( - -7.956e+01 1 0)
s>            ( QUESTION13 -1 -6.656e+03 1.084e+02 8.868e+01
s>                ( - -5.523e+02 2 0)
s>                ( QUESTION2_13_L -1 -5.996e+03 9.869e+01 7.968e+01
s>                    ( - -1.162e+02 1 0)
s>                    ( QUESTION7 -1 -5.781e+03 1.136e+02 7.668e+01
s>                        ( - -5.164e+02 1 0)
s>                        ( QUESTION0 -1 -5.151e+03 9.109e+01 6.768e+01
s>                            ( - -2.428e+02 1 0)
s>                            ( - -4.817e+03 6 0)))))))INFO: dtree.c(1315): Comp split 62
INFO: dtree.c(1439): stop. leaf nodes are specific
INFO: dtree.c(1478): Final simple tree
|( SILENCE -1 -3.309e+03 1.052e+02 4.265e+01
|    ( - -2.117e+03 2 0)
|    ( - -1.087e+03 1 0))
s>    ( SILENCE -1 -3.309e+03 1.052e+02 4.265e+01
s>        ( - -2.117e+03 2 0)
s>        ( - -1.087e+03 1 0))INFO: dtree.c(1315): Comp split 63
INFO: dtree.c(1439): stop. leaf nodes are specific
INFO: dtree.c(1478): Final simple tree
|( QUESTION3 -1 -3.647e+03 1.127e+02 5.276e+01
|    ( - -9.231e+01 1 0)
|    ( QUESTION5 -1 -3.442e+03 1.005e+02 4.976e+01
|        ( - -2.305e+03 2 0)
|        ( - -1.036e+03 2 0)))
s>    ( QUESTION3 -1 -3.647e+03 1.127e+02 5.276e+01
s>        ( - -9.231e+01 1 0)
s>        ( QUESTION5 -1 -3.442e+03 1.005e+02 4.976e+01
s>            ( - -2.305e+03 2 0)
s>            ( - -1.036e+03 2 0)))INFO: dtree.c(1315): Comp split 64
INFO: dtree.c(1315): Comp split 65
INFO: dtree.c(1439): stop. leaf nodes are specific
INFO: dtree.c(1478): Final simple tree
|( QUESTION10 -1 -1.062e+04 1.255e+02 1.381e+02
|    ( - -1.080e+03 2 0)
|    ( - -9.419e+03 8 0))
s>    ( QUESTION10 -1 -1.062e+04 1.255e+02 1.381e+02
s>        ( - -1.080e+03 2 0)
s>        ( - -9.419e+03 8 0))INFO: dtree.c(1315): Comp split 66
INFO: dtree.c(1315): Comp split 67
INFO: dtree.c(1315): Comp split 68
INFO: dtree.c(1439): stop. leaf nodes are specific
INFO: dtree.c(1478): Final simple tree
|( QUESTION13 -1 -6.666e+03 9.452e+01 8.794e+01
|    ( - -1.066e+03 3 0)
|    ( WDBNDRY_B 0 -5.506e+03 8.328e+01 7.394e+01
|        ( - -4.217e+03 3 0)
|        ( - -1.205e+03 3 0)))
s>    ( QUESTION13 -1 -6.666e+03 9.452e+01 8.794e+01
s>        ( - -1.066e+03 3 0)
s>        ( WDBNDRY_B 0 -5.506e+03 8.328e+01 7.394e+01
s>            ( - -4.217e+03 3 0)
s>            ( - -1.205e+03 3 0)))INFO: dtree.c(1315): Comp split 69
INFO: dtree.c(1439): stop. leaf nodes are specific
INFO: dtree.c(1478): Final simple tree
|( WDBNDRY_B 0 -1.327e+04 1.003e+02 1.690e+02
|    ( - -1.265e+04 3 0)
|    ( - -5.168e+02 2 0))
s>    ( WDBNDRY_B 0 -1.327e+04 1.003e+02 1.690e+02
s>        ( - -1.265e+04 3 0)
s>        ( - -5.168e+02 2 0))INFO: dtree.c(1315): Comp split 70
INFO: dtree.c(1439): stop. leaf nodes are specific
INFO: dtree.c(1478): Final simple tree
|( QUESTION1 -1 -6.189e+03 1.138e+02 8.268e+01
|    ( - -7.956e+01 1 0)
|    ( QUESTION2_13_L -1 -5.996e+03 9.869e+01 7.968e+01
|        ( - -1.162e+02 1 0)
|        ( QUESTION7 -1 -5.781e+03 1.136e+02 7.668e+01
|            ( - -5.164e+02 1 0)
|            ( QUESTION0 -1 -5.151e+03 9.109e+01 6.768e+01
|                ( - -2.428e+02 1 0)
|                ( - -4.817e+03 6 0)))))
s>    ( QUESTION1 -1 -6.189e+03 1.138e+02 8.268e+01
s>        ( - -7.956e+01 1 0)
s>        ( QUESTION2_13_L -1 -5.996e+03 9.869e+01 7.968e+01
s>            ( - -1.162e+02 1 0)
s>            ( QUESTION7 -1 -5.781e+03 1.136e+02 7.668e+01
s>                ( - -5.164e+02 1 0)
s>                ( QUESTION0 -1 -5.151e+03 9.109e+01 6.768e+01
s>                    ( - -2.428e+02 1 0)
s>                    ( - -4.817e+03 6 0)))))INFO: dtree.c(1439): stop. leaf nodes are specific
INFO: dtree.c(1478): Final simple tree
|( QUESTION13 -1 -1.026e+03 1.087e+02 1.500e+01
|    ( - -5.523e+02 2 0)
|    ( - -3.646e+02 2 0))
s>    ( QUESTION13 -1 -1.026e+03 1.087e+02 1.500e+01
s>        ( - -5.523e+02 2 0)
s>        ( - -3.646e+02 2 0))INFO: dtree.c(1315): Comp split 71
INFO: dtree.c(1315): Comp split 72
INFO: dtree.c(1439): stop. leaf nodes are specific
INFO: dtree.c(1478): Final simple tree
|( QUESTION1 -1 -7.078e+02 1.118e+02 1.200e+01
|    ( - -7.956e+01 1 0)
|    ( - -5.164e+02 1 0))
s>    ( QUESTION1 -1 -7.078e+02 1.118e+02 1.200e+01
s>        ( - -7.956e+01 1 0)
s>        ( - -5.164e+02 1 0))INFO: dtree.c(1439): stop. leaf nodes are specific
INFO: dtree.c(1478): Final simple tree
|( QUESTION7 -1 -5.364e+03 9.678e+01 7.068e+01
|    ( - -1.162e+02 1 0)
|    ( QUESTION0 -1 -5.151e+03 9.109e+01 6.768e+01
|        ( - -2.428e+02 1 0)
|        ( - -4.817e+03 6 0)))
s>    ( QUESTION7 -1 -5.364e+03 9.678e+01 7.068e+01
s>        ( - -1.162e+02 1 0)
s>        ( QUESTION0 -1 -5.151e+03 9.109e+01 6.768e+01
s>            ( - -2.428e+02 1 0)
s>            ( - -4.817e+03 6 0)))INFO: dtree.c(1315): Comp split 73
INFO: dtree.c(1439): stop. leaf nodes are specific
INFO: dtree.c(1478): Final simple tree
|( QUESTION5 -1 -3.442e+03 1.005e+02 4.976e+01
|    ( - -2.305e+03 2 0)
|    ( - -1.036e+03 2 0))
s>    ( QUESTION5 -1 -3.442e+03 1.005e+02 4.976e+01
s>        ( - -2.305e+03 2 0)
s>        ( - -1.036e+03 2 0))INFO: dtree.c(1315): Comp split 74
INFO: dtree.c(1439): stop. leaf nodes are specific
INFO: dtree.c(1478): Final simple tree
|( QUESTION0 -1 -4.515e+03 1.017e+02 6.530e+01
|    ( WDBNDRY_B 0 -4.133e+03 9.678e+01 5.930e+01
|        ( - -8.628e+02 1 0)
|        ( - -3.173e+03 1 0))
|    ( - -2.802e+02 1 0))
s>    ( QUESTION0 -1 -4.515e+03 1.017e+02 6.530e+01
s>        ( WDBNDRY_B 0 -4.133e+03 9.678e+01 5.930e+01
s>            ( - -8.628e+02 1 0)
s>            ( - -3.173e+03 1 0))
s>        ( - -2.802e+02 1 0))INFO: dtree.c(1439): stop. leaf nodes are specific
INFO: dtree.c(1478): Final simple tree
|( QUESTION2_0_L -1 -1.440e+03 1.051e+02 2.000e+01
|    ( - -9.763e+02 1 0)
|    ( - -3.590e+02 1 0))
s>    ( QUESTION2_0_L -1 -1.440e+03 1.051e+02 2.000e+01
s>        ( - -9.763e+02 1 0)
s>        ( - -3.590e+02 1 0))INFO: dtree.c(1315): Comp split 75
INFO: dtree.c(1315): Comp split 76
INFO: dtree.c(1315): Comp split 77
INFO: dtree.c(1315): Comp split 78
INFO: dtree.c(1315): Comp split 79
INFO: dtree.c(1315): Comp split 80
INFO: dtree.c(1315): Comp split 81
INFO: dtree.c(1439): stop. leaf nodes are specific
INFO: dtree.c(1478): Final simple tree
|( QUESTION10 -1 -4.564e+03 8.244e+01 5.959e+01
|    ( - -4.196e+03 1 0)
|    ( - -2.856e+02 1 0))
s>    ( QUESTION10 -1 -4.564e+03 8.244e+01 5.959e+01
s>        ( - -4.196e+03 1 0)
s>        ( - -2.856e+02 1 0))INFO: dtree.c(1315): Comp split 82
INFO: dtree.c(1439): stop. leaf nodes are specific
INFO: dtree.c(1478): Final simple tree
|( WDBNDRY_B 0 -1.940e+03 8.228e+01 2.900e+01
|    ( - -3.052e+02 1 0)
|    ( - -1.552e+03 2 0))
s>    ( WDBNDRY_B 0 -1.940e+03 8.228e+01 2.900e+01
s>        ( - -3.052e+02 1 0)
s>        ( - -1.552e+03 2 0))INFO: dtree.c(1315): Comp split 83
INFO: dtree.c(1439): stop. leaf nodes are specific
INFO: dtree.c(1478): Final simple tree
|( QUESTION2_7_L -1 -9.393e+02 9.377e+01 1.500e+01
|    ( - -2.112e+02 2 0)
|    ( - -6.343e+02 2 0))
s>    ( QUESTION2_7_L -1 -9.393e+02 9.377e+01 1.500e+01
s>        ( - -2.112e+02 2 0)
s>        ( - -6.343e+02 2 0))INFO: dtree.c(1315): Comp split 84
INFO: dtree.c(1439): stop. leaf nodes are specific
INFO: dtree.c(1478): Final simple tree
|( WDBNDRY_B 0 -4.133e+03 9.678e+01 5.930e+01
|    ( - -8.628e+02 1 0)
|    ( - -3.173e+03 1 0))
s>    ( WDBNDRY_B 0 -4.133e+03 9.678e+01 5.930e+01
s>        ( - -8.628e+02 1 0)
s>        ( - -3.173e+03 1 0))INFO: dtree.c(1315): Comp split 85
INFO: dtree.c(1315): Comp split 86
INFO: dtree.c(1315): Comp split 87
INFO: dtree.c(1315): Comp split 88
INFO: dtree.c(1439): stop. leaf nodes are specific
INFO: dtree.c(1478): Final simple tree
|( QUESTION0 -1 -5.151e+03 9.109e+01 6.768e+01
|    ( - -2.428e+02 1 0)
|    ( - -4.817e+03 6 0))
s>    ( QUESTION0 -1 -5.151e+03 9.109e+01 6.768e+01
s>        ( - -2.428e+02 1 0)
s>        ( - -4.817e+03 6 0))INFO: dtree.c(1315): Comp split 89
INFO: dtree.c(1439): stop. leaf nodes are specific
INFO: dtree.c(1478): Final simple tree
|( WDBNDRY_B 0 -5.506e+03 8.328e+01 7.394e+01
|    ( - -4.217e+03 3 0)
|    ( - -1.205e+03 3 0))
s>    ( WDBNDRY_B 0 -5.506e+03 8.328e+01 7.394e+01
s>        ( - -4.217e+03 3 0)
s>        ( - -1.205e+03 3 0))INFO: dtree.c(1315): Comp split 90
INFO: dtree.c(1315): Comp split 91
INFO: dtree.c(1315): Comp split 92
INFO: dtree.c(1315): Comp split 93
INFO: dtree.c(1315): Comp split 94
INFO: dtree.c(1315): Comp split 95
INFO: dtree.c(1315): Comp split 96
INFO: dtree.c(1318): stop. leaf nodes are specific
!!!!!!!!Allocated 66 lines
Fri Apr  8 23:10:01 2016
