Current configuration:
[NAME]		[DEFLT]	[VALUE]
-allphones	no	no
-cntthresh	0.00001	1.000000e-05
-csplitmax	100	2000
-csplitmin	1	1
-csplitthr	8e-4	0.000000e+00
-example	no	no
-fullvar	no	no
-help		no	no
-meanfn			/home/yaroslav/model/model_parameters/ua.cd_cont_untied/means
-mixwfn			/home/yaroslav/model/model_parameters/ua.cd_cont_untied/mixture_weights
-moddeffn		/home/yaroslav/model/model_architecture/ua.untied.mdef
-mwfloor	1e-4	1.000000e-08
-phone			YA
-psetfn			/home/yaroslav/model/model_architecture/ua.tree_questions
-ssplitmax	5	7
-ssplitmin	1	1
-ssplitthr	8e-4	0.000000e+00
-state			1
-stwt			1.0,0.05,0.0,
-treefn			/home/yaroslav/model/trees/ua.unpruned/YA-1.dtree
-ts2cbfn	.semi.	.cont.
-varfloor	0.00001	1.000000e-05
-varfn			/home/yaroslav/model/model_parameters/ua.cd_cont_untied/variances

INFO: main.c(223): Reading: /home/yaroslav/model/model_architecture/ua.untied.mdef
INFO: model_def_io.c(573): Model definition info:
INFO: model_def_io.c(574): 9365 total models defined (51 base, 9314 tri)
INFO: model_def_io.c(575): 37460 total states
INFO: model_def_io.c(576): 28095 total tied states
INFO: model_def_io.c(577): 153 total tied CI states
INFO: model_def_io.c(578): 51 total tied transition matrices
INFO: model_def_io.c(579): 4 max state/model
INFO: model_def_io.c(580): 4 min state/model
INFO: main.c(242): Building trees for [YA A B s] through [YA І Z e]
INFO: main.c(269): Covering states |[23988 24362]| == 375
INFO: main.c(275): Reading: /home/yaroslav/model/model_parameters/ua.cd_cont_untied/mixture_weights
INFO: s3mixw_io.c(173): Read /home/yaroslav/model/model_parameters/ua.cd_cont_untied/mixture_weights [375x1x1 array]
INFO: main.c(311): 123 of 125 models have observation count greater than 0.000010
INFO: main.c(95): nrm stwt: 0.045 0.909 0.045 
INFO: s3gau_io.c(169): Read /home/yaroslav/model/model_parameters/ua.cd_cont_untied/means [28095x1x1 array]
INFO: s3gau_io.c(169): Read /home/yaroslav/model/model_parameters/ua.cd_cont_untied/variances [28095x1x1 array]
INFO: main.c(549): Reading: /home/yaroslav/model/model_architecture/ua.tree_questions
INFO: main.c(588): 180 total simple questions (172 phone; 8 word bndry)
INFO: main.c(590): 42 Left Only questions, and 42 Right Only questions
INFO: dtree.c(1478): Final simple tree
|( QUESTION5 1 -2.782e+05 1.582e+03 1.299e+03
|    ( - -4.160e+04 8 0 QUESTION2_14_L -1 4.244e+02 2.066e+02)
|    ( WDBNDRY_E 0 -2.350e+05 5.926e+02 1.093e+03
|        ( QUESTION0_4_R 1 -3.019e+04 4.618e+02 1.434e+02
|            ( - 1.973e+02 1 0)
|            ( - -2.992e+04 15 0 QUESTION0 -1 3.441e+02 1.424e+02))
|        ( QUESTION2 1 -2.042e+05 4.760e+02 9.494e+02
|            ( WDBNDRY_I 0 -1.279e+05 5.335e+02 5.987e+02
|                ( - -1.368e+04 5 0 QUESTION0_1_R 1 2.588e+02 7.090e+01)
|                ( QUESTION2_10_L -1 -1.137e+05 4.419e+02 5.278e+02
|                    ( - 2.406e+02 1 0)
|                    ( - -1.135e+05 37 0 QUESTION2_14_L -1 3.918e+02 5.268e+02)))
|            ( QUESTION0_4_R 1 -7.585e+04 4.455e+02 3.507e+02
|                ( - 2.200e+02 1 0)
|                ( - -7.563e+04 55 0 WDBNDRY_B 0 3.698e+02 3.497e+02)))))
s>    ( QUESTION5 1 -2.782e+05 1.582e+03 1.299e+03
s>        ( - -4.160e+04 8 0 QUESTION2_14_L -1 4.244e+02 2.066e+02)
s>        ( WDBNDRY_E 0 -2.350e+05 5.926e+02 1.093e+03
s>            ( QUESTION0_4_R 1 -3.019e+04 4.618e+02 1.434e+02
s>                ( - 1.973e+02 1 0)
s>                ( - -2.992e+04 15 0 QUESTION0 -1 3.441e+02 1.424e+02))
s>            ( QUESTION2 1 -2.042e+05 4.760e+02 9.494e+02
s>                ( WDBNDRY_I 0 -1.279e+05 5.335e+02 5.987e+02
s>                    ( - -1.368e+04 5 0 QUESTION0_1_R 1 2.588e+02 7.090e+01)
s>                    ( QUESTION2_10_L -1 -1.137e+05 4.419e+02 5.278e+02
s>                        ( - 2.406e+02 1 0)
s>                        ( - -1.135e+05 37 0 QUESTION2_14_L -1 3.918e+02 5.268e+02)))
s>                ( QUESTION0_4_R 1 -7.585e+04 4.455e+02 3.507e+02
s>                    ( - 2.200e+02 1 0)
s>                    ( - -7.563e+04 55 0 WDBNDRY_B 0 3.698e+02 3.497e+02)))))INFO: dtree.c(1315): Comp split 0
INFO: dtree.c(1478): Final simple tree
|( WDBNDRY_E 0 -2.350e+05 5.926e+02 1.093e+03
|    ( QUESTION0_4_R 1 -3.019e+04 4.618e+02 1.434e+02
|        ( - 1.973e+02 1 0)
|        ( - -2.992e+04 15 0 QUESTION0 -1 3.441e+02 1.424e+02))
|    ( QUESTION2 1 -2.042e+05 4.760e+02 9.494e+02
|        ( WDBNDRY_I 0 -1.279e+05 5.335e+02 5.987e+02
|            ( - -1.368e+04 5 0 QUESTION0_1_R 1 2.588e+02 7.090e+01)
|            ( QUESTION2_10_L -1 -1.137e+05 4.419e+02 5.278e+02
|                ( - 2.406e+02 1 0)
|                ( QUESTION2_14_L -1 -1.135e+05 3.918e+02 5.268e+02
|                    ( - -3.124e+04 6 0 QUESTION0_1_R 1 2.017e+02 1.485e+02)
|                    ( - -8.183e+04 31 0 SILENCE -1 2.814e+02 3.783e+02))))
|        ( QUESTION0_4_R 1 -7.585e+04 4.455e+02 3.507e+02
|            ( - 2.200e+02 1 0)
|            ( - -7.563e+04 55 0 WDBNDRY_B 0 3.698e+02 3.497e+02))))
s>    ( WDBNDRY_E 0 -2.350e+05 5.926e+02 1.093e+03
s>        ( QUESTION0_4_R 1 -3.019e+04 4.618e+02 1.434e+02
s>            ( - 1.973e+02 1 0)
s>            ( - -2.992e+04 15 0 QUESTION0 -1 3.441e+02 1.424e+02))
s>        ( QUESTION2 1 -2.042e+05 4.760e+02 9.494e+02
s>            ( WDBNDRY_I 0 -1.279e+05 5.335e+02 5.987e+02
s>                ( - -1.368e+04 5 0 QUESTION0_1_R 1 2.588e+02 7.090e+01)
s>                ( QUESTION2_10_L -1 -1.137e+05 4.419e+02 5.278e+02
s>                    ( - 2.406e+02 1 0)
s>                    ( QUESTION2_14_L -1 -1.135e+05 3.918e+02 5.268e+02
s>                        ( - -3.124e+04 6 0 QUESTION0_1_R 1 2.017e+02 1.485e+02)
s>                        ( - -8.183e+04 31 0 SILENCE -1 2.814e+02 3.783e+02))))
s>            ( QUESTION0_4_R 1 -7.585e+04 4.455e+02 3.507e+02
s>                ( - 2.200e+02 1 0)
s>                ( - -7.563e+04 55 0 WDBNDRY_B 0 3.698e+02 3.497e+02))))INFO: dtree.c(1439): stop. leaf nodes are specific
INFO: dtree.c(1478): Final simple tree
|( QUESTION2_14_L -1 -4.160e+04 4.244e+02 2.066e+02
|    ( - -9.130e+03 2 0)
|    ( QUESTION13 -1 -3.204e+04 2.725e+02 1.581e+02
|        ( - -8.795e+03 1 0)
|        ( QUESTION9 -1 -2.298e+04 2.550e+02 1.156e+02
|            ( - -3.670e+02 1 0)
|            ( QUESTION2_0_L -1 -2.235e+04 2.142e+02 1.126e+02
|                ( - -2.202e+02 1 0)
|                ( QUESTION0 -1 -2.192e+04 1.765e+02 1.106e+02
|                    ( QUESTION2_12_L -1 -2.143e+04 4.693e+02 1.086e+02
|                        ( - 2.239e+02 1 0)
|                        ( - -2.119e+04 1 0))
|                    ( - -3.086e+02 1 0))))))
s>    ( QUESTION2_14_L -1 -4.160e+04 4.244e+02 2.066e+02
s>        ( - -9.130e+03 2 0)
s>        ( QUESTION13 -1 -3.204e+04 2.725e+02 1.581e+02
s>            ( - -8.795e+03 1 0)
s>            ( QUESTION9 -1 -2.298e+04 2.550e+02 1.156e+02
s>                ( - -3.670e+02 1 0)
s>                ( QUESTION2_0_L -1 -2.235e+04 2.142e+02 1.126e+02
s>                    ( - -2.202e+02 1 0)
s>                    ( QUESTION0 -1 -2.192e+04 1.765e+02 1.106e+02
s>                        ( QUESTION2_12_L -1 -2.143e+04 4.693e+02 1.086e+02
s>                            ( - 2.239e+02 1 0)
s>                            ( - -2.119e+04 1 0))
s>                        ( - -3.086e+02 1 0))))))INFO: dtree.c(1315): Comp split 1
INFO: dtree.c(1478): Final simple tree
|( QUESTION0 -1 -4.397e+04 3.765e+02 2.133e+02
|    ( WDBNDRY_E 0 -2.289e+04 3.066e+02 1.137e+02
|        ( - -9.755e+03 6 0 QUESTION7 1 1.951e+02 4.682e+01)
|        ( QUESTION0_1_R 1 -1.283e+04 2.449e+02 6.690e+01
|            ( - -3.801e+03 2 0)
|            ( - -8.786e+03 2 0)))
|    ( QUESTION0_11_R 1 -2.070e+04 4.352e+02 9.957e+01
|        ( - 2.106e+02 1 0)
|        ( QUESTION0_0_R 1 -2.048e+04 3.662e+02 9.857e+01
|            ( QUESTION0 1 -1.656e+04 4.791e+02 7.846e+01
|                ( - 2.069e+02 1 0)
|                ( QUESTION8 1 -1.629e+04 2.548e+02 7.746e+01
|                    ( - -9.240e+03 2 0)
|                    ( - -6.796e+03 5 0 QUESTION16 1 2.173e+02 3.162e+01)))
|            ( - -3.549e+03 1 0))))
s>    ( QUESTION0 -1 -4.397e+04 3.765e+02 2.133e+02
s>        ( WDBNDRY_E 0 -2.289e+04 3.066e+02 1.137e+02
s>            ( - -9.755e+03 6 0 QUESTION7 1 1.951e+02 4.682e+01)
s>            ( QUESTION0_1_R 1 -1.283e+04 2.449e+02 6.690e+01
s>                ( - -3.801e+03 2 0)
s>                ( - -8.786e+03 2 0)))
s>        ( QUESTION0_11_R 1 -2.070e+04 4.352e+02 9.957e+01
s>            ( - 2.106e+02 1 0)
s>            ( QUESTION0_0_R 1 -2.048e+04 3.662e+02 9.857e+01
s>                ( QUESTION0 1 -1.656e+04 4.791e+02 7.846e+01
s>                    ( - 2.069e+02 1 0)
s>                    ( QUESTION8 1 -1.629e+04 2.548e+02 7.746e+01
s>                        ( - -9.240e+03 2 0)
s>                        ( - -6.796e+03 5 0 QUESTION16 1 2.173e+02 3.162e+01)))
s>                ( - -3.549e+03 1 0))))INFO: dtree.c(1478): Final simple tree
|( QUESTION6 1 -1.903e+05 4.805e+02 8.795e+02
|    ( QUESTION2_10_L -1 -1.127e+05 4.419e+02 5.228e+02
|        ( - 2.406e+02 1 0)
|        ( QUESTION2_14_L -1 -1.125e+05 4.004e+02 5.218e+02
|            ( - -3.028e+04 5 0 WDBNDRY_B 0 1.583e+02 1.435e+02)
|            ( - -8.183e+04 31 0 SILENCE -1 2.814e+02 3.783e+02)))
|    ( WDBNDRY_E 0 -7.706e+04 4.516e+02 3.567e+02
|        ( - 1.973e+02 1 0)
|        ( QUESTION0_4_R 1 -7.681e+04 4.455e+02 3.557e+02
|            ( - 2.200e+02 1 0)
|            ( WDBNDRY_B 0 -7.658e+04 3.681e+02 3.547e+02
|                ( - -1.274e+04 9 0 QUESTION0_12_R 1 2.320e+02 5.993e+01)
|                ( QUESTION2_11_L -1 -6.347e+04 2.970e+02 2.948e+02
|                    ( - -3.735e+04 35 0 WDBNDRY_S 0 2.757e+02 1.758e+02)
|                    ( - -2.582e+04 12 0 WDBNDRY_S 0 3.567e+02 1.190e+02))))))
s>    ( QUESTION6 1 -1.903e+05 4.805e+02 8.795e+02
s>        ( QUESTION2_10_L -1 -1.127e+05 4.419e+02 5.228e+02
s>            ( - 2.406e+02 1 0)
s>            ( QUESTION2_14_L -1 -1.125e+05 4.004e+02 5.218e+02
s>                ( - -3.028e+04 5 0 WDBNDRY_B 0 1.583e+02 1.435e+02)
s>                ( - -8.183e+04 31 0 SILENCE -1 2.814e+02 3.783e+02)))
s>        ( WDBNDRY_E 0 -7.706e+04 4.516e+02 3.567e+02
s>            ( - 1.973e+02 1 0)
s>            ( QUESTION0_4_R 1 -7.681e+04 4.455e+02 3.557e+02
s>                ( - 2.200e+02 1 0)
s>                ( WDBNDRY_B 0 -7.658e+04 3.681e+02 3.547e+02
s>                    ( - -1.274e+04 9 0 QUESTION0_12_R 1 2.320e+02 5.993e+01)
s>                    ( QUESTION2_11_L -1 -6.347e+04 2.970e+02 2.948e+02
s>                        ( - -3.735e+04 35 0 WDBNDRY_S 0 2.757e+02 1.758e+02)
s>                        ( - -2.582e+04 12 0 WDBNDRY_S 0 3.567e+02 1.190e+02))))))INFO: dtree.c(1315): Comp split 2
INFO: dtree.c(1478): Final simple tree
|( WDBNDRY_B 0 -5.041e+04 3.190e+02 2.357e+02
|    ( QUESTION0_12_R 1 -1.274e+04 2.320e+02 5.993e+01
|        ( - -7.196e+02 1 0)
|        ( - -1.179e+04 8 0 QUESTION2_14_L -1 1.908e+02 5.593e+01))
|    ( WDBNDRY_S 0 -3.735e+04 2.757e+02 1.758e+02
|        ( QUESTION20 1 -2.242e+04 2.444e+02 1.050e+02
|            ( - -4.812e+02 1 0)
|            ( QUESTION0_1_R 1 -2.169e+04 2.033e+02 1.030e+02
|                ( - -1.379e+04 13 0 QUESTION0 1 1.818e+02 6.797e+01)
|                ( QUESTION0_16_R 1 -7.698e+03 2.271e+02 3.500e+01
|                    ( - -7.637e+02 1 0)
|                    ( - -6.707e+03 9 0 QUESTION0_3_R 1 1.964e+02 3.000e+01))))
|        ( QUESTION0 1 -1.465e+04 2.163e+02 7.081e+01
|            ( - -2.366e+03 1 0)
|            ( - -1.207e+04 10 0 QUESTION0_3_R 1 2.019e+02 5.781e+01))))
s>    ( WDBNDRY_B 0 -5.041e+04 3.190e+02 2.357e+02
s>        ( QUESTION0_12_R 1 -1.274e+04 2.320e+02 5.993e+01
s>            ( - -7.196e+02 1 0)
s>            ( - -1.179e+04 8 0 QUESTION2_14_L -1 1.908e+02 5.593e+01))
s>        ( WDBNDRY_S 0 -3.735e+04 2.757e+02 1.758e+02
s>            ( QUESTION20 1 -2.242e+04 2.444e+02 1.050e+02
s>                ( - -4.812e+02 1 0)
s>                ( QUESTION0_1_R 1 -2.169e+04 2.033e+02 1.030e+02
s>                    ( - -1.379e+04 13 0 QUESTION0 1 1.818e+02 6.797e+01)
s>                    ( QUESTION0_16_R 1 -7.698e+03 2.271e+02 3.500e+01
s>                        ( - -7.637e+02 1 0)
s>                        ( - -6.707e+03 9 0 QUESTION0_3_R 1 1.964e+02 3.000e+01))))
s>            ( QUESTION0 1 -1.465e+04 2.163e+02 7.081e+01
s>                ( - -2.366e+03 1 0)
s>                ( - -1.207e+04 10 0 QUESTION0_3_R 1 2.019e+02 5.781e+01))))INFO: dtree.c(1478): Final simple tree
|( WDBNDRY_E 0 -1.393e+05 4.491e+02 6.438e+02
|    ( - 1.973e+02 1 0)
|    ( QUESTION0_4_R 1 -1.390e+05 4.438e+02 6.428e+02
|        ( - 2.200e+02 1 0)
|        ( QUESTION2_10_L -1 -1.388e+05 4.425e+02 6.418e+02
|            ( - 2.406e+02 1 0)
|            ( QUESTION2_14_L -1 -1.386e+05 4.353e+02 6.408e+02
|                ( - -3.028e+04 5 0 WDBNDRY_B 0 1.583e+02 1.435e+02)
|                ( WDBNDRY_I 0 -1.079e+05 3.730e+02 4.973e+02
|                    ( - -6.382e+03 1 0)
|                    ( SILENCE -1 -1.011e+05 3.434e+02 4.652e+02
|                        ( - -1.196e+04 3 0 QUESTION0_1_R 1 1.560e+02 5.353e+01)
|                        ( QUESTION16 1 -8.883e+04 2.635e+02 4.117e+02
|                            ( - -2.529e+03 1 0)
|                            ( - -8.604e+04 38 0 QUESTION8 1 2.213e+02 3.997e+02))))))))
s>    ( WDBNDRY_E 0 -1.393e+05 4.491e+02 6.438e+02
s>        ( - 1.973e+02 1 0)
s>        ( QUESTION0_4_R 1 -1.390e+05 4.438e+02 6.428e+02
s>            ( - 2.200e+02 1 0)
s>            ( QUESTION2_10_L -1 -1.388e+05 4.425e+02 6.418e+02
s>                ( - 2.406e+02 1 0)
s>                ( QUESTION2_14_L -1 -1.386e+05 4.353e+02 6.408e+02
s>                    ( - -3.028e+04 5 0 WDBNDRY_B 0 1.583e+02 1.435e+02)
s>                    ( WDBNDRY_I 0 -1.079e+05 3.730e+02 4.973e+02
s>                        ( - -6.382e+03 1 0)
s>                        ( SILENCE -1 -1.011e+05 3.434e+02 4.652e+02
s>                            ( - -1.196e+04 3 0 QUESTION0_1_R 1 1.560e+02 5.353e+01)
s>                            ( QUESTION16 1 -8.883e+04 2.635e+02 4.117e+02
s>                                ( - -2.529e+03 1 0)
s>                                ( - -8.604e+04 38 0 QUESTION8 1 2.213e+02 3.997e+02))))))))INFO: dtree.c(1315): Comp split 3
INFO: dtree.c(1478): Final simple tree
|( QUESTION0 -1 -4.370e+04 3.789e+02 2.123e+02
|    ( WDBNDRY_E 0 -2.289e+04 3.066e+02 1.137e+02
|        ( - -9.755e+03 6 0 QUESTION7 1 1.951e+02 4.682e+01)
|        ( QUESTION0_1_R 1 -1.283e+04 2.449e+02 6.690e+01
|            ( - -3.801e+03 2 0)
|            ( - -8.786e+03 2 0)))
|    ( QUESTION0_11_R 1 -2.043e+04 4.353e+02 9.857e+01
|        ( - 2.106e+02 1 0)
|        ( QUESTION0_0_R 1 -2.021e+04 3.670e+02 9.757e+01
|            ( QUESTION8 1 -1.629e+04 2.548e+02 7.746e+01
|                ( - -9.240e+03 2 0)
|                ( QUESTION16 1 -6.796e+03 2.173e+02 3.162e+01
|                    ( - -9.375e+02 1 0)
|                    ( - -5.641e+03 4 0 WDBNDRY_E 0 2.364e+02 2.662e+01)))
|            ( - -3.549e+03 1 0))))
s>    ( QUESTION0 -1 -4.370e+04 3.789e+02 2.123e+02
s>        ( WDBNDRY_E 0 -2.289e+04 3.066e+02 1.137e+02
s>            ( - -9.755e+03 6 0 QUESTION7 1 1.951e+02 4.682e+01)
s>            ( QUESTION0_1_R 1 -1.283e+04 2.449e+02 6.690e+01
s>                ( - -3.801e+03 2 0)
s>                ( - -8.786e+03 2 0)))
s>        ( QUESTION0_11_R 1 -2.043e+04 4.353e+02 9.857e+01
s>            ( - 2.106e+02 1 0)
s>            ( QUESTION0_0_R 1 -2.021e+04 3.670e+02 9.757e+01
s>                ( QUESTION8 1 -1.629e+04 2.548e+02 7.746e+01
s>                    ( - -9.240e+03 2 0)
s>                    ( QUESTION16 1 -6.796e+03 2.173e+02 3.162e+01
s>                        ( - -9.375e+02 1 0)
s>                        ( - -5.641e+03 4 0 WDBNDRY_E 0 2.364e+02 2.662e+01)))
s>                ( - -3.549e+03 1 0))))INFO: dtree.c(1315): Comp split 4
INFO: dtree.c(1439): stop. leaf nodes are specific
INFO: dtree.c(1478): Final simple tree
|( QUESTION2_14_L -1 -4.137e+04 4.304e+02 2.056e+02
|    ( - -9.130e+03 2 0)
|    ( QUESTION13 -1 -3.181e+04 2.739e+02 1.571e+02
|        ( - -8.795e+03 1 0)
|        ( QUESTION9 -1 -2.274e+04 2.581e+02 1.146e+02
|            ( - -3.670e+02 1 0)
|            ( QUESTION2_0_L -1 -2.211e+04 2.150e+02 1.116e+02
|                ( - -2.202e+02 1 0)
|                ( QUESTION0 -1 -2.168e+04 1.776e+02 1.096e+02
|                    ( - -2.119e+04 1 0)
|                    ( - -3.086e+02 1 0))))))
s>    ( QUESTION2_14_L -1 -4.137e+04 4.304e+02 2.056e+02
s>        ( - -9.130e+03 2 0)
s>        ( QUESTION13 -1 -3.181e+04 2.739e+02 1.571e+02
s>            ( - -8.795e+03 1 0)
s>            ( QUESTION9 -1 -2.274e+04 2.581e+02 1.146e+02
s>                ( - -3.670e+02 1 0)
s>                ( QUESTION2_0_L -1 -2.211e+04 2.150e+02 1.116e+02
s>                    ( - -2.202e+02 1 0)
s>                    ( QUESTION0 -1 -2.168e+04 1.776e+02 1.096e+02
s>                        ( - -2.119e+04 1 0)
s>                        ( - -3.086e+02 1 0))))))INFO: dtree.c(1315): Comp split 5
INFO: dtree.c(1478): Final simple tree
|( QUESTION0_4_R 1 -1.390e+05 4.438e+02 6.428e+02
|    ( - 2.200e+02 1 0)
|    ( QUESTION2_10_L -1 -1.388e+05 4.425e+02 6.418e+02
|        ( - 2.406e+02 1 0)
|        ( QUESTION2_14_L -1 -1.386e+05 4.353e+02 6.408e+02
|            ( - -3.028e+04 5 0 WDBNDRY_B 0 1.583e+02 1.435e+02)
|            ( WDBNDRY_I 0 -1.079e+05 3.730e+02 4.973e+02
|                ( - -6.382e+03 1 0)
|                ( SILENCE -1 -1.011e+05 3.434e+02 4.652e+02
|                    ( - -1.196e+04 3 0 QUESTION0_1_R 1 1.560e+02 5.353e+01)
|                    ( QUESTION16 1 -8.883e+04 2.635e+02 4.117e+02
|                        ( - -2.529e+03 1 0)
|                        ( QUESTION8 1 -8.604e+04 2.213e+02 3.997e+02
|                            ( - -7.815e+03 4 0 QUESTION3 -1 2.132e+02 3.644e+01)
|                            ( - -7.800e+04 34 0 QUESTION0_1_R 1 2.064e+02 3.633e+02))))))))
s>    ( QUESTION0_4_R 1 -1.390e+05 4.438e+02 6.428e+02
s>        ( - 2.200e+02 1 0)
s>        ( QUESTION2_10_L -1 -1.388e+05 4.425e+02 6.418e+02
s>            ( - 2.406e+02 1 0)
s>            ( QUESTION2_14_L -1 -1.386e+05 4.353e+02 6.408e+02
s>                ( - -3.028e+04 5 0 WDBNDRY_B 0 1.583e+02 1.435e+02)
s>                ( WDBNDRY_I 0 -1.079e+05 3.730e+02 4.973e+02
s>                    ( - -6.382e+03 1 0)
s>                    ( SILENCE -1 -1.011e+05 3.434e+02 4.652e+02
s>                        ( - -1.196e+04 3 0 QUESTION0_1_R 1 1.560e+02 5.353e+01)
s>                        ( QUESTION16 1 -8.883e+04 2.635e+02 4.117e+02
s>                            ( - -2.529e+03 1 0)
s>                            ( QUESTION8 1 -8.604e+04 2.213e+02 3.997e+02
s>                                ( - -7.815e+03 4 0 QUESTION3 -1 2.132e+02 3.644e+01)
s>                                ( - -7.800e+04 34 0 QUESTION0_1_R 1 2.064e+02 3.633e+02))))))))INFO: dtree.c(1315): Comp split 6
INFO: dtree.c(1478): Final simple tree
|( QUESTION2_10_L -1 -1.388e+05 4.425e+02 6.418e+02
|    ( - 2.406e+02 1 0)
|    ( QUESTION2_14_L -1 -1.386e+05 4.353e+02 6.408e+02
|        ( - -3.028e+04 5 0 WDBNDRY_B 0 1.583e+02 1.435e+02)
|        ( WDBNDRY_I 0 -1.079e+05 3.730e+02 4.973e+02
|            ( - -6.382e+03 1 0)
|            ( SILENCE -1 -1.011e+05 3.434e+02 4.652e+02
|                ( - -1.196e+04 3 0 QUESTION0_1_R 1 1.560e+02 5.353e+01)
|                ( QUESTION16 1 -8.883e+04 2.635e+02 4.117e+02
|                    ( - -2.529e+03 1 0)
|                    ( QUESTION8 1 -8.604e+04 2.213e+02 3.997e+02
|                        ( QUESTION3 -1 -7.815e+03 2.132e+02 3.644e+01
|                            ( - -2.217e+02 1 0)
|                            ( - -7.381e+03 3 0 QUESTION2_1_L -1 1.875e+02 3.444e+01))
|                        ( - -7.800e+04 34 0 QUESTION0_1_R 1 2.064e+02 3.633e+02)))))))
s>    ( QUESTION2_10_L -1 -1.388e+05 4.425e+02 6.418e+02
s>        ( - 2.406e+02 1 0)
s>        ( QUESTION2_14_L -1 -1.386e+05 4.353e+02 6.408e+02
s>            ( - -3.028e+04 5 0 WDBNDRY_B 0 1.583e+02 1.435e+02)
s>            ( WDBNDRY_I 0 -1.079e+05 3.730e+02 4.973e+02
s>                ( - -6.382e+03 1 0)
s>                ( SILENCE -1 -1.011e+05 3.434e+02 4.652e+02
s>                    ( - -1.196e+04 3 0 QUESTION0_1_R 1 1.560e+02 5.353e+01)
s>                    ( QUESTION16 1 -8.883e+04 2.635e+02 4.117e+02
s>                        ( - -2.529e+03 1 0)
s>                        ( QUESTION8 1 -8.604e+04 2.213e+02 3.997e+02
s>                            ( QUESTION3 -1 -7.815e+03 2.132e+02 3.644e+01
s>                                ( - -2.217e+02 1 0)
s>                                ( - -7.381e+03 3 0 QUESTION2_1_L -1 1.875e+02 3.444e+01))
s>                            ( - -7.800e+04 34 0 QUESTION0_1_R 1 2.064e+02 3.633e+02)))))))INFO: dtree.c(1315): Comp split 7
INFO: dtree.c(1478): Final simple tree
|( QUESTION2_14_L -1 -1.386e+05 4.353e+02 6.408e+02
|    ( - -3.028e+04 5 0 WDBNDRY_B 0 1.583e+02 1.435e+02)
|    ( WDBNDRY_I 0 -1.079e+05 3.730e+02 4.973e+02
|        ( - -6.382e+03 1 0)
|        ( SILENCE -1 -1.011e+05 3.434e+02 4.652e+02
|            ( - -1.196e+04 3 0 QUESTION0_1_R 1 1.560e+02 5.353e+01)
|            ( QUESTION16 1 -8.883e+04 2.635e+02 4.117e+02
|                ( - -2.529e+03 1 0)
|                ( QUESTION8 1 -8.604e+04 2.213e+02 3.997e+02
|                    ( QUESTION3 -1 -7.815e+03 2.132e+02 3.644e+01
|                        ( - -2.217e+02 1 0)
|                        ( - -7.381e+03 3 0 QUESTION2_1_L -1 1.875e+02 3.444e+01))
|                    ( QUESTION0_1_R 1 -7.800e+04 2.064e+02 3.633e+02
|                        ( - -7.645e+04 32 0 QUESTION19 -1 2.059e+02 3.553e+02)
|                        ( - -1.353e+03 2 0 QUESTION0_7_R 1 1.744e+02 8.000e+00)))))))
s>    ( QUESTION2_14_L -1 -1.386e+05 4.353e+02 6.408e+02
s>        ( - -3.028e+04 5 0 WDBNDRY_B 0 1.583e+02 1.435e+02)
s>        ( WDBNDRY_I 0 -1.079e+05 3.730e+02 4.973e+02
s>            ( - -6.382e+03 1 0)
s>            ( SILENCE -1 -1.011e+05 3.434e+02 4.652e+02
s>                ( - -1.196e+04 3 0 QUESTION0_1_R 1 1.560e+02 5.353e+01)
s>                ( QUESTION16 1 -8.883e+04 2.635e+02 4.117e+02
s>                    ( - -2.529e+03 1 0)
s>                    ( QUESTION8 1 -8.604e+04 2.213e+02 3.997e+02
s>                        ( QUESTION3 -1 -7.815e+03 2.132e+02 3.644e+01
s>                            ( - -2.217e+02 1 0)
s>                            ( - -7.381e+03 3 0 QUESTION2_1_L -1 1.875e+02 3.444e+01))
s>                        ( QUESTION0_1_R 1 -7.800e+04 2.064e+02 3.633e+02
s>                            ( - -7.645e+04 32 0 QUESTION19 -1 2.059e+02 3.553e+02)
s>                            ( - -1.353e+03 2 0 QUESTION0_7_R 1 1.744e+02 8.000e+00)))))))INFO: dtree.c(1315): Comp split 8
INFO: dtree.c(1439): stop. leaf nodes are specific
INFO: dtree.c(1478): Final simple tree
|( QUESTION0_7_R 1 -3.182e+04 1.865e+02 1.515e+02
|    ( - -4.143e+02 1 0)
|    ( QUESTION0_1_R 1 -3.122e+04 1.730e+02 1.485e+02
|        ( WDBNDRY_B 0 -3.028e+04 1.583e+02 1.435e+02
|            ( - -2.795e+04 2 0)
|            ( - -2.167e+03 3 0))
|        ( - -7.646e+02 1 0)))
s>    ( QUESTION0_7_R 1 -3.182e+04 1.865e+02 1.515e+02
s>        ( - -4.143e+02 1 0)
s>        ( QUESTION0_1_R 1 -3.122e+04 1.730e+02 1.485e+02
s>            ( WDBNDRY_B 0 -3.028e+04 1.583e+02 1.435e+02
s>                ( - -2.795e+04 2 0)
s>                ( - -2.167e+03 3 0))
s>            ( - -7.646e+02 1 0)))INFO: dtree.c(1478): Final simple tree
|( WDBNDRY_I 0 -1.063e+05 3.720e+02 4.893e+02
|    ( - -6.382e+03 1 0)
|    ( SILENCE -1 -9.957e+04 3.410e+02 4.572e+02
|        ( - -1.196e+04 3 0 QUESTION0_1_R 1 1.560e+02 5.353e+01)
|        ( QUESTION0_3_R 1 -8.727e+04 2.607e+02 4.037e+02
|            ( - -2.529e+03 1 0)
|            ( QUESTION7 1 -8.448e+04 2.191e+02 3.917e+02
|                ( QUESTION3 -1 -7.815e+03 2.132e+02 3.644e+01
|                    ( - -2.217e+02 1 0)
|                    ( - -7.381e+03 3 0 QUESTION2_1_L -1 1.875e+02 3.444e+01))
|                ( QUESTION19 -1 -7.645e+04 2.059e+02 3.553e+02
|                    ( - -2.401e+03 1 0)
|                    ( QUESTION18 -1 -7.384e+04 2.168e+02 3.426e+02
|                        ( - -8.115e+02 1 0)
|                        ( - -7.281e+04 30 0 QUESTION17 -1 1.839e+02 3.386e+02)))))))
s>    ( WDBNDRY_I 0 -1.063e+05 3.720e+02 4.893e+02
s>        ( - -6.382e+03 1 0)
s>        ( SILENCE -1 -9.957e+04 3.410e+02 4.572e+02
s>            ( - -1.196e+04 3 0 QUESTION0_1_R 1 1.560e+02 5.353e+01)
s>            ( QUESTION0_3_R 1 -8.727e+04 2.607e+02 4.037e+02
s>                ( - -2.529e+03 1 0)
s>                ( QUESTION7 1 -8.448e+04 2.191e+02 3.917e+02
s>                    ( QUESTION3 -1 -7.815e+03 2.132e+02 3.644e+01
s>                        ( - -2.217e+02 1 0)
s>                        ( - -7.381e+03 3 0 QUESTION2_1_L -1 1.875e+02 3.444e+01))
s>                    ( QUESTION19 -1 -7.645e+04 2.059e+02 3.553e+02
s>                        ( - -2.401e+03 1 0)
s>                        ( QUESTION18 -1 -7.384e+04 2.168e+02 3.426e+02
s>                            ( - -8.115e+02 1 0)
s>                            ( - -7.281e+04 30 0 QUESTION17 -1 1.839e+02 3.386e+02)))))))INFO: dtree.c(1315): Comp split 9
INFO: dtree.c(1478): Final simple tree
|( QUESTION0 -1 -4.347e+04 3.729e+02 2.113e+02
|    ( WDBNDRY_E 0 -2.289e+04 3.066e+02 1.137e+02
|        ( - -9.755e+03 6 0 QUESTION7 1 1.951e+02 4.682e+01)
|        ( QUESTION0_1_R 1 -1.283e+04 2.449e+02 6.690e+01
|            ( - -3.801e+03 2 0)
|            ( - -8.786e+03 2 0)))
|    ( QUESTION0_0_R 1 -2.021e+04 3.670e+02 9.757e+01
|        ( QUESTION8 1 -1.629e+04 2.548e+02 7.746e+01
|            ( - -9.240e+03 2 0)
|            ( QUESTION16 1 -6.796e+03 2.173e+02 3.162e+01
|                ( - -9.375e+02 1 0)
|                ( WDBNDRY_E 0 -5.641e+03 2.364e+02 2.662e+01
|                    ( - -4.752e+03 3 0 QUESTION0_1_R 1 1.531e+02 2.262e+01)
|                    ( - -6.526e+02 1 0))))
|        ( - -3.549e+03 1 0)))
s>    ( QUESTION0 -1 -4.347e+04 3.729e+02 2.113e+02
s>        ( WDBNDRY_E 0 -2.289e+04 3.066e+02 1.137e+02
s>            ( - -9.755e+03 6 0 QUESTION7 1 1.951e+02 4.682e+01)
s>            ( QUESTION0_1_R 1 -1.283e+04 2.449e+02 6.690e+01
s>                ( - -3.801e+03 2 0)
s>                ( - -8.786e+03 2 0)))
s>        ( QUESTION0_0_R 1 -2.021e+04 3.670e+02 9.757e+01
s>            ( QUESTION8 1 -1.629e+04 2.548e+02 7.746e+01
s>                ( - -9.240e+03 2 0)
s>                ( QUESTION16 1 -6.796e+03 2.173e+02 3.162e+01
s>                    ( - -9.375e+02 1 0)
s>                    ( WDBNDRY_E 0 -5.641e+03 2.364e+02 2.662e+01
s>                        ( - -4.752e+03 3 0 QUESTION0_1_R 1 1.531e+02 2.262e+01)
s>                        ( - -6.526e+02 1 0))))
s>            ( - -3.549e+03 1 0)))INFO: dtree.c(1315): Comp split 10
INFO: dtree.c(1478): Final simple tree
|( QUESTION6 1 -2.483e+04 3.020e+02 1.227e+02
|    ( WDBNDRY_E 0 -8.484e+03 1.560e+02 4.400e+01
|        ( - -3.690e+03 3 0)
|        ( QUESTION0 -1 -4.637e+03 1.840e+02 2.500e+01
|            ( - -3.801e+03 2 0)
|            ( - -6.526e+02 1 0)))
|    ( WDBNDRY_E 0 -1.605e+04 2.583e+02 7.872e+01
|        ( QUESTION0_1_R 1 -7.003e+03 2.428e+02 3.282e+01
|            ( - -3.925e+03 1 0)
|            ( QUESTION0_3_R 1 -2.835e+03 1.713e+02 1.300e+01
|                ( - -9.375e+02 1 0)
|                ( QUESTION0_0_R 1 -1.726e+03 1.229e+02 8.000e+00
|                    ( - -8.991e+02 1 0)
|                    ( - -7.040e+02 1 0))))
|        ( - -8.786e+03 2 0)))
s>    ( QUESTION6 1 -2.483e+04 3.020e+02 1.227e+02
s>        ( WDBNDRY_E 0 -8.484e+03 1.560e+02 4.400e+01
s>            ( - -3.690e+03 3 0)
s>            ( QUESTION0 -1 -4.637e+03 1.840e+02 2.500e+01
s>                ( - -3.801e+03 2 0)
s>                ( - -6.526e+02 1 0)))
s>        ( WDBNDRY_E 0 -1.605e+04 2.583e+02 7.872e+01
s>            ( QUESTION0_1_R 1 -7.003e+03 2.428e+02 3.282e+01
s>                ( - -3.925e+03 1 0)
s>                ( QUESTION0_3_R 1 -2.835e+03 1.713e+02 1.300e+01
s>                    ( - -9.375e+02 1 0)
s>                    ( QUESTION0_0_R 1 -1.726e+03 1.229e+02 8.000e+00
s>                        ( - -8.991e+02 1 0)
s>                        ( - -7.040e+02 1 0))))
s>            ( - -8.786e+03 2 0)))INFO: dtree.c(1439): stop. leaf nodes are specific
INFO: dtree.c(1478): Final simple tree
|( QUESTION0_0_R 1 -1.819e+04 3.500e+02 8.857e+01
|    ( QUESTION8 1 -1.430e+04 3.041e+02 6.846e+01
|        ( - -9.240e+03 2 0)
|        ( QUESTION0_1_R 1 -4.752e+03 1.531e+02 2.262e+01
|            ( QUESTION17 -1 -2.812e+03 4.572e+02 1.262e+01
|                ( - -2.574e+03 1 0)
|                ( - 2.189e+02 1 0))
|            ( - -1.787e+03 1 0)))
|    ( - -3.549e+03 1 0))
s>    ( QUESTION0_0_R 1 -1.819e+04 3.500e+02 8.857e+01
s>        ( QUESTION8 1 -1.430e+04 3.041e+02 6.846e+01
s>            ( - -9.240e+03 2 0)
s>            ( QUESTION0_1_R 1 -4.752e+03 1.531e+02 2.262e+01
s>                ( QUESTION17 -1 -2.812e+03 4.572e+02 1.262e+01
s>                    ( - -2.574e+03 1 0)
s>                    ( - 2.189e+02 1 0))
s>                ( - -1.787e+03 1 0)))
s>        ( - -3.549e+03 1 0))INFO: dtree.c(1315): Comp split 11
INFO: dtree.c(1439): stop. leaf nodes are specific
INFO: dtree.c(1478): Final simple tree
|( QUESTION0_0_R 1 -1.795e+04 3.460e+02 8.757e+01
|    ( QUESTION8 1 -1.405e+04 2.971e+02 6.746e+01
|        ( - -9.240e+03 2 0)
|        ( QUESTION0_1_R 1 -4.515e+03 1.548e+02 2.162e+01
|            ( - -2.574e+03 1 0)
|            ( - -1.787e+03 1 0)))
|    ( - -3.549e+03 1 0))
s>    ( QUESTION0_0_R 1 -1.795e+04 3.460e+02 8.757e+01
s>        ( QUESTION8 1 -1.405e+04 2.971e+02 6.746e+01
s>            ( - -9.240e+03 2 0)
s>            ( QUESTION0_1_R 1 -4.515e+03 1.548e+02 2.162e+01
s>                ( - -2.574e+03 1 0)
s>                ( - -1.787e+03 1 0)))
s>        ( - -3.549e+03 1 0))INFO: dtree.c(1315): Comp split 12
INFO: dtree.c(1439): stop. leaf nodes are specific
INFO: dtree.c(1478): Final simple tree
|( QUESTION13 -1 -3.181e+04 2.739e+02 1.571e+02
|    ( - -8.795e+03 1 0)
|    ( QUESTION9 -1 -2.274e+04 2.581e+02 1.146e+02
|        ( - -3.670e+02 1 0)
|        ( QUESTION2_0_L -1 -2.211e+04 2.150e+02 1.116e+02
|            ( - -2.202e+02 1 0)
|            ( QUESTION0 -1 -2.168e+04 1.776e+02 1.096e+02
|                ( - -2.119e+04 1 0)
|                ( - -3.086e+02 1 0)))))
s>    ( QUESTION13 -1 -3.181e+04 2.739e+02 1.571e+02
s>        ( - -8.795e+03 1 0)
s>        ( QUESTION9 -1 -2.274e+04 2.581e+02 1.146e+02
s>            ( - -3.670e+02 1 0)
s>            ( QUESTION2_0_L -1 -2.211e+04 2.150e+02 1.116e+02
s>                ( - -2.202e+02 1 0)
s>                ( QUESTION0 -1 -2.168e+04 1.776e+02 1.096e+02
s>                    ( - -2.119e+04 1 0)
s>                    ( - -3.086e+02 1 0)))))INFO: dtree.c(1315): Comp split 13
INFO: dtree.c(1439): stop. leaf nodes are specific
INFO: dtree.c(1478): Final simple tree
|( QUESTION0_1_R 1 -1.952e+04 2.094e+02 8.797e+01
|    ( QUESTION2_1_L -1 -1.760e+04 2.048e+02 7.897e+01
|        ( - -5.896e+03 1 0)
|        ( SILENCE -1 -1.150e+04 1.848e+02 5.153e+01
|            ( QUESTION2 1 -1.105e+04 1.300e+02 4.953e+01
|                ( - -5.748e+03 1 0)
|                ( - -5.172e+03 1 0))
|            ( - -2.651e+02 1 0)))
|    ( SILENCE -1 -1.707e+03 9.471e+01 9.000e+00
|        ( - -7.500e+02 1 0)
|        ( - -8.619e+02 1 0)))
s>    ( QUESTION0_1_R 1 -1.952e+04 2.094e+02 8.797e+01
s>        ( QUESTION2_1_L -1 -1.760e+04 2.048e+02 7.897e+01
s>            ( - -5.896e+03 1 0)
s>            ( SILENCE -1 -1.150e+04 1.848e+02 5.153e+01
s>                ( QUESTION2 1 -1.105e+04 1.300e+02 4.953e+01
s>                    ( - -5.748e+03 1 0)
s>                    ( - -5.172e+03 1 0))
s>                ( - -2.651e+02 1 0)))
s>        ( SILENCE -1 -1.707e+03 9.471e+01 9.000e+00
s>            ( - -7.500e+02 1 0)
s>            ( - -8.619e+02 1 0)))INFO: dtree.c(1478): Final simple tree
|( WDBNDRY_I 0 -8.642e+04 3.713e+02 4.013e+02
|    ( - -6.382e+03 1 0)
|    ( QUESTION0_1_R 1 -7.967e+04 2.595e+02 3.693e+02
|        ( QUESTION7 1 -7.688e+04 2.103e+02 3.573e+02
|            ( - -2.217e+02 1 0)
|            ( QUESTION19 -1 -7.645e+04 2.059e+02 3.553e+02
|                ( - -2.401e+03 1 0)
|                ( QUESTION18 -1 -7.384e+04 2.168e+02 3.426e+02
|                    ( - -8.115e+02 1 0)
|                    ( QUESTION17 -1 -7.281e+04 1.839e+02 3.386e+02
|                        ( - -1.999e+03 2 0)
|                        ( QUESTION2_2_L -1 -7.063e+04 1.638e+02 3.276e+02
|                            ( - -7.009e+03 7 0 WDBNDRY_B 0 4.470e+02 3.303e+01)
|                            ( - -6.345e+04 21 0 QUESTION0 1 1.908e+02 2.946e+02))))))
|        ( - -2.529e+03 1 0)))
s>    ( WDBNDRY_I 0 -8.642e+04 3.713e+02 4.013e+02
s>        ( - -6.382e+03 1 0)
s>        ( QUESTION0_1_R 1 -7.967e+04 2.595e+02 3.693e+02
s>            ( QUESTION7 1 -7.688e+04 2.103e+02 3.573e+02
s>                ( - -2.217e+02 1 0)
s>                ( QUESTION19 -1 -7.645e+04 2.059e+02 3.553e+02
s>                    ( - -2.401e+03 1 0)
s>                    ( QUESTION18 -1 -7.384e+04 2.168e+02 3.426e+02
s>                        ( - -8.115e+02 1 0)
s>                        ( QUESTION17 -1 -7.281e+04 1.839e+02 3.386e+02
s>                            ( - -1.999e+03 2 0)
s>                            ( QUESTION2_2_L -1 -7.063e+04 1.638e+02 3.276e+02
s>                                ( - -7.009e+03 7 0 WDBNDRY_B 0 4.470e+02 3.303e+01)
s>                                ( - -6.345e+04 21 0 QUESTION0 1 1.908e+02 2.946e+02))))))
s>            ( - -2.529e+03 1 0)))INFO: dtree.c(1315): Comp split 14
INFO: dtree.c(1478): Final simple tree
|( QUESTION0 1 -2.931e+04 2.448e+02 1.419e+02
|    ( QUESTION2_12_L -1 -6.197e+03 2.307e+02 3.099e+01
|        ( - -3.080e+03 3 0 WDBNDRY_S 0 1.501e+02 1.700e+01)
|        ( QUESTION2_14_L -1 -2.886e+03 1.606e+02 1.399e+01
|            ( - -1.803e+03 1 0)
|            ( - -9.229e+02 1 0)))
|    ( QUESTION0_3_R 1 -2.287e+04 2.275e+02 1.109e+02
|        ( QUESTION2_12_L -1 -4.433e+03 1.586e+02 2.100e+01
|            ( - -3.449e+03 2 0 QUESTION0 -1 1.094e+02 1.600e+01)
|            ( - -8.247e+02 1 0))
|        ( QUESTION0_18_R 1 -1.821e+04 1.789e+02 8.991e+01
|            ( - -7.637e+02 1 0)
|            ( QUESTION9 -1 -1.727e+04 1.675e+02 8.491e+01
|                ( - -6.073e+02 1 0)
|                ( - -1.649e+04 13 0 QUESTION0_1_R 1 1.339e+02 8.191e+01)))))
s>    ( QUESTION0 1 -2.931e+04 2.448e+02 1.419e+02
s>        ( QUESTION2_12_L -1 -6.197e+03 2.307e+02 3.099e+01
s>            ( - -3.080e+03 3 0 WDBNDRY_S 0 1.501e+02 1.700e+01)
s>            ( QUESTION2_14_L -1 -2.886e+03 1.606e+02 1.399e+01
s>                ( - -1.803e+03 1 0)
s>                ( - -9.229e+02 1 0)))
s>        ( QUESTION0_3_R 1 -2.287e+04 2.275e+02 1.109e+02
s>            ( QUESTION2_12_L -1 -4.433e+03 1.586e+02 2.100e+01
s>                ( - -3.449e+03 2 0 QUESTION0 -1 1.094e+02 1.600e+01)
s>                ( - -8.247e+02 1 0))
s>            ( QUESTION0_18_R 1 -1.821e+04 1.789e+02 8.991e+01
s>                ( - -7.637e+02 1 0)
s>                ( QUESTION9 -1 -1.727e+04 1.675e+02 8.491e+01
s>                    ( - -6.073e+02 1 0)
s>                    ( - -1.649e+04 13 0 QUESTION0_1_R 1 1.339e+02 8.191e+01)))))INFO: dtree.c(1478): Final simple tree
|( WDBNDRY_S 0 -2.072e+04 2.837e+02 9.381e+01
|    ( QUESTION0_1_R 1 -7.407e+03 2.188e+02 3.200e+01
|        ( - -4.812e+02 1 0)
|        ( - -6.707e+03 9 0 QUESTION0_3_R 1 1.964e+02 3.000e+01))
|    ( WDBNDRY_B 0 -1.303e+04 2.445e+02 6.181e+01
|        ( - -7.196e+02 1 0)
|        ( QUESTION0_3_R 1 -1.207e+04 2.019e+02 5.781e+01
|            ( - -1.040e+03 1 0)
|            ( QUESTION0_13_R 1 -1.083e+04 1.988e+02 5.181e+01
|                ( - -7.968e+02 1 0)
|                ( QUESTION0_1_R 1 -9.832e+03 4.754e+02 4.681e+01
|                    ( QUESTION0 -1 -9.600e+03 4.325e+02 4.581e+01
|                        ( - -9.377e+03 6 0 QUESTION2_12_L -1 1.928e+02 4.481e+01)
|                        ( - 2.096e+02 1 0))
|                    ( - 2.427e+02 1 0))))))
s>    ( WDBNDRY_S 0 -2.072e+04 2.837e+02 9.381e+01
s>        ( QUESTION0_1_R 1 -7.407e+03 2.188e+02 3.200e+01
s>            ( - -4.812e+02 1 0)
s>            ( - -6.707e+03 9 0 QUESTION0_3_R 1 1.964e+02 3.000e+01))
s>        ( WDBNDRY_B 0 -1.303e+04 2.445e+02 6.181e+01
s>            ( - -7.196e+02 1 0)
s>            ( QUESTION0_3_R 1 -1.207e+04 2.019e+02 5.781e+01
s>                ( - -1.040e+03 1 0)
s>                ( QUESTION0_13_R 1 -1.083e+04 1.988e+02 5.181e+01
s>                    ( - -7.968e+02 1 0)
s>                    ( QUESTION0_1_R 1 -9.832e+03 4.754e+02 4.681e+01
s>                        ( QUESTION0 -1 -9.600e+03 4.325e+02 4.581e+01
s>                            ( - -9.377e+03 6 0 QUESTION2_12_L -1 1.928e+02 4.481e+01)
s>                            ( - 2.096e+02 1 0))
s>                        ( - 2.427e+02 1 0))))))INFO: dtree.c(1315): Comp split 15
INFO: dtree.c(1478): Final simple tree
|( WDBNDRY_S 0 -2.050e+04 2.859e+02 9.281e+01
|    ( QUESTION0_1_R 1 -7.407e+03 2.188e+02 3.200e+01
|        ( - -4.812e+02 1 0)
|        ( QUESTION0_3_R 1 -6.707e+03 1.964e+02 3.000e+01
|            ( - -6.073e+02 1 0)
|            ( - -5.903e+03 8 0 QUESTION0_0_R 1 1.541e+02 2.600e+01)))
|    ( WDBNDRY_B 0 -1.280e+04 2.468e+02 6.081e+01
|        ( - -7.196e+02 1 0)
|        ( QUESTION0 -1 -1.184e+04 4.340e+02 5.681e+01
|            ( QUESTION0_11_R 1 -1.161e+04 2.014e+02 5.581e+01
|                ( - -7.968e+02 1 0)
|                ( QUESTION0_1_R 1 -1.061e+04 1.978e+02 5.081e+01
|                    ( - -9.377e+03 6 0 QUESTION2_12_L -1 1.928e+02 4.481e+01)
|                    ( - -1.040e+03 1 0)))
|            ( - 2.096e+02 1 0))))
s>    ( WDBNDRY_S 0 -2.050e+04 2.859e+02 9.281e+01
s>        ( QUESTION0_1_R 1 -7.407e+03 2.188e+02 3.200e+01
s>            ( - -4.812e+02 1 0)
s>            ( QUESTION0_3_R 1 -6.707e+03 1.964e+02 3.000e+01
s>                ( - -6.073e+02 1 0)
s>                ( - -5.903e+03 8 0 QUESTION0_0_R 1 1.541e+02 2.600e+01)))
s>        ( WDBNDRY_B 0 -1.280e+04 2.468e+02 6.081e+01
s>            ( - -7.196e+02 1 0)
s>            ( QUESTION0 -1 -1.184e+04 4.340e+02 5.681e+01
s>                ( QUESTION0_11_R 1 -1.161e+04 2.014e+02 5.581e+01
s>                    ( - -7.968e+02 1 0)
s>                    ( QUESTION0_1_R 1 -1.061e+04 1.978e+02 5.081e+01
s>                        ( - -9.377e+03 6 0 QUESTION2_12_L -1 1.928e+02 4.481e+01)
s>                        ( - -1.040e+03 1 0)))
s>                ( - 2.096e+02 1 0))))INFO: dtree.c(1315): Comp split 16
INFO: dtree.c(1478): Final simple tree
|( WDBNDRY_S 0 -2.027e+04 2.864e+02 9.181e+01
|    ( QUESTION0_1_R 1 -7.407e+03 2.188e+02 3.200e+01
|        ( - -4.812e+02 1 0)
|        ( QUESTION0_3_R 1 -6.707e+03 1.964e+02 3.000e+01
|            ( - -6.073e+02 1 0)
|            ( - -5.903e+03 8 0 QUESTION0_0_R 1 1.541e+02 2.600e+01)))
|    ( WDBNDRY_B 0 -1.258e+04 2.465e+02 5.981e+01
|        ( - -7.196e+02 1 0)
|        ( QUESTION0_11_R 1 -1.161e+04 2.014e+02 5.581e+01
|            ( - -7.968e+02 1 0)
|            ( QUESTION0_1_R 1 -1.061e+04 1.978e+02 5.081e+01
|                ( QUESTION2_12_L -1 -9.377e+03 1.928e+02 4.481e+01
|                    ( - -6.834e+03 4 0)
|                    ( - -2.350e+03 2 0))
|                ( - -1.040e+03 1 0)))))
s>    ( WDBNDRY_S 0 -2.027e+04 2.864e+02 9.181e+01
s>        ( QUESTION0_1_R 1 -7.407e+03 2.188e+02 3.200e+01
s>            ( - -4.812e+02 1 0)
s>            ( QUESTION0_3_R 1 -6.707e+03 1.964e+02 3.000e+01
s>                ( - -6.073e+02 1 0)
s>                ( - -5.903e+03 8 0 QUESTION0_0_R 1 1.541e+02 2.600e+01)))
s>        ( WDBNDRY_B 0 -1.258e+04 2.465e+02 5.981e+01
s>            ( - -7.196e+02 1 0)
s>            ( QUESTION0_11_R 1 -1.161e+04 2.014e+02 5.581e+01
s>                ( - -7.968e+02 1 0)
s>                ( QUESTION0_1_R 1 -1.061e+04 1.978e+02 5.081e+01
s>                    ( QUESTION2_12_L -1 -9.377e+03 1.928e+02 4.481e+01
s>                        ( - -6.834e+03 4 0)
s>                        ( - -2.350e+03 2 0))
s>                    ( - -1.040e+03 1 0)))))INFO: dtree.c(1315): Comp split 17
INFO: dtree.c(1478): Final simple tree
|( QUESTION0_1_R 1 -7.967e+04 2.595e+02 3.693e+02
|    ( QUESTION7 1 -7.688e+04 2.103e+02 3.573e+02
|        ( - -2.217e+02 1 0)
|        ( QUESTION19 -1 -7.645e+04 2.059e+02 3.553e+02
|            ( - -2.401e+03 1 0)
|            ( QUESTION18 -1 -7.384e+04 2.168e+02 3.426e+02
|                ( - -8.115e+02 1 0)
|                ( QUESTION17 -1 -7.281e+04 1.839e+02 3.386e+02
|                    ( - -1.999e+03 2 0)
|                    ( QUESTION2_2_L -1 -7.063e+04 1.638e+02 3.276e+02
|                        ( WDBNDRY_B 0 -7.009e+03 4.470e+02 3.303e+01
|                            ( - -6.784e+03 6 0 QUESTION4 -1 1.418e+02 3.203e+01)
|                            ( - 2.225e+02 1 0))
|                        ( - -6.345e+04 21 0 QUESTION0 1 1.908e+02 2.946e+02))))))
|    ( - -2.529e+03 1 0))
s>    ( QUESTION0_1_R 1 -7.967e+04 2.595e+02 3.693e+02
s>        ( QUESTION7 1 -7.688e+04 2.103e+02 3.573e+02
s>            ( - -2.217e+02 1 0)
s>            ( QUESTION19 -1 -7.645e+04 2.059e+02 3.553e+02
s>                ( - -2.401e+03 1 0)
s>                ( QUESTION18 -1 -7.384e+04 2.168e+02 3.426e+02
s>                    ( - -8.115e+02 1 0)
s>                    ( QUESTION17 -1 -7.281e+04 1.839e+02 3.386e+02
s>                        ( - -1.999e+03 2 0)
s>                        ( QUESTION2_2_L -1 -7.063e+04 1.638e+02 3.276e+02
s>                            ( WDBNDRY_B 0 -7.009e+03 4.470e+02 3.303e+01
s>                                ( - -6.784e+03 6 0 QUESTION4 -1 1.418e+02 3.203e+01)
s>                                ( - 2.225e+02 1 0))
s>                            ( - -6.345e+04 21 0 QUESTION0 1 1.908e+02 2.946e+02))))))
s>        ( - -2.529e+03 1 0))INFO: dtree.c(1315): Comp split 18
INFO: dtree.c(1478): Final simple tree
|( QUESTION0_1_R 1 -7.944e+04 2.598e+02 3.683e+02
|    ( QUESTION7 1 -7.665e+04 2.108e+02 3.563e+02
|        ( - -2.217e+02 1 0)
|        ( QUESTION19 -1 -7.622e+04 2.057e+02 3.543e+02
|            ( - -2.401e+03 1 0)
|            ( QUESTION18 -1 -7.361e+04 2.166e+02 3.416e+02
|                ( - -8.115e+02 1 0)
|                ( QUESTION0 1 -7.259e+04 1.883e+02 3.376e+02
|                    ( - -2.302e+02 1 0)
|                    ( QUESTION17 -1 -7.217e+04 1.841e+02 3.356e+02
|                        ( - -1.999e+03 2 0)
|                        ( QUESTION2_2_L -1 -6.998e+04 1.674e+02 3.246e+02
|                            ( - -6.784e+03 6 0 QUESTION4 -1 1.418e+02 3.203e+01)
|                            ( - -6.303e+04 20 0 QUESTION8 -1 1.511e+02 2.926e+02)))))))
|    ( - -2.529e+03 1 0))
s>    ( QUESTION0_1_R 1 -7.944e+04 2.598e+02 3.683e+02
s>        ( QUESTION7 1 -7.665e+04 2.108e+02 3.563e+02
s>            ( - -2.217e+02 1 0)
s>            ( QUESTION19 -1 -7.622e+04 2.057e+02 3.543e+02
s>                ( - -2.401e+03 1 0)
s>                ( QUESTION18 -1 -7.361e+04 2.166e+02 3.416e+02
s>                    ( - -8.115e+02 1 0)
s>                    ( QUESTION0 1 -7.259e+04 1.883e+02 3.376e+02
s>                        ( - -2.302e+02 1 0)
s>                        ( QUESTION17 -1 -7.217e+04 1.841e+02 3.356e+02
s>                            ( - -1.999e+03 2 0)
s>                            ( QUESTION2_2_L -1 -6.998e+04 1.674e+02 3.246e+02
s>                                ( - -6.784e+03 6 0 QUESTION4 -1 1.418e+02 3.203e+01)
s>                                ( - -6.303e+04 20 0 QUESTION8 -1 1.511e+02 2.926e+02)))))))
s>        ( - -2.529e+03 1 0))INFO: dtree.c(1315): Comp split 19
INFO: dtree.c(1439): stop. leaf nodes are specific
INFO: dtree.c(1478): Final simple tree
|( QUESTION0_1_R 1 -1.155e+04 2.300e+02 5.700e+01
|    ( WDBNDRY_E 0 -8.484e+03 1.560e+02 4.400e+01
|        ( - -3.690e+03 3 0)
|        ( QUESTION0 -1 -4.637e+03 1.840e+02 2.500e+01
|            ( - -3.801e+03 2 0)
|            ( - -6.526e+02 1 0)))
|    ( QUESTION0_3_R 1 -2.835e+03 1.713e+02 1.300e+01
|        ( - -9.375e+02 1 0)
|        ( QUESTION0_0_R 1 -1.726e+03 1.229e+02 8.000e+00
|            ( - -8.991e+02 1 0)
|            ( - -7.040e+02 1 0))))
s>    ( QUESTION0_1_R 1 -1.155e+04 2.300e+02 5.700e+01
s>        ( WDBNDRY_E 0 -8.484e+03 1.560e+02 4.400e+01
s>            ( - -3.690e+03 3 0)
s>            ( QUESTION0 -1 -4.637e+03 1.840e+02 2.500e+01
s>                ( - -3.801e+03 2 0)
s>                ( - -6.526e+02 1 0)))
s>        ( QUESTION0_3_R 1 -2.835e+03 1.713e+02 1.300e+01
s>            ( - -9.375e+02 1 0)
s>            ( QUESTION0_0_R 1 -1.726e+03 1.229e+02 8.000e+00
s>                ( - -8.991e+02 1 0)
s>                ( - -7.040e+02 1 0))))INFO: dtree.c(1439): stop. leaf nodes are specific
INFO: dtree.c(1478): Final simple tree
|( WDBNDRY_E 0 -1.292e+04 2.058e+02 6.572e+01
|    ( - -3.925e+03 1 0)
|    ( - -8.786e+03 2 0))
s>    ( WDBNDRY_E 0 -1.292e+04 2.058e+02 6.572e+01
s>        ( - -3.925e+03 1 0)
s>        ( - -8.786e+03 2 0))INFO: dtree.c(1315): Comp split 20
INFO: dtree.c(1439): stop. leaf nodes are specific
INFO: dtree.c(1478): Final simple tree
|( QUESTION8 1 -1.405e+04 2.971e+02 6.746e+01
|    ( - -9.240e+03 2 0)
|    ( QUESTION0_1_R 1 -4.515e+03 1.548e+02 2.162e+01
|        ( - -2.574e+03 1 0)
|        ( - -1.787e+03 1 0)))
s>    ( QUESTION8 1 -1.405e+04 2.971e+02 6.746e+01
s>        ( - -9.240e+03 2 0)
s>        ( QUESTION0_1_R 1 -4.515e+03 1.548e+02 2.162e+01
s>            ( - -2.574e+03 1 0)
s>            ( - -1.787e+03 1 0)))INFO: dtree.c(1315): Comp split 21
INFO: dtree.c(1439): stop. leaf nodes are specific
INFO: dtree.c(1478): Final simple tree
|( WDBNDRY_B 0 -1.158e+04 2.416e+02 5.481e+01
|    ( - -7.196e+02 1 0)
|    ( QUESTION0_1_R 1 -1.061e+04 1.978e+02 5.081e+01
|        ( QUESTION2_12_L -1 -9.377e+03 1.928e+02 4.481e+01
|            ( - -6.834e+03 4 0)
|            ( - -2.350e+03 2 0))
|        ( - -1.040e+03 1 0)))
s>    ( WDBNDRY_B 0 -1.158e+04 2.416e+02 5.481e+01
s>        ( - -7.196e+02 1 0)
s>        ( QUESTION0_1_R 1 -1.061e+04 1.978e+02 5.081e+01
s>            ( QUESTION2_12_L -1 -9.377e+03 1.928e+02 4.481e+01
s>                ( - -6.834e+03 4 0)
s>                ( - -2.350e+03 2 0))
s>            ( - -1.040e+03 1 0)))INFO: dtree.c(1478): Final simple tree
|( QUESTION0_1_R 1 -8.386e+03 2.194e+02 3.700e+01
|    ( - -4.812e+02 1 0)
|    ( QUESTION0_3_R 1 -7.686e+03 1.950e+02 3.500e+01
|        ( - -6.073e+02 1 0)
|        ( WDBNDRY_S 0 -6.883e+03 1.835e+02 3.100e+01
|            ( QUESTION0_0_R 1 -5.903e+03 1.541e+02 2.600e+01
|                ( QUESTION0_13_R 1 -3.668e+03 1.704e+02 1.800e+01
|                    ( QUESTION2_12_L -1 -3.257e+03 1.433e+02 1.600e+01
|                        ( - -4.747e+02 1 0)
|                        ( QUESTION2_14_L -1 -2.639e+03 8.056e+01 1.300e+01
|                            ( - -1.199e+03 2 0)
|                            ( - -1.359e+03 1 0)))
|                    ( - -2.403e+02 1 0))
|                ( - -2.082e+03 3 0))
|            ( - -7.968e+02 1 0))))
s>    ( QUESTION0_1_R 1 -8.386e+03 2.194e+02 3.700e+01
s>        ( - -4.812e+02 1 0)
s>        ( QUESTION0_3_R 1 -7.686e+03 1.950e+02 3.500e+01
s>            ( - -6.073e+02 1 0)
s>            ( WDBNDRY_S 0 -6.883e+03 1.835e+02 3.100e+01
s>                ( QUESTION0_0_R 1 -5.903e+03 1.541e+02 2.600e+01
s>                    ( QUESTION0_13_R 1 -3.668e+03 1.704e+02 1.800e+01
s>                        ( QUESTION2_12_L -1 -3.257e+03 1.433e+02 1.600e+01
s>                            ( - -4.747e+02 1 0)
s>                            ( QUESTION2_14_L -1 -2.639e+03 8.056e+01 1.300e+01
s>                                ( - -1.199e+03 2 0)
s>                                ( - -1.359e+03 1 0)))
s>                        ( - -2.403e+02 1 0))
s>                    ( - -2.082e+03 3 0))
s>                ( - -7.968e+02 1 0))))INFO: dtree.c(1315): Comp split 22
INFO: dtree.c(1439): stop. leaf nodes are specific
INFO: dtree.c(1478): Final simple tree
|( QUESTION0_1_R 1 -4.515e+03 1.548e+02 2.162e+01
|    ( - -2.574e+03 1 0)
|    ( - -1.787e+03 1 0))
s>    ( QUESTION0_1_R 1 -4.515e+03 1.548e+02 2.162e+01
s>        ( - -2.574e+03 1 0)
s>        ( - -1.787e+03 1 0))INFO: dtree.c(1315): Comp split 23
INFO: dtree.c(1439): stop. leaf nodes are specific
INFO: dtree.c(1478): Final simple tree
|( WDBNDRY_B 0 -6.252e+03 1.543e+02 2.800e+01
|    ( QUESTION2_16_L -1 -5.174e+03 1.619e+02 2.400e+01
|        ( - -8.247e+02 1 0)
|        ( QUESTION0_1_R 1 -4.188e+03 1.311e+02 1.900e+01
|            ( - -6.073e+02 1 0)
|            ( QUESTION0 -1 -3.449e+03 1.094e+02 1.600e+01
|                ( - -1.589e+03 1 0)
|                ( - -1.751e+03 1 0))))
|    ( - -9.229e+02 1 0))
s>    ( WDBNDRY_B 0 -6.252e+03 1.543e+02 2.800e+01
s>        ( QUESTION2_16_L -1 -5.174e+03 1.619e+02 2.400e+01
s>            ( - -8.247e+02 1 0)
s>            ( QUESTION0_1_R 1 -4.188e+03 1.311e+02 1.900e+01
s>                ( - -6.073e+02 1 0)
s>                ( QUESTION0 -1 -3.449e+03 1.094e+02 1.600e+01
s>                    ( - -1.589e+03 1 0)
s>                    ( - -1.751e+03 1 0))))
s>        ( - -9.229e+02 1 0))INFO: dtree.c(1478): Final simple tree
|( QUESTION0 1 -2.277e+04 2.545e+02 1.139e+02
|    ( QUESTION2_12_L -1 -5.084e+03 2.010e+02 2.699e+01
|        ( WDBNDRY_S 0 -3.080e+03 1.501e+02 1.700e+01
|            ( - -5.643e+02 2 0)
|            ( - -2.366e+03 1 0))
|        ( - -1.803e+03 1 0))
|    ( QUESTION0_18_R 1 -1.743e+04 1.773e+02 8.691e+01
|        ( - -7.637e+02 1 0)
|        ( QUESTION0_1_R 1 -1.649e+04 1.339e+02 8.191e+01
|            ( QUESTION2_15_L -1 -1.082e+04 4.796e+02 5.398e+01
|                ( - 2.414e+02 1 0)
|                ( WDBNDRY_B 0 -1.058e+04 2.026e+02 5.298e+01
|                    ( - -6.536e+02 1 0)
|                    ( - -9.721e+03 8 0 QUESTION2_12_L -1 1.286e+02 4.898e+01)))
|            ( - -5.541e+03 3 0 QUESTION0 -1 1.348e+02 2.793e+01))))
s>    ( QUESTION0 1 -2.277e+04 2.545e+02 1.139e+02
s>        ( QUESTION2_12_L -1 -5.084e+03 2.010e+02 2.699e+01
s>            ( WDBNDRY_S 0 -3.080e+03 1.501e+02 1.700e+01
s>                ( - -5.643e+02 2 0)
s>                ( - -2.366e+03 1 0))
s>            ( - -1.803e+03 1 0))
s>        ( QUESTION0_18_R 1 -1.743e+04 1.773e+02 8.691e+01
s>            ( - -7.637e+02 1 0)
s>            ( QUESTION0_1_R 1 -1.649e+04 1.339e+02 8.191e+01
s>                ( QUESTION2_15_L -1 -1.082e+04 4.796e+02 5.398e+01
s>                    ( - 2.414e+02 1 0)
s>                    ( WDBNDRY_B 0 -1.058e+04 2.026e+02 5.298e+01
s>                        ( - -6.536e+02 1 0)
s>                        ( - -9.721e+03 8 0 QUESTION2_12_L -1 1.286e+02 4.898e+01)))
s>                ( - -5.541e+03 3 0 QUESTION0 -1 1.348e+02 2.793e+01))))INFO: dtree.c(1315): Comp split 24
INFO: dtree.c(1478): Final simple tree
|( QUESTION0 1 -2.253e+04 2.538e+02 1.129e+02
|    ( QUESTION2_12_L -1 -5.084e+03 2.010e+02 2.699e+01
|        ( WDBNDRY_S 0 -3.080e+03 1.501e+02 1.700e+01
|            ( - -5.643e+02 2 0)
|            ( - -2.366e+03 1 0))
|        ( - -1.803e+03 1 0))
|    ( QUESTION0_18_R 1 -1.719e+04 1.774e+02 8.591e+01
|        ( - -7.637e+02 1 0)
|        ( QUESTION0_1_R 1 -1.625e+04 1.353e+02 8.091e+01
|            ( WDBNDRY_B 0 -1.058e+04 2.026e+02 5.298e+01
|                ( - -6.536e+02 1 0)
|                ( - -9.721e+03 8 0 QUESTION2_12_L -1 1.286e+02 4.898e+01))
|            ( QUESTION0 -1 -5.541e+03 1.348e+02 2.793e+01
|                ( - -3.937e+03 2 0 QUESTION2_14_L -1 1.069e+02 2.092e+01)
|                ( - -1.470e+03 1 0)))))
s>    ( QUESTION0 1 -2.253e+04 2.538e+02 1.129e+02
s>        ( QUESTION2_12_L -1 -5.084e+03 2.010e+02 2.699e+01
s>            ( WDBNDRY_S 0 -3.080e+03 1.501e+02 1.700e+01
s>                ( - -5.643e+02 2 0)
s>                ( - -2.366e+03 1 0))
s>            ( - -1.803e+03 1 0))
s>        ( QUESTION0_18_R 1 -1.719e+04 1.774e+02 8.591e+01
s>            ( - -7.637e+02 1 0)
s>            ( QUESTION0_1_R 1 -1.625e+04 1.353e+02 8.091e+01
s>                ( WDBNDRY_B 0 -1.058e+04 2.026e+02 5.298e+01
s>                    ( - -6.536e+02 1 0)
s>                    ( - -9.721e+03 8 0 QUESTION2_12_L -1 1.286e+02 4.898e+01))
s>                ( QUESTION0 -1 -5.541e+03 1.348e+02 2.793e+01
s>                    ( - -3.937e+03 2 0 QUESTION2_14_L -1 1.069e+02 2.092e+01)
s>                    ( - -1.470e+03 1 0)))))INFO: dtree.c(1315): Comp split 25
INFO: dtree.c(1439): stop. leaf nodes are specific
INFO: dtree.c(1478): Final simple tree
|( WDBNDRY_B 0 -3.545e+03 2.048e+02 1.600e+01
|    ( - -8.115e+02 1 0)
|    ( - -2.529e+03 1 0))
s>    ( WDBNDRY_B 0 -3.545e+03 2.048e+02 1.600e+01
s>        ( - -8.115e+02 1 0)
s>        ( - -2.529e+03 1 0))INFO: dtree.c(1478): Final simple tree
|( QUESTION17 -1 -7.562e+04 2.677e+02 3.523e+02
|    ( - -4.519e+03 3 0 QUESTION18 -1 1.188e+02 2.365e+01)
|    ( QUESTION7 1 -7.084e+04 2.107e+02 3.286e+02
|        ( - -2.217e+02 1 0)
|        ( QUESTION0 1 -7.040e+04 1.887e+02 3.266e+02
|            ( - -2.302e+02 1 0)
|            ( QUESTION2_2_L -1 -6.998e+04 1.674e+02 3.246e+02
|                ( QUESTION4 -1 -6.784e+03 1.418e+02 3.203e+01
|                    ( - -5.166e+02 1 0)
|                    ( - -6.126e+03 5 0 QUESTION8 -1 1.373e+02 2.903e+01))
|                ( QUESTION8 -1 -6.303e+04 1.511e+02 2.926e+02
|                    ( - -7.709e+03 3 0)
|                    ( QUESTION2_16_L -1 -5.517e+04 1.409e+02 2.566e+02
|                        ( - -1.359e+04 1 0)
|                        ( - -4.144e+04 16 0 WDBNDRY_B 0 1.394e+02 1.941e+02)))))))
s>    ( QUESTION17 -1 -7.562e+04 2.677e+02 3.523e+02
s>        ( - -4.519e+03 3 0 QUESTION18 -1 1.188e+02 2.365e+01)
s>        ( QUESTION7 1 -7.084e+04 2.107e+02 3.286e+02
s>            ( - -2.217e+02 1 0)
s>            ( QUESTION0 1 -7.040e+04 1.887e+02 3.266e+02
s>                ( - -2.302e+02 1 0)
s>                ( QUESTION2_2_L -1 -6.998e+04 1.674e+02 3.246e+02
s>                    ( QUESTION4 -1 -6.784e+03 1.418e+02 3.203e+01
s>                        ( - -5.166e+02 1 0)
s>                        ( - -6.126e+03 5 0 QUESTION8 -1 1.373e+02 2.903e+01))
s>                    ( QUESTION8 -1 -6.303e+04 1.511e+02 2.926e+02
s>                        ( - -7.709e+03 3 0)
s>                        ( QUESTION2_16_L -1 -5.517e+04 1.409e+02 2.566e+02
s>                            ( - -1.359e+04 1 0)
s>                            ( - -4.144e+04 16 0 WDBNDRY_B 0 1.394e+02 1.941e+02)))))))INFO: dtree.c(1315): Comp split 26
INFO: dtree.c(1439): stop. leaf nodes are specific
INFO: dtree.c(1478): Final simple tree
|( QUESTION9 -1 -2.274e+04 2.581e+02 1.146e+02
|    ( - -3.670e+02 1 0)
|    ( QUESTION2_0_L -1 -2.211e+04 2.150e+02 1.116e+02
|        ( - -2.202e+02 1 0)
|        ( QUESTION0 -1 -2.168e+04 1.776e+02 1.096e+02
|            ( - -2.119e+04 1 0)
|            ( - -3.086e+02 1 0))))
s>    ( QUESTION9 -1 -2.274e+04 2.581e+02 1.146e+02
s>        ( - -3.670e+02 1 0)
s>        ( QUESTION2_0_L -1 -2.211e+04 2.150e+02 1.116e+02
s>            ( - -2.202e+02 1 0)
s>            ( QUESTION0 -1 -2.168e+04 1.776e+02 1.096e+02
s>                ( - -2.119e+04 1 0)
s>                ( - -3.086e+02 1 0))))INFO: dtree.c(1315): Comp split 27
INFO: dtree.c(1439): stop. leaf nodes are specific
INFO: dtree.c(1478): Final simple tree
|( QUESTION0_3_R 1 -7.475e+03 1.954e+02 3.600e+01
|    ( - -9.375e+02 1 0)
|    ( QUESTION0_1_R 1 -6.342e+03 1.498e+02 3.100e+01
|        ( WDBNDRY_E 0 -4.466e+03 1.228e+02 2.300e+01
|            ( - -3.690e+03 3 0)
|            ( - -6.526e+02 1 0))
|        ( QUESTION0_0_R 1 -1.726e+03 1.229e+02 8.000e+00
|            ( - -8.991e+02 1 0)
|            ( - -7.040e+02 1 0))))
s>    ( QUESTION0_3_R 1 -7.475e+03 1.954e+02 3.600e+01
s>        ( - -9.375e+02 1 0)
s>        ( QUESTION0_1_R 1 -6.342e+03 1.498e+02 3.100e+01
s>            ( WDBNDRY_E 0 -4.466e+03 1.228e+02 2.300e+01
s>                ( - -3.690e+03 3 0)
s>                ( - -6.526e+02 1 0))
s>            ( QUESTION0_0_R 1 -1.726e+03 1.229e+02 8.000e+00
s>                ( - -8.991e+02 1 0)
s>                ( - -7.040e+02 1 0))))INFO: dtree.c(1315): Comp split 28
INFO: dtree.c(1478): Final simple tree
|( QUESTION7 1 -7.084e+04 2.107e+02 3.286e+02
|    ( - -2.217e+02 1 0)
|    ( QUESTION0 1 -7.040e+04 1.887e+02 3.266e+02
|        ( - -2.302e+02 1 0)
|        ( QUESTION2_2_L -1 -6.998e+04 1.674e+02 3.246e+02
|            ( QUESTION4 -1 -6.784e+03 1.418e+02 3.203e+01
|                ( - -5.166e+02 1 0)
|                ( - -6.126e+03 5 0 QUESTION8 -1 1.373e+02 2.903e+01))
|            ( QUESTION8 -1 -6.303e+04 1.511e+02 2.926e+02
|                ( - -7.709e+03 3 0)
|                ( QUESTION2_16_L -1 -5.517e+04 1.409e+02 2.566e+02
|                    ( - -1.359e+04 1 0)
|                    ( WDBNDRY_B 0 -4.144e+04 1.394e+02 1.941e+02
|                        ( - -3.797e+04 9 0 QUESTION2 -1 1.202e+02 1.781e+02)
|                        ( - -3.336e+03 7 0 QUESTION7 -1 1.919e+02 1.600e+01)))))))
s>    ( QUESTION7 1 -7.084e+04 2.107e+02 3.286e+02
s>        ( - -2.217e+02 1 0)
s>        ( QUESTION0 1 -7.040e+04 1.887e+02 3.266e+02
s>            ( - -2.302e+02 1 0)
s>            ( QUESTION2_2_L -1 -6.998e+04 1.674e+02 3.246e+02
s>                ( QUESTION4 -1 -6.784e+03 1.418e+02 3.203e+01
s>                    ( - -5.166e+02 1 0)
s>                    ( - -6.126e+03 5 0 QUESTION8 -1 1.373e+02 2.903e+01))
s>                ( QUESTION8 -1 -6.303e+04 1.511e+02 2.926e+02
s>                    ( - -7.709e+03 3 0)
s>                    ( QUESTION2_16_L -1 -5.517e+04 1.409e+02 2.566e+02
s>                        ( - -1.359e+04 1 0)
s>                        ( WDBNDRY_B 0 -4.144e+04 1.394e+02 1.941e+02
s>                            ( - -3.797e+04 9 0 QUESTION2 -1 1.202e+02 1.781e+02)
s>                            ( - -3.336e+03 7 0 QUESTION7 -1 1.919e+02 1.600e+01)))))))INFO: dtree.c(1439): stop. leaf nodes are specific
INFO: dtree.c(1478): Final simple tree
|( QUESTION18 -1 -4.519e+03 1.188e+02 2.365e+01
|    ( - -2.401e+03 1 0)
|    ( - -1.999e+03 2 0))
s>    ( QUESTION18 -1 -4.519e+03 1.188e+02 2.365e+01
s>        ( - -2.401e+03 1 0)
s>        ( - -1.999e+03 2 0))INFO: dtree.c(1315): Comp split 29
INFO: dtree.c(1439): stop. leaf nodes are specific
INFO: dtree.c(1478): Final simple tree
|( QUESTION2_0_L -1 -2.211e+04 2.150e+02 1.116e+02
|    ( - -2.202e+02 1 0)
|    ( QUESTION0 -1 -2.168e+04 1.776e+02 1.096e+02
|        ( - -2.119e+04 1 0)
|        ( - -3.086e+02 1 0)))
s>    ( QUESTION2_0_L -1 -2.211e+04 2.150e+02 1.116e+02
s>        ( - -2.202e+02 1 0)
s>        ( QUESTION0 -1 -2.168e+04 1.776e+02 1.096e+02
s>            ( - -2.119e+04 1 0)
s>            ( - -3.086e+02 1 0)))INFO: dtree.c(1315): Comp split 30
INFO: dtree.c(1478): Final simple tree
|( QUESTION0_18_R 1 -1.719e+04 1.774e+02 8.591e+01
|    ( - -7.637e+02 1 0)
|    ( QUESTION0_1_R 1 -1.625e+04 1.353e+02 8.091e+01
|        ( WDBNDRY_B 0 -1.058e+04 2.026e+02 5.298e+01
|            ( - -6.536e+02 1 0)
|            ( QUESTION2_12_L -1 -9.721e+03 1.286e+02 4.898e+01
|                ( QUESTION0 -1 -7.994e+03 1.193e+02 4.098e+01
|                    ( - -7.375e+03 5 0)
|                    ( - -5.003e+02 1 0))
|                ( - -1.598e+03 2 0)))
|        ( QUESTION0 -1 -5.541e+03 1.348e+02 2.793e+01
|            ( QUESTION2_14_L -1 -3.937e+03 1.069e+02 2.092e+01
|                ( - -3.216e+03 1 0)
|                ( - -6.141e+02 1 0))
|            ( - -1.470e+03 1 0))))
s>    ( QUESTION0_18_R 1 -1.719e+04 1.774e+02 8.591e+01
s>        ( - -7.637e+02 1 0)
s>        ( QUESTION0_1_R 1 -1.625e+04 1.353e+02 8.091e+01
s>            ( WDBNDRY_B 0 -1.058e+04 2.026e+02 5.298e+01
s>                ( - -6.536e+02 1 0)
s>                ( QUESTION2_12_L -1 -9.721e+03 1.286e+02 4.898e+01
s>                    ( QUESTION0 -1 -7.994e+03 1.193e+02 4.098e+01
s>                        ( - -7.375e+03 5 0)
s>                        ( - -5.003e+02 1 0))
s>                    ( - -1.598e+03 2 0)))
s>            ( QUESTION0 -1 -5.541e+03 1.348e+02 2.793e+01
s>                ( QUESTION2_14_L -1 -3.937e+03 1.069e+02 2.092e+01
s>                    ( - -3.216e+03 1 0)
s>                    ( - -6.141e+02 1 0))
s>                ( - -1.470e+03 1 0))))INFO: dtree.c(1439): stop. leaf nodes are specific
INFO: dtree.c(1478): Final simple tree
|( QUESTION2_12_L -1 -5.084e+03 2.010e+02 2.699e+01
|    ( WDBNDRY_S 0 -3.080e+03 1.501e+02 1.700e+01
|        ( - -5.643e+02 2 0)
|        ( - -2.366e+03 1 0))
|    ( - -1.803e+03 1 0))
s>    ( QUESTION2_12_L -1 -5.084e+03 2.010e+02 2.699e+01
s>        ( WDBNDRY_S 0 -3.080e+03 1.501e+02 1.700e+01
s>            ( - -5.643e+02 2 0)
s>            ( - -2.366e+03 1 0))
s>        ( - -1.803e+03 1 0))INFO: dtree.c(1315): Comp split 31
INFO: dtree.c(1439): stop. leaf nodes are specific
INFO: dtree.c(1478): Final simple tree
|( QUESTION0_1_R 1 -1.061e+04 1.978e+02 5.081e+01
|    ( QUESTION2_12_L -1 -9.377e+03 1.928e+02 4.481e+01
|        ( - -6.834e+03 4 0)
|        ( - -2.350e+03 2 0))
|    ( - -1.040e+03 1 0))
s>    ( QUESTION0_1_R 1 -1.061e+04 1.978e+02 5.081e+01
s>        ( QUESTION2_12_L -1 -9.377e+03 1.928e+02 4.481e+01
s>            ( - -6.834e+03 4 0)
s>            ( - -2.350e+03 2 0))
s>        ( - -1.040e+03 1 0))INFO: dtree.c(1315): Comp split 32
INFO: dtree.c(1439): stop. leaf nodes are specific
INFO: dtree.c(1478): Final simple tree
|( QUESTION0_3_R 1 -7.686e+03 1.950e+02 3.500e+01
|    ( - -6.073e+02 1 0)
|    ( WDBNDRY_S 0 -6.883e+03 1.835e+02 3.100e+01
|        ( QUESTION0_0_R 1 -5.903e+03 1.541e+02 2.600e+01
|            ( QUESTION0_13_R 1 -3.668e+03 1.704e+02 1.800e+01
|                ( QUESTION2_12_L -1 -3.257e+03 1.433e+02 1.600e+01
|                    ( - -4.747e+02 1 0)
|                    ( QUESTION2_14_L -1 -2.639e+03 8.056e+01 1.300e+01
|                        ( - -1.199e+03 2 0)
|                        ( - -1.359e+03 1 0)))
|                ( - -2.403e+02 1 0))
|            ( - -2.082e+03 3 0))
|        ( - -7.968e+02 1 0)))
s>    ( QUESTION0_3_R 1 -7.686e+03 1.950e+02 3.500e+01
s>        ( - -6.073e+02 1 0)
s>        ( WDBNDRY_S 0 -6.883e+03 1.835e+02 3.100e+01
s>            ( QUESTION0_0_R 1 -5.903e+03 1.541e+02 2.600e+01
s>                ( QUESTION0_13_R 1 -3.668e+03 1.704e+02 1.800e+01
s>                    ( QUESTION2_12_L -1 -3.257e+03 1.433e+02 1.600e+01
s>                        ( - -4.747e+02 1 0)
s>                        ( QUESTION2_14_L -1 -2.639e+03 8.056e+01 1.300e+01
s>                            ( - -1.199e+03 2 0)
s>                            ( - -1.359e+03 1 0)))
s>                    ( - -2.403e+02 1 0))
s>                ( - -2.082e+03 3 0))
s>            ( - -7.968e+02 1 0)))INFO: dtree.c(1315): Comp split 33
INFO: dtree.c(1439): stop. leaf nodes are specific
INFO: dtree.c(1478): Final simple tree
|( SILENCE -1 -1.715e+04 2.040e+02 7.697e+01
|    ( QUESTION2 1 -1.105e+04 1.300e+02 4.953e+01
|        ( - -5.748e+03 1 0)
|        ( - -5.172e+03 1 0))
|    ( - -5.896e+03 1 0))
s>    ( SILENCE -1 -1.715e+04 2.040e+02 7.697e+01
s>        ( QUESTION2 1 -1.105e+04 1.300e+02 4.953e+01
s>            ( - -5.748e+03 1 0)
s>            ( - -5.172e+03 1 0))
s>        ( - -5.896e+03 1 0))INFO: dtree.c(1439): stop. leaf nodes are specific
INFO: dtree.c(1478): Final simple tree
|( QUESTION0_1_R 1 -2.151e+03 1.790e+02 1.100e+01
|    ( - -2.651e+02 1 0)
|    ( SILENCE -1 -1.707e+03 9.471e+01 9.000e+00
|        ( - -7.500e+02 1 0)
|        ( - -8.619e+02 1 0)))
s>    ( QUESTION0_1_R 1 -2.151e+03 1.790e+02 1.100e+01
s>        ( - -2.651e+02 1 0)
s>        ( SILENCE -1 -1.707e+03 9.471e+01 9.000e+00
s>            ( - -7.500e+02 1 0)
s>            ( - -8.619e+02 1 0)))INFO: dtree.c(1315): Comp split 34
INFO: dtree.c(1439): stop. leaf nodes are specific
INFO: dtree.c(1478): Final simple tree
|( QUESTION0 -1 -2.168e+04 1.776e+02 1.096e+02
|    ( - -2.119e+04 1 0)
|    ( - -3.086e+02 1 0))
s>    ( QUESTION0 -1 -2.168e+04 1.776e+02 1.096e+02
s>        ( - -2.119e+04 1 0)
s>        ( - -3.086e+02 1 0))INFO: dtree.c(1315): Comp split 35
INFO: dtree.c(1478): Final simple tree
|( QUESTION0 1 -7.040e+04 1.887e+02 3.266e+02
|    ( - -2.302e+02 1 0)
|    ( QUESTION2_2_L -1 -6.998e+04 1.674e+02 3.246e+02
|        ( QUESTION4 -1 -6.784e+03 1.418e+02 3.203e+01
|            ( - -5.166e+02 1 0)
|            ( - -6.126e+03 5 0 QUESTION8 -1 1.373e+02 2.903e+01))
|        ( QUESTION8 -1 -6.303e+04 1.511e+02 2.926e+02
|            ( - -7.709e+03 3 0)
|            ( QUESTION2_16_L -1 -5.517e+04 1.409e+02 2.566e+02
|                ( - -1.359e+04 1 0)
|                ( WDBNDRY_B 0 -4.144e+04 1.394e+02 1.941e+02
|                    ( - -3.797e+04 9 0 QUESTION2 -1 1.202e+02 1.781e+02)
|                    ( QUESTION7 -1 -3.336e+03 1.919e+02 1.600e+01
|                        ( - -6.003e+02 1 0)
|                        ( - -2.544e+03 6 0 QUESTION0 -1 1.686e+02 1.300e+01)))))))
s>    ( QUESTION0 1 -7.040e+04 1.887e+02 3.266e+02
s>        ( - -2.302e+02 1 0)
s>        ( QUESTION2_2_L -1 -6.998e+04 1.674e+02 3.246e+02
s>            ( QUESTION4 -1 -6.784e+03 1.418e+02 3.203e+01
s>                ( - -5.166e+02 1 0)
s>                ( - -6.126e+03 5 0 QUESTION8 -1 1.373e+02 2.903e+01))
s>            ( QUESTION8 -1 -6.303e+04 1.511e+02 2.926e+02
s>                ( - -7.709e+03 3 0)
s>                ( QUESTION2_16_L -1 -5.517e+04 1.409e+02 2.566e+02
s>                    ( - -1.359e+04 1 0)
s>                    ( WDBNDRY_B 0 -4.144e+04 1.394e+02 1.941e+02
s>                        ( - -3.797e+04 9 0 QUESTION2 -1 1.202e+02 1.781e+02)
s>                        ( QUESTION7 -1 -3.336e+03 1.919e+02 1.600e+01
s>                            ( - -6.003e+02 1 0)
s>                            ( - -2.544e+03 6 0 QUESTION0 -1 1.686e+02 1.300e+01)))))))INFO: dtree.c(1315): Comp split 36
INFO: dtree.c(1315): Comp split 37
INFO: dtree.c(1315): Comp split 38
INFO: dtree.c(1439): stop. leaf nodes are specific
INFO: dtree.c(1478): Final simple tree
|( QUESTION2 1 -1.105e+04 1.300e+02 4.953e+01
|    ( - -5.748e+03 1 0)
|    ( - -5.172e+03 1 0))
s>    ( QUESTION2 1 -1.105e+04 1.300e+02 4.953e+01
s>        ( - -5.748e+03 1 0)
s>        ( - -5.172e+03 1 0))INFO: dtree.c(1315): Comp split 39
INFO: dtree.c(1439): stop. leaf nodes are specific
INFO: dtree.c(1478): Final simple tree
|( QUESTION0_18_R 1 -1.634e+04 1.774e+02 8.191e+01
|    ( - -7.637e+02 1 0)
|    ( WDBNDRY_B 0 -1.540e+04 1.364e+02 7.691e+01
|        ( QUESTION0 -1 -5.541e+03 1.348e+02 2.793e+01
|            ( QUESTION2_14_L -1 -3.937e+03 1.069e+02 2.092e+01
|                ( - -3.216e+03 1 0)
|                ( - -6.141e+02 1 0))
|            ( - -1.470e+03 1 0))
|        ( QUESTION2_12_L -1 -9.721e+03 1.286e+02 4.898e+01
|            ( QUESTION0 -1 -7.994e+03 1.193e+02 4.098e+01
|                ( - -7.375e+03 5 0)
|                ( - -5.003e+02 1 0))
|            ( - -1.598e+03 2 0))))
s>    ( QUESTION0_18_R 1 -1.634e+04 1.774e+02 8.191e+01
s>        ( - -7.637e+02 1 0)
s>        ( WDBNDRY_B 0 -1.540e+04 1.364e+02 7.691e+01
s>            ( QUESTION0 -1 -5.541e+03 1.348e+02 2.793e+01
s>                ( QUESTION2_14_L -1 -3.937e+03 1.069e+02 2.092e+01
s>                    ( - -3.216e+03 1 0)
s>                    ( - -6.141e+02 1 0))
s>                ( - -1.470e+03 1 0))
s>            ( QUESTION2_12_L -1 -9.721e+03 1.286e+02 4.898e+01
s>                ( QUESTION0 -1 -7.994e+03 1.193e+02 4.098e+01
s>                    ( - -7.375e+03 5 0)
s>                    ( - -5.003e+02 1 0))
s>                ( - -1.598e+03 2 0))))INFO: dtree.c(1315): Comp split 40
INFO: dtree.c(1439): stop. leaf nodes are specific
INFO: dtree.c(1478): Final simple tree
|( WDBNDRY_S 0 -3.080e+03 1.501e+02 1.700e+01
|    ( - -5.643e+02 2 0)
|    ( - -2.366e+03 1 0))
s>    ( WDBNDRY_S 0 -3.080e+03 1.501e+02 1.700e+01
s>        ( - -5.643e+02 2 0)
s>        ( - -2.366e+03 1 0))INFO: dtree.c(1315): Comp split 41
INFO: dtree.c(1439): stop. leaf nodes are specific
INFO: dtree.c(1478): Final simple tree
|( QUESTION2_12_L -1 -9.377e+03 1.928e+02 4.481e+01
|    ( - -6.834e+03 4 0)
|    ( - -2.350e+03 2 0))
s>    ( QUESTION2_12_L -1 -9.377e+03 1.928e+02 4.481e+01
s>        ( - -6.834e+03 4 0)
s>        ( - -2.350e+03 2 0))INFO: dtree.c(1315): Comp split 42
INFO: dtree.c(1439): stop. leaf nodes are specific
INFO: dtree.c(1478): Final simple tree
|( QUESTION0_1_R 1 -6.342e+03 1.498e+02 3.100e+01
|    ( WDBNDRY_E 0 -4.466e+03 1.228e+02 2.300e+01
|        ( - -3.690e+03 3 0)
|        ( - -6.526e+02 1 0))
|    ( QUESTION0_0_R 1 -1.726e+03 1.229e+02 8.000e+00
|        ( - -8.991e+02 1 0)
|        ( - -7.040e+02 1 0)))
s>    ( QUESTION0_1_R 1 -6.342e+03 1.498e+02 3.100e+01
s>        ( WDBNDRY_E 0 -4.466e+03 1.228e+02 2.300e+01
s>            ( - -3.690e+03 3 0)
s>            ( - -6.526e+02 1 0))
s>        ( QUESTION0_0_R 1 -1.726e+03 1.229e+02 8.000e+00
s>            ( - -8.991e+02 1 0)
s>            ( - -7.040e+02 1 0)))INFO: dtree.c(1315): Comp split 43
INFO: dtree.c(1439): stop. leaf nodes are specific
INFO: dtree.c(1478): Final simple tree
|( WDBNDRY_S 0 -6.883e+03 1.835e+02 3.100e+01
|    ( QUESTION0_0_R 1 -5.903e+03 1.541e+02 2.600e+01
|        ( QUESTION0_13_R 1 -3.668e+03 1.704e+02 1.800e+01
|            ( QUESTION2_12_L -1 -3.257e+03 1.433e+02 1.600e+01
|                ( - -4.747e+02 1 0)
|                ( QUESTION2_14_L -1 -2.639e+03 8.056e+01 1.300e+01
|                    ( - -1.199e+03 2 0)
|                    ( - -1.359e+03 1 0)))
|            ( - -2.403e+02 1 0))
|        ( - -2.082e+03 3 0))
|    ( - -7.968e+02 1 0))
s>    ( WDBNDRY_S 0 -6.883e+03 1.835e+02 3.100e+01
s>        ( QUESTION0_0_R 1 -5.903e+03 1.541e+02 2.600e+01
s>            ( QUESTION0_13_R 1 -3.668e+03 1.704e+02 1.800e+01
s>                ( QUESTION2_12_L -1 -3.257e+03 1.433e+02 1.600e+01
s>                    ( - -4.747e+02 1 0)
s>                    ( QUESTION2_14_L -1 -2.639e+03 8.056e+01 1.300e+01
s>                        ( - -1.199e+03 2 0)
s>                        ( - -1.359e+03 1 0)))
s>                ( - -2.403e+02 1 0))
s>            ( - -2.082e+03 3 0))
s>        ( - -7.968e+02 1 0))INFO: dtree.c(1315): Comp split 44
INFO: dtree.c(1315): Comp split 45
INFO: dtree.c(1439): stop. leaf nodes are specific
INFO: dtree.c(1478): Final simple tree
|( QUESTION0 -1 -3.600e+03 1.950e+02 1.800e+01
|    ( - -1.826e+03 4 0)
|    ( QUESTION0 1 -1.578e+03 1.547e+02 8.000e+00
|        ( - -2.302e+02 1 0)
|        ( WDBNDRY_B 0 -1.193e+03 1.277e+02 6.000e+00
|            ( - -5.166e+02 1 0)
|            ( - -5.489e+02 2 0))))
s>    ( QUESTION0 -1 -3.600e+03 1.950e+02 1.800e+01
s>        ( - -1.826e+03 4 0)
s>        ( QUESTION0 1 -1.578e+03 1.547e+02 8.000e+00
s>            ( - -2.302e+02 1 0)
s>            ( WDBNDRY_B 0 -1.193e+03 1.277e+02 6.000e+00
s>                ( - -5.166e+02 1 0)
s>                ( - -5.489e+02 2 0))))INFO: dtree.c(1478): Final simple tree
|( WDBNDRY_B 0 -6.661e+04 1.726e+02 3.086e+02
|    ( QUESTION2_4_L -1 -6.584e+04 1.563e+02 3.056e+02
|        ( - -4.211e+03 2 0 QUESTION3 -1 1.040e+02 2.003e+01)
|        ( QUESTION8 -1 -6.147e+04 1.443e+02 2.856e+02
|            ( QUESTION2_0_L -1 -8.991e+03 1.339e+02 4.200e+01
|                ( - -1.148e+03 2 0)
|                ( - -7.709e+03 3 0))
|            ( QUESTION2_16_L -1 -5.234e+04 1.417e+02 2.436e+02
|                ( - -1.359e+04 1 0)
|                ( QUESTION10 -1 -3.861e+04 1.272e+02 1.811e+02
|                    ( - -5.119e+02 1 0)
|                    ( QUESTION2 -1 -3.797e+04 1.202e+02 1.781e+02
|                        ( - -5.540e+03 4 0)
|                        ( - -3.231e+04 5 0 QUESTION20 -1 1.085e+02 1.531e+02))))))
|    ( - -6.003e+02 1 0))
s>    ( WDBNDRY_B 0 -6.661e+04 1.726e+02 3.086e+02
s>        ( QUESTION2_4_L -1 -6.584e+04 1.563e+02 3.056e+02
s>            ( - -4.211e+03 2 0 QUESTION3 -1 1.040e+02 2.003e+01)
s>            ( QUESTION8 -1 -6.147e+04 1.443e+02 2.856e+02
s>                ( QUESTION2_0_L -1 -8.991e+03 1.339e+02 4.200e+01
s>                    ( - -1.148e+03 2 0)
s>                    ( - -7.709e+03 3 0))
s>                ( QUESTION2_16_L -1 -5.234e+04 1.417e+02 2.436e+02
s>                    ( - -1.359e+04 1 0)
s>                    ( QUESTION10 -1 -3.861e+04 1.272e+02 1.811e+02
s>                        ( - -5.119e+02 1 0)
s>                        ( QUESTION2 -1 -3.797e+04 1.202e+02 1.781e+02
s>                            ( - -5.540e+03 4 0)
s>                            ( - -3.231e+04 5 0 QUESTION20 -1 1.085e+02 1.531e+02))))))
s>        ( - -6.003e+02 1 0))INFO: dtree.c(1315): Comp split 46
INFO: dtree.c(1439): stop. leaf nodes are specific
INFO: dtree.c(1478): Final simple tree
|( QUESTION0 1 -1.578e+03 1.547e+02 8.000e+00
|    ( - -2.302e+02 1 0)
|    ( WDBNDRY_B 0 -1.193e+03 1.277e+02 6.000e+00
|        ( - -5.166e+02 1 0)
|        ( - -5.489e+02 2 0)))
s>    ( QUESTION0 1 -1.578e+03 1.547e+02 8.000e+00
s>        ( - -2.302e+02 1 0)
s>        ( WDBNDRY_B 0 -1.193e+03 1.277e+02 6.000e+00
s>            ( - -5.166e+02 1 0)
s>            ( - -5.489e+02 2 0)))INFO: dtree.c(1315): Comp split 47
INFO: dtree.c(1439): stop. leaf nodes are specific
INFO: dtree.c(1478): Final simple tree
|( QUESTION0_1_R 1 -3.122e+04 1.730e+02 1.485e+02
|    ( WDBNDRY_B 0 -3.028e+04 1.583e+02 1.435e+02
|        ( - -2.795e+04 2 0)
|        ( - -2.167e+03 3 0))
|    ( - -7.646e+02 1 0))
s>    ( QUESTION0_1_R 1 -3.122e+04 1.730e+02 1.485e+02
s>        ( WDBNDRY_B 0 -3.028e+04 1.583e+02 1.435e+02
s>            ( - -2.795e+04 2 0)
s>            ( - -2.167e+03 3 0))
s>        ( - -7.646e+02 1 0))INFO: dtree.c(1315): Comp split 48
INFO: dtree.c(1439): stop. leaf nodes are specific
INFO: dtree.c(1478): Final simple tree
|( QUESTION0_0_R 1 -5.903e+03 1.541e+02 2.600e+01
|    ( QUESTION0_13_R 1 -3.668e+03 1.704e+02 1.800e+01
|        ( QUESTION2_12_L -1 -3.257e+03 1.433e+02 1.600e+01
|            ( - -4.747e+02 1 0)
|            ( QUESTION2_14_L -1 -2.639e+03 8.056e+01 1.300e+01
|                ( - -1.199e+03 2 0)
|                ( - -1.359e+03 1 0)))
|        ( - -2.403e+02 1 0))
|    ( - -2.082e+03 3 0))
s>    ( QUESTION0_0_R 1 -5.903e+03 1.541e+02 2.600e+01
s>        ( QUESTION0_13_R 1 -3.668e+03 1.704e+02 1.800e+01
s>            ( QUESTION2_12_L -1 -3.257e+03 1.433e+02 1.600e+01
s>                ( - -4.747e+02 1 0)
s>                ( QUESTION2_14_L -1 -2.639e+03 8.056e+01 1.300e+01
s>                    ( - -1.199e+03 2 0)
s>                    ( - -1.359e+03 1 0)))
s>            ( - -2.403e+02 1 0))
s>        ( - -2.082e+03 3 0))INFO: dtree.c(1315): Comp split 49
INFO: dtree.c(1439): stop. leaf nodes are specific
INFO: dtree.c(1478): Final simple tree
|( SILENCE -1 -1.707e+03 9.471e+01 9.000e+00
|    ( - -7.500e+02 1 0)
|    ( - -8.619e+02 1 0))
s>    ( SILENCE -1 -1.707e+03 9.471e+01 9.000e+00
s>        ( - -7.500e+02 1 0)
s>        ( - -8.619e+02 1 0))INFO: dtree.c(1315): Comp split 50
INFO: dtree.c(1315): Comp split 51
INFO: dtree.c(1439): stop. leaf nodes are specific
INFO: dtree.c(1478): Final simple tree
|( WDBNDRY_B 0 -1.540e+04 1.364e+02 7.691e+01
|    ( QUESTION0 -1 -5.541e+03 1.348e+02 2.793e+01
|        ( QUESTION2_14_L -1 -3.937e+03 1.069e+02 2.092e+01
|            ( - -3.216e+03 1 0)
|            ( - -6.141e+02 1 0))
|        ( - -1.470e+03 1 0))
|    ( QUESTION2_12_L -1 -9.721e+03 1.286e+02 4.898e+01
|        ( QUESTION0 -1 -7.994e+03 1.193e+02 4.098e+01
|            ( - -7.375e+03 5 0)
|            ( - -5.003e+02 1 0))
|        ( - -1.598e+03 2 0)))
s>    ( WDBNDRY_B 0 -1.540e+04 1.364e+02 7.691e+01
s>        ( QUESTION0 -1 -5.541e+03 1.348e+02 2.793e+01
s>            ( QUESTION2_14_L -1 -3.937e+03 1.069e+02 2.092e+01
s>                ( - -3.216e+03 1 0)
s>                ( - -6.141e+02 1 0))
s>            ( - -1.470e+03 1 0))
s>        ( QUESTION2_12_L -1 -9.721e+03 1.286e+02 4.898e+01
s>            ( QUESTION0 -1 -7.994e+03 1.193e+02 4.098e+01
s>                ( - -7.375e+03 5 0)
s>                ( - -5.003e+02 1 0))
s>            ( - -1.598e+03 2 0)))INFO: dtree.c(1315): Comp split 52
INFO: dtree.c(1439): stop. leaf nodes are specific
INFO: dtree.c(1478): Final simple tree
|( QUESTION7 -1 -3.924e+04 1.304e+02 1.841e+02
|    ( QUESTION20 -1 -5.730e+03 1.121e+02 2.700e+01
|        ( - -1.713e+03 1 0)
|        ( QUESTION8 -1 -3.904e+03 9.970e+01 1.800e+01
|            ( - -1.148e+03 2 0)
|            ( - -2.657e+03 1 0)))
|    ( QUESTION0 -1 -3.338e+04 1.142e+02 1.571e+02
|        ( - -2.773e+04 3 0)
|        ( - -5.540e+03 4 0)))
s>    ( QUESTION7 -1 -3.924e+04 1.304e+02 1.841e+02
s>        ( QUESTION20 -1 -5.730e+03 1.121e+02 2.700e+01
s>            ( - -1.713e+03 1 0)
s>            ( QUESTION8 -1 -3.904e+03 9.970e+01 1.800e+01
s>                ( - -1.148e+03 2 0)
s>                ( - -2.657e+03 1 0)))
s>        ( QUESTION0 -1 -3.338e+04 1.142e+02 1.571e+02
s>            ( - -2.773e+04 3 0)
s>            ( - -5.540e+03 4 0)))INFO: dtree.c(1439): stop. leaf nodes are specific
INFO: dtree.c(1478): Final simple tree
|( WDBNDRY_B 0 -2.720e+04 1.723e+02 1.245e+02
|    ( QUESTION2_0_L -1 -2.642e+04 1.620e+02 1.215e+02
|        ( QUESTION2 -1 -4.840e+03 1.176e+02 2.303e+01
|            ( QUESTION3 -1 -4.211e+03 1.040e+02 2.003e+01
|                ( - -1.111e+03 1 0)
|                ( - -2.996e+03 1 0))
|            ( - -5.119e+02 1 0))
|        ( QUESTION0 -1 -2.142e+04 1.236e+02 9.846e+01
|            ( - -1.359e+04 1 0)
|            ( - -7.709e+03 3 0)))
|    ( - -6.003e+02 1 0))
s>    ( WDBNDRY_B 0 -2.720e+04 1.723e+02 1.245e+02
s>        ( QUESTION2_0_L -1 -2.642e+04 1.620e+02 1.215e+02
s>            ( QUESTION2 -1 -4.840e+03 1.176e+02 2.303e+01
s>                ( QUESTION3 -1 -4.211e+03 1.040e+02 2.003e+01
s>                    ( - -1.111e+03 1 0)
s>                    ( - -2.996e+03 1 0))
s>                ( - -5.119e+02 1 0))
s>            ( QUESTION0 -1 -2.142e+04 1.236e+02 9.846e+01
s>                ( - -1.359e+04 1 0)
s>                ( - -7.709e+03 3 0)))
s>        ( - -6.003e+02 1 0))INFO: dtree.c(1315): Comp split 53
INFO: dtree.c(1439): stop. leaf nodes are specific
INFO: dtree.c(1478): Final simple tree
|( WDBNDRY_B 0 -3.028e+04 1.583e+02 1.435e+02
|    ( - -2.795e+04 2 0)
|    ( - -2.167e+03 3 0))
s>    ( WDBNDRY_B 0 -3.028e+04 1.583e+02 1.435e+02
s>        ( - -2.795e+04 2 0)
s>        ( - -2.167e+03 3 0))INFO: dtree.c(1315): Comp split 54
INFO: dtree.c(1439): stop. leaf nodes are specific
INFO: dtree.c(1478): Final simple tree
|( QUESTION0_0_R 1 -5.490e+03 1.518e+02 2.400e+01
|    ( QUESTION2_12_L -1 -3.257e+03 1.433e+02 1.600e+01
|        ( - -4.747e+02 1 0)
|        ( QUESTION2_14_L -1 -2.639e+03 8.056e+01 1.300e+01
|            ( - -1.199e+03 2 0)
|            ( - -1.359e+03 1 0)))
|    ( - -2.082e+03 3 0))
s>    ( QUESTION0_0_R 1 -5.490e+03 1.518e+02 2.400e+01
s>        ( QUESTION2_12_L -1 -3.257e+03 1.433e+02 1.600e+01
s>            ( - -4.747e+02 1 0)
s>            ( QUESTION2_14_L -1 -2.639e+03 8.056e+01 1.300e+01
s>                ( - -1.199e+03 2 0)
s>                ( - -1.359e+03 1 0)))
s>        ( - -2.082e+03 3 0))INFO: dtree.c(1315): Comp split 55
INFO: dtree.c(1439): stop. leaf nodes are specific
INFO: dtree.c(1478): Final simple tree
|( QUESTION2_0_L -1 -2.642e+04 1.620e+02 1.215e+02
|    ( QUESTION2 -1 -4.840e+03 1.176e+02 2.303e+01
|        ( QUESTION3 -1 -4.211e+03 1.040e+02 2.003e+01
|            ( - -1.111e+03 1 0)
|            ( - -2.996e+03 1 0))
|        ( - -5.119e+02 1 0))
|    ( QUESTION0 -1 -2.142e+04 1.236e+02 9.846e+01
|        ( - -1.359e+04 1 0)
|        ( - -7.709e+03 3 0)))
s>    ( QUESTION2_0_L -1 -2.642e+04 1.620e+02 1.215e+02
s>        ( QUESTION2 -1 -4.840e+03 1.176e+02 2.303e+01
s>            ( QUESTION3 -1 -4.211e+03 1.040e+02 2.003e+01
s>                ( - -1.111e+03 1 0)
s>                ( - -2.996e+03 1 0))
s>            ( - -5.119e+02 1 0))
s>        ( QUESTION0 -1 -2.142e+04 1.236e+02 9.846e+01
s>            ( - -1.359e+04 1 0)
s>            ( - -7.709e+03 3 0)))INFO: dtree.c(1315): Comp split 56
INFO: dtree.c(1439): stop. leaf nodes are specific
INFO: dtree.c(1478): Final simple tree
|( WDBNDRY_B 0 -5.261e+03 1.504e+02 2.300e+01
|    ( QUESTION0_1_R 1 -4.188e+03 1.311e+02 1.900e+01
|        ( - -6.073e+02 1 0)
|        ( QUESTION0 -1 -3.449e+03 1.094e+02 1.600e+01
|            ( - -1.589e+03 1 0)
|            ( - -1.751e+03 1 0)))
|    ( - -9.229e+02 1 0))
s>    ( WDBNDRY_B 0 -5.261e+03 1.504e+02 2.300e+01
s>        ( QUESTION0_1_R 1 -4.188e+03 1.311e+02 1.900e+01
s>            ( - -6.073e+02 1 0)
s>            ( QUESTION0 -1 -3.449e+03 1.094e+02 1.600e+01
s>                ( - -1.589e+03 1 0)
s>                ( - -1.751e+03 1 0)))
s>        ( - -9.229e+02 1 0))INFO: dtree.c(1315): Comp split 57
INFO: dtree.c(1439): stop. leaf nodes are specific
INFO: dtree.c(1478): Final simple tree
|( QUESTION2 -1 -4.840e+03 1.176e+02 2.303e+01
|    ( QUESTION3 -1 -4.211e+03 1.040e+02 2.003e+01
|        ( - -1.111e+03 1 0)
|        ( - -2.996e+03 1 0))
|    ( - -5.119e+02 1 0))
s>    ( QUESTION2 -1 -4.840e+03 1.176e+02 2.303e+01
s>        ( QUESTION3 -1 -4.211e+03 1.040e+02 2.003e+01
s>            ( - -1.111e+03 1 0)
s>            ( - -2.996e+03 1 0))
s>        ( - -5.119e+02 1 0))INFO: dtree.c(1439): stop. leaf nodes are specific
INFO: dtree.c(1478): Final simple tree
|( QUESTION0 -1 -2.142e+04 1.236e+02 9.846e+01
|    ( - -1.359e+04 1 0)
|    ( - -7.709e+03 3 0))
s>    ( QUESTION0 -1 -2.142e+04 1.236e+02 9.846e+01
s>        ( - -1.359e+04 1 0)
s>        ( - -7.709e+03 3 0))INFO: dtree.c(1315): Comp split 58
INFO: dtree.c(1315): Comp split 59
INFO: dtree.c(1439): stop. leaf nodes are specific
INFO: dtree.c(1478): Final simple tree
|( QUESTION2_14_L -1 -3.937e+03 1.069e+02 2.092e+01
|    ( - -3.216e+03 1 0)
|    ( - -6.141e+02 1 0))
s>    ( QUESTION2_14_L -1 -3.937e+03 1.069e+02 2.092e+01
s>        ( - -3.216e+03 1 0)
s>        ( - -6.141e+02 1 0))INFO: dtree.c(1439): stop. leaf nodes are specific
INFO: dtree.c(1478): Final simple tree
|( QUESTION2_12_L -1 -1.131e+04 1.207e+02 5.598e+01
|    ( WDBNDRY_B 0 -9.587e+03 1.229e+02 4.798e+01
|        ( - -1.470e+03 1 0)
|        ( QUESTION0 -1 -7.994e+03 1.193e+02 4.098e+01
|            ( - -7.375e+03 5 0)
|            ( - -5.003e+02 1 0)))
|    ( - -1.598e+03 2 0))
s>    ( QUESTION2_12_L -1 -1.131e+04 1.207e+02 5.598e+01
s>        ( WDBNDRY_B 0 -9.587e+03 1.229e+02 4.798e+01
s>            ( - -1.470e+03 1 0)
s>            ( QUESTION0 -1 -7.994e+03 1.193e+02 4.098e+01
s>                ( - -7.375e+03 5 0)
s>                ( - -5.003e+02 1 0)))
s>        ( - -1.598e+03 2 0))INFO: dtree.c(1315): Comp split 60
INFO: dtree.c(1315): Comp split 61
INFO: dtree.c(1439): stop. leaf nodes are specific
INFO: dtree.c(1478): Final simple tree
|( WDBNDRY_B 0 -1.193e+03 1.277e+02 6.000e+00
|    ( - -5.166e+02 1 0)
|    ( - -5.489e+02 2 0))
s>    ( WDBNDRY_B 0 -1.193e+03 1.277e+02 6.000e+00
s>        ( - -5.166e+02 1 0)
s>        ( - -5.489e+02 2 0))INFO: dtree.c(1315): Comp split 62
INFO: dtree.c(1439): stop. leaf nodes are specific
INFO: dtree.c(1478): Final simple tree
|( QUESTION0_0_R 1 -4.861e+03 1.409e+02 2.100e+01
|    ( QUESTION2_14_L -1 -2.639e+03 8.056e+01 1.300e+01
|        ( - -1.199e+03 2 0)
|        ( - -1.359e+03 1 0))
|    ( - -2.082e+03 3 0))
s>    ( QUESTION0_0_R 1 -4.861e+03 1.409e+02 2.100e+01
s>        ( QUESTION2_14_L -1 -2.639e+03 8.056e+01 1.300e+01
s>            ( - -1.199e+03 2 0)
s>            ( - -1.359e+03 1 0))
s>        ( - -2.082e+03 3 0))INFO: dtree.c(1315): Comp split 63
INFO: dtree.c(1439): stop. leaf nodes are specific
INFO: dtree.c(1478): Final simple tree
|( QUESTION0_1_R 1 -4.188e+03 1.311e+02 1.900e+01
|    ( - -6.073e+02 1 0)
|    ( QUESTION0 -1 -3.449e+03 1.094e+02 1.600e+01
|        ( - -1.589e+03 1 0)
|        ( - -1.751e+03 1 0)))
s>    ( QUESTION0_1_R 1 -4.188e+03 1.311e+02 1.900e+01
s>        ( - -6.073e+02 1 0)
s>        ( QUESTION0 -1 -3.449e+03 1.094e+02 1.600e+01
s>            ( - -1.589e+03 1 0)
s>            ( - -1.751e+03 1 0)))INFO: dtree.c(1315): Comp split 64
INFO: dtree.c(1315): Comp split 65
INFO: dtree.c(1439): stop. leaf nodes are specific
INFO: dtree.c(1478): Final simple tree
|( QUESTION0_0_R 1 -1.726e+03 1.229e+02 8.000e+00
|    ( - -8.991e+02 1 0)
|    ( - -7.040e+02 1 0))
s>    ( QUESTION0_0_R 1 -1.726e+03 1.229e+02 8.000e+00
s>        ( - -8.991e+02 1 0)
s>        ( - -7.040e+02 1 0))INFO: dtree.c(1439): stop. leaf nodes are specific
INFO: dtree.c(1478): Final simple tree
|( WDBNDRY_E 0 -4.466e+03 1.228e+02 2.300e+01
|    ( - -3.690e+03 3 0)
|    ( - -6.526e+02 1 0))
s>    ( WDBNDRY_E 0 -4.466e+03 1.228e+02 2.300e+01
s>        ( - -3.690e+03 3 0)
s>        ( - -6.526e+02 1 0))INFO: dtree.c(1315): Comp split 66
INFO: dtree.c(1439): stop. leaf nodes are specific
INFO: dtree.c(1478): Final simple tree
|( QUESTION2_14_L -1 -2.639e+03 8.056e+01 1.300e+01
|    ( - -1.199e+03 2 0)
|    ( - -1.359e+03 1 0))
s>    ( QUESTION2_14_L -1 -2.639e+03 8.056e+01 1.300e+01
s>        ( - -1.199e+03 2 0)
s>        ( - -1.359e+03 1 0))INFO: dtree.c(1315): Comp split 67
INFO: dtree.c(1439): stop. leaf nodes are specific
INFO: dtree.c(1478): Final simple tree
|( QUESTION0 -1 -3.449e+03 1.094e+02 1.600e+01
|    ( - -1.589e+03 1 0)
|    ( - -1.751e+03 1 0))
s>    ( QUESTION0 -1 -3.449e+03 1.094e+02 1.600e+01
s>        ( - -1.589e+03 1 0)
s>        ( - -1.751e+03 1 0))INFO: dtree.c(1315): Comp split 68
INFO: dtree.c(1439): stop. leaf nodes are specific
INFO: dtree.c(1478): Final simple tree
|( QUESTION0 -1 -3.800e+03 1.077e+02 1.800e+01
|    ( - -1.598e+03 2 0)
|    ( WDBNDRY_B 0 -2.095e+03 1.248e+02 1.000e+01
|        ( - -1.470e+03 1 0)
|        ( - -5.003e+02 1 0)))
s>    ( QUESTION0 -1 -3.800e+03 1.077e+02 1.800e+01
s>        ( - -1.598e+03 2 0)
s>        ( WDBNDRY_B 0 -2.095e+03 1.248e+02 1.000e+01
s>            ( - -1.470e+03 1 0)
s>            ( - -5.003e+02 1 0)))INFO: dtree.c(1315): Comp split 69
INFO: dtree.c(1439): stop. leaf nodes are specific
INFO: dtree.c(1478): Final simple tree
|( QUESTION20 -1 -5.730e+03 1.121e+02 2.700e+01
|    ( - -1.713e+03 1 0)
|    ( QUESTION8 -1 -3.904e+03 9.970e+01 1.800e+01
|        ( - -1.148e+03 2 0)
|        ( - -2.657e+03 1 0)))
s>    ( QUESTION20 -1 -5.730e+03 1.121e+02 2.700e+01
s>        ( - -1.713e+03 1 0)
s>        ( QUESTION8 -1 -3.904e+03 9.970e+01 1.800e+01
s>            ( - -1.148e+03 2 0)
s>            ( - -2.657e+03 1 0)))INFO: dtree.c(1439): stop. leaf nodes are specific
INFO: dtree.c(1478): Final simple tree
|( QUESTION0 -1 -3.338e+04 1.142e+02 1.571e+02
|    ( - -2.773e+04 3 0)
|    ( - -5.540e+03 4 0))
s>    ( QUESTION0 -1 -3.338e+04 1.142e+02 1.571e+02
s>        ( - -2.773e+04 3 0)
s>        ( - -5.540e+03 4 0))INFO: dtree.c(1315): Comp split 70
INFO: dtree.c(1315): Comp split 71
INFO: dtree.c(1315): Comp split 72
INFO: dtree.c(1315): Comp split 73
INFO: dtree.c(1315): Comp split 74
INFO: dtree.c(1315): Comp split 75
INFO: dtree.c(1315): Comp split 76
INFO: dtree.c(1439): stop. leaf nodes are specific
INFO: dtree.c(1478): Final simple tree
|( QUESTION3 -1 -4.211e+03 1.040e+02 2.003e+01
|    ( - -1.111e+03 1 0)
|    ( - -2.996e+03 1 0))
s>    ( QUESTION3 -1 -4.211e+03 1.040e+02 2.003e+01
s>        ( - -1.111e+03 1 0)
s>        ( - -2.996e+03 1 0))INFO: dtree.c(1315): Comp split 77
INFO: dtree.c(1439): stop. leaf nodes are specific
INFO: dtree.c(1478): Final simple tree
|( WDBNDRY_B 0 -3.184e+03 1.162e+02 1.500e+01
|    ( - -1.470e+03 1 0)
|    ( - -1.598e+03 2 0))
s>    ( WDBNDRY_B 0 -3.184e+03 1.162e+02 1.500e+01
s>        ( - -1.470e+03 1 0)
s>        ( - -1.598e+03 2 0))INFO: dtree.c(1315): Comp split 78
INFO: dtree.c(1315): Comp split 79
INFO: dtree.c(1315): Comp split 80
INFO: dtree.c(1439): stop. leaf nodes are specific
INFO: dtree.c(1478): Final simple tree
|( QUESTION8 -1 -3.904e+03 9.970e+01 1.800e+01
|    ( - -1.148e+03 2 0)
|    ( - -2.657e+03 1 0))
s>    ( QUESTION8 -1 -3.904e+03 9.970e+01 1.800e+01
s>        ( - -1.148e+03 2 0)
s>        ( - -2.657e+03 1 0))INFO: dtree.c(1315): Comp split 81
INFO: dtree.c(1315): Comp split 82
INFO: dtree.c(1315): Comp split 83
INFO: dtree.c(1315): Comp split 84
INFO: dtree.c(1315): Comp split 85
INFO: dtree.c(1315): Comp split 86
INFO: dtree.c(1315): Comp split 87
INFO: dtree.c(1318): stop. leaf nodes are specific
!!!!!!!!Allocated 68 lines
Fri Apr  8 18:33:09 2016
