Current configuration:
[NAME]		[DEFLT]	[VALUE]
-allphones	no	no
-cntthresh	0.00001	1.000000e-05
-csplitmax	100	2000
-csplitmin	1	1
-csplitthr	8e-4	0.000000e+00
-example	no	no
-fullvar	no	no
-help		no	no
-meanfn			/home/yaroslav/model/model_parameters/ua.cd_cont_untied/means
-mixwfn			/home/yaroslav/model/model_parameters/ua.cd_cont_untied/mixture_weights
-moddeffn		/home/yaroslav/model/model_architecture/ua.untied.mdef
-mwfloor	1e-4	1.000000e-08
-phone			BB
-psetfn			/home/yaroslav/model/model_architecture/ua.tree_questions
-ssplitmax	5	7
-ssplitmin	1	1
-ssplitthr	8e-4	0.000000e+00
-state			1
-stwt			1.0,0.05,0.0,
-treefn			/home/yaroslav/model/trees/ua.unpruned/BB-1.dtree
-ts2cbfn	.semi.	.cont.
-varfloor	0.00001	1.000000e-05
-varfn			/home/yaroslav/model/model_parameters/ua.cd_cont_untied/variances

INFO: main.c(223): Reading: /home/yaroslav/model/model_architecture/ua.untied.mdef
INFO: model_def_io.c(573): Model definition info:
INFO: model_def_io.c(574): 9391 total models defined (51 base, 9340 tri)
INFO: model_def_io.c(575): 37564 total states
INFO: model_def_io.c(576): 28173 total tied states
INFO: model_def_io.c(577): 153 total tied CI states
INFO: model_def_io.c(578): 51 total tied transition matrices
INFO: model_def_io.c(579): 4 max state/model
INFO: model_def_io.c(580): 4 min state/model
INFO: main.c(242): Building trees for [BB A І b] through [BB І І i]
INFO: main.c(269): Covering states |[3195 3275]| == 81
INFO: main.c(275): Reading: /home/yaroslav/model/model_parameters/ua.cd_cont_untied/mixture_weights
INFO: s3mixw_io.c(173): Read /home/yaroslav/model/model_parameters/ua.cd_cont_untied/mixture_weights [81x1x1 array]
INFO: main.c(311): 26 of 27 models have observation count greater than 0.000010
INFO: main.c(95): nrm stwt: 0.045 0.909 0.045 
INFO: s3gau_io.c(169): Read /home/yaroslav/model/model_parameters/ua.cd_cont_untied/means [28173x1x1 array]
INFO: s3gau_io.c(169): Read /home/yaroslav/model/model_parameters/ua.cd_cont_untied/variances [28173x1x1 array]
INFO: main.c(549): Reading: /home/yaroslav/model/model_architecture/ua.tree_questions
INFO: main.c(588): 174 total simple questions (166 phone; 8 word bndry)
INFO: main.c(590): 40 Left Only questions, and 42 Right Only questions
INFO: dtree.c(1478): Final simple tree
|( QUESTION11 -1 -2.705e+04 2.380e+02 3.448e+02
|    ( - -1.799e+03 2 0 QUESTION2_0_L -1 1.470e+02 2.623e+01)
|    ( QUESTION2_9_L -1 -2.501e+04 1.795e+02 3.186e+02
|        ( - -6.159e+01 1 0)
|        ( QUESTION17 -1 -2.477e+04 1.771e+02 3.156e+02
|            ( - -4.493e+03 2 0 WDBNDRY_B 0 9.180e+01 5.815e+01)
|            ( QUESTION6 -1 -2.010e+04 1.726e+02 2.574e+02
|                ( - -7.937e+02 2 0 WDBNDRY_B 0 1.645e+02 1.200e+01)
|                ( QUESTION0_0_R 1 -1.913e+04 1.849e+02 2.454e+02
|                    ( QUESTION1 -1 -1.847e+04 1.651e+02 2.364e+02
|                        ( - -4.605e+01 1 0)
|                        ( WDBNDRY_B 0 -1.826e+04 1.706e+02 2.334e+02
|                            ( - -7.508e+03 10 0 QUESTION13 -1 1.567e+02 9.460e+01)
|                            ( - -1.058e+04 6 0 QUESTION10 -1 1.293e+02 1.388e+02)))
|                    ( - -4.786e+02 2 0 QUESTION2_0_L -1 1.178e+02 9.000e+00))))))
s>    ( QUESTION11 -1 -2.705e+04 2.380e+02 3.448e+02
s>        ( - -1.799e+03 2 0 QUESTION2_0_L -1 1.470e+02 2.623e+01)
s>        ( QUESTION2_9_L -1 -2.501e+04 1.795e+02 3.186e+02
s>            ( - -6.159e+01 1 0)
s>            ( QUESTION17 -1 -2.477e+04 1.771e+02 3.156e+02
s>                ( - -4.493e+03 2 0 WDBNDRY_B 0 9.180e+01 5.815e+01)
s>                ( QUESTION6 -1 -2.010e+04 1.726e+02 2.574e+02
s>                    ( - -7.937e+02 2 0 WDBNDRY_B 0 1.645e+02 1.200e+01)
s>                    ( QUESTION0_0_R 1 -1.913e+04 1.849e+02 2.454e+02
s>                        ( QUESTION1 -1 -1.847e+04 1.651e+02 2.364e+02
s>                            ( - -4.605e+01 1 0)
s>                            ( WDBNDRY_B 0 -1.826e+04 1.706e+02 2.334e+02
s>                                ( - -7.508e+03 10 0 QUESTION13 -1 1.567e+02 9.460e+01)
s>                                ( - -1.058e+04 6 0 QUESTION10 -1 1.293e+02 1.388e+02)))
s>                        ( - -4.786e+02 2 0 QUESTION2_0_L -1 1.178e+02 9.000e+00))))))INFO: dtree.c(1315): Comp split 0
INFO: dtree.c(1478): Final simple tree
|( QUESTION11 -1 -1.414e+04 2.032e+02 1.790e+02
|    ( QUESTION2_0_L -1 -1.799e+03 1.470e+02 2.623e+01
|        ( - -1.537e+03 1 0)
|        ( - -1.154e+02 1 0))
|    ( QUESTION16 -1 -1.214e+04 1.550e+02 1.528e+02
|        ( - 8.132e+00 1 0)
|        ( SILENCE -1 -1.199e+04 1.480e+02 1.508e+02
|            ( - -5.363e+01 1 0)
|            ( QUESTION13 -1 -1.179e+04 1.350e+02 1.478e+02
|                ( - -4.493e+03 2 0 WDBNDRY_B 0 9.180e+01 5.815e+01)
|                ( QUESTION2_4_L -1 -7.159e+03 1.135e+02 8.960e+01
|                    ( - -2.906e+02 1 0)
|                    ( QUESTION10 -1 -6.755e+03 1.098e+02 8.460e+01
|                        ( - -1.170e+03 2 0)
|                        ( - -5.476e+03 5 0 QUESTION0 -1 1.055e+02 6.970e+01)))))))
s>    ( QUESTION11 -1 -1.414e+04 2.032e+02 1.790e+02
s>        ( QUESTION2_0_L -1 -1.799e+03 1.470e+02 2.623e+01
s>            ( - -1.537e+03 1 0)
s>            ( - -1.154e+02 1 0))
s>        ( QUESTION16 -1 -1.214e+04 1.550e+02 1.528e+02
s>            ( - 8.132e+00 1 0)
s>            ( SILENCE -1 -1.199e+04 1.480e+02 1.508e+02
s>                ( - -5.363e+01 1 0)
s>                ( QUESTION13 -1 -1.179e+04 1.350e+02 1.478e+02
s>                    ( - -4.493e+03 2 0 WDBNDRY_B 0 9.180e+01 5.815e+01)
s>                    ( QUESTION2_4_L -1 -7.159e+03 1.135e+02 8.960e+01
s>                        ( - -2.906e+02 1 0)
s>                        ( QUESTION10 -1 -6.755e+03 1.098e+02 8.460e+01
s>                            ( - -1.170e+03 2 0)
s>                            ( - -5.476e+03 5 0 QUESTION0 -1 1.055e+02 6.970e+01)))))))INFO: dtree.c(1478): Final simple tree
|( QUESTION2_9_L -1 -1.265e+04 1.784e+02 1.658e+02
|    ( - -6.159e+01 1 0)
|    ( QUESTION2 -1 -1.241e+04 1.730e+02 1.628e+02
|        ( WDBNDRY_B 0 -7.937e+02 1.645e+02 1.200e+01
|            ( - -1.086e+02 1 0)
|            ( - -5.206e+02 1 0))
|        ( QUESTION0_0_R 1 -1.145e+04 1.835e+02 1.508e+02
|            ( WDBNDRY_B 0 -1.079e+04 1.608e+02 1.418e+02
|                ( - -4.605e+01 1 0)
|                ( QUESTION10 -1 -1.058e+04 1.293e+02 1.388e+02
|                    ( - -2.776e+02 1 0)
|                    ( - -1.017e+04 5 0)))
|            ( QUESTION2_0_L -1 -4.786e+02 1.178e+02 9.000e+00
|                ( - -6.998e+01 1 0)
|                ( - -2.908e+02 1 0)))))
s>    ( QUESTION2_9_L -1 -1.265e+04 1.784e+02 1.658e+02
s>        ( - -6.159e+01 1 0)
s>        ( QUESTION2 -1 -1.241e+04 1.730e+02 1.628e+02
s>            ( WDBNDRY_B 0 -7.937e+02 1.645e+02 1.200e+01
s>                ( - -1.086e+02 1 0)
s>                ( - -5.206e+02 1 0))
s>            ( QUESTION0_0_R 1 -1.145e+04 1.835e+02 1.508e+02
s>                ( WDBNDRY_B 0 -1.079e+04 1.608e+02 1.418e+02
s>                    ( - -4.605e+01 1 0)
s>                    ( QUESTION10 -1 -1.058e+04 1.293e+02 1.388e+02
s>                        ( - -2.776e+02 1 0)
s>                        ( - -1.017e+04 5 0)))
s>                ( QUESTION2_0_L -1 -4.786e+02 1.178e+02 9.000e+00
s>                    ( - -6.998e+01 1 0)
s>                    ( - -2.908e+02 1 0)))))INFO: dtree.c(1315): Comp split 1
INFO: dtree.c(1478): Final simple tree
|( QUESTION16 -1 -1.236e+04 1.552e+02 1.558e+02
|    ( - 8.132e+00 1 0)
|    ( SILENCE -1 -1.222e+04 1.475e+02 1.538e+02
|        ( - -5.363e+01 1 0)
|        ( QUESTION13 -1 -1.202e+04 1.361e+02 1.508e+02
|            ( - -4.493e+03 2 0 WDBNDRY_B 0 9.180e+01 5.815e+01)
|            ( QUESTION12 -1 -7.387e+03 1.126e+02 9.260e+01
|                ( QUESTION2_0_L -1 -1.572e+03 1.115e+02 1.990e+01
|                    ( - -1.170e+03 2 0)
|                    ( - -2.906e+02 1 0))
|                ( QUESTION10 -1 -5.703e+03 1.114e+02 7.270e+01
|                    ( - -1.154e+02 1 0)
|                    ( QUESTION0 -1 -5.476e+03 1.055e+02 6.970e+01
|                        ( - -1.428e+02 1 0)
|                        ( - -5.228e+03 4 0)))))))
s>    ( QUESTION16 -1 -1.236e+04 1.552e+02 1.558e+02
s>        ( - 8.132e+00 1 0)
s>        ( SILENCE -1 -1.222e+04 1.475e+02 1.538e+02
s>            ( - -5.363e+01 1 0)
s>            ( QUESTION13 -1 -1.202e+04 1.361e+02 1.508e+02
s>                ( - -4.493e+03 2 0 WDBNDRY_B 0 9.180e+01 5.815e+01)
s>                ( QUESTION12 -1 -7.387e+03 1.126e+02 9.260e+01
s>                    ( QUESTION2_0_L -1 -1.572e+03 1.115e+02 1.990e+01
s>                        ( - -1.170e+03 2 0)
s>                        ( - -2.906e+02 1 0))
s>                    ( QUESTION10 -1 -5.703e+03 1.114e+02 7.270e+01
s>                        ( - -1.154e+02 1 0)
s>                        ( QUESTION0 -1 -5.476e+03 1.055e+02 6.970e+01
s>                            ( - -1.428e+02 1 0)
s>                            ( - -5.228e+03 4 0)))))))INFO: dtree.c(1315): Comp split 2
INFO: dtree.c(1439): stop. leaf nodes are specific
INFO: dtree.c(1478): Final simple tree
|( QUESTION0_0_R 1 -1.192e+04 1.834e+02 1.568e+02
|    ( QUESTION2_9_L -1 -1.126e+04 1.792e+02 1.478e+02
|        ( - -6.159e+01 1 0)
|        ( QUESTION1 -1 -1.102e+04 1.612e+02 1.448e+02
|            ( - -4.605e+01 1 0)
|            ( QUESTION10 -1 -1.081e+04 1.288e+02 1.418e+02
|                ( - -2.776e+02 1 0)
|                ( WDBNDRY_B 0 -1.040e+04 1.242e+02 1.368e+02
|                    ( - -1.086e+02 1 0)
|                    ( - -1.017e+04 5 0)))))
|    ( QUESTION2_0_L -1 -4.786e+02 1.178e+02 9.000e+00
|        ( - -6.998e+01 1 0)
|        ( - -2.908e+02 1 0)))
s>    ( QUESTION0_0_R 1 -1.192e+04 1.834e+02 1.568e+02
s>        ( QUESTION2_9_L -1 -1.126e+04 1.792e+02 1.478e+02
s>            ( - -6.159e+01 1 0)
s>            ( QUESTION1 -1 -1.102e+04 1.612e+02 1.448e+02
s>                ( - -4.605e+01 1 0)
s>                ( QUESTION10 -1 -1.081e+04 1.288e+02 1.418e+02
s>                    ( - -2.776e+02 1 0)
s>                    ( WDBNDRY_B 0 -1.040e+04 1.242e+02 1.368e+02
s>                        ( - -1.086e+02 1 0)
s>                        ( - -1.017e+04 5 0)))))
s>        ( QUESTION2_0_L -1 -4.786e+02 1.178e+02 9.000e+00
s>            ( - -6.998e+01 1 0)
s>            ( - -2.908e+02 1 0)))INFO: dtree.c(1315): Comp split 3
INFO: dtree.c(1439): stop. leaf nodes are specific
INFO: dtree.c(1478): Final simple tree
|( QUESTION2_9_L -1 -1.126e+04 1.792e+02 1.478e+02
|    ( - -6.159e+01 1 0)
|    ( QUESTION1 -1 -1.102e+04 1.612e+02 1.448e+02
|        ( - -4.605e+01 1 0)
|        ( QUESTION10 -1 -1.081e+04 1.288e+02 1.418e+02
|            ( - -2.776e+02 1 0)
|            ( WDBNDRY_B 0 -1.040e+04 1.242e+02 1.368e+02
|                ( - -1.086e+02 1 0)
|                ( - -1.017e+04 5 0)))))
s>    ( QUESTION2_9_L -1 -1.126e+04 1.792e+02 1.478e+02
s>        ( - -6.159e+01 1 0)
s>        ( QUESTION1 -1 -1.102e+04 1.612e+02 1.448e+02
s>            ( - -4.605e+01 1 0)
s>            ( QUESTION10 -1 -1.081e+04 1.288e+02 1.418e+02
s>                ( - -2.776e+02 1 0)
s>                ( WDBNDRY_B 0 -1.040e+04 1.242e+02 1.368e+02
s>                    ( - -1.086e+02 1 0)
s>                    ( - -1.017e+04 5 0)))))INFO: dtree.c(1439): stop. leaf nodes are specific
INFO: dtree.c(1478): Final simple tree
|( QUESTION2_0_L -1 -4.786e+02 1.178e+02 9.000e+00
|    ( - -6.998e+01 1 0)
|    ( - -2.908e+02 1 0))
s>    ( QUESTION2_0_L -1 -4.786e+02 1.178e+02 9.000e+00
s>        ( - -6.998e+01 1 0)
s>        ( - -2.908e+02 1 0))INFO: dtree.c(1315): Comp split 4
INFO: dtree.c(1439): stop. leaf nodes are specific
INFO: dtree.c(1478): Final simple tree
|( QUESTION1 -1 -1.102e+04 1.612e+02 1.448e+02
|    ( - -4.605e+01 1 0)
|    ( QUESTION10 -1 -1.081e+04 1.288e+02 1.418e+02
|        ( - -2.776e+02 1 0)
|        ( WDBNDRY_B 0 -1.040e+04 1.242e+02 1.368e+02
|            ( - -1.086e+02 1 0)
|            ( - -1.017e+04 5 0))))
s>    ( QUESTION1 -1 -1.102e+04 1.612e+02 1.448e+02
s>        ( - -4.605e+01 1 0)
s>        ( QUESTION10 -1 -1.081e+04 1.288e+02 1.418e+02
s>            ( - -2.776e+02 1 0)
s>            ( WDBNDRY_B 0 -1.040e+04 1.242e+02 1.368e+02
s>                ( - -1.086e+02 1 0)
s>                ( - -1.017e+04 5 0))))INFO: dtree.c(1315): Comp split 5
INFO: dtree.c(1439): stop. leaf nodes are specific
INFO: dtree.c(1478): Final simple tree
|( QUESTION10 -1 -1.081e+04 1.288e+02 1.418e+02
|    ( - -2.776e+02 1 0)
|    ( WDBNDRY_B 0 -1.040e+04 1.242e+02 1.368e+02
|        ( - -1.086e+02 1 0)
|        ( - -1.017e+04 5 0)))
s>    ( QUESTION10 -1 -1.081e+04 1.288e+02 1.418e+02
s>        ( - -2.776e+02 1 0)
s>        ( WDBNDRY_B 0 -1.040e+04 1.242e+02 1.368e+02
s>            ( - -1.086e+02 1 0)
s>            ( - -1.017e+04 5 0)))INFO: dtree.c(1315): Comp split 6
INFO: dtree.c(1478): Final simple tree
|( SILENCE -1 -1.222e+04 1.475e+02 1.538e+02
|    ( - -5.363e+01 1 0)
|    ( QUESTION13 -1 -1.202e+04 1.361e+02 1.508e+02
|        ( WDBNDRY_B 0 -4.493e+03 9.180e+01 5.815e+01
|            ( - -3.137e+03 1 0)
|            ( - -1.264e+03 1 0))
|        ( QUESTION12 -1 -7.387e+03 1.126e+02 9.260e+01
|            ( QUESTION2_0_L -1 -1.572e+03 1.115e+02 1.990e+01
|                ( - -1.170e+03 2 0)
|                ( - -2.906e+02 1 0))
|            ( QUESTION10 -1 -5.703e+03 1.114e+02 7.270e+01
|                ( - -1.154e+02 1 0)
|                ( QUESTION0 -1 -5.476e+03 1.055e+02 6.970e+01
|                    ( - -1.428e+02 1 0)
|                    ( - -5.228e+03 4 0))))))
s>    ( SILENCE -1 -1.222e+04 1.475e+02 1.538e+02
s>        ( - -5.363e+01 1 0)
s>        ( QUESTION13 -1 -1.202e+04 1.361e+02 1.508e+02
s>            ( WDBNDRY_B 0 -4.493e+03 9.180e+01 5.815e+01
s>                ( - -3.137e+03 1 0)
s>                ( - -1.264e+03 1 0))
s>            ( QUESTION12 -1 -7.387e+03 1.126e+02 9.260e+01
s>                ( QUESTION2_0_L -1 -1.572e+03 1.115e+02 1.990e+01
s>                    ( - -1.170e+03 2 0)
s>                    ( - -2.906e+02 1 0))
s>                ( QUESTION10 -1 -5.703e+03 1.114e+02 7.270e+01
s>                    ( - -1.154e+02 1 0)
s>                    ( QUESTION0 -1 -5.476e+03 1.055e+02 6.970e+01
s>                        ( - -1.428e+02 1 0)
s>                        ( - -5.228e+03 4 0))))))INFO: dtree.c(1315): Comp split 7
INFO: dtree.c(1439): stop. leaf nodes are specific
INFO: dtree.c(1478): Final simple tree
|( QUESTION13 -1 -1.202e+04 1.361e+02 1.508e+02
|    ( WDBNDRY_B 0 -4.493e+03 9.180e+01 5.815e+01
|        ( - -3.137e+03 1 0)
|        ( - -1.264e+03 1 0))
|    ( QUESTION12 -1 -7.387e+03 1.126e+02 9.260e+01
|        ( QUESTION2_0_L -1 -1.572e+03 1.115e+02 1.990e+01
|            ( - -1.170e+03 2 0)
|            ( - -2.906e+02 1 0))
|        ( QUESTION10 -1 -5.703e+03 1.114e+02 7.270e+01
|            ( - -1.154e+02 1 0)
|            ( QUESTION0 -1 -5.476e+03 1.055e+02 6.970e+01
|                ( - -1.428e+02 1 0)
|                ( - -5.228e+03 4 0)))))
s>    ( QUESTION13 -1 -1.202e+04 1.361e+02 1.508e+02
s>        ( WDBNDRY_B 0 -4.493e+03 9.180e+01 5.815e+01
s>            ( - -3.137e+03 1 0)
s>            ( - -1.264e+03 1 0))
s>        ( QUESTION12 -1 -7.387e+03 1.126e+02 9.260e+01
s>            ( QUESTION2_0_L -1 -1.572e+03 1.115e+02 1.990e+01
s>                ( - -1.170e+03 2 0)
s>                ( - -2.906e+02 1 0))
s>            ( QUESTION10 -1 -5.703e+03 1.114e+02 7.270e+01
s>                ( - -1.154e+02 1 0)
s>                ( QUESTION0 -1 -5.476e+03 1.055e+02 6.970e+01
s>                    ( - -1.428e+02 1 0)
s>                    ( - -5.228e+03 4 0)))))INFO: dtree.c(1315): Comp split 8
INFO: dtree.c(1439): stop. leaf nodes are specific
INFO: dtree.c(1478): Final simple tree
|( QUESTION12 -1 -7.387e+03 1.126e+02 9.260e+01
|    ( QUESTION2_0_L -1 -1.572e+03 1.115e+02 1.990e+01
|        ( - -1.170e+03 2 0)
|        ( - -2.906e+02 1 0))
|    ( QUESTION10 -1 -5.703e+03 1.114e+02 7.270e+01
|        ( - -1.154e+02 1 0)
|        ( QUESTION0 -1 -5.476e+03 1.055e+02 6.970e+01
|            ( - -1.428e+02 1 0)
|            ( - -5.228e+03 4 0))))
s>    ( QUESTION12 -1 -7.387e+03 1.126e+02 9.260e+01
s>        ( QUESTION2_0_L -1 -1.572e+03 1.115e+02 1.990e+01
s>            ( - -1.170e+03 2 0)
s>            ( - -2.906e+02 1 0))
s>        ( QUESTION10 -1 -5.703e+03 1.114e+02 7.270e+01
s>            ( - -1.154e+02 1 0)
s>            ( QUESTION0 -1 -5.476e+03 1.055e+02 6.970e+01
s>                ( - -1.428e+02 1 0)
s>                ( - -5.228e+03 4 0))))INFO: dtree.c(1439): stop. leaf nodes are specific
INFO: dtree.c(1478): Final simple tree
|( WDBNDRY_B 0 -4.493e+03 9.180e+01 5.815e+01
|    ( - -3.137e+03 1 0)
|    ( - -1.264e+03 1 0))
s>    ( WDBNDRY_B 0 -4.493e+03 9.180e+01 5.815e+01
s>        ( - -3.137e+03 1 0)
s>        ( - -1.264e+03 1 0))INFO: dtree.c(1315): Comp split 9
INFO: dtree.c(1439): stop. leaf nodes are specific
INFO: dtree.c(1478): Final simple tree
|( WDBNDRY_B 0 -1.040e+04 1.242e+02 1.368e+02
|    ( - -1.086e+02 1 0)
|    ( - -1.017e+04 5 0))
s>    ( WDBNDRY_B 0 -1.040e+04 1.242e+02 1.368e+02
s>        ( - -1.086e+02 1 0)
s>        ( - -1.017e+04 5 0))INFO: dtree.c(1315): Comp split 10
INFO: dtree.c(1315): Comp split 11
INFO: dtree.c(1315): Comp split 12
INFO: dtree.c(1439): stop. leaf nodes are specific
INFO: dtree.c(1478): Final simple tree
|( QUESTION19 -1 -6.982e+03 1.138e+02 8.760e+01
|    ( - -5.228e+03 4 0)
|    ( QUESTION11 -1 -1.641e+03 1.061e+02 2.090e+01
|        ( - -1.154e+02 1 0)
|        ( QUESTION0 -1 -1.419e+03 1.068e+02 1.790e+01
|            ( - -1.428e+02 1 0)
|            ( - -1.170e+03 2 0))))
s>    ( QUESTION19 -1 -6.982e+03 1.138e+02 8.760e+01
s>        ( - -5.228e+03 4 0)
s>        ( QUESTION11 -1 -1.641e+03 1.061e+02 2.090e+01
s>            ( - -1.154e+02 1 0)
s>            ( QUESTION0 -1 -1.419e+03 1.068e+02 1.790e+01
s>                ( - -1.428e+02 1 0)
s>                ( - -1.170e+03 2 0))))INFO: dtree.c(1315): Comp split 13
INFO: dtree.c(1439): stop. leaf nodes are specific
INFO: dtree.c(1478): Final simple tree
|( QUESTION11 -1 -1.641e+03 1.061e+02 2.090e+01
|    ( - -1.154e+02 1 0)
|    ( QUESTION0 -1 -1.419e+03 1.068e+02 1.790e+01
|        ( - -1.428e+02 1 0)
|        ( - -1.170e+03 2 0)))
s>    ( QUESTION11 -1 -1.641e+03 1.061e+02 2.090e+01
s>        ( - -1.154e+02 1 0)
s>        ( QUESTION0 -1 -1.419e+03 1.068e+02 1.790e+01
s>            ( - -1.428e+02 1 0)
s>            ( - -1.170e+03 2 0)))INFO: dtree.c(1315): Comp split 14
INFO: dtree.c(1439): stop. leaf nodes are specific
INFO: dtree.c(1478): Final simple tree
|( QUESTION0 -1 -1.419e+03 1.068e+02 1.790e+01
|    ( - -1.428e+02 1 0)
|    ( - -1.170e+03 2 0))
s>    ( QUESTION0 -1 -1.419e+03 1.068e+02 1.790e+01
s>        ( - -1.428e+02 1 0)
s>        ( - -1.170e+03 2 0))INFO: dtree.c(1315): Comp split 15
INFO: dtree.c(1315): Comp split 16
INFO: dtree.c(1315): Comp split 17
INFO: dtree.c(1318): stop. leaf nodes are specific
!!!!!!!!Allocated 66 lines
Fri Apr  8 23:08:16 2016
