Current configuration:
[NAME]		[DEFLT]	[VALUE]
-allphones	no	no
-cntthresh	0.00001	1.000000e-05
-csplitmax	100	2000
-csplitmin	1	1
-csplitthr	8e-4	0.000000e+00
-example	no	no
-fullvar	no	no
-help		no	no
-meanfn			/home/yaroslav/model/model_parameters/ua.cd_cont_untied/means
-mixwfn			/home/yaroslav/model/model_parameters/ua.cd_cont_untied/mixture_weights
-moddeffn		/home/yaroslav/model/model_architecture/ua.untied.mdef
-mwfloor	1e-4	1.000000e-08
-phone			MM
-psetfn			/home/yaroslav/model/model_architecture/ua.tree_questions
-ssplitmax	5	7
-ssplitmin	1	1
-ssplitthr	8e-4	0.000000e+00
-state			0
-stwt			1.0,0.05,0.0,
-treefn			/home/yaroslav/model/trees/ua.unpruned/MM-0.dtree
-ts2cbfn	.semi.	.cont.
-varfloor	0.00001	1.000000e-05
-varfn			/home/yaroslav/model/model_parameters/ua.cd_cont_untied/variances

INFO: main.c(223): Reading: /home/yaroslav/model/model_architecture/ua.untied.mdef
INFO: model_def_io.c(573): Model definition info:
INFO: model_def_io.c(574): 9365 total models defined (51 base, 9314 tri)
INFO: model_def_io.c(575): 37460 total states
INFO: model_def_io.c(576): 28095 total tied states
INFO: model_def_io.c(577): 153 total tied CI states
INFO: model_def_io.c(578): 51 total tied transition matrices
INFO: model_def_io.c(579): 4 max state/model
INFO: model_def_io.c(580): 4 min state/model
INFO: main.c(242): Building trees for [MM A A i] through [MM І І b]
INFO: main.c(269): Covering states |[11196 11288]| == 93
INFO: main.c(275): Reading: /home/yaroslav/model/model_parameters/ua.cd_cont_untied/mixture_weights
INFO: s3mixw_io.c(173): Read /home/yaroslav/model/model_parameters/ua.cd_cont_untied/mixture_weights [93x1x1 array]
INFO: main.c(311): 31 of 31 models have observation count greater than 0.000010
INFO: main.c(95): nrm stwt: 0.952 0.048 0.000 
INFO: s3gau_io.c(169): Read /home/yaroslav/model/model_parameters/ua.cd_cont_untied/means [28095x1x1 array]
INFO: s3gau_io.c(169): Read /home/yaroslav/model/model_parameters/ua.cd_cont_untied/variances [28095x1x1 array]
INFO: main.c(549): Reading: /home/yaroslav/model/model_architecture/ua.tree_questions
INFO: main.c(588): 180 total simple questions (172 phone; 8 word bndry)
INFO: main.c(590): 42 Left Only questions, and 42 Right Only questions
INFO: dtree.c(1478): Final simple tree
|( QUESTION2_16_L -1 -1.187e+05 6.668e+02 5.445e+02
|    ( - -6.274e+03 2 0 WDBNDRY_B 0 2.737e+02 3.202e+01)
|    ( WDBNDRY_B 0 -1.118e+05 5.534e+02 5.125e+02
|        ( QUESTION2_1_L -1 -2.428e+04 4.659e+02 1.140e+02
|            ( - 2.410e+02 1 0)
|            ( QUESTION3 -1 -2.405e+04 4.409e+02 1.130e+02
|                ( - 2.202e+02 1 0)
|                ( - -2.383e+04 14 0 QUESTION20 -1 2.433e+02 1.120e+02)))
|        ( QUESTION2_2_L -1 -8.694e+04 4.578e+02 3.985e+02
|            ( - -1.840e+04 4 0 QUESTION2 -1 2.080e+02 8.440e+01)
|            ( QUESTION8 -1 -6.808e+04 5.147e+02 3.141e+02
|                ( - -5.718e+03 1 0)
|                ( QUESTION7 -1 -6.184e+04 4.408e+02 2.844e+02
|                    ( - 2.026e+02 1 0)
|                    ( - -6.161e+04 7 0 QUESTION0_0_R 1 3.362e+02 2.834e+02))))))
s>    ( QUESTION2_16_L -1 -1.187e+05 6.668e+02 5.445e+02
s>        ( - -6.274e+03 2 0 WDBNDRY_B 0 2.737e+02 3.202e+01)
s>        ( WDBNDRY_B 0 -1.118e+05 5.534e+02 5.125e+02
s>            ( QUESTION2_1_L -1 -2.428e+04 4.659e+02 1.140e+02
s>                ( - 2.410e+02 1 0)
s>                ( QUESTION3 -1 -2.405e+04 4.409e+02 1.130e+02
s>                    ( - 2.202e+02 1 0)
s>                    ( - -2.383e+04 14 0 QUESTION20 -1 2.433e+02 1.120e+02)))
s>            ( QUESTION2_2_L -1 -8.694e+04 4.578e+02 3.985e+02
s>                ( - -1.840e+04 4 0 QUESTION2 -1 2.080e+02 8.440e+01)
s>                ( QUESTION8 -1 -6.808e+04 5.147e+02 3.141e+02
s>                    ( - -5.718e+03 1 0)
s>                    ( QUESTION7 -1 -6.184e+04 4.408e+02 2.844e+02
s>                        ( - 2.026e+02 1 0)
s>                        ( - -6.161e+04 7 0 QUESTION0_0_R 1 3.362e+02 2.834e+02))))))INFO: dtree.c(1315): Comp split 0
INFO: dtree.c(1439): stop. leaf nodes are specific
INFO: dtree.c(1478): Final simple tree
|( QUESTION2_2_L -1 -8.044e+04 4.358e+02 3.678e+02
|    ( QUESTION2 -1 -1.840e+04 2.080e+02 8.440e+01
|        ( - -2.629e+02 1 0)
|        ( - -1.793e+04 3 0))
|    ( QUESTION0_0_R 1 -6.161e+04 3.362e+02 2.834e+02
|        ( QUESTION0 -1 -5.311e+04 2.161e+02 2.440e+02
|            ( QUESTION2_12_L -1 -4.470e+04 1.094e+02 2.040e+02
|                ( - -4.354e+04 3 0)
|                ( - -1.048e+03 2 0))
|            ( - -8.189e+03 1 0))
|        ( - -8.162e+03 1 0)))
s>    ( QUESTION2_2_L -1 -8.044e+04 4.358e+02 3.678e+02
s>        ( QUESTION2 -1 -1.840e+04 2.080e+02 8.440e+01
s>            ( - -2.629e+02 1 0)
s>            ( - -1.793e+04 3 0))
s>        ( QUESTION0_0_R 1 -6.161e+04 3.362e+02 2.834e+02
s>            ( QUESTION0 -1 -5.311e+04 2.161e+02 2.440e+02
s>                ( QUESTION2_12_L -1 -4.470e+04 1.094e+02 2.040e+02
s>                    ( - -4.354e+04 3 0)
s>                    ( - -1.048e+03 2 0))
s>                ( - -8.189e+03 1 0))
s>            ( - -8.162e+03 1 0)))INFO: dtree.c(1478): Final simple tree
|( QUESTION2_16_L -1 -3.747e+04 6.172e+02 1.766e+02
|    ( WDBNDRY_B 0 -6.274e+03 2.737e+02 3.202e+01
|        ( - -5.735e+03 1 0)
|        ( - -2.660e+02 1 0))
|    ( QUESTION2_1_L -1 -3.057e+04 4.643e+02 1.446e+02
|        ( - 2.410e+02 1 0)
|        ( QUESTION3 -1 -3.035e+04 4.419e+02 1.436e+02
|            ( - 2.202e+02 1 0)
|            ( QUESTION17 -1 -3.013e+04 4.345e+02 1.426e+02
|                ( - 2.026e+02 1 0)
|                ( WDBNDRY_B 0 -2.990e+04 3.487e+02 1.416e+02
|                    ( QUESTION20 -1 -2.383e+04 2.433e+02 1.120e+02
|                        ( - -3.548e+03 1 0)
|                        ( - -2.004e+04 13 0 QUESTION0 -1 2.304e+02 9.404e+01))
|                    ( - -5.718e+03 1 0))))))
s>    ( QUESTION2_16_L -1 -3.747e+04 6.172e+02 1.766e+02
s>        ( WDBNDRY_B 0 -6.274e+03 2.737e+02 3.202e+01
s>            ( - -5.735e+03 1 0)
s>            ( - -2.660e+02 1 0))
s>        ( QUESTION2_1_L -1 -3.057e+04 4.643e+02 1.446e+02
s>            ( - 2.410e+02 1 0)
s>            ( QUESTION3 -1 -3.035e+04 4.419e+02 1.436e+02
s>                ( - 2.202e+02 1 0)
s>                ( QUESTION17 -1 -3.013e+04 4.345e+02 1.426e+02
s>                    ( - 2.026e+02 1 0)
s>                    ( WDBNDRY_B 0 -2.990e+04 3.487e+02 1.416e+02
s>                        ( QUESTION20 -1 -2.383e+04 2.433e+02 1.120e+02
s>                            ( - -3.548e+03 1 0)
s>                            ( - -2.004e+04 13 0 QUESTION0 -1 2.304e+02 9.404e+01))
s>                        ( - -5.718e+03 1 0))))))INFO: dtree.c(1315): Comp split 1
INFO: dtree.c(1478): Final simple tree
|( QUESTION2_1_L -1 -3.104e+04 4.642e+02 1.466e+02
|    ( - 2.410e+02 1 0)
|    ( QUESTION3 -1 -3.082e+04 4.419e+02 1.456e+02
|        ( - 2.202e+02 1 0)
|        ( QUESTION17 -1 -3.059e+04 4.343e+02 1.446e+02
|            ( - 2.026e+02 1 0)
|            ( QUESTION8 -1 -3.036e+04 3.308e+02 1.436e+02
|                ( - -6.853e+03 3 0 WDBNDRY_B 0 1.445e+02 3.462e+01)
|                ( QUESTION0 -1 -2.318e+04 2.453e+02 1.090e+02
|                    ( - -9.673e+03 7 0 WDBNDRY_B 0 1.874e+02 4.503e+01)
|                    ( QUESTION20 -1 -1.326e+04 2.334e+02 6.397e+01
|                        ( - -3.548e+03 1 0)
|                        ( QUESTION2 -1 -9.479e+03 2.298e+02 4.600e+01
|                            ( - -4.212e+03 2 0 QUESTION0_0_R 1 2.103e+02 2.100e+01)
|                            ( - -5.037e+03 3 0 QUESTION16 -1 1.308e+02 2.500e+01))))))))
s>    ( QUESTION2_1_L -1 -3.104e+04 4.642e+02 1.466e+02
s>        ( - 2.410e+02 1 0)
s>        ( QUESTION3 -1 -3.082e+04 4.419e+02 1.456e+02
s>            ( - 2.202e+02 1 0)
s>            ( QUESTION17 -1 -3.059e+04 4.343e+02 1.446e+02
s>                ( - 2.026e+02 1 0)
s>                ( QUESTION8 -1 -3.036e+04 3.308e+02 1.436e+02
s>                    ( - -6.853e+03 3 0 WDBNDRY_B 0 1.445e+02 3.462e+01)
s>                    ( QUESTION0 -1 -2.318e+04 2.453e+02 1.090e+02
s>                        ( - -9.673e+03 7 0 WDBNDRY_B 0 1.874e+02 4.503e+01)
s>                        ( QUESTION20 -1 -1.326e+04 2.334e+02 6.397e+01
s>                            ( - -3.548e+03 1 0)
s>                            ( QUESTION2 -1 -9.479e+03 2.298e+02 4.600e+01
s>                                ( - -4.212e+03 2 0 QUESTION0_0_R 1 2.103e+02 2.100e+01)
s>                                ( - -5.037e+03 3 0 QUESTION16 -1 1.308e+02 2.500e+01))))))))INFO: dtree.c(1315): Comp split 2
INFO: dtree.c(1439): stop. leaf nodes are specific
INFO: dtree.c(1478): Final simple tree
|( QUESTION0 -1 -5.311e+04 2.161e+02 2.440e+02
|    ( QUESTION2_12_L -1 -4.470e+04 1.094e+02 2.040e+02
|        ( - -4.354e+04 3 0)
|        ( - -1.048e+03 2 0))
|    ( - -8.189e+03 1 0))
s>    ( QUESTION0 -1 -5.311e+04 2.161e+02 2.440e+02
s>        ( QUESTION2_12_L -1 -4.470e+04 1.094e+02 2.040e+02
s>            ( - -4.354e+04 3 0)
s>            ( - -1.048e+03 2 0))
s>        ( - -8.189e+03 1 0))INFO: dtree.c(1439): stop. leaf nodes are specific
INFO: dtree.c(1478): Final simple tree
|( QUESTION2 -1 -2.676e+04 2.111e+02 1.238e+02
|    ( - -2.629e+02 1 0)
|    ( QUESTION0_0_R 1 -2.628e+04 1.914e+02 1.218e+02
|        ( - -1.793e+04 3 0)
|        ( - -8.162e+03 1 0)))
s>    ( QUESTION2 -1 -2.676e+04 2.111e+02 1.238e+02
s>        ( - -2.629e+02 1 0)
s>        ( QUESTION0_0_R 1 -2.628e+04 1.914e+02 1.218e+02
s>            ( - -1.793e+04 3 0)
s>            ( - -8.162e+03 1 0)))INFO: dtree.c(1315): Comp split 3
INFO: dtree.c(1478): Final simple tree
|( QUESTION3 -1 -3.082e+04 4.419e+02 1.456e+02
|    ( - 2.202e+02 1 0)
|    ( QUESTION17 -1 -3.059e+04 4.343e+02 1.446e+02
|        ( - 2.026e+02 1 0)
|        ( QUESTION8 -1 -3.036e+04 3.308e+02 1.436e+02
|            ( - -6.853e+03 3 0 WDBNDRY_B 0 1.445e+02 3.462e+01)
|            ( QUESTION0 -1 -2.318e+04 2.453e+02 1.090e+02
|                ( - -9.673e+03 7 0 WDBNDRY_B 0 1.874e+02 4.503e+01)
|                ( QUESTION20 -1 -1.326e+04 2.334e+02 6.397e+01
|                    ( - -3.548e+03 1 0)
|                    ( QUESTION2 -1 -9.479e+03 2.298e+02 4.600e+01
|                        ( QUESTION0_0_R 1 -4.212e+03 2.103e+02 2.100e+01
|                            ( - -3.125e+03 1 0)
|                            ( - -8.767e+02 1 0))
|                        ( - -5.037e+03 3 0 QUESTION16 -1 1.308e+02 2.500e+01)))))))
s>    ( QUESTION3 -1 -3.082e+04 4.419e+02 1.456e+02
s>        ( - 2.202e+02 1 0)
s>        ( QUESTION17 -1 -3.059e+04 4.343e+02 1.446e+02
s>            ( - 2.026e+02 1 0)
s>            ( QUESTION8 -1 -3.036e+04 3.308e+02 1.436e+02
s>                ( - -6.853e+03 3 0 WDBNDRY_B 0 1.445e+02 3.462e+01)
s>                ( QUESTION0 -1 -2.318e+04 2.453e+02 1.090e+02
s>                    ( - -9.673e+03 7 0 WDBNDRY_B 0 1.874e+02 4.503e+01)
s>                    ( QUESTION20 -1 -1.326e+04 2.334e+02 6.397e+01
s>                        ( - -3.548e+03 1 0)
s>                        ( QUESTION2 -1 -9.479e+03 2.298e+02 4.600e+01
s>                            ( QUESTION0_0_R 1 -4.212e+03 2.103e+02 2.100e+01
s>                                ( - -3.125e+03 1 0)
s>                                ( - -8.767e+02 1 0))
s>                            ( - -5.037e+03 3 0 QUESTION16 -1 1.308e+02 2.500e+01)))))))INFO: dtree.c(1315): Comp split 4
INFO: dtree.c(1478): Final simple tree
|( QUESTION17 -1 -3.059e+04 4.343e+02 1.446e+02
|    ( - 2.026e+02 1 0)
|    ( QUESTION8 -1 -3.036e+04 3.308e+02 1.436e+02
|        ( - -6.853e+03 3 0 WDBNDRY_B 0 1.445e+02 3.462e+01)
|        ( QUESTION0 -1 -2.318e+04 2.453e+02 1.090e+02
|            ( WDBNDRY_B 0 -9.673e+03 1.874e+02 4.503e+01
|                ( - -9.220e+03 6 0 QUESTION2_12_L -1 1.737e+02 4.303e+01)
|                ( - -2.660e+02 1 0))
|            ( QUESTION20 -1 -1.326e+04 2.334e+02 6.397e+01
|                ( - -3.548e+03 1 0)
|                ( QUESTION2 -1 -9.479e+03 2.298e+02 4.600e+01
|                    ( QUESTION0_0_R 1 -4.212e+03 2.103e+02 2.100e+01
|                        ( - -3.125e+03 1 0)
|                        ( - -8.767e+02 1 0))
|                    ( - -5.037e+03 3 0 QUESTION16 -1 1.308e+02 2.500e+01))))))
s>    ( QUESTION17 -1 -3.059e+04 4.343e+02 1.446e+02
s>        ( - 2.026e+02 1 0)
s>        ( QUESTION8 -1 -3.036e+04 3.308e+02 1.436e+02
s>            ( - -6.853e+03 3 0 WDBNDRY_B 0 1.445e+02 3.462e+01)
s>            ( QUESTION0 -1 -2.318e+04 2.453e+02 1.090e+02
s>                ( WDBNDRY_B 0 -9.673e+03 1.874e+02 4.503e+01
s>                    ( - -9.220e+03 6 0 QUESTION2_12_L -1 1.737e+02 4.303e+01)
s>                    ( - -2.660e+02 1 0))
s>                ( QUESTION20 -1 -1.326e+04 2.334e+02 6.397e+01
s>                    ( - -3.548e+03 1 0)
s>                    ( QUESTION2 -1 -9.479e+03 2.298e+02 4.600e+01
s>                        ( QUESTION0_0_R 1 -4.212e+03 2.103e+02 2.100e+01
s>                            ( - -3.125e+03 1 0)
s>                            ( - -8.767e+02 1 0))
s>                        ( - -5.037e+03 3 0 QUESTION16 -1 1.308e+02 2.500e+01))))))INFO: dtree.c(1315): Comp split 5
INFO: dtree.c(1478): Final simple tree
|( QUESTION8 -1 -3.036e+04 3.308e+02 1.436e+02
|    ( - -6.853e+03 3 0 WDBNDRY_B 0 1.445e+02 3.462e+01)
|    ( QUESTION0 -1 -2.318e+04 2.453e+02 1.090e+02
|        ( WDBNDRY_B 0 -9.673e+03 1.874e+02 4.503e+01
|            ( QUESTION2_12_L -1 -9.220e+03 1.737e+02 4.303e+01
|                ( - -5.431e+03 4 0 QUESTION0_0_R 1 1.421e+02 2.601e+01)
|                ( - -3.615e+03 2 0))
|            ( - -2.660e+02 1 0))
|        ( QUESTION20 -1 -1.326e+04 2.334e+02 6.397e+01
|            ( - -3.548e+03 1 0)
|            ( QUESTION2 -1 -9.479e+03 2.298e+02 4.600e+01
|                ( QUESTION0_0_R 1 -4.212e+03 2.103e+02 2.100e+01
|                    ( - -3.125e+03 1 0)
|                    ( - -8.767e+02 1 0))
|                ( - -5.037e+03 3 0 QUESTION16 -1 1.308e+02 2.500e+01)))))
s>    ( QUESTION8 -1 -3.036e+04 3.308e+02 1.436e+02
s>        ( - -6.853e+03 3 0 WDBNDRY_B 0 1.445e+02 3.462e+01)
s>        ( QUESTION0 -1 -2.318e+04 2.453e+02 1.090e+02
s>            ( WDBNDRY_B 0 -9.673e+03 1.874e+02 4.503e+01
s>                ( QUESTION2_12_L -1 -9.220e+03 1.737e+02 4.303e+01
s>                    ( - -5.431e+03 4 0 QUESTION0_0_R 1 1.421e+02 2.601e+01)
s>                    ( - -3.615e+03 2 0))
s>                ( - -2.660e+02 1 0))
s>            ( QUESTION20 -1 -1.326e+04 2.334e+02 6.397e+01
s>                ( - -3.548e+03 1 0)
s>                ( QUESTION2 -1 -9.479e+03 2.298e+02 4.600e+01
s>                    ( QUESTION0_0_R 1 -4.212e+03 2.103e+02 2.100e+01
s>                        ( - -3.125e+03 1 0)
s>                        ( - -8.767e+02 1 0))
s>                    ( - -5.037e+03 3 0 QUESTION16 -1 1.308e+02 2.500e+01)))))INFO: dtree.c(1315): Comp split 6
INFO: dtree.c(1439): stop. leaf nodes are specific
INFO: dtree.c(1478): Final simple tree
|( QUESTION8 -1 -1.218e+04 2.874e+02 5.962e+01
|    ( WDBNDRY_B 0 -6.853e+03 1.445e+02 3.462e+01
|        ( QUESTION2_0_L -1 -9.906e+02 4.335e+02 5.000e+00
|            ( - -7.661e+02 1 0)
|            ( - 2.090e+02 1 0))
|        ( - -5.718e+03 1 0))
|    ( QUESTION16 -1 -5.037e+03 1.308e+02 2.500e+01
|        ( - -3.368e+02 1 0)
|        ( SILENCE -1 -4.570e+03 1.149e+02 2.300e+01
|            ( - -2.046e+03 1 0)
|            ( - -2.409e+03 1 0))))
s>    ( QUESTION8 -1 -1.218e+04 2.874e+02 5.962e+01
s>        ( WDBNDRY_B 0 -6.853e+03 1.445e+02 3.462e+01
s>            ( QUESTION2_0_L -1 -9.906e+02 4.335e+02 5.000e+00
s>                ( - -7.661e+02 1 0)
s>                ( - 2.090e+02 1 0))
s>            ( - -5.718e+03 1 0))
s>        ( QUESTION16 -1 -5.037e+03 1.308e+02 2.500e+01
s>            ( - -3.368e+02 1 0)
s>            ( SILENCE -1 -4.570e+03 1.149e+02 2.300e+01
s>                ( - -2.046e+03 1 0)
s>                ( - -2.409e+03 1 0))))INFO: dtree.c(1439): stop. leaf nodes are specific
INFO: dtree.c(1478): Final simple tree
|( QUESTION0 -1 -1.784e+04 2.361e+02 8.401e+01
|    ( WDBNDRY_B 0 -9.673e+03 1.874e+02 4.503e+01
|        ( QUESTION2_12_L -1 -9.220e+03 1.737e+02 4.303e+01
|            ( QUESTION0_0_R 1 -5.431e+03 1.421e+02 2.601e+01
|                ( - -4.996e+03 3 0)
|                ( - -2.923e+02 1 0))
|            ( - -3.615e+03 2 0))
|        ( - -2.660e+02 1 0))
|    ( QUESTION0_0_R 1 -7.933e+03 2.301e+02 3.897e+01
|        ( QUESTION2 -1 -6.826e+03 1.532e+02 3.397e+01
|            ( - -3.125e+03 1 0)
|            ( - -3.548e+03 1 0))
|        ( - -8.767e+02 1 0)))
s>    ( QUESTION0 -1 -1.784e+04 2.361e+02 8.401e+01
s>        ( WDBNDRY_B 0 -9.673e+03 1.874e+02 4.503e+01
s>            ( QUESTION2_12_L -1 -9.220e+03 1.737e+02 4.303e+01
s>                ( QUESTION0_0_R 1 -5.431e+03 1.421e+02 2.601e+01
s>                    ( - -4.996e+03 3 0)
s>                    ( - -2.923e+02 1 0))
s>                ( - -3.615e+03 2 0))
s>            ( - -2.660e+02 1 0))
s>        ( QUESTION0_0_R 1 -7.933e+03 2.301e+02 3.897e+01
s>            ( QUESTION2 -1 -6.826e+03 1.532e+02 3.397e+01
s>                ( - -3.125e+03 1 0)
s>                ( - -3.548e+03 1 0))
s>            ( - -8.767e+02 1 0)))INFO: dtree.c(1315): Comp split 7
INFO: dtree.c(1439): stop. leaf nodes are specific
INFO: dtree.c(1478): Final simple tree
|( WDBNDRY_B 0 -1.195e+04 2.869e+02 5.862e+01
|    ( QUESTION8 -1 -5.944e+03 1.400e+02 2.900e+01
|        ( - -7.661e+02 1 0)
|        ( QUESTION16 -1 -5.037e+03 1.308e+02 2.500e+01
|            ( - -3.368e+02 1 0)
|            ( SILENCE -1 -4.570e+03 1.149e+02 2.300e+01
|                ( - -2.046e+03 1 0)
|                ( - -2.409e+03 1 0))))
|    ( - -5.718e+03 1 0))
s>    ( WDBNDRY_B 0 -1.195e+04 2.869e+02 5.862e+01
s>        ( QUESTION8 -1 -5.944e+03 1.400e+02 2.900e+01
s>            ( - -7.661e+02 1 0)
s>            ( QUESTION16 -1 -5.037e+03 1.308e+02 2.500e+01
s>                ( - -3.368e+02 1 0)
s>                ( SILENCE -1 -4.570e+03 1.149e+02 2.300e+01
s>                    ( - -2.046e+03 1 0)
s>                    ( - -2.409e+03 1 0))))
s>        ( - -5.718e+03 1 0))INFO: dtree.c(1315): Comp split 8
INFO: dtree.c(1439): stop. leaf nodes are specific
INFO: dtree.c(1478): Final simple tree
|( QUESTION8 -1 -5.944e+03 1.400e+02 2.900e+01
|    ( - -7.661e+02 1 0)
|    ( QUESTION16 -1 -5.037e+03 1.308e+02 2.500e+01
|        ( - -3.368e+02 1 0)
|        ( SILENCE -1 -4.570e+03 1.149e+02 2.300e+01
|            ( - -2.046e+03 1 0)
|            ( - -2.409e+03 1 0))))
s>    ( QUESTION8 -1 -5.944e+03 1.400e+02 2.900e+01
s>        ( - -7.661e+02 1 0)
s>        ( QUESTION16 -1 -5.037e+03 1.308e+02 2.500e+01
s>            ( - -3.368e+02 1 0)
s>            ( SILENCE -1 -4.570e+03 1.149e+02 2.300e+01
s>                ( - -2.046e+03 1 0)
s>                ( - -2.409e+03 1 0))))INFO: dtree.c(1315): Comp split 9
INFO: dtree.c(1439): stop. leaf nodes are specific
INFO: dtree.c(1478): Final simple tree
|( QUESTION2 -1 -6.826e+03 1.532e+02 3.397e+01
|    ( - -3.125e+03 1 0)
|    ( - -3.548e+03 1 0))
s>    ( QUESTION2 -1 -6.826e+03 1.532e+02 3.397e+01
s>        ( - -3.125e+03 1 0)
s>        ( - -3.548e+03 1 0))INFO: dtree.c(1439): stop. leaf nodes are specific
INFO: dtree.c(1478): Final simple tree
|( WDBNDRY_B 0 -1.073e+04 1.876e+02 5.003e+01
|    ( QUESTION0 -1 -1.028e+04 1.817e+02 4.803e+01
|        ( QUESTION2_12_L -1 -9.220e+03 1.737e+02 4.303e+01
|            ( QUESTION0_0_R 1 -5.431e+03 1.421e+02 2.601e+01
|                ( - -4.996e+03 3 0)
|                ( - -2.923e+02 1 0))
|            ( - -3.615e+03 2 0))
|        ( - -8.767e+02 1 0))
|    ( - -2.660e+02 1 0))
s>    ( WDBNDRY_B 0 -1.073e+04 1.876e+02 5.003e+01
s>        ( QUESTION0 -1 -1.028e+04 1.817e+02 4.803e+01
s>            ( QUESTION2_12_L -1 -9.220e+03 1.737e+02 4.303e+01
s>                ( QUESTION0_0_R 1 -5.431e+03 1.421e+02 2.601e+01
s>                    ( - -4.996e+03 3 0)
s>                    ( - -2.923e+02 1 0))
s>                ( - -3.615e+03 2 0))
s>            ( - -8.767e+02 1 0))
s>        ( - -2.660e+02 1 0))INFO: dtree.c(1315): Comp split 10
INFO: dtree.c(1439): stop. leaf nodes are specific
INFO: dtree.c(1478): Final simple tree
|( QUESTION2_12_L -1 -4.470e+04 1.094e+02 2.040e+02
|    ( - -4.354e+04 3 0)
|    ( - -1.048e+03 2 0))
s>    ( QUESTION2_12_L -1 -4.470e+04 1.094e+02 2.040e+02
s>        ( - -4.354e+04 3 0)
s>        ( - -1.048e+03 2 0))INFO: dtree.c(1315): Comp split 11
INFO: dtree.c(1439): stop. leaf nodes are specific
INFO: dtree.c(1478): Final simple tree
|( QUESTION0_0_R 1 -2.628e+04 1.914e+02 1.218e+02
|    ( - -1.793e+04 3 0)
|    ( - -8.162e+03 1 0))
s>    ( QUESTION0_0_R 1 -2.628e+04 1.914e+02 1.218e+02
s>        ( - -1.793e+04 3 0)
s>        ( - -8.162e+03 1 0))INFO: dtree.c(1315): Comp split 12
INFO: dtree.c(1315): Comp split 13
INFO: dtree.c(1439): stop. leaf nodes are specific
INFO: dtree.c(1478): Final simple tree
|( QUESTION0 -1 -1.028e+04 1.817e+02 4.803e+01
|    ( QUESTION2_12_L -1 -9.220e+03 1.737e+02 4.303e+01
|        ( QUESTION0_0_R 1 -5.431e+03 1.421e+02 2.601e+01
|            ( - -4.996e+03 3 0)
|            ( - -2.923e+02 1 0))
|        ( - -3.615e+03 2 0))
|    ( - -8.767e+02 1 0))
s>    ( QUESTION0 -1 -1.028e+04 1.817e+02 4.803e+01
s>        ( QUESTION2_12_L -1 -9.220e+03 1.737e+02 4.303e+01
s>            ( QUESTION0_0_R 1 -5.431e+03 1.421e+02 2.601e+01
s>                ( - -4.996e+03 3 0)
s>                ( - -2.923e+02 1 0))
s>            ( - -3.615e+03 2 0))
s>        ( - -8.767e+02 1 0))INFO: dtree.c(1315): Comp split 14
INFO: dtree.c(1439): stop. leaf nodes are specific
INFO: dtree.c(1478): Final simple tree
|( QUESTION2_12_L -1 -9.220e+03 1.737e+02 4.303e+01
|    ( QUESTION0_0_R 1 -5.431e+03 1.421e+02 2.601e+01
|        ( - -4.996e+03 3 0)
|        ( - -2.923e+02 1 0))
|    ( - -3.615e+03 2 0))
s>    ( QUESTION2_12_L -1 -9.220e+03 1.737e+02 4.303e+01
s>        ( QUESTION0_0_R 1 -5.431e+03 1.421e+02 2.601e+01
s>            ( - -4.996e+03 3 0)
s>            ( - -2.923e+02 1 0))
s>        ( - -3.615e+03 2 0))INFO: dtree.c(1315): Comp split 15
INFO: dtree.c(1439): stop. leaf nodes are specific
INFO: dtree.c(1478): Final simple tree
|( QUESTION0_0_R 1 -5.431e+03 1.421e+02 2.601e+01
|    ( - -4.996e+03 3 0)
|    ( - -2.923e+02 1 0))
s>    ( QUESTION0_0_R 1 -5.431e+03 1.421e+02 2.601e+01
s>        ( - -4.996e+03 3 0)
s>        ( - -2.923e+02 1 0))INFO: dtree.c(1315): Comp split 16
INFO: dtree.c(1315): Comp split 17
INFO: dtree.c(1315): Comp split 18
INFO: dtree.c(1439): stop. leaf nodes are specific
INFO: dtree.c(1478): Final simple tree
|( QUESTION16 -1 -5.037e+03 1.308e+02 2.500e+01
|    ( - -3.368e+02 1 0)
|    ( SILENCE -1 -4.570e+03 1.149e+02 2.300e+01
|        ( - -2.046e+03 1 0)
|        ( - -2.409e+03 1 0)))
s>    ( QUESTION16 -1 -5.037e+03 1.308e+02 2.500e+01
s>        ( - -3.368e+02 1 0)
s>        ( SILENCE -1 -4.570e+03 1.149e+02 2.300e+01
s>            ( - -2.046e+03 1 0)
s>            ( - -2.409e+03 1 0)))INFO: dtree.c(1315): Comp split 19
INFO: dtree.c(1439): stop. leaf nodes are specific
INFO: dtree.c(1478): Final simple tree
|( SILENCE -1 -4.570e+03 1.149e+02 2.300e+01
|    ( - -2.046e+03 1 0)
|    ( - -2.409e+03 1 0))
s>    ( SILENCE -1 -4.570e+03 1.149e+02 2.300e+01
s>        ( - -2.046e+03 1 0)
s>        ( - -2.409e+03 1 0))INFO: dtree.c(1315): Comp split 20
INFO: dtree.c(1315): Comp split 21
INFO: dtree.c(1315): Comp split 22
INFO: dtree.c(1318): stop. leaf nodes are specific
!!!!!!!!Allocated 68 lines
Fri Apr  8 18:31:48 2016
