Current configuration:
[NAME]		[DEFLT]	[VALUE]
-allphones	no	no
-cntthresh	0.00001	1.000000e-05
-csplitmax	100	2000
-csplitmin	1	1
-csplitthr	8e-4	0.000000e+00
-example	no	no
-fullvar	no	no
-help		no	no
-meanfn			/home/yaroslav/model/model_parameters/ua.cd_cont_untied/means
-mixwfn			/home/yaroslav/model/model_parameters/ua.cd_cont_untied/mixture_weights
-moddeffn		/home/yaroslav/model/model_architecture/ua.untied.mdef
-mwfloor	1e-4	1.000000e-08
-phone			SHH
-psetfn			/home/yaroslav/model/model_architecture/ua.tree_questions
-ssplitmax	5	7
-ssplitmin	1	1
-ssplitthr	8e-4	0.000000e+00
-state			0
-stwt			1.0,0.05,0.0,
-treefn			/home/yaroslav/model/trees/ua.unpruned/SHH-0.dtree
-ts2cbfn	.semi.	.cont.
-varfloor	0.00001	1.000000e-05
-varfn			/home/yaroslav/model/model_parameters/ua.cd_cont_untied/variances

INFO: main.c(223): Reading: /home/yaroslav/model/model_architecture/ua.untied.mdef
INFO: model_def_io.c(573): Model definition info:
INFO: model_def_io.c(574): 9391 total models defined (51 base, 9340 tri)
INFO: model_def_io.c(575): 37564 total states
INFO: model_def_io.c(576): 28173 total tied states
INFO: model_def_io.c(577): 153 total tied CI states
INFO: model_def_io.c(578): 51 total tied transition matrices
INFO: model_def_io.c(579): 4 max state/model
INFO: model_def_io.c(580): 4 min state/model
INFO: main.c(242): Building trees for [SHH A І i] through [SHH Y І i]
INFO: main.c(269): Covering states |[17535 17555]| == 21
INFO: main.c(275): Reading: /home/yaroslav/model/model_parameters/ua.cd_cont_untied/mixture_weights
INFO: s3mixw_io.c(173): Read /home/yaroslav/model/model_parameters/ua.cd_cont_untied/mixture_weights [21x1x1 array]
INFO: main.c(311): 6 of 7 models have observation count greater than 0.000010
INFO: main.c(95): nrm stwt: 0.952 0.048 0.000 
INFO: s3gau_io.c(169): Read /home/yaroslav/model/model_parameters/ua.cd_cont_untied/means [28173x1x1 array]
INFO: s3gau_io.c(169): Read /home/yaroslav/model/model_parameters/ua.cd_cont_untied/variances [28173x1x1 array]
INFO: main.c(549): Reading: /home/yaroslav/model/model_architecture/ua.tree_questions
INFO: main.c(588): 174 total simple questions (166 phone; 8 word bndry)
INFO: main.c(590): 40 Left Only questions, and 42 Right Only questions
INFO: dtree.c(1439): stop. leaf nodes are specific
INFO: dtree.c(1478): Final simple tree
|( QUESTION10 -1 -1.490e+04 2.477e+02 1.688e+02
|    ( QUESTION2_0_L -1 -2.396e+03 1.671e+02 3.023e+01
|        ( - -2.431e+02 1 0)
|        ( QUESTION11 -1 -1.985e+03 1.243e+02 2.523e+01
|            ( - -1.644e+03 1 0)
|            ( - -2.167e+02 1 0)))
|    ( - -1.225e+04 3 0))
s>    ( QUESTION10 -1 -1.490e+04 2.477e+02 1.688e+02
s>        ( QUESTION2_0_L -1 -2.396e+03 1.671e+02 3.023e+01
s>            ( - -2.431e+02 1 0)
s>            ( QUESTION11 -1 -1.985e+03 1.243e+02 2.523e+01
s>                ( - -1.644e+03 1 0)
s>                ( - -2.167e+02 1 0)))
s>        ( - -1.225e+04 3 0))INFO: dtree.c(1315): Comp split 0
INFO: dtree.c(1439): stop. leaf nodes are specific
INFO: dtree.c(1478): Final simple tree
|( QUESTION2_0_L -1 -2.396e+03 1.671e+02 3.023e+01
|    ( - -2.431e+02 1 0)
|    ( QUESTION11 -1 -1.985e+03 1.243e+02 2.523e+01
|        ( - -1.644e+03 1 0)
|        ( - -2.167e+02 1 0)))
s>    ( QUESTION2_0_L -1 -2.396e+03 1.671e+02 3.023e+01
s>        ( - -2.431e+02 1 0)
s>        ( QUESTION11 -1 -1.985e+03 1.243e+02 2.523e+01
s>            ( - -1.644e+03 1 0)
s>            ( - -2.167e+02 1 0)))INFO: dtree.c(1315): Comp split 1
INFO: dtree.c(1439): stop. leaf nodes are specific
INFO: dtree.c(1478): Final simple tree
|( QUESTION11 -1 -1.985e+03 1.243e+02 2.523e+01
|    ( - -1.644e+03 1 0)
|    ( - -2.167e+02 1 0))
s>    ( QUESTION11 -1 -1.985e+03 1.243e+02 2.523e+01
s>        ( - -1.644e+03 1 0)
s>        ( - -2.167e+02 1 0))INFO: dtree.c(1315): Comp split 2
INFO: dtree.c(1315): Comp split 3
INFO: dtree.c(1318): stop. leaf nodes are specific
!!!!!!!!Allocated 66 lines
Fri Apr  8 23:10:17 2016
