Current configuration:
[NAME]		[DEFLT]	[VALUE]
-allphones	no	no
-cntthresh	0.00001	1.000000e-05
-csplitmax	100	2000
-csplitmin	1	1
-csplitthr	8e-4	0.000000e+00
-example	no	no
-fullvar	no	no
-help		no	no
-meanfn			
-mixwfn			/home/yaroslav/model/model_parameters/ua.cd_semi_untied/mixture_weights
-moddeffn		/home/yaroslav/model/model_architecture/ua.untied.mdef
-mwfloor	1e-4	1.000000e-08
-phone			ZZ
-psetfn			/home/yaroslav/model/model_architecture/ua.tree_questions
-ssplitmax	5	7
-ssplitmin	1	1
-ssplitthr	8e-4	0.000000e+00
-state			0
-stwt			1.0,0.05,0.0,
-treefn			/home/yaroslav/model/trees/ua.unpruned/ZZ-0.dtree
-ts2cbfn	.semi.	.semi.
-varfloor	0.00001	1.000000e-05
-varfn			

INFO: main.c(223): Reading: /home/yaroslav/model/model_architecture/ua.untied.mdef
INFO: model_def_io.c(573): Model definition info:
INFO: model_def_io.c(574): 7543 total models defined (49 base, 7494 tri)
INFO: model_def_io.c(575): 30172 total states
INFO: model_def_io.c(576): 22629 total tied states
INFO: model_def_io.c(577): 147 total tied CI states
INFO: model_def_io.c(578): 49 total tied transition matrices
INFO: model_def_io.c(579): 4 max state/model
INFO: model_def_io.c(580): 4 min state/model
INFO: main.c(242): Building trees for [ZZ A I i] through [ZZ Y K i]
INFO: main.c(269): Covering states |[22590 22628]| == 39
INFO: main.c(275): Reading: /home/yaroslav/model/model_parameters/ua.cd_semi_untied/mixture_weights
INFO: s3mixw_io.c(173): Read /home/yaroslav/model/model_parameters/ua.cd_semi_untied/mixture_weights [39x4x256 array]
INFO: main.c(311): 13 of 13 models have observation count greater than 0.000010
INFO: main.c(95): nrm stwt: 0.952 0.048 0.000 
INFO: main.c(411): 13-class entropy: 1.034023e+03
INFO: main.c(549): Reading: /home/yaroslav/model/model_architecture/ua.tree_questions
INFO: main.c(588): 176 total simple questions (168 phone; 8 word bndry)
INFO: main.c(590): 42 Left Only questions, and 42 Right Only questions
INFO: dtree.c(1478): Final simple tree
|( QUESTION6 -1 1.829e+03 2.974e+02 9.165e+01
|    ( QUESTION0_3_R 1 8.679e+02 7.453e+01 5.513e+01
|        ( - 8.954e+01 1 0)
|        ( - 7.038e+02 1 0))
|    ( QUESTION0_4_R 1 6.637e+02 1.341e+02 3.651e+01
|        ( - 2.728e+02 3 0)
|        ( WDBNDRY_E 0 2.568e+02 6.773e+01 1.800e+01
|            ( QUESTION2 1 8.431e+01 3.458e+01 8.995e+00
|                ( - 3.285e+01 3 0 QUESTION0_14_R 1 1.635e+01 4.995e+00)
|                ( - 1.688e+01 1 0))
|            ( QUESTION0_0_R 1 1.048e+02 3.585e+01 9.000e+00
|                ( - 2.642e+01 2 0 QUESTION0 -1 1.515e+01 4.000e+00)
|                ( QUESTION0_12_R 1 4.251e+01 1.977e+01 5.000e+00
|                    ( - 1.028e+01 1 0)
|                    ( - 1.246e+01 1 0))))))
s>    ( QUESTION6 -1 1.829e+03 2.974e+02 9.165e+01
s>        ( QUESTION0_3_R 1 8.679e+02 7.453e+01 5.513e+01
s>            ( - 8.954e+01 1 0)
s>            ( - 7.038e+02 1 0))
s>        ( QUESTION0_4_R 1 6.637e+02 1.341e+02 3.651e+01
s>            ( - 2.728e+02 3 0)
s>            ( WDBNDRY_E 0 2.568e+02 6.773e+01 1.800e+01
s>                ( QUESTION2 1 8.431e+01 3.458e+01 8.995e+00
s>                    ( - 3.285e+01 3 0 QUESTION0_14_R 1 1.635e+01 4.995e+00)
s>                    ( - 1.688e+01 1 0))
s>                ( QUESTION0_0_R 1 1.048e+02 3.585e+01 9.000e+00
s>                    ( - 2.642e+01 2 0 QUESTION0 -1 1.515e+01 4.000e+00)
s>                    ( QUESTION0_12_R 1 4.251e+01 1.977e+01 5.000e+00
s>                        ( - 1.028e+01 1 0)
s>                        ( - 1.246e+01 1 0))))))INFO: dtree.c(1315): Comp split 0
INFO: dtree.c(1439): stop. leaf nodes are specific
INFO: dtree.c(1478): Final simple tree
|( QUESTION0_3_R 1 9.640e+02 1.035e+02 5.913e+01
|    ( QUESTION6 -1 1.567e+02 4.070e+01 1.357e+01
|        ( - 8.954e+01 1 0)
|        ( QUESTION0 -1 2.642e+01 1.515e+01 4.000e+00
|            ( - 6.107e+00 1 0)
|            ( - 5.170e+00 1 0)))
|    ( - 7.038e+02 1 0))
s>    ( QUESTION0_3_R 1 9.640e+02 1.035e+02 5.913e+01
s>        ( QUESTION6 -1 1.567e+02 4.070e+01 1.357e+01
s>            ( - 8.954e+01 1 0)
s>            ( QUESTION0 -1 2.642e+01 1.515e+01 4.000e+00
s>                ( - 6.107e+00 1 0)
s>                ( - 5.170e+00 1 0)))
s>        ( - 7.038e+02 1 0))INFO: dtree.c(1439): stop. leaf nodes are specific
INFO: dtree.c(1478): Final simple tree
|( QUESTION0_0_R 1 5.667e+02 1.184e+02 3.251e+01
|    ( - 2.728e+02 3 0)
|    ( QUESTION0_12_R 1 1.755e+02 5.178e+01 1.400e+01
|        ( WDBNDRY_E 0 6.360e+01 2.215e+01 7.000e+00
|            ( QUESTION2 1 3.116e+01 1.413e+01 5.000e+00
|                ( - 1.501e-01 1 0)
|                ( - 1.688e+01 1 0))
|            ( - 1.028e+01 1 0))
|        ( WDBNDRY_E 0 6.008e+01 2.718e+01 6.995e+00
|            ( QUESTION0_14_R 1 2.044e+01 1.295e+01 3.995e+00
|                ( - 2.907e+00 1 0)
|                ( - 4.584e+00 1 0))
|            ( - 1.246e+01 1 0))))
s>    ( QUESTION0_0_R 1 5.667e+02 1.184e+02 3.251e+01
s>        ( - 2.728e+02 3 0)
s>        ( QUESTION0_12_R 1 1.755e+02 5.178e+01 1.400e+01
s>            ( WDBNDRY_E 0 6.360e+01 2.215e+01 7.000e+00
s>                ( QUESTION2 1 3.116e+01 1.413e+01 5.000e+00
s>                    ( - 1.501e-01 1 0)
s>                    ( - 1.688e+01 1 0))
s>                ( - 1.028e+01 1 0))
s>            ( WDBNDRY_E 0 6.008e+01 2.718e+01 6.995e+00
s>                ( QUESTION0_14_R 1 2.044e+01 1.295e+01 3.995e+00
s>                    ( - 2.907e+00 1 0)
s>                    ( - 4.584e+00 1 0))
s>                ( - 1.246e+01 1 0))))INFO: dtree.c(1315): Comp split 1
INFO: dtree.c(1439): stop. leaf nodes are specific
INFO: dtree.c(1478): Final simple tree
|( QUESTION0_12_R 1 1.755e+02 5.178e+01 1.400e+01
|    ( WDBNDRY_E 0 6.360e+01 2.215e+01 7.000e+00
|        ( QUESTION2 1 3.116e+01 1.413e+01 5.000e+00
|            ( - 1.501e-01 1 0)
|            ( - 1.688e+01 1 0))
|        ( - 1.028e+01 1 0))
|    ( WDBNDRY_E 0 6.008e+01 2.718e+01 6.995e+00
|        ( QUESTION0_14_R 1 2.044e+01 1.295e+01 3.995e+00
|            ( - 2.907e+00 1 0)
|            ( - 4.584e+00 1 0))
|        ( - 1.246e+01 1 0)))
s>    ( QUESTION0_12_R 1 1.755e+02 5.178e+01 1.400e+01
s>        ( WDBNDRY_E 0 6.360e+01 2.215e+01 7.000e+00
s>            ( QUESTION2 1 3.116e+01 1.413e+01 5.000e+00
s>                ( - 1.501e-01 1 0)
s>                ( - 1.688e+01 1 0))
s>            ( - 1.028e+01 1 0))
s>        ( WDBNDRY_E 0 6.008e+01 2.718e+01 6.995e+00
s>            ( QUESTION0_14_R 1 2.044e+01 1.295e+01 3.995e+00
s>                ( - 2.907e+00 1 0)
s>                ( - 4.584e+00 1 0))
s>            ( - 1.246e+01 1 0)))INFO: dtree.c(1315): Comp split 2
INFO: dtree.c(1439): stop. leaf nodes are specific
INFO: dtree.c(1478): Final simple tree
|( QUESTION6 -1 1.567e+02 4.070e+01 1.357e+01
|    ( - 8.954e+01 1 0)
|    ( QUESTION0 -1 2.642e+01 1.515e+01 4.000e+00
|        ( - 6.107e+00 1 0)
|        ( - 5.170e+00 1 0)))
s>    ( QUESTION6 -1 1.567e+02 4.070e+01 1.357e+01
s>        ( - 8.954e+01 1 0)
s>        ( QUESTION0 -1 2.642e+01 1.515e+01 4.000e+00
s>            ( - 6.107e+00 1 0)
s>            ( - 5.170e+00 1 0)))INFO: dtree.c(1315): Comp split 3
INFO: dtree.c(1439): stop. leaf nodes are specific
INFO: dtree.c(1478): Final simple tree
|( WDBNDRY_E 0 5.488e+01 2.554e+01 7.000e+00
|    ( - 1.688e+01 1 0)
|    ( - 1.246e+01 1 0))
s>    ( WDBNDRY_E 0 5.488e+01 2.554e+01 7.000e+00
s>        ( - 1.688e+01 1 0)
s>        ( - 1.246e+01 1 0))INFO: dtree.c(1439): stop. leaf nodes are specific
INFO: dtree.c(1478): Final simple tree
|( QUESTION0_12_R 1 6.533e+01 2.518e+01 6.995e+00
|    ( WDBNDRY_E 0 1.971e+01 9.278e+00 3.000e+00
|        ( - 1.501e-01 1 0)
|        ( - 1.028e+01 1 0))
|    ( QUESTION0_14_R 1 2.044e+01 1.295e+01 3.995e+00
|        ( - 2.907e+00 1 0)
|        ( - 4.584e+00 1 0)))
s>    ( QUESTION0_12_R 1 6.533e+01 2.518e+01 6.995e+00
s>        ( WDBNDRY_E 0 1.971e+01 9.278e+00 3.000e+00
s>            ( - 1.501e-01 1 0)
s>            ( - 1.028e+01 1 0))
s>        ( QUESTION0_14_R 1 2.044e+01 1.295e+01 3.995e+00
s>            ( - 2.907e+00 1 0)
s>            ( - 4.584e+00 1 0)))INFO: dtree.c(1315): Comp split 4
INFO: dtree.c(1439): stop. leaf nodes are specific
INFO: dtree.c(1478): Final simple tree
|( QUESTION0 -1 2.642e+01 1.515e+01 4.000e+00
|    ( - 6.107e+00 1 0)
|    ( - 5.170e+00 1 0))
s>    ( QUESTION0 -1 2.642e+01 1.515e+01 4.000e+00
s>        ( - 6.107e+00 1 0)
s>        ( - 5.170e+00 1 0))INFO: dtree.c(1315): Comp split 5
INFO: dtree.c(1315): Comp split 6
INFO: dtree.c(1439): stop. leaf nodes are specific
INFO: dtree.c(1478): Final simple tree
|( QUESTION0_14_R 1 2.044e+01 1.295e+01 3.995e+00
|    ( - 2.907e+00 1 0)
|    ( - 4.584e+00 1 0))
s>    ( QUESTION0_14_R 1 2.044e+01 1.295e+01 3.995e+00
s>        ( - 2.907e+00 1 0)
s>        ( - 4.584e+00 1 0))INFO: dtree.c(1439): stop. leaf nodes are specific
INFO: dtree.c(1478): Final simple tree
|( WDBNDRY_E 0 1.971e+01 9.278e+00 3.000e+00
|    ( - 1.501e-01 1 0)
|    ( - 1.028e+01 1 0))
s>    ( WDBNDRY_E 0 1.971e+01 9.278e+00 3.000e+00
s>        ( - 1.501e-01 1 0)
s>        ( - 1.028e+01 1 0))INFO: dtree.c(1315): Comp split 7
INFO: dtree.c(1315): Comp split 8
INFO: dtree.c(1315): Comp split 9
INFO: dtree.c(1315): Comp split 10
INFO: dtree.c(1318): stop. leaf nodes are specific
!!!!!!!!Allocated 67 lines
Thu Apr  7 00:41:47 2016
