Current configuration:
[NAME]		[DEFLT]	[VALUE]
-allphones	no	no
-cntthresh	0.00001	1.000000e-05
-csplitmax	100	2000
-csplitmin	1	1
-csplitthr	8e-4	0.000000e+00
-example	no	no
-fullvar	no	no
-help		no	no
-meanfn			/home/yaroslav/model/model_parameters/ua.cd_cont_untied/means
-mixwfn			/home/yaroslav/model/model_parameters/ua.cd_cont_untied/mixture_weights
-moddeffn		/home/yaroslav/model/model_architecture/ua.untied.mdef
-mwfloor	1e-4	1.000000e-08
-phone			HH
-psetfn			/home/yaroslav/model/model_architecture/ua.tree_questions
-ssplitmax	5	7
-ssplitmin	1	1
-ssplitthr	8e-4	0.000000e+00
-state			1
-stwt			1.0,0.05,0.0,
-treefn			/home/yaroslav/model/trees/ua.unpruned/HH-1.dtree
-ts2cbfn	.semi.	.cont.
-varfloor	0.00001	1.000000e-05
-varfn			/home/yaroslav/model/model_parameters/ua.cd_cont_untied/variances

INFO: main.c(223): Reading: /home/yaroslav/model/model_architecture/ua.untied.mdef
INFO: model_def_io.c(573): Model definition info:
INFO: model_def_io.c(574): 9365 total models defined (51 base, 9314 tri)
INFO: model_def_io.c(575): 37460 total states
INFO: model_def_io.c(576): 28095 total tied states
INFO: model_def_io.c(577): 153 total tied CI states
INFO: model_def_io.c(578): 51 total tied transition matrices
INFO: model_def_io.c(579): 4 max state/model
INFO: model_def_io.c(580): 4 min state/model
INFO: main.c(242): Building trees for [HH A І i] through [HH Y І i]
INFO: main.c(269): Covering states |[7383 7409]| == 27
INFO: main.c(275): Reading: /home/yaroslav/model/model_parameters/ua.cd_cont_untied/mixture_weights
INFO: s3mixw_io.c(173): Read /home/yaroslav/model/model_parameters/ua.cd_cont_untied/mixture_weights [27x1x1 array]
INFO: main.c(311): 7 of 9 models have observation count greater than 0.000010
INFO: main.c(95): nrm stwt: 0.045 0.909 0.045 
INFO: s3gau_io.c(169): Read /home/yaroslav/model/model_parameters/ua.cd_cont_untied/means [28095x1x1 array]
INFO: s3gau_io.c(169): Read /home/yaroslav/model/model_parameters/ua.cd_cont_untied/variances [28095x1x1 array]
INFO: main.c(549): Reading: /home/yaroslav/model/model_architecture/ua.tree_questions
INFO: main.c(588): 180 total simple questions (172 phone; 8 word bndry)
INFO: main.c(590): 42 Left Only questions, and 42 Right Only questions
INFO: dtree.c(1439): stop. leaf nodes are specific
INFO: dtree.c(1478): Final simple tree
|( SILENCE -1 -3.242e+04 5.058e+02 1.591e+02
|    ( - 1.880e+02 1 0)
|    ( QUESTION0 -1 -3.211e+04 4.289e+02 1.581e+02
|        ( WDBNDRY_B 0 -8.636e+03 1.306e+02 4.265e+01
|            ( QUESTION2_12_L -1 -7.000e+02 5.019e+02 4.000e+00
|                ( - 2.412e+02 1 0)
|                ( - -4.393e+02 1 0))
|            ( QUESTION2_12_L -1 -7.805e+03 1.810e+02 3.865e+01
|                ( - -2.753e+02 1 0)
|                ( - -7.349e+03 1 0)))
|        ( QUESTION2 -1 -2.304e+04 2.239e+02 1.155e+02
|            ( - -6.374e+03 1 0)
|            ( - -1.644e+04 1 0))))
s>    ( SILENCE -1 -3.242e+04 5.058e+02 1.591e+02
s>        ( - 1.880e+02 1 0)
s>        ( QUESTION0 -1 -3.211e+04 4.289e+02 1.581e+02
s>            ( WDBNDRY_B 0 -8.636e+03 1.306e+02 4.265e+01
s>                ( QUESTION2_12_L -1 -7.000e+02 5.019e+02 4.000e+00
s>                    ( - 2.412e+02 1 0)
s>                    ( - -4.393e+02 1 0))
s>                ( QUESTION2_12_L -1 -7.805e+03 1.810e+02 3.865e+01
s>                    ( - -2.753e+02 1 0)
s>                    ( - -7.349e+03 1 0)))
s>            ( QUESTION2 -1 -2.304e+04 2.239e+02 1.155e+02
s>                ( - -6.374e+03 1 0)
s>                ( - -1.644e+04 1 0))))INFO: dtree.c(1315): Comp split 0
INFO: dtree.c(1439): stop. leaf nodes are specific
INFO: dtree.c(1478): Final simple tree
|( QUESTION0 -1 -3.211e+04 4.289e+02 1.581e+02
|    ( WDBNDRY_B 0 -8.636e+03 1.306e+02 4.265e+01
|        ( QUESTION2_12_L -1 -7.000e+02 5.019e+02 4.000e+00
|            ( - 2.412e+02 1 0)
|            ( - -4.393e+02 1 0))
|        ( QUESTION2_12_L -1 -7.805e+03 1.810e+02 3.865e+01
|            ( - -2.753e+02 1 0)
|            ( - -7.349e+03 1 0)))
|    ( QUESTION2 -1 -2.304e+04 2.239e+02 1.155e+02
|        ( - -6.374e+03 1 0)
|        ( - -1.644e+04 1 0)))
s>    ( QUESTION0 -1 -3.211e+04 4.289e+02 1.581e+02
s>        ( WDBNDRY_B 0 -8.636e+03 1.306e+02 4.265e+01
s>            ( QUESTION2_12_L -1 -7.000e+02 5.019e+02 4.000e+00
s>                ( - 2.412e+02 1 0)
s>                ( - -4.393e+02 1 0))
s>            ( QUESTION2_12_L -1 -7.805e+03 1.810e+02 3.865e+01
s>                ( - -2.753e+02 1 0)
s>                ( - -7.349e+03 1 0)))
s>        ( QUESTION2 -1 -2.304e+04 2.239e+02 1.155e+02
s>            ( - -6.374e+03 1 0)
s>            ( - -1.644e+04 1 0)))INFO: dtree.c(1315): Comp split 1
INFO: dtree.c(1439): stop. leaf nodes are specific
INFO: dtree.c(1478): Final simple tree
|( QUESTION0 -1 -3.186e+04 4.197e+02 1.571e+02
|    ( QUESTION2_12_L -1 -8.402e+03 1.815e+02 4.165e+01
|        ( - -2.753e+02 1 0)
|        ( WDBNDRY_B 0 -7.945e+03 1.565e+02 3.965e+01
|            ( - -4.393e+02 1 0)
|            ( - -7.349e+03 1 0)))
|    ( QUESTION2 -1 -2.304e+04 2.239e+02 1.155e+02
|        ( - -6.374e+03 1 0)
|        ( - -1.644e+04 1 0)))
s>    ( QUESTION0 -1 -3.186e+04 4.197e+02 1.571e+02
s>        ( QUESTION2_12_L -1 -8.402e+03 1.815e+02 4.165e+01
s>            ( - -2.753e+02 1 0)
s>            ( WDBNDRY_B 0 -7.945e+03 1.565e+02 3.965e+01
s>                ( - -4.393e+02 1 0)
s>                ( - -7.349e+03 1 0)))
s>        ( QUESTION2 -1 -2.304e+04 2.239e+02 1.155e+02
s>            ( - -6.374e+03 1 0)
s>            ( - -1.644e+04 1 0)))INFO: dtree.c(1315): Comp split 2
INFO: dtree.c(1439): stop. leaf nodes are specific
INFO: dtree.c(1478): Final simple tree
|( QUESTION2 -1 -2.363e+04 2.236e+02 1.185e+02
|    ( - -6.374e+03 1 0)
|    ( WDBNDRY_B 0 -1.703e+04 1.459e+02 8.452e+01
|        ( - -4.393e+02 1 0)
|        ( - -1.644e+04 1 0)))
s>    ( QUESTION2 -1 -2.363e+04 2.236e+02 1.185e+02
s>        ( - -6.374e+03 1 0)
s>        ( WDBNDRY_B 0 -1.703e+04 1.459e+02 8.452e+01
s>            ( - -4.393e+02 1 0)
s>            ( - -1.644e+04 1 0)))INFO: dtree.c(1439): stop. leaf nodes are specific
INFO: dtree.c(1478): Final simple tree
|( QUESTION2_12_L -1 -7.805e+03 1.810e+02 3.865e+01
|    ( - -2.753e+02 1 0)
|    ( - -7.349e+03 1 0))
s>    ( QUESTION2_12_L -1 -7.805e+03 1.810e+02 3.865e+01
s>        ( - -2.753e+02 1 0)
s>        ( - -7.349e+03 1 0))INFO: dtree.c(1315): Comp split 3
INFO: dtree.c(1439): stop. leaf nodes are specific
INFO: dtree.c(1478): Final simple tree
|( WDBNDRY_B 0 -1.703e+04 1.459e+02 8.452e+01
|    ( - -4.393e+02 1 0)
|    ( - -1.644e+04 1 0))
s>    ( WDBNDRY_B 0 -1.703e+04 1.459e+02 8.452e+01
s>        ( - -4.393e+02 1 0)
s>        ( - -1.644e+04 1 0))INFO: dtree.c(1315): Comp split 4
INFO: dtree.c(1315): Comp split 5
INFO: dtree.c(1315): Comp split 6
INFO: dtree.c(1318): stop. leaf nodes are specific
!!!!!!!!Allocated 68 lines
Fri Apr  8 18:31:13 2016
