Current configuration:
[NAME]		[DEFLT]	[VALUE]
-allphones	no	no
-cntthresh	0.00001	1.000000e-05
-csplitmax	100	2000
-csplitmin	1	1
-csplitthr	8e-4	0.000000e+00
-example	no	no
-fullvar	no	no
-help		no	no
-meanfn			
-mixwfn			/home/yaroslav/model/model_parameters/ua.cd_semi_untied/mixture_weights
-moddeffn		/home/yaroslav/model/model_architecture/ua.untied.mdef
-mwfloor	1e-4	1.000000e-08
-phone			PP
-psetfn			/home/yaroslav/model/model_architecture/ua.tree_questions
-ssplitmax	5	7
-ssplitmin	1	1
-ssplitthr	8e-4	0.000000e+00
-state			2
-stwt			1.0,0.05,0.0,
-treefn			/home/yaroslav/model/trees/ua.unpruned/PP-2.dtree
-ts2cbfn	.semi.	.semi.
-varfloor	0.00001	1.000000e-05
-varfn			

INFO: main.c(223): Reading: /home/yaroslav/model/model_architecture/ua.untied.mdef
INFO: model_def_io.c(573): Model definition info:
INFO: model_def_io.c(574): 7543 total models defined (49 base, 7494 tri)
INFO: model_def_io.c(575): 30172 total states
INFO: model_def_io.c(576): 22629 total tied states
INFO: model_def_io.c(577): 147 total tied CI states
INFO: model_def_io.c(578): 49 total tied transition matrices
INFO: model_def_io.c(579): 4 max state/model
INFO: model_def_io.c(580): 4 min state/model
INFO: main.c(242): Building trees for [PP A I i] through [PP Z I i]
INFO: main.c(269): Covering states |[13587 13613]| == 27
INFO: main.c(275): Reading: /home/yaroslav/model/model_parameters/ua.cd_semi_untied/mixture_weights
INFO: s3mixw_io.c(173): Read /home/yaroslav/model/model_parameters/ua.cd_semi_untied/mixture_weights [27x4x256 array]
INFO: main.c(311): 9 of 9 models have observation count greater than 0.000010
INFO: main.c(95): nrm stwt: 0.000 0.048 0.952 
INFO: main.c(411): 9-class entropy: 8.086499e+02
INFO: main.c(549): Reading: /home/yaroslav/model/model_architecture/ua.tree_questions
INFO: main.c(588): 176 total simple questions (168 phone; 8 word bndry)
INFO: main.c(590): 42 Left Only questions, and 42 Right Only questions
INFO: dtree.c(1439): stop. leaf nodes are specific
INFO: dtree.c(1478): Final simple tree
|( QUESTION2 -1 1.394e+03 2.035e+02 7.990e+01
|    ( QUESTION2_16_L -1 4.095e+02 5.924e+01 3.305e+01
|        ( - 2.883e+02 1 0)
|        ( - 6.187e+01 1 0))
|    ( QUESTION0 -1 7.808e+02 8.426e+01 4.685e+01
|        ( QUESTION0_1_R 1 5.424e+02 5.434e+01 3.485e+01
|            ( - 3.031e+01 1 0)
|            ( - 4.577e+02 3 0))
|        ( QUESTION8 -1 1.542e+02 4.115e+01 1.200e+01
|            ( - 5.369e+01 1 0)
|            ( QUESTION4 -1 5.937e+01 1.779e+01 6.000e+00
|                ( - 3.318e+01 1 0)
|                ( - 8.395e+00 1 0)))))
s>    ( QUESTION2 -1 1.394e+03 2.035e+02 7.990e+01
s>        ( QUESTION2_16_L -1 4.095e+02 5.924e+01 3.305e+01
s>            ( - 2.883e+02 1 0)
s>            ( - 6.187e+01 1 0))
s>        ( QUESTION0 -1 7.808e+02 8.426e+01 4.685e+01
s>            ( QUESTION0_1_R 1 5.424e+02 5.434e+01 3.485e+01
s>                ( - 3.031e+01 1 0)
s>                ( - 4.577e+02 3 0))
s>            ( QUESTION8 -1 1.542e+02 4.115e+01 1.200e+01
s>                ( - 5.369e+01 1 0)
s>                ( QUESTION4 -1 5.937e+01 1.779e+01 6.000e+00
s>                    ( - 3.318e+01 1 0)
s>                    ( - 8.395e+00 1 0)))))INFO: dtree.c(1315): Comp split 0
INFO: dtree.c(1439): stop. leaf nodes are specific
INFO: dtree.c(1478): Final simple tree
|( QUESTION0 -1 7.808e+02 8.426e+01 4.685e+01
|    ( QUESTION0_1_R 1 5.424e+02 5.434e+01 3.485e+01
|        ( - 3.031e+01 1 0)
|        ( - 4.577e+02 3 0))
|    ( QUESTION8 -1 1.542e+02 4.115e+01 1.200e+01
|        ( - 5.369e+01 1 0)
|        ( QUESTION4 -1 5.937e+01 1.779e+01 6.000e+00
|            ( - 3.318e+01 1 0)
|            ( - 8.395e+00 1 0))))
s>    ( QUESTION0 -1 7.808e+02 8.426e+01 4.685e+01
s>        ( QUESTION0_1_R 1 5.424e+02 5.434e+01 3.485e+01
s>            ( - 3.031e+01 1 0)
s>            ( - 4.577e+02 3 0))
s>        ( QUESTION8 -1 1.542e+02 4.115e+01 1.200e+01
s>            ( - 5.369e+01 1 0)
s>            ( QUESTION4 -1 5.937e+01 1.779e+01 6.000e+00
s>                ( - 3.318e+01 1 0)
s>                ( - 8.395e+00 1 0))))INFO: dtree.c(1439): stop. leaf nodes are specific
INFO: dtree.c(1478): Final simple tree
|( QUESTION2_16_L -1 4.095e+02 5.924e+01 3.305e+01
|    ( - 2.883e+02 1 0)
|    ( - 6.187e+01 1 0))
s>    ( QUESTION2_16_L -1 4.095e+02 5.924e+01 3.305e+01
s>        ( - 2.883e+02 1 0)
s>        ( - 6.187e+01 1 0))INFO: dtree.c(1315): Comp split 1
INFO: dtree.c(1439): stop. leaf nodes are specific
INFO: dtree.c(1478): Final simple tree
|( QUESTION0 -1 4.916e+02 2.554e+01 3.285e+01
|    ( - 4.577e+02 3 0)
|    ( - 8.395e+00 1 0))
s>    ( QUESTION0 -1 4.916e+02 2.554e+01 3.285e+01
s>        ( - 4.577e+02 3 0)
s>        ( - 8.395e+00 1 0))INFO: dtree.c(1439): stop. leaf nodes are specific
INFO: dtree.c(1478): Final simple tree
|( QUESTION5 -1 1.933e+02 4.825e+01 1.400e+01
|    ( - 5.369e+01 1 0)
|    ( QUESTION0_1_R 1 9.133e+01 2.784e+01 8.000e+00
|        ( - 3.031e+01 1 0)
|        ( - 3.318e+01 1 0)))
s>    ( QUESTION5 -1 1.933e+02 4.825e+01 1.400e+01
s>        ( - 5.369e+01 1 0)
s>        ( QUESTION0_1_R 1 9.133e+01 2.784e+01 8.000e+00
s>            ( - 3.031e+01 1 0)
s>            ( - 3.318e+01 1 0)))INFO: dtree.c(1315): Comp split 2
INFO: dtree.c(1315): Comp split 3
INFO: dtree.c(1439): stop. leaf nodes are specific
INFO: dtree.c(1478): Final simple tree
|( QUESTION0_1_R 1 9.133e+01 2.784e+01 8.000e+00
|    ( - 3.031e+01 1 0)
|    ( - 3.318e+01 1 0))
s>    ( QUESTION0_1_R 1 9.133e+01 2.784e+01 8.000e+00
s>        ( - 3.031e+01 1 0)
s>        ( - 3.318e+01 1 0))INFO: dtree.c(1315): Comp split 4
INFO: dtree.c(1315): Comp split 5
INFO: dtree.c(1315): Comp split 6
INFO: dtree.c(1318): stop. leaf nodes are specific
!!!!!!!!Allocated 67 lines
Thu Apr  7 00:34:04 2016
