Current configuration:
[NAME]		[DEFLT]	[VALUE]
-allphones	no	no
-cntthresh	0.00001	1.000000e-05
-csplitmax	100	2000
-csplitmin	1	1
-csplitthr	8e-4	0.000000e+00
-example	no	no
-fullvar	no	no
-help		no	no
-meanfn			
-mixwfn			/home/yaroslav/model/model_parameters/ua.cd_semi_untied/mixture_weights
-moddeffn		/home/yaroslav/model/model_architecture/ua.untied.mdef
-mwfloor	1e-4	1.000000e-08
-phone			H
-psetfn			/home/yaroslav/model/model_architecture/ua.tree_questions
-ssplitmax	5	7
-ssplitmin	1	1
-ssplitthr	8e-4	0.000000e+00
-state			1
-stwt			1.0,0.05,0.0,
-treefn			/home/yaroslav/model/trees/ua.unpruned/H-1.dtree
-ts2cbfn	.semi.	.semi.
-varfloor	0.00001	1.000000e-05
-varfn			

INFO: main.c(223): Reading: /home/yaroslav/model/model_architecture/ua.untied.mdef
INFO: model_def_io.c(573): Model definition info:
INFO: model_def_io.c(574): 7543 total models defined (49 base, 7494 tri)
INFO: model_def_io.c(575): 30172 total states
INFO: model_def_io.c(576): 22629 total tied states
INFO: model_def_io.c(577): 147 total tied CI states
INFO: model_def_io.c(578): 49 total tied transition matrices
INFO: model_def_io.c(579): 4 max state/model
INFO: model_def_io.c(580): 4 min state/model
INFO: main.c(242): Building trees for [H A A b] through [H Z U i]
INFO: main.c(269): Covering states |[5562 6020]| == 459
INFO: main.c(275): Reading: /home/yaroslav/model/model_parameters/ua.cd_semi_untied/mixture_weights
INFO: s3mixw_io.c(173): Read /home/yaroslav/model/model_parameters/ua.cd_semi_untied/mixture_weights [459x4x256 array]
INFO: main.c(311): 148 of 153 models have observation count greater than 0.000010
INFO: main.c(95): nrm stwt: 0.045 0.909 0.045 
INFO: main.c(411): 148-class entropy: 9.346253e+03
INFO: main.c(549): Reading: /home/yaroslav/model/model_architecture/ua.tree_questions
INFO: main.c(588): 176 total simple questions (168 phone; 8 word bndry)
INFO: main.c(590): 42 Left Only questions, and 42 Right Only questions
INFO: dtree.c(1478): Final simple tree
|( QUESTION0_1_R 1 2.358e+04 1.143e+03 1.009e+03
|    ( WDBNDRY_E 0 8.848e+03 5.702e+02 4.131e+02
|        ( - 1.755e+03 14 0 QUESTION7 1 2.293e+02 9.481e+01)
|        ( QUESTION0 -1 6.522e+03 5.118e+02 3.182e+02
|            ( - 3.770e+03 24 0 QUESTION0 1 3.463e+02 1.983e+02)
|            ( - 2.240e+03 20 0 QUESTION6 -1 3.008e+02 1.199e+02)))
|    ( QUESTION0_3_R 1 1.358e+04 8.886e+02 5.963e+02
|        ( QUESTION0 -1 4.734e+03 5.516e+02 2.464e+02
|            ( - 2.912e+03 14 0 WDBNDRY_I 0 2.782e+02 1.546e+02)
|            ( - 1.271e+03 8 0 QUESTION6 -1 1.315e+02 9.175e+01))
|        ( QUESTION0_12_R 1 7.962e+03 5.472e+02 3.500e+02
|            ( - 3.040e+03 29 0 WDBNDRY_E 0 3.353e+02 1.477e+02)
|            ( QUESTION0_15_R 1 4.374e+03 3.944e+02 2.022e+02
|                ( - 2.581e+03 23 0 WDBNDRY_B 0 2.991e+02 1.281e+02)
|                ( - 1.399e+03 16 0 QUESTION1 1 2.033e+02 7.413e+01)))))
s>    ( QUESTION0_1_R 1 2.358e+04 1.143e+03 1.009e+03
s>        ( WDBNDRY_E 0 8.848e+03 5.702e+02 4.131e+02
s>            ( - 1.755e+03 14 0 QUESTION7 1 2.293e+02 9.481e+01)
s>            ( QUESTION0 -1 6.522e+03 5.118e+02 3.182e+02
s>                ( - 3.770e+03 24 0 QUESTION0 1 3.463e+02 1.983e+02)
s>                ( - 2.240e+03 20 0 QUESTION6 -1 3.008e+02 1.199e+02)))
s>        ( QUESTION0_3_R 1 1.358e+04 8.886e+02 5.963e+02
s>            ( QUESTION0 -1 4.734e+03 5.516e+02 2.464e+02
s>                ( - 2.912e+03 14 0 WDBNDRY_I 0 2.782e+02 1.546e+02)
s>                ( - 1.271e+03 8 0 QUESTION6 -1 1.315e+02 9.175e+01))
s>            ( QUESTION0_12_R 1 7.962e+03 5.472e+02 3.500e+02
s>                ( - 3.040e+03 29 0 WDBNDRY_E 0 3.353e+02 1.477e+02)
s>                ( QUESTION0_15_R 1 4.374e+03 3.944e+02 2.022e+02
s>                    ( - 2.581e+03 23 0 WDBNDRY_B 0 2.991e+02 1.281e+02)
s>                    ( - 1.399e+03 16 0 QUESTION1 1 2.033e+02 7.413e+01)))))INFO: dtree.c(1315): Comp split 0
INFO: dtree.c(1478): Final simple tree
|( QUESTION0_1_R 1 1.038e+04 8.062e+02 4.841e+02
|    ( QUESTION0 -1 6.522e+03 5.118e+02 3.182e+02
|        ( QUESTION0 1 3.770e+03 3.463e+02 1.983e+02
|            ( WDBNDRY_B 0 2.111e+03 1.985e+02 1.249e+02
|                ( - 6.173e+02 5 0)
|                ( - 1.295e+03 3 0))
|            ( - 1.314e+03 16 0 QUESTION6 1 1.781e+02 7.346e+01))
|        ( QUESTION6 -1 2.240e+03 3.008e+02 1.199e+02
|            ( - 9.008e+02 6 0 QUESTION0 1 1.474e+02 6.102e+01)
|            ( - 1.039e+03 14 0 QUESTION2_13_L -1 1.637e+02 5.889e+01)))
|    ( QUESTION0_3_R 1 3.054e+03 3.844e+02 1.659e+02
|        ( - 1.271e+03 8 0 QUESTION6 -1 1.315e+02 9.175e+01)
|        ( QUESTION1 1 1.399e+03 2.033e+02 7.413e+01
|            ( - 5.442e+02 7 0 QUESTION0_0_R 1 1.067e+02 3.500e+01)
|            ( - 6.514e+02 9 0 QUESTION0_5_R 1 6.336e+01 3.913e+01))))
s>    ( QUESTION0_1_R 1 1.038e+04 8.062e+02 4.841e+02
s>        ( QUESTION0 -1 6.522e+03 5.118e+02 3.182e+02
s>            ( QUESTION0 1 3.770e+03 3.463e+02 1.983e+02
s>                ( WDBNDRY_B 0 2.111e+03 1.985e+02 1.249e+02
s>                    ( - 6.173e+02 5 0)
s>                    ( - 1.295e+03 3 0))
s>                ( - 1.314e+03 16 0 QUESTION6 1 1.781e+02 7.346e+01))
s>            ( QUESTION6 -1 2.240e+03 3.008e+02 1.199e+02
s>                ( - 9.008e+02 6 0 QUESTION0 1 1.474e+02 6.102e+01)
s>                ( - 1.039e+03 14 0 QUESTION2_13_L -1 1.637e+02 5.889e+01)))
s>        ( QUESTION0_3_R 1 3.054e+03 3.844e+02 1.659e+02
s>            ( - 1.271e+03 8 0 QUESTION6 -1 1.315e+02 9.175e+01)
s>            ( QUESTION1 1 1.399e+03 2.033e+02 7.413e+01
s>                ( - 5.442e+02 7 0 QUESTION0_0_R 1 1.067e+02 3.500e+01)
s>                ( - 6.514e+02 9 0 QUESTION0_5_R 1 6.336e+01 3.913e+01))))INFO: dtree.c(1478): Final simple tree
|( WDBNDRY_I 0 1.198e+04 7.632e+02 5.253e+02
|    ( QUESTION0 1 3.530e+03 3.841e+02 1.832e+02
|        ( - 2.029e+03 5 0)
|        ( - 1.117e+03 13 0 QUESTION4 1 1.451e+02 6.685e+01))
|    ( QUESTION2 1 7.687e+03 5.238e+02 3.421e+02
|        ( WDBNDRY_B 0 3.196e+03 3.219e+02 1.504e+02
|            ( - 8.202e+02 9 0 QUESTION0 -1 9.525e+01 4.803e+01)
|            ( - 2.054e+03 21 0 QUESTION0_17_R 1 2.257e+02 1.023e+02))
|        ( QUESTION0_1_R 1 3.967e+03 3.431e+02 1.917e+02
|            ( QUESTION7 1 1.755e+03 2.293e+02 9.481e+01
|                ( - 9.880e+02 9 0 QUESTION17 1 1.223e+02 5.782e+01)
|                ( - 5.381e+02 5 0 QUESTION0 1 8.411e+01 3.699e+01))
|            ( QUESTION4 1 1.869e+03 2.373e+02 9.693e+01
|                ( - 9.546e+02 9 0 QUESTION0 -1 1.192e+02 5.463e+01)
|                ( - 6.767e+02 9 0 WDBNDRY_B 0 1.021e+02 4.229e+01)))))
s>    ( WDBNDRY_I 0 1.198e+04 7.632e+02 5.253e+02
s>        ( QUESTION0 1 3.530e+03 3.841e+02 1.832e+02
s>            ( - 2.029e+03 5 0)
s>            ( - 1.117e+03 13 0 QUESTION4 1 1.451e+02 6.685e+01))
s>        ( QUESTION2 1 7.687e+03 5.238e+02 3.421e+02
s>            ( WDBNDRY_B 0 3.196e+03 3.219e+02 1.504e+02
s>                ( - 8.202e+02 9 0 QUESTION0 -1 9.525e+01 4.803e+01)
s>                ( - 2.054e+03 21 0 QUESTION0_17_R 1 2.257e+02 1.023e+02))
s>            ( QUESTION0_1_R 1 3.967e+03 3.431e+02 1.917e+02
s>                ( QUESTION7 1 1.755e+03 2.293e+02 9.481e+01
s>                    ( - 9.880e+02 9 0 QUESTION17 1 1.223e+02 5.782e+01)
s>                    ( - 5.381e+02 5 0 QUESTION0 1 8.411e+01 3.699e+01))
s>                ( QUESTION4 1 1.869e+03 2.373e+02 9.693e+01
s>                    ( - 9.546e+02 9 0 QUESTION0 -1 1.192e+02 5.463e+01)
s>                    ( - 6.767e+02 9 0 WDBNDRY_B 0 1.021e+02 4.229e+01)))))INFO: dtree.c(1315): Comp split 1
INFO: dtree.c(1478): Final simple tree
|( QUESTION0 -1 6.522e+03 5.118e+02 3.182e+02
|    ( QUESTION0 1 3.770e+03 3.463e+02 1.983e+02
|        ( WDBNDRY_B 0 2.111e+03 1.985e+02 1.249e+02
|            ( - 6.173e+02 5 0)
|            ( - 1.295e+03 3 0))
|        ( QUESTION6 1 1.314e+03 1.781e+02 7.346e+01
|            ( - 7.960e+02 8 0 WDBNDRY_B 0 9.922e+01 4.863e+01)
|            ( - 3.395e+02 8 0 QUESTION8 1 6.569e+01 2.483e+01)))
|    ( QUESTION6 -1 2.240e+03 3.008e+02 1.199e+02
|        ( QUESTION0 1 9.008e+02 1.474e+02 6.102e+01
|            ( - 4.343e+02 3 0 WDBNDRY_B 0 7.641e+01 3.327e+01)
|            ( - 3.192e+02 3 0 WDBNDRY_B 0 5.756e+01 2.775e+01))
|        ( QUESTION2_13_L -1 1.039e+03 1.637e+02 5.889e+01
|            ( - 3.284e+02 5 0 WDBNDRY_B 0 7.744e+01 2.389e+01)
|            ( - 5.465e+02 9 0 QUESTION2_2_L -1 1.022e+02 3.500e+01))))
s>    ( QUESTION0 -1 6.522e+03 5.118e+02 3.182e+02
s>        ( QUESTION0 1 3.770e+03 3.463e+02 1.983e+02
s>            ( WDBNDRY_B 0 2.111e+03 1.985e+02 1.249e+02
s>                ( - 6.173e+02 5 0)
s>                ( - 1.295e+03 3 0))
s>            ( QUESTION6 1 1.314e+03 1.781e+02 7.346e+01
s>                ( - 7.960e+02 8 0 WDBNDRY_B 0 9.922e+01 4.863e+01)
s>                ( - 3.395e+02 8 0 QUESTION8 1 6.569e+01 2.483e+01)))
s>        ( QUESTION6 -1 2.240e+03 3.008e+02 1.199e+02
s>            ( QUESTION0 1 9.008e+02 1.474e+02 6.102e+01
s>                ( - 4.343e+02 3 0 WDBNDRY_B 0 7.641e+01 3.327e+01)
s>                ( - 3.192e+02 3 0 WDBNDRY_B 0 5.756e+01 2.775e+01))
s>            ( QUESTION2_13_L -1 1.039e+03 1.637e+02 5.889e+01
s>                ( - 3.284e+02 5 0 WDBNDRY_B 0 7.744e+01 2.389e+01)
s>                ( - 5.465e+02 9 0 QUESTION2_2_L -1 1.022e+02 3.500e+01))))INFO: dtree.c(1478): Final simple tree
|( QUESTION0_3_R 1 3.054e+03 3.844e+02 1.659e+02
|    ( QUESTION6 -1 1.271e+03 1.315e+02 9.175e+01
|        ( WDBNDRY_B 0 9.813e+02 8.256e+01 7.875e+01
|            ( - 9.008e+01 1 0)
|            ( - 8.087e+02 2 0))
|        ( - 1.579e+02 5 0 WDBNDRY_B 0 4.670e+01 1.300e+01))
|    ( QUESTION1 1 1.399e+03 2.033e+02 7.413e+01
|        ( QUESTION0_0_R 1 5.442e+02 1.067e+02 3.500e+01
|            ( - 1.032e+02 1 0)
|            ( QUESTION0 -1 3.343e+02 6.860e+01 2.100e+01
|                ( - 1.768e+02 3 0)
|                ( - 8.898e+01 3 0 QUESTION6 -1 3.061e+01 8.000e+00)))
|        ( QUESTION0_5_R 1 6.514e+02 6.336e+01 3.913e+01
|            ( - 5.509e+02 7 0 QUESTION0 -1 6.201e+01 3.414e+01)
|            ( - 3.712e+01 2 0 SILENCE 1 1.529e+01 4.995e+00))))
s>    ( QUESTION0_3_R 1 3.054e+03 3.844e+02 1.659e+02
s>        ( QUESTION6 -1 1.271e+03 1.315e+02 9.175e+01
s>            ( WDBNDRY_B 0 9.813e+02 8.256e+01 7.875e+01
s>                ( - 9.008e+01 1 0)
s>                ( - 8.087e+02 2 0))
s>            ( - 1.579e+02 5 0 WDBNDRY_B 0 4.670e+01 1.300e+01))
s>        ( QUESTION1 1 1.399e+03 2.033e+02 7.413e+01
s>            ( QUESTION0_0_R 1 5.442e+02 1.067e+02 3.500e+01
s>                ( - 1.032e+02 1 0)
s>                ( QUESTION0 -1 3.343e+02 6.860e+01 2.100e+01
s>                    ( - 1.768e+02 3 0)
s>                    ( - 8.898e+01 3 0 QUESTION6 -1 3.061e+01 8.000e+00)))
s>            ( QUESTION0_5_R 1 6.514e+02 6.336e+01 3.913e+01
s>                ( - 5.509e+02 7 0 QUESTION0 -1 6.201e+01 3.414e+01)
s>                ( - 3.712e+01 2 0 SILENCE 1 1.529e+01 4.995e+00))))INFO: dtree.c(1315): Comp split 2
INFO: dtree.c(1478): Final simple tree
|( QUESTION0_0_R 1 4.853e+03 4.715e+02 2.378e+02
|    ( QUESTION0 1 2.105e+03 5.474e+01 1.203e+02
|        ( - 2.029e+03 5 0)
|        ( - 2.118e+01 1 0))
|    ( WDBNDRY_E 0 2.276e+03 2.840e+02 1.175e+02
|        ( QUESTION0 -1 8.386e+02 7.623e+01 4.963e+01
|            ( - 7.084e+02 5 0)
|            ( - 5.400e+01 3 0))
|        ( QUESTION0 -1 1.154e+03 1.680e+02 6.785e+01
|            ( QUESTION4 1 7.320e+02 1.288e+02 4.885e+01
|                ( - 4.177e+02 4 0)
|                ( - 1.855e+02 4 0 QUESTION0_12_R 1 4.414e+01 1.501e+01))
|            ( QUESTION6 -1 2.536e+02 5.333e+01 1.900e+01
|                ( - 1.342e+02 3 0)
|                ( - 6.602e+01 2 0 WDBNDRY_B 0 2.136e+01 7.000e+00)))))
s>    ( QUESTION0_0_R 1 4.853e+03 4.715e+02 2.378e+02
s>        ( QUESTION0 1 2.105e+03 5.474e+01 1.203e+02
s>            ( - 2.029e+03 5 0)
s>            ( - 2.118e+01 1 0))
s>        ( WDBNDRY_E 0 2.276e+03 2.840e+02 1.175e+02
s>            ( QUESTION0 -1 8.386e+02 7.623e+01 4.963e+01
s>                ( - 7.084e+02 5 0)
s>                ( - 5.400e+01 3 0))
s>            ( QUESTION0 -1 1.154e+03 1.680e+02 6.785e+01
s>                ( QUESTION4 1 7.320e+02 1.288e+02 4.885e+01
s>                    ( - 4.177e+02 4 0)
s>                    ( - 1.855e+02 4 0 QUESTION0_12_R 1 4.414e+01 1.501e+01))
s>                ( QUESTION6 -1 2.536e+02 5.333e+01 1.900e+01
s>                    ( - 1.342e+02 3 0)
s>                    ( - 6.602e+01 2 0 WDBNDRY_B 0 2.136e+01 7.000e+00)))))INFO: dtree.c(1478): Final simple tree
|( QUESTION0_0_R 1 6.345e+03 4.837e+02 2.875e+02
|    ( QUESTION7 1 2.508e+03 2.692e+02 1.291e+02
|        ( QUESTION17 1 9.880e+02 1.223e+02 5.782e+01
|            ( - 6.840e+02 5 0 QUESTION0 -1 1.075e+02 4.374e+01)
|            ( - 1.817e+02 4 0 QUESTION8 1 4.659e+01 1.409e+01))
|        ( QUESTION0_1_R 1 1.251e+03 1.840e+02 7.128e+01
|            ( - 5.381e+02 5 0 QUESTION0 1 8.411e+01 3.699e+01)
|            ( - 5.290e+02 8 0 WDBNDRY_B 0 5.744e+01 3.430e+01)))
|    ( WDBNDRY_B 0 3.353e+03 3.191e+02 1.584e+02
|        ( - 8.202e+02 9 0 QUESTION0 -1 9.525e+01 4.803e+01)
|        ( QUESTION0_12_R 1 2.213e+03 2.444e+02 1.103e+02
|            ( - 6.749e+02 10 0 QUESTION0 -1 1.021e+02 3.926e+01)
|            ( QUESTION0_16_R 1 1.294e+03 1.670e+02 7.106e+01
|                ( - 3.536e+02 5 0 QUESTION0 -1 4.550e+01 2.600e+01)
|                ( - 7.734e+02 7 0 QUESTION0_18_R 1 9.956e+01 4.506e+01)))))
s>    ( QUESTION0_0_R 1 6.345e+03 4.837e+02 2.875e+02
s>        ( QUESTION7 1 2.508e+03 2.692e+02 1.291e+02
s>            ( QUESTION17 1 9.880e+02 1.223e+02 5.782e+01
s>                ( - 6.840e+02 5 0 QUESTION0 -1 1.075e+02 4.374e+01)
s>                ( - 1.817e+02 4 0 QUESTION8 1 4.659e+01 1.409e+01))
s>            ( QUESTION0_1_R 1 1.251e+03 1.840e+02 7.128e+01
s>                ( - 5.381e+02 5 0 QUESTION0 1 8.411e+01 3.699e+01)
s>                ( - 5.290e+02 8 0 WDBNDRY_B 0 5.744e+01 3.430e+01)))
s>        ( WDBNDRY_B 0 3.353e+03 3.191e+02 1.584e+02
s>            ( - 8.202e+02 9 0 QUESTION0 -1 9.525e+01 4.803e+01)
s>            ( QUESTION0_12_R 1 2.213e+03 2.444e+02 1.103e+02
s>                ( - 6.749e+02 10 0 QUESTION0 -1 1.021e+02 3.926e+01)
s>                ( QUESTION0_16_R 1 1.294e+03 1.670e+02 7.106e+01
s>                    ( - 3.536e+02 5 0 QUESTION0 -1 4.550e+01 2.600e+01)
s>                    ( - 7.734e+02 7 0 QUESTION0_18_R 1 9.956e+01 4.506e+01)))))INFO: dtree.c(1315): Comp split 3
INFO: dtree.c(1478): Final simple tree
|( QUESTION3 -1 2.003e+03 2.894e+02 1.097e+02
|    ( QUESTION0 1 9.008e+02 1.474e+02 6.102e+01
|        ( WDBNDRY_B 0 4.343e+02 7.641e+01 3.327e+01
|            ( - 2.769e+02 2 0)
|            ( - 8.094e+01 1 0))
|        ( WDBNDRY_B 0 3.192e+02 5.756e+01 2.775e+01
|            ( - 2.327e+02 1 0)
|            ( - 2.894e+01 2 0)))
|    ( QUESTION7 1 8.127e+02 1.483e+02 4.872e+01
|        ( QUESTION8 1 3.836e+02 6.814e+01 2.683e+01
|            ( - 7.592e+01 3 0 WDBNDRY_B 0 2.378e+01 6.998e+00)
|            ( - 2.395e+02 6 0 QUESTION0 -1 3.421e+01 1.983e+01))
|        ( QUESTION2_14_L -1 2.809e+02 6.988e+01 2.189e+01
|            ( - 4.818e+01 1 0)
|            ( - 1.628e+02 3 0 WDBNDRY_B 0 3.360e+01 1.500e+01))))
s>    ( QUESTION3 -1 2.003e+03 2.894e+02 1.097e+02
s>        ( QUESTION0 1 9.008e+02 1.474e+02 6.102e+01
s>            ( WDBNDRY_B 0 4.343e+02 7.641e+01 3.327e+01
s>                ( - 2.769e+02 2 0)
s>                ( - 8.094e+01 1 0))
s>            ( WDBNDRY_B 0 3.192e+02 5.756e+01 2.775e+01
s>                ( - 2.327e+02 1 0)
s>                ( - 2.894e+01 2 0)))
s>        ( QUESTION7 1 8.127e+02 1.483e+02 4.872e+01
s>            ( QUESTION8 1 3.836e+02 6.814e+01 2.683e+01
s>                ( - 7.592e+01 3 0 WDBNDRY_B 0 2.378e+01 6.998e+00)
s>                ( - 2.395e+02 6 0 QUESTION0 -1 3.421e+01 1.983e+01))
s>            ( QUESTION2_14_L -1 2.809e+02 6.988e+01 2.189e+01
s>                ( - 4.818e+01 1 0)
s>                ( - 1.628e+02 3 0 WDBNDRY_B 0 3.360e+01 1.500e+01))))INFO: dtree.c(1478): Final simple tree
|( WDBNDRY_B 0 3.979e+03 3.036e+02 2.085e+02
|    ( QUESTION0 -1 1.546e+03 1.860e+02 8.605e+01
|        ( QUESTION0 1 8.612e+02 1.046e+02 5.305e+01
|            ( - 6.173e+02 5 0)
|            ( - 1.394e+02 3 0))
|        ( QUESTION2_2_L -1 4.992e+02 9.449e+01 3.300e+01
|            ( QUESTION4 -1 2.219e+02 5.556e+01 1.700e+01
|                ( - 7.968e+01 3 0 QUESTION0 1 2.852e+01 8.001e+00)
|                ( - 8.668e+01 2 0 QUESTION2 -1 2.726e+01 8.999e+00))
|            ( - 1.828e+02 3 0 QUESTION8 -1 4.951e+01 1.600e+01)))
|    ( QUESTION0 1 2.129e+03 2.166e+02 1.225e+02
|        ( QUESTION0 -1 1.355e+03 5.165e+01 8.673e+01
|            ( - 1.295e+03 3 0)
|            ( - 8.250e+00 1 0))
|        ( - 5.574e+02 5 0)))
s>    ( WDBNDRY_B 0 3.979e+03 3.036e+02 2.085e+02
s>        ( QUESTION0 -1 1.546e+03 1.860e+02 8.605e+01
s>            ( QUESTION0 1 8.612e+02 1.046e+02 5.305e+01
s>                ( - 6.173e+02 5 0)
s>                ( - 1.394e+02 3 0))
s>            ( QUESTION2_2_L -1 4.992e+02 9.449e+01 3.300e+01
s>                ( QUESTION4 -1 2.219e+02 5.556e+01 1.700e+01
s>                    ( - 7.968e+01 3 0 QUESTION0 1 2.852e+01 8.001e+00)
s>                    ( - 8.668e+01 2 0 QUESTION2 -1 2.726e+01 8.999e+00))
s>                ( - 1.828e+02 3 0 QUESTION8 -1 4.951e+01 1.600e+01)))
s>        ( QUESTION0 1 2.129e+03 2.166e+02 1.225e+02
s>            ( QUESTION0 -1 1.355e+03 5.165e+01 8.673e+01
s>                ( - 1.295e+03 3 0)
s>                ( - 8.250e+00 1 0))
s>            ( - 5.574e+02 5 0)))INFO: dtree.c(1315): Comp split 4
INFO: dtree.c(1478): Final simple tree
|( QUESTION0_13_R 1 3.041e+03 3.332e+02 1.473e+02
|    ( QUESTION0_16_R 1 1.294e+03 1.670e+02 7.106e+01
|        ( - 3.536e+02 5 0 QUESTION0 -1 4.550e+01 2.600e+01)
|        ( QUESTION0_18_R 1 7.734e+02 9.956e+01 4.506e+01
|            ( - 1.106e+02 3 0 QUESTION0 -1 3.316e+01 9.000e+00)
|            ( QUESTION0 -1 5.632e+02 6.108e+01 3.606e+01
|                ( - 4.701e+02 3 0)
|                ( - 3.202e+01 1 0))))
|    ( QUESTION0 1 1.414e+03 2.052e+02 7.625e+01
|        ( - 3.874e+02 1 0)
|        ( QUESTION0 -1 8.212e+02 1.136e+02 4.626e+01
|            ( QUESTION2 1 5.229e+02 8.521e+01 3.209e+01
|                ( - 2.894e+02 6 0)
|                ( - 1.483e+02 4 0 QUESTION0_0_R 1 3.672e+01 1.300e+01))
|            ( - 1.846e+02 4 0 QUESTION0_0_R 1 2.771e+01 1.417e+01))))
s>    ( QUESTION0_13_R 1 3.041e+03 3.332e+02 1.473e+02
s>        ( QUESTION0_16_R 1 1.294e+03 1.670e+02 7.106e+01
s>            ( - 3.536e+02 5 0 QUESTION0 -1 4.550e+01 2.600e+01)
s>            ( QUESTION0_18_R 1 7.734e+02 9.956e+01 4.506e+01
s>                ( - 1.106e+02 3 0 QUESTION0 -1 3.316e+01 9.000e+00)
s>                ( QUESTION0 -1 5.632e+02 6.108e+01 3.606e+01
s>                    ( - 4.701e+02 3 0)
s>                    ( - 3.202e+01 1 0))))
s>        ( QUESTION0 1 1.414e+03 2.052e+02 7.625e+01
s>            ( - 3.874e+02 1 0)
s>            ( QUESTION0 -1 8.212e+02 1.136e+02 4.626e+01
s>                ( QUESTION2 1 5.229e+02 8.521e+01 3.209e+01
s>                    ( - 2.894e+02 6 0)
s>                    ( - 1.483e+02 4 0 QUESTION0_0_R 1 3.672e+01 1.300e+01))
s>                ( - 1.846e+02 4 0 QUESTION0_0_R 1 2.771e+01 1.417e+01))))INFO: dtree.c(1478): Final simple tree
|( QUESTION15 1 2.780e+03 2.614e+02 1.402e+02
|    ( QUESTION0 -1 8.153e+02 1.123e+02 4.873e+01
|        ( QUESTION16 1 5.858e+02 7.693e+01 3.773e+01
|            ( - 4.955e+01 2 0)
|            ( - 4.593e+02 3 0))
|        ( - 1.171e+02 2 0))
|    ( QUESTION0_0_R 1 1.704e+03 1.904e+02 9.143e+01
|        ( WDBNDRY_B 0 6.931e+02 9.474e+01 4.340e+01
|            ( - 4.473e+02 6 0)
|            ( QUESTION0_1_R 1 1.511e+02 4.130e+01 1.309e+01
|                ( - 8.559e+01 2 0)
|                ( - 2.419e+01 2 0)))
|        ( QUESTION0 -1 8.202e+02 9.525e+01 4.803e+01
|            ( - 5.973e+02 6 0)
|            ( - 1.276e+02 3 0 QUESTION2 -1 3.794e+01 1.000e+01))))
s>    ( QUESTION15 1 2.780e+03 2.614e+02 1.402e+02
s>        ( QUESTION0 -1 8.153e+02 1.123e+02 4.873e+01
s>            ( QUESTION16 1 5.858e+02 7.693e+01 3.773e+01
s>                ( - 4.955e+01 2 0)
s>                ( - 4.593e+02 3 0))
s>            ( - 1.171e+02 2 0))
s>        ( QUESTION0_0_R 1 1.704e+03 1.904e+02 9.143e+01
s>            ( WDBNDRY_B 0 6.931e+02 9.474e+01 4.340e+01
s>                ( - 4.473e+02 6 0)
s>                ( QUESTION0_1_R 1 1.511e+02 4.130e+01 1.309e+01
s>                    ( - 8.559e+01 2 0)
s>                    ( - 2.419e+01 2 0)))
s>            ( QUESTION0 -1 8.202e+02 9.525e+01 4.803e+01
s>                ( - 5.973e+02 6 0)
s>                ( - 1.276e+02 3 0 QUESTION2 -1 3.794e+01 1.000e+01))))INFO: dtree.c(1315): Comp split 5
INFO: dtree.c(1478): Final simple tree
|( WDBNDRY_E 0 2.276e+03 2.840e+02 1.175e+02
|    ( QUESTION0 -1 8.386e+02 7.623e+01 4.963e+01
|        ( - 7.084e+02 5 0)
|        ( - 5.400e+01 3 0))
|    ( QUESTION0 -1 1.154e+03 1.680e+02 6.785e+01
|        ( QUESTION4 1 7.320e+02 1.288e+02 4.885e+01
|            ( - 4.177e+02 4 0)
|            ( QUESTION0_12_R 1 1.855e+02 4.414e+01 1.501e+01
|                ( QUESTION2 1 5.071e+01 2.154e+01 6.000e+00
|                    ( - 2.156e+01 1 0)
|                    ( - 7.619e+00 1 0))
|                ( - 9.064e+01 2 0)))
|        ( QUESTION6 -1 2.536e+02 5.333e+01 1.900e+01
|            ( - 1.342e+02 3 0)
|            ( - 6.602e+01 2 0 WDBNDRY_B 0 2.136e+01 7.000e+00))))
s>    ( WDBNDRY_E 0 2.276e+03 2.840e+02 1.175e+02
s>        ( QUESTION0 -1 8.386e+02 7.623e+01 4.963e+01
s>            ( - 7.084e+02 5 0)
s>            ( - 5.400e+01 3 0))
s>        ( QUESTION0 -1 1.154e+03 1.680e+02 6.785e+01
s>            ( QUESTION4 1 7.320e+02 1.288e+02 4.885e+01
s>                ( - 4.177e+02 4 0)
s>                ( QUESTION0_12_R 1 1.855e+02 4.414e+01 1.501e+01
s>                    ( QUESTION2 1 5.071e+01 2.154e+01 6.000e+00
s>                        ( - 2.156e+01 1 0)
s>                        ( - 7.619e+00 1 0))
s>                    ( - 9.064e+01 2 0)))
s>            ( QUESTION6 -1 2.536e+02 5.333e+01 1.900e+01
s>                ( - 1.342e+02 3 0)
s>                ( - 6.602e+01 2 0 WDBNDRY_B 0 2.136e+01 7.000e+00))))INFO: dtree.c(1439): stop. leaf nodes are specific
INFO: dtree.c(1478): Final simple tree
|( QUESTION0 1 2.105e+03 5.474e+01 1.203e+02
|    ( - 2.029e+03 5 0)
|    ( - 2.118e+01 1 0))
s>    ( QUESTION0 1 2.105e+03 5.474e+01 1.203e+02
s>        ( - 2.029e+03 5 0)
s>        ( - 2.118e+01 1 0))INFO: dtree.c(1315): Comp split 6
INFO: dtree.c(1439): stop. leaf nodes are specific
INFO: dtree.c(1478): Final simple tree
|( WDBNDRY_I 0 1.204e+03 1.442e+02 9.275e+01
|    ( - 8.087e+02 2 0)
|    ( WDBNDRY_B 0 2.515e+02 5.820e+01 2.499e+01
|        ( - 9.008e+01 1 0)
|        ( - 1.032e+02 1 0)))
s>    ( WDBNDRY_I 0 1.204e+03 1.442e+02 9.275e+01
s>        ( - 8.087e+02 2 0)
s>        ( WDBNDRY_B 0 2.515e+02 5.820e+01 2.499e+01
s>            ( - 9.008e+01 1 0)
s>            ( - 1.032e+02 1 0)))INFO: dtree.c(1478): Final simple tree
|( QUESTION0_4_R 1 1.453e+03 2.074e+02 7.313e+01
|    ( QUESTION0 -1 5.955e+02 6.203e+01 3.614e+01
|        ( QUESTION0_5_R 1 4.999e+02 3.678e+01 3.214e+01
|            ( - 4.553e+02 4 0)
|            ( - 7.834e+00 1 0))
|        ( - 3.360e+01 3 0 WDBNDRY_B 0 1.680e+01 4.000e+00))
|    ( QUESTION3 -1 6.498e+02 1.125e+02 3.700e+01
|        ( QUESTION2_0_L -1 2.495e+02 6.471e+01 1.800e+01
|            ( WDBNDRY_E 0 9.990e+01 3.584e+01 9.000e+00
|                ( - 4.259e+01 2 0)
|                ( - 2.147e+01 2 0 QUESTION8 -1 1.223e+01 4.000e+00))
|            ( - 8.484e+01 2 0 WDBNDRY_B 0 2.545e+01 9.000e+00))
|        ( QUESTION0_11_R 1 2.879e+02 5.167e+01 1.900e+01
|            ( - 1.768e+02 3 0)
|            ( - 5.949e+01 3 0 WDBNDRY_E 0 2.381e+01 5.995e+00))))
s>    ( QUESTION0_4_R 1 1.453e+03 2.074e+02 7.313e+01
s>        ( QUESTION0 -1 5.955e+02 6.203e+01 3.614e+01
s>            ( QUESTION0_5_R 1 4.999e+02 3.678e+01 3.214e+01
s>                ( - 4.553e+02 4 0)
s>                ( - 7.834e+00 1 0))
s>            ( - 3.360e+01 3 0 WDBNDRY_B 0 1.680e+01 4.000e+00))
s>        ( QUESTION3 -1 6.498e+02 1.125e+02 3.700e+01
s>            ( QUESTION2_0_L -1 2.495e+02 6.471e+01 1.800e+01
s>                ( WDBNDRY_E 0 9.990e+01 3.584e+01 9.000e+00
s>                    ( - 4.259e+01 2 0)
s>                    ( - 2.147e+01 2 0 QUESTION8 -1 1.223e+01 4.000e+00))
s>                ( - 8.484e+01 2 0 WDBNDRY_B 0 2.545e+01 9.000e+00))
s>            ( QUESTION0_11_R 1 2.879e+02 5.167e+01 1.900e+01
s>                ( - 1.768e+02 3 0)
s>                ( - 5.949e+01 3 0 WDBNDRY_E 0 2.381e+01 5.995e+00))))INFO: dtree.c(1315): Comp split 7
INFO: dtree.c(1439): stop. leaf nodes are specific
INFO: dtree.c(1478): Final simple tree
|( WDBNDRY_B 0 1.675e+03 1.579e+02 1.017e+02
|    ( QUESTION4 -1 2.219e+02 5.556e+01 1.700e+01
|        ( QUESTION0 1 7.968e+01 2.852e+01 8.001e+00
|            ( - 3.462e+01 2 0)
|            ( - 1.654e+01 1 0))
|        ( QUESTION2 -1 8.668e+01 2.726e+01 8.999e+00
|            ( - 3.411e+01 1 0)
|            ( - 2.532e+01 1 0)))
|    ( - 1.295e+03 3 0))
s>    ( WDBNDRY_B 0 1.675e+03 1.579e+02 1.017e+02
s>        ( QUESTION4 -1 2.219e+02 5.556e+01 1.700e+01
s>            ( QUESTION0 1 7.968e+01 2.852e+01 8.001e+00
s>                ( - 3.462e+01 2 0)
s>                ( - 1.654e+01 1 0))
s>            ( QUESTION2 -1 8.668e+01 2.726e+01 8.999e+00
s>                ( - 3.411e+01 1 0)
s>                ( - 2.532e+01 1 0)))
s>        ( - 1.295e+03 3 0))INFO: dtree.c(1439): stop. leaf nodes are specific
INFO: dtree.c(1478): Final simple tree
|( QUESTION0 1 1.965e+03 2.128e+02 1.068e+02
|    ( QUESTION0 -1 9.560e+02 1.163e+02 5.815e+01
|        ( - 6.173e+02 5 0)
|        ( QUESTION2 -1 2.224e+02 5.030e+01 1.800e+01
|            ( WDBNDRY_B 0 7.658e+01 2.560e+01 8.000e+00
|                ( - 4.274e+01 1 0)
|                ( - 8.250e+00 1 0))
|            ( QUESTION8 -1 9.555e+01 3.702e+01 1.000e+01
|                ( - 2.272e+01 1 0)
|                ( - 3.582e+01 1 0))))
|    ( WDBNDRY_B 0 7.960e+02 9.922e+01 4.863e+01
|        ( - 1.394e+02 3 0)
|        ( - 5.574e+02 5 0)))
s>    ( QUESTION0 1 1.965e+03 2.128e+02 1.068e+02
s>        ( QUESTION0 -1 9.560e+02 1.163e+02 5.815e+01
s>            ( - 6.173e+02 5 0)
s>            ( QUESTION2 -1 2.224e+02 5.030e+01 1.800e+01
s>                ( WDBNDRY_B 0 7.658e+01 2.560e+01 8.000e+00
s>                    ( - 4.274e+01 1 0)
s>                    ( - 8.250e+00 1 0))
s>                ( QUESTION8 -1 9.555e+01 3.702e+01 1.000e+01
s>                    ( - 2.272e+01 1 0)
s>                    ( - 3.582e+01 1 0))))
s>        ( WDBNDRY_B 0 7.960e+02 9.922e+01 4.863e+01
s>            ( - 1.394e+02 3 0)
s>            ( - 5.574e+02 5 0)))INFO: dtree.c(1315): Comp split 8
INFO: dtree.c(1478): Final simple tree
|( QUESTION0 -1 1.625e+03 1.957e+02 8.524e+01
|    ( QUESTION0_16_R 1 1.057e+03 1.549e+02 6.017e+01
|        ( - 2.968e+02 4 0)
|        ( QUESTION0_18_R 1 6.057e+02 7.578e+01 3.716e+01
|            ( - 5.980e+01 2 0)
|            ( - 4.701e+02 3 0)))
|    ( QUESTION0_13_R 1 3.720e+02 7.400e+01 2.507e+01
|        ( QUESTION0_18_R 1 1.134e+02 2.932e+01 1.090e+01
|            ( - 1.760e+01 1 0)
|            ( QUESTION0_16_R 1 6.649e+01 2.318e+01 7.896e+00
|                ( - 1.128e+01 1 0)
|                ( - 3.202e+01 1 0)))
|        ( QUESTION0_0_R 1 1.846e+02 2.771e+01 1.417e+01
|            ( - 5.018e+00 1 0)
|            ( - 1.519e+02 3 0))))
s>    ( QUESTION0 -1 1.625e+03 1.957e+02 8.524e+01
s>        ( QUESTION0_16_R 1 1.057e+03 1.549e+02 6.017e+01
s>            ( - 2.968e+02 4 0)
s>            ( QUESTION0_18_R 1 6.057e+02 7.578e+01 3.716e+01
s>                ( - 5.980e+01 2 0)
s>                ( - 4.701e+02 3 0)))
s>        ( QUESTION0_13_R 1 3.720e+02 7.400e+01 2.507e+01
s>            ( QUESTION0_18_R 1 1.134e+02 2.932e+01 1.090e+01
s>                ( - 1.760e+01 1 0)
s>                ( QUESTION0_16_R 1 6.649e+01 2.318e+01 7.896e+00
s>                    ( - 1.128e+01 1 0)
s>                    ( - 3.202e+01 1 0)))
s>            ( QUESTION0_0_R 1 1.846e+02 2.771e+01 1.417e+01
s>                ( - 5.018e+00 1 0)
s>                ( - 1.519e+02 3 0))))INFO: dtree.c(1439): stop. leaf nodes are specific
INFO: dtree.c(1478): Final simple tree
|( QUESTION0 1 1.080e+03 1.702e+02 6.208e+01
|    ( - 3.874e+02 1 0)
|    ( QUESTION2 1 5.229e+02 8.521e+01 3.209e+01
|        ( - 2.894e+02 6 0)
|        ( QUESTION0_0_R 1 1.483e+02 3.672e+01 1.300e+01
|            ( QUESTION4 1 4.435e+01 1.474e+01 5.000e+00
|                ( - 5.877e-01 1 0)
|                ( - 2.902e+01 2 0))
|            ( - 6.718e+01 1 0))))
s>    ( QUESTION0 1 1.080e+03 1.702e+02 6.208e+01
s>        ( - 3.874e+02 1 0)
s>        ( QUESTION2 1 5.229e+02 8.521e+01 3.209e+01
s>            ( - 2.894e+02 6 0)
s>            ( QUESTION0_0_R 1 1.483e+02 3.672e+01 1.300e+01
s>                ( QUESTION4 1 4.435e+01 1.474e+01 5.000e+00
s>                    ( - 5.877e-01 1 0)
s>                    ( - 2.902e+01 2 0))
s>                ( - 6.718e+01 1 0))))INFO: dtree.c(1315): Comp split 9
INFO: dtree.c(1478): Final simple tree
|( QUESTION7 1 7.586e+02 1.306e+02 4.684e+01
|    ( QUESTION8 1 3.836e+02 6.814e+01 2.683e+01
|        ( WDBNDRY_B 0 7.592e+01 2.378e+01 6.998e+00
|            ( - 1.823e+01 1 0)
|            ( - 3.391e+01 2 0 QUESTION9 1 1.666e+01 3.999e+00))
|        ( QUESTION0 -1 2.395e+02 3.421e+01 1.983e+01
|            ( - 1.979e+02 5 0)
|            ( - 7.401e+00 1 0)))
|    ( QUESTION0 1 2.444e+02 5.741e+01 2.001e+01
|        ( WDBNDRY_B 0 1.217e+02 3.123e+01 1.200e+01
|            ( - 1.565e+01 1 0)
|            ( - 7.485e+01 1 0))
|        ( QUESTION2 -1 6.526e+01 2.459e+01 8.014e+00
|            ( - 1.173e+01 1 0)
|            ( - 2.894e+01 2 0))))
s>    ( QUESTION7 1 7.586e+02 1.306e+02 4.684e+01
s>        ( QUESTION8 1 3.836e+02 6.814e+01 2.683e+01
s>            ( WDBNDRY_B 0 7.592e+01 2.378e+01 6.998e+00
s>                ( - 1.823e+01 1 0)
s>                ( - 3.391e+01 2 0 QUESTION9 1 1.666e+01 3.999e+00))
s>            ( QUESTION0 -1 2.395e+02 3.421e+01 1.983e+01
s>                ( - 1.979e+02 5 0)
s>                ( - 7.401e+00 1 0)))
s>        ( QUESTION0 1 2.444e+02 5.741e+01 2.001e+01
s>            ( WDBNDRY_B 0 1.217e+02 3.123e+01 1.200e+01
s>                ( - 1.565e+01 1 0)
s>                ( - 7.485e+01 1 0))
s>            ( QUESTION2 -1 6.526e+01 2.459e+01 8.014e+00
s>                ( - 1.173e+01 1 0)
s>                ( - 2.894e+01 2 0))))INFO: dtree.c(1439): stop. leaf nodes are specific
INFO: dtree.c(1478): Final simple tree
|( QUESTION0 1 9.335e+02 1.539e+02 6.290e+01
|    ( WDBNDRY_B 0 4.343e+02 7.641e+01 3.327e+01
|        ( - 2.769e+02 2 0)
|        ( - 8.094e+01 1 0))
|    ( QUESTION2 -1 3.454e+02 6.451e+01 2.963e+01
|        ( - 4.818e+01 1 0)
|        ( - 2.327e+02 1 0)))
s>    ( QUESTION0 1 9.335e+02 1.539e+02 6.290e+01
s>        ( WDBNDRY_B 0 4.343e+02 7.641e+01 3.327e+01
s>            ( - 2.769e+02 2 0)
s>            ( - 8.094e+01 1 0))
s>        ( QUESTION2 -1 3.454e+02 6.451e+01 2.963e+01
s>            ( - 4.818e+01 1 0)
s>            ( - 2.327e+02 1 0)))INFO: dtree.c(1315): Comp split 10
INFO: dtree.c(1439): stop. leaf nodes are specific
INFO: dtree.c(1478): Final simple tree
|( QUESTION0 -1 8.951e+02 1.584e+02 5.684e+01
|    ( QUESTION2 1 4.831e+02 4.387e+01 3.784e+01
|        ( - 2.156e+01 1 0)
|        ( - 4.177e+02 4 0))
|    ( QUESTION6 -1 2.536e+02 5.333e+01 1.900e+01
|        ( - 1.342e+02 3 0)
|        ( WDBNDRY_B 0 6.602e+01 2.136e+01 7.000e+00
|            ( - 3.588e+01 1 0)
|            ( - 8.784e+00 1 0))))
s>    ( QUESTION0 -1 8.951e+02 1.584e+02 5.684e+01
s>        ( QUESTION2 1 4.831e+02 4.387e+01 3.784e+01
s>            ( - 2.156e+01 1 0)
s>            ( - 4.177e+02 4 0))
s>        ( QUESTION6 -1 2.536e+02 5.333e+01 1.900e+01
s>            ( - 1.342e+02 3 0)
s>            ( WDBNDRY_B 0 6.602e+01 2.136e+01 7.000e+00
s>                ( - 3.588e+01 1 0)
s>                ( - 8.784e+00 1 0))))INFO: dtree.c(1439): stop. leaf nodes are specific
INFO: dtree.c(1478): Final simple tree
|( WDBNDRY_E 0 1.082e+03 1.198e+02 6.064e+01
|    ( QUESTION0 -1 8.386e+02 7.623e+01 4.963e+01
|        ( - 7.084e+02 5 0)
|        ( - 5.400e+01 3 0))
|    ( QUESTION0_12_R 1 1.232e+02 2.496e+01 1.101e+01
|        ( - 7.619e+00 1 0)
|        ( - 9.064e+01 2 0)))
s>    ( WDBNDRY_E 0 1.082e+03 1.198e+02 6.064e+01
s>        ( QUESTION0 -1 8.386e+02 7.623e+01 4.963e+01
s>            ( - 7.084e+02 5 0)
s>            ( - 5.400e+01 3 0))
s>        ( QUESTION0_12_R 1 1.232e+02 2.496e+01 1.101e+01
s>            ( - 7.619e+00 1 0)
s>            ( - 9.064e+01 2 0)))INFO: dtree.c(1315): Comp split 11
INFO: dtree.c(1439): stop. leaf nodes are specific
INFO: dtree.c(1478): Final simple tree
|( QUESTION17 1 1.189e+03 1.621e+02 6.804e+01
|    ( - 4.593e+02 3 0)
|    ( WDBNDRY_B 0 5.675e+02 7.062e+01 3.530e+01
|        ( - 4.473e+02 6 0)
|        ( - 4.955e+01 2 0)))
s>    ( QUESTION17 1 1.189e+03 1.621e+02 6.804e+01
s>        ( - 4.593e+02 3 0)
s>        ( WDBNDRY_B 0 5.675e+02 7.062e+01 3.530e+01
s>            ( - 4.473e+02 6 0)
s>            ( - 4.955e+01 2 0)))INFO: dtree.c(1439): stop. leaf nodes are specific
INFO: dtree.c(1478): Final simple tree
|( WDBNDRY_B 0 1.305e+03 1.508e+02 7.212e+01
|    ( QUESTION0 -1 8.202e+02 9.525e+01 4.803e+01
|        ( - 5.973e+02 6 0)
|        ( QUESTION2 -1 1.276e+02 3.794e+01 1.000e+01
|            ( - 3.111e+01 1 0)
|            ( QUESTION16 -1 5.856e+01 2.187e+01 6.000e+00
|                ( - 1.008e+01 1 0)
|                ( - 2.660e+01 1 0))))
|    ( QUESTION0 -1 3.341e+02 6.585e+01 2.408e+01
|        ( QUESTION0_1_R 1 1.511e+02 4.130e+01 1.309e+01
|            ( - 8.559e+01 2 0)
|            ( - 2.419e+01 2 0))
|        ( - 1.171e+02 2 0)))
s>    ( WDBNDRY_B 0 1.305e+03 1.508e+02 7.212e+01
s>        ( QUESTION0 -1 8.202e+02 9.525e+01 4.803e+01
s>            ( - 5.973e+02 6 0)
s>            ( QUESTION2 -1 1.276e+02 3.794e+01 1.000e+01
s>                ( - 3.111e+01 1 0)
s>                ( QUESTION16 -1 5.856e+01 2.187e+01 6.000e+00
s>                    ( - 1.008e+01 1 0)
s>                    ( - 2.660e+01 1 0))))
s>        ( QUESTION0 -1 3.341e+02 6.585e+01 2.408e+01
s>            ( QUESTION0_1_R 1 1.511e+02 4.130e+01 1.309e+01
s>                ( - 8.559e+01 2 0)
s>                ( - 2.419e+01 2 0))
s>            ( - 1.171e+02 2 0)))INFO: dtree.c(1315): Comp split 12
INFO: dtree.c(1439): stop. leaf nodes are specific
INFO: dtree.c(1478): Final simple tree
|( QUESTION0_13_R 1 7.641e+02 1.093e+02 4.533e+01
|    ( - 4.701e+02 3 0)
|    ( QUESTION0_0_R 1 1.846e+02 2.771e+01 1.417e+01
|        ( - 5.018e+00 1 0)
|        ( - 1.519e+02 3 0)))
s>    ( QUESTION0_13_R 1 7.641e+02 1.093e+02 4.533e+01
s>        ( - 4.701e+02 3 0)
s>        ( QUESTION0_0_R 1 1.846e+02 2.771e+01 1.417e+01
s>            ( - 5.018e+00 1 0)
s>            ( - 1.519e+02 3 0)))INFO: dtree.c(1439): stop. leaf nodes are specific
INFO: dtree.c(1478): Final simple tree
|( QUESTION0 -1 6.368e+02 1.043e+02 3.991e+01
|    ( QUESTION0_16_R 1 4.190e+02 6.247e+01 2.901e+01
|        ( - 2.968e+02 4 0)
|        ( - 5.980e+01 2 0))
|    ( QUESTION0_18_R 1 1.134e+02 2.932e+01 1.090e+01
|        ( - 1.760e+01 1 0)
|        ( QUESTION0_16_R 1 6.649e+01 2.318e+01 7.896e+00
|            ( - 1.128e+01 1 0)
|            ( - 3.202e+01 1 0))))
s>    ( QUESTION0 -1 6.368e+02 1.043e+02 3.991e+01
s>        ( QUESTION0_16_R 1 4.190e+02 6.247e+01 2.901e+01
s>            ( - 2.968e+02 4 0)
s>            ( - 5.980e+01 2 0))
s>        ( QUESTION0_18_R 1 1.134e+02 2.932e+01 1.090e+01
s>            ( - 1.760e+01 1 0)
s>            ( QUESTION0_16_R 1 6.649e+01 2.318e+01 7.896e+00
s>                ( - 1.128e+01 1 0)
s>                ( - 3.202e+01 1 0))))INFO: dtree.c(1315): Comp split 13
INFO: dtree.c(1439): stop. leaf nodes are specific
INFO: dtree.c(1478): Final simple tree
|( QUESTION0 -1 6.262e+02 8.594e+01 3.814e+01
|    ( - 4.553e+02 4 0)
|    ( WDBNDRY_I 0 8.499e+01 2.993e+01 8.000e+00
|        ( QUESTION8 -1 2.147e+01 1.223e+01 4.000e+00
|            ( - 4.721e+00 1 0)
|            ( - 4.518e+00 1 0))
|        ( WDBNDRY_B 0 3.360e+01 1.680e+01 4.000e+00
|            ( SILENCE -1 1.007e+01 8.225e+00 2.000e+00
|                ( - 7.848e-01 1 0)
|                ( - 1.063e+00 1 0))
|            ( - 6.727e+00 1 0))))
s>    ( QUESTION0 -1 6.262e+02 8.594e+01 3.814e+01
s>        ( - 4.553e+02 4 0)
s>        ( WDBNDRY_I 0 8.499e+01 2.993e+01 8.000e+00
s>            ( QUESTION8 -1 2.147e+01 1.223e+01 4.000e+00
s>                ( - 4.721e+00 1 0)
s>                ( - 4.518e+00 1 0))
s>            ( WDBNDRY_B 0 3.360e+01 1.680e+01 4.000e+00
s>                ( SILENCE -1 1.007e+01 8.225e+00 2.000e+00
s>                    ( - 7.848e-01 1 0)
s>                    ( - 1.063e+00 1 0))
s>                ( - 6.727e+00 1 0))))INFO: dtree.c(1478): Final simple tree
|( QUESTION3 -1 6.086e+02 1.033e+02 3.500e+01
|    ( QUESTION6 -1 1.763e+02 4.889e+01 1.400e+01
|        ( - 4.259e+01 2 0)
|        ( WDBNDRY_B 0 8.484e+01 2.545e+01 9.000e+00
|            ( - 4.362e+01 1 0)
|            ( - 1.577e+01 1 0)))
|    ( QUESTION0_11_R 1 3.291e+02 6.283e+01 2.100e+01
|        ( - 1.768e+02 3 0)
|        ( WDBNDRY_E 0 8.947e+01 3.067e+01 7.995e+00
|            ( SILENCE 1 3.712e+01 1.529e+01 4.995e+00
|                ( - 1.400e+01 1 0)
|                ( - 7.834e+00 1 0))
|            ( QUESTION2_12_L -1 2.168e+01 1.128e+01 3.000e+00
|                ( - 1.122e+00 1 0)
|                ( - 9.286e+00 1 0)))))
s>    ( QUESTION3 -1 6.086e+02 1.033e+02 3.500e+01
s>        ( QUESTION6 -1 1.763e+02 4.889e+01 1.400e+01
s>            ( - 4.259e+01 2 0)
s>            ( WDBNDRY_B 0 8.484e+01 2.545e+01 9.000e+00
s>                ( - 4.362e+01 1 0)
s>                ( - 1.577e+01 1 0)))
s>        ( QUESTION0_11_R 1 3.291e+02 6.283e+01 2.100e+01
s>            ( - 1.768e+02 3 0)
s>            ( WDBNDRY_E 0 8.947e+01 3.067e+01 7.995e+00
s>                ( SILENCE 1 3.712e+01 1.529e+01 4.995e+00
s>                    ( - 1.400e+01 1 0)
s>                    ( - 7.834e+00 1 0))
s>                ( QUESTION2_12_L -1 2.168e+01 1.128e+01 3.000e+00
s>                    ( - 1.122e+00 1 0)
s>                    ( - 9.286e+00 1 0)))))INFO: dtree.c(1315): Comp split 14
INFO: dtree.c(1439): stop. leaf nodes are specific
INFO: dtree.c(1478): Final simple tree
|( WDBNDRY_B 0 8.434e+02 9.848e+01 5.063e+01
|    ( - 1.394e+02 3 0)
|    ( QUESTION0 -1 6.056e+02 3.998e+01 3.773e+01
|        ( - 5.574e+02 5 0)
|        ( - 8.250e+00 1 0)))
s>    ( WDBNDRY_B 0 8.434e+02 9.848e+01 5.063e+01
s>        ( - 1.394e+02 3 0)
s>        ( QUESTION0 -1 6.056e+02 3.998e+01 3.773e+01
s>            ( - 5.574e+02 5 0)
s>            ( - 8.250e+00 1 0)))INFO: dtree.c(1439): stop. leaf nodes are specific
INFO: dtree.c(1478): Final simple tree
|( QUESTION0 -1 9.066e+02 1.065e+02 5.615e+01
|    ( - 6.173e+02 5 0)
|    ( QUESTION8 -1 1.828e+02 4.951e+01 1.600e+01
|        ( - 2.272e+01 1 0)
|        ( QUESTION2 -1 1.106e+02 3.201e+01 1.200e+01
|            ( - 4.274e+01 1 0)
|            ( - 3.582e+01 1 0))))
s>    ( QUESTION0 -1 9.066e+02 1.065e+02 5.615e+01
s>        ( - 6.173e+02 5 0)
s>        ( QUESTION8 -1 1.828e+02 4.951e+01 1.600e+01
s>            ( - 2.272e+01 1 0)
s>            ( QUESTION2 -1 1.106e+02 3.201e+01 1.200e+01
s>                ( - 4.274e+01 1 0)
s>                ( - 3.582e+01 1 0))))INFO: dtree.c(1315): Comp split 15
INFO: dtree.c(1439): stop. leaf nodes are specific
INFO: dtree.c(1478): Final simple tree
|( QUESTION0 1 4.120e+02 2.407e+01 3.099e+01
|    ( - 3.874e+02 1 0)
|    ( - 5.877e-01 1 0))
s>    ( QUESTION0 1 4.120e+02 2.407e+01 3.099e+01
s>        ( - 3.874e+02 1 0)
s>        ( - 5.877e-01 1 0))INFO: dtree.c(1439): stop. leaf nodes are specific
INFO: dtree.c(1478): Final simple tree
|( QUESTION2 1 4.968e+02 8.029e+01 3.109e+01
|    ( - 2.894e+02 6 0)
|    ( QUESTION0_0_R 1 1.271e+02 3.085e+01 1.200e+01
|        ( - 2.902e+01 2 0)
|        ( - 6.718e+01 1 0)))
s>    ( QUESTION2 1 4.968e+02 8.029e+01 3.109e+01
s>        ( - 2.894e+02 6 0)
s>        ( QUESTION0_0_R 1 1.271e+02 3.085e+01 1.200e+01
s>            ( - 2.902e+01 2 0)
s>            ( - 6.718e+01 1 0)))INFO: dtree.c(1315): Comp split 16
INFO: dtree.c(1439): stop. leaf nodes are specific
INFO: dtree.c(1478): Final simple tree
|( WDBNDRY_B 0 5.675e+02 7.062e+01 3.530e+01
|    ( - 4.473e+02 6 0)
|    ( - 4.955e+01 2 0))
s>    ( WDBNDRY_B 0 5.675e+02 7.062e+01 3.530e+01
s>        ( - 4.473e+02 6 0)
s>        ( - 4.955e+01 2 0))INFO: dtree.c(1315): Comp split 17
INFO: dtree.c(1439): stop. leaf nodes are specific
INFO: dtree.c(1478): Final simple tree
|( QUESTION0_1_R 1 4.595e+02 8.575e+01 3.008e+01
|    ( QUESTION0 -1 2.555e+02 5.277e+01 2.010e+01
|        ( - 8.559e+01 2 0)
|        ( - 1.171e+02 2 0))
|    ( QUESTION17 -1 1.183e+02 3.767e+01 9.988e+00
|        ( - 2.660e+01 1 0)
|        ( WDBNDRY_B 0 5.401e+01 1.973e+01 5.988e+00
|            ( - 1.008e+01 1 0)
|            ( - 2.419e+01 2 0))))
s>    ( QUESTION0_1_R 1 4.595e+02 8.575e+01 3.008e+01
s>        ( QUESTION0 -1 2.555e+02 5.277e+01 2.010e+01
s>            ( - 8.559e+01 2 0)
s>            ( - 1.171e+02 2 0))
s>        ( QUESTION17 -1 1.183e+02 3.767e+01 9.988e+00
s>            ( - 2.660e+01 1 0)
s>            ( WDBNDRY_B 0 5.401e+01 1.973e+01 5.988e+00
s>                ( - 1.008e+01 1 0)
s>                ( - 2.419e+01 2 0))))INFO: dtree.c(1439): stop. leaf nodes are specific
INFO: dtree.c(1478): Final simple tree
|( QUESTION0 -1 6.835e+02 5.505e+01 4.203e+01
|    ( - 5.973e+02 6 0)
|    ( - 3.111e+01 1 0))
s>    ( QUESTION0 -1 6.835e+02 5.505e+01 4.203e+01
s>        ( - 5.973e+02 6 0)
s>        ( - 3.111e+01 1 0))INFO: dtree.c(1315): Comp split 18
INFO: dtree.c(1439): stop. leaf nodes are specific
INFO: dtree.c(1478): Final simple tree
|( QUESTION6 -1 2.536e+02 5.333e+01 1.900e+01
|    ( - 1.342e+02 3 0)
|    ( WDBNDRY_B 0 6.602e+01 2.136e+01 7.000e+00
|        ( - 3.588e+01 1 0)
|        ( - 8.784e+00 1 0)))
s>    ( QUESTION6 -1 2.536e+02 5.333e+01 1.900e+01
s>        ( - 1.342e+02 3 0)
s>        ( WDBNDRY_B 0 6.602e+01 2.136e+01 7.000e+00
s>            ( - 3.588e+01 1 0)
s>            ( - 8.784e+00 1 0)))INFO: dtree.c(1439): stop. leaf nodes are specific
INFO: dtree.c(1478): Final simple tree
|( QUESTION2 1 4.831e+02 4.387e+01 3.784e+01
|    ( - 2.156e+01 1 0)
|    ( - 4.177e+02 4 0))
s>    ( QUESTION2 1 4.831e+02 4.387e+01 3.784e+01
s>        ( - 2.156e+01 1 0)
s>        ( - 4.177e+02 4 0))INFO: dtree.c(1315): Comp split 19
INFO: dtree.c(1439): stop. leaf nodes are specific
INFO: dtree.c(1478): Final simple tree
|( QUESTION4 -1 2.219e+02 5.556e+01 1.700e+01
|    ( QUESTION0 1 7.968e+01 2.852e+01 8.001e+00
|        ( - 3.462e+01 2 0)
|        ( - 1.654e+01 1 0))
|    ( QUESTION2 -1 8.668e+01 2.726e+01 8.999e+00
|        ( - 3.411e+01 1 0)
|        ( - 2.532e+01 1 0)))
s>    ( QUESTION4 -1 2.219e+02 5.556e+01 1.700e+01
s>        ( QUESTION0 1 7.968e+01 2.852e+01 8.001e+00
s>            ( - 3.462e+01 2 0)
s>            ( - 1.654e+01 1 0))
s>        ( QUESTION2 -1 8.668e+01 2.726e+01 8.999e+00
s>            ( - 3.411e+01 1 0)
s>            ( - 2.532e+01 1 0)))INFO: dtree.c(1315): Comp split 20
INFO: dtree.c(1439): stop. leaf nodes are specific
INFO: dtree.c(1478): Final simple tree
|( QUESTION2 -1 3.454e+02 6.451e+01 2.963e+01
|    ( - 4.818e+01 1 0)
|    ( - 2.327e+02 1 0))
s>    ( QUESTION2 -1 3.454e+02 6.451e+01 2.963e+01
s>        ( - 4.818e+01 1 0)
s>        ( - 2.327e+02 1 0))INFO: dtree.c(1439): stop. leaf nodes are specific
INFO: dtree.c(1478): Final simple tree
|( WDBNDRY_B 0 4.343e+02 7.641e+01 3.327e+01
|    ( - 2.769e+02 2 0)
|    ( - 8.094e+01 1 0))
s>    ( WDBNDRY_B 0 4.343e+02 7.641e+01 3.327e+01
s>        ( - 2.769e+02 2 0)
s>        ( - 8.094e+01 1 0))INFO: dtree.c(1315): Comp split 21
INFO: dtree.c(1439): stop. leaf nodes are specific
INFO: dtree.c(1478): Final simple tree
|( QUESTION0_12_R 1 2.263e+02 4.980e+01 1.677e+01
|    ( WDBNDRY_E 0 8.590e+01 2.427e+01 7.761e+00
|        ( - 5.400e+01 3 0)
|        ( - 7.619e+00 1 0))
|    ( - 9.064e+01 2 0))
s>    ( QUESTION0_12_R 1 2.263e+02 4.980e+01 1.677e+01
s>        ( WDBNDRY_E 0 8.590e+01 2.427e+01 7.761e+00
s>            ( - 5.400e+01 3 0)
s>            ( - 7.619e+00 1 0))
s>        ( - 9.064e+01 2 0))INFO: dtree.c(1315): Comp split 22
INFO: dtree.c(1439): stop. leaf nodes are specific
INFO: dtree.c(1478): Final simple tree
|( WDBNDRY_B 0 2.515e+02 5.820e+01 2.499e+01
|    ( - 9.008e+01 1 0)
|    ( - 1.032e+02 1 0))
s>    ( WDBNDRY_B 0 2.515e+02 5.820e+01 2.499e+01
s>        ( - 9.008e+01 1 0)
s>        ( - 1.032e+02 1 0))INFO: dtree.c(1315): Comp split 23
INFO: dtree.c(1439): stop. leaf nodes are specific
INFO: dtree.c(1478): Final simple tree
|( QUESTION0 1 2.444e+02 5.741e+01 2.001e+01
|    ( WDBNDRY_B 0 1.217e+02 3.123e+01 1.200e+01
|        ( - 1.565e+01 1 0)
|        ( - 7.485e+01 1 0))
|    ( QUESTION2 -1 6.526e+01 2.459e+01 8.014e+00
|        ( - 1.173e+01 1 0)
|        ( - 2.894e+01 2 0)))
s>    ( QUESTION0 1 2.444e+02 5.741e+01 2.001e+01
s>        ( WDBNDRY_B 0 1.217e+02 3.123e+01 1.200e+01
s>            ( - 1.565e+01 1 0)
s>            ( - 7.485e+01 1 0))
s>        ( QUESTION2 -1 6.526e+01 2.459e+01 8.014e+00
s>            ( - 1.173e+01 1 0)
s>            ( - 2.894e+01 2 0)))INFO: dtree.c(1439): stop. leaf nodes are specific
INFO: dtree.c(1478): Final simple tree
|( QUESTION8 1 3.836e+02 6.814e+01 2.683e+01
|    ( WDBNDRY_B 0 7.592e+01 2.378e+01 6.998e+00
|        ( - 1.823e+01 1 0)
|        ( QUESTION9 1 3.391e+01 1.666e+01 3.999e+00
|            ( - 9.766e+00 1 0)
|            ( - 7.482e+00 1 0)))
|    ( QUESTION0 -1 2.395e+02 3.421e+01 1.983e+01
|        ( - 1.979e+02 5 0)
|        ( - 7.401e+00 1 0)))
s>    ( QUESTION8 1 3.836e+02 6.814e+01 2.683e+01
s>        ( WDBNDRY_B 0 7.592e+01 2.378e+01 6.998e+00
s>            ( - 1.823e+01 1 0)
s>            ( QUESTION9 1 3.391e+01 1.666e+01 3.999e+00
s>                ( - 9.766e+00 1 0)
s>                ( - 7.482e+00 1 0)))
s>        ( QUESTION0 -1 2.395e+02 3.421e+01 1.983e+01
s>            ( - 1.979e+02 5 0)
s>            ( - 7.401e+00 1 0)))INFO: dtree.c(1315): Comp split 24
INFO: dtree.c(1439): stop. leaf nodes are specific
INFO: dtree.c(1478): Final simple tree
|( WDBNDRY_B 0 1.737e+02 2.607e+01 1.490e+01
|    ( - 1.394e+02 3 0)
|    ( - 8.250e+00 1 0))
s>    ( WDBNDRY_B 0 1.737e+02 2.607e+01 1.490e+01
s>        ( - 1.394e+02 3 0)
s>        ( - 8.250e+00 1 0))INFO: dtree.c(1315): Comp split 25
INFO: dtree.c(1439): stop. leaf nodes are specific
INFO: dtree.c(1478): Final simple tree
|( QUESTION6 -1 2.606e+02 5.883e+01 1.899e+01
|    ( - 4.259e+01 2 0)
|    ( WDBNDRY_B 0 1.591e+02 4.252e+01 1.399e+01
|        ( - 4.362e+01 1 0)
|        ( SILENCE 1 7.300e+01 2.187e+01 7.995e+00
|            ( - 1.400e+01 1 0)
|            ( QUESTION0_0_R 1 3.713e+01 1.352e+01 5.000e+00
|                ( - 7.834e+00 1 0)
|                ( - 1.577e+01 1 0)))))
s>    ( QUESTION6 -1 2.606e+02 5.883e+01 1.899e+01
s>        ( - 4.259e+01 2 0)
s>        ( WDBNDRY_B 0 1.591e+02 4.252e+01 1.399e+01
s>            ( - 4.362e+01 1 0)
s>            ( SILENCE 1 7.300e+01 2.187e+01 7.995e+00
s>                ( - 1.400e+01 1 0)
s>                ( QUESTION0_0_R 1 3.713e+01 1.352e+01 5.000e+00
s>                    ( - 7.834e+00 1 0)
s>                    ( - 1.577e+01 1 0)))))INFO: dtree.c(1439): stop. leaf nodes are specific
INFO: dtree.c(1478): Final simple tree
|( WDBNDRY_E 0 2.371e+02 3.870e+01 1.600e+01
|    ( - 1.768e+02 3 0)
|    ( QUESTION2_12_L -1 2.168e+01 1.128e+01 3.000e+00
|        ( - 1.122e+00 1 0)
|        ( - 9.286e+00 1 0)))
s>    ( WDBNDRY_E 0 2.371e+02 3.870e+01 1.600e+01
s>        ( - 1.768e+02 3 0)
s>        ( QUESTION2_12_L -1 2.168e+01 1.128e+01 3.000e+00
s>            ( - 1.122e+00 1 0)
s>            ( - 9.286e+00 1 0)))INFO: dtree.c(1315): Comp split 26
INFO: dtree.c(1439): stop. leaf nodes are specific
INFO: dtree.c(1478): Final simple tree
|( QUESTION0 -1 2.302e+02 5.697e+01 1.690e+01
|    ( - 5.980e+01 2 0)
|    ( QUESTION0_18_R 1 1.134e+02 2.932e+01 1.090e+01
|        ( - 1.760e+01 1 0)
|        ( QUESTION0_16_R 1 6.649e+01 2.318e+01 7.896e+00
|            ( - 1.128e+01 1 0)
|            ( - 3.202e+01 1 0))))
s>    ( QUESTION0 -1 2.302e+02 5.697e+01 1.690e+01
s>        ( - 5.980e+01 2 0)
s>        ( QUESTION0_18_R 1 1.134e+02 2.932e+01 1.090e+01
s>            ( - 1.760e+01 1 0)
s>            ( QUESTION0_16_R 1 6.649e+01 2.318e+01 7.896e+00
s>                ( - 1.128e+01 1 0)
s>                ( - 3.202e+01 1 0))))INFO: dtree.c(1315): Comp split 27
INFO: dtree.c(1439): stop. leaf nodes are specific
INFO: dtree.c(1478): Final simple tree
|( QUESTION0_0_R 1 1.846e+02 2.771e+01 1.417e+01
|    ( - 5.018e+00 1 0)
|    ( - 1.519e+02 3 0))
s>    ( QUESTION0_0_R 1 1.846e+02 2.771e+01 1.417e+01
s>        ( - 5.018e+00 1 0)
s>        ( - 1.519e+02 3 0))INFO: dtree.c(1315): Comp split 28
INFO: dtree.c(1439): stop. leaf nodes are specific
INFO: dtree.c(1478): Final simple tree
|( QUESTION8 -1 1.828e+02 4.951e+01 1.600e+01
|    ( - 2.272e+01 1 0)
|    ( QUESTION2 -1 1.106e+02 3.201e+01 1.200e+01
|        ( - 4.274e+01 1 0)
|        ( - 3.582e+01 1 0)))
s>    ( QUESTION8 -1 1.828e+02 4.951e+01 1.600e+01
s>        ( - 2.272e+01 1 0)
s>        ( QUESTION2 -1 1.106e+02 3.201e+01 1.200e+01
s>            ( - 4.274e+01 1 0)
s>            ( - 3.582e+01 1 0)))INFO: dtree.c(1315): Comp split 29
INFO: dtree.c(1439): stop. leaf nodes are specific
INFO: dtree.c(1478): Final simple tree
|( WDBNDRY_I 0 8.499e+01 2.993e+01 8.000e+00
|    ( QUESTION8 -1 2.147e+01 1.223e+01 4.000e+00
|        ( - 4.721e+00 1 0)
|        ( - 4.518e+00 1 0))
|    ( WDBNDRY_B 0 3.360e+01 1.680e+01 4.000e+00
|        ( SILENCE -1 1.007e+01 8.225e+00 2.000e+00
|            ( - 7.848e-01 1 0)
|            ( - 1.063e+00 1 0))
|        ( - 6.727e+00 1 0)))
s>    ( WDBNDRY_I 0 8.499e+01 2.993e+01 8.000e+00
s>        ( QUESTION8 -1 2.147e+01 1.223e+01 4.000e+00
s>            ( - 4.721e+00 1 0)
s>            ( - 4.518e+00 1 0))
s>        ( WDBNDRY_B 0 3.360e+01 1.680e+01 4.000e+00
s>            ( SILENCE -1 1.007e+01 8.225e+00 2.000e+00
s>                ( - 7.848e-01 1 0)
s>                ( - 1.063e+00 1 0))
s>            ( - 6.727e+00 1 0)))INFO: dtree.c(1315): Comp split 30
INFO: dtree.c(1439): stop. leaf nodes are specific
INFO: dtree.c(1478): Final simple tree
|( QUESTION17 -1 1.183e+02 3.767e+01 9.988e+00
|    ( - 2.660e+01 1 0)
|    ( WDBNDRY_B 0 5.401e+01 1.973e+01 5.988e+00
|        ( - 1.008e+01 1 0)
|        ( - 2.419e+01 2 0)))
s>    ( QUESTION17 -1 1.183e+02 3.767e+01 9.988e+00
s>        ( - 2.660e+01 1 0)
s>        ( WDBNDRY_B 0 5.401e+01 1.973e+01 5.988e+00
s>            ( - 1.008e+01 1 0)
s>            ( - 2.419e+01 2 0)))INFO: dtree.c(1439): stop. leaf nodes are specific
INFO: dtree.c(1478): Final simple tree
|( QUESTION0 -1 2.555e+02 5.277e+01 2.010e+01
|    ( - 8.559e+01 2 0)
|    ( - 1.171e+02 2 0))
s>    ( QUESTION0 -1 2.555e+02 5.277e+01 2.010e+01
s>        ( - 8.559e+01 2 0)
s>        ( - 1.171e+02 2 0))INFO: dtree.c(1315): Comp split 31
INFO: dtree.c(1439): stop. leaf nodes are specific
INFO: dtree.c(1478): Final simple tree
|( QUESTION0_0_R 1 1.271e+02 3.085e+01 1.200e+01
|    ( - 2.902e+01 2 0)
|    ( - 6.718e+01 1 0))
s>    ( QUESTION0_0_R 1 1.271e+02 3.085e+01 1.200e+01
s>        ( - 2.902e+01 2 0)
s>        ( - 6.718e+01 1 0))INFO: dtree.c(1315): Comp split 32
INFO: dtree.c(1439): stop. leaf nodes are specific
INFO: dtree.c(1478): Final simple tree
|( QUESTION9 1 1.086e+02 3.404e+01 8.998e+00
|    ( WDBNDRY_B 0 4.554e+01 1.754e+01 4.998e+00
|        ( - 1.823e+01 1 0)
|        ( - 9.766e+00 1 0))
|    ( WDBNDRY_B 0 2.898e+01 1.410e+01 4.000e+00
|        ( - 7.401e+00 1 0)
|        ( - 7.482e+00 1 0)))
s>    ( QUESTION9 1 1.086e+02 3.404e+01 8.998e+00
s>        ( WDBNDRY_B 0 4.554e+01 1.754e+01 4.998e+00
s>            ( - 1.823e+01 1 0)
s>            ( - 9.766e+00 1 0))
s>        ( WDBNDRY_B 0 2.898e+01 1.410e+01 4.000e+00
s>            ( - 7.401e+00 1 0)
s>            ( - 7.482e+00 1 0)))INFO: dtree.c(1315): Comp split 33
INFO: dtree.c(1315): Comp split 34
INFO: dtree.c(1315): Comp split 35
INFO: dtree.c(1315): Comp split 36
INFO: dtree.c(1439): stop. leaf nodes are specific
INFO: dtree.c(1478): Final simple tree
|( QUESTION0 1 1.135e+02 2.697e+01 1.200e+01
|    ( - 7.485e+01 1 0)
|    ( - 1.173e+01 1 0))
s>    ( QUESTION0 1 1.135e+02 2.697e+01 1.200e+01
s>        ( - 7.485e+01 1 0)
s>        ( - 1.173e+01 1 0))INFO: dtree.c(1439): stop. leaf nodes are specific
INFO: dtree.c(1478): Final simple tree
|( WDBNDRY_B 0 6.850e+01 2.391e+01 8.017e+00
|    ( - 1.565e+01 1 0)
|    ( - 2.894e+01 2 0))
s>    ( WDBNDRY_B 0 6.850e+01 2.391e+01 8.017e+00
s>        ( - 1.565e+01 1 0)
s>        ( - 2.894e+01 2 0))INFO: dtree.c(1315): Comp split 37
INFO: dtree.c(1439): stop. leaf nodes are specific
INFO: dtree.c(1478): Final simple tree
|( SILENCE 1 7.300e+01 2.187e+01 7.995e+00
|    ( - 1.400e+01 1 0)
|    ( QUESTION0_0_R 1 3.713e+01 1.352e+01 5.000e+00
|        ( - 7.834e+00 1 0)
|        ( - 1.577e+01 1 0)))
s>    ( SILENCE 1 7.300e+01 2.187e+01 7.995e+00
s>        ( - 1.400e+01 1 0)
s>        ( QUESTION0_0_R 1 3.713e+01 1.352e+01 5.000e+00
s>            ( - 7.834e+00 1 0)
s>            ( - 1.577e+01 1 0)))INFO: dtree.c(1439): stop. leaf nodes are specific
INFO: dtree.c(1478): Final simple tree
|( WDBNDRY_B 0 1.256e+02 3.941e+01 1.100e+01
|    ( - 4.362e+01 1 0)
|    ( - 4.259e+01 2 0))
s>    ( WDBNDRY_B 0 1.256e+02 3.941e+01 1.100e+01
s>        ( - 4.362e+01 1 0)
s>        ( - 4.259e+01 2 0))INFO: dtree.c(1315): Comp split 38
INFO: dtree.c(1315): Comp split 39
INFO: dtree.c(1439): stop. leaf nodes are specific
INFO: dtree.c(1478): Final simple tree
|( QUESTION0_18_R 1 1.134e+02 2.932e+01 1.090e+01
|    ( - 1.760e+01 1 0)
|    ( QUESTION0_16_R 1 6.649e+01 2.318e+01 7.896e+00
|        ( - 1.128e+01 1 0)
|        ( - 3.202e+01 1 0)))
s>    ( QUESTION0_18_R 1 1.134e+02 2.932e+01 1.090e+01
s>        ( - 1.760e+01 1 0)
s>        ( QUESTION0_16_R 1 6.649e+01 2.318e+01 7.896e+00
s>            ( - 1.128e+01 1 0)
s>            ( - 3.202e+01 1 0)))INFO: dtree.c(1315): Comp split 40
INFO: dtree.c(1439): stop. leaf nodes are specific
INFO: dtree.c(1478): Final simple tree
|( QUESTION2 -1 8.668e+01 2.726e+01 8.999e+00
|    ( - 3.411e+01 1 0)
|    ( - 2.532e+01 1 0))
s>    ( QUESTION2 -1 8.668e+01 2.726e+01 8.999e+00
s>        ( - 3.411e+01 1 0)
s>        ( - 2.532e+01 1 0))INFO: dtree.c(1439): stop. leaf nodes are specific
INFO: dtree.c(1478): Final simple tree
|( QUESTION0 1 7.968e+01 2.852e+01 8.001e+00
|    ( - 3.462e+01 2 0)
|    ( - 1.654e+01 1 0))
s>    ( QUESTION0 1 7.968e+01 2.852e+01 8.001e+00
s>        ( - 3.462e+01 2 0)
s>        ( - 1.654e+01 1 0))INFO: dtree.c(1315): Comp split 41
INFO: dtree.c(1315): Comp split 42
INFO: dtree.c(1315): Comp split 43
INFO: dtree.c(1439): stop. leaf nodes are specific
INFO: dtree.c(1478): Final simple tree
|( WDBNDRY_B 0 6.602e+01 2.136e+01 7.000e+00
|    ( - 3.588e+01 1 0)
|    ( - 8.784e+00 1 0))
s>    ( WDBNDRY_B 0 6.602e+01 2.136e+01 7.000e+00
s>        ( - 3.588e+01 1 0)
s>        ( - 8.784e+00 1 0))INFO: dtree.c(1315): Comp split 44
INFO: dtree.c(1315): Comp split 45
INFO: dtree.c(1439): stop. leaf nodes are specific
INFO: dtree.c(1478): Final simple tree
|( WDBNDRY_E 0 8.590e+01 2.427e+01 7.761e+00
|    ( - 5.400e+01 3 0)
|    ( - 7.619e+00 1 0))
s>    ( WDBNDRY_E 0 8.590e+01 2.427e+01 7.761e+00
s>        ( - 5.400e+01 3 0)
s>        ( - 7.619e+00 1 0))INFO: dtree.c(1315): Comp split 46
INFO: dtree.c(1439): stop. leaf nodes are specific
INFO: dtree.c(1478): Final simple tree
|( QUESTION2 -1 1.106e+02 3.201e+01 1.200e+01
|    ( - 4.274e+01 1 0)
|    ( - 3.582e+01 1 0))
s>    ( QUESTION2 -1 1.106e+02 3.201e+01 1.200e+01
s>        ( - 4.274e+01 1 0)
s>        ( - 3.582e+01 1 0))INFO: dtree.c(1315): Comp split 47
INFO: dtree.c(1315): Comp split 48
INFO: dtree.c(1315): Comp split 49
INFO: dtree.c(1439): stop. leaf nodes are specific
INFO: dtree.c(1478): Final simple tree
|( QUESTION2_12_L -1 2.168e+01 1.128e+01 3.000e+00
|    ( - 1.122e+00 1 0)
|    ( - 9.286e+00 1 0))
s>    ( QUESTION2_12_L -1 2.168e+01 1.128e+01 3.000e+00
s>        ( - 1.122e+00 1 0)
s>        ( - 9.286e+00 1 0))INFO: dtree.c(1315): Comp split 50
INFO: dtree.c(1439): stop. leaf nodes are specific
INFO: dtree.c(1478): Final simple tree
|( WDBNDRY_B 0 5.401e+01 1.973e+01 5.988e+00
|    ( - 1.008e+01 1 0)
|    ( - 2.419e+01 2 0))
s>    ( WDBNDRY_B 0 5.401e+01 1.973e+01 5.988e+00
s>        ( - 1.008e+01 1 0)
s>        ( - 2.419e+01 2 0))INFO: dtree.c(1315): Comp split 51
INFO: dtree.c(1439): stop. leaf nodes are specific
INFO: dtree.c(1478): Final simple tree
|( QUESTION0_16_R 1 4.536e+01 1.648e+01 5.991e+00
|    ( - 1.128e+01 1 0)
|    ( - 1.760e+01 1 0))
s>    ( QUESTION0_16_R 1 4.536e+01 1.648e+01 5.991e+00
s>        ( - 1.128e+01 1 0)
s>        ( - 1.760e+01 1 0))INFO: dtree.c(1315): Comp split 52
INFO: dtree.c(1439): stop. leaf nodes are specific
INFO: dtree.c(1478): Final simple tree
|( WDBNDRY_B 0 2.898e+01 1.410e+01 4.000e+00
|    ( - 7.401e+00 1 0)
|    ( - 7.482e+00 1 0))
s>    ( WDBNDRY_B 0 2.898e+01 1.410e+01 4.000e+00
s>        ( - 7.401e+00 1 0)
s>        ( - 7.482e+00 1 0))INFO: dtree.c(1439): stop. leaf nodes are specific
INFO: dtree.c(1478): Final simple tree
|( WDBNDRY_B 0 4.554e+01 1.754e+01 4.998e+00
|    ( - 1.823e+01 1 0)
|    ( - 9.766e+00 1 0))
s>    ( WDBNDRY_B 0 4.554e+01 1.754e+01 4.998e+00
s>        ( - 1.823e+01 1 0)
s>        ( - 9.766e+00 1 0))INFO: dtree.c(1315): Comp split 53
INFO: dtree.c(1315): Comp split 54
INFO: dtree.c(1315): Comp split 55
INFO: dtree.c(1439): stop. leaf nodes are specific
INFO: dtree.c(1478): Final simple tree
|( WDBNDRY_B 0 3.360e+01 1.680e+01 4.000e+00
|    ( SILENCE -1 1.007e+01 8.225e+00 2.000e+00
|        ( - 7.848e-01 1 0)
|        ( - 1.063e+00 1 0))
|    ( - 6.727e+00 1 0))
s>    ( WDBNDRY_B 0 3.360e+01 1.680e+01 4.000e+00
s>        ( SILENCE -1 1.007e+01 8.225e+00 2.000e+00
s>            ( - 7.848e-01 1 0)
s>            ( - 1.063e+00 1 0))
s>        ( - 6.727e+00 1 0))INFO: dtree.c(1439): stop. leaf nodes are specific
INFO: dtree.c(1478): Final simple tree
|( QUESTION8 -1 2.147e+01 1.223e+01 4.000e+00
|    ( - 4.721e+00 1 0)
|    ( - 4.518e+00 1 0))
s>    ( QUESTION8 -1 2.147e+01 1.223e+01 4.000e+00
s>        ( - 4.721e+00 1 0)
s>        ( - 4.518e+00 1 0))INFO: dtree.c(1315): Comp split 56
INFO: dtree.c(1315): Comp split 57
INFO: dtree.c(1315): Comp split 58
INFO: dtree.c(1315): Comp split 59
INFO: dtree.c(1315): Comp split 60
INFO: dtree.c(1315): Comp split 61
INFO: dtree.c(1315): Comp split 62
INFO: dtree.c(1315): Comp split 63
INFO: dtree.c(1315): Comp split 64
INFO: dtree.c(1439): stop. leaf nodes are specific
INFO: dtree.c(1478): Final simple tree
|( QUESTION0_0_R 1 3.713e+01 1.352e+01 5.000e+00
|    ( - 7.834e+00 1 0)
|    ( - 1.577e+01 1 0))
s>    ( QUESTION0_0_R 1 3.713e+01 1.352e+01 5.000e+00
s>        ( - 7.834e+00 1 0)
s>        ( - 1.577e+01 1 0))INFO: dtree.c(1315): Comp split 65
INFO: dtree.c(1315): Comp split 66
INFO: dtree.c(1315): Comp split 67
INFO: dtree.c(1315): Comp split 68
INFO: dtree.c(1439): stop. leaf nodes are specific
INFO: dtree.c(1478): Final simple tree
|( SILENCE -1 1.007e+01 8.225e+00 2.000e+00
|    ( - 7.848e-01 1 0)
|    ( - 1.063e+00 1 0))
s>    ( SILENCE -1 1.007e+01 8.225e+00 2.000e+00
s>        ( - 7.848e-01 1 0)
s>        ( - 1.063e+00 1 0))INFO: dtree.c(1315): Comp split 69
INFO: dtree.c(1315): Comp split 70
INFO: dtree.c(1315): Comp split 71
INFO: dtree.c(1315): Comp split 72
INFO: dtree.c(1315): Comp split 73
INFO: dtree.c(1315): Comp split 74
INFO: dtree.c(1315): Comp split 75
INFO: dtree.c(1318): stop. leaf nodes are specific
!!!!!!!!Allocated 67 lines
Thu Apr  7 00:27:08 2016
