Current configuration:
[NAME]		[DEFLT]	[VALUE]
-allphones	no	no
-cntthresh	0.00001	1.000000e-05
-csplitmax	100	2000
-csplitmin	1	1
-csplitthr	8e-4	0.000000e+00
-example	no	no
-fullvar	no	no
-help		no	no
-meanfn			/home/yaroslav/model/model_parameters/ua.cd_cont_untied/means
-mixwfn			/home/yaroslav/model/model_parameters/ua.cd_cont_untied/mixture_weights
-moddeffn		/home/yaroslav/model/model_architecture/ua.untied.mdef
-mwfloor	1e-4	1.000000e-08
-phone			K
-psetfn			/home/yaroslav/model/model_architecture/ua.tree_questions
-ssplitmax	5	7
-ssplitmin	1	1
-ssplitthr	8e-4	0.000000e+00
-state			1
-stwt			1.0,0.05,0.0,
-treefn			/home/yaroslav/model/trees/ua.unpruned/K-1.dtree
-ts2cbfn	.semi.	.cont.
-varfloor	0.00001	1.000000e-05
-varfn			/home/yaroslav/model/model_parameters/ua.cd_cont_untied/variances

INFO: main.c(223): Reading: /home/yaroslav/model/model_architecture/ua.untied.mdef
INFO: model_def_io.c(573): Model definition info:
INFO: model_def_io.c(574): 8408 total models defined (50 base, 8358 tri)
INFO: model_def_io.c(575): 33632 total states
INFO: model_def_io.c(576): 25224 total tied states
INFO: model_def_io.c(577): 150 total tied CI states
INFO: model_def_io.c(578): 50 total tied transition matrices
INFO: model_def_io.c(579): 4 max state/model
INFO: model_def_io.c(580): 4 min state/model
INFO: main.c(242): Building trees for [K A A b] through [K ZZ Y i]
INFO: main.c(269): Covering states |[9114 10025]| == 912
INFO: main.c(275): Reading: /home/yaroslav/model/model_parameters/ua.cd_cont_untied/mixture_weights
INFO: s3mixw_io.c(173): Read /home/yaroslav/model/model_parameters/ua.cd_cont_untied/mixture_weights [912x1x1 array]
INFO: main.c(311): 304 of 304 models have observation count greater than 0.000010
INFO: main.c(95): nrm stwt: 0.045 0.909 0.045 
INFO: s3gau_io.c(169): Read /home/yaroslav/model/model_parameters/ua.cd_cont_untied/means [25224x1x1 array]
INFO: s3gau_io.c(169): Read /home/yaroslav/model/model_parameters/ua.cd_cont_untied/variances [25224x1x1 array]
INFO: main.c(549): Reading: /home/yaroslav/model/model_architecture/ua.tree_questions
INFO: main.c(588): 174 total simple questions (166 phone; 8 word bndry)
INFO: main.c(590): 42 Left Only questions, and 40 Right Only questions
INFO: dtree.c(1478): Final simple tree
|( QUESTION0 -1 -8.121e+05 1.168e+03 3.721e+03
|    ( QUESTION0_6_R 1 -4.533e+05 9.302e+02 2.079e+03
|        ( - -3.635e+04 7 0 WDBNDRY_E 0 2.006e+02 1.778e+02)
|        ( QUESTION0 1 -4.160e+05 6.301e+02 1.901e+03
|            ( - -2.919e+05 67 0 WDBNDRY_B 0 3.192e+02 1.341e+03)
|            ( QUESTION0_8_R 1 -1.235e+05 4.558e+02 5.601e+02
|                ( - -5.901e+04 23 0 WDBNDRY_I 0 2.004e+02 2.708e+02)
|                ( - -6.402e+04 40 0 QUESTION2 1 3.549e+02 2.894e+02))))
|    ( QUESTION10 -1 -3.577e+05 7.194e+02 1.642e+03
|        ( QUESTION4 1 -1.902e+05 4.395e+02 8.719e+02
|            ( - 2.177e+02 1 0)
|            ( QUESTION0_0_R 1 -1.900e+05 4.276e+02 8.709e+02
|                ( - -1.437e+05 41 0 WDBNDRY_I 0 1.985e+02 6.586e+02)
|                ( - -4.582e+04 39 0 QUESTION0_16_R 1 2.967e+02 2.123e+02)))
|        ( - -1.667e+05 86 0 QUESTION0_14_R 1 4.225e+02 7.699e+02)))
s>    ( QUESTION0 -1 -8.121e+05 1.168e+03 3.721e+03
s>        ( QUESTION0_6_R 1 -4.533e+05 9.302e+02 2.079e+03
s>            ( - -3.635e+04 7 0 WDBNDRY_E 0 2.006e+02 1.778e+02)
s>            ( QUESTION0 1 -4.160e+05 6.301e+02 1.901e+03
s>                ( - -2.919e+05 67 0 WDBNDRY_B 0 3.192e+02 1.341e+03)
s>                ( QUESTION0_8_R 1 -1.235e+05 4.558e+02 5.601e+02
s>                    ( - -5.901e+04 23 0 WDBNDRY_I 0 2.004e+02 2.708e+02)
s>                    ( - -6.402e+04 40 0 QUESTION2 1 3.549e+02 2.894e+02))))
s>        ( QUESTION10 -1 -3.577e+05 7.194e+02 1.642e+03
s>            ( QUESTION4 1 -1.902e+05 4.395e+02 8.719e+02
s>                ( - 2.177e+02 1 0)
s>                ( QUESTION0_0_R 1 -1.900e+05 4.276e+02 8.709e+02
s>                    ( - -1.437e+05 41 0 WDBNDRY_I 0 1.985e+02 6.586e+02)
s>                    ( - -4.582e+04 39 0 QUESTION0_16_R 1 2.967e+02 2.123e+02)))
s>            ( - -1.667e+05 86 0 QUESTION0_14_R 1 4.225e+02 7.699e+02)))INFO: dtree.c(1315): Comp split 0
INFO: dtree.c(1478): Final simple tree
|( QUESTION0_7_R 1 -1.473e+05 8.047e+02 6.805e+02
|    ( QUESTION4 1 -9.044e+04 4.355e+02 4.127e+02
|        ( - 2.177e+02 1 0)
|        ( QUESTION2 1 -9.022e+04 3.563e+02 4.117e+02
|            ( QUESTION0_14_R 1 -5.263e+04 2.942e+02 2.369e+02
|                ( - -9.952e+03 5 0 QUESTION0 -1 1.665e+02 4.737e+01)
|                ( WDBNDRY_I 0 -4.238e+04 1.982e+02 1.896e+02
|                    ( - -9.383e+03 6 0 QUESTION0_8_R 1 9.409e+01 4.120e+01)
|                    ( - -3.280e+04 27 0 WDBNDRY_B 0 1.792e+02 1.484e+02)))
|            ( WDBNDRY_B 0 -3.724e+04 2.430e+02 1.747e+02
|                ( - -5.537e+03 6 0 QUESTION0 1 6.689e+01 2.598e+01)
|                ( - -3.146e+04 19 0 QUESTION0_8_R 1 1.332e+02 1.487e+02))))
|    ( WDBNDRY_E 0 -5.609e+04 2.696e+02 2.678e+02
|        ( - -2.634e+04 18 0 SILENCE 1 1.778e+02 1.202e+02)
|        ( - -2.947e+04 5 0 QUESTION0_3_R 1 1.209e+02 1.476e+02)))
s>    ( QUESTION0_7_R 1 -1.473e+05 8.047e+02 6.805e+02
s>        ( QUESTION4 1 -9.044e+04 4.355e+02 4.127e+02
s>            ( - 2.177e+02 1 0)
s>            ( QUESTION2 1 -9.022e+04 3.563e+02 4.117e+02
s>                ( QUESTION0_14_R 1 -5.263e+04 2.942e+02 2.369e+02
s>                    ( - -9.952e+03 5 0 QUESTION0 -1 1.665e+02 4.737e+01)
s>                    ( WDBNDRY_I 0 -4.238e+04 1.982e+02 1.896e+02
s>                        ( - -9.383e+03 6 0 QUESTION0_8_R 1 9.409e+01 4.120e+01)
s>                        ( - -3.280e+04 27 0 WDBNDRY_B 0 1.792e+02 1.484e+02)))
s>                ( WDBNDRY_B 0 -3.724e+04 2.430e+02 1.747e+02
s>                    ( - -5.537e+03 6 0 QUESTION0 1 6.689e+01 2.598e+01)
s>                    ( - -3.146e+04 19 0 QUESTION0_8_R 1 1.332e+02 1.487e+02))))
s>        ( WDBNDRY_E 0 -5.609e+04 2.696e+02 2.678e+02
s>            ( - -2.634e+04 18 0 SILENCE 1 1.778e+02 1.202e+02)
s>            ( - -2.947e+04 5 0 QUESTION0_3_R 1 1.209e+02 1.476e+02)))INFO: dtree.c(1478): Final simple tree
|( QUESTION0 -1 -6.636e+05 1.085e+03 3.041e+03
|    ( QUESTION0 1 -3.513e+05 4.659e+02 1.612e+03
|        ( WDBNDRY_B 0 -2.919e+05 3.192e+02 1.341e+03
|            ( - -7.174e+04 25 0 QUESTION0_0_R 1 2.340e+02 3.300e+02)
|            ( - -2.198e+05 42 0 QUESTION0_0_R 1 2.244e+02 1.011e+03))
|        ( - -5.901e+04 23 0 WDBNDRY_I 0 2.004e+02 2.708e+02))
|    ( QUESTION10 -1 -3.111e+05 6.547e+02 1.429e+03
|        ( - -1.437e+05 41 0 WDBNDRY_I 0 1.985e+02 6.586e+02)
|        ( QUESTION0_14_R 1 -1.667e+05 4.225e+02 7.699e+02
|            ( - 1.867e+02 1 0)
|            ( SILENCE -1 -1.665e+05 3.922e+02 7.689e+02
|                ( - -9.050e+03 5 0 QUESTION0_9_R 1 1.346e+02 4.332e+01)
|                ( QUESTION4 -1 -1.571e+05 3.533e+02 7.256e+02
|                    ( - -2.940e+04 11 0 QUESTION0_8_R 1 1.286e+02 1.387e+02)
|                    ( - -1.273e+05 69 0 QUESTION2_10_L -1 2.439e+02 5.869e+02))))))
s>    ( QUESTION0 -1 -6.636e+05 1.085e+03 3.041e+03
s>        ( QUESTION0 1 -3.513e+05 4.659e+02 1.612e+03
s>            ( WDBNDRY_B 0 -2.919e+05 3.192e+02 1.341e+03
s>                ( - -7.174e+04 25 0 QUESTION0_0_R 1 2.340e+02 3.300e+02)
s>                ( - -2.198e+05 42 0 QUESTION0_0_R 1 2.244e+02 1.011e+03))
s>            ( - -5.901e+04 23 0 WDBNDRY_I 0 2.004e+02 2.708e+02))
s>        ( QUESTION10 -1 -3.111e+05 6.547e+02 1.429e+03
s>            ( - -1.437e+05 41 0 WDBNDRY_I 0 1.985e+02 6.586e+02)
s>            ( QUESTION0_14_R 1 -1.667e+05 4.225e+02 7.699e+02
s>                ( - 1.867e+02 1 0)
s>                ( SILENCE -1 -1.665e+05 3.922e+02 7.689e+02
s>                    ( - -9.050e+03 5 0 QUESTION0_9_R 1 1.346e+02 4.332e+01)
s>                    ( QUESTION4 -1 -1.571e+05 3.533e+02 7.256e+02
s>                        ( - -2.940e+04 11 0 QUESTION0_8_R 1 1.286e+02 1.387e+02)
s>                        ( - -1.273e+05 69 0 QUESTION2_10_L -1 2.439e+02 5.869e+02))))))INFO: dtree.c(1315): Comp split 1
INFO: dtree.c(1478): Final simple tree
|( QUESTION10 -1 -3.111e+05 6.547e+02 1.429e+03
|    ( WDBNDRY_I 0 -1.437e+05 1.985e+02 6.586e+02
|        ( - -1.153e+05 26 0 QUESTION2_5_L -1 1.241e+02 5.300e+02)
|        ( - -2.827e+04 15 0 WDBNDRY_B 0 1.086e+02 1.286e+02))
|    ( QUESTION0_14_R 1 -1.667e+05 4.225e+02 7.699e+02
|        ( - 1.867e+02 1 0)
|        ( SILENCE -1 -1.665e+05 3.922e+02 7.689e+02
|            ( - -9.050e+03 5 0 QUESTION0_9_R 1 1.346e+02 4.332e+01)
|            ( QUESTION4 -1 -1.571e+05 3.533e+02 7.256e+02
|                ( - -2.940e+04 11 0 QUESTION0_8_R 1 1.286e+02 1.387e+02)
|                ( QUESTION2_10_L -1 -1.273e+05 2.439e+02 5.869e+02
|                    ( - -3.283e+04 15 0 WDBNDRY_B 0 1.650e+02 1.528e+02)
|                    ( QUESTION8 -1 -9.424e+04 2.092e+02 4.341e+02
|                        ( - -6.958e+03 3 0 WDBNDRY_B 0 1.542e+02 3.277e+01)
|                        ( - -8.708e+04 51 0 QUESTION6 -1 1.768e+02 4.013e+02)))))))
s>    ( QUESTION10 -1 -3.111e+05 6.547e+02 1.429e+03
s>        ( WDBNDRY_I 0 -1.437e+05 1.985e+02 6.586e+02
s>            ( - -1.153e+05 26 0 QUESTION2_5_L -1 1.241e+02 5.300e+02)
s>            ( - -2.827e+04 15 0 WDBNDRY_B 0 1.086e+02 1.286e+02))
s>        ( QUESTION0_14_R 1 -1.667e+05 4.225e+02 7.699e+02
s>            ( - 1.867e+02 1 0)
s>            ( SILENCE -1 -1.665e+05 3.922e+02 7.689e+02
s>                ( - -9.050e+03 5 0 QUESTION0_9_R 1 1.346e+02 4.332e+01)
s>                ( QUESTION4 -1 -1.571e+05 3.533e+02 7.256e+02
s>                    ( - -2.940e+04 11 0 QUESTION0_8_R 1 1.286e+02 1.387e+02)
s>                    ( QUESTION2_10_L -1 -1.273e+05 2.439e+02 5.869e+02
s>                        ( - -3.283e+04 15 0 WDBNDRY_B 0 1.650e+02 1.528e+02)
s>                        ( QUESTION8 -1 -9.424e+04 2.092e+02 4.341e+02
s>                            ( - -6.958e+03 3 0 WDBNDRY_B 0 1.542e+02 3.277e+01)
s>                            ( - -8.708e+04 51 0 QUESTION6 -1 1.768e+02 4.013e+02)))))))INFO: dtree.c(1478): Final simple tree
|( QUESTION0 1 -3.513e+05 4.659e+02 1.612e+03
|    ( WDBNDRY_B 0 -2.919e+05 3.192e+02 1.341e+03
|        ( QUESTION0_0_R 1 -7.174e+04 2.340e+02 3.300e+02
|            ( - -6.447e+04 20 0)
|            ( - -7.031e+03 5 0))
|        ( QUESTION0_0_R 1 -2.198e+05 2.244e+02 1.011e+03
|            ( - -1.887e+05 29 0 WDBNDRY_E 0 1.024e+02 8.683e+02)
|            ( - -3.086e+04 13 0 WDBNDRY_E 0 1.693e+02 1.431e+02)))
|    ( WDBNDRY_I 0 -5.901e+04 2.004e+02 2.708e+02
|        ( QUESTION0_9_R 1 -2.512e+04 2.072e+02 1.169e+02
|            ( - -2.229e+04 6 0)
|            ( - -2.627e+03 1 0))
|        ( QUESTION0_11_R 1 -3.369e+04 1.877e+02 1.539e+02
|            ( - -1.730e+04 5 0 WDBNDRY_B 0 2.096e+02 7.879e+01)
|            ( - -1.620e+04 11 0 QUESTION0_9_R 1 1.158e+02 7.514e+01))))
s>    ( QUESTION0 1 -3.513e+05 4.659e+02 1.612e+03
s>        ( WDBNDRY_B 0 -2.919e+05 3.192e+02 1.341e+03
s>            ( QUESTION0_0_R 1 -7.174e+04 2.340e+02 3.300e+02
s>                ( - -6.447e+04 20 0)
s>                ( - -7.031e+03 5 0))
s>            ( QUESTION0_0_R 1 -2.198e+05 2.244e+02 1.011e+03
s>                ( - -1.887e+05 29 0 WDBNDRY_E 0 1.024e+02 8.683e+02)
s>                ( - -3.086e+04 13 0 WDBNDRY_E 0 1.693e+02 1.431e+02)))
s>        ( WDBNDRY_I 0 -5.901e+04 2.004e+02 2.708e+02
s>            ( QUESTION0_9_R 1 -2.512e+04 2.072e+02 1.169e+02
s>                ( - -2.229e+04 6 0)
s>                ( - -2.627e+03 1 0))
s>            ( QUESTION0_11_R 1 -3.369e+04 1.877e+02 1.539e+02
s>                ( - -1.730e+04 5 0 WDBNDRY_B 0 2.096e+02 7.879e+01)
s>                ( - -1.620e+04 11 0 QUESTION0_9_R 1 1.158e+02 7.514e+01))))INFO: dtree.c(1315): Comp split 2
INFO: dtree.c(1478): Final simple tree
|( QUESTION0_7_R 1 -8.785e+04 3.054e+02 4.166e+02
|    ( QUESTION0_8_R 1 -3.146e+04 1.332e+02 1.487e+02
|        ( - -7.829e+03 6 0 WDBNDRY_E 0 1.241e+02 3.767e+01)
|        ( QUESTION13 1 -2.350e+04 1.369e+02 1.111e+02
|            ( - -2.782e+02 1 0)
|            ( - -2.308e+04 12 0 QUESTION12 1 1.297e+02 1.091e+02)))
|    ( WDBNDRY_E 0 -5.609e+04 2.696e+02 2.678e+02
|        ( SILENCE 1 -2.634e+04 1.778e+02 1.202e+02
|            ( - -7.307e+03 3 0)
|            ( QUESTION0 -1 -1.886e+04 1.320e+02 8.425e+01
|                ( - -1.257e+04 9 0 QUESTION0_6_R 1 1.149e+02 5.498e+01)
|                ( QUESTION0_5_R 1 -6.156e+03 1.772e+02 2.927e+01
|                    ( - -2.141e+02 1 0)
|                    ( - -5.765e+03 5 0 QUESTION0_3_R 1 1.052e+02 2.727e+01))))
|        ( - -2.947e+04 5 0 QUESTION0_3_R 1 1.209e+02 1.476e+02)))
s>    ( QUESTION0_7_R 1 -8.785e+04 3.054e+02 4.166e+02
s>        ( QUESTION0_8_R 1 -3.146e+04 1.332e+02 1.487e+02
s>            ( - -7.829e+03 6 0 WDBNDRY_E 0 1.241e+02 3.767e+01)
s>            ( QUESTION13 1 -2.350e+04 1.369e+02 1.111e+02
s>                ( - -2.782e+02 1 0)
s>                ( - -2.308e+04 12 0 QUESTION12 1 1.297e+02 1.091e+02)))
s>        ( WDBNDRY_E 0 -5.609e+04 2.696e+02 2.678e+02
s>            ( SILENCE 1 -2.634e+04 1.778e+02 1.202e+02
s>                ( - -7.307e+03 3 0)
s>                ( QUESTION0 -1 -1.886e+04 1.320e+02 8.425e+01
s>                    ( - -1.257e+04 9 0 QUESTION0_6_R 1 1.149e+02 5.498e+01)
s>                    ( QUESTION0_5_R 1 -6.156e+03 1.772e+02 2.927e+01
s>                        ( - -2.141e+02 1 0)
s>                        ( - -5.765e+03 5 0 QUESTION0_3_R 1 1.052e+02 2.727e+01))))
s>            ( - -2.947e+04 5 0 QUESTION0_3_R 1 1.209e+02 1.476e+02)))INFO: dtree.c(1478): Final simple tree
|( QUESTION0_15_R 1 -5.863e+04 4.356e+02 2.639e+02
|    ( - 2.177e+02 1 0)
|    ( QUESTION0_14_R 1 -5.842e+04 3.183e+02 2.629e+02
|        ( QUESTION0 -1 -9.952e+03 1.665e+02 4.737e+01
|            ( - -2.757e+03 3 0 QUESTION0_18_R 1 1.406e+02 1.300e+01)
|            ( - -7.028e+03 2 0 WDBNDRY_E 0 1.229e+02 3.437e+01))
|        ( QUESTION0_8_R 1 -4.815e+04 2.577e+02 2.155e+02
|            ( WDBNDRY_E 0 -9.894e+03 1.835e+02 4.598e+01
|                ( - -3.291e+03 3 0 QUESTION0_11_R 1 1.094e+02 1.600e+01)
|                ( - -6.419e+03 8 0 WDBNDRY_B 0 8.114e+01 2.998e+01))
|            ( WDBNDRY_B 0 -3.799e+04 1.857e+02 1.696e+02
|                ( - -1.615e+04 14 0 QUESTION0 -1 1.148e+02 7.372e+01)
|                ( WDBNDRY_E 0 -2.166e+04 1.412e+02 9.584e+01
|                    ( - -1.303e+04 10 0 QUESTION0 -1 1.309e+02 5.863e+01)
|                    ( - -8.487e+03 4 0))))))
s>    ( QUESTION0_15_R 1 -5.863e+04 4.356e+02 2.639e+02
s>        ( - 2.177e+02 1 0)
s>        ( QUESTION0_14_R 1 -5.842e+04 3.183e+02 2.629e+02
s>            ( QUESTION0 -1 -9.952e+03 1.665e+02 4.737e+01
s>                ( - -2.757e+03 3 0 QUESTION0_18_R 1 1.406e+02 1.300e+01)
s>                ( - -7.028e+03 2 0 WDBNDRY_E 0 1.229e+02 3.437e+01))
s>            ( QUESTION0_8_R 1 -4.815e+04 2.577e+02 2.155e+02
s>                ( WDBNDRY_E 0 -9.894e+03 1.835e+02 4.598e+01
s>                    ( - -3.291e+03 3 0 QUESTION0_11_R 1 1.094e+02 1.600e+01)
s>                    ( - -6.419e+03 8 0 WDBNDRY_B 0 8.114e+01 2.998e+01))
s>                ( WDBNDRY_B 0 -3.799e+04 1.857e+02 1.696e+02
s>                    ( - -1.615e+04 14 0 QUESTION0 -1 1.148e+02 7.372e+01)
s>                    ( WDBNDRY_E 0 -2.166e+04 1.412e+02 9.584e+01
s>                        ( - -1.303e+04 10 0 QUESTION0 -1 1.309e+02 5.863e+01)
s>                        ( - -8.487e+03 4 0))))))INFO: dtree.c(1315): Comp split 3
INFO: dtree.c(1478): Final simple tree
|( QUESTION3 -1 -1.735e+05 3.765e+02 7.973e+02
|    ( QUESTION0_8_R 1 -2.940e+04 1.286e+02 1.387e+02
|        ( - -2.793e+02 1 0)
|        ( QUESTION0_0_R 1 -2.899e+04 1.058e+02 1.367e+02
|            ( - -2.794e+04 7 0 WDBNDRY_B 0 1.142e+02 1.317e+02)
|            ( - -9.502e+02 3 0)))
|    ( WDBNDRY_I 0 -1.437e+05 1.985e+02 6.586e+02
|        ( QUESTION2_5_L -1 -1.153e+05 1.241e+02 5.300e+02
|            ( - -4.845e+03 4 0)
|            ( QUESTION2_0_L -1 -1.103e+05 1.202e+02 5.071e+02
|                ( - -6.541e+02 2 0)
|                ( - -1.095e+05 20 0)))
|        ( WDBNDRY_B 0 -2.827e+04 1.086e+02 1.286e+02
|            ( - -2.719e+04 13 0)
|            ( - -9.680e+02 2 0))))
s>    ( QUESTION3 -1 -1.735e+05 3.765e+02 7.973e+02
s>        ( QUESTION0_8_R 1 -2.940e+04 1.286e+02 1.387e+02
s>            ( - -2.793e+02 1 0)
s>            ( QUESTION0_0_R 1 -2.899e+04 1.058e+02 1.367e+02
s>                ( - -2.794e+04 7 0 WDBNDRY_B 0 1.142e+02 1.317e+02)
s>                ( - -9.502e+02 3 0)))
s>        ( WDBNDRY_I 0 -1.437e+05 1.985e+02 6.586e+02
s>            ( QUESTION2_5_L -1 -1.153e+05 1.241e+02 5.300e+02
s>                ( - -4.845e+03 4 0)
s>                ( QUESTION2_0_L -1 -1.103e+05 1.202e+02 5.071e+02
s>                    ( - -6.541e+02 2 0)
s>                    ( - -1.095e+05 20 0)))
s>            ( WDBNDRY_B 0 -2.827e+04 1.086e+02 1.286e+02
s>                ( - -2.719e+04 13 0)
s>                ( - -9.680e+02 2 0))))INFO: dtree.c(1478): Final simple tree
|( QUESTION0_14_R 1 -1.370e+05 4.217e+02 6.312e+02
|    ( - 1.867e+02 1 0)
|    ( SILENCE -1 -1.367e+05 3.636e+02 6.302e+02
|        ( - -9.050e+03 5 0 QUESTION0_9_R 1 1.346e+02 4.332e+01)
|        ( QUESTION2_10_L -1 -1.273e+05 2.439e+02 5.869e+02
|            ( - -3.283e+04 15 0 WDBNDRY_B 0 1.650e+02 1.528e+02)
|            ( QUESTION8 -1 -9.424e+04 2.092e+02 4.341e+02
|                ( - -6.958e+03 3 0 WDBNDRY_B 0 1.542e+02 3.277e+01)
|                ( QUESTION6 -1 -8.708e+04 1.768e+02 4.013e+02
|                    ( QUESTION0_0_R 1 -6.467e+03 4.418e+02 3.100e+01
|                        ( WDBNDRY_B 0 -6.245e+03 4.357e+02 3.000e+01
|                            ( - 2.078e+02 1 0)
|                            ( - -6.017e+03 4 0))
|                        ( - 2.202e+02 1 0))
|                    ( - -8.043e+04 45 0 QUESTION0_12_R 1 1.604e+02 3.703e+02))))))
s>    ( QUESTION0_14_R 1 -1.370e+05 4.217e+02 6.312e+02
s>        ( - 1.867e+02 1 0)
s>        ( SILENCE -1 -1.367e+05 3.636e+02 6.302e+02
s>            ( - -9.050e+03 5 0 QUESTION0_9_R 1 1.346e+02 4.332e+01)
s>            ( QUESTION2_10_L -1 -1.273e+05 2.439e+02 5.869e+02
s>                ( - -3.283e+04 15 0 WDBNDRY_B 0 1.650e+02 1.528e+02)
s>                ( QUESTION8 -1 -9.424e+04 2.092e+02 4.341e+02
s>                    ( - -6.958e+03 3 0 WDBNDRY_B 0 1.542e+02 3.277e+01)
s>                    ( QUESTION6 -1 -8.708e+04 1.768e+02 4.013e+02
s>                        ( QUESTION0_0_R 1 -6.467e+03 4.418e+02 3.100e+01
s>                            ( WDBNDRY_B 0 -6.245e+03 4.357e+02 3.000e+01
s>                                ( - 2.078e+02 1 0)
s>                                ( - -6.017e+03 4 0))
s>                            ( - 2.202e+02 1 0))
s>                        ( - -8.043e+04 45 0 QUESTION0_12_R 1 1.604e+02 3.703e+02))))))INFO: dtree.c(1315): Comp split 4
INFO: dtree.c(1439): stop. leaf nodes are specific
INFO: dtree.c(1478): Final simple tree
|( WDBNDRY_I 0 -4.700e+04 2.237e+02 2.165e+02
|    ( - -2.229e+04 6 0)
|    ( WDBNDRY_B 0 -2.448e+04 1.747e+02 1.126e+02
|        ( QUESTION0_9_R 1 -1.394e+04 1.886e+02 6.508e+01
|            ( - -7.031e+03 5 0)
|            ( - -6.725e+03 2 0))
|        ( - -1.036e+04 3 0)))
s>    ( WDBNDRY_I 0 -4.700e+04 2.237e+02 2.165e+02
s>        ( - -2.229e+04 6 0)
s>        ( WDBNDRY_B 0 -2.448e+04 1.747e+02 1.126e+02
s>            ( QUESTION0_9_R 1 -1.394e+04 1.886e+02 6.508e+01
s>                ( - -7.031e+03 5 0)
s>                ( - -6.725e+03 2 0))
s>            ( - -1.036e+04 3 0)))INFO: dtree.c(1478): Final simple tree
|( WDBNDRY_B 0 -3.038e+05 3.641e+02 1.396e+03
|    ( QUESTION0_0_R 1 -7.649e+04 1.768e+02 3.513e+02
|        ( - -6.447e+04 20 0)
|        ( - -1.184e+04 6 0))
|    ( QUESTION0_0_R 1 -2.270e+05 2.483e+02 1.044e+03
|        ( WDBNDRY_E 0 -1.887e+05 1.024e+02 8.683e+02
|            ( - -7.269e+02 2 0)
|            ( - -1.879e+05 27 0))
|        ( WDBNDRY_E 0 -3.799e+04 1.538e+02 1.761e+02
|            ( QUESTION0 1 -1.101e+04 1.187e+02 4.948e+01
|                ( - -6.637e+03 5 0)
|                ( - -4.250e+03 5 0 QUESTION0_9_R 1 1.008e+02 2.001e+01))
|            ( QUESTION0_9_R 1 -2.683e+04 1.497e+02 1.266e+02
|                ( - -2.405e+04 8 0)
|                ( - -2.627e+03 1 0)))))
s>    ( WDBNDRY_B 0 -3.038e+05 3.641e+02 1.396e+03
s>        ( QUESTION0_0_R 1 -7.649e+04 1.768e+02 3.513e+02
s>            ( - -6.447e+04 20 0)
s>            ( - -1.184e+04 6 0))
s>        ( QUESTION0_0_R 1 -2.270e+05 2.483e+02 1.044e+03
s>            ( WDBNDRY_E 0 -1.887e+05 1.024e+02 8.683e+02
s>                ( - -7.269e+02 2 0)
s>                ( - -1.879e+05 27 0))
s>            ( WDBNDRY_E 0 -3.799e+04 1.538e+02 1.761e+02
s>                ( QUESTION0 1 -1.101e+04 1.187e+02 4.948e+01
s>                    ( - -6.637e+03 5 0)
s>                    ( - -4.250e+03 5 0 QUESTION0_9_R 1 1.008e+02 2.001e+01))
s>                ( QUESTION0_9_R 1 -2.683e+04 1.497e+02 1.266e+02
s>                    ( - -2.405e+04 8 0)
s>                    ( - -2.627e+03 1 0)))))INFO: dtree.c(1315): Comp split 5
INFO: dtree.c(1478): Final simple tree
|( QUESTION0_14_R 1 -1.367e+05 4.217e+02 6.302e+02
|    ( - 1.867e+02 1 0)
|    ( SILENCE -1 -1.365e+05 3.639e+02 6.292e+02
|        ( - -9.050e+03 5 0 QUESTION0_9_R 1 1.346e+02 4.332e+01)
|        ( QUESTION2_10_L -1 -1.271e+05 2.440e+02 5.859e+02
|            ( - -3.283e+04 15 0 WDBNDRY_B 0 1.650e+02 1.528e+02)
|            ( QUESTION8 -1 -9.402e+04 2.083e+02 4.331e+02
|                ( - -6.958e+03 3 0 WDBNDRY_B 0 1.542e+02 3.277e+01)
|                ( QUESTION2 -1 -8.685e+04 1.764e+02 4.003e+02
|                    ( WDBNDRY_B 0 -1.649e+04 4.352e+02 7.650e+01
|                        ( - 2.078e+02 1 0)
|                        ( QUESTION0_12_R 1 -1.626e+04 4.120e+02 7.550e+01
|                            ( - 1.775e+02 1 0)
|                            ( - -1.603e+04 9 0 QUESTION0_0_R 1 1.776e+02 7.450e+01)))
|                    ( - -7.019e+04 39 0 QUESTION17 -1 1.611e+02 3.238e+02))))))
s>    ( QUESTION0_14_R 1 -1.367e+05 4.217e+02 6.302e+02
s>        ( - 1.867e+02 1 0)
s>        ( SILENCE -1 -1.365e+05 3.639e+02 6.292e+02
s>            ( - -9.050e+03 5 0 QUESTION0_9_R 1 1.346e+02 4.332e+01)
s>            ( QUESTION2_10_L -1 -1.271e+05 2.440e+02 5.859e+02
s>                ( - -3.283e+04 15 0 WDBNDRY_B 0 1.650e+02 1.528e+02)
s>                ( QUESTION8 -1 -9.402e+04 2.083e+02 4.331e+02
s>                    ( - -6.958e+03 3 0 WDBNDRY_B 0 1.542e+02 3.277e+01)
s>                    ( QUESTION2 -1 -8.685e+04 1.764e+02 4.003e+02
s>                        ( WDBNDRY_B 0 -1.649e+04 4.352e+02 7.650e+01
s>                            ( - 2.078e+02 1 0)
s>                            ( QUESTION0_12_R 1 -1.626e+04 4.120e+02 7.550e+01
s>                                ( - 1.775e+02 1 0)
s>                                ( - -1.603e+04 9 0 QUESTION0_0_R 1 1.776e+02 7.450e+01)))
s>                        ( - -7.019e+04 39 0 QUESTION17 -1 1.611e+02 3.238e+02))))))INFO: dtree.c(1315): Comp split 6
INFO: dtree.c(1478): Final simple tree
|( QUESTION0_14_R 1 -1.365e+05 4.217e+02 6.292e+02
|    ( - 1.867e+02 1 0)
|    ( SILENCE -1 -1.363e+05 3.639e+02 6.282e+02
|        ( - -9.050e+03 5 0 QUESTION0_9_R 1 1.346e+02 4.332e+01)
|        ( QUESTION2_10_L -1 -1.269e+05 2.441e+02 5.849e+02
|            ( - -3.283e+04 15 0 WDBNDRY_B 0 1.650e+02 1.528e+02)
|            ( QUESTION8 -1 -9.379e+04 2.082e+02 4.321e+02
|                ( - -6.958e+03 3 0 WDBNDRY_B 0 1.542e+02 3.277e+01)
|                ( QUESTION2 -1 -8.662e+04 1.742e+02 3.993e+02
|                    ( QUESTION0_12_R 1 -1.626e+04 4.120e+02 7.550e+01
|                        ( - 1.775e+02 1 0)
|                        ( QUESTION0_0_R 1 -1.603e+04 1.776e+02 7.450e+01
|                            ( - -1.557e+04 8 0 QUESTION6 -1 1.600e+02 7.250e+01)
|                            ( - -2.824e+02 1 0)))
|                    ( - -7.019e+04 39 0 QUESTION17 -1 1.611e+02 3.238e+02))))))
s>    ( QUESTION0_14_R 1 -1.365e+05 4.217e+02 6.292e+02
s>        ( - 1.867e+02 1 0)
s>        ( SILENCE -1 -1.363e+05 3.639e+02 6.282e+02
s>            ( - -9.050e+03 5 0 QUESTION0_9_R 1 1.346e+02 4.332e+01)
s>            ( QUESTION2_10_L -1 -1.269e+05 2.441e+02 5.849e+02
s>                ( - -3.283e+04 15 0 WDBNDRY_B 0 1.650e+02 1.528e+02)
s>                ( QUESTION8 -1 -9.379e+04 2.082e+02 4.321e+02
s>                    ( - -6.958e+03 3 0 WDBNDRY_B 0 1.542e+02 3.277e+01)
s>                    ( QUESTION2 -1 -8.662e+04 1.742e+02 3.993e+02
s>                        ( QUESTION0_12_R 1 -1.626e+04 4.120e+02 7.550e+01
s>                            ( - 1.775e+02 1 0)
s>                            ( QUESTION0_0_R 1 -1.603e+04 1.776e+02 7.450e+01
s>                                ( - -1.557e+04 8 0 QUESTION6 -1 1.600e+02 7.250e+01)
s>                                ( - -2.824e+02 1 0)))
s>                        ( - -7.019e+04 39 0 QUESTION17 -1 1.611e+02 3.238e+02))))))INFO: dtree.c(1315): Comp split 7
INFO: dtree.c(1478): Final simple tree
|( QUESTION0_14_R 1 -5.842e+04 3.183e+02 2.629e+02
|    ( QUESTION0 -1 -9.952e+03 1.665e+02 4.737e+01
|        ( QUESTION0_18_R 1 -2.757e+03 1.406e+02 1.300e+01
|            ( - -5.417e+02 1 0)
|            ( - -2.075e+03 2 0 WDBNDRY_E 0 1.300e+02 1.000e+01))
|        ( - -7.028e+03 2 0 WDBNDRY_E 0 1.229e+02 3.437e+01))
|    ( QUESTION0_8_R 1 -4.815e+04 2.577e+02 2.155e+02
|        ( WDBNDRY_E 0 -9.894e+03 1.835e+02 4.598e+01
|            ( - -3.291e+03 3 0 QUESTION0_11_R 1 1.094e+02 1.600e+01)
|            ( - -6.419e+03 8 0 WDBNDRY_B 0 8.114e+01 2.998e+01))
|        ( WDBNDRY_B 0 -3.799e+04 1.857e+02 1.696e+02
|            ( - -1.615e+04 14 0 QUESTION0 -1 1.148e+02 7.372e+01)
|            ( WDBNDRY_E 0 -2.166e+04 1.412e+02 9.584e+01
|                ( - -1.303e+04 10 0 QUESTION0 -1 1.309e+02 5.863e+01)
|                ( - -8.487e+03 4 0)))))
s>    ( QUESTION0_14_R 1 -5.842e+04 3.183e+02 2.629e+02
s>        ( QUESTION0 -1 -9.952e+03 1.665e+02 4.737e+01
s>            ( QUESTION0_18_R 1 -2.757e+03 1.406e+02 1.300e+01
s>                ( - -5.417e+02 1 0)
s>                ( - -2.075e+03 2 0 WDBNDRY_E 0 1.300e+02 1.000e+01))
s>            ( - -7.028e+03 2 0 WDBNDRY_E 0 1.229e+02 3.437e+01))
s>        ( QUESTION0_8_R 1 -4.815e+04 2.577e+02 2.155e+02
s>            ( WDBNDRY_E 0 -9.894e+03 1.835e+02 4.598e+01
s>                ( - -3.291e+03 3 0 QUESTION0_11_R 1 1.094e+02 1.600e+01)
s>                ( - -6.419e+03 8 0 WDBNDRY_B 0 8.114e+01 2.998e+01))
s>            ( WDBNDRY_B 0 -3.799e+04 1.857e+02 1.696e+02
s>                ( - -1.615e+04 14 0 QUESTION0 -1 1.148e+02 7.372e+01)
s>                ( WDBNDRY_E 0 -2.166e+04 1.412e+02 9.584e+01
s>                    ( - -1.303e+04 10 0 QUESTION0 -1 1.309e+02 5.863e+01)
s>                    ( - -8.487e+03 4 0)))))INFO: dtree.c(1315): Comp split 8
INFO: dtree.c(1478): Final simple tree
|( SILENCE -1 -1.363e+05 3.639e+02 6.282e+02
|    ( - -9.050e+03 5 0 QUESTION0_9_R 1 1.346e+02 4.332e+01)
|    ( QUESTION2_10_L -1 -1.269e+05 2.441e+02 5.849e+02
|        ( WDBNDRY_B 0 -3.283e+04 1.650e+02 1.528e+02
|            ( - -4.281e+03 6 0 QUESTION0_0_R 1 1.246e+02 2.100e+01)
|            ( - -2.838e+04 9 0 QUESTION0_12_R 1 4.350e+02 1.318e+02))
|        ( QUESTION8 -1 -9.379e+04 2.082e+02 4.321e+02
|            ( - -6.958e+03 3 0 WDBNDRY_B 0 1.542e+02 3.277e+01)
|            ( QUESTION2 -1 -8.662e+04 1.742e+02 3.993e+02
|                ( QUESTION0_12_R 1 -1.626e+04 4.120e+02 7.550e+01
|                    ( - 1.775e+02 1 0)
|                    ( QUESTION0_0_R 1 -1.603e+04 1.776e+02 7.450e+01
|                        ( - -1.557e+04 8 0 QUESTION6 -1 1.600e+02 7.250e+01)
|                        ( - -2.824e+02 1 0)))
|                ( - -7.019e+04 39 0 QUESTION17 -1 1.611e+02 3.238e+02)))))
s>    ( SILENCE -1 -1.363e+05 3.639e+02 6.282e+02
s>        ( - -9.050e+03 5 0 QUESTION0_9_R 1 1.346e+02 4.332e+01)
s>        ( QUESTION2_10_L -1 -1.269e+05 2.441e+02 5.849e+02
s>            ( WDBNDRY_B 0 -3.283e+04 1.650e+02 1.528e+02
s>                ( - -4.281e+03 6 0 QUESTION0_0_R 1 1.246e+02 2.100e+01)
s>                ( - -2.838e+04 9 0 QUESTION0_12_R 1 4.350e+02 1.318e+02))
s>            ( QUESTION8 -1 -9.379e+04 2.082e+02 4.321e+02
s>                ( - -6.958e+03 3 0 WDBNDRY_B 0 1.542e+02 3.277e+01)
s>                ( QUESTION2 -1 -8.662e+04 1.742e+02 3.993e+02
s>                    ( QUESTION0_12_R 1 -1.626e+04 4.120e+02 7.550e+01
s>                        ( - 1.775e+02 1 0)
s>                        ( QUESTION0_0_R 1 -1.603e+04 1.776e+02 7.450e+01
s>                            ( - -1.557e+04 8 0 QUESTION6 -1 1.600e+02 7.250e+01)
s>                            ( - -2.824e+02 1 0)))
s>                    ( - -7.019e+04 39 0 QUESTION17 -1 1.611e+02 3.238e+02)))))INFO: dtree.c(1315): Comp split 9
INFO: dtree.c(1478): Final simple tree
|( SILENCE -1 -1.360e+05 3.639e+02 6.272e+02
|    ( - -9.050e+03 5 0 QUESTION0_9_R 1 1.346e+02 4.332e+01)
|    ( QUESTION2_10_L -1 -1.266e+05 2.447e+02 5.839e+02
|        ( WDBNDRY_B 0 -3.283e+04 1.650e+02 1.528e+02
|            ( - -4.281e+03 6 0 QUESTION0_0_R 1 1.246e+02 2.100e+01)
|            ( QUESTION0_12_R 1 -2.838e+04 4.350e+02 1.318e+02
|                ( - 1.966e+02 1 0)
|                ( - -2.814e+04 8 0 QUESTION0 1 1.335e+02 1.308e+02)))
|        ( QUESTION8 -1 -9.355e+04 2.079e+02 4.311e+02
|            ( - -6.958e+03 3 0 WDBNDRY_B 0 1.542e+02 3.277e+01)
|            ( QUESTION2 -1 -8.639e+04 1.734e+02 3.983e+02
|                ( QUESTION0_0_R 1 -1.603e+04 1.776e+02 7.450e+01
|                    ( - -1.557e+04 8 0 QUESTION6 -1 1.600e+02 7.250e+01)
|                    ( - -2.824e+02 1 0))
|                ( - -7.019e+04 39 0 QUESTION17 -1 1.611e+02 3.238e+02)))))
s>    ( SILENCE -1 -1.360e+05 3.639e+02 6.272e+02
s>        ( - -9.050e+03 5 0 QUESTION0_9_R 1 1.346e+02 4.332e+01)
s>        ( QUESTION2_10_L -1 -1.266e+05 2.447e+02 5.839e+02
s>            ( WDBNDRY_B 0 -3.283e+04 1.650e+02 1.528e+02
s>                ( - -4.281e+03 6 0 QUESTION0_0_R 1 1.246e+02 2.100e+01)
s>                ( QUESTION0_12_R 1 -2.838e+04 4.350e+02 1.318e+02
s>                    ( - 1.966e+02 1 0)
s>                    ( - -2.814e+04 8 0 QUESTION0 1 1.335e+02 1.308e+02)))
s>            ( QUESTION8 -1 -9.355e+04 2.079e+02 4.311e+02
s>                ( - -6.958e+03 3 0 WDBNDRY_B 0 1.542e+02 3.277e+01)
s>                ( QUESTION2 -1 -8.639e+04 1.734e+02 3.983e+02
s>                    ( QUESTION0_0_R 1 -1.603e+04 1.776e+02 7.450e+01
s>                        ( - -1.557e+04 8 0 QUESTION6 -1 1.600e+02 7.250e+01)
s>                        ( - -2.824e+02 1 0))
s>                    ( - -7.019e+04 39 0 QUESTION17 -1 1.611e+02 3.238e+02)))))INFO: dtree.c(1315): Comp split 10
INFO: dtree.c(1478): Final simple tree
|( SILENCE -1 -1.358e+05 3.632e+02 6.262e+02
|    ( - -9.050e+03 5 0 QUESTION0_9_R 1 1.346e+02 4.332e+01)
|    ( QUESTION2_10_L -1 -1.264e+05 2.473e+02 5.829e+02
|        ( WDBNDRY_B 0 -3.259e+04 1.659e+02 1.518e+02
|            ( - -4.281e+03 6 0 QUESTION0_0_R 1 1.246e+02 2.100e+01)
|            ( - -2.814e+04 8 0 QUESTION0 1 1.335e+02 1.308e+02))
|        ( QUESTION8 -1 -9.355e+04 2.079e+02 4.311e+02
|            ( - -6.958e+03 3 0 WDBNDRY_B 0 1.542e+02 3.277e+01)
|            ( QUESTION2 -1 -8.639e+04 1.734e+02 3.983e+02
|                ( QUESTION0_0_R 1 -1.603e+04 1.776e+02 7.450e+01
|                    ( - -1.557e+04 8 0 QUESTION6 -1 1.600e+02 7.250e+01)
|                    ( - -2.824e+02 1 0))
|                ( QUESTION17 -1 -7.019e+04 1.611e+02 3.238e+02
|                    ( - -1.009e+04 6 0 WDBNDRY_B 0 1.999e+02 4.711e+01)
|                    ( - -5.993e+04 33 0 QUESTION11 1 1.463e+02 2.767e+02))))))
s>    ( SILENCE -1 -1.358e+05 3.632e+02 6.262e+02
s>        ( - -9.050e+03 5 0 QUESTION0_9_R 1 1.346e+02 4.332e+01)
s>        ( QUESTION2_10_L -1 -1.264e+05 2.473e+02 5.829e+02
s>            ( WDBNDRY_B 0 -3.259e+04 1.659e+02 1.518e+02
s>                ( - -4.281e+03 6 0 QUESTION0_0_R 1 1.246e+02 2.100e+01)
s>                ( - -2.814e+04 8 0 QUESTION0 1 1.335e+02 1.308e+02))
s>            ( QUESTION8 -1 -9.355e+04 2.079e+02 4.311e+02
s>                ( - -6.958e+03 3 0 WDBNDRY_B 0 1.542e+02 3.277e+01)
s>                ( QUESTION2 -1 -8.639e+04 1.734e+02 3.983e+02
s>                    ( QUESTION0_0_R 1 -1.603e+04 1.776e+02 7.450e+01
s>                        ( - -1.557e+04 8 0 QUESTION6 -1 1.600e+02 7.250e+01)
s>                        ( - -2.824e+02 1 0))
s>                    ( QUESTION17 -1 -7.019e+04 1.611e+02 3.238e+02
s>                        ( - -1.009e+04 6 0 WDBNDRY_B 0 1.999e+02 4.711e+01)
s>                        ( - -5.993e+04 33 0 QUESTION11 1 1.463e+02 2.767e+02))))))INFO: dtree.c(1315): Comp split 11
INFO: dtree.c(1439): stop. leaf nodes are specific
INFO: dtree.c(1478): Final simple tree
|( QUESTION0_0_R 1 -2.912e+04 1.285e+02 1.367e+02
|    ( QUESTION3 -1 -2.871e+04 1.201e+02 1.347e+02
|        ( WDBNDRY_B 0 -2.794e+04 1.142e+02 1.317e+02
|            ( - -9.468e+02 2 0)
|            ( - -2.688e+04 5 0))
|        ( - -6.541e+02 2 0))
|    ( - -2.793e+02 1 0))
s>    ( QUESTION0_0_R 1 -2.912e+04 1.285e+02 1.367e+02
s>        ( QUESTION3 -1 -2.871e+04 1.201e+02 1.347e+02
s>            ( WDBNDRY_B 0 -2.794e+04 1.142e+02 1.317e+02
s>                ( - -9.468e+02 2 0)
s>                ( - -2.688e+04 5 0))
s>            ( - -6.541e+02 2 0))
s>        ( - -2.793e+02 1 0))INFO: dtree.c(1439): stop. leaf nodes are specific
INFO: dtree.c(1478): Final simple tree
|( WDBNDRY_I 0 -1.440e+05 1.891e+02 6.606e+02
|    ( QUESTION2_0_L -1 -1.145e+05 1.238e+02 5.270e+02
|        ( - -4.845e+03 4 0)
|        ( - -1.095e+05 20 0))
|    ( WDBNDRY_B 0 -2.933e+04 1.083e+02 1.336e+02
|        ( QUESTION0_0_R 1 -2.825e+04 1.076e+02 1.286e+02
|            ( - -2.719e+04 13 0)
|            ( - -9.502e+02 3 0))
|        ( - -9.680e+02 2 0)))
s>    ( WDBNDRY_I 0 -1.440e+05 1.891e+02 6.606e+02
s>        ( QUESTION2_0_L -1 -1.145e+05 1.238e+02 5.270e+02
s>            ( - -4.845e+03 4 0)
s>            ( - -1.095e+05 20 0))
s>        ( WDBNDRY_B 0 -2.933e+04 1.083e+02 1.336e+02
s>            ( QUESTION0_0_R 1 -2.825e+04 1.076e+02 1.286e+02
s>                ( - -2.719e+04 13 0)
s>                ( - -9.502e+02 3 0))
s>            ( - -9.680e+02 2 0)))INFO: dtree.c(1315): Comp split 12
INFO: dtree.c(1439): stop. leaf nodes are specific
INFO: dtree.c(1478): Final simple tree
|( QUESTION0_0_R 1 -2.270e+05 2.483e+02 1.044e+03
|    ( WDBNDRY_E 0 -1.887e+05 1.024e+02 8.683e+02
|        ( - -7.269e+02 2 0)
|        ( - -1.879e+05 27 0))
|    ( WDBNDRY_E 0 -3.799e+04 1.538e+02 1.761e+02
|        ( QUESTION0 1 -1.101e+04 1.187e+02 4.948e+01
|            ( - -6.637e+03 5 0)
|            ( QUESTION0_9_R 1 -4.250e+03 1.008e+02 2.001e+01
|                ( - -3.573e+03 3 0)
|                ( - -5.764e+02 2 0)))
|        ( QUESTION0_9_R 1 -2.683e+04 1.497e+02 1.266e+02
|            ( - -2.405e+04 8 0)
|            ( - -2.627e+03 1 0))))
s>    ( QUESTION0_0_R 1 -2.270e+05 2.483e+02 1.044e+03
s>        ( WDBNDRY_E 0 -1.887e+05 1.024e+02 8.683e+02
s>            ( - -7.269e+02 2 0)
s>            ( - -1.879e+05 27 0))
s>        ( WDBNDRY_E 0 -3.799e+04 1.538e+02 1.761e+02
s>            ( QUESTION0 1 -1.101e+04 1.187e+02 4.948e+01
s>                ( - -6.637e+03 5 0)
s>                ( QUESTION0_9_R 1 -4.250e+03 1.008e+02 2.001e+01
s>                    ( - -3.573e+03 3 0)
s>                    ( - -5.764e+02 2 0)))
s>            ( QUESTION0_9_R 1 -2.683e+04 1.497e+02 1.266e+02
s>                ( - -2.405e+04 8 0)
s>                ( - -2.627e+03 1 0))))INFO: dtree.c(1439): stop. leaf nodes are specific
INFO: dtree.c(1478): Final simple tree
|( QUESTION0_0_R 1 -7.649e+04 1.768e+02 3.513e+02
|    ( - -6.447e+04 20 0)
|    ( - -1.184e+04 6 0))
s>    ( QUESTION0_0_R 1 -7.649e+04 1.768e+02 3.513e+02
s>        ( - -6.447e+04 20 0)
s>        ( - -1.184e+04 6 0))INFO: dtree.c(1315): Comp split 13
INFO: dtree.c(1478): Final simple tree
|( QUESTION2_10_L -1 -1.264e+05 2.473e+02 5.829e+02
|    ( WDBNDRY_B 0 -3.259e+04 1.659e+02 1.518e+02
|        ( - -4.281e+03 6 0 QUESTION0_0_R 1 1.246e+02 2.100e+01)
|        ( - -2.814e+04 8 0 QUESTION0 1 1.335e+02 1.308e+02))
|    ( QUESTION8 -1 -9.355e+04 2.079e+02 4.311e+02
|        ( - -6.958e+03 3 0 WDBNDRY_B 0 1.542e+02 3.277e+01)
|        ( QUESTION2 -1 -8.639e+04 1.734e+02 3.983e+02
|            ( QUESTION0_0_R 1 -1.603e+04 1.776e+02 7.450e+01
|                ( - -1.557e+04 8 0 QUESTION6 -1 1.600e+02 7.250e+01)
|                ( - -2.824e+02 1 0))
|            ( QUESTION17 -1 -7.019e+04 1.611e+02 3.238e+02
|                ( WDBNDRY_B 0 -1.009e+04 1.999e+02 4.711e+01
|                    ( - -3.727e+03 4 0 QUESTION0_8_R 1 1.485e+02 1.800e+01)
|                    ( - -6.165e+03 2 0))
|                ( - -5.993e+04 33 0 QUESTION11 1 1.463e+02 2.767e+02)))))
s>    ( QUESTION2_10_L -1 -1.264e+05 2.473e+02 5.829e+02
s>        ( WDBNDRY_B 0 -3.259e+04 1.659e+02 1.518e+02
s>            ( - -4.281e+03 6 0 QUESTION0_0_R 1 1.246e+02 2.100e+01)
s>            ( - -2.814e+04 8 0 QUESTION0 1 1.335e+02 1.308e+02))
s>        ( QUESTION8 -1 -9.355e+04 2.079e+02 4.311e+02
s>            ( - -6.958e+03 3 0 WDBNDRY_B 0 1.542e+02 3.277e+01)
s>            ( QUESTION2 -1 -8.639e+04 1.734e+02 3.983e+02
s>                ( QUESTION0_0_R 1 -1.603e+04 1.776e+02 7.450e+01
s>                    ( - -1.557e+04 8 0 QUESTION6 -1 1.600e+02 7.250e+01)
s>                    ( - -2.824e+02 1 0))
s>                ( QUESTION17 -1 -7.019e+04 1.611e+02 3.238e+02
s>                    ( WDBNDRY_B 0 -1.009e+04 1.999e+02 4.711e+01
s>                        ( - -3.727e+03 4 0 QUESTION0_8_R 1 1.485e+02 1.800e+01)
s>                        ( - -6.165e+03 2 0))
s>                    ( - -5.993e+04 33 0 QUESTION11 1 1.463e+02 2.767e+02)))))INFO: dtree.c(1439): stop. leaf nodes are specific
INFO: dtree.c(1478): Final simple tree
|( QUESTION0_9_R 1 -9.050e+03 1.346e+02 4.332e+01
|    ( - -1.103e+03 1 0)
|    ( QUESTION0_12_R 1 -7.812e+03 1.212e+02 3.732e+01
|        ( - -5.508e+02 1 0)
|        ( QUESTION0_0_R 1 -7.140e+03 1.128e+02 3.432e+01
|            ( - -4.000e+03 2 0)
|            ( - -3.028e+03 1 0))))
s>    ( QUESTION0_9_R 1 -9.050e+03 1.346e+02 4.332e+01
s>        ( - -1.103e+03 1 0)
s>        ( QUESTION0_12_R 1 -7.812e+03 1.212e+02 3.732e+01
s>            ( - -5.508e+02 1 0)
s>            ( QUESTION0_0_R 1 -7.140e+03 1.128e+02 3.432e+01
s>                ( - -4.000e+03 2 0)
s>                ( - -3.028e+03 1 0))))INFO: dtree.c(1315): Comp split 14
INFO: dtree.c(1439): stop. leaf nodes are specific
INFO: dtree.c(1478): Final simple tree
|( QUESTION0_3_R 1 -2.947e+04 1.209e+02 1.476e+02
|    ( QUESTION0 -1 -7.693e+02 4.020e+02 4.000e+00
|        ( - 1.889e+02 1 0)
|        ( - -5.562e+02 1 0))
|    ( - -2.858e+04 3 0))
s>    ( QUESTION0_3_R 1 -2.947e+04 1.209e+02 1.476e+02
s>        ( QUESTION0 -1 -7.693e+02 4.020e+02 4.000e+00
s>            ( - 1.889e+02 1 0)
s>            ( - -5.562e+02 1 0))
s>        ( - -2.858e+04 3 0))INFO: dtree.c(1478): Final simple tree
|( QUESTION0_7_R 1 -5.802e+04 2.124e+02 2.689e+02
|    ( QUESTION0_8_R 1 -3.146e+04 1.332e+02 1.487e+02
|        ( - -7.829e+03 6 0 WDBNDRY_E 0 1.241e+02 3.767e+01)
|        ( QUESTION13 1 -2.350e+04 1.369e+02 1.111e+02
|            ( - -2.782e+02 1 0)
|            ( QUESTION12 1 -2.308e+04 1.297e+02 1.091e+02
|                ( - -8.441e+02 1 0)
|                ( - -2.211e+04 11 0 WDBNDRY_E 0 1.225e+02 1.051e+02))))
|    ( SILENCE 1 -2.634e+04 1.778e+02 1.202e+02
|        ( - -7.307e+03 3 0)
|        ( QUESTION0 -1 -1.886e+04 1.320e+02 8.425e+01
|            ( - -1.257e+04 9 0 QUESTION0_6_R 1 1.149e+02 5.498e+01)
|            ( QUESTION0_5_R 1 -6.156e+03 1.772e+02 2.927e+01
|                ( - -2.141e+02 1 0)
|                ( - -5.765e+03 5 0 QUESTION0_3_R 1 1.052e+02 2.727e+01)))))
s>    ( QUESTION0_7_R 1 -5.802e+04 2.124e+02 2.689e+02
s>        ( QUESTION0_8_R 1 -3.146e+04 1.332e+02 1.487e+02
s>            ( - -7.829e+03 6 0 WDBNDRY_E 0 1.241e+02 3.767e+01)
s>            ( QUESTION13 1 -2.350e+04 1.369e+02 1.111e+02
s>                ( - -2.782e+02 1 0)
s>                ( QUESTION12 1 -2.308e+04 1.297e+02 1.091e+02
s>                    ( - -8.441e+02 1 0)
s>                    ( - -2.211e+04 11 0 WDBNDRY_E 0 1.225e+02 1.051e+02))))
s>        ( SILENCE 1 -2.634e+04 1.778e+02 1.202e+02
s>            ( - -7.307e+03 3 0)
s>            ( QUESTION0 -1 -1.886e+04 1.320e+02 8.425e+01
s>                ( - -1.257e+04 9 0 QUESTION0_6_R 1 1.149e+02 5.498e+01)
s>                ( QUESTION0_5_R 1 -6.156e+03 1.772e+02 2.927e+01
s>                    ( - -2.141e+02 1 0)
s>                    ( - -5.765e+03 5 0 QUESTION0_3_R 1 1.052e+02 2.727e+01)))))INFO: dtree.c(1315): Comp split 15
INFO: dtree.c(1439): stop. leaf nodes are specific
INFO: dtree.c(1478): Final simple tree
|( QUESTION0_3_R 1 -2.925e+04 1.123e+02 1.466e+02
|    ( - -5.562e+02 1 0)
|    ( - -2.858e+04 3 0))
s>    ( QUESTION0_3_R 1 -2.925e+04 1.123e+02 1.466e+02
s>        ( - -5.562e+02 1 0)
s>        ( - -2.858e+04 3 0))INFO: dtree.c(1315): Comp split 16
INFO: dtree.c(1478): Final simple tree
|( QUESTION0_8_R 1 -4.815e+04 2.577e+02 2.155e+02
|    ( WDBNDRY_E 0 -9.894e+03 1.835e+02 4.598e+01
|        ( QUESTION0_11_R 1 -3.291e+03 1.094e+02 1.600e+01
|            ( - -2.722e+03 2 0)
|            ( - -4.600e+02 1 0))
|        ( - -6.419e+03 8 0 WDBNDRY_B 0 8.114e+01 2.998e+01))
|    ( WDBNDRY_B 0 -3.799e+04 1.857e+02 1.696e+02
|        ( QUESTION0 -1 -1.615e+04 1.148e+02 7.372e+01
|            ( - -1.115e+04 9 0)
|            ( - -4.888e+03 5 0))
|        ( WDBNDRY_E 0 -2.166e+04 1.412e+02 9.584e+01
|            ( QUESTION0 -1 -1.303e+04 1.309e+02 5.863e+01
|                ( - -1.083e+04 8 0)
|                ( - -2.070e+03 2 0))
|            ( - -8.487e+03 4 0))))
s>    ( QUESTION0_8_R 1 -4.815e+04 2.577e+02 2.155e+02
s>        ( WDBNDRY_E 0 -9.894e+03 1.835e+02 4.598e+01
s>            ( QUESTION0_11_R 1 -3.291e+03 1.094e+02 1.600e+01
s>                ( - -2.722e+03 2 0)
s>                ( - -4.600e+02 1 0))
s>            ( - -6.419e+03 8 0 WDBNDRY_B 0 8.114e+01 2.998e+01))
s>        ( WDBNDRY_B 0 -3.799e+04 1.857e+02 1.696e+02
s>            ( QUESTION0 -1 -1.615e+04 1.148e+02 7.372e+01
s>                ( - -1.115e+04 9 0)
s>                ( - -4.888e+03 5 0))
s>            ( WDBNDRY_E 0 -2.166e+04 1.412e+02 9.584e+01
s>                ( QUESTION0 -1 -1.303e+04 1.309e+02 5.863e+01
s>                    ( - -1.083e+04 8 0)
s>                    ( - -2.070e+03 2 0))
s>                ( - -8.487e+03 4 0))))INFO: dtree.c(1439): stop. leaf nodes are specific
INFO: dtree.c(1478): Final simple tree
|( QUESTION0 -1 -9.952e+03 1.665e+02 4.737e+01
|    ( QUESTION0_18_R 1 -2.757e+03 1.406e+02 1.300e+01
|        ( - -5.417e+02 1 0)
|        ( WDBNDRY_E 0 -2.075e+03 1.300e+02 1.000e+01
|            ( - -1.201e+03 1 0)
|            ( - -7.446e+02 1 0)))
|    ( WDBNDRY_E 0 -7.028e+03 1.229e+02 3.437e+01
|        ( - -7.942e+02 1 0)
|        ( - -6.111e+03 1 0)))
s>    ( QUESTION0 -1 -9.952e+03 1.665e+02 4.737e+01
s>        ( QUESTION0_18_R 1 -2.757e+03 1.406e+02 1.300e+01
s>            ( - -5.417e+02 1 0)
s>            ( WDBNDRY_E 0 -2.075e+03 1.300e+02 1.000e+01
s>                ( - -1.201e+03 1 0)
s>                ( - -7.446e+02 1 0)))
s>        ( WDBNDRY_E 0 -7.028e+03 1.229e+02 3.437e+01
s>            ( - -7.942e+02 1 0)
s>            ( - -6.111e+03 1 0)))INFO: dtree.c(1315): Comp split 17
INFO: dtree.c(1439): stop. leaf nodes are specific
INFO: dtree.c(1478): Final simple tree
|( QUESTION2 -1 -1.335e+04 2.290e+02 6.188e+01
|    ( WDBNDRY_B 0 -6.958e+03 1.542e+02 3.277e+01
|        ( - -2.544e+02 1 0)
|        ( - -6.550e+03 2 0))
|    ( - -6.165e+03 2 0))
s>    ( QUESTION2 -1 -1.335e+04 2.290e+02 6.188e+01
s>        ( WDBNDRY_B 0 -6.958e+03 1.542e+02 3.277e+01
s>            ( - -2.544e+02 1 0)
s>            ( - -6.550e+03 2 0))
s>        ( - -6.165e+03 2 0))INFO: dtree.c(1478): Final simple tree
|( QUESTION2_10_L -1 -1.128e+05 2.204e+02 5.210e+02
|    ( WDBNDRY_B 0 -3.259e+04 1.659e+02 1.518e+02
|        ( - -4.281e+03 6 0 QUESTION0_0_R 1 1.246e+02 2.100e+01)
|        ( - -2.814e+04 8 0 QUESTION0 1 1.335e+02 1.308e+02))
|    ( QUESTION2 -1 -7.996e+04 1.743e+02 3.692e+02
|        ( QUESTION0_0_R 1 -1.603e+04 1.776e+02 7.450e+01
|            ( QUESTION6 -1 -1.557e+04 1.600e+02 7.250e+01
|                ( - -6.017e+03 4 0)
|                ( - -9.390e+03 4 0))
|            ( - -2.824e+02 1 0))
|        ( QUESTION0_12_R 1 -6.376e+04 1.520e+02 2.947e+02
|            ( QUESTION13 -1 -3.045e+03 4.770e+02 1.500e+01
|                ( - 2.423e+02 1 0)
|                ( - -2.810e+03 3 0 QUESTION15 -1 4.238e+02 1.400e+01))
|            ( - -6.056e+04 33 0 QUESTION2_9_L -1 1.529e+02 2.797e+02))))
s>    ( QUESTION2_10_L -1 -1.128e+05 2.204e+02 5.210e+02
s>        ( WDBNDRY_B 0 -3.259e+04 1.659e+02 1.518e+02
s>            ( - -4.281e+03 6 0 QUESTION0_0_R 1 1.246e+02 2.100e+01)
s>            ( - -2.814e+04 8 0 QUESTION0 1 1.335e+02 1.308e+02))
s>        ( QUESTION2 -1 -7.996e+04 1.743e+02 3.692e+02
s>            ( QUESTION0_0_R 1 -1.603e+04 1.776e+02 7.450e+01
s>                ( QUESTION6 -1 -1.557e+04 1.600e+02 7.250e+01
s>                    ( - -6.017e+03 4 0)
s>                    ( - -9.390e+03 4 0))
s>                ( - -2.824e+02 1 0))
s>            ( QUESTION0_12_R 1 -6.376e+04 1.520e+02 2.947e+02
s>                ( QUESTION13 -1 -3.045e+03 4.770e+02 1.500e+01
s>                    ( - 2.423e+02 1 0)
s>                    ( - -2.810e+03 3 0 QUESTION15 -1 4.238e+02 1.400e+01))
s>                ( - -6.056e+04 33 0 QUESTION2_9_L -1 1.529e+02 2.797e+02))))INFO: dtree.c(1315): Comp split 18
INFO: dtree.c(1478): Final simple tree
|( QUESTION2_10_L -1 -1.126e+05 2.201e+02 5.200e+02
|    ( WDBNDRY_B 0 -3.259e+04 1.659e+02 1.518e+02
|        ( - -4.281e+03 6 0 QUESTION0_0_R 1 1.246e+02 2.100e+01)
|        ( - -2.814e+04 8 0 QUESTION0 1 1.335e+02 1.308e+02))
|    ( QUESTION2 -1 -7.974e+04 1.738e+02 3.682e+02
|        ( QUESTION0_0_R 1 -1.603e+04 1.776e+02 7.450e+01
|            ( QUESTION6 -1 -1.557e+04 1.600e+02 7.250e+01
|                ( - -6.017e+03 4 0)
|                ( - -9.390e+03 4 0))
|            ( - -2.824e+02 1 0))
|        ( QUESTION0_12_R 1 -6.354e+04 1.668e+02 2.937e+02
|            ( QUESTION15 -1 -2.810e+03 4.238e+02 1.400e+01
|                ( - 1.948e+02 1 0)
|                ( - -2.581e+03 2 0 QUESTION12 -1 9.359e+01 1.300e+01))
|            ( - -6.056e+04 33 0 QUESTION2_9_L -1 1.529e+02 2.797e+02))))
s>    ( QUESTION2_10_L -1 -1.126e+05 2.201e+02 5.200e+02
s>        ( WDBNDRY_B 0 -3.259e+04 1.659e+02 1.518e+02
s>            ( - -4.281e+03 6 0 QUESTION0_0_R 1 1.246e+02 2.100e+01)
s>            ( - -2.814e+04 8 0 QUESTION0 1 1.335e+02 1.308e+02))
s>        ( QUESTION2 -1 -7.974e+04 1.738e+02 3.682e+02
s>            ( QUESTION0_0_R 1 -1.603e+04 1.776e+02 7.450e+01
s>                ( QUESTION6 -1 -1.557e+04 1.600e+02 7.250e+01
s>                    ( - -6.017e+03 4 0)
s>                    ( - -9.390e+03 4 0))
s>                ( - -2.824e+02 1 0))
s>            ( QUESTION0_12_R 1 -6.354e+04 1.668e+02 2.937e+02
s>                ( QUESTION15 -1 -2.810e+03 4.238e+02 1.400e+01
s>                    ( - 1.948e+02 1 0)
s>                    ( - -2.581e+03 2 0 QUESTION12 -1 9.359e+01 1.300e+01))
s>                ( - -6.056e+04 33 0 QUESTION2_9_L -1 1.529e+02 2.797e+02))))INFO: dtree.c(1315): Comp split 19
INFO: dtree.c(1478): Final simple tree
|( QUESTION2_10_L -1 -1.123e+05 2.184e+02 5.190e+02
|    ( WDBNDRY_B 0 -3.259e+04 1.659e+02 1.518e+02
|        ( - -4.281e+03 6 0 QUESTION0_0_R 1 1.246e+02 2.100e+01)
|        ( - -2.814e+04 8 0 QUESTION0 1 1.335e+02 1.308e+02))
|    ( QUESTION2 -1 -7.951e+04 1.743e+02 3.672e+02
|        ( QUESTION0_0_R 1 -1.603e+04 1.776e+02 7.450e+01
|            ( QUESTION6 -1 -1.557e+04 1.600e+02 7.250e+01
|                ( - -6.017e+03 4 0)
|                ( - -9.390e+03 4 0))
|            ( - -2.824e+02 1 0))
|        ( QUESTION0_12_R 1 -6.330e+04 1.615e+02 2.927e+02
|            ( - -2.581e+03 2 0 QUESTION12 -1 9.359e+01 1.300e+01)
|            ( QUESTION2_9_L -1 -6.056e+04 1.529e+02 2.797e+02
|                ( - -1.016e+04 6 0 QUESTION0_0_R 1 1.384e+02 4.822e+01)
|                ( - -5.025e+04 27 0 QUESTION0_0_R 1 1.480e+02 2.315e+02)))))
s>    ( QUESTION2_10_L -1 -1.123e+05 2.184e+02 5.190e+02
s>        ( WDBNDRY_B 0 -3.259e+04 1.659e+02 1.518e+02
s>            ( - -4.281e+03 6 0 QUESTION0_0_R 1 1.246e+02 2.100e+01)
s>            ( - -2.814e+04 8 0 QUESTION0 1 1.335e+02 1.308e+02))
s>        ( QUESTION2 -1 -7.951e+04 1.743e+02 3.672e+02
s>            ( QUESTION0_0_R 1 -1.603e+04 1.776e+02 7.450e+01
s>                ( QUESTION6 -1 -1.557e+04 1.600e+02 7.250e+01
s>                    ( - -6.017e+03 4 0)
s>                    ( - -9.390e+03 4 0))
s>                ( - -2.824e+02 1 0))
s>            ( QUESTION0_12_R 1 -6.330e+04 1.615e+02 2.927e+02
s>                ( - -2.581e+03 2 0 QUESTION12 -1 9.359e+01 1.300e+01)
s>                ( QUESTION2_9_L -1 -6.056e+04 1.529e+02 2.797e+02
s>                    ( - -1.016e+04 6 0 QUESTION0_0_R 1 1.384e+02 4.822e+01)
s>                    ( - -5.025e+04 27 0 QUESTION0_0_R 1 1.480e+02 2.315e+02)))))INFO: dtree.c(1315): Comp split 20
INFO: dtree.c(1439): stop. leaf nodes are specific
INFO: dtree.c(1478): Final simple tree
|( WDBNDRY_B 0 -3.799e+04 1.857e+02 1.696e+02
|    ( QUESTION0 -1 -1.615e+04 1.148e+02 7.372e+01
|        ( - -1.115e+04 9 0)
|        ( - -4.888e+03 5 0))
|    ( WDBNDRY_E 0 -2.166e+04 1.412e+02 9.584e+01
|        ( QUESTION0 -1 -1.303e+04 1.309e+02 5.863e+01
|            ( - -1.083e+04 8 0)
|            ( - -2.070e+03 2 0))
|        ( - -8.487e+03 4 0)))
s>    ( WDBNDRY_B 0 -3.799e+04 1.857e+02 1.696e+02
s>        ( QUESTION0 -1 -1.615e+04 1.148e+02 7.372e+01
s>            ( - -1.115e+04 9 0)
s>            ( - -4.888e+03 5 0))
s>        ( WDBNDRY_E 0 -2.166e+04 1.412e+02 9.584e+01
s>            ( QUESTION0 -1 -1.303e+04 1.309e+02 5.863e+01
s>                ( - -1.083e+04 8 0)
s>                ( - -2.070e+03 2 0))
s>            ( - -8.487e+03 4 0)))INFO: dtree.c(1439): stop. leaf nodes are specific
INFO: dtree.c(1478): Final simple tree
|( WDBNDRY_E 0 -9.894e+03 1.835e+02 4.598e+01
|    ( QUESTION0_11_R 1 -3.291e+03 1.094e+02 1.600e+01
|        ( - -2.722e+03 2 0)
|        ( - -4.600e+02 1 0))
|    ( WDBNDRY_B 0 -6.419e+03 8.114e+01 2.998e+01
|        ( QUESTION0 1 -5.537e+03 6.689e+01 2.598e+01
|            ( - -2.178e+03 4 0)
|            ( - -3.292e+03 2 0))
|        ( - -8.014e+02 2 0)))
s>    ( WDBNDRY_E 0 -9.894e+03 1.835e+02 4.598e+01
s>        ( QUESTION0_11_R 1 -3.291e+03 1.094e+02 1.600e+01
s>            ( - -2.722e+03 2 0)
s>            ( - -4.600e+02 1 0))
s>        ( WDBNDRY_B 0 -6.419e+03 8.114e+01 2.998e+01
s>            ( QUESTION0 1 -5.537e+03 6.689e+01 2.598e+01
s>                ( - -2.178e+03 4 0)
s>                ( - -3.292e+03 2 0))
s>            ( - -8.014e+02 2 0)))INFO: dtree.c(1315): Comp split 21
INFO: dtree.c(1439): stop. leaf nodes are specific
INFO: dtree.c(1478): Final simple tree
|( WDBNDRY_E 0 -1.924e+05 1.108e+02 8.853e+02
|    ( QUESTION0_0_R 1 -4.395e+03 9.503e+01 2.101e+01
|        ( - -7.269e+02 2 0)
|        ( - -3.573e+03 3 0))
|    ( - -1.879e+05 27 0))
s>    ( WDBNDRY_E 0 -1.924e+05 1.108e+02 8.853e+02
s>        ( QUESTION0_0_R 1 -4.395e+03 9.503e+01 2.101e+01
s>            ( - -7.269e+02 2 0)
s>            ( - -3.573e+03 3 0))
s>        ( - -1.879e+05 27 0))INFO: dtree.c(1439): stop. leaf nodes are specific
INFO: dtree.c(1478): Final simple tree
|( WDBNDRY_E 0 -3.432e+04 1.467e+02 1.591e+02
|    ( QUESTION0_9_R 1 -7.337e+03 1.232e+02 3.247e+01
|        ( - -6.637e+03 5 0)
|        ( - -5.764e+02 2 0))
|    ( QUESTION0_9_R 1 -2.683e+04 1.497e+02 1.266e+02
|        ( - -2.405e+04 8 0)
|        ( - -2.627e+03 1 0)))
s>    ( WDBNDRY_E 0 -3.432e+04 1.467e+02 1.591e+02
s>        ( QUESTION0_9_R 1 -7.337e+03 1.232e+02 3.247e+01
s>            ( - -6.637e+03 5 0)
s>            ( - -5.764e+02 2 0))
s>        ( QUESTION0_9_R 1 -2.683e+04 1.497e+02 1.266e+02
s>            ( - -2.405e+04 8 0)
s>            ( - -2.627e+03 1 0)))INFO: dtree.c(1315): Comp split 22
INFO: dtree.c(1478): Final simple tree
|( QUESTION2_10_L -1 -3.846e+04 1.538e+02 1.790e+02
|    ( QUESTION0 1 -2.814e+04 1.335e+02 1.308e+02
|        ( WDBNDRY_E 0 -2.408e+04 4.487e+02 1.126e+02
|            ( - 2.183e+02 1 0)
|            ( QUESTION0_0_R 1 -2.385e+04 1.362e+02 1.116e+02
|                ( - -2.257e+04 4 0)
|                ( - -1.148e+03 1 0)))
|        ( WDBNDRY_E 0 -3.929e+03 1.191e+02 1.815e+01
|            ( - -2.757e+02 1 0)
|            ( - -3.534e+03 1 0)))
|    ( QUESTION0_0_R 1 -1.016e+04 1.384e+02 4.822e+01
|        ( WDBNDRY_B 0 -9.719e+03 1.260e+02 4.622e+01
|            ( - -4.583e+03 3 0)
|            ( - -5.010e+03 2 0))
|        ( - -3.014e+02 1 0)))
s>    ( QUESTION2_10_L -1 -3.846e+04 1.538e+02 1.790e+02
s>        ( QUESTION0 1 -2.814e+04 1.335e+02 1.308e+02
s>            ( WDBNDRY_E 0 -2.408e+04 4.487e+02 1.126e+02
s>                ( - 2.183e+02 1 0)
s>                ( QUESTION0_0_R 1 -2.385e+04 1.362e+02 1.116e+02
s>                    ( - -2.257e+04 4 0)
s>                    ( - -1.148e+03 1 0)))
s>            ( WDBNDRY_E 0 -3.929e+03 1.191e+02 1.815e+01
s>                ( - -2.757e+02 1 0)
s>                ( - -3.534e+03 1 0)))
s>        ( QUESTION0_0_R 1 -1.016e+04 1.384e+02 4.822e+01
s>            ( WDBNDRY_B 0 -9.719e+03 1.260e+02 4.622e+01
s>                ( - -4.583e+03 3 0)
s>                ( - -5.010e+03 2 0))
s>            ( - -3.014e+02 1 0)))INFO: dtree.c(1478): Final simple tree
|( QUESTION0_12_R 1 -7.362e+04 2.003e+02 3.400e+02
|    ( - -4.896e+03 5 0 QUESTION2_10_L -1 1.061e+02 2.400e+01)
|    ( QUESTION2 -1 -6.852e+04 1.704e+02 3.160e+02
|        ( QUESTION0_0_R 1 -1.603e+04 1.776e+02 7.450e+01
|            ( QUESTION6 -1 -1.557e+04 1.600e+02 7.250e+01
|                ( - -6.017e+03 4 0)
|                ( - -9.390e+03 4 0))
|            ( - -2.824e+02 1 0))
|        ( QUESTION0_0_R 1 -5.233e+04 1.500e+02 2.415e+02
|            ( - -4.084e+04 24 0 WDBNDRY_B 0 1.336e+02 1.882e+02)
|            ( QUESTION2_0_L -1 -1.133e+04 1.814e+02 5.334e+01
|                ( QUESTION0 1 -7.409e+03 1.473e+02 3.505e+01
|                    ( - -4.320e+03 3 0 WDBNDRY_B 0 1.343e+02 2.100e+01)
|                    ( - -2.942e+03 2 0 WDBNDRY_B 0 1.465e+02 1.406e+01))
|                ( - -3.743e+03 1 0)))))
s>    ( QUESTION0_12_R 1 -7.362e+04 2.003e+02 3.400e+02
s>        ( - -4.896e+03 5 0 QUESTION2_10_L -1 1.061e+02 2.400e+01)
s>        ( QUESTION2 -1 -6.852e+04 1.704e+02 3.160e+02
s>            ( QUESTION0_0_R 1 -1.603e+04 1.776e+02 7.450e+01
s>                ( QUESTION6 -1 -1.557e+04 1.600e+02 7.250e+01
s>                    ( - -6.017e+03 4 0)
s>                    ( - -9.390e+03 4 0))
s>                ( - -2.824e+02 1 0))
s>            ( QUESTION0_0_R 1 -5.233e+04 1.500e+02 2.415e+02
s>                ( - -4.084e+04 24 0 WDBNDRY_B 0 1.336e+02 1.882e+02)
s>                ( QUESTION2_0_L -1 -1.133e+04 1.814e+02 5.334e+01
s>                    ( QUESTION0 1 -7.409e+03 1.473e+02 3.505e+01
s>                        ( - -4.320e+03 3 0 WDBNDRY_B 0 1.343e+02 2.100e+01)
s>                        ( - -2.942e+03 2 0 WDBNDRY_B 0 1.465e+02 1.406e+01))
s>                    ( - -3.743e+03 1 0)))))INFO: dtree.c(1315): Comp split 23
INFO: dtree.c(1439): stop. leaf nodes are specific
INFO: dtree.c(1478): Final simple tree
|( QUESTION2_10_L -1 -3.823e+04 1.559e+02 1.780e+02
|    ( QUESTION0 1 -2.791e+04 1.337e+02 1.298e+02
|        ( QUESTION0_0_R 1 -2.385e+04 1.362e+02 1.116e+02
|            ( - -2.257e+04 4 0)
|            ( - -1.148e+03 1 0))
|        ( WDBNDRY_E 0 -3.929e+03 1.191e+02 1.815e+01
|            ( - -2.757e+02 1 0)
|            ( - -3.534e+03 1 0)))
|    ( QUESTION0_0_R 1 -1.016e+04 1.384e+02 4.822e+01
|        ( WDBNDRY_B 0 -9.719e+03 1.260e+02 4.622e+01
|            ( - -4.583e+03 3 0)
|            ( - -5.010e+03 2 0))
|        ( - -3.014e+02 1 0)))
s>    ( QUESTION2_10_L -1 -3.823e+04 1.559e+02 1.780e+02
s>        ( QUESTION0 1 -2.791e+04 1.337e+02 1.298e+02
s>            ( QUESTION0_0_R 1 -2.385e+04 1.362e+02 1.116e+02
s>                ( - -2.257e+04 4 0)
s>                ( - -1.148e+03 1 0))
s>            ( WDBNDRY_E 0 -3.929e+03 1.191e+02 1.815e+01
s>                ( - -2.757e+02 1 0)
s>                ( - -3.534e+03 1 0)))
s>        ( QUESTION0_0_R 1 -1.016e+04 1.384e+02 4.822e+01
s>            ( WDBNDRY_B 0 -9.719e+03 1.260e+02 4.622e+01
s>                ( - -4.583e+03 3 0)
s>                ( - -5.010e+03 2 0))
s>            ( - -3.014e+02 1 0)))INFO: dtree.c(1315): Comp split 24
INFO: dtree.c(1439): stop. leaf nodes are specific
INFO: dtree.c(1478): Final simple tree
|( WDBNDRY_B 0 -1.754e+04 1.466e+02 8.138e+01
|    ( - -7.031e+03 5 0)
|    ( - -1.036e+04 3 0))
s>    ( WDBNDRY_B 0 -1.754e+04 1.466e+02 8.138e+01
s>        ( - -7.031e+03 5 0)
s>        ( - -1.036e+04 3 0))INFO: dtree.c(1439): stop. leaf nodes are specific
INFO: dtree.c(1478): Final simple tree
|( WDBNDRY_B 0 -2.922e+04 2.107e+02 1.351e+02
|    ( - -6.725e+03 2 0)
|    ( - -2.229e+04 6 0))
s>    ( WDBNDRY_B 0 -2.922e+04 2.107e+02 1.351e+02
s>        ( - -6.725e+03 2 0)
s>        ( - -2.229e+04 6 0))INFO: dtree.c(1315): Comp split 25
INFO: dtree.c(1439): stop. leaf nodes are specific
INFO: dtree.c(1478): Final simple tree
|( WDBNDRY_B 0 -6.958e+03 1.542e+02 3.277e+01
|    ( - -2.544e+02 1 0)
|    ( - -6.550e+03 2 0))
s>    ( WDBNDRY_B 0 -6.958e+03 1.542e+02 3.277e+01
s>        ( - -2.544e+02 1 0)
s>        ( - -6.550e+03 2 0))INFO: dtree.c(1315): Comp split 26
INFO: dtree.c(1439): stop. leaf nodes are specific
INFO: dtree.c(1478): Final simple tree
|( QUESTION0 -1 -1.831e+04 1.025e+02 8.372e+01
|    ( - -1.115e+04 9 0)
|    ( WDBNDRY_B 0 -7.064e+03 1.060e+02 3.299e+01
|        ( - -4.888e+03 5 0)
|        ( - -2.070e+03 2 0)))
s>    ( QUESTION0 -1 -1.831e+04 1.025e+02 8.372e+01
s>        ( - -1.115e+04 9 0)
s>        ( WDBNDRY_B 0 -7.064e+03 1.060e+02 3.299e+01
s>            ( - -4.888e+03 5 0)
s>            ( - -2.070e+03 2 0)))INFO: dtree.c(1439): stop. leaf nodes are specific
INFO: dtree.c(1478): Final simple tree
|( WDBNDRY_E 0 -1.946e+04 1.386e+02 8.584e+01
|    ( - -1.083e+04 8 0)
|    ( - -8.487e+03 4 0))
s>    ( WDBNDRY_E 0 -1.946e+04 1.386e+02 8.584e+01
s>        ( - -1.083e+04 8 0)
s>        ( - -8.487e+03 4 0))INFO: dtree.c(1315): Comp split 27
INFO: dtree.c(1439): stop. leaf nodes are specific
INFO: dtree.c(1478): Final simple tree
|( WDBNDRY_B 0 -1.106e+05 9.592e+01 5.091e+02
|    ( - -9.502e+02 3 0)
|    ( - -1.095e+05 20 0))
s>    ( WDBNDRY_B 0 -1.106e+05 9.592e+01 5.091e+02
s>        ( - -9.502e+02 3 0)
s>        ( - -1.095e+05 20 0))INFO: dtree.c(1439): stop. leaf nodes are specific
INFO: dtree.c(1478): Final simple tree
|( WDBNDRY_E 0 -3.322e+04 1.083e+02 1.515e+02
|    ( - -9.680e+02 2 0)
|    ( WDBNDRY_B 0 -3.214e+04 1.021e+02 1.465e+02
|        ( - -2.719e+04 13 0)
|        ( - -4.845e+03 4 0)))
s>    ( WDBNDRY_E 0 -3.322e+04 1.083e+02 1.515e+02
s>        ( - -9.680e+02 2 0)
s>        ( WDBNDRY_B 0 -3.214e+04 1.021e+02 1.465e+02
s>            ( - -2.719e+04 13 0)
s>            ( - -4.845e+03 4 0)))INFO: dtree.c(1315): Comp split 28
INFO: dtree.c(1439): stop. leaf nodes are specific
INFO: dtree.c(1478): Final simple tree
|( QUESTION0_0_R 1 -3.091e+04 1.231e+02 1.438e+02
|    ( WDBNDRY_B 0 -2.726e+04 1.068e+02 1.276e+02
|        ( - -4.583e+03 3 0)
|        ( - -2.257e+04 4 0))
|    ( - -3.534e+03 1 0))
s>    ( QUESTION0_0_R 1 -3.091e+04 1.231e+02 1.438e+02
s>        ( WDBNDRY_B 0 -2.726e+04 1.068e+02 1.276e+02
s>            ( - -4.583e+03 3 0)
s>            ( - -2.257e+04 4 0))
s>        ( - -3.534e+03 1 0))INFO: dtree.c(1439): stop. leaf nodes are specific
INFO: dtree.c(1478): Final simple tree
|( WDBNDRY_B 0 -7.093e+03 1.424e+02 3.422e+01
|    ( - -3.014e+02 1 0)
|    ( WDBNDRY_E 0 -6.649e+03 1.187e+02 3.222e+01
|        ( - -2.757e+02 1 0)
|        ( QUESTION0_0_R 1 -6.255e+03 9.696e+01 3.022e+01
|            ( - -5.010e+03 2 0)
|            ( - -1.148e+03 1 0))))
s>    ( WDBNDRY_B 0 -7.093e+03 1.424e+02 3.422e+01
s>        ( - -3.014e+02 1 0)
s>        ( WDBNDRY_E 0 -6.649e+03 1.187e+02 3.222e+01
s>            ( - -2.757e+02 1 0)
s>            ( QUESTION0_0_R 1 -6.255e+03 9.696e+01 3.022e+01
s>                ( - -5.010e+03 2 0)
s>                ( - -1.148e+03 1 0))))INFO: dtree.c(1315): Comp split 29
INFO: dtree.c(1439): stop. leaf nodes are specific
INFO: dtree.c(1478): Final simple tree
|( WDBNDRY_B 0 -1.107e+04 1.548e+02 5.300e+01
|    ( QUESTION2_10_L -1 -4.896e+03 1.061e+02 2.400e+01
|        ( - -2.209e+03 3 0)
|        ( QUESTION12 -1 -2.581e+03 9.359e+01 1.300e+01
|            ( - -5.447e+02 1 0)
|            ( - -1.943e+03 1 0)))
|    ( - -6.017e+03 4 0))
s>    ( WDBNDRY_B 0 -1.107e+04 1.548e+02 5.300e+01
s>        ( QUESTION2_10_L -1 -4.896e+03 1.061e+02 2.400e+01
s>            ( - -2.209e+03 3 0)
s>            ( QUESTION12 -1 -2.581e+03 9.359e+01 1.300e+01
s>                ( - -5.447e+02 1 0)
s>                ( - -1.943e+03 1 0)))
s>        ( - -6.017e+03 4 0))INFO: dtree.c(1478): Final simple tree
|( QUESTION2 -1 -6.234e+04 1.555e+02 2.870e+02
|    ( QUESTION0_0_R 1 -9.856e+03 1.839e+02 4.550e+01
|        ( - -9.390e+03 4 0)
|        ( - -2.824e+02 1 0))
|    ( QUESTION0_0_R 1 -5.233e+04 1.500e+02 2.415e+02
|        ( - -4.084e+04 24 0 WDBNDRY_B 0 1.336e+02 1.882e+02)
|        ( QUESTION2_0_L -1 -1.133e+04 1.814e+02 5.334e+01
|            ( QUESTION0 1 -7.409e+03 1.473e+02 3.505e+01
|                ( WDBNDRY_B 0 -4.320e+03 1.343e+02 2.100e+01
|                    ( - -2.903e+02 1 0)
|                    ( - -3.895e+03 2 0))
|                ( WDBNDRY_B 0 -2.942e+03 1.465e+02 1.406e+01
|                    ( - -2.953e+02 1 0)
|                    ( - -2.500e+03 1 0)))
|            ( - -3.743e+03 1 0))))
s>    ( QUESTION2 -1 -6.234e+04 1.555e+02 2.870e+02
s>        ( QUESTION0_0_R 1 -9.856e+03 1.839e+02 4.550e+01
s>            ( - -9.390e+03 4 0)
s>            ( - -2.824e+02 1 0))
s>        ( QUESTION0_0_R 1 -5.233e+04 1.500e+02 2.415e+02
s>            ( - -4.084e+04 24 0 WDBNDRY_B 0 1.336e+02 1.882e+02)
s>            ( QUESTION2_0_L -1 -1.133e+04 1.814e+02 5.334e+01
s>                ( QUESTION0 1 -7.409e+03 1.473e+02 3.505e+01
s>                    ( WDBNDRY_B 0 -4.320e+03 1.343e+02 2.100e+01
s>                        ( - -2.903e+02 1 0)
s>                        ( - -3.895e+03 2 0))
s>                    ( WDBNDRY_B 0 -2.942e+03 1.465e+02 1.406e+01
s>                        ( - -2.953e+02 1 0)
s>                        ( - -2.500e+03 1 0)))
s>                ( - -3.743e+03 1 0))))INFO: dtree.c(1315): Comp split 30
INFO: dtree.c(1478): Final simple tree
|( SILENCE 1 -2.732e+04 1.834e+02 1.242e+02
|    ( - -7.307e+03 3 0)
|    ( QUESTION0 -1 -1.983e+04 1.351e+02 8.825e+01
|        ( QUESTION0_6_R 1 -1.257e+04 1.149e+02 5.498e+01
|            ( - -7.572e+03 4 0)
|            ( QUESTION0_3_R 1 -4.884e+03 1.058e+02 2.076e+01
|                ( - -3.739e+03 4 0)
|                ( - -1.040e+03 1 0)))
|        ( QUESTION0_5_R 1 -7.122e+03 1.800e+02 3.327e+01
|            ( - -2.141e+02 1 0)
|            ( QUESTION0_2_R 1 -6.728e+03 1.189e+02 3.127e+01
|                ( QUESTION0_3_R 1 -5.765e+03 1.052e+02 2.727e+01
|                    ( - -5.356e+02 1 0)
|                    ( - -5.124e+03 4 0 QUESTION12 1 8.200e+01 2.427e+01))
|                ( - -8.441e+02 1 0)))))
s>    ( SILENCE 1 -2.732e+04 1.834e+02 1.242e+02
s>        ( - -7.307e+03 3 0)
s>        ( QUESTION0 -1 -1.983e+04 1.351e+02 8.825e+01
s>            ( QUESTION0_6_R 1 -1.257e+04 1.149e+02 5.498e+01
s>                ( - -7.572e+03 4 0)
s>                ( QUESTION0_3_R 1 -4.884e+03 1.058e+02 2.076e+01
s>                    ( - -3.739e+03 4 0)
s>                    ( - -1.040e+03 1 0)))
s>            ( QUESTION0_5_R 1 -7.122e+03 1.800e+02 3.327e+01
s>                ( - -2.141e+02 1 0)
s>                ( QUESTION0_2_R 1 -6.728e+03 1.189e+02 3.127e+01
s>                    ( QUESTION0_3_R 1 -5.765e+03 1.052e+02 2.727e+01
s>                        ( - -5.356e+02 1 0)
s>                        ( - -5.124e+03 4 0 QUESTION12 1 8.200e+01 2.427e+01))
s>                    ( - -8.441e+02 1 0)))))INFO: dtree.c(1478): Final simple tree
|( QUESTION0_14_R 1 -3.049e+04 1.364e+02 1.447e+02
|    ( WDBNDRY_E 0 -1.954e+04 1.303e+02 9.308e+01
|        ( - -1.142e+04 4 0 QUESTION0 -1 1.086e+02 5.491e+01)
|        ( QUESTION0 -1 -7.993e+03 1.313e+02 3.817e+01
|            ( - -6.021e+03 2 0)
|            ( - -1.841e+03 1 0)))
|    ( QUESTION19 1 -1.081e+04 1.284e+02 5.167e+01
|        ( WDBNDRY_E 0 -4.916e+03 1.671e+02 2.399e+01
|            ( - -2.294e+02 1 0)
|            ( QUESTION0_8_R 1 -4.519e+03 1.095e+02 2.199e+01
|                ( - -1.940e+03 1 0)
|                ( - -2.469e+03 4 0 QUESTION0 -1 4.433e+02 1.200e+01)))
|        ( QUESTION0_8_R 1 -5.765e+03 1.250e+02 2.768e+01
|            ( - -5.362e+03 4 0)
|            ( - -2.782e+02 1 0))))
s>    ( QUESTION0_14_R 1 -3.049e+04 1.364e+02 1.447e+02
s>        ( WDBNDRY_E 0 -1.954e+04 1.303e+02 9.308e+01
s>            ( - -1.142e+04 4 0 QUESTION0 -1 1.086e+02 5.491e+01)
s>            ( QUESTION0 -1 -7.993e+03 1.313e+02 3.817e+01
s>                ( - -6.021e+03 2 0)
s>                ( - -1.841e+03 1 0)))
s>        ( QUESTION19 1 -1.081e+04 1.284e+02 5.167e+01
s>            ( WDBNDRY_E 0 -4.916e+03 1.671e+02 2.399e+01
s>                ( - -2.294e+02 1 0)
s>                ( QUESTION0_8_R 1 -4.519e+03 1.095e+02 2.199e+01
s>                    ( - -1.940e+03 1 0)
s>                    ( - -2.469e+03 4 0 QUESTION0 -1 4.433e+02 1.200e+01)))
s>            ( QUESTION0_8_R 1 -5.765e+03 1.250e+02 2.768e+01
s>                ( - -5.362e+03 4 0)
s>                ( - -2.782e+02 1 0))))INFO: dtree.c(1315): Comp split 31
INFO: dtree.c(1315): Comp split 32
INFO: dtree.c(1478): Final simple tree
|( QUESTION2 -1 -5.839e+04 1.491e+02 2.687e+02
|    ( QUESTION0_0_R 1 -9.856e+03 1.839e+02 4.550e+01
|        ( - -9.390e+03 4 0)
|        ( - -2.824e+02 1 0))
|    ( QUESTION0 1 -4.838e+04 1.423e+02 2.232e+02
|        ( QUESTION0_0_R 1 -4.530e+04 1.355e+02 2.092e+02
|            ( WDBNDRY_B 0 -4.084e+04 1.336e+02 1.882e+02
|                ( - -8.149e+03 10 0 QUESTION2_0_L -1 4.193e+02 3.900e+01)
|                ( - -3.256e+04 14 0 QUESTION13 -1 1.207e+02 1.492e+02))
|            ( WDBNDRY_B 0 -4.320e+03 1.343e+02 2.100e+01
|                ( - -2.903e+02 1 0)
|                ( - -3.895e+03 2 0)))
|        ( WDBNDRY_B 0 -2.942e+03 1.465e+02 1.406e+01
|            ( - -2.953e+02 1 0)
|            ( - -2.500e+03 1 0))))
s>    ( QUESTION2 -1 -5.839e+04 1.491e+02 2.687e+02
s>        ( QUESTION0_0_R 1 -9.856e+03 1.839e+02 4.550e+01
s>            ( - -9.390e+03 4 0)
s>            ( - -2.824e+02 1 0))
s>        ( QUESTION0 1 -4.838e+04 1.423e+02 2.232e+02
s>            ( QUESTION0_0_R 1 -4.530e+04 1.355e+02 2.092e+02
s>                ( WDBNDRY_B 0 -4.084e+04 1.336e+02 1.882e+02
s>                    ( - -8.149e+03 10 0 QUESTION2_0_L -1 4.193e+02 3.900e+01)
s>                    ( - -3.256e+04 14 0 QUESTION13 -1 1.207e+02 1.492e+02))
s>                ( WDBNDRY_B 0 -4.320e+03 1.343e+02 2.100e+01
s>                    ( - -2.903e+02 1 0)
s>                    ( - -3.895e+03 2 0)))
s>            ( WDBNDRY_B 0 -2.942e+03 1.465e+02 1.406e+01
s>                ( - -2.953e+02 1 0)
s>                ( - -2.500e+03 1 0))))INFO: dtree.c(1315): Comp split 33
INFO: dtree.c(1439): stop. leaf nodes are specific
INFO: dtree.c(1478): Final simple tree
|( WDBNDRY_E 0 -2.474e+04 1.122e+02 1.166e+02
|    ( - -5.764e+02 2 0)
|    ( - -2.405e+04 8 0))
s>    ( WDBNDRY_E 0 -2.474e+04 1.122e+02 1.166e+02
s>        ( - -5.764e+02 2 0)
s>        ( - -2.405e+04 8 0))INFO: dtree.c(1439): stop. leaf nodes are specific
INFO: dtree.c(1478): Final simple tree
|( WDBNDRY_E 0 -9.384e+03 1.188e+02 4.247e+01
|    ( - -6.637e+03 5 0)
|    ( - -2.627e+03 1 0))
s>    ( WDBNDRY_E 0 -9.384e+03 1.188e+02 4.247e+01
s>        ( - -6.637e+03 5 0)
s>        ( - -2.627e+03 1 0))INFO: dtree.c(1315): Comp split 34
INFO: dtree.c(1439): stop. leaf nodes are specific
INFO: dtree.c(1478): Final simple tree
|( QUESTION0_0_R 1 -1.201e+04 1.152e+02 5.555e+01
|    ( - -9.390e+03 4 0)
|    ( - -2.500e+03 1 0))
s>    ( QUESTION0_0_R 1 -1.201e+04 1.152e+02 5.555e+01
s>        ( - -9.390e+03 4 0)
s>        ( - -2.500e+03 1 0))INFO: dtree.c(1478): Final simple tree
|( QUESTION2 -1 -4.620e+04 1.775e+02 2.132e+02
|    ( - -2.824e+02 1 0)
|    ( QUESTION0 1 -4.574e+04 1.417e+02 2.112e+02
|        ( QUESTION0_0_R 1 -4.530e+04 1.355e+02 2.092e+02
|            ( WDBNDRY_B 0 -4.084e+04 1.336e+02 1.882e+02
|                ( QUESTION2_0_L -1 -8.149e+03 4.193e+02 3.900e+01
|                    ( - -7.895e+03 9 0 QUESTION17 -1 1.084e+02 3.800e+01)
|                    ( - 1.650e+02 1 0))
|                ( QUESTION13 -1 -3.256e+04 1.207e+02 1.492e+02
|                    ( - -1.412e+04 5 0)
|                    ( - -1.832e+04 9 0 QUESTION12 -1 9.958e+01 8.365e+01)))
|            ( WDBNDRY_B 0 -4.320e+03 1.343e+02 2.100e+01
|                ( - -2.903e+02 1 0)
|                ( - -3.895e+03 2 0)))
|        ( - -2.953e+02 1 0)))
s>    ( QUESTION2 -1 -4.620e+04 1.775e+02 2.132e+02
s>        ( - -2.824e+02 1 0)
s>        ( QUESTION0 1 -4.574e+04 1.417e+02 2.112e+02
s>            ( QUESTION0_0_R 1 -4.530e+04 1.355e+02 2.092e+02
s>                ( WDBNDRY_B 0 -4.084e+04 1.336e+02 1.882e+02
s>                    ( QUESTION2_0_L -1 -8.149e+03 4.193e+02 3.900e+01
s>                        ( - -7.895e+03 9 0 QUESTION17 -1 1.084e+02 3.800e+01)
s>                        ( - 1.650e+02 1 0))
s>                    ( QUESTION13 -1 -3.256e+04 1.207e+02 1.492e+02
s>                        ( - -1.412e+04 5 0)
s>                        ( - -1.832e+04 9 0 QUESTION12 -1 9.958e+01 8.365e+01)))
s>                ( WDBNDRY_B 0 -4.320e+03 1.343e+02 2.100e+01
s>                    ( - -2.903e+02 1 0)
s>                    ( - -3.895e+03 2 0)))
s>            ( - -2.953e+02 1 0)))INFO: dtree.c(1315): Comp split 35
INFO: dtree.c(1478): Final simple tree
|( QUESTION2 -1 -4.595e+04 1.776e+02 2.122e+02
|    ( - -2.824e+02 1 0)
|    ( QUESTION0 1 -4.549e+04 1.415e+02 2.102e+02
|        ( WDBNDRY_B 0 -4.505e+04 1.379e+02 2.082e+02
|            ( QUESTION0_0_R 1 -8.315e+03 1.295e+02 4.000e+01
|                ( QUESTION17 -1 -7.895e+03 1.084e+02 3.800e+01
|                    ( - -2.624e+03 2 0)
|                    ( - -5.162e+03 7 0 QUESTION15 -1 1.000e+02 2.500e+01))
|                ( - -2.903e+02 1 0))
|            ( QUESTION0_0_R 1 -3.660e+04 1.399e+02 1.682e+02
|                ( QUESTION13 -1 -3.256e+04 1.207e+02 1.492e+02
|                    ( - -1.412e+04 5 0)
|                    ( - -1.832e+04 9 0 QUESTION12 -1 9.958e+01 8.365e+01))
|                ( - -3.895e+03 2 0)))
|        ( - -2.953e+02 1 0)))
s>    ( QUESTION2 -1 -4.595e+04 1.776e+02 2.122e+02
s>        ( - -2.824e+02 1 0)
s>        ( QUESTION0 1 -4.549e+04 1.415e+02 2.102e+02
s>            ( WDBNDRY_B 0 -4.505e+04 1.379e+02 2.082e+02
s>                ( QUESTION0_0_R 1 -8.315e+03 1.295e+02 4.000e+01
s>                    ( QUESTION17 -1 -7.895e+03 1.084e+02 3.800e+01
s>                        ( - -2.624e+03 2 0)
s>                        ( - -5.162e+03 7 0 QUESTION15 -1 1.000e+02 2.500e+01))
s>                    ( - -2.903e+02 1 0))
s>                ( QUESTION0_0_R 1 -3.660e+04 1.399e+02 1.682e+02
s>                    ( QUESTION13 -1 -3.256e+04 1.207e+02 1.492e+02
s>                        ( - -1.412e+04 5 0)
s>                        ( - -1.832e+04 9 0 QUESTION12 -1 9.958e+01 8.365e+01))
s>                    ( - -3.895e+03 2 0)))
s>            ( - -2.953e+02 1 0)))INFO: dtree.c(1315): Comp split 36
INFO: dtree.c(1478): Final simple tree
|( SILENCE 1 -2.692e+04 1.808e+02 1.222e+02
|    ( - -7.307e+03 3 0)
|    ( QUESTION0 -1 -1.943e+04 1.334e+02 8.625e+01
|        ( QUESTION0_6_R 1 -1.257e+04 1.149e+02 5.498e+01
|            ( - -7.572e+03 4 0)
|            ( QUESTION0_3_R 1 -4.884e+03 1.058e+02 2.076e+01
|                ( - -3.739e+03 4 0)
|                ( - -1.040e+03 1 0)))
|        ( QUESTION0_2_R 1 -6.728e+03 1.189e+02 3.127e+01
|            ( QUESTION0_3_R 1 -5.765e+03 1.052e+02 2.727e+01
|                ( - -5.356e+02 1 0)
|                ( QUESTION12 1 -5.124e+03 8.200e+01 2.427e+01
|                    ( - -4.008e+03 3 0)
|                    ( - -1.034e+03 1 0)))
|            ( - -8.441e+02 1 0))))
s>    ( SILENCE 1 -2.692e+04 1.808e+02 1.222e+02
s>        ( - -7.307e+03 3 0)
s>        ( QUESTION0 -1 -1.943e+04 1.334e+02 8.625e+01
s>            ( QUESTION0_6_R 1 -1.257e+04 1.149e+02 5.498e+01
s>                ( - -7.572e+03 4 0)
s>                ( QUESTION0_3_R 1 -4.884e+03 1.058e+02 2.076e+01
s>                    ( - -3.739e+03 4 0)
s>                    ( - -1.040e+03 1 0)))
s>            ( QUESTION0_2_R 1 -6.728e+03 1.189e+02 3.127e+01
s>                ( QUESTION0_3_R 1 -5.765e+03 1.052e+02 2.727e+01
s>                    ( - -5.356e+02 1 0)
s>                    ( QUESTION12 1 -5.124e+03 8.200e+01 2.427e+01
s>                        ( - -4.008e+03 3 0)
s>                        ( - -1.034e+03 1 0)))
s>                ( - -8.441e+02 1 0))))INFO: dtree.c(1315): Comp split 37
INFO: dtree.c(1439): stop. leaf nodes are specific
INFO: dtree.c(1478): Final simple tree
|( WDBNDRY_B 0 -6.419e+03 8.114e+01 2.998e+01
|    ( QUESTION0 1 -5.537e+03 6.689e+01 2.598e+01
|        ( - -2.178e+03 4 0)
|        ( - -3.292e+03 2 0))
|    ( - -8.014e+02 2 0))
s>    ( WDBNDRY_B 0 -6.419e+03 8.114e+01 2.998e+01
s>        ( QUESTION0 1 -5.537e+03 6.689e+01 2.598e+01
s>            ( - -2.178e+03 4 0)
s>            ( - -3.292e+03 2 0))
s>        ( - -8.014e+02 2 0))INFO: dtree.c(1439): stop. leaf nodes are specific
INFO: dtree.c(1478): Final simple tree
|( QUESTION0_11_R 1 -3.291e+03 1.094e+02 1.600e+01
|    ( - -2.722e+03 2 0)
|    ( - -4.600e+02 1 0))
s>    ( QUESTION0_11_R 1 -3.291e+03 1.094e+02 1.600e+01
s>        ( - -2.722e+03 2 0)
s>        ( - -4.600e+02 1 0))INFO: dtree.c(1315): Comp split 38
INFO: dtree.c(1439): stop. leaf nodes are specific
INFO: dtree.c(1478): Final simple tree
|( QUESTION0 -1 -1.943e+04 1.334e+02 8.625e+01
|    ( QUESTION0_6_R 1 -1.257e+04 1.149e+02 5.498e+01
|        ( - -7.572e+03 4 0)
|        ( QUESTION0_3_R 1 -4.884e+03 1.058e+02 2.076e+01
|            ( - -3.739e+03 4 0)
|            ( - -1.040e+03 1 0)))
|    ( QUESTION0_2_R 1 -6.728e+03 1.189e+02 3.127e+01
|        ( QUESTION0_3_R 1 -5.765e+03 1.052e+02 2.727e+01
|            ( - -5.356e+02 1 0)
|            ( QUESTION12 1 -5.124e+03 8.200e+01 2.427e+01
|                ( - -4.008e+03 3 0)
|                ( - -1.034e+03 1 0)))
|        ( - -8.441e+02 1 0)))
s>    ( QUESTION0 -1 -1.943e+04 1.334e+02 8.625e+01
s>        ( QUESTION0_6_R 1 -1.257e+04 1.149e+02 5.498e+01
s>            ( - -7.572e+03 4 0)
s>            ( QUESTION0_3_R 1 -4.884e+03 1.058e+02 2.076e+01
s>                ( - -3.739e+03 4 0)
s>                ( - -1.040e+03 1 0)))
s>        ( QUESTION0_2_R 1 -6.728e+03 1.189e+02 3.127e+01
s>            ( QUESTION0_3_R 1 -5.765e+03 1.052e+02 2.727e+01
s>                ( - -5.356e+02 1 0)
s>                ( QUESTION12 1 -5.124e+03 8.200e+01 2.427e+01
s>                    ( - -4.008e+03 3 0)
s>                    ( - -1.034e+03 1 0)))
s>            ( - -8.441e+02 1 0)))INFO: dtree.c(1315): Comp split 39
INFO: dtree.c(1478): Final simple tree
|( QUESTION0 1 -4.549e+04 1.415e+02 2.102e+02
|    ( WDBNDRY_B 0 -4.505e+04 1.379e+02 2.082e+02
|        ( QUESTION0_0_R 1 -8.315e+03 1.295e+02 4.000e+01
|            ( QUESTION17 -1 -7.895e+03 1.084e+02 3.800e+01
|                ( - -2.624e+03 2 0)
|                ( QUESTION15 -1 -5.162e+03 1.000e+02 2.500e+01
|                    ( - -1.116e+03 2 0)
|                    ( - -3.947e+03 5 0 QUESTION12 -1 1.050e+02 1.900e+01)))
|            ( - -2.903e+02 1 0))
|        ( QUESTION0_0_R 1 -3.660e+04 1.399e+02 1.682e+02
|            ( QUESTION13 -1 -3.256e+04 1.207e+02 1.492e+02
|                ( - -1.412e+04 5 0)
|                ( - -1.832e+04 9 0 QUESTION12 -1 9.958e+01 8.365e+01))
|            ( - -3.895e+03 2 0)))
|    ( - -2.953e+02 1 0))
s>    ( QUESTION0 1 -4.549e+04 1.415e+02 2.102e+02
s>        ( WDBNDRY_B 0 -4.505e+04 1.379e+02 2.082e+02
s>            ( QUESTION0_0_R 1 -8.315e+03 1.295e+02 4.000e+01
s>                ( QUESTION17 -1 -7.895e+03 1.084e+02 3.800e+01
s>                    ( - -2.624e+03 2 0)
s>                    ( QUESTION15 -1 -5.162e+03 1.000e+02 2.500e+01
s>                        ( - -1.116e+03 2 0)
s>                        ( - -3.947e+03 5 0 QUESTION12 -1 1.050e+02 1.900e+01)))
s>                ( - -2.903e+02 1 0))
s>            ( QUESTION0_0_R 1 -3.660e+04 1.399e+02 1.682e+02
s>                ( QUESTION13 -1 -3.256e+04 1.207e+02 1.492e+02
s>                    ( - -1.412e+04 5 0)
s>                    ( - -1.832e+04 9 0 QUESTION12 -1 9.958e+01 8.365e+01))
s>                ( - -3.895e+03 2 0)))
s>        ( - -2.953e+02 1 0))INFO: dtree.c(1315): Comp split 40
INFO: dtree.c(1439): stop. leaf nodes are specific
INFO: dtree.c(1478): Final simple tree
|( QUESTION0_18_R 1 -8.574e+03 1.362e+02 4.137e+01
|    ( - -5.417e+02 1 0)
|    ( QUESTION0 -1 -7.896e+03 1.237e+02 3.837e+01
|        ( - -7.446e+02 1 0)
|        ( WDBNDRY_E 0 -7.028e+03 1.229e+02 3.437e+01
|            ( - -7.942e+02 1 0)
|            ( - -6.111e+03 1 0))))
s>    ( QUESTION0_18_R 1 -8.574e+03 1.362e+02 4.137e+01
s>        ( - -5.417e+02 1 0)
s>        ( QUESTION0 -1 -7.896e+03 1.237e+02 3.837e+01
s>            ( - -7.446e+02 1 0)
s>            ( WDBNDRY_E 0 -7.028e+03 1.229e+02 3.437e+01
s>                ( - -7.942e+02 1 0)
s>                ( - -6.111e+03 1 0))))INFO: dtree.c(1315): Comp split 41
INFO: dtree.c(1315): Comp split 42
INFO: dtree.c(1439): stop. leaf nodes are specific
INFO: dtree.c(1478): Final simple tree
|( WDBNDRY_E 0 -2.016e+04 1.352e+02 9.608e+01
|    ( QUESTION0 -1 -1.142e+04 1.086e+02 5.491e+01
|        ( - -8.646e+03 2 0)
|        ( - -2.662e+03 2 0))
|    ( QUESTION0 -1 -8.606e+03 4.420e+02 4.117e+01
|        ( QUESTION0_13_R 1 -8.406e+03 1.165e+02 4.017e+01
|            ( - -2.269e+03 3 0)
|            ( - -6.021e+03 2 0))
|        ( - 2.424e+02 1 0)))
s>    ( WDBNDRY_E 0 -2.016e+04 1.352e+02 9.608e+01
s>        ( QUESTION0 -1 -1.142e+04 1.086e+02 5.491e+01
s>            ( - -8.646e+03 2 0)
s>            ( - -2.662e+03 2 0))
s>        ( QUESTION0 -1 -8.606e+03 4.420e+02 4.117e+01
s>            ( QUESTION0_13_R 1 -8.406e+03 1.165e+02 4.017e+01
s>                ( - -2.269e+03 3 0)
s>                ( - -6.021e+03 2 0))
s>            ( - 2.424e+02 1 0)))INFO: dtree.c(1439): stop. leaf nodes are specific
INFO: dtree.c(1478): Final simple tree
|( QUESTION0_13_R 1 -1.016e+04 1.250e+02 4.867e+01
|    ( - -2.782e+02 1 0)
|    ( QUESTION0 1 -9.753e+03 9.493e+01 4.667e+01
|        ( - -5.362e+03 4 0)
|        ( WDBNDRY_E 0 -4.296e+03 1.694e+02 2.099e+01
|            ( - -2.294e+02 1 0)
|            ( QUESTION0_8_R 1 -3.897e+03 1.157e+02 1.899e+01
|                ( - -1.940e+03 1 0)
|                ( - -1.841e+03 1 0)))))
s>    ( QUESTION0_13_R 1 -1.016e+04 1.250e+02 4.867e+01
s>        ( - -2.782e+02 1 0)
s>        ( QUESTION0 1 -9.753e+03 9.493e+01 4.667e+01
s>            ( - -5.362e+03 4 0)
s>            ( WDBNDRY_E 0 -4.296e+03 1.694e+02 2.099e+01
s>                ( - -2.294e+02 1 0)
s>                ( QUESTION0_8_R 1 -3.897e+03 1.157e+02 1.899e+01
s>                    ( - -1.940e+03 1 0)
s>                    ( - -1.841e+03 1 0)))))INFO: dtree.c(1315): Comp split 43
INFO: dtree.c(1439): stop. leaf nodes are specific
INFO: dtree.c(1478): Final simple tree
|( WDBNDRY_E 0 -1.996e+04 1.327e+02 9.508e+01
|    ( QUESTION0 -1 -1.142e+04 1.086e+02 5.491e+01
|        ( - -8.646e+03 2 0)
|        ( - -2.662e+03 2 0))
|    ( QUESTION0_13_R 1 -8.406e+03 1.165e+02 4.017e+01
|        ( - -2.269e+03 3 0)
|        ( - -6.021e+03 2 0)))
s>    ( WDBNDRY_E 0 -1.996e+04 1.327e+02 9.508e+01
s>        ( QUESTION0 -1 -1.142e+04 1.086e+02 5.491e+01
s>            ( - -8.646e+03 2 0)
s>            ( - -2.662e+03 2 0))
s>        ( QUESTION0_13_R 1 -8.406e+03 1.165e+02 4.017e+01
s>            ( - -2.269e+03 3 0)
s>            ( - -6.021e+03 2 0)))INFO: dtree.c(1315): Comp split 44
INFO: dtree.c(1439): stop. leaf nodes are specific
INFO: dtree.c(1478): Final simple tree
|( QUESTION0_13_R 1 -9.757e+03 1.260e+02 4.667e+01
|    ( - -2.782e+02 1 0)
|    ( WDBNDRY_E 0 -9.353e+03 9.370e+01 4.467e+01
|        ( - -5.362e+03 4 0)
|        ( QUESTION0_8_R 1 -3.897e+03 1.157e+02 1.899e+01
|            ( - -1.940e+03 1 0)
|            ( - -1.841e+03 1 0))))
s>    ( QUESTION0_13_R 1 -9.757e+03 1.260e+02 4.667e+01
s>        ( - -2.782e+02 1 0)
s>        ( WDBNDRY_E 0 -9.353e+03 9.370e+01 4.467e+01
s>            ( - -5.362e+03 4 0)
s>            ( QUESTION0_8_R 1 -3.897e+03 1.157e+02 1.899e+01
s>                ( - -1.940e+03 1 0)
s>                ( - -1.841e+03 1 0))))INFO: dtree.c(1315): Comp split 45
INFO: dtree.c(1439): stop. leaf nodes are specific
INFO: dtree.c(1478): Final simple tree
|( QUESTION0_13_R 1 -1.115e+04 1.007e+02 5.317e+01
|    ( - -2.269e+03 3 0)
|    ( WDBNDRY_E 0 -8.782e+03 9.866e+01 4.217e+01
|        ( - -2.662e+03 2 0)
|        ( - -6.021e+03 2 0)))
s>    ( QUESTION0_13_R 1 -1.115e+04 1.007e+02 5.317e+01
s>        ( - -2.269e+03 3 0)
s>        ( WDBNDRY_E 0 -8.782e+03 9.866e+01 4.217e+01
s>            ( - -2.662e+03 2 0)
s>            ( - -6.021e+03 2 0)))INFO: dtree.c(1315): Comp split 46
INFO: dtree.c(1439): stop. leaf nodes are specific
INFO: dtree.c(1478): Final simple tree
|( QUESTION2_10_L -1 -4.896e+03 1.061e+02 2.400e+01
|    ( - -2.209e+03 3 0)
|    ( QUESTION12 -1 -2.581e+03 9.359e+01 1.300e+01
|        ( - -5.447e+02 1 0)
|        ( - -1.943e+03 1 0)))
s>    ( QUESTION2_10_L -1 -4.896e+03 1.061e+02 2.400e+01
s>        ( - -2.209e+03 3 0)
s>        ( QUESTION12 -1 -2.581e+03 9.359e+01 1.300e+01
s>            ( - -5.447e+02 1 0)
s>            ( - -1.943e+03 1 0)))INFO: dtree.c(1315): Comp split 47
INFO: dtree.c(1315): Comp split 48
INFO: dtree.c(1478): Final simple tree
|( WDBNDRY_B 0 -4.101e+04 1.339e+02 1.892e+02
|    ( QUESTION0_0_R 1 -8.315e+03 1.295e+02 4.000e+01
|        ( QUESTION17 -1 -7.895e+03 1.084e+02 3.800e+01
|            ( - -2.624e+03 2 0)
|            ( QUESTION15 -1 -5.162e+03 1.000e+02 2.500e+01
|                ( - -1.116e+03 2 0)
|                ( QUESTION12 -1 -3.947e+03 1.050e+02 1.900e+01
|                    ( - -2.313e+03 3 0 QUESTION13 -1 9.669e+01 1.100e+01)
|                    ( - -1.529e+03 2 0))))
|        ( - -2.903e+02 1 0))
|    ( QUESTION13 -1 -3.256e+04 1.207e+02 1.492e+02
|        ( - -1.412e+04 5 0)
|        ( QUESTION12 -1 -1.832e+04 9.958e+01 8.365e+01
|            ( - -1.351e+04 6 0)
|            ( - -4.708e+03 3 0))))
s>    ( WDBNDRY_B 0 -4.101e+04 1.339e+02 1.892e+02
s>        ( QUESTION0_0_R 1 -8.315e+03 1.295e+02 4.000e+01
s>            ( QUESTION17 -1 -7.895e+03 1.084e+02 3.800e+01
s>                ( - -2.624e+03 2 0)
s>                ( QUESTION15 -1 -5.162e+03 1.000e+02 2.500e+01
s>                    ( - -1.116e+03 2 0)
s>                    ( QUESTION12 -1 -3.947e+03 1.050e+02 1.900e+01
s>                        ( - -2.313e+03 3 0 QUESTION13 -1 9.669e+01 1.100e+01)
s>                        ( - -1.529e+03 2 0))))
s>            ( - -2.903e+02 1 0))
s>        ( QUESTION13 -1 -3.256e+04 1.207e+02 1.492e+02
s>            ( - -1.412e+04 5 0)
s>            ( QUESTION12 -1 -1.832e+04 9.958e+01 8.365e+01
s>                ( - -1.351e+04 6 0)
s>                ( - -4.708e+03 3 0))))INFO: dtree.c(1439): stop. leaf nodes are specific
INFO: dtree.c(1478): Final simple tree
|( WDBNDRY_B 0 -4.325e+03 1.346e+02 2.100e+01
|    ( - -2.953e+02 1 0)
|    ( - -3.895e+03 2 0))
s>    ( WDBNDRY_B 0 -4.325e+03 1.346e+02 2.100e+01
s>        ( - -2.953e+02 1 0)
s>        ( - -3.895e+03 2 0))INFO: dtree.c(1315): Comp split 49
INFO: dtree.c(1439): stop. leaf nodes are specific
INFO: dtree.c(1478): Final simple tree
|( QUESTION12 -1 -2.213e+04 1.187e+02 1.035e+02
|    ( WDBNDRY_B 0 -2.048e+04 1.005e+02 9.550e+01
|        ( QUESTION13 -1 -6.258e+03 1.021e+02 3.000e+01
|            ( - -1.692e+03 2 0)
|            ( QUESTION15 -1 -4.463e+03 1.027e+02 2.200e+01
|                ( - -1.116e+03 2 0)
|                ( QUESTION17 -1 -3.245e+03 9.687e+01 1.600e+01
|                    ( - -2.624e+03 2 0)
|                    ( - -5.238e+02 1 0))))
|        ( - -1.412e+04 5 0))
|    ( - -1.529e+03 2 0))
s>    ( QUESTION12 -1 -2.213e+04 1.187e+02 1.035e+02
s>        ( WDBNDRY_B 0 -2.048e+04 1.005e+02 9.550e+01
s>            ( QUESTION13 -1 -6.258e+03 1.021e+02 3.000e+01
s>                ( - -1.692e+03 2 0)
s>                ( QUESTION15 -1 -4.463e+03 1.027e+02 2.200e+01
s>                    ( - -1.116e+03 2 0)
s>                    ( QUESTION17 -1 -3.245e+03 9.687e+01 1.600e+01
s>                        ( - -2.624e+03 2 0)
s>                        ( - -5.238e+02 1 0))))
s>            ( - -1.412e+04 5 0))
s>        ( - -1.529e+03 2 0))INFO: dtree.c(1439): stop. leaf nodes are specific
INFO: dtree.c(1478): Final simple tree
|( WDBNDRY_B 0 -1.873e+04 1.261e+02 8.565e+01
|    ( - -2.903e+02 1 0)
|    ( QUESTION12 -1 -1.832e+04 9.958e+01 8.365e+01
|        ( - -1.351e+04 6 0)
|        ( - -4.708e+03 3 0)))
s>    ( WDBNDRY_B 0 -1.873e+04 1.261e+02 8.565e+01
s>        ( - -2.903e+02 1 0)
s>        ( QUESTION12 -1 -1.832e+04 9.958e+01 8.365e+01
s>            ( - -1.351e+04 6 0)
s>            ( - -4.708e+03 3 0)))INFO: dtree.c(1315): Comp split 50
INFO: dtree.c(1315): Comp split 51
INFO: dtree.c(1439): stop. leaf nodes are specific
INFO: dtree.c(1478): Final simple tree
|( WDBNDRY_E 0 -6.649e+03 1.187e+02 3.222e+01
|    ( - -2.757e+02 1 0)
|    ( QUESTION0_0_R 1 -6.255e+03 9.696e+01 3.022e+01
|        ( - -5.010e+03 2 0)
|        ( - -1.148e+03 1 0)))
s>    ( WDBNDRY_E 0 -6.649e+03 1.187e+02 3.222e+01
s>        ( - -2.757e+02 1 0)
s>        ( QUESTION0_0_R 1 -6.255e+03 9.696e+01 3.022e+01
s>            ( - -5.010e+03 2 0)
s>            ( - -1.148e+03 1 0)))INFO: dtree.c(1315): Comp split 52
INFO: dtree.c(1315): Comp split 53
INFO: dtree.c(1439): stop. leaf nodes are specific
INFO: dtree.c(1478): Final simple tree
|( QUESTION0_2_R 1 -1.058e+04 1.213e+02 4.703e+01
|    ( QUESTION0 -1 -9.612e+03 1.082e+02 4.303e+01
|        ( - -3.739e+03 4 0)
|        ( QUESTION0_3_R 1 -5.765e+03 1.052e+02 2.727e+01
|            ( - -5.356e+02 1 0)
|            ( QUESTION12 1 -5.124e+03 8.200e+01 2.427e+01
|                ( - -4.008e+03 3 0)
|                ( - -1.034e+03 1 0))))
|    ( - -8.441e+02 1 0))
s>    ( QUESTION0_2_R 1 -1.058e+04 1.213e+02 4.703e+01
s>        ( QUESTION0 -1 -9.612e+03 1.082e+02 4.303e+01
s>            ( - -3.739e+03 4 0)
s>            ( QUESTION0_3_R 1 -5.765e+03 1.052e+02 2.727e+01
s>                ( - -5.356e+02 1 0)
s>                ( QUESTION12 1 -5.124e+03 8.200e+01 2.427e+01
s>                    ( - -4.008e+03 3 0)
s>                    ( - -1.034e+03 1 0))))
s>        ( - -8.441e+02 1 0))INFO: dtree.c(1439): stop. leaf nodes are specific
INFO: dtree.c(1478): Final simple tree
|( QUESTION0_5_R 1 -8.718e+03 1.065e+02 3.922e+01
|    ( - -1.040e+03 1 0)
|    ( - -7.572e+03 4 0))
s>    ( QUESTION0_5_R 1 -8.718e+03 1.065e+02 3.922e+01
s>        ( - -1.040e+03 1 0)
s>        ( - -7.572e+03 4 0))INFO: dtree.c(1315): Comp split 54
INFO: dtree.c(1439): stop. leaf nodes are specific
INFO: dtree.c(1478): Final simple tree
|( QUESTION0 -1 -7.896e+03 1.237e+02 3.837e+01
|    ( - -7.446e+02 1 0)
|    ( WDBNDRY_E 0 -7.028e+03 1.229e+02 3.437e+01
|        ( - -7.942e+02 1 0)
|        ( - -6.111e+03 1 0)))
s>    ( QUESTION0 -1 -7.896e+03 1.237e+02 3.837e+01
s>        ( - -7.446e+02 1 0)
s>        ( WDBNDRY_E 0 -7.028e+03 1.229e+02 3.437e+01
s>            ( - -7.942e+02 1 0)
s>            ( - -6.111e+03 1 0)))INFO: dtree.c(1315): Comp split 55
INFO: dtree.c(1315): Comp split 56
INFO: dtree.c(1439): stop. leaf nodes are specific
INFO: dtree.c(1478): Final simple tree
|( QUESTION0_12_R 1 -7.812e+03 1.212e+02 3.732e+01
|    ( - -5.508e+02 1 0)
|    ( QUESTION0_0_R 1 -7.140e+03 1.128e+02 3.432e+01
|        ( - -4.000e+03 2 0)
|        ( - -3.028e+03 1 0)))
s>    ( QUESTION0_12_R 1 -7.812e+03 1.212e+02 3.732e+01
s>        ( - -5.508e+02 1 0)
s>        ( QUESTION0_0_R 1 -7.140e+03 1.128e+02 3.432e+01
s>            ( - -4.000e+03 2 0)
s>            ( - -3.028e+03 1 0)))INFO: dtree.c(1315): Comp split 57
INFO: dtree.c(1439): stop. leaf nodes are specific
INFO: dtree.c(1478): Final simple tree
|( QUESTION3 -1 -2.871e+04 1.201e+02 1.347e+02
|    ( WDBNDRY_B 0 -2.794e+04 1.142e+02 1.317e+02
|        ( - -9.468e+02 2 0)
|        ( - -2.688e+04 5 0))
|    ( - -6.541e+02 2 0))
s>    ( QUESTION3 -1 -2.871e+04 1.201e+02 1.347e+02
s>        ( WDBNDRY_B 0 -2.794e+04 1.142e+02 1.317e+02
s>            ( - -9.468e+02 2 0)
s>            ( - -2.688e+04 5 0))
s>        ( - -6.541e+02 2 0))INFO: dtree.c(1315): Comp split 58
INFO: dtree.c(1439): stop. leaf nodes are specific
INFO: dtree.c(1478): Final simple tree
|( QUESTION0_13_R 1 -7.688e+03 1.246e+02 3.668e+01
|    ( - -2.782e+02 1 0)
|    ( WDBNDRY_E 0 -7.286e+03 8.272e+01 3.468e+01
|        ( - -5.362e+03 4 0)
|        ( - -1.841e+03 1 0)))
s>    ( QUESTION0_13_R 1 -7.688e+03 1.246e+02 3.668e+01
s>        ( - -2.782e+02 1 0)
s>        ( WDBNDRY_E 0 -7.286e+03 8.272e+01 3.468e+01
s>            ( - -5.362e+03 4 0)
s>            ( - -1.841e+03 1 0)))INFO: dtree.c(1315): Comp split 59
INFO: dtree.c(1439): stop. leaf nodes are specific
INFO: dtree.c(1478): Final simple tree
|( QUESTION12 -1 -1.832e+04 9.958e+01 8.365e+01
|    ( - -1.351e+04 6 0)
|    ( - -4.708e+03 3 0))
s>    ( QUESTION12 -1 -1.832e+04 9.958e+01 8.365e+01
s>        ( - -1.351e+04 6 0)
s>        ( - -4.708e+03 3 0))INFO: dtree.c(1315): Comp split 60
INFO: dtree.c(1439): stop. leaf nodes are specific
INFO: dtree.c(1478): Final simple tree
|( QUESTION16 -1 -1.806e+04 9.836e+01 8.450e+01
|    ( - -2.624e+03 2 0)
|    ( WDBNDRY_B 0 -1.533e+04 9.582e+01 7.150e+01
|        ( - -1.116e+03 2 0)
|        ( - -1.412e+04 5 0)))
s>    ( QUESTION16 -1 -1.806e+04 9.836e+01 8.450e+01
s>        ( - -2.624e+03 2 0)
s>        ( WDBNDRY_B 0 -1.533e+04 9.582e+01 7.150e+01
s>            ( - -1.116e+03 2 0)
s>            ( - -1.412e+04 5 0)))INFO: dtree.c(1439): stop. leaf nodes are specific
INFO: dtree.c(1478): Final simple tree
|( QUESTION12 -1 -3.947e+03 1.050e+02 1.900e+01
|    ( QUESTION13 -1 -2.313e+03 9.669e+01 1.100e+01
|        ( - -1.692e+03 2 0)
|        ( - -5.238e+02 1 0))
|    ( - -1.529e+03 2 0))
s>    ( QUESTION12 -1 -3.947e+03 1.050e+02 1.900e+01
s>        ( QUESTION13 -1 -2.313e+03 9.669e+01 1.100e+01
s>            ( - -1.692e+03 2 0)
s>            ( - -5.238e+02 1 0))
s>        ( - -1.529e+03 2 0))INFO: dtree.c(1315): Comp split 61
INFO: dtree.c(1439): stop. leaf nodes are specific
INFO: dtree.c(1478): Final simple tree
|( WDBNDRY_E 0 -7.286e+03 8.272e+01 3.468e+01
|    ( - -5.362e+03 4 0)
|    ( - -1.841e+03 1 0))
s>    ( WDBNDRY_E 0 -7.286e+03 8.272e+01 3.468e+01
s>        ( - -5.362e+03 4 0)
s>        ( - -1.841e+03 1 0))INFO: dtree.c(1315): Comp split 62
INFO: dtree.c(1439): stop. leaf nodes are specific
INFO: dtree.c(1478): Final simple tree
|( WDBNDRY_E 0 -7.028e+03 1.229e+02 3.437e+01
|    ( - -7.942e+02 1 0)
|    ( - -6.111e+03 1 0))
s>    ( WDBNDRY_E 0 -7.028e+03 1.229e+02 3.437e+01
s>        ( - -7.942e+02 1 0)
s>        ( - -6.111e+03 1 0))INFO: dtree.c(1315): Comp split 63
INFO: dtree.c(1439): stop. leaf nodes are specific
INFO: dtree.c(1478): Final simple tree
|( WDBNDRY_B 0 -2.726e+04 1.068e+02 1.276e+02
|    ( - -4.583e+03 3 0)
|    ( - -2.257e+04 4 0))
s>    ( WDBNDRY_B 0 -2.726e+04 1.068e+02 1.276e+02
s>        ( - -4.583e+03 3 0)
s>        ( - -2.257e+04 4 0))INFO: dtree.c(1315): Comp split 64
INFO: dtree.c(1315): Comp split 65
INFO: dtree.c(1439): stop. leaf nodes are specific
INFO: dtree.c(1478): Final simple tree
|( WDBNDRY_E 0 -5.008e+03 7.722e+01 2.400e+01
|    ( - -2.662e+03 2 0)
|    ( - -2.269e+03 3 0))
s>    ( WDBNDRY_E 0 -5.008e+03 7.722e+01 2.400e+01
s>        ( - -2.662e+03 2 0)
s>        ( - -2.269e+03 3 0))INFO: dtree.c(1315): Comp split 66
INFO: dtree.c(1439): stop. leaf nodes are specific
INFO: dtree.c(1478): Final simple tree
|( QUESTION0 -1 -9.612e+03 1.082e+02 4.303e+01
|    ( - -3.739e+03 4 0)
|    ( QUESTION0_3_R 1 -5.765e+03 1.052e+02 2.727e+01
|        ( - -5.356e+02 1 0)
|        ( QUESTION12 1 -5.124e+03 8.200e+01 2.427e+01
|            ( - -4.008e+03 3 0)
|            ( - -1.034e+03 1 0))))
s>    ( QUESTION0 -1 -9.612e+03 1.082e+02 4.303e+01
s>        ( - -3.739e+03 4 0)
s>        ( QUESTION0_3_R 1 -5.765e+03 1.052e+02 2.727e+01
s>            ( - -5.356e+02 1 0)
s>            ( QUESTION12 1 -5.124e+03 8.200e+01 2.427e+01
s>                ( - -4.008e+03 3 0)
s>                ( - -1.034e+03 1 0))))INFO: dtree.c(1315): Comp split 67
INFO: dtree.c(1439): stop. leaf nodes are specific
INFO: dtree.c(1478): Final simple tree
|( QUESTION0_0_R 1 -7.140e+03 1.128e+02 3.432e+01
|    ( - -4.000e+03 2 0)
|    ( - -3.028e+03 1 0))
s>    ( QUESTION0_0_R 1 -7.140e+03 1.128e+02 3.432e+01
s>        ( - -4.000e+03 2 0)
s>        ( - -3.028e+03 1 0))INFO: dtree.c(1315): Comp split 68
INFO: dtree.c(1439): stop. leaf nodes are specific
INFO: dtree.c(1478): Final simple tree
|( WDBNDRY_B 0 -2.794e+04 1.142e+02 1.317e+02
|    ( - -9.468e+02 2 0)
|    ( - -2.688e+04 5 0))
s>    ( WDBNDRY_B 0 -2.794e+04 1.142e+02 1.317e+02
s>        ( - -9.468e+02 2 0)
s>        ( - -2.688e+04 5 0))INFO: dtree.c(1315): Comp split 69
INFO: dtree.c(1315): Comp split 70
INFO: dtree.c(1439): stop. leaf nodes are specific
INFO: dtree.c(1478): Final simple tree
|( QUESTION0_0_R 1 -6.255e+03 9.696e+01 3.022e+01
|    ( - -5.010e+03 2 0)
|    ( - -1.148e+03 1 0))
s>    ( QUESTION0_0_R 1 -6.255e+03 9.696e+01 3.022e+01
s>        ( - -5.010e+03 2 0)
s>        ( - -1.148e+03 1 0))INFO: dtree.c(1315): Comp split 71
INFO: dtree.c(1439): stop. leaf nodes are specific
INFO: dtree.c(1478): Final simple tree
|( WDBNDRY_B 0 -1.331e+04 9.010e+01 6.073e+01
|    ( - -1.115e+04 9 0)
|    ( - -2.070e+03 2 0))
s>    ( WDBNDRY_B 0 -1.331e+04 9.010e+01 6.073e+01
s>        ( - -1.115e+04 9 0)
s>        ( - -2.070e+03 2 0))INFO: dtree.c(1315): Comp split 72
INFO: dtree.c(1315): Comp split 73
INFO: dtree.c(1315): Comp split 74
INFO: dtree.c(1315): Comp split 75
INFO: dtree.c(1315): Comp split 76
INFO: dtree.c(1315): Comp split 77
INFO: dtree.c(1439): stop. leaf nodes are specific
INFO: dtree.c(1478): Final simple tree
|( QUESTION0_0_R 1 -4.395e+03 9.503e+01 2.101e+01
|    ( - -7.269e+02 2 0)
|    ( - -3.573e+03 3 0))
s>    ( QUESTION0_0_R 1 -4.395e+03 9.503e+01 2.101e+01
s>        ( - -7.269e+02 2 0)
s>        ( - -3.573e+03 3 0))INFO: dtree.c(1315): Comp split 78
INFO: dtree.c(1315): Comp split 79
INFO: dtree.c(1439): stop. leaf nodes are specific
INFO: dtree.c(1478): Final simple tree
|( WDBNDRY_B 0 -3.214e+04 1.021e+02 1.465e+02
|    ( - -2.719e+04 13 0)
|    ( - -4.845e+03 4 0))
s>    ( WDBNDRY_B 0 -3.214e+04 1.021e+02 1.465e+02
s>        ( - -2.719e+04 13 0)
s>        ( - -4.845e+03 4 0))INFO: dtree.c(1315): Comp split 80
INFO: dtree.c(1439): stop. leaf nodes are specific
INFO: dtree.c(1478): Final simple tree
|( QUESTION0_3_R 1 -5.765e+03 1.052e+02 2.727e+01
|    ( - -5.356e+02 1 0)
|    ( QUESTION12 1 -5.124e+03 8.200e+01 2.427e+01
|        ( - -4.008e+03 3 0)
|        ( - -1.034e+03 1 0)))
s>    ( QUESTION0_3_R 1 -5.765e+03 1.052e+02 2.727e+01
s>        ( - -5.356e+02 1 0)
s>        ( QUESTION12 1 -5.124e+03 8.200e+01 2.427e+01
s>            ( - -4.008e+03 3 0)
s>            ( - -1.034e+03 1 0)))INFO: dtree.c(1315): Comp split 81
INFO: dtree.c(1315): Comp split 82
INFO: dtree.c(1315): Comp split 83
INFO: dtree.c(1439): stop. leaf nodes are specific
INFO: dtree.c(1478): Final simple tree
|( QUESTION12 -1 -2.581e+03 9.359e+01 1.300e+01
|    ( - -5.447e+02 1 0)
|    ( - -1.943e+03 1 0))
s>    ( QUESTION12 -1 -2.581e+03 9.359e+01 1.300e+01
s>        ( - -5.447e+02 1 0)
s>        ( - -1.943e+03 1 0))INFO: dtree.c(1315): Comp split 84
INFO: dtree.c(1439): stop. leaf nodes are specific
INFO: dtree.c(1478): Final simple tree
|( QUESTION12 1 -5.124e+03 8.200e+01 2.427e+01
|    ( - -4.008e+03 3 0)
|    ( - -1.034e+03 1 0))
s>    ( QUESTION12 1 -5.124e+03 8.200e+01 2.427e+01
s>        ( - -4.008e+03 3 0)
s>        ( - -1.034e+03 1 0))INFO: dtree.c(1315): Comp split 85
INFO: dtree.c(1439): stop. leaf nodes are specific
INFO: dtree.c(1478): Final simple tree
|( QUESTION13 -1 -2.313e+03 9.669e+01 1.100e+01
|    ( - -1.692e+03 2 0)
|    ( - -5.238e+02 1 0))
s>    ( QUESTION13 -1 -2.313e+03 9.669e+01 1.100e+01
s>        ( - -1.692e+03 2 0)
s>        ( - -5.238e+02 1 0))INFO: dtree.c(1315): Comp split 86
INFO: dtree.c(1315): Comp split 87
INFO: dtree.c(1315): Comp split 88
INFO: dtree.c(1439): stop. leaf nodes are specific
INFO: dtree.c(1478): Final simple tree
|( WDBNDRY_B 0 -1.533e+04 9.582e+01 7.150e+01
|    ( - -1.116e+03 2 0)
|    ( - -1.412e+04 5 0))
s>    ( WDBNDRY_B 0 -1.533e+04 9.582e+01 7.150e+01
s>        ( - -1.116e+03 2 0)
s>        ( - -1.412e+04 5 0))INFO: dtree.c(1315): Comp split 89
INFO: dtree.c(1315): Comp split 90
INFO: dtree.c(1315): Comp split 91
INFO: dtree.c(1315): Comp split 92
INFO: dtree.c(1315): Comp split 93
INFO: dtree.c(1315): Comp split 94
INFO: dtree.c(1315): Comp split 95
INFO: dtree.c(1315): Comp split 96
INFO: dtree.c(1315): Comp split 97
INFO: dtree.c(1315): Comp split 98
INFO: dtree.c(1439): stop. leaf nodes are specific
INFO: dtree.c(1478): Final simple tree
|( QUESTION0 1 -5.537e+03 6.689e+01 2.598e+01
|    ( - -2.178e+03 4 0)
|    ( - -3.292e+03 2 0))
s>    ( QUESTION0 1 -5.537e+03 6.689e+01 2.598e+01
s>        ( - -2.178e+03 4 0)
s>        ( - -3.292e+03 2 0))INFO: dtree.c(1315): Comp split 99
INFO: dtree.c(1315): Comp split 100
INFO: dtree.c(1315): Comp split 101
INFO: dtree.c(1318): stop. leaf nodes are specific
!!!!!!!!Allocated 66 lines
Fri Apr  8 00:56:22 2016
