Current configuration:
[NAME]		[DEFLT]	[VALUE]
-allphones	no	no
-cntthresh	0.00001	1.000000e-05
-csplitmax	100	2000
-csplitmin	1	1
-csplitthr	8e-4	0.000000e+00
-example	no	no
-fullvar	no	no
-help		no	no
-meanfn			/home/yaroslav/model/model_parameters/ua.cd_cont_untied/means
-mixwfn			/home/yaroslav/model/model_parameters/ua.cd_cont_untied/mixture_weights
-moddeffn		/home/yaroslav/model/model_architecture/ua.untied.mdef
-mwfloor	1e-4	1.000000e-08
-phone			DD
-psetfn			/home/yaroslav/model/model_architecture/ua.tree_questions
-ssplitmax	5	7
-ssplitmin	1	1
-ssplitthr	8e-4	0.000000e+00
-state			1
-stwt			1.0,0.05,0.0,
-treefn			/home/yaroslav/model/trees/ua.unpruned/DD-1.dtree
-ts2cbfn	.semi.	.cont.
-varfloor	0.00001	1.000000e-05
-varfn			/home/yaroslav/model/model_parameters/ua.cd_cont_untied/variances

INFO: main.c(223): Reading: /home/yaroslav/model/model_architecture/ua.untied.mdef
INFO: model_def_io.c(573): Model definition info:
INFO: model_def_io.c(574): 9391 total models defined (51 base, 9340 tri)
INFO: model_def_io.c(575): 37564 total states
INFO: model_def_io.c(576): 28173 total tied states
INFO: model_def_io.c(577): 153 total tied CI states
INFO: model_def_io.c(578): 51 total tied transition matrices
INFO: model_def_io.c(579): 4 max state/model
INFO: model_def_io.c(580): 4 min state/model
INFO: main.c(242): Building trees for [DD A A i] through [DD І І i]
INFO: main.c(269): Covering states |[4869 4988]| == 120
INFO: main.c(275): Reading: /home/yaroslav/model/model_parameters/ua.cd_cont_untied/mixture_weights
INFO: s3mixw_io.c(173): Read /home/yaroslav/model/model_parameters/ua.cd_cont_untied/mixture_weights [120x1x1 array]
INFO: main.c(311): 34 of 40 models have observation count greater than 0.000010
INFO: main.c(95): nrm stwt: 0.045 0.909 0.045 
INFO: s3gau_io.c(169): Read /home/yaroslav/model/model_parameters/ua.cd_cont_untied/means [28173x1x1 array]
INFO: s3gau_io.c(169): Read /home/yaroslav/model/model_parameters/ua.cd_cont_untied/variances [28173x1x1 array]
INFO: main.c(549): Reading: /home/yaroslav/model/model_architecture/ua.tree_questions
INFO: main.c(588): 174 total simple questions (166 phone; 8 word bndry)
INFO: main.c(590): 40 Left Only questions, and 42 Right Only questions
INFO: dtree.c(1478): Final simple tree
|( QUESTION0_10_R 1 -4.651e+04 7.549e+02 5.003e+02
|    ( WDBNDRY_B 0 -2.573e+04 3.814e+02 2.861e+02
|        ( - -5.870e+03 6 0 QUESTION11 -1 1.871e+02 6.981e+01)
|        ( QUESTION2_0_L -1 -1.948e+04 2.536e+02 2.163e+02
|            ( - -1.777e+04 8 0 QUESTION0 -1 1.882e+02 1.923e+02)
|            ( - -1.456e+03 2 0 QUESTION0 -1 1.172e+02 2.400e+01)))
|    ( QUESTION0_16_R 1 -2.002e+04 3.204e+02 2.142e+02
|        ( - 1.994e+02 1 0)
|        ( QUESTION0_8_R 1 -1.990e+04 3.191e+02 2.132e+02
|            ( - 8.438e+01 1 0)
|            ( QUESTION4 1 -1.966e+04 2.875e+02 2.122e+02
|                ( - 2.093e+02 1 0)
|                ( QUESTION0_0_R 1 -1.959e+04 2.266e+02 2.113e+02
|                    ( - -8.040e+02 4 0 WDBNDRY_E 0 3.191e+02 7.000e+00)
|                    ( - -1.856e+04 11 0 WDBNDRY_E 0 1.640e+02 2.043e+02))))))
s>    ( QUESTION0_10_R 1 -4.651e+04 7.549e+02 5.003e+02
s>        ( WDBNDRY_B 0 -2.573e+04 3.814e+02 2.861e+02
s>            ( - -5.870e+03 6 0 QUESTION11 -1 1.871e+02 6.981e+01)
s>            ( QUESTION2_0_L -1 -1.948e+04 2.536e+02 2.163e+02
s>                ( - -1.777e+04 8 0 QUESTION0 -1 1.882e+02 1.923e+02)
s>                ( - -1.456e+03 2 0 QUESTION0 -1 1.172e+02 2.400e+01)))
s>        ( QUESTION0_16_R 1 -2.002e+04 3.204e+02 2.142e+02
s>            ( - 1.994e+02 1 0)
s>            ( QUESTION0_8_R 1 -1.990e+04 3.191e+02 2.132e+02
s>                ( - 8.438e+01 1 0)
s>                ( QUESTION4 1 -1.966e+04 2.875e+02 2.122e+02
s>                    ( - 2.093e+02 1 0)
s>                    ( QUESTION0_0_R 1 -1.959e+04 2.266e+02 2.113e+02
s>                        ( - -8.040e+02 4 0 WDBNDRY_E 0 3.191e+02 7.000e+00)
s>                        ( - -1.856e+04 11 0 WDBNDRY_E 0 1.640e+02 2.043e+02))))))INFO: dtree.c(1315): Comp split 0
INFO: dtree.c(1478): Final simple tree
|( QUESTION0_16_R 1 -2.002e+04 3.204e+02 2.142e+02
|    ( - 1.994e+02 1 0)
|    ( QUESTION0_8_R 1 -1.990e+04 3.191e+02 2.132e+02
|        ( - 8.438e+01 1 0)
|        ( QUESTION4 1 -1.966e+04 2.875e+02 2.122e+02
|            ( - 2.093e+02 1 0)
|            ( QUESTION0_0_R 1 -1.959e+04 2.266e+02 2.113e+02
|                ( WDBNDRY_E 0 -8.040e+02 3.191e+02 7.000e+00
|                    ( QUESTION0_1_R 1 -6.591e+02 1.473e+02 6.000e+00
|                        ( - -1.533e+01 1 0)
|                        ( - -4.965e+02 2 0))
|                    ( - 1.742e+02 1 0))
|                ( WDBNDRY_E 0 -1.856e+04 1.640e+02 2.043e+02
|                    ( - -1.744e+02 2 0)
|                    ( - -1.822e+04 9 0 QUESTION2_0_L -1 1.462e+02 2.003e+02))))))
s>    ( QUESTION0_16_R 1 -2.002e+04 3.204e+02 2.142e+02
s>        ( - 1.994e+02 1 0)
s>        ( QUESTION0_8_R 1 -1.990e+04 3.191e+02 2.132e+02
s>            ( - 8.438e+01 1 0)
s>            ( QUESTION4 1 -1.966e+04 2.875e+02 2.122e+02
s>                ( - 2.093e+02 1 0)
s>                ( QUESTION0_0_R 1 -1.959e+04 2.266e+02 2.113e+02
s>                    ( WDBNDRY_E 0 -8.040e+02 3.191e+02 7.000e+00
s>                        ( QUESTION0_1_R 1 -6.591e+02 1.473e+02 6.000e+00
s>                            ( - -1.533e+01 1 0)
s>                            ( - -4.965e+02 2 0))
s>                        ( - 1.742e+02 1 0))
s>                    ( WDBNDRY_E 0 -1.856e+04 1.640e+02 2.043e+02
s>                        ( - -1.744e+02 2 0)
s>                        ( - -1.822e+04 9 0 QUESTION2_0_L -1 1.462e+02 2.003e+02))))))INFO: dtree.c(1478): Final simple tree
|( WDBNDRY_B 0 -2.573e+04 3.814e+02 2.861e+02
|    ( QUESTION11 -1 -5.870e+03 1.871e+02 6.981e+01
|        ( - -1.758e+03 1 0)
|        ( QUESTION2_2_L -1 -3.925e+03 1.708e+02 4.293e+01
|            ( QUESTION0 -1 -2.621e+03 1.528e+02 3.293e+01
|                ( - -1.002e+02 1 0)
|                ( - -2.368e+03 2 0 QUESTION14 -1 1.395e+02 2.893e+01))
|            ( - -1.134e+03 2 0 QUESTION10 -1 1.469e+02 1.000e+01)))
|    ( QUESTION2_0_L -1 -1.948e+04 2.536e+02 2.163e+02
|        ( QUESTION0 -1 -1.777e+04 1.882e+02 1.923e+02
|            ( - 6.753e+01 1 0)
|            ( QUESTION10 -1 -1.765e+04 1.543e+02 1.903e+02
|                ( - -1.169e+03 2 0)
|                ( - -1.633e+04 5 0 WDBNDRY_E 0 1.239e+02 1.763e+02)))
|        ( - -1.456e+03 2 0 QUESTION0 -1 1.172e+02 2.400e+01)))
s>    ( WDBNDRY_B 0 -2.573e+04 3.814e+02 2.861e+02
s>        ( QUESTION11 -1 -5.870e+03 1.871e+02 6.981e+01
s>            ( - -1.758e+03 1 0)
s>            ( QUESTION2_2_L -1 -3.925e+03 1.708e+02 4.293e+01
s>                ( QUESTION0 -1 -2.621e+03 1.528e+02 3.293e+01
s>                    ( - -1.002e+02 1 0)
s>                    ( - -2.368e+03 2 0 QUESTION14 -1 1.395e+02 2.893e+01))
s>                ( - -1.134e+03 2 0 QUESTION10 -1 1.469e+02 1.000e+01)))
s>        ( QUESTION2_0_L -1 -1.948e+04 2.536e+02 2.163e+02
s>            ( QUESTION0 -1 -1.777e+04 1.882e+02 1.923e+02
s>                ( - 6.753e+01 1 0)
s>                ( QUESTION10 -1 -1.765e+04 1.543e+02 1.903e+02
s>                    ( - -1.169e+03 2 0)
s>                    ( - -1.633e+04 5 0 WDBNDRY_E 0 1.239e+02 1.763e+02)))
s>            ( - -1.456e+03 2 0 QUESTION0 -1 1.172e+02 2.400e+01)))INFO: dtree.c(1315): Comp split 1
INFO: dtree.c(1439): stop. leaf nodes are specific
INFO: dtree.c(1478): Final simple tree
|( QUESTION2_0_L -1 -2.061e+04 2.570e+02 2.243e+02
|    ( QUESTION10 -1 -1.877e+04 1.540e+02 1.983e+02
|        ( - -1.169e+03 2 0)
|        ( WDBNDRY_E 0 -1.745e+04 1.239e+02 1.843e+02
|            ( - -1.140e+02 1 0)
|            ( WDBNDRY_B 0 -1.721e+04 1.181e+02 1.813e+02
|                ( - -1.007e+03 1 0)
|                ( - -1.609e+04 4 0))))
|    ( WDBNDRY_B 0 -1.584e+03 1.484e+02 2.600e+01
|        ( - 2.047e+01 1 0)
|        ( QUESTION0 -1 -1.456e+03 1.172e+02 2.400e+01
|            ( - -3.832e+02 1 0)
|            ( - -9.559e+02 1 0))))
s>    ( QUESTION2_0_L -1 -2.061e+04 2.570e+02 2.243e+02
s>        ( QUESTION10 -1 -1.877e+04 1.540e+02 1.983e+02
s>            ( - -1.169e+03 2 0)
s>            ( WDBNDRY_E 0 -1.745e+04 1.239e+02 1.843e+02
s>                ( - -1.140e+02 1 0)
s>                ( WDBNDRY_B 0 -1.721e+04 1.181e+02 1.813e+02
s>                    ( - -1.007e+03 1 0)
s>                    ( - -1.609e+04 4 0))))
s>        ( WDBNDRY_B 0 -1.584e+03 1.484e+02 2.600e+01
s>            ( - 2.047e+01 1 0)
s>            ( QUESTION0 -1 -1.456e+03 1.172e+02 2.400e+01
s>                ( - -3.832e+02 1 0)
s>                ( - -9.559e+02 1 0))))INFO: dtree.c(1439): stop. leaf nodes are specific
INFO: dtree.c(1478): Final simple tree
|( QUESTION11 -1 -4.675e+03 1.838e+02 6.181e+01
|    ( - -1.758e+03 1 0)
|    ( WDBNDRY_B 0 -2.733e+03 1.802e+02 3.493e+01
|        ( QUESTION0 -1 -2.621e+03 1.528e+02 3.293e+01
|            ( - -1.002e+02 1 0)
|            ( QUESTION14 -1 -2.368e+03 1.395e+02 2.893e+01
|                ( - -1.117e+03 1 0)
|                ( - -1.112e+03 1 0)))
|        ( - 6.753e+01 1 0)))
s>    ( QUESTION11 -1 -4.675e+03 1.838e+02 6.181e+01
s>        ( - -1.758e+03 1 0)
s>        ( WDBNDRY_B 0 -2.733e+03 1.802e+02 3.493e+01
s>            ( QUESTION0 -1 -2.621e+03 1.528e+02 3.293e+01
s>                ( - -1.002e+02 1 0)
s>                ( QUESTION14 -1 -2.368e+03 1.395e+02 2.893e+01
s>                    ( - -1.117e+03 1 0)
s>                    ( - -1.112e+03 1 0)))
s>            ( - 6.753e+01 1 0)))INFO: dtree.c(1315): Comp split 2
INFO: dtree.c(1478): Final simple tree
|( QUESTION0_8_R 1 -1.990e+04 3.191e+02 2.132e+02
|    ( - 8.438e+01 1 0)
|    ( QUESTION4 1 -1.966e+04 2.875e+02 2.122e+02
|        ( - 2.093e+02 1 0)
|        ( QUESTION0_0_R 1 -1.959e+04 2.266e+02 2.113e+02
|            ( WDBNDRY_E 0 -8.040e+02 3.191e+02 7.000e+00
|                ( QUESTION0_1_R 1 -6.591e+02 1.473e+02 6.000e+00
|                    ( - -1.533e+01 1 0)
|                    ( - -4.965e+02 2 0))
|                ( - 1.742e+02 1 0))
|            ( WDBNDRY_E 0 -1.856e+04 1.640e+02 2.043e+02
|                ( - -1.744e+02 2 0)
|                ( QUESTION2_0_L -1 -1.822e+04 1.462e+02 2.003e+02
|                    ( - -1.718e+04 7 0 QUESTION0 -1 1.431e+02 1.873e+02)
|                    ( - -8.867e+02 2 0))))))
s>    ( QUESTION0_8_R 1 -1.990e+04 3.191e+02 2.132e+02
s>        ( - 8.438e+01 1 0)
s>        ( QUESTION4 1 -1.966e+04 2.875e+02 2.122e+02
s>            ( - 2.093e+02 1 0)
s>            ( QUESTION0_0_R 1 -1.959e+04 2.266e+02 2.113e+02
s>                ( WDBNDRY_E 0 -8.040e+02 3.191e+02 7.000e+00
s>                    ( QUESTION0_1_R 1 -6.591e+02 1.473e+02 6.000e+00
s>                        ( - -1.533e+01 1 0)
s>                        ( - -4.965e+02 2 0))
s>                    ( - 1.742e+02 1 0))
s>                ( WDBNDRY_E 0 -1.856e+04 1.640e+02 2.043e+02
s>                    ( - -1.744e+02 2 0)
s>                    ( QUESTION2_0_L -1 -1.822e+04 1.462e+02 2.003e+02
s>                        ( - -1.718e+04 7 0 QUESTION0 -1 1.431e+02 1.873e+02)
s>                        ( - -8.867e+02 2 0))))))INFO: dtree.c(1315): Comp split 3
INFO: dtree.c(1478): Final simple tree
|( QUESTION4 1 -1.966e+04 2.875e+02 2.122e+02
|    ( - 2.093e+02 1 0)
|    ( QUESTION0_0_R 1 -1.959e+04 2.266e+02 2.113e+02
|        ( WDBNDRY_E 0 -8.040e+02 3.191e+02 7.000e+00
|            ( QUESTION0_1_R 1 -6.591e+02 1.473e+02 6.000e+00
|                ( - -1.533e+01 1 0)
|                ( - -4.965e+02 2 0))
|            ( - 1.742e+02 1 0))
|        ( WDBNDRY_E 0 -1.856e+04 1.640e+02 2.043e+02
|            ( - -1.744e+02 2 0)
|            ( QUESTION2_0_L -1 -1.822e+04 1.462e+02 2.003e+02
|                ( QUESTION0 -1 -1.718e+04 1.431e+02 1.873e+02
|                    ( - -1.348e+02 1 0)
|                    ( - -1.691e+04 6 0 QUESTION10 -1 1.275e+02 1.833e+02))
|                ( - -8.867e+02 2 0)))))
s>    ( QUESTION4 1 -1.966e+04 2.875e+02 2.122e+02
s>        ( - 2.093e+02 1 0)
s>        ( QUESTION0_0_R 1 -1.959e+04 2.266e+02 2.113e+02
s>            ( WDBNDRY_E 0 -8.040e+02 3.191e+02 7.000e+00
s>                ( QUESTION0_1_R 1 -6.591e+02 1.473e+02 6.000e+00
s>                    ( - -1.533e+01 1 0)
s>                    ( - -4.965e+02 2 0))
s>                ( - 1.742e+02 1 0))
s>            ( WDBNDRY_E 0 -1.856e+04 1.640e+02 2.043e+02
s>                ( - -1.744e+02 2 0)
s>                ( QUESTION2_0_L -1 -1.822e+04 1.462e+02 2.003e+02
s>                    ( QUESTION0 -1 -1.718e+04 1.431e+02 1.873e+02
s>                        ( - -1.348e+02 1 0)
s>                        ( - -1.691e+04 6 0 QUESTION10 -1 1.275e+02 1.833e+02))
s>                    ( - -8.867e+02 2 0)))))INFO: dtree.c(1315): Comp split 4
INFO: dtree.c(1478): Final simple tree
|( QUESTION4 1 -1.952e+04 2.885e+02 2.112e+02
|    ( - 2.093e+02 1 0)
|    ( QUESTION0_0_R 1 -1.944e+04 2.263e+02 2.103e+02
|        ( QUESTION0_1_R 1 -6.591e+02 1.473e+02 6.000e+00
|            ( - -1.533e+01 1 0)
|            ( - -4.965e+02 2 0))
|        ( WDBNDRY_E 0 -1.856e+04 1.640e+02 2.043e+02
|            ( - -1.744e+02 2 0)
|            ( QUESTION2_0_L -1 -1.822e+04 1.462e+02 2.003e+02
|                ( QUESTION0 -1 -1.718e+04 1.431e+02 1.873e+02
|                    ( - -1.348e+02 1 0)
|                    ( QUESTION10 -1 -1.691e+04 1.275e+02 1.833e+02
|                        ( - -3.764e+02 1 0)
|                        ( - -1.640e+04 5 0)))
|                ( - -8.867e+02 2 0)))))
s>    ( QUESTION4 1 -1.952e+04 2.885e+02 2.112e+02
s>        ( - 2.093e+02 1 0)
s>        ( QUESTION0_0_R 1 -1.944e+04 2.263e+02 2.103e+02
s>            ( QUESTION0_1_R 1 -6.591e+02 1.473e+02 6.000e+00
s>                ( - -1.533e+01 1 0)
s>                ( - -4.965e+02 2 0))
s>            ( WDBNDRY_E 0 -1.856e+04 1.640e+02 2.043e+02
s>                ( - -1.744e+02 2 0)
s>                ( QUESTION2_0_L -1 -1.822e+04 1.462e+02 2.003e+02
s>                    ( QUESTION0 -1 -1.718e+04 1.431e+02 1.873e+02
s>                        ( - -1.348e+02 1 0)
s>                        ( QUESTION10 -1 -1.691e+04 1.275e+02 1.833e+02
s>                            ( - -3.764e+02 1 0)
s>                            ( - -1.640e+04 5 0)))
s>                    ( - -8.867e+02 2 0)))))INFO: dtree.c(1315): Comp split 5
INFO: dtree.c(1439): stop. leaf nodes are specific
INFO: dtree.c(1478): Final simple tree
|( QUESTION0_0_R 1 -1.944e+04 2.263e+02 2.103e+02
|    ( QUESTION0_1_R 1 -6.591e+02 1.473e+02 6.000e+00
|        ( - -1.533e+01 1 0)
|        ( - -4.965e+02 2 0))
|    ( WDBNDRY_E 0 -1.856e+04 1.640e+02 2.043e+02
|        ( - -1.744e+02 2 0)
|        ( QUESTION2_0_L -1 -1.822e+04 1.462e+02 2.003e+02
|            ( QUESTION0 -1 -1.718e+04 1.431e+02 1.873e+02
|                ( - -1.348e+02 1 0)
|                ( QUESTION10 -1 -1.691e+04 1.275e+02 1.833e+02
|                    ( - -3.764e+02 1 0)
|                    ( - -1.640e+04 5 0)))
|            ( - -8.867e+02 2 0))))
s>    ( QUESTION0_0_R 1 -1.944e+04 2.263e+02 2.103e+02
s>        ( QUESTION0_1_R 1 -6.591e+02 1.473e+02 6.000e+00
s>            ( - -1.533e+01 1 0)
s>            ( - -4.965e+02 2 0))
s>        ( WDBNDRY_E 0 -1.856e+04 1.640e+02 2.043e+02
s>            ( - -1.744e+02 2 0)
s>            ( QUESTION2_0_L -1 -1.822e+04 1.462e+02 2.003e+02
s>                ( QUESTION0 -1 -1.718e+04 1.431e+02 1.873e+02
s>                    ( - -1.348e+02 1 0)
s>                    ( QUESTION10 -1 -1.691e+04 1.275e+02 1.833e+02
s>                        ( - -3.764e+02 1 0)
s>                        ( - -1.640e+04 5 0)))
s>                ( - -8.867e+02 2 0))))INFO: dtree.c(1315): Comp split 6
INFO: dtree.c(1439): stop. leaf nodes are specific
INFO: dtree.c(1478): Final simple tree
|( QUESTION0 -1 -2.685e+03 1.212e+02 3.400e+01
|    ( - -3.832e+02 1 0)
|    ( WDBNDRY_B 0 -2.180e+03 9.080e+01 2.700e+01
|        ( QUESTION10 -1 -1.134e+03 1.469e+02 1.000e+01
|            ( - 2.047e+01 1 0)
|            ( - -1.007e+03 1 0))
|        ( - -9.559e+02 1 0)))
s>    ( QUESTION0 -1 -2.685e+03 1.212e+02 3.400e+01
s>        ( - -3.832e+02 1 0)
s>        ( WDBNDRY_B 0 -2.180e+03 9.080e+01 2.700e+01
s>            ( QUESTION10 -1 -1.134e+03 1.469e+02 1.000e+01
s>                ( - 2.047e+01 1 0)
s>                ( - -1.007e+03 1 0))
s>            ( - -9.559e+02 1 0)))INFO: dtree.c(1439): stop. leaf nodes are specific
INFO: dtree.c(1478): Final simple tree
|( QUESTION10 -1 -1.765e+04 1.543e+02 1.903e+02
|    ( - -1.169e+03 2 0)
|    ( WDBNDRY_E 0 -1.633e+04 1.239e+02 1.763e+02
|        ( - -1.140e+02 1 0)
|        ( - -1.609e+04 4 0)))
s>    ( QUESTION10 -1 -1.765e+04 1.543e+02 1.903e+02
s>        ( - -1.169e+03 2 0)
s>        ( WDBNDRY_E 0 -1.633e+04 1.239e+02 1.763e+02
s>            ( - -1.140e+02 1 0)
s>            ( - -1.609e+04 4 0)))INFO: dtree.c(1315): Comp split 7
INFO: dtree.c(1439): stop. leaf nodes are specific
INFO: dtree.c(1478): Final simple tree
|( QUESTION0 -1 -1.718e+04 1.431e+02 1.873e+02
|    ( - -1.348e+02 1 0)
|    ( QUESTION10 -1 -1.691e+04 1.275e+02 1.833e+02
|        ( - -3.764e+02 1 0)
|        ( - -1.640e+04 5 0)))
s>    ( QUESTION0 -1 -1.718e+04 1.431e+02 1.873e+02
s>        ( - -1.348e+02 1 0)
s>        ( QUESTION10 -1 -1.691e+04 1.275e+02 1.833e+02
s>            ( - -3.764e+02 1 0)
s>            ( - -1.640e+04 5 0)))INFO: dtree.c(1439): stop. leaf nodes are specific
INFO: dtree.c(1478): Final simple tree
|( QUESTION0_0_R 1 -2.015e+03 1.860e+02 2.300e+01
|    ( QUESTION0_1_R 1 -6.591e+02 1.473e+02 6.000e+00
|        ( - -1.533e+01 1 0)
|        ( - -4.965e+02 2 0))
|    ( WDBNDRY_E 0 -1.170e+03 1.090e+02 1.700e+01
|        ( - -1.744e+02 2 0)
|        ( - -8.867e+02 2 0)))
s>    ( QUESTION0_0_R 1 -2.015e+03 1.860e+02 2.300e+01
s>        ( QUESTION0_1_R 1 -6.591e+02 1.473e+02 6.000e+00
s>            ( - -1.533e+01 1 0)
s>            ( - -4.965e+02 2 0))
s>        ( WDBNDRY_E 0 -1.170e+03 1.090e+02 1.700e+01
s>            ( - -1.744e+02 2 0)
s>            ( - -8.867e+02 2 0)))INFO: dtree.c(1315): Comp split 8
INFO: dtree.c(1439): stop. leaf nodes are specific
INFO: dtree.c(1478): Final simple tree
|( WDBNDRY_E 0 -1.170e+03 1.090e+02 1.700e+01
|    ( - -1.744e+02 2 0)
|    ( - -8.867e+02 2 0))
s>    ( WDBNDRY_E 0 -1.170e+03 1.090e+02 1.700e+01
s>        ( - -1.744e+02 2 0)
s>        ( - -8.867e+02 2 0))INFO: dtree.c(1439): stop. leaf nodes are specific
INFO: dtree.c(1478): Final simple tree
|( QUESTION0_1_R 1 -6.591e+02 1.473e+02 6.000e+00
|    ( - -1.533e+01 1 0)
|    ( - -4.965e+02 2 0))
s>    ( QUESTION0_1_R 1 -6.591e+02 1.473e+02 6.000e+00
s>        ( - -1.533e+01 1 0)
s>        ( - -4.965e+02 2 0))INFO: dtree.c(1315): Comp split 9
INFO: dtree.c(1439): stop. leaf nodes are specific
INFO: dtree.c(1478): Final simple tree
|( WDBNDRY_B 0 -2.733e+03 1.802e+02 3.493e+01
|    ( QUESTION0 -1 -2.621e+03 1.528e+02 3.293e+01
|        ( - -1.002e+02 1 0)
|        ( QUESTION14 -1 -2.368e+03 1.395e+02 2.893e+01
|            ( - -1.117e+03 1 0)
|            ( - -1.112e+03 1 0)))
|    ( - 6.753e+01 1 0))
s>    ( WDBNDRY_B 0 -2.733e+03 1.802e+02 3.493e+01
s>        ( QUESTION0 -1 -2.621e+03 1.528e+02 3.293e+01
s>            ( - -1.002e+02 1 0)
s>            ( QUESTION14 -1 -2.368e+03 1.395e+02 2.893e+01
s>                ( - -1.117e+03 1 0)
s>                ( - -1.112e+03 1 0)))
s>        ( - 6.753e+01 1 0))INFO: dtree.c(1315): Comp split 10
INFO: dtree.c(1439): stop. leaf nodes are specific
INFO: dtree.c(1478): Final simple tree
|( QUESTION0 -1 -2.621e+03 1.528e+02 3.293e+01
|    ( - -1.002e+02 1 0)
|    ( QUESTION14 -1 -2.368e+03 1.395e+02 2.893e+01
|        ( - -1.117e+03 1 0)
|        ( - -1.112e+03 1 0)))
s>    ( QUESTION0 -1 -2.621e+03 1.528e+02 3.293e+01
s>        ( - -1.002e+02 1 0)
s>        ( QUESTION14 -1 -2.368e+03 1.395e+02 2.893e+01
s>            ( - -1.117e+03 1 0)
s>            ( - -1.112e+03 1 0)))INFO: dtree.c(1315): Comp split 11
INFO: dtree.c(1439): stop. leaf nodes are specific
INFO: dtree.c(1478): Final simple tree
|( WDBNDRY_E 0 -1.633e+04 1.239e+02 1.763e+02
|    ( - -1.140e+02 1 0)
|    ( - -1.609e+04 4 0))
s>    ( WDBNDRY_E 0 -1.633e+04 1.239e+02 1.763e+02
s>        ( - -1.140e+02 1 0)
s>        ( - -1.609e+04 4 0))INFO: dtree.c(1315): Comp split 12
INFO: dtree.c(1439): stop. leaf nodes are specific
INFO: dtree.c(1478): Final simple tree
|( QUESTION14 -1 -2.368e+03 1.395e+02 2.893e+01
|    ( - -1.117e+03 1 0)
|    ( - -1.112e+03 1 0))
s>    ( QUESTION14 -1 -2.368e+03 1.395e+02 2.893e+01
s>        ( - -1.117e+03 1 0)
s>        ( - -1.112e+03 1 0))INFO: dtree.c(1315): Comp split 13
INFO: dtree.c(1315): Comp split 14
INFO: dtree.c(1439): stop. leaf nodes are specific
INFO: dtree.c(1478): Final simple tree
|( QUESTION0 -1 -2.562e+03 1.221e+02 3.200e+01
|    ( - -3.832e+02 1 0)
|    ( WDBNDRY_B 0 -2.057e+03 9.324e+01 2.500e+01
|        ( - -1.007e+03 1 0)
|        ( - -9.559e+02 1 0)))
s>    ( QUESTION0 -1 -2.562e+03 1.221e+02 3.200e+01
s>        ( - -3.832e+02 1 0)
s>        ( WDBNDRY_B 0 -2.057e+03 9.324e+01 2.500e+01
s>            ( - -1.007e+03 1 0)
s>            ( - -9.559e+02 1 0)))INFO: dtree.c(1315): Comp split 15
INFO: dtree.c(1439): stop. leaf nodes are specific
INFO: dtree.c(1478): Final simple tree
|( QUESTION10 -1 -1.691e+04 1.275e+02 1.833e+02
|    ( - -3.764e+02 1 0)
|    ( - -1.640e+04 5 0))
s>    ( QUESTION10 -1 -1.691e+04 1.275e+02 1.833e+02
s>        ( - -3.764e+02 1 0)
s>        ( - -1.640e+04 5 0))INFO: dtree.c(1315): Comp split 16
INFO: dtree.c(1315): Comp split 17
INFO: dtree.c(1315): Comp split 18
INFO: dtree.c(1315): Comp split 19
INFO: dtree.c(1439): stop. leaf nodes are specific
INFO: dtree.c(1478): Final simple tree
|( WDBNDRY_B 0 -2.057e+03 9.324e+01 2.500e+01
|    ( - -1.007e+03 1 0)
|    ( - -9.559e+02 1 0))
s>    ( WDBNDRY_B 0 -2.057e+03 9.324e+01 2.500e+01
s>        ( - -1.007e+03 1 0)
s>        ( - -9.559e+02 1 0))INFO: dtree.c(1315): Comp split 20
INFO: dtree.c(1315): Comp split 21
INFO: dtree.c(1315): Comp split 22
INFO: dtree.c(1318): stop. leaf nodes are specific
!!!!!!!!Allocated 66 lines
Fri Apr  8 23:08:29 2016
