Current configuration:
[NAME]		[DEFLT]	[VALUE]
-allphones	no	no
-cntthresh	0.00001	1.000000e-05
-csplitmax	100	2000
-csplitmin	1	1
-csplitthr	8e-4	0.000000e+00
-example	no	no
-fullvar	no	no
-help		no	no
-meanfn			/home/yaroslav/model/model_parameters/ua.cd_cont_untied/means
-mixwfn			/home/yaroslav/model/model_parameters/ua.cd_cont_untied/mixture_weights
-moddeffn		/home/yaroslav/model/model_architecture/ua.untied.mdef
-mwfloor	1e-4	1.000000e-08
-phone			CC
-psetfn			/home/yaroslav/model/model_architecture/ua.tree_questions
-ssplitmax	5	7
-ssplitmin	1	1
-ssplitthr	8e-4	0.000000e+00
-state			1
-stwt			1.0,0.05,0.0,
-treefn			/home/yaroslav/model/trees/ua.unpruned/CC-1.dtree
-ts2cbfn	.semi.	.cont.
-varfloor	0.00001	1.000000e-05
-varfn			/home/yaroslav/model/model_parameters/ua.cd_cont_untied/variances

INFO: main.c(223): Reading: /home/yaroslav/model/model_architecture/ua.untied.mdef
INFO: model_def_io.c(573): Model definition info:
INFO: model_def_io.c(574): 9365 total models defined (51 base, 9314 tri)
INFO: model_def_io.c(575): 37460 total states
INFO: model_def_io.c(576): 28095 total tied states
INFO: model_def_io.c(577): 153 total tied CI states
INFO: model_def_io.c(578): 51 total tied transition matrices
INFO: model_def_io.c(579): 4 max state/model
INFO: model_def_io.c(580): 4 min state/model
INFO: main.c(242): Building trees for [CC A A b] through [CC І І i]
INFO: main.c(269): Covering states |[3381 3545]| == 165
INFO: main.c(275): Reading: /home/yaroslav/model/model_parameters/ua.cd_cont_untied/mixture_weights
INFO: s3mixw_io.c(173): Read /home/yaroslav/model/model_parameters/ua.cd_cont_untied/mixture_weights [165x1x1 array]
INFO: main.c(311): 55 of 55 models have observation count greater than 0.000010
INFO: main.c(95): nrm stwt: 0.045 0.909 0.045 
INFO: s3gau_io.c(169): Read /home/yaroslav/model/model_parameters/ua.cd_cont_untied/means [28095x1x1 array]
INFO: s3gau_io.c(169): Read /home/yaroslav/model/model_parameters/ua.cd_cont_untied/variances [28095x1x1 array]
INFO: main.c(549): Reading: /home/yaroslav/model/model_architecture/ua.tree_questions
INFO: main.c(588): 180 total simple questions (172 phone; 8 word bndry)
INFO: main.c(590): 42 Left Only questions, and 42 Right Only questions
INFO: dtree.c(1478): Final simple tree
|( QUESTION2_14_L -1 -2.701e+05 5.107e+02 1.404e+03
|    ( QUESTION0_0_R 1 -8.064e+04 5.909e+02 4.187e+02
|        ( QUESTION8 1 -5.577e+04 4.459e+02 2.966e+02
|            ( - 2.108e+02 1 0)
|            ( - -5.553e+04 7 0 WDBNDRY_I 0 2.063e+02 2.956e+02))
|        ( WDBNDRY_E 0 -2.428e+04 4.145e+02 1.221e+02
|            ( - 1.855e+02 1 0)
|            ( - -2.406e+04 4 0 WDBNDRY_B 0 2.251e+02 1.211e+02)))
|    ( QUESTION2_11_L -1 -1.890e+05 4.551e+02 9.853e+02
|        ( QUESTION2_18_L -1 -1.517e+05 2.570e+02 7.948e+02
|            ( - -4.841e+04 10 0 QUESTION17 -1 3.062e+02 2.548e+02)
|            ( - -1.030e+05 23 0 WDBNDRY_I 0 2.628e+02 5.400e+02))
|        ( SILENCE -1 -3.688e+04 2.621e+02 1.905e+02
|            ( - -8.023e+03 1 0)
|            ( - -2.859e+04 8 0 WDBNDRY_B 0 2.456e+02 1.484e+02))))
s>    ( QUESTION2_14_L -1 -2.701e+05 5.107e+02 1.404e+03
s>        ( QUESTION0_0_R 1 -8.064e+04 5.909e+02 4.187e+02
s>            ( QUESTION8 1 -5.577e+04 4.459e+02 2.966e+02
s>                ( - 2.108e+02 1 0)
s>                ( - -5.553e+04 7 0 WDBNDRY_I 0 2.063e+02 2.956e+02))
s>            ( WDBNDRY_E 0 -2.428e+04 4.145e+02 1.221e+02
s>                ( - 1.855e+02 1 0)
s>                ( - -2.406e+04 4 0 WDBNDRY_B 0 2.251e+02 1.211e+02)))
s>        ( QUESTION2_11_L -1 -1.890e+05 4.551e+02 9.853e+02
s>            ( QUESTION2_18_L -1 -1.517e+05 2.570e+02 7.948e+02
s>                ( - -4.841e+04 10 0 QUESTION17 -1 3.062e+02 2.548e+02)
s>                ( - -1.030e+05 23 0 WDBNDRY_I 0 2.628e+02 5.400e+02))
s>            ( SILENCE -1 -3.688e+04 2.621e+02 1.905e+02
s>                ( - -8.023e+03 1 0)
s>                ( - -2.859e+04 8 0 WDBNDRY_B 0 2.456e+02 1.484e+02))))INFO: dtree.c(1315): Comp split 0
INFO: dtree.c(1478): Final simple tree
|( QUESTION0 -1 -9.275e+04 3.450e+02 4.861e+02
|    ( WDBNDRY_I 0 -5.553e+04 2.063e+02 2.956e+02
|        ( - -4.448e+04 2 0)
|        ( QUESTION0_1_R 1 -1.084e+04 1.719e+02 5.900e+01
|            ( - -3.928e+03 1 0)
|            ( QUESTION0_7_R 1 -6.743e+03 1.682e+02 3.700e+01
|                ( - -3.544e+03 1 0)
|                ( - -3.031e+03 3 0 WDBNDRY_B 0 1.371e+02 1.600e+01))))
|    ( SILENCE -1 -3.688e+04 2.621e+02 1.905e+02
|        ( - -8.023e+03 1 0)
|        ( WDBNDRY_B 0 -2.859e+04 2.456e+02 1.484e+02
|            ( - -4.252e+03 1 0)
|            ( QUESTION0_0_R 1 -2.409e+04 2.056e+02 1.264e+02
|                ( - -8.527e+03 4 0 QUESTION2 -1 1.182e+02 4.606e+01)
|                ( - -1.536e+04 3 0 QUESTION2 -1 1.553e+02 8.029e+01)))))
s>    ( QUESTION0 -1 -9.275e+04 3.450e+02 4.861e+02
s>        ( WDBNDRY_I 0 -5.553e+04 2.063e+02 2.956e+02
s>            ( - -4.448e+04 2 0)
s>            ( QUESTION0_1_R 1 -1.084e+04 1.719e+02 5.900e+01
s>                ( - -3.928e+03 1 0)
s>                ( QUESTION0_7_R 1 -6.743e+03 1.682e+02 3.700e+01
s>                    ( - -3.544e+03 1 0)
s>                    ( - -3.031e+03 3 0 WDBNDRY_B 0 1.371e+02 1.600e+01))))
s>        ( SILENCE -1 -3.688e+04 2.621e+02 1.905e+02
s>            ( - -8.023e+03 1 0)
s>            ( WDBNDRY_B 0 -2.859e+04 2.456e+02 1.484e+02
s>                ( - -4.252e+03 1 0)
s>                ( QUESTION0_0_R 1 -2.409e+04 2.056e+02 1.264e+02
s>                    ( - -8.527e+03 4 0 QUESTION2 -1 1.182e+02 4.606e+01)
s>                    ( - -1.536e+04 3 0 QUESTION2 -1 1.553e+02 8.029e+01)))))INFO: dtree.c(1478): Final simple tree
|( QUESTION2_14_L -1 -1.767e+05 4.880e+02 9.179e+02
|    ( QUESTION0_0_R 1 -2.453e+04 4.527e+02 1.231e+02
|        ( - 2.108e+02 1 0)
|        ( WDBNDRY_E 0 -2.428e+04 4.145e+02 1.221e+02
|            ( - 1.855e+02 1 0)
|            ( - -2.406e+04 4 0 WDBNDRY_B 0 2.251e+02 1.211e+02)))
|    ( QUESTION2_18_L -1 -1.517e+05 2.570e+02 7.948e+02
|        ( QUESTION17 -1 -4.841e+04 3.062e+02 2.548e+02
|            ( WDBNDRY_B 0 -1.693e+04 2.961e+02 9.093e+01
|                ( - -1.274e+04 3 0 QUESTION0_0_R 1 1.562e+02 6.994e+01)
|                ( - -3.888e+03 2 0 QUESTION0_0_R 1 7.210e+01 2.100e+01))
|            ( - -3.118e+04 5 0 QUESTION0_0_R 1 1.551e+02 1.639e+02))
|        ( WDBNDRY_I 0 -1.030e+05 2.628e+02 5.400e+02
|            ( - -8.784e+04 13 0 QUESTION2_16_L -1 2.191e+02 4.640e+02)
|            ( - -1.489e+04 10 0 QUESTION2_12_L -1 2.618e+02 7.599e+01))))
s>    ( QUESTION2_14_L -1 -1.767e+05 4.880e+02 9.179e+02
s>        ( QUESTION0_0_R 1 -2.453e+04 4.527e+02 1.231e+02
s>            ( - 2.108e+02 1 0)
s>            ( WDBNDRY_E 0 -2.428e+04 4.145e+02 1.221e+02
s>                ( - 1.855e+02 1 0)
s>                ( - -2.406e+04 4 0 WDBNDRY_B 0 2.251e+02 1.211e+02)))
s>        ( QUESTION2_18_L -1 -1.517e+05 2.570e+02 7.948e+02
s>            ( QUESTION17 -1 -4.841e+04 3.062e+02 2.548e+02
s>                ( WDBNDRY_B 0 -1.693e+04 2.961e+02 9.093e+01
s>                    ( - -1.274e+04 3 0 QUESTION0_0_R 1 1.562e+02 6.994e+01)
s>                    ( - -3.888e+03 2 0 QUESTION0_0_R 1 7.210e+01 2.100e+01))
s>                ( - -3.118e+04 5 0 QUESTION0_0_R 1 1.551e+02 1.639e+02))
s>            ( WDBNDRY_I 0 -1.030e+05 2.628e+02 5.400e+02
s>                ( - -8.784e+04 13 0 QUESTION2_16_L -1 2.191e+02 4.640e+02)
s>                ( - -1.489e+04 10 0 QUESTION2_12_L -1 2.618e+02 7.599e+01))))INFO: dtree.c(1315): Comp split 1
INFO: dtree.c(1478): Final simple tree
|( QUESTION2_16_L -1 -4.353e+04 2.656e+02 2.191e+02
|    ( QUESTION0_0_R 1 -5.975e+03 1.720e+02 3.079e+01
|        ( - -1.436e+03 2 0 WDBNDRY_B 0 1.569e+02 8.000e+00)
|        ( - -4.367e+03 1 0))
|    ( WDBNDRY_E 0 -3.728e+04 4.138e+02 1.883e+02
|        ( - 1.855e+02 1 0)
|        ( QUESTION2_14_L -1 -3.706e+04 2.472e+02 1.873e+02
|            ( WDBNDRY_B 0 -2.406e+04 2.251e+02 1.211e+02
|                ( - -1.329e+04 3 0)
|                ( - -1.054e+04 1 0))
|            ( WDBNDRY_B 0 -1.275e+04 2.162e+02 6.620e+01
|                ( QUESTION0 -1 -8.649e+03 1.862e+02 4.520e+01
|                    ( - -8.204e+03 6 0 QUESTION0_0_R 1 9.390e+01 4.320e+01)
|                    ( - -2.591e+02 1 0))
|                ( - -3.888e+03 2 0 QUESTION0_0_R 1 7.210e+01 2.100e+01)))))
s>    ( QUESTION2_16_L -1 -4.353e+04 2.656e+02 2.191e+02
s>        ( QUESTION0_0_R 1 -5.975e+03 1.720e+02 3.079e+01
s>            ( - -1.436e+03 2 0 WDBNDRY_B 0 1.569e+02 8.000e+00)
s>            ( - -4.367e+03 1 0))
s>        ( WDBNDRY_E 0 -3.728e+04 4.138e+02 1.883e+02
s>            ( - 1.855e+02 1 0)
s>            ( QUESTION2_14_L -1 -3.706e+04 2.472e+02 1.873e+02
s>                ( WDBNDRY_B 0 -2.406e+04 2.251e+02 1.211e+02
s>                    ( - -1.329e+04 3 0)
s>                    ( - -1.054e+04 1 0))
s>                ( WDBNDRY_B 0 -1.275e+04 2.162e+02 6.620e+01
s>                    ( QUESTION0 -1 -8.649e+03 1.862e+02 4.520e+01
s>                        ( - -8.204e+03 6 0 QUESTION0_0_R 1 9.390e+01 4.320e+01)
s>                        ( - -2.591e+02 1 0))
s>                    ( - -3.888e+03 2 0 QUESTION0_0_R 1 7.210e+01 2.100e+01)))))INFO: dtree.c(1478): Final simple tree
|( WDBNDRY_E 0 -1.326e+05 4.410e+02 6.988e+02
|    ( - 2.108e+02 1 0)
|    ( QUESTION2_18_L -1 -1.323e+05 2.569e+02 6.978e+02
|        ( QUESTION17 -1 -4.425e+04 3.238e+02 2.338e+02
|            ( QUESTION0_0_R 1 -1.274e+04 1.562e+02 6.994e+01
|                ( - -1.217e+04 2 0 QUESTION18 -1 1.519e+02 6.694e+01)
|                ( - -4.191e+02 1 0))
|            ( - -3.118e+04 5 0 QUESTION0_0_R 1 1.551e+02 1.639e+02))
|        ( QUESTION2_16_L -1 -8.784e+04 2.191e+02 4.640e+02
|            ( - -2.268e+04 3 0 QUESTION0_0_R 1 1.217e+02 1.259e+02)
|            ( QUESTION8 -1 -6.494e+04 1.910e+02 3.381e+02
|                ( QUESTION0_0_R 1 -3.457e+04 1.981e+02 1.802e+02
|                    ( - -1.328e+04 1 0)
|                    ( - -2.109e+04 3 0))
|                ( - -3.017e+04 6 0 QUESTION0 -1 1.299e+02 1.579e+02)))))
s>    ( WDBNDRY_E 0 -1.326e+05 4.410e+02 6.988e+02
s>        ( - 2.108e+02 1 0)
s>        ( QUESTION2_18_L -1 -1.323e+05 2.569e+02 6.978e+02
s>            ( QUESTION17 -1 -4.425e+04 3.238e+02 2.338e+02
s>                ( QUESTION0_0_R 1 -1.274e+04 1.562e+02 6.994e+01
s>                    ( - -1.217e+04 2 0 QUESTION18 -1 1.519e+02 6.694e+01)
s>                    ( - -4.191e+02 1 0))
s>                ( - -3.118e+04 5 0 QUESTION0_0_R 1 1.551e+02 1.639e+02))
s>            ( QUESTION2_16_L -1 -8.784e+04 2.191e+02 4.640e+02
s>                ( - -2.268e+04 3 0 QUESTION0_0_R 1 1.217e+02 1.259e+02)
s>                ( QUESTION8 -1 -6.494e+04 1.910e+02 3.381e+02
s>                    ( QUESTION0_0_R 1 -3.457e+04 1.981e+02 1.802e+02
s>                        ( - -1.328e+04 1 0)
s>                        ( - -2.109e+04 3 0))
s>                    ( - -3.017e+04 6 0 QUESTION0 -1 1.299e+02 1.579e+02)))))INFO: dtree.c(1315): Comp split 2
INFO: dtree.c(1478): Final simple tree
|( QUESTION2_18_L -1 -1.323e+05 2.569e+02 6.978e+02
|    ( QUESTION17 -1 -4.425e+04 3.238e+02 2.338e+02
|        ( QUESTION0_0_R 1 -1.274e+04 1.562e+02 6.994e+01
|            ( - -1.217e+04 2 0 QUESTION18 -1 1.519e+02 6.694e+01)
|            ( - -4.191e+02 1 0))
|        ( QUESTION0_0_R 1 -3.118e+04 1.551e+02 1.639e+02
|            ( - -2.820e+04 3 0 QUESTION14 -1 1.133e+02 1.479e+02)
|            ( - -2.826e+03 2 0 WDBNDRY_B 0 1.427e+02 1.600e+01)))
|    ( QUESTION2_16_L -1 -8.784e+04 2.191e+02 4.640e+02
|        ( - -2.268e+04 3 0 QUESTION0_0_R 1 1.217e+02 1.259e+02)
|        ( QUESTION8 -1 -6.494e+04 1.910e+02 3.381e+02
|            ( QUESTION0_0_R 1 -3.457e+04 1.981e+02 1.802e+02
|                ( - -1.328e+04 1 0)
|                ( - -2.109e+04 3 0))
|            ( - -3.017e+04 6 0 QUESTION0 -1 1.299e+02 1.579e+02))))
s>    ( QUESTION2_18_L -1 -1.323e+05 2.569e+02 6.978e+02
s>        ( QUESTION17 -1 -4.425e+04 3.238e+02 2.338e+02
s>            ( QUESTION0_0_R 1 -1.274e+04 1.562e+02 6.994e+01
s>                ( - -1.217e+04 2 0 QUESTION18 -1 1.519e+02 6.694e+01)
s>                ( - -4.191e+02 1 0))
s>            ( QUESTION0_0_R 1 -3.118e+04 1.551e+02 1.639e+02
s>                ( - -2.820e+04 3 0 QUESTION14 -1 1.133e+02 1.479e+02)
s>                ( - -2.826e+03 2 0 WDBNDRY_B 0 1.427e+02 1.600e+01)))
s>        ( QUESTION2_16_L -1 -8.784e+04 2.191e+02 4.640e+02
s>            ( - -2.268e+04 3 0 QUESTION0_0_R 1 1.217e+02 1.259e+02)
s>            ( QUESTION8 -1 -6.494e+04 1.910e+02 3.381e+02
s>                ( QUESTION0_0_R 1 -3.457e+04 1.981e+02 1.802e+02
s>                    ( - -1.328e+04 1 0)
s>                    ( - -2.109e+04 3 0))
s>                ( - -3.017e+04 6 0 QUESTION0 -1 1.299e+02 1.579e+02))))INFO: dtree.c(1315): Comp split 3
INFO: dtree.c(1439): stop. leaf nodes are specific
INFO: dtree.c(1478): Final simple tree
|( QUESTION14 -1 -2.820e+04 1.133e+02 1.479e+02
|    ( WDBNDRY_B 0 -1.908e+04 1.644e+02 9.984e+01
|        ( - -2.806e+02 1 0)
|        ( - -1.864e+04 1 0))
|    ( - -9.003e+03 1 0))
s>    ( QUESTION14 -1 -2.820e+04 1.133e+02 1.479e+02
s>        ( WDBNDRY_B 0 -1.908e+04 1.644e+02 9.984e+01
s>            ( - -2.806e+02 1 0)
s>            ( - -1.864e+04 1 0))
s>        ( - -9.003e+03 1 0))INFO: dtree.c(1478): Final simple tree
|( QUESTION2_12_L -1 -1.037e+05 2.298e+02 5.500e+02
|    ( QUESTION0 -1 -6.279e+04 1.931e+02 3.271e+02
|        ( - -2.803e+04 4 0)
|        ( QUESTION0_0_R 1 -3.457e+04 1.981e+02 1.802e+02
|            ( - -1.328e+04 1 0)
|            ( - -2.109e+04 3 0)))
|    ( WDBNDRY_B 0 -4.068e+04 1.886e+02 2.229e+02
|        ( QUESTION18 -1 -1.526e+04 1.356e+02 8.394e+01
|            ( - -1.005e+03 1 0)
|            ( QUESTION17 -1 -1.412e+04 1.303e+02 7.794e+01
|                ( - -1.159e+04 2 0 QUESTION0_0_R 1 1.644e+02 6.394e+01)
|                ( - -2.400e+03 1 0)))
|        ( QUESTION0_0_R 1 -2.523e+04 1.422e+02 1.389e+02
|            ( - -2.245e+04 2 0 QUESTION0 -1 1.251e+02 1.249e+02)
|            ( - -2.644e+03 4 0 QUESTION16 -1 1.130e+02 1.400e+01))))
s>    ( QUESTION2_12_L -1 -1.037e+05 2.298e+02 5.500e+02
s>        ( QUESTION0 -1 -6.279e+04 1.931e+02 3.271e+02
s>            ( - -2.803e+04 4 0)
s>            ( QUESTION0_0_R 1 -3.457e+04 1.981e+02 1.802e+02
s>                ( - -1.328e+04 1 0)
s>                ( - -2.109e+04 3 0)))
s>        ( WDBNDRY_B 0 -4.068e+04 1.886e+02 2.229e+02
s>            ( QUESTION18 -1 -1.526e+04 1.356e+02 8.394e+01
s>                ( - -1.005e+03 1 0)
s>                ( QUESTION17 -1 -1.412e+04 1.303e+02 7.794e+01
s>                    ( - -1.159e+04 2 0 QUESTION0_0_R 1 1.644e+02 6.394e+01)
s>                    ( - -2.400e+03 1 0)))
s>            ( QUESTION0_0_R 1 -2.523e+04 1.422e+02 1.389e+02
s>                ( - -2.245e+04 2 0 QUESTION0 -1 1.251e+02 1.249e+02)
s>                ( - -2.644e+03 4 0 QUESTION16 -1 1.130e+02 1.400e+01))))INFO: dtree.c(1315): Comp split 4
INFO: dtree.c(1478): Final simple tree
|( QUESTION2_16_L -1 -4.330e+04 2.644e+02 2.181e+02
|    ( QUESTION0_0_R 1 -5.975e+03 1.720e+02 3.079e+01
|        ( WDBNDRY_B 0 -1.436e+03 1.569e+02 8.000e+00
|            ( - -9.771e+02 1 0)
|            ( - -3.021e+02 1 0))
|        ( - -4.367e+03 1 0))
|    ( QUESTION2_14_L -1 -3.706e+04 2.472e+02 1.873e+02
|        ( WDBNDRY_B 0 -2.406e+04 2.251e+02 1.211e+02
|            ( - -1.329e+04 3 0)
|            ( - -1.054e+04 1 0))
|        ( WDBNDRY_B 0 -1.275e+04 2.162e+02 6.620e+01
|            ( QUESTION0 -1 -8.649e+03 1.862e+02 4.520e+01
|                ( - -8.204e+03 6 0 QUESTION0_0_R 1 9.390e+01 4.320e+01)
|                ( - -2.591e+02 1 0))
|            ( - -3.888e+03 2 0 QUESTION0_0_R 1 7.210e+01 2.100e+01))))
s>    ( QUESTION2_16_L -1 -4.330e+04 2.644e+02 2.181e+02
s>        ( QUESTION0_0_R 1 -5.975e+03 1.720e+02 3.079e+01
s>            ( WDBNDRY_B 0 -1.436e+03 1.569e+02 8.000e+00
s>                ( - -9.771e+02 1 0)
s>                ( - -3.021e+02 1 0))
s>            ( - -4.367e+03 1 0))
s>        ( QUESTION2_14_L -1 -3.706e+04 2.472e+02 1.873e+02
s>            ( WDBNDRY_B 0 -2.406e+04 2.251e+02 1.211e+02
s>                ( - -1.329e+04 3 0)
s>                ( - -1.054e+04 1 0))
s>            ( WDBNDRY_B 0 -1.275e+04 2.162e+02 6.620e+01
s>                ( QUESTION0 -1 -8.649e+03 1.862e+02 4.520e+01
s>                    ( - -8.204e+03 6 0 QUESTION0_0_R 1 9.390e+01 4.320e+01)
s>                    ( - -2.591e+02 1 0))
s>                ( - -3.888e+03 2 0 QUESTION0_0_R 1 7.210e+01 2.100e+01))))INFO: dtree.c(1315): Comp split 5
INFO: dtree.c(1439): stop. leaf nodes are specific
INFO: dtree.c(1478): Final simple tree
|( QUESTION2 -1 -6.417e+04 2.438e+02 3.389e+02
|    ( - -1.345e+04 2 0)
|    ( WDBNDRY_E 0 -5.047e+04 1.619e+02 2.686e+02
|        ( - -3.928e+03 1 0)
|        ( QUESTION0_0_R 1 -4.638e+04 1.447e+02 2.466e+02
|            ( - -4.448e+04 2 0)
|            ( - -1.756e+03 1 0))))
s>    ( QUESTION2 -1 -6.417e+04 2.438e+02 3.389e+02
s>        ( - -1.345e+04 2 0)
s>        ( WDBNDRY_E 0 -5.047e+04 1.619e+02 2.686e+02
s>            ( - -3.928e+03 1 0)
s>            ( QUESTION0_0_R 1 -4.638e+04 1.447e+02 2.466e+02
s>                ( - -4.448e+04 2 0)
s>                ( - -1.756e+03 1 0))))INFO: dtree.c(1439): stop. leaf nodes are specific
INFO: dtree.c(1478): Final simple tree
|( QUESTION0_0_R 1 -2.820e+04 2.720e+02 1.472e+02
|    ( SILENCE -1 -2.367e+04 2.282e+02 1.252e+02
|        ( - -8.023e+03 1 0)
|        ( QUESTION0_7_R 1 -1.542e+04 1.635e+02 8.306e+01
|            ( - -3.544e+03 1 0)
|            ( WDBNDRY_I 0 -1.172e+04 1.576e+02 6.206e+01
|                ( QUESTION2 -1 -8.527e+03 1.182e+02 4.606e+01
|                    ( - -6.107e+03 2 0)
|                    ( - -2.301e+03 2 0))
|                ( WDBNDRY_B 0 -3.031e+03 1.371e+02 1.600e+01
|                    ( - -2.124e+03 2 0)
|                    ( - -7.696e+02 1 0)))))
|    ( - -4.252e+03 1 0))
s>    ( QUESTION0_0_R 1 -2.820e+04 2.720e+02 1.472e+02
s>        ( SILENCE -1 -2.367e+04 2.282e+02 1.252e+02
s>            ( - -8.023e+03 1 0)
s>            ( QUESTION0_7_R 1 -1.542e+04 1.635e+02 8.306e+01
s>                ( - -3.544e+03 1 0)
s>                ( WDBNDRY_I 0 -1.172e+04 1.576e+02 6.206e+01
s>                    ( QUESTION2 -1 -8.527e+03 1.182e+02 4.606e+01
s>                        ( - -6.107e+03 2 0)
s>                        ( - -2.301e+03 2 0))
s>                    ( WDBNDRY_B 0 -3.031e+03 1.371e+02 1.600e+01
s>                        ( - -2.124e+03 2 0)
s>                        ( - -7.696e+02 1 0)))))
s>        ( - -4.252e+03 1 0))INFO: dtree.c(1315): Comp split 6
INFO: dtree.c(1478): Final simple tree
|( QUESTION2_14_L -1 -3.860e+04 2.623e+02 1.953e+02
|    ( WDBNDRY_B 0 -2.406e+04 2.251e+02 1.211e+02
|        ( - -1.329e+04 3 0)
|        ( - -1.054e+04 1 0))
|    ( WDBNDRY_B 0 -1.428e+04 2.122e+02 7.420e+01
|        ( QUESTION0 -1 -9.737e+03 1.870e+02 5.120e+01
|            ( QUESTION2_12_L -1 -9.291e+03 1.103e+02 4.920e+01
|                ( QUESTION0_0_R 1 -8.204e+03 9.390e+01 4.320e+01
|                    ( - -2.041e+03 3 0)
|                    ( - -6.069e+03 3 0))
|                ( - -9.771e+02 1 0))
|            ( - -2.591e+02 1 0))
|        ( WDBNDRY_E 0 -4.331e+03 1.407e+02 2.300e+01
|            ( - -3.021e+02 1 0)
|            ( - -3.888e+03 2 0 QUESTION0_0_R 1 7.210e+01 2.100e+01))))
s>    ( QUESTION2_14_L -1 -3.860e+04 2.623e+02 1.953e+02
s>        ( WDBNDRY_B 0 -2.406e+04 2.251e+02 1.211e+02
s>            ( - -1.329e+04 3 0)
s>            ( - -1.054e+04 1 0))
s>        ( WDBNDRY_B 0 -1.428e+04 2.122e+02 7.420e+01
s>            ( QUESTION0 -1 -9.737e+03 1.870e+02 5.120e+01
s>                ( QUESTION2_12_L -1 -9.291e+03 1.103e+02 4.920e+01
s>                    ( QUESTION0_0_R 1 -8.204e+03 9.390e+01 4.320e+01
s>                        ( - -2.041e+03 3 0)
s>                        ( - -6.069e+03 3 0))
s>                    ( - -9.771e+02 1 0))
s>                ( - -2.591e+02 1 0))
s>            ( WDBNDRY_E 0 -4.331e+03 1.407e+02 2.300e+01
s>                ( - -3.021e+02 1 0)
s>                ( - -3.888e+03 2 0 QUESTION0_0_R 1 7.210e+01 2.100e+01))))INFO: dtree.c(1315): Comp split 7
INFO: dtree.c(1439): stop. leaf nodes are specific
INFO: dtree.c(1478): Final simple tree
|( WDBNDRY_B 0 -1.340e+04 2.240e+02 7.020e+01
|    ( QUESTION2_12_L -1 -9.291e+03 1.103e+02 4.920e+01
|        ( QUESTION0_0_R 1 -8.204e+03 9.390e+01 4.320e+01
|            ( - -2.041e+03 3 0)
|            ( - -6.069e+03 3 0))
|        ( - -9.771e+02 1 0))
|    ( QUESTION0_0_R 1 -3.888e+03 7.210e+01 2.100e+01
|        ( - -1.044e+03 1 0)
|        ( - -2.772e+03 1 0)))
s>    ( WDBNDRY_B 0 -1.340e+04 2.240e+02 7.020e+01
s>        ( QUESTION2_12_L -1 -9.291e+03 1.103e+02 4.920e+01
s>            ( QUESTION0_0_R 1 -8.204e+03 9.390e+01 4.320e+01
s>                ( - -2.041e+03 3 0)
s>                ( - -6.069e+03 3 0))
s>            ( - -9.771e+02 1 0))
s>        ( QUESTION0_0_R 1 -3.888e+03 7.210e+01 2.100e+01
s>            ( - -1.044e+03 1 0)
s>            ( - -2.772e+03 1 0)))INFO: dtree.c(1439): stop. leaf nodes are specific
INFO: dtree.c(1478): Final simple tree
|( WDBNDRY_I 0 -2.490e+04 2.312e+02 1.251e+02
|    ( - -1.054e+04 1 0)
|    ( QUESTION0_2_R 1 -1.413e+04 1.451e+02 7.184e+01
|        ( - -2.591e+02 1 0)
|        ( WDBNDRY_B 0 -1.373e+04 1.324e+02 6.984e+01
|            ( - -1.329e+04 3 0)
|            ( - -3.021e+02 1 0))))
s>    ( WDBNDRY_I 0 -2.490e+04 2.312e+02 1.251e+02
s>        ( - -1.054e+04 1 0)
s>        ( QUESTION0_2_R 1 -1.413e+04 1.451e+02 7.184e+01
s>            ( - -2.591e+02 1 0)
s>            ( WDBNDRY_B 0 -1.373e+04 1.324e+02 6.984e+01
s>                ( - -1.329e+04 3 0)
s>                ( - -3.021e+02 1 0))))INFO: dtree.c(1315): Comp split 8
INFO: dtree.c(1439): stop. leaf nodes are specific
INFO: dtree.c(1478): Final simple tree
|( SILENCE -1 -2.367e+04 2.282e+02 1.252e+02
|    ( - -8.023e+03 1 0)
|    ( QUESTION0_7_R 1 -1.542e+04 1.635e+02 8.306e+01
|        ( - -3.544e+03 1 0)
|        ( WDBNDRY_I 0 -1.172e+04 1.576e+02 6.206e+01
|            ( QUESTION2 -1 -8.527e+03 1.182e+02 4.606e+01
|                ( - -6.107e+03 2 0)
|                ( - -2.301e+03 2 0))
|            ( WDBNDRY_B 0 -3.031e+03 1.371e+02 1.600e+01
|                ( - -2.124e+03 2 0)
|                ( - -7.696e+02 1 0)))))
s>    ( SILENCE -1 -2.367e+04 2.282e+02 1.252e+02
s>        ( - -8.023e+03 1 0)
s>        ( QUESTION0_7_R 1 -1.542e+04 1.635e+02 8.306e+01
s>            ( - -3.544e+03 1 0)
s>            ( WDBNDRY_I 0 -1.172e+04 1.576e+02 6.206e+01
s>                ( QUESTION2 -1 -8.527e+03 1.182e+02 4.606e+01
s>                    ( - -6.107e+03 2 0)
s>                    ( - -2.301e+03 2 0))
s>                ( WDBNDRY_B 0 -3.031e+03 1.371e+02 1.600e+01
s>                    ( - -2.124e+03 2 0)
s>                    ( - -7.696e+02 1 0)))))INFO: dtree.c(1315): Comp split 9
INFO: dtree.c(1439): stop. leaf nodes are specific
INFO: dtree.c(1478): Final simple tree
|( QUESTION8 -1 -3.983e+04 2.116e+02 2.144e+02
|    ( - -1.328e+04 1 0)
|    ( QUESTION0 -1 -2.634e+04 1.406e+02 1.449e+02
|        ( QUESTION0_0_R 1 -2.268e+04 1.217e+02 1.259e+02
|            ( - -2.147e+04 1 0)
|            ( - -1.089e+03 2 0))
|        ( QUESTION0_0_R 1 -3.513e+03 1.160e+02 1.900e+01
|            ( WDBNDRY_B 0 -1.938e+03 8.653e+01 1.100e+01
|                ( - -1.005e+03 1 0)
|                ( - -8.472e+02 1 0))
|            ( QUESTION15 -1 -1.459e+03 1.208e+02 8.000e+00
|                ( - -1.055e+03 1 0)
|                ( - -2.830e+02 1 0)))))
s>    ( QUESTION8 -1 -3.983e+04 2.116e+02 2.144e+02
s>        ( - -1.328e+04 1 0)
s>        ( QUESTION0 -1 -2.634e+04 1.406e+02 1.449e+02
s>            ( QUESTION0_0_R 1 -2.268e+04 1.217e+02 1.259e+02
s>                ( - -2.147e+04 1 0)
s>                ( - -1.089e+03 2 0))
s>            ( QUESTION0_0_R 1 -3.513e+03 1.160e+02 1.900e+01
s>                ( WDBNDRY_B 0 -1.938e+03 8.653e+01 1.100e+01
s>                    ( - -1.005e+03 1 0)
s>                    ( - -8.472e+02 1 0))
s>                ( QUESTION15 -1 -1.459e+03 1.208e+02 8.000e+00
s>                    ( - -1.055e+03 1 0)
s>                    ( - -2.830e+02 1 0)))))INFO: dtree.c(1439): stop. leaf nodes are specific
INFO: dtree.c(1478): Final simple tree
|( WDBNDRY_B 0 -6.361e+04 2.040e+02 3.355e+02
|    ( QUESTION17 -1 -1.412e+04 1.303e+02 7.794e+01
|        ( QUESTION0_0_R 1 -1.159e+04 1.644e+02 6.394e+01
|            ( - -1.101e+04 1 0)
|            ( - -4.191e+02 1 0))
|        ( - -2.400e+03 1 0))
|    ( QUESTION0_0_R 1 -4.928e+04 1.667e+02 2.576e+02
|        ( - -2.803e+04 4 0)
|        ( - -2.109e+04 3 0)))
s>    ( WDBNDRY_B 0 -6.361e+04 2.040e+02 3.355e+02
s>        ( QUESTION17 -1 -1.412e+04 1.303e+02 7.794e+01
s>            ( QUESTION0_0_R 1 -1.159e+04 1.644e+02 6.394e+01
s>                ( - -1.101e+04 1 0)
s>                ( - -4.191e+02 1 0))
s>            ( - -2.400e+03 1 0))
s>        ( QUESTION0_0_R 1 -4.928e+04 1.667e+02 2.576e+02
s>            ( - -2.803e+04 4 0)
s>            ( - -2.109e+04 3 0)))INFO: dtree.c(1315): Comp split 10
INFO: dtree.c(1439): stop. leaf nodes are specific
INFO: dtree.c(1478): Final simple tree
|( WDBNDRY_E 0 -5.047e+04 1.619e+02 2.686e+02
|    ( - -3.928e+03 1 0)
|    ( QUESTION0_0_R 1 -4.638e+04 1.447e+02 2.466e+02
|        ( - -4.448e+04 2 0)
|        ( - -1.756e+03 1 0)))
s>    ( WDBNDRY_E 0 -5.047e+04 1.619e+02 2.686e+02
s>        ( - -3.928e+03 1 0)
s>        ( QUESTION0_0_R 1 -4.638e+04 1.447e+02 2.466e+02
s>            ( - -4.448e+04 2 0)
s>            ( - -1.756e+03 1 0)))INFO: dtree.c(1315): Comp split 11
INFO: dtree.c(1439): stop. leaf nodes are specific
INFO: dtree.c(1478): Final simple tree
|( QUESTION0_2_R 1 -1.413e+04 1.451e+02 7.184e+01
|    ( - -2.591e+02 1 0)
|    ( WDBNDRY_B 0 -1.373e+04 1.324e+02 6.984e+01
|        ( - -1.329e+04 3 0)
|        ( - -3.021e+02 1 0)))
s>    ( QUESTION0_2_R 1 -1.413e+04 1.451e+02 7.184e+01
s>        ( - -2.591e+02 1 0)
s>        ( WDBNDRY_B 0 -1.373e+04 1.324e+02 6.984e+01
s>            ( - -1.329e+04 3 0)
s>            ( - -3.021e+02 1 0)))INFO: dtree.c(1315): Comp split 12
INFO: dtree.c(1439): stop. leaf nodes are specific
INFO: dtree.c(1478): Final simple tree
|( QUESTION0_7_R 1 -1.542e+04 1.635e+02 8.306e+01
|    ( - -3.544e+03 1 0)
|    ( WDBNDRY_I 0 -1.172e+04 1.576e+02 6.206e+01
|        ( QUESTION2 -1 -8.527e+03 1.182e+02 4.606e+01
|            ( - -6.107e+03 2 0)
|            ( - -2.301e+03 2 0))
|        ( WDBNDRY_B 0 -3.031e+03 1.371e+02 1.600e+01
|            ( - -2.124e+03 2 0)
|            ( - -7.696e+02 1 0))))
s>    ( QUESTION0_7_R 1 -1.542e+04 1.635e+02 8.306e+01
s>        ( - -3.544e+03 1 0)
s>        ( WDBNDRY_I 0 -1.172e+04 1.576e+02 6.206e+01
s>            ( QUESTION2 -1 -8.527e+03 1.182e+02 4.606e+01
s>                ( - -6.107e+03 2 0)
s>                ( - -2.301e+03 2 0))
s>            ( WDBNDRY_B 0 -3.031e+03 1.371e+02 1.600e+01
s>                ( - -2.124e+03 2 0)
s>                ( - -7.696e+02 1 0))))INFO: dtree.c(1315): Comp split 13
INFO: dtree.c(1439): stop. leaf nodes are specific
INFO: dtree.c(1478): Final simple tree
|( QUESTION0_0_R 1 -2.298e+04 1.148e+02 1.279e+02
|    ( WDBNDRY_B 0 -2.258e+04 1.062e+02 1.259e+02
|        ( - -1.005e+03 1 0)
|        ( - -2.147e+04 1 0))
|    ( - -2.830e+02 1 0))
s>    ( QUESTION0_0_R 1 -2.298e+04 1.148e+02 1.279e+02
s>        ( WDBNDRY_B 0 -2.258e+04 1.062e+02 1.259e+02
s>            ( - -1.005e+03 1 0)
s>            ( - -2.147e+04 1 0))
s>        ( - -2.830e+02 1 0))INFO: dtree.c(1439): stop. leaf nodes are specific
INFO: dtree.c(1478): Final simple tree
|( QUESTION8 -1 -1.663e+04 1.364e+02 8.648e+01
|    ( - -1.328e+04 1 0)
|    ( QUESTION0_0_R 1 -3.205e+03 1.103e+02 1.700e+01
|        ( - -8.472e+02 1 0)
|        ( QUESTION0 -1 -2.248e+03 1.034e+02 1.200e+01
|            ( - -1.089e+03 2 0)
|            ( - -1.055e+03 1 0))))
s>    ( QUESTION8 -1 -1.663e+04 1.364e+02 8.648e+01
s>        ( - -1.328e+04 1 0)
s>        ( QUESTION0_0_R 1 -3.205e+03 1.103e+02 1.700e+01
s>            ( - -8.472e+02 1 0)
s>            ( QUESTION0 -1 -2.248e+03 1.034e+02 1.200e+01
s>                ( - -1.089e+03 2 0)
s>                ( - -1.055e+03 1 0))))INFO: dtree.c(1315): Comp split 14
INFO: dtree.c(1439): stop. leaf nodes are specific
INFO: dtree.c(1478): Final simple tree
|( QUESTION2_12_L -1 -9.291e+03 1.103e+02 4.920e+01
|    ( QUESTION0_0_R 1 -8.204e+03 9.390e+01 4.320e+01
|        ( - -2.041e+03 3 0)
|        ( - -6.069e+03 3 0))
|    ( - -9.771e+02 1 0))
s>    ( QUESTION2_12_L -1 -9.291e+03 1.103e+02 4.920e+01
s>        ( QUESTION0_0_R 1 -8.204e+03 9.390e+01 4.320e+01
s>            ( - -2.041e+03 3 0)
s>            ( - -6.069e+03 3 0))
s>        ( - -9.771e+02 1 0))INFO: dtree.c(1439): stop. leaf nodes are specific
INFO: dtree.c(1478): Final simple tree
|( QUESTION0_0_R 1 -3.888e+03 7.210e+01 2.100e+01
|    ( - -1.044e+03 1 0)
|    ( - -2.772e+03 1 0))
s>    ( QUESTION0_0_R 1 -3.888e+03 7.210e+01 2.100e+01
s>        ( - -1.044e+03 1 0)
s>        ( - -2.772e+03 1 0))INFO: dtree.c(1315): Comp split 15
INFO: dtree.c(1439): stop. leaf nodes are specific
INFO: dtree.c(1478): Final simple tree
|( QUESTION0_0_R 1 -4.986e+04 1.664e+02 2.606e+02
|    ( - -2.803e+04 4 0)
|    ( WDBNDRY_B 0 -2.167e+04 1.578e+02 1.137e+02
|        ( - -4.191e+02 1 0)
|        ( - -2.109e+04 3 0)))
s>    ( QUESTION0_0_R 1 -4.986e+04 1.664e+02 2.606e+02
s>        ( - -2.803e+04 4 0)
s>        ( WDBNDRY_B 0 -2.167e+04 1.578e+02 1.137e+02
s>            ( - -4.191e+02 1 0)
s>            ( - -2.109e+04 3 0)))INFO: dtree.c(1439): stop. leaf nodes are specific
INFO: dtree.c(1478): Final simple tree
|( QUESTION0_0_R 1 -1.354e+04 1.346e+02 7.494e+01
|    ( - -1.101e+04 1 0)
|    ( - -2.400e+03 1 0))
s>    ( QUESTION0_0_R 1 -1.354e+04 1.346e+02 7.494e+01
s>        ( - -1.101e+04 1 0)
s>        ( - -2.400e+03 1 0))INFO: dtree.c(1315): Comp split 16
INFO: dtree.c(1439): stop. leaf nodes are specific
INFO: dtree.c(1478): Final simple tree
|( WDBNDRY_B 0 -2.167e+04 1.578e+02 1.137e+02
|    ( - -4.191e+02 1 0)
|    ( - -2.109e+04 3 0))
s>    ( WDBNDRY_B 0 -2.167e+04 1.578e+02 1.137e+02
s>        ( - -4.191e+02 1 0)
s>        ( - -2.109e+04 3 0))INFO: dtree.c(1315): Comp split 17
INFO: dtree.c(1439): stop. leaf nodes are specific
INFO: dtree.c(1478): Final simple tree
|( WDBNDRY_B 0 -2.776e+04 1.126e+02 1.459e+02
|    ( - -9.003e+03 1 0)
|    ( - -1.864e+04 1 0))
s>    ( WDBNDRY_B 0 -2.776e+04 1.126e+02 1.459e+02
s>        ( - -9.003e+03 1 0)
s>        ( - -1.864e+04 1 0))INFO: dtree.c(1315): Comp split 18
INFO: dtree.c(1439): stop. leaf nodes are specific
INFO: dtree.c(1478): Final simple tree
|( WDBNDRY_B 0 -5.456e+03 1.283e+02 2.900e+01
|    ( - -2.124e+03 2 0)
|    ( WDBNDRY_E 0 -3.203e+03 1.322e+02 1.800e+01
|        ( - -7.696e+02 1 0)
|        ( - -2.301e+03 2 0)))
s>    ( WDBNDRY_B 0 -5.456e+03 1.283e+02 2.900e+01
s>        ( - -2.124e+03 2 0)
s>        ( WDBNDRY_E 0 -3.203e+03 1.322e+02 1.800e+01
s>            ( - -7.696e+02 1 0)
s>            ( - -2.301e+03 2 0)))INFO: dtree.c(1439): stop. leaf nodes are specific
INFO: dtree.c(1478): Final simple tree
|( WDBNDRY_E 0 -9.802e+03 1.514e+02 5.406e+01
|    ( - -3.544e+03 1 0)
|    ( - -6.107e+03 2 0))
s>    ( WDBNDRY_E 0 -9.802e+03 1.514e+02 5.406e+01
s>        ( - -3.544e+03 1 0)
s>        ( - -6.107e+03 2 0))INFO: dtree.c(1315): Comp split 19
INFO: dtree.c(1439): stop. leaf nodes are specific
INFO: dtree.c(1478): Final simple tree
|( QUESTION0_0_R 1 -4.638e+04 1.447e+02 2.466e+02
|    ( - -4.448e+04 2 0)
|    ( - -1.756e+03 1 0))
s>    ( QUESTION0_0_R 1 -4.638e+04 1.447e+02 2.466e+02
s>        ( - -4.448e+04 2 0)
s>        ( - -1.756e+03 1 0))INFO: dtree.c(1315): Comp split 20
INFO: dtree.c(1315): Comp split 21
INFO: dtree.c(1315): Comp split 22
INFO: dtree.c(1439): stop. leaf nodes are specific
INFO: dtree.c(1478): Final simple tree
|( WDBNDRY_B 0 -1.373e+04 1.324e+02 6.984e+01
|    ( - -1.329e+04 3 0)
|    ( - -3.021e+02 1 0))
s>    ( WDBNDRY_B 0 -1.373e+04 1.324e+02 6.984e+01
s>        ( - -1.329e+04 3 0)
s>        ( - -3.021e+02 1 0))INFO: dtree.c(1315): Comp split 23
INFO: dtree.c(1315): Comp split 24
INFO: dtree.c(1439): stop. leaf nodes are specific
INFO: dtree.c(1478): Final simple tree
|( QUESTION0_0_R 1 -3.205e+03 1.103e+02 1.700e+01
|    ( - -8.472e+02 1 0)
|    ( QUESTION0 -1 -2.248e+03 1.034e+02 1.200e+01
|        ( - -1.089e+03 2 0)
|        ( - -1.055e+03 1 0)))
s>    ( QUESTION0_0_R 1 -3.205e+03 1.103e+02 1.700e+01
s>        ( - -8.472e+02 1 0)
s>        ( QUESTION0 -1 -2.248e+03 1.034e+02 1.200e+01
s>            ( - -1.089e+03 2 0)
s>            ( - -1.055e+03 1 0)))INFO: dtree.c(1315): Comp split 25
INFO: dtree.c(1315): Comp split 26
INFO: dtree.c(1315): Comp split 27
INFO: dtree.c(1439): stop. leaf nodes are specific
INFO: dtree.c(1478): Final simple tree
|( WDBNDRY_E 0 -3.203e+03 1.322e+02 1.800e+01
|    ( - -7.696e+02 1 0)
|    ( - -2.301e+03 2 0))
s>    ( WDBNDRY_E 0 -3.203e+03 1.322e+02 1.800e+01
s>        ( - -7.696e+02 1 0)
s>        ( - -2.301e+03 2 0))INFO: dtree.c(1315): Comp split 28
INFO: dtree.c(1315): Comp split 29
INFO: dtree.c(1439): stop. leaf nodes are specific
INFO: dtree.c(1478): Final simple tree
|( WDBNDRY_B 0 -2.258e+04 1.062e+02 1.259e+02
|    ( - -1.005e+03 1 0)
|    ( - -2.147e+04 1 0))
s>    ( WDBNDRY_B 0 -2.258e+04 1.062e+02 1.259e+02
s>        ( - -1.005e+03 1 0)
s>        ( - -2.147e+04 1 0))INFO: dtree.c(1315): Comp split 30
INFO: dtree.c(1315): Comp split 31
INFO: dtree.c(1439): stop. leaf nodes are specific
INFO: dtree.c(1478): Final simple tree
|( QUESTION0 -1 -2.248e+03 1.034e+02 1.200e+01
|    ( - -1.089e+03 2 0)
|    ( - -1.055e+03 1 0))
s>    ( QUESTION0 -1 -2.248e+03 1.034e+02 1.200e+01
s>        ( - -1.089e+03 2 0)
s>        ( - -1.055e+03 1 0))INFO: dtree.c(1315): Comp split 32
INFO: dtree.c(1439): stop. leaf nodes are specific
INFO: dtree.c(1478): Final simple tree
|( QUESTION0_0_R 1 -8.204e+03 9.390e+01 4.320e+01
|    ( - -2.041e+03 3 0)
|    ( - -6.069e+03 3 0))
s>    ( QUESTION0_0_R 1 -8.204e+03 9.390e+01 4.320e+01
s>        ( - -2.041e+03 3 0)
s>        ( - -6.069e+03 3 0))INFO: dtree.c(1315): Comp split 33
INFO: dtree.c(1315): Comp split 34
INFO: dtree.c(1315): Comp split 35
INFO: dtree.c(1315): Comp split 36
INFO: dtree.c(1315): Comp split 37
INFO: dtree.c(1318): stop. leaf nodes are specific
!!!!!!!!Allocated 68 lines
Fri Apr  8 18:30:46 2016
