Current configuration:
[NAME]		[DEFLT]	[VALUE]
-allphones	no	no
-cntthresh	0.00001	1.000000e-05
-csplitmax	100	2000
-csplitmin	1	1
-csplitthr	8e-4	0.000000e+00
-example	no	no
-fullvar	no	no
-help		no	no
-meanfn			/home/yaroslav/model/model_parameters/ua.cd_cont_untied/means
-mixwfn			/home/yaroslav/model/model_parameters/ua.cd_cont_untied/mixture_weights
-moddeffn		/home/yaroslav/model/model_architecture/ua.untied.mdef
-mwfloor	1e-4	1.000000e-08
-phone			F
-psetfn			/home/yaroslav/model/model_architecture/ua.tree_questions
-ssplitmax	5	7
-ssplitmin	1	1
-ssplitthr	8e-4	0.000000e+00
-state			2
-stwt			1.0,0.05,0.0,
-treefn			/home/yaroslav/model/trees/ua.unpruned/F-2.dtree
-ts2cbfn	.semi.	.cont.
-varfloor	0.00001	1.000000e-05
-varfn			/home/yaroslav/model/model_parameters/ua.cd_cont_untied/variances

INFO: main.c(223): Reading: /home/yaroslav/model/model_architecture/ua.untied.mdef
INFO: model_def_io.c(573): Model definition info:
INFO: model_def_io.c(574): 9391 total models defined (51 base, 9340 tri)
INFO: model_def_io.c(575): 37564 total states
INFO: model_def_io.c(576): 28173 total tied states
INFO: model_def_io.c(577): 153 total tied CI states
INFO: model_def_io.c(578): 51 total tied transition matrices
INFO: model_def_io.c(579): 4 max state/model
INFO: model_def_io.c(580): 4 min state/model
INFO: main.c(242): Building trees for [F A A i] through [F І O i]
INFO: main.c(269): Covering states |[6297 6407]| == 111
INFO: main.c(275): Reading: /home/yaroslav/model/model_parameters/ua.cd_cont_untied/mixture_weights
INFO: s3mixw_io.c(173): Read /home/yaroslav/model/model_parameters/ua.cd_cont_untied/mixture_weights [111x1x1 array]
INFO: main.c(311): 23 of 37 models have observation count greater than 0.000010
INFO: main.c(95): nrm stwt: 0.000 0.048 0.952 
INFO: s3gau_io.c(169): Read /home/yaroslav/model/model_parameters/ua.cd_cont_untied/means [28173x1x1 array]
INFO: s3gau_io.c(169): Read /home/yaroslav/model/model_parameters/ua.cd_cont_untied/variances [28173x1x1 array]
INFO: main.c(549): Reading: /home/yaroslav/model/model_architecture/ua.tree_questions
INFO: main.c(588): 174 total simple questions (166 phone; 8 word bndry)
INFO: main.c(590): 40 Left Only questions, and 42 Right Only questions
INFO: dtree.c(1478): Final simple tree
|( QUESTION1 -1 -6.748e+03 3.208e+02 8.309e+01
|    ( - 2.166e+02 1 0)
|    ( QUESTION13 -1 -6.644e+03 3.168e+02 8.209e+01
|        ( - 2.340e+02 1 0)
|        ( QUESTION2_6_L -1 -6.561e+03 3.156e+02 8.109e+01
|            ( - 2.155e+02 1 0)
|            ( QUESTION6 -1 -6.461e+03 3.424e+02 8.009e+01
|                ( - 2.440e+02 1 0)
|                ( QUESTION10 1 -6.363e+03 2.191e+02 7.909e+01
|                    ( - -2.787e+03 1 0)
|                    ( QUESTION3 -1 -3.356e+03 2.011e+02 4.146e+01
|                        ( - -7.381e+00 1 0)
|                        ( QUESTION11 -1 -3.148e+03 1.808e+02 3.946e+01
|                            ( - -6.406e+02 1 0)
|                            ( - -2.327e+03 16 0 QUESTION2_2_L -1 1.802e+02 2.947e+01))))))))
s>    ( QUESTION1 -1 -6.748e+03 3.208e+02 8.309e+01
s>        ( - 2.166e+02 1 0)
s>        ( QUESTION13 -1 -6.644e+03 3.168e+02 8.209e+01
s>            ( - 2.340e+02 1 0)
s>            ( QUESTION2_6_L -1 -6.561e+03 3.156e+02 8.109e+01
s>                ( - 2.155e+02 1 0)
s>                ( QUESTION6 -1 -6.461e+03 3.424e+02 8.009e+01
s>                    ( - 2.440e+02 1 0)
s>                    ( QUESTION10 1 -6.363e+03 2.191e+02 7.909e+01
s>                        ( - -2.787e+03 1 0)
s>                        ( QUESTION3 -1 -3.356e+03 2.011e+02 4.146e+01
s>                            ( - -7.381e+00 1 0)
s>                            ( QUESTION11 -1 -3.148e+03 1.808e+02 3.946e+01
s>                                ( - -6.406e+02 1 0)
s>                                ( - -2.327e+03 16 0 QUESTION2_2_L -1 1.802e+02 2.947e+01))))))))INFO: dtree.c(1315): Comp split 0
INFO: dtree.c(1478): Final simple tree
|( QUESTION1 -1 -6.650e+03 3.205e+02 8.209e+01
|    ( - 2.166e+02 1 0)
|    ( QUESTION13 -1 -6.546e+03 3.167e+02 8.109e+01
|        ( - 2.340e+02 1 0)
|        ( QUESTION6 -1 -6.463e+03 3.160e+02 8.009e+01
|            ( - 2.155e+02 1 0)
|            ( QUESTION10 1 -6.363e+03 2.191e+02 7.909e+01
|                ( - -2.787e+03 1 0)
|                ( QUESTION3 -1 -3.356e+03 2.011e+02 4.146e+01
|                    ( - -7.381e+00 1 0)
|                    ( QUESTION11 -1 -3.148e+03 1.808e+02 3.946e+01
|                        ( - -6.406e+02 1 0)
|                        ( QUESTION2_2_L -1 -2.327e+03 1.802e+02 2.947e+01
|                            ( - -7.965e+02 3 0 WDBNDRY_B 0 1.638e+02 1.200e+01)
|                            ( - -1.350e+03 13 0 WDBNDRY_B 0 1.385e+02 1.747e+01))))))))
s>    ( QUESTION1 -1 -6.650e+03 3.205e+02 8.209e+01
s>        ( - 2.166e+02 1 0)
s>        ( QUESTION13 -1 -6.546e+03 3.167e+02 8.109e+01
s>            ( - 2.340e+02 1 0)
s>            ( QUESTION6 -1 -6.463e+03 3.160e+02 8.009e+01
s>                ( - 2.155e+02 1 0)
s>                ( QUESTION10 1 -6.363e+03 2.191e+02 7.909e+01
s>                    ( - -2.787e+03 1 0)
s>                    ( QUESTION3 -1 -3.356e+03 2.011e+02 4.146e+01
s>                        ( - -7.381e+00 1 0)
s>                        ( QUESTION11 -1 -3.148e+03 1.808e+02 3.946e+01
s>                            ( - -6.406e+02 1 0)
s>                            ( QUESTION2_2_L -1 -2.327e+03 1.802e+02 2.947e+01
s>                                ( - -7.965e+02 3 0 WDBNDRY_B 0 1.638e+02 1.200e+01)
s>                                ( - -1.350e+03 13 0 WDBNDRY_B 0 1.385e+02 1.747e+01))))))))INFO: dtree.c(1315): Comp split 1
INFO: dtree.c(1478): Final simple tree
|( QUESTION13 -1 -6.546e+03 3.167e+02 8.109e+01
|    ( - 2.340e+02 1 0)
|    ( QUESTION6 -1 -6.463e+03 3.160e+02 8.009e+01
|        ( - 2.155e+02 1 0)
|        ( QUESTION10 1 -6.363e+03 2.191e+02 7.909e+01
|            ( - -2.787e+03 1 0)
|            ( QUESTION3 -1 -3.356e+03 2.011e+02 4.146e+01
|                ( - -7.381e+00 1 0)
|                ( QUESTION11 -1 -3.148e+03 1.808e+02 3.946e+01
|                    ( - -6.406e+02 1 0)
|                    ( QUESTION2_2_L -1 -2.327e+03 1.802e+02 2.947e+01
|                        ( WDBNDRY_B 0 -7.965e+02 1.638e+02 1.200e+01
|                            ( - -4.040e+02 2 0)
|                            ( - -2.287e+02 1 0))
|                        ( - -1.350e+03 13 0 WDBNDRY_B 0 1.385e+02 1.747e+01)))))))
s>    ( QUESTION13 -1 -6.546e+03 3.167e+02 8.109e+01
s>        ( - 2.340e+02 1 0)
s>        ( QUESTION6 -1 -6.463e+03 3.160e+02 8.009e+01
s>            ( - 2.155e+02 1 0)
s>            ( QUESTION10 1 -6.363e+03 2.191e+02 7.909e+01
s>                ( - -2.787e+03 1 0)
s>                ( QUESTION3 -1 -3.356e+03 2.011e+02 4.146e+01
s>                    ( - -7.381e+00 1 0)
s>                    ( QUESTION11 -1 -3.148e+03 1.808e+02 3.946e+01
s>                        ( - -6.406e+02 1 0)
s>                        ( QUESTION2_2_L -1 -2.327e+03 1.802e+02 2.947e+01
s>                            ( WDBNDRY_B 0 -7.965e+02 1.638e+02 1.200e+01
s>                                ( - -4.040e+02 2 0)
s>                                ( - -2.287e+02 1 0))
s>                            ( - -1.350e+03 13 0 WDBNDRY_B 0 1.385e+02 1.747e+01)))))))INFO: dtree.c(1315): Comp split 2
INFO: dtree.c(1478): Final simple tree
|( QUESTION6 -1 -6.463e+03 3.160e+02 8.009e+01
|    ( - 2.155e+02 1 0)
|    ( QUESTION10 1 -6.363e+03 2.191e+02 7.909e+01
|        ( - -2.787e+03 1 0)
|        ( QUESTION3 -1 -3.356e+03 2.011e+02 4.146e+01
|            ( - -7.381e+00 1 0)
|            ( QUESTION11 -1 -3.148e+03 1.808e+02 3.946e+01
|                ( - -6.406e+02 1 0)
|                ( QUESTION2_2_L -1 -2.327e+03 1.802e+02 2.947e+01
|                    ( WDBNDRY_B 0 -7.965e+02 1.638e+02 1.200e+01
|                        ( - -4.040e+02 2 0)
|                        ( - -2.287e+02 1 0))
|                    ( WDBNDRY_B 0 -1.350e+03 1.385e+02 1.747e+01
|                        ( - -7.264e+02 9 0 QUESTION10 -1 1.822e+02 1.047e+01)
|                        ( - -4.850e+02 4 0 QUESTION10 -1 1.445e+02 7.000e+00)))))))
s>    ( QUESTION6 -1 -6.463e+03 3.160e+02 8.009e+01
s>        ( - 2.155e+02 1 0)
s>        ( QUESTION10 1 -6.363e+03 2.191e+02 7.909e+01
s>            ( - -2.787e+03 1 0)
s>            ( QUESTION3 -1 -3.356e+03 2.011e+02 4.146e+01
s>                ( - -7.381e+00 1 0)
s>                ( QUESTION11 -1 -3.148e+03 1.808e+02 3.946e+01
s>                    ( - -6.406e+02 1 0)
s>                    ( QUESTION2_2_L -1 -2.327e+03 1.802e+02 2.947e+01
s>                        ( WDBNDRY_B 0 -7.965e+02 1.638e+02 1.200e+01
s>                            ( - -4.040e+02 2 0)
s>                            ( - -2.287e+02 1 0))
s>                        ( WDBNDRY_B 0 -1.350e+03 1.385e+02 1.747e+01
s>                            ( - -7.264e+02 9 0 QUESTION10 -1 1.822e+02 1.047e+01)
s>                            ( - -4.850e+02 4 0 QUESTION10 -1 1.445e+02 7.000e+00)))))))INFO: dtree.c(1315): Comp split 3
INFO: dtree.c(1478): Final simple tree
|( QUESTION10 1 -6.363e+03 2.191e+02 7.909e+01
|    ( - -2.787e+03 1 0)
|    ( QUESTION3 -1 -3.356e+03 2.011e+02 4.146e+01
|        ( - -7.381e+00 1 0)
|        ( QUESTION11 -1 -3.148e+03 1.808e+02 3.946e+01
|            ( - -6.406e+02 1 0)
|            ( QUESTION2_2_L -1 -2.327e+03 1.802e+02 2.947e+01
|                ( WDBNDRY_B 0 -7.965e+02 1.638e+02 1.200e+01
|                    ( - -4.040e+02 2 0)
|                    ( - -2.287e+02 1 0))
|                ( WDBNDRY_B 0 -1.350e+03 1.385e+02 1.747e+01
|                    ( QUESTION10 -1 -7.264e+02 1.822e+02 1.047e+01
|                        ( - 6.255e+01 1 0)
|                        ( - -6.068e+02 8 0 QUESTION0 -1 7.537e+01 8.471e+00))
|                    ( - -4.850e+02 4 0 QUESTION10 -1 1.445e+02 7.000e+00))))))
s>    ( QUESTION10 1 -6.363e+03 2.191e+02 7.909e+01
s>        ( - -2.787e+03 1 0)
s>        ( QUESTION3 -1 -3.356e+03 2.011e+02 4.146e+01
s>            ( - -7.381e+00 1 0)
s>            ( QUESTION11 -1 -3.148e+03 1.808e+02 3.946e+01
s>                ( - -6.406e+02 1 0)
s>                ( QUESTION2_2_L -1 -2.327e+03 1.802e+02 2.947e+01
s>                    ( WDBNDRY_B 0 -7.965e+02 1.638e+02 1.200e+01
s>                        ( - -4.040e+02 2 0)
s>                        ( - -2.287e+02 1 0))
s>                    ( WDBNDRY_B 0 -1.350e+03 1.385e+02 1.747e+01
s>                        ( QUESTION10 -1 -7.264e+02 1.822e+02 1.047e+01
s>                            ( - 6.255e+01 1 0)
s>                            ( - -6.068e+02 8 0 QUESTION0 -1 7.537e+01 8.471e+00))
s>                        ( - -4.850e+02 4 0 QUESTION10 -1 1.445e+02 7.000e+00))))))INFO: dtree.c(1315): Comp split 4
INFO: dtree.c(1439): stop. leaf nodes are specific
INFO: dtree.c(1478): Final simple tree
|( QUESTION10 -1 -7.264e+02 1.822e+02 1.047e+01
|    ( - 6.255e+01 1 0)
|    ( QUESTION0 -1 -6.068e+02 7.537e+01 8.471e+00
|        ( - -2.213e+02 3 0)
|        ( - -3.101e+02 5 0)))
s>    ( QUESTION10 -1 -7.264e+02 1.822e+02 1.047e+01
s>        ( - 6.255e+01 1 0)
s>        ( QUESTION0 -1 -6.068e+02 7.537e+01 8.471e+00
s>            ( - -2.213e+02 3 0)
s>            ( - -3.101e+02 5 0)))INFO: dtree.c(1439): stop. leaf nodes are specific
INFO: dtree.c(1478): Final simple tree
|( QUESTION0 -1 -5.382e+03 1.992e+02 6.862e+01
|    ( - -7.381e+00 1 0)
|    ( QUESTION10 1 -5.176e+03 1.849e+02 6.662e+01
|        ( - -2.787e+03 1 0)
|        ( QUESTION2_0_L -1 -2.203e+03 1.603e+02 2.899e+01
|            ( QUESTION11 -1 -1.901e+03 1.577e+02 2.599e+01
|                ( - -6.406e+02 1 0)
|                ( WDBNDRY_B 0 -1.102e+03 1.482e+02 1.600e+01
|                    ( - -4.040e+02 2 0)
|                    ( QUESTION10 -1 -5.501e+02 1.235e+02 9.000e+00
|                        ( - -2.287e+02 1 0)
|                        ( - -1.979e+02 3 0))))
|            ( - -1.427e+02 1 0))))
s>    ( QUESTION0 -1 -5.382e+03 1.992e+02 6.862e+01
s>        ( - -7.381e+00 1 0)
s>        ( QUESTION10 1 -5.176e+03 1.849e+02 6.662e+01
s>            ( - -2.787e+03 1 0)
s>            ( QUESTION2_0_L -1 -2.203e+03 1.603e+02 2.899e+01
s>                ( QUESTION11 -1 -1.901e+03 1.577e+02 2.599e+01
s>                    ( - -6.406e+02 1 0)
s>                    ( WDBNDRY_B 0 -1.102e+03 1.482e+02 1.600e+01
s>                        ( - -4.040e+02 2 0)
s>                        ( QUESTION10 -1 -5.501e+02 1.235e+02 9.000e+00
s>                            ( - -2.287e+02 1 0)
s>                            ( - -1.979e+02 3 0))))
s>                ( - -1.427e+02 1 0))))INFO: dtree.c(1315): Comp split 5
INFO: dtree.c(1439): stop. leaf nodes are specific
INFO: dtree.c(1478): Final simple tree
|( QUESTION11 -1 -1.901e+03 1.577e+02 2.599e+01
|    ( - -6.406e+02 1 0)
|    ( WDBNDRY_B 0 -1.102e+03 1.482e+02 1.600e+01
|        ( - -4.040e+02 2 0)
|        ( QUESTION10 -1 -5.501e+02 1.235e+02 9.000e+00
|            ( - -2.287e+02 1 0)
|            ( - -1.979e+02 3 0))))
s>    ( QUESTION11 -1 -1.901e+03 1.577e+02 2.599e+01
s>        ( - -6.406e+02 1 0)
s>        ( WDBNDRY_B 0 -1.102e+03 1.482e+02 1.600e+01
s>            ( - -4.040e+02 2 0)
s>            ( QUESTION10 -1 -5.501e+02 1.235e+02 9.000e+00
s>                ( - -2.287e+02 1 0)
s>                ( - -1.979e+02 3 0))))INFO: dtree.c(1439): stop. leaf nodes are specific
INFO: dtree.c(1478): Final simple tree
|( QUESTION0 -1 -3.281e+03 1.957e+02 4.263e+01
|    ( - -7.381e+00 1 0)
|    ( QUESTION10 -1 -3.078e+03 1.478e+02 4.063e+01
|        ( - -1.427e+02 1 0)
|        ( - -2.787e+03 1 0)))
s>    ( QUESTION0 -1 -3.281e+03 1.957e+02 4.263e+01
s>        ( - -7.381e+00 1 0)
s>        ( QUESTION10 -1 -3.078e+03 1.478e+02 4.063e+01
s>            ( - -1.427e+02 1 0)
s>            ( - -2.787e+03 1 0)))INFO: dtree.c(1315): Comp split 6
INFO: dtree.c(1439): stop. leaf nodes are specific
INFO: dtree.c(1478): Final simple tree
|( QUESTION10 -1 -3.078e+03 1.478e+02 4.063e+01
|    ( - -1.427e+02 1 0)
|    ( - -2.787e+03 1 0))
s>    ( QUESTION10 -1 -3.078e+03 1.478e+02 4.063e+01
s>        ( - -1.427e+02 1 0)
s>        ( - -2.787e+03 1 0))INFO: dtree.c(1315): Comp split 7
INFO: dtree.c(1439): stop. leaf nodes are specific
INFO: dtree.c(1478): Final simple tree
|( QUESTION0 -1 -6.068e+02 7.537e+01 8.471e+00
|    ( - -2.213e+02 3 0)
|    ( - -3.101e+02 5 0))
s>    ( QUESTION0 -1 -6.068e+02 7.537e+01 8.471e+00
s>        ( - -2.213e+02 3 0)
s>        ( - -3.101e+02 5 0))INFO: dtree.c(1315): Comp split 8
INFO: dtree.c(1439): stop. leaf nodes are specific
INFO: dtree.c(1478): Final simple tree
|( QUESTION11 -1 -1.508e+03 1.429e+02 2.099e+01
|    ( - -6.406e+02 1 0)
|    ( WDBNDRY_B 0 -7.246e+02 1.227e+02 1.100e+01
|        ( - -4.040e+02 2 0)
|        ( - -1.979e+02 3 0)))
s>    ( QUESTION11 -1 -1.508e+03 1.429e+02 2.099e+01
s>        ( - -6.406e+02 1 0)
s>        ( WDBNDRY_B 0 -7.246e+02 1.227e+02 1.100e+01
s>            ( - -4.040e+02 2 0)
s>            ( - -1.979e+02 3 0)))INFO: dtree.c(1315): Comp split 9
INFO: dtree.c(1315): Comp split 10
INFO: dtree.c(1439): stop. leaf nodes are specific
INFO: dtree.c(1478): Final simple tree
|( WDBNDRY_B 0 -7.246e+02 1.227e+02 1.100e+01
|    ( - -4.040e+02 2 0)
|    ( - -1.979e+02 3 0))
s>    ( WDBNDRY_B 0 -7.246e+02 1.227e+02 1.100e+01
s>        ( - -4.040e+02 2 0)
s>        ( - -1.979e+02 3 0))INFO: dtree.c(1315): Comp split 11
INFO: dtree.c(1315): Comp split 12
INFO: dtree.c(1315): Comp split 13
INFO: dtree.c(1318): stop. leaf nodes are specific
!!!!!!!!Allocated 66 lines
Fri Apr  8 23:08:43 2016
