Current configuration:
[NAME]		[DEFLT]	[VALUE]
-allphones	no	no
-cntthresh	0.00001	1.000000e-05
-csplitmax	100	2000
-csplitmin	1	1
-csplitthr	8e-4	0.000000e+00
-example	no	no
-fullvar	no	no
-help		no	no
-meanfn			
-mixwfn			/home/yaroslav/model/model_parameters/ua.cd_semi_untied/mixture_weights
-moddeffn		/home/yaroslav/model/model_architecture/ua.untied.mdef
-mwfloor	1e-4	1.000000e-08
-phone			LL
-psetfn			/home/yaroslav/model/model_architecture/ua.tree_questions
-ssplitmax	5	7
-ssplitmin	1	1
-ssplitthr	8e-4	0.000000e+00
-state			0
-stwt			1.0,0.05,0.0,
-treefn			/home/yaroslav/model/trees/ua.unpruned/LL-0.dtree
-ts2cbfn	.semi.	.semi.
-varfloor	0.00001	1.000000e-05
-varfn			

INFO: main.c(223): Reading: /home/yaroslav/model/model_architecture/ua.untied.mdef
INFO: model_def_io.c(573): Model definition info:
INFO: model_def_io.c(574): 7543 total models defined (49 base, 7494 tri)
INFO: model_def_io.c(575): 30172 total states
INFO: model_def_io.c(576): 22629 total tied states
INFO: model_def_io.c(577): 147 total tied CI states
INFO: model_def_io.c(578): 49 total tied transition matrices
INFO: model_def_io.c(579): 4 max state/model
INFO: model_def_io.c(580): 4 min state/model
INFO: main.c(242): Building trees for [LL A A i] through [LL Y U i]
INFO: main.c(269): Covering states |[9399 9572]| == 174
INFO: main.c(275): Reading: /home/yaroslav/model/model_parameters/ua.cd_semi_untied/mixture_weights
INFO: s3mixw_io.c(173): Read /home/yaroslav/model/model_parameters/ua.cd_semi_untied/mixture_weights [174x4x256 array]
INFO: main.c(311): 57 of 58 models have observation count greater than 0.000010
INFO: main.c(95): nrm stwt: 0.952 0.048 0.000 
INFO: main.c(411): 57-class entropy: 3.512340e+03
INFO: main.c(549): Reading: /home/yaroslav/model/model_architecture/ua.tree_questions
INFO: main.c(588): 176 total simple questions (168 phone; 8 word bndry)
INFO: main.c(590): 42 Left Only questions, and 42 Right Only questions
INFO: dtree.c(1478): Final simple tree
|( QUESTION0 -1 8.480e+03 7.504e+02 4.006e+02
|    ( QUESTION2 1 4.570e+03 3.846e+02 2.441e+02
|        ( - 6.421e+02 6 0 QUESTION0_12_R 1 1.176e+02 4.992e+01)
|        ( QUESTION4 1 3.543e+03 2.962e+02 1.942e+02
|            ( - 1.045e+03 12 0 QUESTION0_0_R 1 6.832e+01 6.254e+01)
|            ( QUESTION0_4_R 1 2.202e+03 1.936e+02 1.317e+02
|                ( - 1.351e+03 5 0)
|                ( - 6.575e+02 8 0 QUESTION0_1_R 1 9.167e+01 4.261e+01))))
|    ( QUESTION2_11_L -1 3.159e+03 3.327e+02 1.564e+02
|        ( QUESTION2_12_L -1 1.588e+03 2.046e+02 8.142e+01
|            ( - 9.004e+02 6 0 QUESTION0_1_R 1 1.410e+02 5.410e+01)
|            ( - 4.833e+02 11 0 QUESTION0_2_R 1 9.828e+01 2.733e+01))
|        ( QUESTION15 -1 1.238e+03 1.729e+02 7.503e+01
|            ( - 6.830e+02 3 0 QUESTION16 -1 1.159e+02 4.805e+01)
|            ( - 3.823e+02 6 0 QUESTION0_0_R 1 7.843e+01 2.698e+01))))
s>    ( QUESTION0 -1 8.480e+03 7.504e+02 4.006e+02
s>        ( QUESTION2 1 4.570e+03 3.846e+02 2.441e+02
s>            ( - 6.421e+02 6 0 QUESTION0_12_R 1 1.176e+02 4.992e+01)
s>            ( QUESTION4 1 3.543e+03 2.962e+02 1.942e+02
s>                ( - 1.045e+03 12 0 QUESTION0_0_R 1 6.832e+01 6.254e+01)
s>                ( QUESTION0_4_R 1 2.202e+03 1.936e+02 1.317e+02
s>                    ( - 1.351e+03 5 0)
s>                    ( - 6.575e+02 8 0 QUESTION0_1_R 1 9.167e+01 4.261e+01))))
s>        ( QUESTION2_11_L -1 3.159e+03 3.327e+02 1.564e+02
s>            ( QUESTION2_12_L -1 1.588e+03 2.046e+02 8.142e+01
s>                ( - 9.004e+02 6 0 QUESTION0_1_R 1 1.410e+02 5.410e+01)
s>                ( - 4.833e+02 11 0 QUESTION0_2_R 1 9.828e+01 2.733e+01))
s>            ( QUESTION15 -1 1.238e+03 1.729e+02 7.503e+01
s>                ( - 6.830e+02 3 0 QUESTION16 -1 1.159e+02 4.805e+01)
s>                ( - 3.823e+02 6 0 QUESTION0_0_R 1 7.843e+01 2.698e+01))))INFO: dtree.c(1315): Comp split 0
INFO: dtree.c(1478): Final simple tree
|( QUESTION2_11_L -1 3.159e+03 3.327e+02 1.564e+02
|    ( QUESTION2_12_L -1 1.588e+03 2.046e+02 8.142e+01
|        ( QUESTION0_1_R 1 9.004e+02 1.410e+02 5.410e+01
|            ( - 1.597e+02 1 0)
|            ( - 5.997e+02 5 0 QUESTION0_3_R 1 7.316e+01 4.009e+01))
|        ( QUESTION0_2_R 1 4.833e+02 9.828e+01 2.733e+01
|            ( - 2.040e+02 6 0 QUESTION0_3_R 1 5.400e+01 1.432e+01)
|            ( - 1.810e+02 5 0 QUESTION1 1 5.116e+01 1.300e+01)))
|    ( QUESTION15 -1 1.238e+03 1.729e+02 7.503e+01
|        ( QUESTION16 -1 6.830e+02 1.159e+02 4.805e+01
|            ( - 1.511e+02 1 0)
|            ( - 4.161e+02 2 0 QUESTION0_1_R 1 5.049e+01 3.394e+01))
|        ( QUESTION0_0_R 1 3.823e+02 7.843e+01 2.698e+01
|            ( - 1.923e+02 4 0 QUESTION6 -1 5.109e+01 1.598e+01)
|            ( - 1.115e+02 2 0 QUESTION0_12_R 1 2.959e+01 1.100e+01))))
s>    ( QUESTION2_11_L -1 3.159e+03 3.327e+02 1.564e+02
s>        ( QUESTION2_12_L -1 1.588e+03 2.046e+02 8.142e+01
s>            ( QUESTION0_1_R 1 9.004e+02 1.410e+02 5.410e+01
s>                ( - 1.597e+02 1 0)
s>                ( - 5.997e+02 5 0 QUESTION0_3_R 1 7.316e+01 4.009e+01))
s>            ( QUESTION0_2_R 1 4.833e+02 9.828e+01 2.733e+01
s>                ( - 2.040e+02 6 0 QUESTION0_3_R 1 5.400e+01 1.432e+01)
s>                ( - 1.810e+02 5 0 QUESTION1 1 5.116e+01 1.300e+01)))
s>        ( QUESTION15 -1 1.238e+03 1.729e+02 7.503e+01
s>            ( QUESTION16 -1 6.830e+02 1.159e+02 4.805e+01
s>                ( - 1.511e+02 1 0)
s>                ( - 4.161e+02 2 0 QUESTION0_1_R 1 5.049e+01 3.394e+01))
s>            ( QUESTION0_0_R 1 3.823e+02 7.843e+01 2.698e+01
s>                ( - 1.923e+02 4 0 QUESTION6 -1 5.109e+01 1.598e+01)
s>                ( - 1.115e+02 2 0 QUESTION0_12_R 1 2.959e+01 1.100e+01))))INFO: dtree.c(1478): Final simple tree
|( QUESTION2 1 4.570e+03 3.846e+02 2.441e+02
|    ( QUESTION0_12_R 1 6.421e+02 1.176e+02 4.992e+01
|        ( - 9.707e+01 4 0)
|        ( - 4.274e+02 2 0))
|    ( QUESTION4 1 3.543e+03 2.962e+02 1.942e+02
|        ( QUESTION0_0_R 1 1.045e+03 6.832e+01 6.254e+01
|            ( - 2.200e+01 1 0)
|            ( WDBNDRY_E 0 9.546e+02 3.966e+01 5.853e+01
|                ( - 7.209e+00 1 0)
|                ( - 9.078e+02 10 0)))
|        ( QUESTION0_4_R 1 2.202e+03 1.936e+02 1.317e+02
|            ( - 1.351e+03 5 0)
|            ( QUESTION0_1_R 1 6.575e+02 9.167e+01 4.261e+01
|                ( - 2.898e+02 3 0)
|                ( - 2.761e+02 5 0)))))
s>    ( QUESTION2 1 4.570e+03 3.846e+02 2.441e+02
s>        ( QUESTION0_12_R 1 6.421e+02 1.176e+02 4.992e+01
s>            ( - 9.707e+01 4 0)
s>            ( - 4.274e+02 2 0))
s>        ( QUESTION4 1 3.543e+03 2.962e+02 1.942e+02
s>            ( QUESTION0_0_R 1 1.045e+03 6.832e+01 6.254e+01
s>                ( - 2.200e+01 1 0)
s>                ( WDBNDRY_E 0 9.546e+02 3.966e+01 5.853e+01
s>                    ( - 7.209e+00 1 0)
s>                    ( - 9.078e+02 10 0)))
s>            ( QUESTION0_4_R 1 2.202e+03 1.936e+02 1.317e+02
s>                ( - 1.351e+03 5 0)
s>                ( QUESTION0_1_R 1 6.575e+02 9.167e+01 4.261e+01
s>                    ( - 2.898e+02 3 0)
s>                    ( - 2.761e+02 5 0)))))INFO: dtree.c(1315): Comp split 1
INFO: dtree.c(1439): stop. leaf nodes are specific
INFO: dtree.c(1478): Final simple tree
|( QUESTION0_4_R 1 3.379e+03 2.817e+02 1.882e+02
|    ( - 1.351e+03 5 0)
|    ( QUESTION0_0_R 1 1.746e+03 1.809e+02 9.913e+01
|        ( QUESTION0_1_R 1 6.575e+02 9.167e+01 4.261e+01
|            ( - 2.898e+02 3 0)
|            ( - 2.761e+02 5 0))
|        ( - 9.078e+02 10 0)))
s>    ( QUESTION0_4_R 1 3.379e+03 2.817e+02 1.882e+02
s>        ( - 1.351e+03 5 0)
s>        ( QUESTION0_0_R 1 1.746e+03 1.809e+02 9.913e+01
s>            ( QUESTION0_1_R 1 6.575e+02 9.167e+01 4.261e+01
s>                ( - 2.898e+02 3 0)
s>                ( - 2.761e+02 5 0))
s>            ( - 9.078e+02 10 0)))INFO: dtree.c(1439): stop. leaf nodes are specific
INFO: dtree.c(1478): Final simple tree
|( QUESTION0_13_R 1 7.770e+02 1.577e+02 5.594e+01
|    ( - 4.274e+02 2 0)
|    ( QUESTION2 1 1.919e+02 4.356e+01 1.595e+01
|        ( - 9.707e+01 4 0)
|        ( WDBNDRY_E 0 5.127e+01 2.206e+01 6.011e+00
|            ( - 7.209e+00 1 0)
|            ( - 2.200e+01 1 0))))
s>    ( QUESTION0_13_R 1 7.770e+02 1.577e+02 5.594e+01
s>        ( - 4.274e+02 2 0)
s>        ( QUESTION2 1 1.919e+02 4.356e+01 1.595e+01
s>            ( - 9.707e+01 4 0)
s>            ( WDBNDRY_E 0 5.127e+01 2.206e+01 6.011e+00
s>                ( - 7.209e+00 1 0)
s>                ( - 2.200e+01 1 0))))INFO: dtree.c(1315): Comp split 2
INFO: dtree.c(1478): Final simple tree
|( QUESTION2_12_L -1 1.508e+03 2.082e+02 7.842e+01
|    ( QUESTION0_3_R 1 5.997e+02 7.316e+01 4.009e+01
|        ( - 4.323e+02 4 0)
|        ( - 9.422e+01 1 0))
|    ( QUESTION0 1 7.004e+02 1.249e+02 3.832e+01
|        ( QUESTION0_4_R 1 2.854e+02 7.297e+01 1.833e+01
|            ( - 9.632e+01 4 0 QUESTION2_14_L -1 3.020e+01 9.000e+00)
|            ( QUESTION2_14_L -1 1.161e+02 3.477e+01 9.326e+00
|                ( - 4.432e+01 2 0 QUESTION0_1_R 1 1.455e+01 5.002e+00)
|                ( - 3.701e+01 1 0)))
|        ( QUESTION2 -1 2.901e+02 7.258e+01 2.000e+01
|            ( QUESTION3 1 1.060e+02 3.285e+01 9.000e+00
|                ( - 4.476e+01 2 0 WDBNDRY_E 0 1.650e+01 5.000e+00)
|                ( - 2.836e+01 2 0 SILENCE 1 1.305e+01 4.000e+00))
|            ( - 1.115e+02 2 0 QUESTION0_12_R 1 2.959e+01 1.100e+01))))
s>    ( QUESTION2_12_L -1 1.508e+03 2.082e+02 7.842e+01
s>        ( QUESTION0_3_R 1 5.997e+02 7.316e+01 4.009e+01
s>            ( - 4.323e+02 4 0)
s>            ( - 9.422e+01 1 0))
s>        ( QUESTION0 1 7.004e+02 1.249e+02 3.832e+01
s>            ( QUESTION0_4_R 1 2.854e+02 7.297e+01 1.833e+01
s>                ( - 9.632e+01 4 0 QUESTION2_14_L -1 3.020e+01 9.000e+00)
s>                ( QUESTION2_14_L -1 1.161e+02 3.477e+01 9.326e+00
s>                    ( - 4.432e+01 2 0 QUESTION0_1_R 1 1.455e+01 5.002e+00)
s>                    ( - 3.701e+01 1 0)))
s>            ( QUESTION2 -1 2.901e+02 7.258e+01 2.000e+01
s>                ( QUESTION3 1 1.060e+02 3.285e+01 9.000e+00
s>                    ( - 4.476e+01 2 0 WDBNDRY_E 0 1.650e+01 5.000e+00)
s>                    ( - 2.836e+01 2 0 SILENCE 1 1.305e+01 4.000e+00))
s>                ( - 1.115e+02 2 0 QUESTION0_12_R 1 2.959e+01 1.100e+01))))INFO: dtree.c(1478): Final simple tree
|( QUESTION17 -1 1.302e+03 1.724e+02 7.803e+01
|    ( QUESTION0_1_R 1 4.161e+02 5.049e+01 3.394e+01
|        ( - 3.204e+01 1 0)
|        ( - 3.335e+02 1 0))
|    ( QUESTION2_0_L -1 7.131e+02 1.270e+02 4.409e+01
|        ( QUESTION6 -1 2.971e+02 6.947e+01 2.309e+01
|            ( QUESTION0_3_R 1 7.654e+01 2.004e+01 8.981e+00
|                ( - 1.843e+01 1 0)
|                ( - 3.806e+01 1 0))
|            ( - 1.511e+02 1 0))
|        ( QUESTION0_1_R 1 2.890e+02 6.460e+01 2.100e+01
|            ( - 1.597e+02 1 0)
|            ( QUESTION4 -1 6.466e+01 2.039e+01 7.000e+00
|                ( - 2.880e+01 1 0)
|                ( - 1.547e+01 1 0)))))
s>    ( QUESTION17 -1 1.302e+03 1.724e+02 7.803e+01
s>        ( QUESTION0_1_R 1 4.161e+02 5.049e+01 3.394e+01
s>            ( - 3.204e+01 1 0)
s>            ( - 3.335e+02 1 0))
s>        ( QUESTION2_0_L -1 7.131e+02 1.270e+02 4.409e+01
s>            ( QUESTION6 -1 2.971e+02 6.947e+01 2.309e+01
s>                ( QUESTION0_3_R 1 7.654e+01 2.004e+01 8.981e+00
s>                    ( - 1.843e+01 1 0)
s>                    ( - 3.806e+01 1 0))
s>                ( - 1.511e+02 1 0))
s>            ( QUESTION0_1_R 1 2.890e+02 6.460e+01 2.100e+01
s>                ( - 1.597e+02 1 0)
s>                ( QUESTION4 -1 6.466e+01 2.039e+01 7.000e+00
s>                    ( - 2.880e+01 1 0)
s>                    ( - 1.547e+01 1 0)))))INFO: dtree.c(1315): Comp split 3
INFO: dtree.c(1439): stop. leaf nodes are specific
INFO: dtree.c(1478): Final simple tree
|( QUESTION0_0_R 1 1.318e+03 1.342e+02 7.740e+01
|    ( - 2.761e+02 5 0)
|    ( - 9.078e+02 10 0))
s>    ( QUESTION0_0_R 1 1.318e+03 1.342e+02 7.740e+01
s>        ( - 2.761e+02 5 0)
s>        ( - 9.078e+02 10 0))INFO: dtree.c(1439): stop. leaf nodes are specific
INFO: dtree.c(1478): Final simple tree
|( QUESTION0_1_R 1 1.778e+03 1.369e+02 1.108e+02
|    ( - 2.898e+02 3 0)
|    ( - 1.351e+03 5 0))
s>    ( QUESTION0_1_R 1 1.778e+03 1.369e+02 1.108e+02
s>        ( - 2.898e+02 3 0)
s>        ( - 1.351e+03 5 0))INFO: dtree.c(1315): Comp split 4
INFO: dtree.c(1439): stop. leaf nodes are specific
INFO: dtree.c(1478): Final simple tree
|( QUESTION0_3_R 1 7.126e+02 8.974e+01 4.510e+01
|    ( QUESTION2_12_L -1 4.569e+02 2.263e+01 3.011e+01
|        ( - 4.323e+02 4 0)
|        ( - 1.959e+00 1 0))
|    ( QUESTION0_1_R 1 1.660e+02 4.401e+01 1.498e+01
|        ( - 2.781e+01 1 0)
|        ( - 9.422e+01 1 0)))
s>    ( QUESTION0_3_R 1 7.126e+02 8.974e+01 4.510e+01
s>        ( QUESTION2_12_L -1 4.569e+02 2.263e+01 3.011e+01
s>            ( - 4.323e+02 4 0)
s>            ( - 1.959e+00 1 0))
s>        ( QUESTION0_1_R 1 1.660e+02 4.401e+01 1.498e+01
s>            ( - 2.781e+01 1 0)
s>            ( - 9.422e+01 1 0)))INFO: dtree.c(1478): Final simple tree
|( QUESTION1 1 5.818e+02 1.146e+02 3.332e+01
|    ( QUESTION2 -1 2.297e+02 5.872e+01 1.700e+01
|        ( WDBNDRY_E 0 5.946e+01 1.935e+01 6.000e+00
|            ( - 1.984e+01 2 0 QUESTION0_12_R 1 1.088e+01 3.000e+00)
|            ( - 2.027e+01 1 0))
|        ( QUESTION0_12_R 1 1.115e+02 2.959e+01 1.100e+01
|            ( - 1.161e+01 1 0)
|            ( - 7.036e+01 1 0)))
|    ( QUESTION0_4_R 1 2.375e+02 6.118e+01 1.632e+01
|        ( QUESTION2_14_L -1 9.632e+01 3.020e+01 9.000e+00
|            ( - 3.063e+01 3 0 WDBNDRY_E 0 1.436e+01 5.000e+00)
|            ( - 3.548e+01 1 0))
|        ( WDBNDRY_E 0 7.999e+01 2.863e+01 7.324e+00
|            ( - 1.434e+01 1 0)
|            ( - 3.701e+01 1 0))))
s>    ( QUESTION1 1 5.818e+02 1.146e+02 3.332e+01
s>        ( QUESTION2 -1 2.297e+02 5.872e+01 1.700e+01
s>            ( WDBNDRY_E 0 5.946e+01 1.935e+01 6.000e+00
s>                ( - 1.984e+01 2 0 QUESTION0_12_R 1 1.088e+01 3.000e+00)
s>                ( - 2.027e+01 1 0))
s>            ( QUESTION0_12_R 1 1.115e+02 2.959e+01 1.100e+01
s>                ( - 1.161e+01 1 0)
s>                ( - 7.036e+01 1 0)))
s>        ( QUESTION0_4_R 1 2.375e+02 6.118e+01 1.632e+01
s>            ( QUESTION2_14_L -1 9.632e+01 3.020e+01 9.000e+00
s>                ( - 3.063e+01 3 0 WDBNDRY_E 0 1.436e+01 5.000e+00)
s>                ( - 3.548e+01 1 0))
s>            ( WDBNDRY_E 0 7.999e+01 2.863e+01 7.324e+00
s>                ( - 1.434e+01 1 0)
s>                ( - 3.701e+01 1 0))))INFO: dtree.c(1315): Comp split 5
INFO: dtree.c(1439): stop. leaf nodes are specific
INFO: dtree.c(1478): Final simple tree
|( QUESTION15 -1 6.285e+02 1.027e+02 4.592e+01
|    ( - 3.335e+02 1 0)
|    ( QUESTION6 -1 1.923e+02 5.109e+01 1.598e+01
|        ( QUESTION0_3_R 1 7.654e+01 2.004e+01 8.981e+00
|            ( - 1.843e+01 1 0)
|            ( - 3.806e+01 1 0))
|        ( QUESTION4 -1 6.466e+01 2.039e+01 7.000e+00
|            ( - 2.880e+01 1 0)
|            ( - 1.547e+01 1 0))))
s>    ( QUESTION15 -1 6.285e+02 1.027e+02 4.592e+01
s>        ( - 3.335e+02 1 0)
s>        ( QUESTION6 -1 1.923e+02 5.109e+01 1.598e+01
s>            ( QUESTION0_3_R 1 7.654e+01 2.004e+01 8.981e+00
s>                ( - 1.843e+01 1 0)
s>                ( - 3.806e+01 1 0))
s>            ( QUESTION4 -1 6.466e+01 2.039e+01 7.000e+00
s>                ( - 2.880e+01 1 0)
s>                ( - 1.547e+01 1 0))))INFO: dtree.c(1439): stop. leaf nodes are specific
INFO: dtree.c(1478): Final simple tree
|( QUESTION2 -1 4.909e+02 1.045e+02 3.211e+01
|    ( - 1.597e+02 1 0)
|    ( QUESTION0_1_R 1 2.266e+02 4.349e+01 1.811e+01
|        ( - 3.204e+01 1 0)
|        ( - 1.511e+02 1 0)))
s>    ( QUESTION2 -1 4.909e+02 1.045e+02 3.211e+01
s>        ( - 1.597e+02 1 0)
s>        ( QUESTION0_1_R 1 2.266e+02 4.349e+01 1.811e+01
s>            ( - 3.204e+01 1 0)
s>            ( - 1.511e+02 1 0)))INFO: dtree.c(1315): Comp split 6
INFO: dtree.c(1439): stop. leaf nodes are specific
INFO: dtree.c(1478): Final simple tree
|( QUESTION2 1 1.919e+02 4.356e+01 1.595e+01
|    ( - 9.707e+01 4 0)
|    ( WDBNDRY_E 0 5.127e+01 2.206e+01 6.011e+00
|        ( - 7.209e+00 1 0)
|        ( - 2.200e+01 1 0)))
s>    ( QUESTION2 1 1.919e+02 4.356e+01 1.595e+01
s>        ( - 9.707e+01 4 0)
s>        ( WDBNDRY_E 0 5.127e+01 2.206e+01 6.011e+00
s>            ( - 7.209e+00 1 0)
s>            ( - 2.200e+01 1 0)))INFO: dtree.c(1315): Comp split 7
INFO: dtree.c(1315): Comp split 8
INFO: dtree.c(1315): Comp split 9
INFO: dtree.c(1439): stop. leaf nodes are specific
INFO: dtree.c(1478): Final simple tree
|( QUESTION0_13_R 1 1.897e+02 5.246e+01 1.600e+01
|    ( - 7.036e+01 1 0)
|    ( QUESTION0_0_R 1 6.689e+01 2.465e+01 8.000e+00
|        ( WDBNDRY_E 0 3.063e+01 1.436e+01 5.000e+00
|            ( - 1.899e-01 1 0)
|            ( QUESTION2 -1 1.608e+01 5.964e+00 4.000e+00
|                ( - 1.530e+00 1 0)
|                ( - 8.586e+00 1 0)))
|        ( - 1.161e+01 1 0)))
s>    ( QUESTION0_13_R 1 1.897e+02 5.246e+01 1.600e+01
s>        ( - 7.036e+01 1 0)
s>        ( QUESTION0_0_R 1 6.689e+01 2.465e+01 8.000e+00
s>            ( WDBNDRY_E 0 3.063e+01 1.436e+01 5.000e+00
s>                ( - 1.899e-01 1 0)
s>                ( QUESTION2 -1 1.608e+01 5.964e+00 4.000e+00
s>                    ( - 1.530e+00 1 0)
s>                    ( - 8.586e+00 1 0)))
s>            ( - 1.161e+01 1 0)))INFO: dtree.c(1439): stop. leaf nodes are specific
INFO: dtree.c(1478): Final simple tree
|( QUESTION0_2_R 1 2.731e+02 6.158e+01 1.732e+01
|    ( QUESTION0_3_R 1 1.056e+02 3.306e+01 8.324e+00
|        ( - 3.701e+01 1 0)
|        ( - 3.548e+01 1 0))
|    ( QUESTION3 1 1.060e+02 3.285e+01 9.000e+00
|        ( WDBNDRY_E 0 4.476e+01 1.650e+01 5.000e+00
|            ( - 7.996e+00 1 0)
|            ( - 2.027e+01 1 0))
|        ( SILENCE 1 2.836e+01 1.305e+01 4.000e+00
|            ( - 1.434e+01 1 0)
|            ( - 9.720e-01 1 0))))
s>    ( QUESTION0_2_R 1 2.731e+02 6.158e+01 1.732e+01
s>        ( QUESTION0_3_R 1 1.056e+02 3.306e+01 8.324e+00
s>            ( - 3.701e+01 1 0)
s>            ( - 3.548e+01 1 0))
s>        ( QUESTION3 1 1.060e+02 3.285e+01 9.000e+00
s>            ( WDBNDRY_E 0 4.476e+01 1.650e+01 5.000e+00
s>                ( - 7.996e+00 1 0)
s>                ( - 2.027e+01 1 0))
s>            ( SILENCE 1 2.836e+01 1.305e+01 4.000e+00
s>                ( - 1.434e+01 1 0)
s>                ( - 9.720e-01 1 0))))INFO: dtree.c(1315): Comp split 10
INFO: dtree.c(1439): stop. leaf nodes are specific
INFO: dtree.c(1478): Final simple tree
|( QUESTION0_1_R 1 2.266e+02 4.349e+01 1.811e+01
|    ( - 3.204e+01 1 0)
|    ( - 1.511e+02 1 0))
s>    ( QUESTION0_1_R 1 2.266e+02 4.349e+01 1.811e+01
s>        ( - 3.204e+01 1 0)
s>        ( - 1.511e+02 1 0))INFO: dtree.c(1315): Comp split 11
INFO: dtree.c(1439): stop. leaf nodes are specific
INFO: dtree.c(1478): Final simple tree
|( QUESTION6 -1 1.923e+02 5.109e+01 1.598e+01
|    ( QUESTION0_3_R 1 7.654e+01 2.004e+01 8.981e+00
|        ( - 1.843e+01 1 0)
|        ( - 3.806e+01 1 0))
|    ( QUESTION4 -1 6.466e+01 2.039e+01 7.000e+00
|        ( - 2.880e+01 1 0)
|        ( - 1.547e+01 1 0)))
s>    ( QUESTION6 -1 1.923e+02 5.109e+01 1.598e+01
s>        ( QUESTION0_3_R 1 7.654e+01 2.004e+01 8.981e+00
s>            ( - 1.843e+01 1 0)
s>            ( - 3.806e+01 1 0))
s>        ( QUESTION4 -1 6.466e+01 2.039e+01 7.000e+00
s>            ( - 2.880e+01 1 0)
s>            ( - 1.547e+01 1 0)))INFO: dtree.c(1315): Comp split 12
INFO: dtree.c(1439): stop. leaf nodes are specific
INFO: dtree.c(1478): Final simple tree
|( QUESTION0_4_R 1 1.894e+02 5.089e+01 1.598e+01
|    ( - 9.422e+01 1 0)
|    ( QUESTION0_1_R 1 4.432e+01 1.455e+01 5.002e+00
|        ( - 2.781e+01 1 0)
|        ( - 1.959e+00 1 0)))
s>    ( QUESTION0_4_R 1 1.894e+02 5.089e+01 1.598e+01
s>        ( - 9.422e+01 1 0)
s>        ( QUESTION0_1_R 1 4.432e+01 1.455e+01 5.002e+00
s>            ( - 2.781e+01 1 0)
s>            ( - 1.959e+00 1 0)))INFO: dtree.c(1315): Comp split 13
INFO: dtree.c(1439): stop. leaf nodes are specific
INFO: dtree.c(1478): Final simple tree
|( WDBNDRY_E 0 7.489e+01 2.506e+01 7.000e+00
|    ( - 1.434e+01 1 0)
|    ( - 3.548e+01 1 0))
s>    ( WDBNDRY_E 0 7.489e+01 2.506e+01 7.000e+00
s>        ( - 1.434e+01 1 0)
s>        ( - 3.548e+01 1 0))INFO: dtree.c(1439): stop. leaf nodes are specific
INFO: dtree.c(1478): Final simple tree
|( QUESTION0_2_R 1 1.332e+02 3.677e+01 1.032e+01
|    ( - 3.701e+01 1 0)
|    ( WDBNDRY_E 0 5.946e+01 1.935e+01 6.000e+00
|        ( QUESTION0_12_R 1 1.984e+01 1.088e+01 3.000e+00
|            ( - 7.996e+00 1 0)
|            ( - 9.720e-01 1 0))
|        ( - 2.027e+01 1 0)))
s>    ( QUESTION0_2_R 1 1.332e+02 3.677e+01 1.032e+01
s>        ( - 3.701e+01 1 0)
s>        ( WDBNDRY_E 0 5.946e+01 1.935e+01 6.000e+00
s>            ( QUESTION0_12_R 1 1.984e+01 1.088e+01 3.000e+00
s>                ( - 7.996e+00 1 0)
s>                ( - 9.720e-01 1 0))
s>            ( - 2.027e+01 1 0)))INFO: dtree.c(1315): Comp split 14
INFO: dtree.c(1439): stop. leaf nodes are specific
INFO: dtree.c(1478): Final simple tree
|( QUESTION0_0_R 1 4.948e+01 2.179e+01 7.000e+00
|    ( QUESTION2 -1 1.608e+01 5.964e+00 4.000e+00
|        ( - 1.530e+00 1 0)
|        ( - 8.586e+00 1 0))
|    ( - 1.161e+01 1 0))
s>    ( QUESTION0_0_R 1 4.948e+01 2.179e+01 7.000e+00
s>        ( QUESTION2 -1 1.608e+01 5.964e+00 4.000e+00
s>            ( - 1.530e+00 1 0)
s>            ( - 8.586e+00 1 0))
s>        ( - 1.161e+01 1 0))INFO: dtree.c(1439): stop. leaf nodes are specific
INFO: dtree.c(1478): Final simple tree
|( WDBNDRY_E 0 8.678e+01 1.623e+01 8.997e+00
|    ( - 1.899e-01 1 0)
|    ( - 7.036e+01 1 0))
s>    ( WDBNDRY_E 0 8.678e+01 1.623e+01 8.997e+00
s>        ( - 1.899e-01 1 0)
s>        ( - 7.036e+01 1 0))INFO: dtree.c(1315): Comp split 15
INFO: dtree.c(1439): stop. leaf nodes are specific
INFO: dtree.c(1478): Final simple tree
|( QUESTION4 -1 6.466e+01 2.039e+01 7.000e+00
|    ( - 2.880e+01 1 0)
|    ( - 1.547e+01 1 0))
s>    ( QUESTION4 -1 6.466e+01 2.039e+01 7.000e+00
s>        ( - 2.880e+01 1 0)
s>        ( - 1.547e+01 1 0))INFO: dtree.c(1439): stop. leaf nodes are specific
INFO: dtree.c(1478): Final simple tree
|( QUESTION0_3_R 1 7.654e+01 2.004e+01 8.981e+00
|    ( - 1.843e+01 1 0)
|    ( - 3.806e+01 1 0))
s>    ( QUESTION0_3_R 1 7.654e+01 2.004e+01 8.981e+00
s>        ( - 1.843e+01 1 0)
s>        ( - 3.806e+01 1 0))INFO: dtree.c(1315): Comp split 16
INFO: dtree.c(1439): stop. leaf nodes are specific
INFO: dtree.c(1478): Final simple tree
|( QUESTION0_1_R 1 4.432e+01 1.455e+01 5.002e+00
|    ( - 2.781e+01 1 0)
|    ( - 1.959e+00 1 0))
s>    ( QUESTION0_1_R 1 4.432e+01 1.455e+01 5.002e+00
s>        ( - 2.781e+01 1 0)
s>        ( - 1.959e+00 1 0))INFO: dtree.c(1315): Comp split 17
INFO: dtree.c(1439): stop. leaf nodes are specific
INFO: dtree.c(1478): Final simple tree
|( WDBNDRY_E 0 5.127e+01 2.206e+01 6.011e+00
|    ( - 7.209e+00 1 0)
|    ( - 2.200e+01 1 0))
s>    ( WDBNDRY_E 0 5.127e+01 2.206e+01 6.011e+00
s>        ( - 7.209e+00 1 0)
s>        ( - 2.200e+01 1 0))INFO: dtree.c(1315): Comp split 18
INFO: dtree.c(1315): Comp split 19
INFO: dtree.c(1439): stop. leaf nodes are specific
INFO: dtree.c(1478): Final simple tree
|( WDBNDRY_E 0 5.946e+01 1.935e+01 6.000e+00
|    ( QUESTION0_12_R 1 1.984e+01 1.088e+01 3.000e+00
|        ( - 7.996e+00 1 0)
|        ( - 9.720e-01 1 0))
|    ( - 2.027e+01 1 0))
s>    ( WDBNDRY_E 0 5.946e+01 1.935e+01 6.000e+00
s>        ( QUESTION0_12_R 1 1.984e+01 1.088e+01 3.000e+00
s>            ( - 7.996e+00 1 0)
s>            ( - 9.720e-01 1 0))
s>        ( - 2.027e+01 1 0))INFO: dtree.c(1315): Comp split 20
INFO: dtree.c(1315): Comp split 21
INFO: dtree.c(1315): Comp split 22
INFO: dtree.c(1439): stop. leaf nodes are specific
INFO: dtree.c(1478): Final simple tree
|( QUESTION2 -1 1.608e+01 5.964e+00 4.000e+00
|    ( - 1.530e+00 1 0)
|    ( - 8.586e+00 1 0))
s>    ( QUESTION2 -1 1.608e+01 5.964e+00 4.000e+00
s>        ( - 1.530e+00 1 0)
s>        ( - 8.586e+00 1 0))INFO: dtree.c(1315): Comp split 23
INFO: dtree.c(1315): Comp split 24
INFO: dtree.c(1315): Comp split 25
INFO: dtree.c(1439): stop. leaf nodes are specific
INFO: dtree.c(1478): Final simple tree
|( QUESTION0_12_R 1 1.984e+01 1.088e+01 3.000e+00
|    ( - 7.996e+00 1 0)
|    ( - 9.720e-01 1 0))
s>    ( QUESTION0_12_R 1 1.984e+01 1.088e+01 3.000e+00
s>        ( - 7.996e+00 1 0)
s>        ( - 9.720e-01 1 0))INFO: dtree.c(1315): Comp split 26
INFO: dtree.c(1315): Comp split 27
INFO: dtree.c(1315): Comp split 28
INFO: dtree.c(1315): Comp split 29
INFO: dtree.c(1315): Comp split 30
INFO: dtree.c(1318): stop. leaf nodes are specific
!!!!!!!!Allocated 67 lines
Thu Apr  7 00:30:05 2016
