Current configuration:
[NAME]		[DEFLT]	[VALUE]
-allphones	no	no
-cntthresh	0.00001	1.000000e-05
-csplitmax	100	2000
-csplitmin	1	1
-csplitthr	8e-4	0.000000e+00
-example	no	no
-fullvar	no	no
-help		no	no
-meanfn			/home/yaroslav/model/model_parameters/ua.cd_cont_untied/means
-mixwfn			/home/yaroslav/model/model_parameters/ua.cd_cont_untied/mixture_weights
-moddeffn		/home/yaroslav/model/model_architecture/ua.untied.mdef
-mwfloor	1e-4	1.000000e-08
-phone			ZHH
-psetfn			/home/yaroslav/model/model_architecture/ua.tree_questions
-ssplitmax	5	7
-ssplitmin	1	1
-ssplitthr	8e-4	0.000000e+00
-state			2
-stwt			1.0,0.05,0.0,
-treefn			/home/yaroslav/model/trees/ua.unpruned/ZHH-2.dtree
-ts2cbfn	.semi.	.cont.
-varfloor	0.00001	1.000000e-05
-varfn			/home/yaroslav/model/model_parameters/ua.cd_cont_untied/variances

INFO: main.c(223): Reading: /home/yaroslav/model/model_architecture/ua.untied.mdef
INFO: model_def_io.c(573): Model definition info:
INFO: model_def_io.c(574): 9365 total models defined (51 base, 9314 tri)
INFO: model_def_io.c(575): 37460 total states
INFO: model_def_io.c(576): 28095 total tied states
INFO: model_def_io.c(577): 153 total tied CI states
INFO: model_def_io.c(578): 51 total tied transition matrices
INFO: model_def_io.c(579): 4 max state/model
INFO: model_def_io.c(580): 4 min state/model
INFO: main.c(242): Building trees for [ZHH A І b] through [ZHH YE І b]
INFO: main.c(269): Covering states |[26598 26618]| == 21
INFO: main.c(275): Reading: /home/yaroslav/model/model_parameters/ua.cd_cont_untied/mixture_weights
INFO: s3mixw_io.c(173): Read /home/yaroslav/model/model_parameters/ua.cd_cont_untied/mixture_weights [21x1x1 array]
INFO: main.c(311): 7 of 7 models have observation count greater than 0.000010
INFO: main.c(95): nrm stwt: 0.000 0.048 0.952 
INFO: s3gau_io.c(169): Read /home/yaroslav/model/model_parameters/ua.cd_cont_untied/means [28095x1x1 array]
INFO: s3gau_io.c(169): Read /home/yaroslav/model/model_parameters/ua.cd_cont_untied/variances [28095x1x1 array]
INFO: main.c(549): Reading: /home/yaroslav/model/model_architecture/ua.tree_questions
INFO: main.c(588): 180 total simple questions (172 phone; 8 word bndry)
INFO: main.c(590): 42 Left Only questions, and 42 Right Only questions
INFO: dtree.c(1439): stop. leaf nodes are specific
INFO: dtree.c(1478): Final simple tree
|( WDBNDRY_B 0 -2.081e+04 2.370e+02 1.080e+02
|    ( QUESTION2_12_L -1 -6.807e+03 1.384e+02 3.500e+01
|        ( - -5.176e+02 1 0)
|        ( SILENCE -1 -6.151e+03 1.317e+02 3.200e+01
|            ( - -1.247e+03 1 0)
|            ( QUESTION0 -1 -4.772e+03 1.283e+02 2.500e+01
|                ( - -3.566e+03 2 0)
|                ( - -1.078e+03 1 0))))
|    ( QUESTION2_12_L -1 -1.377e+04 1.688e+02 7.304e+01
|        ( - -4.198e+02 1 0)
|        ( - -1.318e+04 1 0)))
s>    ( WDBNDRY_B 0 -2.081e+04 2.370e+02 1.080e+02
s>        ( QUESTION2_12_L -1 -6.807e+03 1.384e+02 3.500e+01
s>            ( - -5.176e+02 1 0)
s>            ( SILENCE -1 -6.151e+03 1.317e+02 3.200e+01
s>                ( - -1.247e+03 1 0)
s>                ( QUESTION0 -1 -4.772e+03 1.283e+02 2.500e+01
s>                    ( - -3.566e+03 2 0)
s>                    ( - -1.078e+03 1 0))))
s>        ( QUESTION2_12_L -1 -1.377e+04 1.688e+02 7.304e+01
s>            ( - -4.198e+02 1 0)
s>            ( - -1.318e+04 1 0)))INFO: dtree.c(1315): Comp split 0
INFO: dtree.c(1439): stop. leaf nodes are specific
INFO: dtree.c(1478): Final simple tree
|( QUESTION2_12_L -1 -1.377e+04 1.688e+02 7.304e+01
|    ( - -4.198e+02 1 0)
|    ( - -1.318e+04 1 0))
s>    ( QUESTION2_12_L -1 -1.377e+04 1.688e+02 7.304e+01
s>        ( - -4.198e+02 1 0)
s>        ( - -1.318e+04 1 0))INFO: dtree.c(1439): stop. leaf nodes are specific
INFO: dtree.c(1478): Final simple tree
|( QUESTION2_12_L -1 -6.807e+03 1.384e+02 3.500e+01
|    ( - -5.176e+02 1 0)
|    ( SILENCE -1 -6.151e+03 1.317e+02 3.200e+01
|        ( - -1.247e+03 1 0)
|        ( QUESTION0 -1 -4.772e+03 1.283e+02 2.500e+01
|            ( - -3.566e+03 2 0)
|            ( - -1.078e+03 1 0))))
s>    ( QUESTION2_12_L -1 -6.807e+03 1.384e+02 3.500e+01
s>        ( - -5.176e+02 1 0)
s>        ( SILENCE -1 -6.151e+03 1.317e+02 3.200e+01
s>            ( - -1.247e+03 1 0)
s>            ( QUESTION0 -1 -4.772e+03 1.283e+02 2.500e+01
s>                ( - -3.566e+03 2 0)
s>                ( - -1.078e+03 1 0))))INFO: dtree.c(1315): Comp split 1
INFO: dtree.c(1315): Comp split 2
INFO: dtree.c(1439): stop. leaf nodes are specific
INFO: dtree.c(1478): Final simple tree
|( SILENCE -1 -6.151e+03 1.317e+02 3.200e+01
|    ( - -1.247e+03 1 0)
|    ( QUESTION0 -1 -4.772e+03 1.283e+02 2.500e+01
|        ( - -3.566e+03 2 0)
|        ( - -1.078e+03 1 0)))
s>    ( SILENCE -1 -6.151e+03 1.317e+02 3.200e+01
s>        ( - -1.247e+03 1 0)
s>        ( QUESTION0 -1 -4.772e+03 1.283e+02 2.500e+01
s>            ( - -3.566e+03 2 0)
s>            ( - -1.078e+03 1 0)))INFO: dtree.c(1315): Comp split 3
INFO: dtree.c(1439): stop. leaf nodes are specific
INFO: dtree.c(1478): Final simple tree
|( QUESTION0 -1 -4.772e+03 1.283e+02 2.500e+01
|    ( - -3.566e+03 2 0)
|    ( - -1.078e+03 1 0))
s>    ( QUESTION0 -1 -4.772e+03 1.283e+02 2.500e+01
s>        ( - -3.566e+03 2 0)
s>        ( - -1.078e+03 1 0))INFO: dtree.c(1315): Comp split 4
INFO: dtree.c(1315): Comp split 5
INFO: dtree.c(1318): stop. leaf nodes are specific
!!!!!!!!Allocated 68 lines
Fri Apr  8 18:33:29 2016
