Current configuration:
[NAME]		[DEFLT]	[VALUE]
-allphones	no	no
-cntthresh	0.00001	1.000000e-05
-csplitmax	100	2000
-csplitmin	1	1
-csplitthr	8e-4	0.000000e+00
-example	no	no
-fullvar	no	no
-help		no	no
-meanfn			/home/yaroslav/model/model_parameters/ua.cd_cont_untied/means
-mixwfn			/home/yaroslav/model/model_parameters/ua.cd_cont_untied/mixture_weights
-moddeffn		/home/yaroslav/model/model_architecture/ua.untied.mdef
-mwfloor	1e-4	1.000000e-08
-phone			B
-psetfn			/home/yaroslav/model/model_architecture/ua.tree_questions
-ssplitmax	5	7
-ssplitmin	1	1
-ssplitthr	8e-4	0.000000e+00
-state			2
-stwt			1.0,0.05,0.0,
-treefn			/home/yaroslav/model/trees/ua.unpruned/B-2.dtree
-ts2cbfn	.semi.	.cont.
-varfloor	0.00001	1.000000e-05
-varfn			/home/yaroslav/model/model_parameters/ua.cd_cont_untied/variances

INFO: main.c(223): Reading: /home/yaroslav/model/model_architecture/ua.untied.mdef
INFO: model_def_io.c(573): Model definition info:
INFO: model_def_io.c(574): 9365 total models defined (51 base, 9314 tri)
INFO: model_def_io.c(575): 37460 total states
INFO: model_def_io.c(576): 28095 total tied states
INFO: model_def_io.c(577): 153 total tied CI states
INFO: model_def_io.c(578): 51 total tied transition matrices
INFO: model_def_io.c(579): 4 max state/model
INFO: model_def_io.c(580): 4 min state/model
INFO: main.c(242): Building trees for [B A A b] through [B І Y i]
INFO: main.c(269): Covering states |[2703 3212]| == 510
INFO: main.c(275): Reading: /home/yaroslav/model/model_parameters/ua.cd_cont_untied/mixture_weights
INFO: s3mixw_io.c(173): Read /home/yaroslav/model/model_parameters/ua.cd_cont_untied/mixture_weights [510x1x1 array]
INFO: main.c(311): 170 of 170 models have observation count greater than 0.000010
INFO: main.c(95): nrm stwt: 0.000 0.048 0.952 
INFO: s3gau_io.c(169): Read /home/yaroslav/model/model_parameters/ua.cd_cont_untied/means [28095x1x1 array]
INFO: s3gau_io.c(169): Read /home/yaroslav/model/model_parameters/ua.cd_cont_untied/variances [28095x1x1 array]
INFO: main.c(549): Reading: /home/yaroslav/model/model_architecture/ua.tree_questions
INFO: main.c(588): 180 total simple questions (172 phone; 8 word bndry)
INFO: main.c(590): 42 Left Only questions, and 42 Right Only questions
INFO: dtree.c(1478): Final simple tree
|( QUESTION0 1 -3.612e+05 1.145e+03 1.694e+03
|    ( QUESTION2_12_L -1 -2.978e+05 5.396e+02 1.399e+03
|        ( - -1.392e+05 42 0 WDBNDRY_I 0 2.222e+02 6.552e+02)
|        ( - -1.581e+05 75 0 QUESTION18 -1 3.269e+02 7.437e+02))
|    ( QUESTION8 1 -6.230e+04 4.593e+02 2.952e+02
|        ( WDBNDRY_S 0 -2.708e+04 4.618e+02 1.301e+02
|            ( - 2.414e+02 1 0)
|            ( - -2.686e+04 17 0 QUESTION2_12_L -1 2.365e+02 1.291e+02))
|        ( QUESTION2_0_L -1 -3.476e+04 4.485e+02 1.651e+02
|            ( - 2.409e+02 1 0)
|            ( QUESTION0_8_R 1 -3.455e+04 3.606e+02 1.641e+02
|                ( QUESTION2_14_L -1 -1.856e+04 4.607e+02 9.005e+01
|                    ( - 2.416e+02 1 0)
|                    ( - -1.834e+04 7 0 QUESTION0_9_R 1 1.964e+02 8.905e+01))
|                ( - -1.563e+04 26 0 SILENCE 1 2.015e+02 7.401e+01)))))
s>    ( QUESTION0 1 -3.612e+05 1.145e+03 1.694e+03
s>        ( QUESTION2_12_L -1 -2.978e+05 5.396e+02 1.399e+03
s>            ( - -1.392e+05 42 0 WDBNDRY_I 0 2.222e+02 6.552e+02)
s>            ( - -1.581e+05 75 0 QUESTION18 -1 3.269e+02 7.437e+02))
s>        ( QUESTION8 1 -6.230e+04 4.593e+02 2.952e+02
s>            ( WDBNDRY_S 0 -2.708e+04 4.618e+02 1.301e+02
s>                ( - 2.414e+02 1 0)
s>                ( - -2.686e+04 17 0 QUESTION2_12_L -1 2.365e+02 1.291e+02))
s>            ( QUESTION2_0_L -1 -3.476e+04 4.485e+02 1.651e+02
s>                ( - 2.409e+02 1 0)
s>                ( QUESTION0_8_R 1 -3.455e+04 3.606e+02 1.641e+02
s>                    ( QUESTION2_14_L -1 -1.856e+04 4.607e+02 9.005e+01
s>                        ( - 2.416e+02 1 0)
s>                        ( - -1.834e+04 7 0 QUESTION0_9_R 1 1.964e+02 8.905e+01))
s>                    ( - -1.563e+04 26 0 SILENCE 1 2.015e+02 7.401e+01)))))INFO: dtree.c(1315): Comp split 0
INFO: dtree.c(1478): Final simple tree
|( QUESTION2_12_L -1 -3.251e+05 5.826e+02 1.528e+03
|    ( QUESTION0_2_R 1 -1.519e+05 4.606e+02 7.152e+02
|        ( - 2.424e+02 1 0)
|        ( QUESTION0 1 -1.517e+05 3.192e+02 7.142e+02
|            ( - -1.392e+05 42 0 WDBNDRY_I 0 2.222e+02 6.552e+02)
|            ( - -1.218e+04 6 0 WDBNDRY_I 0 1.311e+02 5.896e+01)))
|    ( QUESTION18 -1 -1.726e+05 3.455e+02 8.129e+02
|        ( - -8.288e+03 4 0 QUESTION19 -1 1.164e+02 4.061e+01)
|        ( QUESTION2_14_L -1 -1.639e+05 3.130e+02 7.723e+02
|            ( - -7.598e+04 22 0 QUESTION0_0_R 1 2.251e+02 3.623e+02)
|            ( WDBNDRY_I 0 -8.764e+04 2.308e+02 4.100e+02
|                ( QUESTION0_0_R 1 -4.133e+04 2.550e+02 1.948e+02
|                    ( - -5.539e+03 5 0 QUESTION8 -1 1.342e+02 2.699e+01)
|                    ( - -3.554e+04 19 0 QUESTION14 -1 2.193e+02 1.678e+02))
|                ( - -4.608e+04 35 0 SILENCE -1 2.076e+02 2.152e+02)))))
s>    ( QUESTION2_12_L -1 -3.251e+05 5.826e+02 1.528e+03
s>        ( QUESTION0_2_R 1 -1.519e+05 4.606e+02 7.152e+02
s>            ( - 2.424e+02 1 0)
s>            ( QUESTION0 1 -1.517e+05 3.192e+02 7.142e+02
s>                ( - -1.392e+05 42 0 WDBNDRY_I 0 2.222e+02 6.552e+02)
s>                ( - -1.218e+04 6 0 WDBNDRY_I 0 1.311e+02 5.896e+01)))
s>        ( QUESTION18 -1 -1.726e+05 3.455e+02 8.129e+02
s>            ( - -8.288e+03 4 0 QUESTION19 -1 1.164e+02 4.061e+01)
s>            ( QUESTION2_14_L -1 -1.639e+05 3.130e+02 7.723e+02
s>                ( - -7.598e+04 22 0 QUESTION0_0_R 1 2.251e+02 3.623e+02)
s>                ( WDBNDRY_I 0 -8.764e+04 2.308e+02 4.100e+02
s>                    ( QUESTION0_0_R 1 -4.133e+04 2.550e+02 1.948e+02
s>                        ( - -5.539e+03 5 0 QUESTION8 -1 1.342e+02 2.699e+01)
s>                        ( - -3.554e+04 19 0 QUESTION14 -1 2.193e+02 1.678e+02))
s>                    ( - -4.608e+04 35 0 SILENCE -1 2.076e+02 2.152e+02)))))INFO: dtree.c(1478): Final simple tree
|( QUESTION8 1 -3.498e+04 4.620e+02 1.661e+02
|    ( - 2.414e+02 1 0)
|    ( QUESTION2_0_L -1 -3.476e+04 4.485e+02 1.651e+02
|        ( - 2.409e+02 1 0)
|        ( QUESTION0_8_R 1 -3.455e+04 3.606e+02 1.641e+02
|            ( QUESTION2_14_L -1 -1.856e+04 4.607e+02 9.005e+01
|                ( - 2.416e+02 1 0)
|                ( QUESTION0_9_R 1 -1.834e+04 1.964e+02 8.905e+01
|                    ( - -1.793e+04 6 0 QUESTION17 -1 1.561e+02 8.705e+01)
|                    ( - -2.152e+02 1 0)))
|            ( SILENCE 1 -1.563e+04 2.015e+02 7.401e+01
|                ( - -1.114e+03 1 0)
|                ( QUESTION12 1 -1.432e+04 1.873e+02 6.801e+01
|                    ( - -5.124e+02 1 0)
|                    ( - -1.362e+04 24 0 QUESTION18 -1 1.852e+02 6.501e+01))))))
s>    ( QUESTION8 1 -3.498e+04 4.620e+02 1.661e+02
s>        ( - 2.414e+02 1 0)
s>        ( QUESTION2_0_L -1 -3.476e+04 4.485e+02 1.651e+02
s>            ( - 2.409e+02 1 0)
s>            ( QUESTION0_8_R 1 -3.455e+04 3.606e+02 1.641e+02
s>                ( QUESTION2_14_L -1 -1.856e+04 4.607e+02 9.005e+01
s>                    ( - 2.416e+02 1 0)
s>                    ( QUESTION0_9_R 1 -1.834e+04 1.964e+02 8.905e+01
s>                        ( - -1.793e+04 6 0 QUESTION17 -1 1.561e+02 8.705e+01)
s>                        ( - -2.152e+02 1 0)))
s>                ( SILENCE 1 -1.563e+04 2.015e+02 7.401e+01
s>                    ( - -1.114e+03 1 0)
s>                    ( QUESTION12 1 -1.432e+04 1.873e+02 6.801e+01
s>                        ( - -5.124e+02 1 0)
s>                        ( - -1.362e+04 24 0 QUESTION18 -1 1.852e+02 6.501e+01))))))INFO: dtree.c(1315): Comp split 1
INFO: dtree.c(1478): Final simple tree
|( QUESTION19 -1 -1.477e+05 2.691e+02 6.958e+02
|    ( - -6.577e+03 3 0)
|    ( WDBNDRY_I 0 -1.409e+05 2.113e+02 6.632e+02
|        ( QUESTION0_0_R 1 -1.020e+05 1.837e+02 4.812e+02
|            ( - -2.405e+03 2 0)
|            ( - -9.945e+04 17 0 QUESTION0 -1 6.810e+01 4.692e+02))
|        ( WDBNDRY_S 0 -3.865e+04 1.554e+02 1.820e+02
|            ( - -2.694e+02 1 0)
|            ( QUESTION0 -1 -3.823e+04 1.406e+02 1.800e+02
|                ( WDBNDRY_B 0 -3.119e+04 1.239e+02 1.470e+02
|                    ( - -3.007e+04 13 0)
|                    ( - -9.961e+02 2 0))
|                ( QUESTION8 -1 -6.896e+03 1.228e+02 3.300e+01
|                    ( - -5.179e+03 7 0)
|                    ( - -1.595e+03 1 0))))))
s>    ( QUESTION19 -1 -1.477e+05 2.691e+02 6.958e+02
s>        ( - -6.577e+03 3 0)
s>        ( WDBNDRY_I 0 -1.409e+05 2.113e+02 6.632e+02
s>            ( QUESTION0_0_R 1 -1.020e+05 1.837e+02 4.812e+02
s>                ( - -2.405e+03 2 0)
s>                ( - -9.945e+04 17 0 QUESTION0 -1 6.810e+01 4.692e+02))
s>            ( WDBNDRY_S 0 -3.865e+04 1.554e+02 1.820e+02
s>                ( - -2.694e+02 1 0)
s>                ( QUESTION0 -1 -3.823e+04 1.406e+02 1.800e+02
s>                    ( WDBNDRY_B 0 -3.119e+04 1.239e+02 1.470e+02
s>                        ( - -3.007e+04 13 0)
s>                        ( - -9.961e+02 2 0))
s>                    ( QUESTION8 -1 -6.896e+03 1.228e+02 3.300e+01
s>                        ( - -5.179e+03 7 0)
s>                        ( - -1.595e+03 1 0))))))INFO: dtree.c(1478): Final simple tree
|( QUESTION2_14_L -1 -1.766e+05 3.451e+02 8.322e+02
|    ( QUESTION0_0_R 1 -7.598e+04 2.251e+02 3.623e+02
|        ( WDBNDRY_B 0 -7.633e+03 2.607e+02 3.820e+01
|            ( - -3.465e+03 1 0)
|            ( - -3.907e+03 2 0))
|        ( - -6.812e+04 19 0 WDBNDRY_B 0 1.405e+02 3.241e+02))
|    ( WDBNDRY_B 0 -1.003e+05 2.624e+02 4.699e+02
|        ( - -4.678e+04 33 0 SILENCE -1 2.095e+02 2.192e+02)
|        ( QUESTION0 1 -5.326e+04 2.398e+02 2.507e+02
|            ( QUESTION14 -1 -3.649e+04 2.223e+02 1.718e+02
|                ( - -1.181e+04 2 0)
|                ( - -2.445e+04 19 0 QUESTION8 -1 1.994e+02 1.147e+02))
|            ( QUESTION2_12_L -1 -1.653e+04 2.185e+02 7.894e+01
|                ( - -1.033e+04 6 0 QUESTION0_1_R 1 4.628e+02 4.996e+01)
|                ( - -5.981e+03 6 0 WDBNDRY_E 0 1.467e+02 2.899e+01)))))
s>    ( QUESTION2_14_L -1 -1.766e+05 3.451e+02 8.322e+02
s>        ( QUESTION0_0_R 1 -7.598e+04 2.251e+02 3.623e+02
s>            ( WDBNDRY_B 0 -7.633e+03 2.607e+02 3.820e+01
s>                ( - -3.465e+03 1 0)
s>                ( - -3.907e+03 2 0))
s>            ( - -6.812e+04 19 0 WDBNDRY_B 0 1.405e+02 3.241e+02))
s>        ( WDBNDRY_B 0 -1.003e+05 2.624e+02 4.699e+02
s>            ( - -4.678e+04 33 0 SILENCE -1 2.095e+02 2.192e+02)
s>            ( QUESTION0 1 -5.326e+04 2.398e+02 2.507e+02
s>                ( QUESTION14 -1 -3.649e+04 2.223e+02 1.718e+02
s>                    ( - -1.181e+04 2 0)
s>                    ( - -2.445e+04 19 0 QUESTION8 -1 1.994e+02 1.147e+02))
s>                ( QUESTION2_12_L -1 -1.653e+04 2.185e+02 7.894e+01
s>                    ( - -1.033e+04 6 0 QUESTION0_1_R 1 4.628e+02 4.996e+01)
s>                    ( - -5.981e+03 6 0 WDBNDRY_E 0 1.467e+02 2.899e+01)))))INFO: dtree.c(1315): Comp split 2
INFO: dtree.c(1478): Final simple tree
|( QUESTION2_0_L -1 -3.476e+04 4.485e+02 1.651e+02
|    ( - 2.409e+02 1 0)
|    ( QUESTION0_8_R 1 -3.455e+04 3.606e+02 1.641e+02
|        ( QUESTION2_14_L -1 -1.856e+04 4.607e+02 9.005e+01
|            ( - 2.416e+02 1 0)
|            ( QUESTION0_9_R 1 -1.834e+04 1.964e+02 8.905e+01
|                ( - -1.793e+04 6 0 QUESTION17 -1 1.561e+02 8.705e+01)
|                ( - -2.152e+02 1 0)))
|        ( SILENCE 1 -1.563e+04 2.015e+02 7.401e+01
|            ( - -1.114e+03 1 0)
|            ( QUESTION12 1 -1.432e+04 1.873e+02 6.801e+01
|                ( - -5.124e+02 1 0)
|                ( QUESTION18 -1 -1.362e+04 1.852e+02 6.501e+01
|                    ( - -2.177e+02 1 0)
|                    ( - -1.322e+04 23 0 QUESTION17 -1 4.439e+02 6.301e+01))))))
s>    ( QUESTION2_0_L -1 -3.476e+04 4.485e+02 1.651e+02
s>        ( - 2.409e+02 1 0)
s>        ( QUESTION0_8_R 1 -3.455e+04 3.606e+02 1.641e+02
s>            ( QUESTION2_14_L -1 -1.856e+04 4.607e+02 9.005e+01
s>                ( - 2.416e+02 1 0)
s>                ( QUESTION0_9_R 1 -1.834e+04 1.964e+02 8.905e+01
s>                    ( - -1.793e+04 6 0 QUESTION17 -1 1.561e+02 8.705e+01)
s>                    ( - -2.152e+02 1 0)))
s>            ( SILENCE 1 -1.563e+04 2.015e+02 7.401e+01
s>                ( - -1.114e+03 1 0)
s>                ( QUESTION12 1 -1.432e+04 1.873e+02 6.801e+01
s>                    ( - -5.124e+02 1 0)
s>                    ( QUESTION18 -1 -1.362e+04 1.852e+02 6.501e+01
s>                        ( - -2.177e+02 1 0)
s>                        ( - -1.322e+04 23 0 QUESTION17 -1 4.439e+02 6.301e+01))))))INFO: dtree.c(1315): Comp split 3
INFO: dtree.c(1478): Final simple tree
|( QUESTION2_0_L -1 -3.455e+04 4.484e+02 1.641e+02
|    ( - 2.409e+02 1 0)
|    ( QUESTION0_8_R 1 -3.434e+04 3.672e+02 1.631e+02
|        ( QUESTION0_9_R 1 -1.834e+04 1.964e+02 8.905e+01
|            ( - -1.793e+04 6 0 QUESTION17 -1 1.561e+02 8.705e+01)
|            ( - -2.152e+02 1 0))
|        ( SILENCE 1 -1.563e+04 2.015e+02 7.401e+01
|            ( - -1.114e+03 1 0)
|            ( QUESTION12 1 -1.432e+04 1.873e+02 6.801e+01
|                ( - -5.124e+02 1 0)
|                ( QUESTION18 -1 -1.362e+04 1.852e+02 6.501e+01
|                    ( - -2.177e+02 1 0)
|                    ( QUESTION17 -1 -1.322e+04 4.439e+02 6.301e+01
|                        ( - 2.428e+02 1 0)
|                        ( - -1.301e+04 22 0 QUESTION13 1 1.758e+02 6.201e+01)))))))
s>    ( QUESTION2_0_L -1 -3.455e+04 4.484e+02 1.641e+02
s>        ( - 2.409e+02 1 0)
s>        ( QUESTION0_8_R 1 -3.434e+04 3.672e+02 1.631e+02
s>            ( QUESTION0_9_R 1 -1.834e+04 1.964e+02 8.905e+01
s>                ( - -1.793e+04 6 0 QUESTION17 -1 1.561e+02 8.705e+01)
s>                ( - -2.152e+02 1 0))
s>            ( SILENCE 1 -1.563e+04 2.015e+02 7.401e+01
s>                ( - -1.114e+03 1 0)
s>                ( QUESTION12 1 -1.432e+04 1.873e+02 6.801e+01
s>                    ( - -5.124e+02 1 0)
s>                    ( QUESTION18 -1 -1.362e+04 1.852e+02 6.501e+01
s>                        ( - -2.177e+02 1 0)
s>                        ( QUESTION17 -1 -1.322e+04 4.439e+02 6.301e+01
s>                            ( - 2.428e+02 1 0)
s>                            ( - -1.301e+04 22 0 QUESTION13 1 1.758e+02 6.201e+01)))))))INFO: dtree.c(1315): Comp split 4
INFO: dtree.c(1478): Final simple tree
|( QUESTION0_8_R 1 -3.434e+04 3.672e+02 1.631e+02
|    ( QUESTION0_9_R 1 -1.834e+04 1.964e+02 8.905e+01
|        ( - -1.793e+04 6 0 QUESTION17 -1 1.561e+02 8.705e+01)
|        ( - -2.152e+02 1 0))
|    ( SILENCE 1 -1.563e+04 2.015e+02 7.401e+01
|        ( - -1.114e+03 1 0)
|        ( QUESTION12 1 -1.432e+04 1.873e+02 6.801e+01
|            ( - -5.124e+02 1 0)
|            ( QUESTION18 -1 -1.362e+04 1.852e+02 6.501e+01
|                ( - -2.177e+02 1 0)
|                ( QUESTION17 -1 -1.322e+04 4.439e+02 6.301e+01
|                    ( - 2.428e+02 1 0)
|                    ( QUESTION13 1 -1.301e+04 1.758e+02 6.201e+01
|                        ( - -7.333e+03 12 0 QUESTION2_16_L -1 4.496e+02 3.501e+01)
|                        ( - -5.506e+03 10 0 QUESTION2_14_L -1 1.302e+02 2.700e+01)))))))
s>    ( QUESTION0_8_R 1 -3.434e+04 3.672e+02 1.631e+02
s>        ( QUESTION0_9_R 1 -1.834e+04 1.964e+02 8.905e+01
s>            ( - -1.793e+04 6 0 QUESTION17 -1 1.561e+02 8.705e+01)
s>            ( - -2.152e+02 1 0))
s>        ( SILENCE 1 -1.563e+04 2.015e+02 7.401e+01
s>            ( - -1.114e+03 1 0)
s>            ( QUESTION12 1 -1.432e+04 1.873e+02 6.801e+01
s>                ( - -5.124e+02 1 0)
s>                ( QUESTION18 -1 -1.362e+04 1.852e+02 6.501e+01
s>                    ( - -2.177e+02 1 0)
s>                    ( QUESTION17 -1 -1.322e+04 4.439e+02 6.301e+01
s>                        ( - 2.428e+02 1 0)
s>                        ( QUESTION13 1 -1.301e+04 1.758e+02 6.201e+01
s>                            ( - -7.333e+03 12 0 QUESTION2_16_L -1 4.496e+02 3.501e+01)
s>                            ( - -5.506e+03 10 0 QUESTION2_14_L -1 1.302e+02 2.700e+01)))))))INFO: dtree.c(1315): Comp split 5
INFO: dtree.c(1478): Final simple tree
|( QUESTION0_8_R 1 -3.414e+04 3.639e+02 1.621e+02
|    ( QUESTION0_9_R 1 -1.834e+04 1.964e+02 8.905e+01
|        ( - -1.793e+04 6 0 QUESTION17 -1 1.561e+02 8.705e+01)
|        ( - -2.152e+02 1 0))
|    ( SILENCE 1 -1.543e+04 2.013e+02 7.301e+01
|        ( - -1.114e+03 1 0)
|        ( QUESTION12 1 -1.412e+04 1.863e+02 6.701e+01
|            ( - -5.124e+02 1 0)
|            ( QUESTION17 -1 -1.342e+04 1.854e+02 6.401e+01
|                ( - -2.177e+02 1 0)
|                ( QUESTION13 1 -1.301e+04 1.758e+02 6.201e+01
|                    ( QUESTION2_16_L -1 -7.333e+03 4.496e+02 3.501e+01
|                        ( - 2.186e+02 1 0)
|                        ( - -7.102e+03 11 0 QUESTION8 -1 1.536e+02 3.401e+01))
|                    ( - -5.506e+03 10 0 QUESTION2_14_L -1 1.302e+02 2.700e+01))))))
s>    ( QUESTION0_8_R 1 -3.414e+04 3.639e+02 1.621e+02
s>        ( QUESTION0_9_R 1 -1.834e+04 1.964e+02 8.905e+01
s>            ( - -1.793e+04 6 0 QUESTION17 -1 1.561e+02 8.705e+01)
s>            ( - -2.152e+02 1 0))
s>        ( SILENCE 1 -1.543e+04 2.013e+02 7.301e+01
s>            ( - -1.114e+03 1 0)
s>            ( QUESTION12 1 -1.412e+04 1.863e+02 6.701e+01
s>                ( - -5.124e+02 1 0)
s>                ( QUESTION17 -1 -1.342e+04 1.854e+02 6.401e+01
s>                    ( - -2.177e+02 1 0)
s>                    ( QUESTION13 1 -1.301e+04 1.758e+02 6.201e+01
s>                        ( QUESTION2_16_L -1 -7.333e+03 4.496e+02 3.501e+01
s>                            ( - 2.186e+02 1 0)
s>                            ( - -7.102e+03 11 0 QUESTION8 -1 1.536e+02 3.401e+01))
s>                        ( - -5.506e+03 10 0 QUESTION2_14_L -1 1.302e+02 2.700e+01))))))INFO: dtree.c(1315): Comp split 6
INFO: dtree.c(1478): Final simple tree
|( QUESTION0_8_R 1 -3.391e+04 3.683e+02 1.611e+02
|    ( QUESTION0_9_R 1 -1.834e+04 1.964e+02 8.905e+01
|        ( QUESTION17 -1 -1.793e+04 1.561e+02 8.705e+01
|            ( - -2.504e+02 1 0)
|            ( - -1.752e+04 5 0 QUESTION9 -1 4.403e+02 8.505e+01))
|        ( - -2.152e+02 1 0))
|    ( SILENCE 1 -1.520e+04 1.997e+02 7.201e+01
|        ( - -1.114e+03 1 0)
|        ( QUESTION12 1 -1.389e+04 1.861e+02 6.601e+01
|            ( - -5.124e+02 1 0)
|            ( QUESTION17 -1 -1.319e+04 1.851e+02 6.301e+01
|                ( - -2.177e+02 1 0)
|                ( QUESTION13 1 -1.278e+04 1.766e+02 6.101e+01
|                    ( - -7.102e+03 11 0 QUESTION8 -1 1.536e+02 3.401e+01)
|                    ( - -5.506e+03 10 0 QUESTION2_14_L -1 1.302e+02 2.700e+01))))))
s>    ( QUESTION0_8_R 1 -3.391e+04 3.683e+02 1.611e+02
s>        ( QUESTION0_9_R 1 -1.834e+04 1.964e+02 8.905e+01
s>            ( QUESTION17 -1 -1.793e+04 1.561e+02 8.705e+01
s>                ( - -2.504e+02 1 0)
s>                ( - -1.752e+04 5 0 QUESTION9 -1 4.403e+02 8.505e+01))
s>            ( - -2.152e+02 1 0))
s>        ( SILENCE 1 -1.520e+04 1.997e+02 7.201e+01
s>            ( - -1.114e+03 1 0)
s>            ( QUESTION12 1 -1.389e+04 1.861e+02 6.601e+01
s>                ( - -5.124e+02 1 0)
s>                ( QUESTION17 -1 -1.319e+04 1.851e+02 6.301e+01
s>                    ( - -2.177e+02 1 0)
s>                    ( QUESTION13 1 -1.278e+04 1.766e+02 6.101e+01
s>                        ( - -7.102e+03 11 0 QUESTION8 -1 1.536e+02 3.401e+01)
s>                        ( - -5.506e+03 10 0 QUESTION2_14_L -1 1.302e+02 2.700e+01))))))INFO: dtree.c(1315): Comp split 7
INFO: dtree.c(1439): stop. leaf nodes are specific
INFO: dtree.c(1478): Final simple tree
|( QUESTION0_2_R 1 -2.235e+04 4.648e+02 1.070e+02
|    ( - 2.424e+02 1 0)
|    ( QUESTION0_0_R 1 -2.213e+04 2.051e+02 1.060e+02
|        ( QUESTION0 -1 -1.011e+04 1.229e+02 4.896e+01
|            ( WDBNDRY_E 0 -9.303e+03 1.001e+02 4.496e+01
|                ( - -1.142e+03 2 0)
|                ( - -8.061e+03 2 0))
|            ( - -6.824e+02 1 0))
|        ( - -1.181e+04 2 0)))
s>    ( QUESTION0_2_R 1 -2.235e+04 4.648e+02 1.070e+02
s>        ( - 2.424e+02 1 0)
s>        ( QUESTION0_0_R 1 -2.213e+04 2.051e+02 1.060e+02
s>            ( QUESTION0 -1 -1.011e+04 1.229e+02 4.896e+01
s>                ( WDBNDRY_E 0 -9.303e+03 1.001e+02 4.496e+01
s>                    ( - -1.142e+03 2 0)
s>                    ( - -8.061e+03 2 0))
s>                ( - -6.824e+02 1 0))
s>            ( - -1.181e+04 2 0)))INFO: dtree.c(1478): Final simple tree
|( QUESTION2_14_L -1 -1.538e+05 2.605e+02 7.252e+02
|    ( QUESTION0_0_R 1 -7.598e+04 2.251e+02 3.623e+02
|        ( WDBNDRY_B 0 -7.633e+03 2.607e+02 3.820e+01
|            ( - -3.465e+03 1 0)
|            ( - -3.907e+03 2 0))
|        ( - -6.812e+04 19 0 WDBNDRY_B 0 1.405e+02 3.241e+02))
|    ( QUESTION16 -1 -7.760e+04 2.302e+02 3.629e+02
|        ( QUESTION17 -1 -2.939e+04 2.564e+02 1.390e+02
|            ( - -1.362e+04 6 0)
|            ( WDBNDRY_B 0 -1.551e+04 1.997e+02 7.427e+01
|                ( - -1.120e+04 3 0)
|                ( - -4.115e+03 3 0 WDBNDRY_E 0 1.450e+02 1.999e+01)))
|        ( SILENCE -1 -4.798e+04 2.183e+02 2.239e+02
|            ( - -3.009e+03 1 0)
|            ( - -4.475e+04 45 0 WDBNDRY_E 0 1.717e+02 2.109e+02))))
s>    ( QUESTION2_14_L -1 -1.538e+05 2.605e+02 7.252e+02
s>        ( QUESTION0_0_R 1 -7.598e+04 2.251e+02 3.623e+02
s>            ( WDBNDRY_B 0 -7.633e+03 2.607e+02 3.820e+01
s>                ( - -3.465e+03 1 0)
s>                ( - -3.907e+03 2 0))
s>            ( - -6.812e+04 19 0 WDBNDRY_B 0 1.405e+02 3.241e+02))
s>        ( QUESTION16 -1 -7.760e+04 2.302e+02 3.629e+02
s>            ( QUESTION17 -1 -2.939e+04 2.564e+02 1.390e+02
s>                ( - -1.362e+04 6 0)
s>                ( WDBNDRY_B 0 -1.551e+04 1.997e+02 7.427e+01
s>                    ( - -1.120e+04 3 0)
s>                    ( - -4.115e+03 3 0 WDBNDRY_E 0 1.450e+02 1.999e+01)))
s>            ( SILENCE -1 -4.798e+04 2.183e+02 2.239e+02
s>                ( - -3.009e+03 1 0)
s>                ( - -4.475e+04 45 0 WDBNDRY_E 0 1.717e+02 2.109e+02))))INFO: dtree.c(1315): Comp split 8
INFO: dtree.c(1439): stop. leaf nodes are specific
INFO: dtree.c(1478): Final simple tree
|( QUESTION0_0_R 1 -2.213e+04 2.051e+02 1.060e+02
|    ( QUESTION0 -1 -1.011e+04 1.229e+02 4.896e+01
|        ( WDBNDRY_E 0 -9.303e+03 1.001e+02 4.496e+01
|            ( - -1.142e+03 2 0)
|            ( - -8.061e+03 2 0))
|        ( - -6.824e+02 1 0))
|    ( - -1.181e+04 2 0))
s>    ( QUESTION0_0_R 1 -2.213e+04 2.051e+02 1.060e+02
s>        ( QUESTION0 -1 -1.011e+04 1.229e+02 4.896e+01
s>            ( WDBNDRY_E 0 -9.303e+03 1.001e+02 4.496e+01
s>                ( - -1.142e+03 2 0)
s>                ( - -8.061e+03 2 0))
s>            ( - -6.824e+02 1 0))
s>        ( - -1.181e+04 2 0))INFO: dtree.c(1315): Comp split 9
INFO: dtree.c(1478): Final simple tree
|( SILENCE 1 -1.491e+04 2.055e+02 7.101e+01
|    ( - -1.114e+03 1 0)
|    ( QUESTION13 1 -1.359e+04 1.804e+02 6.501e+01
|        ( QUESTION0_8_R 1 -7.509e+03 1.567e+02 3.601e+01
|            ( - -2.504e+02 1 0)
|            ( QUESTION8 -1 -7.102e+03 1.536e+02 3.401e+01
|                ( - -5.036e+02 1 0)
|                ( QUESTION0_11_R 1 -6.444e+03 1.514e+02 3.101e+01
|                    ( - -2.738e+03 1 0)
|                    ( - -3.555e+03 9 0 WDBNDRY_E 0 1.226e+02 1.701e+01))))
|        ( QUESTION17 -1 -5.903e+03 1.791e+02 2.900e+01
|            ( - -2.177e+02 1 0)
|            ( QUESTION2_14_L -1 -5.506e+03 1.302e+02 2.700e+01
|                ( - -1.598e+03 2 0)
|                ( - -3.778e+03 8 0 QUESTION0 -1 1.025e+02 1.900e+01)))))
s>    ( SILENCE 1 -1.491e+04 2.055e+02 7.101e+01
s>        ( - -1.114e+03 1 0)
s>        ( QUESTION13 1 -1.359e+04 1.804e+02 6.501e+01
s>            ( QUESTION0_8_R 1 -7.509e+03 1.567e+02 3.601e+01
s>                ( - -2.504e+02 1 0)
s>                ( QUESTION8 -1 -7.102e+03 1.536e+02 3.401e+01
s>                    ( - -5.036e+02 1 0)
s>                    ( QUESTION0_11_R 1 -6.444e+03 1.514e+02 3.101e+01
s>                        ( - -2.738e+03 1 0)
s>                        ( - -3.555e+03 9 0 WDBNDRY_E 0 1.226e+02 1.701e+01))))
s>            ( QUESTION17 -1 -5.903e+03 1.791e+02 2.900e+01
s>                ( - -2.177e+02 1 0)
s>                ( QUESTION2_14_L -1 -5.506e+03 1.302e+02 2.700e+01
s>                    ( - -1.598e+03 2 0)
s>                    ( - -3.778e+03 8 0 QUESTION0 -1 1.025e+02 1.900e+01)))))INFO: dtree.c(1439): stop. leaf nodes are specific
INFO: dtree.c(1478): Final simple tree
|( QUESTION9 -1 -1.861e+04 4.401e+02 9.005e+01
|    ( - 2.416e+02 1 0)
|    ( QUESTION0_9_R 1 -1.841e+04 1.754e+02 8.905e+01
|        ( WDBNDRY_B 0 -1.732e+04 1.204e+02 8.405e+01
|            ( - -5.635e+02 2 0)
|            ( - -1.664e+04 2 0))
|        ( WDBNDRY_E 0 -9.115e+02 1.839e+02 5.000e+00
|            ( - -5.124e+02 1 0)
|            ( - -2.152e+02 1 0))))
s>    ( QUESTION9 -1 -1.861e+04 4.401e+02 9.005e+01
s>        ( - 2.416e+02 1 0)
s>        ( QUESTION0_9_R 1 -1.841e+04 1.754e+02 8.905e+01
s>            ( WDBNDRY_B 0 -1.732e+04 1.204e+02 8.405e+01
s>                ( - -5.635e+02 2 0)
s>                ( - -1.664e+04 2 0))
s>            ( WDBNDRY_E 0 -9.115e+02 1.839e+02 5.000e+00
s>                ( - -5.124e+02 1 0)
s>                ( - -2.152e+02 1 0))))INFO: dtree.c(1315): Comp split 10
INFO: dtree.c(1439): stop. leaf nodes are specific
INFO: dtree.c(1478): Final simple tree
|( QUESTION0_9_R 1 -1.841e+04 1.754e+02 8.905e+01
|    ( WDBNDRY_B 0 -1.732e+04 1.204e+02 8.405e+01
|        ( - -5.635e+02 2 0)
|        ( - -1.664e+04 2 0))
|    ( WDBNDRY_E 0 -9.115e+02 1.839e+02 5.000e+00
|        ( - -5.124e+02 1 0)
|        ( - -2.152e+02 1 0)))
s>    ( QUESTION0_9_R 1 -1.841e+04 1.754e+02 8.905e+01
s>        ( WDBNDRY_B 0 -1.732e+04 1.204e+02 8.405e+01
s>            ( - -5.635e+02 2 0)
s>            ( - -1.664e+04 2 0))
s>        ( WDBNDRY_E 0 -9.115e+02 1.839e+02 5.000e+00
s>            ( - -5.124e+02 1 0)
s>            ( - -2.152e+02 1 0)))INFO: dtree.c(1315): Comp split 11
INFO: dtree.c(1478): Final simple tree
|( QUESTION8 -1 -6.215e+04 1.766e+02 2.932e+02
|    ( - -1.099e+04 11 0 QUESTION0_0_R 1 1.417e+02 5.304e+01)
|    ( QUESTION0_0_R 1 -5.098e+04 1.943e+02 2.401e+02
|        ( WDBNDRY_E 0 -7.594e+03 1.849e+02 3.758e+01
|            ( - -2.530e+02 1 0)
|            ( WDBNDRY_B 0 -7.156e+03 1.480e+02 3.558e+01
|                ( - -5.924e+03 3 0 QUESTION2_15_L -1 1.324e+02 2.958e+01)
|                ( - -1.084e+03 2 0)))
|        ( WDBNDRY_E 0 -4.319e+04 2.219e+02 2.025e+02
|            ( - -2.707e+02 1 0)
|            ( QUESTION2_19_L -1 -4.270e+04 1.762e+02 2.005e+02
|                ( - -2.508e+02 1 0)
|                ( QUESTION15 -1 -4.227e+04 1.578e+02 1.985e+02
|                    ( - -2.605e+02 1 0)
|                    ( - -4.185e+04 32 0 WDBNDRY_B 0 1.433e+02 1.965e+02))))))
s>    ( QUESTION8 -1 -6.215e+04 1.766e+02 2.932e+02
s>        ( - -1.099e+04 11 0 QUESTION0_0_R 1 1.417e+02 5.304e+01)
s>        ( QUESTION0_0_R 1 -5.098e+04 1.943e+02 2.401e+02
s>            ( WDBNDRY_E 0 -7.594e+03 1.849e+02 3.758e+01
s>                ( - -2.530e+02 1 0)
s>                ( WDBNDRY_B 0 -7.156e+03 1.480e+02 3.558e+01
s>                    ( - -5.924e+03 3 0 QUESTION2_15_L -1 1.324e+02 2.958e+01)
s>                    ( - -1.084e+03 2 0)))
s>            ( WDBNDRY_E 0 -4.319e+04 2.219e+02 2.025e+02
s>                ( - -2.707e+02 1 0)
s>                ( QUESTION2_19_L -1 -4.270e+04 1.762e+02 2.005e+02
s>                    ( - -2.508e+02 1 0)
s>                    ( QUESTION15 -1 -4.227e+04 1.578e+02 1.985e+02
s>                        ( - -2.605e+02 1 0)
s>                        ( - -4.185e+04 32 0 WDBNDRY_B 0 1.433e+02 1.965e+02))))))INFO: dtree.c(1439): stop. leaf nodes are specific
INFO: dtree.c(1478): Final simple tree
|( QUESTION0_0_R 1 -9.130e+04 3.037e+02 4.320e+02
|    ( QUESTION0 -1 -8.232e+03 2.099e+02 4.060e+01
|        ( - -3.907e+03 2 0)
|        ( WDBNDRY_E 0 -4.115e+03 1.450e+02 1.999e+01
|            ( - -2.959e+02 1 0)
|            ( - -3.674e+03 2 0)))
|    ( QUESTION0 -1 -8.277e+04 2.744e+02 3.914e+02
|        ( WDBNDRY_B 0 -6.812e+04 1.405e+02 3.241e+02
|            ( - -2.150e+04 8 0)
|            ( - -4.648e+04 11 0))
|        ( SILENCE -1 -1.437e+04 1.668e+02 6.733e+01
|            ( - -3.009e+03 1 0)
|            ( - -1.120e+04 3 0))))
s>    ( QUESTION0_0_R 1 -9.130e+04 3.037e+02 4.320e+02
s>        ( QUESTION0 -1 -8.232e+03 2.099e+02 4.060e+01
s>            ( - -3.907e+03 2 0)
s>            ( WDBNDRY_E 0 -4.115e+03 1.450e+02 1.999e+01
s>                ( - -2.959e+02 1 0)
s>                ( - -3.674e+03 2 0)))
s>        ( QUESTION0 -1 -8.277e+04 2.744e+02 3.914e+02
s>            ( WDBNDRY_B 0 -6.812e+04 1.405e+02 3.241e+02
s>                ( - -2.150e+04 8 0)
s>                ( - -4.648e+04 11 0))
s>            ( SILENCE -1 -1.437e+04 1.668e+02 6.733e+01
s>                ( - -3.009e+03 1 0)
s>                ( - -1.120e+04 3 0))))INFO: dtree.c(1315): Comp split 12
INFO: dtree.c(1439): stop. leaf nodes are specific
INFO: dtree.c(1478): Final simple tree
|( QUESTION9 -1 -1.064e+05 1.140e+02 5.022e+02
|    ( - -1.595e+03 1 0)
|    ( WDBNDRY_B 0 -1.047e+05 8.620e+01 4.942e+02
|        ( - -5.179e+03 7 0)
|        ( QUESTION0 -1 -9.945e+04 6.810e+01 4.692e+02
|            ( - -9.500e+04 12 0)
|            ( - -4.383e+03 5 0))))
s>    ( QUESTION9 -1 -1.064e+05 1.140e+02 5.022e+02
s>        ( - -1.595e+03 1 0)
s>        ( WDBNDRY_B 0 -1.047e+05 8.620e+01 4.942e+02
s>            ( - -5.179e+03 7 0)
s>            ( QUESTION0 -1 -9.945e+04 6.810e+01 4.692e+02
s>                ( - -9.500e+04 12 0)
s>                ( - -4.383e+03 5 0))))INFO: dtree.c(1439): stop. leaf nodes are specific
INFO: dtree.c(1478): Final simple tree
|( QUESTION0 -1 -4.098e+04 2.418e+02 1.936e+02
|    ( WDBNDRY_S 0 -3.416e+04 1.521e+02 1.610e+02
|        ( - -2.694e+02 1 0)
|        ( WDBNDRY_I 0 -3.374e+04 1.439e+02 1.590e+02
|            ( - -2.405e+03 2 0)
|            ( WDBNDRY_B 0 -3.119e+04 1.239e+02 1.470e+02
|                ( - -3.007e+04 13 0)
|                ( - -9.961e+02 2 0))))
|    ( - -6.577e+03 3 0))
s>    ( QUESTION0 -1 -4.098e+04 2.418e+02 1.936e+02
s>        ( WDBNDRY_S 0 -3.416e+04 1.521e+02 1.610e+02
s>            ( - -2.694e+02 1 0)
s>            ( WDBNDRY_I 0 -3.374e+04 1.439e+02 1.590e+02
s>                ( - -2.405e+03 2 0)
s>                ( WDBNDRY_B 0 -3.119e+04 1.239e+02 1.470e+02
s>                    ( - -3.007e+04 13 0)
s>                    ( - -9.961e+02 2 0))))
s>        ( - -6.577e+03 3 0))INFO: dtree.c(1315): Comp split 13
INFO: dtree.c(1439): stop. leaf nodes are specific
INFO: dtree.c(1478): Final simple tree
|( QUESTION0 -1 -8.706e+04 2.561e+02 4.114e+02
|    ( WDBNDRY_B 0 -6.812e+04 1.405e+02 3.241e+02
|        ( - -2.150e+04 8 0)
|        ( - -4.648e+04 11 0))
|    ( WDBNDRY_B 0 -1.869e+04 2.010e+02 8.731e+01
|        ( SILENCE -1 -1.437e+04 1.668e+02 6.733e+01
|            ( - -3.009e+03 1 0)
|            ( - -1.120e+04 3 0))
|        ( WDBNDRY_E 0 -4.115e+03 1.450e+02 1.999e+01
|            ( - -2.959e+02 1 0)
|            ( - -3.674e+03 2 0))))
s>    ( QUESTION0 -1 -8.706e+04 2.561e+02 4.114e+02
s>        ( WDBNDRY_B 0 -6.812e+04 1.405e+02 3.241e+02
s>            ( - -2.150e+04 8 0)
s>            ( - -4.648e+04 11 0))
s>        ( WDBNDRY_B 0 -1.869e+04 2.010e+02 8.731e+01
s>            ( SILENCE -1 -1.437e+04 1.668e+02 6.733e+01
s>                ( - -3.009e+03 1 0)
s>                ( - -1.120e+04 3 0))
s>            ( WDBNDRY_E 0 -4.115e+03 1.450e+02 1.999e+01
s>                ( - -2.959e+02 1 0)
s>                ( - -3.674e+03 2 0))))INFO: dtree.c(1315): Comp split 14
INFO: dtree.c(1439): stop. leaf nodes are specific
INFO: dtree.c(1478): Final simple tree
|( SILENCE -1 -1.437e+04 1.668e+02 6.733e+01
|    ( - -3.009e+03 1 0)
|    ( - -1.120e+04 3 0))
s>    ( SILENCE -1 -1.437e+04 1.668e+02 6.733e+01
s>        ( - -3.009e+03 1 0)
s>        ( - -1.120e+04 3 0))INFO: dtree.c(1439): stop. leaf nodes are specific
INFO: dtree.c(1478): Final simple tree
|( QUESTION0_0_R 1 -7.242e+04 1.847e+02 3.441e+02
|    ( WDBNDRY_E 0 -4.115e+03 1.450e+02 1.999e+01
|        ( - -2.959e+02 1 0)
|        ( - -3.674e+03 2 0))
|    ( WDBNDRY_B 0 -6.812e+04 1.405e+02 3.241e+02
|        ( - -2.150e+04 8 0)
|        ( - -4.648e+04 11 0)))
s>    ( QUESTION0_0_R 1 -7.242e+04 1.847e+02 3.441e+02
s>        ( WDBNDRY_E 0 -4.115e+03 1.450e+02 1.999e+01
s>            ( - -2.959e+02 1 0)
s>            ( - -3.674e+03 2 0))
s>        ( WDBNDRY_B 0 -6.812e+04 1.405e+02 3.241e+02
s>            ( - -2.150e+04 8 0)
s>            ( - -4.648e+04 11 0)))INFO: dtree.c(1315): Comp split 15
INFO: dtree.c(1439): stop. leaf nodes are specific
INFO: dtree.c(1478): Final simple tree
|( WDBNDRY_S 0 -3.416e+04 1.521e+02 1.610e+02
|    ( - -2.694e+02 1 0)
|    ( WDBNDRY_I 0 -3.374e+04 1.439e+02 1.590e+02
|        ( - -2.405e+03 2 0)
|        ( WDBNDRY_B 0 -3.119e+04 1.239e+02 1.470e+02
|            ( - -3.007e+04 13 0)
|            ( - -9.961e+02 2 0))))
s>    ( WDBNDRY_S 0 -3.416e+04 1.521e+02 1.610e+02
s>        ( - -2.694e+02 1 0)
s>        ( WDBNDRY_I 0 -3.374e+04 1.439e+02 1.590e+02
s>            ( - -2.405e+03 2 0)
s>            ( WDBNDRY_B 0 -3.119e+04 1.239e+02 1.470e+02
s>                ( - -3.007e+04 13 0)
s>                ( - -9.961e+02 2 0))))INFO: dtree.c(1315): Comp split 16
INFO: dtree.c(1478): Final simple tree
|( WDBNDRY_E 0 -4.235e+04 2.221e+02 1.985e+02
|    ( - -2.707e+02 1 0)
|    ( WDBNDRY_B 0 -4.185e+04 1.433e+02 1.965e+02
|        ( QUESTION14 -1 -2.725e+04 1.322e+02 1.289e+02
|            ( - -1.362e+04 6 0)
|            ( QUESTION4 -1 -1.350e+04 1.269e+02 6.414e+01
|                ( - -3.163e+02 1 0)
|                ( QUESTION2_1_L -1 -1.306e+04 1.204e+02 6.214e+01
|                    ( - -1.999e+03 3 0)
|                    ( - -1.094e+04 11 0 QUESTION7 -1 1.033e+02 5.214e+01))))
|        ( QUESTION7 -1 -1.446e+04 1.872e+02 6.769e+01
|            ( - -2.823e+02 1 0)
|            ( QUESTION2_2_L -1 -1.399e+04 1.666e+02 6.569e+01
|                ( - -7.197e+02 1 0)
|                ( - -1.310e+04 9 0 QUESTION0 -1 9.773e+01 6.169e+01)))))
s>    ( WDBNDRY_E 0 -4.235e+04 2.221e+02 1.985e+02
s>        ( - -2.707e+02 1 0)
s>        ( WDBNDRY_B 0 -4.185e+04 1.433e+02 1.965e+02
s>            ( QUESTION14 -1 -2.725e+04 1.322e+02 1.289e+02
s>                ( - -1.362e+04 6 0)
s>                ( QUESTION4 -1 -1.350e+04 1.269e+02 6.414e+01
s>                    ( - -3.163e+02 1 0)
s>                    ( QUESTION2_1_L -1 -1.306e+04 1.204e+02 6.214e+01
s>                        ( - -1.999e+03 3 0)
s>                        ( - -1.094e+04 11 0 QUESTION7 -1 1.033e+02 5.214e+01))))
s>            ( QUESTION7 -1 -1.446e+04 1.872e+02 6.769e+01
s>                ( - -2.823e+02 1 0)
s>                ( QUESTION2_2_L -1 -1.399e+04 1.666e+02 6.569e+01
s>                    ( - -7.197e+02 1 0)
s>                    ( - -1.310e+04 9 0 QUESTION0 -1 9.773e+01 6.169e+01)))))INFO: dtree.c(1478): Final simple tree
|( WDBNDRY_E 0 -1.956e+04 1.828e+02 9.462e+01
|    ( - -2.530e+02 1 0)
|    ( QUESTION0_0_R 1 -1.913e+04 1.667e+02 9.262e+01
|        ( WDBNDRY_B 0 -7.817e+03 1.382e+02 3.858e+01
|            ( - -5.924e+03 3 0 QUESTION2_15_L -1 1.324e+02 2.958e+01)
|            ( QUESTION0 -1 -1.755e+03 1.438e+02 9.000e+00
|                ( - -1.084e+03 2 0)
|                ( - -5.273e+02 1 0)))
|        ( QUESTION2_0_L -1 -1.114e+04 1.632e+02 5.404e+01
|            ( QUESTION8 -1 -1.073e+04 1.483e+02 5.204e+01
|                ( WDBNDRY_B 0 -1.032e+04 1.388e+02 5.004e+01
|                    ( - -1.337e+03 4 0)
|                    ( - -8.846e+03 6 0))
|                ( - -2.605e+02 1 0))
|            ( - -2.508e+02 1 0))))
s>    ( WDBNDRY_E 0 -1.956e+04 1.828e+02 9.462e+01
s>        ( - -2.530e+02 1 0)
s>        ( QUESTION0_0_R 1 -1.913e+04 1.667e+02 9.262e+01
s>            ( WDBNDRY_B 0 -7.817e+03 1.382e+02 3.858e+01
s>                ( - -5.924e+03 3 0 QUESTION2_15_L -1 1.324e+02 2.958e+01)
s>                ( QUESTION0 -1 -1.755e+03 1.438e+02 9.000e+00
s>                    ( - -1.084e+03 2 0)
s>                    ( - -5.273e+02 1 0)))
s>            ( QUESTION2_0_L -1 -1.114e+04 1.632e+02 5.404e+01
s>                ( QUESTION8 -1 -1.073e+04 1.483e+02 5.204e+01
s>                    ( WDBNDRY_B 0 -1.032e+04 1.388e+02 5.004e+01
s>                        ( - -1.337e+03 4 0)
s>                        ( - -8.846e+03 6 0))
s>                    ( - -2.605e+02 1 0))
s>                ( - -2.508e+02 1 0))))INFO: dtree.c(1315): Comp split 17
INFO: dtree.c(1478): Final simple tree
|( WDBNDRY_B 0 -4.185e+04 1.433e+02 1.965e+02
|    ( QUESTION14 -1 -2.725e+04 1.322e+02 1.289e+02
|        ( - -1.362e+04 6 0)
|        ( QUESTION4 -1 -1.350e+04 1.269e+02 6.414e+01
|            ( - -3.163e+02 1 0)
|            ( QUESTION2_1_L -1 -1.306e+04 1.204e+02 6.214e+01
|                ( - -1.999e+03 3 0)
|                ( QUESTION7 -1 -1.094e+04 1.033e+02 5.214e+01
|                    ( - -1.644e+03 3 0)
|                    ( - -9.190e+03 8 0 QUESTION6 -1 8.873e+01 4.414e+01)))))
|    ( QUESTION7 -1 -1.446e+04 1.872e+02 6.769e+01
|        ( - -2.823e+02 1 0)
|        ( QUESTION2_2_L -1 -1.399e+04 1.666e+02 6.569e+01
|            ( - -7.197e+02 1 0)
|            ( - -1.310e+04 9 0 QUESTION0 -1 9.773e+01 6.169e+01))))
s>    ( WDBNDRY_B 0 -4.185e+04 1.433e+02 1.965e+02
s>        ( QUESTION14 -1 -2.725e+04 1.322e+02 1.289e+02
s>            ( - -1.362e+04 6 0)
s>            ( QUESTION4 -1 -1.350e+04 1.269e+02 6.414e+01
s>                ( - -3.163e+02 1 0)
s>                ( QUESTION2_1_L -1 -1.306e+04 1.204e+02 6.214e+01
s>                    ( - -1.999e+03 3 0)
s>                    ( QUESTION7 -1 -1.094e+04 1.033e+02 5.214e+01
s>                        ( - -1.644e+03 3 0)
s>                        ( - -9.190e+03 8 0 QUESTION6 -1 8.873e+01 4.414e+01)))))
s>        ( QUESTION7 -1 -1.446e+04 1.872e+02 6.769e+01
s>            ( - -2.823e+02 1 0)
s>            ( QUESTION2_2_L -1 -1.399e+04 1.666e+02 6.569e+01
s>                ( - -7.197e+02 1 0)
s>                ( - -1.310e+04 9 0 QUESTION0 -1 9.773e+01 6.169e+01))))INFO: dtree.c(1315): Comp split 18
INFO: dtree.c(1439): stop. leaf nodes are specific
INFO: dtree.c(1478): Final simple tree
|( QUESTION0 -1 -8.863e+03 1.202e+02 4.296e+01
|    ( - -8.061e+03 2 0)
|    ( - -6.824e+02 1 0))
s>    ( QUESTION0 -1 -8.863e+03 1.202e+02 4.296e+01
s>        ( - -8.061e+03 2 0)
s>        ( - -6.824e+02 1 0))INFO: dtree.c(1439): stop. leaf nodes are specific
INFO: dtree.c(1478): Final simple tree
|( WDBNDRY_E 0 -1.306e+04 1.015e+02 6.307e+01
|    ( - -1.142e+03 2 0)
|    ( - -1.181e+04 2 0))
s>    ( WDBNDRY_E 0 -1.306e+04 1.015e+02 6.307e+01
s>        ( - -1.142e+03 2 0)
s>        ( - -1.181e+04 2 0))INFO: dtree.c(1315): Comp split 19
INFO: dtree.c(1478): Final simple tree
|( QUESTION13 1 -1.359e+04 1.804e+02 6.501e+01
|    ( QUESTION0_8_R 1 -7.509e+03 1.567e+02 3.601e+01
|        ( - -2.504e+02 1 0)
|        ( QUESTION8 -1 -7.102e+03 1.536e+02 3.401e+01
|            ( - -5.036e+02 1 0)
|            ( QUESTION0_11_R 1 -6.444e+03 1.514e+02 3.101e+01
|                ( - -2.738e+03 1 0)
|                ( WDBNDRY_E 0 -3.555e+03 1.226e+02 1.701e+01
|                    ( - -2.895e+02 2 0 QUESTION0_4_R 1 7.732e+02 2.000e+00)
|                    ( - -3.143e+03 7 0 QUESTION0_5_R 1 1.191e+02 1.501e+01)))))
|    ( QUESTION17 -1 -5.903e+03 1.791e+02 2.900e+01
|        ( - -2.177e+02 1 0)
|        ( QUESTION2_14_L -1 -5.506e+03 1.302e+02 2.700e+01
|            ( - -1.598e+03 2 0)
|            ( - -3.778e+03 8 0 QUESTION0 -1 1.025e+02 1.900e+01))))
s>    ( QUESTION13 1 -1.359e+04 1.804e+02 6.501e+01
s>        ( QUESTION0_8_R 1 -7.509e+03 1.567e+02 3.601e+01
s>            ( - -2.504e+02 1 0)
s>            ( QUESTION8 -1 -7.102e+03 1.536e+02 3.401e+01
s>                ( - -5.036e+02 1 0)
s>                ( QUESTION0_11_R 1 -6.444e+03 1.514e+02 3.101e+01
s>                    ( - -2.738e+03 1 0)
s>                    ( WDBNDRY_E 0 -3.555e+03 1.226e+02 1.701e+01
s>                        ( - -2.895e+02 2 0 QUESTION0_4_R 1 7.732e+02 2.000e+00)
s>                        ( - -3.143e+03 7 0 QUESTION0_5_R 1 1.191e+02 1.501e+01)))))
s>        ( QUESTION17 -1 -5.903e+03 1.791e+02 2.900e+01
s>            ( - -2.177e+02 1 0)
s>            ( QUESTION2_14_L -1 -5.506e+03 1.302e+02 2.700e+01
s>                ( - -1.598e+03 2 0)
s>                ( - -3.778e+03 8 0 QUESTION0 -1 1.025e+02 1.900e+01))))INFO: dtree.c(1315): Comp split 20
INFO: dtree.c(1439): stop. leaf nodes are specific
INFO: dtree.c(1478): Final simple tree
|( WDBNDRY_E 0 -1.800e+04 1.645e+02 8.705e+01
|    ( - -5.124e+02 1 0)
|    ( WDBNDRY_B 0 -1.732e+04 1.204e+02 8.405e+01
|        ( - -5.635e+02 2 0)
|        ( - -1.664e+04 2 0)))
s>    ( WDBNDRY_E 0 -1.800e+04 1.645e+02 8.705e+01
s>        ( - -5.124e+02 1 0)
s>        ( WDBNDRY_B 0 -1.732e+04 1.204e+02 8.405e+01
s>            ( - -5.635e+02 2 0)
s>            ( - -1.664e+04 2 0)))INFO: dtree.c(1315): Comp split 21
INFO: dtree.c(1478): Final simple tree
|( QUESTION0_8_R 1 -1.066e+04 1.572e+02 5.101e+01
|    ( - -2.504e+02 1 0)
|    ( QUESTION17 -1 -1.025e+04 1.816e+02 4.901e+01
|        ( - -2.177e+02 1 0)
|        ( QUESTION8 -1 -9.854e+03 1.533e+02 4.701e+01
|            ( - -5.036e+02 1 0)
|            ( QUESTION13 1 -9.197e+03 1.358e+02 4.401e+01
|                ( WDBNDRY_E 0 -3.555e+03 1.226e+02 1.701e+01
|                    ( QUESTION0_4_R 1 -2.895e+02 7.732e+02 2.000e+00
|                        ( - 2.417e+02 1 0)
|                        ( - 2.420e+02 1 0))
|                    ( - -3.143e+03 7 0 QUESTION0_5_R 1 1.191e+02 1.501e+01))
|                ( QUESTION2_14_L -1 -5.506e+03 1.302e+02 2.700e+01
|                    ( - -1.598e+03 2 0)
|                    ( - -3.778e+03 8 0 QUESTION0 -1 1.025e+02 1.900e+01))))))
s>    ( QUESTION0_8_R 1 -1.066e+04 1.572e+02 5.101e+01
s>        ( - -2.504e+02 1 0)
s>        ( QUESTION17 -1 -1.025e+04 1.816e+02 4.901e+01
s>            ( - -2.177e+02 1 0)
s>            ( QUESTION8 -1 -9.854e+03 1.533e+02 4.701e+01
s>                ( - -5.036e+02 1 0)
s>                ( QUESTION13 1 -9.197e+03 1.358e+02 4.401e+01
s>                    ( WDBNDRY_E 0 -3.555e+03 1.226e+02 1.701e+01
s>                        ( QUESTION0_4_R 1 -2.895e+02 7.732e+02 2.000e+00
s>                            ( - 2.417e+02 1 0)
s>                            ( - 2.420e+02 1 0))
s>                        ( - -3.143e+03 7 0 QUESTION0_5_R 1 1.191e+02 1.501e+01))
s>                    ( QUESTION2_14_L -1 -5.506e+03 1.302e+02 2.700e+01
s>                        ( - -1.598e+03 2 0)
s>                        ( - -3.778e+03 8 0 QUESTION0 -1 1.025e+02 1.900e+01))))))INFO: dtree.c(1315): Comp split 22
INFO: dtree.c(1478): Final simple tree
|( QUESTION0_8_R 1 -1.044e+04 1.567e+02 5.001e+01
|    ( - -2.504e+02 1 0)
|    ( QUESTION17 -1 -1.003e+04 1.822e+02 4.801e+01
|        ( - -2.177e+02 1 0)
|        ( QUESTION8 -1 -9.635e+03 1.547e+02 4.601e+01
|            ( - -5.036e+02 1 0)
|            ( QUESTION13 1 -8.977e+03 1.328e+02 4.301e+01
|                ( WDBNDRY_E 0 -3.338e+03 4.362e+02 1.601e+01
|                    ( - 2.417e+02 1 0)
|                    ( QUESTION0_5_R 1 -3.143e+03 1.191e+02 1.501e+01
|                        ( - -3.143e+02 2 0)
|                        ( - -2.710e+03 5 0 WDBNDRY_S 0 1.730e+02 1.301e+01)))
|                ( QUESTION2_14_L -1 -5.506e+03 1.302e+02 2.700e+01
|                    ( - -1.598e+03 2 0)
|                    ( - -3.778e+03 8 0 QUESTION0 -1 1.025e+02 1.900e+01))))))
s>    ( QUESTION0_8_R 1 -1.044e+04 1.567e+02 5.001e+01
s>        ( - -2.504e+02 1 0)
s>        ( QUESTION17 -1 -1.003e+04 1.822e+02 4.801e+01
s>            ( - -2.177e+02 1 0)
s>            ( QUESTION8 -1 -9.635e+03 1.547e+02 4.601e+01
s>                ( - -5.036e+02 1 0)
s>                ( QUESTION13 1 -8.977e+03 1.328e+02 4.301e+01
s>                    ( WDBNDRY_E 0 -3.338e+03 4.362e+02 1.601e+01
s>                        ( - 2.417e+02 1 0)
s>                        ( QUESTION0_5_R 1 -3.143e+03 1.191e+02 1.501e+01
s>                            ( - -3.143e+02 2 0)
s>                            ( - -2.710e+03 5 0 WDBNDRY_S 0 1.730e+02 1.301e+01)))
s>                    ( QUESTION2_14_L -1 -5.506e+03 1.302e+02 2.700e+01
s>                        ( - -1.598e+03 2 0)
s>                        ( - -3.778e+03 8 0 QUESTION0 -1 1.025e+02 1.900e+01))))))INFO: dtree.c(1315): Comp split 23
INFO: dtree.c(1478): Final simple tree
|( QUESTION0_8_R 1 -1.024e+04 1.564e+02 4.901e+01
|    ( - -2.504e+02 1 0)
|    ( QUESTION17 -1 -9.835e+03 1.820e+02 4.701e+01
|        ( - -2.177e+02 1 0)
|        ( QUESTION8 -1 -9.436e+03 1.544e+02 4.501e+01
|            ( - -5.036e+02 1 0)
|            ( QUESTION13 1 -8.778e+03 1.284e+02 4.201e+01
|                ( QUESTION0_5_R 1 -3.143e+03 1.191e+02 1.501e+01
|                    ( - -3.143e+02 2 0)
|                    ( WDBNDRY_S 0 -2.710e+03 1.730e+02 1.301e+01
|                        ( - -2.315e+02 1 0)
|                        ( - -2.305e+03 4 0 QUESTION0 -1 1.237e+02 1.101e+01)))
|                ( QUESTION2_14_L -1 -5.506e+03 1.302e+02 2.700e+01
|                    ( - -1.598e+03 2 0)
|                    ( - -3.778e+03 8 0 QUESTION0 -1 1.025e+02 1.900e+01))))))
s>    ( QUESTION0_8_R 1 -1.024e+04 1.564e+02 4.901e+01
s>        ( - -2.504e+02 1 0)
s>        ( QUESTION17 -1 -9.835e+03 1.820e+02 4.701e+01
s>            ( - -2.177e+02 1 0)
s>            ( QUESTION8 -1 -9.436e+03 1.544e+02 4.501e+01
s>                ( - -5.036e+02 1 0)
s>                ( QUESTION13 1 -8.778e+03 1.284e+02 4.201e+01
s>                    ( QUESTION0_5_R 1 -3.143e+03 1.191e+02 1.501e+01
s>                        ( - -3.143e+02 2 0)
s>                        ( WDBNDRY_S 0 -2.710e+03 1.730e+02 1.301e+01
s>                            ( - -2.315e+02 1 0)
s>                            ( - -2.305e+03 4 0 QUESTION0 -1 1.237e+02 1.101e+01)))
s>                    ( QUESTION2_14_L -1 -5.506e+03 1.302e+02 2.700e+01
s>                        ( - -1.598e+03 2 0)
s>                        ( - -3.778e+03 8 0 QUESTION0 -1 1.025e+02 1.900e+01))))))INFO: dtree.c(1315): Comp split 24
INFO: dtree.c(1439): stop. leaf nodes are specific
INFO: dtree.c(1478): Final simple tree
|( QUESTION3 -1 -1.566e+04 1.239e+02 7.369e+01
|    ( - -3.163e+02 1 0)
|    ( WDBNDRY_B 0 -1.522e+04 1.146e+02 7.169e+01
|        ( - -1.999e+03 3 0)
|        ( QUESTION0 -1 -1.310e+04 9.773e+01 6.169e+01
|            ( - -5.963e+03 4 0)
|            ( - -7.043e+03 5 0))))
s>    ( QUESTION3 -1 -1.566e+04 1.239e+02 7.369e+01
s>        ( - -3.163e+02 1 0)
s>        ( WDBNDRY_B 0 -1.522e+04 1.146e+02 7.169e+01
s>            ( - -1.999e+03 3 0)
s>            ( QUESTION0 -1 -1.310e+04 9.773e+01 6.169e+01
s>                ( - -5.963e+03 4 0)
s>                ( - -7.043e+03 5 0))))INFO: dtree.c(1439): stop. leaf nodes are specific
INFO: dtree.c(1478): Final simple tree
|( WDBNDRY_B 0 -2.601e+04 1.510e+02 1.229e+02
|    ( QUESTION14 -1 -2.469e+04 1.318e+02 1.169e+02
|        ( - -1.362e+04 6 0)
|        ( QUESTION7 -1 -1.094e+04 1.033e+02 5.214e+01
|            ( - -1.644e+03 3 0)
|            ( QUESTION6 -1 -9.190e+03 8.873e+01 4.414e+01
|                ( - -2.805e+03 3 0)
|                ( QUESTION0 -1 -6.296e+03 8.331e+01 3.014e+01
|                    ( - -4.776e+03 3 0)
|                    ( - -1.436e+03 2 0)))))
|    ( QUESTION2 -1 -1.166e+03 1.644e+02 6.000e+00
|        ( - -7.197e+02 1 0)
|        ( - -2.823e+02 1 0)))
s>    ( WDBNDRY_B 0 -2.601e+04 1.510e+02 1.229e+02
s>        ( QUESTION14 -1 -2.469e+04 1.318e+02 1.169e+02
s>            ( - -1.362e+04 6 0)
s>            ( QUESTION7 -1 -1.094e+04 1.033e+02 5.214e+01
s>                ( - -1.644e+03 3 0)
s>                ( QUESTION6 -1 -9.190e+03 8.873e+01 4.414e+01
s>                    ( - -2.805e+03 3 0)
s>                    ( QUESTION0 -1 -6.296e+03 8.331e+01 3.014e+01
s>                        ( - -4.776e+03 3 0)
s>                        ( - -1.436e+03 2 0)))))
s>        ( QUESTION2 -1 -1.166e+03 1.644e+02 6.000e+00
s>            ( - -7.197e+02 1 0)
s>            ( - -2.823e+02 1 0)))INFO: dtree.c(1315): Comp split 25
INFO: dtree.c(1439): stop. leaf nodes are specific
INFO: dtree.c(1478): Final simple tree
|( WDBNDRY_B 0 -6.812e+04 1.405e+02 3.241e+02
|    ( - -2.150e+04 8 0)
|    ( - -4.648e+04 11 0))
s>    ( WDBNDRY_B 0 -6.812e+04 1.405e+02 3.241e+02
s>        ( - -2.150e+04 8 0)
s>        ( - -4.648e+04 11 0))INFO: dtree.c(1439): stop. leaf nodes are specific
INFO: dtree.c(1478): Final simple tree
|( WDBNDRY_E 0 -4.115e+03 1.450e+02 1.999e+01
|    ( - -2.959e+02 1 0)
|    ( - -3.674e+03 2 0))
s>    ( WDBNDRY_E 0 -4.115e+03 1.450e+02 1.999e+01
s>        ( - -2.959e+02 1 0)
s>        ( - -3.674e+03 2 0))INFO: dtree.c(1315): Comp split 26
INFO: dtree.c(1478): Final simple tree
|( QUESTION8 -1 -9.827e+03 1.567e+02 4.701e+01
|    ( - -5.036e+02 1 0)
|    ( QUESTION0_8_R 1 -9.167e+03 1.547e+02 4.401e+01
|        ( - -2.504e+02 1 0)
|        ( QUESTION17 -1 -8.762e+03 1.826e+02 4.201e+01
|            ( - -2.177e+02 1 0)
|            ( QUESTION2_14_L -1 -8.362e+03 1.261e+02 4.001e+01
|                ( - -3.142e+03 3 0 WDBNDRY_B 0 1.175e+02 1.501e+01)
|                ( WDBNDRY_B 0 -5.093e+03 4.492e+02 2.500e+01
|                    ( - 2.178e+02 1 0)
|                    ( QUESTION20 1 -4.862e+03 1.276e+02 2.400e+01
|                        ( QUESTION0 -1 -5.371e+02 4.360e+02 3.000e+00
|                            ( - 1.810e+02 1 0)
|                            ( - -2.821e+02 1 0))
|                        ( - -4.197e+03 10 0 QUESTION0 -1 1.090e+02 2.100e+01)))))))
s>    ( QUESTION8 -1 -9.827e+03 1.567e+02 4.701e+01
s>        ( - -5.036e+02 1 0)
s>        ( QUESTION0_8_R 1 -9.167e+03 1.547e+02 4.401e+01
s>            ( - -2.504e+02 1 0)
s>            ( QUESTION17 -1 -8.762e+03 1.826e+02 4.201e+01
s>                ( - -2.177e+02 1 0)
s>                ( QUESTION2_14_L -1 -8.362e+03 1.261e+02 4.001e+01
s>                    ( - -3.142e+03 3 0 WDBNDRY_B 0 1.175e+02 1.501e+01)
s>                    ( WDBNDRY_B 0 -5.093e+03 4.492e+02 2.500e+01
s>                        ( - 2.178e+02 1 0)
s>                        ( QUESTION20 1 -4.862e+03 1.276e+02 2.400e+01
s>                            ( QUESTION0 -1 -5.371e+02 4.360e+02 3.000e+00
s>                                ( - 1.810e+02 1 0)
s>                                ( - -2.821e+02 1 0))
s>                            ( - -4.197e+03 10 0 QUESTION0 -1 1.090e+02 2.100e+01)))))))INFO: dtree.c(1315): Comp split 27
INFO: dtree.c(1478): Final simple tree
|( QUESTION8 -1 -9.604e+03 1.577e+02 4.601e+01
|    ( - -5.036e+02 1 0)
|    ( QUESTION0_8_R 1 -8.943e+03 1.549e+02 4.301e+01
|        ( - -2.504e+02 1 0)
|        ( QUESTION17 -1 -8.538e+03 1.824e+02 4.101e+01
|            ( - -2.177e+02 1 0)
|            ( QUESTION2_14_L -1 -8.137e+03 1.332e+02 3.901e+01
|                ( WDBNDRY_B 0 -3.142e+03 1.175e+02 1.501e+01
|                    ( - -1.427e+03 1 0)
|                    ( - -1.598e+03 2 0))
|                ( QUESTION20 1 -4.862e+03 1.276e+02 2.400e+01
|                    ( QUESTION0 -1 -5.371e+02 4.360e+02 3.000e+00
|                        ( - 1.810e+02 1 0)
|                        ( - -2.821e+02 1 0))
|                    ( - -4.197e+03 10 0 QUESTION0 -1 1.090e+02 2.100e+01))))))
s>    ( QUESTION8 -1 -9.604e+03 1.577e+02 4.601e+01
s>        ( - -5.036e+02 1 0)
s>        ( QUESTION0_8_R 1 -8.943e+03 1.549e+02 4.301e+01
s>            ( - -2.504e+02 1 0)
s>            ( QUESTION17 -1 -8.538e+03 1.824e+02 4.101e+01
s>                ( - -2.177e+02 1 0)
s>                ( QUESTION2_14_L -1 -8.137e+03 1.332e+02 3.901e+01
s>                    ( WDBNDRY_B 0 -3.142e+03 1.175e+02 1.501e+01
s>                        ( - -1.427e+03 1 0)
s>                        ( - -1.598e+03 2 0))
s>                    ( QUESTION20 1 -4.862e+03 1.276e+02 2.400e+01
s>                        ( QUESTION0 -1 -5.371e+02 4.360e+02 3.000e+00
s>                            ( - 1.810e+02 1 0)
s>                            ( - -2.821e+02 1 0))
s>                        ( - -4.197e+03 10 0 QUESTION0 -1 1.090e+02 2.100e+01))))))INFO: dtree.c(1315): Comp split 28
INFO: dtree.c(1478): Final simple tree
|( QUESTION8 -1 -9.358e+03 1.577e+02 4.501e+01
|    ( - -5.036e+02 1 0)
|    ( QUESTION0_8_R 1 -8.697e+03 1.548e+02 4.201e+01
|        ( - -2.504e+02 1 0)
|        ( QUESTION17 -1 -8.291e+03 1.826e+02 4.001e+01
|            ( - -2.177e+02 1 0)
|            ( QUESTION2_14_L -1 -7.891e+03 1.366e+02 3.801e+01
|                ( WDBNDRY_B 0 -3.142e+03 1.175e+02 1.501e+01
|                    ( - -1.427e+03 1 0)
|                    ( - -1.598e+03 2 0))
|                ( QUESTION20 1 -4.612e+03 1.329e+02 2.300e+01
|                    ( - -2.821e+02 1 0)
|                    ( QUESTION0 -1 -4.197e+03 1.090e+02 2.100e+01
|                        ( - -3.205e+03 7 0 WDBNDRY_E 0 1.053e+02 1.600e+01)
|                        ( - -8.831e+02 3 0)))))))
s>    ( QUESTION8 -1 -9.358e+03 1.577e+02 4.501e+01
s>        ( - -5.036e+02 1 0)
s>        ( QUESTION0_8_R 1 -8.697e+03 1.548e+02 4.201e+01
s>            ( - -2.504e+02 1 0)
s>            ( QUESTION17 -1 -8.291e+03 1.826e+02 4.001e+01
s>                ( - -2.177e+02 1 0)
s>                ( QUESTION2_14_L -1 -7.891e+03 1.366e+02 3.801e+01
s>                    ( WDBNDRY_B 0 -3.142e+03 1.175e+02 1.501e+01
s>                        ( - -1.427e+03 1 0)
s>                        ( - -1.598e+03 2 0))
s>                    ( QUESTION20 1 -4.612e+03 1.329e+02 2.300e+01
s>                        ( - -2.821e+02 1 0)
s>                        ( QUESTION0 -1 -4.197e+03 1.090e+02 2.100e+01
s>                            ( - -3.205e+03 7 0 WDBNDRY_E 0 1.053e+02 1.600e+01)
s>                            ( - -8.831e+02 3 0)))))))INFO: dtree.c(1315): Comp split 29
INFO: dtree.c(1478): Final simple tree
|( QUESTION0_0_R 1 -1.913e+04 1.667e+02 9.262e+01
|    ( WDBNDRY_B 0 -7.817e+03 1.382e+02 3.858e+01
|        ( QUESTION2_15_L -1 -5.924e+03 1.324e+02 2.958e+01
|            ( - -2.864e+02 1 0)
|            ( - -5.506e+03 2 0 QUESTION2_12_L -1 9.295e+01 2.758e+01))
|        ( QUESTION0 -1 -1.755e+03 1.438e+02 9.000e+00
|            ( - -1.084e+03 2 0)
|            ( - -5.273e+02 1 0)))
|    ( QUESTION2_0_L -1 -1.114e+04 1.632e+02 5.404e+01
|        ( QUESTION8 -1 -1.073e+04 1.483e+02 5.204e+01
|            ( WDBNDRY_B 0 -1.032e+04 1.388e+02 5.004e+01
|                ( - -1.337e+03 4 0)
|                ( - -8.846e+03 6 0))
|            ( - -2.605e+02 1 0))
|        ( - -2.508e+02 1 0)))
s>    ( QUESTION0_0_R 1 -1.913e+04 1.667e+02 9.262e+01
s>        ( WDBNDRY_B 0 -7.817e+03 1.382e+02 3.858e+01
s>            ( QUESTION2_15_L -1 -5.924e+03 1.324e+02 2.958e+01
s>                ( - -2.864e+02 1 0)
s>                ( - -5.506e+03 2 0 QUESTION2_12_L -1 9.295e+01 2.758e+01))
s>            ( QUESTION0 -1 -1.755e+03 1.438e+02 9.000e+00
s>                ( - -1.084e+03 2 0)
s>                ( - -5.273e+02 1 0)))
s>        ( QUESTION2_0_L -1 -1.114e+04 1.632e+02 5.404e+01
s>            ( QUESTION8 -1 -1.073e+04 1.483e+02 5.204e+01
s>                ( WDBNDRY_B 0 -1.032e+04 1.388e+02 5.004e+01
s>                    ( - -1.337e+03 4 0)
s>                    ( - -8.846e+03 6 0))
s>                ( - -2.605e+02 1 0))
s>            ( - -2.508e+02 1 0)))INFO: dtree.c(1315): Comp split 30
INFO: dtree.c(1478): Final simple tree
|( QUESTION8 -1 -8.959e+03 1.584e+02 4.301e+01
|    ( - -5.036e+02 1 0)
|    ( QUESTION0_8_R 1 -8.297e+03 1.558e+02 4.001e+01
|        ( - -2.504e+02 1 0)
|        ( QUESTION2_14_L -1 -7.891e+03 1.366e+02 3.801e+01
|            ( WDBNDRY_B 0 -3.142e+03 1.175e+02 1.501e+01
|                ( - -1.427e+03 1 0)
|                ( - -1.598e+03 2 0))
|            ( QUESTION20 1 -4.612e+03 1.329e+02 2.300e+01
|                ( - -2.821e+02 1 0)
|                ( QUESTION0 -1 -4.197e+03 1.090e+02 2.100e+01
|                    ( WDBNDRY_E 0 -3.205e+03 1.053e+02 1.600e+01
|                        ( - -3.279e+02 1 0)
|                        ( - -2.772e+03 6 0 QUESTION0_3_R 1 9.813e+01 1.400e+01))
|                    ( - -8.831e+02 3 0))))))
s>    ( QUESTION8 -1 -8.959e+03 1.584e+02 4.301e+01
s>        ( - -5.036e+02 1 0)
s>        ( QUESTION0_8_R 1 -8.297e+03 1.558e+02 4.001e+01
s>            ( - -2.504e+02 1 0)
s>            ( QUESTION2_14_L -1 -7.891e+03 1.366e+02 3.801e+01
s>                ( WDBNDRY_B 0 -3.142e+03 1.175e+02 1.501e+01
s>                    ( - -1.427e+03 1 0)
s>                    ( - -1.598e+03 2 0))
s>                ( QUESTION20 1 -4.612e+03 1.329e+02 2.300e+01
s>                    ( - -2.821e+02 1 0)
s>                    ( QUESTION0 -1 -4.197e+03 1.090e+02 2.100e+01
s>                        ( WDBNDRY_E 0 -3.205e+03 1.053e+02 1.600e+01
s>                            ( - -3.279e+02 1 0)
s>                            ( - -2.772e+03 6 0 QUESTION0_3_R 1 9.813e+01 1.400e+01))
s>                        ( - -8.831e+02 3 0))))))INFO: dtree.c(1315): Comp split 31
INFO: dtree.c(1439): stop. leaf nodes are specific
INFO: dtree.c(1478): Final simple tree
|( QUESTION2_12_L -1 -5.506e+03 9.295e+01 2.758e+01
|    ( - -1.948e+03 1 0)
|    ( - -3.465e+03 1 0))
s>    ( QUESTION2_12_L -1 -5.506e+03 9.295e+01 2.758e+01
s>        ( - -1.948e+03 1 0)
s>        ( - -3.465e+03 1 0))INFO: dtree.c(1439): stop. leaf nodes are specific
INFO: dtree.c(1478): Final simple tree
|( QUESTION2_17_L -1 -1.345e+04 1.615e+02 6.504e+01
|    ( - -2.508e+02 1 0)
|    ( QUESTION9 -1 -1.303e+04 1.471e+02 6.304e+01
|        ( - -2.605e+02 1 0)
|        ( QUESTION0_0_R 1 -1.263e+04 1.359e+02 6.104e+01
|            ( QUESTION0 -1 -2.169e+03 1.359e+02 1.100e+01
|                ( WDBNDRY_B 0 -1.506e+03 1.360e+02 8.000e+00
|                    ( - -2.864e+02 1 0)
|                    ( - -1.084e+03 2 0))
|                ( - -5.273e+02 1 0))
|            ( WDBNDRY_B 0 -1.032e+04 1.388e+02 5.004e+01
|                ( - -1.337e+03 4 0)
|                ( - -8.846e+03 6 0)))))
s>    ( QUESTION2_17_L -1 -1.345e+04 1.615e+02 6.504e+01
s>        ( - -2.508e+02 1 0)
s>        ( QUESTION9 -1 -1.303e+04 1.471e+02 6.304e+01
s>            ( - -2.605e+02 1 0)
s>            ( QUESTION0_0_R 1 -1.263e+04 1.359e+02 6.104e+01
s>                ( QUESTION0 -1 -2.169e+03 1.359e+02 1.100e+01
s>                    ( WDBNDRY_B 0 -1.506e+03 1.360e+02 8.000e+00
s>                        ( - -2.864e+02 1 0)
s>                        ( - -1.084e+03 2 0))
s>                    ( - -5.273e+02 1 0))
s>                ( WDBNDRY_B 0 -1.032e+04 1.388e+02 5.004e+01
s>                    ( - -1.337e+03 4 0)
s>                    ( - -8.846e+03 6 0)))))INFO: dtree.c(1315): Comp split 32
INFO: dtree.c(1439): stop. leaf nodes are specific
INFO: dtree.c(1478): Final simple tree
|( WDBNDRY_B 0 -2.555e+04 1.397e+02 1.209e+02
|    ( QUESTION14 -1 -2.469e+04 1.318e+02 1.169e+02
|        ( - -1.362e+04 6 0)
|        ( QUESTION7 -1 -1.094e+04 1.033e+02 5.214e+01
|            ( - -1.644e+03 3 0)
|            ( QUESTION6 -1 -9.190e+03 8.873e+01 4.414e+01
|                ( - -2.805e+03 3 0)
|                ( QUESTION0 -1 -6.296e+03 8.331e+01 3.014e+01
|                    ( - -4.776e+03 3 0)
|                    ( - -1.436e+03 2 0)))))
|    ( - -7.197e+02 1 0))
s>    ( WDBNDRY_B 0 -2.555e+04 1.397e+02 1.209e+02
s>        ( QUESTION14 -1 -2.469e+04 1.318e+02 1.169e+02
s>            ( - -1.362e+04 6 0)
s>            ( QUESTION7 -1 -1.094e+04 1.033e+02 5.214e+01
s>                ( - -1.644e+03 3 0)
s>                ( QUESTION6 -1 -9.190e+03 8.873e+01 4.414e+01
s>                    ( - -2.805e+03 3 0)
s>                    ( QUESTION0 -1 -6.296e+03 8.331e+01 3.014e+01
s>                        ( - -4.776e+03 3 0)
s>                        ( - -1.436e+03 2 0)))))
s>        ( - -7.197e+02 1 0))INFO: dtree.c(1315): Comp split 33
INFO: dtree.c(1315): Comp split 34
INFO: dtree.c(1439): stop. leaf nodes are specific
INFO: dtree.c(1478): Final simple tree
|( WDBNDRY_B 0 -1.732e+04 1.204e+02 8.405e+01
|    ( - -5.635e+02 2 0)
|    ( - -1.664e+04 2 0))
s>    ( WDBNDRY_B 0 -1.732e+04 1.204e+02 8.405e+01
s>        ( - -5.635e+02 2 0)
s>        ( - -1.664e+04 2 0))INFO: dtree.c(1315): Comp split 35
INFO: dtree.c(1439): stop. leaf nodes are specific
INFO: dtree.c(1478): Final simple tree
|( QUESTION9 -1 -1.303e+04 1.471e+02 6.304e+01
|    ( - -2.605e+02 1 0)
|    ( QUESTION0_0_R 1 -1.263e+04 1.359e+02 6.104e+01
|        ( QUESTION0 -1 -2.169e+03 1.359e+02 1.100e+01
|            ( WDBNDRY_B 0 -1.506e+03 1.360e+02 8.000e+00
|                ( - -2.864e+02 1 0)
|                ( - -1.084e+03 2 0))
|            ( - -5.273e+02 1 0))
|        ( WDBNDRY_B 0 -1.032e+04 1.388e+02 5.004e+01
|            ( - -1.337e+03 4 0)
|            ( - -8.846e+03 6 0))))
s>    ( QUESTION9 -1 -1.303e+04 1.471e+02 6.304e+01
s>        ( - -2.605e+02 1 0)
s>        ( QUESTION0_0_R 1 -1.263e+04 1.359e+02 6.104e+01
s>            ( QUESTION0 -1 -2.169e+03 1.359e+02 1.100e+01
s>                ( WDBNDRY_B 0 -1.506e+03 1.360e+02 8.000e+00
s>                    ( - -2.864e+02 1 0)
s>                    ( - -1.084e+03 2 0))
s>                ( - -5.273e+02 1 0))
s>            ( WDBNDRY_B 0 -1.032e+04 1.388e+02 5.004e+01
s>                ( - -1.337e+03 4 0)
s>                ( - -8.846e+03 6 0))))INFO: dtree.c(1315): Comp split 36
INFO: dtree.c(1478): Final simple tree
|( QUESTION0_8_R 1 -8.297e+03 1.558e+02 4.001e+01
|    ( - -2.504e+02 1 0)
|    ( QUESTION2_14_L -1 -7.891e+03 1.366e+02 3.801e+01
|        ( WDBNDRY_B 0 -3.142e+03 1.175e+02 1.501e+01
|            ( - -1.427e+03 1 0)
|            ( - -1.598e+03 2 0))
|        ( QUESTION20 1 -4.612e+03 1.329e+02 2.300e+01
|            ( - -2.821e+02 1 0)
|            ( QUESTION0 -1 -4.197e+03 1.090e+02 2.100e+01
|                ( WDBNDRY_E 0 -3.205e+03 1.053e+02 1.600e+01
|                    ( - -3.279e+02 1 0)
|                    ( QUESTION0_3_R 1 -2.772e+03 9.813e+01 1.400e+01
|                        ( - -3.143e+02 2 0)
|                        ( - -2.359e+03 4 0 QUESTION0_1_R 1 8.722e+01 1.200e+01)))
|                ( - -8.831e+02 3 0)))))
s>    ( QUESTION0_8_R 1 -8.297e+03 1.558e+02 4.001e+01
s>        ( - -2.504e+02 1 0)
s>        ( QUESTION2_14_L -1 -7.891e+03 1.366e+02 3.801e+01
s>            ( WDBNDRY_B 0 -3.142e+03 1.175e+02 1.501e+01
s>                ( - -1.427e+03 1 0)
s>                ( - -1.598e+03 2 0))
s>            ( QUESTION20 1 -4.612e+03 1.329e+02 2.300e+01
s>                ( - -2.821e+02 1 0)
s>                ( QUESTION0 -1 -4.197e+03 1.090e+02 2.100e+01
s>                    ( WDBNDRY_E 0 -3.205e+03 1.053e+02 1.600e+01
s>                        ( - -3.279e+02 1 0)
s>                        ( QUESTION0_3_R 1 -2.772e+03 9.813e+01 1.400e+01
s>                            ( - -3.143e+02 2 0)
s>                            ( - -2.359e+03 4 0 QUESTION0_1_R 1 8.722e+01 1.200e+01)))
s>                    ( - -8.831e+02 3 0)))))INFO: dtree.c(1315): Comp split 37
INFO: dtree.c(1478): Final simple tree
|( QUESTION2_14_L -1 -7.891e+03 1.366e+02 3.801e+01
|    ( WDBNDRY_B 0 -3.142e+03 1.175e+02 1.501e+01
|        ( - -1.427e+03 1 0)
|        ( - -1.598e+03 2 0))
|    ( QUESTION20 1 -4.612e+03 1.329e+02 2.300e+01
|        ( - -2.821e+02 1 0)
|        ( QUESTION0 -1 -4.197e+03 1.090e+02 2.100e+01
|            ( WDBNDRY_E 0 -3.205e+03 1.053e+02 1.600e+01
|                ( - -3.279e+02 1 0)
|                ( QUESTION0_3_R 1 -2.772e+03 9.813e+01 1.400e+01
|                    ( - -3.143e+02 2 0)
|                    ( QUESTION0_1_R 1 -2.359e+03 8.722e+01 1.200e+01
|                        ( - -1.714e+03 3 0 QUESTION2_12_L -1 1.301e+02 9.000e+00)
|                        ( - -5.577e+02 1 0))))
|            ( - -8.831e+02 3 0))))
s>    ( QUESTION2_14_L -1 -7.891e+03 1.366e+02 3.801e+01
s>        ( WDBNDRY_B 0 -3.142e+03 1.175e+02 1.501e+01
s>            ( - -1.427e+03 1 0)
s>            ( - -1.598e+03 2 0))
s>        ( QUESTION20 1 -4.612e+03 1.329e+02 2.300e+01
s>            ( - -2.821e+02 1 0)
s>            ( QUESTION0 -1 -4.197e+03 1.090e+02 2.100e+01
s>                ( WDBNDRY_E 0 -3.205e+03 1.053e+02 1.600e+01
s>                    ( - -3.279e+02 1 0)
s>                    ( QUESTION0_3_R 1 -2.772e+03 9.813e+01 1.400e+01
s>                        ( - -3.143e+02 2 0)
s>                        ( QUESTION0_1_R 1 -2.359e+03 8.722e+01 1.200e+01
s>                            ( - -1.714e+03 3 0 QUESTION2_12_L -1 1.301e+02 9.000e+00)
s>                            ( - -5.577e+02 1 0))))
s>                ( - -8.831e+02 3 0))))INFO: dtree.c(1315): Comp split 38
INFO: dtree.c(1439): stop. leaf nodes are specific
INFO: dtree.c(1478): Final simple tree
|( WDBNDRY_B 0 -3.119e+04 1.239e+02 1.470e+02
|    ( - -3.007e+04 13 0)
|    ( - -9.961e+02 2 0))
s>    ( WDBNDRY_B 0 -3.119e+04 1.239e+02 1.470e+02
s>        ( - -3.007e+04 13 0)
s>        ( - -9.961e+02 2 0))INFO: dtree.c(1439): stop. leaf nodes are specific
INFO: dtree.c(1478): Final simple tree
|( WDBNDRY_S 0 -2.817e+03 1.423e+02 1.400e+01
|    ( - -2.694e+02 1 0)
|    ( - -2.405e+03 2 0))
s>    ( WDBNDRY_S 0 -2.817e+03 1.423e+02 1.400e+01
s>        ( - -2.694e+02 1 0)
s>        ( - -2.405e+03 2 0))INFO: dtree.c(1315): Comp split 39
INFO: dtree.c(1439): stop. leaf nodes are specific
INFO: dtree.c(1478): Final simple tree
|( WDBNDRY_E 0 -3.763e+03 1.085e+02 1.900e+01
|    ( - -8.831e+02 3 0)
|    ( QUESTION0_3_R 1 -2.772e+03 9.813e+01 1.400e+01
|        ( - -3.143e+02 2 0)
|        ( QUESTION0_1_R 1 -2.359e+03 8.722e+01 1.200e+01
|            ( QUESTION2_12_L -1 -1.714e+03 1.301e+02 9.000e+00
|                ( WDBNDRY_S 0 -1.326e+03 1.483e+02 7.000e+00
|                    ( - -2.490e+02 1 0)
|                    ( - -9.289e+02 1 0))
|                ( - -2.581e+02 1 0))
|            ( - -5.577e+02 1 0))))
s>    ( WDBNDRY_E 0 -3.763e+03 1.085e+02 1.900e+01
s>        ( - -8.831e+02 3 0)
s>        ( QUESTION0_3_R 1 -2.772e+03 9.813e+01 1.400e+01
s>            ( - -3.143e+02 2 0)
s>            ( QUESTION0_1_R 1 -2.359e+03 8.722e+01 1.200e+01
s>                ( QUESTION2_12_L -1 -1.714e+03 1.301e+02 9.000e+00
s>                    ( WDBNDRY_S 0 -1.326e+03 1.483e+02 7.000e+00
s>                        ( - -2.490e+02 1 0)
s>                        ( - -9.289e+02 1 0))
s>                    ( - -2.581e+02 1 0))
s>                ( - -5.577e+02 1 0))))INFO: dtree.c(1439): stop. leaf nodes are specific
INFO: dtree.c(1478): Final simple tree
|( QUESTION0 -1 -3.979e+03 1.246e+02 1.901e+01
|    ( WDBNDRY_I 0 -3.573e+03 1.064e+02 1.701e+01
|        ( - -1.598e+03 2 0)
|        ( WDBNDRY_B 0 -1.868e+03 1.134e+02 9.005e+00
|            ( - -1.427e+03 1 0)
|            ( - -3.279e+02 1 0)))
|    ( - -2.821e+02 1 0))
s>    ( QUESTION0 -1 -3.979e+03 1.246e+02 1.901e+01
s>        ( WDBNDRY_I 0 -3.573e+03 1.064e+02 1.701e+01
s>            ( - -1.598e+03 2 0)
s>            ( WDBNDRY_B 0 -1.868e+03 1.134e+02 9.005e+00
s>                ( - -1.427e+03 1 0)
s>                ( - -3.279e+02 1 0)))
s>        ( - -2.821e+02 1 0))INFO: dtree.c(1315): Comp split 40
INFO: dtree.c(1439): stop. leaf nodes are specific
INFO: dtree.c(1478): Final simple tree
|( QUESTION0_3_R 1 -3.366e+03 1.055e+02 1.700e+01
|    ( - -3.143e+02 2 0)
|    ( WDBNDRY_S 0 -2.946e+03 1.319e+02 1.500e+01
|        ( - -2.581e+02 1 0)
|        ( QUESTION0_1_R 1 -2.556e+03 9.987e+01 1.300e+01
|            ( WDBNDRY_E 0 -1.899e+03 8.670e+01 1.000e+01
|                ( - -8.831e+02 3 0)
|                ( - -9.289e+02 1 0))
|            ( - -5.577e+02 1 0))))
s>    ( QUESTION0_3_R 1 -3.366e+03 1.055e+02 1.700e+01
s>        ( - -3.143e+02 2 0)
s>        ( WDBNDRY_S 0 -2.946e+03 1.319e+02 1.500e+01
s>            ( - -2.581e+02 1 0)
s>            ( QUESTION0_1_R 1 -2.556e+03 9.987e+01 1.300e+01
s>                ( WDBNDRY_E 0 -1.899e+03 8.670e+01 1.000e+01
s>                    ( - -8.831e+02 3 0)
s>                    ( - -9.289e+02 1 0))
s>                ( - -5.577e+02 1 0))))INFO: dtree.c(1315): Comp split 41
INFO: dtree.c(1439): stop. leaf nodes are specific
INFO: dtree.c(1478): Final simple tree
|( QUESTION0_0_R 1 -1.263e+04 1.359e+02 6.104e+01
|    ( QUESTION0 -1 -2.169e+03 1.359e+02 1.100e+01
|        ( WDBNDRY_B 0 -1.506e+03 1.360e+02 8.000e+00
|            ( - -2.864e+02 1 0)
|            ( - -1.084e+03 2 0))
|        ( - -5.273e+02 1 0))
|    ( WDBNDRY_B 0 -1.032e+04 1.388e+02 5.004e+01
|        ( - -1.337e+03 4 0)
|        ( - -8.846e+03 6 0)))
s>    ( QUESTION0_0_R 1 -1.263e+04 1.359e+02 6.104e+01
s>        ( QUESTION0 -1 -2.169e+03 1.359e+02 1.100e+01
s>            ( WDBNDRY_B 0 -1.506e+03 1.360e+02 8.000e+00
s>                ( - -2.864e+02 1 0)
s>                ( - -1.084e+03 2 0))
s>            ( - -5.273e+02 1 0))
s>        ( WDBNDRY_B 0 -1.032e+04 1.388e+02 5.004e+01
s>            ( - -1.337e+03 4 0)
s>            ( - -8.846e+03 6 0)))INFO: dtree.c(1315): Comp split 42
INFO: dtree.c(1439): stop. leaf nodes are specific
INFO: dtree.c(1478): Final simple tree
|( WDBNDRY_B 0 -9.259e+03 1.267e+02 4.504e+01
|    ( - -2.864e+02 1 0)
|    ( - -8.846e+03 6 0))
s>    ( WDBNDRY_B 0 -9.259e+03 1.267e+02 4.504e+01
s>        ( - -2.864e+02 1 0)
s>        ( - -8.846e+03 6 0))INFO: dtree.c(1439): stop. leaf nodes are specific
INFO: dtree.c(1478): Final simple tree
|( QUESTION0 -1 -3.222e+03 1.356e+02 1.600e+01
|    ( - -1.084e+03 2 0)
|    ( WDBNDRY_B 0 -2.003e+03 1.383e+02 1.000e+01
|        ( - -1.337e+03 4 0)
|        ( - -5.273e+02 1 0)))
s>    ( QUESTION0 -1 -3.222e+03 1.356e+02 1.600e+01
s>        ( - -1.084e+03 2 0)
s>        ( WDBNDRY_B 0 -2.003e+03 1.383e+02 1.000e+01
s>            ( - -1.337e+03 4 0)
s>            ( - -5.273e+02 1 0)))INFO: dtree.c(1315): Comp split 43
INFO: dtree.c(1315): Comp split 44
INFO: dtree.c(1315): Comp split 45
INFO: dtree.c(1315): Comp split 46
INFO: dtree.c(1439): stop. leaf nodes are specific
INFO: dtree.c(1478): Final simple tree
|( QUESTION14 -1 -2.469e+04 1.318e+02 1.169e+02
|    ( - -1.362e+04 6 0)
|    ( QUESTION7 -1 -1.094e+04 1.033e+02 5.214e+01
|        ( - -1.644e+03 3 0)
|        ( QUESTION6 -1 -9.190e+03 8.873e+01 4.414e+01
|            ( - -2.805e+03 3 0)
|            ( QUESTION0 -1 -6.296e+03 8.331e+01 3.014e+01
|                ( - -4.776e+03 3 0)
|                ( - -1.436e+03 2 0)))))
s>    ( QUESTION14 -1 -2.469e+04 1.318e+02 1.169e+02
s>        ( - -1.362e+04 6 0)
s>        ( QUESTION7 -1 -1.094e+04 1.033e+02 5.214e+01
s>            ( - -1.644e+03 3 0)
s>            ( QUESTION6 -1 -9.190e+03 8.873e+01 4.414e+01
s>                ( - -2.805e+03 3 0)
s>                ( QUESTION0 -1 -6.296e+03 8.331e+01 3.014e+01
s>                    ( - -4.776e+03 3 0)
s>                    ( - -1.436e+03 2 0)))))INFO: dtree.c(1315): Comp split 47
INFO: dtree.c(1439): stop. leaf nodes are specific
INFO: dtree.c(1478): Final simple tree
|( QUESTION0 -1 -7.670e+03 8.799e+01 3.714e+01
|    ( - -4.776e+03 3 0)
|    ( - -2.805e+03 3 0))
s>    ( QUESTION0 -1 -7.670e+03 8.799e+01 3.714e+01
s>        ( - -4.776e+03 3 0)
s>        ( - -2.805e+03 3 0))INFO: dtree.c(1439): stop. leaf nodes are specific
INFO: dtree.c(1478): Final simple tree
|( QUESTION14 -1 -1.688e+04 1.145e+02 7.972e+01
|    ( - -1.362e+04 6 0)
|    ( QUESTION2 -1 -3.147e+03 6.704e+01 1.500e+01
|        ( - -1.436e+03 2 0)
|        ( - -1.644e+03 3 0)))
s>    ( QUESTION14 -1 -1.688e+04 1.145e+02 7.972e+01
s>        ( - -1.362e+04 6 0)
s>        ( QUESTION2 -1 -3.147e+03 6.704e+01 1.500e+01
s>            ( - -1.436e+03 2 0)
s>            ( - -1.644e+03 3 0)))INFO: dtree.c(1315): Comp split 48
INFO: dtree.c(1439): stop. leaf nodes are specific
INFO: dtree.c(1478): Final simple tree
|( WDBNDRY_B 0 -2.003e+03 1.383e+02 1.000e+01
|    ( - -1.337e+03 4 0)
|    ( - -5.273e+02 1 0))
s>    ( WDBNDRY_B 0 -2.003e+03 1.383e+02 1.000e+01
s>        ( - -1.337e+03 4 0)
s>        ( - -5.273e+02 1 0))INFO: dtree.c(1315): Comp split 49
INFO: dtree.c(1315): Comp split 50
INFO: dtree.c(1439): stop. leaf nodes are specific
INFO: dtree.c(1478): Final simple tree
|( QUESTION0_1_R 1 -2.977e+03 1.076e+02 1.500e+01
|    ( WDBNDRY_E 0 -1.899e+03 8.670e+01 1.000e+01
|        ( - -8.831e+02 3 0)
|        ( - -9.289e+02 1 0))
|    ( WDBNDRY_S 0 -9.706e+02 9.852e+01 5.000e+00
|        ( - -3.143e+02 2 0)
|        ( - -5.577e+02 1 0)))
s>    ( QUESTION0_1_R 1 -2.977e+03 1.076e+02 1.500e+01
s>        ( WDBNDRY_E 0 -1.899e+03 8.670e+01 1.000e+01
s>            ( - -8.831e+02 3 0)
s>            ( - -9.289e+02 1 0))
s>        ( WDBNDRY_S 0 -9.706e+02 9.852e+01 5.000e+00
s>            ( - -3.143e+02 2 0)
s>            ( - -5.577e+02 1 0)))INFO: dtree.c(1315): Comp split 51
INFO: dtree.c(1315): Comp split 52
INFO: dtree.c(1439): stop. leaf nodes are specific
INFO: dtree.c(1478): Final simple tree
|( WDBNDRY_I 0 -3.573e+03 1.064e+02 1.701e+01
|    ( - -1.598e+03 2 0)
|    ( WDBNDRY_B 0 -1.868e+03 1.134e+02 9.005e+00
|        ( - -1.427e+03 1 0)
|        ( - -3.279e+02 1 0)))
s>    ( WDBNDRY_I 0 -3.573e+03 1.064e+02 1.701e+01
s>        ( - -1.598e+03 2 0)
s>        ( WDBNDRY_B 0 -1.868e+03 1.134e+02 9.005e+00
s>            ( - -1.427e+03 1 0)
s>            ( - -3.279e+02 1 0)))INFO: dtree.c(1315): Comp split 53
INFO: dtree.c(1439): stop. leaf nodes are specific
INFO: dtree.c(1478): Final simple tree
|( WDBNDRY_B 0 -1.522e+04 1.146e+02 7.169e+01
|    ( - -1.999e+03 3 0)
|    ( QUESTION0 -1 -1.310e+04 9.773e+01 6.169e+01
|        ( - -5.963e+03 4 0)
|        ( - -7.043e+03 5 0)))
s>    ( WDBNDRY_B 0 -1.522e+04 1.146e+02 7.169e+01
s>        ( - -1.999e+03 3 0)
s>        ( QUESTION0 -1 -1.310e+04 9.773e+01 6.169e+01
s>            ( - -5.963e+03 4 0)
s>            ( - -7.043e+03 5 0)))INFO: dtree.c(1315): Comp split 54
INFO: dtree.c(1315): Comp split 55
INFO: dtree.c(1315): Comp split 56
INFO: dtree.c(1315): Comp split 57
INFO: dtree.c(1439): stop. leaf nodes are specific
INFO: dtree.c(1478): Final simple tree
|( QUESTION0 -1 -1.310e+04 9.773e+01 6.169e+01
|    ( - -5.963e+03 4 0)
|    ( - -7.043e+03 5 0))
s>    ( QUESTION0 -1 -1.310e+04 9.773e+01 6.169e+01
s>        ( - -5.963e+03 4 0)
s>        ( - -7.043e+03 5 0))INFO: dtree.c(1315): Comp split 58
INFO: dtree.c(1439): stop. leaf nodes are specific
INFO: dtree.c(1478): Final simple tree
|( QUESTION2 -1 -3.147e+03 6.704e+01 1.500e+01
|    ( - -1.436e+03 2 0)
|    ( - -1.644e+03 3 0))
s>    ( QUESTION2 -1 -3.147e+03 6.704e+01 1.500e+01
s>        ( - -1.436e+03 2 0)
s>        ( - -1.644e+03 3 0))INFO: dtree.c(1315): Comp split 59
INFO: dtree.c(1439): stop. leaf nodes are specific
INFO: dtree.c(1478): Final simple tree
|( WDBNDRY_B 0 -1.047e+05 8.620e+01 4.942e+02
|    ( - -5.179e+03 7 0)
|    ( QUESTION0 -1 -9.945e+04 6.810e+01 4.692e+02
|        ( - -9.500e+04 12 0)
|        ( - -4.383e+03 5 0)))
s>    ( WDBNDRY_B 0 -1.047e+05 8.620e+01 4.942e+02
s>        ( - -5.179e+03 7 0)
s>        ( QUESTION0 -1 -9.945e+04 6.810e+01 4.692e+02
s>            ( - -9.500e+04 12 0)
s>            ( - -4.383e+03 5 0)))INFO: dtree.c(1315): Comp split 60
INFO: dtree.c(1439): stop. leaf nodes are specific
INFO: dtree.c(1478): Final simple tree
|( WDBNDRY_S 0 -9.706e+02 9.852e+01 5.000e+00
|    ( - -3.143e+02 2 0)
|    ( - -5.577e+02 1 0))
s>    ( WDBNDRY_S 0 -9.706e+02 9.852e+01 5.000e+00
s>        ( - -3.143e+02 2 0)
s>        ( - -5.577e+02 1 0))INFO: dtree.c(1439): stop. leaf nodes are specific
INFO: dtree.c(1478): Final simple tree
|( WDBNDRY_E 0 -1.899e+03 8.670e+01 1.000e+01
|    ( - -8.831e+02 3 0)
|    ( - -9.289e+02 1 0))
s>    ( WDBNDRY_E 0 -1.899e+03 8.670e+01 1.000e+01
s>        ( - -8.831e+02 3 0)
s>        ( - -9.289e+02 1 0))INFO: dtree.c(1315): Comp split 61
INFO: dtree.c(1439): stop. leaf nodes are specific
INFO: dtree.c(1478): Final simple tree
|( WDBNDRY_B 0 -1.868e+03 1.134e+02 9.005e+00
|    ( - -1.427e+03 1 0)
|    ( - -3.279e+02 1 0))
s>    ( WDBNDRY_B 0 -1.868e+03 1.134e+02 9.005e+00
s>        ( - -1.427e+03 1 0)
s>        ( - -3.279e+02 1 0))INFO: dtree.c(1315): Comp split 62
INFO: dtree.c(1315): Comp split 63
INFO: dtree.c(1315): Comp split 64
INFO: dtree.c(1315): Comp split 65
INFO: dtree.c(1315): Comp split 66
INFO: dtree.c(1315): Comp split 67
INFO: dtree.c(1315): Comp split 68
INFO: dtree.c(1315): Comp split 69
INFO: dtree.c(1439): stop. leaf nodes are specific
INFO: dtree.c(1478): Final simple tree
|( QUESTION0 -1 -9.945e+04 6.810e+01 4.692e+02
|    ( - -9.500e+04 12 0)
|    ( - -4.383e+03 5 0))
s>    ( QUESTION0 -1 -9.945e+04 6.810e+01 4.692e+02
s>        ( - -9.500e+04 12 0)
s>        ( - -4.383e+03 5 0))INFO: dtree.c(1315): Comp split 70
INFO: dtree.c(1315): Comp split 71
INFO: dtree.c(1315): Comp split 72
INFO: dtree.c(1318): stop. leaf nodes are specific
!!!!!!!!Allocated 68 lines
Fri Apr  8 18:30:43 2016
