Current configuration:
[NAME]		[DEFLT]	[VALUE]
-allphones	no	no
-cntthresh	0.00001	1.000000e-05
-csplitmax	100	2000
-csplitmin	1	1
-csplitthr	8e-4	0.000000e+00
-example	no	no
-fullvar	no	no
-help		no	no
-meanfn			
-mixwfn			/home/yaroslav/model/model_parameters/ua.cd_semi_untied/mixture_weights
-moddeffn		/home/yaroslav/model/model_architecture/ua.untied.mdef
-mwfloor	1e-4	1.000000e-08
-phone			R
-psetfn			/home/yaroslav/model/model_architecture/ua.tree_questions
-ssplitmax	5	7
-ssplitmin	1	1
-ssplitthr	8e-4	0.000000e+00
-state			2
-stwt			1.0,0.05,0.0,
-treefn			/home/yaroslav/model/trees/ua.unpruned/R-2.dtree
-ts2cbfn	.semi.	.semi.
-varfloor	0.00001	1.000000e-05
-varfn			

INFO: main.c(223): Reading: /home/yaroslav/model/model_architecture/ua.untied.mdef
INFO: model_def_io.c(573): Model definition info:
INFO: model_def_io.c(574): 7543 total models defined (49 base, 7494 tri)
INFO: model_def_io.c(575): 30172 total states
INFO: model_def_io.c(576): 22629 total tied states
INFO: model_def_io.c(577): 147 total tied CI states
INFO: model_def_io.c(578): 49 total tied transition matrices
INFO: model_def_io.c(579): 4 max state/model
INFO: model_def_io.c(580): 4 min state/model
INFO: main.c(242): Building trees for [R A A b] through [R ZH E b]
INFO: main.c(269): Covering states |[13614 14231]| == 618
INFO: main.c(275): Reading: /home/yaroslav/model/model_parameters/ua.cd_semi_untied/mixture_weights
INFO: s3mixw_io.c(173): Read /home/yaroslav/model/model_parameters/ua.cd_semi_untied/mixture_weights [618x4x256 array]
INFO: main.c(311): 201 of 206 models have observation count greater than 0.000010
INFO: main.c(95): nrm stwt: 0.000 0.048 0.952 
INFO: main.c(411): 201-class entropy: 1.395428e+04
INFO: main.c(549): Reading: /home/yaroslav/model/model_architecture/ua.tree_questions
INFO: main.c(588): 176 total simple questions (168 phone; 8 word bndry)
INFO: main.c(590): 42 Left Only questions, and 42 Right Only questions
INFO: dtree.c(1478): Final simple tree
|( QUESTION0_2_R 1 3.336e+04 2.373e+03 1.426e+03
|    ( QUESTION1 -1 1.523e+04 8.301e+02 7.371e+02
|        ( QUESTION2_12_L -1 8.122e+03 5.200e+02 4.051e+02
|            ( - 4.084e+03 10 0)
|            ( - 3.518e+03 38 0 QUESTION2_14_L -1 3.165e+02 1.821e+02))
|        ( - 6.283e+03 40 0 WDBNDRY_I 0 3.790e+02 3.320e+02))
|    ( QUESTION0_0_R 1 1.575e+04 1.171e+03 6.887e+02
|        ( QUESTION0 1 1.055e+04 6.670e+02 5.142e+02
|            ( QUESTION2_1_L -1 6.671e+03 4.945e+02 3.576e+02
|                ( - 3.538e+03 14 0 QUESTION2_12_L -1 3.186e+02 2.001e+02)
|                ( - 2.639e+03 17 0 WDBNDRY_B 0 2.568e+02 1.575e+02))
|            ( - 3.210e+03 34 0 QUESTION0 -1 3.634e+02 1.566e+02))
|        ( QUESTION2 1 4.036e+03 3.968e+02 1.745e+02
|            ( - 1.835e+03 29 0 QUESTION0_15_R 1 2.368e+02 8.528e+01)
|            ( - 1.804e+03 19 0 WDBNDRY_E 0 1.187e+02 8.920e+01))))
s>    ( QUESTION0_2_R 1 3.336e+04 2.373e+03 1.426e+03
s>        ( QUESTION1 -1 1.523e+04 8.301e+02 7.371e+02
s>            ( QUESTION2_12_L -1 8.122e+03 5.200e+02 4.051e+02
s>                ( - 4.084e+03 10 0)
s>                ( - 3.518e+03 38 0 QUESTION2_14_L -1 3.165e+02 1.821e+02))
s>            ( - 6.283e+03 40 0 WDBNDRY_I 0 3.790e+02 3.320e+02))
s>        ( QUESTION0_0_R 1 1.575e+04 1.171e+03 6.887e+02
s>            ( QUESTION0 1 1.055e+04 6.670e+02 5.142e+02
s>                ( QUESTION2_1_L -1 6.671e+03 4.945e+02 3.576e+02
s>                    ( - 3.538e+03 14 0 QUESTION2_12_L -1 3.186e+02 2.001e+02)
s>                    ( - 2.639e+03 17 0 WDBNDRY_B 0 2.568e+02 1.575e+02))
s>                ( - 3.210e+03 34 0 QUESTION0 -1 3.634e+02 1.566e+02))
s>            ( QUESTION2 1 4.036e+03 3.968e+02 1.745e+02
s>                ( - 1.835e+03 29 0 QUESTION0_15_R 1 2.368e+02 8.528e+01)
s>                ( - 1.804e+03 19 0 WDBNDRY_E 0 1.187e+02 8.920e+01))))INFO: dtree.c(1315): Comp split 0
INFO: dtree.c(1478): Final simple tree
|( QUESTION0_0_R 1 1.575e+04 1.171e+03 6.887e+02
|    ( QUESTION0 1 1.055e+04 6.670e+02 5.142e+02
|        ( QUESTION2_1_L -1 6.671e+03 4.945e+02 3.576e+02
|            ( QUESTION2_12_L -1 3.538e+03 3.186e+02 2.001e+02
|                ( - 2.251e+03 5 0 WDBNDRY_B 0 2.559e+01 1.430e+02)
|                ( - 9.678e+02 9 0 WDBNDRY_B 0 1.424e+02 5.714e+01))
|            ( WDBNDRY_B 0 2.639e+03 2.568e+02 1.575e+02
|                ( - 1.200e+03 9 0 QUESTION0 -1 1.055e+02 7.716e+01)
|                ( - 1.182e+03 8 0 QUESTION0 -1 8.900e+01 8.031e+01)))
|        ( QUESTION0 -1 3.210e+03 3.634e+02 1.566e+02
|            ( - 1.593e+03 22 0 QUESTION7 1 2.057e+02 8.533e+01)
|            ( - 1.254e+03 12 0 QUESTION2_12_L -1 1.674e+02 7.123e+01)))
|    ( QUESTION2 1 4.036e+03 3.968e+02 1.745e+02
|        ( - 1.835e+03 29 0 QUESTION0_15_R 1 2.368e+02 8.528e+01)
|        ( - 1.804e+03 19 0 WDBNDRY_E 0 1.187e+02 8.920e+01)))
s>    ( QUESTION0_0_R 1 1.575e+04 1.171e+03 6.887e+02
s>        ( QUESTION0 1 1.055e+04 6.670e+02 5.142e+02
s>            ( QUESTION2_1_L -1 6.671e+03 4.945e+02 3.576e+02
s>                ( QUESTION2_12_L -1 3.538e+03 3.186e+02 2.001e+02
s>                    ( - 2.251e+03 5 0 WDBNDRY_B 0 2.559e+01 1.430e+02)
s>                    ( - 9.678e+02 9 0 WDBNDRY_B 0 1.424e+02 5.714e+01))
s>                ( WDBNDRY_B 0 2.639e+03 2.568e+02 1.575e+02
s>                    ( - 1.200e+03 9 0 QUESTION0 -1 1.055e+02 7.716e+01)
s>                    ( - 1.182e+03 8 0 QUESTION0 -1 8.900e+01 8.031e+01)))
s>            ( QUESTION0 -1 3.210e+03 3.634e+02 1.566e+02
s>                ( - 1.593e+03 22 0 QUESTION7 1 2.057e+02 8.533e+01)
s>                ( - 1.254e+03 12 0 QUESTION2_12_L -1 1.674e+02 7.123e+01)))
s>        ( QUESTION2 1 4.036e+03 3.968e+02 1.745e+02
s>            ( - 1.835e+03 29 0 QUESTION0_15_R 1 2.368e+02 8.528e+01)
s>            ( - 1.804e+03 19 0 WDBNDRY_E 0 1.187e+02 8.920e+01)))INFO: dtree.c(1478): Final simple tree
|( QUESTION1 -1 1.523e+04 8.301e+02 7.371e+02
|    ( QUESTION2_12_L -1 8.122e+03 5.200e+02 4.051e+02
|        ( - 4.084e+03 10 0)
|        ( QUESTION2_14_L -1 3.518e+03 3.165e+02 1.821e+02
|            ( - 1.079e+03 6 0 QUESTION2 -1 7.363e+01 6.344e+01)
|            ( WDBNDRY_B 0 2.122e+03 2.147e+02 1.187e+02
|                ( - 8.674e+02 19 0 QUESTION5 -1 1.232e+02 5.189e+01)
|                ( QUESTION16 -1 1.040e+03 1.582e+02 6.681e+01
|                    ( - 2.924e+02 3 0)
|                    ( - 5.895e+02 10 0 QUESTION6 -1 1.061e+02 4.199e+01)))))
|    ( WDBNDRY_I 0 6.283e+03 3.790e+02 3.320e+02
|        ( - 4.014e+03 17 0 QUESTION0_3_R 1 1.131e+02 2.283e+02)
|        ( QUESTION0_3_R 1 1.890e+03 2.367e+02 1.037e+02
|            ( - 1.345e+03 16 0 WDBNDRY_B 0 6.447e+01 8.170e+01)
|            ( - 3.083e+02 7 0 WDBNDRY_B 0 4.768e+01 2.199e+01))))
s>    ( QUESTION1 -1 1.523e+04 8.301e+02 7.371e+02
s>        ( QUESTION2_12_L -1 8.122e+03 5.200e+02 4.051e+02
s>            ( - 4.084e+03 10 0)
s>            ( QUESTION2_14_L -1 3.518e+03 3.165e+02 1.821e+02
s>                ( - 1.079e+03 6 0 QUESTION2 -1 7.363e+01 6.344e+01)
s>                ( WDBNDRY_B 0 2.122e+03 2.147e+02 1.187e+02
s>                    ( - 8.674e+02 19 0 QUESTION5 -1 1.232e+02 5.189e+01)
s>                    ( QUESTION16 -1 1.040e+03 1.582e+02 6.681e+01
s>                        ( - 2.924e+02 3 0)
s>                        ( - 5.895e+02 10 0 QUESTION6 -1 1.061e+02 4.199e+01)))))
s>        ( WDBNDRY_I 0 6.283e+03 3.790e+02 3.320e+02
s>            ( - 4.014e+03 17 0 QUESTION0_3_R 1 1.131e+02 2.283e+02)
s>            ( QUESTION0_3_R 1 1.890e+03 2.367e+02 1.037e+02
s>                ( - 1.345e+03 16 0 WDBNDRY_B 0 6.447e+01 8.170e+01)
s>                ( - 3.083e+02 7 0 WDBNDRY_B 0 4.768e+01 2.199e+01))))INFO: dtree.c(1315): Comp split 1
INFO: dtree.c(1478): Final simple tree
|( QUESTION0 1 1.055e+04 6.670e+02 5.142e+02
|    ( QUESTION2_1_L -1 6.671e+03 4.945e+02 3.576e+02
|        ( QUESTION2_12_L -1 3.538e+03 3.186e+02 2.001e+02
|            ( - 2.251e+03 5 0 WDBNDRY_B 0 2.559e+01 1.430e+02)
|            ( - 9.678e+02 9 0 WDBNDRY_B 0 1.424e+02 5.714e+01))
|        ( WDBNDRY_B 0 2.639e+03 2.568e+02 1.575e+02
|            ( - 1.200e+03 9 0 QUESTION0 -1 1.055e+02 7.716e+01)
|            ( - 1.182e+03 8 0 QUESTION0 -1 8.900e+01 8.031e+01)))
|    ( QUESTION0 -1 3.210e+03 3.634e+02 1.566e+02
|        ( QUESTION7 1 1.593e+03 2.057e+02 8.533e+01
|            ( - 7.217e+02 11 0 WDBNDRY_I 0 1.218e+02 4.242e+01)
|            ( - 6.652e+02 11 0 WDBNDRY_B 0 9.259e+01 4.291e+01))
|        ( QUESTION2_12_L -1 1.254e+03 1.674e+02 7.123e+01
|            ( - 7.625e+02 5 0 WDBNDRY_B 0 3.151e+01 4.975e+01)
|            ( - 3.237e+02 7 0 QUESTION7 -1 6.569e+01 2.148e+01))))
s>    ( QUESTION0 1 1.055e+04 6.670e+02 5.142e+02
s>        ( QUESTION2_1_L -1 6.671e+03 4.945e+02 3.576e+02
s>            ( QUESTION2_12_L -1 3.538e+03 3.186e+02 2.001e+02
s>                ( - 2.251e+03 5 0 WDBNDRY_B 0 2.559e+01 1.430e+02)
s>                ( - 9.678e+02 9 0 WDBNDRY_B 0 1.424e+02 5.714e+01))
s>            ( WDBNDRY_B 0 2.639e+03 2.568e+02 1.575e+02
s>                ( - 1.200e+03 9 0 QUESTION0 -1 1.055e+02 7.716e+01)
s>                ( - 1.182e+03 8 0 QUESTION0 -1 8.900e+01 8.031e+01)))
s>        ( QUESTION0 -1 3.210e+03 3.634e+02 1.566e+02
s>            ( QUESTION7 1 1.593e+03 2.057e+02 8.533e+01
s>                ( - 7.217e+02 11 0 WDBNDRY_I 0 1.218e+02 4.242e+01)
s>                ( - 6.652e+02 11 0 WDBNDRY_B 0 9.259e+01 4.291e+01))
s>            ( QUESTION2_12_L -1 1.254e+03 1.674e+02 7.123e+01
s>                ( - 7.625e+02 5 0 WDBNDRY_B 0 3.151e+01 4.975e+01)
s>                ( - 3.237e+02 7 0 QUESTION7 -1 6.569e+01 2.148e+01))))INFO: dtree.c(1478): Final simple tree
|( QUESTION2 1 4.036e+03 3.968e+02 1.745e+02
|    ( QUESTION0_15_R 1 1.835e+03 2.368e+02 8.528e+01
|        ( QUESTION0_18_R 1 8.459e+02 1.426e+02 4.579e+01
|            ( - 3.984e+02 4 0 QUESTION0_19_R 1 3.240e+01 2.685e+01)
|            ( - 3.048e+02 11 0 QUESTION0_16_R 1 6.194e+01 1.894e+01))
|        ( QUESTION0_12_R 1 7.527e+02 1.386e+02 3.949e+01
|            ( - 3.932e+02 9 0 WDBNDRY_E 0 7.255e+01 2.349e+01)
|            ( - 2.209e+02 5 0 QUESTION0 -1 3.518e+01 1.600e+01)))
|    ( WDBNDRY_E 0 1.804e+03 1.187e+02 8.920e+01
|        ( - 9.956e+01 4 0 QUESTION4 1 1.603e+01 9.100e+00)
|        ( QUESTION4 1 1.585e+03 9.804e+01 8.010e+01
|            ( QUESTION0 -1 1.416e+03 8.033e+01 7.309e+01
|                ( - 1.306e+03 11 0)
|                ( - 2.964e+01 2 0))
|            ( - 7.167e+01 2 0 QUESTION8 1 2.656e+01 7.008e+00))))
s>    ( QUESTION2 1 4.036e+03 3.968e+02 1.745e+02
s>        ( QUESTION0_15_R 1 1.835e+03 2.368e+02 8.528e+01
s>            ( QUESTION0_18_R 1 8.459e+02 1.426e+02 4.579e+01
s>                ( - 3.984e+02 4 0 QUESTION0_19_R 1 3.240e+01 2.685e+01)
s>                ( - 3.048e+02 11 0 QUESTION0_16_R 1 6.194e+01 1.894e+01))
s>            ( QUESTION0_12_R 1 7.527e+02 1.386e+02 3.949e+01
s>                ( - 3.932e+02 9 0 WDBNDRY_E 0 7.255e+01 2.349e+01)
s>                ( - 2.209e+02 5 0 QUESTION0 -1 3.518e+01 1.600e+01)))
s>        ( WDBNDRY_E 0 1.804e+03 1.187e+02 8.920e+01
s>            ( - 9.956e+01 4 0 QUESTION4 1 1.603e+01 9.100e+00)
s>            ( QUESTION4 1 1.585e+03 9.804e+01 8.010e+01
s>                ( QUESTION0 -1 1.416e+03 8.033e+01 7.309e+01
s>                    ( - 1.306e+03 11 0)
s>                    ( - 2.964e+01 2 0))
s>                ( - 7.167e+01 2 0 QUESTION8 1 2.656e+01 7.008e+00))))INFO: dtree.c(1315): Comp split 2
INFO: dtree.c(1478): Final simple tree
|( QUESTION2_12_L -1 8.122e+03 5.200e+02 4.051e+02
|    ( - 4.084e+03 10 0)
|    ( QUESTION2_14_L -1 3.518e+03 3.165e+02 1.821e+02
|        ( - 1.079e+03 6 0 QUESTION2 -1 7.363e+01 6.344e+01)
|        ( WDBNDRY_B 0 2.122e+03 2.147e+02 1.187e+02
|            ( QUESTION5 -1 8.674e+02 1.232e+02 5.189e+01
|                ( - 3.310e+02 8 0 QUESTION6 -1 6.057e+01 2.399e+01)
|                ( QUESTION2 -1 4.131e+02 8.146e+01 2.790e+01
|                    ( - 9.713e+01 5 0 QUESTION0_3_R 1 3.524e+01 8.993e+00)
|                    ( - 2.345e+02 6 0 QUESTION2_3_L -1 5.506e+01 1.891e+01)))
|            ( QUESTION16 -1 1.040e+03 1.582e+02 6.681e+01
|                ( - 2.924e+02 3 0)
|                ( QUESTION6 -1 5.895e+02 1.061e+02 4.199e+01
|                    ( - 1.551e+02 4 0 QUESTION0_3_R 1 3.728e+01 1.303e+01)
|                    ( - 3.284e+02 6 0 QUESTION2 -1 6.760e+01 2.896e+01))))))
s>    ( QUESTION2_12_L -1 8.122e+03 5.200e+02 4.051e+02
s>        ( - 4.084e+03 10 0)
s>        ( QUESTION2_14_L -1 3.518e+03 3.165e+02 1.821e+02
s>            ( - 1.079e+03 6 0 QUESTION2 -1 7.363e+01 6.344e+01)
s>            ( WDBNDRY_B 0 2.122e+03 2.147e+02 1.187e+02
s>                ( QUESTION5 -1 8.674e+02 1.232e+02 5.189e+01
s>                    ( - 3.310e+02 8 0 QUESTION6 -1 6.057e+01 2.399e+01)
s>                    ( QUESTION2 -1 4.131e+02 8.146e+01 2.790e+01
s>                        ( - 9.713e+01 5 0 QUESTION0_3_R 1 3.524e+01 8.993e+00)
s>                        ( - 2.345e+02 6 0 QUESTION2_3_L -1 5.506e+01 1.891e+01)))
s>                ( QUESTION16 -1 1.040e+03 1.582e+02 6.681e+01
s>                    ( - 2.924e+02 3 0)
s>                    ( QUESTION6 -1 5.895e+02 1.061e+02 4.199e+01
s>                        ( - 1.551e+02 4 0 QUESTION0_3_R 1 3.728e+01 1.303e+01)
s>                        ( - 3.284e+02 6 0 QUESTION2 -1 6.760e+01 2.896e+01))))))INFO: dtree.c(1478): Final simple tree
|( WDBNDRY_I 0 6.283e+03 3.790e+02 3.320e+02
|    ( QUESTION0_3_R 1 4.014e+03 1.131e+02 2.283e+02
|        ( - 3.854e+03 14 0)
|        ( - 4.690e+01 3 0 QUESTION0_5_R 1 1.947e+01 5.019e+00))
|    ( QUESTION0_3_R 1 1.890e+03 2.367e+02 1.037e+02
|        ( WDBNDRY_B 0 1.345e+03 6.447e+01 8.170e+01
|            ( SILENCE -1 1.239e+03 4.754e+01 7.669e+01
|                ( - 3.338e+00 1 0)
|                ( - 1.188e+03 12 0))
|            ( - 4.194e+01 3 0))
|        ( WDBNDRY_B 0 3.083e+02 4.768e+01 2.199e+01
|            ( QUESTION0_5_R 1 2.417e+02 2.816e+01 1.899e+01
|                ( - 1.949e+02 4 0)
|                ( - 1.873e+01 2 0))
|            ( - 1.886e+01 1 0))))
s>    ( WDBNDRY_I 0 6.283e+03 3.790e+02 3.320e+02
s>        ( QUESTION0_3_R 1 4.014e+03 1.131e+02 2.283e+02
s>            ( - 3.854e+03 14 0)
s>            ( - 4.690e+01 3 0 QUESTION0_5_R 1 1.947e+01 5.019e+00))
s>        ( QUESTION0_3_R 1 1.890e+03 2.367e+02 1.037e+02
s>            ( WDBNDRY_B 0 1.345e+03 6.447e+01 8.170e+01
s>                ( SILENCE -1 1.239e+03 4.754e+01 7.669e+01
s>                    ( - 3.338e+00 1 0)
s>                    ( - 1.188e+03 12 0))
s>                ( - 4.194e+01 3 0))
s>            ( WDBNDRY_B 0 3.083e+02 4.768e+01 2.199e+01
s>                ( QUESTION0_5_R 1 2.417e+02 2.816e+01 1.899e+01
s>                    ( - 1.949e+02 4 0)
s>                    ( - 1.873e+01 2 0))
s>                ( - 1.886e+01 1 0))))INFO: dtree.c(1315): Comp split 3
INFO: dtree.c(1478): Final simple tree
|( QUESTION0 -1 4.512e+03 4.176e+02 2.137e+02
|    ( QUESTION7 1 1.593e+03 2.057e+02 8.533e+01
|        ( WDBNDRY_I 0 7.217e+02 1.218e+02 4.242e+01
|            ( - 4.025e+02 6 0 QUESTION17 1 3.633e+01 2.747e+01)
|            ( - 1.974e+02 5 0 QUESTION16 1 5.471e+01 1.495e+01))
|        ( - 6.652e+02 11 0 WDBNDRY_B 0 9.259e+01 4.291e+01))
|    ( QUESTION6 1 2.502e+03 2.900e+02 1.284e+02
|        ( QUESTION2_12_L -1 1.172e+03 1.485e+02 6.774e+01
|            ( - 7.625e+02 5 0 WDBNDRY_B 0 3.151e+01 4.975e+01)
|            ( - 2.612e+02 6 0 QUESTION7 -1 5.911e+01 1.799e+01))
|        ( WDBNDRY_B 0 1.040e+03 1.412e+02 6.063e+01
|            ( QUESTION2_17_L -1 5.249e+02 1.009e+02 3.359e+01
|                ( - 1.275e+02 1 0)
|                ( - 2.964e+02 7 0 QUESTION2_15_L -1 6.232e+01 2.047e+01))
|            ( - 3.736e+02 2 0 QUESTION2_14_L -1 7.921e+01 2.704e+01))))
s>    ( QUESTION0 -1 4.512e+03 4.176e+02 2.137e+02
s>        ( QUESTION7 1 1.593e+03 2.057e+02 8.533e+01
s>            ( WDBNDRY_I 0 7.217e+02 1.218e+02 4.242e+01
s>                ( - 4.025e+02 6 0 QUESTION17 1 3.633e+01 2.747e+01)
s>                ( - 1.974e+02 5 0 QUESTION16 1 5.471e+01 1.495e+01))
s>            ( - 6.652e+02 11 0 WDBNDRY_B 0 9.259e+01 4.291e+01))
s>        ( QUESTION6 1 2.502e+03 2.900e+02 1.284e+02
s>            ( QUESTION2_12_L -1 1.172e+03 1.485e+02 6.774e+01
s>                ( - 7.625e+02 5 0 WDBNDRY_B 0 3.151e+01 4.975e+01)
s>                ( - 2.612e+02 6 0 QUESTION7 -1 5.911e+01 1.799e+01))
s>            ( WDBNDRY_B 0 1.040e+03 1.412e+02 6.063e+01
s>                ( QUESTION2_17_L -1 5.249e+02 1.009e+02 3.359e+01
s>                    ( - 1.275e+02 1 0)
s>                    ( - 2.964e+02 7 0 QUESTION2_15_L -1 6.232e+01 2.047e+01))
s>                ( - 3.736e+02 2 0 QUESTION2_14_L -1 7.921e+01 2.704e+01))))INFO: dtree.c(1478): Final simple tree
|( QUESTION2 -1 5.340e+03 4.494e+02 3.005e+02
|    ( WDBNDRY_B 0 2.251e+03 2.559e+01 1.430e+02
|        ( - 1.699e+00 1 0)
|        ( - 2.224e+03 4 0))
|    ( WDBNDRY_B 0 2.639e+03 2.568e+02 1.575e+02
|        ( QUESTION0 -1 1.200e+03 1.055e+02 7.716e+01
|            ( - 9.319e+02 6 0)
|            ( QUESTION6 -1 1.629e+02 4.726e+01 1.299e+01
|                ( - 6.281e+01 1 0)
|                ( - 5.284e+01 2 0 SILENCE -1 1.846e+01 5.986e+00)))
|        ( QUESTION0 -1 1.182e+03 8.900e+01 8.031e+01
|            ( - 1.017e+03 6 0)
|            ( QUESTION16 -1 7.594e+01 2.566e+01 8.000e+00
|                ( - 4.264e+01 1 0)
|                ( - 7.650e+00 1 0)))))
s>    ( QUESTION2 -1 5.340e+03 4.494e+02 3.005e+02
s>        ( WDBNDRY_B 0 2.251e+03 2.559e+01 1.430e+02
s>            ( - 1.699e+00 1 0)
s>            ( - 2.224e+03 4 0))
s>        ( WDBNDRY_B 0 2.639e+03 2.568e+02 1.575e+02
s>            ( QUESTION0 -1 1.200e+03 1.055e+02 7.716e+01
s>                ( - 9.319e+02 6 0)
s>                ( QUESTION6 -1 1.629e+02 4.726e+01 1.299e+01
s>                    ( - 6.281e+01 1 0)
s>                    ( - 5.284e+01 2 0 SILENCE -1 1.846e+01 5.986e+00)))
s>            ( QUESTION0 -1 1.182e+03 8.900e+01 8.031e+01
s>                ( - 1.017e+03 6 0)
s>                ( QUESTION16 -1 7.594e+01 2.566e+01 8.000e+00
s>                    ( - 4.264e+01 1 0)
s>                    ( - 7.650e+00 1 0)))))INFO: dtree.c(1315): Comp split 4
INFO: dtree.c(1439): stop. leaf nodes are specific
INFO: dtree.c(1478): Final simple tree
|( QUESTION2_12_L -1 4.621e+03 2.088e+02 2.520e+02
|    ( - 4.084e+03 10 0)
|    ( QUESTION2 -1 3.284e+02 6.760e+01 2.896e+01
|        ( QUESTION2_16_L -1 1.255e+02 2.794e+01 1.200e+01
|            ( - 9.744e+00 1 0)
|            ( - 8.783e+01 3 0))
|        ( - 1.353e+02 2 0)))
s>    ( QUESTION2_12_L -1 4.621e+03 2.088e+02 2.520e+02
s>        ( - 4.084e+03 10 0)
s>        ( QUESTION2 -1 3.284e+02 6.760e+01 2.896e+01
s>            ( QUESTION2_16_L -1 1.255e+02 2.794e+01 1.200e+01
s>                ( - 9.744e+00 1 0)
s>                ( - 8.783e+01 3 0))
s>            ( - 1.353e+02 2 0)))INFO: dtree.c(1478): Final simple tree
|( QUESTION2_11_L -1 2.971e+03 2.966e+02 1.532e+02
|    ( WDBNDRY_B 0 1.350e+03 1.412e+02 7.633e+01
|        ( QUESTION2 -1 2.377e+02 5.933e+01 1.889e+01
|            ( - 6.926e+01 4 0 QUESTION0_3_R 1 2.550e+01 7.993e+00)
|            ( - 1.091e+02 3 0 QUESTION4 -1 3.895e+01 1.089e+01))
|        ( - 9.712e+02 4 0 QUESTION2 -1 3.537e+01 5.744e+01))
|    ( QUESTION6 -1 1.324e+03 1.630e+02 7.685e+01
|        ( WDBNDRY_B 0 4.238e+02 7.973e+01 2.897e+01
|            ( - 1.889e+02 5 0 QUESTION0_3_R 1 3.309e+01 1.594e+01)
|            ( - 1.551e+02 4 0 QUESTION0_3_R 1 3.728e+01 1.303e+01))
|        ( WDBNDRY_B 0 7.376e+02 1.112e+02 4.788e+01
|            ( QUESTION2_3_L -1 3.340e+02 6.631e+01 2.306e+01
|                ( - 1.013e+02 3 0)
|                ( - 1.664e+02 6 0 QUESTION5 -1 4.247e+01 1.306e+01))
|            ( - 2.924e+02 3 0))))
s>    ( QUESTION2_11_L -1 2.971e+03 2.966e+02 1.532e+02
s>        ( WDBNDRY_B 0 1.350e+03 1.412e+02 7.633e+01
s>            ( QUESTION2 -1 2.377e+02 5.933e+01 1.889e+01
s>                ( - 6.926e+01 4 0 QUESTION0_3_R 1 2.550e+01 7.993e+00)
s>                ( - 1.091e+02 3 0 QUESTION4 -1 3.895e+01 1.089e+01))
s>            ( - 9.712e+02 4 0 QUESTION2 -1 3.537e+01 5.744e+01))
s>        ( QUESTION6 -1 1.324e+03 1.630e+02 7.685e+01
s>            ( WDBNDRY_B 0 4.238e+02 7.973e+01 2.897e+01
s>                ( - 1.889e+02 5 0 QUESTION0_3_R 1 3.309e+01 1.594e+01)
s>                ( - 1.551e+02 4 0 QUESTION0_3_R 1 3.728e+01 1.303e+01))
s>            ( WDBNDRY_B 0 7.376e+02 1.112e+02 4.788e+01
s>                ( QUESTION2_3_L -1 3.340e+02 6.631e+01 2.306e+01
s>                    ( - 1.013e+02 3 0)
s>                    ( - 1.664e+02 6 0 QUESTION5 -1 4.247e+01 1.306e+01))
s>                ( - 2.924e+02 3 0))))INFO: dtree.c(1315): Comp split 5
INFO: dtree.c(1439): stop. leaf nodes are specific
INFO: dtree.c(1478): Final simple tree
|( QUESTION2 -1 2.394e+03 9.372e+01 1.500e+02
|    ( - 2.224e+03 4 0)
|    ( QUESTION16 -1 7.594e+01 2.566e+01 8.000e+00
|        ( - 4.264e+01 1 0)
|        ( - 7.650e+00 1 0)))
s>    ( QUESTION2 -1 2.394e+03 9.372e+01 1.500e+02
s>        ( - 2.224e+03 4 0)
s>        ( QUESTION16 -1 7.594e+01 2.566e+01 8.000e+00
s>            ( - 4.264e+01 1 0)
s>            ( - 7.650e+00 1 0)))INFO: dtree.c(1439): stop. leaf nodes are specific
INFO: dtree.c(1478): Final simple tree
|( WDBNDRY_B 0 2.481e+03 2.411e+02 1.505e+02
|    ( QUESTION0 -1 1.223e+03 1.115e+02 7.816e+01
|        ( - 9.319e+02 6 0)
|        ( QUESTION6 -1 1.800e+02 4.924e+01 1.399e+01
|            ( - 6.281e+01 1 0)
|            ( SILENCE -1 6.797e+01 2.075e+01 6.986e+00
|                ( - 6.464e+00 1 0)
|                ( QUESTION2 -1 4.076e+01 1.114e+01 4.986e+00
|                    ( - 1.699e+00 1 0)
|                    ( - 2.792e+01 1 0)))))
|    ( - 1.017e+03 6 0))
s>    ( WDBNDRY_B 0 2.481e+03 2.411e+02 1.505e+02
s>        ( QUESTION0 -1 1.223e+03 1.115e+02 7.816e+01
s>            ( - 9.319e+02 6 0)
s>            ( QUESTION6 -1 1.800e+02 4.924e+01 1.399e+01
s>                ( - 6.281e+01 1 0)
s>                ( SILENCE -1 6.797e+01 2.075e+01 6.986e+00
s>                    ( - 6.464e+00 1 0)
s>                    ( QUESTION2 -1 4.076e+01 1.114e+01 4.986e+00
s>                        ( - 1.699e+00 1 0)
s>                        ( - 2.792e+01 1 0)))))
s>        ( - 1.017e+03 6 0))INFO: dtree.c(1315): Comp split 6
INFO: dtree.c(1478): Final simple tree
|( QUESTION2_12_L -1 2.328e+03 2.709e+02 1.238e+02
|    ( WDBNDRY_B 0 7.625e+02 3.151e+01 4.975e+01
|        ( - 1.677e+01 1 0)
|        ( - 7.143e+02 4 0))
|    ( QUESTION0 -1 1.295e+03 1.614e+02 7.403e+01
|        ( WDBNDRY_B 0 6.652e+02 9.259e+01 4.291e+01
|            ( - 9.456e+01 5 0)
|            ( - 4.780e+02 6 0 QUESTION4 1 2.337e+01 3.192e+01))
|        ( WDBNDRY_B 0 4.682e+02 8.087e+01 3.112e+01
|            ( QUESTION0 1 1.812e+02 3.829e+01 1.613e+01
|                ( - 1.275e+02 1 0)
|                ( - 1.534e+01 2 0 QUESTION6 -1 1.093e+01 3.000e+00))
|            ( QUESTION7 -1 2.062e+02 4.673e+01 1.499e+01
|                ( - 9.435e+01 1 0)
|                ( - 6.509e+01 3 0 QUESTION2_15_L -1 2.093e+01 6.005e+00)))))
s>    ( QUESTION2_12_L -1 2.328e+03 2.709e+02 1.238e+02
s>        ( WDBNDRY_B 0 7.625e+02 3.151e+01 4.975e+01
s>            ( - 1.677e+01 1 0)
s>            ( - 7.143e+02 4 0))
s>        ( QUESTION0 -1 1.295e+03 1.614e+02 7.403e+01
s>            ( WDBNDRY_B 0 6.652e+02 9.259e+01 4.291e+01
s>                ( - 9.456e+01 5 0)
s>                ( - 4.780e+02 6 0 QUESTION4 1 2.337e+01 3.192e+01))
s>            ( WDBNDRY_B 0 4.682e+02 8.087e+01 3.112e+01
s>                ( QUESTION0 1 1.812e+02 3.829e+01 1.613e+01
s>                    ( - 1.275e+02 1 0)
s>                    ( - 1.534e+01 2 0 QUESTION6 -1 1.093e+01 3.000e+00))
s>                ( QUESTION7 -1 2.062e+02 4.673e+01 1.499e+01
s>                    ( - 9.435e+01 1 0)
s>                    ( - 6.509e+01 3 0 QUESTION2_15_L -1 2.093e+01 6.005e+00)))))INFO: dtree.c(1478): Final simple tree
|( QUESTION0 1 1.744e+03 2.371e+02 8.992e+01
|    ( QUESTION2_15_L -1 7.219e+02 1.337e+02 4.401e+01
|        ( WDBNDRY_B 0 3.179e+02 4.735e+01 2.405e+01
|            ( - 2.679e+01 2 0)
|            ( - 2.437e+02 1 0))
|        ( WDBNDRY_B 0 2.703e+02 5.950e+01 1.997e+01
|            ( QUESTION2 -1 1.601e+02 4.286e+01 1.298e+01
|                ( - 7.140e+01 2 0 QUESTION2_2_L -1 2.207e+01 7.977e+00)
|                ( - 4.587e+01 2 0 QUESTION2_3_L -1 1.436e+01 5.000e+00))
|            ( - 5.069e+01 1 0)))
|    ( WDBNDRY_I 0 7.846e+02 1.299e+02 4.591e+01
|        ( - 4.025e+02 6 0 QUESTION17 1 3.633e+01 2.747e+01)
|        ( QUESTION16 1 2.522e+02 6.331e+01 1.844e+01
|            ( - 5.434e+01 2 0)
|            ( - 1.346e+02 4 0 WDBNDRY_B 0 3.028e+01 1.244e+01))))
s>    ( QUESTION0 1 1.744e+03 2.371e+02 8.992e+01
s>        ( QUESTION2_15_L -1 7.219e+02 1.337e+02 4.401e+01
s>            ( WDBNDRY_B 0 3.179e+02 4.735e+01 2.405e+01
s>                ( - 2.679e+01 2 0)
s>                ( - 2.437e+02 1 0))
s>            ( WDBNDRY_B 0 2.703e+02 5.950e+01 1.997e+01
s>                ( QUESTION2 -1 1.601e+02 4.286e+01 1.298e+01
s>                    ( - 7.140e+01 2 0 QUESTION2_2_L -1 2.207e+01 7.977e+00)
s>                    ( - 4.587e+01 2 0 QUESTION2_3_L -1 1.436e+01 5.000e+00))
s>                ( - 5.069e+01 1 0)))
s>        ( WDBNDRY_I 0 7.846e+02 1.299e+02 4.591e+01
s>            ( - 4.025e+02 6 0 QUESTION17 1 3.633e+01 2.747e+01)
s>            ( QUESTION16 1 2.522e+02 6.331e+01 1.844e+01
s>                ( - 5.434e+01 2 0)
s>                ( - 1.346e+02 4 0 WDBNDRY_B 0 3.028e+01 1.244e+01))))INFO: dtree.c(1315): Comp split 7
INFO: dtree.c(1478): Final simple tree
|( QUESTION0_12_R 1 1.548e+03 2.210e+02 7.328e+01
|    ( QUESTION0 -1 4.815e+02 8.993e+01 2.749e+01
|        ( WDBNDRY_E 0 2.814e+02 6.174e+01 1.799e+01
|            ( - 5.736e+01 2 0)
|            ( - 1.623e+02 5 0))
|        ( QUESTION2 1 1.102e+02 3.439e+01 9.493e+00
|            ( - 4.618e+01 2 0)
|            ( - 2.964e+01 2 0)))
|    ( QUESTION0_18_R 1 8.459e+02 1.426e+02 4.579e+01
|        ( QUESTION0_19_R 1 3.984e+02 3.240e+01 2.685e+01
|            ( - 3.540e+02 3 0)
|            ( - 1.197e+01 1 0))
|        ( QUESTION0_16_R 1 3.048e+02 6.194e+01 1.894e+01
|            ( - 1.814e+02 7 0 QUESTION0 -1 3.153e+01 1.294e+01)
|            ( - 6.148e+01 4 0 WDBNDRY_E 0 2.170e+01 6.000e+00))))
s>    ( QUESTION0_12_R 1 1.548e+03 2.210e+02 7.328e+01
s>        ( QUESTION0 -1 4.815e+02 8.993e+01 2.749e+01
s>            ( WDBNDRY_E 0 2.814e+02 6.174e+01 1.799e+01
s>                ( - 5.736e+01 2 0)
s>                ( - 1.623e+02 5 0))
s>            ( QUESTION2 1 1.102e+02 3.439e+01 9.493e+00
s>                ( - 4.618e+01 2 0)
s>                ( - 2.964e+01 2 0)))
s>        ( QUESTION0_18_R 1 8.459e+02 1.426e+02 4.579e+01
s>            ( QUESTION0_19_R 1 3.984e+02 3.240e+01 2.685e+01
s>                ( - 3.540e+02 3 0)
s>                ( - 1.197e+01 1 0))
s>            ( QUESTION0_16_R 1 3.048e+02 6.194e+01 1.894e+01
s>                ( - 1.814e+02 7 0 QUESTION0 -1 3.153e+01 1.294e+01)
s>                ( - 6.148e+01 4 0 WDBNDRY_E 0 2.170e+01 6.000e+00))))INFO: dtree.c(1439): stop. leaf nodes are specific
INFO: dtree.c(1478): Final simple tree
|( QUESTION4 1 2.066e+03 1.811e+02 1.012e+02
|    ( WDBNDRY_E 0 1.503e+03 1.150e+02 7.719e+01
|        ( - 8.235e+01 3 0)
|        ( - 1.306e+03 11 0))
|    ( QUESTION0_12_R 1 3.820e+02 7.518e+01 2.401e+01
|        ( QUESTION8 1 8.593e+01 2.687e+01 8.008e+00
|            ( - 3.283e+01 1 0)
|            ( WDBNDRY_E 0 2.623e+01 1.277e+01 4.000e+00
|                ( - 1.178e+00 1 0)
|                ( - 1.228e+01 1 0)))
|        ( QUESTION0 -1 2.209e+02 3.518e+01 1.600e+01
|            ( - 1.690e+02 4 0)
|            ( - 1.665e+01 1 0))))
s>    ( QUESTION4 1 2.066e+03 1.811e+02 1.012e+02
s>        ( WDBNDRY_E 0 1.503e+03 1.150e+02 7.719e+01
s>            ( - 8.235e+01 3 0)
s>            ( - 1.306e+03 11 0))
s>        ( QUESTION0_12_R 1 3.820e+02 7.518e+01 2.401e+01
s>            ( QUESTION8 1 8.593e+01 2.687e+01 8.008e+00
s>                ( - 3.283e+01 1 0)
s>                ( WDBNDRY_E 0 2.623e+01 1.277e+01 4.000e+00
s>                    ( - 1.178e+00 1 0)
s>                    ( - 1.228e+01 1 0)))
s>            ( QUESTION0 -1 2.209e+02 3.518e+01 1.600e+01
s>                ( - 1.690e+02 4 0)
s>                ( - 1.665e+01 1 0))))INFO: dtree.c(1315): Comp split 8
INFO: dtree.c(1439): stop. leaf nodes are specific
INFO: dtree.c(1478): Final simple tree
|( WDBNDRY_E 0 3.942e+03 6.925e+01 2.263e+02
|    ( - 1.886e+01 1 0)
|    ( - 3.854e+03 14 0))
s>    ( WDBNDRY_E 0 3.942e+03 6.925e+01 2.263e+02
s>        ( - 1.886e+01 1 0)
s>        ( - 3.854e+03 14 0))INFO: dtree.c(1478): Final simple tree
|( QUESTION0_3_R 1 1.935e+03 2.499e+02 1.057e+02
|    ( WDBNDRY_B 0 1.345e+03 6.447e+01 8.170e+01
|        ( SILENCE -1 1.239e+03 4.754e+01 7.669e+01
|            ( - 3.338e+00 1 0)
|            ( - 1.188e+03 12 0))
|        ( - 4.194e+01 3 0))
|    ( WDBNDRY_B 0 3.399e+02 5.124e+01 2.400e+01
|        ( QUESTION0_5_R 1 2.417e+02 2.816e+01 1.899e+01
|            ( - 1.949e+02 4 0)
|            ( - 1.873e+01 2 0))
|        ( QUESTION0_5_R 1 4.690e+01 1.947e+01 5.019e+00
|            ( - 1.836e+01 1 0)
|            ( QUESTION0_10_R 1 9.062e+00 8.145e+00 2.000e+00
|                ( - 6.935e-01 1 0)
|                ( - 2.239e-01 1 0)))))
s>    ( QUESTION0_3_R 1 1.935e+03 2.499e+02 1.057e+02
s>        ( WDBNDRY_B 0 1.345e+03 6.447e+01 8.170e+01
s>            ( SILENCE -1 1.239e+03 4.754e+01 7.669e+01
s>                ( - 3.338e+00 1 0)
s>                ( - 1.188e+03 12 0))
s>            ( - 4.194e+01 3 0))
s>        ( WDBNDRY_B 0 3.399e+02 5.124e+01 2.400e+01
s>            ( QUESTION0_5_R 1 2.417e+02 2.816e+01 1.899e+01
s>                ( - 1.949e+02 4 0)
s>                ( - 1.873e+01 2 0))
s>            ( QUESTION0_5_R 1 4.690e+01 1.947e+01 5.019e+00
s>                ( - 1.836e+01 1 0)
s>                ( QUESTION0_10_R 1 9.062e+00 8.145e+00 2.000e+00
s>                    ( - 6.935e-01 1 0)
s>                    ( - 2.239e-01 1 0)))))INFO: dtree.c(1315): Comp split 9
INFO: dtree.c(1478): Final simple tree
|( QUESTION6 -1 1.036e+03 1.400e+02 6.003e+01
|    ( WDBNDRY_B 0 4.238e+02 7.973e+01 2.897e+01
|        ( QUESTION0_3_R 1 1.889e+02 3.309e+01 1.594e+01
|            ( - 1.468e+02 4 0)
|            ( - 9.038e+00 1 0))
|        ( QUESTION0_3_R 1 1.551e+02 3.728e+01 1.303e+01
|            ( - 1.027e+02 2 0)
|            ( - 1.515e+01 2 0 WDBNDRY_E 0 8.265e+00 3.000e+00)))
|    ( QUESTION2 -1 4.722e+02 8.080e+01 3.105e+01
|        ( QUESTION0_3_R 1 1.256e+02 4.096e+01 1.099e+01
|            ( - 5.430e+01 4 0 QUESTION2_15_L -1 2.231e+01 6.993e+00)
|            ( - 3.033e+01 2 0 QUESTION2_2_L -1 1.562e+01 4.000e+00))
|        ( QUESTION2_3_L -1 2.658e+02 5.559e+01 2.006e+01
|            ( - 1.013e+02 3 0)
|            ( - 1.089e+02 4 0 QUESTION4 -1 2.184e+01 1.006e+01))))
s>    ( QUESTION6 -1 1.036e+03 1.400e+02 6.003e+01
s>        ( WDBNDRY_B 0 4.238e+02 7.973e+01 2.897e+01
s>            ( QUESTION0_3_R 1 1.889e+02 3.309e+01 1.594e+01
s>                ( - 1.468e+02 4 0)
s>                ( - 9.038e+00 1 0))
s>            ( QUESTION0_3_R 1 1.551e+02 3.728e+01 1.303e+01
s>                ( - 1.027e+02 2 0)
s>                ( - 1.515e+01 2 0 WDBNDRY_E 0 8.265e+00 3.000e+00)))
s>        ( QUESTION2 -1 4.722e+02 8.080e+01 3.105e+01
s>            ( QUESTION0_3_R 1 1.256e+02 4.096e+01 1.099e+01
s>                ( - 5.430e+01 4 0 QUESTION2_15_L -1 2.231e+01 6.993e+00)
s>                ( - 3.033e+01 2 0 QUESTION2_2_L -1 1.562e+01 4.000e+00))
s>            ( QUESTION2_3_L -1 2.658e+02 5.559e+01 2.006e+01
s>                ( - 1.013e+02 3 0)
s>                ( - 1.089e+02 4 0 QUESTION4 -1 2.184e+01 1.006e+01))))INFO: dtree.c(1439): stop. leaf nodes are specific
INFO: dtree.c(1478): Final simple tree
|( QUESTION2 -1 1.629e+03 1.868e+02 9.316e+01
|    ( - 9.278e+02 3 0)
|    ( QUESTION2_0_L -1 5.146e+02 8.156e+01 3.771e+01
|        ( - 2.924e+02 3 0)
|        ( QUESTION4 -1 1.406e+02 4.643e+01 1.289e+01
|            ( - 4.930e+01 2 0)
|            ( WDBNDRY_B 0 4.487e+01 1.603e+01 5.994e+00
|                ( - 2.085e+01 1 0)
|                ( - 7.988e+00 1 0)))))
s>    ( QUESTION2 -1 1.629e+03 1.868e+02 9.316e+01
s>        ( - 9.278e+02 3 0)
s>        ( QUESTION2_0_L -1 5.146e+02 8.156e+01 3.771e+01
s>            ( - 2.924e+02 3 0)
s>            ( QUESTION4 -1 1.406e+02 4.643e+01 1.289e+01
s>                ( - 4.930e+01 2 0)
s>                ( WDBNDRY_B 0 4.487e+01 1.603e+01 5.994e+00
s>                    ( - 2.085e+01 1 0)
s>                    ( - 7.988e+00 1 0)))))INFO: dtree.c(1315): Comp split 10
INFO: dtree.c(1478): Final simple tree
|( QUESTION0 -1 1.097e+03 1.512e+02 6.303e+01
|    ( QUESTION4 1 4.780e+02 2.337e+01 3.192e+01
|        ( - 1.745e+00 1 0)
|        ( - 4.529e+02 5 0))
|    ( WDBNDRY_B 0 4.682e+02 8.087e+01 3.112e+01
|        ( QUESTION0 1 1.812e+02 3.829e+01 1.613e+01
|            ( - 1.275e+02 1 0)
|            ( - 1.534e+01 2 0 QUESTION6 -1 1.093e+01 3.000e+00))
|        ( QUESTION7 -1 2.062e+02 4.673e+01 1.499e+01
|            ( - 9.435e+01 1 0)
|            ( QUESTION2_15_L -1 6.509e+01 2.093e+01 6.005e+00
|                ( - 1.009e+01 1 0)
|                ( QUESTION2 -1 3.408e+01 1.495e+01 4.005e+00
|                    ( - 1.042e+01 1 0)
|                    ( - 8.711e+00 1 0))))))
s>    ( QUESTION0 -1 1.097e+03 1.512e+02 6.303e+01
s>        ( QUESTION4 1 4.780e+02 2.337e+01 3.192e+01
s>            ( - 1.745e+00 1 0)
s>            ( - 4.529e+02 5 0))
s>        ( WDBNDRY_B 0 4.682e+02 8.087e+01 3.112e+01
s>            ( QUESTION0 1 1.812e+02 3.829e+01 1.613e+01
s>                ( - 1.275e+02 1 0)
s>                ( - 1.534e+01 2 0 QUESTION6 -1 1.093e+01 3.000e+00))
s>            ( QUESTION7 -1 2.062e+02 4.673e+01 1.499e+01
s>                ( - 9.435e+01 1 0)
s>                ( QUESTION2_15_L -1 6.509e+01 2.093e+01 6.005e+00
s>                    ( - 1.009e+01 1 0)
s>                    ( QUESTION2 -1 3.408e+01 1.495e+01 4.005e+00
s>                        ( - 1.042e+01 1 0)
s>                        ( - 8.711e+00 1 0))))))INFO: dtree.c(1439): stop. leaf nodes are specific
INFO: dtree.c(1478): Final simple tree
|( QUESTION0 -1 9.558e+02 9.866e+01 6.074e+01
|    ( - 9.456e+01 5 0)
|    ( WDBNDRY_B 0 7.625e+02 3.151e+01 4.975e+01
|        ( - 1.677e+01 1 0)
|        ( - 7.143e+02 4 0)))
s>    ( QUESTION0 -1 9.558e+02 9.866e+01 6.074e+01
s>        ( - 9.456e+01 5 0)
s>        ( WDBNDRY_B 0 7.625e+02 3.151e+01 4.975e+01
s>            ( - 1.677e+01 1 0)
s>            ( - 7.143e+02 4 0)))INFO: dtree.c(1315): Comp split 11
INFO: dtree.c(1439): stop. leaf nodes are specific
INFO: dtree.c(1478): Final simple tree
|( WDBNDRY_B 0 1.318e+03 7.191e+01 8.070e+01
|    ( - 1.188e+03 12 0)
|    ( WDBNDRY_E 0 5.883e+01 1.620e+01 6.014e+00
|        ( - 4.194e+01 3 0)
|        ( - 6.935e-01 1 0)))
s>    ( WDBNDRY_B 0 1.318e+03 7.191e+01 8.070e+01
s>        ( - 1.188e+03 12 0)
s>        ( WDBNDRY_E 0 5.883e+01 1.620e+01 6.014e+00
s>            ( - 4.194e+01 3 0)
s>            ( - 6.935e-01 1 0)))INFO: dtree.c(1439): stop. leaf nodes are specific
INFO: dtree.c(1478): Final simple tree
|( QUESTION0_5_R 1 3.547e+02 5.402e+01 2.500e+01
|    ( WDBNDRY_B 0 2.436e+02 3.043e+01 1.900e+01
|        ( - 1.949e+02 4 0)
|        ( - 1.836e+01 1 0))
|    ( SILENCE -1 5.707e+01 2.189e+01 6.000e+00
|        ( - 3.338e+00 1 0)
|        ( WDBNDRY_B 0 3.184e+01 1.289e+01 4.000e+00
|            ( - 1.873e+01 2 0)
|            ( - 2.239e-01 1 0))))
s>    ( QUESTION0_5_R 1 3.547e+02 5.402e+01 2.500e+01
s>        ( WDBNDRY_B 0 2.436e+02 3.043e+01 1.900e+01
s>            ( - 1.949e+02 4 0)
s>            ( - 1.836e+01 1 0))
s>        ( SILENCE -1 5.707e+01 2.189e+01 6.000e+00
s>            ( - 3.338e+00 1 0)
s>            ( WDBNDRY_B 0 3.184e+01 1.289e+01 4.000e+00
s>                ( - 1.873e+01 2 0)
s>                ( - 2.239e-01 1 0))))INFO: dtree.c(1315): Comp split 12
INFO: dtree.c(1439): stop. leaf nodes are specific
INFO: dtree.c(1478): Final simple tree
|( WDBNDRY_I 0 7.194e+02 1.287e+02 4.302e+01
|    ( - 2.437e+02 1 0)
|    ( QUESTION2_11_L -1 3.470e+02 7.135e+01 2.298e+01
|        ( QUESTION2_14_L -1 1.026e+02 3.406e+01 9.977e+00
|            ( - 4.179e+01 1 0)
|            ( - 2.679e+01 2 0))
|        ( QUESTION3 -1 1.730e+02 4.386e+01 1.300e+01
|            ( QUESTION2_3_L -1 4.587e+01 1.436e+01 5.000e+00
|                ( - 2.954e+01 1 0)
|                ( - 1.971e+00 1 0))
|            ( WDBNDRY_B 0 8.330e+01 2.142e+01 8.000e+00
|                ( - 7.543e+00 1 0)
|                ( - 5.434e+01 2 0)))))
s>    ( WDBNDRY_I 0 7.194e+02 1.287e+02 4.302e+01
s>        ( - 2.437e+02 1 0)
s>        ( QUESTION2_11_L -1 3.470e+02 7.135e+01 2.298e+01
s>            ( QUESTION2_14_L -1 1.026e+02 3.406e+01 9.977e+00
s>                ( - 4.179e+01 1 0)
s>                ( - 2.679e+01 2 0))
s>            ( QUESTION3 -1 1.730e+02 4.386e+01 1.300e+01
s>                ( QUESTION2_3_L -1 4.587e+01 1.436e+01 5.000e+00
s>                    ( - 2.954e+01 1 0)
s>                    ( - 1.971e+00 1 0))
s>                ( WDBNDRY_B 0 8.330e+01 2.142e+01 8.000e+00
s>                    ( - 7.543e+00 1 0)
s>                    ( - 5.434e+01 2 0)))))INFO: dtree.c(1439): stop. leaf nodes are specific
INFO: dtree.c(1478): Final simple tree
|( WDBNDRY_I 0 7.764e+02 1.152e+02 4.690e+01
|    ( QUESTION17 1 5.266e+02 7.877e+01 3.446e+01
|        ( - 3.424e+02 3 0)
|        ( QUESTION0 -1 1.055e+02 3.099e+01 1.016e+01
|            ( QUESTION8 1 2.380e+01 1.138e+01 3.175e+00
|                ( - 1.681e+00 1 0)
|                ( - 1.074e+01 2 0))
|            ( - 5.069e+01 1 0)))
|    ( WDBNDRY_B 0 1.346e+02 3.028e+01 1.244e+01
|        ( QUESTION0 -1 8.504e+01 2.423e+01 9.442e+00
|            ( - 4.177e+01 2 0)
|            ( - 1.904e+01 1 0))
|        ( - 1.927e+01 1 0)))
s>    ( WDBNDRY_I 0 7.764e+02 1.152e+02 4.690e+01
s>        ( QUESTION17 1 5.266e+02 7.877e+01 3.446e+01
s>            ( - 3.424e+02 3 0)
s>            ( QUESTION0 -1 1.055e+02 3.099e+01 1.016e+01
s>                ( QUESTION8 1 2.380e+01 1.138e+01 3.175e+00
s>                    ( - 1.681e+00 1 0)
s>                    ( - 1.074e+01 2 0))
s>                ( - 5.069e+01 1 0)))
s>        ( WDBNDRY_B 0 1.346e+02 3.028e+01 1.244e+01
s>            ( QUESTION0 -1 8.504e+01 2.423e+01 9.442e+00
s>                ( - 4.177e+01 2 0)
s>                ( - 1.904e+01 1 0))
s>            ( - 1.927e+01 1 0)))INFO: dtree.c(1315): Comp split 13
INFO: dtree.c(1439): stop. leaf nodes are specific
INFO: dtree.c(1478): Final simple tree
|( WDBNDRY_B 0 1.095e+03 5.050e+01 7.630e+01
|    ( - 2.792e+01 1 0)
|    ( - 1.017e+03 6 0))
s>    ( WDBNDRY_B 0 1.095e+03 5.050e+01 7.630e+01
s>        ( - 2.792e+01 1 0)
s>        ( - 1.017e+03 6 0))INFO: dtree.c(1439): stop. leaf nodes are specific
INFO: dtree.c(1478): Final simple tree
|( QUESTION0 -1 1.139e+03 9.397e+01 7.418e+01
|    ( - 9.319e+02 6 0)
|    ( QUESTION3 -1 1.134e+02 3.102e+01 1.000e+01
|        ( - 6.281e+01 1 0)
|        ( SILENCE -1 1.958e+01 1.142e+01 3.000e+00
|            ( - 6.464e+00 1 0)
|            ( - 1.699e+00 1 0))))
s>    ( QUESTION0 -1 1.139e+03 9.397e+01 7.418e+01
s>        ( - 9.319e+02 6 0)
s>        ( QUESTION3 -1 1.134e+02 3.102e+01 1.000e+01
s>            ( - 6.281e+01 1 0)
s>            ( SILENCE -1 1.958e+01 1.142e+01 3.000e+00
s>                ( - 6.464e+00 1 0)
s>                ( - 1.699e+00 1 0))))INFO: dtree.c(1315): Comp split 14
INFO: dtree.c(1439): stop. leaf nodes are specific
INFO: dtree.c(1478): Final simple tree
|( WDBNDRY_E 0 6.223e+02 1.048e+02 3.349e+01
|    ( QUESTION0_12_R 1 1.293e+02 3.850e+01 1.000e+01
|        ( - 5.736e+01 2 0)
|        ( - 3.342e+01 3 0))
|    ( QUESTION0 -1 3.882e+02 8.065e+01 2.349e+01
|        ( QUESTION0_12_R 1 1.973e+02 2.865e+01 1.400e+01
|            ( - 1.623e+02 5 0)
|            ( - 6.363e+00 1 0))
|        ( QUESTION2 1 1.102e+02 3.439e+01 9.493e+00
|            ( - 4.618e+01 2 0)
|            ( - 2.964e+01 2 0))))
s>    ( WDBNDRY_E 0 6.223e+02 1.048e+02 3.349e+01
s>        ( QUESTION0_12_R 1 1.293e+02 3.850e+01 1.000e+01
s>            ( - 5.736e+01 2 0)
s>            ( - 3.342e+01 3 0))
s>        ( QUESTION0 -1 3.882e+02 8.065e+01 2.349e+01
s>            ( QUESTION0_12_R 1 1.973e+02 2.865e+01 1.400e+01
s>                ( - 1.623e+02 5 0)
s>                ( - 6.363e+00 1 0))
s>            ( QUESTION2 1 1.102e+02 3.439e+01 9.493e+00
s>                ( - 4.618e+01 2 0)
s>                ( - 2.964e+01 2 0))))INFO: dtree.c(1439): stop. leaf nodes are specific
INFO: dtree.c(1478): Final simple tree
|( QUESTION0_19_R 1 6.991e+02 1.225e+02 3.979e+01
|    ( - 3.540e+02 3 0)
|    ( QUESTION0 -1 2.225e+02 3.330e+01 1.494e+01
|        ( QUESTION0_16_R 1 1.827e+02 2.735e+01 1.294e+01
|            ( WDBNDRY_E 0 1.433e+02 1.552e+01 1.094e+01
|                ( - 1.243e+00 1 0)
|                ( - 1.266e+02 5 0))
|            ( - 1.197e+01 1 0))
|        ( - 6.552e+00 1 0)))
s>    ( QUESTION0_19_R 1 6.991e+02 1.225e+02 3.979e+01
s>        ( - 3.540e+02 3 0)
s>        ( QUESTION0 -1 2.225e+02 3.330e+01 1.494e+01
s>            ( QUESTION0_16_R 1 1.827e+02 2.735e+01 1.294e+01
s>                ( WDBNDRY_E 0 1.433e+02 1.552e+01 1.094e+01
s>                    ( - 1.243e+00 1 0)
s>                    ( - 1.266e+02 5 0))
s>                ( - 1.197e+01 1 0))
s>            ( - 6.552e+00 1 0)))INFO: dtree.c(1315): Comp split 15
INFO: dtree.c(1439): stop. leaf nodes are specific
INFO: dtree.c(1478): Final simple tree
|( WDBNDRY_E 0 1.324e+03 1.704e+01 7.009e+01
|    ( - 1.178e+00 1 0)
|    ( - 1.306e+03 11 0))
s>    ( WDBNDRY_E 0 1.324e+03 1.704e+01 7.009e+01
s>        ( - 1.178e+00 1 0)
s>        ( - 1.306e+03 11 0))INFO: dtree.c(1439): stop. leaf nodes are specific
INFO: dtree.c(1478): Final simple tree
|( QUESTION0_12_R 1 5.248e+02 9.839e+01 3.111e+01
|    ( WDBNDRY_E 0 2.056e+02 5.156e+01 1.511e+01
|        ( - 8.235e+01 3 0)
|        ( QUESTION8 1 7.167e+01 2.656e+01 7.008e+00
|            ( - 3.283e+01 1 0)
|            ( - 1.228e+01 1 0)))
|    ( QUESTION0 -1 2.209e+02 3.518e+01 1.600e+01
|        ( - 1.690e+02 4 0)
|        ( - 1.665e+01 1 0)))
s>    ( QUESTION0_12_R 1 5.248e+02 9.839e+01 3.111e+01
s>        ( WDBNDRY_E 0 2.056e+02 5.156e+01 1.511e+01
s>            ( - 8.235e+01 3 0)
s>            ( QUESTION8 1 7.167e+01 2.656e+01 7.008e+00
s>                ( - 3.283e+01 1 0)
s>                ( - 1.228e+01 1 0)))
s>        ( QUESTION0 -1 2.209e+02 3.518e+01 1.600e+01
s>            ( - 1.690e+02 4 0)
s>            ( - 1.665e+01 1 0)))INFO: dtree.c(1315): Comp split 16
INFO: dtree.c(1439): stop. leaf nodes are specific
INFO: dtree.c(1478): Final simple tree
|( QUESTION2 -1 3.284e+02 6.760e+01 2.896e+01
|    ( QUESTION2_16_L -1 1.255e+02 2.794e+01 1.200e+01
|        ( - 9.744e+00 1 0)
|        ( - 8.783e+01 3 0))
|    ( - 1.353e+02 2 0))
s>    ( QUESTION2 -1 3.284e+02 6.760e+01 2.896e+01
s>        ( QUESTION2_16_L -1 1.255e+02 2.794e+01 1.200e+01
s>            ( - 9.744e+00 1 0)
s>            ( - 8.783e+01 3 0))
s>        ( - 1.353e+02 2 0))INFO: dtree.c(1315): Comp split 17
INFO: dtree.c(1439): stop. leaf nodes are specific
INFO: dtree.c(1478): Final simple tree
|( QUESTION2_0_L -1 5.146e+02 8.156e+01 3.771e+01
|    ( - 2.924e+02 3 0)
|    ( QUESTION4 -1 1.406e+02 4.643e+01 1.289e+01
|        ( - 4.930e+01 2 0)
|        ( WDBNDRY_B 0 4.487e+01 1.603e+01 5.994e+00
|            ( - 2.085e+01 1 0)
|            ( - 7.988e+00 1 0))))
s>    ( QUESTION2_0_L -1 5.146e+02 8.156e+01 3.771e+01
s>        ( - 2.924e+02 3 0)
s>        ( QUESTION4 -1 1.406e+02 4.643e+01 1.289e+01
s>            ( - 4.930e+01 2 0)
s>            ( WDBNDRY_B 0 4.487e+01 1.603e+01 5.994e+00
s>                ( - 2.085e+01 1 0)
s>                ( - 7.988e+00 1 0))))INFO: dtree.c(1315): Comp split 18
INFO: dtree.c(1439): stop. leaf nodes are specific
INFO: dtree.c(1478): Final simple tree
|( QUESTION5 -1 4.159e+02 6.949e+01 3.093e+01
|    ( - 1.468e+02 4 0)
|    ( QUESTION2 -1 1.996e+02 4.397e+01 1.699e+01
|        ( QUESTION2_15_L -1 5.430e+01 2.231e+01 6.993e+00
|            ( QUESTION2_16_L -1 1.668e+01 5.692e+00 3.993e+00
|                ( - 2.786e-01 1 0)
|                ( - 1.071e+01 1 0))
|            ( QUESTION2_2_L -1 1.531e+01 1.098e+01 3.000e+00
|                ( - 1.135e-01 1 0)
|                ( - 4.220e+00 1 0)))
|        ( - 1.013e+02 3 0)))
s>    ( QUESTION5 -1 4.159e+02 6.949e+01 3.093e+01
s>        ( - 1.468e+02 4 0)
s>        ( QUESTION2 -1 1.996e+02 4.397e+01 1.699e+01
s>            ( QUESTION2_15_L -1 5.430e+01 2.231e+01 6.993e+00
s>                ( QUESTION2_16_L -1 1.668e+01 5.692e+00 3.993e+00
s>                    ( - 2.786e-01 1 0)
s>                    ( - 1.071e+01 1 0))
s>                ( QUESTION2_2_L -1 1.531e+01 1.098e+01 3.000e+00
s>                    ( - 1.135e-01 1 0)
s>                    ( - 4.220e+00 1 0)))
s>            ( - 1.013e+02 3 0)))INFO: dtree.c(1478): Final simple tree
|( QUESTION0_3_R 1 4.554e+02 9.342e+01 2.910e+01
|    ( WDBNDRY_B 0 2.414e+02 4.866e+01 1.905e+01
|        ( QUESTION4 -1 9.008e+01 2.040e+01 9.019e+00
|            ( - 5.526e+00 1 0)
|            ( - 6.415e+01 2 0))
|        ( - 1.027e+02 2 0))
|    ( QUESTION6 -1 1.205e+02 3.632e+01 1.004e+01
|        ( WDBNDRY_B 0 4.010e+01 1.592e+01 5.000e+00
|            ( - 9.038e+00 1 0)
|            ( - 1.515e+01 2 0 WDBNDRY_E 0 8.265e+00 3.000e+00))
|        ( QUESTION2_2_L -1 4.411e+01 1.914e+01 5.045e+00
|            ( - 8.276e+00 1 0)
|            ( QUESTION2 -1 1.669e+01 9.362e+00 3.045e+00
|                ( - 6.436e+00 1 0)
|                ( - 8.931e-01 1 0)))))
s>    ( QUESTION0_3_R 1 4.554e+02 9.342e+01 2.910e+01
s>        ( WDBNDRY_B 0 2.414e+02 4.866e+01 1.905e+01
s>            ( QUESTION4 -1 9.008e+01 2.040e+01 9.019e+00
s>                ( - 5.526e+00 1 0)
s>                ( - 6.415e+01 2 0))
s>            ( - 1.027e+02 2 0))
s>        ( QUESTION6 -1 1.205e+02 3.632e+01 1.004e+01
s>            ( WDBNDRY_B 0 4.010e+01 1.592e+01 5.000e+00
s>                ( - 9.038e+00 1 0)
s>                ( - 1.515e+01 2 0 WDBNDRY_E 0 8.265e+00 3.000e+00))
s>            ( QUESTION2_2_L -1 4.411e+01 1.914e+01 5.045e+00
s>                ( - 8.276e+00 1 0)
s>                ( QUESTION2 -1 1.669e+01 9.362e+00 3.045e+00
s>                    ( - 6.436e+00 1 0)
s>                    ( - 8.931e-01 1 0)))))INFO: dtree.c(1315): Comp split 19
INFO: dtree.c(1439): stop. leaf nodes are specific
INFO: dtree.c(1478): Final simple tree
|( QUESTION0 -1 5.192e+02 3.111e+01 3.392e+01
|    ( QUESTION4 1 4.780e+02 2.337e+01 3.192e+01
|        ( - 1.745e+00 1 0)
|        ( - 4.529e+02 5 0))
|    ( - 1.009e+01 1 0))
s>    ( QUESTION0 -1 5.192e+02 3.111e+01 3.392e+01
s>        ( QUESTION4 1 4.780e+02 2.337e+01 3.192e+01
s>            ( - 1.745e+00 1 0)
s>            ( - 4.529e+02 5 0))
s>        ( - 1.009e+01 1 0))INFO: dtree.c(1439): stop. leaf nodes are specific
INFO: dtree.c(1478): Final simple tree
|( WDBNDRY_B 0 4.255e+02 7.780e+01 2.912e+01
|    ( QUESTION0 1 1.812e+02 3.829e+01 1.613e+01
|        ( - 1.275e+02 1 0)
|        ( QUESTION6 -1 1.534e+01 1.093e+01 3.000e+00
|            ( - 4.121e+00 1 0)
|            ( - 2.896e-01 1 0)))
|    ( QUESTION7 -1 1.665e+02 3.809e+01 1.299e+01
|        ( - 9.435e+01 1 0)
|        ( QUESTION2 -1 3.408e+01 1.495e+01 4.005e+00
|            ( - 1.042e+01 1 0)
|            ( - 8.711e+00 1 0))))
s>    ( WDBNDRY_B 0 4.255e+02 7.780e+01 2.912e+01
s>        ( QUESTION0 1 1.812e+02 3.829e+01 1.613e+01
s>            ( - 1.275e+02 1 0)
s>            ( QUESTION6 -1 1.534e+01 1.093e+01 3.000e+00
s>                ( - 4.121e+00 1 0)
s>                ( - 2.896e-01 1 0)))
s>        ( QUESTION7 -1 1.665e+02 3.809e+01 1.299e+01
s>            ( - 9.435e+01 1 0)
s>            ( QUESTION2 -1 3.408e+01 1.495e+01 4.005e+00
s>                ( - 1.042e+01 1 0)
s>                ( - 8.711e+00 1 0))))INFO: dtree.c(1315): Comp split 20
INFO: dtree.c(1439): stop. leaf nodes are specific
INFO: dtree.c(1478): Final simple tree
|( WDBNDRY_B 0 2.684e+02 2.270e+01 2.105e+01
|    ( - 1.971e+00 1 0)
|    ( - 2.437e+02 1 0))
s>    ( WDBNDRY_B 0 2.684e+02 2.270e+01 2.105e+01
s>        ( - 1.971e+00 1 0)
s>        ( - 2.437e+02 1 0))INFO: dtree.c(1439): stop. leaf nodes are specific
INFO: dtree.c(1478): Final simple tree
|( QUESTION2_11_L -1 3.221e+02 6.854e+01 2.198e+01
|    ( QUESTION2_14_L -1 1.026e+02 3.406e+01 9.977e+00
|        ( - 4.179e+01 1 0)
|        ( - 2.679e+01 2 0))
|    ( WDBNDRY_B 0 1.509e+02 3.932e+01 1.200e+01
|        ( QUESTION2 -1 5.723e+01 2.014e+01 6.000e+00
|            ( - 7.543e+00 1 0)
|            ( - 2.954e+01 1 0))
|        ( - 5.434e+01 2 0)))
s>    ( QUESTION2_11_L -1 3.221e+02 6.854e+01 2.198e+01
s>        ( QUESTION2_14_L -1 1.026e+02 3.406e+01 9.977e+00
s>            ( - 4.179e+01 1 0)
s>            ( - 2.679e+01 2 0))
s>        ( WDBNDRY_B 0 1.509e+02 3.932e+01 1.200e+01
s>            ( QUESTION2 -1 5.723e+01 2.014e+01 6.000e+00
s>                ( - 7.543e+00 1 0)
s>                ( - 2.954e+01 1 0))
s>            ( - 5.434e+01 2 0)))INFO: dtree.c(1315): Comp split 21
INFO: dtree.c(1439): stop. leaf nodes are specific
INFO: dtree.c(1478): Final simple tree
|( QUESTION0 -1 2.225e+02 3.330e+01 1.494e+01
|    ( QUESTION0_16_R 1 1.827e+02 2.735e+01 1.294e+01
|        ( WDBNDRY_E 0 1.433e+02 1.552e+01 1.094e+01
|            ( - 1.243e+00 1 0)
|            ( - 1.266e+02 5 0))
|        ( - 1.197e+01 1 0))
|    ( - 6.552e+00 1 0))
s>    ( QUESTION0 -1 2.225e+02 3.330e+01 1.494e+01
s>        ( QUESTION0_16_R 1 1.827e+02 2.735e+01 1.294e+01
s>            ( WDBNDRY_E 0 1.433e+02 1.552e+01 1.094e+01
s>                ( - 1.243e+00 1 0)
s>                ( - 1.266e+02 5 0))
s>            ( - 1.197e+01 1 0))
s>        ( - 6.552e+00 1 0))INFO: dtree.c(1315): Comp split 22
INFO: dtree.c(1439): stop. leaf nodes are specific
INFO: dtree.c(1478): Final simple tree
|( WDBNDRY_I 0 2.547e+02 6.945e+01 1.943e+01
|    ( - 5.069e+01 1 0)
|    ( WDBNDRY_B 0 1.346e+02 3.028e+01 1.244e+01
|        ( QUESTION0 -1 8.504e+01 2.423e+01 9.442e+00
|            ( - 4.177e+01 2 0)
|            ( - 1.904e+01 1 0))
|        ( - 1.927e+01 1 0)))
s>    ( WDBNDRY_I 0 2.547e+02 6.945e+01 1.943e+01
s>        ( - 5.069e+01 1 0)
s>        ( WDBNDRY_B 0 1.346e+02 3.028e+01 1.244e+01
s>            ( QUESTION0 -1 8.504e+01 2.423e+01 9.442e+00
s>                ( - 4.177e+01 2 0)
s>                ( - 1.904e+01 1 0))
s>            ( - 1.927e+01 1 0)))INFO: dtree.c(1439): stop. leaf nodes are specific
INFO: dtree.c(1478): Final simple tree
|( QUESTION17 1 4.025e+02 3.633e+01 2.747e+01
|    ( - 3.424e+02 3 0)
|    ( QUESTION8 1 2.380e+01 1.138e+01 3.175e+00
|        ( - 1.681e+00 1 0)
|        ( - 1.074e+01 2 0)))
s>    ( QUESTION17 1 4.025e+02 3.633e+01 2.747e+01
s>        ( - 3.424e+02 3 0)
s>        ( QUESTION8 1 2.380e+01 1.138e+01 3.175e+00
s>            ( - 1.681e+00 1 0)
s>            ( - 1.074e+01 2 0)))INFO: dtree.c(1315): Comp split 23
INFO: dtree.c(1439): stop. leaf nodes are specific
INFO: dtree.c(1478): Final simple tree
|( QUESTION0 -1 2.633e+02 5.484e+01 1.749e+01
|    ( - 1.623e+02 5 0)
|    ( - 4.618e+01 2 0))
s>    ( QUESTION0 -1 2.633e+02 5.484e+01 1.749e+01
s>        ( - 1.623e+02 5 0)
s>        ( - 4.618e+01 2 0))INFO: dtree.c(1439): stop. leaf nodes are specific
INFO: dtree.c(1478): Final simple tree
|( QUESTION0_12_R 1 2.414e+02 5.808e+01 1.600e+01
|    ( WDBNDRY_E 0 1.218e+02 3.481e+01 9.999e+00
|        ( - 5.736e+01 2 0)
|        ( - 2.964e+01 2 0))
|    ( WDBNDRY_E 0 6.148e+01 2.170e+01 6.000e+00
|        ( - 3.342e+01 3 0)
|        ( - 6.363e+00 1 0)))
s>    ( QUESTION0_12_R 1 2.414e+02 5.808e+01 1.600e+01
s>        ( WDBNDRY_E 0 1.218e+02 3.481e+01 9.999e+00
s>            ( - 5.736e+01 2 0)
s>            ( - 2.964e+01 2 0))
s>        ( WDBNDRY_E 0 6.148e+01 2.170e+01 6.000e+00
s>            ( - 3.342e+01 3 0)
s>            ( - 6.363e+00 1 0)))INFO: dtree.c(1315): Comp split 24
INFO: dtree.c(1439): stop. leaf nodes are specific
INFO: dtree.c(1478): Final simple tree
|( WDBNDRY_B 0 7.625e+02 3.151e+01 4.975e+01
|    ( - 1.677e+01 1 0)
|    ( - 7.143e+02 4 0))
s>    ( WDBNDRY_B 0 7.625e+02 3.151e+01 4.975e+01
s>        ( - 1.677e+01 1 0)
s>        ( - 7.143e+02 4 0))INFO: dtree.c(1315): Comp split 25
INFO: dtree.c(1439): stop. leaf nodes are specific
INFO: dtree.c(1478): Final simple tree
|( WDBNDRY_E 0 2.056e+02 5.156e+01 1.511e+01
|    ( - 8.235e+01 3 0)
|    ( QUESTION8 1 7.167e+01 2.656e+01 7.008e+00
|        ( - 3.283e+01 1 0)
|        ( - 1.228e+01 1 0)))
s>    ( WDBNDRY_E 0 2.056e+02 5.156e+01 1.511e+01
s>        ( - 8.235e+01 3 0)
s>        ( QUESTION8 1 7.167e+01 2.656e+01 7.008e+00
s>            ( - 3.283e+01 1 0)
s>            ( - 1.228e+01 1 0)))INFO: dtree.c(1439): stop. leaf nodes are specific
INFO: dtree.c(1478): Final simple tree
|( QUESTION0 -1 2.209e+02 3.518e+01 1.600e+01
|    ( - 1.690e+02 4 0)
|    ( - 1.665e+01 1 0))
s>    ( QUESTION0 -1 2.209e+02 3.518e+01 1.600e+01
s>        ( - 1.690e+02 4 0)
s>        ( - 1.665e+01 1 0))INFO: dtree.c(1315): Comp split 26
INFO: dtree.c(1439): stop. leaf nodes are specific
INFO: dtree.c(1478): Final simple tree
|( QUESTION3 -1 1.134e+02 3.102e+01 1.000e+01
|    ( - 6.281e+01 1 0)
|    ( SILENCE -1 1.958e+01 1.142e+01 3.000e+00
|        ( - 6.464e+00 1 0)
|        ( - 1.699e+00 1 0)))
s>    ( QUESTION3 -1 1.134e+02 3.102e+01 1.000e+01
s>        ( - 6.281e+01 1 0)
s>        ( SILENCE -1 1.958e+01 1.142e+01 3.000e+00
s>            ( - 6.464e+00 1 0)
s>            ( - 1.699e+00 1 0)))INFO: dtree.c(1315): Comp split 27
INFO: dtree.c(1439): stop. leaf nodes are specific
INFO: dtree.c(1478): Final simple tree
|( QUESTION16 -1 7.594e+01 2.566e+01 8.000e+00
|    ( - 4.264e+01 1 0)
|    ( - 7.650e+00 1 0))
s>    ( QUESTION16 -1 7.594e+01 2.566e+01 8.000e+00
s>        ( - 4.264e+01 1 0)
s>        ( - 7.650e+00 1 0))INFO: dtree.c(1315): Comp split 28
INFO: dtree.c(1439): stop. leaf nodes are specific
INFO: dtree.c(1478): Final simple tree
|( QUESTION6 -1 1.205e+02 3.632e+01 1.004e+01
|    ( WDBNDRY_B 0 4.010e+01 1.592e+01 5.000e+00
|        ( - 9.038e+00 1 0)
|        ( WDBNDRY_E 0 1.515e+01 8.265e+00 3.000e+00
|            ( - 5.540e-02 1 0)
|            ( - 6.826e+00 1 0)))
|    ( QUESTION2_2_L -1 4.411e+01 1.914e+01 5.045e+00
|        ( - 8.276e+00 1 0)
|        ( QUESTION2 -1 1.669e+01 9.362e+00 3.045e+00
|            ( - 6.436e+00 1 0)
|            ( - 8.931e-01 1 0))))
s>    ( QUESTION6 -1 1.205e+02 3.632e+01 1.004e+01
s>        ( WDBNDRY_B 0 4.010e+01 1.592e+01 5.000e+00
s>            ( - 9.038e+00 1 0)
s>            ( WDBNDRY_E 0 1.515e+01 8.265e+00 3.000e+00
s>                ( - 5.540e-02 1 0)
s>                ( - 6.826e+00 1 0)))
s>        ( QUESTION2_2_L -1 4.411e+01 1.914e+01 5.045e+00
s>            ( - 8.276e+00 1 0)
s>            ( QUESTION2 -1 1.669e+01 9.362e+00 3.045e+00
s>                ( - 6.436e+00 1 0)
s>                ( - 8.931e-01 1 0))))INFO: dtree.c(1439): stop. leaf nodes are specific
INFO: dtree.c(1478): Final simple tree
|( WDBNDRY_B 0 2.414e+02 4.866e+01 1.905e+01
|    ( QUESTION4 -1 9.008e+01 2.040e+01 9.019e+00
|        ( - 5.526e+00 1 0)
|        ( - 6.415e+01 2 0))
|    ( - 1.027e+02 2 0))
s>    ( WDBNDRY_B 0 2.414e+02 4.866e+01 1.905e+01
s>        ( QUESTION4 -1 9.008e+01 2.040e+01 9.019e+00
s>            ( - 5.526e+00 1 0)
s>            ( - 6.415e+01 2 0))
s>        ( - 1.027e+02 2 0))INFO: dtree.c(1315): Comp split 29
INFO: dtree.c(1439): stop. leaf nodes are specific
INFO: dtree.c(1478): Final simple tree
|( QUESTION4 -1 1.406e+02 4.643e+01 1.289e+01
|    ( - 4.930e+01 2 0)
|    ( WDBNDRY_B 0 4.487e+01 1.603e+01 5.994e+00
|        ( - 2.085e+01 1 0)
|        ( - 7.988e+00 1 0)))
s>    ( QUESTION4 -1 1.406e+02 4.643e+01 1.289e+01
s>        ( - 4.930e+01 2 0)
s>        ( WDBNDRY_B 0 4.487e+01 1.603e+01 5.994e+00
s>            ( - 2.085e+01 1 0)
s>            ( - 7.988e+00 1 0)))INFO: dtree.c(1315): Comp split 30
INFO: dtree.c(1439): stop. leaf nodes are specific
INFO: dtree.c(1478): Final simple tree
|( QUESTION7 -1 1.641e+02 3.998e+01 1.299e+01
|    ( - 9.435e+01 1 0)
|    ( WDBNDRY_B 0 2.976e+01 1.522e+01 4.004e+00
|        ( - 4.121e+00 1 0)
|        ( - 1.042e+01 1 0)))
s>    ( QUESTION7 -1 1.641e+02 3.998e+01 1.299e+01
s>        ( - 9.435e+01 1 0)
s>        ( WDBNDRY_B 0 2.976e+01 1.522e+01 4.004e+00
s>            ( - 4.121e+00 1 0)
s>            ( - 1.042e+01 1 0)))INFO: dtree.c(1439): stop. leaf nodes are specific
INFO: dtree.c(1478): Final simple tree
|( QUESTION0 1 1.815e+02 3.388e+01 1.613e+01
|    ( - 1.275e+02 1 0)
|    ( WDBNDRY_B 0 2.011e+01 1.111e+01 3.001e+00
|        ( - 2.896e-01 1 0)
|        ( - 8.711e+00 1 0)))
s>    ( QUESTION0 1 1.815e+02 3.388e+01 1.613e+01
s>        ( - 1.275e+02 1 0)
s>        ( WDBNDRY_B 0 2.011e+01 1.111e+01 3.001e+00
s>            ( - 2.896e-01 1 0)
s>            ( - 8.711e+00 1 0)))INFO: dtree.c(1315): Comp split 31
INFO: dtree.c(1439): stop. leaf nodes are specific
INFO: dtree.c(1478): Final simple tree
|( QUESTION2 -1 1.612e+02 1.424e+01 1.494e+01
|    ( - 1.135e-01 1 0)
|    ( - 1.468e+02 4 0))
s>    ( QUESTION2 -1 1.612e+02 1.424e+01 1.494e+01
s>        ( - 1.135e-01 1 0)
s>        ( - 1.468e+02 4 0))INFO: dtree.c(1439): stop. leaf nodes are specific
INFO: dtree.c(1478): Final simple tree
|( QUESTION2 -1 1.771e+02 3.841e+01 1.599e+01
|    ( QUESTION2_14_L -1 3.732e+01 1.642e+01 5.993e+00
|        ( - 4.220e+00 1 0)
|        ( QUESTION2_16_L -1 1.668e+01 5.692e+00 3.993e+00
|            ( - 2.786e-01 1 0)
|            ( - 1.071e+01 1 0)))
|    ( - 1.013e+02 3 0))
s>    ( QUESTION2 -1 1.771e+02 3.841e+01 1.599e+01
s>        ( QUESTION2_14_L -1 3.732e+01 1.642e+01 5.993e+00
s>            ( - 4.220e+00 1 0)
s>            ( QUESTION2_16_L -1 1.668e+01 5.692e+00 3.993e+00
s>                ( - 2.786e-01 1 0)
s>                ( - 1.071e+01 1 0)))
s>        ( - 1.013e+02 3 0))INFO: dtree.c(1315): Comp split 32
INFO: dtree.c(1439): stop. leaf nodes are specific
INFO: dtree.c(1478): Final simple tree
|( QUESTION2_14_L -1 1.663e+02 4.643e+01 1.398e+01
|    ( - 4.179e+01 1 0)
|    ( QUESTION2 -1 7.809e+01 2.176e+01 8.000e+00
|        ( - 2.679e+01 2 0)
|        ( - 2.954e+01 1 0)))
s>    ( QUESTION2_14_L -1 1.663e+02 4.643e+01 1.398e+01
s>        ( - 4.179e+01 1 0)
s>        ( QUESTION2 -1 7.809e+01 2.176e+01 8.000e+00
s>            ( - 2.679e+01 2 0)
s>            ( - 2.954e+01 1 0)))INFO: dtree.c(1439): stop. leaf nodes are specific
INFO: dtree.c(1478): Final simple tree
|( WDBNDRY_B 0 8.330e+01 2.142e+01 8.000e+00
|    ( - 7.543e+00 1 0)
|    ( - 5.434e+01 2 0))
s>    ( WDBNDRY_B 0 8.330e+01 2.142e+01 8.000e+00
s>        ( - 7.543e+00 1 0)
s>        ( - 5.434e+01 2 0))INFO: dtree.c(1315): Comp split 33
INFO: dtree.c(1439): stop. leaf nodes are specific
INFO: dtree.c(1478): Final simple tree
|( WDBNDRY_E 0 5.883e+01 1.620e+01 6.014e+00
|    ( - 4.194e+01 3 0)
|    ( - 6.935e-01 1 0))
s>    ( WDBNDRY_E 0 5.883e+01 1.620e+01 6.014e+00
s>        ( - 4.194e+01 3 0)
s>        ( - 6.935e-01 1 0))INFO: dtree.c(1315): Comp split 34
INFO: dtree.c(1439): stop. leaf nodes are specific
INFO: dtree.c(1478): Final simple tree
|( WDBNDRY_B 0 1.346e+02 3.028e+01 1.244e+01
|    ( QUESTION0 -1 8.504e+01 2.423e+01 9.442e+00
|        ( - 4.177e+01 2 0)
|        ( - 1.904e+01 1 0))
|    ( - 1.927e+01 1 0))
s>    ( WDBNDRY_B 0 1.346e+02 3.028e+01 1.244e+01
s>        ( QUESTION0 -1 8.504e+01 2.423e+01 9.442e+00
s>            ( - 4.177e+01 2 0)
s>            ( - 1.904e+01 1 0))
s>        ( - 1.927e+01 1 0))INFO: dtree.c(1315): Comp split 35
INFO: dtree.c(1315): Comp split 36
INFO: dtree.c(1439): stop. leaf nodes are specific
INFO: dtree.c(1478): Final simple tree
|( QUESTION2_16_L -1 1.255e+02 2.794e+01 1.200e+01
|    ( - 9.744e+00 1 0)
|    ( - 8.783e+01 3 0))
s>    ( QUESTION2_16_L -1 1.255e+02 2.794e+01 1.200e+01
s>        ( - 9.744e+00 1 0)
s>        ( - 8.783e+01 3 0))INFO: dtree.c(1315): Comp split 37
INFO: dtree.c(1439): stop. leaf nodes are specific
INFO: dtree.c(1478): Final simple tree
|( WDBNDRY_E 0 6.148e+01 2.170e+01 6.000e+00
|    ( - 3.342e+01 3 0)
|    ( - 6.363e+00 1 0))
s>    ( WDBNDRY_E 0 6.148e+01 2.170e+01 6.000e+00
s>        ( - 3.342e+01 3 0)
s>        ( - 6.363e+00 1 0))INFO: dtree.c(1439): stop. leaf nodes are specific
INFO: dtree.c(1478): Final simple tree
|( WDBNDRY_E 0 1.218e+02 3.481e+01 9.999e+00
|    ( - 5.736e+01 2 0)
|    ( - 2.964e+01 2 0))
s>    ( WDBNDRY_E 0 1.218e+02 3.481e+01 9.999e+00
s>        ( - 5.736e+01 2 0)
s>        ( - 2.964e+01 2 0))INFO: dtree.c(1315): Comp split 38
INFO: dtree.c(1439): stop. leaf nodes are specific
INFO: dtree.c(1478): Final simple tree
|( QUESTION0_5_R 1 2.417e+02 2.816e+01 1.899e+01
|    ( - 1.949e+02 4 0)
|    ( - 1.873e+01 2 0))
s>    ( QUESTION0_5_R 1 2.417e+02 2.816e+01 1.899e+01
s>        ( - 1.949e+02 4 0)
s>        ( - 1.873e+01 2 0))INFO: dtree.c(1439): stop. leaf nodes are specific
INFO: dtree.c(1478): Final simple tree
|( QUESTION0_5_R 1 5.678e+01 2.384e+01 6.019e+00
|    ( - 1.836e+01 1 0)
|    ( WDBNDRY_B 0 1.457e+01 1.101e+01 3.000e+00
|        ( - 3.338e+00 1 0)
|        ( - 2.239e-01 1 0)))
s>    ( QUESTION0_5_R 1 5.678e+01 2.384e+01 6.019e+00
s>        ( - 1.836e+01 1 0)
s>        ( WDBNDRY_B 0 1.457e+01 1.101e+01 3.000e+00
s>            ( - 3.338e+00 1 0)
s>            ( - 2.239e-01 1 0)))INFO: dtree.c(1315): Comp split 39
INFO: dtree.c(1315): Comp split 40
INFO: dtree.c(1439): stop. leaf nodes are specific
INFO: dtree.c(1478): Final simple tree
|( QUESTION8 1 7.167e+01 2.656e+01 7.008e+00
|    ( - 3.283e+01 1 0)
|    ( - 1.228e+01 1 0))
s>    ( QUESTION8 1 7.167e+01 2.656e+01 7.008e+00
s>        ( - 3.283e+01 1 0)
s>        ( - 1.228e+01 1 0))INFO: dtree.c(1315): Comp split 41
INFO: dtree.c(1315): Comp split 42
INFO: dtree.c(1439): stop. leaf nodes are specific
INFO: dtree.c(1478): Final simple tree
|( QUESTION4 -1 9.008e+01 2.040e+01 9.019e+00
|    ( - 5.526e+00 1 0)
|    ( - 6.415e+01 2 0))
s>    ( QUESTION4 -1 9.008e+01 2.040e+01 9.019e+00
s>        ( - 5.526e+00 1 0)
s>        ( - 6.415e+01 2 0))INFO: dtree.c(1315): Comp split 43
INFO: dtree.c(1439): stop. leaf nodes are specific
INFO: dtree.c(1478): Final simple tree
|( WDBNDRY_B 0 4.487e+01 1.603e+01 5.994e+00
|    ( - 2.085e+01 1 0)
|    ( - 7.988e+00 1 0))
s>    ( WDBNDRY_B 0 4.487e+01 1.603e+01 5.994e+00
s>        ( - 2.085e+01 1 0)
s>        ( - 7.988e+00 1 0))INFO: dtree.c(1315): Comp split 44
INFO: dtree.c(1439): stop. leaf nodes are specific
INFO: dtree.c(1478): Final simple tree
|( QUESTION2 -1 7.809e+01 2.176e+01 8.000e+00
|    ( - 2.679e+01 2 0)
|    ( - 2.954e+01 1 0))
s>    ( QUESTION2 -1 7.809e+01 2.176e+01 8.000e+00
s>        ( - 2.679e+01 2 0)
s>        ( - 2.954e+01 1 0))INFO: dtree.c(1315): Comp split 45
INFO: dtree.c(1439): stop. leaf nodes are specific
INFO: dtree.c(1478): Final simple tree
|( QUESTION0_16_R 1 5.041e+01 1.964e+01 5.000e+00
|    ( WDBNDRY_E 0 1.881e+01 1.102e+01 3.000e+00
|        ( - 1.243e+00 1 0)
|        ( - 6.552e+00 1 0))
|    ( - 1.197e+01 1 0))
s>    ( QUESTION0_16_R 1 5.041e+01 1.964e+01 5.000e+00
s>        ( WDBNDRY_E 0 1.881e+01 1.102e+01 3.000e+00
s>            ( - 1.243e+00 1 0)
s>            ( - 6.552e+00 1 0))
s>        ( - 1.197e+01 1 0))INFO: dtree.c(1315): Comp split 46
INFO: dtree.c(1439): stop. leaf nodes are specific
INFO: dtree.c(1478): Final simple tree
|( QUESTION0 -1 2.288e+01 1.105e+01 3.000e+00
|    ( - 1.745e+00 1 0)
|    ( - 1.009e+01 1 0))
s>    ( QUESTION0 -1 2.288e+01 1.105e+01 3.000e+00
s>        ( - 1.745e+00 1 0)
s>        ( - 1.009e+01 1 0))INFO: dtree.c(1315): Comp split 47
INFO: dtree.c(1439): stop. leaf nodes are specific
INFO: dtree.c(1478): Final simple tree
|( WDBNDRY_B 0 2.976e+01 1.522e+01 4.004e+00
|    ( - 4.121e+00 1 0)
|    ( - 1.042e+01 1 0))
s>    ( WDBNDRY_B 0 2.976e+01 1.522e+01 4.004e+00
s>        ( - 4.121e+00 1 0)
s>        ( - 1.042e+01 1 0))INFO: dtree.c(1315): Comp split 48
INFO: dtree.c(1439): stop. leaf nodes are specific
INFO: dtree.c(1478): Final simple tree
|( QUESTION2_14_L -1 3.732e+01 1.642e+01 5.993e+00
|    ( - 4.220e+00 1 0)
|    ( QUESTION2_16_L -1 1.668e+01 5.692e+00 3.993e+00
|        ( - 2.786e-01 1 0)
|        ( - 1.071e+01 1 0)))
s>    ( QUESTION2_14_L -1 3.732e+01 1.642e+01 5.993e+00
s>        ( - 4.220e+00 1 0)
s>        ( QUESTION2_16_L -1 1.668e+01 5.692e+00 3.993e+00
s>            ( - 2.786e-01 1 0)
s>            ( - 1.071e+01 1 0)))INFO: dtree.c(1315): Comp split 49
INFO: dtree.c(1439): stop. leaf nodes are specific
INFO: dtree.c(1478): Final simple tree
|( WDBNDRY_B 0 4.253e+01 1.911e+01 5.000e+00
|    ( - 8.276e+00 1 0)
|    ( WDBNDRY_E 0 1.515e+01 8.265e+00 3.000e+00
|        ( - 5.540e-02 1 0)
|        ( - 6.826e+00 1 0)))
s>    ( WDBNDRY_B 0 4.253e+01 1.911e+01 5.000e+00
s>        ( - 8.276e+00 1 0)
s>        ( WDBNDRY_E 0 1.515e+01 8.265e+00 3.000e+00
s>            ( - 5.540e-02 1 0)
s>            ( - 6.826e+00 1 0)))INFO: dtree.c(1439): stop. leaf nodes are specific
INFO: dtree.c(1478): Final simple tree
|( QUESTION2 -1 4.163e+01 1.729e+01 5.045e+00
|    ( - 6.436e+00 1 0)
|    ( QUESTION6 -1 1.791e+01 7.975e+00 3.045e+00
|        ( - 9.038e+00 1 0)
|        ( - 8.931e-01 1 0)))
s>    ( QUESTION2 -1 4.163e+01 1.729e+01 5.045e+00
s>        ( - 6.436e+00 1 0)
s>        ( QUESTION6 -1 1.791e+01 7.975e+00 3.045e+00
s>            ( - 9.038e+00 1 0)
s>            ( - 8.931e-01 1 0)))INFO: dtree.c(1315): Comp split 50
INFO: dtree.c(1439): stop. leaf nodes are specific
INFO: dtree.c(1478): Final simple tree
|( QUESTION8 1 2.380e+01 1.138e+01 3.175e+00
|    ( - 1.681e+00 1 0)
|    ( - 1.074e+01 2 0))
s>    ( QUESTION8 1 2.380e+01 1.138e+01 3.175e+00
s>        ( - 1.681e+00 1 0)
s>        ( - 1.074e+01 2 0))INFO: dtree.c(1315): Comp split 51
INFO: dtree.c(1315): Comp split 52
INFO: dtree.c(1315): Comp split 53
INFO: dtree.c(1439): stop. leaf nodes are specific
INFO: dtree.c(1478): Final simple tree
|( WDBNDRY_B 0 5.813e+01 1.983e+01 6.493e+00
|    ( - 1.904e+01 1 0)
|    ( - 1.927e+01 1 0))
s>    ( WDBNDRY_B 0 5.813e+01 1.983e+01 6.493e+00
s>        ( - 1.904e+01 1 0)
s>        ( - 1.927e+01 1 0))INFO: dtree.c(1315): Comp split 54
INFO: dtree.c(1439): stop. leaf nodes are specific
INFO: dtree.c(1478): Final simple tree
|( WDBNDRY_B 0 2.011e+01 1.111e+01 3.001e+00
|    ( - 2.896e-01 1 0)
|    ( - 8.711e+00 1 0))
s>    ( WDBNDRY_B 0 2.011e+01 1.111e+01 3.001e+00
s>        ( - 2.896e-01 1 0)
s>        ( - 8.711e+00 1 0))INFO: dtree.c(1315): Comp split 55
INFO: dtree.c(1315): Comp split 56
INFO: dtree.c(1439): stop. leaf nodes are specific
INFO: dtree.c(1478): Final simple tree
|( SILENCE -1 1.958e+01 1.142e+01 3.000e+00
|    ( - 6.464e+00 1 0)
|    ( - 1.699e+00 1 0))
s>    ( SILENCE -1 1.958e+01 1.142e+01 3.000e+00
s>        ( - 6.464e+00 1 0)
s>        ( - 1.699e+00 1 0))INFO: dtree.c(1315): Comp split 57
INFO: dtree.c(1315): Comp split 58
INFO: dtree.c(1315): Comp split 59
INFO: dtree.c(1315): Comp split 60
INFO: dtree.c(1315): Comp split 61
INFO: dtree.c(1439): stop. leaf nodes are specific
INFO: dtree.c(1478): Final simple tree
|( WDBNDRY_B 0 1.457e+01 1.101e+01 3.000e+00
|    ( - 3.338e+00 1 0)
|    ( - 2.239e-01 1 0))
s>    ( WDBNDRY_B 0 1.457e+01 1.101e+01 3.000e+00
s>        ( - 3.338e+00 1 0)
s>        ( - 2.239e-01 1 0))INFO: dtree.c(1315): Comp split 62
INFO: dtree.c(1315): Comp split 63
INFO: dtree.c(1315): Comp split 64
INFO: dtree.c(1315): Comp split 65
INFO: dtree.c(1315): Comp split 66
INFO: dtree.c(1315): Comp split 67
INFO: dtree.c(1315): Comp split 68
INFO: dtree.c(1439): stop. leaf nodes are specific
INFO: dtree.c(1478): Final simple tree
|( WDBNDRY_E 0 1.881e+01 1.102e+01 3.000e+00
|    ( - 1.243e+00 1 0)
|    ( - 6.552e+00 1 0))
s>    ( WDBNDRY_E 0 1.881e+01 1.102e+01 3.000e+00
s>        ( - 1.243e+00 1 0)
s>        ( - 6.552e+00 1 0))INFO: dtree.c(1315): Comp split 69
INFO: dtree.c(1439): stop. leaf nodes are specific
INFO: dtree.c(1478): Final simple tree
|( WDBNDRY_E 0 1.515e+01 8.265e+00 3.000e+00
|    ( - 5.540e-02 1 0)
|    ( - 6.826e+00 1 0))
s>    ( WDBNDRY_E 0 1.515e+01 8.265e+00 3.000e+00
s>        ( - 5.540e-02 1 0)
s>        ( - 6.826e+00 1 0))INFO: dtree.c(1315): Comp split 70
INFO: dtree.c(1439): stop. leaf nodes are specific
INFO: dtree.c(1478): Final simple tree
|( QUESTION6 -1 1.791e+01 7.975e+00 3.045e+00
|    ( - 9.038e+00 1 0)
|    ( - 8.931e-01 1 0))
s>    ( QUESTION6 -1 1.791e+01 7.975e+00 3.045e+00
s>        ( - 9.038e+00 1 0)
s>        ( - 8.931e-01 1 0))INFO: dtree.c(1315): Comp split 71
INFO: dtree.c(1315): Comp split 72
INFO: dtree.c(1439): stop. leaf nodes are specific
INFO: dtree.c(1478): Final simple tree
|( QUESTION2_16_L -1 1.668e+01 5.692e+00 3.993e+00
|    ( - 2.786e-01 1 0)
|    ( - 1.071e+01 1 0))
s>    ( QUESTION2_16_L -1 1.668e+01 5.692e+00 3.993e+00
s>        ( - 2.786e-01 1 0)
s>        ( - 1.071e+01 1 0))INFO: dtree.c(1315): Comp split 73
INFO: dtree.c(1315): Comp split 74
INFO: dtree.c(1315): Comp split 75
INFO: dtree.c(1315): Comp split 76
INFO: dtree.c(1315): Comp split 77
INFO: dtree.c(1315): Comp split 78
INFO: dtree.c(1315): Comp split 79
INFO: dtree.c(1315): Comp split 80
INFO: dtree.c(1315): Comp split 81
INFO: dtree.c(1315): Comp split 82
INFO: dtree.c(1315): Comp split 83
INFO: dtree.c(1315): Comp split 84
INFO: dtree.c(1315): Comp split 85
INFO: dtree.c(1315): Comp split 86
INFO: dtree.c(1318): stop. leaf nodes are specific
!!!!!!!!Allocated 67 lines
Thu Apr  7 00:34:36 2016
