Current configuration:
[NAME]		[DEFLT]	[VALUE]
-allphones	no	no
-cntthresh	0.00001	1.000000e-05
-csplitmax	100	2000
-csplitmin	1	1
-csplitthr	8e-4	0.000000e+00
-example	no	no
-fullvar	no	no
-help		no	no
-meanfn			/home/yaroslav/model/model_parameters/ua.cd_cont_untied/means
-mixwfn			/home/yaroslav/model/model_parameters/ua.cd_cont_untied/mixture_weights
-moddeffn		/home/yaroslav/model/model_architecture/ua.untied.mdef
-mwfloor	1e-4	1.000000e-08
-phone			NN
-psetfn			/home/yaroslav/model/model_architecture/ua.tree_questions
-ssplitmax	5	7
-ssplitmin	1	1
-ssplitthr	8e-4	0.000000e+00
-state			1
-stwt			1.0,0.05,0.0,
-treefn			/home/yaroslav/model/trees/ua.unpruned/NN-1.dtree
-ts2cbfn	.semi.	.cont.
-varfloor	0.00001	1.000000e-05
-varfn			/home/yaroslav/model/model_parameters/ua.cd_cont_untied/variances

INFO: main.c(223): Reading: /home/yaroslav/model/model_architecture/ua.untied.mdef
INFO: model_def_io.c(573): Model definition info:
INFO: model_def_io.c(574): 9365 total models defined (51 base, 9314 tri)
INFO: model_def_io.c(575): 37460 total states
INFO: model_def_io.c(576): 28095 total tied states
INFO: model_def_io.c(577): 153 total tied CI states
INFO: model_def_io.c(578): 51 total tied transition matrices
INFO: model_def_io.c(579): 4 max state/model
INFO: model_def_io.c(580): 4 min state/model
INFO: main.c(242): Building trees for [NN A A i] through [NN І І i]
INFO: main.c(269): Covering states |[12180 12449]| == 270
INFO: main.c(275): Reading: /home/yaroslav/model/model_parameters/ua.cd_cont_untied/mixture_weights
INFO: s3mixw_io.c(173): Read /home/yaroslav/model/model_parameters/ua.cd_cont_untied/mixture_weights [270x1x1 array]
INFO: main.c(311): 87 of 90 models have observation count greater than 0.000010
INFO: main.c(95): nrm stwt: 0.045 0.909 0.045 
INFO: s3gau_io.c(169): Read /home/yaroslav/model/model_parameters/ua.cd_cont_untied/means [28095x1x1 array]
INFO: s3gau_io.c(169): Read /home/yaroslav/model/model_parameters/ua.cd_cont_untied/variances [28095x1x1 array]
INFO: main.c(549): Reading: /home/yaroslav/model/model_architecture/ua.tree_questions
INFO: main.c(588): 180 total simple questions (172 phone; 8 word bndry)
INFO: main.c(590): 42 Left Only questions, and 42 Right Only questions
INFO: dtree.c(1478): Final simple tree
|( QUESTION1 1 -3.540e+05 1.058e+03 1.770e+03
|    ( QUESTION2_15_L -1 -2.410e+05 8.688e+02 1.217e+03
|        ( - -6.947e+04 13 0 QUESTION0_11_R 1 4.606e+02 3.693e+02)
|        ( QUESTION2_13_L -1 -1.707e+05 6.798e+02 8.478e+02
|            ( - -4.985e+04 15 0 QUESTION0_12_R 1 4.441e+02 2.473e+02)
|            ( QUESTION2_6_L -1 -1.202e+05 4.608e+02 6.005e+02
|                ( - 2.091e+02 1 0)
|                ( - -1.199e+05 24 0 SILENCE -1 4.609e+02 5.995e+02))))
|    ( QUESTION8 -1 -1.119e+05 6.820e+02 5.528e+02
|        ( - -6.680e+04 6 0 QUESTION2_0_L -1 3.289e+02 3.387e+02)
|        ( WDBNDRY_I 0 -4.441e+04 5.130e+02 2.141e+02
|            ( QUESTION2_12_L -1 -3.717e+04 5.857e+02 1.831e+02
|                ( - -1.221e+04 4 0)
|                ( - -2.437e+04 14 0 QUESTION11 -1 4.436e+02 1.173e+02))
|            ( - -6.727e+03 10 0 QUESTION2 -1 4.372e+02 3.100e+01))))
s>    ( QUESTION1 1 -3.540e+05 1.058e+03 1.770e+03
s>        ( QUESTION2_15_L -1 -2.410e+05 8.688e+02 1.217e+03
s>            ( - -6.947e+04 13 0 QUESTION0_11_R 1 4.606e+02 3.693e+02)
s>            ( QUESTION2_13_L -1 -1.707e+05 6.798e+02 8.478e+02
s>                ( - -4.985e+04 15 0 QUESTION0_12_R 1 4.441e+02 2.473e+02)
s>                ( QUESTION2_6_L -1 -1.202e+05 4.608e+02 6.005e+02
s>                    ( - 2.091e+02 1 0)
s>                    ( - -1.199e+05 24 0 SILENCE -1 4.609e+02 5.995e+02))))
s>        ( QUESTION8 -1 -1.119e+05 6.820e+02 5.528e+02
s>            ( - -6.680e+04 6 0 QUESTION2_0_L -1 3.289e+02 3.387e+02)
s>            ( WDBNDRY_I 0 -4.441e+04 5.130e+02 2.141e+02
s>                ( QUESTION2_12_L -1 -3.717e+04 5.857e+02 1.831e+02
s>                    ( - -1.221e+04 4 0)
s>                    ( - -2.437e+04 14 0 QUESTION11 -1 4.436e+02 1.173e+02))
s>                ( - -6.727e+03 10 0 QUESTION2 -1 4.372e+02 3.100e+01))))INFO: dtree.c(1315): Comp split 0
INFO: dtree.c(1478): Final simple tree
|( QUESTION0_11_R 1 -8.211e+04 4.588e+02 4.351e+02
|    ( - 2.418e+02 1 0)
|    ( QUESTION19 -1 -8.190e+04 4.348e+02 4.341e+02
|        ( - 1.838e+02 1 0)
|        ( QUESTION18 -1 -8.164e+04 4.465e+02 4.331e+02
|            ( - 1.870e+02 1 0)
|            ( QUESTION0_0_R 1 -8.139e+04 4.296e+02 4.321e+02
|                ( QUESTION17 -1 -6.875e+04 3.821e+02 3.663e+02
|                    ( WDBNDRY_B 0 -2.094e+04 3.193e+02 1.172e+02
|                        ( - -1.072e+04 1 0)
|                        ( - -9.895e+03 1 0))
|                    ( QUESTION0 -1 -4.743e+04 5.359e+02 2.490e+02
|                        ( - -3.623e+04 2 0 WDBNDRY_B 0 2.397e+02 1.931e+02)
|                        ( - -1.066e+04 6 0 WDBNDRY_B 0 2.484e+02 5.592e+01)))
|                ( - -1.221e+04 4 0)))))
s>    ( QUESTION0_11_R 1 -8.211e+04 4.588e+02 4.351e+02
s>        ( - 2.418e+02 1 0)
s>        ( QUESTION19 -1 -8.190e+04 4.348e+02 4.341e+02
s>            ( - 1.838e+02 1 0)
s>            ( QUESTION18 -1 -8.164e+04 4.465e+02 4.331e+02
s>                ( - 1.870e+02 1 0)
s>                ( QUESTION0_0_R 1 -8.139e+04 4.296e+02 4.321e+02
s>                    ( QUESTION17 -1 -6.875e+04 3.821e+02 3.663e+02
s>                        ( WDBNDRY_B 0 -2.094e+04 3.193e+02 1.172e+02
s>                            ( - -1.072e+04 1 0)
s>                            ( - -9.895e+03 1 0))
s>                        ( QUESTION0 -1 -4.743e+04 5.359e+02 2.490e+02
s>                            ( - -3.623e+04 2 0 WDBNDRY_B 0 2.397e+02 1.931e+02)
s>                            ( - -1.066e+04 6 0 WDBNDRY_B 0 2.484e+02 5.592e+01)))
s>                    ( - -1.221e+04 4 0)))))INFO: dtree.c(1478): Final simple tree
|( QUESTION2_13_L -1 -2.706e+05 9.940e+02 1.335e+03
|    ( QUESTION0_12_R 1 -6.248e+04 4.453e+02 3.071e+02
|        ( - 2.089e+02 1 0)
|        ( - -6.225e+04 25 0 QUESTION8 1 4.372e+02 3.061e+02))
|    ( QUESTION0_0_R 1 -2.072e+05 8.066e+02 1.028e+03
|        ( QUESTION2_6_L -1 -1.202e+05 4.608e+02 6.005e+02
|            ( - 2.091e+02 1 0)
|            ( SILENCE -1 -1.199e+05 4.609e+02 5.995e+02
|                ( - 1.339e+02 1 0)
|                ( - -1.196e+05 23 0 QUESTION2_0_L -1 3.496e+02 5.985e+02)))
|        ( QUESTION8 -1 -8.619e+04 5.653e+02 4.271e+02
|            ( - -6.680e+04 6 0 QUESTION2_0_L -1 3.289e+02 3.387e+02)
|            ( QUESTION11 -1 -1.883e+04 4.493e+02 8.845e+01
|                ( - 1.775e+02 1 0)
|                ( - -1.856e+04 12 0 QUESTION13 -1 4.178e+02 8.745e+01)))))
s>    ( QUESTION2_13_L -1 -2.706e+05 9.940e+02 1.335e+03
s>        ( QUESTION0_12_R 1 -6.248e+04 4.453e+02 3.071e+02
s>            ( - 2.089e+02 1 0)
s>            ( - -6.225e+04 25 0 QUESTION8 1 4.372e+02 3.061e+02))
s>        ( QUESTION0_0_R 1 -2.072e+05 8.066e+02 1.028e+03
s>            ( QUESTION2_6_L -1 -1.202e+05 4.608e+02 6.005e+02
s>                ( - 2.091e+02 1 0)
s>                ( SILENCE -1 -1.199e+05 4.609e+02 5.995e+02
s>                    ( - 1.339e+02 1 0)
s>                    ( - -1.196e+05 23 0 QUESTION2_0_L -1 3.496e+02 5.985e+02)))
s>            ( QUESTION8 -1 -8.619e+04 5.653e+02 4.271e+02
s>                ( - -6.680e+04 6 0 QUESTION2_0_L -1 3.289e+02 3.387e+02)
s>                ( QUESTION11 -1 -1.883e+04 4.493e+02 8.845e+01
s>                    ( - 1.775e+02 1 0)
s>                    ( - -1.856e+04 12 0 QUESTION13 -1 4.178e+02 8.745e+01)))))INFO: dtree.c(1315): Comp split 1
INFO: dtree.c(1439): stop. leaf nodes are specific
INFO: dtree.c(1478): Final simple tree
|( QUESTION2_0_L -1 -6.680e+04 3.289e+02 3.387e+02
|    ( - -5.100e+03 4 0)
|    ( - -6.137e+04 2 0))
s>    ( QUESTION2_0_L -1 -6.680e+04 3.289e+02 3.387e+02
s>        ( - -5.100e+03 4 0)
s>        ( - -6.137e+04 2 0))INFO: dtree.c(1478): Final simple tree
|( QUESTION2_13_L -1 -2.028e+05 7.314e+02 9.961e+02
|    ( QUESTION0_12_R 1 -6.248e+04 4.453e+02 3.071e+02
|        ( - 2.089e+02 1 0)
|        ( QUESTION8 1 -6.225e+04 4.372e+02 3.061e+02
|            ( - 2.108e+02 1 0)
|            ( - -6.202e+04 24 0 QUESTION6 1 3.954e+02 3.051e+02)))
|    ( QUESTION0_0_R 1 -1.396e+05 5.702e+02 6.890e+02
|        ( QUESTION2_6_L -1 -1.202e+05 4.608e+02 6.005e+02
|            ( - 2.091e+02 1 0)
|            ( SILENCE -1 -1.199e+05 4.609e+02 5.995e+02
|                ( - 1.339e+02 1 0)
|                ( - -1.196e+05 23 0 QUESTION2_0_L -1 3.496e+02 5.985e+02)))
|        ( QUESTION11 -1 -1.883e+04 4.493e+02 8.845e+01
|            ( - 1.775e+02 1 0)
|            ( - -1.856e+04 12 0 QUESTION13 -1 4.178e+02 8.745e+01))))
s>    ( QUESTION2_13_L -1 -2.028e+05 7.314e+02 9.961e+02
s>        ( QUESTION0_12_R 1 -6.248e+04 4.453e+02 3.071e+02
s>            ( - 2.089e+02 1 0)
s>            ( QUESTION8 1 -6.225e+04 4.372e+02 3.061e+02
s>                ( - 2.108e+02 1 0)
s>                ( - -6.202e+04 24 0 QUESTION6 1 3.954e+02 3.051e+02)))
s>        ( QUESTION0_0_R 1 -1.396e+05 5.702e+02 6.890e+02
s>            ( QUESTION2_6_L -1 -1.202e+05 4.608e+02 6.005e+02
s>                ( - 2.091e+02 1 0)
s>                ( SILENCE -1 -1.199e+05 4.609e+02 5.995e+02
s>                    ( - 1.339e+02 1 0)
s>                    ( - -1.196e+05 23 0 QUESTION2_0_L -1 3.496e+02 5.985e+02)))
s>            ( QUESTION11 -1 -1.883e+04 4.493e+02 8.845e+01
s>                ( - 1.775e+02 1 0)
s>                ( - -1.856e+04 12 0 QUESTION13 -1 4.178e+02 8.745e+01))))INFO: dtree.c(1315): Comp split 2
INFO: dtree.c(1478): Final simple tree
|( QUESTION2_0_L -1 -1.196e+05 3.496e+02 5.985e+02
|    ( QUESTION6 -1 -4.877e+04 2.438e+02 2.400e+02
|        ( - -2.230e+04 5 0 WDBNDRY_B 0 1.530e+02 1.107e+02)
|        ( QUESTION11 -1 -2.623e+04 1.859e+02 1.293e+02
|            ( - -1.628e+03 1 0)
|            ( QUESTION4 -1 -2.442e+04 1.841e+02 1.203e+02
|                ( - -4.502e+03 1 0)
|                ( QUESTION2 -1 -1.973e+04 1.800e+02 9.770e+01
|                    ( - -2.283e+02 1 0)
|                    ( - -1.932e+04 5 0 QUESTION8 -1 1.532e+02 9.570e+01)))))
|    ( WDBNDRY_B 0 -7.046e+04 2.553e+02 3.585e+02
|        ( - -1.429e+04 4 0 QUESTION0 -1 1.404e+02 6.856e+01)
|        ( QUESTION0 -1 -5.592e+04 2.381e+02 2.899e+02
|            ( - -3.512e+04 3 0)
|            ( - -2.057e+04 3 0))))
s>    ( QUESTION2_0_L -1 -1.196e+05 3.496e+02 5.985e+02
s>        ( QUESTION6 -1 -4.877e+04 2.438e+02 2.400e+02
s>            ( - -2.230e+04 5 0 WDBNDRY_B 0 1.530e+02 1.107e+02)
s>            ( QUESTION11 -1 -2.623e+04 1.859e+02 1.293e+02
s>                ( - -1.628e+03 1 0)
s>                ( QUESTION4 -1 -2.442e+04 1.841e+02 1.203e+02
s>                    ( - -4.502e+03 1 0)
s>                    ( QUESTION2 -1 -1.973e+04 1.800e+02 9.770e+01
s>                        ( - -2.283e+02 1 0)
s>                        ( - -1.932e+04 5 0 QUESTION8 -1 1.532e+02 9.570e+01)))))
s>        ( WDBNDRY_B 0 -7.046e+04 2.553e+02 3.585e+02
s>            ( - -1.429e+04 4 0 QUESTION0 -1 1.404e+02 6.856e+01)
s>            ( QUESTION0 -1 -5.592e+04 2.381e+02 2.899e+02
s>                ( - -3.512e+04 3 0)
s>                ( - -2.057e+04 3 0))))INFO: dtree.c(1478): Final simple tree
|( QUESTION2_2_L -1 -8.237e+04 5.549e+02 3.976e+02
|    ( QUESTION0_0_R 1 -1.259e+04 4.732e+02 6.145e+01
|        ( - 2.091e+02 1 0)
|        ( QUESTION11 -1 -1.233e+04 4.513e+02 6.045e+01
|            ( - 1.775e+02 1 0)
|            ( WDBNDRY_B 0 -1.205e+04 4.362e+02 5.945e+01
|                ( - 1.617e+02 1 0)
|                ( - -1.178e+04 4 0 QUESTION2 -1 1.843e+02 5.845e+01))))
|    ( SILENCE -1 -6.922e+04 4.504e+02 3.361e+02
|        ( - 1.339e+02 1 0)
|        ( QUESTION0_12_R 1 -6.891e+04 4.445e+02 3.351e+02
|            ( - 2.089e+02 1 0)
|            ( QUESTION8 1 -6.867e+04 4.376e+02 3.341e+02
|                ( - 2.108e+02 1 0)
|                ( - -6.844e+04 31 0 QUESTION6 1 4.066e+02 3.331e+02)))))
s>    ( QUESTION2_2_L -1 -8.237e+04 5.549e+02 3.976e+02
s>        ( QUESTION0_0_R 1 -1.259e+04 4.732e+02 6.145e+01
s>            ( - 2.091e+02 1 0)
s>            ( QUESTION11 -1 -1.233e+04 4.513e+02 6.045e+01
s>                ( - 1.775e+02 1 0)
s>                ( WDBNDRY_B 0 -1.205e+04 4.362e+02 5.945e+01
s>                    ( - 1.617e+02 1 0)
s>                    ( - -1.178e+04 4 0 QUESTION2 -1 1.843e+02 5.845e+01))))
s>        ( SILENCE -1 -6.922e+04 4.504e+02 3.361e+02
s>            ( - 1.339e+02 1 0)
s>            ( QUESTION0_12_R 1 -6.891e+04 4.445e+02 3.351e+02
s>                ( - 2.089e+02 1 0)
s>                ( QUESTION8 1 -6.867e+04 4.376e+02 3.341e+02
s>                    ( - 2.108e+02 1 0)
s>                    ( - -6.844e+04 31 0 QUESTION6 1 4.066e+02 3.331e+02)))))INFO: dtree.c(1315): Comp split 3
INFO: dtree.c(1478): Final simple tree
|( QUESTION19 -1 -1.114e+04 4.194e+02 5.792e+01
|    ( - 1.838e+02 1 0)
|    ( QUESTION17 -1 -1.091e+04 4.359e+02 5.692e+01
|        ( - 1.870e+02 1 0)
|        ( WDBNDRY_B 0 -1.066e+04 2.484e+02 5.592e+01
|            ( QUESTION14 -1 -2.490e+03 1.407e+02 1.300e+01
|                ( - -1.810e+03 1 0)
|                ( - -5.387e+02 1 0))
|            ( QUESTION14 -1 -7.921e+03 4.261e+02 4.292e+01
|                ( QUESTION15 -1 -7.685e+03 2.651e+02 4.192e+01
|                    ( - -1.296e+03 1 0)
|                    ( WDBNDRY_E 0 -6.123e+03 2.028e+02 3.492e+01
|                        ( - -8.882e+02 1 0)
|                        ( - -5.033e+03 1 0)))
|                ( - 1.900e+02 1 0)))))
s>    ( QUESTION19 -1 -1.114e+04 4.194e+02 5.792e+01
s>        ( - 1.838e+02 1 0)
s>        ( QUESTION17 -1 -1.091e+04 4.359e+02 5.692e+01
s>            ( - 1.870e+02 1 0)
s>            ( WDBNDRY_B 0 -1.066e+04 2.484e+02 5.592e+01
s>                ( QUESTION14 -1 -2.490e+03 1.407e+02 1.300e+01
s>                    ( - -1.810e+03 1 0)
s>                    ( - -5.387e+02 1 0))
s>                ( QUESTION14 -1 -7.921e+03 4.261e+02 4.292e+01
s>                    ( QUESTION15 -1 -7.685e+03 2.651e+02 4.192e+01
s>                        ( - -1.296e+03 1 0)
s>                        ( WDBNDRY_E 0 -6.123e+03 2.028e+02 3.492e+01
s>                            ( - -8.882e+02 1 0)
s>                            ( - -5.033e+03 1 0)))
s>                    ( - 1.900e+02 1 0)))))INFO: dtree.c(1439): stop. leaf nodes are specific
INFO: dtree.c(1478): Final simple tree
|( WDBNDRY_E 0 -7.031e+04 4.595e+02 3.772e+02
|    ( - 2.418e+02 1 0)
|    ( QUESTION0_0_R 1 -7.009e+04 4.283e+02 3.762e+02
|        ( WDBNDRY_B 0 -5.746e+04 3.033e+02 3.103e+02
|            ( QUESTION0 -1 -3.146e+04 1.362e+02 1.707e+02
|                ( - -2.061e+04 1 0)
|                ( - -1.072e+04 1 0))
|            ( QUESTION0 -1 -2.569e+04 4.068e+02 1.396e+02
|                ( - -1.539e+04 1 0)
|                ( - -9.895e+03 1 0)))
|        ( - -1.221e+04 4 0)))
s>    ( WDBNDRY_E 0 -7.031e+04 4.595e+02 3.772e+02
s>        ( - 2.418e+02 1 0)
s>        ( QUESTION0_0_R 1 -7.009e+04 4.283e+02 3.762e+02
s>            ( WDBNDRY_B 0 -5.746e+04 3.033e+02 3.103e+02
s>                ( QUESTION0 -1 -3.146e+04 1.362e+02 1.707e+02
s>                    ( - -2.061e+04 1 0)
s>                    ( - -1.072e+04 1 0))
s>                ( QUESTION0 -1 -2.569e+04 4.068e+02 1.396e+02
s>                    ( - -1.539e+04 1 0)
s>                    ( - -9.895e+03 1 0)))
s>            ( - -1.221e+04 4 0)))INFO: dtree.c(1315): Comp split 4
INFO: dtree.c(1439): stop. leaf nodes are specific
INFO: dtree.c(1478): Final simple tree
|( QUESTION2 -1 -1.178e+04 1.843e+02 5.845e+01
|    ( - -4.175e+03 1 0)
|    ( - -7.420e+03 3 0))
s>    ( QUESTION2 -1 -1.178e+04 1.843e+02 5.845e+01
s>        ( - -4.175e+03 1 0)
s>        ( - -7.420e+03 3 0))INFO: dtree.c(1478): Final simple tree
|( SILENCE -1 -6.999e+04 4.500e+02 3.391e+02
|    ( - 1.339e+02 1 0)
|    ( QUESTION10 -1 -6.967e+04 4.475e+02 3.381e+02
|        ( - 1.775e+02 1 0)
|        ( QUESTION0_12_R 1 -6.940e+04 4.445e+02 3.371e+02
|            ( - 2.089e+02 1 0)
|            ( QUESTION8 1 -6.916e+04 4.376e+02 3.361e+02
|                ( - 2.108e+02 1 0)
|                ( QUESTION2_9_L -1 -6.894e+04 4.171e+02 3.351e+02
|                    ( - 1.617e+02 1 0)
|                    ( QUESTION2_2_L -1 -6.868e+04 4.475e+02 3.341e+02
|                        ( - 2.091e+02 1 0)
|                        ( QUESTION6 1 -6.844e+04 4.066e+02 3.331e+02
|                            ( - -7.940e+03 5 0 WDBNDRY_E 0 1.592e+02 4.230e+01)
|                            ( - -6.010e+04 26 0 QUESTION16 1 3.470e+02 2.908e+02))))))))
s>    ( SILENCE -1 -6.999e+04 4.500e+02 3.391e+02
s>        ( - 1.339e+02 1 0)
s>        ( QUESTION10 -1 -6.967e+04 4.475e+02 3.381e+02
s>            ( - 1.775e+02 1 0)
s>            ( QUESTION0_12_R 1 -6.940e+04 4.445e+02 3.371e+02
s>                ( - 2.089e+02 1 0)
s>                ( QUESTION8 1 -6.916e+04 4.376e+02 3.361e+02
s>                    ( - 2.108e+02 1 0)
s>                    ( QUESTION2_9_L -1 -6.894e+04 4.171e+02 3.351e+02
s>                        ( - 1.617e+02 1 0)
s>                        ( QUESTION2_2_L -1 -6.868e+04 4.475e+02 3.341e+02
s>                            ( - 2.091e+02 1 0)
s>                            ( QUESTION6 1 -6.844e+04 4.066e+02 3.331e+02
s>                                ( - -7.940e+03 5 0 WDBNDRY_E 0 1.592e+02 4.230e+01)
s>                                ( - -6.010e+04 26 0 QUESTION16 1 3.470e+02 2.908e+02))))))))INFO: dtree.c(1315): Comp split 5
INFO: dtree.c(1439): stop. leaf nodes are specific
INFO: dtree.c(1478): Final simple tree
|( WDBNDRY_E 0 -5.996e+04 4.584e+02 3.197e+02
|    ( - 2.418e+02 1 0)
|    ( QUESTION0_0_R 1 -5.974e+04 3.955e+02 3.187e+02
|        ( WDBNDRY_B 0 -4.714e+04 2.844e+02 2.529e+02
|            ( QUESTION0 -1 -3.146e+04 1.362e+02 1.707e+02
|                ( - -2.061e+04 1 0)
|                ( - -1.072e+04 1 0))
|            ( - -1.539e+04 1 0))
|        ( - -1.221e+04 4 0)))
s>    ( WDBNDRY_E 0 -5.996e+04 4.584e+02 3.197e+02
s>        ( - 2.418e+02 1 0)
s>        ( QUESTION0_0_R 1 -5.974e+04 3.955e+02 3.187e+02
s>            ( WDBNDRY_B 0 -4.714e+04 2.844e+02 2.529e+02
s>                ( QUESTION0 -1 -3.146e+04 1.362e+02 1.707e+02
s>                    ( - -2.061e+04 1 0)
s>                    ( - -1.072e+04 1 0))
s>                ( - -1.539e+04 1 0))
s>            ( - -1.221e+04 4 0)))INFO: dtree.c(1315): Comp split 6
INFO: dtree.c(1439): stop. leaf nodes are specific
INFO: dtree.c(1478): Final simple tree
|( QUESTION0_0_R 1 -5.974e+04 3.955e+02 3.187e+02
|    ( WDBNDRY_B 0 -4.714e+04 2.844e+02 2.529e+02
|        ( QUESTION0 -1 -3.146e+04 1.362e+02 1.707e+02
|            ( - -2.061e+04 1 0)
|            ( - -1.072e+04 1 0))
|        ( - -1.539e+04 1 0))
|    ( - -1.221e+04 4 0))
s>    ( QUESTION0_0_R 1 -5.974e+04 3.955e+02 3.187e+02
s>        ( WDBNDRY_B 0 -4.714e+04 2.844e+02 2.529e+02
s>            ( QUESTION0 -1 -3.146e+04 1.362e+02 1.707e+02
s>                ( - -2.061e+04 1 0)
s>                ( - -1.072e+04 1 0))
s>            ( - -1.539e+04 1 0))
s>        ( - -1.221e+04 4 0))INFO: dtree.c(1315): Comp split 7
INFO: dtree.c(1478): Final simple tree
|( QUESTION10 -1 -6.967e+04 4.475e+02 3.381e+02
|    ( - 1.775e+02 1 0)
|    ( QUESTION0_12_R 1 -6.940e+04 4.445e+02 3.371e+02
|        ( - 2.089e+02 1 0)
|        ( QUESTION8 1 -6.916e+04 4.376e+02 3.361e+02
|            ( - 2.108e+02 1 0)
|            ( QUESTION2_9_L -1 -6.894e+04 4.171e+02 3.351e+02
|                ( - 1.617e+02 1 0)
|                ( QUESTION2_2_L -1 -6.868e+04 4.475e+02 3.341e+02
|                    ( - 2.091e+02 1 0)
|                    ( QUESTION6 1 -6.844e+04 4.066e+02 3.331e+02
|                        ( - -7.940e+03 5 0 WDBNDRY_E 0 1.592e+02 4.230e+01)
|                        ( QUESTION16 1 -6.010e+04 3.470e+02 2.908e+02
|                            ( - -3.916e+04 5 0 WDBNDRY_B 0 1.771e+02 1.940e+02)
|                            ( - -2.059e+04 21 0 QUESTION15 -1 3.412e+02 9.686e+01))))))))
s>    ( QUESTION10 -1 -6.967e+04 4.475e+02 3.381e+02
s>        ( - 1.775e+02 1 0)
s>        ( QUESTION0_12_R 1 -6.940e+04 4.445e+02 3.371e+02
s>            ( - 2.089e+02 1 0)
s>            ( QUESTION8 1 -6.916e+04 4.376e+02 3.361e+02
s>                ( - 2.108e+02 1 0)
s>                ( QUESTION2_9_L -1 -6.894e+04 4.171e+02 3.351e+02
s>                    ( - 1.617e+02 1 0)
s>                    ( QUESTION2_2_L -1 -6.868e+04 4.475e+02 3.341e+02
s>                        ( - 2.091e+02 1 0)
s>                        ( QUESTION6 1 -6.844e+04 4.066e+02 3.331e+02
s>                            ( - -7.940e+03 5 0 WDBNDRY_E 0 1.592e+02 4.230e+01)
s>                            ( QUESTION16 1 -6.010e+04 3.470e+02 2.908e+02
s>                                ( - -3.916e+04 5 0 WDBNDRY_B 0 1.771e+02 1.940e+02)
s>                                ( - -2.059e+04 21 0 QUESTION15 -1 3.412e+02 9.686e+01))))))))INFO: dtree.c(1315): Comp split 8
INFO: dtree.c(1478): Final simple tree
|( QUESTION10 -1 -6.943e+04 4.474e+02 3.371e+02
|    ( - 1.775e+02 1 0)
|    ( QUESTION0_12_R 1 -6.916e+04 4.446e+02 3.361e+02
|        ( - 2.089e+02 1 0)
|        ( QUESTION8 1 -6.893e+04 4.377e+02 3.351e+02
|            ( - 2.108e+02 1 0)
|            ( QUESTION2_2_L -1 -6.870e+04 4.170e+02 3.341e+02
|                ( - 1.617e+02 1 0)
|                ( QUESTION6 1 -6.844e+04 4.066e+02 3.331e+02
|                    ( - -7.940e+03 5 0 WDBNDRY_E 0 1.592e+02 4.230e+01)
|                    ( QUESTION16 1 -6.010e+04 3.470e+02 2.908e+02
|                        ( - -3.916e+04 5 0 WDBNDRY_B 0 1.771e+02 1.940e+02)
|                        ( QUESTION15 -1 -2.059e+04 3.412e+02 9.686e+01
|                            ( - -1.651e+03 1 0)
|                            ( - -1.860e+04 20 0 WDBNDRY_I 0 2.667e+02 8.686e+01))))))))
s>    ( QUESTION10 -1 -6.943e+04 4.474e+02 3.371e+02
s>        ( - 1.775e+02 1 0)
s>        ( QUESTION0_12_R 1 -6.916e+04 4.446e+02 3.361e+02
s>            ( - 2.089e+02 1 0)
s>            ( QUESTION8 1 -6.893e+04 4.377e+02 3.351e+02
s>                ( - 2.108e+02 1 0)
s>                ( QUESTION2_2_L -1 -6.870e+04 4.170e+02 3.341e+02
s>                    ( - 1.617e+02 1 0)
s>                    ( QUESTION6 1 -6.844e+04 4.066e+02 3.331e+02
s>                        ( - -7.940e+03 5 0 WDBNDRY_E 0 1.592e+02 4.230e+01)
s>                        ( QUESTION16 1 -6.010e+04 3.470e+02 2.908e+02
s>                            ( - -3.916e+04 5 0 WDBNDRY_B 0 1.771e+02 1.940e+02)
s>                            ( QUESTION15 -1 -2.059e+04 3.412e+02 9.686e+01
s>                                ( - -1.651e+03 1 0)
s>                                ( - -1.860e+04 20 0 WDBNDRY_I 0 2.667e+02 8.686e+01))))))))INFO: dtree.c(1315): Comp split 9
INFO: dtree.c(1478): Final simple tree
|( QUESTION0_12_R 1 -6.916e+04 4.446e+02 3.361e+02
|    ( - 2.089e+02 1 0)
|    ( QUESTION8 1 -6.893e+04 4.377e+02 3.351e+02
|        ( - 2.108e+02 1 0)
|        ( QUESTION2_2_L -1 -6.870e+04 4.170e+02 3.341e+02
|            ( - 1.617e+02 1 0)
|            ( QUESTION6 1 -6.844e+04 4.066e+02 3.331e+02
|                ( - -7.940e+03 5 0 WDBNDRY_E 0 1.592e+02 4.230e+01)
|                ( QUESTION16 1 -6.010e+04 3.470e+02 2.908e+02
|                    ( - -3.916e+04 5 0 WDBNDRY_B 0 1.771e+02 1.940e+02)
|                    ( QUESTION15 -1 -2.059e+04 3.412e+02 9.686e+01
|                        ( - -1.651e+03 1 0)
|                        ( WDBNDRY_I 0 -1.860e+04 2.667e+02 8.686e+01
|                            ( - -1.063e+04 9 0 QUESTION2_15_L -1 1.366e+02 5.086e+01)
|                            ( - -7.698e+03 11 0 QUESTION2 -1 4.378e+02 3.600e+01))))))))
s>    ( QUESTION0_12_R 1 -6.916e+04 4.446e+02 3.361e+02
s>        ( - 2.089e+02 1 0)
s>        ( QUESTION8 1 -6.893e+04 4.377e+02 3.351e+02
s>            ( - 2.108e+02 1 0)
s>            ( QUESTION2_2_L -1 -6.870e+04 4.170e+02 3.341e+02
s>                ( - 1.617e+02 1 0)
s>                ( QUESTION6 1 -6.844e+04 4.066e+02 3.331e+02
s>                    ( - -7.940e+03 5 0 WDBNDRY_E 0 1.592e+02 4.230e+01)
s>                    ( QUESTION16 1 -6.010e+04 3.470e+02 2.908e+02
s>                        ( - -3.916e+04 5 0 WDBNDRY_B 0 1.771e+02 1.940e+02)
s>                        ( QUESTION15 -1 -2.059e+04 3.412e+02 9.686e+01
s>                            ( - -1.651e+03 1 0)
s>                            ( WDBNDRY_I 0 -1.860e+04 2.667e+02 8.686e+01
s>                                ( - -1.063e+04 9 0 QUESTION2_15_L -1 1.366e+02 5.086e+01)
s>                                ( - -7.698e+03 11 0 QUESTION2 -1 4.378e+02 3.600e+01))))))))INFO: dtree.c(1315): Comp split 10
INFO: dtree.c(1478): Final simple tree
|( QUESTION8 1 -6.893e+04 4.377e+02 3.351e+02
|    ( - 2.108e+02 1 0)
|    ( QUESTION2_2_L -1 -6.870e+04 4.170e+02 3.341e+02
|        ( - 1.617e+02 1 0)
|        ( QUESTION6 1 -6.844e+04 4.066e+02 3.331e+02
|            ( - -7.940e+03 5 0 WDBNDRY_E 0 1.592e+02 4.230e+01)
|            ( QUESTION16 1 -6.010e+04 3.470e+02 2.908e+02
|                ( - -3.916e+04 5 0 WDBNDRY_B 0 1.771e+02 1.940e+02)
|                ( QUESTION15 -1 -2.059e+04 3.412e+02 9.686e+01
|                    ( - -1.651e+03 1 0)
|                    ( WDBNDRY_I 0 -1.860e+04 2.667e+02 8.686e+01
|                        ( - -1.063e+04 9 0 QUESTION2_15_L -1 1.366e+02 5.086e+01)
|                        ( QUESTION2 -1 -7.698e+03 4.378e+02 3.600e+01
|                            ( - 2.073e+02 1 0)
|                            ( - -7.468e+03 10 0 QUESTION0_11_R 1 1.802e+02 3.500e+01))))))))
s>    ( QUESTION8 1 -6.893e+04 4.377e+02 3.351e+02
s>        ( - 2.108e+02 1 0)
s>        ( QUESTION2_2_L -1 -6.870e+04 4.170e+02 3.341e+02
s>            ( - 1.617e+02 1 0)
s>            ( QUESTION6 1 -6.844e+04 4.066e+02 3.331e+02
s>                ( - -7.940e+03 5 0 WDBNDRY_E 0 1.592e+02 4.230e+01)
s>                ( QUESTION16 1 -6.010e+04 3.470e+02 2.908e+02
s>                    ( - -3.916e+04 5 0 WDBNDRY_B 0 1.771e+02 1.940e+02)
s>                    ( QUESTION15 -1 -2.059e+04 3.412e+02 9.686e+01
s>                        ( - -1.651e+03 1 0)
s>                        ( WDBNDRY_I 0 -1.860e+04 2.667e+02 8.686e+01
s>                            ( - -1.063e+04 9 0 QUESTION2_15_L -1 1.366e+02 5.086e+01)
s>                            ( QUESTION2 -1 -7.698e+03 4.378e+02 3.600e+01
s>                                ( - 2.073e+02 1 0)
s>                                ( - -7.468e+03 10 0 QUESTION0_11_R 1 1.802e+02 3.500e+01))))))))INFO: dtree.c(1315): Comp split 11
INFO: dtree.c(1478): Final simple tree
|( QUESTION8 1 -6.869e+04 4.379e+02 3.341e+02
|    ( - 2.108e+02 1 0)
|    ( QUESTION2_2_L -1 -6.847e+04 4.171e+02 3.331e+02
|        ( - 1.617e+02 1 0)
|        ( QUESTION6 1 -6.821e+04 4.062e+02 3.321e+02
|            ( - -7.940e+03 5 0 WDBNDRY_E 0 1.592e+02 4.230e+01)
|            ( QUESTION2_12_L -1 -5.987e+04 3.439e+02 2.898e+02
|                ( - -4.150e+03 3 0)
|                ( QUESTION15 -1 -5.537e+04 3.273e+02 2.698e+02
|                    ( - -1.651e+03 1 0)
|                    ( QUESTION1 1 -5.339e+04 2.546e+02 2.598e+02
|                        ( QUESTION15 1 -4.108e+04 2.009e+02 2.030e+02
|                            ( - -2.135e+02 1 0)
|                            ( - -4.067e+04 7 0 QUESTION0_11_R 1 1.915e+02 2.010e+02))
|                        ( - -1.205e+04 13 0 QUESTION0_0_R 1 1.524e+02 5.686e+01)))))))
s>    ( QUESTION8 1 -6.869e+04 4.379e+02 3.341e+02
s>        ( - 2.108e+02 1 0)
s>        ( QUESTION2_2_L -1 -6.847e+04 4.171e+02 3.331e+02
s>            ( - 1.617e+02 1 0)
s>            ( QUESTION6 1 -6.821e+04 4.062e+02 3.321e+02
s>                ( - -7.940e+03 5 0 WDBNDRY_E 0 1.592e+02 4.230e+01)
s>                ( QUESTION2_12_L -1 -5.987e+04 3.439e+02 2.898e+02
s>                    ( - -4.150e+03 3 0)
s>                    ( QUESTION15 -1 -5.537e+04 3.273e+02 2.698e+02
s>                        ( - -1.651e+03 1 0)
s>                        ( QUESTION1 1 -5.339e+04 2.546e+02 2.598e+02
s>                            ( QUESTION15 1 -4.108e+04 2.009e+02 2.030e+02
s>                                ( - -2.135e+02 1 0)
s>                                ( - -4.067e+04 7 0 QUESTION0_11_R 1 1.915e+02 2.010e+02))
s>                            ( - -1.205e+04 13 0 QUESTION0_0_R 1 1.524e+02 5.686e+01)))))))INFO: dtree.c(1315): Comp split 12
INFO: dtree.c(1478): Final simple tree
|( QUESTION2_2_L -1 -6.847e+04 4.171e+02 3.331e+02
|    ( - 1.617e+02 1 0)
|    ( QUESTION6 1 -6.821e+04 4.062e+02 3.321e+02
|        ( - -7.940e+03 5 0 WDBNDRY_E 0 1.592e+02 4.230e+01)
|        ( QUESTION2_12_L -1 -5.987e+04 3.439e+02 2.898e+02
|            ( - -4.150e+03 3 0)
|            ( QUESTION15 -1 -5.537e+04 3.273e+02 2.698e+02
|                ( - -1.651e+03 1 0)
|                ( QUESTION1 1 -5.339e+04 2.546e+02 2.598e+02
|                    ( QUESTION15 1 -4.108e+04 2.009e+02 2.030e+02
|                        ( - -2.135e+02 1 0)
|                        ( QUESTION0_11_R 1 -4.067e+04 1.915e+02 2.010e+02
|                            ( - -6.439e+02 1 0)
|                            ( - -3.983e+04 6 0 WDBNDRY_B 0 1.758e+02 1.970e+02)))
|                    ( - -1.205e+04 13 0 QUESTION0_0_R 1 1.524e+02 5.686e+01))))))
s>    ( QUESTION2_2_L -1 -6.847e+04 4.171e+02 3.331e+02
s>        ( - 1.617e+02 1 0)
s>        ( QUESTION6 1 -6.821e+04 4.062e+02 3.321e+02
s>            ( - -7.940e+03 5 0 WDBNDRY_E 0 1.592e+02 4.230e+01)
s>            ( QUESTION2_12_L -1 -5.987e+04 3.439e+02 2.898e+02
s>                ( - -4.150e+03 3 0)
s>                ( QUESTION15 -1 -5.537e+04 3.273e+02 2.698e+02
s>                    ( - -1.651e+03 1 0)
s>                    ( QUESTION1 1 -5.339e+04 2.546e+02 2.598e+02
s>                        ( QUESTION15 1 -4.108e+04 2.009e+02 2.030e+02
s>                            ( - -2.135e+02 1 0)
s>                            ( QUESTION0_11_R 1 -4.067e+04 1.915e+02 2.010e+02
s>                                ( - -6.439e+02 1 0)
s>                                ( - -3.983e+04 6 0 WDBNDRY_B 0 1.758e+02 1.970e+02)))
s>                        ( - -1.205e+04 13 0 QUESTION0_0_R 1 1.524e+02 5.686e+01))))))INFO: dtree.c(1315): Comp split 13
INFO: dtree.c(1439): stop. leaf nodes are specific
INFO: dtree.c(1478): Final simple tree
|( QUESTION17 -1 -1.090e+04 4.206e+02 5.692e+01
|    ( - 1.838e+02 1 0)
|    ( WDBNDRY_B 0 -1.066e+04 2.484e+02 5.592e+01
|        ( QUESTION14 -1 -2.490e+03 1.407e+02 1.300e+01
|            ( - -1.810e+03 1 0)
|            ( - -5.387e+02 1 0))
|        ( QUESTION14 -1 -7.921e+03 4.261e+02 4.292e+01
|            ( QUESTION15 -1 -7.685e+03 2.651e+02 4.192e+01
|                ( - -1.296e+03 1 0)
|                ( WDBNDRY_E 0 -6.123e+03 2.028e+02 3.492e+01
|                    ( - -8.882e+02 1 0)
|                    ( - -5.033e+03 1 0)))
|            ( - 1.900e+02 1 0))))
s>    ( QUESTION17 -1 -1.090e+04 4.206e+02 5.692e+01
s>        ( - 1.838e+02 1 0)
s>        ( WDBNDRY_B 0 -1.066e+04 2.484e+02 5.592e+01
s>            ( QUESTION14 -1 -2.490e+03 1.407e+02 1.300e+01
s>                ( - -1.810e+03 1 0)
s>                ( - -5.387e+02 1 0))
s>            ( QUESTION14 -1 -7.921e+03 4.261e+02 4.292e+01
s>                ( QUESTION15 -1 -7.685e+03 2.651e+02 4.192e+01
s>                    ( - -1.296e+03 1 0)
s>                    ( WDBNDRY_E 0 -6.123e+03 2.028e+02 3.492e+01
s>                        ( - -8.882e+02 1 0)
s>                        ( - -5.033e+03 1 0)))
s>                ( - 1.900e+02 1 0))))INFO: dtree.c(1315): Comp split 14
INFO: dtree.c(1439): stop. leaf nodes are specific
INFO: dtree.c(1478): Final simple tree
|( QUESTION0_0_R 1 -1.074e+04 3.176e+02 5.630e+01
|    ( WDBNDRY_E 0 -8.767e+03 1.986e+02 4.630e+01
|        ( QUESTION0_1_R 1 -2.073e+03 1.439e+02 1.100e+01
|            ( - -1.285e+03 4 0)
|            ( - -6.439e+02 1 0))
|        ( - -6.495e+03 1 0))
|    ( - -1.651e+03 1 0))
s>    ( QUESTION0_0_R 1 -1.074e+04 3.176e+02 5.630e+01
s>        ( WDBNDRY_E 0 -8.767e+03 1.986e+02 4.630e+01
s>            ( QUESTION0_1_R 1 -2.073e+03 1.439e+02 1.100e+01
s>                ( - -1.285e+03 4 0)
s>                ( - -6.439e+02 1 0))
s>            ( - -6.495e+03 1 0))
s>        ( - -1.651e+03 1 0))INFO: dtree.c(1478): Final simple tree
|( QUESTION15 -1 -5.730e+04 4.163e+02 2.768e+02
|    ( - 1.617e+02 1 0)
|    ( QUESTION16 1 -5.704e+04 3.441e+02 2.758e+02
|        ( WDBNDRY_B 0 -3.916e+04 1.771e+02 1.940e+02
|            ( - -6.293e+03 2 0)
|            ( WDBNDRY_E 0 -3.269e+04 1.702e+02 1.638e+02
|                ( - -2.948e+02 1 0)
|                ( - -3.222e+04 2 0)))
|        ( WDBNDRY_B 0 -1.754e+04 2.668e+02 8.186e+01
|            ( - -5.101e+03 5 0 QUESTION0 -1 1.270e+02 2.400e+01)
|            ( QUESTION0_2_R 1 -1.217e+04 1.910e+02 5.786e+01
|                ( - -2.135e+02 1 0)
|                ( SILENCE 1 -1.177e+04 1.442e+02 5.586e+01
|                    ( - -2.726e+02 1 0)
|                    ( - -1.135e+04 11 0 QUESTION2_15_L -1 1.407e+02 5.386e+01))))))
s>    ( QUESTION15 -1 -5.730e+04 4.163e+02 2.768e+02
s>        ( - 1.617e+02 1 0)
s>        ( QUESTION16 1 -5.704e+04 3.441e+02 2.758e+02
s>            ( WDBNDRY_B 0 -3.916e+04 1.771e+02 1.940e+02
s>                ( - -6.293e+03 2 0)
s>                ( WDBNDRY_E 0 -3.269e+04 1.702e+02 1.638e+02
s>                    ( - -2.948e+02 1 0)
s>                    ( - -3.222e+04 2 0)))
s>            ( WDBNDRY_B 0 -1.754e+04 2.668e+02 8.186e+01
s>                ( - -5.101e+03 5 0 QUESTION0 -1 1.270e+02 2.400e+01)
s>                ( QUESTION0_2_R 1 -1.217e+04 1.910e+02 5.786e+01
s>                    ( - -2.135e+02 1 0)
s>                    ( SILENCE 1 -1.177e+04 1.442e+02 5.586e+01
s>                        ( - -2.726e+02 1 0)
s>                        ( - -1.135e+04 11 0 QUESTION2_15_L -1 1.407e+02 5.386e+01))))))INFO: dtree.c(1315): Comp split 15
INFO: dtree.c(1478): Final simple tree
|( QUESTION1 1 -5.116e+04 2.413e+02 2.498e+02
|    ( WDBNDRY_B 0 -3.983e+04 1.758e+02 1.970e+02
|        ( - -6.293e+03 2 0)
|        ( WDBNDRY_E 0 -3.337e+04 1.691e+02 1.668e+02
|            ( - -2.948e+02 1 0)
|            ( - -3.290e+04 3 0 QUESTION0_1_R 1 8.625e+01 1.648e+02)))
|    ( QUESTION0_0_R 1 -1.108e+04 1.529e+02 5.286e+01
|        ( - -2.912e+02 1 0)
|        ( SILENCE 1 -1.064e+04 1.476e+02 5.086e+01
|            ( - -2.726e+02 1 0)
|            ( WDBNDRY_E 0 -1.022e+04 4.301e+02 4.886e+01
|                ( - 1.558e+02 1 0)
|                ( QUESTION2_15_L -1 -9.941e+03 1.296e+02 4.786e+01
|                    ( - -5.664e+03 4 0 QUESTION17 -1 1.238e+02 2.799e+01)
|                    ( - -4.147e+03 4 0 QUESTION0 -1 1.196e+02 1.987e+01))))))
s>    ( QUESTION1 1 -5.116e+04 2.413e+02 2.498e+02
s>        ( WDBNDRY_B 0 -3.983e+04 1.758e+02 1.970e+02
s>            ( - -6.293e+03 2 0)
s>            ( WDBNDRY_E 0 -3.337e+04 1.691e+02 1.668e+02
s>                ( - -2.948e+02 1 0)
s>                ( - -3.290e+04 3 0 QUESTION0_1_R 1 8.625e+01 1.648e+02)))
s>        ( QUESTION0_0_R 1 -1.108e+04 1.529e+02 5.286e+01
s>            ( - -2.912e+02 1 0)
s>            ( SILENCE 1 -1.064e+04 1.476e+02 5.086e+01
s>                ( - -2.726e+02 1 0)
s>                ( WDBNDRY_E 0 -1.022e+04 4.301e+02 4.886e+01
s>                    ( - 1.558e+02 1 0)
s>                    ( QUESTION2_15_L -1 -9.941e+03 1.296e+02 4.786e+01
s>                        ( - -5.664e+03 4 0 QUESTION17 -1 1.238e+02 2.799e+01)
s>                        ( - -4.147e+03 4 0 QUESTION0 -1 1.196e+02 1.987e+01))))))INFO: dtree.c(1439): stop. leaf nodes are specific
INFO: dtree.c(1478): Final simple tree
|( QUESTION15 -1 -5.723e+03 3.976e+02 2.700e+01
|    ( - 1.617e+02 1 0)
|    ( WDBNDRY_B 0 -5.487e+03 1.723e+02 2.600e+01
|        ( QUESTION0 -1 -5.101e+03 1.270e+02 2.400e+01
|            ( QUESTION2_12_L -1 -4.662e+03 1.241e+02 2.200e+01
|                ( - -4.150e+03 3 0)
|                ( - -3.878e+02 1 0))
|            ( - -3.124e+02 1 0))
|        ( - -2.135e+02 1 0)))
s>    ( QUESTION15 -1 -5.723e+03 3.976e+02 2.700e+01
s>        ( - 1.617e+02 1 0)
s>        ( WDBNDRY_B 0 -5.487e+03 1.723e+02 2.600e+01
s>            ( QUESTION0 -1 -5.101e+03 1.270e+02 2.400e+01
s>                ( QUESTION2_12_L -1 -4.662e+03 1.241e+02 2.200e+01
s>                    ( - -4.150e+03 3 0)
s>                    ( - -3.878e+02 1 0))
s>                ( - -3.124e+02 1 0))
s>            ( - -2.135e+02 1 0)))INFO: dtree.c(1315): Comp split 16
INFO: dtree.c(1478): Final simple tree
|( QUESTION1 1 -5.088e+04 2.380e+02 2.488e+02
|    ( WDBNDRY_B 0 -3.983e+04 1.758e+02 1.970e+02
|        ( - -6.293e+03 2 0)
|        ( WDBNDRY_E 0 -3.337e+04 1.691e+02 1.668e+02
|            ( - -2.948e+02 1 0)
|            ( - -3.290e+04 3 0 QUESTION0_1_R 1 8.625e+01 1.648e+02)))
|    ( QUESTION0_0_R 1 -1.080e+04 1.529e+02 5.186e+01
|        ( - -2.912e+02 1 0)
|        ( WDBNDRY_E 0 -1.036e+04 1.470e+02 4.986e+01
|            ( - -2.726e+02 1 0)
|            ( QUESTION2_15_L -1 -9.941e+03 1.296e+02 4.786e+01
|                ( QUESTION17 -1 -5.664e+03 1.238e+02 2.799e+01
|                    ( - -9.609e+02 1 0)
|                    ( - -4.579e+03 3 0 QUESTION0 -1 1.183e+02 2.299e+01))
|                ( - -4.147e+03 4 0 QUESTION0 -1 1.196e+02 1.987e+01)))))
s>    ( QUESTION1 1 -5.088e+04 2.380e+02 2.488e+02
s>        ( WDBNDRY_B 0 -3.983e+04 1.758e+02 1.970e+02
s>            ( - -6.293e+03 2 0)
s>            ( WDBNDRY_E 0 -3.337e+04 1.691e+02 1.668e+02
s>                ( - -2.948e+02 1 0)
s>                ( - -3.290e+04 3 0 QUESTION0_1_R 1 8.625e+01 1.648e+02)))
s>        ( QUESTION0_0_R 1 -1.080e+04 1.529e+02 5.186e+01
s>            ( - -2.912e+02 1 0)
s>            ( WDBNDRY_E 0 -1.036e+04 1.470e+02 4.986e+01
s>                ( - -2.726e+02 1 0)
s>                ( QUESTION2_15_L -1 -9.941e+03 1.296e+02 4.786e+01
s>                    ( QUESTION17 -1 -5.664e+03 1.238e+02 2.799e+01
s>                        ( - -9.609e+02 1 0)
s>                        ( - -4.579e+03 3 0 QUESTION0 -1 1.183e+02 2.299e+01))
s>                    ( - -4.147e+03 4 0 QUESTION0 -1 1.196e+02 1.987e+01)))))INFO: dtree.c(1315): Comp split 17
INFO: dtree.c(1439): stop. leaf nodes are specific
INFO: dtree.c(1478): Final simple tree
|( WDBNDRY_B 0 -1.066e+04 2.484e+02 5.592e+01
|    ( QUESTION14 -1 -2.490e+03 1.407e+02 1.300e+01
|        ( - -1.810e+03 1 0)
|        ( - -5.387e+02 1 0))
|    ( QUESTION14 -1 -7.921e+03 4.261e+02 4.292e+01
|        ( QUESTION15 -1 -7.685e+03 2.651e+02 4.192e+01
|            ( - -1.296e+03 1 0)
|            ( WDBNDRY_E 0 -6.123e+03 2.028e+02 3.492e+01
|                ( - -8.882e+02 1 0)
|                ( - -5.033e+03 1 0)))
|        ( - 1.900e+02 1 0)))
s>    ( WDBNDRY_B 0 -1.066e+04 2.484e+02 5.592e+01
s>        ( QUESTION14 -1 -2.490e+03 1.407e+02 1.300e+01
s>            ( - -1.810e+03 1 0)
s>            ( - -5.387e+02 1 0))
s>        ( QUESTION14 -1 -7.921e+03 4.261e+02 4.292e+01
s>            ( QUESTION15 -1 -7.685e+03 2.651e+02 4.192e+01
s>                ( - -1.296e+03 1 0)
s>                ( WDBNDRY_E 0 -6.123e+03 2.028e+02 3.492e+01
s>                    ( - -8.882e+02 1 0)
s>                    ( - -5.033e+03 1 0)))
s>            ( - 1.900e+02 1 0)))INFO: dtree.c(1315): Comp split 18
INFO: dtree.c(1439): stop. leaf nodes are specific
INFO: dtree.c(1478): Final simple tree
|( WDBNDRY_B 0 -1.043e+04 2.597e+02 5.492e+01
|    ( QUESTION14 -1 -2.490e+03 1.407e+02 1.300e+01
|        ( - -1.810e+03 1 0)
|        ( - -5.387e+02 1 0))
|    ( QUESTION15 -1 -7.685e+03 2.651e+02 4.192e+01
|        ( - -1.296e+03 1 0)
|        ( WDBNDRY_E 0 -6.123e+03 2.028e+02 3.492e+01
|            ( - -8.882e+02 1 0)
|            ( - -5.033e+03 1 0))))
s>    ( WDBNDRY_B 0 -1.043e+04 2.597e+02 5.492e+01
s>        ( QUESTION14 -1 -2.490e+03 1.407e+02 1.300e+01
s>            ( - -1.810e+03 1 0)
s>            ( - -5.387e+02 1 0))
s>        ( QUESTION15 -1 -7.685e+03 2.651e+02 4.192e+01
s>            ( - -1.296e+03 1 0)
s>            ( WDBNDRY_E 0 -6.123e+03 2.028e+02 3.492e+01
s>                ( - -8.882e+02 1 0)
s>                ( - -5.033e+03 1 0))))INFO: dtree.c(1315): Comp split 19
INFO: dtree.c(1439): stop. leaf nodes are specific
INFO: dtree.c(1478): Final simple tree
|( WDBNDRY_B 0 -5.487e+03 1.723e+02 2.600e+01
|    ( QUESTION0 -1 -5.101e+03 1.270e+02 2.400e+01
|        ( QUESTION2_12_L -1 -4.662e+03 1.241e+02 2.200e+01
|            ( - -4.150e+03 3 0)
|            ( - -3.878e+02 1 0))
|        ( - -3.124e+02 1 0))
|    ( - -2.135e+02 1 0))
s>    ( WDBNDRY_B 0 -5.487e+03 1.723e+02 2.600e+01
s>        ( QUESTION0 -1 -5.101e+03 1.270e+02 2.400e+01
s>            ( QUESTION2_12_L -1 -4.662e+03 1.241e+02 2.200e+01
s>                ( - -4.150e+03 3 0)
s>                ( - -3.878e+02 1 0))
s>            ( - -3.124e+02 1 0))
s>        ( - -2.135e+02 1 0))INFO: dtree.c(1315): Comp split 20
INFO: dtree.c(1439): stop. leaf nodes are specific
INFO: dtree.c(1478): Final simple tree
|( WDBNDRY_B 0 -4.714e+04 2.844e+02 2.529e+02
|    ( QUESTION0 -1 -3.146e+04 1.362e+02 1.707e+02
|        ( - -2.061e+04 1 0)
|        ( - -1.072e+04 1 0))
|    ( - -1.539e+04 1 0))
s>    ( WDBNDRY_B 0 -4.714e+04 2.844e+02 2.529e+02
s>        ( QUESTION0 -1 -3.146e+04 1.362e+02 1.707e+02
s>            ( - -2.061e+04 1 0)
s>            ( - -1.072e+04 1 0))
s>        ( - -1.539e+04 1 0))INFO: dtree.c(1315): Comp split 21
INFO: dtree.c(1439): stop. leaf nodes are specific
INFO: dtree.c(1478): Final simple tree
|( QUESTION0 -1 -5.592e+04 2.381e+02 2.899e+02
|    ( - -3.512e+04 3 0)
|    ( - -2.057e+04 3 0))
s>    ( QUESTION0 -1 -5.592e+04 2.381e+02 2.899e+02
s>        ( - -3.512e+04 3 0)
s>        ( - -2.057e+04 3 0))INFO: dtree.c(1478): Final simple tree
|( QUESTION2_2_L -1 -6.327e+04 2.431e+02 3.086e+02
|    ( QUESTION11 -1 -2.623e+04 1.859e+02 1.293e+02
|        ( - -1.628e+03 1 0)
|        ( QUESTION4 -1 -2.442e+04 1.841e+02 1.203e+02
|            ( - -4.502e+03 1 0)
|            ( QUESTION2 -1 -1.973e+04 1.800e+02 9.770e+01
|                ( - -2.283e+02 1 0)
|                ( QUESTION8 -1 -1.932e+04 1.532e+02 9.570e+01
|                    ( - -1.492e+04 4 0 WDBNDRY_B 0 1.279e+02 7.360e+01)
|                    ( - -4.247e+03 1 0)))))
|    ( QUESTION0 -1 -3.680e+04 2.199e+02 1.793e+02
|        ( - -1.380e+04 3 0)
|        ( WDBNDRY_B 0 -2.278e+04 1.392e+02 1.127e+02
|            ( - -1.631e+03 3 0 QUESTION2 -1 1.483e+02 8.000e+00)
|            ( - -2.101e+04 3 0))))
s>    ( QUESTION2_2_L -1 -6.327e+04 2.431e+02 3.086e+02
s>        ( QUESTION11 -1 -2.623e+04 1.859e+02 1.293e+02
s>            ( - -1.628e+03 1 0)
s>            ( QUESTION4 -1 -2.442e+04 1.841e+02 1.203e+02
s>                ( - -4.502e+03 1 0)
s>                ( QUESTION2 -1 -1.973e+04 1.800e+02 9.770e+01
s>                    ( - -2.283e+02 1 0)
s>                    ( QUESTION8 -1 -1.932e+04 1.532e+02 9.570e+01
s>                        ( - -1.492e+04 4 0 WDBNDRY_B 0 1.279e+02 7.360e+01)
s>                        ( - -4.247e+03 1 0)))))
s>        ( QUESTION0 -1 -3.680e+04 2.199e+02 1.793e+02
s>            ( - -1.380e+04 3 0)
s>            ( WDBNDRY_B 0 -2.278e+04 1.392e+02 1.127e+02
s>                ( - -1.631e+03 3 0 QUESTION2 -1 1.483e+02 8.000e+00)
s>                ( - -2.101e+04 3 0))))INFO: dtree.c(1315): Comp split 22
INFO: dtree.c(1439): stop. leaf nodes are specific
INFO: dtree.c(1478): Final simple tree
|( WDBNDRY_E 0 -6.123e+03 2.028e+02 3.492e+01
|    ( - -8.882e+02 1 0)
|    ( - -5.033e+03 1 0))
s>    ( WDBNDRY_E 0 -6.123e+03 2.028e+02 3.492e+01
s>        ( - -8.882e+02 1 0)
s>        ( - -5.033e+03 1 0))INFO: dtree.c(1439): stop. leaf nodes are specific
INFO: dtree.c(1478): Final simple tree
|( QUESTION16 -1 -3.925e+03 1.407e+02 2.000e+01
|    ( - -1.810e+03 1 0)
|    ( WDBNDRY_B 0 -1.974e+03 1.392e+02 1.000e+01
|        ( - -5.387e+02 1 0)
|        ( - -1.296e+03 1 0)))
s>    ( QUESTION16 -1 -3.925e+03 1.407e+02 2.000e+01
s>        ( - -1.810e+03 1 0)
s>        ( WDBNDRY_B 0 -1.974e+03 1.392e+02 1.000e+01
s>            ( - -5.387e+02 1 0)
s>            ( - -1.296e+03 1 0)))INFO: dtree.c(1315): Comp split 23
INFO: dtree.c(1315): Comp split 24
INFO: dtree.c(1439): stop. leaf nodes are specific
INFO: dtree.c(1478): Final simple tree
|( WDBNDRY_E 0 -8.767e+03 1.986e+02 4.630e+01
|    ( QUESTION0_1_R 1 -2.073e+03 1.439e+02 1.100e+01
|        ( - -1.285e+03 4 0)
|        ( - -6.439e+02 1 0))
|    ( - -6.495e+03 1 0))
s>    ( WDBNDRY_E 0 -8.767e+03 1.986e+02 4.630e+01
s>        ( QUESTION0_1_R 1 -2.073e+03 1.439e+02 1.100e+01
s>            ( - -1.285e+03 4 0)
s>            ( - -6.439e+02 1 0))
s>        ( - -6.495e+03 1 0))INFO: dtree.c(1315): Comp split 25
INFO: dtree.c(1439): stop. leaf nodes are specific
INFO: dtree.c(1478): Final simple tree
|( QUESTION0 -1 -3.146e+04 1.362e+02 1.707e+02
|    ( - -2.061e+04 1 0)
|    ( - -1.072e+04 1 0))
s>    ( QUESTION0 -1 -3.146e+04 1.362e+02 1.707e+02
s>        ( - -2.061e+04 1 0)
s>        ( - -1.072e+04 1 0))INFO: dtree.c(1315): Comp split 26
INFO: dtree.c(1439): stop. leaf nodes are specific
INFO: dtree.c(1478): Final simple tree
|( WDBNDRY_E 0 -3.337e+04 1.691e+02 1.668e+02
|    ( - -2.948e+02 1 0)
|    ( QUESTION0_1_R 1 -3.290e+04 8.625e+01 1.648e+02
|        ( - -5.912e+02 1 0)
|        ( - -3.222e+04 2 0)))
s>    ( WDBNDRY_E 0 -3.337e+04 1.691e+02 1.668e+02
s>        ( - -2.948e+02 1 0)
s>        ( QUESTION0_1_R 1 -3.290e+04 8.625e+01 1.648e+02
s>            ( - -5.912e+02 1 0)
s>            ( - -3.222e+04 2 0)))INFO: dtree.c(1478): Final simple tree
|( QUESTION0_1_R 1 -1.725e+04 1.536e+02 8.199e+01
|    ( - -2.912e+02 1 0)
|    ( WDBNDRY_B 0 -1.680e+04 1.472e+02 7.999e+01
|        ( - -6.293e+03 2 0)
|        ( WDBNDRY_E 0 -1.036e+04 1.470e+02 4.986e+01
|            ( - -2.726e+02 1 0)
|            ( QUESTION2_15_L -1 -9.941e+03 1.296e+02 4.786e+01
|                ( QUESTION17 -1 -5.664e+03 1.238e+02 2.799e+01
|                    ( - -9.609e+02 1 0)
|                    ( QUESTION0 -1 -4.579e+03 1.183e+02 2.299e+01
|                        ( - -2.789e+03 1 0)
|                        ( - -1.672e+03 2 0)))
|                ( QUESTION0 -1 -4.147e+03 1.196e+02 1.987e+01
|                    ( - -2.459e+03 1 0)
|                    ( - -1.569e+03 3 0))))))
s>    ( QUESTION0_1_R 1 -1.725e+04 1.536e+02 8.199e+01
s>        ( - -2.912e+02 1 0)
s>        ( WDBNDRY_B 0 -1.680e+04 1.472e+02 7.999e+01
s>            ( - -6.293e+03 2 0)
s>            ( WDBNDRY_E 0 -1.036e+04 1.470e+02 4.986e+01
s>                ( - -2.726e+02 1 0)
s>                ( QUESTION2_15_L -1 -9.941e+03 1.296e+02 4.786e+01
s>                    ( QUESTION17 -1 -5.664e+03 1.238e+02 2.799e+01
s>                        ( - -9.609e+02 1 0)
s>                        ( QUESTION0 -1 -4.579e+03 1.183e+02 2.299e+01
s>                            ( - -2.789e+03 1 0)
s>                            ( - -1.672e+03 2 0)))
s>                    ( QUESTION0 -1 -4.147e+03 1.196e+02 1.987e+01
s>                        ( - -2.459e+03 1 0)
s>                        ( - -1.569e+03 3 0))))))INFO: dtree.c(1315): Comp split 27
INFO: dtree.c(1439): stop. leaf nodes are specific
INFO: dtree.c(1478): Final simple tree
|( QUESTION4 -1 -2.442e+04 1.841e+02 1.203e+02
|    ( - -4.502e+03 1 0)
|    ( QUESTION2 -1 -1.973e+04 1.800e+02 9.770e+01
|        ( - -2.283e+02 1 0)
|        ( QUESTION8 -1 -1.932e+04 1.532e+02 9.570e+01
|            ( WDBNDRY_B 0 -1.492e+04 1.279e+02 7.360e+01
|                ( - -1.923e+03 1 0)
|                ( - -1.287e+04 3 0))
|            ( - -4.247e+03 1 0))))
s>    ( QUESTION4 -1 -2.442e+04 1.841e+02 1.203e+02
s>        ( - -4.502e+03 1 0)
s>        ( QUESTION2 -1 -1.973e+04 1.800e+02 9.770e+01
s>            ( - -2.283e+02 1 0)
s>            ( QUESTION8 -1 -1.932e+04 1.532e+02 9.570e+01
s>                ( WDBNDRY_B 0 -1.492e+04 1.279e+02 7.360e+01
s>                    ( - -1.923e+03 1 0)
s>                    ( - -1.287e+04 3 0))
s>                ( - -4.247e+03 1 0))))INFO: dtree.c(1439): stop. leaf nodes are specific
INFO: dtree.c(1478): Final simple tree
|( QUESTION0 -1 -3.860e+04 2.158e+02 1.883e+02
|    ( - -1.380e+04 3 0)
|    ( QUESTION9 -1 -2.458e+04 1.744e+02 1.217e+02
|        ( - -1.628e+03 1 0)
|        ( WDBNDRY_B 0 -2.278e+04 1.392e+02 1.127e+02
|            ( QUESTION2 -1 -1.631e+03 1.483e+02 8.000e+00
|                ( - -1.136e+03 2 0)
|                ( - -3.466e+02 1 0))
|            ( - -2.101e+04 3 0))))
s>    ( QUESTION0 -1 -3.860e+04 2.158e+02 1.883e+02
s>        ( - -1.380e+04 3 0)
s>        ( QUESTION9 -1 -2.458e+04 1.744e+02 1.217e+02
s>            ( - -1.628e+03 1 0)
s>            ( WDBNDRY_B 0 -2.278e+04 1.392e+02 1.127e+02
s>                ( QUESTION2 -1 -1.631e+03 1.483e+02 8.000e+00
s>                    ( - -1.136e+03 2 0)
s>                    ( - -3.466e+02 1 0))
s>                ( - -2.101e+04 3 0))))INFO: dtree.c(1315): Comp split 28
INFO: dtree.c(1315): Comp split 29
INFO: dtree.c(1439): stop. leaf nodes are specific
INFO: dtree.c(1478): Final simple tree
|( WDBNDRY_B 0 -2.278e+04 1.392e+02 1.127e+02
|    ( QUESTION2 -1 -1.631e+03 1.483e+02 8.000e+00
|        ( - -1.136e+03 2 0)
|        ( - -3.466e+02 1 0))
|    ( - -2.101e+04 3 0))
s>    ( WDBNDRY_B 0 -2.278e+04 1.392e+02 1.127e+02
s>        ( QUESTION2 -1 -1.631e+03 1.483e+02 8.000e+00
s>            ( - -1.136e+03 2 0)
s>            ( - -3.466e+02 1 0))
s>        ( - -2.101e+04 3 0))INFO: dtree.c(1439): stop. leaf nodes are specific
INFO: dtree.c(1478): Final simple tree
|( WDBNDRY_B 0 -1.560e+04 1.733e+02 7.556e+01
|    ( - -1.380e+04 3 0)
|    ( - -1.628e+03 1 0))
s>    ( WDBNDRY_B 0 -1.560e+04 1.733e+02 7.556e+01
s>        ( - -1.380e+04 3 0)
s>        ( - -1.628e+03 1 0))INFO: dtree.c(1315): Comp split 30
INFO: dtree.c(1315): Comp split 31
INFO: dtree.c(1439): stop. leaf nodes are specific
INFO: dtree.c(1478): Final simple tree
|( QUESTION0_1_R 1 -2.073e+03 1.439e+02 1.100e+01
|    ( - -1.285e+03 4 0)
|    ( - -6.439e+02 1 0))
s>    ( QUESTION0_1_R 1 -2.073e+03 1.439e+02 1.100e+01
s>        ( - -1.285e+03 4 0)
s>        ( - -6.439e+02 1 0))INFO: dtree.c(1315): Comp split 32
INFO: dtree.c(1315): Comp split 33
INFO: dtree.c(1439): stop. leaf nodes are specific
INFO: dtree.c(1478): Final simple tree
|( QUESTION2 -1 -1.973e+04 1.800e+02 9.770e+01
|    ( - -2.283e+02 1 0)
|    ( QUESTION8 -1 -1.932e+04 1.532e+02 9.570e+01
|        ( WDBNDRY_B 0 -1.492e+04 1.279e+02 7.360e+01
|            ( - -1.923e+03 1 0)
|            ( - -1.287e+04 3 0))
|        ( - -4.247e+03 1 0)))
s>    ( QUESTION2 -1 -1.973e+04 1.800e+02 9.770e+01
s>        ( - -2.283e+02 1 0)
s>        ( QUESTION8 -1 -1.932e+04 1.532e+02 9.570e+01
s>            ( WDBNDRY_B 0 -1.492e+04 1.279e+02 7.360e+01
s>                ( - -1.923e+03 1 0)
s>                ( - -1.287e+04 3 0))
s>            ( - -4.247e+03 1 0)))INFO: dtree.c(1315): Comp split 34
INFO: dtree.c(1439): stop. leaf nodes are specific
INFO: dtree.c(1478): Final simple tree
|( QUESTION8 -1 -1.932e+04 1.532e+02 9.570e+01
|    ( WDBNDRY_B 0 -1.492e+04 1.279e+02 7.360e+01
|        ( - -1.923e+03 1 0)
|        ( - -1.287e+04 3 0))
|    ( - -4.247e+03 1 0))
s>    ( QUESTION8 -1 -1.932e+04 1.532e+02 9.570e+01
s>        ( WDBNDRY_B 0 -1.492e+04 1.279e+02 7.360e+01
s>            ( - -1.923e+03 1 0)
s>            ( - -1.287e+04 3 0))
s>        ( - -4.247e+03 1 0))INFO: dtree.c(1315): Comp split 35
INFO: dtree.c(1315): Comp split 36
INFO: dtree.c(1439): stop. leaf nodes are specific
INFO: dtree.c(1478): Final simple tree
|( QUESTION0 -1 -5.101e+03 1.270e+02 2.400e+01
|    ( QUESTION2_12_L -1 -4.662e+03 1.241e+02 2.200e+01
|        ( - -4.150e+03 3 0)
|        ( - -3.878e+02 1 0))
|    ( - -3.124e+02 1 0))
s>    ( QUESTION0 -1 -5.101e+03 1.270e+02 2.400e+01
s>        ( QUESTION2_12_L -1 -4.662e+03 1.241e+02 2.200e+01
s>            ( - -4.150e+03 3 0)
s>            ( - -3.878e+02 1 0))
s>        ( - -3.124e+02 1 0))INFO: dtree.c(1315): Comp split 37
INFO: dtree.c(1439): stop. leaf nodes are specific
INFO: dtree.c(1478): Final simple tree
|( QUESTION0_1_R 1 -3.290e+04 8.625e+01 1.648e+02
|    ( - -5.912e+02 1 0)
|    ( - -3.222e+04 2 0))
s>    ( QUESTION0_1_R 1 -3.290e+04 8.625e+01 1.648e+02
s>        ( - -5.912e+02 1 0)
s>        ( - -3.222e+04 2 0))INFO: dtree.c(1315): Comp split 38
INFO: dtree.c(1439): stop. leaf nodes are specific
INFO: dtree.c(1478): Final simple tree
|( WDBNDRY_B 0 -8.094e+03 1.293e+02 3.913e+01
|    ( - -6.293e+03 2 0)
|    ( - -1.672e+03 2 0))
s>    ( WDBNDRY_B 0 -8.094e+03 1.293e+02 3.913e+01
s>        ( - -6.293e+03 2 0)
s>        ( - -1.672e+03 2 0))INFO: dtree.c(1439): stop. leaf nodes are specific
INFO: dtree.c(1478): Final simple tree
|( QUESTION0_0_R 1 -8.997e+03 1.530e+02 4.286e+01
|    ( - -2.912e+02 1 0)
|    ( WDBNDRY_E 0 -8.553e+03 1.477e+02 4.086e+01
|        ( - -2.726e+02 1 0)
|        ( QUESTION2_14_L -1 -8.133e+03 1.223e+02 3.886e+01
|            ( - -2.459e+03 1 0)
|            ( QUESTION0 -1 -5.552e+03 1.199e+02 2.599e+01
|                ( - -2.789e+03 1 0)
|                ( QUESTION2 -1 -2.643e+03 1.131e+02 1.200e+01
|                    ( - -1.569e+03 3 0)
|                    ( - -9.609e+02 1 0))))))
s>    ( QUESTION0_0_R 1 -8.997e+03 1.530e+02 4.286e+01
s>        ( - -2.912e+02 1 0)
s>        ( WDBNDRY_E 0 -8.553e+03 1.477e+02 4.086e+01
s>            ( - -2.726e+02 1 0)
s>            ( QUESTION2_14_L -1 -8.133e+03 1.223e+02 3.886e+01
s>                ( - -2.459e+03 1 0)
s>                ( QUESTION0 -1 -5.552e+03 1.199e+02 2.599e+01
s>                    ( - -2.789e+03 1 0)
s>                    ( QUESTION2 -1 -2.643e+03 1.131e+02 1.200e+01
s>                        ( - -1.569e+03 3 0)
s>                        ( - -9.609e+02 1 0))))))INFO: dtree.c(1315): Comp split 39
INFO: dtree.c(1439): stop. leaf nodes are specific
INFO: dtree.c(1478): Final simple tree
|( WDBNDRY_B 0 -1.492e+04 1.279e+02 7.360e+01
|    ( - -1.923e+03 1 0)
|    ( - -1.287e+04 3 0))
s>    ( WDBNDRY_B 0 -1.492e+04 1.279e+02 7.360e+01
s>        ( - -1.923e+03 1 0)
s>        ( - -1.287e+04 3 0))INFO: dtree.c(1315): Comp split 40
INFO: dtree.c(1439): stop. leaf nodes are specific
INFO: dtree.c(1478): Final simple tree
|( WDBNDRY_E 0 -8.553e+03 1.477e+02 4.086e+01
|    ( - -2.726e+02 1 0)
|    ( QUESTION2_14_L -1 -8.133e+03 1.223e+02 3.886e+01
|        ( - -2.459e+03 1 0)
|        ( QUESTION0 -1 -5.552e+03 1.199e+02 2.599e+01
|            ( - -2.789e+03 1 0)
|            ( QUESTION2 -1 -2.643e+03 1.131e+02 1.200e+01
|                ( - -1.569e+03 3 0)
|                ( - -9.609e+02 1 0)))))
s>    ( WDBNDRY_E 0 -8.553e+03 1.477e+02 4.086e+01
s>        ( - -2.726e+02 1 0)
s>        ( QUESTION2_14_L -1 -8.133e+03 1.223e+02 3.886e+01
s>            ( - -2.459e+03 1 0)
s>            ( QUESTION0 -1 -5.552e+03 1.199e+02 2.599e+01
s>                ( - -2.789e+03 1 0)
s>                ( QUESTION2 -1 -2.643e+03 1.131e+02 1.200e+01
s>                    ( - -1.569e+03 3 0)
s>                    ( - -9.609e+02 1 0)))))INFO: dtree.c(1315): Comp split 41
INFO: dtree.c(1439): stop. leaf nodes are specific
INFO: dtree.c(1478): Final simple tree
|( WDBNDRY_B 0 -2.149e+04 1.359e+02 1.067e+02
|    ( - -3.466e+02 1 0)
|    ( - -2.101e+04 3 0))
s>    ( WDBNDRY_B 0 -2.149e+04 1.359e+02 1.067e+02
s>        ( - -3.466e+02 1 0)
s>        ( - -2.101e+04 3 0))INFO: dtree.c(1315): Comp split 42
INFO: dtree.c(1439): stop. leaf nodes are specific
INFO: dtree.c(1478): Final simple tree
|( QUESTION2_14_L -1 -8.133e+03 1.223e+02 3.886e+01
|    ( - -2.459e+03 1 0)
|    ( QUESTION0 -1 -5.552e+03 1.199e+02 2.599e+01
|        ( - -2.789e+03 1 0)
|        ( QUESTION2 -1 -2.643e+03 1.131e+02 1.200e+01
|            ( - -1.569e+03 3 0)
|            ( - -9.609e+02 1 0))))
s>    ( QUESTION2_14_L -1 -8.133e+03 1.223e+02 3.886e+01
s>        ( - -2.459e+03 1 0)
s>        ( QUESTION0 -1 -5.552e+03 1.199e+02 2.599e+01
s>            ( - -2.789e+03 1 0)
s>            ( QUESTION2 -1 -2.643e+03 1.131e+02 1.200e+01
s>                ( - -1.569e+03 3 0)
s>                ( - -9.609e+02 1 0))))INFO: dtree.c(1315): Comp split 43
INFO: dtree.c(1315): Comp split 44
INFO: dtree.c(1439): stop. leaf nodes are specific
INFO: dtree.c(1478): Final simple tree
|( WDBNDRY_B 0 -1.974e+03 1.392e+02 1.000e+01
|    ( - -5.387e+02 1 0)
|    ( - -1.296e+03 1 0))
s>    ( WDBNDRY_B 0 -1.974e+03 1.392e+02 1.000e+01
s>        ( - -5.387e+02 1 0)
s>        ( - -1.296e+03 1 0))INFO: dtree.c(1315): Comp split 45
INFO: dtree.c(1315): Comp split 46
INFO: dtree.c(1315): Comp split 47
INFO: dtree.c(1315): Comp split 48
INFO: dtree.c(1315): Comp split 49
INFO: dtree.c(1315): Comp split 50
INFO: dtree.c(1439): stop. leaf nodes are specific
INFO: dtree.c(1478): Final simple tree
|( QUESTION2_12_L -1 -4.662e+03 1.241e+02 2.200e+01
|    ( - -4.150e+03 3 0)
|    ( - -3.878e+02 1 0))
s>    ( QUESTION2_12_L -1 -4.662e+03 1.241e+02 2.200e+01
s>        ( - -4.150e+03 3 0)
s>        ( - -3.878e+02 1 0))INFO: dtree.c(1315): Comp split 51
INFO: dtree.c(1315): Comp split 52
INFO: dtree.c(1439): stop. leaf nodes are specific
INFO: dtree.c(1478): Final simple tree
|( QUESTION0 -1 -5.552e+03 1.199e+02 2.599e+01
|    ( - -2.789e+03 1 0)
|    ( QUESTION2 -1 -2.643e+03 1.131e+02 1.200e+01
|        ( - -1.569e+03 3 0)
|        ( - -9.609e+02 1 0)))
s>    ( QUESTION0 -1 -5.552e+03 1.199e+02 2.599e+01
s>        ( - -2.789e+03 1 0)
s>        ( QUESTION2 -1 -2.643e+03 1.131e+02 1.200e+01
s>            ( - -1.569e+03 3 0)
s>            ( - -9.609e+02 1 0)))INFO: dtree.c(1315): Comp split 53
INFO: dtree.c(1439): stop. leaf nodes are specific
INFO: dtree.c(1478): Final simple tree
|( QUESTION2 -1 -2.643e+03 1.131e+02 1.200e+01
|    ( - -1.569e+03 3 0)
|    ( - -9.609e+02 1 0))
s>    ( QUESTION2 -1 -2.643e+03 1.131e+02 1.200e+01
s>        ( - -1.569e+03 3 0)
s>        ( - -9.609e+02 1 0))INFO: dtree.c(1315): Comp split 54
INFO: dtree.c(1315): Comp split 55
INFO: dtree.c(1315): Comp split 56
INFO: dtree.c(1318): stop. leaf nodes are specific
!!!!!!!!Allocated 68 lines
Fri Apr  8 18:31:54 2016
