Current configuration:
[NAME]		[DEFLT]	[VALUE]
-allphones	no	no
-cntthresh	0.00001	1.000000e-05
-csplitmax	100	2000
-csplitmin	1	1
-csplitthr	8e-4	0.000000e+00
-example	no	no
-fullvar	no	no
-help		no	no
-meanfn			/home/yaroslav/model/model_parameters/ua.cd_cont_untied/means
-mixwfn			/home/yaroslav/model/model_parameters/ua.cd_cont_untied/mixture_weights
-moddeffn		/home/yaroslav/model/model_architecture/ua.untied.mdef
-mwfloor	1e-4	1.000000e-08
-phone			SS
-psetfn			/home/yaroslav/model/model_architecture/ua.tree_questions
-ssplitmax	5	7
-ssplitmin	1	1
-ssplitthr	8e-4	0.000000e+00
-state			1
-stwt			1.0,0.05,0.0,
-treefn			/home/yaroslav/model/trees/ua.unpruned/SS-1.dtree
-ts2cbfn	.semi.	.cont.
-varfloor	0.00001	1.000000e-05
-varfn			/home/yaroslav/model/model_parameters/ua.cd_cont_untied/variances

INFO: main.c(223): Reading: /home/yaroslav/model/model_architecture/ua.untied.mdef
INFO: model_def_io.c(573): Model definition info:
INFO: model_def_io.c(574): 9391 total models defined (51 base, 9340 tri)
INFO: model_def_io.c(575): 37564 total states
INFO: model_def_io.c(576): 28173 total tied states
INFO: model_def_io.c(577): 153 total tied CI states
INFO: model_def_io.c(578): 51 total tied transition matrices
INFO: model_def_io.c(579): 4 max state/model
INFO: model_def_io.c(580): 4 min state/model
INFO: main.c(242): Building trees for [SS A A i] through [SS І І i]
INFO: main.c(269): Covering states |[17556 17936]| == 381
INFO: main.c(275): Reading: /home/yaroslav/model/model_parameters/ua.cd_cont_untied/mixture_weights
INFO: s3mixw_io.c(173): Read /home/yaroslav/model/model_parameters/ua.cd_cont_untied/mixture_weights [381x1x1 array]
INFO: main.c(311): 114 of 127 models have observation count greater than 0.000010
INFO: main.c(95): nrm stwt: 0.045 0.909 0.045 
INFO: s3gau_io.c(169): Read /home/yaroslav/model/model_parameters/ua.cd_cont_untied/means [28173x1x1 array]
INFO: s3gau_io.c(169): Read /home/yaroslav/model/model_parameters/ua.cd_cont_untied/variances [28173x1x1 array]
INFO: main.c(549): Reading: /home/yaroslav/model/model_architecture/ua.tree_questions
INFO: main.c(588): 174 total simple questions (166 phone; 8 word bndry)
INFO: main.c(590): 40 Left Only questions, and 42 Right Only questions
INFO: dtree.c(1478): Final simple tree
|( QUESTION12 1 -1.286e+05 1.602e+03 1.523e+03
|    ( WDBNDRY_E 0 -2.251e+04 3.251e+02 2.805e+02
|        ( - -6.360e+03 10 0 QUESTION14 1 1.712e+02 7.039e+01)
|        ( - -1.582e+04 11 0 SILENCE -1 1.459e+02 2.101e+02))
|    ( QUESTION19 1 -1.045e+05 1.538e+03 1.243e+03
|        ( QUESTION2_3_L -1 -7.440e+04 9.406e+02 9.117e+02
|            ( - -2.622e+04 6 0 QUESTION2_8_L -1 2.054e+02 3.637e+02)
|            ( WDBNDRY_E 0 -4.724e+04 4.672e+02 5.480e+02
|                ( QUESTION0_12_R 1 -6.702e+03 3.135e+02 8.106e+01
|                    ( - 2.234e+02 1 0)
|                    ( - -6.612e+03 14 0 QUESTION13 -1 3.123e+02 8.006e+01))
|                ( - -4.007e+04 16 0 QUESTION10 -1 2.784e+02 4.669e+02)))
|        ( QUESTION5 1 -2.856e+04 5.799e+02 3.310e+02
|            ( - -1.050e+04 11 0 QUESTION13 -1 2.998e+02 1.219e+02)
|            ( - -1.749e+04 45 0 QUESTION7 1 3.083e+02 2.091e+02))))
s>    ( QUESTION12 1 -1.286e+05 1.602e+03 1.523e+03
s>        ( WDBNDRY_E 0 -2.251e+04 3.251e+02 2.805e+02
s>            ( - -6.360e+03 10 0 QUESTION14 1 1.712e+02 7.039e+01)
s>            ( - -1.582e+04 11 0 SILENCE -1 1.459e+02 2.101e+02))
s>        ( QUESTION19 1 -1.045e+05 1.538e+03 1.243e+03
s>            ( QUESTION2_3_L -1 -7.440e+04 9.406e+02 9.117e+02
s>                ( - -2.622e+04 6 0 QUESTION2_8_L -1 2.054e+02 3.637e+02)
s>                ( WDBNDRY_E 0 -4.724e+04 4.672e+02 5.480e+02
s>                    ( QUESTION0_12_R 1 -6.702e+03 3.135e+02 8.106e+01
s>                        ( - 2.234e+02 1 0)
s>                        ( - -6.612e+03 14 0 QUESTION13 -1 3.123e+02 8.006e+01))
s>                    ( - -4.007e+04 16 0 QUESTION10 -1 2.784e+02 4.669e+02)))
s>            ( QUESTION5 1 -2.856e+04 5.799e+02 3.310e+02
s>                ( - -1.050e+04 11 0 QUESTION13 -1 2.998e+02 1.219e+02)
s>                ( - -1.749e+04 45 0 QUESTION7 1 3.083e+02 2.091e+02))))INFO: dtree.c(1315): Comp split 0
INFO: dtree.c(1478): Final simple tree
|( QUESTION5 1 -3.549e+04 5.312e+02 4.120e+02
|    ( QUESTION13 -1 -1.050e+04 2.998e+02 1.219e+02
|        ( - 2.243e+02 1 0)
|        ( - -1.042e+04 10 0 QUESTION19 -1 1.957e+02 1.209e+02))
|    ( QUESTION7 1 -2.446e+04 3.347e+02 2.902e+02
|        ( QUESTION2_0_L -1 -4.949e+03 3.081e+02 6.302e+01
|            ( - -4.875e+03 7 0 QUESTION0_0_R 1 1.821e+02 6.202e+01)
|            ( - 2.338e+02 1 0))
|        ( QUESTION0_13_R 1 -1.918e+04 3.140e+02 2.272e+02
|            ( - 2.234e+02 1 0)
|            ( QUESTION16 -1 -1.909e+04 3.137e+02 2.262e+02
|                ( - 2.440e+02 1 0)
|                ( QUESTION2_4_L -1 -1.902e+04 3.126e+02 2.252e+02
|                    ( - 2.197e+02 1 0)
|                    ( - -1.893e+04 49 0 QUESTION19 1 2.494e+02 2.242e+02))))))
s>    ( QUESTION5 1 -3.549e+04 5.312e+02 4.120e+02
s>        ( QUESTION13 -1 -1.050e+04 2.998e+02 1.219e+02
s>            ( - 2.243e+02 1 0)
s>            ( - -1.042e+04 10 0 QUESTION19 -1 1.957e+02 1.209e+02))
s>        ( QUESTION7 1 -2.446e+04 3.347e+02 2.902e+02
s>            ( QUESTION2_0_L -1 -4.949e+03 3.081e+02 6.302e+01
s>                ( - -4.875e+03 7 0 QUESTION0_0_R 1 1.821e+02 6.202e+01)
s>                ( - 2.338e+02 1 0))
s>            ( QUESTION0_13_R 1 -1.918e+04 3.140e+02 2.272e+02
s>                ( - 2.234e+02 1 0)
s>                ( QUESTION16 -1 -1.909e+04 3.137e+02 2.262e+02
s>                    ( - 2.440e+02 1 0)
s>                    ( QUESTION2_4_L -1 -1.902e+04 3.126e+02 2.252e+02
s>                        ( - 2.197e+02 1 0)
s>                        ( - -1.893e+04 49 0 QUESTION19 1 2.494e+02 2.242e+02))))))INFO: dtree.c(1478): Final simple tree
|( QUESTION0_0_R 1 -9.112e+04 1.507e+03 1.111e+03
|    ( WDBNDRY_E 0 -2.251e+04 3.251e+02 2.805e+02
|        ( QUESTION14 1 -6.360e+03 1.712e+02 7.039e+01
|            ( - -1.448e+02 1 0)
|            ( - -6.044e+03 9 0 QUESTION10 -1 1.602e+02 6.739e+01))
|        ( - -1.582e+04 11 0 SILENCE -1 1.459e+02 2.101e+02))
|    ( QUESTION2_3_L -1 -6.710e+04 8.114e+02 8.306e+02
|        ( QUESTION2_8_L -1 -2.622e+04 2.054e+02 3.637e+02
|            ( - -1.966e+01 1 0)
|            ( WDBNDRY_E 0 -2.599e+04 1.961e+02 3.607e+02
|                ( - 3.689e+01 1 0)
|                ( - -2.583e+04 4 0 WDBNDRY_B 0 1.618e+02 3.587e+02)))
|        ( QUESTION10 -1 -4.007e+04 2.784e+02 4.669e+02
|            ( - -1.358e+04 7 0 QUESTION13 -1 1.346e+02 1.672e+02)
|            ( - -2.622e+04 9 0 WDBNDRY_B 0 1.337e+02 2.997e+02))))
s>    ( QUESTION0_0_R 1 -9.112e+04 1.507e+03 1.111e+03
s>        ( WDBNDRY_E 0 -2.251e+04 3.251e+02 2.805e+02
s>            ( QUESTION14 1 -6.360e+03 1.712e+02 7.039e+01
s>                ( - -1.448e+02 1 0)
s>                ( - -6.044e+03 9 0 QUESTION10 -1 1.602e+02 6.739e+01))
s>            ( - -1.582e+04 11 0 SILENCE -1 1.459e+02 2.101e+02))
s>        ( QUESTION2_3_L -1 -6.710e+04 8.114e+02 8.306e+02
s>            ( QUESTION2_8_L -1 -2.622e+04 2.054e+02 3.637e+02
s>                ( - -1.966e+01 1 0)
s>                ( WDBNDRY_E 0 -2.599e+04 1.961e+02 3.607e+02
s>                    ( - 3.689e+01 1 0)
s>                    ( - -2.583e+04 4 0 WDBNDRY_B 0 1.618e+02 3.587e+02)))
s>            ( QUESTION10 -1 -4.007e+04 2.784e+02 4.669e+02
s>                ( - -1.358e+04 7 0 QUESTION13 -1 1.346e+02 1.672e+02)
s>                ( - -2.622e+04 9 0 WDBNDRY_B 0 1.337e+02 2.997e+02))))INFO: dtree.c(1315): Comp split 1
INFO: dtree.c(1478): Final simple tree
|( QUESTION2_3_L -1 -6.742e+04 8.131e+02 8.336e+02
|    ( QUESTION2_8_L -1 -2.622e+04 2.054e+02 3.637e+02
|        ( - -1.966e+01 1 0)
|        ( WDBNDRY_E 0 -2.599e+04 1.961e+02 3.607e+02
|            ( - 3.689e+01 1 0)
|            ( WDBNDRY_B 0 -2.583e+04 1.618e+02 3.587e+02
|                ( - -1.361e+02 1 0)
|                ( - -2.554e+04 3 0 QUESTION0 -1 1.274e+02 3.557e+02))))
|    ( QUESTION10 -1 -4.039e+04 2.780e+02 4.699e+02
|        ( QUESTION13 -1 -1.358e+04 1.346e+02 1.672e+02
|            ( - -3.243e+02 1 0)
|            ( - -1.312e+04 6 0 WDBNDRY_B 0 1.085e+02 1.622e+02))
|        ( WDBNDRY_E 0 -2.654e+04 1.734e+02 3.027e+02
|            ( - -1.448e+02 1 0)
|            ( - -2.622e+04 9 0 WDBNDRY_B 0 1.337e+02 2.997e+02))))
s>    ( QUESTION2_3_L -1 -6.742e+04 8.131e+02 8.336e+02
s>        ( QUESTION2_8_L -1 -2.622e+04 2.054e+02 3.637e+02
s>            ( - -1.966e+01 1 0)
s>            ( WDBNDRY_E 0 -2.599e+04 1.961e+02 3.607e+02
s>                ( - 3.689e+01 1 0)
s>                ( WDBNDRY_B 0 -2.583e+04 1.618e+02 3.587e+02
s>                    ( - -1.361e+02 1 0)
s>                    ( - -2.554e+04 3 0 QUESTION0 -1 1.274e+02 3.557e+02))))
s>        ( QUESTION10 -1 -4.039e+04 2.780e+02 4.699e+02
s>            ( QUESTION13 -1 -1.358e+04 1.346e+02 1.672e+02
s>                ( - -3.243e+02 1 0)
s>                ( - -1.312e+04 6 0 WDBNDRY_B 0 1.085e+02 1.622e+02))
s>            ( WDBNDRY_E 0 -2.654e+04 1.734e+02 3.027e+02
s>                ( - -1.448e+02 1 0)
s>                ( - -2.622e+04 9 0 WDBNDRY_B 0 1.337e+02 2.997e+02))))INFO: dtree.c(1478): Final simple tree
|( WDBNDRY_E 0 -2.219e+04 3.194e+02 2.775e+02
|    ( QUESTION10 -1 -6.044e+03 1.602e+02 6.739e+01
|        ( QUESTION0_9_R 1 -1.717e+03 2.987e+02 2.365e+01
|            ( - 2.250e+02 1 0)
|            ( - -1.643e+03 3 0 QUESTION13 1 1.189e+02 2.265e+01))
|        ( QUESTION17 1 -4.167e+03 1.459e+02 4.374e+01
|            ( - -2.068e+03 1 0)
|            ( - -1.953e+03 4 0 QUESTION0_9_R 1 9.355e+01 2.076e+01)))
|    ( SILENCE -1 -1.582e+04 1.459e+02 2.101e+02
|        ( - -1.691e+02 1 0)
|        ( QUESTION6 -1 -1.551e+04 1.382e+02 2.061e+02
|            ( - -7.619e+02 1 0)
|            ( QUESTION2_4_L -1 -1.461e+04 1.345e+02 1.949e+02
|                ( - -1.242e+03 1 0)
|                ( - -1.323e+04 8 0 WDBNDRY_B 0 1.290e+02 1.764e+02)))))
s>    ( WDBNDRY_E 0 -2.219e+04 3.194e+02 2.775e+02
s>        ( QUESTION10 -1 -6.044e+03 1.602e+02 6.739e+01
s>            ( QUESTION0_9_R 1 -1.717e+03 2.987e+02 2.365e+01
s>                ( - 2.250e+02 1 0)
s>                ( - -1.643e+03 3 0 QUESTION13 1 1.189e+02 2.265e+01))
s>            ( QUESTION17 1 -4.167e+03 1.459e+02 4.374e+01
s>                ( - -2.068e+03 1 0)
s>                ( - -1.953e+03 4 0 QUESTION0_9_R 1 9.355e+01 2.076e+01)))
s>        ( SILENCE -1 -1.582e+04 1.459e+02 2.101e+02
s>            ( - -1.691e+02 1 0)
s>            ( QUESTION6 -1 -1.551e+04 1.382e+02 2.061e+02
s>                ( - -7.619e+02 1 0)
s>                ( QUESTION2_4_L -1 -1.461e+04 1.345e+02 1.949e+02
s>                    ( - -1.242e+03 1 0)
s>                    ( - -1.323e+04 8 0 WDBNDRY_B 0 1.290e+02 1.764e+02)))))INFO: dtree.c(1315): Comp split 2
INFO: dtree.c(1439): stop. leaf nodes are specific
INFO: dtree.c(1478): Final simple tree
|( QUESTION0 -1 -2.554e+04 1.274e+02 3.557e+02
|    ( QUESTION1 -1 -2.533e+04 1.137e+02 3.527e+02
|        ( - -9.114e+02 1 0)
|        ( - -2.431e+04 1 0))
|    ( - -7.737e+01 1 0))
s>    ( QUESTION0 -1 -2.554e+04 1.274e+02 3.557e+02
s>        ( QUESTION1 -1 -2.533e+04 1.137e+02 3.527e+02
s>            ( - -9.114e+02 1 0)
s>            ( - -2.431e+04 1 0))
s>        ( - -7.737e+01 1 0))INFO: dtree.c(1478): Final simple tree
|( QUESTION2_2_L -1 -4.105e+04 2.843e+02 4.779e+02
|    ( QUESTION13 -1 -1.358e+04 1.346e+02 1.672e+02
|        ( - -3.243e+02 1 0)
|        ( - -1.312e+04 6 0 WDBNDRY_B 0 1.085e+02 1.622e+02))
|    ( QUESTION10 -1 -2.719e+04 1.921e+02 3.107e+02
|        ( - 3.689e+01 1 0)
|        ( QUESTION2_8_L -1 -2.703e+04 1.888e+02 3.087e+02
|            ( - -1.966e+01 1 0)
|            ( WDBNDRY_E 0 -2.683e+04 1.733e+02 3.057e+02
|                ( - -1.448e+02 1 0)
|                ( QUESTION0 -1 -2.651e+04 1.525e+02 3.027e+02
|                    ( - -1.361e+02 1 0)
|                    ( WDBNDRY_B 0 -2.622e+04 1.337e+02 2.997e+02
|                        ( - -7.325e+02 1 0)
|                        ( - -2.535e+04 8 0)))))))
s>    ( QUESTION2_2_L -1 -4.105e+04 2.843e+02 4.779e+02
s>        ( QUESTION13 -1 -1.358e+04 1.346e+02 1.672e+02
s>            ( - -3.243e+02 1 0)
s>            ( - -1.312e+04 6 0 WDBNDRY_B 0 1.085e+02 1.622e+02))
s>        ( QUESTION10 -1 -2.719e+04 1.921e+02 3.107e+02
s>            ( - 3.689e+01 1 0)
s>            ( QUESTION2_8_L -1 -2.703e+04 1.888e+02 3.087e+02
s>                ( - -1.966e+01 1 0)
s>                ( WDBNDRY_E 0 -2.683e+04 1.733e+02 3.057e+02
s>                    ( - -1.448e+02 1 0)
s>                    ( QUESTION0 -1 -2.651e+04 1.525e+02 3.027e+02
s>                        ( - -1.361e+02 1 0)
s>                        ( WDBNDRY_B 0 -2.622e+04 1.337e+02 2.997e+02
s>                            ( - -7.325e+02 1 0)
s>                            ( - -2.535e+04 8 0)))))))INFO: dtree.c(1315): Comp split 3
INFO: dtree.c(1439): stop. leaf nodes are specific
INFO: dtree.c(1478): Final simple tree
|( QUESTION0_1_R 1 -1.052e+04 3.152e+02 1.219e+02
|    ( - 2.197e+02 1 0)
|    ( QUESTION19 -1 -1.042e+04 1.957e+02 1.209e+02
|        ( WDBNDRY_E 0 -4.556e+03 1.172e+02 5.088e+01
|            ( - -5.523e+02 2 0)
|            ( - -3.887e+03 3 0))
|        ( QUESTION2_0_L -1 -5.671e+03 1.594e+02 6.998e+01
|            ( WDBNDRY_E 0 -7.092e+02 1.232e+02 1.100e+01
|                ( - -3.467e+02 2 0)
|                ( - -2.392e+02 1 0))
|            ( QUESTION0 -1 -4.803e+03 1.088e+02 5.898e+01
|                ( - -3.581e+02 1 0)
|                ( - -4.336e+03 1 0)))))
s>    ( QUESTION0_1_R 1 -1.052e+04 3.152e+02 1.219e+02
s>        ( - 2.197e+02 1 0)
s>        ( QUESTION19 -1 -1.042e+04 1.957e+02 1.209e+02
s>            ( WDBNDRY_E 0 -4.556e+03 1.172e+02 5.088e+01
s>                ( - -5.523e+02 2 0)
s>                ( - -3.887e+03 3 0))
s>            ( QUESTION2_0_L -1 -5.671e+03 1.594e+02 6.998e+01
s>                ( WDBNDRY_E 0 -7.092e+02 1.232e+02 1.100e+01
s>                    ( - -3.467e+02 2 0)
s>                    ( - -2.392e+02 1 0))
s>                ( QUESTION0 -1 -4.803e+03 1.088e+02 5.898e+01
s>                    ( - -3.581e+02 1 0)
s>                    ( - -4.336e+03 1 0)))))INFO: dtree.c(1478): Final simple tree
|( QUESTION7 1 -2.444e+04 3.328e+02 2.902e+02
|    ( QUESTION2_0_L -1 -4.949e+03 3.081e+02 6.302e+01
|        ( - -4.875e+03 7 0 QUESTION0_0_R 1 1.821e+02 6.202e+01)
|        ( - 2.338e+02 1 0))
|    ( QUESTION0_13_R 1 -1.916e+04 3.139e+02 2.272e+02
|        ( - 2.234e+02 1 0)
|        ( QUESTION16 -1 -1.907e+04 3.137e+02 2.262e+02
|            ( - 2.440e+02 1 0)
|            ( QUESTION5 1 -1.900e+04 2.988e+02 2.252e+02
|                ( - 2.243e+02 1 0)
|                ( QUESTION19 1 -1.893e+04 2.494e+02 2.242e+02
|                    ( - -6.544e+03 13 0 QUESTION10 -1 1.115e+02 7.906e+01)
|                    ( QUESTION0_2_R 1 -1.213e+04 2.142e+02 1.451e+02
|                        ( - -2.313e+03 12 0 QUESTION13 -1 1.377e+02 2.751e+01)
|                        ( - -9.607e+03 24 0 SILENCE 1 2.129e+02 1.176e+02)))))))
s>    ( QUESTION7 1 -2.444e+04 3.328e+02 2.902e+02
s>        ( QUESTION2_0_L -1 -4.949e+03 3.081e+02 6.302e+01
s>            ( - -4.875e+03 7 0 QUESTION0_0_R 1 1.821e+02 6.202e+01)
s>            ( - 2.338e+02 1 0))
s>        ( QUESTION0_13_R 1 -1.916e+04 3.139e+02 2.272e+02
s>            ( - 2.234e+02 1 0)
s>            ( QUESTION16 -1 -1.907e+04 3.137e+02 2.262e+02
s>                ( - 2.440e+02 1 0)
s>                ( QUESTION5 1 -1.900e+04 2.988e+02 2.252e+02
s>                    ( - 2.243e+02 1 0)
s>                    ( QUESTION19 1 -1.893e+04 2.494e+02 2.242e+02
s>                        ( - -6.544e+03 13 0 QUESTION10 -1 1.115e+02 7.906e+01)
s>                        ( QUESTION0_2_R 1 -1.213e+04 2.142e+02 1.451e+02
s>                            ( - -2.313e+03 12 0 QUESTION13 -1 1.377e+02 2.751e+01)
s>                            ( - -9.607e+03 24 0 SILENCE 1 2.129e+02 1.176e+02)))))))INFO: dtree.c(1315): Comp split 4
INFO: dtree.c(1478): Final simple tree
|( QUESTION5 1 -1.649e+04 2.983e+02 1.976e+02
|    ( - 2.243e+02 1 0)
|    ( QUESTION19 1 -1.642e+04 2.690e+02 1.966e+02
|        ( - -6.544e+03 13 0 QUESTION10 -1 1.115e+02 7.906e+01)
|        ( SILENCE 1 -9.607e+03 2.129e+02 1.176e+02
|            ( - -9.556e+02 3 0 QUESTION10 -1 1.286e+02 1.184e+01)
|            ( WDBNDRY_E 0 -8.439e+03 1.638e+02 1.057e+02
|                ( QUESTION0_16_R 1 -7.818e+03 2.988e+02 9.775e+01
|                    ( - 2.171e+02 1 0)
|                    ( QUESTION4 1 -7.736e+03 3.162e+02 9.675e+01
|                        ( - 1.755e+02 1 0)
|                        ( QUESTION10 -1 -7.595e+03 1.825e+02 9.575e+01
|                            ( - -3.140e+03 9 0 QUESTION13 -1 1.198e+02 4.400e+01)
|                            ( - -4.273e+03 7 0 QUESTION0_1_R 1 1.508e+02 5.175e+01))))
|                ( - -4.571e+02 3 0 QUESTION0_1_R 1 1.591e+02 8.000e+00)))))
s>    ( QUESTION5 1 -1.649e+04 2.983e+02 1.976e+02
s>        ( - 2.243e+02 1 0)
s>        ( QUESTION19 1 -1.642e+04 2.690e+02 1.966e+02
s>            ( - -6.544e+03 13 0 QUESTION10 -1 1.115e+02 7.906e+01)
s>            ( SILENCE 1 -9.607e+03 2.129e+02 1.176e+02
s>                ( - -9.556e+02 3 0 QUESTION10 -1 1.286e+02 1.184e+01)
s>                ( WDBNDRY_E 0 -8.439e+03 1.638e+02 1.057e+02
s>                    ( QUESTION0_16_R 1 -7.818e+03 2.988e+02 9.775e+01
s>                        ( - 2.171e+02 1 0)
s>                        ( QUESTION4 1 -7.736e+03 3.162e+02 9.675e+01
s>                            ( - 1.755e+02 1 0)
s>                            ( QUESTION10 -1 -7.595e+03 1.825e+02 9.575e+01
s>                                ( - -3.140e+03 9 0 QUESTION13 -1 1.198e+02 4.400e+01)
s>                                ( - -4.273e+03 7 0 QUESTION0_1_R 1 1.508e+02 5.175e+01))))
s>                    ( - -4.571e+02 3 0 QUESTION0_1_R 1 1.591e+02 8.000e+00)))))INFO: dtree.c(1478): Final simple tree
|( QUESTION16 -1 -7.611e+03 3.109e+02 9.253e+01
|    ( - 2.440e+02 1 0)
|    ( QUESTION0 1 -7.544e+03 3.123e+02 9.153e+01
|        ( QUESTION2_0_L -1 -7.455e+03 3.092e+02 9.053e+01
|            ( QUESTION0_0_R 1 -7.380e+03 1.936e+02 8.953e+01
|                ( QUESTION0_1_R 1 -4.161e+03 1.800e+02 4.973e+01
|                    ( QUESTION13 -1 -2.313e+03 1.377e+02 2.751e+01
|                        ( - -1.048e+02 2 0 QUESTION0_5_R 1 3.018e+02 2.837e+00)
|                        ( - -2.070e+03 10 0 QUESTION10 -1 1.161e+02 2.467e+01))
|                    ( QUESTION10 -1 -1.668e+03 1.963e+02 2.222e+01
|                        ( - -1.817e+02 1 0)
|                        ( - -1.290e+03 2 0)))
|                ( - -3.025e+03 4 0 QUESTION10 -1 1.104e+02 3.980e+01))
|            ( - 2.338e+02 1 0))
|        ( - 2.234e+02 1 0)))
s>    ( QUESTION16 -1 -7.611e+03 3.109e+02 9.253e+01
s>        ( - 2.440e+02 1 0)
s>        ( QUESTION0 1 -7.544e+03 3.123e+02 9.153e+01
s>            ( QUESTION2_0_L -1 -7.455e+03 3.092e+02 9.053e+01
s>                ( QUESTION0_0_R 1 -7.380e+03 1.936e+02 8.953e+01
s>                    ( QUESTION0_1_R 1 -4.161e+03 1.800e+02 4.973e+01
s>                        ( QUESTION13 -1 -2.313e+03 1.377e+02 2.751e+01
s>                            ( - -1.048e+02 2 0 QUESTION0_5_R 1 3.018e+02 2.837e+00)
s>                            ( - -2.070e+03 10 0 QUESTION10 -1 1.161e+02 2.467e+01))
s>                        ( QUESTION10 -1 -1.668e+03 1.963e+02 2.222e+01
s>                            ( - -1.817e+02 1 0)
s>                            ( - -1.290e+03 2 0)))
s>                    ( - -3.025e+03 4 0 QUESTION10 -1 1.104e+02 3.980e+01))
s>                ( - 2.338e+02 1 0))
s>            ( - 2.234e+02 1 0)))INFO: dtree.c(1315): Comp split 5
INFO: dtree.c(1439): stop. leaf nodes are specific
INFO: dtree.c(1478): Final simple tree
|( QUESTION2_4_L -1 -1.461e+04 1.345e+02 1.949e+02
|    ( - -1.242e+03 1 0)
|    ( WDBNDRY_B 0 -1.323e+04 1.290e+02 1.764e+02
|        ( QUESTION0 -1 -5.284e+01 4.628e+02 2.000e+00
|            ( - 1.841e+02 1 0)
|            ( - 2.259e+02 1 0))
|        ( QUESTION0 -1 -1.305e+04 3.048e+02 1.744e+02
|            ( - 2.135e+02 1 0)
|            ( QUESTION10 -1 -1.296e+04 9.302e+01 1.734e+02
|                ( - -1.888e+02 1 0)
|                ( - -1.268e+04 4 0)))))
s>    ( QUESTION2_4_L -1 -1.461e+04 1.345e+02 1.949e+02
s>        ( - -1.242e+03 1 0)
s>        ( WDBNDRY_B 0 -1.323e+04 1.290e+02 1.764e+02
s>            ( QUESTION0 -1 -5.284e+01 4.628e+02 2.000e+00
s>                ( - 1.841e+02 1 0)
s>                ( - 2.259e+02 1 0))
s>            ( QUESTION0 -1 -1.305e+04 3.048e+02 1.744e+02
s>                ( - 2.135e+02 1 0)
s>                ( QUESTION10 -1 -1.296e+04 9.302e+01 1.734e+02
s>                    ( - -1.888e+02 1 0)
s>                    ( - -1.268e+04 4 0)))))INFO: dtree.c(1478): Final simple tree
|( QUESTION19 -1 -7.255e+03 2.114e+02 8.253e+01
|    ( QUESTION17 1 -4.167e+03 1.459e+02 4.374e+01
|        ( - -2.068e+03 1 0)
|        ( QUESTION0_9_R 1 -1.953e+03 9.355e+01 2.076e+01
|            ( - -1.236e+03 2 0)
|            ( - -6.232e+02 2 0)))
|    ( QUESTION0_9_R 1 -2.877e+03 2.976e+02 3.879e+01
|        ( - 2.250e+02 1 0)
|        ( WDBNDRY_B 0 -2.804e+03 1.323e+02 3.779e+01
|            ( - -1.691e+02 1 0)
|            ( QUESTION13 1 -2.503e+03 1.033e+02 3.379e+01
|                ( - -1.452e+03 1 0)
|                ( WDBNDRY_E 0 -9.475e+02 1.136e+02 1.314e+01
|                    ( - -7.208e+01 2 0)
|                    ( - -7.619e+02 1 0))))))
s>    ( QUESTION19 -1 -7.255e+03 2.114e+02 8.253e+01
s>        ( QUESTION17 1 -4.167e+03 1.459e+02 4.374e+01
s>            ( - -2.068e+03 1 0)
s>            ( QUESTION0_9_R 1 -1.953e+03 9.355e+01 2.076e+01
s>                ( - -1.236e+03 2 0)
s>                ( - -6.232e+02 2 0)))
s>        ( QUESTION0_9_R 1 -2.877e+03 2.976e+02 3.879e+01
s>            ( - 2.250e+02 1 0)
s>            ( WDBNDRY_B 0 -2.804e+03 1.323e+02 3.779e+01
s>                ( - -1.691e+02 1 0)
s>                ( QUESTION13 1 -2.503e+03 1.033e+02 3.379e+01
s>                    ( - -1.452e+03 1 0)
s>                    ( WDBNDRY_E 0 -9.475e+02 1.136e+02 1.314e+01
s>                        ( - -7.208e+01 2 0)
s>                        ( - -7.619e+02 1 0))))))INFO: dtree.c(1315): Comp split 6
INFO: dtree.c(1478): Final simple tree
|( QUESTION5 1 -1.635e+04 2.983e+02 1.966e+02
|    ( - 2.243e+02 1 0)
|    ( QUESTION19 1 -1.628e+04 2.679e+02 1.956e+02
|        ( - -6.544e+03 13 0 QUESTION10 -1 1.115e+02 7.906e+01)
|        ( SILENCE 1 -9.466e+03 2.129e+02 1.166e+02
|            ( - -9.556e+02 3 0 QUESTION10 -1 1.286e+02 1.184e+01)
|            ( QUESTION19 -1 -8.298e+03 1.692e+02 1.047e+02
|                ( WDBNDRY_E 0 -4.846e+03 1.678e+02 5.875e+01
|                    ( QUESTION0_16_R 1 -4.354e+03 2.983e+02 5.275e+01
|                        ( - 2.171e+02 1 0)
|                        ( - -4.273e+03 7 0 QUESTION0_1_R 1 1.508e+02 5.175e+01))
|                    ( QUESTION0_1_R 1 -3.240e+02 1.639e+02 6.000e+00
|                        ( - -1.047e+02 1 0)
|                        ( - -5.536e+01 1 0)))
|                ( - -3.283e+03 10 0 WDBNDRY_E 0 1.450e+02 4.600e+01)))))
s>    ( QUESTION5 1 -1.635e+04 2.983e+02 1.966e+02
s>        ( - 2.243e+02 1 0)
s>        ( QUESTION19 1 -1.628e+04 2.679e+02 1.956e+02
s>            ( - -6.544e+03 13 0 QUESTION10 -1 1.115e+02 7.906e+01)
s>            ( SILENCE 1 -9.466e+03 2.129e+02 1.166e+02
s>                ( - -9.556e+02 3 0 QUESTION10 -1 1.286e+02 1.184e+01)
s>                ( QUESTION19 -1 -8.298e+03 1.692e+02 1.047e+02
s>                    ( WDBNDRY_E 0 -4.846e+03 1.678e+02 5.875e+01
s>                        ( QUESTION0_16_R 1 -4.354e+03 2.983e+02 5.275e+01
s>                            ( - 2.171e+02 1 0)
s>                            ( - -4.273e+03 7 0 QUESTION0_1_R 1 1.508e+02 5.175e+01))
s>                        ( QUESTION0_1_R 1 -3.240e+02 1.639e+02 6.000e+00
s>                            ( - -1.047e+02 1 0)
s>                            ( - -5.536e+01 1 0)))
s>                    ( - -3.283e+03 10 0 WDBNDRY_E 0 1.450e+02 4.600e+01)))))INFO: dtree.c(1315): Comp split 7
INFO: dtree.c(1439): stop. leaf nodes are specific
INFO: dtree.c(1478): Final simple tree
|( QUESTION19 -1 -1.042e+04 1.957e+02 1.209e+02
|    ( WDBNDRY_E 0 -4.556e+03 1.172e+02 5.088e+01
|        ( - -5.523e+02 2 0)
|        ( - -3.887e+03 3 0))
|    ( QUESTION2_0_L -1 -5.671e+03 1.594e+02 6.998e+01
|        ( WDBNDRY_E 0 -7.092e+02 1.232e+02 1.100e+01
|            ( - -3.467e+02 2 0)
|            ( - -2.392e+02 1 0))
|        ( QUESTION0 -1 -4.803e+03 1.088e+02 5.898e+01
|            ( - -3.581e+02 1 0)
|            ( - -4.336e+03 1 0))))
s>    ( QUESTION19 -1 -1.042e+04 1.957e+02 1.209e+02
s>        ( WDBNDRY_E 0 -4.556e+03 1.172e+02 5.088e+01
s>            ( - -5.523e+02 2 0)
s>            ( - -3.887e+03 3 0))
s>        ( QUESTION2_0_L -1 -5.671e+03 1.594e+02 6.998e+01
s>            ( WDBNDRY_E 0 -7.092e+02 1.232e+02 1.100e+01
s>                ( - -3.467e+02 2 0)
s>                ( - -2.392e+02 1 0))
s>            ( QUESTION0 -1 -4.803e+03 1.088e+02 5.898e+01
s>                ( - -3.581e+02 1 0)
s>                ( - -4.336e+03 1 0))))INFO: dtree.c(1315): Comp split 8
INFO: dtree.c(1478): Final simple tree
|( QUESTION0 1 -7.522e+03 3.110e+02 9.153e+01
|    ( QUESTION2_0_L -1 -7.455e+03 3.092e+02 9.053e+01
|        ( QUESTION0_0_R 1 -7.380e+03 1.936e+02 8.953e+01
|            ( QUESTION0_1_R 1 -4.161e+03 1.800e+02 4.973e+01
|                ( QUESTION13 -1 -2.313e+03 1.377e+02 2.751e+01
|                    ( QUESTION0_5_R 1 -1.048e+02 3.018e+02 2.837e+00
|                        ( - 1.987e+02 1 0)
|                        ( - -1.659e+00 1 0))
|                    ( - -2.070e+03 10 0 QUESTION10 -1 1.161e+02 2.467e+01))
|                ( QUESTION10 -1 -1.668e+03 1.963e+02 2.222e+01
|                    ( - -1.817e+02 1 0)
|                    ( - -1.290e+03 2 0)))
|            ( - -3.025e+03 4 0 QUESTION10 -1 1.104e+02 3.980e+01))
|        ( - 2.338e+02 1 0))
|    ( - 2.440e+02 1 0))
s>    ( QUESTION0 1 -7.522e+03 3.110e+02 9.153e+01
s>        ( QUESTION2_0_L -1 -7.455e+03 3.092e+02 9.053e+01
s>            ( QUESTION0_0_R 1 -7.380e+03 1.936e+02 8.953e+01
s>                ( QUESTION0_1_R 1 -4.161e+03 1.800e+02 4.973e+01
s>                    ( QUESTION13 -1 -2.313e+03 1.377e+02 2.751e+01
s>                        ( QUESTION0_5_R 1 -1.048e+02 3.018e+02 2.837e+00
s>                            ( - 1.987e+02 1 0)
s>                            ( - -1.659e+00 1 0))
s>                        ( - -2.070e+03 10 0 QUESTION10 -1 1.161e+02 2.467e+01))
s>                    ( QUESTION10 -1 -1.668e+03 1.963e+02 2.222e+01
s>                        ( - -1.817e+02 1 0)
s>                        ( - -1.290e+03 2 0)))
s>                ( - -3.025e+03 4 0 QUESTION10 -1 1.104e+02 3.980e+01))
s>            ( - 2.338e+02 1 0))
s>        ( - 2.440e+02 1 0))INFO: dtree.c(1315): Comp split 9
INFO: dtree.c(1478): Final simple tree
|( QUESTION2_0_L -1 -7.455e+03 3.092e+02 9.053e+01
|    ( QUESTION0_0_R 1 -7.380e+03 1.936e+02 8.953e+01
|        ( QUESTION0_1_R 1 -4.161e+03 1.800e+02 4.973e+01
|            ( QUESTION13 -1 -2.313e+03 1.377e+02 2.751e+01
|                ( QUESTION0_5_R 1 -1.048e+02 3.018e+02 2.837e+00
|                    ( - 1.987e+02 1 0)
|                    ( - -1.659e+00 1 0))
|                ( QUESTION10 -1 -2.070e+03 1.161e+02 2.467e+01
|                    ( - -1.074e+03 4 0 QUESTION0_3_R 1 1.514e+02 1.300e+01)
|                    ( - -8.800e+02 6 0 QUESTION0_5_R 1 2.618e+02 1.167e+01)))
|            ( QUESTION10 -1 -1.668e+03 1.963e+02 2.222e+01
|                ( - -1.817e+02 1 0)
|                ( - -1.290e+03 2 0)))
|        ( - -3.025e+03 4 0 QUESTION10 -1 1.104e+02 3.980e+01))
|    ( - 2.338e+02 1 0))
s>    ( QUESTION2_0_L -1 -7.455e+03 3.092e+02 9.053e+01
s>        ( QUESTION0_0_R 1 -7.380e+03 1.936e+02 8.953e+01
s>            ( QUESTION0_1_R 1 -4.161e+03 1.800e+02 4.973e+01
s>                ( QUESTION13 -1 -2.313e+03 1.377e+02 2.751e+01
s>                    ( QUESTION0_5_R 1 -1.048e+02 3.018e+02 2.837e+00
s>                        ( - 1.987e+02 1 0)
s>                        ( - -1.659e+00 1 0))
s>                    ( QUESTION10 -1 -2.070e+03 1.161e+02 2.467e+01
s>                        ( - -1.074e+03 4 0 QUESTION0_3_R 1 1.514e+02 1.300e+01)
s>                        ( - -8.800e+02 6 0 QUESTION0_5_R 1 2.618e+02 1.167e+01)))
s>                ( QUESTION10 -1 -1.668e+03 1.963e+02 2.222e+01
s>                    ( - -1.817e+02 1 0)
s>                    ( - -1.290e+03 2 0)))
s>            ( - -3.025e+03 4 0 QUESTION10 -1 1.104e+02 3.980e+01))
s>        ( - 2.338e+02 1 0))INFO: dtree.c(1315): Comp split 10
INFO: dtree.c(1478): Final simple tree
|( QUESTION0_0_R 1 -7.380e+03 1.936e+02 8.953e+01
|    ( QUESTION0_1_R 1 -4.161e+03 1.800e+02 4.973e+01
|        ( QUESTION13 -1 -2.313e+03 1.377e+02 2.751e+01
|            ( QUESTION0_5_R 1 -1.048e+02 3.018e+02 2.837e+00
|                ( - 1.987e+02 1 0)
|                ( - -1.659e+00 1 0))
|            ( QUESTION10 -1 -2.070e+03 1.161e+02 2.467e+01
|                ( - -1.074e+03 4 0 QUESTION0_3_R 1 1.514e+02 1.300e+01)
|                ( QUESTION0_5_R 1 -8.800e+02 2.618e+02 1.167e+01
|                    ( - 1.987e+02 1 0)
|                    ( - -8.169e+02 5 0 QUESTION0_4_R 1 1.058e+02 1.084e+01))))
|        ( QUESTION10 -1 -1.668e+03 1.963e+02 2.222e+01
|            ( - -1.817e+02 1 0)
|            ( - -1.290e+03 2 0)))
|    ( - -3.025e+03 4 0 QUESTION10 -1 1.104e+02 3.980e+01))
s>    ( QUESTION0_0_R 1 -7.380e+03 1.936e+02 8.953e+01
s>        ( QUESTION0_1_R 1 -4.161e+03 1.800e+02 4.973e+01
s>            ( QUESTION13 -1 -2.313e+03 1.377e+02 2.751e+01
s>                ( QUESTION0_5_R 1 -1.048e+02 3.018e+02 2.837e+00
s>                    ( - 1.987e+02 1 0)
s>                    ( - -1.659e+00 1 0))
s>                ( QUESTION10 -1 -2.070e+03 1.161e+02 2.467e+01
s>                    ( - -1.074e+03 4 0 QUESTION0_3_R 1 1.514e+02 1.300e+01)
s>                    ( QUESTION0_5_R 1 -8.800e+02 2.618e+02 1.167e+01
s>                        ( - 1.987e+02 1 0)
s>                        ( - -8.169e+02 5 0 QUESTION0_4_R 1 1.058e+02 1.084e+01))))
s>            ( QUESTION10 -1 -1.668e+03 1.963e+02 2.222e+01
s>                ( - -1.817e+02 1 0)
s>                ( - -1.290e+03 2 0)))
s>        ( - -3.025e+03 4 0 QUESTION10 -1 1.104e+02 3.980e+01))INFO: dtree.c(1315): Comp split 11
INFO: dtree.c(1439): stop. leaf nodes are specific
INFO: dtree.c(1478): Final simple tree
|( QUESTION0 -1 -1.452e+04 2.928e+02 1.939e+02
|    ( - 1.841e+02 1 0)
|    ( WDBNDRY_B 0 -1.441e+04 2.994e+02 1.929e+02
|        ( - 2.259e+02 1 0)
|        ( QUESTION2_0_L -1 -1.433e+04 1.346e+02 1.919e+02
|            ( QUESTION10 -1 -1.296e+04 9.302e+01 1.734e+02
|                ( - -1.888e+02 1 0)
|                ( - -1.268e+04 4 0))
|            ( - -1.242e+03 1 0))))
s>    ( QUESTION0 -1 -1.452e+04 2.928e+02 1.939e+02
s>        ( - 1.841e+02 1 0)
s>        ( WDBNDRY_B 0 -1.441e+04 2.994e+02 1.929e+02
s>            ( - 2.259e+02 1 0)
s>            ( QUESTION2_0_L -1 -1.433e+04 1.346e+02 1.919e+02
s>                ( QUESTION10 -1 -1.296e+04 9.302e+01 1.734e+02
s>                    ( - -1.888e+02 1 0)
s>                    ( - -1.268e+04 4 0))
s>                ( - -1.242e+03 1 0))))INFO: dtree.c(1315): Comp split 12
INFO: dtree.c(1439): stop. leaf nodes are specific
INFO: dtree.c(1478): Final simple tree
|( QUESTION19 -1 -7.178e+03 2.062e+02 8.153e+01
|    ( QUESTION17 1 -4.167e+03 1.459e+02 4.374e+01
|        ( - -2.068e+03 1 0)
|        ( QUESTION0_9_R 1 -1.953e+03 9.355e+01 2.076e+01
|            ( - -1.236e+03 2 0)
|            ( - -6.232e+02 2 0)))
|    ( WDBNDRY_B 0 -2.804e+03 1.323e+02 3.779e+01
|        ( - -1.691e+02 1 0)
|        ( QUESTION13 1 -2.503e+03 1.033e+02 3.379e+01
|            ( - -1.452e+03 1 0)
|            ( WDBNDRY_E 0 -9.475e+02 1.136e+02 1.314e+01
|                ( - -7.208e+01 2 0)
|                ( - -7.619e+02 1 0)))))
s>    ( QUESTION19 -1 -7.178e+03 2.062e+02 8.153e+01
s>        ( QUESTION17 1 -4.167e+03 1.459e+02 4.374e+01
s>            ( - -2.068e+03 1 0)
s>            ( QUESTION0_9_R 1 -1.953e+03 9.355e+01 2.076e+01
s>                ( - -1.236e+03 2 0)
s>                ( - -6.232e+02 2 0)))
s>        ( WDBNDRY_B 0 -2.804e+03 1.323e+02 3.779e+01
s>            ( - -1.691e+02 1 0)
s>            ( QUESTION13 1 -2.503e+03 1.033e+02 3.379e+01
s>                ( - -1.452e+03 1 0)
s>                ( WDBNDRY_E 0 -9.475e+02 1.136e+02 1.314e+01
s>                    ( - -7.208e+01 2 0)
s>                    ( - -7.619e+02 1 0)))))INFO: dtree.c(1315): Comp split 13
INFO: dtree.c(1478): Final simple tree
|( QUESTION5 1 -1.627e+04 2.983e+02 1.956e+02
|    ( - 2.243e+02 1 0)
|    ( QUESTION19 1 -1.619e+04 2.658e+02 1.946e+02
|        ( - -6.544e+03 13 0 QUESTION10 -1 1.115e+02 7.906e+01)
|        ( SILENCE 1 -9.384e+03 2.118e+02 1.156e+02
|            ( - -9.556e+02 3 0 QUESTION10 -1 1.286e+02 1.184e+01)
|            ( QUESTION19 -1 -8.217e+03 1.685e+02 1.037e+02
|                ( WDBNDRY_E 0 -4.766e+03 1.690e+02 5.775e+01
|                    ( QUESTION0_1_R 1 -4.273e+03 1.508e+02 5.175e+01
|                        ( - -2.301e+03 3 0)
|                        ( - -1.821e+03 4 0))
|                    ( QUESTION0_1_R 1 -3.240e+02 1.639e+02 6.000e+00
|                        ( - -1.047e+02 1 0)
|                        ( - -5.536e+01 1 0)))
|                ( - -3.283e+03 10 0 WDBNDRY_E 0 1.450e+02 4.600e+01)))))
s>    ( QUESTION5 1 -1.627e+04 2.983e+02 1.956e+02
s>        ( - 2.243e+02 1 0)
s>        ( QUESTION19 1 -1.619e+04 2.658e+02 1.946e+02
s>            ( - -6.544e+03 13 0 QUESTION10 -1 1.115e+02 7.906e+01)
s>            ( SILENCE 1 -9.384e+03 2.118e+02 1.156e+02
s>                ( - -9.556e+02 3 0 QUESTION10 -1 1.286e+02 1.184e+01)
s>                ( QUESTION19 -1 -8.217e+03 1.685e+02 1.037e+02
s>                    ( WDBNDRY_E 0 -4.766e+03 1.690e+02 5.775e+01
s>                        ( QUESTION0_1_R 1 -4.273e+03 1.508e+02 5.175e+01
s>                            ( - -2.301e+03 3 0)
s>                            ( - -1.821e+03 4 0))
s>                        ( QUESTION0_1_R 1 -3.240e+02 1.639e+02 6.000e+00
s>                            ( - -1.047e+02 1 0)
s>                            ( - -5.536e+01 1 0)))
s>                    ( - -3.283e+03 10 0 WDBNDRY_E 0 1.450e+02 4.600e+01)))))INFO: dtree.c(1315): Comp split 14
INFO: dtree.c(1439): stop. leaf nodes are specific
INFO: dtree.c(1478): Final simple tree
|( WDBNDRY_B 0 -1.444e+04 2.928e+02 1.929e+02
|    ( - 1.841e+02 1 0)
|    ( QUESTION2_0_L -1 -1.433e+04 1.346e+02 1.919e+02
|        ( QUESTION10 -1 -1.296e+04 9.302e+01 1.734e+02
|            ( - -1.888e+02 1 0)
|            ( - -1.268e+04 4 0))
|        ( - -1.242e+03 1 0)))
s>    ( WDBNDRY_B 0 -1.444e+04 2.928e+02 1.929e+02
s>        ( - 1.841e+02 1 0)
s>        ( QUESTION2_0_L -1 -1.433e+04 1.346e+02 1.919e+02
s>            ( QUESTION10 -1 -1.296e+04 9.302e+01 1.734e+02
s>                ( - -1.888e+02 1 0)
s>                ( - -1.268e+04 4 0))
s>            ( - -1.242e+03 1 0)))INFO: dtree.c(1315): Comp split 15
INFO: dtree.c(1478): Final simple tree
|( QUESTION19 1 -1.619e+04 2.658e+02 1.946e+02
|    ( - -6.544e+03 13 0 QUESTION10 -1 1.115e+02 7.906e+01)
|    ( SILENCE 1 -9.384e+03 2.118e+02 1.156e+02
|        ( - -9.556e+02 3 0 QUESTION10 -1 1.286e+02 1.184e+01)
|        ( QUESTION19 -1 -8.217e+03 1.685e+02 1.037e+02
|            ( WDBNDRY_E 0 -4.766e+03 1.690e+02 5.775e+01
|                ( QUESTION0_1_R 1 -4.273e+03 1.508e+02 5.175e+01
|                    ( - -2.301e+03 3 0)
|                    ( - -1.821e+03 4 0))
|                ( QUESTION0_1_R 1 -3.240e+02 1.639e+02 6.000e+00
|                    ( - -1.047e+02 1 0)
|                    ( - -5.536e+01 1 0)))
|            ( WDBNDRY_E 0 -3.283e+03 1.450e+02 4.600e+01
|                ( - -3.140e+03 9 0 QUESTION13 -1 1.198e+02 4.400e+01)
|                ( - 2.383e+00 1 0)))))
s>    ( QUESTION19 1 -1.619e+04 2.658e+02 1.946e+02
s>        ( - -6.544e+03 13 0 QUESTION10 -1 1.115e+02 7.906e+01)
s>        ( SILENCE 1 -9.384e+03 2.118e+02 1.156e+02
s>            ( - -9.556e+02 3 0 QUESTION10 -1 1.286e+02 1.184e+01)
s>            ( QUESTION19 -1 -8.217e+03 1.685e+02 1.037e+02
s>                ( WDBNDRY_E 0 -4.766e+03 1.690e+02 5.775e+01
s>                    ( QUESTION0_1_R 1 -4.273e+03 1.508e+02 5.175e+01
s>                        ( - -2.301e+03 3 0)
s>                        ( - -1.821e+03 4 0))
s>                    ( QUESTION0_1_R 1 -3.240e+02 1.639e+02 6.000e+00
s>                        ( - -1.047e+02 1 0)
s>                        ( - -5.536e+01 1 0)))
s>                ( WDBNDRY_E 0 -3.283e+03 1.450e+02 4.600e+01
s>                    ( - -3.140e+03 9 0 QUESTION13 -1 1.198e+02 4.400e+01)
s>                    ( - 2.383e+00 1 0)))))INFO: dtree.c(1315): Comp split 16
INFO: dtree.c(1439): stop. leaf nodes are specific
INFO: dtree.c(1478): Final simple tree
|( SILENCE 1 -8.764e+03 2.134e+02 1.076e+02
|    ( QUESTION10 -1 -9.556e+02 1.286e+02 1.184e+01
|        ( - -7.813e+02 1 0)
|        ( - -4.559e+01 2 0))
|    ( QUESTION10 -1 -7.595e+03 1.825e+02 9.575e+01
|        ( QUESTION13 -1 -3.140e+03 1.198e+02 4.400e+01
|            ( - -1.782e+02 1 0)
|            ( QUESTION0_1_R 1 -2.842e+03 1.099e+02 4.000e+01
|                ( - -2.185e+03 4 0)
|                ( - -5.466e+02 4 0)))
|        ( QUESTION0_1_R 1 -4.273e+03 1.508e+02 5.175e+01
|            ( - -2.301e+03 3 0)
|            ( - -1.821e+03 4 0))))
s>    ( SILENCE 1 -8.764e+03 2.134e+02 1.076e+02
s>        ( QUESTION10 -1 -9.556e+02 1.286e+02 1.184e+01
s>            ( - -7.813e+02 1 0)
s>            ( - -4.559e+01 2 0))
s>        ( QUESTION10 -1 -7.595e+03 1.825e+02 9.575e+01
s>            ( QUESTION13 -1 -3.140e+03 1.198e+02 4.400e+01
s>                ( - -1.782e+02 1 0)
s>                ( QUESTION0_1_R 1 -2.842e+03 1.099e+02 4.000e+01
s>                    ( - -2.185e+03 4 0)
s>                    ( - -5.466e+02 4 0)))
s>            ( QUESTION0_1_R 1 -4.273e+03 1.508e+02 5.175e+01
s>                ( - -2.301e+03 3 0)
s>                ( - -1.821e+03 4 0))))INFO: dtree.c(1439): stop. leaf nodes are specific
INFO: dtree.c(1478): Final simple tree
|( QUESTION0_12_R 1 -7.130e+03 1.548e+02 8.706e+01
|    ( QUESTION0 -1 -1.933e+02 1.403e+02 5.000e+00
|        ( - 2.383e+00 1 0)
|        ( - -5.536e+01 1 0))
|    ( WDBNDRY_E 0 -6.782e+03 1.336e+02 8.206e+01
|        ( QUESTION10 -1 -6.544e+03 1.115e+02 7.906e+01
|            ( QUESTION0_0_R 1 -4.410e+03 1.386e+02 5.806e+01
|                ( - -1.425e+02 1 0)
|                ( - -4.129e+03 6 0))
|            ( QUESTION0_0_R 1 -2.022e+03 3.209e+02 2.100e+01
|                ( - 1.107e+02 1 0)
|                ( - -1.812e+03 5 0)))
|        ( - -1.047e+02 1 0)))
s>    ( QUESTION0_12_R 1 -7.130e+03 1.548e+02 8.706e+01
s>        ( QUESTION0 -1 -1.933e+02 1.403e+02 5.000e+00
s>            ( - 2.383e+00 1 0)
s>            ( - -5.536e+01 1 0))
s>        ( WDBNDRY_E 0 -6.782e+03 1.336e+02 8.206e+01
s>            ( QUESTION10 -1 -6.544e+03 1.115e+02 7.906e+01
s>                ( QUESTION0_0_R 1 -4.410e+03 1.386e+02 5.806e+01
s>                    ( - -1.425e+02 1 0)
s>                    ( - -4.129e+03 6 0))
s>                ( QUESTION0_0_R 1 -2.022e+03 3.209e+02 2.100e+01
s>                    ( - 1.107e+02 1 0)
s>                    ( - -1.812e+03 5 0)))
s>            ( - -1.047e+02 1 0)))INFO: dtree.c(1315): Comp split 17
INFO: dtree.c(1439): stop. leaf nodes are specific
INFO: dtree.c(1478): Final simple tree
|( QUESTION0_12_R 1 -6.923e+03 1.545e+02 8.606e+01
|    ( QUESTION0 -1 -1.933e+02 1.403e+02 5.000e+00
|        ( - 2.383e+00 1 0)
|        ( - -5.536e+01 1 0))
|    ( QUESTION0_2_R 1 -6.575e+03 1.415e+02 8.106e+01
|        ( - -1.425e+02 1 0)
|        ( WDBNDRY_E 0 -6.291e+03 1.334e+02 7.706e+01
|            ( QUESTION10 -1 -6.053e+03 1.119e+02 7.406e+01
|                ( - -4.129e+03 6 0)
|                ( - -1.812e+03 5 0))
|            ( - -1.047e+02 1 0))))
s>    ( QUESTION0_12_R 1 -6.923e+03 1.545e+02 8.606e+01
s>        ( QUESTION0 -1 -1.933e+02 1.403e+02 5.000e+00
s>            ( - 2.383e+00 1 0)
s>            ( - -5.536e+01 1 0))
s>        ( QUESTION0_2_R 1 -6.575e+03 1.415e+02 8.106e+01
s>            ( - -1.425e+02 1 0)
s>            ( WDBNDRY_E 0 -6.291e+03 1.334e+02 7.706e+01
s>                ( QUESTION10 -1 -6.053e+03 1.119e+02 7.406e+01
s>                    ( - -4.129e+03 6 0)
s>                    ( - -1.812e+03 5 0))
s>                ( - -1.047e+02 1 0))))INFO: dtree.c(1315): Comp split 18
INFO: dtree.c(1439): stop. leaf nodes are specific
INFO: dtree.c(1478): Final simple tree
|( QUESTION2_0_L -1 -1.433e+04 1.346e+02 1.919e+02
|    ( QUESTION10 -1 -1.296e+04 9.302e+01 1.734e+02
|        ( - -1.888e+02 1 0)
|        ( - -1.268e+04 4 0))
|    ( - -1.242e+03 1 0))
s>    ( QUESTION2_0_L -1 -1.433e+04 1.346e+02 1.919e+02
s>        ( QUESTION10 -1 -1.296e+04 9.302e+01 1.734e+02
s>            ( - -1.888e+02 1 0)
s>            ( - -1.268e+04 4 0))
s>        ( - -1.242e+03 1 0))INFO: dtree.c(1315): Comp split 19
INFO: dtree.c(1439): stop. leaf nodes are specific
INFO: dtree.c(1478): Final simple tree
|( QUESTION10 -1 -2.698e+04 1.919e+02 3.077e+02
|    ( - 3.689e+01 1 0)
|    ( WDBNDRY_E 0 -2.683e+04 1.733e+02 3.057e+02
|        ( - -1.448e+02 1 0)
|        ( QUESTION0 -1 -2.651e+04 1.525e+02 3.027e+02
|            ( - -1.361e+02 1 0)
|            ( WDBNDRY_B 0 -2.622e+04 1.337e+02 2.997e+02
|                ( - -7.325e+02 1 0)
|                ( - -2.535e+04 8 0)))))
s>    ( QUESTION10 -1 -2.698e+04 1.919e+02 3.077e+02
s>        ( - 3.689e+01 1 0)
s>        ( WDBNDRY_E 0 -2.683e+04 1.733e+02 3.057e+02
s>            ( - -1.448e+02 1 0)
s>            ( QUESTION0 -1 -2.651e+04 1.525e+02 3.027e+02
s>                ( - -1.361e+02 1 0)
s>                ( WDBNDRY_B 0 -2.622e+04 1.337e+02 2.997e+02
s>                    ( - -7.325e+02 1 0)
s>                    ( - -2.535e+04 8 0)))))INFO: dtree.c(1439): stop. leaf nodes are specific
INFO: dtree.c(1478): Final simple tree
|( QUESTION0 -1 -1.378e+04 1.854e+02 1.702e+02
|    ( - -1.966e+01 1 0)
|    ( QUESTION13 -1 -1.358e+04 1.346e+02 1.672e+02
|        ( - -3.243e+02 1 0)
|        ( WDBNDRY_B 0 -1.312e+04 1.085e+02 1.622e+02
|            ( - -6.692e+02 3 0)
|            ( - -1.234e+04 3 0))))
s>    ( QUESTION0 -1 -1.378e+04 1.854e+02 1.702e+02
s>        ( - -1.966e+01 1 0)
s>        ( QUESTION13 -1 -1.358e+04 1.346e+02 1.672e+02
s>            ( - -3.243e+02 1 0)
s>            ( WDBNDRY_B 0 -1.312e+04 1.085e+02 1.622e+02
s>                ( - -6.692e+02 3 0)
s>                ( - -1.234e+04 3 0))))INFO: dtree.c(1315): Comp split 20
INFO: dtree.c(1478): Final simple tree
|( QUESTION0_0_R 1 -7.306e+03 1.898e+02 8.870e+01
|    ( QUESTION13 -1 -4.092e+03 1.771e+02 4.889e+01
|        ( - -1.659e+00 1 0)
|        ( QUESTION0_1_R 1 -3.913e+03 1.744e+02 4.689e+01
|            ( QUESTION10 -1 -2.070e+03 1.161e+02 2.467e+01
|                ( QUESTION0_3_R 1 -1.074e+03 1.514e+02 1.300e+01
|                    ( - -7.635e+02 3 0 QUESTION0_5_R 1 1.305e+02 9.000e+00)
|                    ( - -1.594e+02 1 0))
|                ( QUESTION0_5_R 1 -8.800e+02 2.618e+02 1.167e+01
|                    ( - 1.987e+02 1 0)
|                    ( - -8.169e+02 5 0 QUESTION0_4_R 1 1.058e+02 1.084e+01)))
|            ( QUESTION10 -1 -1.668e+03 1.963e+02 2.222e+01
|                ( - -1.817e+02 1 0)
|                ( - -1.290e+03 2 0))))
|    ( - -3.025e+03 4 0 QUESTION10 -1 1.104e+02 3.980e+01))
s>    ( QUESTION0_0_R 1 -7.306e+03 1.898e+02 8.870e+01
s>        ( QUESTION13 -1 -4.092e+03 1.771e+02 4.889e+01
s>            ( - -1.659e+00 1 0)
s>            ( QUESTION0_1_R 1 -3.913e+03 1.744e+02 4.689e+01
s>                ( QUESTION10 -1 -2.070e+03 1.161e+02 2.467e+01
s>                    ( QUESTION0_3_R 1 -1.074e+03 1.514e+02 1.300e+01
s>                        ( - -7.635e+02 3 0 QUESTION0_5_R 1 1.305e+02 9.000e+00)
s>                        ( - -1.594e+02 1 0))
s>                    ( QUESTION0_5_R 1 -8.800e+02 2.618e+02 1.167e+01
s>                        ( - 1.987e+02 1 0)
s>                        ( - -8.169e+02 5 0 QUESTION0_4_R 1 1.058e+02 1.084e+01)))
s>                ( QUESTION10 -1 -1.668e+03 1.963e+02 2.222e+01
s>                    ( - -1.817e+02 1 0)
s>                    ( - -1.290e+03 2 0))))
s>        ( - -3.025e+03 4 0 QUESTION10 -1 1.104e+02 3.980e+01))INFO: dtree.c(1315): Comp split 21
INFO: dtree.c(1478): Final simple tree
|( QUESTION0_0_R 1 -7.236e+03 1.858e+02 8.786e+01
|    ( QUESTION13 -1 -4.026e+03 1.771e+02 4.805e+01
|        ( - -1.659e+00 1 0)
|        ( QUESTION0_1_R 1 -3.847e+03 1.704e+02 4.605e+01
|            ( QUESTION0_5_R 1 -2.008e+03 1.378e+02 2.384e+01
|                ( - -3.498e+02 1 0)
|                ( QUESTION10 -1 -1.521e+03 1.058e+02 1.884e+01
|                    ( - -5.981e+02 3 0 QUESTION0_3_R 1 1.554e+02 8.000e+00)
|                    ( - -8.169e+02 5 0 QUESTION0_4_R 1 1.058e+02 1.084e+01)))
|            ( QUESTION10 -1 -1.668e+03 1.963e+02 2.222e+01
|                ( - -1.817e+02 1 0)
|                ( - -1.290e+03 2 0))))
|    ( QUESTION10 -1 -3.025e+03 1.104e+02 3.980e+01
|        ( - -1.492e+03 3 0)
|        ( - -1.423e+03 1 0)))
s>    ( QUESTION0_0_R 1 -7.236e+03 1.858e+02 8.786e+01
s>        ( QUESTION13 -1 -4.026e+03 1.771e+02 4.805e+01
s>            ( - -1.659e+00 1 0)
s>            ( QUESTION0_1_R 1 -3.847e+03 1.704e+02 4.605e+01
s>                ( QUESTION0_5_R 1 -2.008e+03 1.378e+02 2.384e+01
s>                    ( - -3.498e+02 1 0)
s>                    ( QUESTION10 -1 -1.521e+03 1.058e+02 1.884e+01
s>                        ( - -5.981e+02 3 0 QUESTION0_3_R 1 1.554e+02 8.000e+00)
s>                        ( - -8.169e+02 5 0 QUESTION0_4_R 1 1.058e+02 1.084e+01)))
s>                ( QUESTION10 -1 -1.668e+03 1.963e+02 2.222e+01
s>                    ( - -1.817e+02 1 0)
s>                    ( - -1.290e+03 2 0))))
s>        ( QUESTION10 -1 -3.025e+03 1.104e+02 3.980e+01
s>            ( - -1.492e+03 3 0)
s>            ( - -1.423e+03 1 0)))INFO: dtree.c(1315): Comp split 22
INFO: dtree.c(1439): stop. leaf nodes are specific
INFO: dtree.c(1478): Final simple tree
|( QUESTION0_0_R 1 -3.375e+03 1.684e+02 4.480e+01
|    ( - -1.817e+02 1 0)
|    ( QUESTION10 -1 -3.025e+03 1.104e+02 3.980e+01
|        ( - -1.492e+03 3 0)
|        ( - -1.423e+03 1 0)))
s>    ( QUESTION0_0_R 1 -3.375e+03 1.684e+02 4.480e+01
s>        ( - -1.817e+02 1 0)
s>        ( QUESTION10 -1 -3.025e+03 1.104e+02 3.980e+01
s>            ( - -1.492e+03 3 0)
s>            ( - -1.423e+03 1 0)))INFO: dtree.c(1478): Final simple tree
|( QUESTION13 -1 -3.630e+03 1.752e+02 4.305e+01
|    ( - -1.659e+00 1 0)
|    ( QUESTION0_1_R 1 -3.453e+03 1.540e+02 4.105e+01
|        ( QUESTION0_5_R 1 -2.008e+03 1.378e+02 2.384e+01
|            ( - -3.498e+02 1 0)
|            ( QUESTION10 -1 -1.521e+03 1.058e+02 1.884e+01
|                ( QUESTION0_3_R 1 -5.981e+02 1.554e+02 8.000e+00
|                    ( - -2.832e+02 2 0)
|                    ( - -1.594e+02 1 0))
|                ( QUESTION0_4_R 1 -8.169e+02 1.058e+02 1.084e+01
|                    ( - -1.262e+02 2 0)
|                    ( QUESTION0_3_R 1 -5.849e+02 2.557e+02 7.837e+00
|                        ( - 1.906e+02 1 0)
|                        ( - -5.198e+02 2 0)))))
|        ( - -1.290e+03 2 0)))
s>    ( QUESTION13 -1 -3.630e+03 1.752e+02 4.305e+01
s>        ( - -1.659e+00 1 0)
s>        ( QUESTION0_1_R 1 -3.453e+03 1.540e+02 4.105e+01
s>            ( QUESTION0_5_R 1 -2.008e+03 1.378e+02 2.384e+01
s>                ( - -3.498e+02 1 0)
s>                ( QUESTION10 -1 -1.521e+03 1.058e+02 1.884e+01
s>                    ( QUESTION0_3_R 1 -5.981e+02 1.554e+02 8.000e+00
s>                        ( - -2.832e+02 2 0)
s>                        ( - -1.594e+02 1 0))
s>                    ( QUESTION0_4_R 1 -8.169e+02 1.058e+02 1.084e+01
s>                        ( - -1.262e+02 2 0)
s>                        ( QUESTION0_3_R 1 -5.849e+02 2.557e+02 7.837e+00
s>                            ( - 1.906e+02 1 0)
s>                            ( - -5.198e+02 2 0)))))
s>            ( - -1.290e+03 2 0)))INFO: dtree.c(1315): Comp split 23
INFO: dtree.c(1439): stop. leaf nodes are specific
INFO: dtree.c(1478): Final simple tree
|( QUESTION13 -1 -3.565e+03 1.755e+02 4.222e+01
|    ( - -1.659e+00 1 0)
|    ( QUESTION0_1_R 1 -3.388e+03 1.555e+02 4.022e+01
|        ( QUESTION0_5_R 1 -1.943e+03 1.354e+02 2.300e+01
|            ( - -3.498e+02 1 0)
|            ( QUESTION10 -1 -1.457e+03 1.055e+02 1.800e+01
|                ( QUESTION0_3_R 1 -5.981e+02 1.554e+02 8.000e+00
|                    ( - -2.832e+02 2 0)
|                    ( - -1.594e+02 1 0))
|                ( QUESTION0_3_R 1 -7.537e+02 1.077e+02 1.000e+01
|                    ( - -1.262e+02 2 0)
|                    ( - -5.198e+02 2 0))))
|        ( - -1.290e+03 2 0)))
s>    ( QUESTION13 -1 -3.565e+03 1.755e+02 4.222e+01
s>        ( - -1.659e+00 1 0)
s>        ( QUESTION0_1_R 1 -3.388e+03 1.555e+02 4.022e+01
s>            ( QUESTION0_5_R 1 -1.943e+03 1.354e+02 2.300e+01
s>                ( - -3.498e+02 1 0)
s>                ( QUESTION10 -1 -1.457e+03 1.055e+02 1.800e+01
s>                    ( QUESTION0_3_R 1 -5.981e+02 1.554e+02 8.000e+00
s>                        ( - -2.832e+02 2 0)
s>                        ( - -1.594e+02 1 0))
s>                    ( QUESTION0_3_R 1 -7.537e+02 1.077e+02 1.000e+01
s>                        ( - -1.262e+02 2 0)
s>                        ( - -5.198e+02 2 0))))
s>            ( - -1.290e+03 2 0)))INFO: dtree.c(1315): Comp split 24
INFO: dtree.c(1439): stop. leaf nodes are specific
INFO: dtree.c(1478): Final simple tree
|( QUESTION10 -1 -7.759e+03 1.824e+02 9.759e+01
|    ( QUESTION13 -1 -3.140e+03 1.198e+02 4.400e+01
|        ( - -1.782e+02 1 0)
|        ( QUESTION0_1_R 1 -2.842e+03 1.099e+02 4.000e+01
|            ( - -2.185e+03 4 0)
|            ( - -5.466e+02 4 0)))
|    ( QUESTION0_12_R 1 -4.437e+03 1.529e+02 5.359e+01
|        ( - -1.821e+03 4 0)
|        ( SILENCE 1 -2.463e+03 1.164e+02 2.780e+01
|            ( - -4.559e+01 2 0)
|            ( - -2.301e+03 3 0))))
s>    ( QUESTION10 -1 -7.759e+03 1.824e+02 9.759e+01
s>        ( QUESTION13 -1 -3.140e+03 1.198e+02 4.400e+01
s>            ( - -1.782e+02 1 0)
s>            ( QUESTION0_1_R 1 -2.842e+03 1.099e+02 4.000e+01
s>                ( - -2.185e+03 4 0)
s>                ( - -5.466e+02 4 0)))
s>        ( QUESTION0_12_R 1 -4.437e+03 1.529e+02 5.359e+01
s>            ( - -1.821e+03 4 0)
s>            ( SILENCE 1 -2.463e+03 1.164e+02 2.780e+01
s>                ( - -4.559e+01 2 0)
s>                ( - -2.301e+03 3 0))))INFO: dtree.c(1315): Comp split 25
INFO: dtree.c(1439): stop. leaf nodes are specific
INFO: dtree.c(1478): Final simple tree
|( WDBNDRY_B 0 -2.804e+03 1.323e+02 3.779e+01
|    ( - -1.691e+02 1 0)
|    ( QUESTION13 1 -2.503e+03 1.033e+02 3.379e+01
|        ( - -1.452e+03 1 0)
|        ( WDBNDRY_E 0 -9.475e+02 1.136e+02 1.314e+01
|            ( - -7.208e+01 2 0)
|            ( - -7.619e+02 1 0))))
s>    ( WDBNDRY_B 0 -2.804e+03 1.323e+02 3.779e+01
s>        ( - -1.691e+02 1 0)
s>        ( QUESTION13 1 -2.503e+03 1.033e+02 3.379e+01
s>            ( - -1.452e+03 1 0)
s>            ( WDBNDRY_E 0 -9.475e+02 1.136e+02 1.314e+01
s>                ( - -7.208e+01 2 0)
s>                ( - -7.619e+02 1 0))))INFO: dtree.c(1439): stop. leaf nodes are specific
INFO: dtree.c(1478): Final simple tree
|( QUESTION17 1 -4.167e+03 1.459e+02 4.374e+01
|    ( - -2.068e+03 1 0)
|    ( QUESTION0_9_R 1 -1.953e+03 9.355e+01 2.076e+01
|        ( - -1.236e+03 2 0)
|        ( - -6.232e+02 2 0)))
s>    ( QUESTION17 1 -4.167e+03 1.459e+02 4.374e+01
s>        ( - -2.068e+03 1 0)
s>        ( QUESTION0_9_R 1 -1.953e+03 9.355e+01 2.076e+01
s>            ( - -1.236e+03 2 0)
s>            ( - -6.232e+02 2 0)))INFO: dtree.c(1315): Comp split 26
INFO: dtree.c(1439): stop. leaf nodes are specific
INFO: dtree.c(1478): Final simple tree
|( QUESTION11 -1 -5.202e+03 1.566e+02 6.498e+01
|    ( - -4.336e+03 1 0)
|    ( WDBNDRY_E 0 -7.092e+02 1.232e+02 1.100e+01
|        ( - -3.467e+02 2 0)
|        ( - -2.392e+02 1 0)))
s>    ( QUESTION11 -1 -5.202e+03 1.566e+02 6.498e+01
s>        ( - -4.336e+03 1 0)
s>        ( WDBNDRY_E 0 -7.092e+02 1.232e+02 1.100e+01
s>            ( - -3.467e+02 2 0)
s>            ( - -2.392e+02 1 0)))INFO: dtree.c(1439): stop. leaf nodes are specific
INFO: dtree.c(1478): Final simple tree
|( WDBNDRY_E 0 -5.019e+03 1.138e+02 5.588e+01
|    ( - -5.523e+02 2 0)
|    ( QUESTION0 -1 -4.353e+03 1.087e+02 4.788e+01
|        ( - -3.581e+02 1 0)
|        ( - -3.887e+03 3 0)))
s>    ( WDBNDRY_E 0 -5.019e+03 1.138e+02 5.588e+01
s>        ( - -5.523e+02 2 0)
s>        ( QUESTION0 -1 -4.353e+03 1.087e+02 4.788e+01
s>            ( - -3.581e+02 1 0)
s>            ( - -3.887e+03 3 0)))INFO: dtree.c(1315): Comp split 27
INFO: dtree.c(1439): stop. leaf nodes are specific
INFO: dtree.c(1478): Final simple tree
|( WDBNDRY_E 0 -2.683e+04 1.733e+02 3.057e+02
|    ( - -1.448e+02 1 0)
|    ( QUESTION0 -1 -2.651e+04 1.525e+02 3.027e+02
|        ( - -1.361e+02 1 0)
|        ( WDBNDRY_B 0 -2.622e+04 1.337e+02 2.997e+02
|            ( - -7.325e+02 1 0)
|            ( - -2.535e+04 8 0))))
s>    ( WDBNDRY_E 0 -2.683e+04 1.733e+02 3.057e+02
s>        ( - -1.448e+02 1 0)
s>        ( QUESTION0 -1 -2.651e+04 1.525e+02 3.027e+02
s>            ( - -1.361e+02 1 0)
s>            ( WDBNDRY_B 0 -2.622e+04 1.337e+02 2.997e+02
s>                ( - -7.325e+02 1 0)
s>                ( - -2.535e+04 8 0))))INFO: dtree.c(1315): Comp split 28
INFO: dtree.c(1439): stop. leaf nodes are specific
INFO: dtree.c(1478): Final simple tree
|( QUESTION13 -1 -1.358e+04 1.346e+02 1.672e+02
|    ( - -3.243e+02 1 0)
|    ( WDBNDRY_B 0 -1.312e+04 1.085e+02 1.622e+02
|        ( - -6.692e+02 3 0)
|        ( - -1.234e+04 3 0)))
s>    ( QUESTION13 -1 -1.358e+04 1.346e+02 1.672e+02
s>        ( - -3.243e+02 1 0)
s>        ( WDBNDRY_B 0 -1.312e+04 1.085e+02 1.622e+02
s>            ( - -6.692e+02 3 0)
s>            ( - -1.234e+04 3 0)))INFO: dtree.c(1315): Comp split 29
INFO: dtree.c(1439): stop. leaf nodes are specific
INFO: dtree.c(1478): Final simple tree
|( QUESTION0_12_R 1 -4.437e+03 1.529e+02 5.359e+01
|    ( - -1.821e+03 4 0)
|    ( SILENCE 1 -2.463e+03 1.164e+02 2.780e+01
|        ( - -4.559e+01 2 0)
|        ( - -2.301e+03 3 0)))
s>    ( QUESTION0_12_R 1 -4.437e+03 1.529e+02 5.359e+01
s>        ( - -1.821e+03 4 0)
s>        ( SILENCE 1 -2.463e+03 1.164e+02 2.780e+01
s>            ( - -4.559e+01 2 0)
s>            ( - -2.301e+03 3 0)))INFO: dtree.c(1439): stop. leaf nodes are specific
INFO: dtree.c(1478): Final simple tree
|( QUESTION13 -1 -3.140e+03 1.198e+02 4.400e+01
|    ( - -1.782e+02 1 0)
|    ( QUESTION0_1_R 1 -2.842e+03 1.099e+02 4.000e+01
|        ( - -2.185e+03 4 0)
|        ( - -5.466e+02 4 0)))
s>    ( QUESTION13 -1 -3.140e+03 1.198e+02 4.400e+01
s>        ( - -1.782e+02 1 0)
s>        ( QUESTION0_1_R 1 -2.842e+03 1.099e+02 4.000e+01
s>            ( - -2.185e+03 4 0)
s>            ( - -5.466e+02 4 0)))INFO: dtree.c(1315): Comp split 30
INFO: dtree.c(1439): stop. leaf nodes are specific
INFO: dtree.c(1478): Final simple tree
|( QUESTION0_1_R 1 -3.388e+03 1.555e+02 4.022e+01
|    ( QUESTION0_5_R 1 -1.943e+03 1.354e+02 2.300e+01
|        ( - -3.498e+02 1 0)
|        ( QUESTION10 -1 -1.457e+03 1.055e+02 1.800e+01
|            ( QUESTION0_3_R 1 -5.981e+02 1.554e+02 8.000e+00
|                ( - -2.832e+02 2 0)
|                ( - -1.594e+02 1 0))
|            ( QUESTION0_3_R 1 -7.537e+02 1.077e+02 1.000e+01
|                ( - -1.262e+02 2 0)
|                ( - -5.198e+02 2 0))))
|    ( - -1.290e+03 2 0))
s>    ( QUESTION0_1_R 1 -3.388e+03 1.555e+02 4.022e+01
s>        ( QUESTION0_5_R 1 -1.943e+03 1.354e+02 2.300e+01
s>            ( - -3.498e+02 1 0)
s>            ( QUESTION10 -1 -1.457e+03 1.055e+02 1.800e+01
s>                ( QUESTION0_3_R 1 -5.981e+02 1.554e+02 8.000e+00
s>                    ( - -2.832e+02 2 0)
s>                    ( - -1.594e+02 1 0))
s>                ( QUESTION0_3_R 1 -7.537e+02 1.077e+02 1.000e+01
s>                    ( - -1.262e+02 2 0)
s>                    ( - -5.198e+02 2 0))))
s>        ( - -1.290e+03 2 0))INFO: dtree.c(1315): Comp split 31
INFO: dtree.c(1439): stop. leaf nodes are specific
INFO: dtree.c(1478): Final simple tree
|( QUESTION0 -1 -2.651e+04 1.525e+02 3.027e+02
|    ( - -1.361e+02 1 0)
|    ( WDBNDRY_B 0 -2.622e+04 1.337e+02 2.997e+02
|        ( - -7.325e+02 1 0)
|        ( - -2.535e+04 8 0)))
s>    ( QUESTION0 -1 -2.651e+04 1.525e+02 3.027e+02
s>        ( - -1.361e+02 1 0)
s>        ( WDBNDRY_B 0 -2.622e+04 1.337e+02 2.997e+02
s>            ( - -7.325e+02 1 0)
s>            ( - -2.535e+04 8 0)))INFO: dtree.c(1315): Comp split 32
INFO: dtree.c(1439): stop. leaf nodes are specific
INFO: dtree.c(1478): Final simple tree
|( QUESTION10 -1 -3.025e+03 1.104e+02 3.980e+01
|    ( - -1.492e+03 3 0)
|    ( - -1.423e+03 1 0))
s>    ( QUESTION10 -1 -3.025e+03 1.104e+02 3.980e+01
s>        ( - -1.492e+03 3 0)
s>        ( - -1.423e+03 1 0))INFO: dtree.c(1315): Comp split 33
INFO: dtree.c(1439): stop. leaf nodes are specific
INFO: dtree.c(1478): Final simple tree
|( WDBNDRY_E 0 -7.092e+02 1.232e+02 1.100e+01
|    ( - -3.467e+02 2 0)
|    ( - -2.392e+02 1 0))
s>    ( WDBNDRY_E 0 -7.092e+02 1.232e+02 1.100e+01
s>        ( - -3.467e+02 2 0)
s>        ( - -2.392e+02 1 0))INFO: dtree.c(1315): Comp split 34
INFO: dtree.c(1439): stop. leaf nodes are specific
INFO: dtree.c(1478): Final simple tree
|( QUESTION0_5_R 1 -1.943e+03 1.354e+02 2.300e+01
|    ( - -3.498e+02 1 0)
|    ( QUESTION10 -1 -1.457e+03 1.055e+02 1.800e+01
|        ( QUESTION0_3_R 1 -5.981e+02 1.554e+02 8.000e+00
|            ( - -2.832e+02 2 0)
|            ( - -1.594e+02 1 0))
|        ( QUESTION0_3_R 1 -7.537e+02 1.077e+02 1.000e+01
|            ( - -1.262e+02 2 0)
|            ( - -5.198e+02 2 0))))
s>    ( QUESTION0_5_R 1 -1.943e+03 1.354e+02 2.300e+01
s>        ( - -3.498e+02 1 0)
s>        ( QUESTION10 -1 -1.457e+03 1.055e+02 1.800e+01
s>            ( QUESTION0_3_R 1 -5.981e+02 1.554e+02 8.000e+00
s>                ( - -2.832e+02 2 0)
s>                ( - -1.594e+02 1 0))
s>            ( QUESTION0_3_R 1 -7.537e+02 1.077e+02 1.000e+01
s>                ( - -1.262e+02 2 0)
s>                ( - -5.198e+02 2 0))))INFO: dtree.c(1315): Comp split 35
INFO: dtree.c(1439): stop. leaf nodes are specific
INFO: dtree.c(1478): Final simple tree
|( QUESTION0_5_R 1 -1.627e+03 1.465e+02 1.900e+01
|    ( - -3.498e+02 1 0)
|    ( QUESTION10 -1 -1.131e+03 9.382e+01 1.400e+01
|        ( - -2.832e+02 2 0)
|        ( QUESTION0_3_R 1 -7.537e+02 1.077e+02 1.000e+01
|            ( - -1.262e+02 2 0)
|            ( - -5.198e+02 2 0))))
s>    ( QUESTION0_5_R 1 -1.627e+03 1.465e+02 1.900e+01
s>        ( - -3.498e+02 1 0)
s>        ( QUESTION10 -1 -1.131e+03 9.382e+01 1.400e+01
s>            ( - -2.832e+02 2 0)
s>            ( QUESTION0_3_R 1 -7.537e+02 1.077e+02 1.000e+01
s>                ( - -1.262e+02 2 0)
s>                ( - -5.198e+02 2 0))))INFO: dtree.c(1315): Comp split 36
INFO: dtree.c(1439): stop. leaf nodes are specific
INFO: dtree.c(1478): Final simple tree
|( QUESTION0 -1 -1.933e+02 1.403e+02 5.000e+00
|    ( - 2.383e+00 1 0)
|    ( - -5.536e+01 1 0))
s>    ( QUESTION0 -1 -1.933e+02 1.403e+02 5.000e+00
s>        ( - 2.383e+00 1 0)
s>        ( - -5.536e+01 1 0))INFO: dtree.c(1439): stop. leaf nodes are specific
INFO: dtree.c(1478): Final simple tree
|( QUESTION0_2_R 1 -6.575e+03 1.415e+02 8.106e+01
|    ( - -1.425e+02 1 0)
|    ( WDBNDRY_E 0 -6.291e+03 1.334e+02 7.706e+01
|        ( QUESTION10 -1 -6.053e+03 1.119e+02 7.406e+01
|            ( - -4.129e+03 6 0)
|            ( - -1.812e+03 5 0))
|        ( - -1.047e+02 1 0)))
s>    ( QUESTION0_2_R 1 -6.575e+03 1.415e+02 8.106e+01
s>        ( - -1.425e+02 1 0)
s>        ( WDBNDRY_E 0 -6.291e+03 1.334e+02 7.706e+01
s>            ( QUESTION10 -1 -6.053e+03 1.119e+02 7.406e+01
s>                ( - -4.129e+03 6 0)
s>                ( - -1.812e+03 5 0))
s>            ( - -1.047e+02 1 0)))INFO: dtree.c(1315): Comp split 37
INFO: dtree.c(1439): stop. leaf nodes are specific
INFO: dtree.c(1478): Final simple tree
|( SILENCE 1 -2.463e+03 1.164e+02 2.780e+01
|    ( - -4.559e+01 2 0)
|    ( - -2.301e+03 3 0))
s>    ( SILENCE 1 -2.463e+03 1.164e+02 2.780e+01
s>        ( - -4.559e+01 2 0)
s>        ( - -2.301e+03 3 0))INFO: dtree.c(1315): Comp split 38
INFO: dtree.c(1439): stop. leaf nodes are specific
INFO: dtree.c(1478): Final simple tree
|( WDBNDRY_B 0 -2.622e+04 1.337e+02 2.997e+02
|    ( - -7.325e+02 1 0)
|    ( - -2.535e+04 8 0))
s>    ( WDBNDRY_B 0 -2.622e+04 1.337e+02 2.997e+02
s>        ( - -7.325e+02 1 0)
s>        ( - -2.535e+04 8 0))INFO: dtree.c(1315): Comp split 39
INFO: dtree.c(1439): stop. leaf nodes are specific
INFO: dtree.c(1478): Final simple tree
|( QUESTION10 -1 -1.131e+03 9.382e+01 1.400e+01
|    ( - -2.832e+02 2 0)
|    ( QUESTION0_3_R 1 -7.537e+02 1.077e+02 1.000e+01
|        ( - -1.262e+02 2 0)
|        ( - -5.198e+02 2 0)))
s>    ( QUESTION10 -1 -1.131e+03 9.382e+01 1.400e+01
s>        ( - -2.832e+02 2 0)
s>        ( QUESTION0_3_R 1 -7.537e+02 1.077e+02 1.000e+01
s>            ( - -1.262e+02 2 0)
s>            ( - -5.198e+02 2 0)))INFO: dtree.c(1315): Comp split 40
INFO: dtree.c(1439): stop. leaf nodes are specific
INFO: dtree.c(1478): Final simple tree
|( QUESTION0_9_R 1 -1.953e+03 9.355e+01 2.076e+01
|    ( - -1.236e+03 2 0)
|    ( - -6.232e+02 2 0))
s>    ( QUESTION0_9_R 1 -1.953e+03 9.355e+01 2.076e+01
s>        ( - -1.236e+03 2 0)
s>        ( - -6.232e+02 2 0))INFO: dtree.c(1315): Comp split 41
INFO: dtree.c(1439): stop. leaf nodes are specific
INFO: dtree.c(1478): Final simple tree
|( WDBNDRY_E 0 -6.291e+03 1.334e+02 7.706e+01
|    ( QUESTION10 -1 -6.053e+03 1.119e+02 7.406e+01
|        ( - -4.129e+03 6 0)
|        ( - -1.812e+03 5 0))
|    ( - -1.047e+02 1 0))
s>    ( WDBNDRY_E 0 -6.291e+03 1.334e+02 7.706e+01
s>        ( QUESTION10 -1 -6.053e+03 1.119e+02 7.406e+01
s>            ( - -4.129e+03 6 0)
s>            ( - -1.812e+03 5 0))
s>        ( - -1.047e+02 1 0))INFO: dtree.c(1315): Comp split 42
INFO: dtree.c(1315): Comp split 43
INFO: dtree.c(1439): stop. leaf nodes are specific
INFO: dtree.c(1478): Final simple tree
|( QUESTION10 -1 -1.296e+04 9.302e+01 1.734e+02
|    ( - -1.888e+02 1 0)
|    ( - -1.268e+04 4 0))
s>    ( QUESTION10 -1 -1.296e+04 9.302e+01 1.734e+02
s>        ( - -1.888e+02 1 0)
s>        ( - -1.268e+04 4 0))INFO: dtree.c(1315): Comp split 44
INFO: dtree.c(1439): stop. leaf nodes are specific
INFO: dtree.c(1478): Final simple tree
|( WDBNDRY_B 0 -1.312e+04 1.085e+02 1.622e+02
|    ( - -6.692e+02 3 0)
|    ( - -1.234e+04 3 0))
s>    ( WDBNDRY_B 0 -1.312e+04 1.085e+02 1.622e+02
s>        ( - -6.692e+02 3 0)
s>        ( - -1.234e+04 3 0))INFO: dtree.c(1315): Comp split 45
INFO: dtree.c(1315): Comp split 46
INFO: dtree.c(1439): stop. leaf nodes are specific
INFO: dtree.c(1478): Final simple tree
|( QUESTION10 -1 -6.053e+03 1.119e+02 7.406e+01
|    ( - -4.129e+03 6 0)
|    ( - -1.812e+03 5 0))
s>    ( QUESTION10 -1 -6.053e+03 1.119e+02 7.406e+01
s>        ( - -4.129e+03 6 0)
s>        ( - -1.812e+03 5 0))INFO: dtree.c(1315): Comp split 47
INFO: dtree.c(1439): stop. leaf nodes are specific
INFO: dtree.c(1478): Final simple tree
|( QUESTION13 1 -2.503e+03 1.033e+02 3.379e+01
|    ( - -1.452e+03 1 0)
|    ( WDBNDRY_E 0 -9.475e+02 1.136e+02 1.314e+01
|        ( - -7.208e+01 2 0)
|        ( - -7.619e+02 1 0)))
s>    ( QUESTION13 1 -2.503e+03 1.033e+02 3.379e+01
s>        ( - -1.452e+03 1 0)
s>        ( WDBNDRY_E 0 -9.475e+02 1.136e+02 1.314e+01
s>            ( - -7.208e+01 2 0)
s>            ( - -7.619e+02 1 0)))INFO: dtree.c(1315): Comp split 48
INFO: dtree.c(1439): stop. leaf nodes are specific
INFO: dtree.c(1478): Final simple tree
|( QUESTION0_1_R 1 -8.251e+02 1.002e+02 1.300e+01
|    ( - -1.782e+02 1 0)
|    ( - -5.466e+02 4 0))
s>    ( QUESTION0_1_R 1 -8.251e+02 1.002e+02 1.300e+01
s>        ( - -1.782e+02 1 0)
s>        ( - -5.466e+02 4 0))INFO: dtree.c(1315): Comp split 49
INFO: dtree.c(1439): stop. leaf nodes are specific
INFO: dtree.c(1478): Final simple tree
|( QUESTION1 -1 -2.533e+04 1.137e+02 3.527e+02
|    ( - -9.114e+02 1 0)
|    ( - -2.431e+04 1 0))
s>    ( QUESTION1 -1 -2.533e+04 1.137e+02 3.527e+02
s>        ( - -9.114e+02 1 0)
s>        ( - -2.431e+04 1 0))INFO: dtree.c(1315): Comp split 50
INFO: dtree.c(1315): Comp split 51
INFO: dtree.c(1439): stop. leaf nodes are specific
INFO: dtree.c(1478): Final simple tree
|( WDBNDRY_E 0 -1.016e+03 1.059e+02 1.300e+01
|    ( - -5.523e+02 2 0)
|    ( - -3.581e+02 1 0))
s>    ( WDBNDRY_E 0 -1.016e+03 1.059e+02 1.300e+01
s>        ( - -5.523e+02 2 0)
s>        ( - -3.581e+02 1 0))INFO: dtree.c(1315): Comp split 52
INFO: dtree.c(1315): Comp split 53
INFO: dtree.c(1439): stop. leaf nodes are specific
INFO: dtree.c(1478): Final simple tree
|( WDBNDRY_E 0 -2.316e+03 1.021e+02 3.179e+01
|    ( - -1.452e+03 1 0)
|    ( - -7.619e+02 1 0))
s>    ( WDBNDRY_E 0 -2.316e+03 1.021e+02 3.179e+01
s>        ( - -1.452e+03 1 0)
s>        ( - -7.619e+02 1 0))INFO: dtree.c(1315): Comp split 54
INFO: dtree.c(1315): Comp split 55
INFO: dtree.c(1315): Comp split 56
INFO: dtree.c(1315): Comp split 57
INFO: dtree.c(1315): Comp split 58
INFO: dtree.c(1315): Comp split 59
INFO: dtree.c(1439): stop. leaf nodes are specific
INFO: dtree.c(1478): Final simple tree
|( QUESTION0_3_R 1 -8.987e+02 9.569e+01 1.100e+01
|    ( - -2.832e+02 2 0)
|    ( - -5.198e+02 2 0))
s>    ( QUESTION0_3_R 1 -8.987e+02 9.569e+01 1.100e+01
s>        ( - -2.832e+02 2 0)
s>        ( - -5.198e+02 2 0))INFO: dtree.c(1315): Comp split 60
INFO: dtree.c(1315): Comp split 61
INFO: dtree.c(1315): Comp split 62
INFO: dtree.c(1315): Comp split 63
INFO: dtree.c(1315): Comp split 64
INFO: dtree.c(1315): Comp split 65
INFO: dtree.c(1318): stop. leaf nodes are specific
!!!!!!!!Allocated 66 lines
Fri Apr  8 23:10:19 2016
