Current configuration:
[NAME]		[DEFLT]	[VALUE]
-allphones	no	no
-cntthresh	0.00001	1.000000e-05
-csplitmax	100	2000
-csplitmin	1	1
-csplitthr	8e-4	0.000000e+00
-example	no	no
-fullvar	no	no
-help		no	no
-meanfn			
-mixwfn			/home/yaroslav/model/model_parameters/ua.cd_semi_untied/mixture_weights
-moddeffn		/home/yaroslav/model/model_architecture/ua.untied.mdef
-mwfloor	1e-4	1.000000e-08
-phone			YI
-psetfn			/home/yaroslav/model/model_architecture/ua.tree_questions
-ssplitmax	5	7
-ssplitmin	1	1
-ssplitthr	8e-4	0.000000e+00
-state			2
-stwt			1.0,0.05,0.0,
-treefn			/home/yaroslav/model/trees/ua.unpruned/YI-2.dtree
-ts2cbfn	.semi.	.semi.
-varfloor	0.00001	1.000000e-05
-varfn			

INFO: main.c(223): Reading: /home/yaroslav/model/model_architecture/ua.untied.mdef
INFO: model_def_io.c(573): Model definition info:
INFO: model_def_io.c(574): 7543 total models defined (49 base, 7494 tri)
INFO: model_def_io.c(575): 30172 total states
INFO: model_def_io.c(576): 22629 total tied states
INFO: model_def_io.c(577): 147 total tied CI states
INFO: model_def_io.c(578): 49 total tied transition matrices
INFO: model_def_io.c(579): 4 max state/model
INFO: model_def_io.c(580): 4 min state/model
INFO: main.c(242): Building trees for [YI A A e] through [YI Z YI b]
INFO: main.c(269): Covering states |[21207 21470]| == 264
INFO: main.c(275): Reading: /home/yaroslav/model/model_parameters/ua.cd_semi_untied/mixture_weights
INFO: s3mixw_io.c(173): Read /home/yaroslav/model/model_parameters/ua.cd_semi_untied/mixture_weights [264x4x256 array]
INFO: main.c(311): 85 of 88 models have observation count greater than 0.000010
INFO: main.c(95): nrm stwt: 0.000 0.048 0.952 
INFO: main.c(411): 85-class entropy: 4.126660e+03
INFO: main.c(549): Reading: /home/yaroslav/model/model_architecture/ua.tree_questions
INFO: main.c(588): 176 total simple questions (168 phone; 8 word bndry)
INFO: main.c(590): 42 Left Only questions, and 42 Right Only questions
INFO: dtree.c(1478): Final simple tree
|( WDBNDRY_E 0 1.122e+04 7.477e+02 4.740e+02
|    ( QUESTION2 1 5.131e+03 4.090e+02 2.247e+02
|        ( QUESTION0_12_R 1 2.017e+03 2.399e+02 9.932e+01
|            ( - 8.950e+02 7 0 QUESTION0 -1 1.251e+02 5.099e+01)
|            ( - 8.817e+02 9 0 QUESTION0_17_R 1 1.328e+02 4.834e+01))
|        ( QUESTION5 1 2.705e+03 2.820e+02 1.253e+02
|            ( - 8.524e+02 9 0 QUESTION16 1 1.300e+02 4.702e+01)
|            ( QUESTION0_0_R 1 1.571e+03 2.133e+02 7.831e+01
|                ( - 6.123e+02 7 0 QUESTION0_3_R 1 1.104e+02 3.600e+01)
|                ( - 7.453e+02 4 0 QUESTION0 -1 9.796e+01 4.231e+01))))
|    ( QUESTION16 1 5.339e+03 4.553e+02 2.493e+02
|        ( - 1.895e+03 14 0 WDBNDRY_B 0 1.957e+02 1.079e+02)
|        ( WDBNDRY_B 0 2.989e+03 2.714e+02 1.415e+02
|            ( - 1.293e+03 21 0 QUESTION3 1 2.086e+02 6.486e+01)
|            ( - 1.424e+03 14 0 QUESTION2 1 1.695e+02 7.660e+01))))
s>    ( WDBNDRY_E 0 1.122e+04 7.477e+02 4.740e+02
s>        ( QUESTION2 1 5.131e+03 4.090e+02 2.247e+02
s>            ( QUESTION0_12_R 1 2.017e+03 2.399e+02 9.932e+01
s>                ( - 8.950e+02 7 0 QUESTION0 -1 1.251e+02 5.099e+01)
s>                ( - 8.817e+02 9 0 QUESTION0_17_R 1 1.328e+02 4.834e+01))
s>            ( QUESTION5 1 2.705e+03 2.820e+02 1.253e+02
s>                ( - 8.524e+02 9 0 QUESTION16 1 1.300e+02 4.702e+01)
s>                ( QUESTION0_0_R 1 1.571e+03 2.133e+02 7.831e+01
s>                    ( - 6.123e+02 7 0 QUESTION0_3_R 1 1.104e+02 3.600e+01)
s>                    ( - 7.453e+02 4 0 QUESTION0 -1 9.796e+01 4.231e+01))))
s>        ( QUESTION16 1 5.339e+03 4.553e+02 2.493e+02
s>            ( - 1.895e+03 14 0 WDBNDRY_B 0 1.957e+02 1.079e+02)
s>            ( WDBNDRY_B 0 2.989e+03 2.714e+02 1.415e+02
s>                ( - 1.293e+03 21 0 QUESTION3 1 2.086e+02 6.486e+01)
s>                ( - 1.424e+03 14 0 QUESTION2 1 1.695e+02 7.660e+01))))INFO: dtree.c(1315): Comp split 0
INFO: dtree.c(1478): Final simple tree
|( QUESTION2 1 5.131e+03 4.090e+02 2.247e+02
|    ( QUESTION0_12_R 1 2.017e+03 2.399e+02 9.932e+01
|        ( QUESTION0 -1 8.950e+02 1.251e+02 5.099e+01
|            ( - 6.768e+02 6 0)
|            ( - 9.305e+01 1 0))
|        ( QUESTION0_17_R 1 8.817e+02 1.328e+02 4.834e+01
|            ( - 4.401e+02 4 0 QUESTION0_18_R 1 4.517e+01 2.800e+01)
|            ( - 3.088e+02 5 0 QUESTION0_14_R 1 6.874e+01 2.034e+01)))
|    ( QUESTION5 1 2.705e+03 2.820e+02 1.253e+02
|        ( QUESTION16 1 8.524e+02 1.300e+02 4.702e+01
|            ( - 3.006e+02 3 0 QUESTION0_0_R 1 5.005e+01 2.100e+01)
|            ( - 4.218e+02 6 0 QUESTION15 1 8.438e+01 2.602e+01))
|        ( QUESTION0_0_R 1 1.571e+03 2.133e+02 7.831e+01
|            ( - 6.123e+02 7 0 QUESTION0_3_R 1 1.104e+02 3.600e+01)
|            ( - 7.453e+02 4 0 QUESTION0 -1 9.796e+01 4.231e+01))))
s>    ( QUESTION2 1 5.131e+03 4.090e+02 2.247e+02
s>        ( QUESTION0_12_R 1 2.017e+03 2.399e+02 9.932e+01
s>            ( QUESTION0 -1 8.950e+02 1.251e+02 5.099e+01
s>                ( - 6.768e+02 6 0)
s>                ( - 9.305e+01 1 0))
s>            ( QUESTION0_17_R 1 8.817e+02 1.328e+02 4.834e+01
s>                ( - 4.401e+02 4 0 QUESTION0_18_R 1 4.517e+01 2.800e+01)
s>                ( - 3.088e+02 5 0 QUESTION0_14_R 1 6.874e+01 2.034e+01)))
s>        ( QUESTION5 1 2.705e+03 2.820e+02 1.253e+02
s>            ( QUESTION16 1 8.524e+02 1.300e+02 4.702e+01
s>                ( - 3.006e+02 3 0 QUESTION0_0_R 1 5.005e+01 2.100e+01)
s>                ( - 4.218e+02 6 0 QUESTION15 1 8.438e+01 2.602e+01))
s>            ( QUESTION0_0_R 1 1.571e+03 2.133e+02 7.831e+01
s>                ( - 6.123e+02 7 0 QUESTION0_3_R 1 1.104e+02 3.600e+01)
s>                ( - 7.453e+02 4 0 QUESTION0 -1 9.796e+01 4.231e+01))))INFO: dtree.c(1478): Final simple tree
|( QUESTION16 1 5.339e+03 4.553e+02 2.493e+02
|    ( WDBNDRY_B 0 1.895e+03 1.957e+02 1.079e+02
|        ( QUESTION0 -1 1.233e+03 1.440e+02 7.653e+01
|            ( - 8.193e+02 6 0)
|            ( - 2.700e+02 4 0 QUESTION2 -1 6.142e+01 2.000e+01))
|        ( - 4.656e+02 4 0 QUESTION0 -1 6.260e+01 3.132e+01))
|    ( WDBNDRY_B 0 2.989e+03 2.714e+02 1.415e+02
|        ( QUESTION3 1 1.293e+03 2.086e+02 6.486e+01
|            ( - 5.303e+02 12 0 QUESTION0_0_R 1 1.091e+02 3.208e+01)
|            ( QUESTION0_13_R 1 5.541e+02 1.129e+02 3.278e+01
|                ( - 3.401e+02 6 0 QUESTION2_0_L -1 6.228e+01 2.278e+01)
|                ( - 1.011e+02 3 0 QUESTION0_0_R 1 2.779e+01 1.000e+01)))
|        ( QUESTION2 1 1.424e+03 1.695e+02 7.660e+01
|            ( - 8.399e+02 7 0 QUESTION0 -1 6.646e+01 5.058e+01)
|            ( - 4.149e+02 7 0 QUESTION0_0_R 1 6.164e+01 2.602e+01))))
s>    ( QUESTION16 1 5.339e+03 4.553e+02 2.493e+02
s>        ( WDBNDRY_B 0 1.895e+03 1.957e+02 1.079e+02
s>            ( QUESTION0 -1 1.233e+03 1.440e+02 7.653e+01
s>                ( - 8.193e+02 6 0)
s>                ( - 2.700e+02 4 0 QUESTION2 -1 6.142e+01 2.000e+01))
s>            ( - 4.656e+02 4 0 QUESTION0 -1 6.260e+01 3.132e+01))
s>        ( WDBNDRY_B 0 2.989e+03 2.714e+02 1.415e+02
s>            ( QUESTION3 1 1.293e+03 2.086e+02 6.486e+01
s>                ( - 5.303e+02 12 0 QUESTION0_0_R 1 1.091e+02 3.208e+01)
s>                ( QUESTION0_13_R 1 5.541e+02 1.129e+02 3.278e+01
s>                    ( - 3.401e+02 6 0 QUESTION2_0_L -1 6.228e+01 2.278e+01)
s>                    ( - 1.011e+02 3 0 QUESTION0_0_R 1 2.779e+01 1.000e+01)))
s>            ( QUESTION2 1 1.424e+03 1.695e+02 7.660e+01
s>                ( - 8.399e+02 7 0 QUESTION0 -1 6.646e+01 5.058e+01)
s>                ( - 4.149e+02 7 0 QUESTION0_0_R 1 6.164e+01 2.602e+01))))INFO: dtree.c(1315): Comp split 1
INFO: dtree.c(1478): Final simple tree
|( WDBNDRY_B 0 2.132e+03 2.002e+02 1.179e+02
|    ( QUESTION0 -1 1.467e+03 1.568e+02 8.653e+01
|        ( QUESTION3 1 1.040e+03 1.193e+02 6.654e+01
|            ( - 8.193e+02 6 0)
|            ( - 1.011e+02 3 0 QUESTION0_0_R 1 2.779e+01 1.000e+01))
|        ( QUESTION2 -1 2.700e+02 6.142e+01 2.000e+01
|            ( QUESTION2_12_L -1 7.242e+01 2.893e+01 8.006e+00
|                ( - 1.952e+01 1 0)
|                ( - 2.397e+01 1 0))
|            ( SILENCE -1 1.362e+02 4.051e+01 1.199e+01
|                ( - 3.704e+01 1 0)
|                ( - 5.861e+01 1 0))))
|    ( QUESTION0 -1 4.656e+02 6.260e+01 3.132e+01
|        ( - 3.464e+02 2 0)
|        ( - 5.660e+01 2 0 QUESTION2_12_L -1 2.242e+01 7.008e+00)))
s>    ( WDBNDRY_B 0 2.132e+03 2.002e+02 1.179e+02
s>        ( QUESTION0 -1 1.467e+03 1.568e+02 8.653e+01
s>            ( QUESTION3 1 1.040e+03 1.193e+02 6.654e+01
s>                ( - 8.193e+02 6 0)
s>                ( - 1.011e+02 3 0 QUESTION0_0_R 1 2.779e+01 1.000e+01))
s>            ( QUESTION2 -1 2.700e+02 6.142e+01 2.000e+01
s>                ( QUESTION2_12_L -1 7.242e+01 2.893e+01 8.006e+00
s>                    ( - 1.952e+01 1 0)
s>                    ( - 2.397e+01 1 0))
s>                ( SILENCE -1 1.362e+02 4.051e+01 1.199e+01
s>                    ( - 3.704e+01 1 0)
s>                    ( - 5.861e+01 1 0))))
s>        ( QUESTION0 -1 4.656e+02 6.260e+01 3.132e+01
s>            ( - 3.464e+02 2 0)
s>            ( - 5.660e+01 2 0 QUESTION2_12_L -1 2.242e+01 7.008e+00)))INFO: dtree.c(1478): Final simple tree
|( QUESTION3 1 2.728e+03 2.641e+02 1.315e+02
|    ( WDBNDRY_B 0 1.046e+03 1.686e+02 5.510e+01
|        ( QUESTION0_0_R 1 5.303e+02 1.091e+02 3.208e+01
|            ( - 1.806e+02 8 0 QUESTION2_0_L -1 4.260e+01 1.429e+01)
|            ( - 2.406e+02 4 0 QUESTION0 -1 4.176e+01 1.779e+01))
|        ( - 3.466e+02 6 0 QUESTION0_0_R 1 2.420e+01 2.302e+01))
|    ( QUESTION0_12_R 1 1.419e+03 1.869e+02 7.636e+01
|        ( QUESTION0 -1 7.461e+02 6.391e+01 4.658e+01
|            ( - 6.316e+02 4 0)
|            ( - 5.054e+01 1 0))
|        ( QUESTION2_0_L -1 4.858e+02 7.296e+01 2.978e+01
|            ( WDBNDRY_B 0 2.728e+02 5.635e+01 1.878e+01
|                ( - 1.377e+02 3 0 QUESTION0 -1 2.676e+01 1.178e+01)
|                ( - 7.870e+01 3 0 QUESTION0_0_R 1 2.779e+01 7.000e+00))
|            ( - 1.401e+02 3 0 QUESTION2 -1 3.458e+01 1.100e+01))))
s>    ( QUESTION3 1 2.728e+03 2.641e+02 1.315e+02
s>        ( WDBNDRY_B 0 1.046e+03 1.686e+02 5.510e+01
s>            ( QUESTION0_0_R 1 5.303e+02 1.091e+02 3.208e+01
s>                ( - 1.806e+02 8 0 QUESTION2_0_L -1 4.260e+01 1.429e+01)
s>                ( - 2.406e+02 4 0 QUESTION0 -1 4.176e+01 1.779e+01))
s>            ( - 3.466e+02 6 0 QUESTION0_0_R 1 2.420e+01 2.302e+01))
s>        ( QUESTION0_12_R 1 1.419e+03 1.869e+02 7.636e+01
s>            ( QUESTION0 -1 7.461e+02 6.391e+01 4.658e+01
s>                ( - 6.316e+02 4 0)
s>                ( - 5.054e+01 1 0))
s>            ( QUESTION2_0_L -1 4.858e+02 7.296e+01 2.978e+01
s>                ( WDBNDRY_B 0 2.728e+02 5.635e+01 1.878e+01
s>                    ( - 1.377e+02 3 0 QUESTION0 -1 2.676e+01 1.178e+01)
s>                    ( - 7.870e+01 3 0 QUESTION0_0_R 1 2.779e+01 7.000e+00))
s>                ( - 1.401e+02 3 0 QUESTION2 -1 3.458e+01 1.100e+01))))INFO: dtree.c(1315): Comp split 2
INFO: dtree.c(1478): Final simple tree
|( QUESTION0_0_R 1 2.449e+03 2.673e+02 1.153e+02
|    ( QUESTION5 1 1.225e+03 1.907e+02 6.202e+01
|        ( QUESTION15 1 4.218e+02 8.438e+01 2.602e+01
|            ( - 2.262e+02 3 0 QUESTION0 -1 4.830e+01 1.696e+01)
|            ( - 1.112e+02 3 0 QUESTION0 -1 1.853e+01 9.060e+00))
|        ( QUESTION0_3_R 1 6.123e+02 1.104e+02 3.600e+01
|            ( - 2.631e+02 3 0)
|            ( QUESTION0_1_R 1 2.389e+02 6.084e+01 1.700e+01
|                ( - 8.332e+01 2 0 QUESTION0 1 1.775e+01 8.000e+00)
|                ( - 9.472e+01 2 0))))
|    ( QUESTION0 -1 9.566e+02 1.427e+02 5.330e+01
|        ( - 4.888e+02 3 0)
|        ( QUESTION2 1 3.250e+02 7.349e+01 2.398e+01
|            ( - 9.305e+01 1 0)
|            ( - 1.585e+02 1 0))))
s>    ( QUESTION0_0_R 1 2.449e+03 2.673e+02 1.153e+02
s>        ( QUESTION5 1 1.225e+03 1.907e+02 6.202e+01
s>            ( QUESTION15 1 4.218e+02 8.438e+01 2.602e+01
s>                ( - 2.262e+02 3 0 QUESTION0 -1 4.830e+01 1.696e+01)
s>                ( - 1.112e+02 3 0 QUESTION0 -1 1.853e+01 9.060e+00))
s>            ( QUESTION0_3_R 1 6.123e+02 1.104e+02 3.600e+01
s>                ( - 2.631e+02 3 0)
s>                ( QUESTION0_1_R 1 2.389e+02 6.084e+01 1.700e+01
s>                    ( - 8.332e+01 2 0 QUESTION0 1 1.775e+01 8.000e+00)
s>                    ( - 9.472e+01 2 0))))
s>        ( QUESTION0 -1 9.566e+02 1.427e+02 5.330e+01
s>            ( - 4.888e+02 3 0)
s>            ( QUESTION2 1 3.250e+02 7.349e+01 2.398e+01
s>                ( - 9.305e+01 1 0)
s>                ( - 1.585e+02 1 0))))INFO: dtree.c(1478): Final simple tree
|( QUESTION0_13_R 1 2.244e+03 2.461e+02 1.093e+02
|    ( QUESTION0_17_R 1 8.817e+02 1.328e+02 4.834e+01
|        ( QUESTION0_18_R 1 4.401e+02 4.517e+01 2.800e+01
|            ( - 1.894e+01 1 0)
|            ( - 3.760e+02 3 0))
|        ( QUESTION0_14_R 1 3.088e+02 6.874e+01 2.034e+01
|            ( QUESTION0 -1 1.030e+02 2.240e+01 9.000e+00
|                ( - 7.405e+01 2 0)
|                ( - 6.521e+00 1 0))
|            ( - 1.371e+02 2 0)))
|    ( QUESTION2 1 1.117e+03 1.392e+02 6.100e+01
|        ( - 6.768e+02 6 0)
|        ( QUESTION0_0_R 1 3.006e+02 5.005e+01 2.100e+01
|            ( - 2.799e+01 1 0)
|            ( - 2.226e+02 2 0))))
s>    ( QUESTION0_13_R 1 2.244e+03 2.461e+02 1.093e+02
s>        ( QUESTION0_17_R 1 8.817e+02 1.328e+02 4.834e+01
s>            ( QUESTION0_18_R 1 4.401e+02 4.517e+01 2.800e+01
s>                ( - 1.894e+01 1 0)
s>                ( - 3.760e+02 3 0))
s>            ( QUESTION0_14_R 1 3.088e+02 6.874e+01 2.034e+01
s>                ( QUESTION0 -1 1.030e+02 2.240e+01 9.000e+00
s>                    ( - 7.405e+01 2 0)
s>                    ( - 6.521e+00 1 0))
s>                ( - 1.371e+02 2 0)))
s>        ( QUESTION2 1 1.117e+03 1.392e+02 6.100e+01
s>            ( - 6.768e+02 6 0)
s>            ( QUESTION0_0_R 1 3.006e+02 5.005e+01 2.100e+01
s>                ( - 2.799e+01 1 0)
s>                ( - 2.226e+02 2 0))))INFO: dtree.c(1315): Comp split 3
INFO: dtree.c(1439): stop. leaf nodes are specific
INFO: dtree.c(1478): Final simple tree
|( QUESTION0_3_R 1 8.280e+02 1.368e+02 4.506e+01
|    ( - 2.631e+02 3 0)
|    ( QUESTION0 1 4.280e+02 8.523e+01 2.606e+01
|        ( QUESTION0_1_R 1 1.137e+02 1.880e+01 1.000e+01
|            ( - 2.243e-01 1 0)
|            ( - 9.472e+01 2 0))
|        ( QUESTION6 1 2.290e+02 5.502e+01 1.606e+01
|            ( QUESTION0 -1 9.260e+01 1.777e+01 8.060e+00
|                ( - 7.312e+01 1 0)
|                ( - 1.703e+00 1 0))
|            ( QUESTION4 1 8.142e+01 1.565e+01 8.000e+00
|                ( - 6.535e+01 1 0)
|                ( - 4.149e-01 1 0)))))
s>    ( QUESTION0_3_R 1 8.280e+02 1.368e+02 4.506e+01
s>        ( - 2.631e+02 3 0)
s>        ( QUESTION0 1 4.280e+02 8.523e+01 2.606e+01
s>            ( QUESTION0_1_R 1 1.137e+02 1.880e+01 1.000e+01
s>                ( - 2.243e-01 1 0)
s>                ( - 9.472e+01 2 0))
s>            ( QUESTION6 1 2.290e+02 5.502e+01 1.606e+01
s>                ( QUESTION0 -1 9.260e+01 1.777e+01 8.060e+00
s>                    ( - 7.312e+01 1 0)
s>                    ( - 1.703e+00 1 0))
s>                ( QUESTION4 1 8.142e+01 1.565e+01 8.000e+00
s>                    ( - 6.535e+01 1 0)
s>                    ( - 4.149e-01 1 0)))))INFO: dtree.c(1439): stop. leaf nodes are specific
INFO: dtree.c(1478): Final simple tree
|( QUESTION4 1 1.329e+03 1.801e+02 7.025e+01
|    ( QUESTION0 -1 7.453e+02 9.796e+01 4.231e+01
|        ( - 4.888e+02 3 0)
|        ( - 1.585e+02 1 0))
|    ( QUESTION0 -1 4.037e+02 9.296e+01 2.794e+01
|        ( - 1.569e+02 2 0)
|        ( QUESTION0_0_R 1 1.538e+02 3.978e+01 1.499e+01
|            ( - 2.099e+01 1 0)
|            ( - 9.305e+01 1 0))))
s>    ( QUESTION4 1 1.329e+03 1.801e+02 7.025e+01
s>        ( QUESTION0 -1 7.453e+02 9.796e+01 4.231e+01
s>            ( - 4.888e+02 3 0)
s>            ( - 1.585e+02 1 0))
s>        ( QUESTION0 -1 4.037e+02 9.296e+01 2.794e+01
s>            ( - 1.569e+02 2 0)
s>            ( QUESTION0_0_R 1 1.538e+02 3.978e+01 1.499e+01
s>                ( - 2.099e+01 1 0)
s>                ( - 9.305e+01 1 0))))INFO: dtree.c(1315): Comp split 4
INFO: dtree.c(1439): stop. leaf nodes are specific
INFO: dtree.c(1478): Final simple tree
|( WDBNDRY_B 0 1.066e+03 1.389e+02 6.087e+01
|    ( QUESTION2_0_L -1 1.806e+02 4.260e+01 1.429e+01
|        ( QUESTION0 -1 7.602e+01 1.499e+01 8.087e+00
|            ( - 6.097e+01 4 0)
|            ( - 5.989e-02 1 0))
|        ( QUESTION2 -1 6.199e+01 2.391e+01 6.203e+00
|            ( QUESTION2_16_L -1 2.984e+01 1.592e+01 4.017e+00
|                ( - 7.329e+00 1 0)
|                ( - 6.592e+00 1 0))
|            ( - 8.241e+00 1 0)))
|    ( QUESTION0 -1 7.461e+02 6.391e+01 4.658e+01
|        ( - 6.316e+02 4 0)
|        ( - 5.054e+01 1 0)))
s>    ( WDBNDRY_B 0 1.066e+03 1.389e+02 6.087e+01
s>        ( QUESTION2_0_L -1 1.806e+02 4.260e+01 1.429e+01
s>            ( QUESTION0 -1 7.602e+01 1.499e+01 8.087e+00
s>                ( - 6.097e+01 4 0)
s>                ( - 5.989e-02 1 0))
s>            ( QUESTION2 -1 6.199e+01 2.391e+01 6.203e+00
s>                ( QUESTION2_16_L -1 2.984e+01 1.592e+01 4.017e+00
s>                    ( - 7.329e+00 1 0)
s>                    ( - 6.592e+00 1 0))
s>                ( - 8.241e+00 1 0)))
s>        ( QUESTION0 -1 7.461e+02 6.391e+01 4.658e+01
s>            ( - 6.316e+02 4 0)
s>            ( - 5.054e+01 1 0)))INFO: dtree.c(1478): Final simple tree
|( QUESTION3 1 1.381e+03 1.810e+02 7.059e+01
|    ( WDBNDRY_B 0 7.144e+02 1.271e+02 4.081e+01
|        ( QUESTION0 -1 2.406e+02 4.176e+01 1.779e+01
|            ( - 1.819e+02 3 0)
|            ( - 1.694e+01 1 0))
|        ( - 3.466e+02 6 0 QUESTION0_0_R 1 2.420e+01 2.302e+01))
|    ( QUESTION2_0_L -1 4.858e+02 7.296e+01 2.978e+01
|        ( WDBNDRY_B 0 2.728e+02 5.635e+01 1.878e+01
|            ( - 1.377e+02 3 0 QUESTION0 -1 2.676e+01 1.178e+01)
|            ( QUESTION0_0_R 1 7.870e+01 2.779e+01 7.000e+00
|                ( - 1.870e+01 1 0)
|                ( - 3.221e+01 2 0 QUESTION0_14_R 1 1.289e+01 4.000e+00)))
|        ( QUESTION2 -1 1.401e+02 3.458e+01 1.100e+01
|            ( - 7.601e+01 2 0 QUESTION2_2_L -1 2.703e+01 7.000e+00)
|            ( - 2.947e+01 1 0))))
s>    ( QUESTION3 1 1.381e+03 1.810e+02 7.059e+01
s>        ( WDBNDRY_B 0 7.144e+02 1.271e+02 4.081e+01
s>            ( QUESTION0 -1 2.406e+02 4.176e+01 1.779e+01
s>                ( - 1.819e+02 3 0)
s>                ( - 1.694e+01 1 0))
s>            ( - 3.466e+02 6 0 QUESTION0_0_R 1 2.420e+01 2.302e+01))
s>        ( QUESTION2_0_L -1 4.858e+02 7.296e+01 2.978e+01
s>            ( WDBNDRY_B 0 2.728e+02 5.635e+01 1.878e+01
s>                ( - 1.377e+02 3 0 QUESTION0 -1 2.676e+01 1.178e+01)
s>                ( QUESTION0_0_R 1 7.870e+01 2.779e+01 7.000e+00
s>                    ( - 1.870e+01 1 0)
s>                    ( - 3.221e+01 2 0 QUESTION0_14_R 1 1.289e+01 4.000e+00)))
s>            ( QUESTION2 -1 1.401e+02 3.458e+01 1.100e+01
s>                ( - 7.601e+01 2 0 QUESTION2_2_L -1 2.703e+01 7.000e+00)
s>                ( - 2.947e+01 1 0))))INFO: dtree.c(1315): Comp split 5
INFO: dtree.c(1439): stop. leaf nodes are specific
INFO: dtree.c(1478): Final simple tree
|( QUESTION0_17_R 1 8.817e+02 1.328e+02 4.834e+01
|    ( QUESTION0_18_R 1 4.401e+02 4.517e+01 2.800e+01
|        ( - 1.894e+01 1 0)
|        ( - 3.760e+02 3 0))
|    ( QUESTION0_14_R 1 3.088e+02 6.874e+01 2.034e+01
|        ( QUESTION0 -1 1.030e+02 2.240e+01 9.000e+00
|            ( - 7.405e+01 2 0)
|            ( - 6.521e+00 1 0))
|        ( - 1.371e+02 2 0)))
s>    ( QUESTION0_17_R 1 8.817e+02 1.328e+02 4.834e+01
s>        ( QUESTION0_18_R 1 4.401e+02 4.517e+01 2.800e+01
s>            ( - 1.894e+01 1 0)
s>            ( - 3.760e+02 3 0))
s>        ( QUESTION0_14_R 1 3.088e+02 6.874e+01 2.034e+01
s>            ( QUESTION0 -1 1.030e+02 2.240e+01 9.000e+00
s>                ( - 7.405e+01 2 0)
s>                ( - 6.521e+00 1 0))
s>            ( - 1.371e+02 2 0)))INFO: dtree.c(1439): stop. leaf nodes are specific
INFO: dtree.c(1478): Final simple tree
|( QUESTION2 1 1.117e+03 1.392e+02 6.100e+01
|    ( - 6.768e+02 6 0)
|    ( QUESTION0_0_R 1 3.006e+02 5.005e+01 2.100e+01
|        ( - 2.799e+01 1 0)
|        ( - 2.226e+02 2 0)))
s>    ( QUESTION2 1 1.117e+03 1.392e+02 6.100e+01
s>        ( - 6.768e+02 6 0)
s>        ( QUESTION0_0_R 1 3.006e+02 5.005e+01 2.100e+01
s>            ( - 2.799e+01 1 0)
s>            ( - 2.226e+02 2 0)))INFO: dtree.c(1315): Comp split 6
INFO: dtree.c(1439): stop. leaf nodes are specific
INFO: dtree.c(1478): Final simple tree
|( WDBNDRY_B 0 7.519e+02 1.142e+02 4.532e+01
|    ( QUESTION0 -1 1.722e+02 4.709e+01 1.400e+01
|        ( QUESTION0_0_R 1 1.011e+02 2.779e+01 1.000e+01
|            ( - 4.997e+01 2 0)
|            ( - 2.336e+01 1 0))
|        ( - 2.397e+01 1 0))
|    ( QUESTION0 -1 4.656e+02 6.260e+01 3.132e+01
|        ( - 3.464e+02 2 0)
|        ( QUESTION2_12_L -1 5.660e+01 2.242e+01 7.008e+00
|            ( - 1.079e+01 1 0)
|            ( - 2.339e+01 1 0))))
s>    ( WDBNDRY_B 0 7.519e+02 1.142e+02 4.532e+01
s>        ( QUESTION0 -1 1.722e+02 4.709e+01 1.400e+01
s>            ( QUESTION0_0_R 1 1.011e+02 2.779e+01 1.000e+01
s>                ( - 4.997e+01 2 0)
s>                ( - 2.336e+01 1 0))
s>            ( - 2.397e+01 1 0))
s>        ( QUESTION0 -1 4.656e+02 6.260e+01 3.132e+01
s>            ( - 3.464e+02 2 0)
s>            ( QUESTION2_12_L -1 5.660e+01 2.242e+01 7.008e+00
s>                ( - 1.079e+01 1 0)
s>                ( - 2.339e+01 1 0))))INFO: dtree.c(1439): stop. leaf nodes are specific
INFO: dtree.c(1478): Final simple tree
|( QUESTION0 -1 1.143e+03 1.242e+02 7.253e+01
|    ( - 8.193e+02 6 0)
|    ( QUESTION3 -1 1.994e+02 5.025e+01 1.600e+01
|        ( - 5.861e+01 1 0)
|        ( SILENCE -1 9.055e+01 3.399e+01 8.977e+00
|            ( - 3.704e+01 1 0)
|            ( - 1.952e+01 1 0))))
s>    ( QUESTION0 -1 1.143e+03 1.242e+02 7.253e+01
s>        ( - 8.193e+02 6 0)
s>        ( QUESTION3 -1 1.994e+02 5.025e+01 1.600e+01
s>            ( - 5.861e+01 1 0)
s>            ( SILENCE -1 9.055e+01 3.399e+01 8.977e+00
s>                ( - 3.704e+01 1 0)
s>                ( - 1.952e+01 1 0))))INFO: dtree.c(1315): Comp split 7
INFO: dtree.c(1478): Final simple tree
|( QUESTION2_0_L -1 5.493e+02 7.911e+01 3.278e+01
|    ( WDBNDRY_B 0 2.728e+02 5.635e+01 1.878e+01
|        ( QUESTION0 -1 1.377e+02 2.676e+01 1.178e+01
|            ( - 9.554e+01 2 0)
|            ( - 1.543e+01 1 0))
|        ( QUESTION0_0_R 1 7.870e+01 2.779e+01 7.000e+00
|            ( - 1.870e+01 1 0)
|            ( - 3.221e+01 2 0 QUESTION0_14_R 1 1.289e+01 4.000e+00)))
|    ( QUESTION2_2_L -1 1.974e+02 4.839e+01 1.400e+01
|        ( QUESTION0_12_R 1 7.368e+01 2.633e+01 7.000e+00
|            ( - 1.694e+01 1 0)
|            ( - 3.041e+01 1 0))
|        ( QUESTION2 -1 7.532e+01 2.727e+01 7.000e+00
|            ( - 1.858e+01 1 0)
|            ( - 2.947e+01 1 0))))
s>    ( QUESTION2_0_L -1 5.493e+02 7.911e+01 3.278e+01
s>        ( WDBNDRY_B 0 2.728e+02 5.635e+01 1.878e+01
s>            ( QUESTION0 -1 1.377e+02 2.676e+01 1.178e+01
s>                ( - 9.554e+01 2 0)
s>                ( - 1.543e+01 1 0))
s>            ( QUESTION0_0_R 1 7.870e+01 2.779e+01 7.000e+00
s>                ( - 1.870e+01 1 0)
s>                ( - 3.221e+01 2 0 QUESTION0_14_R 1 1.289e+01 4.000e+00)))
s>        ( QUESTION2_2_L -1 1.974e+02 4.839e+01 1.400e+01
s>            ( QUESTION0_12_R 1 7.368e+01 2.633e+01 7.000e+00
s>                ( - 1.694e+01 1 0)
s>                ( - 3.041e+01 1 0))
s>            ( QUESTION2 -1 7.532e+01 2.727e+01 7.000e+00
s>                ( - 1.858e+01 1 0)
s>                ( - 2.947e+01 1 0))))INFO: dtree.c(1439): stop. leaf nodes are specific
INFO: dtree.c(1478): Final simple tree
|( WDBNDRY_B 0 6.430e+02 1.145e+02 3.781e+01
|    ( - 1.819e+02 3 0)
|    ( QUESTION0_0_R 1 3.466e+02 2.420e+01 2.302e+01
|        ( - 7.181e-01 1 0)
|        ( - 3.217e+02 5 0)))
s>    ( WDBNDRY_B 0 6.430e+02 1.145e+02 3.781e+01
s>        ( - 1.819e+02 3 0)
s>        ( QUESTION0_0_R 1 3.466e+02 2.420e+01 2.302e+01
s>            ( - 7.181e-01 1 0)
s>            ( - 3.217e+02 5 0)))INFO: dtree.c(1315): Comp split 8
INFO: dtree.c(1439): stop. leaf nodes are specific
INFO: dtree.c(1478): Final simple tree
|( QUESTION0 -1 4.037e+02 9.296e+01 2.794e+01
|    ( - 1.569e+02 2 0)
|    ( QUESTION0_0_R 1 1.538e+02 3.978e+01 1.499e+01
|        ( - 2.099e+01 1 0)
|        ( - 9.305e+01 1 0)))
s>    ( QUESTION0 -1 4.037e+02 9.296e+01 2.794e+01
s>        ( - 1.569e+02 2 0)
s>        ( QUESTION0_0_R 1 1.538e+02 3.978e+01 1.499e+01
s>            ( - 2.099e+01 1 0)
s>            ( - 9.305e+01 1 0)))INFO: dtree.c(1439): stop. leaf nodes are specific
INFO: dtree.c(1478): Final simple tree
|( QUESTION0 -1 7.453e+02 9.796e+01 4.231e+01
|    ( - 4.888e+02 3 0)
|    ( - 1.585e+02 1 0))
s>    ( QUESTION0 -1 7.453e+02 9.796e+01 4.231e+01
s>        ( - 4.888e+02 3 0)
s>        ( - 1.585e+02 1 0))INFO: dtree.c(1315): Comp split 9
INFO: dtree.c(1439): stop. leaf nodes are specific
INFO: dtree.c(1478): Final simple tree
|( QUESTION0_1_R 1 3.942e+02 6.573e+01 2.600e+01
|    ( - 6.535e+01 1 0)
|    ( - 2.631e+02 3 0))
s>    ( QUESTION0_1_R 1 3.942e+02 6.573e+01 2.600e+01
s>        ( - 6.535e+01 1 0)
s>        ( - 2.631e+02 3 0))INFO: dtree.c(1439): stop. leaf nodes are specific
INFO: dtree.c(1478): Final simple tree
|( QUESTION0 1 2.903e+02 6.536e+01 1.906e+01
|    ( QUESTION0_1_R 1 1.137e+02 1.880e+01 1.000e+01
|        ( - 2.243e-01 1 0)
|        ( - 9.472e+01 2 0))
|    ( QUESTION0 -1 1.112e+02 1.853e+01 9.060e+00
|        ( QUESTION6 1 9.093e+01 1.740e+01 8.060e+00
|            ( - 7.312e+01 1 0)
|            ( - 4.149e-01 1 0))
|        ( - 1.703e+00 1 0)))
s>    ( QUESTION0 1 2.903e+02 6.536e+01 1.906e+01
s>        ( QUESTION0_1_R 1 1.137e+02 1.880e+01 1.000e+01
s>            ( - 2.243e-01 1 0)
s>            ( - 9.472e+01 2 0))
s>        ( QUESTION0 -1 1.112e+02 1.853e+01 9.060e+00
s>            ( QUESTION6 1 9.093e+01 1.740e+01 8.060e+00
s>                ( - 7.312e+01 1 0)
s>                ( - 4.149e-01 1 0))
s>            ( - 1.703e+00 1 0)))INFO: dtree.c(1315): Comp split 10
INFO: dtree.c(1439): stop. leaf nodes are specific
INFO: dtree.c(1478): Final simple tree
|( QUESTION0_0_R 1 3.006e+02 5.005e+01 2.100e+01
|    ( - 2.799e+01 1 0)
|    ( - 2.226e+02 2 0))
s>    ( QUESTION0_0_R 1 3.006e+02 5.005e+01 2.100e+01
s>        ( - 2.799e+01 1 0)
s>        ( - 2.226e+02 2 0))INFO: dtree.c(1315): Comp split 11
INFO: dtree.c(1439): stop. leaf nodes are specific
INFO: dtree.c(1478): Final simple tree
|( QUESTION2_0_L -1 1.806e+02 4.260e+01 1.429e+01
|    ( QUESTION0 -1 7.602e+01 1.499e+01 8.087e+00
|        ( - 6.097e+01 4 0)
|        ( - 5.989e-02 1 0))
|    ( QUESTION2 -1 6.199e+01 2.391e+01 6.203e+00
|        ( QUESTION2_16_L -1 2.984e+01 1.592e+01 4.017e+00
|            ( - 7.329e+00 1 0)
|            ( - 6.592e+00 1 0))
|        ( - 8.241e+00 1 0)))
s>    ( QUESTION2_0_L -1 1.806e+02 4.260e+01 1.429e+01
s>        ( QUESTION0 -1 7.602e+01 1.499e+01 8.087e+00
s>            ( - 6.097e+01 4 0)
s>            ( - 5.989e-02 1 0))
s>        ( QUESTION2 -1 6.199e+01 2.391e+01 6.203e+00
s>            ( QUESTION2_16_L -1 2.984e+01 1.592e+01 4.017e+00
s>                ( - 7.329e+00 1 0)
s>                ( - 6.592e+00 1 0))
s>            ( - 8.241e+00 1 0)))INFO: dtree.c(1439): stop. leaf nodes are specific
INFO: dtree.c(1478): Final simple tree
|( QUESTION0 -1 7.461e+02 6.391e+01 4.658e+01
|    ( - 6.316e+02 4 0)
|    ( - 5.054e+01 1 0))
s>    ( QUESTION0 -1 7.461e+02 6.391e+01 4.658e+01
s>        ( - 6.316e+02 4 0)
s>        ( - 5.054e+01 1 0))INFO: dtree.c(1315): Comp split 12
INFO: dtree.c(1439): stop. leaf nodes are specific
INFO: dtree.c(1478): Final simple tree
|( QUESTION0_16_R 1 3.670e+02 7.803e+01 2.334e+01
|    ( - 1.371e+02 2 0)
|    ( QUESTION0_14_R 1 1.518e+02 2.993e+01 1.200e+01
|        ( QUESTION0 -1 1.030e+02 2.240e+01 9.000e+00
|            ( - 7.405e+01 2 0)
|            ( - 6.521e+00 1 0))
|        ( - 1.894e+01 1 0)))
s>    ( QUESTION0_16_R 1 3.670e+02 7.803e+01 2.334e+01
s>        ( - 1.371e+02 2 0)
s>        ( QUESTION0_14_R 1 1.518e+02 2.993e+01 1.200e+01
s>            ( QUESTION0 -1 1.030e+02 2.240e+01 9.000e+00
s>                ( - 7.405e+01 2 0)
s>                ( - 6.521e+00 1 0))
s>            ( - 1.894e+01 1 0)))INFO: dtree.c(1315): Comp split 13
INFO: dtree.c(1439): stop. leaf nodes are specific
INFO: dtree.c(1478): Final simple tree
|( QUESTION3 -1 1.994e+02 5.025e+01 1.600e+01
|    ( - 5.861e+01 1 0)
|    ( SILENCE -1 9.055e+01 3.399e+01 8.977e+00
|        ( - 3.704e+01 1 0)
|        ( - 1.952e+01 1 0)))
s>    ( QUESTION3 -1 1.994e+02 5.025e+01 1.600e+01
s>        ( - 5.861e+01 1 0)
s>        ( SILENCE -1 9.055e+01 3.399e+01 8.977e+00
s>            ( - 3.704e+01 1 0)
s>            ( - 1.952e+01 1 0)))INFO: dtree.c(1315): Comp split 14
INFO: dtree.c(1439): stop. leaf nodes are specific
INFO: dtree.c(1478): Final simple tree
|( WDBNDRY_B 0 2.002e+02 1.757e+01 1.579e+01
|    ( - 1.819e+02 3 0)
|    ( - 7.181e-01 1 0))
s>    ( WDBNDRY_B 0 2.002e+02 1.757e+01 1.579e+01
s>        ( - 1.819e+02 3 0)
s>        ( - 7.181e-01 1 0))INFO: dtree.c(1315): Comp split 15
INFO: dtree.c(1439): stop. leaf nodes are specific
INFO: dtree.c(1478): Final simple tree
|( QUESTION0_0_R 1 1.526e+02 4.073e+01 1.301e+01
|    ( - 4.997e+01 2 0)
|    ( WDBNDRY_B 0 6.193e+01 2.777e+01 7.009e+00
|        ( - 2.336e+01 1 0)
|        ( - 1.079e+01 1 0)))
s>    ( QUESTION0_0_R 1 1.526e+02 4.073e+01 1.301e+01
s>        ( - 4.997e+01 2 0)
s>        ( WDBNDRY_B 0 6.193e+01 2.777e+01 7.009e+00
s>            ( - 2.336e+01 1 0)
s>            ( - 1.079e+01 1 0)))INFO: dtree.c(1439): stop. leaf nodes are specific
INFO: dtree.c(1478): Final simple tree
|( QUESTION0 -1 4.841e+02 6.841e+01 3.232e+01
|    ( - 3.464e+02 2 0)
|    ( WDBNDRY_B 0 6.932e+01 2.197e+01 8.000e+00
|        ( - 2.397e+01 1 0)
|        ( - 2.339e+01 1 0)))
s>    ( QUESTION0 -1 4.841e+02 6.841e+01 3.232e+01
s>        ( - 3.464e+02 2 0)
s>        ( WDBNDRY_B 0 6.932e+01 2.197e+01 8.000e+00
s>            ( - 2.397e+01 1 0)
s>            ( - 2.339e+01 1 0)))INFO: dtree.c(1315): Comp split 16
INFO: dtree.c(1439): stop. leaf nodes are specific
INFO: dtree.c(1478): Final simple tree
|( QUESTION2 -1 2.043e+02 4.418e+01 1.500e+01
|    ( QUESTION0_12_R 1 7.368e+01 2.633e+01 7.000e+00
|        ( - 1.694e+01 1 0)
|        ( - 3.041e+01 1 0))
|    ( WDBNDRY_B 0 8.639e+01 2.471e+01 8.000e+00
|        ( - 2.947e+01 1 0)
|        ( QUESTION0_14_R 1 3.221e+01 1.289e+01 4.000e+00
|            ( - 1.811e+01 1 0)
|            ( - 1.211e+00 1 0))))
s>    ( QUESTION2 -1 2.043e+02 4.418e+01 1.500e+01
s>        ( QUESTION0_12_R 1 7.368e+01 2.633e+01 7.000e+00
s>            ( - 1.694e+01 1 0)
s>            ( - 3.041e+01 1 0))
s>        ( WDBNDRY_B 0 8.639e+01 2.471e+01 8.000e+00
s>            ( - 2.947e+01 1 0)
s>            ( QUESTION0_14_R 1 3.221e+01 1.289e+01 4.000e+00
s>                ( - 1.811e+01 1 0)
s>                ( - 1.211e+00 1 0))))INFO: dtree.c(1439): stop. leaf nodes are specific
INFO: dtree.c(1478): Final simple tree
|( QUESTION3 -1 2.460e+02 4.968e+01 1.778e+01
|    ( WDBNDRY_B 0 5.260e+01 1.848e+01 6.000e+00
|        ( - 1.543e+01 1 0)
|        ( - 1.870e+01 1 0))
|    ( QUESTION0 -1 1.437e+02 2.957e+01 1.178e+01
|        ( - 9.554e+01 2 0)
|        ( - 1.858e+01 1 0)))
s>    ( QUESTION3 -1 2.460e+02 4.968e+01 1.778e+01
s>        ( WDBNDRY_B 0 5.260e+01 1.848e+01 6.000e+00
s>            ( - 1.543e+01 1 0)
s>            ( - 1.870e+01 1 0))
s>        ( QUESTION0 -1 1.437e+02 2.957e+01 1.178e+01
s>            ( - 9.554e+01 2 0)
s>            ( - 1.858e+01 1 0)))INFO: dtree.c(1315): Comp split 17
INFO: dtree.c(1315): Comp split 18
INFO: dtree.c(1439): stop. leaf nodes are specific
INFO: dtree.c(1478): Final simple tree
|( QUESTION0_0_R 1 1.538e+02 3.978e+01 1.499e+01
|    ( - 2.099e+01 1 0)
|    ( - 9.305e+01 1 0))
s>    ( QUESTION0_0_R 1 1.538e+02 3.978e+01 1.499e+01
s>        ( - 2.099e+01 1 0)
s>        ( - 9.305e+01 1 0))INFO: dtree.c(1315): Comp split 19
INFO: dtree.c(1439): stop. leaf nodes are specific
INFO: dtree.c(1478): Final simple tree
|( QUESTION0_14_R 1 1.518e+02 2.993e+01 1.200e+01
|    ( QUESTION0 -1 1.030e+02 2.240e+01 9.000e+00
|        ( - 7.405e+01 2 0)
|        ( - 6.521e+00 1 0))
|    ( - 1.894e+01 1 0))
s>    ( QUESTION0_14_R 1 1.518e+02 2.993e+01 1.200e+01
s>        ( QUESTION0 -1 1.030e+02 2.240e+01 9.000e+00
s>            ( - 7.405e+01 2 0)
s>            ( - 6.521e+00 1 0))
s>        ( - 1.894e+01 1 0))INFO: dtree.c(1315): Comp split 20
INFO: dtree.c(1439): stop. leaf nodes are specific
INFO: dtree.c(1478): Final simple tree
|( WDBNDRY_B 0 6.932e+01 2.197e+01 8.000e+00
|    ( - 2.397e+01 1 0)
|    ( - 2.339e+01 1 0))
s>    ( WDBNDRY_B 0 6.932e+01 2.197e+01 8.000e+00
s>        ( - 2.397e+01 1 0)
s>        ( - 2.339e+01 1 0))INFO: dtree.c(1315): Comp split 21
INFO: dtree.c(1439): stop. leaf nodes are specific
INFO: dtree.c(1478): Final simple tree
|( QUESTION6 1 1.095e+02 2.761e+01 9.060e+00
|    ( - 7.312e+01 1 0)
|    ( QUESTION0 1 8.720e+00 8.081e+00 2.000e+00
|        ( - 2.243e-01 1 0)
|        ( - 4.149e-01 1 0)))
s>    ( QUESTION6 1 1.095e+02 2.761e+01 9.060e+00
s>        ( - 7.312e+01 1 0)
s>        ( QUESTION0 1 8.720e+00 8.081e+00 2.000e+00
s>            ( - 2.243e-01 1 0)
s>            ( - 4.149e-01 1 0)))INFO: dtree.c(1439): stop. leaf nodes are specific
INFO: dtree.c(1478): Final simple tree
|( QUESTION0_1_R 1 1.135e+02 1.706e+01 1.000e+01
|    ( - 1.703e+00 1 0)
|    ( - 9.472e+01 2 0))
s>    ( QUESTION0_1_R 1 1.135e+02 1.706e+01 1.000e+01
s>        ( - 1.703e+00 1 0)
s>        ( - 9.472e+01 2 0))INFO: dtree.c(1315): Comp split 22
INFO: dtree.c(1315): Comp split 23
INFO: dtree.c(1315): Comp split 24
INFO: dtree.c(1439): stop. leaf nodes are specific
INFO: dtree.c(1478): Final simple tree
|( SILENCE -1 9.055e+01 3.399e+01 8.977e+00
|    ( - 3.704e+01 1 0)
|    ( - 1.952e+01 1 0))
s>    ( SILENCE -1 9.055e+01 3.399e+01 8.977e+00
s>        ( - 3.704e+01 1 0)
s>        ( - 1.952e+01 1 0))INFO: dtree.c(1315): Comp split 25
INFO: dtree.c(1315): Comp split 26
INFO: dtree.c(1439): stop. leaf nodes are specific
INFO: dtree.c(1478): Final simple tree
|( QUESTION0 -1 1.437e+02 2.957e+01 1.178e+01
|    ( - 9.554e+01 2 0)
|    ( - 1.858e+01 1 0))
s>    ( QUESTION0 -1 1.437e+02 2.957e+01 1.178e+01
s>        ( - 9.554e+01 2 0)
s>        ( - 1.858e+01 1 0))INFO: dtree.c(1439): stop. leaf nodes are specific
INFO: dtree.c(1478): Final simple tree
|( WDBNDRY_B 0 5.260e+01 1.848e+01 6.000e+00
|    ( - 1.543e+01 1 0)
|    ( - 1.870e+01 1 0))
s>    ( WDBNDRY_B 0 5.260e+01 1.848e+01 6.000e+00
s>        ( - 1.543e+01 1 0)
s>        ( - 1.870e+01 1 0))INFO: dtree.c(1315): Comp split 27
INFO: dtree.c(1439): stop. leaf nodes are specific
INFO: dtree.c(1478): Final simple tree
|( QUESTION0_14_R 1 6.981e+01 2.080e+01 7.000e+00
|    ( - 1.811e+01 1 0)
|    ( WDBNDRY_B 0 3.090e+01 1.274e+01 4.000e+00
|        ( - 1.694e+01 1 0)
|        ( - 1.211e+00 1 0)))
s>    ( QUESTION0_14_R 1 6.981e+01 2.080e+01 7.000e+00
s>        ( - 1.811e+01 1 0)
s>        ( WDBNDRY_B 0 3.090e+01 1.274e+01 4.000e+00
s>            ( - 1.694e+01 1 0)
s>            ( - 1.211e+00 1 0)))INFO: dtree.c(1439): stop. leaf nodes are specific
INFO: dtree.c(1478): Final simple tree
|( QUESTION2 -1 8.499e+01 2.512e+01 8.000e+00
|    ( - 3.041e+01 1 0)
|    ( - 2.947e+01 1 0))
s>    ( QUESTION2 -1 8.499e+01 2.512e+01 8.000e+00
s>        ( - 3.041e+01 1 0)
s>        ( - 2.947e+01 1 0))INFO: dtree.c(1315): Comp split 28
INFO: dtree.c(1439): stop. leaf nodes are specific
INFO: dtree.c(1478): Final simple tree
|( QUESTION0 -1 8.962e+01 2.132e+01 9.100e+00
|    ( - 6.097e+01 4 0)
|    ( - 7.329e+00 1 0))
s>    ( QUESTION0 -1 8.962e+01 2.132e+01 9.100e+00
s>        ( - 6.097e+01 4 0)
s>        ( - 7.329e+00 1 0))INFO: dtree.c(1439): stop. leaf nodes are specific
INFO: dtree.c(1478): Final simple tree
|( QUESTION4 -1 4.656e+01 2.079e+01 5.190e+00
|    ( - 8.241e+00 1 0)
|    ( QUESTION2 -1 1.754e+01 1.089e+01 3.004e+00
|        ( - 6.592e+00 1 0)
|        ( - 5.989e-02 1 0)))
s>    ( QUESTION4 -1 4.656e+01 2.079e+01 5.190e+00
s>        ( - 8.241e+00 1 0)
s>        ( QUESTION2 -1 1.754e+01 1.089e+01 3.004e+00
s>            ( - 6.592e+00 1 0)
s>            ( - 5.989e-02 1 0)))INFO: dtree.c(1315): Comp split 29
INFO: dtree.c(1439): stop. leaf nodes are specific
INFO: dtree.c(1478): Final simple tree
|( WDBNDRY_B 0 6.193e+01 2.777e+01 7.009e+00
|    ( - 2.336e+01 1 0)
|    ( - 1.079e+01 1 0))
s>    ( WDBNDRY_B 0 6.193e+01 2.777e+01 7.009e+00
s>        ( - 2.336e+01 1 0)
s>        ( - 1.079e+01 1 0))INFO: dtree.c(1315): Comp split 30
INFO: dtree.c(1315): Comp split 31
INFO: dtree.c(1439): stop. leaf nodes are specific
INFO: dtree.c(1478): Final simple tree
|( QUESTION0_14_R 1 4.002e+01 1.457e+01 5.000e+00
|    ( - 6.521e+00 1 0)
|    ( - 1.894e+01 1 0))
s>    ( QUESTION0_14_R 1 4.002e+01 1.457e+01 5.000e+00
s>        ( - 6.521e+00 1 0)
s>        ( - 1.894e+01 1 0))INFO: dtree.c(1315): Comp split 32
INFO: dtree.c(1315): Comp split 33
INFO: dtree.c(1315): Comp split 34
INFO: dtree.c(1315): Comp split 35
INFO: dtree.c(1439): stop. leaf nodes are specific
INFO: dtree.c(1478): Final simple tree
|( QUESTION0 1 8.720e+00 8.081e+00 2.000e+00
|    ( - 2.243e-01 1 0)
|    ( - 4.149e-01 1 0))
s>    ( QUESTION0 1 8.720e+00 8.081e+00 2.000e+00
s>        ( - 2.243e-01 1 0)
s>        ( - 4.149e-01 1 0))INFO: dtree.c(1315): Comp split 36
INFO: dtree.c(1315): Comp split 37
INFO: dtree.c(1315): Comp split 38
INFO: dtree.c(1315): Comp split 39
INFO: dtree.c(1439): stop. leaf nodes are specific
INFO: dtree.c(1478): Final simple tree
|( WDBNDRY_B 0 3.090e+01 1.274e+01 4.000e+00
|    ( - 1.694e+01 1 0)
|    ( - 1.211e+00 1 0))
s>    ( WDBNDRY_B 0 3.090e+01 1.274e+01 4.000e+00
s>        ( - 1.694e+01 1 0)
s>        ( - 1.211e+00 1 0))INFO: dtree.c(1315): Comp split 40
INFO: dtree.c(1439): stop. leaf nodes are specific
INFO: dtree.c(1478): Final simple tree
|( QUESTION2 -1 1.754e+01 1.089e+01 3.004e+00
|    ( - 6.592e+00 1 0)
|    ( - 5.989e-02 1 0))
s>    ( QUESTION2 -1 1.754e+01 1.089e+01 3.004e+00
s>        ( - 6.592e+00 1 0)
s>        ( - 5.989e-02 1 0))INFO: dtree.c(1315): Comp split 41
INFO: dtree.c(1315): Comp split 42
INFO: dtree.c(1315): Comp split 43
INFO: dtree.c(1315): Comp split 44
INFO: dtree.c(1315): Comp split 45
INFO: dtree.c(1315): Comp split 46
INFO: dtree.c(1315): Comp split 47
INFO: dtree.c(1315): Comp split 48
INFO: dtree.c(1318): stop. leaf nodes are specific
!!!!!!!!Allocated 67 lines
Thu Apr  7 00:40:47 2016
