Current configuration:
[NAME]		[DEFLT]			[VALUE]
-example	no			no
-fullvar	no			yes
-help		no			no
-meanfn					/home/yaroslav/model/model_parameters/ua.ci_semi/means
-mixwfn					/home/yaroslav/model/model_parameters/ua.ci_semi/mixture_weights
-moddeffn				/home/yaroslav/model/model_architecture/ua.ci.mdef
-niter		0			1
-npermute	6			12
-qstperstt	8			20
-questfn				/home/yaroslav/model/model_architecture/ua.tree_questions
-tempfn		/tmp/TEMP.QUESTS	/tmp/TEMP.QUESTS
-type					.semi.
-varfloor	1.0e-08			1.000000e-08
-varfn					/home/yaroslav/model/model_parameters/ua.ci_semi/variances

INFO: main.c(792): Reading: /home/yaroslav/model/model_architecture/ua.ci.mdef
INFO: model_def_io.c(573): Model definition info:
INFO: model_def_io.c(574): 49 total models defined (49 base, 0 tri)
INFO: model_def_io.c(575): 196 total states
INFO: model_def_io.c(576): 147 total tied states
INFO: model_def_io.c(577): 147 total tied CI states
INFO: model_def_io.c(578): 49 total tied transition matrices
INFO: model_def_io.c(579): 4 max state/model
INFO: model_def_io.c(580): 4 min state/model
INFO: main.c(811): Reading: /home/yaroslav/model/model_parameters/ua.ci_semi/mixture_weights
INFO: s3mixw_io.c(117): Read /home/yaroslav/model/model_parameters/ua.ci_semi/mixture_weights [147x4x256 array]
INFO: main.c(1109): Done building questions using state 0
INFO: main.c(1110):  21 questions from state 0
INFO: main.c(1109): Done building questions using state 1
INFO: main.c(1110):  20 questions from state 1
INFO: main.c(1109): Done building questions using state 2
INFO: main.c(1110):  21 questions from state 2
INFO: main.c(1115): Stored questions in /home/yaroslav/model/model_architecture/ua.tree_questions
Thu Apr  7 00:21:00 2016
