        INFO: pocketsphinx.c(152): Parsed model-specific feature parameters from /home/yaroslav/model/model_parameters/ua.cd_cont_1000/feat.params
Current configuration:
[NAME]			[DEFLT]		[VALUE]
-agc			none		none
-agcthresh		2.0		2.000000e+00
-allphone				
-allphone_ci		no		no
-alpha			0.97		9.700000e-01
-ascale			20.0		2.000000e+01
-aw			1		1
-backtrace		no		no
-beam			1e-48		1.000000e-80
-bestpath		yes		yes
-bestpathlw		9.5		1.000000e+01
-ceplen			13		13
-cmn			current		current
-cmninit		8.0		8.0
-compallsen		no		no
-debug					0
-dict					/home/yaroslav/model/etc/ua.dic
-dictcase		no		no
-dither			no		no
-doublebw		no		no
-ds			1		1
-fdict					
-feat			1s_c_d_dd	1s_c_d_dd
-featparams				
-fillprob		1e-8		1.000000e-08
-frate			100		100
-fsg					
-fsgusealtpron		yes		yes
-fsgusefiller		yes		yes
-fwdflat		yes		yes
-fwdflatbeam		1e-64		1.000000e-80
-fwdflatefwid		4		4
-fwdflatlw		8.5		1.000000e+01
-fwdflatsfwin		25		25
-fwdflatwbeam		7e-29		1.000000e-40
-fwdtree		yes		yes
-hmm					/home/yaroslav/model/model_parameters/ua.cd_cont_1000
-input_endian		little		little
-jsgf					
-keyphrase				
-kws					
-kws_delay		10		10
-kws_plp		1e-1		1.000000e-01
-kws_threshold		1		1.000000e+00
-latsize		5000		5000
-lda					
-ldadim			0		0
-lifter			0		22
-lm					/home/yaroslav/model/etc/ua.lm.DMP
-lmctl					
-lmname					
-logbase		1.0001		1.000100e+00
-logfn					
-logspec		no		no
-lowerf			133.33334	2.000000e+02
-lpbeam			1e-40		1.000000e-80
-lponlybeam		7e-29		1.000000e-80
-lw			6.5		1.000000e+01
-maxhmmpf		30000		30000
-maxwpf			-1		-1
-mdef					
-mean					
-mfclogdir				
-min_endfr		0		0
-mixw					
-mixwfloor		0.0000001	1.000000e-07
-mllr					
-mmap			yes		yes
-ncep			13		13
-nfft			512		512
-nfilt			40		15
-nwpen			1.0		1.000000e+00
-pbeam			1e-48		1.000000e-80
-pip			1.0		1.000000e+00
-pl_beam		1e-10		1.000000e-10
-pl_pbeam		1e-10		1.000000e-10
-pl_pip			1.0		1.000000e+00
-pl_weight		3.0		3.000000e+00
-pl_window		5		5
-rawlogdir				
-remove_dc		no		no
-remove_noise		yes		yes
-remove_silence		yes		yes
-round_filters		yes		yes
-samprate		16000		1.600000e+04
-seed			-1		-1
-sendump				
-senlogdir				
-senmgau				
-silprob		0.005		5.000000e-03
-smoothspec		no		no
-svspec					
-tmat					
-tmatfloor		0.0001		1.000000e-04
-topn			4		4
-topn_beam		0		0
-toprule				
-transform		legacy		dct
-unit_area		yes		yes
-upperf			6855.4976	3.500000e+03
-uw			1.0		1.000000e+00
-vad_postspeech		50		50
-vad_prespeech		20		20
-vad_startspeech	10		10
-vad_threshold		2.0		2.000000e+00
-var					
-varfloor		0.0001		1.000000e-04
-varnorm		no		no
-verbose		no		no
-warp_params				
-warp_type		inverse_linear	inverse_linear
-wbeam			7e-29		1.000000e-40
-wip			0.65		2.000000e-01
-wlen			0.025625	2.562500e-02

INFO: feat.c(715): Initializing feature stream to type: '1s_c_d_dd', ceplen=13, CMN='current', VARNORM='no', AGC='none'
INFO: cmn.c(143): mean[0]= 12.00, mean[1..12]= 0.0
INFO: mdef.c(518): Reading model definition: /home/yaroslav/model/model_parameters/ua.cd_cont_1000/mdef
INFO: bin_mdef.c(181): Allocating 49462 * 8 bytes (386 KiB) for CD tree
INFO: tmat.c(206): Reading HMM transition probability matrices: /home/yaroslav/model/model_parameters/ua.cd_cont_1000/transition_matrices
INFO: acmod.c(117): Attempting to use PTM computation module
INFO: ms_gauden.c(198): Reading mixture gaussian parameter: /home/yaroslav/model/model_parameters/ua.cd_cont_1000/means
INFO: ms_gauden.c(292): 1153 codebook, 1 feature, size: 
INFO: ms_gauden.c(294):  16x39
INFO: ms_gauden.c(198): Reading mixture gaussian parameter: /home/yaroslav/model/model_parameters/ua.cd_cont_1000/variances
INFO: ms_gauden.c(292): 1153 codebook, 1 feature, size: 
INFO: ms_gauden.c(294):  16x39
INFO: ms_gauden.c(354): 5825 variance values floored
INFO: ptm_mgau.c(801): Number of codebooks exceeds 256: 1153
INFO: acmod.c(119): Attempting to use semi-continuous computation module
INFO: ms_gauden.c(198): Reading mixture gaussian parameter: /home/yaroslav/model/model_parameters/ua.cd_cont_1000/means
INFO: ms_gauden.c(292): 1153 codebook, 1 feature, size: 
INFO: ms_gauden.c(294):  16x39
INFO: ms_gauden.c(198): Reading mixture gaussian parameter: /home/yaroslav/model/model_parameters/ua.cd_cont_1000/variances
INFO: ms_gauden.c(292): 1153 codebook, 1 feature, size: 
INFO: ms_gauden.c(294):  16x39
INFO: ms_gauden.c(354): 5825 variance values floored
INFO: acmod.c(121): Falling back to general multi-stream GMM computation
INFO: ms_gauden.c(198): Reading mixture gaussian parameter: /home/yaroslav/model/model_parameters/ua.cd_cont_1000/means
INFO: ms_gauden.c(292): 1153 codebook, 1 feature, size: 
INFO: ms_gauden.c(294):  16x39
INFO: ms_gauden.c(198): Reading mixture gaussian parameter: /home/yaroslav/model/model_parameters/ua.cd_cont_1000/variances
INFO: ms_gauden.c(292): 1153 codebook, 1 feature, size: 
INFO: ms_gauden.c(294):  16x39
INFO: ms_gauden.c(354): 5825 variance values floored
INFO: ms_senone.c(149): Reading senone mixture weights: /home/yaroslav/model/model_parameters/ua.cd_cont_1000/mixture_weights
INFO: ms_senone.c(200): Truncating senone logs3(pdf) values by 10 bits
INFO: ms_senone.c(207): Not transposing mixture weights in memory
INFO: ms_senone.c(268): Read mixture weights for 1153 senones: 1 features x 16 codewords
INFO: ms_senone.c(320): Mapping senones to individual codebooks
INFO: ms_mgau.c(141): The value of topn: 4
INFO: phone_loop_search.c(114): State beam -225 Phone exit beam -225 Insertion penalty 0
INFO: dict.c(320): Allocating 7109 * 32 bytes (222 KiB) for word entries
INFO: dict.c(333): Reading main dictionary: /home/yaroslav/model/etc/ua.dic
INFO: dict.c(213): Dictionary size 3010, allocated 41 KiB for strings, 40 KiB for phones
INFO: dict.c(336): 3010 words read
INFO: dict.c(358): Reading filler dictionary: /home/yaroslav/model/model_parameters/ua.cd_cont_1000/noisedict
INFO: dict.c(213): Dictionary size 3013, allocated 0 KiB for strings, 0 KiB for phones
INFO: dict.c(361): 3 words read
INFO: dict2pid.c(396): Building PID tables for dictionary
INFO: dict2pid.c(406): Allocating 51^3 * 2 bytes (259 KiB) for word-initial triphones
INFO: dict2pid.c(132): Allocated 62832 bytes (61 KiB) for word-final triphones
INFO: dict2pid.c(196): Allocated 62832 bytes (61 KiB) for single-phone word triphones
INFO: ngram_model_trie.c(354): Trying to read LM in trie binary format
INFO: ngram_model_trie.c(365): Header doesn't match
INFO: ngram_model_trie.c(177): Trying to read LM in arpa format
INFO: ngram_model_trie.c(193): LM of order 3
INFO: ngram_model_trie.c(195): #1-grams: 3010
INFO: ngram_model_trie.c(195): #2-grams: 0
INFO: ngram_model_trie.c(195): #3-grams: 0
INFO: lm_trie.c(474): Training quantizer
INFO: lm_trie.c(482): Building LM trie
ERROR: "ngram_search.c", line 206: Language model/set does not contain </s>, recognition will fail
FATAL: "batch.c", line 822: PocketSphinx decoder init failed
Fri Apr  8 18:47:55 2016
