        INFO: main.c(229): Compiled on Apr 10 2016 at 22:27:00
Current configuration:
[NAME]		[DEFLT]		[VALUE]
-2passvar	no		no
-abeam		1e-100		1.000000e-90
-accumdir			/home/yaroslav/model/bwaccumdir/ua_buff_1
-agc		none		max
-agcthresh	2.0		2.000000e+00
-bbeam		1e-100		1.000000e-10
-cb2mllrfn	.1cls.		.1cls.
-cepdir				/home/yaroslav/model/feat
-cepext		mfc		mfc
-ceplen		13		13
-ckptintv			0
-cmn		current		current
-cmninit	8.0		8.0
-ctlfn				/home/yaroslav/model/etc/ua_train.fileids
-diagfull	no		no
-dictfn				/home/yaroslav/model/etc/ua.dic
-example	no		no
-fdictfn			/home/yaroslav/model/etc/ua.filler
-feat		1s_c_d_dd	1s_c_d_dd
-fullvar	no		no
-help		no		no
-hmmdir				
-latdir				
-latext				
-lda				
-ldadim		0		0
-lsnfn				/home/yaroslav/model/etc/ua_train.transcription
-lw		11.5		1.150000e+01
-maxuttlen	0		0
-meanfn				/home/yaroslav/model/model_parameters/ua.ci_cont_flatinitial/means
-meanreest	yes		yes
-mixwfn				/home/yaroslav/model/model_parameters/ua.ci_cont_flatinitial/mixture_weights
-mixwreest	yes		yes
-mllrmat			
-mmie		no		no
-mmie_type	rand		rand
-moddeffn			/home/yaroslav/model/model_architecture/ua.falign_ci.mdef
-mwfloor	0.00001		1.000000e-08
-npart				1
-nskip				0
-outphsegdir			
-outputfullpath	no		yes
-part				1
-pdumpdir			
-phsegdir			
-phsegext	phseg		phseg
-runlen		-1		-1
-sentdir			
-sentext	sent		sent
-spthresh	0.0		0.000000e+00
-svspec				
-timing		yes		no
-tmatfn				/home/yaroslav/model/model_parameters/ua.ci_cont_flatinitial/transition_matrices
-tmatreest	yes		yes
-topn		4		1
-tpfloor	0.0001		1.000000e-04
-ts2cbfn			.cont.
-varfloor	0.00001		1.000000e-04
-varfn				/home/yaroslav/model/model_parameters/ua.ci_cont_flatinitial/variances
-varnorm	no		yes
-varreest	yes		yes
-viterbi	no		no

INFO: feat.c(715): Initializing feature stream to type: '1s_c_d_dd', ceplen=13, CMN='current', VARNORM='yes', AGC='max'
INFO: cmn.c(143): mean[0]= 12.00, mean[1..12]= 0.0
INFO: agc.c(132): AGCEMax: max= 5.00
INFO: main.c(318): Reading /home/yaroslav/model/model_architecture/ua.falign_ci.mdef
INFO: model_def_io.c(573): Model definition info:
INFO: model_def_io.c(574): 51 total models defined (51 base, 0 tri)
INFO: model_def_io.c(575): 204 total states
INFO: model_def_io.c(576): 153 total tied states
INFO: model_def_io.c(577): 153 total tied CI states
INFO: model_def_io.c(578): 51 total tied transition matrices
INFO: model_def_io.c(579): 4 max state/model
INFO: model_def_io.c(580): 4 min state/model
INFO: s3mixw_io.c(117): Read /home/yaroslav/model/model_parameters/ua.ci_cont_flatinitial/mixture_weights [153x1x1 array]
INFO: s3tmat_io.c(118): Read /home/yaroslav/model/model_parameters/ua.ci_cont_flatinitial/transition_matrices [51x3x4 array]
INFO: mod_inv.c(301): inserting tprob floor 1.000000e-04 and renormalizing
INFO: s3gau_io.c(169): Read /home/yaroslav/model/model_parameters/ua.ci_cont_flatinitial/means [153x1x1 array]
INFO: s3gau_io.c(169): Read /home/yaroslav/model/model_parameters/ua.ci_cont_flatinitial/variances [153x1x1 array]
INFO: gauden.c(176): 153 total mgau
INFO: gauden.c(150): 1 feature streams (|0|=39 )
INFO: gauden.c(187): 1 total densities
INFO: gauden.c(90): min_var=1.000000e-04
INFO: gauden.c(165): compute 1 densities/frame
INFO: main.c(431): Will reestimate mixing weights.
INFO: main.c(433): Will reestimate means.
INFO: main.c(435): Will reestimate variances.
INFO: main.c(443): Will reestimate transition matrices
INFO: main.c(456): Reading main dictionary: /home/yaroslav/model/etc/ua.dic
INFO: lexicon.c(221): 4368 entries added from /home/yaroslav/model/etc/ua.dic
INFO: main.c(466): Reading filler dictionary: /home/yaroslav/model/etc/ua.filler
INFO: lexicon.c(221): 3 entries added from /home/yaroslav/model/etc/ua.filler
INFO: corpus.c(1062): Will process all remaining utts starting at 0
INFO: main.c(665): Reestimation: Baum-Welch
INFO: cmn.c(183): CMN: 42.63  2.52  5.15  6.79 -1.05 -5.68 -0.96 -4.60 -0.56 -1.20  0.42 -0.36 -0.48 
INFO: agc.c(123): AGCMax: obs=max= 2.49
column defns
	<seq>
	<id>
	<n_frame_in>
	<n_frame_del>
	<n_state_shmm>
	<avg_states_alpha>
	<avg_states_beta>
	<avg_states_reest>
	<avg_posterior_prune>
	<frame_log_lik>
	<utt_log_lik>
	... timing info ... 
utt>     0         speaker_1/uk_0001  934    0INFO: cvt2triphone.c(199): no multiphones defined, no conversion done
   388 316  67 134 6.480111e-11 -5.865095e+01 -5.477999e+04
INFO: cmn.c(183): CMN: 41.81  0.44  8.51  8.18 -5.05 -1.11  0.35 -5.41 -1.95 -2.47  2.55 -2.09  3.14 
INFO: agc.c(123): AGCMax: obs=max= 2.50
utt>     1         speaker_1/uk_0002  633    0   256 216  54 109 5.813787e-11 -5.661846e+01 -3.583949e+04
INFO: cmn.c(183): CMN: 43.61  1.58  4.85  9.03 -1.60 -4.27 -3.20 -5.75 -0.21 -1.91  1.24 -1.57  1.26 
INFO: agc.c(123): AGCMax: obs=max= 2.29
utt>     2         speaker_1/uk_0003 1085    0   452 360  72 144 6.844662e-11 -5.797714e+01 -6.290520e+04
INFO: cmn.c(183): CMN: 41.44  3.50  6.24  0.89  0.76 -0.13 -0.78 -6.23 -0.95 -2.70  0.63  0.59  0.99 
INFO: agc.c(123): AGCMax: obs=max= 2.28
utt>     3         speaker_1/uk_0004  356    0   140 119  40 80 4.765951e-11 -5.818934e+01 -2.071541e+04
INFO: cmn.c(183): CMN: 41.72  2.55  5.96  8.80 -2.71 -2.47  0.72 -5.46  0.72 -0.83  1.72 -1.14  1.24 
INFO: agc.c(123): AGCMax: obs=max= 2.38
utt>     4         speaker_1/uk_0005  873    0   368 301  65 130 6.540385e-11 -5.715708e+01 -4.989813e+04
INFO: cmn.c(183): CMN: 42.07  2.03  0.94  0.95 -3.91 -2.78 -2.52 -3.66 -3.61 -2.36  1.89 -1.35  0.84 
INFO: agc.c(123): AGCMax: obs=max= 2.43
utt>     5         speaker_1/uk_0006  545    0   176 154  46 93 5.367087e-11 -5.720018e+01 -3.117410e+04
INFO: cmn.c(183): CMN: 43.02  1.91  8.15  8.06 -4.86 -1.74  0.53 -2.43 -1.74 -2.61  1.22 -0.50  0.85 
INFO: agc.c(123): AGCMax: obs=max= 2.43
utt>     6         speaker_1/uk_0007  680    0   224 196  53 106 5.716230e-11 -5.736760e+01 -3.900997e+04
INFO: cmn.c(183): CMN: 43.27  2.62  2.22  3.69 -0.47 -4.63 -3.02 -2.03  3.05 -2.56  1.02  1.99  1.25 
INFO: agc.c(123): AGCMax: obs=max= 2.40
utt>     7         speaker_1/uk_0008  811    0   320 268  61 123 6.226875e-11 -5.784627e+01 -4.691333e+04
INFO: cmn.c(183): CMN: 43.09  3.61  5.22  8.62 -1.99 -3.46 -1.92 -4.09  1.11 -4.36  1.62 -1.17  2.72 
INFO: agc.c(123): AGCMax: obs=max= 2.46
utt>     8         speaker_1/uk_0009  694    0   260 222  56 112 5.938612e-11 -5.717190e+01 -3.967730e+04
INFO: cmn.c(183): CMN: 42.07  1.59  5.76  6.10 -1.69 -3.84 -1.03 -3.97  1.25 -4.36  0.37 -0.93  2.50 
INFO: agc.c(123): AGCMax: obs=max= 2.46
utt>     9         speaker_1/uk_0010 1058    0   376 314  68 136 6.534713e-11 -5.644521e+01 -5.971904e+04
INFO: cmn.c(183): CMN: 40.39  7.27 -1.15 -2.28  4.09 -10.46 -3.46 -6.17 -9.42  8.30  1.43  2.97 -1.87 
INFO: agc.c(123): AGCMax: obs=max= 1.89
utt>    10         speaker_2/uk_0011  496    0   192 164  47 95 5.491996e-11 -5.907148e+01 -2.929945e+04
INFO: cmn.c(183): CMN: 38.95  7.69 -1.79  1.00  0.62 -5.86 -2.38 -16.32 -8.35  7.26  4.58 -1.16 -1.42 
INFO: agc.c(123): AGCMax: obs=max= 2.17
utt>    11         speaker_2/uk_0012  655    0   236 203  53 107 5.716624e-11 -5.795038e+01 -3.795750e+04
INFO: cmn.c(183): CMN: 41.77  5.95  1.05  1.60 -1.04 -6.40 -0.53 -15.79 -1.60  7.28  4.09  0.57 -0.35 
INFO: agc.c(123): AGCMax: obs=max= 2.10
utt>    12         speaker_2/uk_0013  736    0   284 241  58 116 6.029770e-11 -5.809379e+01 -4.275703e+04
INFO: cmn.c(183): CMN: 44.53 10.72 -0.69 -1.04 -0.65 -5.69  2.11 -9.28 -9.09  6.23  3.43  0.74 -2.10 
INFO: agc.c(123): AGCMax: obs=max= 1.75
utt>    13         speaker_2/uk_0014  549    0   232 195  51 103 5.599348e-11 -5.728108e+01 -3.144731e+04
INFO: cmn.c(183): CMN: 44.05  7.19 -1.37  1.75 -2.84 -8.85  2.05 -12.64 -6.23  1.73  1.18  2.72 -1.34 
INFO: agc.c(123): AGCMax: obs=max= 2.07
utt>    14         speaker_2/uk_0015 1012    0   444 352  70 141 6.762949e-11 -5.873609e+01 -5.944093e+04
INFO: cmn.c(183): CMN: 44.91  4.92  0.67  2.68 -2.54 -7.34  2.77 -12.21 -4.68  3.05  3.97  2.98 -0.03 
INFO: agc.c(123): AGCMax: obs=max= 1.94
utt>    15         speaker_2/uk_0016 1004    0   384 317  67 135 6.454721e-11 -5.823576e+01 -5.846870e+04
INFO: cmn.c(183): CMN: 40.62  6.51  1.78  0.17 -0.80 -4.89  0.89 -8.82 -4.62  3.35  2.71  2.19 -1.87 
INFO: agc.c(123): AGCMax: obs=max= 1.88
utt>    16         speaker_2/uk_0017  510    0   196 167  48 96 5.461943e-11 -5.884497e+01 -3.001093e+04
INFO: cmn.c(183): CMN: 44.01  2.29  3.63  2.03 -4.95 -3.87  2.49 -11.34 -4.09  5.52  4.75  1.10  0.64 
INFO: agc.c(123): AGCMax: obs=max= 1.97
utt>    17         speaker_2/uk_0018  694    0   256 219  55 111 5.991245e-11 -5.707427e+01 -3.960954e+04
INFO: cmn.c(183): CMN: 38.84  6.19  1.39  3.24  1.32 -2.84 -1.68 -13.94 -5.85  1.84  2.30  1.34 -0.06 
INFO: agc.c(123): AGCMax: obs=max= 1.72
utt>    18         speaker_2/uk_0019  639    0   200 176  50 100 5.514604e-11 -5.709519e+01 -3.648383e+04
INFO: cmn.c(183): CMN: 43.87  5.36  0.36 -1.61 -3.47 -5.00  2.46 -12.73 -3.70  1.66  1.51  1.04 -0.34 
INFO: agc.c(123): AGCMax: obs=max= 1.93
utt>    19         speaker_2/uk_0020  893    0   320 272  62 125 6.293877e-11 -5.736754e+01 -5.122921e+04
INFO: cmn.c(183): CMN: 36.28  3.35  6.07 12.52  0.45 -2.01 -3.50  0.67 -4.27 -3.61  1.67 -1.61  1.28 
INFO: agc.c(123): AGCMax: obs=max= 2.20
utt>    20         speaker_3/uk_0021  731    0   388 299  62 125 6.588120e-11 -6.124155e+01 -4.476757e+04
INFO: cmn.c(183): CMN: 38.85  3.72  5.10  8.88 -0.49  0.55 -10.26 -2.85 -3.56  0.90  1.31  0.33  1.19 
INFO: agc.c(123): AGCMax: obs=max= 1.85
utt>    21         speaker_3/uk_0022  575    0   256 212  53 107 5.873503e-11 -5.830162e+01 -3.352343e+04
INFO: cmn.c(183): CMN: 39.27  2.56  3.33  8.97 -1.62 -1.12 -10.21 -0.59 -1.77 -2.43  4.22  1.03  1.26 
INFO: agc.c(123): AGCMax: obs=max= 1.88
utt>    22         speaker_3/uk_0023 1006    0   452 355  71 142 6.759634e-11 -5.986558e+01 -6.022477e+04
INFO: cmn.c(183): CMN: 37.54  5.90  1.07  3.33  0.21  1.82 -10.21 -4.09 -2.67  2.22  0.62  1.84  0.14 
INFO: agc.c(123): AGCMax: obs=max= 2.08
utt>    23         speaker_3/uk_0024  356    0   140 119  40 80 4.765951e-11 -5.948243e+01 -2.117575e+04
INFO: cmn.c(183): CMN: 39.07  4.79  4.67 10.50 -0.10  0.75 -12.59 -3.14 -3.50  1.60  0.97 -0.61 -0.12 
INFO: agc.c(123): AGCMax: obs=max= 1.71
utt>    24         speaker_3/uk_0025  750    0   368 292  62 125 6.484588e-11 -5.923497e+01 -4.442623e+04
INFO: cmn.c(183): CMN: 34.25  4.20  1.34  3.97 -1.65 -0.33 -11.43 -3.93  0.04 -0.07  1.06 -0.17 -0.30 
INFO: agc.c(123): AGCMax: obs=max= 1.91
utt>    25         speaker_3/uk_0026  510    0   176 153  46 92 5.565292e-11 -5.803435e+01 -2.959752e+04
INFO: cmn.c(183): CMN: 39.73  3.21  8.14 10.42 -2.77 -1.43 -9.32 -3.19 -2.45  0.69  1.42 -1.01  1.00 
INFO: agc.c(123): AGCMax: obs=max= 1.80
utt>    26         speaker_3/uk_0027  511    0   224 187  50 100 5.464065e-11 -5.858750e+01 -2.993821e+04
INFO: cmn.c(183): CMN: 41.62  7.37  1.66  8.48 -1.87  0.79 -14.61 -3.31  0.62 -0.19  1.63 -0.11  0.73 
INFO: agc.c(123): AGCMax: obs=max= 1.97
utt>    27         speaker_3/uk_0028  642    0   320 255  58 116 6.224840e-11 -6.059440e+01 -3.890160e+04
INFO: cmn.c(183): CMN: 37.59  4.88  3.82  7.81 -0.98  1.81 -9.57 -2.97 -2.89  0.12  1.03 -0.08  0.93 
INFO: agc.c(123): AGCMax: obs=max= 2.36
utt>    28         speaker_3/uk_0029  664    0   260 221  55 111 5.856726e-11 -6.024282e+01 -4.000124e+04
INFO: cmn.c(183): CMN: 41.55  2.28  4.78 11.53 -1.67  0.10 -11.45 -2.94 -3.63  0.01  1.80  0.50  1.26 
INFO: agc.c(123): AGCMax: obs=max= 1.90
utt>    29         speaker_3/uk_0030  810    0   376 301  64 128 6.575076e-11 -5.892998e+01 -4.773328e+04
INFO: cmn.c(183): CMN: 41.12  1.69  5.63  8.89  0.16 -0.63 -8.35 -4.69 -1.19  0.44  0.83 -0.59  1.58 
INFO: agc.c(123): AGCMax: obs=max= 1.95
utt>    30         speaker_3/uk_0031  750    0   368 292  62 125 6.484588e-11 -5.977008e+01 -4.482756e+04
INFO: cmn.c(183): CMN: 40.42  3.03  2.74  4.05  0.59 -1.14 -8.54 -6.67  1.65 -1.29  2.19 -0.74  0.41 
INFO: agc.c(123): AGCMax: obs=max= 1.91
utt>    31         speaker_3/uk_0032  378    0   176 145  43 87 5.073520e-11 -5.949525e+01 -2.248921e+04
INFO: cmn.c(183): CMN: 39.09  1.59  7.40  8.60 -1.46 -1.31 -6.87 -1.49 -2.21  0.91  2.37 -1.42  0.69 
INFO: agc.c(123): AGCMax: obs=max= 1.81
utt>    32         speaker_3/uk_0033  542    0   224 189  50 101 5.682595e-11 -5.929320e+01 -3.213691e+04
INFO: cmn.c(183): CMN: 41.02  4.65  1.65  6.46 -0.64 -2.32 -9.87 -3.03  2.70  0.29  1.77 -1.61  0.46 
INFO: agc.c(123): AGCMax: obs=max= 2.05
utt>    33         speaker_3/uk_0034  671    0   320 258  58 117 6.466677e-11 -6.045128e+01 -4.056281e+04
INFO: cmn.c(183): CMN: 41.44  7.44  3.61  7.84 -1.82  0.14 -11.12 -4.49  0.63 -0.25  1.77 -1.24  0.67 
INFO: agc.c(123): AGCMax: obs=max= 2.04
utt>    34         speaker_3/uk_0035  524    0   260 210  52 104 5.970533e-11 -6.026524e+01 -3.157898e+04
INFO: cmn.c(183): CMN: 42.89  3.00  6.90 10.71 -1.17 -2.98 -9.11 -1.42 -0.15  1.32  1.23 -1.09  0.50 
INFO: agc.c(123): AGCMax: obs=max= 1.79
utt>    35         speaker_3/uk_0036  720    0   376 292  62 124 6.436226e-11 -5.892503e+01 -4.242602e+04
INFO: cmn.c(183): CMN: 38.54  6.02  4.11  6.88 -3.28 -4.06 -10.06  0.06 -0.68 -0.04  0.36 -1.20  1.05 
INFO: agc.c(123): AGCMax: obs=max= 1.70
utt>    36         speaker_3/uk_0037  503    0   220 183  49 99 5.485930e-11 -5.796232e+01 -2.915505e+04
INFO: cmn.c(183): CMN: 41.58  5.87  4.10  7.43 -1.50 -3.02 -9.64 -2.16  0.20 -0.11  1.51 -2.93  1.34 
INFO: agc.c(123): AGCMax: obs=max= 1.91
utt>    37         speaker_3/uk_0038  458    0   248 197  49 99 5.741088e-11 -5.973845e+01 -2.736021e+04
INFO: cmn.c(183): CMN: 42.15  5.47  4.51 12.25 -4.23 -1.76 -9.58 -2.43 -2.17 -1.18  1.07 -2.69  1.21 
INFO: agc.c(123): AGCMax: obs=max= 1.84
utt>    38         speaker_3/uk_0039  952    0   500 372  71 143 6.750108e-11 -5.869754e+01 -5.588006e+04
INFO: cmn.c(183): CMN: 42.42  4.19  3.64 11.57 -5.16 -2.72 -9.89  0.37 -2.03 -2.91  1.11 -3.17  1.57 
INFO: agc.c(123): AGCMax: obs=max= 1.96
utt>    39         speaker_3/uk_0040  624    0   316 251  57 115 6.320177e-11 -5.934047e+01 -3.702845e+04
INFO: cmn.c(183): CMN: 43.49  3.63  5.10 11.35 -1.62 -1.58 -10.47 -2.33 -3.97 -2.16  0.68 -2.29  2.68 
INFO: agc.c(123): AGCMax: obs=max= 1.94
utt>    40         speaker_3/uk_0041  851    0   452 342  67 135 6.717453e-11 -6.156919e+01 -5.239538e+04
INFO: cmn.c(183): CMN: 37.56  8.26  1.99  4.30 -1.70  1.64 -8.57 -1.78 -0.24 -1.59  0.86 -1.35  2.28 
INFO: agc.c(123): AGCMax: obs=max= 1.92
utt>    41         speaker_3/uk_0042  346    0   140 118  39 79 4.955761e-11 -6.039444e+01 -2.089648e+04
INFO: cmn.c(183): CMN: 40.76  5.04  2.58 13.78 -3.87 -2.02 -8.97 -1.48 -1.46 -1.42  1.35 -1.82  1.48 
INFO: agc.c(123): AGCMax: obs=max= 1.82
utt>    42         speaker_3/uk_0043  662    0   368 281  60 120 6.270190e-11 -6.068977e+01 -4.017663e+04
INFO: cmn.c(183): CMN: 39.29  5.88 -0.15  7.10 -2.68 -2.48 -8.84 -2.76 -0.22 -1.83  0.65 -0.59  0.90 
INFO: agc.c(123): AGCMax: obs=max= 1.80
utt>    43         speaker_3/uk_0044  364    0   176 144  43 86 5.212553e-11 -5.864610e+01 -2.134718e+04
INFO: cmn.c(183): CMN: 40.41  2.58  6.02 13.53 -4.10 -2.34 -8.20 -0.45 -1.75 -1.28  0.80 -1.02  1.01 
INFO: agc.c(123): AGCMax: obs=max= 1.84
utt>    44         speaker_3/uk_0045  480    0   224 184  49 98 5.597397e-11 -5.912528e+01 -2.838013e+04
INFO: cmn.c(183): CMN: 38.96  7.23  1.52  9.21 -2.06 -1.80 -10.89 -0.14  1.78 -2.26 -0.06 -1.18  1.30 
INFO: agc.c(123): AGCMax: obs=max= 1.89
utt>    45         speaker_3/uk_0046  660    0   320 257  58 117 6.276590e-11 -6.095899e+01 -4.023293e+04
INFO: cmn.c(183): CMN: 36.12  4.22  4.64  6.91  0.36  2.62 -9.61 -0.69 -1.96  0.67  2.06  0.43  1.99 
INFO: agc.c(123): AGCMax: obs=max= 2.35
utt>    46         speaker_3/uk_0047  612    0   260 217  54 109 5.881580e-11 -6.007761e+01 -3.676750e+04
INFO: cmn.c(183): CMN: 39.57  0.85  4.95  9.39  0.01 -0.83 -11.30 -2.33 -0.77  0.08  2.95  0.14  2.17 
INFO: agc.c(123): AGCMax: obs=max= 2.08
utt>    47         speaker_3/uk_0048  778    0   376 298  63 127 6.313640e-11 -5.895016e+01 -4.586323e+04
INFO: cmn.c(183): CMN: 38.14  5.08  3.13  8.05 -1.09 -2.30 -10.28 -2.25 -1.09  0.24  2.99  0.01  1.52 
INFO: agc.c(123): AGCMax: obs=max= 1.83
utt>    48         speaker_3/uk_0049  443    0   220 179  48 96 5.506878e-11 -5.835991e+01 -2.585344e+04
INFO: cmn.c(183): CMN: 38.19  3.76  3.37  7.27 -0.07  1.69 -10.19 -4.09  0.11 -0.31  3.11 -0.46  2.21 
INFO: agc.c(123): AGCMax: obs=max= 1.86
utt>    49         speaker_3/uk_0050  508    0   248 202  51 102 5.721980e-11 -6.034017e+01 -3.065280e+04
INFO: cmn.c(183): CMN: 49.75  3.86  2.16 -0.16  6.03 -1.27 -3.72 -3.67 -5.05  2.05 -0.27 -0.10  2.53 
INFO: agc.c(123): AGCMax: obs=max= 1.74
utt>    50         speaker_3/uk_0051  506    0   192 164  47 95 5.511055e-11 -5.800641e+01 -2.935124e+04
INFO: cmn.c(183): CMN: 48.11  2.56  3.64  2.86  3.41 -2.10  1.76 -0.36 -4.31  3.98 -0.65 -1.32  0.58 
INFO: agc.c(123): AGCMax: obs=max= 2.01
utt>    51         speaker_3/uk_0052  575    0   236 199  52 104 5.712813e-11 -5.813887e+01 -3.342985e+04
INFO: cmn.c(183): CMN: 45.94  2.14  4.87  0.17  2.28 -1.81  1.36 -0.80 -4.13  5.61 -2.63 -0.28  0.61 
INFO: agc.c(123): AGCMax: obs=max= 2.39
utt>    52         speaker_3/uk_0053  749    0   284 242  58 116 6.103049e-11 -5.825539e+01 -4.363329e+04
INFO: cmn.c(183): CMN: 47.85  7.78  2.68 -0.61  5.89 -3.02  2.96  3.47 -3.23  3.44 -0.68 -1.76 -0.19 
INFO: agc.c(123): AGCMax: obs=max= 1.92
utt>    53         speaker_3/uk_0054  532    0   232 193  51 102 5.722473e-11 -5.746754e+01 -3.057273e+04
INFO: cmn.c(183): CMN: 47.75  4.15  6.18  3.11  2.67 -4.25 -0.56  0.17 -6.97  4.83 -0.85  0.19  2.49 
INFO: agc.c(123): AGCMax: obs=max= 2.48
utt>    54         speaker_3/uk_0055 1032    0   444 353  71 142 6.813868e-11 -5.828271e+01 -6.014775e+04
INFO: cmn.c(183): CMN: 48.73  3.09  4.52  2.95  3.42 -4.94 -0.58  0.43 -6.60  3.47 -0.44  0.44  2.21 
INFO: agc.c(123): AGCMax: obs=max= 2.07
utt>    55         speaker_3/uk_0056  889    0   384 311  66 132 6.613076e-11 -5.743334e+01 -5.105824e+04
INFO: cmn.c(183): CMN: 46.89  3.86  5.10  1.13  4.06  0.39  1.63  0.38 -3.30  2.59 -0.46 -0.55  1.13 
INFO: agc.c(123): AGCMax: obs=max= 2.11
utt>    56         speaker_3/uk_0057  507    0   196 167  48 96 5.509770e-11 -5.948548e+01 -3.015914e+04
INFO: cmn.c(183): CMN: 48.21 -1.49  7.69  0.85  2.33 -4.64  5.28  0.82 -5.45  1.90 -0.55 -1.59  0.93 
INFO: agc.c(123): AGCMax: obs=max= 2.15
utt>    57         speaker_3/uk_0058  716    0   256 221  56 112 5.871105e-11 -5.776056e+01 -4.135656e+04
INFO: cmn.c(183): CMN: 45.63  3.17  7.70  0.48  3.95 -2.04  0.70 -2.19 -5.18  0.05 -0.36  0.46  0.76 
INFO: agc.c(123): AGCMax: obs=max= 2.03
utt>    58         speaker_3/uk_0059  510    0   200 170  48 96 5.559175e-11 -5.894937e+01 -3.006418e+04
INFO: cmn.c(183): CMN: 48.60  0.68  2.14  1.48  1.60 -4.72 -1.53 -0.35 -6.80  3.18 -0.25 -0.84  2.92 
INFO: agc.c(123): AGCMax: obs=max= 1.92
utt>    59         speaker_3/uk_0060  780    0   320 267  61 122 6.426405e-11 -5.850923e+01 -4.563720e+04
INFO: cmn.c(183): CMN: 50.44  6.15  1.71  6.13 -4.02 -7.76  2.79 -2.45  4.57 -10.66  3.88 -4.65 -0.05 
INFO: agc.c(123): AGCMax: obs=max= 1.82
utt>    60         speaker_3/uk_0061 1190    0   512 396  76 152 6.951570e-11 -5.455870e+01 -6.492485e+04
INFO: cmn.c(183): CMN: 48.92  8.01 -0.23  1.98 -7.74 -4.04  2.76  0.25  3.51 -8.45  3.78 -2.88  0.30 
INFO: agc.c(123): AGCMax: obs=max= 1.68
utt>    61         speaker_3/uk_0062  894    0   388 314  66 132 6.591937e-11 -5.470357e+01 -4.890499e+04
INFO: cmn.c(183): CMN: 48.66  5.47 -3.40  0.86 -8.77 -3.47 -0.30 -1.78  5.10 -6.68  3.70 -2.46  0.12 
INFO: agc.c(123): AGCMax: obs=max= 1.50
utt>    62         speaker_3/uk_0063  640    0   200 176  50 100 5.528032e-11 -5.411385e+01 -3.463287e+04
INFO: cmn.c(183): CMN: 47.44  6.44 -1.39  3.61 -4.72 -5.30  4.27 -1.14  6.03 -7.15  2.56 -2.48  1.29 
INFO: agc.c(123): AGCMax: obs=max= 1.65
utt>    63         speaker_3/uk_0064  774    0   280 240  58 117 6.009035e-11 -5.546907e+01 -4.293306e+04
INFO: cmn.c(183): CMN: 48.48  8.80 -2.57  3.85 -8.91 -4.84  1.71 -2.87  4.33 -9.21  4.68 -2.94 -0.21 
INFO: agc.c(123): AGCMax: obs=max= 1.68
utt>    64         speaker_3/uk_0065 1010    0   384 317  67 135 6.601302e-11 -5.506490e+01 -5.561555e+04
INFO: cmn.c(183): CMN: 44.08  5.72 -2.54  1.70 -2.81 -4.19  3.55 -2.51  4.68 -5.64  0.36 -2.76 -0.72 
INFO: agc.c(123): AGCMax: obs=max= 1.80
utt>    65         speaker_3/uk_0066  593    0   216 186  51 102 5.543200e-11 -5.462606e+01 -3.239326e+04
INFO: cmn.c(183): CMN: 50.44  9.10 -3.43  1.64 -7.89 -4.65 -0.53 -3.22  8.65 -7.65  4.24 -1.92  0.69 
INFO: agc.c(123): AGCMax: obs=max= 1.62
utt>    66         speaker_3/uk_0067 1024    0   456 359  71 143 6.799725e-11 -5.618400e+01 -5.753241e+04
INFO: cmn.c(183): CMN: 48.37  3.69  1.08  3.98 -1.98 -5.10 -0.37 -0.07  5.51 -8.40  0.78 -2.21  0.33 
INFO: agc.c(123): AGCMax: obs=max= 1.66
utt>    67         speaker_3/uk_0068  678    0   252 216  55 110 5.993671e-11 -5.504852e+01 -3.732290e+04
INFO: cmn.c(183): CMN: 43.17  4.78 -3.85  1.15 -8.98 -2.98  3.70  0.30  7.49 -5.63  2.88 -1.51  0.57 
INFO: agc.c(123): AGCMax: obs=max= 1.76
utt>    68         speaker_3/uk_0069  366    0   120 105  38 76 4.537256e-11 -5.651438e+01 -2.068426e+04
INFO: cmn.c(183): CMN: 50.38  8.92 -3.14  3.65 -6.71 -5.64 -0.21 -4.02  8.74 -7.86  1.87 -1.83 -0.02 
INFO: agc.c(123): AGCMax: obs=max= 1.66
utt>    69         speaker_3/uk_0070  861    0   380 307  65 131 6.528257e-11 -5.472676e+01 -4.711974e+04
INFO: cmn.c(183): CMN: 46.83  8.21 -3.23 -2.93 -5.29 -2.84  2.76 -1.89  3.53 -6.08  3.41 -2.75 -1.16 
INFO: agc.c(123): AGCMax: obs=max= 1.74
utt>    70         speaker_3/uk_0071  759    0   320 265  60 121 6.305117e-11 -5.632544e+01 -4.275101e+04
INFO: cmn.c(183): CMN: 45.01 10.90 -2.94 -3.05 -2.15 -3.51  2.75 -2.16  3.97 -5.54  4.37 -2.73  0.25 
INFO: agc.c(123): AGCMax: obs=max= 1.81
utt>    71         speaker_3/uk_0072  693    0   260 222  56 112 5.861354e-11 -5.501142e+01 -3.812291e+04
INFO: cmn.c(183): CMN: 46.39  4.09  3.17 -2.67 -1.69 -3.44  0.29 -0.36  1.64 -8.04  3.10 -2.59 -0.01 
INFO: agc.c(123): AGCMax: obs=max= 1.76
utt>    72         speaker_3/uk_0073 1006    0   376 312  67 134 6.451840e-11 -5.451670e+01 -5.484380e+04
INFO: cmn.c(183): CMN: 45.35  7.83 -1.75 -1.88 -5.38 -4.65  2.78 -0.59  2.28 -7.68  3.76 -3.35 -0.86 
INFO: agc.c(123): AGCMax: obs=max= 1.65
utt>    73         speaker_3/uk_0074  554    0   220 187  50 101 5.654337e-11 -5.490862e+01 -3.041938e+04
INFO: cmn.c(183): CMN: 45.94  7.24 -0.39 -1.90 -3.64 -2.47  1.86 -2.09  2.09 -7.49  1.78 -2.64 -0.99 
INFO: agc.c(123): AGCMax: obs=max= 1.70
utt>    74         speaker_3/uk_0075  690    0   248 214  55 110 5.725817e-11 -5.520529e+01 -3.809165e+04
INFO: cmn.c(183): CMN: 48.62  6.85  1.85  0.26  0.12 -5.59  2.16 -1.97  2.37 -7.40  2.27 -1.34 -1.00 
INFO: agc.c(123): AGCMax: obs=max= 1.74
utt>    75         speaker_3/uk_0076 1196    0   500 390  76 151 6.848972e-11 -5.548473e+01 -6.635973e+04
INFO: cmn.c(183): CMN: 47.61  4.95  2.03 -1.24 -4.29 -1.61  0.81 -2.80  5.31 -8.83  3.69 -3.07 -0.46 
INFO: agc.c(123): AGCMax: obs=max= 1.66
utt>    76         speaker_3/uk_0077  773    0   316 264  60 121 6.289725e-11 -5.514439e+01 -4.262661e+04
INFO: cmn.c(183): CMN: 47.96  6.72 -0.13 -1.46 -4.43 -2.82  2.28 -1.98  2.91 -7.59  3.38 -2.57 -0.23 
INFO: agc.c(123): AGCMax: obs=max= 1.60
utt>    77         speaker_3/uk_0078  856    0   340 283  63 126 6.247217e-11 -5.482163e+01 -4.692732e+04
INFO: cmn.c(183): CMN: 49.81  7.54 -0.21 -2.02 -1.13 -5.07  2.29 -2.18  3.70 -7.49  3.46 -2.19  0.32 
INFO: agc.c(123): AGCMax: obs=max= 1.70
utt>    78         speaker_3/uk_0079 1205    0   512 397  76 153 6.957253e-11 -5.613795e+01 -6.764623e+04
INFO: cmn.c(183): CMN: 49.12  8.79 -2.02 -0.08 -3.86 -6.52 -0.62 -2.23  3.67 -7.15  2.86 -2.57 -0.23 
INFO: agc.c(123): AGCMax: obs=max= 1.70
utt>    79         speaker_3/uk_0080 1267    0   560 423  79 158 6.962235e-11 -5.533007e+01 -7.010319e+04
INFO: cmn.c(183): CMN: 43.33  7.17 -3.03  5.38 -9.88 -1.88  3.33 -2.03  2.09 -5.97  4.89 -0.40 -0.04 
INFO: agc.c(123): AGCMax: obs=max= 1.88
utt>    80         speaker_3/uk_0081  529    0   196 168  48 96 5.674102e-11 -5.571917e+01 -2.947544e+04
INFO: cmn.c(183): CMN: 45.52  3.86 -1.41  3.31 -2.72 -6.34 -3.02 -0.09  4.12 -5.85  3.44 -1.11  0.43 
INFO: agc.c(123): AGCMax: obs=max= 1.49
utt>    81         speaker_3/uk_0082  625    0   256 215  54 109 5.959480e-11 -5.546235e+01 -3.466397e+04
INFO: cmn.c(183): CMN: 44.02  5.80 -2.03  8.41 -6.11 -3.59  5.52 -1.20 -2.62 -8.50  3.75 -2.30 -2.48 
INFO: agc.c(123): AGCMax: obs=max= 1.74
utt>    82         speaker_3/uk_0083  499    0   200 170  48 96 5.445430e-11 -5.507489e+01 -2.748237e+04
INFO: cmn.c(183): CMN: 45.37  4.59 -4.16  2.18 -6.95 -4.19  0.73 -2.16  0.78 -4.83  3.33 -0.41 -0.91 
INFO: agc.c(123): AGCMax: obs=max= 1.82
utt>    83         speaker_3/uk_0084  870    0   320 271  62 124 6.335142e-11 -5.528408e+01 -4.809715e+04
INFO: cmn.c(183): CMN: 44.90  3.87 -4.46  4.09 -7.47 -2.52  2.33 -1.22 -2.25 -3.98  3.66 -0.45 -0.94 
INFO: agc.c(123): AGCMax: obs=max= 1.58
utt>    84         speaker_3/uk_0085  628    0   200 176  50 100 5.541190e-11 -5.524815e+01 -3.469584e+04
INFO: cmn.c(183): CMN: 46.00  7.98 -3.94  7.04 -5.12 -1.25  4.57 -6.75  3.14 -6.82  2.62 -2.48 -0.51 
INFO: agc.c(123): AGCMax: obs=max= 1.45
utt>    85         speaker_3/uk_0086 1171    0   512 395  76 152 7.034166e-11 -5.557982e+01 -6.508397e+04
INFO: cmn.c(183): CMN: 44.62  6.90 -2.11  5.57 -2.66 -0.46  4.65 -3.11  0.92 -6.23  1.06 -2.09 -0.23 
INFO: agc.c(123): AGCMax: obs=max= 1.69
utt>    86         speaker_3/uk_0087  936    0   404 326  67 135 6.735579e-11 -5.651892e+01 -5.290171e+04
INFO: cmn.c(183): CMN: 45.27  7.46 -4.22  6.38 -3.86 -0.43  6.64 -5.33  2.67 -5.20  0.76 -0.84 -0.97 
INFO: agc.c(123): AGCMax: obs=max= 1.74
utt>    87         speaker_3/uk_0088 1157    0   480 378  74 149 6.900987e-11 -5.627805e+01 -6.511370e+04
INFO: cmn.c(183): CMN: 46.11  6.68 -5.31  4.95 -4.89 -3.04  2.93 -3.93  2.87 -5.60  1.58 -0.98 -0.34 
INFO: agc.c(123): AGCMax: obs=max= 1.67
utt>    88         speaker_3/uk_0089  910    0   360 298  65 130 6.513858e-11 -5.622161e+01 -5.116166e+04
INFO: cmn.c(183): CMN: 44.99  6.86 -4.34  3.68 -0.92 -2.17  6.10 -4.74  0.13 -2.93 -0.56 -0.29 -1.29 
INFO: agc.c(123): AGCMax: obs=max= 1.86
utt>    89         speaker_3/uk_0090  879    0   388 313  66 132 6.588183e-11 -5.591309e+01 -4.914760e+04
INFO: cmn.c(183): CMN: 47.24  7.83  1.13  3.58 -3.62 -2.14  2.09 -0.55  2.84 -7.47  4.33 -3.23  1.68 
INFO: agc.c(123): AGCMax: obs=max= 1.91
utt>    90         speaker_3/uk_0091 1484    0   120 115  42 83 4.477475e-11 -5.538783e+01 -8.219554e+04
INFO: cmn.c(183): CMN: 47.90  6.91  0.25  2.91 -5.59 -2.13  2.43 -0.78  3.64 -8.75  4.58 -3.54  1.45 
INFO: agc.c(123): AGCMax: obs=max= 1.74
utt>    91         speaker_3/uk_0092 1434    0   380 316  71 142 6.563341e-11 -5.618101e+01 -8.056356e+04
INFO: cmn.c(183): CMN: 45.37  7.55 -0.77 -0.68 -5.01 -2.66  2.51 -3.23  1.59 -7.84  3.05 -2.63  0.38 
INFO: agc.c(123): AGCMax: obs=max= 1.76
utt>    92         speaker_3/uk_0093  935    0   196 179  52 104 5.488013e-11 -5.459722e+01 -5.104840e+04
INFO: cmn.c(183): CMN: 45.44  6.39 -1.53  4.60 -4.26 -4.09  3.24  4.18  0.41 -8.21  5.30 -1.98  1.49 
INFO: agc.c(123): AGCMax: obs=max= 1.74
ERROR: "backward.c", line 421: Failed to align audio to trancript: final state of the search is not reached
ERROR: "baum_welch.c", line 324: speaker_3/uk_0094 ignored
utt>    93         speaker_3/uk_0094  486    0   624 260 
INFO: cmn.c(183): CMN: 44.94  7.81 -0.19 -1.75 -5.87  3.33  2.14 -1.55  3.57 -6.40  4.07 -2.69  1.33 
INFO: agc.c(123): AGCMax: obs=max= 1.64
ERROR: "backward.c", line 421: Failed to align audio to trancript: final state of the search is not reached
ERROR: "baum_welch.c", line 324: speaker_3/uk_0095 ignored
utt>    94         speaker_3/uk_0095  548    0   604 283 
INFO: cmn.c(183): CMN: 46.35  4.66 -1.48  0.01 -8.18  1.42  0.14 -1.12  7.28 -6.61  3.79 -2.14  1.07 
INFO: agc.c(123): AGCMax: obs=max= 1.80
utt>    95         speaker_3/uk_0096  680    0   324 261  59 118 6.460687e-11 -5.561137e+01 -3.781573e+04
INFO: cmn.c(183): CMN: 45.26  7.85 -2.98 -3.09 -7.28 -0.41  0.95 -2.19  2.90 -5.54  2.55 -2.94  0.94 
INFO: agc.c(123): AGCMax: obs=max= 1.92
utt>    96         speaker_3/uk_0097  810    0   168 154  48 96 5.231137e-11 -5.505065e+01 -4.459103e+04
INFO: cmn.c(183): CMN: 40.95  5.65 -2.48  0.46 -9.91  0.40  2.48  1.93  4.47 -5.38  3.67 -2.61  1.14 
INFO: agc.c(123): AGCMax: obs=max= 1.98
utt>    97         speaker_3/uk_0098  378    0   192 155  44 88 5.352120e-11 -5.557780e+01 -2.100841e+04
INFO: cmn.c(183): CMN: 47.42  8.14 -1.74  3.24 -6.48 -1.55  0.43 -1.15  5.06 -7.12  5.05 -3.23  0.43 
INFO: agc.c(123): AGCMax: obs=max= 1.76
utt>    98         speaker_3/uk_0099  959    0   236 211  56 112 5.771305e-11 -5.502866e+01 -5.277249e+04
INFO: cmn.c(183): CMN: 44.80  8.17 -0.48  1.28 -4.51 -2.41  2.97 -0.28  3.19 -6.72  3.49 -1.70 -0.11 
INFO: agc.c(123): AGCMax: obs=max= 1.59
utt>    99         speaker_3/uk_0100  527    0   284 224  53 106 5.947992e-11 -5.523120e+01 -2.910684e+04
INFO: cmn.c(183): CMN: 49.95  3.42  1.01  5.11 -2.86 -1.92  1.45  0.80  2.03 -8.31  3.26 -2.13  1.54 
INFO: agc.c(123): AGCMax: obs=max= 1.74
utt>   100         speaker_3/uk_0101  962    0   388 318  67 135 6.597471e-11 -5.492197e+01 -5.283494e+04
INFO: cmn.c(183): CMN: 49.07  6.68  0.34  6.13 -4.88 -2.05  1.86 -0.48  1.31 -7.51  3.94 -2.78  0.84 
INFO: agc.c(123): AGCMax: obs=max= 1.79
utt>   101         speaker_3/uk_0102 1315    0   512 401  77 155 6.975244e-11 -5.485116e+01 -7.212928e+04
INFO: cmn.c(183): CMN: 47.63  9.44 -1.57  1.21 -5.66 -0.84  2.14 -0.44  0.67 -5.98  2.27 -2.17 -0.04 
INFO: agc.c(123): AGCMax: obs=max= 1.76
utt>   102         speaker_3/uk_0103  907    0   388 315  66 133 6.568465e-11 -5.524917e+01 -5.011099e+04
INFO: cmn.c(183): CMN: 45.93  5.84 -3.07 -0.16 -6.66 -0.10  0.32 -1.10  4.42 -4.46  2.74 -2.93  0.37 
INFO: agc.c(123): AGCMax: obs=max= 1.74
utt>   103         speaker_3/uk_0104  678    0   200 177  50 101 5.618863e-11 -5.467129e+01 -3.706713e+04
INFO: cmn.c(183): CMN: 47.08  6.52 -0.93  3.41 -5.29 -0.08  4.03 -1.14  3.32 -6.05  2.64 -2.23  0.66 
INFO: agc.c(123): AGCMax: obs=max= 1.71
utt>   104         speaker_3/uk_0105  752    0   280 239  58 116 6.049520e-11 -5.587779e+01 -4.202010e+04
INFO: cmn.c(183): CMN: 46.64  9.59 -3.53  2.25 -8.35 -0.50  0.79 -2.90  3.60 -6.91  3.47 -2.02 -0.27 
INFO: agc.c(123): AGCMax: obs=max= 1.88
utt>   105         speaker_3/uk_0106 1002    0   384 317  67 135 6.595484e-11 -5.502859e+01 -5.513865e+04
INFO: cmn.c(183): CMN: 44.71  6.79 -1.89  3.00 -4.60 -0.35  2.46 -1.98  3.12 -7.04  2.09 -3.03  1.01 
INFO: agc.c(123): AGCMax: obs=max= 1.69
utt>   106         speaker_3/uk_0107  571    0   216 185  50 101 5.584654e-11 -5.475530e+01 -3.126528e+04
INFO: cmn.c(183): CMN: 48.17  9.74 -2.80 -0.41 -5.67 -1.30 -1.35 -1.78  3.90 -5.98  3.98 -2.23  1.11 
INFO: agc.c(123): AGCMax: obs=max= 1.78
utt>   107         speaker_3/uk_0108 1081    0   456 362  72 144 6.770195e-11 -5.667044e+01 -6.126074e+04
INFO: cmn.c(183): CMN: 46.11  3.63  0.73  3.29 -3.03 -1.91  1.15 -0.03  2.50 -6.52  2.24 -0.38  0.23 
INFO: agc.c(123): AGCMax: obs=max= 1.84
utt>   108         speaker_3/uk_0109  746    0   252 219  56 112 5.925620e-11 -5.533708e+01 -4.128146e+04
INFO: cmn.c(183): CMN: 42.09  4.89 -2.59  0.55 -8.19 -0.11  4.21  1.87  3.20 -6.15  3.60 -0.84  0.66 
INFO: agc.c(123): AGCMax: obs=max= 1.64
utt>   109         speaker_3/uk_0110  406    0   120 106  38 77 4.661352e-11 -5.611679e+01 -2.278342e+04
INFO: cmn.c(183): CMN: 46.65  9.58  0.22  5.55 -2.89 -2.78  0.67  2.12  1.86 -8.55  3.14 -2.04  1.35 
INFO: agc.c(123): AGCMax: obs=max= 1.79
utt>   110         speaker_3/uk_0111 1428    0   380 316  71 142 6.514246e-11 -5.559500e+01 -7.938966e+04
INFO: cmn.c(183): CMN: 45.75  9.25 -1.23  4.57 -3.45 -1.90  2.11  0.90  2.49 -9.27  1.96 -0.96  1.03 
INFO: agc.c(123): AGCMax: obs=max= 1.82
utt>   111         speaker_3/uk_0112 1464    0   196 176  53 106 5.418938e-11 -5.660077e+01 -8.286352e+04
INFO: cmn.c(183): CMN: 44.21 10.00 -1.53  1.36 -3.59 -2.64  3.05 -2.17  1.45 -9.11  1.56 -2.18 -1.10 
INFO: agc.c(123): AGCMax: obs=max= 1.94
utt>   112         speaker_3/uk_0113  944    0   624 406  73 145 7.055095e-11 -5.464074e+01 -5.158086e+04
INFO: cmn.c(183): CMN: 43.75  7.20 -3.47  5.00 -3.18 -2.62  2.48  4.70  0.44 -8.85  3.88 -1.10  0.15 
INFO: agc.c(123): AGCMax: obs=max= 1.77
ERROR: "backward.c", line 421: Failed to align audio to trancript: final state of the search is not reached
ERROR: "baum_welch.c", line 324: speaker_3/uk_0114 ignored
utt>   113         speaker_3/uk_0114  502    0   604 266 
INFO: cmn.c(183): CMN: 43.83 10.83 -2.55  1.25 -6.14  4.35  2.14  0.15  2.60 -7.75  2.29 -1.64  0.83 
INFO: agc.c(123): AGCMax: obs=max= 1.80
utt>   114         speaker_3/uk_0115  551    0   324 247  55 110 6.100251e-11 -5.561738e+01 -3.064517e+04
INFO: cmn.c(183): CMN: 46.01  7.60 -3.64  1.29 -8.02  2.24  0.74 -0.99  6.19 -7.68  2.91 -2.38  0.03 
INFO: agc.c(123): AGCMax: obs=max= 1.87
utt>   115         speaker_3/uk_0116  659    0   168 152  47 94 5.211600e-11 -5.560141e+01 -3.664133e+04
INFO: cmn.c(183): CMN: 43.67  9.13 -1.96 -0.09 -6.98  1.25  2.78 -2.53  2.82 -8.25  2.55 -2.52  1.11 
INFO: agc.c(123): AGCMax: obs=max= 1.95
utt>   116         speaker_3/uk_0117  762    0   192 173  50 101 5.550992e-11 -5.632909e+01 -4.292276e+04
INFO: cmn.c(183): CMN: 45.95 12.40 -4.31  0.76 -7.52 -0.69  5.02 -1.24  1.98 -6.33  1.53 -0.73  0.02 
INFO: agc.c(123): AGCMax: obs=max= 1.48
utt>   117         speaker_3/uk_0118  578    0   236 199  52 104 5.649113e-11 -5.522372e+01 -3.191931e+04
INFO: cmn.c(183): CMN: 47.58  8.42 -1.87  4.33 -6.97 -0.87 -0.39  1.41  4.29 -6.69  3.77 -1.27  0.59 
INFO: agc.c(123): AGCMax: obs=max= 1.61
utt>   118         speaker_3/uk_0119  994    0   284 249  61 122 6.076402e-11 -5.542473e+01 -5.509218e+04
INFO: cmn.c(183): CMN: 44.97 10.21 -1.06  1.48 -3.71 -1.53  2.58  1.56  0.89 -7.55  1.62 -0.31 -0.04 
INFO: agc.c(123): AGCMax: obs=max= 1.54
utt>   119         speaker_3/uk_0120  534    0   232 194  51 102 5.846568e-11 -5.588207e+01 -2.984102e+04
INFO: cmn.c(183): CMN: 45.51  5.86  2.59  0.40 -3.37  1.05 -0.18 -0.67  5.38 -8.98  3.09 -0.96  0.79 
INFO: agc.c(123): AGCMax: obs=max= 1.83
utt>   120         speaker_3/uk_0121  850    0   316 268  61 123 6.351560e-11 -5.533239e+01 -4.703253e+04
INFO: cmn.c(183): CMN: 47.55  7.70 -0.63  1.99 -4.35 -0.06  0.02 -1.75  4.25 -7.51  3.57 -0.96  0.76 
INFO: agc.c(123): AGCMax: obs=max= 1.77
utt>   121         speaker_3/uk_0122  808    0   340 281  62 125 6.380907e-11 -5.513387e+01 -4.454817e+04
INFO: cmn.c(183): CMN: 47.68  7.36 -1.87  2.08 -2.74 -1.91  1.55 -3.55  4.45 -8.71  3.13 -0.96  0.59 
INFO: agc.c(123): AGCMax: obs=max= 1.96
utt>   122         speaker_3/uk_0123 1216    0   512 397  76 153 6.935164e-11 -5.610343e+01 -6.822178e+04
INFO: cmn.c(183): CMN: 47.77  7.92 -1.32  2.36 -3.48 -2.40 -0.19 -2.19  5.63 -8.85  3.45 -1.03  1.08 
INFO: agc.c(123): AGCMax: obs=max= 1.73
utt>   123         speaker_3/uk_0124 1275    0   560 424  79 158 7.048617e-11 -5.509997e+01 -7.025247e+04
INFO: cmn.c(183): CMN: 47.75  7.52 -1.36  2.13 -3.59 -2.00 -0.08 -2.85  5.45 -7.78  3.32 -1.09  0.55 
INFO: agc.c(123): AGCMax: obs=max= 1.90
utt>   124         speaker_3/uk_0125 1371    0   632 461  83 166 7.211055e-11 -5.573134e+01 -7.640766e+04
INFO: cmn.c(183): CMN: 43.40  3.14  0.27  6.56 -1.10 -2.47  3.52  1.76  1.02 -8.14  4.52 -2.95  0.31 
INFO: agc.c(123): AGCMax: obs=max= 1.82
utt>   125         speaker_3/uk_0126  489    0   176 152  46 92 5.427290e-11 -5.617433e+01 -2.746925e+04
INFO: cmn.c(183): CMN: 48.04  3.00  1.51  5.17 -3.78 -2.31  2.02  0.32  3.25 -9.76  4.27 -1.58  0.98 
INFO: agc.c(123): AGCMax: obs=max= 1.86
utt>   126         speaker_3/uk_0127  995    0   388 319  68 135 6.528903e-11 -5.485176e+01 -5.457751e+04
INFO: cmn.c(183): CMN: 48.34  6.76  0.34  5.09 -2.47 -3.54  1.77 -2.50  3.16 -9.48  3.78 -2.23  1.44 
INFO: agc.c(123): AGCMax: obs=max= 1.76
utt>   127         speaker_3/uk_0128 1248    0   512 399  77 154 6.943994e-11 -5.519239e+01 -6.888010e+04
INFO: cmn.c(183): CMN: 47.45  8.93 -0.10 -0.22 -5.04 -0.29  0.61  0.24  1.79 -6.18  2.03 -1.87  0.32 
INFO: agc.c(123): AGCMax: obs=max= 1.77
utt>   128         speaker_3/uk_0129  861    0   388 312  65 131 6.601195e-11 -5.488465e+01 -4.725568e+04
INFO: cmn.c(183): CMN: 44.53  6.47 -3.45 -0.24 -6.60 -1.87  3.67 -4.00  4.70 -5.57  1.38 -0.90  0.15 
INFO: agc.c(123): AGCMax: obs=max= 1.75
utt>   129         speaker_3/uk_0130  688    0   200 178  50 101 5.463080e-11 -5.495130e+01 -3.780650e+04
INFO: cmn.c(183): CMN: 45.55  8.83  0.27  2.96 -1.87 -2.33  1.52 -0.71  4.05 -9.00  2.42 -1.30  0.94 
INFO: agc.c(123): AGCMax: obs=max= 1.83
utt>   130         speaker_3/uk_0131 1473    0   384 318  71 143 6.504473e-11 -5.603461e+01 -8.253898e+04
INFO: cmn.c(183): CMN: 45.70  9.84 -0.26  2.37 -2.62 -1.63  2.71 -2.05  5.00 -10.19  2.04 -0.17  1.02 
INFO: agc.c(123): AGCMax: obs=max= 1.88
utt>   131         speaker_3/uk_0132 1386    0   216 193  55 111 5.561369e-11 -5.616791e+01 -7.784872e+04
INFO: cmn.c(183): CMN: 45.33  8.37  1.06 -0.14 -2.11 -4.10  3.02 -3.03  1.42 -9.94  1.77 -2.02 -0.31 
INFO: agc.c(123): AGCMax: obs=max= 1.90
utt>   132         speaker_3/uk_0133  911    0   456 350  69 138 6.808413e-11 -5.484211e+01 -4.996117e+04
INFO: cmn.c(183): CMN: 46.08  7.62 -1.27  2.19 -7.21  0.81  1.02 -1.82  4.20 -9.20  5.01 -2.19  0.62 
INFO: agc.c(123): AGCMax: obs=max= 1.73
utt>   133         speaker_3/uk_0134 1033    0   252 224  58 116 5.935695e-11 -5.525450e+01 -5.707790e+04
INFO: cmn.c(183): CMN: 44.84  7.07 -1.74  3.34 -3.36  0.13  2.97 -5.28  6.56 -9.72  2.10 -1.95  0.26 
INFO: agc.c(123): AGCMax: obs=max= 1.65
utt>   134         speaker_3/uk_0135  563    0   120 110  40 80 4.590696e-11 -5.386838e+01 -3.032790e+04
INFO: cmn.c(183): CMN: 47.57  9.31 -3.82  0.82 -5.32 -0.58  0.19 -3.38  5.55 -7.50  4.48 -1.00  1.37 
INFO: agc.c(123): AGCMax: obs=max= 1.72
utt>   135         speaker_3/uk_0136 1134    0   380 318  69 138 6.498910e-11 -5.632839e+01 -6.387639e+04
INFO: cmn.c(183): CMN: 44.78  3.12  0.57  3.11 -2.73 -1.35  0.83  1.76  2.14 -8.66  2.97 -1.03  1.09 
INFO: agc.c(123): AGCMax: obs=max= 1.71
utt>   136         speaker_3/uk_0137  773    0   196 177  51 102 5.506876e-11 -5.516975e+01 -4.264622e+04
INFO: cmn.c(183): CMN: 43.86  5.79 -4.34 -0.11 -8.53 -2.55  2.49  0.77  6.27 -7.50  3.52 -0.26  1.43 
INFO: agc.c(123): AGCMax: obs=max= 1.70
ERROR: "backward.c", line 421: Failed to align audio to trancript: final state of the search is not reached
ERROR: "baum_welch.c", line 324: speaker_3/uk_0138 ignored
utt>   137         speaker_3/uk_0138  390    0   624 222 
INFO: cmn.c(183): CMN: 46.51  9.53 -2.64  2.40 -6.79 -1.80 -0.02 -2.80  7.42 -8.35  3.55 -1.57  0.68 
INFO: agc.c(123): AGCMax: obs=max= 1.85
utt>   138         speaker_3/uk_0139  950    0   604 404  73 146 6.946879e-11 -5.543865e+01 -5.266672e+04
INFO: cmn.c(183): CMN: 44.70  9.15 -1.30 -0.07 -2.49 -2.26  1.87 -0.76  2.32 -8.12  1.67 -1.34 -0.07 
INFO: agc.c(123): AGCMax: obs=max= 1.63
utt>   139         speaker_3/uk_0140  531    0   324 244  54 109 6.087357e-11 -5.589247e+01 -2.967890e+04
INFO: cmn.c(183): CMN: 48.36  7.17 -1.98  2.26 -7.19 -0.52  3.66 -3.52  2.42 -8.58  3.73 -2.74  0.05 
INFO: agc.c(123): AGCMax: obs=max= 1.64
utt>   140         speaker_3/uk_0141  829    0   340 282  63 125 6.451346e-11 -5.505962e+01 -4.564443e+04
INFO: cmn.c(183): CMN: 49.28  6.57 -1.88  2.24 -5.14 -2.87  5.21 -3.63  1.54 -7.70  3.43 -2.33 -0.01 
INFO: agc.c(123): AGCMax: obs=max= 1.70
utt>   141         speaker_3/uk_0142 1214    0   512 397  76 153 6.981938e-11 -5.609144e+01 -6.809501e+04
INFO: cmn.c(183): CMN: 49.92  9.21 -3.10  3.21 -7.35 -2.41  2.39 -2.74  3.55 -8.57  2.86 -3.21  1.38 
INFO: agc.c(123): AGCMax: obs=max= 1.59
utt>   142         speaker_3/uk_0143 1220    0   560 421  78 157 7.121924e-11 -5.547102e+01 -6.767464e+04
INFO: cmn.c(183): CMN: 48.88 10.39 -3.08  1.97 -8.45 -1.52  3.19 -4.51  4.70 -7.72  2.60 -1.41  0.45 
INFO: agc.c(123): AGCMax: obs=max= 1.87
utt>   143         speaker_3/uk_0144 1291    0   632 455  82 164 7.222119e-11 -5.527847e+01 -7.136451e+04
INFO: cmn.c(183): CMN: 43.59  5.59 -1.32  5.24 -4.92 -3.22  6.33  1.71 -0.84 -7.87  4.13 -2.59  0.95 
INFO: agc.c(123): AGCMax: obs=max= 1.86
utt>   144         speaker_3/uk_0145  497    0   176 152  46 92 5.328118e-11 -5.612352e+01 -2.789339e+04
INFO: cmn.c(183): CMN: 50.31  2.64  2.27  4.22 -4.56 -3.12  2.20 -1.78  0.46 -8.96  3.99 -1.76 -0.94 
INFO: agc.c(123): AGCMax: obs=max= 1.72
utt>   145         speaker_3/uk_0146  914    0   388 315  66 133 6.527384e-11 -5.538935e+01 -5.062587e+04
INFO: cmn.c(183): CMN: 49.98  7.24  0.53  4.17 -3.88 -3.89  1.79 -0.55  0.28 -8.13  3.88 -2.54 -0.13 
INFO: agc.c(123): AGCMax: obs=max= 1.83
utt>   146         speaker_3/uk_0147 1226    0   512 398  76 153 6.891813e-11 -5.493038e+01 -6.734464e+04
INFO: cmn.c(183): CMN: 48.81  9.82 -1.28  0.18 -7.43 -1.79  1.85 -1.01 -0.20 -5.53  3.01 -1.70 -0.64 
INFO: agc.c(123): AGCMax: obs=max= 1.68
utt>   147         speaker_3/uk_0148  873    0   388 313  66 132 6.599461e-11 -5.564474e+01 -4.857785e+04
INFO: cmn.c(183): CMN: 46.75  7.86 -5.19  0.84 -7.72  1.31  3.10 -2.74  2.77 -5.52  0.64 -1.67  0.81 
INFO: agc.c(123): AGCMax: obs=max= 1.61
utt>   148         speaker_3/uk_0149  652    0   200 177  50 101 5.588741e-11 -5.464042e+01 -3.562555e+04
INFO: cmn.c(183): CMN: 46.64  7.42 -0.54  2.99 -6.27  0.19  4.36 -1.73  2.68 -6.71  2.37 -1.83  0.40 
INFO: agc.c(123): AGCMax: obs=max= 1.56
utt>   149         speaker_3/uk_0150  727    0   280 238  57 115 6.153252e-11 -5.606123e+01 -4.075651e+04
INFO: cmn.c(183): CMN: 42.84  7.11 -1.65  2.01 -4.66 -7.57  0.94  1.06 -0.17 -10.04  3.08 -0.60 -0.66 
INFO: agc.c(123): AGCMax: obs=max= 1.75
utt>   150         speaker_3/uk_0151  993    0   360 302  66 132 6.326005e-11 -5.580457e+01 -5.541394e+04
INFO: cmn.c(183): CMN: 44.38  7.83 -1.54  3.54 -4.30 -4.13  3.58 -4.72  1.01 -9.12  3.20 -1.66 -1.57 
INFO: agc.c(123): AGCMax: obs=max= 1.85
utt>   151         speaker_3/uk_0152  897    0   388 314  66 133 6.656629e-11 -5.674457e+01 -5.089988e+04
INFO: cmn.c(183): CMN: 42.84  6.03  1.40  4.18 -4.82 -1.39  2.94 -0.96 -0.41 -9.69  4.16 -2.95 -1.02 
INFO: agc.c(123): AGCMax: obs=max= 1.84
utt>   152         speaker_3/uk_0153  641    0   256 216  54 109 5.832489e-11 -5.527517e+01 -3.543139e+04
INFO: cmn.c(183): CMN: 46.01  6.01  0.56  6.54 -5.88 -1.71  1.54 -2.84  1.53 -11.12  3.76 -1.87 -0.90 
INFO: agc.c(123): AGCMax: obs=max= 1.77
utt>   153         speaker_3/uk_0154 1027    0   452 357  71 142 6.888687e-11 -5.618438e+01 -5.770135e+04
INFO: cmn.c(183): CMN: 39.57 10.06 -4.70  0.42 -8.37  0.31  5.41 -2.89 -0.24 -6.17  1.31 -0.62 -2.13 
INFO: agc.c(123): AGCMax: obs=max= 1.90
utt>   154         speaker_3/uk_0155  407    0   140 122  41 82 4.886145e-11 -5.617557e+01 -2.286346e+04
INFO: cmn.c(183): CMN: 45.20  5.61 -1.37  5.37 -3.99 -5.69  3.79 -1.09  1.66 -8.34  3.62 -0.70 -0.39 
INFO: agc.c(123): AGCMax: obs=max= 1.73
utt>   155         speaker_3/uk_0156  868    0   368 301  65 130 6.426624e-11 -5.601008e+01 -4.861675e+04
INFO: cmn.c(183): CMN: 43.85  8.62 -4.98  0.95 -10.52 -1.95  4.15 -2.66  1.23 -7.01  4.86 -1.33 -1.87 
INFO: agc.c(123): AGCMax: obs=max= 1.80
utt>   156         speaker_3/uk_0157  488    0   176 152  46 92 5.179145e-11 -5.508300e+01 -2.688050e+04
INFO: cmn.c(183): CMN: 41.83  4.45  1.83  4.65 -5.73 -2.23  4.14  1.60 -0.31 -10.07  3.58 -1.27 -0.68 
INFO: agc.c(123): AGCMax: obs=max= 1.67
utt>   157         speaker_3/uk_0158  611    0   224 193  52 104 5.680395e-11 -5.611827e+01 -3.428827e+04
INFO: cmn.c(183): CMN: 45.32 10.61 -3.04  2.49 -9.98 -1.68  2.69 -4.91  2.72 -8.78  4.24 -1.96 -1.16 
INFO: agc.c(123): AGCMax: obs=max= 1.76
utt>   158         speaker_3/uk_0159  792    0   320 267  61 122 6.255489e-11 -5.608761e+01 -4.442138e+04
INFO: cmn.c(183): CMN: 44.82 11.45 -1.51  2.89 -8.75 -2.30  3.33 -4.00  1.46 -8.56  5.56 -2.15 -0.99 
INFO: agc.c(123): AGCMax: obs=max= 1.86
utt>   159         speaker_3/uk_0160  693    0   260 222  56 112 5.861354e-11 -5.580858e+01 -3.867535e+04
INFO: cmn.c(183): CMN: 42.04  5.54 -0.13  7.62 -6.47 -4.41  4.42  1.31  0.95 -10.39  6.22 -3.21 -0.53 
INFO: agc.c(123): AGCMax: obs=max= 1.95
utt>   160         speaker_3/uk_0161  501    0   176 152  46 92 5.327225e-11 -5.602744e+01 -2.806975e+04
INFO: cmn.c(183): CMN: 46.45  3.08  1.97  6.05 -8.97 -4.60  3.58 -0.73  1.63 -10.53  5.06 -2.46 -1.22 
INFO: agc.c(123): AGCMax: obs=max= 1.79
utt>   161         speaker_3/uk_0162 1005    0   388 320  68 136 6.523301e-11 -5.448550e+01 -5.475793e+04
INFO: cmn.c(183): CMN: 45.48  8.86  0.55  8.22 -7.99 -4.60  2.63 -2.10  0.89 -11.40  4.77 -2.67 -0.56 
INFO: agc.c(123): AGCMax: obs=max= 1.79
utt>   162         speaker_3/uk_0163 1190    0   512 396  76 152 6.951570e-11 -5.510667e+01 -6.557694e+04
INFO: cmn.c(183): CMN: 45.34 11.15 -2.02  2.14 -10.40 -2.82  2.79 -0.96 -0.88 -8.02  4.82 -1.55 -1.17 
INFO: agc.c(123): AGCMax: obs=max= 1.89
utt>   163         speaker_3/uk_0164  873    0   388 313  66 132 6.599461e-11 -5.593817e+01 -4.883402e+04
INFO: cmn.c(183): CMN: 43.88  9.58 -3.66  1.19 -10.35 -2.22  2.12 -2.69  3.80 -8.79  3.58 -1.16 -1.19 
INFO: agc.c(123): AGCMax: obs=max= 1.69
utt>   164         speaker_3/uk_0165  662    0   200 177  50 101 5.692008e-11 -5.491889e+01 -3.635631e+04
INFO: cmn.c(183): CMN: 44.64  8.67 -1.03  5.31 -9.17 -2.20  4.30 -2.44  2.37 -9.49  4.81 -1.79 -0.92 
INFO: agc.c(123): AGCMax: obs=max= 1.60
utt>   165         speaker_3/uk_0166  728    0   280 238  57 115 6.103587e-11 -5.495455e+01 -4.000692e+04
INFO: cmn.c(183): CMN: 46.17  8.39 -2.04  4.60 -11.47 -2.82  1.02 -2.57  1.37 -8.97  5.06 -2.19 -1.62 
INFO: agc.c(123): AGCMax: obs=max= 1.78
utt>   166         speaker_3/uk_0167 1017    0   384 318  68 136 6.648688e-11 -5.484870e+01 -5.578113e+04
INFO: cmn.c(183): CMN: 42.71  8.12 -3.84  6.23 -8.36 -2.38  4.07 -3.56  1.98 -10.47  2.89 -1.77 -0.72 
INFO: agc.c(123): AGCMax: obs=max= 1.85
utt>   167         speaker_3/uk_0168  616    0   216 187  51 103 5.706129e-11 -5.400898e+01 -3.326953e+04
INFO: cmn.c(183): CMN: 46.27 10.32 -3.42  2.75 -10.77 -3.35  0.78 -3.28  2.19 -8.40  4.77 -1.05 -2.06 
INFO: agc.c(123): AGCMax: obs=max= 1.75
utt>   168         speaker_3/uk_0169 1072    0   456 361  72 144 6.798120e-11 -5.630780e+01 -6.036197e+04
INFO: cmn.c(183): CMN: 43.51  3.87  0.42  4.73 -6.43 -2.08  0.39 -0.00  0.17 -8.60  3.34 -1.13 -1.24 
INFO: agc.c(123): AGCMax: obs=max= 1.90
utt>   169         speaker_3/uk_0170  760    0   252 220  56 112 5.848651e-11 -5.509409e+01 -4.187151e+04
INFO: cmn.c(183): CMN: 45.42  8.45  2.64  3.07 -5.78 -6.17  6.31 -2.35  4.01 -10.65  3.05 -1.56 -1.47 
INFO: agc.c(123): AGCMax: obs=max= 1.98
utt>   170         speaker_3/uk_0171 1280    0   604 443  81 162 7.171297e-11 -5.597653e+01 -7.164996e+04
INFO: cmn.c(183): CMN: 43.60  8.24 -0.31  1.23 -6.47 -4.96  6.54 -4.23  1.29 -6.59  1.45 -0.62 -2.97 
INFO: agc.c(123): AGCMax: obs=max= 1.78
utt>   171         speaker_3/uk_0172  816    0   324 271  61 123 6.308646e-11 -5.546947e+01 -4.526309e+04
INFO: cmn.c(183): CMN: 41.63  6.70 -1.55  2.99 -4.50 -5.00  5.98  1.83  3.15 -7.35  3.01 -0.03 -2.05 
INFO: agc.c(123): AGCMax: obs=max= 1.95
utt>   172         speaker_3/uk_0173  490    0   168 146  45 90 5.285464e-11 -5.464320e+01 -2.677517e+04
INFO: cmn.c(183): CMN: 42.66  8.97  0.96 -0.47 -7.81  0.82  6.18 -2.54  4.12 -6.89  3.64 -2.15 -2.03 
INFO: agc.c(123): AGCMax: obs=max= 1.76
utt>   173         speaker_3/uk_0174  534    0   192 166  48 96 5.557685e-11 -5.543429e+01 -2.960191e+04
INFO: cmn.c(183): CMN: 43.93  3.72  0.28  0.27 -9.55 -3.06  4.94 -1.47  6.54 -7.08  3.76 -1.35 -0.85 
INFO: agc.c(123): AGCMax: obs=max= 1.86
utt>   174         speaker_3/uk_0175  633    0   236 202  53 106 5.793573e-11 -5.617866e+01 -3.556109e+04
INFO: cmn.c(183): CMN: 44.12  6.51  1.48 -2.11 -8.05 -2.17  4.69 -5.44  3.82 -8.86  4.16 -1.86 -0.56 
INFO: agc.c(123): AGCMax: obs=max= 1.98
utt>   175         speaker_3/uk_0176  728    0   284 240  58 116 6.049006e-11 -5.594995e+01 -4.073157e+04
INFO: cmn.c(183): CMN: 43.58  7.71 -0.82 -2.73 -10.44 -2.32  6.77 -2.21  2.75 -6.69  4.14 -1.45 -1.37 
INFO: agc.c(123): AGCMax: obs=max= 1.66
utt>   176         speaker_3/uk_0177  608    0   232 198  52 105 5.744368e-11 -5.402145e+01 -3.284504e+04
INFO: cmn.c(183): CMN: 48.09  9.05 -2.32  3.99 -6.94 -5.32  3.70 -6.51  6.91 -8.67  3.83 -1.00 -1.24 
INFO: agc.c(123): AGCMax: obs=max= 1.58
utt>   177         speaker_3/uk_0178  931    0   444 346  69 138 6.707502e-11 -5.568688e+01 -5.184448e+04
INFO: cmn.c(183): CMN: 44.42  5.08  0.88  1.08 -8.08 -2.67  2.64 -3.32  5.67 -7.13  5.98 -1.45 -0.57 
INFO: agc.c(123): AGCMax: obs=max= 1.86
utt>   178         speaker_3/uk_0179 1080    0   384 319  68 137 6.531029e-11 -5.518860e+01 -5.960369e+04
INFO: cmn.c(183): CMN: 42.25  6.94  0.02  4.84 -8.69 -3.78  4.66 -2.39  3.95 -7.73  3.99 -1.01 -0.28 
INFO: agc.c(123): AGCMax: obs=max= 1.78
utt>   179         speaker_3/uk_0180  507    0   196 167  48 96 5.509770e-11 -5.621435e+01 -2.850067e+04
INFO: cmn.c(183): CMN: 45.32  7.97 -3.32  3.21 -9.10 -0.75  2.81 -4.57  3.29 -7.54  4.34 -1.65 -0.92 
INFO: agc.c(123): AGCMax: obs=max= 1.82
utt>   180         speaker_3/uk_0181  786    0   320 267  61 122 6.220588e-11 -5.565863e+01 -4.374768e+04
INFO: cmn.c(183): CMN: 43.68 11.46 -2.01  3.68 -7.32 -0.40  2.82 -5.03  2.41 -8.20  4.94 -2.96 -0.87 
INFO: agc.c(123): AGCMax: obs=max= 1.90
utt>   181         speaker_3/uk_0182  703    0   260 223  56 112 5.852275e-11 -5.573472e+01 -3.918151e+04
INFO: cmn.c(183): CMN: 45.06  5.31  2.40  3.87 -4.71 -2.06  0.28 -2.52  0.85 -9.23  2.97 -2.35 -0.41 
INFO: agc.c(123): AGCMax: obs=max= 1.96
utt>   182         speaker_3/uk_0183  997    0   376 312  67 134 6.476760e-11 -5.456634e+01 -5.440264e+04
INFO: cmn.c(183): CMN: 44.28  9.69 -3.45  5.46 -9.05 -1.82  4.08 -2.10  2.05 -8.69  5.52 -2.30  0.36 
INFO: agc.c(123): AGCMax: obs=max= 1.71
utt>   183         speaker_3/uk_0184  547    0   220 186  50 101 5.692162e-11 -5.469420e+01 -2.991773e+04
INFO: cmn.c(183): CMN: 44.70  9.50 -2.27  3.81 -6.68 -0.83  1.34 -4.68  1.61 -8.92  4.12 -2.72 -0.51 
INFO: agc.c(123): AGCMax: obs=max= 1.62
utt>   184         speaker_3/uk_0185  610    0   248 209  53 107 5.755797e-11 -5.563839e+01 -3.393942e+04
INFO: cmn.c(183): CMN: 46.41  8.28  0.42  6.24 -4.21 -4.21  1.80 -3.24  1.14 -10.62  4.63 -2.00 -0.68 
INFO: agc.c(123): AGCMax: obs=max= 1.80
utt>   185         speaker_3/uk_0186 1122    0   500 387  74 149 6.830030e-11 -5.567120e+01 -6.246309e+04
INFO: cmn.c(183): CMN: 45.47  5.91  1.84  3.50 -6.40 -0.68 -0.76 -2.68  2.36 -11.91  5.97 -2.33  0.61 
INFO: agc.c(123): AGCMax: obs=max= 1.70
utt>   186         speaker_3/uk_0187  802    0   316 265  61 122 6.253125e-11 -5.565952e+01 -4.463894e+04
INFO: cmn.c(183): CMN: 46.03  9.10 -1.21  3.49 -8.60 -2.54  0.94 -3.19  1.42 -10.93  5.00 -2.79 -0.90 
INFO: agc.c(123): AGCMax: obs=max= 1.72
utt>   187         speaker_3/uk_0188  794    0   340 280  62 124 6.332850e-11 -5.503636e+01 -4.369887e+04
INFO: cmn.c(183): CMN: 46.03  9.59 -2.85  3.91 -5.78 -3.68  1.64 -4.88  1.01 -8.83  3.71 -1.21 -0.92 
INFO: agc.c(123): AGCMax: obs=max= 1.85
utt>   188         speaker_3/uk_0189 1184    0   512 396  76 152 6.924915e-11 -5.599787e+01 -6.630147e+04
INFO: cmn.c(183): CMN: 46.96  8.54 -2.16  5.88 -7.65 -3.30 -1.04 -2.99  1.84 -10.21  3.81 -2.18 -0.34 
INFO: agc.c(123): AGCMax: obs=max= 1.65
utt>   189         speaker_3/uk_0190 1191    0   560 419  78 156 7.050864e-11 -5.589602e+01 -6.657216e+04
INFO: cmn.c(183): CMN: 42.69  4.30  1.51  7.28 -9.99 -5.93  3.81 -1.11  5.52 -9.33  2.73 -3.89 -0.17 
INFO: agc.c(123): AGCMax: obs=max= 1.70
utt>   190         speaker_3/uk_0191  504    0   196 167  48 96 5.599640e-11 -5.571734e+01 -2.808154e+04
INFO: cmn.c(183): CMN: 46.38  3.45  4.64  2.89 -3.76 -10.54  0.87  2.76  4.68 -6.74  1.65 -1.88  0.37 
INFO: agc.c(123): AGCMax: obs=max= 1.71
utt>   191         speaker_3/uk_0192  595    0   256 213  54 107 5.998335e-11 -5.604201e+01 -3.334500e+04
INFO: cmn.c(183): CMN: 42.23  4.29  4.75  3.45 -6.04 -6.40  5.92  0.83  1.12 -8.74  3.45 -3.06 -0.32 
INFO: agc.c(123): AGCMax: obs=max= 1.62
utt>   192         speaker_3/uk_0193  532    0   200 171  48 97 5.418835e-11 -5.574726e+01 -2.965754e+04
INFO: cmn.c(183): CMN: 44.07  5.78  2.45  0.61 -5.96 -7.70  3.68 -0.90  4.98 -8.58  1.97 -2.13 -0.87 
INFO: agc.c(123): AGCMax: obs=max= 1.54
utt>   193         speaker_3/uk_0194  839    0   320 270  62 123 6.231944e-11 -5.588293e+01 -4.688578e+04
INFO: cmn.c(183): CMN: 45.31  5.33  0.54  3.62 -7.73 -6.02  2.69  0.81  3.30 -8.05  2.60 -2.75 -0.39 
INFO: agc.c(123): AGCMax: obs=max= 1.65
utt>   194         speaker_3/uk_0195  554    0   200 173  49 98 5.590117e-11 -5.566431e+01 -3.083803e+04
INFO: cmn.c(183): CMN: 47.87  6.57  4.69  2.51 -6.82 -7.13  1.02 -1.69  6.52 -9.29  2.75 -1.32 -0.80 
INFO: agc.c(123): AGCMax: obs=max= 1.64
utt>   195         speaker_3/uk_0196 1160    0   512 395  75 151 6.967796e-11 -5.558392e+01 -6.447735e+04
INFO: cmn.c(183): CMN: 46.59  5.23  4.93  2.94 -4.57 -7.94  3.88  0.02  4.39 -10.79  3.24 -2.70 -0.48 
INFO: agc.c(123): AGCMax: obs=max= 1.66
utt>   196         speaker_3/uk_0197  875    0   404 321  66 133 6.675303e-11 -5.671971e+01 -4.962975e+04
INFO: cmn.c(183): CMN: 45.12  5.92  3.28  2.30 -5.09 -6.61  3.31 -0.29  5.04 -9.19  4.37 -3.27 -0.76 
INFO: agc.c(123): AGCMax: obs=max= 1.84
utt>   197         speaker_3/uk_0198 1124    0   480 377  74 148 6.797848e-11 -5.577666e+01 -6.269297e+04
INFO: cmn.c(183): CMN: 45.38  7.48  1.27  1.73 -5.80 -7.69  1.33  0.42  4.20 -9.59  2.87 -2.12 -0.45 
INFO: agc.c(123): AGCMax: obs=max= 1.68
utt>   198         speaker_3/uk_0199  912    0   360 299  65 130 6.391682e-11 -5.595047e+01 -5.102683e+04
INFO: cmn.c(183): CMN: 44.64  7.95  1.90  1.10 -3.12 -8.20  4.98 -3.15  3.59 -7.91  2.36 -1.54 -0.93 
INFO: agc.c(123): AGCMax: obs=max= 1.98
utt>   199         speaker_3/uk_0200  843    0   388 310  65 131 6.606613e-11 -5.626341e+01 -4.743005e+04
INFO: cmn.c(183): CMN: 42.23 -1.56  2.92  8.44 -6.56 -3.19  2.91 -1.63 -4.13 -7.82  4.88 -1.79  0.93 
INFO: agc.c(123): AGCMax: obs=max= 1.84
utt>   200         speaker_3/uk_0201  980    0   376 311  67 134 6.468582e-11 -5.486929e+01 -5.377190e+04
INFO: cmn.c(183): CMN: 41.96  3.97 -2.11  6.45 -6.62 -5.30  4.97 -4.44  1.91 -9.87  5.91 -3.41  2.34 
INFO: agc.c(123): AGCMax: obs=max= 1.78
utt>   201         speaker_3/uk_0202  596    0   220 189  51 103 5.710572e-11 -5.456142e+01 -3.251861e+04
INFO: cmn.c(183): CMN: 43.57  3.80 -0.18  6.03 -6.34 -2.18  2.21 -4.62  1.08 -9.46  5.59 -3.47  1.88 
INFO: agc.c(123): AGCMax: obs=max= 1.78
utt>   202         speaker_3/uk_0203  626    0   248 210  54 108 5.870116e-11 -5.522279e+01 -3.456947e+04
INFO: cmn.c(183): CMN: 44.46  2.06  2.89 10.97 -4.92 -4.87  3.41 -3.01 -1.48 -8.64  4.43 -0.52  1.53 
INFO: agc.c(123): AGCMax: obs=max= 1.94
utt>   203         speaker_3/uk_0204 1136    0   500 387  75 150 6.869744e-11 -5.588656e+01 -6.348714e+04
INFO: cmn.c(183): CMN: 44.52  1.13  3.28  8.03 -5.33 -3.49  1.97 -2.61  0.24 -11.34  7.74 -2.84  1.76 
INFO: agc.c(123): AGCMax: obs=max= 1.88
utt>   204         speaker_3/uk_0205  824    0   316 267  61 123 6.354874e-11 -5.525518e+01 -4.553026e+04
INFO: cmn.c(183): CMN: 44.37  5.37  1.79  6.37 -7.85 -3.63  4.44 -4.27 -1.01 -9.13  7.46 -3.22  0.69 
INFO: agc.c(123): AGCMax: obs=max= 1.89
utt>   205         speaker_3/uk_0206  830    0   340 282  63 126 6.449746e-11 -5.472429e+01 -4.542116e+04
INFO: cmn.c(183): CMN: 45.46  5.71  0.72  6.91 -5.68 -6.68  4.87 -6.46 -0.35 -9.85  6.88 -1.72  0.16 
INFO: agc.c(123): AGCMax: obs=max= 2.02
utt>   206         speaker_3/uk_0207 1181    0   512 396  76 152 6.964447e-11 -5.602123e+01 -6.616107e+04
INFO: cmn.c(183): CMN: 45.31  5.47  0.77  7.71 -5.58 -5.95  4.12 -3.27  0.59 -9.55  6.04 -1.68  0.93 
INFO: agc.c(123): AGCMax: obs=max= 1.76
utt>   207         speaker_3/uk_0208 1212    0   560 420  78 156 7.042876e-11 -5.595917e+01 -6.782252e+04
INFO: cmn.c(183): CMN: 46.57  3.82 -0.72  6.53 -5.33 -7.76  3.89 -6.35  1.92 -10.96  7.19 -1.80  0.97 
INFO: agc.c(123): AGCMax: obs=max= 2.00
utt>   208         speaker_3/uk_0209 1341    0   632 459  82 165 7.226639e-11 -5.562186e+01 -7.458892e+04
INFO: cmn.c(183): CMN: 41.03  0.09  0.44 11.96 -4.49 -6.76  6.38 -3.12 -1.72 -9.82  5.30 -3.11  1.05 
INFO: agc.c(123): AGCMax: obs=max= 1.87
utt>   209         speaker_3/uk_0210  486    0   176 152  46 92 5.409649e-11 -5.608399e+01 -2.725682e+04
INFO: cmn.c(183): CMN: 45.17  1.63  9.03  2.36 -3.85 -7.80  4.46  3.00  2.68 -9.78  1.82 -3.01 -0.93 
INFO: agc.c(123): AGCMax: obs=max= 1.63
utt>   210         speaker_3/uk_0211  518    0   224 187  50 100 5.717916e-11 -5.615013e+01 -2.908576e+04
INFO: cmn.c(183): CMN: 45.23  7.33  1.74 -1.20 -8.02 -4.50  3.02 -1.06  6.03 -7.36  1.73 -2.42 -1.12 
INFO: agc.c(123): AGCMax: obs=max= 1.68
utt>   211         speaker_3/uk_0212  751    0   320 265  60 121 6.267832e-11 -5.612327e+01 -4.214858e+04
INFO: cmn.c(183): CMN: 42.64  9.74  1.77 -0.71 -5.53 -4.19  3.16 -1.08  4.22 -7.21  2.57 -3.40 -0.83 
INFO: agc.c(123): AGCMax: obs=max= 1.80
utt>   212         speaker_3/uk_0213  678    0   260 221  55 111 5.885770e-11 -5.533914e+01 -3.751993e+04
INFO: cmn.c(183): CMN: 45.65  3.26  6.94  1.35 -3.72 -5.66  2.08  0.44  3.87 -8.80  1.51 -2.62 -1.57 
INFO: agc.c(123): AGCMax: obs=max= 1.82
utt>   213         speaker_3/uk_0214  965    0   376 311  66 133 6.442029e-11 -5.436667e+01 -5.246384e+04
INFO: cmn.c(183): CMN: 44.75  6.64  1.94  0.29 -7.51 -7.12  5.45 -1.24  3.14 -9.33  1.85 -1.70 -0.51 
INFO: agc.c(123): AGCMax: obs=max= 1.61
utt>   214         speaker_3/uk_0215  541    0   220 186  50 101 5.661719e-11 -5.470233e+01 -2.959396e+04
INFO: cmn.c(183): CMN: 45.10  6.90  2.24  0.57 -6.59 -4.30  2.51 -2.33  4.77 -8.84  2.04 -2.10 -1.02 
INFO: agc.c(123): AGCMax: obs=max= 1.75
utt>   215         speaker_3/uk_0216  592    0   248 208  53 106 5.795342e-11 -5.505485e+01 -3.259247e+04
INFO: cmn.c(183): CMN: 47.73  6.40  6.18  3.52 -3.49 -8.10  3.99 -1.57  4.59 -9.67  3.06 -2.02 -0.91 
INFO: agc.c(123): AGCMax: obs=max= 1.78
utt>   216         speaker_3/uk_0217 1070    0   500 383  74 148 6.884669e-11 -5.573420e+01 -5.963559e+04
INFO: cmn.c(183): CMN: 47.00  4.14  6.77  1.06 -6.29 -4.72  0.37 -1.76  7.67 -11.30  3.11 -3.09 -1.14 
INFO: agc.c(123): AGCMax: obs=max= 1.62
utt>   217         speaker_3/uk_0218  771    0   316 264  60 121 6.324092e-11 -5.466778e+01 -4.214886e+04
INFO: cmn.c(183): CMN: 46.75  6.71  4.06  0.63 -6.41 -5.97  3.66 -1.68  5.24 -9.12  3.28 -2.44 -0.97 
INFO: agc.c(123): AGCMax: obs=max= 1.60
utt>   218         speaker_3/uk_0219  811    0   340 281  62 125 6.392555e-11 -5.476103e+01 -4.441120e+04
INFO: cmn.c(183): CMN: 48.28  7.67  3.00  1.06 -5.82 -8.58  2.84 -3.28  6.31 -9.37  2.01 -1.82 -1.14 
INFO: agc.c(123): AGCMax: obs=max= 1.67
utt>   219         speaker_3/uk_0220 1112    0   512 392  75 150 6.982275e-11 -5.589576e+01 -6.215609e+04
INFO: cmn.c(183): CMN: 44.35  4.53  7.93 -3.59 -2.34 -3.63 -4.36 -0.30 -1.04  2.07 -1.18 -0.37  1.51 
INFO: agc.c(123): AGCMax: obs=max= 2.10
utt>   220         speaker_3/uk_0221 1393    0   632 462  83 167 7.168782e-11 -5.698210e+01 -7.937607e+04
INFO: cmn.c(183): CMN: 36.70  4.83 10.61  1.24 -0.13 -0.24 -2.80 -3.14 -1.00  1.31 -2.46 -1.58 -0.87 
INFO: agc.c(123): AGCMax: obs=max= 1.96
utt>   221         speaker_3/uk_0222  564    0   176 155  47 94 5.401178e-11 -5.763717e+01 -3.250736e+04
INFO: cmn.c(183): CMN: 44.52  2.15 10.04 -0.57 -2.44 -3.97 -2.86 -1.73 -1.94  4.16 -1.97 -1.59  0.16 
INFO: agc.c(123): AGCMax: obs=max= 1.92
utt>   222         speaker_3/uk_0223 1023    0   388 320  68 136 6.553356e-11 -5.647263e+01 -5.777150e+04
INFO: cmn.c(183): CMN: 45.51  4.05 10.02 -1.65 -1.42 -0.46 -6.87 -5.33 -0.37  5.21 -2.05 -0.75 -0.07 
INFO: agc.c(123): AGCMax: obs=max= 2.17
utt>   223         speaker_3/uk_0224 1343    0   512 402  78 156 6.972851e-11 -5.632864e+01 -7.564937e+04
INFO: cmn.c(183): CMN: 46.08  6.00  7.46 -7.01 -1.91 -1.04 -7.00 -5.58  1.58  3.45 -2.07 -0.07 -0.35 
INFO: agc.c(123): AGCMax: obs=max= 2.12
utt>   224         speaker_3/uk_0225  932    0   388 316  67 134 6.578126e-11 -5.641490e+01 -5.257869e+04
INFO: cmn.c(183): CMN: 42.10  4.45  4.02 -5.66 -0.41 -1.48 -7.89 -5.22  1.94  6.37 -1.52 -1.04  1.04 
INFO: agc.c(123): AGCMax: obs=max= 2.14
utt>   225         speaker_3/uk_0226  751    0   200 180  51 102 5.548727e-11 -5.677154e+01 -4.263543e+04
INFO: cmn.c(183): CMN: 42.62  4.19  5.97 -6.38  1.23 -0.67 -7.99 -3.60  1.86  5.21 -1.30 -0.37 -0.09 
INFO: agc.c(123): AGCMax: obs=max= 1.98
utt>   226         speaker_3/uk_0227  906    0   280 244  60 119 6.137999e-11 -5.817569e+01 -5.270718e+04
INFO: cmn.c(183): CMN: 45.03  5.85  4.14 -4.03 -1.37 -1.18 -8.69 -3.27  0.53  5.62 -1.15 -1.69 -0.31 
INFO: agc.c(123): AGCMax: obs=max= 1.98
utt>   227         speaker_3/uk_0228 1078    0   384 319  68 137 6.483752e-11 -5.712808e+01 -6.158407e+04
INFO: cmn.c(183): CMN: 43.50  4.20  5.49 -3.99 -1.84 -2.00 -5.84 -4.88  1.04  0.07 -0.28 -0.24  0.52 
INFO: agc.c(123): AGCMax: obs=max= 2.06
utt>   228         speaker_3/uk_0229  642    0   216 188  51 103 5.585550e-11 -5.590483e+01 -3.589090e+04
INFO: cmn.c(183): CMN: 47.14  6.00  5.43 -6.57  1.12 -1.97 -11.94 -1.84  0.83  5.93 -2.17 -0.24  0.47 
INFO: agc.c(123): AGCMax: obs=max= 2.21
utt>   229         speaker_3/uk_0230 1152    0   456 365  73 146 6.805333e-11 -5.733771e+01 -6.605304e+04
INFO: cmn.c(183): CMN: 38.28 11.45 -2.67  6.33 -2.89 -3.46  3.03 -6.23  5.53 -9.22  5.18 -3.75 -1.06 
INFO: agc.c(123): AGCMax: obs=max= 2.00
utt>   230         speaker_3/uk_0231 1163    0   480 378  74 149 6.842584e-11 -5.630687e+01 -6.548489e+04
INFO: cmn.c(183): CMN: 41.09 10.94 -3.74  3.72 -3.56 -5.18  1.09 -3.65  3.87 -8.97  5.24 -2.74 -0.41 
INFO: agc.c(123): AGCMax: obs=max= 1.78
utt>   231         speaker_3/uk_0232  985    0   360 301  66 132 6.521059e-11 -5.583582e+01 -5.499828e+04
INFO: cmn.c(183): CMN: 39.67 10.59 -1.11  4.07 -0.79 -3.40  3.82 -7.44  4.41 -8.40  3.43 -2.93 -1.07 
INFO: agc.c(123): AGCMax: obs=max= 2.02
utt>   232         speaker_3/uk_0233  908    0   388 315  66 133 6.461510e-11 -5.634754e+01 -5.116357e+04
INFO: cmn.c(183): CMN: 36.85  8.62  2.09  4.44 -2.77 -1.90  5.79 -3.37  1.61 -9.95  4.35 -2.91 -0.97 
INFO: agc.c(123): AGCMax: obs=max= 1.80
utt>   233         speaker_3/uk_0234  623    0   256 215  54 109 5.748518e-11 -5.596252e+01 -3.486465e+04
INFO: cmn.c(183): CMN: 40.88  8.26  1.76  6.45 -2.85 -2.83  3.63 -5.67  3.20 -11.18  5.95 -4.51 -0.29 
INFO: agc.c(123): AGCMax: obs=max= 1.82
utt>   234         speaker_3/uk_0235 1001    0   452 355  71 142 6.630680e-11 -5.628087e+01 -5.633715e+04
INFO: cmn.c(183): CMN: 35.47 10.51 -1.83  0.98 -5.78  0.67  4.50 -3.40  0.48 -5.12  2.67 -3.08 -1.52 
INFO: agc.c(123): AGCMax: obs=max= 1.93
utt>   235         speaker_3/uk_0236  411    0   140 122  41 82 4.891810e-11 -5.571019e+01 -2.289689e+04
INFO: cmn.c(183): CMN: 40.80  8.49 -0.46  6.00 -2.39 -6.12  4.40 -3.51  1.76 -8.49  5.61 -4.83  0.68 
INFO: agc.c(123): AGCMax: obs=max= 1.81
utt>   236         speaker_3/uk_0237  834    0   368 299  64 128 6.448596e-11 -5.668550e+01 -4.727571e+04
INFO: cmn.c(183): CMN: 39.19  9.11 -4.44  1.56 -4.97 -2.45  3.40 -5.39  2.79 -7.92  6.38 -4.15 -0.86 
INFO: agc.c(123): AGCMax: obs=max= 1.90
utt>   237         speaker_3/uk_0238  487    0   176 152  46 92 5.367680e-11 -5.479033e+01 -2.668289e+04
INFO: cmn.c(183): CMN: 38.96  6.62  0.50  5.90 -2.33 -3.76  4.92 -0.45  2.12 -9.41  5.33 -3.40  0.09 
INFO: agc.c(123): AGCMax: obs=max= 1.62
utt>   238         speaker_3/uk_0239  595    0   224 192  51 103 5.761320e-11 -5.626245e+01 -3.347616e+04
INFO: cmn.c(183): CMN: 42.26 10.36 -3.87  5.84 -7.99  1.26  1.84 -5.00  2.53 -5.95  4.54 -2.87 -0.26 
INFO: agc.c(123): AGCMax: obs=max= 1.71
utt>   239         speaker_3/uk_0240  738    0   320 264  60 120 6.242579e-11 -5.662720e+01 -4.179087e+04
INFO: cmn.c(183): CMN: 48.23 -0.35  0.13  7.72  1.77 -3.08 -3.30 -3.76 -0.52  1.24  1.00 -0.21  0.16 
INFO: agc.c(123): AGCMax: obs=max= 2.44
utt>   240         speaker_3/uk_0241 1144    0   280 246  61 123 6.080022e-11 -5.933835e+01 -6.788308e+04
INFO: cmn.c(183): CMN: 46.91  0.93 -1.72  3.91 -0.00 -1.50 -2.51 -3.82 -1.70  1.65  1.86 -0.27 -0.38 
INFO: agc.c(123): AGCMax: obs=max= 2.35
utt>   241         speaker_3/uk_0242 1171    0   384 321  69 139 6.573884e-11 -5.988551e+01 -7.012593e+04
INFO: cmn.c(183): CMN: 48.99  0.44 -1.07  7.91  1.39 -3.48 -3.78 -4.93 -1.00  2.25  1.48 -1.88  0.78 
INFO: agc.c(123): AGCMax: obs=max= 1.95
utt>   242         speaker_3/uk_0243  545    0   216 183  50 100 5.521399e-11 -5.921388e+01 -3.227157e+04
INFO: cmn.c(183): CMN: 48.18  1.59 -5.29  4.26  1.45 -1.98 -3.24 -5.21  0.86  2.65 -0.28 -1.84  0.03 
INFO: agc.c(123): AGCMax: obs=max= 2.53
utt>   243         speaker_3/uk_0244  802    0   456 337  66 133 6.761760e-11 -5.933457e+01 -4.758633e+04
INFO: cmn.c(183): CMN: 47.47 -0.50 -1.75  5.97  1.97 -2.18 -2.46 -5.59  0.50  1.94  0.79 -1.42 -0.02 
INFO: agc.c(123): AGCMax: obs=max= 2.54
utt>   244         speaker_3/uk_0245  522    0   252 205  52 103 5.848851e-11 -5.795156e+01 -3.025071e+04
INFO: cmn.c(183): CMN: 48.97  0.69 -5.13  2.16  1.95 -2.39 -0.91 -4.29  0.64  2.54  0.71 -1.77  0.08 
INFO: agc.c(123): AGCMax: obs=max= 2.17
utt>   245         speaker_3/uk_0246  969    0   120 114  41 82 4.481517e-11 -6.016675e+01 -5.830158e+04
INFO: cmn.c(183): CMN: 48.22 -2.53 -0.44  5.31  0.40 -0.77 -2.09 -6.36 -2.30  1.21  1.36 -1.64  0.54 
INFO: agc.c(123): AGCMax: obs=max= 2.31
utt>   246         speaker_3/uk_0247  636    0   380 283  59 119 6.540624e-11 -5.900612e+01 -3.752789e+04
INFO: cmn.c(183): CMN: 43.51 -0.93 -7.92  3.23 -1.36 -0.07  0.33 -0.65 -0.25  3.66  3.12 -0.85 -0.49 
INFO: agc.c(123): AGCMax: obs=max= 3.08
utt>   247         speaker_3/uk_0248  420    0   196 161  46 92 5.277864e-11 -6.268160e+01 -2.632627e+04
INFO: cmn.c(183): CMN: 50.11 -2.16 -1.74  7.84 -0.86 -3.69 -4.09  0.79 -1.83  3.91  0.07 -1.23 -0.42 
INFO: agc.c(123): AGCMax: obs=max= 2.25
ERROR: "backward.c", line 421: Failed to align audio to trancript: final state of the search is not reached
ERROR: "baum_welch.c", line 324: speaker_3/uk_0249 ignored
utt>   248         speaker_3/uk_0249  773    0   624 361 
INFO: cmn.c(183): CMN: 46.32  0.77 -3.00  2.98 -1.91  1.69 -3.77  1.35 -0.53  2.60  0.69 -2.06 -0.17 
INFO: agc.c(123): AGCMax: obs=max= 2.18
ERROR: "backward.c", line 421: Failed to align audio to trancript: final state of the search is not reached
ERROR: "baum_welch.c", line 324: speaker_3/uk_0250 ignored
utt>   249         speaker_3/uk_0250  536    0   604 279 
INFO: cmn.c(183): CMN: 50.19  1.46 -1.87  3.50  2.34 -3.73 -4.69 -3.61 -0.35  2.84 -1.46 -0.53  0.50 
INFO: agc.c(123): AGCMax: obs=max= 2.09
utt>   250         speaker_3/uk_0251  454    0   220 180  48 96 5.787339e-11 -5.739232e+01 -2.605611e+04
INFO: cmn.c(183): CMN: 48.42  1.42 -3.71  2.28  2.69 -3.21 -3.25 -5.33  0.13  3.36  0.18 -1.12  0.76 
INFO: agc.c(123): AGCMax: obs=max= 2.55
utt>   251         speaker_3/uk_0252  497    0   248 201  51 102 5.877653e-11 -6.236215e+01 -3.099399e+04
INFO: cmn.c(183): CMN: 49.50  0.67 -2.25  4.27  2.03 -4.05 -3.74 -5.94  1.06  0.26  1.27  0.63 -0.52 
INFO: agc.c(123): AGCMax: obs=max= 2.46
utt>   252         speaker_3/uk_0253  991    0   500 376  72 144 6.911247e-11 -5.864763e+01 -5.811980e+04
INFO: cmn.c(183): CMN: 47.53 -1.31 -1.20  6.07  0.28 -5.39 -1.67 -4.36  0.38  0.82  1.72 -0.63 -0.40 
INFO: agc.c(123): AGCMax: obs=max= 2.18
utt>   253         speaker_3/uk_0254  675    0   316 256  58 117 6.326305e-11 -5.821430e+01 -3.929466e+04
INFO: cmn.c(183): CMN: 46.53  0.07 -2.18  5.80  0.84 -2.71 -3.03 -3.33  0.88  3.01  0.28 -1.16 -0.29 
INFO: agc.c(123): AGCMax: obs=max= 2.45
utt>   254         speaker_3/uk_0255  730    0   340 275  61 122 6.432844e-11 -5.831947e+01 -4.257321e+04
INFO: cmn.c(183): CMN: 48.80  1.18 -0.52  5.24 -0.27 -2.51 -7.06 -2.40 -1.48  2.27  2.36 -0.91 -0.58 
INFO: agc.c(123): AGCMax: obs=max= 2.57
utt>   255         speaker_3/uk_0256  924    0   512 374  71 142 6.863757e-11 -5.940482e+01 -5.489006e+04
INFO: cmn.c(183): CMN: 48.42  0.43 -1.93  5.68  0.67 -3.65 -1.61 -4.31 -0.69  1.58  1.60 -0.16 -0.05 
INFO: agc.c(123): AGCMax: obs=max= 2.36
utt>   256         speaker_3/uk_0257 1047    0   560 406  75 150 6.972732e-11 -5.993496e+01 -6.275190e+04
INFO: cmn.c(183): CMN: 48.29  0.10 -2.25  4.06  0.76 -2.60 -2.50 -3.59 -0.68  2.32  2.72 -0.89 -0.43 
INFO: agc.c(123): AGCMax: obs=max= 2.45
utt>   257         speaker_3/uk_0258 1107    0   632 435  78 156 7.087386e-11 -5.978237e+01 -6.617909e+04
INFO: cmn.c(183): CMN: 45.02 -3.09  1.33  9.10 -0.33 -1.24 -1.55 -3.93 -1.86  3.90  0.82 -1.97 -0.02 
INFO: agc.c(123): AGCMax: obs=max= 2.82
utt>   258         speaker_3/uk_0259  486    0   176 152  46 92 5.409649e-11 -5.869765e+01 -2.852706e+04
INFO: cmn.c(183): CMN: 48.91 -3.57  1.57  6.80  0.12 -1.58 -2.50 -5.47 -2.56  3.21  1.20 -1.11 -0.89 
INFO: agc.c(123): AGCMax: obs=max= 2.39
utt>   259         speaker_3/uk_0260  723    0   388 298  62 125 6.480206e-11 -5.850932e+01 -4.230224e+04
INFO: cmn.c(183): CMN: 47.59 -0.03 -1.11  4.61  0.18 -2.20 -5.21 -5.25  0.61  0.49  1.33 -2.31 -0.13 
INFO: agc.c(123): AGCMax: obs=max= 2.37
utt>   260         speaker_3/uk_0261  833    0   384 307  65 130 6.532629e-11 -5.888960e+01 -4.905504e+04
INFO: cmn.c(183): CMN: 46.57  1.14 -2.61  5.27  2.16 -0.62 -7.29 -1.15  0.50  0.64  2.33 -0.89  0.19 
INFO: agc.c(123): AGCMax: obs=max= 2.39
utt>   261         speaker_3/uk_0262  421    0   196 161  46 92 5.345466e-11 -6.003095e+01 -2.527303e+04
INFO: cmn.c(183): CMN: 47.08 -3.24  1.08  5.60 -0.10 -1.63 -3.12 -2.48  1.26 -1.07  1.65 -2.45  0.32 
INFO: agc.c(123): AGCMax: obs=max= 2.50
utt>   262         speaker_3/uk_0263  638    0   256 216  54 109 5.948863e-11 -5.920316e+01 -3.777162e+04
INFO: cmn.c(183): CMN: 45.40  1.19 -1.23  3.54  2.99 -0.91 -6.78 -7.37 -0.72 -0.55  1.84 -1.25  0.60 
INFO: agc.c(123): AGCMax: obs=max= 2.45
utt>   263         speaker_3/uk_0264  452    0   200 166  47 94 5.342169e-11 -5.870406e+01 -2.653423e+04
INFO: cmn.c(183): CMN: 45.25  0.02 -3.95  2.29  1.07 -0.85 -5.71 -3.91 -1.19  1.70  0.83 -1.07 -0.26 
INFO: agc.c(123): AGCMax: obs=max= 2.59
utt>   264         speaker_3/uk_0265  777    0   320 266  61 122 6.326994e-11 -6.157640e+01 -4.784487e+04
INFO: cmn.c(183): CMN: 44.00 -0.56 -3.56  4.29 -0.06 -4.50 -1.38 -4.00 -0.67  3.72 -2.23  0.27  0.08 
INFO: agc.c(123): AGCMax: obs=max= 2.66
utt>   265         speaker_3/uk_0266  590    0   200 174  49 99 5.581601e-11 -6.009914e+01 -3.545849e+04
INFO: cmn.c(183): CMN: 47.97 -0.38 -0.98  5.81  1.07 -4.02 -2.30 -5.62  0.79  1.71  0.63  0.73 -1.18 
INFO: agc.c(123): AGCMax: obs=max= 2.73
utt>   266         speaker_3/uk_0267  982    0   512 380  72 145 6.874012e-11 -6.030994e+01 -5.922436e+04
INFO: cmn.c(183): CMN: 46.19  0.58 -1.19  5.28  0.57 -3.51 -3.18 -7.53 -1.15  0.80  1.78 -0.22  0.05 
INFO: agc.c(123): AGCMax: obs=max= 2.39
utt>   267         speaker_3/uk_0268  792    0   404 314  65 130 6.631766e-11 -5.951072e+01 -4.713249e+04
INFO: cmn.c(183): CMN: 46.30 -0.46 -1.44  6.19  0.13 -3.48 -4.17 -4.37 -0.90  2.02  0.42 -2.00 -0.76 
INFO: agc.c(123): AGCMax: obs=max= 2.43
utt>   268         speaker_3/uk_0269  925    0   480 361  70 140 6.816473e-11 -5.921705e+01 -5.477577e+04
INFO: cmn.c(183): CMN: 47.18 -0.33 -3.61  5.20 -3.23 -0.47 -4.02  0.29 -4.69  4.02  2.05 -0.27 -0.17 
INFO: agc.c(123): AGCMax: obs=max= 2.48
utt>   269         speaker_3/uk_0270  833    0   360 294  64 128 6.555748e-11 -5.942781e+01 -4.950337e+04
INFO: cmn.c(183): CMN: 44.46  0.43  0.99  5.34  1.82 -2.62 -3.45 -5.29  0.81 -1.04  1.72 -2.14 -0.86 
INFO: agc.c(123): AGCMax: obs=max= 2.44
utt>   270         speaker_3/uk_0271 1264    0   216 194  55 111 5.622182e-11 -5.983960e+01 -7.563726e+04
INFO: cmn.c(183): CMN: 46.65  0.27  2.57  5.71 -1.44 -1.82 -6.90 -0.07 -0.85  0.82  0.08 -1.37 -0.36 
INFO: agc.c(123): AGCMax: obs=max= 2.23
utt>   271         speaker_3/uk_0272 1140    0   456 364  73 146 6.684912e-11 -5.940206e+01 -6.771834e+04
INFO: cmn.c(183): CMN: 46.08  1.38  1.36  1.33 -1.35 -5.73 -5.93  2.65 -3.19  4.82 -4.80 -1.12  0.12 
INFO: agc.c(123): AGCMax: obs=max= 2.49
utt>   272         speaker_3/uk_0273  790    0   252 221  56 113 5.953450e-11 -5.855559e+01 -4.625891e+04
INFO: cmn.c(183): CMN: 45.22  0.11  1.29  5.01 -1.48 -2.54 -4.02  1.95 -4.35  4.71 -1.16 -1.44 -1.10 
INFO: agc.c(123): AGCMax: obs=max= 2.59
utt>   273         speaker_3/uk_0274  399    0   120 106  38 77 4.608034e-11 -5.830811e+01 -2.326494e+04
INFO: cmn.c(183): CMN: 47.78  0.77 -2.03  0.64  3.38 -0.69 -7.00  0.50 -7.49  5.02 -1.48 -0.06 -0.02 
INFO: agc.c(123): AGCMax: obs=max= 2.32
utt>   274         speaker_3/uk_0275  470    0   380 249  50 100 5.759264e-11 -5.849785e+01 -2.749399e+04
INFO: cmn.c(183): CMN: 47.38  0.25 -2.75  4.67  0.29 -5.00 -4.48 -2.26  1.03  2.48  0.01 -0.38 -1.24 
INFO: agc.c(123): AGCMax: obs=max= 2.30
utt>   275         speaker_3/uk_0276  966    0   196 179  52 104 5.500821e-11 -5.934166e+01 -5.732404e+04
INFO: cmn.c(183): CMN: 46.42 -3.02  1.98  5.71  2.45 -3.62 -5.38 -4.59 -1.39  0.65 -1.93 -0.84 -0.07 
INFO: agc.c(123): AGCMax: obs=max= 2.20
ERROR: "backward.c", line 421: Failed to align audio to trancript: final state of the search is not reached
ERROR: "baum_welch.c", line 324: speaker_3/uk_0277 ignored
utt>   276         speaker_3/uk_0277  696    0   624 335 
INFO: cmn.c(183): CMN: 42.64 -1.23 -7.71  0.59  1.56 -1.71 -2.52 -1.18  1.95  0.82 -0.31 -2.46 -0.99 
INFO: agc.c(123): AGCMax: obs=max= 3.02
ERROR: "backward.c", line 421: Failed to align audio to trancript: final state of the search is not reached
ERROR: "baum_welch.c", line 324: speaker_3/uk_0278 ignored
utt>   277         speaker_3/uk_0278  405    0   604 228 
INFO: cmn.c(183): CMN: 46.58 -0.38 -2.91  4.85  2.15 -4.35 -3.10 -0.68  1.15 -1.83  1.28 -2.34 -1.01 
INFO: agc.c(123): AGCMax: obs=max= 2.39
utt>   278         speaker_3/uk_0279  834    0   324 272  62 124 6.310216e-11 -5.862300e+01 -4.889158e+04
INFO: cmn.c(183): CMN: 44.97  0.08  0.87  2.67  1.08 -1.87 -3.49 -3.29  1.97 -1.28  0.71 -3.45 -0.79 
INFO: agc.c(123): AGCMax: obs=max= 2.29
utt>   279         speaker_3/uk_0280  490    0   168 146  45 90 5.285464e-11 -5.716460e+01 -2.801065e+04
INFO: cmn.c(183): CMN: 45.38  4.39  3.11  2.73 -2.62  1.10  1.28 -1.06  2.17 -10.71  3.02 -1.73  1.72 
INFO: agc.c(123): AGCMax: obs=max= 1.89
utt>   280         speaker_4/uk_0281  972    0   376 311  67 134 6.523373e-11 -5.453034e+01 -5.300349e+04
INFO: cmn.c(183): CMN: 44.81  9.69 -1.13  3.95 -6.55 -0.75  3.94 -1.55  1.84 -10.63  3.29 -2.58  0.88 
INFO: agc.c(123): AGCMax: obs=max= 1.61
utt>   281         speaker_4/uk_0282  570    0   220 188  51 102 5.632983e-11 -5.525676e+01 -3.149635e+04
INFO: cmn.c(183): CMN: 45.19  8.33 -0.54  2.01 -4.10  1.40  1.27 -3.48  2.13 -9.17  2.03 -2.53  1.54 
INFO: agc.c(123): AGCMax: obs=max= 1.70
utt>   282         speaker_4/uk_0283  619    0   248 210  54 107 5.774845e-11 -5.623481e+01 -3.480935e+04
INFO: cmn.c(183): CMN: 46.69  6.85  2.25  6.21 -0.09 -2.21  3.15 -2.74  2.77 -10.62  2.30 -1.59  2.12 
INFO: agc.c(123): AGCMax: obs=max= 1.82
utt>   283         speaker_4/uk_0284 1161    0   500 389  75 150 6.961343e-11 -5.544056e+01 -6.436649e+04
INFO: cmn.c(183): CMN: 46.22  6.74  2.57  2.28 -2.79  1.35  1.35 -1.78  5.34 -11.81  3.12 -2.10  2.12 
INFO: agc.c(123): AGCMax: obs=max= 1.77
utt>   284         speaker_4/uk_0285  884    0   316 269  62 124 6.142813e-11 -5.491027e+01 -4.854068e+04
INFO: cmn.c(183): CMN: 46.24  7.71  0.83  2.66 -4.56 -0.64  2.25 -2.40  1.58 -10.25  2.96 -2.05  1.34 
INFO: agc.c(123): AGCMax: obs=max= 1.78
utt>   285         speaker_4/uk_0286  852    0   340 283  63 126 6.376364e-11 -5.528612e+01 -4.710378e+04
INFO: cmn.c(183): CMN: 47.60  8.23 -0.39  3.44 -2.68 -2.58  2.67 -4.07  3.88 -10.91  2.86 -1.28  1.14 
INFO: agc.c(123): AGCMax: obs=max= 1.80
utt>   286         speaker_4/uk_0287 1195    0   512 396  76 152 6.934205e-11 -5.621472e+01 -6.717659e+04
INFO: cmn.c(183): CMN: 48.38  8.47  0.47  3.01 -5.88 -2.31  0.87 -2.24  5.54 -10.43  2.83 -0.38  1.57 
INFO: agc.c(123): AGCMax: obs=max= 1.75
utt>   287         speaker_4/uk_0288 1214    0   560 420  78 157 7.036940e-11 -5.559131e+01 -6.748785e+04
INFO: cmn.c(183): CMN: 47.01  7.95  2.51  2.45 -5.82 -1.22  2.77 -3.70  5.04 -10.64  2.34 -0.76  1.21 
INFO: agc.c(123): AGCMax: obs=max= 1.91
utt>   288         speaker_4/uk_0289 1297    0   632 456  82 164 7.219556e-11 -5.603452e+01 -7.267677e+04
INFO: cmn.c(183): CMN: 44.41  4.67  1.26  7.64 -2.52 -3.59  5.89  0.58  1.32 -11.23  3.42 -1.61  1.17 
INFO: agc.c(123): AGCMax: obs=max= 1.88
utt>   289         speaker_4/uk_0290  460    0   176 150  45 91 5.355756e-11 -5.715069e+01 -2.628932e+04
INFO: cmn.c(183): CMN: 42.42 10.78 -2.62  3.53 -7.24 -0.57  3.72 -1.51 -1.14 -8.04  1.22 -1.07 -1.19 
INFO: agc.c(123): AGCMax: obs=max= 1.78
utt>   290         speaker_4/uk_0291  985    0   444 350  70 140 6.689675e-11 -5.772955e+01 -5.686361e+04
INFO: cmn.c(183): CMN: 41.12  8.91 -1.35  2.43 -7.79  0.30  5.03 -2.18 -0.28 -8.60  2.79 -1.75 -0.78 
INFO: agc.c(123): AGCMax: obs=max= 1.89
utt>   291         speaker_4/uk_0292 1012    0   384 317  68 135 6.529693e-11 -5.644212e+01 -5.711943e+04
INFO: cmn.c(183): CMN: 40.42  8.67 -1.26  4.31 -7.36 -0.73  5.51  0.52 -1.20 -9.54  3.08 -1.49 -0.92 
INFO: agc.c(123): AGCMax: obs=max= 1.85
utt>   292         speaker_4/uk_0293  505    0   196 167  48 96 5.569787e-11 -5.734037e+01 -2.895689e+04
INFO: cmn.c(183): CMN: 41.48  8.39  0.78  0.62 -3.15 -3.12  3.14  2.36 -0.54 -9.36  2.07 -2.35 -0.64 
INFO: agc.c(123): AGCMax: obs=max= 1.78
utt>   293         speaker_4/uk_0294  661    0   256 218  55 110 5.955610e-11 -5.633999e+01 -3.724073e+04
INFO: cmn.c(183): CMN: 39.46  8.09  0.50  3.40 -4.29 -1.38  7.90  0.67 -1.22 -10.87  3.11 -1.52 -0.67 
INFO: agc.c(123): AGCMax: obs=max= 1.91
utt>   294         speaker_4/uk_0295  564    0   200 173  49 98 5.469495e-11 -5.520783e+01 -3.113722e+04
INFO: cmn.c(183): CMN: 43.16  8.58 -1.39  0.07 -5.23 -2.25  4.01 -2.63  1.37 -9.00  0.99 -1.40 -0.25 
INFO: agc.c(123): AGCMax: obs=max= 1.76
utt>   295         speaker_4/uk_0296  831    0   320 269  61 123 6.243925e-11 -5.690268e+01 -4.728613e+04
INFO: cmn.c(183): CMN: 40.01  7.47 -1.68  1.90 -7.57 -1.87  5.78 -1.27 -0.06 -7.71  2.31 -2.91  0.00 
INFO: agc.c(123): AGCMax: obs=max= 1.93
utt>   296         speaker_4/uk_0297  603    0   200 175  50 99 5.457242e-11 -5.695430e+01 -3.434344e+04
INFO: cmn.c(183): CMN: 42.94 10.90 -0.95  1.96 -6.53  0.09  5.29 -3.87  2.59 -10.37  2.57 -2.52 -0.50 
INFO: agc.c(123): AGCMax: obs=max= 1.71
utt>   297         speaker_4/uk_0298 1197    0   512 397  76 152 6.935584e-11 -5.688048e+01 -6.808593e+04
INFO: cmn.c(183): CMN: 42.54  9.11  1.07  3.45 -4.15 -0.51  6.64 -1.71  2.13 -11.62  3.06 -2.36 -0.19 
INFO: agc.c(123): AGCMax: obs=max= 1.72
utt>   298         speaker_4/uk_0299  895    0   404 323  67 134 6.562566e-11 -5.696584e+01 -5.098443e+04
INFO: cmn.c(183): CMN: 42.47  9.83 -0.97  2.89 -6.60  0.44  6.12 -3.22  1.34 -11.18  3.09 -1.83 -0.64 
INFO: agc.c(123): AGCMax: obs=max= 1.88
utt>   299         speaker_4/uk_0300 1103    0   480 376  73 147 6.755425e-11 -5.736768e+01 -6.327656e+04
INFO: cmn.c(183): CMN: 49.11  0.41  5.96 10.45  5.78  8.06 -4.13 -3.74  5.75 -9.31  0.63 -1.99 -2.78 
INFO: agc.c(123): AGCMax: obs=max= 1.32
utt>   300         speaker_5/uk_0301 1611    0   628 469  86 172 7.242260e-11 -5.578088e+01 -8.986299e+04
INFO: cmn.c(183): CMN: 49.86  0.72  7.27 11.54  5.52  7.33 -4.70  0.63  6.23 -10.15  1.76 -3.60 -2.04 
INFO: agc.c(123): AGCMax: obs=max= 1.52
utt>   301         speaker_5/uk_0302 2911    0  1036 666  111 222 7.719667e-11 -5.578100e+01 -1.623785e+05
INFO: cmn.c(183): CMN: 50.57  2.08  2.39  9.13  5.84  6.56 -7.30  2.65  5.30 -12.57  5.22 -6.80 -0.23 
INFO: agc.c(123): AGCMax: obs=max= 1.42
utt>   302         speaker_5/uk_0303 2812    0  1056 675  111 222 7.650570e-11 -5.585766e+01 -1.570717e+05
INFO: cmn.c(183): CMN: 49.64  0.23  5.91  9.88  4.92  7.91 -4.76  1.94  5.33 -12.00  2.46 -4.96 -1.10 
INFO: agc.c(123): AGCMax: obs=max= 1.50
utt>   303         speaker_5/uk_0304 2666    0  1044 669  109 219 7.772472e-11 -5.565306e+01 -1.483710e+05
INFO: cmn.c(183): CMN: 50.27  0.95  4.18  6.82  6.51  6.47 -7.49  0.84  4.95 -8.54  4.08 -5.02 -0.63 
INFO: agc.c(123): AGCMax: obs=max= 1.55
utt>   304         speaker_5/uk_0305 3005    0  1096 692  113 227 7.762713e-11 -5.537198e+01 -1.663928e+05
INFO: cmn.c(183): CMN: 48.94  1.65  5.08  6.77  7.44  6.36 -8.54  3.10  5.21 -7.84  2.58 -5.10 -1.92 
INFO: agc.c(123): AGCMax: obs=max= 1.33
utt>   305         speaker_5/uk_0306 2739    0   972 638  108 216 7.710393e-11 -5.616045e+01 -1.538235e+05
INFO: cmn.c(183): CMN: 49.88  1.91  3.37  7.08  6.75  4.62 -6.85  1.43  4.91 -8.03  2.16 -5.14 -1.79 
INFO: agc.c(123): AGCMax: obs=max= 1.35
utt>   306         speaker_5/uk_0307 2998    0  1108 697  114 228 7.817063e-11 -5.614977e+01 -1.683370e+05
INFO: cmn.c(183): CMN: 50.07  2.60  4.91  9.05  7.60  5.03 -7.68  4.69  2.95 -9.59  3.52 -6.93 -0.15 
INFO: agc.c(123): AGCMax: obs=max= 1.35
utt>   307         speaker_5/uk_0308 2466    0   836 575  101 202 7.460388e-11 -5.622213e+01 -1.386438e+05
INFO: cmn.c(183): CMN: 49.26  4.72  4.00  9.64  6.60  5.22 -5.83  2.40  3.15 -11.64  2.94 -6.44  0.54 
INFO: agc.c(123): AGCMax: obs=max= 1.19
utt>   308         speaker_5/uk_0309 1694    0   568 436  84 168 7.177829e-11 -5.557582e+01 -9.414543e+04
INFO: cmn.c(183): CMN: 50.98  1.49  4.57  9.62  4.70  2.24 -1.74  2.05 -1.98 -9.74  1.00 -5.44  0.34 
INFO: agc.c(123): AGCMax: obs=max= 1.38
utt>   309         speaker_5/uk_0310 2676    0  1000 651  108 217 7.770895e-11 -5.704753e+01 -1.526592e+05
INFO: cmn.c(183): CMN: 50.29  0.45  4.86 11.85  5.03  4.57 -2.74  2.11  0.54 -10.09  3.17 -7.71  1.59 
INFO: agc.c(123): AGCMax: obs=max= 1.38
utt>   310         speaker_5/uk_0311 2971    0  1044 669  112 223 7.677582e-11 -5.625798e+01 -1.671424e+05
INFO: cmn.c(183): CMN: 50.56  1.40  7.92 11.63  3.04  5.63 -4.46  1.24 -0.92 -11.59  3.33 -7.40  2.78 
INFO: agc.c(123): AGCMax: obs=max= 1.30
utt>   311         speaker_5/uk_0312 2678    0   936 622  106 212 7.568688e-11 -5.509373e+01 -1.475410e+05
INFO: cmn.c(183): CMN: 50.60  1.30  6.79 12.91  5.42  6.88 -2.55  1.82 -4.33 -10.34  1.97 -8.18  4.11 
INFO: agc.c(123): AGCMax: obs=max= 1.38
utt>   312         speaker_5/uk_0313 2934    0  1024 661  111 222 7.707335e-11 -5.559435e+01 -1.631138e+05
INFO: cmn.c(183): CMN: 50.00  0.10  5.99 11.51  5.61  5.97 -3.39  2.05 -5.95 -8.52  0.98 -7.24  6.58 
INFO: agc.c(123): AGCMax: obs=max= 1.37
utt>   313         speaker_5/uk_0314 2751    0  1088 687  111 223 7.830032e-11 -5.613759e+01 -1.544345e+05
INFO: cmn.c(183): CMN: 50.97  2.76  5.47 13.48  4.02  2.21  1.31 -1.52 -5.38 -9.28 -2.00 -5.26  6.48 
INFO: agc.c(123): AGCMax: obs=max= 1.48
utt>   314         speaker_5/uk_0315 2693    0  1164 712  113 227 7.902566e-11 -5.681668e+01 -1.530073e+05
INFO: cmn.c(183): CMN: 49.20 -0.77  7.21  8.66  4.79  7.51 -4.70  0.57  2.49 -9.92  3.02 -5.80 -0.09 
INFO: agc.c(123): AGCMax: obs=max= 1.59
utt>   315         speaker_5/uk_0316 2852    0  1092 690  112 225 7.758103e-11 -5.659072e+01 -1.613967e+05
INFO: cmn.c(183): CMN: 50.18  0.85  8.08 11.59  6.26  7.30 -5.56  1.22  3.69 -11.23  4.68 -8.07  1.19 
INFO: agc.c(123): AGCMax: obs=max= 1.46
utt>   316         speaker_5/uk_0317 2808    0  1180 721  114 229 7.863890e-11 -5.700672e+01 -1.600749e+05
INFO: cmn.c(183): CMN: 50.58  0.70  7.37 10.78  6.92  5.22 -6.20  1.21  2.68 -11.43  4.75 -8.50  1.14 
INFO: agc.c(123): AGCMax: obs=max= 1.39
utt>   317         speaker_5/uk_0318 2850    0  1220 735  116 232 7.862804e-11 -5.740068e+01 -1.635919e+05
INFO: cmn.c(183): CMN: 48.92  4.03  5.21  5.13  5.87  6.75 -7.32  4.98  1.93 -12.84  4.22 -10.29  2.58 
INFO: agc.c(123): AGCMax: obs=max= 1.12
utt>   318         speaker_5/uk_0319 1159    0   440 356  72 145 6.750276e-11 -5.484971e+01 -6.357081e+04
INFO: cmn.c(183): CMN: 51.00  3.01  7.75  8.21  7.44  8.24 -7.26  3.19  2.08 -11.67  4.80 -8.80  1.92 
INFO: agc.c(123): AGCMax: obs=max= 1.33
utt>   319         speaker_5/uk_0320 2886    0  1200 730  116 232 7.900386e-11 -5.647175e+01 -1.629775e+05
INFO: cmn.c(183): CMN: 50.94  2.30  5.73  9.10  7.65  5.47 -7.56  0.83  2.37 -11.53  5.20 -8.72  2.08 
INFO: agc.c(123): AGCMax: obs=max= 1.32
utt>   320         speaker_5/uk_0321 2961    0  1292 760  119 238 8.011095e-11 -5.713234e+01 -1.691689e+05
INFO: cmn.c(183): CMN: 50.77  0.55  7.93 10.02  6.05  8.62 -4.28 -0.32  1.77 -10.17  5.33 -8.01  2.06 
INFO: agc.c(123): AGCMax: obs=max= 1.47
utt>   321         speaker_5/uk_0322 2979    0  1332 772  120 240 8.011219e-11 -5.706912e+01 -1.700089e+05
INFO: cmn.c(183): CMN: 49.48  1.96  6.36  9.12  6.24  8.98 -2.60 -0.94 -3.18 -8.31  3.71 -8.78  5.17 
INFO: agc.c(123): AGCMax: obs=max= 1.46
utt>   322         speaker_5/uk_0323 2846    0  1108 696  113 226 7.775679e-11 -5.607507e+01 -1.595897e+05
INFO: cmn.c(183): CMN: 50.99  1.53  6.68 11.67  4.31  8.75 -0.83 -2.49 -4.74 -4.45  0.23 -7.90  6.44 
INFO: agc.c(123): AGCMax: obs=max= 1.51
utt>   323         speaker_5/uk_0324 2903    0  1128 705  114 228 7.804081e-11 -5.602390e+01 -1.626374e+05
INFO: cmn.c(183): CMN: 51.56  1.94  7.77 10.71  3.68 10.11 -0.68 -2.11 -7.49 -8.43 -0.10 -9.17  4.38 
INFO: agc.c(123): AGCMax: obs=max= 1.42
utt>   324         speaker_5/uk_0325 2866    0  1084 687  112 225 7.810220e-11 -5.655656e+01 -1.620911e+05
INFO: cmn.c(183): CMN: 50.00  0.91  5.73  7.50  5.55  9.89 -0.24  0.02 -6.99 -5.62 -0.73 -8.31  5.09 
INFO: agc.c(123): AGCMax: obs=max= 1.52
utt>   325         speaker_5/uk_0326 2920    0  1056 675  112 224 7.741630e-11 -5.618145e+01 -1.640498e+05
INFO: cmn.c(183): CMN: 50.26  3.40  5.84 10.32  6.54  4.55 -8.04  4.18  1.45 -9.16  3.13 -7.19  1.18 
INFO: agc.c(123): AGCMax: obs=max= 1.42
utt>   326         speaker_5/uk_0327 3123    0  1192 731  117 235 7.861422e-11 -5.578013e+01 -1.742013e+05
INFO: cmn.c(183): CMN: 30.95 11.46  8.18  5.72 -11.76  3.60 -6.30 -2.11 -2.55 -1.53  0.09 -1.68  1.70 
INFO: agc.c(123): AGCMax: obs=max= 2.20
utt>   327         speaker_6/uk_0328  771    0   404 311  64 128 6.508751e-11 -5.902953e+01 -4.551177e+04
INFO: cmn.c(183): CMN: 31.60 11.38  7.38  4.82 -10.20  1.45 -8.64 -0.09 -2.46 -0.08 -0.34 -0.63  0.26 
INFO: agc.c(123): AGCMax: obs=max= 2.11
utt>   328         speaker_6/uk_0329  919    0   480 361  70 140 6.853010e-11 -5.833011e+01 -5.360537e+04
INFO: cmn.c(183): CMN: 32.70 12.71  5.94  1.83 -11.60 -0.76 -11.18  0.69 -4.24  0.05 -0.17 -0.22  0.19 
INFO: agc.c(123): AGCMax: obs=max= 1.91
utt>   329         speaker_6/uk_0330  811    0   360 292  63 127 6.612100e-11 -5.740676e+01 -4.655688e+04
INFO: cmn.c(183): CMN: 33.06 11.09  8.75  3.14 -6.59  0.67 -7.60  0.30 -5.26  0.03  0.09 -1.38  0.88 
INFO: agc.c(123): AGCMax: obs=max= 2.06
utt>   330         speaker_6/uk_0331  751    0   388 302  63 126 6.559532e-11 -5.892498e+01 -4.425266e+04
INFO: cmn.c(183): CMN: 31.58 12.20 10.49  1.19 -8.80  2.02 -6.50 -0.47 -3.94  1.39 -2.49 -0.09  0.48 
INFO: agc.c(123): AGCMax: obs=max= 2.23
utt>   331         speaker_6/uk_0332  520    0   256 207  52 104 5.960626e-11 -5.774167e+01 -3.002567e+04
INFO: cmn.c(183): CMN: 33.35 10.67  6.99  2.98 -6.56  0.96 -8.39  0.45 -2.06 -1.48  1.04 -0.74  0.25 
INFO: agc.c(123): AGCMax: obs=max= 2.00
utt>   332         speaker_6/uk_0333  931    0   452 350  69 139 6.677490e-11 -5.912923e+01 -5.504931e+04
INFO: cmn.c(183): CMN: 29.34 13.50  5.49 -6.40 -7.10  3.41 -7.06 -0.18 -4.14  0.90  0.23  0.07 -0.24 
INFO: agc.c(123): AGCMax: obs=max= 2.14
utt>   333         speaker_6/uk_0334  347    0   140 118  39 79 4.865726e-11 -5.767033e+01 -2.001160e+04
INFO: cmn.c(183): CMN: 32.66 10.82  8.72  3.09 -9.21  2.55 -6.63 -0.04 -1.52  0.11 -0.01  0.27 -0.29 
INFO: agc.c(123): AGCMax: obs=max= 2.02
utt>   334         speaker_6/uk_0335  693    0   368 285  61 122 6.600730e-11 -5.870398e+01 -4.068186e+04
INFO: cmn.c(183): CMN: 31.93 10.84  2.98 -3.31 -8.34 -1.47 -8.27 -1.23 -3.09  0.27  1.87  0.49  0.04 
INFO: agc.c(123): AGCMax: obs=max= 1.90
utt>   335         speaker_6/uk_0336  460    0   176 150  45 91 5.355756e-11 -5.682158e+01 -2.613793e+04
INFO: cmn.c(183): CMN: 31.73  8.62 10.59  3.47 -8.23  1.83 -6.57  3.55 -2.19  0.86 -0.97 -0.55 -0.80 
INFO: agc.c(123): AGCMax: obs=max= 1.77
utt>   336         speaker_6/uk_0337  504    0   224 186  50 100 5.584378e-11 -5.823197e+01 -2.934891e+04
INFO: cmn.c(183): CMN: 40.74  6.43 13.48 -0.77  9.49  4.93  3.75  3.18  1.55  1.16  4.09  0.56 -2.62 
INFO: agc.c(123): AGCMax: obs=max= 1.77
utt>   337         speaker_7/uk_0338  289    0   104 90  34 69 4.325951e-11 -5.746649e+01 -1.660781e+04
INFO: cmn.c(183): CMN: 41.96  6.26 20.03  1.09 10.85 10.66  3.41 -2.99  5.11 -1.47  1.53  0.92  0.53 
INFO: agc.c(123): AGCMax: obs=max= 2.34
utt>   338         speaker_7/uk_0339  784    0   360 290  63 126 6.324106e-11 -5.764743e+01 -4.519558e+04
INFO: cmn.c(183): CMN: 42.63  5.47 12.42 -1.98  8.49  7.41  6.87  0.14  5.64 -0.22  2.58 -1.81 -0.49 
INFO: agc.c(123): AGCMax: obs=max= 1.81
utt>   339         speaker_7/uk_0340  492    0   236 193  50 100 5.764849e-11 -5.843855e+01 -2.875177e+04
INFO: cmn.c(183): CMN: 42.56  3.35 14.89 -0.28  8.18  8.28  7.45  0.15  4.01 -0.23  3.04  0.03  0.18 
INFO: agc.c(123): AGCMax: obs=max= 1.77
utt>   340         speaker_7/uk_0341 1264    0   556 421  79 158 7.028784e-11 -5.788781e+01 -7.317019e+04
INFO: cmn.c(183): CMN: 43.61  4.98 16.23 -3.05  6.69  8.57  5.32  0.86  4.10 -0.14  4.41 -1.86 -0.86 
INFO: agc.c(123): AGCMax: obs=max= 1.39
utt>   341         speaker_7/uk_0342  300    0   132 110  37 75 4.567937e-11 -5.754599e+01 -1.726380e+04
INFO: cmn.c(183): CMN: 44.49  4.85 15.83  1.54  7.16  5.30  8.70 -0.49  3.66 -0.63  3.55  0.36  1.80 
INFO: agc.c(123): AGCMax: obs=max= 1.92
utt>   342         speaker_7/uk_0343  340    0   180 144  42 84 5.126325e-11 -6.161346e+01 -2.094858e+04
INFO: cmn.c(183): CMN: 42.44  5.64 13.51  0.38 10.26  8.84  4.77  0.61  5.61 -3.20  5.36 -2.93  0.66 
INFO: agc.c(123): AGCMax: obs=max= 1.84
utt>   343         speaker_7/uk_0344  965    0   416 334  68 137 6.663031e-11 -5.819815e+01 -5.616121e+04
INFO: cmn.c(183): CMN: 40.45  6.19 17.37  2.43 11.53 10.13  3.53 -0.25  4.01 -1.52  4.37 -0.84  1.61 
INFO: agc.c(123): AGCMax: obs=max= 2.03
utt>   344         speaker_7/uk_0345  621    0   288 235  56 112 5.993067e-11 -6.170117e+01 -3.831643e+04
INFO: cmn.c(183): CMN: 42.94  1.95 16.35  3.66  6.16 10.78  1.25 -0.12  1.54 -1.66  1.80 -1.94  2.10 
INFO: agc.c(123): AGCMax: obs=max= 1.91
utt>   345         speaker_7/uk_0346  681    0   240 208  54 108 5.845569e-11 -5.840713e+01 -3.977526e+04
INFO: cmn.c(183): CMN: 42.98  5.61 16.83  0.57 11.09 10.15  5.57  1.12  6.18 -0.23  5.82 -0.91  2.49 
INFO: agc.c(123): AGCMax: obs=max= 1.77
utt>   346         speaker_7/uk_0347  729    0   328 268  60 121 6.345077e-11 -5.749844e+01 -4.191636e+04
INFO: cmn.c(183): CMN: 43.57  4.33 14.87  0.36  8.23 10.38  4.71  0.45  6.90 -1.67  6.04 -1.93  2.37 
INFO: agc.c(123): AGCMax: obs=max= 1.97
utt>   347         speaker_7/uk_0348  738    0   364 288  62 124 6.552447e-11 -6.021413e+01 -4.443803e+04
INFO: cmn.c(183): CMN: 38.57  7.13 11.91  0.17 10.92 11.13  6.37  1.68  3.41  0.39  8.26 -1.31  3.33 
INFO: agc.c(123): AGCMax: obs=max= 1.74
utt>   348         speaker_7/uk_0349  350    0   148 124  40 81 5.037436e-11 -5.953505e+01 -2.083727e+04
INFO: cmn.c(183): CMN: 44.76  4.32 12.69  1.79 10.49  9.16  3.94  0.13  4.35 -2.34  4.54 -2.72  2.63 
INFO: agc.c(123): AGCMax: obs=max= 1.91
utt>   349         speaker_7/uk_0350  432    0   224 180  47 95 5.669432e-11 -5.961062e+01 -2.575179e+04
INFO: cmn.c(183): CMN: 44.08  3.82 12.12 -1.04  7.49  4.81  9.97  1.16  4.52  0.80  4.46 -0.05  1.86 
INFO: agc.c(123): AGCMax: obs=max= 1.73
utt>   350         speaker_7/uk_0351  372    0   204 162  44 89 5.462671e-11 -6.200931e+01 -2.306746e+04
INFO: cmn.c(183): CMN: 44.00  2.17 14.44  0.56  8.68  8.35  9.69  2.06  5.57 -1.54  4.50 -4.05  0.62 
INFO: agc.c(123): AGCMax: obs=max= 2.03
utt>   351         speaker_7/uk_0352 1429    0   676 482  85 171 7.284229e-11 -5.971997e+01 -8.533984e+04
INFO: cmn.c(183): CMN: 43.36  3.56 15.60  0.06  7.79  7.67 10.31 -0.31  3.50 -3.07  4.75 -2.05  2.40 
INFO: agc.c(123): AGCMax: obs=max= 2.09
utt>   352         speaker_7/uk_0353 1188    0   564 420  78 156 7.060258e-11 -5.919528e+01 -7.032399e+04
INFO: cmn.c(183): CMN: 43.72  1.02 12.84  8.10  0.47  2.28  2.05 14.21 -2.64  3.40  0.01  4.09  1.94 
INFO: agc.c(123): AGCMax: obs=max= 1.88
utt>   353         speaker_7/uk_0354  790    0   324 270  61 122 6.468750e-11 -5.783206e+01 -4.568732e+04
INFO: cmn.c(183): CMN: 45.25  2.60 13.72  8.55  6.07  0.98  3.82 12.07 -1.68  1.17 -2.71  0.50  2.12 
INFO: agc.c(123): AGCMax: obs=max= 1.67
utt>   354         speaker_7/uk_0355 1003    0   244 218  57 115 5.896039e-11 -5.957601e+01 -5.975474e+04
INFO: cmn.c(183): CMN: 43.83  4.06  9.34  6.44  6.78  2.56  4.04 12.19 -2.00  0.98 -1.48 -1.41  1.60 
INFO: agc.c(123): AGCMax: obs=max= 1.90
utt>   355         speaker_7/uk_0356  713    0   304 252  59 118 6.178010e-11 -6.022563e+01 -4.294087e+04
INFO: cmn.c(183): CMN: 46.00  2.81 16.95  9.98  5.88  1.98  6.29 10.48  0.20  2.01  0.41  1.97  3.81 
INFO: agc.c(123): AGCMax: obs=max= 1.80
utt>   356         speaker_7/uk_0357  549    0   264 215  53 106 5.992643e-11 -5.871843e+01 -3.223642e+04
INFO: cmn.c(183): CMN: 44.88  2.36 15.56  8.57  6.93  2.78  2.33 10.81 -3.44  2.72 -1.77  1.37  2.18 
INFO: agc.c(123): AGCMax: obs=max= 1.95
utt>   357         speaker_7/uk_0358 1016    0   496 377  72 145 6.859342e-11 -6.014644e+01 -6.110878e+04
INFO: cmn.c(183): CMN: 45.58  3.07 12.35  7.23  7.94  2.10  4.90 12.48 -2.52  3.22  0.66  3.53  4.36 
INFO: agc.c(123): AGCMax: obs=max= 1.77
utt>   358         speaker_7/uk_0359 1606    0   704 503  88 177 7.222889e-11 -5.762093e+01 -9.253921e+04
INFO: cmn.c(183): CMN: 43.81  1.59 14.21  6.80 10.54  2.38  3.87 11.28 -0.79  2.72  0.92  0.12  3.49 
INFO: agc.c(123): AGCMax: obs=max= 2.10
utt>   359         speaker_7/uk_0360 1033    0   436 349  70 141 6.694924e-11 -5.772450e+01 -5.962941e+04
INFO: cmn.c(183): CMN: 48.20  0.38 12.70  6.08 11.59  1.94  1.21 13.11 -4.04  4.40  1.32  3.67  5.61 
INFO: agc.c(123): AGCMax: obs=max= 2.15
utt>   360         speaker_7/uk_0361 1360    0   568 432  80 161 7.102012e-11 -5.782465e+01 -7.864152e+04
INFO: cmn.c(183): CMN: 47.71  1.74 10.63  6.07  9.44  3.65  2.23 10.51 -3.32  5.55 -0.13  3.88  3.32 
INFO: agc.c(123): AGCMax: obs=max= 2.16
utt>   361         speaker_7/uk_0362 1146    0   516 396  75 151 7.052818e-11 -5.824723e+01 -6.675132e+04
INFO: cmn.c(183): CMN: 42.93  5.44 18.74  3.60  8.73  3.02  2.96  2.11  4.84  1.51  3.16  2.68  0.82 
INFO: agc.c(123): AGCMax: obs=max= 2.30
utt>   362         speaker_7/uk_0363 2612    0  1148 704  112 224 7.882406e-11 -5.835048e+01 -1.524114e+05
INFO: cmn.c(183): CMN: 43.13  4.97 21.79  2.35  6.00  1.62  4.22  1.95  6.85  0.81  0.38  1.33  0.56 
INFO: agc.c(123): AGCMax: obs=max= 2.07
utt>   363         speaker_7/uk_0364 2828    0  1292 754  117 235 7.973712e-11 -5.823664e+01 -1.646932e+05
INFO: cmn.c(183): CMN: 43.53  7.53 21.84  1.95  8.75  1.85  2.82  0.55  5.16  2.18 -0.16  1.25  0.91 
INFO: agc.c(123): AGCMax: obs=max= 2.15
utt>   364         speaker_7/uk_0365 1877    0   788 549  94 189 7.487302e-11 -5.747468e+01 -1.078800e+05
INFO: cmn.c(183): CMN: 44.06  7.83 20.25 -0.04  5.99  1.24  6.21  1.64  5.43  2.03 -0.94  0.68  0.99 
INFO: agc.c(123): AGCMax: obs=max= 2.28
utt>   365         speaker_7/uk_0366 1219    0   492 387  75 151 6.813989e-11 -5.724390e+01 -6.978032e+04
INFO: cmn.c(183): CMN: 45.85  5.69 15.17  2.13 11.92  0.72  6.49 -0.02  4.35  3.47 -0.39 -3.05 -0.07 
INFO: agc.c(123): AGCMax: obs=max= 1.90
utt>   366         speaker_7/uk_0367  967    0   444 349  70 140 6.659701e-11 -5.761603e+01 -5.571471e+04
INFO: cmn.c(183): CMN: 45.33  8.37 19.69  1.80  5.36  2.95  8.02  0.05  5.83  4.01 -0.79  0.32  3.09 
INFO: agc.c(123): AGCMax: obs=max= 2.18
utt>   367         speaker_7/uk_0368 1812    0   828 561  95 190 7.538252e-11 -5.749262e+01 -1.041766e+05
INFO: cmn.c(183): CMN: 43.61  8.30 17.57  3.25  6.86  6.09  4.92 -0.78  3.51  4.90 -1.58  1.09  1.86 
INFO: agc.c(123): AGCMax: obs=max= 2.09
utt>   368         speaker_7/uk_0369  740    0   352 282  61 123 6.231099e-11 -6.063813e+01 -4.487222e+04
INFO: cmn.c(183): CMN: 44.31  7.21 18.96  4.34  4.78  4.29  8.38 -1.16  2.89  6.77 -3.22  0.79  2.27 
INFO: agc.c(123): AGCMax: obs=max= 2.10
utt>   369         speaker_7/uk_0370 1191    0   600 435  79 158 7.129027e-11 -5.979872e+01 -7.122028e+04
INFO: cmn.c(183): CMN: 44.49  7.14 19.92  2.47  7.02  7.88  9.86  0.50  2.37  5.32 -2.65 -0.95  1.78 
INFO: agc.c(123): AGCMax: obs=max= 2.07
utt>   370         speaker_7/uk_0371 1763    0   752 530  92 184 7.442186e-11 -5.817379e+01 -1.025604e+05
INFO: cmn.c(183): CMN: 47.65  7.51 17.54 -1.46  7.66  7.72  9.41 -0.73  2.63  6.38 -2.51  1.15  3.77 
INFO: agc.c(123): AGCMax: obs=max= 1.97
utt>   371         speaker_7/uk_0372 2057    0   904 600  100 200 7.648579e-11 -5.716388e+01 -1.175861e+05
INFO: cmn.c(183): CMN: 48.23  8.12 14.19 -3.26  7.49  3.70  4.58  5.97 -1.99  0.07  1.96 -2.31  1.04 
INFO: agc.c(123): AGCMax: obs=max= 1.88
utt>   372         speaker_7/uk_0373 1973    0  1060 634  102 205 7.706276e-11 -6.010079e+01 -1.185789e+05
INFO: cmn.c(183): CMN: 47.02  8.72 12.88 -3.79  7.93  2.92  5.48  6.16 -3.02  1.28  0.30 -1.77  0.82 
INFO: agc.c(123): AGCMax: obs=max= 2.06
utt>   373         speaker_7/uk_0374 1502    0   688 491  86 173 7.349680e-11 -5.689456e+01 -8.545563e+04
INFO: cmn.c(183): CMN: 46.06  7.57  9.57 -5.34  6.99  3.76  3.87  6.21 -1.05 -0.41  0.57 -4.17 -0.82 
INFO: agc.c(123): AGCMax: obs=max= 1.78
utt>   374         speaker_7/uk_0375  781    0   388 305  64 128 6.437980e-11 -5.880832e+01 -4.592930e+04
INFO: cmn.c(183): CMN: 48.42  7.96 13.15 -7.96  7.53  2.04  3.42  7.64  0.03  3.07  0.48 -0.55  0.03 
INFO: agc.c(123): AGCMax: obs=max= 1.79
utt>   375         speaker_7/uk_0376 2165    0  1040 6