Current configuration:
[NAME]		[DEFLT]		[VALUE]
-agc		none		none
-agcthresh	2.0		2.000000e+00
-cbcntfn			
-cepdir				
-cepext		mfc		mfc
-ceplen		13		13
-cmn		current		current
-cmninit	8.0		8.0
-ctlfn				
-dictfn				
-dmoddeffn			
-example	no		no
-fdictfn			
-feat		1s_c_d_dd	s2_4x
-featsel			0
-fpcachesz	3000		3000
-fullvar	no		yes
-gthobj		state		single
-help		no		no
-lda				
-ldadim		0		0
-lsnfn				
-maxcbobs			0
-maxiter	100		100
-maxtotobs			0
-meanfn				/home/yaroslav/model/model_parameters/ua.ci_semi_flatinitial/means
-method		rkm		rkm
-minratio	0.01		1.000000e-03
-mixwfn				
-ndensity			256
-niter		20		20
-ntrial		5		1
-obscachesz	92		92
-omoddeffn			
-reest		yes		no
-runlen				0
-segdir				
-segdmpdirs			/home/yaroslav/model/bwaccumdir/ua_buff_1,
-segdmpfn			/home/yaroslav/model/bwaccumdir/ua_buff_1/ua.dmp
-segext		v8_seg		v8_seg
-segidxfn			
-stride		32		1
-svspec				
-ts2cbfn			
-tscnt				0
-tsoff		0		0
-tsrngfn			
-varfn				/home/yaroslav/model/model_parameters/ua.ci_semi_flatinitial/variances
-varnorm	no		yes
-vartiethr	0		0

INFO: feat.c(715): Initializing feature stream to type: 's2_4x', ceplen=13, CMN='current', VARNORM='yes', AGC='none'
INFO: cmn.c(143): mean[0]= 12.00, mean[1..12]= 0.0
INFO: main.c(520): No mdef files.  Assuming 1-class init
INFO: main.c(1345): 1-class dump file
INFO: main.c(1385): Corpus 0: sz==195488 frames
INFO: main.c(1392): Convergence ratios are abs(cur - prior) / abs(prior)
INFO: main.c(237): alloc'ing 8Mb obs buf
INFO: main.c(577): Initializing means using random k-means
INFO: main.c(580): Trial 0: 256 means
INFO: kmeans.c(155): km iter [0] 1.000000e+00 ...
INFO: kmeans.c(155): km iter [1] 1.638041e-01 ...
INFO: kmeans.c(155): km iter [2] 3.969087e-02 ...
INFO: kmeans.c(155): km iter [3] 1.803291e-02 ...
INFO: kmeans.c(155): km iter [4] 1.048277e-02 ...
INFO: kmeans.c(155): km iter [5] 6.734848e-03 ...
INFO: kmeans.c(155): km iter [6] 4.704073e-03 ...
INFO: kmeans.c(155): km iter [7] 3.450193e-03 ...
INFO: kmeans.c(155): km iter [8] 2.711911e-03 ...
INFO: kmeans.c(155): km iter [9] 2.155933e-03 ...
INFO: kmeans.c(155): km iter [10] 1.840934e-03 ...
INFO: kmeans.c(155): km iter [11] 1.551688e-03 ...
INFO: kmeans.c(155): km iter [12] 1.394457e-03 ...
INFO: kmeans.c(155): km iter [13] 1.238813e-03 ...
INFO: kmeans.c(155): km iter [14] 1.080611e-03 ...
INFO: kmeans.c(168): kmtrineq n_iter 15 sqerr 7.672900e+05 conv_ratio 9.310648e-04
INFO: main.c(622): 	best-so-far sqerr = 7.672900e+05
INFO: main.c(237): alloc'ing 17Mb obs buf
INFO: main.c(577): Initializing means using random k-means
INFO: main.c(580): Trial 0: 256 means
INFO: kmeans.c(155): km iter [0] 1.000000e+00 ...
INFO: kmeans.c(155): km iter [1] 1.641373e-01 ...
INFO: kmeans.c(155): km iter [2] 3.270906e-02 ...
INFO: kmeans.c(155): km iter [3] 1.242642e-02 ...
INFO: kmeans.c(155): km iter [4] 6.772645e-03 ...
INFO: kmeans.c(155): km iter [5] 4.427395e-03 ...
INFO: kmeans.c(155): km iter [6] 3.121857e-03 ...
INFO: kmeans.c(155): km iter [7] 2.331046e-03 ...
INFO: kmeans.c(155): km iter [8] 1.819894e-03 ...
INFO: kmeans.c(155): km iter [9] 1.440049e-03 ...
INFO: kmeans.c(155): km iter [10] 1.138528e-03 ...
INFO: kmeans.c(168): kmtrineq n_iter 11 sqerr 3.518572e+06 conv_ratio 9.817490e-04
INFO: main.c(622): 	best-so-far sqerr = 3.518572e+06
INFO: main.c(237): alloc'ing 2Mb obs buf
INFO: main.c(577): Initializing means using random k-means
INFO: main.c(580): Trial 0: 256 means
INFO: kmeans.c(155): km iter [0] 1.000000e+00 ...
INFO: kmeans.c(155): km iter [1] 2.349171e-01 ...
INFO: kmeans.c(155): km iter [2] 7.494273e-02 ...
INFO: kmeans.c(155): km iter [3] 3.574082e-02 ...
INFO: kmeans.c(155): km iter [4] 2.445005e-02 ...
INFO: kmeans.c(155): km iter [5] 1.820622e-02 ...
INFO: kmeans.c(155): km iter [6] 1.297001e-02 ...
INFO: kmeans.c(155): km iter [7] 1.054135e-02 ...
INFO: kmeans.c(155): km iter [8] 9.281993e-03 ...
INFO: kmeans.c(155): km iter [9] 8.126310e-03 ...
INFO: kmeans.c(155): km iter [10] 7.256170e-03 ...
INFO: kmeans.c(155): km iter [11] 6.967027e-03 ...
INFO: kmeans.c(155): km iter [12] 7.011824e-03 ...
INFO: kmeans.c(155): km iter [13] 7.232119e-03 ...
INFO: kmeans.c(155): km iter [14] 6.273357e-03 ...
INFO: kmeans.c(155): km iter [15] 4.710076e-03 ...
INFO: kmeans.c(155): km iter [16] 4.347205e-03 ...
INFO: kmeans.c(155): km iter [17] 3.678672e-03 ...
INFO: kmeans.c(155): km iter [18] 2.857104e-03 ...
INFO: kmeans.c(155): km iter [19] 2.382377e-03 ...
INFO: kmeans.c(155): km iter [20] 2.139371e-03 ...
INFO: kmeans.c(155): km iter [21] 2.101233e-03 ...
INFO: kmeans.c(155): km iter [22] 2.106945e-03 ...
INFO: kmeans.c(155): km iter [23] 1.955664e-03 ...
INFO: kmeans.c(155): km iter [24] 1.928249e-03 ...
INFO: kmeans.c(155): km iter [25] 1.803256e-03 ...
INFO: kmeans.c(155): km iter [26] 1.417063e-03 ...
INFO: kmeans.c(155): km iter [27] 1.179111e-03 ...
INFO: kmeans.c(155): km iter [28] 1.330620e-03 ...
INFO: kmeans.c(155): km iter [29] 1.667521e-03 ...
INFO: kmeans.c(155): km iter [30] 2.664314e-03 ...
INFO: kmeans.c(155): km iter [31] 2.624701e-03 ...
INFO: kmeans.c(155): km iter [32] 1.382702e-03 ...
INFO: kmeans.c(168): kmtrineq n_iter 33 sqerr 9.648335e+03 conv_ratio 9.590086e-04
INFO: main.c(622): 	best-so-far sqerr = 9.648335e+03
INFO: main.c(237): alloc'ing 8Mb obs buf
INFO: main.c(577): Initializing means using random k-means
INFO: main.c(580): Trial 0: 256 means
INFO: kmeans.c(155): km iter [0] 1.000000e+00 ...
WARN: "kmeans.c", line 433: Empty cluster 182
INFO: main.c(613): 	-> Aborting k-means, bad initialization
INFO: kmeans.c(155): km iter [0] 1.000000e+00 ...
INFO: kmeans.c(155): km iter [1] 8.098100e-02 ...
INFO: kmeans.c(155): km iter [2] 2.776584e-02 ...
INFO: kmeans.c(155): km iter [3] 1.239954e-02 ...
INFO: kmeans.c(155): km iter [4] 7.056223e-03 ...
INFO: kmeans.c(155): km iter [5] 4.714483e-03 ...
INFO: kmeans.c(155): km iter [6] 3.318660e-03 ...
INFO: kmeans.c(155): km iter [7] 2.458680e-03 ...
INFO: kmeans.c(155): km iter [8] 1.822017e-03 ...
INFO: kmeans.c(155): km iter [9] 1.454632e-03 ...
INFO: kmeans.c(155): km iter [10] 1.212172e-03 ...
INFO: kmeans.c(155): km iter [11] 1.043485e-03 ...
INFO: kmeans.c(168): kmtrineq n_iter 12 sqerr 1.649671e+06 conv_ratio 8.961934e-04
INFO: main.c(622): 	best-so-far sqerr = 1.649671e+06
INFO: main.c(958): Initializing full covariances
INFO: main.c(237): alloc'ing 8Mb obs buf
INFO: main.c(237): alloc'ing 17Mb obs buf
INFO: main.c(237): alloc'ing 2Mb obs buf
INFO: main.c(237): alloc'ing 8Mb obs buf
INFO: main.c(1438): sqerr [0] == 5.945181e+06
INFO: main.c(1442): sqerr = 5.945181e+06 tot 2.438274e+03 rms
INFO: s3gau_io.c(228): Wrote /home/yaroslav/model/model_parameters/ua.ci_semi_flatinitial/means [1x4x256 array]
INFO: s3gau_full_io.c(249): Wrote /home/yaroslav/model/model_parameters/ua.ci_semi_flatinitial/variances [1x4x256 array of full matrices]
INFO: main.c(1496): No mixing weight file given; none written
INFO: main.c(1628): TOTALS: km 0.005x 1.068e+00 var 0.000x 9.987e-01 em 0.000x 0.000e+00 all 0.005x 1.067e+00
Wed Apr  6 22:33:25 2016
