This file contains any messages produced by compilers while
running configure, to aid debugging if configure makes a mistake.

It was created by pocketsphinx configure 5prealpha, which was
generated by GNU Autoconf 2.69.  Invocation command line was

  $ ./configure --no-create --no-recursion

## --------- ##
## Platform. ##
## --------- ##

hostname = ubuntu
uname -m = x86_64
uname -r = 4.2.0-34-generic
uname -s = Linux
uname -v = #39~14.04.1-Ubuntu SMP Fri Mar 11 11:38:02 UTC 2016

/usr/bin/uname -p = unknown
/bin/uname -X     = unknown

/bin/arch              = unknown
/usr/bin/arch -k       = unknown
/usr/convex/getsysinfo = unknown
/usr/bin/hostinfo      = unknown
/bin/machine           = unknown
/usr/bin/oslevel       = unknown
/bin/universe          = unknown

PATH: /usr/local/sbin
PATH: /usr/local/bin
PATH: /usr/sbin
PATH: /usr/bin
PATH: /sbin
PATH: /bin
PATH: /usr/games
PATH: /usr/local/games


## ----------- ##
## Core tests. ##
## ----------- ##

configure:2540: checking for a BSD-compatible install
configure:2608: result: /usr/bin/install -c
configure:2619: checking whether build environment is sane
configure:2674: result: yes
configure:2825: checking for a thread-safe mkdir -p
configure:2864: result: /bin/mkdir -p
configure:2871: checking for gawk
configure:2901: result: no
configure:2871: checking for mawk
configure:2887: found /usr/bin/mawk
configure:2898: result: mawk
configure:2909: checking whether make sets $(MAKE)
configure:2931: result: yes
configure:2960: checking whether make supports nested variables
configure:2977: result: yes
configure:3101: checking build system type
configure:3115: result: x86_64-unknown-linux-gnu
configure:3135: checking host system type
configure:3148: result: x86_64-unknown-linux-gnu
configure:3216: checking for gcc
configure:3232: found /usr/bin/gcc
configure:3243: result: gcc
configure:3472: checking for C compiler version
configure:3481: gcc --version >&5
gcc (Ubuntu 4.8.4-2ubuntu1~14.04.1) 4.8.4
Copyright (C) 2013 Free Software Foundation, Inc.
This is free software; see the source for copying conditions.  There is NO
warranty; not even for MERCHANTABILITY or FITNESS FOR A PARTICULAR PURPOSE.

configure:3492: $? = 0
configure:3481: gcc -v >&5
Using built-in specs.
COLLECT_GCC=gcc
COLLECT_LTO_WRAPPER=/usr/lib/gcc/x86_64-linux-gnu/4.8/lto-wrapper
Target: x86_64-linux-gnu
Configured with: ../src/configure -v --with-pkgversion='Ubuntu 4.8.4-2ubuntu1~14.04.1' --with-bugurl=file:///usr/share/doc/gcc-4.8/README.Bugs --enable-languages=c,c++,java,go,d,fortran,objc,obj-c++ --prefix=/usr --program-suffix=-4.8 --enable-shared --enable-linker-build-id --libexecdir=/usr/lib --without-included-gettext --enable-threads=posix --with-gxx-include-dir=/usr/include/c++/4.8 --libdir=/usr/lib --enable-nls --with-sysroot=/ --enable-clocale=gnu --enable-libstdcxx-debug --enable-libstdcxx-time=yes --enable-gnu-unique-object --disable-libmudflap --enable-plugin --with-system-zlib --disable-browser-plugin --enable-java-awt=gtk --enable-gtk-cairo --with-java-home=/usr/lib/jvm/java-1.5.0-gcj-4.8-amd64/jre --enable-java-home --with-jvm-root-dir=/usr/lib/jvm/java-1.5.0-gcj-4.8-amd64 --with-jvm-jar-dir=/usr/lib/jvm-exports/java-1.5.0-gcj-4.8-amd64 --with-arch-directory=amd64 --with-ecj-jar=/usr/share/java/eclipse-ecj.jar --enable-objc-gc --enable-multiarch --disable-werror --with-arch-32=i686 --with-abi=m64 --with-multilib-list=m32,m64,mx32 --with-tune=generic --enable-checking=release --build=x86_64-linux-gnu --host=x86_64-linux-gnu --target=x86_64-linux-gnu
Thread model: posix
gcc version 4.8.4 (Ubuntu 4.8.4-2ubuntu1~14.04.1) 
configure:3492: $? = 0
configure:3481: gcc -V >&5
gcc: error: unrecognized command line option '-V'
gcc: fatal error: no input files
compilation terminated.
configure:3492: $? = 4
configure:3481: gcc -qversion >&5
gcc: error: unrecognized command line option '-qversion'
gcc: fatal error: no input files
compilation terminated.
configure:3492: $? = 4
configure:3512: checking whether the C compiler works
configure:3534: gcc -g -O2 -Wall   conftest.c  >&5
configure:3538: $? = 0
configure:3586: result: yes
configure:3589: checking for C compiler default output file name
configure:3591: result: a.out
configure:3597: checking for suffix of executables
configure:3604: gcc -o conftest -g -O2 -Wall   conftest.c  >&5
configure:3608: $? = 0
configure:3630: result: 
configure:3652: checking whether we are cross compiling
configure:3660: gcc -o conftest -g -O2 -Wall   conftest.c  >&5
configure:3664: $? = 0
configure:3671: ./conftest
configure:3675: $? = 0
configure:3690: result: no
configure:3695: checking for suffix of object files
configure:3717: gcc -c -g -O2 -Wall  conftest.c >&5
configure:3721: $? = 0
configure:3742: result: o
configure:3746: checking whether we are using the GNU C compiler
configure:3765: gcc -c -g -O2 -Wall  conftest.c >&5
configure:3765: $? = 0
configure:3774: result: yes
configure:3783: checking whether gcc accepts -g
configure:3803: gcc -c -g  conftest.c >&5
configure:3803: $? = 0
configure:3844: result: yes
configure:3861: checking for gcc option to accept ISO C89
configure:3924: gcc  -c -g -O2 -Wall  conftest.c >&5
configure:3924: $? = 0
configure:3937: result: none needed
configure:3962: checking whether gcc understands -c and -o together
configure:3984: gcc -c conftest.c -o conftest2.o
configure:3987: $? = 0
configure:3984: gcc -c conftest.c -o conftest2.o
configure:3987: $? = 0
configure:3999: result: yes
configure:4027: checking for style of include used by make
configure:4055: result: GNU
configure:4081: checking dependency style of gcc
configure:4192: result: gcc3
configure:4213: checking how to run the C preprocessor
configure:4244: gcc -E  conftest.c
configure:4244: $? = 0
configure:4258: gcc -E  conftest.c
conftest.c:9:28: fatal error: ac_nonexistent.h: No such file or directory
 #include <ac_nonexistent.h>
                            ^
compilation terminated.
configure:4258: $? = 1
configure: failed program was:
| /* confdefs.h */
| #define PACKAGE_NAME "pocketsphinx"
| #define PACKAGE_TARNAME "pocketsphinx"
| #define PACKAGE_VERSION "5prealpha"
| #define PACKAGE_STRING "pocketsphinx 5prealpha"
| #define PACKAGE_BUGREPORT ""
| #define PACKAGE_URL ""
| /* end confdefs.h.  */
| #include <ac_nonexistent.h>
configure:4283: result: gcc -E
configure:4303: gcc -E  conftest.c
configure:4303: $? = 0
configure:4317: gcc -E  conftest.c
conftest.c:9:28: fatal error: ac_nonexistent.h: No such file or directory
 #include <ac_nonexistent.h>
                            ^
compilation terminated.
configure:4317: $? = 1
configure: failed program was:
| /* confdefs.h */
| #define PACKAGE_NAME "pocketsphinx"
| #define PACKAGE_TARNAME "pocketsphinx"
| #define PACKAGE_VERSION "5prealpha"
| #define PACKAGE_STRING "pocketsphinx 5prealpha"
| #define PACKAGE_BUGREPORT ""
| #define PACKAGE_URL ""
| /* end confdefs.h.  */
| #include <ac_nonexistent.h>
configure:4346: checking for grep that handles long lines and -e
configure:4404: result: /bin/grep
configure:4409: checking for egrep
configure:4471: result: /bin/grep -E
configure:4476: checking for ANSI C header files
configure:4496: gcc -c -g -O2 -Wall  conftest.c >&5
configure:4496: $? = 0
configure:4569: gcc -o conftest -g -O2 -Wall   conftest.c  >&5
configure:4569: $? = 0
configure:4569: ./conftest
configure:4569: $? = 0
configure:4580: result: yes
configure:4593: checking for sys/types.h
configure:4593: gcc -c -g -O2 -Wall  conftest.c >&5
configure:4593: $? = 0
configure:4593: result: yes
configure:4593: checking for sys/stat.h
configure:4593: gcc -c -g -O2 -Wall  conftest.c >&5
configure:4593: $? = 0
configure:4593: result: yes
configure:4593: checking for stdlib.h
configure:4593: gcc -c -g -O2 -Wall  conftest.c >&5
configure:4593: $? = 0
configure:4593: result: yes
configure:4593: checking for string.h
configure:4593: gcc -c -g -O2 -Wall  conftest.c >&5
configure:4593: $? = 0
configure:4593: result: yes
configure:4593: checking for memory.h
configure:4593: gcc -c -g -O2 -Wall  conftest.c >&5
configure:4593: $? = 0
configure:4593: result: yes
configure:4593: checking for strings.h
configure:4593: gcc -c -g -O2 -Wall  conftest.c >&5
configure:4593: $? = 0
configure:4593: result: yes
configure:4593: checking for inttypes.h
configure:4593: gcc -c -g -O2 -Wall  conftest.c >&5
configure:4593: $? = 0
configure:4593: result: yes
configure:4593: checking for stdint.h
configure:4593: gcc -c -g -O2 -Wall  conftest.c >&5
configure:4593: $? = 0
configure:4593: result: yes
configure:4593: checking for unistd.h
configure:4593: gcc -c -g -O2 -Wall  conftest.c >&5
configure:4593: $? = 0
configure:4593: result: yes
configure:4605: checking whether byte ordering is bigendian
configure:4620: gcc -c -g -O2 -Wall  conftest.c >&5
conftest.c:20:9: error: unknown type name 'not'
         not a universal capable compiler
         ^
conftest.c:20:15: error: expected '=', ',', ';', 'asm' or '__attribute__' before 'universal'
         not a universal capable compiler
               ^
conftest.c:20:15: error: unknown type name 'universal'
configure:4620: $? = 1
configure: failed program was:
| /* confdefs.h */
| #define PACKAGE_NAME "pocketsphinx"
| #define PACKAGE_TARNAME "pocketsphinx"
| #define PACKAGE_VERSION "5prealpha"
| #define PACKAGE_STRING "pocketsphinx 5prealpha"
| #define PACKAGE_BUGREPORT ""
| #define PACKAGE_URL ""
| #define STDC_HEADERS 1
| #define HAVE_SYS_TYPES_H 1
| #define HAVE_SYS_STAT_H 1
| #define HAVE_STDLIB_H 1
| #define HAVE_STRING_H 1
| #define HAVE_MEMORY_H 1
| #define HAVE_STRINGS_H 1
| #define HAVE_INTTYPES_H 1
| #define HAVE_STDINT_H 1
| #define HAVE_UNISTD_H 1
| /* end confdefs.h.  */
| #ifndef __APPLE_CC__
| 	       not a universal capable compiler
| 	     #endif
| 	     typedef int dummy;
| 
configure:4665: gcc -c -g -O2 -Wall  conftest.c >&5
configure:4665: $? = 0
configure:4683: gcc -c -g -O2 -Wall  conftest.c >&5
conftest.c: In function 'main':
conftest.c:26:4: error: unknown type name 'not'
    not big endian
    ^
conftest.c:26:12: error: expected '=', ',', ';', 'asm' or '__attribute__' before 'endian'
    not big endian
            ^
configure:4683: $? = 1
configure: failed program was:
| /* confdefs.h */
| #define PACKAGE_NAME "pocketsphinx"
| #define PACKAGE_TARNAME "pocketsphinx"
| #define PACKAGE_VERSION "5prealpha"
| #define PACKAGE_STRING "pocketsphinx 5prealpha"
| #define PACKAGE_BUGREPORT ""
| #define PACKAGE_URL ""
| #define STDC_HEADERS 1
| #define HAVE_SYS_TYPES_H 1
| #define HAVE_SYS_STAT_H 1
| #define HAVE_STDLIB_H 1
| #define HAVE_STRING_H 1
| #define HAVE_MEMORY_H 1
| #define HAVE_STRINGS_H 1
| #define HAVE_INTTYPES_H 1
| #define HAVE_STDINT_H 1
| #define HAVE_UNISTD_H 1
| /* end confdefs.h.  */
| #include <sys/types.h>
| 		#include <sys/param.h>
| 
| int
| main ()
| {
| #if BYTE_ORDER != BIG_ENDIAN
| 		 not big endian
| 		#endif
| 
|   ;
|   return 0;
| }
configure:4811: result: no
configure:4829: checking for long long
configure:4829: gcc -c -g -O2 -Wall  conftest.c >&5
configure:4829: $? = 0
configure:4829: gcc -c -g -O2 -Wall  conftest.c >&5
conftest.c: In function 'main':
conftest.c:55:24: error: expected expression before ')' token
 if (sizeof ((long long)))
                        ^
configure:4829: $? = 1
configure: failed program was:
| /* confdefs.h */
| #define PACKAGE_NAME "pocketsphinx"
| #define PACKAGE_TARNAME "pocketsphinx"
| #define PACKAGE_VERSION "5prealpha"
| #define PACKAGE_STRING "pocketsphinx 5prealpha"
| #define PACKAGE_BUGREPORT ""
| #define PACKAGE_URL ""
| #define STDC_HEADERS 1
| #define HAVE_SYS_TYPES_H 1
| #define HAVE_SYS_STAT_H 1
| #define HAVE_STDLIB_H 1
| #define HAVE_STRING_H 1
| #define HAVE_MEMORY_H 1
| #define HAVE_STRINGS_H 1
| #define HAVE_INTTYPES_H 1
| #define HAVE_STDINT_H 1
| #define HAVE_UNISTD_H 1
| /* end confdefs.h.  */
| #include <stdio.h>
| #ifdef HAVE_SYS_TYPES_H
| # include <sys/types.h>
| #endif
| #ifdef HAVE_SYS_STAT_H
| # include <sys/stat.h>
| #endif
| #ifdef STDC_HEADERS
| # include <stdlib.h>
| # include <stddef.h>
| #else
| # ifdef HAVE_STDLIB_H
| #  include <stdlib.h>
| # endif
| #endif
| #ifdef HAVE_STRING_H
| # if !defined STDC_HEADERS && defined HAVE_MEMORY_H
| #  include <memory.h>
| # endif
| # include <string.h>
| #endif
| #ifdef HAVE_STRINGS_H
| # include <strings.h>
| #endif
| #ifdef HAVE_INTTYPES_H
| # include <inttypes.h>
| #endif
| #ifdef HAVE_STDINT_H
| # include <stdint.h>
| #endif
| #ifdef HAVE_UNISTD_H
| # include <unistd.h>
| #endif
| int
| main ()
| {
| if (sizeof ((long long)))
| 	    return 0;
|   ;
|   return 0;
| }
configure:4829: result: yes
configure:4843: checking size of long long
configure:4848: gcc -o conftest -g -O2 -Wall   conftest.c  >&5
configure:4848: $? = 0
configure:4848: ./conftest
configure:4848: $? = 0
configure:4862: result: 8
configure:4919: checking how to print strings
configure:4946: result: printf
configure:4967: checking for a sed that does not truncate output
configure:5031: result: /bin/sed
configure:5049: checking for fgrep
configure:5111: result: /bin/grep -F
configure:5146: checking for ld used by gcc
configure:5213: result: /usr/bin/ld
configure:5220: checking if the linker (/usr/bin/ld) is GNU ld
configure:5235: result: yes
configure:5247: checking for BSD- or MS-compatible name lister (nm)
configure:5296: result: /usr/bin/nm -B
configure:5426: checking the name lister (/usr/bin/nm -B) interface
configure:5433: gcc -c -g -O2 -Wall  conftest.c >&5
configure:5436: /usr/bin/nm -B "conftest.o"
configure:5439: output
0000000000000000 B some_variable
configure:5446: result: BSD nm
configure:5449: checking whether ln -s works
configure:5453: result: yes
configure:5461: checking the maximum length of command line arguments
configure:5592: result: 3458764513820540925
configure:5609: checking whether the shell understands some XSI constructs
configure:5619: result: yes
configure:5623: checking whether the shell understands "+="
configure:5629: result: yes
configure:5664: checking how to convert x86_64-unknown-linux-gnu file names to x86_64-unknown-linux-gnu format
configure:5704: result: func_convert_file_noop
configure:5711: checking how to convert x86_64-unknown-linux-gnu file names to toolchain format
configure:5731: result: func_convert_file_noop
configure:5738: checking for /usr/bin/ld option to reload object files
configure:5745: result: -r
configure:5819: checking for objdump
configure:5835: found /usr/bin/objdump
configure:5846: result: objdump
configure:5878: checking how to recognize dependent libraries
configure:6076: result: pass_all
configure:6161: checking for dlltool
configure:6191: result: no
configure:6221: checking how to associate runtime and link libraries
configure:6248: result: printf %s\n
configure:6308: checking for ar
configure:6324: found /usr/bin/ar
configure:6335: result: ar
configure:6372: checking for archiver @FILE support
configure:6389: gcc -c -g -O2 -Wall  conftest.c >&5
configure:6389: $? = 0
configure:6392: ar cru libconftest.a @conftest.lst >&5
configure:6395: $? = 0
configure:6400: ar cru libconftest.a @conftest.lst >&5
ar: conftest.o: No such file or directory
configure:6403: $? = 1
configure:6415: result: @
configure:6473: checking for strip
configure:6489: found /usr/bin/strip
configure:6500: result: strip
configure:6572: checking for ranlib
configure:6588: found /usr/bin/ranlib
configure:6599: result: ranlib
configure:6701: checking command to parse /usr/bin/nm -B output from gcc object
configure:6821: gcc -c -g -O2 -Wall  conftest.c >&5
configure:6824: $? = 0
configure:6828: /usr/bin/nm -B conftest.o \| sed -n -e 's/^.*[ ]\([ABCDGIRSTW][ABCDGIRSTW]*\)[ ][ ]*\([_A-Za-z][_A-Za-z0-9]*\)$/\1 \2 \2/p' | sed '/ __gnu_lto/d' \> conftest.nm
configure:6831: $? = 0
configure:6897: gcc -o conftest -g -O2 -Wall   conftest.c conftstm.o >&5
configure:6900: $? = 0
configure:6938: result: ok
configure:6975: checking for sysroot
configure:7005: result: no
configure:7082: gcc -c -g -O2 -Wall  conftest.c >&5
configure:7085: $? = 0
configure:7274: checking for mt
configure:7290: found /bin/mt
configure:7301: result: mt
configure:7324: checking if mt is a manifest tool
configure:7330: mt '-?'
configure:7338: result: no
configure:7977: checking for dlfcn.h
configure:7977: gcc -c -g -O2 -Wall  conftest.c >&5
configure:7977: $? = 0
configure:7977: result: yes
configure:8183: checking for objdir
configure:8198: result: .libs
configure:8469: checking if gcc supports -fno-rtti -fno-exceptions
configure:8487: gcc -c -g -O2 -Wall  -fno-rtti -fno-exceptions conftest.c >&5
cc1: warning: command line option '-fno-rtti' is valid for C++/ObjC++ but not for C [enabled by default]
configure:8491: $? = 0
configure:8504: result: no
configure:8831: checking for gcc option to produce PIC
configure:8838: result: -fPIC -DPIC
configure:8846: checking if gcc PIC flag -fPIC -DPIC works
configure:8864: gcc -c -g -O2 -Wall  -fPIC -DPIC -DPIC conftest.c >&5
configure:8868: $? = 0
configure:8881: result: yes
configure:8910: checking if gcc static flag -static works
configure:8938: result: yes
configure:8953: checking if gcc supports -c -o file.o
configure:8974: gcc -c -g -O2 -Wall  -o out/conftest2.o conftest.c >&5
configure:8978: $? = 0
configure:9000: result: yes
configure:9008: checking if gcc supports -c -o file.o
configure:9055: result: yes
configure:9088: checking whether the gcc linker (/usr/bin/ld -m elf_x86_64) supports shared libraries
configure:10245: result: yes
configure:10282: checking whether -lc should be explicitly linked in
configure:10290: gcc -c -g -O2 -Wall  conftest.c >&5
configure:10293: $? = 0
configure:10308: gcc -shared  -fPIC -DPIC conftest.o  -v -Wl,-soname -Wl,conftest -o conftest 2\>\&1 \| /bin/grep  -lc  \>/dev/null 2\>\&1
configure:10311: $? = 0
configure:10325: result: no
configure:10485: checking dynamic linker characteristics
configure:10985: gcc -o conftest -g -O2 -Wall   -Wl,-rpath -Wl,/foo conftest.c  >&5
configure:10985: $? = 0
configure:11219: result: GNU/Linux ld.so
configure:11326: checking how to hardcode library paths into programs
configure:11351: result: immediate
configure:11891: checking whether stripping libraries is possible
configure:11896: result: yes
configure:11931: checking if libtool supports shared libraries
configure:11933: result: yes
configure:11936: checking whether to build shared libraries
configure:11957: result: yes
configure:11960: checking whether to build static libraries
configure:11964: result: yes
configure:12004: checking for pkg-config
configure:12020: found /usr/bin/pkg-config
configure:12032: result: yes
configure:12043: checking for doxygen
configure:12071: result: no

## ---------------- ##
## Cache variables. ##
## ---------------- ##

ac_cv_build=x86_64-unknown-linux-gnu
ac_cv_c_bigendian=no
ac_cv_c_compiler_gnu=yes
ac_cv_env_CC_set=
ac_cv_env_CC_value=
ac_cv_env_CFLAGS_set=
ac_cv_env_CFLAGS_value=
ac_cv_env_CPPFLAGS_set=
ac_cv_env_CPPFLAGS_value=
ac_cv_env_CPP_set=
ac_cv_env_CPP_value=
ac_cv_env_GStreamer_CFLAGS_set=
ac_cv_env_GStreamer_CFLAGS_value=
ac_cv_env_GStreamer_LIBS_set=
ac_cv_env_GStreamer_LIBS_value=
ac_cv_env_LDFLAGS_set=
ac_cv_env_LDFLAGS_value=
ac_cv_env_LIBS_set=
ac_cv_env_LIBS_value=
ac_cv_env_PKG_CONFIG_LIBDIR_set=
ac_cv_env_PKG_CONFIG_LIBDIR_value=
ac_cv_env_PKG_CONFIG_PATH_set=
ac_cv_env_PKG_CONFIG_PATH_value=
ac_cv_env_PKG_CONFIG_set=
ac_cv_env_PKG_CONFIG_value=
ac_cv_env_PYTHON_set=
ac_cv_env_PYTHON_value=
ac_cv_env_SPHINXBASE_CFLAGS_set=
ac_cv_env_SPHINXBASE_CFLAGS_value=
ac_cv_env_SPHINXBASE_LIBS_set=
ac_cv_env_SPHINXBASE_LIBS_value=
ac_cv_env_build_alias_set=
ac_cv_env_build_alias_value=
ac_cv_env_host_alias_set=
ac_cv_env_host_alias_value=
ac_cv_env_target_alias_set=
ac_cv_env_target_alias_value=
ac_cv_header_dlfcn_h=yes
ac_cv_header_inttypes_h=yes
ac_cv_header_memory_h=yes
ac_cv_header_stdc=yes
ac_cv_header_stdint_h=yes
ac_cv_header_stdlib_h=yes
ac_cv_header_string_h=yes
ac_cv_header_strings_h=yes
ac_cv_header_sys_stat_h=yes
ac_cv_header_sys_types_h=yes
ac_cv_header_unistd_h=yes
ac_cv_host=x86_64-unknown-linux-gnu
ac_cv_objext=o
ac_cv_path_EGREP='/bin/grep -E'
ac_cv_path_FGREP='/bin/grep -F'
ac_cv_path_GREP=/bin/grep
ac_cv_path_SED=/bin/sed
ac_cv_path_install='/usr/bin/install -c'
ac_cv_path_mkdir=/bin/mkdir
ac_cv_prog_AWK=mawk
ac_cv_prog_CPP='gcc -E'
ac_cv_prog_HAVE_DOXYGEN=no
ac_cv_prog_HAVE_PKGCONFIG=yes
ac_cv_prog_ac_ct_AR=ar
ac_cv_prog_ac_ct_CC=gcc
ac_cv_prog_ac_ct_MANIFEST_TOOL=mt
ac_cv_prog_ac_ct_OBJDUMP=objdump
ac_cv_prog_ac_ct_RANLIB=ranlib
ac_cv_prog_ac_ct_STRIP=strip
ac_cv_prog_cc_c89=
ac_cv_prog_cc_g=yes
ac_cv_prog_make_make_set=yes
ac_cv_sizeof_long_long=8
ac_cv_type_long_long=yes
am_cv_CC_dependencies_compiler_type=gcc3
am_cv_make_support_nested_variables=yes
am_cv_prog_cc_c_o=yes
lt_cv_ar_at_file=@
lt_cv_archive_cmds_need_lc=no
lt_cv_deplibs_check_method=pass_all
lt_cv_file_magic_cmd='$MAGIC_CMD'
lt_cv_file_magic_test_file=
lt_cv_ld_reload_flag=-r
lt_cv_nm_interface='BSD nm'
lt_cv_objdir=.libs
lt_cv_path_LD=/usr/bin/ld
lt_cv_path_NM='/usr/bin/nm -B'
lt_cv_path_mainfest_tool=no
lt_cv_prog_compiler_c_o=yes
lt_cv_prog_compiler_pic='-fPIC -DPIC'
lt_cv_prog_compiler_pic_works=yes
lt_cv_prog_compiler_rtti_exceptions=no
lt_cv_prog_compiler_static_works=yes
lt_cv_prog_gnu_ld=yes
lt_cv_sharedlib_from_linklib_cmd='printf %s\n'
lt_cv_shlibpath_overrides_runpath=no
lt_cv_sys_global_symbol_pipe='sed -n -e '\''s/^.*[	 ]\([ABCDGIRSTW][ABCDGIRSTW]*\)[	 ][	 ]*\([_A-Za-z][_A-Za-z0-9]*\)$/\1 \2 \2/p'\'' | sed '\''/ __gnu_lto/d'\'''
lt_cv_sys_global_symbol_to_c_name_address='sed -n -e '\''s/^: \([^ ]*\)[ ]*$/  {\"\1\", (void *) 0},/p'\'' -e '\''s/^[ABCDGIRSTW]* \([^ ]*\) \([^ ]*\)$/  {"\2", (void *) \&\2},/p'\'''
lt_cv_sys_global_symbol_to_c_name_address_lib_prefix='sed -n -e '\''s/^: \([^ ]*\)[ ]*$/  {\"\1\", (void *) 0},/p'\'' -e '\''s/^[ABCDGIRSTW]* \([^ ]*\) \(lib[^ ]*\)$/  {"\2", (void *) \&\2},/p'\'' -e '\''s/^[ABCDGIRSTW]* \([^ ]*\) \([^ ]*\)$/  {"lib\2", (void *) \&\2},/p'\'''
lt_cv_sys_global_symbol_to_cdecl='sed -n -e '\''s/^T .* \(.*\)$/extern int \1();/p'\'' -e '\''s/^[ABCDGIRSTW]* .* \(.*\)$/extern char \1;/p'\'''
lt_cv_sys_max_cmd_len=3458764513820540925
lt_cv_to_host_file_cmd=func_convert_file_noop
lt_cv_to_tool_file_cmd=func_convert_file_noop

## ----------------- ##
## Output variables. ##
## ----------------- ##

ACLOCAL='${SHELL} /home/yaroslav/model/pocketsphinx/missing aclocal-1.14'
AMDEPBACKSLASH='\'
AMDEP_FALSE='#'
AMDEP_TRUE=''
AMTAR='$${TAR-tar}'
AM_BACKSLASH='\'
AM_DEFAULT_V='$(AM_DEFAULT_VERBOSITY)'
AM_DEFAULT_VERBOSITY='1'
AM_V='$(V)'
AR='ar'
AUTOCONF='${SHELL} /home/yaroslav/model/pocketsphinx/missing autoconf'
AUTOHEADER='${SHELL} /home/yaroslav/model/pocketsphinx/missing autoheader'
AUTOMAKE='${SHELL} /home/yaroslav/model/pocketsphinx/missing automake-1.14'
AWK='mawk'
BUILD_DOXYGEN_FALSE=''
BUILD_DOXYGEN_TRUE='#'
BUILD_GST_FALSE=''
BUILD_GST_TRUE=''
BUILD_SWIG_FALSE=''
BUILD_SWIG_TRUE=''
CC='gcc'
CCDEPMODE='depmode=gcc3'
CFLAGS='-g -O2 -Wall'
CPP='gcc -E'
CPPFLAGS=''
CYGPATH_W='echo'
DEFS=''
DEPDIR='.deps'
DLLTOOL='false'
DSYMUTIL=''
DUMPBIN=''
ECHO_C=''
ECHO_N='-n'
ECHO_T=''
EGREP='/bin/grep -E'
EXEEXT=''
FGREP='/bin/grep -F'
GREP='/bin/grep'
GST_CFLAGS=''
GST_LIBS=''
GST_MAJORMINOR=''
GST_PLUGIN_LDFLAGS=''
GStreamer_CFLAGS=''
GStreamer_LIBS=''
HAVE_DOXYGEN='no'
HAVE_PKGCONFIG='yes'
INSTALL_DATA='${INSTALL} -m 644'
INSTALL_PROGRAM='${INSTALL}'
INSTALL_SCRIPT='${INSTALL}'
INSTALL_STRIP_PROGRAM='$(install_sh) -c -s'
LD='/usr/bin/ld -m elf_x86_64'
LDFLAGS=''
LIBOBJS=''
LIBS=''
LIBTOOL='$(SHELL) $(top_builddir)/libtool'
LIPO=''
LN_S='ln -s'
LTLIBOBJS=''
MAKEINFO='${SHELL} /home/yaroslav/model/pocketsphinx/missing makeinfo'
MANIFEST_TOOL=':'
MKDIR_P='/bin/mkdir -p'
NM='/usr/bin/nm -B'
NMEDIT=''
OBJDUMP='objdump'
OBJEXT='o'
OTOOL64=''
OTOOL=''
PACKAGE='pocketsphinx'
PACKAGE_BUGREPORT=''
PACKAGE_NAME='pocketsphinx'
PACKAGE_STRING='pocketsphinx 5prealpha'
PACKAGE_TARNAME='pocketsphinx'
PACKAGE_URL=''
PACKAGE_VERSION='5prealpha'
PATH_SEPARATOR=':'
PKG_CONFIG=''
PKG_CONFIG_LIBDIR=''
PKG_CONFIG_PATH=''
PYTHON=''
PYTHON_CPPFLAGS=''
PYTHON_EXEC_PREFIX=''
PYTHON_PLATFORM=''
PYTHON_PREFIX=''
PYTHON_VERSION=''
RANLIB='ranlib'
SED='/bin/sed'
SET_MAKE=''
SHELL='/bin/bash'
SPHINXBASE_CFLAGS=''
SPHINXBASE_LIBS=''
SPHINXBASE_SWIG=''
STRIP='strip'
VERSION='5prealpha'
ac_ct_AR='ar'
ac_ct_CC='gcc'
ac_ct_DUMPBIN=''
am__EXEEXT_FALSE=''
am__EXEEXT_TRUE=''
am__fastdepCC_FALSE='#'
am__fastdepCC_TRUE=''
am__include='include'
am__isrc=''
am__leading_dot='.'
am__nodep='_no'
am__quote=''
am__tar='$${TAR-tar} chof - "$$tardir"'
am__untar='$${TAR-tar} xf -'
bindir='${exec_prefix}/bin'
build='x86_64-unknown-linux-gnu'
build_alias=''
build_cpu='x86_64'
build_os='linux-gnu'
build_vendor='unknown'
datadir='${datarootdir}'
datarootdir='${prefix}/share'
docdir='${datarootdir}/doc/${PACKAGE_TARNAME}'
dvidir='${docdir}'
exec_prefix='NONE'
host='x86_64-unknown-linux-gnu'
host_alias=''
host_cpu='x86_64'
host_os='linux-gnu'
host_vendor='unknown'
htmldir='${docdir}'
includedir='${prefix}/include'
infodir='${datarootdir}/info'
install_sh='${SHELL} /home/yaroslav/model/pocketsphinx/install-sh'
libdir='${exec_prefix}/lib'
libexecdir='${exec_prefix}/libexec'
localedir='${datarootdir}/locale'
localstatedir='${prefix}/var'
mandir='${datarootdir}/man'
mkdir_p='$(MKDIR_P)'
oldincludedir='/usr/include'
pdfdir='${docdir}'
pkgpyexecdir=''
pkgpythondir=''
plugindir=''
prefix='NONE'
program_transform_name='s,x,x,'
psdir='${docdir}'
pyexecdir=''
pythondir=''
sbindir='${exec_prefix}/sbin'
sharedstatedir='${prefix}/com'
sysconfdir='${prefix}/etc'
target_alias=''

## ----------- ##
## confdefs.h. ##
## ----------- ##

/* confdefs.h */
#define PACKAGE_NAME "pocketsphinx"
#define PACKAGE_TARNAME "pocketsphinx"
#define PACKAGE_VERSION "5prealpha"
#define PACKAGE_STRING "pocketsphinx 5prealpha"
#define PACKAGE_BUGREPORT ""
#define PACKAGE_URL ""
#define STDC_HEADERS 1
#define HAVE_SYS_TYPES_H 1
#define HAVE_SYS_STAT_H 1
#define HAVE_STDLIB_H 1
#define HAVE_STRING_H 1
#define HAVE_MEMORY_H 1
#define HAVE_STRINGS_H 1
#define HAVE_INTTYPES_H 1
#define HAVE_STDINT_H 1
#define HAVE_UNISTD_H 1
#define HAVE_LONG_LONG 1
#define SIZEOF_LONG_LONG 8
#define HAVE_DLFCN_H 1
#define LT_OBJDIR ".libs/"

configure: exit 2
