        INFO: main.c(229): Compiled on Mar 30 2016 at 05:22:39
Current configuration:
[NAME]		[DEFLT]		[VALUE]
-2passvar	no		yes
-abeam		1e-100		1.000000e-90
-accumdir			/home/yaroslav/model/bwaccumdir/ua_buff_1
-agc		none		none
-agcthresh	2.0		2.000000e+00
-bbeam		1e-100		1.000000e-10
-cb2mllrfn	.1cls.		.1cls.
-cepdir				/home/yaroslav/model/feat
-cepext		mfc		mfc
-ceplen		13		13
-ckptintv			0
-cmn		current		current
-cmninit	8.0		8.0
-ctlfn				/home/yaroslav/model/etc/ua_train.fileids
-diagfull	no		no
-dictfn				/home/yaroslav/model/etc/ua.dic
-example	no		no
-fdictfn			/home/yaroslav/model/etc/ua.filler
-feat		1s_c_d_dd	s2_4x
-fullvar	no		no
-help		no		no
-hmmdir				
-latdir				
-latext				
-lda				
-ldadim		0		0
-lsnfn				/home/yaroslav/model/etc/ua_train.transcription
-lw		11.5		1.150000e+01
-maxuttlen	0		0
-meanfn				/home/yaroslav/model/model_parameters/ua.ci_semi/means
-meanreest	yes		yes
-mixwfn				/home/yaroslav/model/model_parameters/ua.ci_semi/mixture_weights
-mixwreest	yes		yes
-mllrmat			
-mmie		no		no
-mmie_type	rand		rand
-moddeffn			/home/yaroslav/model/model_architecture/ua.ci.mdef
-mwfloor	0.00001		1.000000e-08
-npart				1
-nskip				0
-outphsegdir			
-outputfullpath	no		no
-part				1
-pdumpdir			
-phsegdir			
-phsegext	phseg		phseg
-runlen		-1		-1
-sentdir			
-sentext	sent		sent
-spthresh	0.0		0.000000e+00
-svspec				
-timing		yes		no
-tmatfn				/home/yaroslav/model/model_parameters/ua.ci_semi/transition_matrices
-tmatreest	yes		yes
-topn		4		256
-tpfloor	0.0001		1.000000e-04
-ts2cbfn			.semi.
-varfloor	0.00001		1.000000e-04
-varfn				/home/yaroslav/model/model_parameters/ua.ci_semi/variances
-varnorm	no		no
-varreest	yes		yes
-viterbi	no		no

INFO: feat.c(715): Initializing feature stream to type: 's2_4x', ceplen=13, CMN='current', VARNORM='no', AGC='none'
INFO: cmn.c(143): mean[0]= 12.00, mean[1..12]= 0.0
INFO: main.c(318): Reading /home/yaroslav/model/model_architecture/ua.ci.mdef
INFO: model_def_io.c(573): Model definition info:
INFO: model_def_io.c(574): 49 total models defined (49 base, 0 tri)
INFO: model_def_io.c(575): 196 total states
INFO: model_def_io.c(576): 147 total tied states
INFO: model_def_io.c(577): 147 total tied CI states
INFO: model_def_io.c(578): 49 total tied transition matrices
INFO: model_def_io.c(579): 4 max state/model
INFO: model_def_io.c(580): 4 min state/model
INFO: s3mixw_io.c(117): Read /home/yaroslav/model/model_parameters/ua.ci_semi/mixture_weights [147x4x256 array]
INFO: mod_inv.c(408): Failed to norm for 3 mixw: 36 37 38
INFO: s3tmat_io.c(118): Read /home/yaroslav/model/model_parameters/ua.ci_semi/transition_matrices [49x3x4 array]
INFO: mod_inv.c(301): inserting tprob floor 1.000000e-04 and renormalizing
INFO: s3gau_io.c(169): Read /home/yaroslav/model/model_parameters/ua.ci_semi/means [1x4x256 array]
INFO: s3gau_io.c(169): Read /home/yaroslav/model/model_parameters/ua.ci_semi/variances [1x4x256 array]
INFO: gauden.c(176): 1 total mgau
INFO: gauden.c(150): 4 feature streams (|0|=12 |1|=24 |2|=3 |3|=12 )
INFO: gauden.c(187): 256 total densities
INFO: gauden.c(90): min_var=1.000000e-04
INFO: gauden.c(165): compute 256 densities/frame
INFO: main.c(431): Will reestimate mixing weights.
INFO: main.c(433): Will reestimate means.
INFO: main.c(435): Will reestimate variances.
INFO: main.c(443): Will reestimate transition matrices
INFO: main.c(456): Reading main dictionary: /home/yaroslav/model/etc/ua.dic
INFO: lexicon.c(221): 2280 entries added from /home/yaroslav/model/etc/ua.dic
INFO: main.c(466): Reading filler dictionary: /home/yaroslav/model/etc/ua.filler
INFO: lexicon.c(221): 3 entries added from /home/yaroslav/model/etc/ua.filler
INFO: corpus.c(1062): Will process all remaining utts starting at 0
INFO: main.c(665): Reestimation: Baum-Welch
INFO: cmn.c(183): CMN: 49.62  1.74  2.44  5.07 -3.61  0.51 -11.32 -1.18 -0.52 -2.64  0.10 -3.56 -0.03 
column defns
	<seq>
	<id>
	<n_frame_in>
	<n_frame_del>
	<n_state_shmm>
	<avg_states_alpha>
	<avg_states_beta>
	<avg_states_reest>
	<avg_posterior_prune>
	<frame_log_lik>
	<utt_log_lik>
	... timing info ... 
utt>     0                   uk_0001  528    0INFO: cvt2triphone.c(199): no multiphones defined, no conversion done
   296 85  7 15 1.706538e-11 -1.879448e+02 -9.923485e+04
INFO: cmn.c(183): CMN: 42.96 -2.48 10.29  5.36  0.01 -0.60 -11.06 -3.27 -0.41 -1.01  2.00 -2.10 -1.22 
utt>     1                   uk_0002  572    0   332 94  6 13 1.396693e-11 -1.893281e+02 -1.082957e+05
INFO: cmn.c(183): CMN: 45.62  0.39  4.68  3.27 -0.36  0.62 -10.26  0.16  2.43  0.21  2.32 -1.96 -0.19 
utt>     2                   uk_0003 1940    0  1012 119  7 15 1.678404e-11 -1.875509e+02 -3.638488e+05
INFO: cmn.c(183): CMN: 46.85 -0.32  6.75  3.74  0.71 -0.56 -11.51  0.48  1.03  0.15  2.69 -1.89  0.19 
utt>     3                   uk_0004 1824    0   988 105  7 15 1.742455e-11 -1.870232e+02 -3.411303e+05
INFO: cmn.c(183): CMN: 51.36  0.88  9.95  1.27 -0.85 -0.61 -10.99 -3.41 -3.80  0.21 -1.93 -0.50 -1.75 
utt>     4                   uk_0005 1962    0  1164 126  8 17 2.057416e-11 -1.894808e+02 -3.717613e+05
INFO: cmn.c(183): CMN: 51.54  0.68  3.93  1.77 -0.57 -2.00 -10.49  1.58 -2.65  1.25 -0.07 -0.31  0.08 
utt>     5                   uk_0006 2319    0  1404 113  7 15 1.763946e-11 -1.886640e+02 -4.375118e+05
INFO: cmn.c(183): CMN: 50.52  3.60  4.59  0.05  0.96 -1.97 -12.45  1.66 -1.66  3.51  1.15  0.13 -0.05 
utt>     6                   uk_0007 2587    0  1476 126  8 16 1.962598e-11 -1.909628e+02 -4.940206e+05
INFO: cmn.c(183): CMN: 50.35  1.06  6.24  3.53 -2.85 -2.06 -10.52  1.03 -4.25  1.47 -0.72 -1.95 -1.32 
utt>     7                   uk_0008 2572    0  1544 113  7 15 1.721248e-11 -1.870133e+02 -4.809982e+05
INFO: cmn.c(183): CMN: 52.02  2.40  5.14  3.25 -3.44 -4.74 -9.54  2.31 -2.88  1.39  0.25 -1.96  0.34 
utt>     8                   uk_0009 2300    0  1436 117  8 16 1.850796e-11 -1.897882e+02 -4.365128e+05
INFO: cmn.c(183): CMN: 50.66  0.83  7.38  4.29 -3.82 -3.18 -11.25  1.00 -2.50  0.17  0.26 -1.97 -0.57 
utt>     9                   uk_0010 3080    0  1808 115  7 15 1.724922e-11 -1.880063e+02 -5.790594e+05
INFO: cmn.c(183): CMN: 50.94  2.78  5.73  1.26 -0.67 -0.71 -12.68 -1.42 -1.66  0.24  1.38 -2.67  0.30 
utt>    10                   uk_0011 3049    0  1776 123  8 16 1.848830e-11 -1.883183e+02 -5.741824e+05
INFO: cmn.c(183): CMN: 50.40  0.21  7.35  5.78 -1.75 -1.26 -13.42 -2.52 -0.26 -1.86  1.19 -3.11 -0.81 
utt>    11                   uk_0012 2150    0  1160 107  7 15 1.662569e-11 -1.867524e+02 -4.015177e+05
INFO: cmn.c(183): CMN: 52.17  2.71  5.18  1.95 -1.69 -0.16 -11.54 -2.69 -1.20  1.21  0.42 -0.38 -0.13 
utt>    12                   uk_0013 3398    0  1888 116  8 16 1.775357e-11 -1.878390e+02 -6.382770e+05
INFO: cmn.c(183): CMN: 52.08  1.01  2.36  0.27  0.38 -1.58 -10.05  1.21  0.90  0.89  1.65 -1.25 -0.29 
utt>    13                   uk_0014 2760    0  1356 126  8 17 1.856426e-11 -1.893585e+02 -5.226294e+05
INFO: cmn.c(183): CMN: 51.40  0.24  5.36  4.08 -1.58  0.95 -9.75  0.62  0.57  1.32  0.44 -2.59 -1.02 
utt>    14                   uk_0015 2912    0  1408 141  9 17 1.950168e-11 -1.924841e+02 -5.605137e+05
INFO: cmn.c(183): CMN: 50.38  1.25  4.02  2.21 -0.93 -0.65 -11.43 -2.09  0.36 -0.19  1.53 -2.44  0.24 
utt>    15                   uk_0016 2010    0  1056 126  8 17 1.876761e-11 -1.878505e+02 -3.775796e+05
INFO: cmn.c(183): CMN: 51.02  1.08  5.94  3.66 -2.22 -0.09 -12.28 -1.27 -0.25  2.13  2.28 -0.09  0.94 
utt>    16                   uk_0017 2372    0  1348 116  8 16 1.813813e-11 -1.880238e+02 -4.459926e+05
INFO: cmn.c(183): CMN: 47.35  1.68  3.29  3.65 -0.91 -2.09 -11.27  2.07  2.66  2.20  2.47 -2.32  0.96 
utt>    17                   uk_0018 1273    0   616 122  7 14 1.914005e-11 -1.865269e+02 -2.374488e+05
INFO: cmn.c(183): CMN: 50.94  1.86  5.84  3.79 -2.64 -2.69 -11.19 -1.91  1.18  0.24  2.58 -2.75  0.77 
utt>    18                   uk_0019 2143    0  1144 117  8 16 1.780881e-11 -1.883419e+02 -4.036167e+05
INFO: cmn.c(183): CMN: 50.53  1.03  8.20  3.41 -0.19 -1.25 -10.76 -3.81 -2.37  1.14  0.77 -0.93 -0.79 
utt>    19                   uk_0020 2316    0  1276 118  8 16 1.857022e-11 -1.859967e+02 -4.307683e+05
INFO: cmn.c(183): CMN: 50.65  0.74  5.71  2.65  0.46 -0.79 -10.07 -2.50 -0.38 -0.68 -0.23 -1.08 -0.84 
utt>    20                   uk_0021 2899    0  1476 121  8 16 1.809541e-11 -1.862978e+02 -5.400772e+05
INFO: cmn.c(183): CMN: 49.86  1.96  2.91  3.39 -1.78 -3.52 -11.16 -0.21  0.76  0.75  1.80 -3.11  0.38 
utt>    21                   uk_0022 1519    0   788 114  8 16 1.814311e-11 -1.866057e+02 -2.834540e+05
INFO: cmn.c(183): CMN: 51.97  1.83  4.76  2.28 -1.73  0.11 -12.54 -1.06  1.31 -0.28  4.31 -2.13  1.46 
utt>    22                   uk_0023 2834    0  1452 117  7 15 1.811945e-11 -1.883614e+02 -5.338162e+05
INFO: cmn.c(183): CMN: 50.16  3.91  5.36  3.24  0.28 -1.44 -12.61  0.25 -2.70  2.10  1.19 -1.36 -0.08 
utt>    23                   uk_0024 2513    0  1452 115  7 15 1.723901e-11 -1.896869e+02 -4.766833e+05
INFO: cmn.c(183): CMN: 49.89  2.65  4.93  4.95 -1.82 -2.20 -12.96  2.08 -1.67  1.10  2.51 -3.39 -0.25 
utt>    24                   uk_0025 2117    0  1252 114  7 15 1.891190e-11 -1.867904e+02 -3.954353e+05
INFO: cmn.c(183): CMN: 51.41  1.28  5.42  5.61 -2.87 -1.98 -12.43  1.32 -1.88  0.87  1.83 -1.96  1.01 
utt>    25                   uk_0026 2539    0  1524 123  8 16 1.761272e-11 -1.874511e+02 -4.759383e+05
INFO: cmn.c(183): CMN: 52.01  0.48  7.16  4.08 -2.57 -3.24 -13.26  0.09 -3.26  1.82  0.85 -2.65  0.54 
utt>    26                   uk_0027 3067    0  1772 122  8 16 1.718559e-11 -1.878503e+02 -5.761369e+05
INFO: cmn.c(183): CMN: 48.70 -0.25  5.02  6.65 -2.87 -2.00 -12.75  0.47 -0.13  0.51  1.17 -2.62 -0.83 
utt>    27                   uk_0028 2216    0  1264 111  7 15 1.840729e-11 -1.857681e+02 -4.116622e+05
INFO: cmn.c(183): CMN: 52.31  1.98  3.72  4.45 -2.42 -2.62 -13.42 -2.00  1.01  0.53  2.67 -2.32  0.03 
utt>    28                   uk_0029 2264    0  1240 112  8 16 1.841545e-11 -1.878606e+02 -4.253164e+05
INFO: cmn.c(183): CMN: 52.20  3.06  2.97  5.11 -3.16 -2.00 -11.03  0.41  1.46  1.53  3.49 -2.26  0.97 
utt>    29                   uk_0030 2395    0  1496 127  8 16 1.828303e-11 -1.902262e+02 -4.555918e+05
INFO: cmn.c(183): CMN: 52.90  2.04  5.29  4.95 -2.11 -4.28 -11.15  2.05 -1.44  1.74  1.15 -0.85  0.99 
utt>    30                   uk_0031 2895    0  1808 119  7 15 1.729421e-11 -1.898810e+02 -5.497055e+05
INFO: cmn.c(183): CMN: 51.29  2.40  5.93  4.56 -3.22 -4.11 -9.06  2.02  0.18  3.92  2.06  1.12  0.31 
utt>    31                   uk_0032 2522    0  1380 112  7 15 1.671145e-11 -1.909332e+02 -4.815336e+05
INFO: cmn.c(183): CMN: 51.27  2.21  7.53  3.88  0.43 -2.03 -12.33 -0.80 -0.29  5.13  1.99  1.82 -0.10 
utt>    32                   uk_0033 2970    0  1560 135  8 17 1.871790e-11 -1.916072e+02 -5.690733e+05
INFO: cmn.c(183): CMN: 48.98  2.57  6.80  3.53  0.10  0.02 -12.41 -1.19 -0.59  1.14  0.73 -0.47 -0.16 
utt>    33                   uk_0034 2494    0  1480 114  8 16 1.755905e-11 -1.882127e+02 -4.694024e+05
INFO: cmn.c(183): CMN: 52.29  3.57  5.71  1.31  0.92 -0.45 -12.17 -1.12 -0.62  3.16  0.86  1.82  1.09 
utt>    34                   uk_0035 2502    0  1384 109  7 15 1.711588e-11 -1.898866e+02 -4.750963e+05
INFO: cmn.c(183): CMN: 49.43  3.10  6.57  3.52  1.83 -0.30 -12.12 -1.32 -2.86  1.21 -2.00 -1.08 -0.75 
utt>    35                   uk_0036 2922    0  1616 121  8 16 1.893019e-11 -1.865538e+02 -5.451103e+05
INFO: cmn.c(183): CMN: 51.19 -1.93  6.51  5.84 -1.10 -1.86 -11.93  2.97 -3.89  0.81 -0.54 -2.62 -0.78 
utt>    36                   uk_0037 2571    0  1424 107  7 14 1.645748e-11 -1.841919e+02 -4.735573e+05
INFO: cmn.c(183): CMN: 48.89 -1.25  8.15  6.44  0.69 -2.72 -9.59  0.86 -5.27  1.30 -0.52 -1.10 -0.94 
utt>    37                   uk_0038 2462    0  1564 121  8 16 1.831093e-11 -1.884148e+02 -4.638773e+05
INFO: cmn.c(183): CMN: 52.60  3.19  4.15  0.74 -0.03 -2.72 -11.84  0.81 -2.37  1.71  0.40 -1.16 -0.02 
ERROR: "backward.c", line 421: Failed to align audio to trancript: final state of the search is not reached
ERROR: "baum_welch.c", line 324: uk_0039 ignored
utt>    38                   uk_0039 3183    0  1808 56 
INFO: cmn.c(183): CMN: 51.09  2.04  5.67  5.54 -1.43 -1.20 -13.34 -0.55 -1.29 -0.08  0.09 -1.22 -0.83 
utt>    39                   uk_0040 2616    0  1556 110  7 15 1.765532e-11 -1.868512e+02 -4.888027e+05
INFO: cmn.c(183): CMN: 51.99  3.53  4.87  2.15 -0.06 -2.09 -13.51 -1.11 -3.36  2.49 -0.35 -0.09  0.12 
utt>    40                   uk_0041 2338    0  1300 113  7 15 1.869137e-11 -1.879559e+02 -4.394409e+05
INFO: cmn.c(183): CMN: 50.84  2.41  7.27  3.64 -1.01 -1.43 -13.51 -1.05  0.40  1.61  0.28 -0.19 -0.54 
utt>    41                   uk_0042 1646    0   876 106  7 15 1.887496e-11 -1.877062e+02 -3.089644e+05
INFO: cmn.c(183): CMN: 52.97  1.13  5.10  3.98 -2.58 -1.10 -13.12 -1.23 -2.60  2.00  0.76 -0.14  1.41 
utt>    42                   uk_0043 2462    0  1300 115  7 15 1.745214e-11 -1.890381e+02 -4.654119e+05
INFO: cmn.c(183): CMN: 47.33  0.72  5.49  6.92 -0.10 -1.42 -12.70  0.92 -1.30  0.88  1.73 -2.23 -0.19 
utt>    43                   uk_0044 2021    0  1212 118  7 15 1.803023e-11 -1.875249e+02 -3.789878e+05
INFO: cmn.c(183): CMN: 49.48  1.30  4.75  5.46 -1.41 -2.25 -11.66  1.71  0.65 -0.02  2.88 -2.86  0.86 
utt>    44                   uk_0045 2744    0  1688 111  7 15 1.644691e-11 -1.868666e+02 -5.127620e+05
INFO: cmn.c(183): CMN: 50.49  0.83  6.06  6.66 -1.58 -1.24 -12.97  3.52 -2.33  2.17  1.56 -2.07  0.42 
utt>    45                   uk_0046 2606    0  1496 122  8 16 1.936728e-11 -1.868704e+02 -4.869844e+05
INFO: cmn.c(183): CMN: 51.12  1.87  5.64  5.19 -2.01 -0.18 -14.00  1.43 -0.48  0.67  1.19 -1.58  0.22 
utt>    46                   uk_0047 2791    0  1676 112  7 15 1.838541e-11 -1.873460e+02 -5.228826e+05
INFO: cmn.c(183): CMN: 50.18  1.91  4.99  6.60  0.35 -0.34 -13.93  2.13 -1.28  1.07  1.04 -1.76  0.59 
utt>    47                   uk_0048 2181    0  1320 109  7 15 1.805542e-11 -1.863398e+02 -4.064072e+05
INFO: cmn.c(183): CMN: 50.95  1.37  6.82  7.28 -1.84 -2.61 -15.60  1.73 -1.20  2.75  1.88 -1.65 -0.13 
utt>    48                   uk_0049 2144    0  1288 118  7 15 1.836510e-11 -1.855363e+02 -3.977898e+05
INFO: cmn.c(183): CMN: 48.77  0.92  5.22  5.94  1.17 -0.18 -14.77  0.20  0.75  0.93  2.69 -2.34  0.06 
utt>    49                   uk_0050 2041    0  1280 113  7 15 1.863266e-11 -1.859069e+02 -3.794360e+05
INFO: cmn.c(183): CMN: 51.98  3.15  3.81  3.25 -2.76 -2.82 -13.14  2.02 -0.24 -0.20  2.48 -2.89  0.77 
utt>    50                   uk_0051 2631    0  1572 126  8 16 1.906410e-11 -1.858885e+02 -4.890727e+05
INFO: cmn.c(183): CMN: 51.33  1.70  6.46  4.08 -2.58 -2.41 -11.44 -1.25 -0.69  1.67  1.20 -1.94  0.66 
utt>    51                   uk_0052 2204    0  1380 118  7 15 1.789778e-11 -1.853678e+02 -4.085507e+05
INFO: cmn.c(183): CMN: 52.99  1.99  5.36  5.45 -3.57 -2.35 -10.47  1.34  0.08  1.80  2.13 -2.35  0.26 
utt>    52                   uk_0053 2650    0  1672 125  8 16 1.892835e-11 -1.875459e+02 -4.969966e+05
INFO: cmn.c(183): CMN: 53.32  3.30  3.67  5.33 -1.40 -2.41 -13.85  0.11 -0.60  0.15  1.71 -2.04 -0.11 
utt>    53                   uk_0054 2819    0  1764 125  8 16 1.890998e-11 -1.884481e+02 -5.312352e+05
INFO: cmn.c(183): CMN: 53.55  4.36  2.42  3.78 -0.58 -1.59 -15.24 -0.80  1.03  1.48  0.59 -1.56 -0.02 
ERROR: "backward.c", line 421: Failed to align audio to trancript: final state of the search is not reached
ERROR: "baum_welch.c", line 324: uk_0055 ignored
utt>    54                   uk_0055 2527    0  1648 19 
INFO: cmn.c(183): CMN: 51.15  1.92  4.38  5.69  0.66  0.94 -14.40 -1.86  2.25 -0.46  2.10 -1.97  0.17 
utt>    55                   uk_0056 2516    0  1556 119  7 15 1.805361e-11 -1.858440e+02 -4.675836e+05
INFO: cmn.c(183): CMN: 52.13  2.74  6.24  5.03  0.40  0.89 -14.17 -1.59 -1.66  0.20  0.02 -1.31  0.06 
utt>    56                   uk_0057 2340    0  1384 124  7 15 1.848606e-11 -1.858671e+02 -4.349290e+05
INFO: cmn.c(183): CMN: 50.14  1.58  3.05  4.13  0.70 -1.52 -9.58  1.84  0.75  1.38  1.55 -1.31  0.23 
utt>    57                   uk_0058 2069    0  1232 117  8 16 1.760545e-11 -1.852935e+02 -3.833722e+05
INFO: cmn.c(183): CMN: 52.51  2.45  3.76  7.20 -1.44 -2.23 -11.02  2.21  0.62  2.23  2.24 -1.84  1.80 
utt>    58                   uk_0059 2643    0  1584 129  8 17 2.095923e-11 -1.870304e+02 -4.943214e+05
INFO: cmn.c(183): CMN: 50.64  2.18  5.25  7.07 -1.84 -2.20 -10.41 -1.04 -1.31  0.73  1.68 -2.31  1.03 
utt>    59                   uk_0060 2326    0  1524 129  8 16 1.908939e-11 -1.862626e+02 -4.332467e+05
INFO: cmn.c(183): CMN: 51.76  0.94  5.76  4.59 -1.66 -1.80 -12.08 -0.46 -0.76  0.30  2.29 -1.71  1.27 
utt>    60                   uk_0061 2221    0  1276 116  7 15 1.728178e-11 -1.863748e+02 -4.139384e+05
INFO: cmn.c(183): CMN: 50.42  0.53  5.32  5.87 -0.35 -0.37 -12.18 -1.17  1.48  0.87  1.90 -1.61  0.47 
utt>    61                   uk_0062 2210    0  1320 126  8 16 2.087103e-11 -1.871646e+02 -4.136338e+05
INFO: cmn.c(183): CMN: 49.30  2.73  3.18  7.08 -0.15 -1.68 -14.11  0.09  0.67  1.55  2.59 -2.17  0.58 
utt>    62                   uk_0063 2476    0  1520 140  8 17 2.001012e-11 -1.854505e+02 -4.591755e+05
INFO: cmn.c(183): CMN: 50.13  2.34  4.24  7.06 -0.48 -3.73 -14.33  0.33  1.22  0.49  2.78 -1.90  1.13 
utt>    63                   uk_0064 1733    0   992 126  7 15 1.722875e-11 -1.847835e+02 -3.202298e+05
INFO: cmn.c(183): CMN: 50.79  3.49  3.60  6.78 -0.00 -1.58 -13.91  0.57  0.79  0.61  3.01 -2.68  1.18 
utt>    64                   uk_0065 2413    0  1468 126  8 16 2.122645e-11 -1.862320e+02 -4.493779e+05
INFO: cmn.c(183): CMN: 49.76  3.13  6.85  7.77 -1.82 -4.39 -10.58  1.04 -1.45  0.70  1.58 -2.27  1.22 
utt>    65                   uk_0066 3146    0  2016 132  8 16 1.930009e-11 -1.874044e+02 -5.895741e+05
INFO: cmn.c(183): CMN: 49.96  1.86  1.48  5.93 -0.98 -3.24 -11.14  2.57 -1.12  1.65  1.84 -2.43  1.02 
utt>    66                   uk_0067 2594    0  1768 125  8 16 1.934339e-11 -1.858956e+02 -4.822133e+05
INFO: cmn.c(183): CMN: 53.23  3.35  4.35  6.14 -1.20 -2.11 -15.00  2.97 -3.46  2.37  1.18 -2.49  0.12 
utt>    67                   uk_0068 2411    0  1364 115  8 16 1.791589e-11 -1.865506e+02 -4.497735e+05
INFO: cmn.c(183): CMN: 51.78  2.41  5.36  5.09 -1.12 -2.28 -14.34  0.22 -0.67  2.35  2.20 -1.20  0.42 
utt>    68                   uk_0069 2546    0  1552 124  8 17 1.959339e-11 -1.871005e+02 -4.763579e+05
INFO: cmn.c(183): CMN: 52.10  3.08  3.84  6.44 -1.20 -2.57 -14.97  0.21  1.18  1.14  2.41 -1.34  0.25 
utt>    69                   uk_0070 2350    0  1312 121  7 15 1.718765e-11 -1.866775e+02 -4.386922e+05
INFO: cmn.c(183): CMN: 52.48  1.66  5.31  5.55 -1.21 -1.41 -15.11 -0.31  1.08  0.16  2.27 -2.00  0.23 
utt>    70                   uk_0071 2533    0  1488 121  8 16 1.892245e-11 -1.870582e+02 -4.738185e+05
INFO: cmn.c(183): CMN: 51.24  1.22  6.92  3.92  1.68  0.91 -13.52 -1.56  0.93  1.81  0.56 -0.34 -2.06 
utt>    71                   uk_0072 1803    0   888 106  7 15 1.812038e-11 -1.872290e+02 -3.375739e+05
INFO: cmn.c(183): CMN: 48.60  1.34  4.25  9.54 -2.35 -3.39 -12.17  1.59  1.14  2.18  2.02 -1.13  1.28 
utt>    72                   uk_0073 2822    0  1716 123  8 17 1.953982e-11 -1.856182e+02 -5.238145e+05
INFO: cmn.c(183): CMN: 50.83  1.77  6.02  6.65 -2.09 -3.86 -12.03  1.76  0.29  1.44  1.74 -2.91  1.04 
ERROR: "backward.c", line 421: Failed to align audio to trancript: final state of the search is not reached
ERROR: "baum_welch.c", line 324: uk_0074 ignored
utt>    73                   uk_0074 2673    0  1652 85 
INFO: cmn.c(183): CMN: 51.84  1.41  2.55  5.57 -1.89 -5.49 -10.22  2.05  1.98  0.24  1.19 -3.18  1.06 
utt>    74                   uk_0075 2174    0  1356 119  8 16 2.051855e-11 -1.867737e+02 -4.060460e+05
INFO: cmn.c(183): CMN: 51.61  3.41  4.80  4.83 -1.35 -5.52 -11.72  2.84 -0.62  1.72  0.69 -2.43  1.56 
utt>    75                   uk_0076 2179    0  1232 121  7 15 1.893939e-11 -1.886619e+02 -4.110942e+05
INFO: cmn.c(183): CMN: 52.15  3.90  5.20  2.64  2.13 -1.33 -14.30  0.02 -1.18  0.55  2.21 -1.23  0.90 
utt>    76                   uk_0077 2362    0  1388 132  8 17 1.892207e-11 -1.887087e+02 -4.457300e+05
INFO: cmn.c(183): CMN: 49.70  0.20  4.21  2.51  2.02 -2.51 -13.00  2.61 -4.01  2.16 -0.44 -0.49 -0.87 
utt>    77                   uk_0078 2073    0  1144 121  8 16 1.840862e-11 -1.866745e+02 -3.869761e+05
INFO: cmn.c(183): CMN: 50.60 -0.25  7.43  4.62  2.67 -0.68 -12.29  0.48 -1.36  3.28  0.96  1.18  0.45 
utt>    78                   uk_0079 2508    0  1364 120  8 16 1.811785e-11 -1.883017e+02 -4.722606e+05
INFO: cmn.c(183): CMN: 49.54 -0.22  6.33  5.05  1.03 -1.28 -11.48  1.42 -2.85  2.47  1.48 -1.14  0.89 
utt>    79                   uk_0080 2118    0  1160 122  8 17 2.067361e-11 -1.844753e+02 -3.907188e+05
INFO: cmn.c(183): CMN: 51.22  0.25  4.57  0.15  1.55 -3.45 -9.40  2.76 -5.38  1.57 -2.23 -1.36  0.04 
utt>    80                   uk_0081 1628    0   728 112  7 15 1.774526e-11 -1.849946e+02 -3.011712e+05
INFO: cmn.c(183): CMN: 53.07  2.02  5.14  3.82 -0.51 -4.17 -11.15  1.97 -0.46  1.79  1.48 -1.43  1.97 
utt>    81                   uk_0082 2226    0  1288 124  8 16 1.853805e-11 -1.887773e+02 -4.202182e+05
INFO: cmn.c(183): CMN: 52.69  0.79  5.26  6.58 -2.62 -5.87 -9.42 -1.13 -2.62 -2.27  1.37 -3.73  1.56 
utt>    82                   uk_0083 1655    0  1008 129  8 17 1.969307e-11 -1.874713e+02 -3.102650e+05
overall> stats 187737 (-0) -1.875294e+02 -3.520620e+07
WARN: "accum.c", line 642: The following senones never occur in the input data
	36 37 38 
INFO: s3mixw_io.c(233): Wrote /home/yaroslav/model/bwaccumdir/ua_buff_1/mixw_counts [147x4x256 array]
INFO: s3tmat_io.c(176): Wrote /home/yaroslav/model/bwaccumdir/ua_buff_1/tmat_counts [49x3x4 array]
INFO: s3gau_io.c(485): Wrote /home/yaroslav/model/bwaccumdir/ua_buff_1/gauden_counts with means with vars (2pass) [1x4x256 vector arrays]
INFO: main.c(999): Counts saved to /home/yaroslav/model/bwaccumdir/ua_buff_1
Wed Apr  6 00:33:50 2016
