        INFO: main.c(229): Compiled on Mar 30 2016 at 05:22:39
Current configuration:
[NAME]		[DEFLT]		[VALUE]
-2passvar	no		yes
-abeam		1e-100		1.000000e-90
-accumdir			/home/yaroslav/model/bwaccumdir/ua_buff_1
-agc		none		none
-agcthresh	2.0		2.000000e+00
-bbeam		1e-100		1.000000e-10
-cb2mllrfn	.1cls.		.1cls.
-cepdir				/home/yaroslav/model/feat
-cepext		mfc		mfc
-ceplen		13		13
-ckptintv			0
-cmn		current		current
-cmninit	8.0		8.0
-ctlfn				/home/yaroslav/model/etc/ua_train.fileids
-diagfull	no		yes
-dictfn				/home/yaroslav/model/etc/ua.dic.full
-example	no		no
-fdictfn			/home/yaroslav/model/etc/ua.filler
-feat		1s_c_d_dd	s2_4x
-fullvar	no		yes
-help		no		no
-hmmdir				
-latdir				
-latext				
-lda				
-ldadim		0		0
-lsnfn				/home/yaroslav/model/etc/ua_train.transcription
-lw		11.5		1.150000e+01
-maxuttlen	0		0
-meanfn				/home/yaroslav/model/model_parameters/ua.ci_semi/means
-meanreest	yes		yes
-mixwfn				/home/yaroslav/model/model_parameters/ua.ci_semi/mixture_weights
-mixwreest	yes		yes
-mllrmat			
-mmie		no		no
-mmie_type	rand		rand
-moddeffn			/home/yaroslav/model/model_architecture/ua.ci.mdef
-mwfloor	0.00001		1.000000e-08
-npart				1
-nskip				0
-outphsegdir			
-outputfullpath	no		no
-part				1
-pdumpdir			
-phsegdir			
-phsegext	phseg		phseg
-runlen		-1		-1
-sentdir			
-sentext	sent		sent
-spthresh	0.0		0.000000e+00
-svspec				
-timing		yes		no
-tmatfn				/home/yaroslav/model/model_parameters/ua.ci_semi/transition_matrices
-tmatreest	yes		yes
-topn		4		256
-tpfloor	0.0001		1.000000e-04
-ts2cbfn			.semi.
-varfloor	0.00001		1.000000e-04
-varfn				/home/yaroslav/model/model_parameters/ua.ci_semi/variances
-varnorm	no		yes
-varreest	yes		yes
-viterbi	no		no

INFO: feat.c(715): Initializing feature stream to type: 's2_4x', ceplen=13, CMN='current', VARNORM='yes', AGC='none'
INFO: cmn.c(143): mean[0]= 12.00, mean[1..12]= 0.0
INFO: main.c(318): Reading /home/yaroslav/model/model_architecture/ua.ci.mdef
INFO: model_def_io.c(573): Model definition info:
INFO: model_def_io.c(574): 49 total models defined (49 base, 0 tri)
INFO: model_def_io.c(575): 196 total states
INFO: model_def_io.c(576): 147 total tied states
INFO: model_def_io.c(577): 147 total tied CI states
INFO: model_def_io.c(578): 49 total tied transition matrices
INFO: model_def_io.c(579): 4 max state/model
INFO: model_def_io.c(580): 4 min state/model
INFO: s3mixw_io.c(117): Read /home/yaroslav/model/model_parameters/ua.ci_semi/mixture_weights [147x4x256 array]
INFO: mod_inv.c(408): Failed to norm for 6 mixw: 36 37 38 132 133 134
INFO: s3tmat_io.c(118): Read /home/yaroslav/model/model_parameters/ua.ci_semi/transition_matrices [49x3x4 array]
INFO: mod_inv.c(301): inserting tprob floor 1.000000e-04 and renormalizing
INFO: s3gau_io.c(169): Read /home/yaroslav/model/model_parameters/ua.ci_semi/means [1x4x256 array]
INFO: s3gau_full_io.c(176): Read /home/yaroslav/model/model_parameters/ua.ci_semi/variances [1x4x256 array of full matrices]
INFO: gauden.c(176): 1 total mgau
INFO: gauden.c(150): 4 feature streams (|0|=12 |1|=24 |2|=3 |3|=12 )
INFO: gauden.c(187): 256 total densities
INFO: gauden.c(90): min_var=1.000000e-04
INFO: gauden.c(165): compute 256 densities/frame
INFO: main.c(431): Will reestimate mixing weights.
INFO: main.c(433): Will reestimate means.
INFO: main.c(435): Will reestimate variances.
INFO: main.c(443): Will reestimate transition matrices
INFO: main.c(456): Reading main dictionary: /home/yaroslav/model/etc/ua.dic.full
INFO: lexicon.c(221): 2280 entries added from /home/yaroslav/model/etc/ua.dic.full
INFO: main.c(466): Reading filler dictionary: /home/yaroslav/model/etc/ua.filler
INFO: lexicon.c(221): 3 entries added from /home/yaroslav/model/etc/ua.filler
INFO: corpus.c(1062): Will process all remaining utts starting at 0
INFO: main.c(665): Reestimation: Baum-Welch
INFO: cmn.c(183): CMN: 49.64  1.84  2.56  7.03 -0.41  5.49 -7.63 -2.08  0.44 -2.34  1.88 -1.85  0.32 
column defns
	<seq>
	<id>
	<n_frame_in>
	<n_frame_del>
	<n_state_shmm>
	<avg_states_alpha>
	<avg_states_beta>
	<avg_states_reest>
	<avg_posterior_prune>
	<frame_log_lik>
	<utt_log_lik>
	... timing info ... 
utt>     0                   uk_0001  527    0INFO: cvt2triphone.c(199): no multiphones defined, no conversion done
   296 26  3 6 5.722127e-12 -6.682083e+01 -3.521458e+04
INFO: cmn.c(183): CMN: 42.72 -3.31  9.67  7.30  3.67  5.14 -6.64 -3.87 -0.83 -2.12  2.30  0.17  0.84 
utt>     1                   uk_0002  572    0   332 30  2 5 4.844081e-12 -6.971907e+01 -3.987931e+04
INFO: cmn.c(183): CMN: 44.91 -0.26  4.36  4.14  1.83  4.27 -8.29 -2.97  0.79 -0.88  2.99 -0.30  1.74 
utt>     2                   uk_0003 1941    0  1012 33  3 6 5.773021e-12 -6.610551e+01 -1.283108e+05
INFO: cmn.c(183): CMN: 46.43 -1.02  6.22  4.80  3.35  4.13 -9.34 -2.41 -0.57 -1.91  2.49 -0.79  1.33 
utt>     3                   uk_0004 1824    0   988 30  3 6 5.462366e-12 -6.759725e+01 -1.232974e+05
INFO: cmn.c(183): CMN: 49.67 -0.19 10.00  3.74  3.32  4.87 -5.97 -2.19 -3.88  0.20 -1.38  0.53  0.54 
utt>     4                   uk_0005 2035    0  1164 35  3 6 6.039169e-12 -6.698096e+01 -1.363063e+05
INFO: cmn.c(183): CMN: 50.73  0.28  4.06  3.14  2.43  2.14 -8.94  0.11 -3.53 -0.50 -0.71 -0.90  0.40 
utt>     5                   uk_0006 2331    0  1404 30  3 6 5.214795e-12 -6.742963e+01 -1.571785e+05
INFO: cmn.c(183): CMN: 49.92  3.12  4.95  1.30  3.37  2.86 -10.97 -1.33 -4.76  0.08  0.08 -0.11  0.43 
utt>     6                   uk_0007 2586    0  1476 33  3 6 5.693816e-12 -6.745437e+01 -1.744370e+05
INFO: cmn.c(183): CMN: 49.73  0.68  6.42  5.78  0.97  2.53 -8.07  1.07 -3.91  0.83  0.81 -0.11  0.50 
utt>     7                   uk_0008 2575    0  1544 29  3 6 5.592828e-12 -6.592640e+01 -1.697605e+05
INFO: cmn.c(183): CMN: 51.81  2.18  5.40  5.51  0.28 -0.87 -9.17  0.56 -3.80 -0.56  0.61 -1.91  0.08 
utt>     8                   uk_0009 2300    0  1436 31  3 6 5.797210e-12 -6.835973e+01 -1.572274e+05
INFO: cmn.c(183): CMN: 50.29  0.38  7.53  6.93  0.52  1.76 -9.33 -0.27 -2.61 -0.91  0.87 -0.96  0.70 
utt>     9                   uk_0010 3080    0  1808 30  3 6 5.819809e-12 -6.701088e+01 -2.063935e+05
INFO: cmn.c(183): CMN: 50.69  2.52  6.29  3.26  2.36  4.97 -9.06 -2.54 -2.54 -1.50  2.09 -1.40  1.75 
utt>    10                   uk_0011 3051    0  1776 33  3 6 5.307979e-12 -6.713403e+01 -2.048259e+05
INFO: cmn.c(183): CMN: 49.64 -0.37  7.17  8.02  2.83  5.13 -8.81 -3.48 -0.04 -2.12  2.49 -0.67  1.32 
utt>    11                   uk_0012 2150    0  1160 30  3 6 5.625385e-12 -6.569658e+01 -1.412477e+05
INFO: cmn.c(183): CMN: 51.61  2.30  5.58  3.91  1.47  4.86 -7.50 -3.67 -3.10 -0.77 -0.07  0.04  1.91 
utt>    12                   uk_0013 3400    0  1888 32  3 6 5.705765e-12 -6.540433e+01 -2.223747e+05
INFO: cmn.c(183): CMN: 51.42  0.75  2.61  1.13  2.49  2.03 -8.98 -1.71 -0.37 -0.06  2.32  0.30  1.89 
utt>    13                   uk_0014 2764    0  1356 35  3 6 5.885999e-12 -6.444339e+01 -1.781215e+05
INFO: cmn.c(183): CMN: 50.85 -0.36  4.99  5.45  0.82  4.62 -7.69 -1.55 -0.33  1.42  3.50  0.46  1.25 
utt>    14                   uk_0015 2919    0  1408 37  3 6 5.495333e-12 -6.625235e+01 -1.933906e+05
INFO: cmn.c(183): CMN: 49.75  0.92  4.20  3.57  2.08  4.28 -7.94 -3.66 -0.77 -1.59  1.63 -1.41  1.43 
utt>    15                   uk_0016 2011    0  1056 34  3 6 5.527773e-12 -6.480710e+01 -1.303271e+05
INFO: cmn.c(183): CMN: 50.39  0.44  5.73  5.32  0.68  4.35 -9.75 -4.23 -3.66 -1.86  0.31 -1.19  0.64 
utt>    16                   uk_0017 2373    0  1348 31  3 6 5.499929e-12 -6.609737e+01 -1.568490e+05
INFO: cmn.c(183): CMN: 46.39  1.02  3.06  4.59  2.01  1.57 -10.84 -2.87 -0.22  0.74  3.86 -0.79  2.34 
utt>    17                   uk_0018 1266    0   616 32  3 6 5.196072e-12 -6.359960e+01 -8.051710e+04
INFO: cmn.c(183): CMN: 50.33  1.30  5.85  5.80  0.90  1.79 -8.77 -4.85 -1.46 -2.33  2.38 -2.26  0.55 
utt>    18                   uk_0019 2143    0  1144 32  3 6 5.888118e-12 -6.556122e+01 -1.404977e+05
INFO: cmn.c(183): CMN: 50.03  0.35  8.10  5.34  3.45  4.35 -6.29 -3.61 -3.88 -0.94  0.49 -0.05  0.85 
utt>    19                   uk_0020 2317    0  1276 32  3 6 5.556593e-12 -6.644651e+01 -1.539566e+05
INFO: cmn.c(183): CMN: 50.16  0.29  5.72  4.09  3.42  4.30 -6.27 -3.15 -0.80 -0.85  0.17 -0.11  0.76 
utt>    20                   uk_0021 2900    0  1476 32  3 6 5.654433e-12 -6.618353e+01 -1.919322e+05
INFO: cmn.c(183): CMN: 49.11  1.60  3.12  5.04  2.00  1.02 -9.32 -3.22 -1.23 -0.89  2.79 -1.81  1.12 
utt>    21                   uk_0022 1517    0   788 31  3 6 5.424874e-12 -6.384762e+01 -9.685685e+04
INFO: cmn.c(183): CMN: 51.34  1.35  4.85  3.64  0.75  4.50 -9.94 -4.46 -1.17 -3.73  2.97 -2.35  1.55 
utt>    22                   uk_0023 2834    0  1452 34  3 6 5.303876e-12 -6.562156e+01 -1.859715e+05
INFO: cmn.c(183): CMN: 49.33  3.16  5.25  4.62  3.49  3.88 -10.01 -1.26 -4.25 -0.42  1.05 -0.80  0.54 
utt>    23                   uk_0024 2513    0  1452 32  3 6 5.854325e-12 -6.676236e+01 -1.677738e+05
INFO: cmn.c(183): CMN: 49.27  2.16  4.87  6.77  1.96  2.96 -11.19 -0.48 -2.63 -1.41  3.81 -1.46  1.03 
utt>    24                   uk_0025 2117    0  1252 31  3 6 5.874263e-12 -6.537953e+01 -1.384085e+05
INFO: cmn.c(183): CMN: 50.75  0.74  5.17  7.53  1.03  2.89 -10.47 -0.81 -2.91 -1.83  1.67 -2.19  0.86 
utt>    25                   uk_0026 2540    0  1524 32  3 6 6.056590e-12 -6.627938e+01 -1.683496e+05
INFO: cmn.c(183): CMN: 51.54  0.01  7.24  6.59  1.89  2.51 -10.67 -1.46 -4.67 -0.69  1.67 -2.19  0.98 
utt>    26                   uk_0027 3062    0  1772 32  3 6 5.558800e-12 -6.604457e+01 -2.022285e+05
INFO: cmn.c(183): CMN: 48.17 -0.66  4.75  8.70  1.54  3.30 -10.12 -1.79 -0.89 -0.44  2.64 -0.38  1.30 
utt>    27                   uk_0028 2216    0  1264 31  3 6 6.076432e-12 -6.650838e+01 -1.473826e+05
INFO: cmn.c(183): CMN: 51.81  1.70  3.86  6.54  1.66  2.95 -10.42 -5.24 -1.80 -2.29  2.50 -1.14  0.67 
utt>    28                   uk_0029 2253    0  1240 32  3 6 6.304824e-12 -6.427208e+01 -1.448050e+05
INFO: cmn.c(183): CMN: 51.52  2.55  2.78  6.45  0.06  1.74 -9.85 -3.40 -1.23 -1.29  3.36 -1.71  1.78 
utt>    29                   uk_0030 2395    0  1496 33  3 6 5.399745e-12 -6.543426e+01 -1.567150e+05
INFO: cmn.c(183): CMN: 52.21  1.46  5.14  6.68  1.93  0.27 -10.27 -0.53 -3.18 -0.72  0.34 -1.43  0.73 
utt>    30                   uk_0031 2899    0  1808 31  3 6 5.564406e-12 -6.658026e+01 -1.930162e+05
INFO: cmn.c(183): CMN: 50.97  1.74  5.61  6.29  0.01 -0.93 -9.57 -1.82 -3.44  0.36  0.20  0.35  1.38 
utt>    31                   uk_0032 2492    0  1380 32  3 6 5.932518e-12 -6.593068e+01 -1.642993e+05
INFO: cmn.c(183): CMN: 50.53  1.17  6.89  4.99  3.37  2.70 -10.36 -4.02 -4.85  1.24  0.54  1.69  1.83 
utt>    32                   uk_0033 2969    0  1560 35  3 6 5.301842e-12 -6.604976e+01 -1.961017e+05
INFO: cmn.c(183): CMN: 48.49  1.89  6.60  5.01  3.11  5.40 -8.99 -3.11 -2.27 -0.57  0.23 -0.41  1.35 
utt>    33                   uk_0034 2494    0  1480 31  3 6 5.553151e-12 -6.683488e+01 -1.666862e+05
INFO: cmn.c(183): CMN: 51.65  2.89  5.77  2.40  3.22  4.55 -9.48 -3.88 -4.15 -0.29 -1.72 -0.33  1.84 
utt>    34                   uk_0035 2502    0  1384 30  3 6 5.497420e-12 -6.647815e+01 -1.663283e+05
INFO: cmn.c(183): CMN: 48.94  2.49  6.61  5.04  5.24  6.09 -7.67 -1.06 -2.84  1.51 -0.53  0.00  1.74 
utt>    35                   uk_0036 2908    0  1616 31  3 6 5.727117e-12 -6.735612e+01 -1.958716e+05
INFO: cmn.c(183): CMN: 50.65 -2.45  6.04  7.54  2.89  3.51 -9.83  2.44 -2.86  0.55  1.64 -0.69  0.93 
utt>    36                   uk_0037 2571    0  1424 28  3 6 5.552469e-12 -6.698086e+01 -1.722078e+05
INFO: cmn.c(183): CMN: 48.12 -2.16  7.28  7.78  4.75  2.47 -7.05  1.53 -4.91  0.24  0.06 -0.34 -0.15 
utt>    37                   uk_0038 2465    0  1564 31  3 6 6.099472e-12 -6.880210e+01 -1.695972e+05
INFO: cmn.c(183): CMN: 52.05  2.88  4.64  2.32  3.09  2.35 -9.96 -1.06 -3.79 -0.26  0.50 -0.85  1.08 
ERROR: "backward.c", line 421: Failed to align audio to trancript: final state of the search is not reached
ERROR: "baum_welch.c", line 324: uk_0039 ignored
utt>    38                   uk_0039 3194    0  1808 21 
INFO: cmn.c(183): CMN: 50.18  1.29  5.44  7.31  2.56  4.52 -9.82 -2.03 -2.00 -1.08  0.37 -0.16  0.89 
utt>    39                   uk_0040 2617    0  1556 31  3 6 5.675123e-12 -6.510622e+01 -1.703830e+05
INFO: cmn.c(183): CMN: 51.22  2.98  5.12  3.73  3.32  3.65 -10.20 -2.59 -5.91 -0.48 -1.57 -1.26  0.13 
utt>    40                   uk_0041 2338    0  1300 32  3 6 6.213194e-12 -6.523686e+01 -1.525238e+05
INFO: cmn.c(183): CMN: 49.88  1.55  7.13  5.41  2.70  4.08 -10.71 -4.09 -2.26  0.01 -0.04  0.59  0.83 
utt>    41                   uk_0042 1644    0   876 31  3 6 5.355409e-12 -6.383401e+01 -1.049431e+05
INFO: cmn.c(183): CMN: 52.50  0.72  5.13  5.94  0.94  4.13 -10.16 -3.12 -5.39 -1.71 -1.06 -2.32 -0.17 
utt>    42                   uk_0043 2462    0  1300 31  3 6 6.619962e-12 -6.543348e+01 -1.610972e+05
INFO: cmn.c(183): CMN: 47.11  0.17  4.93  8.31  3.50  4.27 -10.12 -0.95 -2.12 -0.94  2.43 -1.03  0.77 
utt>    43                   uk_0044 2021    0  1212 31  3 6 5.250442e-12 -7.006487e+01 -1.416011e+05
INFO: cmn.c(183): CMN: 48.76  0.64  4.37  6.85  2.09  2.24 -10.34 -1.63 -0.61 -1.92  3.14 -2.21  0.87 
ERROR: "backward.c", line 421: Failed to align audio to trancript: final state of the search is not reached
ERROR: "baum_welch.c", line 324: uk_0045 ignored
utt>    44                   uk_0045 2744    0  1688 16 
INFO: cmn.c(183): CMN: 49.96  0.15  5.43  8.13  1.91  3.66 -11.66  0.87 -3.48 -0.24  2.28 -1.67  1.03 
utt>    45                   uk_0046 2603    0  1496 32  3 6 5.662498e-12 -6.667981e+01 -1.735676e+05
INFO: cmn.c(183): CMN: 50.48  1.28  5.41  6.91  1.46  5.05 -11.46 -1.28 -1.60 -0.93  1.48 -1.17  1.19 
utt>    46                   uk_0047 2784    0  1676 30  3 6 5.765738e-12 -6.644002e+01 -1.849690e+05
INFO: cmn.c(183): CMN: 49.28  1.11  4.38  7.60  3.81  5.28 -11.28 -0.27 -1.89 -0.52  1.71 -1.36  1.79 
utt>    47                   uk_0048 2189    0  1320 30  3 6 5.695830e-12 -6.658584e+01 -1.457564e+05
INFO: cmn.c(183): CMN: 50.16  0.59  6.37  9.28  2.90  3.65 -13.28 -1.53 -3.34 -0.04  2.37 -0.56  1.51 
utt>    48                   uk_0049 2144    0  1288 33  3 6 6.452736e-12 -6.539918e+01 -1.402158e+05
INFO: cmn.c(183): CMN: 48.09  0.23  4.62  6.86  4.42  5.90 -11.56 -2.98 -1.20 -1.31  3.18 -1.08  1.09 
utt>    49                   uk_0050 2041    0  1280 31  3 6 5.596512e-12 -6.609016e+01 -1.348900e+05
INFO: cmn.c(183): CMN: 51.42  2.91  4.26  5.36  1.02  2.15 -11.72 -1.15 -1.23 -2.09  2.84 -2.21  1.30 
utt>    50                   uk_0051 2632    0  1572 33  3 6 5.499920e-12 -6.529006e+01 -1.718435e+05
INFO: cmn.c(183): CMN: 50.37  1.03  6.49  6.16  1.50  2.38 -8.68 -3.18 -2.86 -0.25  1.54 -1.56  1.18 
utt>    51                   uk_0052 2204    0  1380 32  3 6 5.822572e-12 -6.584818e+01 -1.451294e+05
INFO: cmn.c(183): CMN: 52.37  1.36  5.09  7.34  0.03  1.40 -9.46 -1.37 -1.70 -0.02  3.38 -0.71  1.79 
utt>    52                   uk_0053 2650    0  1672 34  3 6 5.577150e-12 -6.567069e+01 -1.740273e+05
INFO: cmn.c(183): CMN: 52.79  2.92  3.71  7.04  2.62  3.56 -11.00 -2.19 -1.76 -1.64  1.97 -0.92  0.96 
utt>    53                   uk_0054 2819    0  1764 33  3 6 6.100229e-12 -6.699294e+01 -1.888531e+05
INFO: cmn.c(183): CMN: 52.90  4.09  2.79  5.35  3.21  4.58 -12.16 -4.39 -1.70 -0.07  0.88 -0.91  1.30 
ERROR: "backward.c", line 421: Failed to align audio to trancript: final state of the search is not reached
ERROR: "baum_welch.c", line 324: uk_0055 ignored
utt>    54                   uk_0055 2528    0  1648 5 
INFO: cmn.c(183): CMN: 50.65  1.35  3.96  6.66  3.69  7.07 -10.33 -4.82  0.49 -1.76  2.41 -0.61  1.86 
utt>    55                   uk_0056 2515    0  1556 32  3 6 6.856213e-12 -6.754804e+01 -1.698833e+05
INFO: cmn.c(183): CMN: 51.40  1.99  6.03  6.47  3.78  7.24 -9.52 -2.47 -2.27 -0.73  0.32 -0.83  1.25 
utt>    56                   uk_0057 2341    0  1384 33  3 6 5.340683e-12 -6.654123e+01 -1.557730e+05
INFO: cmn.c(183): CMN: 49.50  0.99  2.66  4.72  3.10  2.21 -8.74 -1.17 -0.90 -0.06  1.57 -0.84  1.37 
utt>    57                   uk_0058 2069    0  1232 31  3 6 4.867093e-12 -6.677390e+01 -1.381552e+05
INFO: cmn.c(183): CMN: 51.86  1.75  3.04  8.15  1.77  1.69 -10.49 -1.56 -1.66 -0.52  2.07 -2.19  1.62 
utt>    58                   uk_0059 2645    0  1584 35  3 6 5.557652e-12 -6.507857e+01 -1.721328e+05
INFO: cmn.c(183): CMN: 49.70  1.35  4.75  8.63  2.30  2.55 -7.75 -2.53 -2.81 -1.43  2.04 -1.87  1.30 
utt>    59                   uk_0060 2326    0  1524 32  3 6 5.958373e-12 -6.875369e+01 -1.599211e+05
INFO: cmn.c(183): CMN: 50.81  0.16  5.61  6.28  2.02  3.14 -9.53 -2.73 -2.27 -2.50  1.17 -2.27  1.20 
utt>    60                   uk_0061 2225    0  1276 32  3 6 5.667169e-12 -6.503220e+01 -1.446966e+05
INFO: cmn.c(183): CMN: 49.86 -0.14  4.75  6.95  2.74  4.59 -9.37 -4.23 -0.94 -1.07  1.73 -1.41  0.43 
ERROR: "backward.c", line 421: Failed to align audio to trancript: final state of the search is not reached
ERROR: "baum_welch.c", line 324: uk_0062 ignored
utt>    61                   uk_0062 2202    0  1320 15 
INFO: cmn.c(183): CMN: 48.91  2.29  2.78  8.22  3.57  4.21 -11.68 -3.43 -1.84 -1.08  2.84 -1.25  1.65 
utt>    62                   uk_0063 2461    0  1520 35  3 6 5.755487e-12 -6.735983e+01 -1.657725e+05
INFO: cmn.c(183): CMN: 49.60  1.81  3.90  8.51  3.85  2.20 -12.55 -3.85 -1.32 -2.25  1.80 -2.34  0.81 
utt>    63                   uk_0064 1718    0   992 34  3 6 5.728334e-12 -6.549644e+01 -1.125229e+05
INFO: cmn.c(183): CMN: 50.02  2.77  3.15  7.83  3.62  4.04 -11.56 -3.05 -1.50 -2.24  3.03 -2.36  0.93 
utt>    64                   uk_0065 2413    0  1468 34  3 6 5.718793e-12 -6.658184e+01 -1.606620e+05
INFO: cmn.c(183): CMN: 49.00  2.15  6.30  9.62  2.88  0.59 -9.07 -0.90 -2.53 -1.29  1.59 -2.37  1.09 
utt>    65                   uk_0066 3147    0  2016 35  3 6 6.008028e-12 -6.767832e+01 -2.129837e+05
INFO: cmn.c(183): CMN: 49.45  1.57  1.25  7.02  2.60  1.25 -10.41 -0.02 -2.53 -0.64  2.74 -1.95  1.18 
utt>    66                   uk_0067 2593    0  1768 33  3 6 5.915692e-12 -6.835228e+01 -1.772375e+05
INFO: cmn.c(183): CMN: 52.24  2.66  4.12  7.70  3.02  3.78 -12.94  0.74 -4.62 -0.33  2.25 -1.99  0.97 
utt>    67                   uk_0068 2426    0  1364 34  3 6 6.040313e-12 -6.349309e+01 -1.540342e+05
INFO: cmn.c(183): CMN: 51.06  1.74  5.23  6.82  2.82  3.57 -11.90 -3.12 -4.00 -1.28  1.54 -0.99  0.88 
utt>    68                   uk_0069 2546    0  1552 34  3 6 5.844032e-12 -6.674530e+01 -1.699335e+05
INFO: cmn.c(183): CMN: 51.48  2.57  3.66  7.93  2.80  3.33 -12.64 -3.85 -1.57 -1.59  1.88 -0.92  1.55 
utt>    69                   uk_0070 2350    0  1312 33  3 6 6.371926e-12 -6.557915e+01 -1.541110e+05
INFO: cmn.c(183): CMN: 51.87  1.08  5.01  7.16  2.64  4.65 -12.26 -3.87 -0.94 -1.99  2.15 -1.61  0.62 
utt>    70                   uk_0071 2531    0  1488 33  3 6 5.377737e-12 -6.709618e+01 -1.698204e+05
INFO: cmn.c(183): CMN: 50.04  0.16  6.35  4.89  4.58  6.51 -9.76 -3.83 -1.26  0.74  0.91  1.59  0.18 
utt>    71                   uk_0072 1813    0   888 33  3 6 5.563456e-12 -6.405485e+01 -1.161314e+05
INFO: cmn.c(183): CMN: 48.23  0.76  3.43 10.87  1.87  1.37 -11.46 -2.54 -1.76 -0.39  1.59 -1.23  1.36 
utt>    72                   uk_0073 2804    0  1716 34  3 6 6.293626e-12 -6.757437e+01 -1.894785e+05
INFO: cmn.c(183): CMN: 50.32  1.15  5.69  8.47  2.16  1.15 -10.95 -1.47 -1.41 -0.22  3.07 -2.00  1.51 
ERROR: "backward.c", line 421: Failed to align audio to trancript: final state of the search is not reached
ERROR: "baum_welch.c", line 324: uk_0074 ignored
utt>    73                   uk_0074 2672    0  1652 21 
INFO: cmn.c(183): CMN: 51.01  1.05  2.50  7.06  2.42 -1.38 -10.02 -1.65  0.76  0.00  2.92 -2.12  1.99 
utt>    74                   uk_0075 2182    0  1356 33  3 6 5.532802e-12 -6.559397e+01 -1.431261e+05
INFO: cmn.c(183): CMN: 50.62  2.70  4.79  6.60  3.09 -0.94 -11.50 -0.61 -2.17  0.34  1.66 -2.54  1.74 
utt>    75                   uk_0076 2179    0  1232 33  3 6 5.832384e-12 -6.669547e+01 -1.453294e+05
INFO: cmn.c(183): CMN: 51.47  3.29  5.29  3.90  5.39  5.02 -11.07 -2.04 -2.62 -2.05  1.48 -1.34  1.83 
utt>    76                   uk_0077 2364    0  1388 36  3 6 6.221797e-12 -6.711353e+01 -1.586564e+05
INFO: cmn.c(183): CMN: 49.03 -0.21  4.24  3.72  5.32  3.25 -10.80  1.58 -4.54  0.72 -0.04  0.20  0.34 
utt>    77                   uk_0078 2073    0  1144 32  3 6 6.288532e-12 -6.870327e+01 -1.424219e+05
INFO: cmn.c(183): CMN: 49.74 -1.35  6.53  5.16  5.28  4.48 -9.92 -2.09 -4.54  0.14 -0.65  0.01 -0.06 
utt>    78                   uk_0079 2508    0  1364 33  3 6 5.238494e-12 -6.641326e+01 -1.665644e+05
INFO: cmn.c(183): CMN: 48.83 -1.05  5.65  6.01  4.10  3.77 -9.27  0.02 -4.22 -0.28  1.35 -1.22  1.35 
utt>    79                   uk_0080 2117    0  1160 33  3 6 5.987000e-12 -6.584354e+01 -1.393908e+05
INFO: cmn.c(183): CMN: 50.65  0.10  5.08  1.72  4.80  1.34 -7.75  3.33 -4.22  1.93 -0.55 -1.00  1.00 
utt>    80                   uk_0081 1628    0   728 34  3 5 4.884416e-12 -6.390209e+01 -1.040326e+05
INFO: cmn.c(183): CMN: 52.35  1.41  4.99  5.18  2.99  0.21 -10.56 -1.32 -2.54 -0.70  1.13 -2.47  1.41 
utt>    81                   uk_0082 2223    0  1288 33  3 6 6.331623e-12 -6.704737e+01 -1.490463e+05
INFO: cmn.c(183): CMN: 51.91  0.36  5.19  8.85  2.72 -0.51 -6.74 -1.21 -1.58 -3.05  2.33 -3.61  1.47 
utt>    82                   uk_0083 1655    0  1008 35  3 6 5.665021e-12 -6.597333e+01 -1.091859e+05
overall> stats 182812 (-0) -6.632742e+01 -1.212545e+07
WARN: "accum.c", line 642: The following senones never occur in the input data
	36 37 38 132 133 134 
INFO: s3mixw_io.c(233): Wrote /home/yaroslav/model/bwaccumdir/ua_buff_1/mixw_counts [147x4x256 array]
INFO: s3tmat_io.c(176): Wrote /home/yaroslav/model/bwaccumdir/ua_buff_1/tmat_counts [49x3x4 array]
INFO: s3gau_full_io.c(517): Wrote /home/yaroslav/model/bwaccumdir/ua_buff_1/gauden_counts with means with full vars (2pass) [1x4x256 vector/matrix arrays]
INFO: main.c(999): Counts saved to /home/yaroslav/model/bwaccumdir/ua_buff_1
Wed Apr  6 23:29:12 2016
