        INFO: main.c(229): Compiled on Mar 30 2016 at 05:22:39
Current configuration:
[NAME]		[DEFLT]		[VALUE]
-2passvar	no		yes
-abeam		1e-100		1.000000e-90
-accumdir			/home/yaroslav/model/bwaccumdir/ua_buff_1
-agc		none		none
-agcthresh	2.0		2.000000e+00
-bbeam		1e-100		1.000000e-10
-cb2mllrfn	.1cls.		.1cls.
-cepdir				/home/yaroslav/model/feat
-cepext		mfc		mfc
-ceplen		13		13
-ckptintv			0
-cmn		current		current
-cmninit	8.0		8.0
-ctlfn				/home/yaroslav/model/etc/ua_train.fileids
-diagfull	no		yes
-dictfn				/home/yaroslav/model/etc/ua.dic.full
-example	no		no
-fdictfn			/home/yaroslav/model/etc/ua.filler
-feat		1s_c_d_dd	s2_4x
-fullvar	no		yes
-help		no		no
-hmmdir				
-latdir				
-latext				
-lda				
-ldadim		0		0
-lsnfn				/home/yaroslav/model/etc/ua_train.transcription
-lw		11.5		1.150000e+01
-maxuttlen	0		0
-meanfn				/home/yaroslav/model/model_parameters/ua.ci_semi/means
-meanreest	yes		yes
-mixwfn				/home/yaroslav/model/model_parameters/ua.ci_semi/mixture_weights
-mixwreest	yes		yes
-mllrmat			
-mmie		no		no
-mmie_type	rand		rand
-moddeffn			/home/yaroslav/model/model_architecture/ua.ci.mdef
-mwfloor	0.00001		1.000000e-08
-npart				1
-nskip				0
-outphsegdir			
-outputfullpath	no		no
-part				1
-pdumpdir			
-phsegdir			
-phsegext	phseg		phseg
-runlen		-1		-1
-sentdir			
-sentext	sent		sent
-spthresh	0.0		0.000000e+00
-svspec				
-timing		yes		no
-tmatfn				/home/yaroslav/model/model_parameters/ua.ci_semi/transition_matrices
-tmatreest	yes		yes
-topn		4		256
-tpfloor	0.0001		1.000000e-04
-ts2cbfn			.semi.
-varfloor	0.00001		1.000000e-04
-varfn				/home/yaroslav/model/model_parameters/ua.ci_semi/variances
-varnorm	no		yes
-varreest	yes		yes
-viterbi	no		no

INFO: feat.c(715): Initializing feature stream to type: 's2_4x', ceplen=13, CMN='current', VARNORM='yes', AGC='none'
INFO: cmn.c(143): mean[0]= 12.00, mean[1..12]= 0.0
INFO: main.c(318): Reading /home/yaroslav/model/model_architecture/ua.ci.mdef
INFO: model_def_io.c(573): Model definition info:
INFO: model_def_io.c(574): 49 total models defined (49 base, 0 tri)
INFO: model_def_io.c(575): 196 total states
INFO: model_def_io.c(576): 147 total tied states
INFO: model_def_io.c(577): 147 total tied CI states
INFO: model_def_io.c(578): 49 total tied transition matrices
INFO: model_def_io.c(579): 4 max state/model
INFO: model_def_io.c(580): 4 min state/model
INFO: s3mixw_io.c(117): Read /home/yaroslav/model/model_parameters/ua.ci_semi/mixture_weights [147x4x256 array]
INFO: mod_inv.c(408): Failed to norm for 6 mixw: 36 37 38 132 133 134
INFO: s3tmat_io.c(118): Read /home/yaroslav/model/model_parameters/ua.ci_semi/transition_matrices [49x3x4 array]
INFO: mod_inv.c(301): inserting tprob floor 1.000000e-04 and renormalizing
INFO: s3gau_io.c(169): Read /home/yaroslav/model/model_parameters/ua.ci_semi/means [1x4x256 array]
INFO: s3gau_full_io.c(176): Read /home/yaroslav/model/model_parameters/ua.ci_semi/variances [1x4x256 array of full matrices]
INFO: gauden.c(176): 1 total mgau
INFO: gauden.c(150): 4 feature streams (|0|=12 |1|=24 |2|=3 |3|=12 )
INFO: gauden.c(187): 256 total densities
INFO: gauden.c(90): min_var=1.000000e-04
INFO: gauden.c(165): compute 256 densities/frame
INFO: main.c(431): Will reestimate mixing weights.
INFO: main.c(433): Will reestimate means.
INFO: main.c(435): Will reestimate variances.
INFO: main.c(443): Will reestimate transition matrices
INFO: main.c(456): Reading main dictionary: /home/yaroslav/model/etc/ua.dic.full
INFO: lexicon.c(221): 2280 entries added from /home/yaroslav/model/etc/ua.dic.full
INFO: main.c(466): Reading filler dictionary: /home/yaroslav/model/etc/ua.filler
INFO: lexicon.c(221): 3 entries added from /home/yaroslav/model/etc/ua.filler
INFO: corpus.c(1062): Will process all remaining utts starting at 0
INFO: main.c(665): Reestimation: Baum-Welch
INFO: cmn.c(183): CMN: 49.64  1.84  2.56  7.03 -0.41  5.49 -7.63 -2.08  0.44 -2.34  1.88 -1.85  0.32 
column defns
	<seq>
	<id>
	<n_frame_in>
	<n_frame_del>
	<n_state_shmm>
	<avg_states_alpha>
	<avg_states_beta>
	<avg_states_reest>
	<avg_posterior_prune>
	<frame_log_lik>
	<utt_log_lik>
	... timing info ... 
utt>     0                   uk_0001  527    0INFO: cvt2triphone.c(199): no multiphones defined, no conversion done
   296 24  2 5 5.173223e-12 -6.658188e+01 -3.508865e+04
INFO: cmn.c(183): CMN: 42.72 -3.31  9.67  7.30  3.67  5.14 -6.64 -3.87 -0.83 -2.12  2.30  0.17  0.84 
utt>     1                   uk_0002  572    0   332 28  2 5 6.078313e-12 -6.974695e+01 -3.989525e+04
INFO: cmn.c(183): CMN: 44.91 -0.26  4.36  4.14  1.83  4.27 -8.29 -2.97  0.79 -0.88  2.99 -0.30  1.74 
utt>     2                   uk_0003 1941    0  1012 30  2 5 4.700764e-12 -6.588435e+01 -1.278815e+05
INFO: cmn.c(183): CMN: 46.43 -1.02  6.22  4.80  3.35  4.13 -9.34 -2.41 -0.57 -1.91  2.49 -0.79  1.33 
utt>     3                   uk_0004 1824    0   988 27  2 5 5.097462e-12 -6.734596e+01 -1.228390e+05
INFO: cmn.c(183): CMN: 49.67 -0.19 10.00  3.74  3.32  4.87 -5.97 -2.19 -3.88  0.20 -1.38  0.53  0.54 
utt>     4                   uk_0005 2035    0  1164 31  3 6 6.270317e-12 -6.665738e+01 -1.356478e+05
INFO: cmn.c(183): CMN: 50.73  0.28  4.06  3.14  2.43  2.14 -8.94  0.11 -3.53 -0.50 -0.71 -0.90  0.40 
utt>     5                   uk_0006 2331    0  1404 28  2 5 5.283368e-12 -6.712357e+01 -1.564650e+05
INFO: cmn.c(183): CMN: 49.92  3.12  4.95  1.30  3.37  2.86 -10.97 -1.33 -4.76  0.08  0.08 -0.11  0.43 
utt>     6                   uk_0007 2586    0  1476 30  3 6 5.644857e-12 -6.720751e+01 -1.737986e+05
INFO: cmn.c(183): CMN: 49.73  0.68  6.42  5.78  0.97  2.53 -8.07  1.07 -3.91  0.83  0.81 -0.11  0.50 
utt>     7                   uk_0008 2575    0  1544 27  3 6 5.169733e-12 -6.559255e+01 -1.689008e+05
INFO: cmn.c(183): CMN: 51.81  2.18  5.40  5.51  0.28 -0.87 -9.17  0.56 -3.80 -0.56  0.61 -1.91  0.08 
utt>     8                   uk_0009 2300    0  1436 28  3 6 5.854828e-12 -6.812405e+01 -1.566853e+05
INFO: cmn.c(183): CMN: 50.29  0.38  7.53  6.93  0.52  1.76 -9.33 -0.27 -2.61 -0.91  0.87 -0.96  0.70 
utt>     9                   uk_0010 3080    0  1808 28  2 5 5.312668e-12 -6.669809e+01 -2.054301e+05
INFO: cmn.c(183): CMN: 50.69  2.52  6.29  3.26  2.36  4.97 -9.06 -2.54 -2.54 -1.50  2.09 -1.40  1.75 
utt>    10                   uk_0011 3051    0  1776 30  3 5 5.401693e-12 -6.685592e+01 -2.039774e+05
INFO: cmn.c(183): CMN: 49.64 -0.37  7.17  8.02  2.83  5.13 -8.81 -3.48 -0.04 -2.12  2.49 -0.67  1.32 
utt>    11                   uk_0012 2150    0  1160 28  2 5 4.915557e-12 -6.538898e+01 -1.405863e+05
INFO: cmn.c(183): CMN: 51.61  2.30  5.58  3.91  1.47  4.86 -7.50 -3.67 -3.10 -0.77 -0.07  0.04  1.91 
utt>    12                   uk_0013 3400    0  1888 30  3 5 4.951116e-12 -6.508134e+01 -2.212766e+05
INFO: cmn.c(183): CMN: 51.42  0.75  2.61  1.13  2.49  2.03 -8.98 -1.71 -0.37 -0.06  2.32  0.30  1.89 
utt>    13                   uk_0014 2764    0  1356 32  2 5 5.110247e-12 -6.414945e+01 -1.773091e+05
INFO: cmn.c(183): CMN: 50.85 -0.36  4.99  5.45  0.82  4.62 -7.69 -1.55 -0.33  1.42  3.50  0.46  1.25 
utt>    14                   uk_0015 2919    0  1408 33  2 5 5.274535e-12 -6.599043e+01 -1.926261e+05
INFO: cmn.c(183): CMN: 49.75  0.92  4.20  3.57  2.08  4.28 -7.94 -3.66 -0.77 -1.59  1.63 -1.41  1.43 
utt>    15                   uk_0016 2011    0  1056 30  2 5 4.922281e-12 -6.454087e+01 -1.297917e+05
INFO: cmn.c(183): CMN: 50.39  0.44  5.73  5.32  0.68  4.35 -9.75 -4.23 -3.66 -1.86  0.31 -1.19  0.64 
utt>    16                   uk_0017 2373    0  1348 28  2 5 4.736274e-12 -6.577963e+01 -1.560951e+05
INFO: cmn.c(183): CMN: 46.39  1.02  3.06  4.59  2.01  1.57 -10.84 -2.87 -0.22  0.74  3.86 -0.79  2.34 
utt>    17                   uk_0018 1266    0   616 30  2 5 4.646473e-12 -6.331445e+01 -8.015609e+04
INFO: cmn.c(183): CMN: 50.33  1.30  5.85  5.80  0.90  1.79 -8.77 -4.85 -1.46 -2.33  2.38 -2.26  0.55 
utt>    18                   uk_0019 2143    0  1144 29  3 5 4.645321e-12 -6.523298e+01 -1.397943e+05
INFO: cmn.c(183): CMN: 50.03  0.35  8.10  5.34  3.45  4.35 -6.29 -3.61 -3.88 -0.94  0.49 -0.05  0.85 
utt>    19                   uk_0020 2317    0  1276 29  3 5 4.795941e-12 -6.613987e+01 -1.532461e+05
INFO: cmn.c(183): CMN: 50.16  0.29  5.72  4.09  3.42  4.30 -6.27 -3.15 -0.80 -0.85  0.17 -0.11  0.76 
utt>    20                   uk_0021 2900    0  1476 30  2 5 4.692254e-12 -6.585963e+01 -1.909929e+05
INFO: cmn.c(183): CMN: 49.11  1.60  3.12  5.04  2.00  1.02 -9.32 -3.22 -1.23 -0.89  2.79 -1.81  1.12 
utt>    21                   uk_0022 1517    0   788 29  2 5 4.972005e-12 -6.346293e+01 -9.627327e+04
INFO: cmn.c(183): CMN: 51.34  1.35  4.85  3.64  0.75  4.50 -9.94 -4.46 -1.17 -3.73  2.97 -2.35  1.55 
utt>    22                   uk_0023 2834    0  1452 31  2 5 5.367042e-12 -6.532357e+01 -1.851270e+05
INFO: cmn.c(183): CMN: 49.33  3.16  5.25  4.62  3.49  3.88 -10.01 -1.26 -4.25 -0.42  1.05 -0.80  0.54 
utt>    23                   uk_0024 2513    0  1452 29  3 6 5.451520e-12 -6.647291e+01 -1.670464e+05
INFO: cmn.c(183): CMN: 49.27  2.16  4.87  6.77  1.96  2.96 -11.19 -0.48 -2.63 -1.41  3.81 -1.46  1.03 
utt>    24                   uk_0025 2117    0  1252 28  3 6 5.779298e-12 -6.505483e+01 -1.377211e+05
INFO: cmn.c(183): CMN: 50.75  0.74  5.17  7.53  1.03  2.89 -10.47 -0.81 -2.91 -1.83  1.67 -2.19  0.86 
utt>    25                   uk_0026 2540    0  1524 29  3 6 5.494604e-12 -6.598083e+01 -1.675913e+05
INFO: cmn.c(183): CMN: 51.54  0.01  7.24  6.59  1.89  2.51 -10.67 -1.46 -4.67 -0.69  1.67 -2.19  0.98 
utt>    26                   uk_0027 3062    0  1772 29  3 6 5.431840e-12 -6.570791e+01 -2.011976e+05
INFO: cmn.c(183): CMN: 48.17 -0.66  4.75  8.70  1.54  3.30 -10.12 -1.79 -0.89 -0.44  2.64 -0.38  1.30 
utt>    27                   uk_0028 2216    0  1264 28  3 6 5.726216e-12 -6.620439e+01 -1.467089e+05
INFO: cmn.c(183): CMN: 51.81  1.70  3.86  6.54  1.66  2.95 -10.42 -5.24 -1.80 -2.29  2.50 -1.14  0.67 
utt>    28                   uk_0029 2253    0  1240 29  3 6 5.223780e-12 -6.392402e+01 -1.440208e+05
INFO: cmn.c(183): CMN: 51.52  2.55  2.78  6.45  0.06  1.74 -9.85 -3.40 -1.23 -1.29  3.36 -1.71  1.78 
utt>    29                   uk_0030 2395    0  1496 30  3 6 4.824112e-12 -6.514234e+01 -1.560159e+05
INFO: cmn.c(183): CMN: 52.21  1.46  5.14  6.68  1.93  0.27 -10.27 -0.53 -3.18 -0.72  0.34 -1.43  0.73 
utt>    30                   uk_0031 2899    0  1808 29  3 6 5.575338e-12 -6.629137e+01 -1.921787e+05
INFO: cmn.c(183): CMN: 50.97  1.74  5.61  6.29  0.01 -0.93 -9.57 -1.82 -3.44  0.36  0.20  0.35  1.38 
utt>    31                   uk_0032 2492    0  1380 29  3 6 5.694682e-12 -6.562843e+01 -1.635460e+05
INFO: cmn.c(183): CMN: 50.53  1.17  6.89  4.99  3.37  2.70 -10.36 -4.02 -4.85  1.24  0.54  1.69  1.83 
utt>    32                   uk_0033 2969    0  1560 32  3 6 5.366011e-12 -6.576149e+01 -1.952459e+05
INFO: cmn.c(183): CMN: 48.49  1.89  6.60  5.01  3.11  5.40 -8.99 -3.11 -2.27 -0.57  0.23 -0.41  1.35 
utt>    33                   uk_0034 2494    0  1480 28  3 6 5.045245e-12 -6.653462e+01 -1.659373e+05
INFO: cmn.c(183): CMN: 51.65  2.89  5.77  2.40  3.22  4.55 -9.48 -3.88 -4.15 -0.29 -1.72 -0.33  1.84 
utt>    34                   uk_0035 2502    0  1384 28  3 6 4.919643e-12 -6.615006e+01 -1.655075e+05
INFO: cmn.c(183): CMN: 48.94  2.49  6.61  5.04  5.24  6.09 -7.67 -1.06 -2.84  1.51 -0.53  0.00  1.74 
utt>    35                   uk_0036 2908    0  1616 28  2 5 5.369924e-12 -6.702812e+01 -1.949178e+05
INFO: cmn.c(183): CMN: 50.65 -2.45  6.04  7.54  2.89  3.51 -9.83  2.44 -2.86  0.55  1.64 -0.69  0.93 
utt>    36                   uk_0037 2571    0  1424 26  2 5 4.704923e-12 -6.667112e+01 -1.714114e+05
INFO: cmn.c(183): CMN: 48.12 -2.16  7.28  7.78  4.75  2.47 -7.05  1.53 -4.91  0.24  0.06 -0.34 -0.15 
utt>    37                   uk_0038 2465    0  1564 28  3 6 5.714358e-12 -6.849720e+01 -1.688456e+05
INFO: cmn.c(183): CMN: 52.05  2.88  4.64  2.32  3.09  2.35 -9.96 -1.06 -3.79 -0.26  0.50 -0.85  1.08 
ERROR: "backward.c", line 421: Failed to align audio to trancript: final state of the search is not reached
ERROR: "baum_welch.c", line 324: uk_0039 ignored
utt>    38                   uk_0039 3194    0  1808 19 
INFO: cmn.c(183): CMN: 50.18  1.29  5.44  7.31  2.56  4.52 -9.82 -2.03 -2.00 -1.08  0.37 -0.16  0.89 
utt>    39                   uk_0040 2617    0  1556 28  3 6 4.888703e-12 -6.477961e+01 -1.695283e+05
INFO: cmn.c(183): CMN: 51.22  2.98  5.12  3.73  3.32  3.65 -10.20 -2.59 -5.91 -0.48 -1.57 -1.26  0.13 
utt>    40                   uk_0041 2338    0  1300 29  3 6 5.299721e-12 -6.488293e+01 -1.516963e+05
INFO: cmn.c(183): CMN: 49.88  1.55  7.13  5.41  2.70  4.08 -10.71 -4.09 -2.26  0.01 -0.04  0.59  0.83 
utt>    41                   uk_0042 1644    0   876 28  3 6 5.737607e-12 -6.352527e+01 -1.044355e+05
INFO: cmn.c(183): CMN: 52.50  0.72  5.13  5.94  0.94  4.13 -10.16 -3.12 -5.39 -1.71 -1.06 -2.32 -0.17 
utt>    42                   uk_0043 2462    0  1300 28  3 6 4.711646e-12 -6.511687e+01 -1.603177e+05
INFO: cmn.c(183): CMN: 47.11  0.17  4.93  8.31  3.50  4.27 -10.12 -0.95 -2.12 -0.94  2.43 -1.03  0.77 
utt>    43                   uk_0044 2021    0  1212 29  3 6 5.427524e-12 -6.998272e+01 -1.414351e+05
INFO: cmn.c(183): CMN: 48.76  0.64  4.37  6.85  2.09  2.24 -10.34 -1.63 -0.61 -1.92  3.14 -2.21  0.87 
ERROR: "backward.c", line 421: Failed to align audio to trancript: final state of the search is not reached
ERROR: "baum_welch.c", line 324: uk_0045 ignored
utt>    44                   uk_0045 2744    0  1688 15 
INFO: cmn.c(183): CMN: 49.96  0.15  5.43  8.13  1.91  3.66 -11.66  0.87 -3.48 -0.24  2.28 -1.67  1.03 
utt>    45                   uk_0046 2603    0  1496 30  2 5 5.413412e-12 -6.639738e+01 -1.728324e+05
INFO: cmn.c(183): CMN: 50.48  1.28  5.41  6.91  1.46  5.05 -11.46 -1.28 -1.60 -0.93  1.48 -1.17  1.19 
utt>    46                   uk_0047 2784    0  1676 28  3 6 5.065181e-12 -6.616539e+01 -1.842044e+05
INFO: cmn.c(183): CMN: 49.28  1.11  4.38  7.60  3.81  5.28 -11.28 -0.27 -1.89 -0.52  1.71 -1.36  1.79 
utt>    47                   uk_0048 2189    0  1320 27  3 5 5.326409e-12 -6.630964e+01 -1.451518e+05
INFO: cmn.c(183): CMN: 50.16  0.59  6.37  9.28  2.90  3.65 -13.28 -1.53 -3.34 -0.04  2.37 -0.56  1.51 
utt>    48                   uk_0049 2144    0  1288 30  3 6 6.107109e-12 -6.509568e+01 -1.395651e+05
INFO: cmn.c(183): CMN: 48.09  0.23  4.62  6.86  4.42  5.90 -11.56 -2.98 -1.20 -1.31  3.18 -1.08  1.09 
utt>    49                   uk_0050 2041    0  1280 28  3 6 5.375690e-12 -6.580766e+01 -1.343134e+05
INFO: cmn.c(183): CMN: 51.42  2.91  4.26  5.36  1.02  2.15 -11.72 -1.15 -1.23 -2.09  2.84 -2.21  1.30 
utt>    50                   uk_0051 2632    0  1572 30  3 6 5.778288e-12 -6.498550e+01 -1.710418e+05
INFO: cmn.c(183): CMN: 50.37  1.03  6.49  6.16  1.50  2.38 -8.68 -3.18 -2.86 -0.25  1.54 -1.56  1.18 
utt>    51                   uk_0052 2204    0  1380 29  3 6 5.796885e-12 -6.553705e+01 -1.444437e+05
INFO: cmn.c(183): CMN: 52.37  1.36  5.09  7.34  0.03  1.40 -9.46 -1.37 -1.70 -0.02  3.38 -0.71  1.79 
utt>    52                   uk_0053 2650    0  1672 31  3 6 5.051079e-12 -6.538077e+01 -1.732590e+05
INFO: cmn.c(183): CMN: 52.79  2.92  3.71  7.04  2.62  3.56 -11.00 -2.19 -1.76 -1.64  1.97 -0.92  0.96 
utt>    53                   uk_0054 2819    0  1764 30  3 6 5.848302e-12 -6.670886e+01 -1.880523e+05
INFO: cmn.c(183): CMN: 52.90  4.09  2.79  5.35  3.21  4.58 -12.16 -4.39 -1.70 -0.07  0.88 -0.91  1.30 
ERROR: "backward.c", line 421: Failed to align audio to trancript: final state of the search is not reached
ERROR: "baum_welch.c", line 324: uk_0055 ignored
utt>    54                   uk_0055 2528    0  1648 5 
INFO: cmn.c(183): CMN: 50.65  1.35  3.96  6.66  3.69  7.07 -10.33 -4.82  0.49 -1.76  2.41 -0.61  1.86 
utt>    55                   uk_0056 2515    0  1556 30  3 6 5.951790e-12 -6.729223e+01 -1.692400e+05
INFO: cmn.c(183): CMN: 51.40  1.99  6.03  6.47  3.78  7.24 -9.52 -2.47 -2.27 -0.73  0.32 -0.83  1.25 
utt>    56                   uk_0057 2341    0  1384 30  3 6 4.942474e-12 -6.626522e+01 -1.551269e+05
INFO: cmn.c(183): CMN: 49.50  0.99  2.66  4.72  3.10  2.21 -8.74 -1.17 -0.90 -0.06  1.57 -0.84  1.37 
utt>    57                   uk_0058 2069    0  1232 28  3 6 5.555426e-12 -6.649518e+01 -1.375785e+05
INFO: cmn.c(183): CMN: 51.86  1.75  3.04  8.15  1.77  1.69 -10.49 -1.56 -1.66 -0.52  2.07 -2.19  1.62 
utt>    58                   uk_0059 2645    0  1584 32  3 6 5.291223e-12 -6.481368e+01 -1.714322e+05
INFO: cmn.c(183): CMN: 49.70  1.35  4.75  8.63  2.30  2.55 -7.75 -2.53 -2.81 -1.43  2.04 -1.87  1.30 
utt>    59                   uk_0060 2326    0  1524 29  3 6 5.609770e-12 -6.850200e+01 -1.593357e+05
INFO: cmn.c(183): CMN: 50.81  0.16  5.61  6.28  2.02  3.14 -9.53 -2.73 -2.27 -2.50  1.17 -2.27  1.20 
utt>    60                   uk_0061 2225    0  1276 30  3 6 5.829568e-12 -6.475649e+01 -1.440832e+05
INFO: cmn.c(183): CMN: 49.86 -0.14  4.75  6.95  2.74  4.59 -9.37 -4.23 -0.94 -1.07  1.73 -1.41  0.43 
ERROR: "backward.c", line 421: Failed to align audio to trancript: final state of the search is not reached
ERROR: "baum_welch.c", line 324: uk_0062 ignored
utt>    61                   uk_0062 2202    0  1320 12 
INFO: cmn.c(183): CMN: 48.91  2.29  2.78  8.22  3.57  4.21 -11.68 -3.43 -1.84 -1.08  2.84 -1.25  1.65 
utt>    62                   uk_0063 2461    0  1520 32  3 6 5.642690e-12 -6.710208e+01 -1.651382e+05
INFO: cmn.c(183): CMN: 49.60  1.81  3.90  8.51  3.85  2.20 -12.55 -3.85 -1.32 -2.25  1.80 -2.34  0.81 
utt>    63                   uk_0064 1718    0   992 31  2 5 5.573039e-12 -6.526160e+01 -1.121194e+05
INFO: cmn.c(183): CMN: 50.02  2.77  3.15  7.83  3.62  4.04 -11.56 -3.05 -1.50 -2.24  3.03 -2.36  0.93 
utt>    64                   uk_0065 2413    0  1468 31  3 6 5.654294e-12 -6.633137e+01 -1.600576e+05
INFO: cmn.c(183): CMN: 49.00  2.15  6.30  9.62  2.88  0.59 -9.07 -0.90 -2.53 -1.29  1.59 -2.37  1.09 
utt>    65                   uk_0066 3147    0  2016 31  3 6 5.834500e-12 -6.746444e+01 -2.123106e+05
INFO: cmn.c(183): CMN: 49.45  1.57  1.25  7.02  2.60  1.25 -10.41 -0.02 -2.53 -0.64  2.74 -1.95  1.18 
utt>    66                   uk_0067 2593    0  1768 30  3 6 5.580915e-12 -6.814276e+01 -1.766942e+05
INFO: cmn.c(183): CMN: 52.24  2.66  4.12  7.70  3.02  3.78 -12.94  0.74 -4.62 -0.33  2.25 -1.99  0.97 
utt>    67                   uk_0068 2426    0  1364 31  3 6 5.659279e-12 -6.319005e+01 -1.532991e+05
INFO: cmn.c(183): CMN: 51.06  1.74  5.23  6.82  2.82  3.57 -11.90 -3.12 -4.00 -1.28  1.54 -0.99  0.88 
utt>    68                   uk_0069 2546    0  1552 31  3 6 5.314100e-12 -6.648047e+01 -1.692593e+05
INFO: cmn.c(183): CMN: 51.48  2.57  3.66  7.93  2.80  3.33 -12.64 -3.85 -1.57 -1.59  1.88 -0.92  1.55 
utt>    69                   uk_0070 2350    0  1312 30  3 5 5.004840e-12 -6.528245e+01 -1.534138e+05
INFO: cmn.c(183): CMN: 51.87  1.08  5.01  7.16  2.64  4.65 -12.26 -3.87 -0.94 -1.99  2.15 -1.61  0.62 
utt>    70                   uk_0071 2531    0  1488 30  3 5 4.751592e-12 -6.681598e+01 -1.691112e+05
INFO: cmn.c(183): CMN: 50.04  0.16  6.35  4.89  4.58  6.51 -9.76 -3.83 -1.26  0.74  0.91  1.59  0.18 
utt>    71                   uk_0072 1813    0   888 30  2 5 4.850777e-12 -6.378113e+01 -1.156352e+05
INFO: cmn.c(183): CMN: 48.23  0.76  3.43 10.87  1.87  1.37 -11.46 -2.54 -1.76 -0.39  1.59 -1.23  1.36 
utt>    72                   uk_0073 2804    0  1716 31  3 6 5.113198e-12 -6.734470e+01 -1.888346e+05
INFO: cmn.c(183): CMN: 50.32  1.15  5.69  8.47  2.16  1.15 -10.95 -1.47 -1.41 -0.22  3.07 -2.00  1.51 
ERROR: "backward.c", line 421: Failed to align audio to trancript: final state of the search is not reached
ERROR: "baum_welch.c", line 324: uk_0074 ignored
utt>    73                   uk_0074 2672    0  1652 19 
INFO: cmn.c(183): CMN: 51.01  1.05  2.50  7.06  2.42 -1.38 -10.02 -1.65  0.76  0.00  2.92 -2.12  1.99 
utt>    74                   uk_0075 2182    0  1356 30  3 6 5.727718e-12 -6.530746e+01 -1.425009e+05
INFO: cmn.c(183): CMN: 50.62  2.70  4.79  6.60  3.09 -0.94 -11.50 -0.61 -2.17  0.34  1.66 -2.54  1.74 
utt>    75                   uk_0076 2179    0  1232 30  3 6 5.256225e-12 -6.644118e+01 -1.447753e+05
INFO: cmn.c(183): CMN: 51.47  3.29  5.29  3.90  5.39  5.02 -11.07 -2.04 -2.62 -2.05  1.48 -1.34  1.83 
utt>    76                   uk_0077 2364    0  1388 32  3 6 5.795620e-12 -6.687122e+01 -1.580836e+05
INFO: cmn.c(183): CMN: 49.03 -0.21  4.24  3.72  5.32  3.25 -10.80  1.58 -4.54  0.72 -0.04  0.20  0.34 
utt>    77                   uk_0078 2073    0  1144 29  2 5 5.271934e-12 -6.845659e+01 -1.419105e+05
INFO: cmn.c(183): CMN: 49.74 -1.35  6.53  5.16  5.28  4.48 -9.92 -2.09 -4.54  0.14 -0.65  0.01 -0.06 
utt>    78                   uk_0079 2508    0  1364 30  3 6 5.382473e-12 -6.613600e+01 -1.658691e+05
INFO: cmn.c(183): CMN: 48.83 -1.05  5.65  6.01  4.10  3.77 -9.27  0.02 -4.22 -0.28  1.35 -1.22  1.35 
utt>    79                   uk_0080 2117    0  1160 30  2 5 5.487068e-12 -6.553031e+01 -1.387277e+05
INFO: cmn.c(183): CMN: 50.65  0.10  5.08  1.72  4.80  1.34 -7.75  3.33 -4.22  1.93 -0.55 -1.00  1.00 
utt>    80                   uk_0081 1628    0   728 30  2 5 4.586163e-12 -6.365516e+01 -1.036306e+05
INFO: cmn.c(183): CMN: 52.35  1.41  4.99  5.18  2.99  0.21 -10.56 -1.32 -2.54 -0.70  1.13 -2.47  1.41 
utt>    81                   uk_0082 2223    0  1288 30  3 6 5.592886e-12 -6.673742e+01 -1.483573e+05
INFO: cmn.c(183): CMN: 51.91  0.36  5.19  8.85  2.72 -0.51 -6.74 -1.21 -1.58 -3.05  2.33 -3.61  1.47 
utt>    82                   uk_0083 1655    0  1008 31  3 6 6.166733e-12 -6.568707e+01 -1.087121e+05
overall> stats 182812 (-0) -6.604211e+01 -1.207329e+07
WARN: "accum.c", line 642: The following senones never occur in the input data
	36 37 38 132 133 134 
INFO: s3mixw_io.c(233): Wrote /home/yaroslav/model/bwaccumdir/ua_buff_1/mixw_counts [147x4x256 array]
INFO: s3tmat_io.c(176): Wrote /home/yaroslav/model/bwaccumdir/ua_buff_1/tmat_counts [49x3x4 array]
INFO: s3gau_full_io.c(517): Wrote /home/yaroslav/model/bwaccumdir/ua_buff_1/gauden_counts with means with full vars (2pass) [1x4x256 vector/matrix arrays]
INFO: main.c(999): Counts saved to /home/yaroslav/model/bwaccumdir/ua_buff_1
Wed Apr  6 23:38:07 2016
