Current configuration:
[NAME]		[DEFLT]	[VALUE]
-accumdirs		/home/yaroslav/model/bwaccumdir/ua_buff_2,/home/yaroslav/model/bwaccumdir/ua_buff_1,
-cilambda	0.9	9.000000e-01
-example	no	no
-help		no	no
-maxiter	100	4000
-mixwfn			/home/yaroslav/model/model_parameters/ua.cd_semi_1000_delinterp/mixture_weights
-moddeffn		/home/yaroslav/model/model_architecture/ua.1000.mdef

INFO: model_def_io.c(573): Model definition info:
INFO: model_def_io.c(574): 30170 total models defined (49 base, 30121 tri)
INFO: model_def_io.c(575): 120680 total states
INFO: model_def_io.c(576): 1147 total tied states
INFO: model_def_io.c(577): 147 total tied CI states
INFO: model_def_io.c(578): 49 total tied transition matrices
INFO: model_def_io.c(579): 4 max state/model
INFO: model_def_io.c(580): 4 min state/model
INFO: main.c(474): Reading /home/yaroslav/model/bwaccumdir/ua_buff_2/mixw_counts
INFO: s3mixw_io.c(117): Read /home/yaroslav/model/bwaccumdir/ua_buff_2/mixw_counts [1147x4x256 array]
INFO: main.c(474): Reading /home/yaroslav/model/bwaccumdir/ua_buff_1/mixw_counts
INFO: s3mixw_io.c(117): Read /home/yaroslav/model/bwaccumdir/ua_buff_1/mixw_counts [1147x4x256 array]
WARN: "main.c", line 220: Tied state 36 never observed in the training corpus
WARN: "main.c", line 220: Tied state 37 never observed in the training corpus
WARN: "main.c", line 220: Tied state 38 never observed in the training corpus
WARN: "main.c", line 220: Tied state 42 never observed in the training corpus
WARN: "main.c", line 220: Tied state 43 never observed in the training corpus
WARN: "main.c", line 220: Tied state 44 never observed in the training corpus
WARN: "main.c", line 220: Tied state 132 never observed in the training corpus
WARN: "main.c", line 220: Tied state 133 never observed in the training corpus
WARN: "main.c", line 220: Tied state 134 never observed in the training corpus
WARN: "main.c", line 220: Tied state 141 never observed in the training corpus
WARN: "main.c", line 220: Tied state 142 never observed in the training corpus
WARN: "main.c", line 220: Tied state 143 never observed in the training corpus
WARN: "main.c", line 220: Tied state 385 never observed in the training corpus
WARN: "main.c", line 220: Tied state 386 never observed in the training corpus
WARN: "main.c", line 220: Tied state 387 never observed in the training corpus
WARN: "main.c", line 220: Tied state 407 never observed in the training corpus
WARN: "main.c", line 220: Tied state 408 never observed in the training corpus
WARN: "main.c", line 220: Tied state 409 never observed in the training corpus
WARN: "main.c", line 220: Tied state 1106 never observed in the training corpus
WARN: "main.c", line 220: Tied state 1107 never observed in the training corpus
WARN: "main.c", line 220: Tied state 1108 never observed in the training corpus
WARN: "main.c", line 220: Tied state 1141 never observed in the training corpus
WARN: "main.c", line 220: Tied state 1142 never observed in the training corpus
WARN: "main.c", line 220: Tied state 1143 never observed in the training corpus
INFO: main.c(261): Interpolating 1000 CD states
INFO: main.c(262): 4 states max/model
INFO: main.c(392): 0:6:1000
INFO: main.c(392): 1:12:1000
INFO: main.c(392): 2:12:1000
INFO: main.c(392): 3:12:1000
INFO: main.c(392): 4:12:1000
INFO: main.c(392): 5:16:1000
INFO: main.c(392): 6:21:1000
INFO: main.c(392): 7:29:1000
INFO: main.c(392): 8:38:1000
INFO: main.c(392): 9:43:1000
INFO: main.c(392): 10:54:1000
INFO: main.c(392): 11:67:1000
INFO: main.c(392): 12:83:1000
INFO: main.c(392): 13:108:1000
INFO: main.c(392): 14:148:1000
INFO: main.c(392): 15:181:1000
INFO: main.c(392): 16:236:1000
INFO: main.c(392): 17:295:1000
INFO: main.c(392): 18:354:1000
INFO: main.c(392): 19:393:1000
INFO: main.c(392): 20:435:1000
INFO: main.c(392): 21:488:1000
INFO: main.c(392): 22:546:1000
INFO: main.c(392): 23:598:1000
INFO: main.c(392): 24:639:1000
INFO: main.c(392): 25:666:1000
INFO: main.c(392): 26:700:1000
INFO: main.c(392): 27:730:1000
INFO: main.c(392): 28:752:1000
INFO: main.c(392): 29:772:1000
INFO: main.c(392): 30:794:1000
INFO: main.c(392): 31:822:1000
INFO: main.c(392): 32:841:1000
INFO: main.c(392): 33:856:1000
INFO: main.c(392): 34:869:1000
INFO: main.c(392): 35:890:1000
INFO: main.c(392): 36:898:1000
INFO: main.c(392): 37:907:1000
INFO: main.c(392): 38:912:1000
INFO: main.c(392): 39:919:1000
INFO: main.c(392): 40:923:1000
INFO: main.c(392): 41:930:1000
INFO: main.c(392): 42:938:1000
INFO: main.c(392): 43:946:1000
INFO: main.c(392): 44:950:1000
INFO: main.c(392): 45:956:1000
INFO: main.c(392): 46:961:1000
INFO: main.c(392): 47:963:1000
INFO: main.c(392): 48:966:1000
INFO: main.c(392): 49:968:1000
INFO: main.c(392): 50:970:1000
INFO: main.c(392): 51:973:1000
INFO: main.c(392): 52:975:1000
INFO: main.c(392): 53:977:1000
INFO: main.c(392): 54:978:1000
INFO: main.c(392): 55:980:1000
INFO: main.c(392): 56:982:1000
INFO: main.c(392): 57:982:1000
INFO: main.c(392): 58:982:1000
INFO: main.c(392): 59:984:1000
INFO: main.c(392): 60:984:1000
INFO: main.c(392): 61:985:1000
INFO: main.c(392): 62:985:1000
INFO: main.c(392): 63:986:1000
INFO: main.c(392): 64:986:1000
INFO: main.c(392): 65:987:1000
INFO: main.c(392): 66:987:1000
INFO: main.c(392): 67:989:1000
INFO: main.c(392): 68:989:1000
INFO: main.c(392): 69:989:1000
INFO: main.c(392): 70:989:1000
INFO: main.c(392): 71:990:1000
INFO: main.c(392): 72:990:1000
INFO: main.c(392): 73:990:1000
INFO: main.c(392): 74:991:1000
INFO: main.c(392): 75:993:1000
INFO: main.c(392): 76:993:1000
INFO: main.c(392): 77:993:1000
INFO: main.c(392): 78:994:1000
INFO: main.c(392): 79:995:1000
INFO: main.c(392): 80:995:1000
INFO: main.c(392): 81:995:1000
INFO: main.c(392): 82:995:1000
INFO: main.c(392): 83:996:1000
INFO: main.c(392): 84:996:1000
INFO: main.c(392): 85:997:1000
INFO: main.c(392): 86:998:1000
INFO: main.c(392): 87:998:1000
INFO: main.c(392): 88:998:1000
INFO: main.c(392): 89:998:1000
INFO: main.c(392): 90:998:1000
INFO: main.c(392): 91:998:1000
INFO: main.c(392): 92:998:1000
INFO: main.c(392): 93:998:1000
INFO: main.c(392): 94:998:1000
INFO: main.c(392): 95:999:1000
INFO: main.c(392): 96:999:1000
INFO: main.c(392): 97:999:1000
INFO: main.c(392): 98:999:1000
INFO: main.c(392): 99:999:1000
INFO: main.c(392): 100:999:1000
INFO: main.c(392): 101:999:1000
INFO: main.c(392): 102:999:1000
INFO: main.c(392): 103:999:1000
INFO: main.c(392): 104:999:1000
INFO: main.c(392): 105:999:1000
INFO: main.c(392): 106:999:1000
INFO: main.c(392): 107:999:1000
INFO: main.c(392): 108:999:1000
INFO: main.c(392): 109:999:1000
INFO: main.c(392): 110:999:1000
INFO: main.c(392): 111:999:1000
INFO: main.c(392): 112:999:1000
INFO: main.c(392): 113:1000:1000
SUMMARY

 State  Count A   Count B    Total    CD    CI    UNI   Cnv
------ --------- --------- --------- ----- ----- ------ ---
   147 1.563e+02 6.544e+01 2.217e+02 0.953 0.004 0.044 y
   148 1.094e+02 7.440e+01 1.838e+02 0.961 0.038 0.001 y
   149 4.710e+01 1.729e+01 6.440e+01 0.685 0.082 0.232 y
   150 1.345e+02 1.148e+02 2.493e+02 0.975 0.014 0.012 y
   151 1.140e+02 1.088e+02 2.228e+02 0.954 0.043 0.003 y
   152 9.571e+01 1.107e+02 2.064e+02 0.958 0.042 0.001 y
   153 1.613e+02 1.618e+02 3.231e+02 0.975 0.021 0.004 y
   154 6.087e+01 6.093e+01 1.218e+02 0.929 0.070 0.000 y
   155 4.472e+01 7.335e+01 1.181e+02 0.873 0.060 0.067 y
   156 1.271e+02 7.606e+01 2.032e+02 0.962 0.022 0.016 y
   157 5.907e+01 5.100e+01 1.101e+02 0.856 0.063 0.081 y
   158 7.455e+01 7.260e+01 1.471e+02 0.949 0.032 0.018 y
   159 1.110e+02 1.148e+02 2.258e+02 0.970 0.027 0.004 y
   160 8.748e+01 5.698e+01 1.445e+02 0.926 0.073 0.002 y
   161 1.154e+02 1.503e+02 2.657e+02 0.992 0.003 0.005 y
   162 5.427e+01 5.556e+01 1.098e+02 0.865 0.130 0.004 y
   163 5.568e+01 4.283e+01 9.851e+01 0.825 0.138 0.037 y
   164 1.372e+02 1.100e+02 2.471e+02 0.939 0.055 0.006 y
   165 9.702e+01 1.347e+02 2.317e+02 0.955 0.037 0.008 y
   166 1.331e+02 1.438e+02 2.770e+02 0.936 0.058 0.006 y
   167 1.135e+02 1.751e+02 2.886e+02 0.935 0.064 0.002 y
   168 5.808e+01 5.857e+01 1.167e+02 0.845 0.149 0.006 y
   169 8.654e+01 6.327e+01 1.498e+02 0.941 0.052 0.007 y
   170 9.219e+01 1.671e+02 2.593e+02 0.975 0.022 0.003 y
   171 1.204e+02 1.077e+02 2.281e+02 0.949 0.039 0.012 y
   172 4.263e+01 7.728e+01 1.199e+02 0.900 0.076 0.024 y
   173 1.079e+02 7.432e+01 1.822e+02 0.983 0.016 0.001 y
   174 1.185e+02 1.418e+02 2.603e+02 0.960 0.028 0.012 y
   175 4.544e+01 5.066e+01 9.610e+01 0.888 0.033 0.079 y
   176 1.596e+02 1.046e+02 2.643e+02 0.836 0.150 0.014 y
   177 7.337e+01 1.279e+02 2.013e+02 0.839 0.157 0.004 y
   178 1.568e+02 1.370e+02 2.938e+02 0.889 0.108 0.003 y
   179 1.100e+02 1.594e+02 2.694e+02 0.937 0.063 0.000 y
   180 8.853e+01 1.215e+02 2.100e+02 0.897 0.091 0.012 y
   181 8.666e+01 6.799e+01 1.547e+02 0.841 0.159 0.000 y
   182 7.537e+01 9.414e+01 1.695e+02 0.934 0.066 0.000 y
   183 8.619e+01 5.798e+01 1.442e+02 0.889 0.108 0.003 y
   184 5.124e+01 1.015e+02 1.527e+02 0.916 0.075 0.009 y
   185 9.758e+01 1.223e+02 2.199e+02 0.914 0.068 0.018 y
   186 6.186e+01 1.265e+02 1.883e+02 0.880 0.119 0.000 y
   187 7.683e+01 4.689e+01 1.237e+02 0.885 0.108 0.007 y
   188 3.383e+01 4.668e+01 8.051e+01 0.761 0.181 0.058 y
   189 9.881e+01 1.447e+02 2.435e+02 0.825 0.168 0.007 y
   190 3.618e+01 6.561e+01 1.018e+02 0.788 0.206 0.006 y
   191 9.706e+01 5.578e+01 1.528e+02 0.683 0.316 0.001 y
   192 8.102e+01 3.793e+01 1.190e+02 0.691 0.268 0.041 y
   193 8.434e+01 4.634e+01 1.307e+02 0.820 0.170 0.010 y
   194 1.818e+02 1.799e+02 3.617e+02 0.923 0.067 0.010 y
   195 8.747e+01 8.623e+01 1.737e+02 0.924 0.052 0.024 y
   196 9.952e+01 4.100e+01 1.405e+02 0.807 0.151 0.043 y
   197 6.234e+01 9.805e+01 1.604e+02 0.585 0.409 0.006 y
   198 8.359e+01 1.037e+02 1.873e+02 0.809 0.160 0.031 y
   199 7.580e+01 4.326e+01 1.191e+02 0.866 0.122 0.012 y
   200 5.574e+01 3.907e+01 9.481e+01 0.699 0.223 0.078 y
   201 1.637e+02 1.475e+02 3.111e+02 0.947 0.044 0.009 y
   202 1.406e+02 3.436e+02 4.843e+02 0.851 0.147 0.002 y
   203 5.737e+01 9.370e+01 1.511e+02 0.823 0.172 0.006 y
   204 1.803e+02 1.515e+02 3.318e+02 0.946 0.050 0.004 y
   205 1.251e+02 1.701e+02 2.952e+02 0.899 0.099 0.002 y
   206 7.011e+01 1.197e+02 1.898e+02 0.618 0.348 0.033 y
   207 1.521e+02 1.813e+02 3.334e+02 0.898 0.094 0.009 y
   208 1.306e+02 6.583e+01 1.964e+02 0.833 0.158 0.009 y
   209 4.895e+01 8.742e+01 1.364e+02 0.778 0.200 0.023 y
   210 9.441e+01 9.318e+01 1.876e+02 0.949 0.034 0.017 y
   211 3.929e+01 6.684e+01 1.061e+02 0.881 0.096 0.023 y
   212 1.536e+02 1.562e+02 3.097e+02 0.959 0.037 0.004 y
   213 6.319e+01 3.463e+01 9.782e+01 0.865 0.101 0.034 y
   214 5.064e+01 8.555e+01 1.362e+02 0.910 0.090 0.001 y
   215 4.078e+01 5.165e+01 9.243e+01 0.863 0.134 0.003 y
   216 1.020e+02 4.359e+01 1.456e+02 0.853 0.125 0.022 y
   217 6.297e+01 1.137e+02 1.767e+02 0.894 0.097 0.008 y
   218 7.251e+01 1.039e+02 1.764e+02 0.937 0.043 0.021 y
   219 8.508e+01 1.213e+02 2.063e+02 0.801 0.185 0.014 y
   220 4.482e+01 6.237e+01 1.072e+02 0.831 0.139 0.030 y
   221 4.509e+01 2.359e+01 6.868e+01 0.696 0.204 0.100 y
   222 1.116e+02 1.490e+02 2.606e+02 0.984 0.016 0.000 y
   223 6.693e+01 7.717e+01 1.441e+02 0.932 0.053 0.015 y
   224 6.848e+01 8.239e+01 1.509e+02 0.909 0.076 0.015 y
   225 9.860e+01 7.502e+01 1.736e+02 0.775 0.187 0.038 y
   226 3.919e+01 5.077e+01 8.996e+01 0.912 0.084 0.004 y
   227 6.078e+01 6.923e+01 1.300e+02 0.967 0.021 0.013 y
   228 7.892e+01 9.314e+01 1.721e+02 0.826 0.155 0.020 y
   229 9.021e+01 1.018e+02 1.920e+02 0.793 0.206 0.001 y
   230 6.318e+01 1.286e+02 1.918e+02 0.929 0.070 0.000 y
   231 9.589e+01 7.573e+01 1.716e+02 0.937 0.052 0.011 y
   232 1.147e+02 8.203e+01 1.967e+02 0.894 0.098 0.009 y
   233 4.169e+01 5.183e+01 9.352e+01 0.819 0.165 0.015 y
   234 3.655e+01 7.041e+01 1.070e+02 0.687 0.193 0.120 y
   235 3.062e+01 8.734e+01 1.180e+02 0.732 0.095 0.174 y
   236 7.013e+01 5.515e+01 1.253e+02 0.839 0.154 0.007 y
   237 1.541e+02 1.058e+02 2.599e+02 0.976 0.016 0.008 y
   238 1.537e+02 1.016e+02 2.552e+02 0.981 0.009 0.011 y
   239 7.116e+01 9.087e+01 1.620e+02 0.976 0.021 0.003 y
   240 9.267e+01 9.399e+01 1.867e+02 0.997 0.002 0.000 y
   241 5.730e+01 7.468e+01 1.320e+02 0.806 0.074 0.121 y
   242 5.308e+01 6.141e+01 1.145e+02 0.972 0.004 0.024 y
   243 1.439e+02 1.028e+02 2.467e+02 0.943 0.057 0.000 y
   244 1.346e+02 2.338e+02 3.684e+02 0.975 0.024 0.002 y
   245 8.904e+01 9.214e+01 1.812e+02 0.965 0.030 0.004 y
   246 7.464e+01 9.614e+01 1.708e+02 0.953 0.047 0.001 y
   247 1.092e+02 9.593e+01 2.051e+02 0.987 0.005 0.008 y
   248 4.041e+01 5.980e+01 1.002e+02 0.818 0.181 0.000 y
   249 6.395e+01 5.436e+01 1.183e+02 0.890 0.093 0.017 y
   250 7.194e+01 5.459e+01 1.265e+02 0.949 0.033 0.018 y
   251 5.426e+01 5.983e+01 1.141e+02 0.852 0.110 0.039 y
   252 4.849e+01 1.158e+02 1.643e+02 0.846 0.100 0.054 y
   253 4.262e+01 6.148e+01 1.041e+02 0.942 0.015 0.043 y
   254 5.832e+01 4.585e+01 1.042e+02 0.903 0.074 0.023 y
   255 5.516e+01 2.430e+01 7.945e+01 0.809 0.073 0.118 y
   256 5.420e+01 6.565e+01 1.199e+02 0.856 0.083 0.061 y
   257 5.824e+01 1.079e+02 1.661e+02 0.880 0.115 0.005 y
   258 9.510e+01 9.861e+01 1.937e+02 0.909 0.084 0.007 y
   259 1.067e+02 1.710e+02 2.777e+02 0.961 0.034 0.005 y
   260 5.289e+01 5.866e+01 1.115e+02 0.873 0.104 0.023 y
   261 1.023e+02 1.733e+02 2.756e+02 0.974 0.022 0.004 y
   262 1.021e+02 1.366e+02 2.388e+02 0.977 0.017 0.006 y
   263 7.963e+01 7.181e+01 1.514e+02 0.980 0.015 0.005 y
   264 4.666e+01 3.379e+01 8.045e+01 0.835 0.061 0.104 y
   265 1.474e+02 2.277e+02 3.752e+02 0.976 0.018 0.007 y
   266 6.409e+01 1.145e+02 1.785e+02 0.853 0.147 0.000 y
   267 1.422e+02 1.137e+02 2.559e+02 0.832 0.151 0.017 y
   268 1.331e+02 1.974e+02 3.305e+02 0.979 0.013 0.008 y
   269 4.432e+01 3.270e+01 7.702e+01 0.808 0.049 0.142 y
   270 5.634e+01 3.361e+01 8.995e+01 0.908 0.051 0.041 y
   271 6.162e+01 4.729e+01 1.089e+02 0.944 0.016 0.040 y
   272 1.274e+02 2.163e+02 3.437e+02 0.989 0.005 0.006 y
   273 9.982e+01 1.542e+02 2.541e+02 0.974 0.025 0.001 y
   274 5.469e+01 5.785e+01 1.125e+02 0.653 0.327 0.020 y
   275 7.022e+01 6.251e+01 1.327e+02 0.660 0.330 0.010 y
   276 4.647e+01 5.921e+01 1.057e+02 0.656 0.328 0.016 y
   277 6.374e+01 9.323e+00 7.306e+01 0.611 0.133 0.256 y
   278 8.138e+01 8.670e+01 1.681e+02 0.768 0.200 0.032 y
   279 1.143e+02 8.922e+01 2.035e+02 0.915 0.075 0.010 y
   280 1.684e+02 1.386e+02 3.070e+02 0.666 0.333 0.001 y
   281 6.778e+01 5.699e+01 1.248e+02 0.655 0.327 0.018 y
   282 1.063e+02 9.915e+01 2.055e+02 0.971 0.014 0.015 y
   283 4.318e+01 8.164e+01 1.248e+02 0.927 0.031 0.042 y
   284 1.354e+02 1.314e+02 2.668e+02 0.661 0.331 0.008 y
   285 7.170e+01 8.508e+01 1.568e+02 0.647 0.323 0.030 y
   286 5.717e+01 5.342e+01 1.106e+02 0.942 0.040 0.018 y
   287 4.648e+01 6.229e+01 1.088e+02 0.820 0.127 0.053 y
   288 8.384e+01 1.158e+02 1.996e+02 0.918 0.065 0.017 y
   289 9.112e+01 8.535e+01 1.765e+02 0.879 0.110 0.011 y
   290 2.999e+02 3.403e+02 6.402e+02 0.988 0.010 0.002 y
   291 1.828e+02 2.041e+02 3.869e+02 0.937 0.056 0.008 y
   292 8.483e+01 5.302e+01 1.378e+02 0.988 0.005 0.007 y
   293 2.497e+02 3.223e+02 5.720e+02 0.985 0.012 0.003 y
   294 1.688e+02 1.438e+02 3.126e+02 0.985 0.014 0.001 y
   295 1.092e+02 1.345e+02 2.437e+02 0.991 0.002 0.006 y
   296 5.427e+01 3.314e+01 8.741e+01 0.912 0.059 0.030 y
   297 1.786e+02 2.215e+02 4.000e+02 0.975 0.017 0.008 y
   298 3.122e+01 3.950e+01 7.073e+01 0.647 0.324 0.029 y
   299 4.695e+01 6.621e+01 1.132e+02 0.642 0.321 0.037 y
   300 2.988e+01 9.744e+01 1.273e+02 0.498 0.249 0.253 y
   301 7.890e+01 6.733e+01 1.462e+02 0.856 0.120 0.024 y
   302 6.875e+01 7.653e+01 1.453e+02 0.806 0.179 0.015 y
   303 5.390e+01 1.491e+02 2.030e+02 0.861 0.109 0.030 y
   304 8.287e+01 8.367e+01 1.665e+02 0.856 0.137 0.007 y
   305 7.282e+01 8.967e+01 1.625e+02 0.903 0.083 0.015 y
   306 1.634e+02 1.669e+02 3.303e+02 0.946 0.043 0.011 y
   307 5.448e+01 7.136e+01 1.258e+02 0.924 0.047 0.029 y
   308 8.196e+01 7.207e+01 1.540e+02 0.953 0.031 0.016 y
   309 8.641e+01 1.339e+02 2.203e+02 0.806 0.118 0.076 y
   310 1.522e+02 1.627e+02 3.150e+02 0.950 0.036 0.014 y
   311 1.789e+02 1.591e+02 3.380e+02 0.969 0.022 0.009 y
   312 4.659e+01 1.381e+02 1.847e+02 0.918 0.035 0.047 y
   313 5.050e+01 7.246e+01 1.230e+02 0.939 0.024 0.037 y
   314 7.478e+01 7.448e+01 1.493e+02 0.954 0.005 0.041 y
   315 1.053e+02 7.855e+01 1.838e+02 0.965 0.028 0.007 y
   316 5.978e+01 8.708e+01 1.469e+02 0.936 0.027 0.037 y
   317 1.843e+02 1.650e+02 3.492e+02 0.969 0.022 0.009 y
   318 1.294e+02 1.481e+02 2.774e+02 0.956 0.038 0.006 y
   319 1.791e+02 1.739e+02 3.530e+02 0.962 0.025 0.013 y
   320 6.744e+01 1.168e+02 1.842e+02 0.977 0.016 0.006 y
   321 8.584e+01 1.215e+02 2.073e+02 0.652 0.326 0.021 y
   322 7.720e+01 8.659e+01 1.638e+02 0.967 0.003 0.030 y
   323 7.031e+01 1.041e+02 1.744e+02 0.929 0.055 0.016 y
   324 5.613e+01 6.691e+01 1.230e+02 0.951 0.029 0.019 y
   325 5.927e+01 8.264e+01 1.419e+02 0.968 0.005 0.027 y
   326 1.413e+02 1.373e+02 2.786e+02 0.976 0.010 0.014 y
   327 9.318e+01 1.134e+02 2.066e+02 0.933 0.058 0.009 y
   328 6.379e+01 6.232e+01 1.261e+02 0.878 0.071 0.051 y
   329 7.366e+01 9.683e+01 1.705e+02 0.970 0.002 0.028 y
   330 8.630e+01 9.926e+01 1.856e+02 0.965 0.020 0.015 y
   331 4.270e+01 7.691e+01 1.196e+02 0.963 0.028 0.009 y
   332 9.578e+01 1.153e+02 2.111e+02 0.958 0.038 0.005 y
   333 1.168e+02 1.074e+02 2.242e+02 0.939 0.055 0.006 y
   334 7.404e+01 9.045e+01 1.645e+02 0.963 0.035 0.002 y
   335 5.774e+01 9.496e+01 1.527e+02 0.891 0.084 0.025 y
   336 7.181e+01 1.200e+02 1.919e+02 0.931 0.059 0.009 y
   337 1.054e+02 1.675e+02 2.729e+02 0.896 0.104 0.000 y
   338 4.240e+01 9.388e+01 1.363e+02 0.853 0.138 0.008 y
   339 7.294e+01 1.747e+02 2.477e+02 0.830 0.161 0.008 y
   340 1.104e+02 1.094e+02 2.198e+02 0.827 0.171 0.002 y
   341 6.129e+01 1.039e+02 1.652e+02 0.807 0.175 0.018 y
   342 4.933e+01 1.038e+02 1.531e+02 0.428 0.551 0.021 y
   343 4.831e+01 1.246e+02 1.729e+02 0.630 0.363 0.007 y
   344 6.101e+01 1.027e+02 1.637e+02 0.866 0.121 0.013 y
   345 6.370e+01 1.203e+02 1.840e+02 0.883 0.095 0.022 y
   346 1.392e+02 1.310e+02 2.703e+02 0.852 0.144 0.003 y
   347 7.148e+01 1.255e+02 1.970e+02 0.812 0.181 0.007 y
   348 5.412e+01 5.832e+01 1.124e+02 0.831 0.137 0.032 y
   349 6.685e+01 7.864e+01 1.455e+02 0.854 0.123 0.023 y
   350 6.083e+01 6.609e+01 1.269e+02 0.792 0.156 0.052 y
   351 6.514e+01 9.823e+01 1.634e+02 0.856 0.137 0.007 y
   352 7.200e+01 5.008e+01 1.221e+02 0.757 0.189 0.054 y
   353 6.893e+01 9.148e+01 1.604e+02 0.885 0.114 0.001 y
   354 4.156e+01 4.325e+01 8.481e+01 0.671 0.290 0.039 y
   355 7.142e+01 9.420e+01 1.656e+02 0.872 0.099 0.029 y
   356 6.500e+01 9.348e+01 1.585e+02 0.793 0.084 0.123 y
   357 2.924e+01 6.267e+01 9.191e+01 0.687 0.250 0.063 y
   358 3.905e+01 9.154e+01 1.306e+02 0.692 0.055 0.253 y
   359 1.059e+02 8.798e+01 1.938e+02 0.943 0.046 0.010 y
   360 5.859e+01 8.694e+01 1.455e+02 0.846 0.068 0.087 y
   361 1.061e+02 8.188e+01 1.880e+02 0.921 0.078 0.001 y
   362 7.341e+01 4.293e+01 1.163e+02 0.826 0.084 0.090 y
   363 7.545e+01 9.422e+01 1.697e+02 0.903 0.083 0.014 y
   364 9.760e+01 1.480e+02 2.456e+02 0.975 0.024 0.002 y
   365 7.979e+01 1.134e+02 1.931e+02 0.968 0.022 0.010 y
   366 8.098e+01 9.877e+01 1.798e+02 0.923 0.070 0.007 y
   367 4.895e+01 4.872e+01 9.767e+01 0.841 0.110 0.049 y
   368 3.943e+01 9.323e+01 1.327e+02 0.795 0.205 0.001 y
   369 7.505e+01 1.103e+02 1.854e+02 0.916 0.082 0.001 y
   370 9.154e+01 9.113e+01 1.827e+02 0.623 0.311 0.066 y
   371 8.352e+01 9.891e+01 1.824e+02 0.652 0.326 0.022 y
   372 3.948e+01 6.848e+01 1.080e+02 0.596 0.298 0.106 y
   373 3.230e+01 5.825e+01 9.055e+01 0.792 0.146 0.062 y
   374 9.363e+01 9.811e+01 1.917e+02 0.902 0.064 0.033 y
   375 9.040e+01 7.264e+01 1.630e+02 0.936 0.030 0.034 y
   376 5.988e+01 8.001e+01 1.399e+02 0.854 0.127 0.018 y
   377 4.413e+01 4.480e+01 8.892e+01 0.751 0.129 0.120 y
   378 8.148e+01 7.411e+01 1.556e+02 0.940 0.029 0.030 y
   379 1.299e+02 1.411e+02 2.710e+02 0.934 0.050 0.016 y
   380 8.940e+01 9.060e+01 1.800e+02 0.837 0.129 0.034 y
   381 1.534e+02 1.694e+02 3.228e+02 0.949 0.041 0.011 y
   382 6.642e+01 1.056e+02 1.720e+02 0.945 0.050 0.005 y
   383 6.072e+01 4.633e+01 1.070e+02 0.855 0.030 0.115 y
   384 8.542e+01 8.101e+01 1.664e+02 0.966 0.016 0.018 y
   385 0.000e+00 0.000e+00 0.000e+00 0.333 0.333 0.333 y
   386 0.000e+00 0.000e+00 0.000e+00 0.333 0.333 0.333 y
   387 0.000e+00 0.000e+00 0.000e+00 0.333 0.333 0.333 y
   388 8.565e+01 9.139e+01 1.770e+02 0.872 0.091 0.037 y
   389 1.103e+02 6.664e+01 1.769e+02 0.782 0.212 0.006 y
   390 8.564e+01 5.332e+01 1.390e+02 0.911 0.063 0.026 y
   391 9.066e+01 3.082e+01 1.215e+02 0.913 0.070 0.017 y
   392 5.321e+01 7.675e+01 1.300e+02 0.948 0.038 0.014 y
   393 6.971e+01 4.795e+01 1.177e+02 0.909 0.058 0.033 y
   394 6.891e+01 3.705e+01 1.060e+02 0.874 0.110 0.015 y
   395 1.294e+02 8.452e+01 2.139e+02 0.958 0.036 0.006 y
   396 6.570e+01 8.759e+01 1.533e+02 0.860 0.099 0.041 y
   397 6.760e+01 4.953e+01 1.171e+02 0.782 0.179 0.040 y
   398 1.353e+02 7.485e+00 1.428e+02 0.565 0.213 0.222 y
   399 4.446e+01 9.459e+01 1.390e+02 0.706 0.246 0.048 y
   400 9.244e+01 4.841e+01 1.409e+02 0.817 0.153 0.029 y
   401 1.470e+02 5.690e+01 2.039e+02 0.951 0.042 0.007 y
   402 6.326e+01 6.550e+01 1.288e+02 0.900 0.083 0.017 y
   403 5.226e+01 4.714e+01 9.939e+01 0.907 0.048 0.045 y
   404 6.517e+01 3.841e+01 1.036e+02 0.833 0.111 0.056 y
   405 8.938e+01 7.716e+01 1.665e+02 0.954 0.023 0.024 y
   406 1.029e+02 8.195e+01 1.848e+02 0.940 0.025 0.035 y
   407 0.000e+00 0.000e+00 0.000e+00 0.000 0.000 1.000 y
   408 0.000e+00 0.000e+00 0.000e+00 0.000 0.000 1.000 y
   409 0.000e+00 0.000e+00 0.000e+00 0.000 0.000 1.000 y
   410 7.392e+01 1.331e+02 2.070e+02 0.906 0.086 0.007 y
   411 6.049e+01 5.583e+01 1.163e+02 0.854 0.139 0.007 y
   412 8.762e+01 7.752e+01 1.651e+02 0.892 0.100 0.008 y
   413 3.308e+01 8.268e+01 1.158e+02 0.689 0.294 0.017 y
   414 6.406e+01 8.958e+01 1.536e+02 0.854 0.136 0.010 y
   415 8.227e+01 7.729e+01 1.596e+02 0.965 0.031 0.004 y
   416 6.938e+01 5.230e+01 1.217e+02 0.646 0.328 0.026 y
   417 7.917e+01 7.675e+01 1.559e+02 0.934 0.061 0.005 y
   418 5.807e+01 8.397e+01 1.420e+02 0.849 0.150 0.001 y
   419 1.061e+02 8.599e+01 1.921e+02 0.879 0.103 0.018 y
   420 1.197e+02 4.113e+01 1.609e+02 0.730 0.236 0.035 y
   421 3.567e+01 1.100e+02 1.456e+02 0.628 0.352 0.020 y
   422 1.210e+02 9.870e+01 2.197e+02 0.928 0.062 0.011 y
   423 8.004e+01 6.013e+01 1.402e+02 0.806 0.188 0.006 y
   424 4.704e+01 7.310e+01 1.201e+02 0.771 0.170 0.059 y
   425 7.938e+01 7.239e+01 1.518e+02 0.906 0.083 0.011 y
   426 8.712e+01 7.005e+01 1.572e+02 0.911 0.068 0.021 y
   427 8.959e+01 6.709e+01 1.567e+02 0.932 0.062 0.006 y
   428 1.358e+02 9.420e+01 2.299e+02 0.901 0.097 0.002 y
   429 2.121e+01 3.974e+01 6.095e+01 0.740 0.210 0.050 y
   430 6.514e+01 7.273e+01 1.379e+02 0.938 0.030 0.032 y
   431 5.015e+01 3.477e+01 8.492e+01 0.819 0.124 0.057 y
   432 3.125e+01 8.099e+01 1.122e+02 0.788 0.207 0.005 y
   433 7.716e+01 9.695e+01 1.741e+02 0.864 0.100 0.036 y
   434 4.473e+01 5.215e+01 9.689e+01 0.697 0.212 0.091 y
   435 8.472e+01 6.735e+01 1.521e+02 0.841 0.143 0.016 y
   436 8.188e+01 1.003e+02 1.822e+02 0.901 0.083 0.015 y
   437 5.546e+01 4.295e+01 9.841e+01 0.816 0.129 0.055 y
   438 5.837e+01 4.735e+01 1.057e+02 0.852 0.119 0.028 y
   439 1.872e+01 1.109e+02 1.296e+02 0.457 0.427 0.116 y
   440 6.469e+01 4.563e+01 1.103e+02 0.709 0.279 0.012 y
   441 8.226e+01 6.229e+01 1.445e+02 0.938 0.051 0.011 y
   442 5.450e+01 9.226e+01 1.468e+02 0.879 0.107 0.014 y
   443 6.654e+01 4.084e+01 1.074e+02 0.768 0.218 0.014 y
   444 8.395e+01 7.628e+01 1.602e+02 0.928 0.050 0.021 y
   445 9.100e+01 5.861e+01 1.496e+02 0.860 0.129 0.011 y
   446 6.559e+01 8.256e+01 1.481e+02 0.931 0.058 0.010 y
   447 9.686e+01 8.873e+01 1.856e+02 0.894 0.095 0.010 y
   448 1.002e+02 8.605e+01 1.862e+02 0.856 0.139 0.005 y
   449 9.424e+01 8.502e+01 1.793e+02 0.916 0.055 0.030 y
   450 6.086e+01 8.534e+01 1.462e+02 0.834 0.133 0.034 y
   451 6.981e+01 8.915e+01 1.590e+02 0.894 0.098 0.008 y
   452 6.673e+01 1.021e+02 1.689e+02 0.961 0.030 0.009 y
   453 5.329e+01 9.395e+01 1.472e+02 0.855 0.129 0.016 y
   454 8.281e+01 1.151e+02 1.979e+02 0.929 0.068 0.003 y
   455 5.623e+01 4.238e+01 9.861e+01 0.906 0.056 0.038 y
   456 9.514e+01 6.596e+01 1.611e+02 0.931 0.039 0.031 y
   457 1.072e+02 1.080e+02 2.153e+02 0.959 0.026 0.016 y
   458 8.859e+01 1.170e+02 2.056e+02 0.934 0.049 0.016 y
   459 9.152e+01 6.138e+01 1.529e+02 0.868 0.096 0.036 y
   460 4.474e+01 6.406e+01 1.088e+02 0.834 0.113 0.053 y
   461 7.554e+01 6.357e+01 1.391e+02 0.905 0.075 0.019 y
   462 9.375e+01 6.955e+01 1.633e+02 0.914 0.068 0.018 y
   463 6.672e+01 6.160e+01 1.283e+02 0.890 0.067 0.042 y
   464 8.580e+01 6.279e+01 1.486e+02 0.940 0.046 0.014 y
   465 1.230e+02 1.242e+02 2.473e+02 0.960 0.026 0.015 y
   466 8.006e+01 3.850e+01 1.186e+02 0.780 0.158 0.062 y
   467 6.589e+01 6.411e+01 1.300e+02 0.953 0.023 0.023 y
   468 3.184e+01 2.824e+01 6.008e+01 0.750 0.180 0.070 y
   469 7.604e+01 9.053e+01 1.666e+02 0.936 0.053 0.011 y
   470 5.223e+01 5.183e+01 1.041e+02 0.737 0.196 0.068 y
   471 1.787e+02 1.384e+02 3.171e+02 0.951 0.048 0.001 y
   472 7.782e+01 6.414e+01 1.420e+02 0.864 0.112 0.024 y
   473 8.289e+01 7.710e+01 1.600e+02 0.933 0.050 0.016 y
   474 7.632e+01 9.021e+01 1.665e+02 0.899 0.065 0.036 y
   475 6.950e+01 7.490e+01 1.444e+02 0.804 0.091 0.105 y
   476 8.377e+01 1.128e+02 1.966e+02 0.973 0.014 0.014 y
   477 5.829e+01 8.698e+01 1.453e+02 0.885 0.083 0.032 y
   478 1.238e+02 1.821e+02 3.059e+02 0.975 0.016 0.009 y
   479 1.046e+02 1.144e+02 2.191e+02 0.935 0.064 0.001 y
   480 7.163e+01 1.397e+02 2.113e+02 0.972 0.027 0.002 y
   481 1.117e+02 9.535e+01 2.070e+02 0.911 0.085 0.004 y
   482 9.304e+01 1.173e+02 2.104e+02 0.942 0.042 0.016 y
   483 1.703e+02 2.050e+02 3.753e+02 0.963 0.028 0.009 y
   484 5.822e+01 1.160e+02 1.742e+02 0.897 0.084 0.019 y
   485 9.555e+01 3.383e+01 1.294e+02 0.704 0.271 0.025 y
   486 5.745e+01 7.002e+01 1.275e+02 0.852 0.119 0.029 y
   487 7.476e+01 1.060e+02 1.807e+02 0.953 0.020 0.027 y
   488 7.844e+01 5.740e+01 1.358e+02 0.955 0.039 0.006 y
   489 8.905e+01 3.763e+01 1.267e+02 0.907 0.056 0.037 y
   490 6.836e+01 6.777e+01 1.361e+02 0.928 0.055 0.017 y
   491 4.260e+01 2.742e+01 7.002e+01 0.954 0.036 0.009 y
   492 8.476e+01 7.976e+01 1.645e+02 0.958 0.040 0.001 y
   493 2.430e+01 6.285e+01 8.714e+01 0.886 0.060 0.054 y
   494 6.604e+01 5.972e+01 1.258e+02 0.947 0.043 0.010 y
   495 1.061e+02 7.709e+01 1.832e+02 0.919 0.074 0.007 y
   496 1.145e+02 1.365e+02 2.510e+02 0.950 0.040 0.009 y
   497 1.121e+02 8.544e+01 1.976e+02 0.959 0.040 0.002 y
   498 6.730e+01 4.483e+01 1.121e+02 0.897 0.076 0.027 y
   499 8.913e+01 7.056e+01 1.597e+02 0.901 0.087 0.012 y
   500 4.517e+01 4.455e+01 8.972e+01 0.881 0.087 0.032 y
   501 8.048e+01 3.636e+01 1.168e+02 0.892 0.038 0.069 y
   502 3.270e+01 9.004e+01 1.227e+02 0.730 0.210 0.060 y
   503 7.292e+01 1.115e+02 1.844e+02 0.911 0.066 0.023 y
   504 2.720e+01 7.316e+01 1.004e+02 0.803 0.107 0.090 y
   505 1.465e+02 1.370e+02 2.835e+02 0.902 0.087 0.011 y
   506 2.074e+02 2.220e+02 4.294e+02 0.987 0.012 0.001 y
   507 1.117e+02 6.534e+01 1.770e+02 0.920 0.077 0.003 y
   508 1.305e+02 1.089e+02 2.393e+02 0.976 0.016 0.008 y
   509 1.038e+02 7.618e+01 1.800e+02 0.943 0.049 0.008 y
   510 8.988e+01 7.577e+01 1.656e+02 0.980 0.006 0.014 y
   511 2.618e+02 2.797e+02 5.416e+02 0.988 0.004 0.008 y
   512 1.039e+02 1.439e+02 2.477e+02 0.928 0.049 0.023 y
   513 1.445e+02 3.646e+01 1.810e+02 0.851 0.091 0.058 y
   514 4.631e+01 6.088e+01 1.072e+02 0.854 0.086 0.060 y
   515 9.618e+01 4.063e+01 1.368e+02 0.851 0.090 0.059 y
   516 4.432e+01 8.998e+01 1.343e+02 0.907 0.030 0.063 y
   517 1.067e+02 6.811e+01 1.748e+02 0.650 0.325 0.025 y
   518 1.150e+02 5.947e+01 1.745e+02 0.653 0.327 0.020 y
   519 6.009e+01 4.814e+01 1.082e+02 0.628 0.314 0.057 y
   520 1.559e+02 1.573e+02 3.132e+02 0.975 0.018 0.007 y
   521 6.658e+01 4.150e+01 1.081e+02 0.873 0.108 0.019 y
   522 1.036e+02 1.198e+02 2.234e+02 0.924 0.058 0.018 y
   523 4.033e+01 6.500e+01 1.053e+02 0.754 0.193 0.053 y
   524 2.933e+01 1.047e+02 1.340e+02 0.961 0.009 0.030 y
   525 4.998e+01 8.231e+01 1.323e+02 0.984 0.013 0.003 y
   526 2.138e+02 2.225e+02 4.364e+02 0.956 0.038 0.006 y
   527 8.253e+01 5.122e+01 1.337e+02 0.895 0.079 0.026 y
   528 1.476e+02 1.962e+02 3.438e+02 0.974 0.022 0.003 y
   529 5.890e+01 8.434e+01 1.432e+02 0.860 0.135 0.004 y
   530 6.206e+01 3.702e+01 9.908e+01 0.787 0.163 0.050 y
   531 7.471e+01 1.149e+02 1.896e+02 0.958 0.033 0.009 y
   532 4.135e+01 6.952e+01 1.109e+02 0.932 0.063 0.005 y
   533 4.061e+01 6.521e+01 1.058e+02 0.851 0.050 0.099 y
   534 7.906e+01 1.347e+02 2.138e+02 0.982 0.010 0.009 y
   535 5.475e+01 5.409e+01 1.088e+02 0.895 0.094 0.011 y
   536 1.776e+02 1.833e+02 3.610e+02 0.969 0.021 0.010 y
   537 9.010e+01 1.206e+02 2.107e+02 0.967 0.023 0.009 y
   538 1.013e+02 6.881e+01 1.701e+02 0.954 0.025 0.021 y
   539 1.057e+02 1.143e+02 2.200e+02 0.983 0.012 0.005 y
   540 8.804e+01 7.412e+01 1.622e+02 0.981 0.015 0.003 y
   541 1.344e+02 8.345e+01 2.178e+02 0.922 0.058 0.020 y
   542 8.114e+01 6.410e+01 1.452e+02 0.831 0.115 0.054 y
   543 6.322e+01 4.479e+01 1.080e+02 0.755 0.111 0.134 y
   544 5.369e+01 4.242e+01 9.611e+01 0.943 0.010 0.047 y
   545 7.661e+01 4.462e+01 1.212e+02 0.933 0.036 0.031 y
   546 6.494e+01 5.620e+01 1.211e+02 0.925 0.041 0.034 y
   547 1.320e+02 1.112e+02 2.432e+02 0.906 0.087 0.006 y
   548 9.173e+01 6.766e+01 1.594e+02 0.929 0.070 0.000 y
   549 1.731e+02 1.389e+02 3.120e+02 0.961 0.036 0.003 y
   550 1.757e+02 1.381e+02 3.138e+02 0.880 0.103 0.017 y
   551 8.191e+01 9.767e+01 1.796e+02 0.892 0.069 0.040 y
   552 1.301e+02 1.050e+02 2.350e+02 0.919 0.058 0.023 y
   553 6.617e+01 4.838e+01 1.145e+02 0.818 0.160 0.022 y
   554 1.669e+02 1.113e+02 2.781e+02 0.973 0.020 0.007 y
   555 6.088e+01 4.914e+01 1.100e+02 0.940 0.027 0.033 y
   556 1.008e+02 5.784e+01 1.586e+02 0.899 0.090 0.011 y
   557 5.020e+01 7.492e+01 1.251e+02 0.754 0.229 0.017 y
   558 9.297e+01 9.400e+01 1.870e+02 0.793 0.202 0.005 y
   559 3.008e+02 2.202e+02 5.211e+02 0.947 0.053 0.000 y
   560 1.408e+02 6.800e+01 2.088e+02 0.676 0.320 0.004 y
   561 3.005e+02 2.306e+02 5.311e+02 0.949 0.049 0.003 y
   562 7.866e+01 4.397e+01 1.226e+02 0.780 0.220 0.000 y
   563 2.666e+02 1.197e+02 3.863e+02 0.877 0.118 0.005 y
   564 9.298e+01 1.243e+02 2.173e+02 0.916 0.069 0.015 y
   565 2.560e+02 2.142e+02 4.702e+02 0.980 0.020 0.000 y
   566 8.043e+01 6.912e+01 1.495e+02 0.990 0.007 0.003 y
   567 8.940e+01 4.425e+01 1.337e+02 0.945 0.041 0.014 y
   568 7.987e+01 8.745e+01 1.673e+02 0.961 0.022 0.017 y
   569 1.819e+02 1.303e+02 3.122e+02 0.912 0.066 0.022 y
   570 1.325e+02 1.133e+02 2.459e+02 0.976 0.023 0.000 y
   571 1.804e+01 6.107e+01 7.912e+01 0.871 0.074 0.054 y
   572 7.940e+01 9.454e+01 1.739e+02 0.968 0.003 0.029 y
   573 7.392e+01 1.335e+02 2.074e+02 0.656 0.328 0.016 y
   574 7.208e+01 1.298e+02 2.019e+02 0.632 0.316 0.052 y
   575 3.367e+01 5.907e+01 9.274e+01 0.872 0.103 0.025 y
   576 6.668e+01 7.599e+01 1.427e+02 0.775 0.191 0.034 y
   577 4.425e+01 7.568e+01 1.199e+02 0.820 0.118 0.063 y
   578 4.914e+01 1.353e+02 1.844e+02 0.857 0.113 0.029 y
   579 5.984e+01 6.938e+01 1.292e+02 0.960 0.023 0.017 y
   580 8.539e+01 6.418e+01 1.496e+02 0.960 0.039 0.000 y
   581 1.112e+02 8.556e+01 1.968e+02 0.967 0.017 0.016 y
   582 2.677e+01 6.569e+01 9.245e+01 0.791 0.113 0.095 y
   583 8.290e+01 7.478e+01 1.577e+02 0.965 0.032 0.003 y
   584 1.247e+02 1.721e+02 2.968e+02 0.981 0.011 0.007 y
   585 2.780e+02 3.017e+02 5.797e+02 0.943 0.053 0.004 y
   586 5.137e+01 7.846e+01 1.298e+02 0.859 0.115 0.026 y
   587 6.275e+01 5.693e+01 1.197e+02 0.926 0.071 0.003 y
   588 8.369e+01 7.408e+01 1.578e+02 0.946 0.039 0.016 y
   589 6.249e+01 7.087e+01 1.334e+02 0.937 0.052 0.011 y
   590 3.924e+01 5.312e+01 9.236e+01 0.819 0.066 0.115 y
   591 1.002e+02 1.153e+02 2.155e+02 0.915 0.070 0.015 y
   592 7.326e+01 5.504e+01 1.283e+02 0.921 0.067 0.012 y
   593 7.483e+01 5.792e+01 1.328e+02 0.944 0.003 0.053 y
   594 5.051e+01 6.349e+01 1.140e+02 0.924 0.039 0.036 y
   595 3.795e+01 7.181e+01 1.098e+02 0.956 0.029 0.015 y
   596 7.385e+01 1.054e+02 1.792e+02 0.933 0.055 0.012 y
   597 5.648e+01 7.353e+01 1.300e+02 0.849 0.120 0.031 y
   598 5.020e+01 7.352e+01 1.237e+02 0.783 0.186 0.031 y
   599 1.048e+02 1.216e+02 2.264e+02 0.939 0.060 0.001 y
   600 1.198e+02 9.950e+01 2.193e+02 0.952 0.043 0.005 y
   601 1.539e+02 1.209e+02 2.748e+02 0.941 0.046 0.013 y
   602 5.566e+01 7.946e+01 1.351e+02 0.826 0.161 0.012 y
   603 1.212e+02 1.101e+02 2.314e+02 0.971 0.029 0.000 y
   604 1.701e+02 2.447e+02 4.149e+02 0.985 0.013 0.003 y
   605 3.820e+02 3.486e+02 7.306e+02 0.972 0.024 0.004 y
   606 7.696e+01 5.931e+01 1.363e+02 0.963 0.006 0.031 y
   607 4.934e+01 3.522e+01 8.456e+01 0.800 0.026 0.174 y
   608 4.199e+01 5.475e+01 9.673e+01 0.890 0.039 0.071 y
   609 5.145e+01 6.850e+01 1.199e+02 0.943 0.029 0.027 y
   610 3.203e+01 3.592e+01 6.794e+01 0.877 0.068 0.055 y
   611 3.206e+01 5.964e+01 9.170e+01 0.916 0.012 0.072 y
   612 9.045e+01 1.225e+02 2.129e+02 0.953 0.038 0.009 y
   613 7.032e+01 8.911e+01 1.594e+02 0.909 0.070 0.021 y
   614 1.676e+02 1.978e+02 3.654e+02 0.976 0.016 0.008 y
   615 2.035e+02 1.911e+02 3.946e+02 0.973 0.022 0.005 y
   616 1.483e+02 1.197e+02 2.680e+02 0.940 0.058 0.002 y
   617 7.594e+01 5.928e+01 1.352e+02 0.940 0.043 0.017 y
   618 4.851e+01 1.266e+02 1.751e+02 0.867 0.084 0.048 y
   619 1.602e+02 1.740e+02 3.342e+02 0.941 0.053 0.006 y
   620 1.035e+02 7.044e+01 1.740e+02 0.875 0.096 0.029 y
   621 7.264e+01 9.508e+01 1.677e+02 0.952 0.024 0.024 y
   622 1.228e+02 1.124e+02 2.353e+02 0.981 0.011 0.007 y
   623 5.243e+01 7.343e+01 1.259e+02 0.900 0.056 0.044 y
   624 9.512e+01 8.242e+01 1.775e+02 0.979 0.005 0.017 y
   625 3.042e+01 3.868e+01 6.910e+01 0.807 0.182 0.012 y
   626 7.866e+01 1.158e+02 1.945e+02 0.941 0.056 0.004 y
   627 1.057e+02 1.591e+02 2.648e+02 0.954 0.039 0.007 y
   628 7.336e+01 9.911e+01 1.725e+02 0.905 0.077 0.018 y
   629 8.405e+01 7.619e+01 1.602e+02 0.916 0.083 0.001 y
   630 4.937e+01 6.156e+01 1.109e+02 0.937 0.053 0.010 y
   631 5.381e+01 5.993e+01 1.137e+02 0.928 0.030 0.041 y
   632 9.759e+01 9.139e+01 1.890e+02 0.898 0.091 0.011 y
   633 3.707e+01 4.140e+01 7.847e+01 0.552 0.373 0.075 y
   634 2.594e+01 1.098e+02 1.357e+02 0.438 0.526 0.035 y
   635 1.435e+02 5.054e+01 1.940e+02 0.875 0.079 0.046 y
   636 3.889e+01 3.658e+01 7.547e+01 0.891 0.058 0.052 y
   637 9.393e+01 3.518e+01 1.291e+02 0.843 0.098 0.059 y
   638 5.041e+01 5.309e+01 1.035e+02 0.842 0.097 0.060 y
   639 7.523e+01 8.111e+01 1.563e+02 0.895 0.026 0.079 y
   640 5.788e+01 9.650e+01 1.544e+02 0.951 0.013 0.037 y
   641 6.733e+01 5.373e+01 1.211e+02 0.842 0.126 0.032 y
   642 3.458e+01 6.351e+01 9.809e+01 0.854 0.129 0.017 y
   643 2.874e+01 5.789e+01 8.663e+01 0.907 0.092 0.000 y
   644 7.764e+01 7.825e+01 1.559e+02 0.801 0.199 0.001 y
   645 1.135e+02 1.110e+02 2.245e+02 0.933 0.066 0.001 y
   646 6.244e+01 6.483e+01 1.273e+02 0.891 0.045 0.064 y
   647 6.476e+01 8.385e+01 1.486e+02 0.933 0.049 0.018 y
   648 5.095e+01 3.337e+01 8.432e+01 0.600 0.318 0.083 y
   649 6.682e+01 7.558e+01 1.424e+02 0.968 0.022 0.010 y
   650 4.460e+01 9.862e+01 1.432e+02 0.976 0.007 0.017 y
   651 5.263e+01 6.153e+01 1.142e+02 0.745 0.250 0.005 y
   652 5.024e+01 4.448e+01 9.472e+01 0.695 0.292 0.013 y
   653 8.759e+01 1.197e+02 2.073e+02 0.872 0.124 0.004 y
   654 1.077e+02 1.350e+02 2.427e+02 0.881 0.111 0.008 y
   655 1.164e+02 1.531e+02 2.695e+02 0.897 0.094 0.009 y
   656 4.384e+01 7.531e+01 1.191e+02 0.851 0.137 0.012 y
   657 6.352e+01 1.085e+02 1.720e+02 0.800 0.200 0.000 y
   658 8.252e+01 2.431e+01 1.068e+02 0.596 0.404 0.000 y
   659 6.110e+01 9.916e+01 1.603e+02 0.741 0.241 0.017 y
   660 1.001e+02 1.326e+02 2.326e+02 0.943 0.057 0.000 y
   661 7.981e+01 8.054e+01 1.603e+02 0.966 0.025 0.009 y
   662 8.103e+01 9.726e+01 1.783e+02 0.913 0.086 0.001 y
   663 8.221e+01 1.237e+02 2.059e+02 0.791 0.194 0.015 y
   664 5.373e+01 5.934e+01 1.131e+02 0.804 0.195 0.000 y
   665 4.231e+01 5.756e+01 9.986e+01 0.772 0.228 0.001 y
   666 6.644e+01 6.953e+01 1.360e+02 0.917 0.082 0.000 y
   667 4.313e+01 8.000e+01 1.231e+02 0.808 0.182 0.009 y
   668 6.691e+01 6.090e+01 1.278e+02 0.946 0.036 0.018 y
   669 9.053e+01 9.011e+01 1.806e+02 0.925 0.071 0.004 y
   670 1.135e+02 1.316e+02 2.451e+02 0.913 0.078 0.008 y
   671 9.179e+01 6.859e+01 1.604e+02 0.881 0.112 0.007 y
   672 7.145e+01 8.664e+01 1.581e+02 0.916 0.065 0.018 y
   673 8.122e+01 8.827e+01 1.695e+02 0.924 0.062 0.014 y
   674 3.921e+01 7.534e+01 1.145e+02 0.969 0.012 0.019 y
   675 5.232e+01 1.290e+02 1.814e+02 0.749 0.223 0.028 y
   676 5.707e+01 5.427e+01 1.113e+02 0.819 0.146 0.035 y
   677 6.152e+01 8.162e+01 1.431e+02 0.815 0.176 0.009 y
   678 6.785e+01 8.124e+01 1.491e+02 0.923 0.077 0.000 y
   679 5.205e+01 4.656e+01 9.861e+01 0.833 0.157 0.010 y
   680 8.394e+01 6.312e+01 1.471e+02 0.903 0.089 0.009 y
   681 6.069e+01 5.462e+01 1.153e+02 0.801 0.199 0.000 y
   682 6.966e+01 6.244e+01 1.321e+02 0.899 0.088 0.013 y
   683 4.320e+01 5.698e+01 1.002e+02 0.875 0.121 0.005 y
   684 6.918e+01 2.984e+01 9.902e+01 0.666 0.263 0.070 y
   685 5.849e+01 6.104e+01 1.195e+02 0.886 0.074 0.040 y
   686 7.953e+01 9.167e+01 1.712e+02 0.920 0.053 0.027 y
   687 4.328e+01 3.406e+01 7.733e+01 0.717 0.251 0.033 y
   688 3.976e+01 4.074e+01 8.050e+01 0.827 0.170 0.003 y
   689 5.080e+01 7.931e+01 1.301e+02 0.949 0.023 0.028 y
   690 6.536e+01 7.048e+01 1.358e+02 0.934 0.064 0.002 y
   691 5.056e+01 3.822e+01 8.878e+01 0.782 0.183 0.035 y
   692 7.265e+01 7.891e+01 1.516e+02 0.898 0.091 0.011 y
   693 5.062e+01 2.815e+01 7.877e+01 0.813 0.184 0.003 y
   694 7.057e+01 1.069e+02 1.775e+02 0.964 0.020 0.016 y
   695 7.067e+01 9.441e+01 1.651e+02 0.783 0.182 0.035 y
   696 9.112e+01 1.020e+02 1.931e+02 0.934 0.058 0.008 y
   697 5.212e+01 6.937e+01 1.215e+02 0.768 0.206 0.026 y
   698 7.084e+01 9.339e+01 1.642e+02 0.883 0.112 0.005 y
   699 5.320e+01 3.117e+01 8.437e+01 0.762 0.210 0.028 y
   700 6.062e+01 3.956e+01 1.002e+02 0.871 0.129 0.000 y
   701 7.579e+01 9.306e+01 1.688e+02 0.857 0.108 0.035 y
   702 2.833e+01 6.979e+01 9.812e+01 0.413 0.532 0.055 y
   703 3.621e+01 4.906e+01 8.527e+01 0.722 0.162 0.116 y
   704 6.200e+01 8.790e+01 1.499e+02 0.714 0.279 0.007 y
   705 1.068e+02 1.138e+02 2.206e+02 0.951 0.034 0.015 y
   706 6.198e+01 9.840e+01 1.604e+02 0.762 0.194 0.043 y
   707 1.485e+02 1.489e+02 2.974e+02 0.978 0.009 0.014 y
   708 8.849e+01 9.388e+01 1.824e+02 0.898 0.061 0.041 y
   709 9.351e+01 6.869e+01 1.622e+02 0.857 0.141 0.002 y
   710 5.558e+01 7.713e+01 1.327e+02 0.848 0.052 0.101 y
   711 1.008e+02 9.485e+01 1.957e+02 0.964 0.024 0.012 y
   712 1.010e+02 8.012e+01 1.811e+02 0.951 0.043 0.007 y
   713 8.130e+01 8.660e+01 1.679e+02 0.952 0.034 0.015 y
   714 4.247e+01 6.099e+01 1.035e+02 0.903 0.072 0.025 y
   715 4.901e+01 6.259e+01 1.116e+02 0.922 0.064 0.014 y
   716 6.701e+01 5.914e+01 1.261e+02 0.877 0.109 0.013 y
   717 5.735e+01 8.036e+01 1.377e+02 0.897 0.103 0.000 y
   718 5.350e+01 4.853e+01 1.020e+02 0.746 0.237 0.016 y
   719 8.151e+01 8.412e+01 1.656e+02 0.947 0.043 0.009 y
   720 4.059e+01 7.589e+01 1.165e+02 0.963 0.004 0.032 y
   721 5.649e+01 6.986e+01 1.264e+02 0.769 0.138 0.094 y
   722 8.628e+01 9.826e+01 1.845e+02 0.950 0.041 0.009 y
   723 8.103e+01 9.078e+01 1.718e+02 0.937 0.047 0.016 y
   724 5.978e+01 1.115e+02 1.713e+02 0.910 0.068 0.023 y
   725 4.817e+01 7.312e+01 1.213e+02 0.904 0.046 0.049 y
   726 8.236e+01 8.176e+01 1.641e+02 0.908 0.078 0.014 y
   727 7.749e+01 7.754e+01 1.550e+02 0.751 0.173 0.076 y
   728 3.487e+01 6.275e+01 9.762e+01 0.974 0.014 0.013 y
   729 6.818e+01 8.433e+01 1.525e+02 0.974 0.007 0.019 y
   730 7.282e+01 8.053e+01 1.534e+02 0.931 0.048 0.021 y
   731 8.857e+01 9.254e+01 1.811e+02 0.962 0.033 0.005 y
   732 5.415e+01 5.728e+01 1.114e+02 0.920 0.025 0.055 y
   733 9.691e+01 5.759e+01 1.545e+02 0.877 0.111 0.011 y
   734 2.680e+01 2.541e+01 5.221e+01 0.766 0.096 0.139 y
   735 1.134e+02 1.676e+02 2.810e+02 0.966 0.024 0.010 y
   736 8.153e+01 4.322e+01 1.248e+02 0.713 0.248 0.038 y
   737 1.414e+02 1.013e+02 2.428e+02 0.945 0.052 0.003 y
   738 1.567e+02 1.751e+02 3.318e+02 0.904 0.079 0.017 y
   739 2.804e+01 6.326e+01 9.130e+01 0.666 0.279 0.055 y
   740 2.088e+02 3.687e+02 5.775e+02 0.857 0.132 0.011 y
   741 1.076e+02 2.258e+02 3.334e+02 0.848 0.141 0.011 y
   742 1.409e+02 5.565e+01 1.966e+02 0.792 0.196 0.012 y
   743 1.118e+02 8.721e+01 1.990e+02 0.794 0.204 0.003 y
   744 1.257e+02 1.100e+02 2.357e+02 0.937 0.050 0.013 y
   745 1.529e+02 9.470e+01 2.476e+02 0.921 0.078 0.002 y
   746 2.973e+01 9.174e+01 1.215e+02 0.903 0.000 0.097 y
   747 1.594e+02 2.142e+02 3.735e+02 0.956 0.030 0.015 y
   748 1.262e+02 1.122e+02 2.384e+02 0.888 0.111 0.002 y
   749 1.150e+02 9.282e+01 2.078e+02 0.903 0.095 0.002 y
   750 1.700e+02 2.264e+02 3.964e+02 0.994 0.005 0.001 y
   751 1.306e+02 1.370e+02 2.675e+02 0.935 0.064 0.001 y
   752 1.468e+02 1.223e+02 2.691e+02 0.945 0.052 0.003 y
   753 1.137e+02 3.756e+01 1.513e+02 0.775 0.214 0.011 y
   754 3.076e+01 7.073e+01 1.015e+02 0.928 0.004 0.068 y
   755 4.611e+01 4.193e+01 8.804e+01 0.916 0.031 0.053 y
   756 2.324e+02 1.507e+02 3.830e+02 0.973 0.025 0.002 y
   757 3.993e+01 1.447e+01 5.439e+01 0.555 0.278 0.167 y
   758 6.477e+01 2.497e+01 8.974e+01 0.612 0.306 0.082 y
   759 6.390e+01 2.243e+01 8.633e+01 0.623 0.312 0.065 y
   760 5.527e+01 6.285e+01 1.181e+02 0.939 0.027 0.034 y
   761 9.915e+01 1.040e+02 2.032e+02 0.956 0.030 0.014 y
   762 5.994e+01 7.470e+01 1.346e+02 0.861 0.109 0.030 y
   763 1.528e+02 1.489e+02 3.018e+02 0.970 0.015 0.014 y
   764 3.495e+01 6.628e+01 1.012e+02 0.888 0.047 0.065 y
   765 7.631e+01 7.401e+01 1.503e+02 0.946 0.036 0.018 y
   766 1.042e+02 1.152e+02 2.194e+02 0.986 0.003 0.011 y
   767 7.234e+01 5.134e+01 1.237e+02 0.873 0.052 0.075 y
   768 8.976e+01 9.621e+01 1.860e+02 0.919 0.049 0.032 y
   769 8.745e+01 9.586e+01 1.833e+02 0.921 0.033 0.047 y
   770 5.909e+01 8.088e+01 1.400e+02 0.946 0.034 0.020 y
   771 1.078e+02 9.636e+01 2.042e+02 0.956 0.033 0.011 y
   772 1.634e+02 1.585e+02 3.218e+02 0.978 0.005 0.017 y
   773 1.458e+02 1.401e+02 2.859e+02 0.984 0.009 0.007 y
   774 5.969e+01 6.939e+01 1.291e+02 0.908 0.085 0.007 y
   775 6.619e+01 7.744e+01 1.436e+02 0.942 0.043 0.015 y
   776 2.700e+01 5.291e+01 7.991e+01 0.848 0.104 0.048 y
   777 9.147e+01 7.908e+01 1.705e+02 0.964 0.035 0.001 y
   778 7.560e+01 6.455e+01 1.401e+02 0.931 0.064 0.005 y
   779 7.051e+01 9.381e+01 1.643e+02 0.948 0.032 0.020 y
   780 1.232e+02 1.130e+02 2.362e+02 0.984 0.013 0.003 y
   781 6.006e+01 7.581e+01 1.359e+02 0.896 0.088 0.015 y
   782 1.479e+02 1.362e+02 2.841e+02 0.974 0.004 0.021 y
   783 2.945e+01 3.970e+01 6.916e+01 0.933 0.031 0.036 y
   784 5.489e+01 5.046e+01 1.053e+02 0.953 0.019 0.029 y
   785 4.202e+01 6.317e+01 1.052e+02 0.911 0.044 0.045 y
   786 4.965e+01 5.260e+01 1.022e+02 0.972 0.015 0.013 y
   787 6.550e+01 1.932e+01 8.482e+01 0.788 0.073 0.139 y
   788 5.544e+01 8.100e+01 1.364e+02 0.967 0.016 0.017 y
   789 1.396e+02 1.640e+02 3.036e+02 0.983 0.014 0.002 y
   790 1.666e+02 1.168e+02 2.834e+02 0.908 0.090 0.002 y
   791 7.152e+01 6.578e+01 1.373e+02 0.945 0.036 0.018 y
   792 6.164e+01 4.257e+01 1.042e+02 0.945 0.049 0.006 y
   793 1.104e+02 2.037e+02 3.140e+02 0.958 0.034 0.007 y
   794 4.923e+01 7.510e+01 1.243e+02 0.894 0.087 0.019 y
   795 7.323e+01 8.684e+01 1.601e+02 0.909 0.084 0.007 y
   796 2.329e+01 3.958e+01 6.287e+01 0.976 0.016 0.008 y
   797 4.681e+01 4.667e+01 9.348e+01 0.926 0.047 0.026 y
   798 2.477e+01 9.398e+01 1.187e+02 0.780 0.183 0.037 y
   799 6.038e+01 1.143e+02 1.746e+02 0.824 0.125 0.052 y
   800 1.438e+02 2.110e+02 3.548e+02 0.984 0.010 0.006 y
   801 6.754e+01 5.433e+01 1.219e+02 0.871 0.125 0.004 y
   802 6.633e+01 2.359e+02 3.022e+02 0.787 0.180 0.033 y
   803 7.250e+01 1.110e+02 1.835e+02 0.976 0.023 0.001 y
   804 3.961e+01 8.939e+01 1.290e+02 0.889 0.058 0.054 y
   805 1.277e+02 7.575e+01 2.035e+02 0.953 0.046 0.001 y
   806 9.653e+01 1.331e+02 2.296e+02 0.987 0.007 0.006 y
   807 5.749e+01 9.248e+01 1.500e+02 0.928 0.071 0.000 y
   808 9.813e+01 6.057e+01 1.587e+02 0.883 0.115 0.002 y
   809 4.695e+01 7.213e+01 1.191e+02 0.852 0.137 0.010 y
   810 8.650e+01 5.251e+01 1.390e+02 0.954 0.018 0.028 y
   811 7.163e+01 5.598e+01 1.276e+02 0.934 0.057 0.009 y
   812 3.995e+01 4.988e+01 8.983e+01 0.886 0.108 0.006 y
   813 8.874e+01 4.753e+01 1.363e+02 0.955 0.018 0.027 y
   814 1.020e+02 1.706e+02 2.726e+02 0.996 0.001 0.004 y
   815 9.291e+01 2.132e+02 3.061e+02 0.985 0.010 0.004 y
   816 4.255e+01 6.321e+01 1.058e+02 0.972 0.019 0.009 y
   817 1.819e+02 1.466e+02 3.284e+02 0.990 0.004 0.006 y
   818 1.270e+02 2.189e+02 3.459e+02 0.992 0.008 0.000 y
   819 6.000e+01 5.147e+01 1.115e+02 0.924 0.046 0.030 y
   820 1.409e+01 5.837e+01 7.247e+01 0.622 0.258 0.120 y
   821 1.214e+02 1.297e+02 2.511e+02 0.977 0.023 0.000 y
   822 1.408e+02 1.119e+02 2.527e+02 0.944 0.051 0.004 y
   823 1.529e+02 2.325e+02 3.854e+02 0.946 0.050 0.003 y
   824 6.044e+01 1.386e+02 1.990e+02 0.938 0.041 0.021 y
   825 2.287e+02 4.171e+02 6.458e+02 0.962 0.038 0.000 y
   826 1.047e+02 1.507e+02 2.554e+02 0.926 0.069 0.005 y
   827 7.270e+01 6.104e+01 1.337e+02 0.967 0.012 0.021 y
   828 9.246e+01 1.010e+02 1.935e+02 0.963 0.028 0.009 y
   829 1.268e+02 1.541e+02 2.808e+02 0.897 0.100 0.004 y
   830 2.171e+02 1.565e+02 3.736e+02 0.965 0.034 0.002 y
   831 1.700e+02 2.540e+02 4.240e+02 0.969 0.028 0.002 y
   832 5.708e+01 5.194e+01 1.090e+02 0.955 0.024 0.021 y
   833 5.701e+01 1.095e+02 1.665e+02 0.952 0.011 0.037 y
   834 1.075e+02 1.092e+02 2.168e+02 0.943 0.041 0.016 y
   835 3.451e+01 3.967e+01 7.418e+01 0.632 0.316 0.051 y
   836 7.307e+01 7.961e+01 1.527e+02 0.665 0.333 0.002 y
   837 1.921e+01 3.192e+01 5.113e+01 0.653 0.326 0.021 y
   838 1.726e+02 1.927e+02 3.652e+02 0.942 0.058 0.001 y
   839 6.735e+01 8.294e+01 1.503e+02 0.954 0.032 0.014 y
   840 7.311e+01 4.799e+01 1.211e+02 0.942 0.041 0.017 y
   841 8.777e+01 1.186e+02 2.064e+02 0.983 0.016 0.001 y
   842 1.023e+02 9.254e+01 1.949e+02 0.992 0.006 0.002 y
   843 1.225e+02 1.667e+02 2.892e+02 0.972 0.025 0.004 y
   844 7.141e+01 1.009e+02 1.723e+02 0.900 0.095 0.006 y
   845 1.826e+02 1.439e+02 3.265e+02 0.962 0.032 0.005 y
   846 1.027e+02 1.115e+02 2.143e+02 0.938 0.058 0.004 y
   847 1.451e+02 1.308e+02 2.759e+02 0.986 0.008 0.006 y
   848 6.784e+01 7.723e+01 1.451e+02 0.951 0.017 0.032 y
   849 8.168e+01 1.063e+02 1.880e+02 0.937 0.047 0.017 y
   850 7.462e+01 5.726e+01 1.319e+02 0.960 0.026 0.014 y
   851 1.436e+02 1.571e+02 3.007e+02 0.965 0.022 0.013 y
   852 1.671e+01 7.784e+01 9.454e+01 0.856 0.059 0.085 y
   853 6.254e+01 8.028e+01 1.428e+02 0.903 0.085 0.012 y
   854 9.495e+01 1.357e+02 2.307e+02 0.979 0.020 0.001 y
   855 5.660e+01 1.015e+02 1.581e+02 0.941 0.039 0.020 y
   856 5.512e+01 1.074e+02 1.626e+02 0.908 0.078 0.014 y
   857 8.033e+01 5.609e+01 1.364e+02 0.968 0.026 0.007 y
   858 2.525e+01 6.302e+01 8.827e+01 0.863 0.118 0.019 y
   859 5.435e+01 6.613e+01 1.205e+02 0.903 0.063 0.034 y
   860 4.141e+01 9.227e+01 1.337e+02 0.829 0.138 0.033 y
   861 6.693e+01 3.229e+01 9.921e+01 0.883 0.097 0.020 y
   862 1.299e+02 3.012e+02 4.311e+02 0.835 0.124 0.041 y
   863 9.196e+01 1.251e+02 2.171e+02 0.763 0.218 0.019 y
   864 2.656e+02 3.251e+02 5.907e+02 0.974 0.026 0.000 y
   865 1.562e+02 1.304e+02 2.866e+02 0.926 0.071 0.002 y
   866 3.418e+01 6.088e+01 9.505e+01 0.913 0.059 0.028 y
   867 3.822e+01 4.299e+01 8.121e+01 0.782 0.122 0.096 y
   868 7.420e+01 6.268e+01 1.369e+02 0.801 0.163 0.036 y
   869 6.163e+01 1.085e+02 1.701e+02 0.897 0.055 0.049 y
   870 6.314e+01 9.494e+01 1.581e+02 0.936 0.049 0.015 y
   871 1.196e+02 1.636e+02 2.832e+02 0.976 0.021 0.003 y
   872 1.934e+02 2.420e+02 4.354e+02 0.975 0.017 0.008 y
   873 1.110e+02 8.232e+01 1.933e+02 0.797 0.197 0.007 y
   874 1.060e+02 1.738e+02 2.798e+02 0.859 0.139 0.002 y
   875 1.152e+02 1.324e+02 2.476e+02 0.910 0.076 0.014 y
   876 1.188e+02 1.814e+02 3.001e+02 0.922 0.075 0.003 y
   877 6.054e+01 8.903e+01 1.496e+02 0.806 0.184 0.010 y
   878 8.208e+01 1.283e+02 2.103e+02 0.937 0.062 0.000 y
   879 2.200e+02 2.835e+02 5.035e+02 0.966 0.026 0.008 y
   880 5.222e+01 8.745e+01 1.397e+02 0.979 0.017 0.004 y
   881 6.466e+01 7.538e+01 1.400e+02 0.953 0.028 0.019 y
   882 7.906e+01 5.996e+01 1.390e+02 0.901 0.011 0.088 y
   883 1.743e+02 1.759e+02 3.502e+02 0.954 0.038 0.008 y
   884 1.670e+02 1.174e+02 2.844e+02 0.922 0.070 0.007 y
   885 8.117e+01 1.170e+02 1.982e+02 0.884 0.101 0.015 y
   886 5.850e+01 1.368e+02 1.953e+02 0.738 0.222 0.040 y
   887 1.164e+02 1.296e+02 2.460e+02 0.939 0.061 0.000 y
   888 4.622e+01 2.477e+01 7.099e+01 0.875 0.085 0.040 y
   889 8.551e+01 8.459e+01 1.701e+02 0.963 0.023 0.014 y
   890 1.188e+02 1.285e+02 2.473e+02 0.977 0.022 0.001 y
   891 1.140e+02 1.300e+02 2.440e+02 0.980 0.013 0.007 y
   892 5.700e+01 4.027e+01 9.727e+01 0.932 0.023 0.045 y
   893 9.174e+01 1.670e+02 2.587e+02 0.877 0.104 0.019 y
   894 9.833e+01 8.923e+01 1.876e+02 0.992 0.004 0.004 y
   895 8.457e+01 1.243e+02 2.088e+02 0.901 0.096 0.003 y
   896 1.335e+02 9.635e+01 2.298e+02 0.921 0.069 0.009 y
   897 1.431e+02 1.182e+02 2.613e+02 0.930 0.044 0.026 y
   898 1.484e+01 8.023e+01 9.508e+01 0.730 0.176 0.094 y
   899 1.163e+02 1.188e+02 2.351e+02 0.900 0.062 0.039 y
   900 5.845e+01 8.600e+01 1.444e+02 0.923 0.035 0.042 y
   901 8.728e+01 1.085e+02 1.958e+02 0.949 0.009 0.042 y
   902 5.850e+01 8.937e+01 1.479e+02 0.979 0.014 0.007 y
   903 5.869e+01 3.902e+01 9.771e+01 0.814 0.126 0.060 y
   904 6.386e+01 7.860e+01 1.425e+02 0.956 0.018 0.025 y
   905 4.216e+01 7.358e+01 1.157e+02 0.944 0.039 0.017 y
   906 2.626e+01 5.935e+01 8.561e+01 0.857 0.078 0.066 y
   907 6.095e+01 6.245e+01 1.234e+02 0.858 0.100 0.041 y
   908 1.089e+02 9.821e+01 2.071e+02 0.926 0.066 0.008 y
   909 1.101e+02 4.964e+01 1.597e+02 0.918 0.060 0.022 y
   910 1.122e+02 8.989e+01 2.021e+02 0.979 0.020 0.001 y
   911 2.082e+01 5.461e+01 7.543e+01 0.801 0.152 0.047 y
   912 6.862e+01 6.922e+01 1.378e+02 0.963 0.019 0.018 y
   913 7.410e+01 4.846e+01 1.226e+02 0.806 0.069 0.125 y
   914 6.777e+01 9.531e+01 1.631e+02 0.874 0.115 0.011 y
   915 4.582e+01 9.347e+01 1.393e+02 0.814 0.148 0.038 y
   916 7.118e+01 4.994e+01 1.211e+02 0.890 0.090 0.020 y
   917 1.079e+02 5.668e+01 1.645e+02 0.774 0.197 0.029 y
   918 6.357e+01 3.612e+01 9.969e+01 0.648 0.308 0.044 y
   919 5.038e+01 5.703e+01 1.074e+02 0.716 0.211 0.073 y
   920 1.819e+02 1.194e+02 3.013e+02 0.878 0.095 0.026 y
   921 5.978e+01 6.514e+01 1.249e+02 0.887 0.087 0.026 y
   922 5.983e+01 6.408e+01 1.239e+02 0.810 0.134 0.056 y
   923 6.953e+01 9.137e+01 1.609e+02 0.895 0.105 0.000 y
   924 4.414e+01 7.593e+01 1.201e+02 0.839 0.117 0.044 y
   925 9.138e+01 7.250e+01 1.639e+02 0.863 0.131 0.005 y
   926 7.511e+01 1.380e+02 2.131e+02 0.901 0.095 0.004 y
   927 7.288e+01 5.946e+01 1.323e+02 0.840 0.140 0.020 y
   928 2.227e+01 7.341e+01 9.568e+01 0.645 0.293 0.062 y
   929 6.004e+01 5.968e+01 1.197e+02 0.750 0.233 0.017 y
   930 3.489e+01 7.407e+01 1.090e+02 0.826 0.162 0.012 y
   931 1.055e+02 7.568e+01 1.812e+02 0.943 0.056 0.000 y
   932 8.340e+01 7.128e+01 1.547e+02 0.842 0.135 0.023 y
   933 8.008e+01 4.981e+01 1.299e+02 0.934 0.022 0.044 y
   934 9.742e+01 1.116e+02 2.090e+02 0.966 0.003 0.031 y
   935 3.027e+01 2.289e+01 5.316e+01 0.749 0.132 0.119 y
   936 7.191e+01 4.577e+01 1.177e+02 0.903 0.082 0.015 y
   937 6.295e+01 6.200e+01 1.250e+02 0.819 0.152 0.029 y
   938 6.675e+01 5.624e+01 1.230e+02 0.836 0.080 0.083 y
   939 7.086e+01 5.569e+01 1.265e+02 0.819 0.154 0.027 y
   940 6.113e+01 6.914e+01 1.303e+02 0.877 0.098 0.025 y
   941 7.982e+01 7.703e+01 1.568e+02 0.985 0.012 0.003 y
   942 6.703e+01 6.155e+00 7.318e+01 0.250 0.204 0.546 y
   943 6.018e+01 3.724e+01 9.742e+01 0.713 0.135 0.152 y
   944 5.485e+01 1.171e+02 1.720e+02 0.901 0.052 0.047 y
   945 6.513e+01 8.447e+01 1.496e+02 0.800 0.143 0.057 y
   946 2.755e+01 6.919e+01 9.674e+01 0.838 0.152 0.011 y
   947 5.119e+01 6.150e+01 1.127e+02 0.897 0.084 0.019 y
   948 5.350e+01 8.676e+01 1.403e+02 0.735 0.156 0.109 y
   949 3.259e+01 9.299e+01 1.256e+02 0.808 0.096 0.096 y
   950 4.562e+01 4.279e+01 8.841e+01 0.807 0.152 0.041 y
   951 5.612e+01 4.490e+01 1.010e+02 0.826 0.155 0.019 y
   952 4.088e+01 5.551e+01 9.639e+01 0.870 0.108 0.022 y
   953 6.154e+01 5.897e+01 1.205e+02 0.872 0.101 0.027 y
   954 5.215e+01 3.635e+01 8.850e+01 0.827 0.133 0.040 y
   955 6.336e+01 7.683e+01 1.402e+02 0.926 0.054 0.021 y
   956 6.730e+01 6.459e+01 1.319e+02 0.866 0.108 0.025 y
   957 9.257e+01 5.117e+01 1.437e+02 0.885 0.102 0.013 y
   958 8.470e+01 7.364e+01 1.583e+02 0.908 0.077 0.015 y
   959 1.359e+02 1.131e+02 2.489e+02 0.973 0.026 0.001 y
   960 7.633e+01 6.994e+01 1.463e+02 0.893 0.106 0.001 y
   961 2.150e+01 2.161e+01 4.312e+01 0.763 0.017 0.220 y
   962 2.718e+01 2.819e+01 5.537e+01 0.811 0.020 0.169 y
   963 4.893e+01 5.518e+01 1.041e+02 0.948 0.020 0.032 y
   964 5.213e+01 5.861e+01 1.107e+02 0.942 0.017 0.040 y
   965 5.434e+01 4.258e+01 9.692e+01 0.883 0.031 0.086 y
   966 6.131e+01 5.913e+01 1.204e+02 0.868 0.092 0.041 y
   967 2.689e+01 2.900e+01 5.589e+01 0.781 0.113 0.107 y
   968 6.108e+01 8.151e+01 1.426e+02 0.915 0.024 0.061 y
   969 1.130e+02 6.800e+01 1.810e+02 0.838 0.152 0.010 y
   970 3.038e+01 3.809e+01 6.847e+01 0.916 0.042 0.043 y
   971 9.395e+01 1.840e+02 2.780e+02 0.880 0.120 0.001 y
   972 1.567e+02 1.026e+02 2.593e+02 0.885 0.115 0.000 y
   973 1.077e+02 9.554e+01 2.033e+02 0.944 0.034 0.022 y
   974 2.144e+02 2.284e+02 4.428e+02 0.939 0.059 0.002 y
   975 8.374e+01 5.575e+01 1.395e+02 0.911 0.072 0.017 y
   976 1.226e+02 9.946e+01 2.221e+02 0.953 0.043 0.004 y
   977 8.657e+01 9.053e+01 1.771e+02 0.932 0.045 0.024 y
   978 3.639e+01 5.179e+01 8.818e+01 0.880 0.062 0.058 y
   979 6.258e+01 2.246e+01 8.504e+01 0.611 0.213 0.176 y
   980 5.833e+01 3.445e+01 9.278e+01 0.762 0.164 0.073 y
   981 4.032e+01 7.912e+01 1.194e+02 0.811 0.110 0.079 y
   982 7.576e+01 7.463e+01 1.504e+02 0.928 0.022 0.050 y
   983 9.366e+01 7.518e+01 1.688e+02 0.885 0.088 0.027 y
   984 4.718e+01 6.101e+01 1.082e+02 0.793 0.164 0.043 y
   985 5.676e+01 6.758e+01 1.243e+02 0.934 0.064 0.002 y
   986 6.165e+01 6.595e+01 1.276e+02 0.936 0.041 0.024 y
   987 6.371e+01 6.357e+01 1.273e+02 0.810 0.125 0.065 y
   988 6.694e+01 6.574e+01 1.327e+02 0.904 0.050 0.046 y
   989 2.331e+01 3.390e+01 5.721e+01 0.717 0.099 0.184 y
   990 5.745e+01 4.372e+01 1.012e+02 0.913 0.012 0.075 y
   991 4.513e+01 5.143e+01 9.657e+01 0.874 0.021 0.106 y
   992 4.193e+01 4.177e+01 8.369e+01 0.921 0.020 0.059 y
   993 4.649e+01 6.256e+01 1.090e+02 0.978 0.002 0.020 y
   994 4.392e+01 5.386e+01 9.778e+01 0.858 0.077 0.065 y
   995 7.507e+01 8.715e+01 1.622e+02 0.972 0.001 0.028 y
   996 3.930e+01 3.842e+01 7.773e+01 0.936 0.017 0.047 y
   997 7.636e+01 5.301e+01 1.294e+02 0.886 0.076 0.038 y
   998 5.430e+01 4.136e+01 9.566e+01 0.838 0.036 0.126 y
   999 6.591e+01 3.937e+01 1.053e+02 0.934 0.056 0.010 y
  1000 1.530e+02 1.368e+02 2.898e+02 0.965 0.021 0.014 y
  1001 6.536e+01 4.692e+01 1.123e+02 0.922 0.077 0.001 y
  1002 1.319e+02 8.517e+01 2.170e+02 0.944 0.055 0.001 y
  1003 8.892e+01 7.438e+01 1.633e+02 0.938 0.049 0.013 y
  1004 7.524e+01 8.195e+01 1.572e+02 0.954 0.022 0.024 y
  1005 2.433e+01 4.083e+01 6.516e+01 0.762 0.162 0.076 y
  1006 2.171e+01 4.547e+01 6.717e+01 0.955 0.008 0.037 y
  1007 5.659e+01 5.577e+01 1.124e+02 0.969 0.006 0.025 y
  1008 2.704e+01 7.789e+01 1.049e+02 0.869 0.101 0.029 y
  1009 8.702e+01 7.460e+01 1.616e+02 0.968 0.022 0.010 y
  1010 9.709e+01 1.073e+02 2.044e+02 0.647 0.324 0.029 y
  1011 1.062e+02 1.435e+02 2.497e+02 0.983 0.006 0.011 y
  1012 1.252e+02 1.478e+02 2.729e+02 0.955 0.021 0.024 y
  1013 1.393e+02 1.090e+02 2.483e+02 0.978 0.015 0.007 y
  1014 1.040e+02 8.684e+01 1.909e+02 0.968 0.023 0.009 y
  1015 1.584e+02 1.163e+02 2.746e+02 0.988 0.009 0.003 y
  1016 1.033e+02 8.063e+01 1.839e+02 0.961 0.021 0.018 y
  1017 9.333e+01 1.107e+02 2.040e+02 0.954 0.034 0.012 y
  1018 5.506e+01 5.487e+01 1.099e+02 0.871 0.126 0.003 y
  1019 1.070e+02 1.128e+02 2.198e+02 0.919 0.065 0.015 y
  1020 8.249e+01 7.913e+01 1.616e+02 0.926 0.051 0.023 y
  1021 1.143e+02 1.273e+02 2.416e+02 0.968 0.022 0.010 y
  1022 5.546e+01 4.647e+01 1.019e+02 0.959 0.022 0.019 y
  1023 6.661e+01 5.822e+01 1.248e+02 0.893 0.075 0.033 y
  1024 8.758e+01 5.191e+01 1.395e+02 0.928 0.060 0.013 y
  1025 8.023e+01 6.244e+01 1.427e+02 0.913 0.070 0.016 y
  1026 5.699e+01 6.020e+01 1.172e+02 0.908 0.067 0.025 y
  1027 3.950e+01 4.884e+01 8.834e+01 0.750 0.227 0.023 y
  1028 8.497e+01 9.928e+01 1.843e+02 0.902 0.094 0.005 y
  1029 6.272e+01 8.945e+01 1.522e+02 0.857 0.117 0.026 y
  1030 5.588e+01 4.838e+01 1.043e+02 0.803 0.148 0.050 y
  1031 7.503e+01 9.058e+01 1.656e+02 0.845 0.127 0.028 y
  1032 7.740e+01 5.617e+01 1.336e+02 0.915 0.068 0.017 y
  1033 4.469e+01 7.502e+01 1.197e+02 0.877 0.056 0.067 y
  1034 8.031e+01 1.283e+02 2.086e+02 0.979 0.012 0.009 y
  1035 6.050e+01 6.230e+01 1.228e+02 0.911 0.084 0.005 y
  1036 6.734e+01 9.149e+01 1.588e+02 0.900 0.076 0.025 y
  1037 7.812e+01 5.175e+01 1.299e+02 0.941 0.038 0.022 y
  1038 8.111e+01 6.345e+01 1.446e+02 0.962 0.017 0.021 y
  1039 1.029e+02 1.033e+02 2.062e+02 0.881 0.104 0.015 y
  1040 9.390e+01 9.009e+01 1.840e+02 0.917 0.063 0.020 y
  1041 6.676e+01 5.653e+01 1.233e+02 0.921 0.064 0.015 y
  1042 7.441e+01 5.902e+01 1.334e+02 0.853 0.120 0.027 y
  1043 8.726e+01 8.186e+01 1.691e+02 0.900 0.080 0.020 y
  1044 7.094e+01 6.731e+01 1.383e+02 0.788 0.160 0.052 y
  1045 7.251e+01 6.044e+01 1.329e+02 0.803 0.153 0.044 y
  1046 5.202e+01 4.862e+01 1.006e+02 0.708 0.231 0.061 y
  1047 3.217e+01 1.344e+02 1.665e+02 0.465 0.417 0.118 y
  1048 6.136e+01 7.457e+01 1.359e+02 0.681 0.299 0.021 y
  1049 6.194e+01 6.850e+01 1.304e+02 0.805 0.178 0.016 y
  1050 5.027e+01 5.070e+01 1.010e+02 0.832 0.150 0.018 y
  1051 8.655e+01 9.761e+01 1.842e+02 0.792 0.194 0.014 y
  1052 7.363e+01 9.481e+01 1.684e+02 0.870 0.120 0.010 y
  1053 5.992e+01 3.605e+01 9.597e+01 0.852 0.113 0.034 y
  1054 3.793e+01 5.095e+01 8.887e+01 0.747 0.217 0.036 y
  1055 7.217e+01 8.253e+01 1.547e+02 0.893 0.106 0.001 y
  1056 4.831e+01 5.915e+01 1.075e+02 0.806 0.128 0.066 y
  1057 6.301e+01 2.203e+01 8.504e+01 0.545 0.384 0.071 y
  1058 6.538e+01 6.626e+01 1.316e+02 0.944 0.048 0.008 y
  1059 9.667e+01 7.270e+01 1.694e+02 0.945 0.048 0.007 y
  1060 6.209e+01 1.296e+02 1.917e+02 0.854 0.146 0.000 y
  1061 5.392e+01 4.780e+01 1.017e+02 0.926 0.067 0.008 y
  1062 8.748e+01 1.113e+01 9.861e+01 0.392 0.578 0.029 y
  1063 7.050e+01 8.855e+01 1.590e+02 0.878 0.113 0.009 y
  1064 9.646e+01 9.173e+01 1.882e+02 0.785 0.207 0.008 y
  1065 6.013e+01 1.147e+02 1.749e+02 0.837 0.162 0.000 y
  1066 4.765e+01 6.192e+01 1.096e+02 0.890 0.097 0.013 y
  1067 8.878e+01 1.094e+02 1.982e+02 0.927 0.072 0.000 y
  1068 5.826e+01 7.468e+01 1.329e+02 0.728 0.231 0.041 y
  1069 8.505e+01 1.034e+02 1.885e+02 0.836 0.129 0.035 y
  1070 7.576e+01 8.295e+01 1.587e+02 0.916 0.066 0.018 y
  1071 6.613e+01 1.740e+01 8.354e+01 0.326 0.537 0.137 y
  1072 7.378e+01 1.829e+02 2.567e+02 0.648 0.318 0.035 y
  1073 5.859e+01 9.460e+01 1.532e+02 0.858 0.135 0.007 y
  1074 9.792e+01 8.370e+01 1.816e+02 0.698 0.269 0.032 y
  1075 1.090e+02 1.542e+02 2.632e+02 0.787 0.205 0.008 y
  1076 9.687e+01 2.325e+01 1.201e+02 0.641 0.190 0.169 y
  1077 1.034e+02 1.577e+02 2.611e+02 0.963 0.026 0.010 y
  1078 1.140e+02 1.881e+02 3.021e+02 0.915 0.073 0.0INFO: interp_fn.c(159): Interpolating CD states
INFO: main.c(513): Writing /home/yaroslav/model/model_parameters/ua.cd_semi_1000_delinterp/mixture_weights
INFO: s3mixw_io.c(233): Wrote /home/yaroslav/model/model_parameters/ua.cd_semi_1000_delinterp/mixture_weights [1147x4x256 array]
12 y
  1079 6.953e+01 1.050e+02 1.746e+02 0.863 0.129 0.008 y
  1080 1.126e+02 1.280e+02 2.406e+02 0.938 0.061 0.001 y
  1081 1.151e+02 7.151e+01 1.867e+02 0.941 0.047 0.013 y
  1082 4.898e+01 5.410e+01 1.031e+02 0.837 0.095 0.069 y
  1083 5.112e+01 9.460e+01 1.457e+02 0.759 0.238 0.003 y
  1084 4.246e+01 5.012e+01 9.258e+01 0.758 0.176 0.067 y
  1085 1.432e+02 9.327e+01 2.365e+02 0.877 0.122 0.001 y
  1086 1.281e+02 1.600e+02 2.881e+02 0.803 0.190 0.006 y
  1087 7.611e+01 4.563e+01 1.217e+02 0.760 0.195 0.046 y
  1088 3.498e+01 3.996e+01 7.494e+01 0.823 0.123 0.054 y
  1089 3.840e+01 5.012e+01 8.852e+01 0.931 0.059 0.010 y
  1090 8.059e+01 1.130e+02 1.936e+02 0.724 0.271 0.005 y
  1091 7.994e+01 5.328e+01 1.332e+02 0.869 0.109 0.022 y
  1092 4.967e+01 5.061e+01 1.003e+02 0.796 0.191 0.013 y
  1093 8.816e+01 8.449e+01 1.726e+02 0.931 0.043 0.026 y
  1094 7.249e+01 6.007e+01 1.326e+02 0.879 0.090 0.031 y
  1095 1.018e+02 7.506e+01 1.769e+02 0.648 0.331 0.021 y
  1096 1.113e+02 1.316e+02 2.429e+02 0.816 0.173 0.011 y
  1097 4.984e+01 6.960e+01 1.194e+02 0.848 0.124 0.028 y
  1098 8.505e+01 4.737e+01 1.324e+02 0.721 0.147 0.132 y
  1099 7.271e+01 4.814e+01 1.209e+02 0.743 0.189 0.068 y
  1100 3.928e+01 7.157e+01 1.108e+02 0.729 0.188 0.084 y
  1101 7.733e+01 5.430e+01 1.316e+02 0.977 0.016 0.007 y
  1102 6.962e+01 6.507e+01 1.347e+02 0.875 0.096 0.030 y
  1103 3.359e+01 1.576e+01 4.935e+01 0.544 0.272 0.184 y
  1104 3.385e+01 1.146e+01 4.531e+01 0.614 0.307 0.079 y
  1105 3.962e+01 2.500e+01 6.463e+01 0.594 0.297 0.109 y
  1106 0.000e+00 0.000e+00 0.000e+00 0.333 0.333 0.333 y
  1107 0.000e+00 0.000e+00 0.000e+00 0.333 0.333 0.333 y
  1108 0.000e+00 0.000e+00 0.000e+00 0.333 0.333 0.333 y
  1109 6.448e+01 5.471e+01 1.192e+02 0.882 0.092 0.026 y
  1110 1.184e+02 9.247e+01 2.108e+02 0.918 0.056 0.026 y
  1111 1.003e+02 1.143e+02 2.146e+02 0.926 0.062 0.013 y
  1112 5.447e+01 1.081e+02 1.626e+02 0.807 0.184 0.009 y
  1113 1.227e+02 1.053e+02 2.281e+02 0.891 0.104 0.005 y
  1114 7.263e+01 6.922e+01 1.419e+02 0.907 0.051 0.041 y
  1115 6.638e+01 8.183e+01 1.482e+02 0.875 0.084 0.041 y
  1116 6.262e+01 1.325e+02 1.951e+02 0.885 0.070 0.045 y
  1117 4.466e+01 1.409e+02 1.856e+02 0.860 0.084 0.056 y
  1118 8.448e+01 4.875e+01 1.332e+02 0.874 0.101 0.025 y
  1119 7.503e+01 6.567e+01 1.407e+02 0.964 0.007 0.029 y
  1120 1.025e+02 1.139e+02 2.164e+02 0.923 0.070 0.007 y
  1121 6.794e+01 7.748e+01 1.454e+02 0.926 0.065 0.008 y
  1122 1.054e+02 8.864e+01 1.941e+02 0.963 0.030 0.007 y
  1123 5.906e+01 1.013e+02 1.604e+02 0.889 0.083 0.028 y
  1124 3.809e+01 8.591e+01 1.240e+02 0.881 0.107 0.012 y
  1125 1.010e+02 1.006e+02 2.016e+02 0.960 0.013 0.028 y
  1126 4.716e+01 4.653e+01 9.369e+01 0.950 0.035 0.015 y
  1127 8.547e+01 6.906e+01 1.545e+02 0.985 0.004 0.010 y
  1128 3.521e+01 6.547e+01 1.007e+02 0.930 0.066 0.005 y
  1129 4.936e+01 9.513e+01 1.445e+02 0.914 0.069 0.017 y
  1130 7.201e+01 7.834e+01 1.503e+02 0.984 0.011 0.005 y
  1131 4.972e+01 9.453e+01 1.442e+02 0.926 0.072 0.002 y
  1132 2.154e+02 1.930e+02 4.085e+02 0.986 0.009 0.005 y
  1133 1.276e+02 7.827e+01 2.058e+02 0.896 0.084 0.020 y
  1134 7.919e+01 9.852e+01 1.777e+02 0.923 0.070 0.007 y
  1135 8.023e+01 5.588e+01 1.361e+02 0.876 0.109 0.016 y
  1136 1.239e+02 1.155e+02 2.394e+02 0.966 0.016 0.017 y
  1137 2.128e+02 1.807e+02 3.936e+02 0.968 0.031 0.001 y
  1138 1.933e+02 1.397e+02 3.330e+02 0.963 0.034 0.003 y
  1139 7.226e+01 5.129e+01 1.236e+02 0.989 0.006 0.004 y
  1140 3.083e+01 8.138e+01 1.122e+02 0.831 0.084 0.085 y
  1141 0.000e+00 0.000e+00 0.000e+00 0.000 0.000 1.000 y
  1142 0.000e+00 0.000e+00 0.000e+00 0.000 0.000 1.000 y
  1143 0.000e+00 0.000e+00 0.000e+00 0.000 0.000 1.000 y
  1144 3.702e+01 4.906e+01 8.608e+01 0.545 0.273 0.182 y
  1145 6.510e+01 4.929e+01 1.144e+02 0.586 0.293 0.121 y
  1146 7.205e+01 8.921e+01 1.613e+02 0.637 0.319 0.044 y
Thu Apr  7 00:57:42 2016
