        INFO: main.c(229): Compiled on Mar 30 2016 at 05:22:39
Current configuration:
[NAME]		[DEFLT]		[VALUE]
-2passvar	no		yes
-abeam		1e-100		1.000000e-90
-accumdir			/home/yaroslav/model/bwaccumdir/ua_buff_1
-agc		none		none
-agcthresh	2.0		2.000000e+00
-bbeam		1e-100		1.000000e-10
-cb2mllrfn	.1cls.		.1cls.
-cepdir				/home/yaroslav/model/feat
-cepext		mfc		mfc
-ceplen		13		13
-ckptintv			0
-cmn		current		current
-cmninit	8.0		8.0
-ctlfn				/home/yaroslav/model/etc/ua_train.fileids
-diagfull	no		yes
-dictfn				/home/yaroslav/model/etc/ua.dic.full
-example	no		no
-fdictfn			/home/yaroslav/model/etc/ua.filler
-feat		1s_c_d_dd	s2_4x
-fullvar	no		yes
-help		no		no
-hmmdir				
-latdir				
-latext				
-lda				
-ldadim		0		0
-lsnfn				/home/yaroslav/model/etc/ua_train.transcription
-lw		11.5		1.150000e+01
-maxuttlen	0		0
-meanfn				/home/yaroslav/model/model_parameters/ua.cd_semi_untied/means
-meanreest	yes		yes
-mixwfn				/home/yaroslav/model/model_parameters/ua.cd_semi_untied/mixture_weights
-mixwreest	yes		yes
-mllrmat			
-mmie		no		no
-mmie_type	rand		rand
-moddeffn			/home/yaroslav/model/model_architecture/ua.untied.mdef
-mwfloor	0.00001		1.000000e-08
-npart				1
-nskip				0
-outphsegdir			
-outputfullpath	no		no
-part				1
-pdumpdir			
-phsegdir			
-phsegext	phseg		phseg
-runlen		-1		-1
-sentdir			
-sentext	sent		sent
-spthresh	0.0		0.000000e+00
-svspec				
-timing		yes		no
-tmatfn				/home/yaroslav/model/model_parameters/ua.cd_semi_untied/transition_matrices
-tmatreest	yes		yes
-topn		4		1
-tpfloor	0.0001		1.000000e-04
-ts2cbfn			.semi.
-varfloor	0.00001		1.000000e-04
-varfn				/home/yaroslav/model/model_parameters/ua.cd_semi_untied/variances
-varnorm	no		yes
-varreest	yes		yes
-viterbi	no		no

INFO: feat.c(715): Initializing feature stream to type: 's2_4x', ceplen=13, CMN='current', VARNORM='yes', AGC='none'
INFO: cmn.c(143): mean[0]= 12.00, mean[1..12]= 0.0
INFO: main.c(318): Reading /home/yaroslav/model/model_architecture/ua.untied.mdef
INFO: model_def_io.c(573): Model definition info:
INFO: model_def_io.c(574): 7543 total models defined (49 base, 7494 tri)
INFO: model_def_io.c(575): 30172 total states
INFO: model_def_io.c(576): 22629 total tied states
INFO: model_def_io.c(577): 147 total tied CI states
INFO: model_def_io.c(578): 49 total tied transition matrices
INFO: model_def_io.c(579): 4 max state/model
INFO: model_def_io.c(580): 4 min state/model
INFO: s3mixw_io.c(117): Read /home/yaroslav/model/model_parameters/ua.cd_semi_untied/mixture_weights [22629x4x256 array]
INFO: mod_inv.c(408): Failed to norm for 867 mixw: 36 37 38 132 133 134 174 175 176 222 223 224 294 295 296 333 334 335 423 424 425 501 502 503 507 508 509 549 550 551 567 568 569 633 634 635 831 832 833 840 841 842 912 913 914 1005 1006 1007 1014 1015 1016 1050 1051 1052 1056 1057 1058 1104 1105 1106 1221 1222 1223 1233 1234 1235 1245 1246 1247 1371 1372 1373 1422 1423 1424 1500 1501 1502 1539 1540 1541 1545 1546 1547 1548 1549 1550 1560 1561 1562 1662 1663 1664 1713 1714 1715 1782 1783 1784 1824 1825 1826 1932 1933 1934 1974 1975 1976 2019 2020 2021 2022 2023 2024 2025 2026 2027 2136 2137 2138 2139 2140 2141 2229 2230 2231 2343 2344 2345 2349 2350 2351 2376 2377 2378 2562 2563 2564 2607 2608 2609 2733 2734 2735 2787 2788 2789 2877 2878 2879 2883 2884 2885 2889 2890 2891 2895 2896 2897 2898 2899 2900 2946 2947 2948 3027 3028 3029 3072 3073 3074 3123 3124 3125 3246 3247 3248 3309 3310 3311 3399 3400 3401 3558 3559 3560 3741 3742 3743 3924 3925 3926 3999 4000 4001 4101 4102 4103 4248 4249 4250 4254 4255 4256 4338 4339 4340 4419 4420 4421 5058 5059 5060 5073 5074 5075 5220 5221 5222 5289 5290 5291 5397 5398 5399 5508 5509 5510 5556 5557 5558 5559 5560 5561 5565 5566 5567 5616 5617 5618 5649 5650 5651 5895 5896 5897 5919 5920 5921 6027 6028 6029 6030 6031 6032 6270 6271 6272 6285 6286 6287 6303 6304 6305 6387 6388 6389 6438 6439 6440 6462 6463 6464 6513 6514 6515 6549 6550 6551 6585 6586 6587 6588 6589 6590 6591 6592 6593 6612 6613 6614 6885 6886 6887 6927 6928 6929 7236 7237 7238 7239 7240 7241 7455 7456 7457 7482 7483 7484 7590 7591 7592 7668 7669 7670 7746 7747 7748 7866 7867 7868 7911 7912 7913 8055 8056 8057 8058 8059 8060 8115 8116 8117 8301 8302 8303 8550 8551 8552 8784 8785 8786 8874 8875 8876 8910 8911 8912 8928 8929 8930 8982 8983 8984 9003 9004 9005 9072 9073 9074 9129 9130 9131 9162 9163 9164 9225 9226 9227 9444 9445 9446 9585 9586 9587 9666 9667 9668 9699 9700 9701 9711 9712 9713 9765 9766 9767 9840 9841 9842 9846 9847 9848 10020 10021 10022 10026 10027 10028 10128 10129 10130 10131 10132 10133 10191 10192 10193 10308 10309 10310 10359 10360 10361 10392 10393 10394 10521 10522 10523 10608 10609 10610 10785 10786 10787 10788 10789 10790 10944 10945 10946 11049 11050 11051 11154 11155 11156 11205 11206 11207 11226 11227 11228 11337 11338 11339 11376 11377 11378 11400 11401 11402 11610 11611 11612 11808 11809 11810 11916 11917 11918 11949 11950 11951 12039 12040 12041 12045 12046 12047 12111 12112 12113 12189 12190 12191 12195 12196 12197 12270 12271 12272 12339 12340 12341 12429 12430 12431 12678 12679 12680 13011 13012 13013 13254 13255 13256 13425 13426 13427 13581 13582 13583 13632 13633 13634 13785 13786 13787 14028 14029 14030 14097 14098 14099 14199 14200 14201 14412 14413 14414 14610 14611 14612 14637 14638 14639 14643 14644 14645 14661 14662 14663 14724 14725 14726 14760 14761 14762 14790 14791 14792 14820 14821 14822 14910 14911 14912 15042 15043 15044 15063 15064 15065 15069 15070 15071 15078 15079 15080 15102 15103 15104 15231 15232 15233 15402 15403 15404 15477 15478 15479 15558 15559 15560 15618 15619 15620 15630 15631 15632 15738 15739 15740 15792 15793 15794 15870 15871 15872 15936 15937 15938 15978 15979 15980 16131 16132 16133 16173 16174 16175 16479 16480 16481 16605 16606 16607 16644 16645 16646 16662 16663 16664 17004 17005 17006 17247 17248 17249 17361 17362 17363 17391 17392 17393 17577 17578 17579 17589 17590 17591 17793 17794 17795 17799 17800 17801 17865 17866 17867 17952 17953 17954 18012 18013 18014 18060 18061 18062 18087 18088 18089 18168 18169 18170 18219 18220 18221 18366 18367 18368 18456 18457 18458 18504 18505 18506 18576 18577 18578 18612 18613 18614 18648 18649 18650 18699 18700 18701 18720 18721 18722 18753 18754 18755 18756 18757 18758 18774 18775 18776 18849 18850 18851 18891 18892 18893 18975 18976 18977 18999 19000 19001 19029 19030 19031 19158 19159 19160 19179 19180 19181 19215 19216 19217 19218 19219 19220 19374 19375 19376 19554 19555 19556 19641 19642 19643 19644 19645 19646 19647 19648 19649 19863 19864 19865 19956 19957 19958 20034 20035 20036 20148 20149 20150 20286 20287 20288 20304 20305 20306 20328 20329 20330 20445 20446 20447 20571 20572 20573 20631 20632 20633 20721 20722 20723 20817 20818 20819 20847 20848 20849 20880 20881 20882 20979 20980 20981 21006 21007 21008 21078 21079 21080 21186 21187 21188 21219 21220 21221 21291 21292 21293 21438 21439 21440 21489 21490 21491 21492 21493 21494 21504 21505 21506 21534 21535 21536 21597 21598 21599 21627 21628 21629 21630 21631 21632 21639 21640 21641 21648 21649 21650 21729 21730 21731 21744 21745 21746 21912 21913 21914 22041 22042 22043 22062 22063 22064 22065 22066 22067 22089 22090 22091 22128 22129 22130 22167 22168 22169 22245 22246 22247 22428 22429 22430 22461 22462 22463 22533 22534 22535 22554 22555 22556
INFO: s3tmat_io.c(118): Read /home/yaroslav/model/model_parameters/ua.cd_semi_untied/transition_matrices [49x3x4 array]
INFO: mod_inv.c(301): inserting tprob floor 1.000000e-04 and renormalizing
INFO: s3gau_io.c(169): Read /home/yaroslav/model/model_parameters/ua.cd_semi_untied/means [1x4x256 array]
INFO: s3gau_full_io.c(176): Read /home/yaroslav/model/model_parameters/ua.cd_semi_untied/variances [1x4x256 array of full matrices]
INFO: gauden.c(176): 1 total mgau
INFO: gauden.c(150): 4 feature streams (|0|=12 |1|=24 |2|=3 |3|=12 )
INFO: gauden.c(187): 256 total densities
INFO: gauden.c(90): min_var=1.000000e-04
WARN: "mod_inv.c", line 262: topn 1 is not supported for full covariance using the n_density 256
INFO: gauden.c(165): compute 256 densities/frame
INFO: main.c(431): Will reestimate mixing weights.
INFO: main.c(433): Will reestimate means.
INFO: main.c(435): Will reestimate variances.
INFO: main.c(443): Will reestimate transition matrices
INFO: main.c(456): Reading main dictionary: /home/yaroslav/model/etc/ua.dic.full
INFO: lexicon.c(221): 2280 entries added from /home/yaroslav/model/etc/ua.dic.full
INFO: main.c(466): Reading filler dictionary: /home/yaroslav/model/etc/ua.filler
INFO: lexicon.c(221): 3 entries added from /home/yaroslav/model/etc/ua.filler
INFO: corpus.c(1062): Will process all remaining utts starting at 0
INFO: main.c(665): Reestimation: Baum-Welch
INFO: cmn.c(183): CMN: 49.64  1.84  2.56  7.03 -0.41  5.49 -7.63 -2.08  0.44 -2.34  1.88 -1.85  0.32 
column defns
	<seq>
	<id>
	<n_frame_in>
	<n_frame_del>
	<n_state_shmm>
	<avg_states_alpha>
	<avg_states_beta>
	<avg_states_reest>
	<avg_posterior_prune>
	<frame_log_lik>
	<utt_log_lik>
	... timing info ... 
utt>     0                   uk_0001  527    0   296 10  2 4 4.077863e-12 -6.082201e+01 -3.205320e+04
INFO: cmn.c(183): CMN: 42.72 -3.31  9.67  7.30  3.67  5.14 -6.64 -3.87 -0.83 -2.12  2.30  0.17  0.84 
utt>     1                   uk_0002  572    0   332 11  1 3 3.592979e-12 -6.473157e+01 -3.702646e+04
INFO: cmn.c(183): CMN: 44.91 -0.26  4.36  4.14  1.83  4.27 -8.29 -2.97  0.79 -0.88  2.99 -0.30  1.74 
utt>     2                   uk_0003 1941    0  1012 12  2 3 3.158871e-12 -6.034569e+01 -1.171310e+05
INFO: cmn.c(183): CMN: 46.43 -1.02  6.22  4.80  3.35  4.13 -9.34 -2.41 -0.57 -1.91  2.49 -0.79  1.33 
utt>     3                   uk_0004 1824    0   988 11  1 3 2.859482e-12 -6.160888e+01 -1.123746e+05
INFO: cmn.c(183): CMN: 49.67 -0.19 10.00  3.74  3.32  4.87 -5.97 -2.19 -3.88  0.20 -1.38  0.53  0.54 
utt>     4                   uk_0005 2035    0  1164 11  2 3 3.420186e-12 -6.055903e+01 -1.232376e+05
INFO: cmn.c(183): CMN: 50.73  0.28  4.06  3.14  2.43  2.14 -8.94  0.11 -3.53 -0.50 -0.71 -0.90  0.40 
utt>     5                   uk_0006 2331    0  1404 11  2 3 2.956495e-12 -6.141111e+01 -1.431493e+05
INFO: cmn.c(183): CMN: 49.92  3.12  4.95  1.30  3.37  2.86 -10.97 -1.33 -4.76  0.08  0.08 -0.11  0.43 
utt>     6                   uk_0007 2586    0  1476 11  2 4 2.946743e-12 -6.131211e+01 -1.585531e+05
INFO: cmn.c(183): CMN: 49.73  0.68  6.42  5.78  0.97  2.53 -8.07  1.07 -3.91  0.83  0.81 -0.11  0.50 
utt>     7                   uk_0008 2575    0  1544 11  2 4 3.482778e-12 -5.980654e+01 -1.540018e+05
INFO: cmn.c(183): CMN: 51.81  2.18  5.40  5.51  0.28 -0.87 -9.17  0.56 -3.80 -0.56  0.61 -1.91  0.08 
utt>     8                   uk_0009 2300    0  1436 11  2 4 3.288032e-12 -6.170070e+01 -1.419116e+05
INFO: cmn.c(183): CMN: 50.29  0.38  7.53  6.93  0.52  1.76 -9.33 -0.27 -2.61 -0.91  0.87 -0.96  0.70 
utt>     9                   uk_0010 3080    0  1808 11  2 4 2.895251e-12 -6.085815e+01 -1.874431e+05
INFO: cmn.c(183): CMN: 50.69  2.52  6.29  3.26  2.36  4.97 -9.06 -2.54 -2.54 -1.50  2.09 -1.40  1.75 
utt>    10                   uk_0011 3051    0  1776 12  2 4 3.086406e-12 -6.110530e+01 -1.864323e+05
INFO: cmn.c(183): CMN: 49.64 -0.37  7.17  8.02  2.83  5.13 -8.81 -3.48 -0.04 -2.12  2.49 -0.67  1.32 
utt>    11                   uk_0012 2150    0  1160 11  2 3 3.288878e-12 -5.946006e+01 -1.278391e+05
INFO: cmn.c(183): CMN: 51.61  2.30  5.58  3.91  1.47  4.86 -7.50 -3.67 -3.10 -0.77 -0.07  0.04  1.91 
utt>    12                   uk_0013 3400    0  1888 11  2 4 3.020659e-12 -5.946840e+01 -2.021926e+05
INFO: cmn.c(183): CMN: 51.42  0.75  2.61  1.13  2.49  2.03 -8.98 -1.71 -0.37 -0.06  2.32  0.30  1.89 
utt>    13                   uk_0014 2764    0  1356 12  2 3 2.906620e-12 -5.885051e+01 -1.626628e+05
INFO: cmn.c(183): CMN: 50.85 -0.36  4.99  5.45  0.82  4.62 -7.69 -1.55 -0.33  1.42  3.50  0.46  1.25 
utt>    14                   uk_0015 2919    0  1408 12  2 3 2.843584e-12 -6.037672e+01 -1.762396e+05
INFO: cmn.c(183): CMN: 49.75  0.92  4.20  3.57  2.08  4.28 -7.94 -3.66 -0.77 -1.59  1.63 -1.41  1.43 
utt>    15                   uk_0016 2011    0  1056 12  2 3 3.326307e-12 -5.916529e+01 -1.189814e+05
INFO: cmn.c(183): CMN: 50.39  0.44  5.73  5.32  0.68  4.35 -9.75 -4.23 -3.66 -1.86  0.31 -1.19  0.64 
utt>    16                   uk_0017 2373    0  1348 11  2 3 3.470703e-12 -6.026276e+01 -1.430035e+05
INFO: cmn.c(183): CMN: 46.39  1.02  3.06  4.59  2.01  1.57 -10.84 -2.87 -0.22  0.74  3.86 -0.79  2.34 
utt>    17                   uk_0018 1266    0   616 11  2 3 3.301554e-12 -5.801787e+01 -7.345063e+04
INFO: cmn.c(183): CMN: 50.33  1.30  5.85  5.80  0.90  1.79 -8.77 -4.85 -1.46 -2.33  2.38 -2.26  0.55 
utt>    18                   uk_0019 2143    0  1144 11  2 3 2.855999e-12 -5.974815e+01 -1.280403e+05
INFO: cmn.c(183): CMN: 50.03  0.35  8.10  5.34  3.45  4.35 -6.29 -3.61 -3.88 -0.94  0.49 -0.05  0.85 
utt>    19                   uk_0020 2317    0  1276 11  2 3 2.832354e-12 -6.030376e+01 -1.397238e+05
INFO: cmn.c(183): CMN: 50.16  0.29  5.72  4.09  3.42  4.30 -6.27 -3.15 -0.80 -0.85  0.17 -0.11  0.76 
utt>    20                   uk_0021 2900    0  1476 11  1 3 3.322459e-12 -6.005853e+01 -1.741697e+05
INFO: cmn.c(183): CMN: 49.11  1.60  3.12  5.04  2.00  1.02 -9.32 -3.22 -1.23 -0.89  2.79 -1.81  1.12 
utt>    21                   uk_0022 1517    0   788 12  2 3 2.785920e-12 -5.827911e+01 -8.840942e+04
INFO: cmn.c(183): CMN: 51.34  1.35  4.85  3.64  0.75  4.50 -9.94 -4.46 -1.17 -3.73  2.97 -2.35  1.55 
utt>    22                   uk_0023 2834    0  1452 11  2 3 2.837905e-12 -5.957423e+01 -1.688334e+05
INFO: cmn.c(183): CMN: 49.33  3.16  5.25  4.62  3.49  3.88 -10.01 -1.26 -4.25 -0.42  1.05 -0.80  0.54 
utt>    23                   uk_0024 2513    0  1452 11  2 3 2.798320e-12 -6.051791e+01 -1.520815e+05
INFO: cmn.c(183): CMN: 49.27  2.16  4.87  6.77  1.96  2.96 -11.19 -0.48 -2.63 -1.41  3.81 -1.46  1.03 
utt>    24                   uk_0025 2117    0  1252 11  2 4 3.507448e-12 -5.938570e+01 -1.257195e+05
INFO: cmn.c(183): CMN: 50.75  0.74  5.17  7.53  1.03  2.89 -10.47 -0.81 -2.91 -1.83  1.67 -2.19  0.86 
utt>    25                   uk_0026 2540    0  1524 11  2 4 2.854154e-12 -6.009346e+01 -1.526374e+05
INFO: cmn.c(183): CMN: 51.54  0.01  7.24  6.59  1.89  2.51 -10.67 -1.46 -4.67 -0.69  1.67 -2.19  0.98 
utt>    26                   uk_0027 3062    0  1772 11  2 4 3.466263e-12 -5.980881e+01 -1.831346e+05
INFO: cmn.c(183): CMN: 48.17 -0.66  4.75  8.70  1.54  3.30 -10.12 -1.79 -0.89 -0.44  2.64 -0.38  1.30 
utt>    27                   uk_0028 2216    0  1264 11  2 4 3.207384e-12 -6.039462e+01 -1.338345e+05
INFO: cmn.c(183): CMN: 51.81  1.70  3.86  6.54  1.66  2.95 -10.42 -5.24 -1.80 -2.29  2.50 -1.14  0.67 
utt>    28                   uk_0029 2253    0  1240 11  2 4 3.273725e-12 -5.835105e+01 -1.314649e+05
INFO: cmn.c(183): CMN: 51.52  2.55  2.78  6.45  0.06  1.74 -9.85 -3.40 -1.23 -1.29  3.36 -1.71  1.78 
utt>    29                   uk_0030 2395    0  1496 11  2 3 3.403254e-12 -5.880432e+01 -1.408363e+05
INFO: cmn.c(183): CMN: 52.21  1.46  5.14  6.68  1.93  0.27 -10.27 -0.53 -3.18 -0.72  0.34 -1.43  0.73 
utt>    30                   uk_0031 2899    0  1808 11  2 4 3.013391e-12 -6.038144e+01 -1.750458e+05
INFO: cmn.c(183): CMN: 50.97  1.74  5.61  6.29  0.01 -0.93 -9.57 -1.82 -3.44  0.36  0.20  0.35  1.38 
utt>    31                   uk_0032 2492    0  1380 12  2 4 3.010755e-12 -5.985335e+01 -1.491545e+05
INFO: cmn.c(183): CMN: 50.53  1.17  6.89  4.99  3.37  2.70 -10.36 -4.02 -4.85  1.24  0.54  1.69  1.83 
utt>    32                   uk_0033 2969    0  1560 11  2 4 3.255794e-12 -5.962269e+01 -1.770198e+05
INFO: cmn.c(183): CMN: 48.49  1.89  6.60  5.01  3.11  5.40 -8.99 -3.11 -2.27 -0.57  0.23 -0.41  1.35 
utt>    33                   uk_0034 2494    0  1480 11  2 4 3.182786e-12 -6.072701e+01 -1.514532e+05
INFO: cmn.c(183): CMN: 51.65  2.89  5.77  2.40  3.22  4.55 -9.48 -3.88 -4.15 -0.29 -1.72 -0.33  1.84 
utt>    34                   uk_0035 2502    0  1384 11  2 4 3.471498e-12 -6.041560e+01 -1.511598e+05
INFO: cmn.c(183): CMN: 48.94  2.49  6.61  5.04  5.24  6.09 -7.67 -1.06 -2.84  1.51 -0.53  0.00  1.74 
utt>    35                   uk_0036 2908    0  1616 11  2 4 3.129234e-12 -6.166311e+01 -1.793163e+05
INFO: cmn.c(183): CMN: 50.65 -2.45  6.04  7.54  2.89  3.51 -9.83  2.44 -2.86  0.55  1.64 -0.69  0.93 
utt>    36                   uk_0037 2571    0  1424 11  2 4 2.791211e-12 -6.151959e+01 -1.581669e+05
INFO: cmn.c(183): CMN: 48.12 -2.16  7.28  7.78  4.75  2.47 -7.05  1.53 -4.91  0.24  0.06 -0.34 -0.15 
utt>    37                   uk_0038 2465    0  1564 11  2 4 3.696036e-12 -6.294758e+01 -1.551658e+05
INFO: cmn.c(183): CMN: 52.05  2.88  4.64  2.32  3.09  2.35 -9.96 -1.06 -3.79 -0.26  0.50 -0.85  1.08 
ERROR: "backward.c", line 421: Failed to align audio to trancript: final state of the search is not reached
ERROR: "baum_welch.c", line 324: uk_0039 ignored
utt>    38                   uk_0039 3194    0  1808 20 
INFO: cmn.c(183): CMN: 50.18  1.29  5.44  7.31  2.56  4.52 -9.82 -2.03 -2.00 -1.08  0.37 -0.16  0.89 
utt>    39                   uk_0040 2617    0  1556 12  2 4 3.530173e-12 -5.909279e+01 -1.546458e+05
INFO: cmn.c(183): CMN: 51.22  2.98  5.12  3.73  3.32  3.65 -10.20 -2.59 -5.91 -0.48 -1.57 -1.26  0.13 
utt>    40                   uk_0041 2338    0  1300 11  2 4 3.044098e-12 -5.897252e+01 -1.378777e+05
INFO: cmn.c(183): CMN: 49.88  1.55  7.13  5.41  2.70  4.08 -10.71 -4.09 -2.26  0.01 -0.04  0.59  0.83 
utt>    41                   uk_0042 1644    0   876 11  2 4 3.325333e-12 -5.800447e+01 -9.535935e+04
INFO: cmn.c(183): CMN: 52.50  0.72  5.13  5.94  0.94  4.13 -10.16 -3.12 -5.39 -1.71 -1.06 -2.32 -0.17 
utt>    42                   uk_0043 2462    0  1300 11  2 3 2.686733e-12 -5.907159e+01 -1.454343e+05
INFO: cmn.c(183): CMN: 47.11  0.17  4.93  8.31  3.50  4.27 -10.12 -0.95 -2.12 -0.94  2.43 -1.03  0.77 
utt>    43                   uk_0044 2021    0  1212 11  2 4 3.133115e-12 -6.470039e+01 -1.307595e+05
INFO: cmn.c(183): CMN: 48.76  0.64  4.37  6.85  2.09  2.24 -10.34 -1.63 -0.61 -1.92  3.14 -2.21  0.87 
ERROR: "backward.c", line 421: Failed to align audio to trancript: final state of the search is not reached
ERROR: "baum_welch.c", line 324: uk_0045 ignored
utt>    44                   uk_0045 2744    0  1688 9 
INFO: cmn.c(183): CMN: 49.96  0.15  5.43  8.13  1.91  3.66 -11.66  0.87 -3.48 -0.24  2.28 -1.67  1.03 
utt>    45                   uk_0046 2603    0  1496 11  2 3 3.605714e-12 -6.031101e+01 -1.569896e+05
INFO: cmn.c(183): CMN: 50.48  1.28  5.41  6.91  1.46  5.05 -11.46 -1.28 -1.60 -0.93  1.48 -1.17  1.19 
utt>    46                   uk_0047 2784    0  1676 11  2 4 3.047523e-12 -6.038258e+01 -1.681051e+05
INFO: cmn.c(183): CMN: 49.28  1.11  4.38  7.60  3.81  5.28 -11.28 -0.27 -1.89 -0.52  1.71 -1.36  1.79 
utt>    47                   uk_0048 2189    0  1320 11  2 4 3.593497e-12 -6.067538e+01 -1.328184e+05
INFO: cmn.c(183): CMN: 50.16  0.59  6.37  9.28  2.90  3.65 -13.28 -1.53 -3.34 -0.04  2.37 -0.56  1.51 
utt>    48                   uk_0049 2144    0  1288 12  2 4 3.513112e-12 -5.936925e+01 -1.272877e+05
INFO: cmn.c(183): CMN: 48.09  0.23  4.62  6.86  4.42  5.90 -11.56 -2.98 -1.20 -1.31  3.18 -1.08  1.09 
utt>    49                   uk_0050 2041    0  1280 11  2 4 3.117649e-12 -6.003378e+01 -1.225289e+05
INFO: cmn.c(183): CMN: 51.42  2.91  4.26  5.36  1.02  2.15 -11.72 -1.15 -1.23 -2.09  2.84 -2.21  1.30 
utt>    50                   uk_0051 2632    0  1572 12  2 4 3.173032e-12 -5.924241e+01 -1.559260e+05
INFO: cmn.c(183): CMN: 50.37  1.03  6.49  6.16  1.50  2.38 -8.68 -3.18 -2.86 -0.25  1.54 -1.56  1.18 
utt>    51                   uk_0052 2204    0  1380 12  2 4 3.470885e-12 -5.986284e+01 -1.319377e+05
INFO: cmn.c(183): CMN: 52.37  1.36  5.09  7.34  0.03  1.40 -9.46 -1.37 -1.70 -0.02  3.38 -0.71  1.79 
utt>    52                   uk_0053 2650    0  1672 12  2 4 3.767735e-12 -5.960922e+01 -1.579644e+05
INFO: cmn.c(183): CMN: 52.79  2.92  3.71  7.04  2.62  3.56 -11.00 -2.19 -1.76 -1.64  1.97 -0.92  0.96 
utt>    53                   uk_0054 2819    0  1764 11  2 4 3.566270e-12 -6.055393e+01 -1.707015e+05
INFO: cmn.c(183): CMN: 52.90  4.09  2.79  5.35  3.21  4.58 -12.16 -4.39 -1.70 -0.07  0.88 -0.91  1.30 
ERROR: "backward.c", line 421: Failed to align audio to trancript: final state of the search is not reached
ERROR: "baum_welch.c", line 324: uk_0055 ignored
utt>    54                   uk_0055 2528    0  1648 5 
INFO: cmn.c(183): CMN: 50.65  1.35  3.96  6.66  3.69  7.07 -10.33 -4.82  0.49 -1.76  2.41 -0.61  1.86 
utt>    55                   uk_0056 2515    0  1556 11  2 4 3.224345e-12 -6.112681e+01 -1.537339e+05
INFO: cmn.c(183): CMN: 51.40  1.99  6.03  6.47  3.78  7.24 -9.52 -2.47 -2.27 -0.73  0.32 -0.83  1.25 
utt>    56                   uk_0057 2341    0  1384 11  2 3 2.854562e-12 -6.023017e+01 -1.409988e+05
INFO: cmn.c(183): CMN: 49.50  0.99  2.66  4.72  3.10  2.21 -8.74 -1.17 -0.90 -0.06  1.57 -0.84  1.37 
utt>    57                   uk_0058 2069    0  1232 11  2 4 2.771836e-12 -6.057229e+01 -1.253241e+05
INFO: cmn.c(183): CMN: 51.86  1.75  3.04  8.15  1.77  1.69 -10.49 -1.56 -1.66 -0.52  2.07 -2.19  1.62 
utt>    58                   uk_0059 2645    0  1584 12  2 3 2.897618e-12 -5.868387e+01 -1.552188e+05
INFO: cmn.c(183): CMN: 49.70  1.35  4.75  8.63  2.30  2.55 -7.75 -2.53 -2.81 -1.43  2.04 -1.87  1.30 
utt>    59                   uk_0060 2326    0  1524 11  2 4 2.956285e-12 -6.243213e+01 -1.452171e+05
INFO: cmn.c(183): CMN: 50.81  0.16  5.61  6.28  2.02  3.14 -9.53 -2.73 -2.27 -2.50  1.17 -2.27  1.20 
utt>    60                   uk_0061 2225    0  1276 11  2 4 3.108518e-12 -5.891797e+01 -1.310925e+05
INFO: cmn.c(183): CMN: 49.86 -0.14  4.75  6.95  2.74  4.59 -9.37 -4.23 -0.94 -1.07  1.73 -1.41  0.43 
ERROR: "backward.c", line 421: Failed to align audio to trancript: final state of the search is not reached
ERROR: "baum_welch.c", line 324: uk_0062 ignored
utt>    61                   uk_0062 2202    0  1320 8 
INFO: cmn.c(183): CMN: 48.91  2.29  2.78  8.22  3.57  4.21 -11.68 -3.43 -1.84 -1.08  2.84 -1.25  1.65 
utt>    62                   uk_0063 2461    0  1520 12  2 3 2.984762e-12 -6.145879e+01 -1.512501e+05
INFO: cmn.c(183): CMN: 49.60  1.81  3.90  8.51  3.85  2.20 -12.55 -3.85 -1.32 -2.25  1.80 -2.34  0.81 
utt>    63                   uk_0064 1718    0   992 12  2 3 3.278958e-12 -5.971035e+01 -1.025824e+05
INFO: cmn.c(183): CMN: 50.02  2.77  3.15  7.83  3.62  4.04 -11.56 -3.05 -1.50 -2.24  3.03 -2.36  0.93 
utt>    64                   uk_0065 2413    0  1468 12  2 4 3.627627e-12 -6.069808e+01 -1.464645e+05
INFO: cmn.c(183): CMN: 49.00  2.15  6.30  9.62  2.88  0.59 -9.07 -0.90 -2.53 -1.29  1.59 -2.37  1.09 
utt>    65                   uk_0066 3147    0  2016 12  2 3 3.371907e-12 -6.161683e+01 -1.939082e+05
INFO: cmn.c(183): CMN: 49.45  1.57  1.25  7.02  2.60  1.25 -10.41 -0.02 -2.53 -0.64  2.74 -1.95  1.18 
utt>    66                   uk_0067 2593    0  1768 12  2 4 3.242523e-12 -6.242502e+01 -1.618681e+05
INFO: cmn.c(183): CMN: 52.24  2.66  4.12  7.70  3.02  3.78 -12.94  0.74 -4.62 -0.33  2.25 -1.99  0.97 
utt>    67                   uk_0068 2426    0  1364 12  2 3 3.265477e-12 -5.717434e+01 -1.387049e+05
INFO: cmn.c(183): CMN: 51.06  1.74  5.23  6.82  2.82  3.57 -11.90 -3.12 -4.00 -1.28  1.54 -0.99  0.88 
utt>    68                   uk_0069 2546    0  1552 11  2 4 3.073305e-12 -6.043605e+01 -1.538702e+05
INFO: cmn.c(183): CMN: 51.48  2.57  3.66  7.93  2.80  3.33 -12.64 -3.85 -1.57 -1.59  1.88 -0.92  1.55 
utt>    69                   uk_0070 2350    0  1312 11  1 3 3.119692e-12 -5.927371e+01 -1.392932e+05
INFO: cmn.c(183): CMN: 51.87  1.08  5.01  7.16  2.64  4.65 -12.26 -3.87 -0.94 -1.99  2.15 -1.61  0.62 
utt>    70                   uk_0071 2531    0  1488 11  1 3 3.067457e-12 -6.098796e+01 -1.543605e+05
INFO: cmn.c(183): CMN: 50.04  0.16  6.35  4.89  4.58  6.51 -9.76 -3.83 -1.26  0.74  0.91  1.59  0.18 
utt>    71                   uk_0072 1813    0   888 12  2 3 3.461541e-12 -5.845491e+01 -1.059788e+05
INFO: cmn.c(183): CMN: 48.23  0.76  3.43 10.87  1.87  1.37 -11.46 -2.54 -1.76 -0.39  1.59 -1.23  1.36 
utt>    72                   uk_0073 2804    0  1716 12  2 4 3.820068e-12 -6.146315e+01 -1.723427e+05
INFO: cmn.c(183): CMN: 50.32  1.15  5.69  8.47  2.16  1.15 -10.95 -1.47 -1.41 -0.22  3.07 -2.00  1.51 
ERROR: "backward.c", line 421: Failed to align audio to trancript: final state of the search is not reached
ERROR: "baum_welch.c", line 324: uk_0074 ignored
utt>    73                   uk_0074 2672    0  1652 15 
INFO: cmn.c(183): CMN: 51.01  1.05  2.50  7.06  2.42 -1.38 -10.02 -1.65  0.76  0.00  2.92 -2.12  1.99 
utt>    74                   uk_0075 2182    0  1356 12  2 4 3.081762e-12 -5.967045e+01 -1.302009e+05
INFO: cmn.c(183): CMN: 50.62  2.70  4.79  6.60  3.09 -0.94 -11.50 -0.61 -2.17  0.34  1.66 -2.54  1.74 
utt>    75                   uk_0076 2179    0  1232 12  2 4 2.923022e-12 -6.101158e+01 -1.329442e+05
INFO: cmn.c(183): CMN: 51.47  3.29  5.29  3.90  5.39  5.02 -11.07 -2.04 -2.62 -2.05  1.48 -1.34  1.83 
utt>    76                   uk_0077 2364    0  1388 12  2 4 3.840242e-12 -6.099223e+01 -1.441856e+05
INFO: cmn.c(183): CMN: 49.03 -0.21  4.24  3.72  5.32  3.25 -10.80  1.58 -4.54  0.72 -0.04  0.20  0.34 
utt>    77                   uk_0078 2073    0  1144 11  2 3 2.887107e-12 -6.242133e+01 -1.293994e+05
INFO: cmn.c(183): CMN: 49.74 -1.35  6.53  5.16  5.28  4.48 -9.92 -2.09 -4.54  0.14 -0.65  0.01 -0.06 
utt>    78                   uk_0079 2508    0  1364 11  2 3 2.798244e-12 -6.033672e+01 -1.513245e+05
INFO: cmn.c(183): CMN: 48.83 -1.05  5.65  6.01  4.10  3.77 -9.27  0.02 -4.22 -0.28  1.35 -1.22  1.35 
utt>    79                   uk_0080 2117    0  1160 11  2 3 3.079745e-12 -5.969638e+01 -1.263772e+05
INFO: cmn.c(183): CMN: 50.65  0.10  5.08  1.72  4.80  1.34 -7.75  3.33 -4.22  1.93 -0.55 -1.00  1.00 
utt>    80                   uk_0081 1628    0   728 12  1 3 2.612150e-12 -5.802873e+01 -9.447077e+04
INFO: cmn.c(183): CMN: 52.35  1.41  4.99  5.18  2.99  0.21 -10.56 -1.32 -2.54 -0.70  1.13 -2.47  1.41 
utt>    81                   uk_0082 2223    0  1288 11  2 4 3.406738e-12 -6.057430e+01 -1.346567e+05
INFO: cmn.c(183): CMN: 51.91  0.36  5.19  8.85  2.72 -0.51 -6.74 -1.21 -1.58 -3.05  2.33 -3.61  1.47 
utt>    82                   uk_0083 1655    0  1008 11  2 3 2.886535e-12 -5.927932e+01 -9.810727e+04
overall> stats 182812 (-0) -6.025459e+01 -1.101526e+07
WARN: "accum.c", line 628: Over 500 senones never occur in the input data. This is normal for context-dependent untied senone training or for adaptation, but could indicate a serious problem otherwise.
INFO: s3mixw_io.c(233): Wrote /home/yaroslav/model/bwaccumdir/ua_buff_1/mixw_counts [22629x4x256 array]
INFO: s3tmat_io.c(176): Wrote /home/yaroslav/model/bwaccumdir/ua_buff_1/tmat_counts [49x3x4 array]
INFO: s3gau_full_io.c(517): Wrote /home/yaroslav/model/bwaccumdir/ua_buff_1/gauden_counts with means with full vars (2pass) [1x4x256 vector/matrix arrays]
INFO: main.c(999): Counts saved to /home/yaroslav/model/bwaccumdir/ua_buff_1
Wed Apr  6 23:55:45 2016
