        INFO: main.c(229): Compiled on Mar 30 2016 at 05:22:39
Current configuration:
[NAME]		[DEFLT]		[VALUE]
-2passvar	no		yes
-abeam		1e-100		1.000000e-90
-accumdir			/home/yaroslav/model/bwaccumdir/ua_buff_1
-agc		none		none
-agcthresh	2.0		2.000000e+00
-bbeam		1e-100		1.000000e-10
-cb2mllrfn	.1cls.		.1cls.
-cepdir				/home/yaroslav/model/feat
-cepext		mfc		mfc
-ceplen		13		13
-ckptintv			0
-cmn		current		current
-cmninit	8.0		8.0
-ctlfn				/home/yaroslav/model/etc/ua_train.fileids
-diagfull	no		no
-dictfn				/home/yaroslav/model/etc/ua.dic
-example	no		no
-fdictfn			/home/yaroslav/model/etc/ua.filler
-feat		1s_c_d_dd	s2_4x
-fullvar	no		no
-help		no		no
-hmmdir				
-latdir				
-latext				
-lda				
-ldadim		0		0
-lsnfn				/home/yaroslav/model/etc/ua_train.transcription
-lw		11.5		1.150000e+01
-maxuttlen	0		0
-meanfn				/home/yaroslav/model/model_parameters/ua.cd_semi_untied/means
-meanreest	yes		yes
-mixwfn				/home/yaroslav/model/model_parameters/ua.cd_semi_untied/mixture_weights
-mixwreest	yes		yes
-mllrmat			
-mmie		no		no
-mmie_type	rand		rand
-moddeffn			/home/yaroslav/model/model_architecture/ua.untied.mdef
-mwfloor	0.00001		1.000000e-08
-npart				1
-nskip				0
-outphsegdir			
-outputfullpath	no		no
-part				1
-pdumpdir			
-phsegdir			
-phsegext	phseg		phseg
-runlen		-1		-1
-sentdir			
-sentext	sent		sent
-spthresh	0.0		0.000000e+00
-svspec				
-timing		yes		no
-tmatfn				/home/yaroslav/model/model_parameters/ua.cd_semi_untied/transition_matrices
-tmatreest	yes		yes
-topn		4		1
-tpfloor	0.0001		1.000000e-04
-ts2cbfn			.semi.
-varfloor	0.00001		1.000000e-04
-varfn				/home/yaroslav/model/model_parameters/ua.cd_semi_untied/variances
-varnorm	no		no
-varreest	yes		yes
-viterbi	no		no

INFO: feat.c(715): Initializing feature stream to type: 's2_4x', ceplen=13, CMN='current', VARNORM='no', AGC='none'
INFO: cmn.c(143): mean[0]= 12.00, mean[1..12]= 0.0
INFO: main.c(318): Reading /home/yaroslav/model/model_architecture/ua.untied.mdef
INFO: model_def_io.c(573): Model definition info:
INFO: model_def_io.c(574): 7543 total models defined (49 base, 7494 tri)
INFO: model_def_io.c(575): 30172 total states
INFO: model_def_io.c(576): 22629 total tied states
INFO: model_def_io.c(577): 147 total tied CI states
INFO: model_def_io.c(578): 49 total tied transition matrices
INFO: model_def_io.c(579): 4 max state/model
INFO: model_def_io.c(580): 4 min state/model
INFO: s3mixw_io.c(117): Read /home/yaroslav/model/model_parameters/ua.cd_semi_untied/mixture_weights [22629x4x256 array]
INFO: mod_inv.c(408): Failed to norm for 501 mixw: 36 37 38 222 223 224 294 295 296 423 424 425 567 568 569 633 634 635 831 832 833 840 841 842 1014 1015 1016 1233 1234 1235 1371 1372 1373 1545 1546 1547 1560 1561 1562 1662 1663 1664 1713 1714 1715 1824 1825 1826 1932 1933 1934 2025 2026 2027 2136 2137 2138 2139 2140 2141 2343 2344 2345 2349 2350 2351 2376 2377 2378 2562 2563 2564 2607 2608 2609 2787 2788 2789 2877 2878 2879 2883 2884 2885 2889 2890 2891 2895 2896 2897 2898 2899 2900 3072 3073 3074 3246 3247 3248 3309 3310 3311 3399 3400 3401 3558 3559 3560 3741 3742 3743 3924 3925 3926 3999 4000 4001 4101 4102 4103 4248 4249 4250 4419 4420 4421 5220 5221 5222 5397 5398 5399 5508 5509 5510 5556 5557 5558 5559 5560 5561 5649 5650 5651 5919 5920 5921 6027 6028 6029 6030 6031 6032 6270 6271 6272 6285 6286 6287 6303 6304 6305 6438 6439 6440 6585 6586 6587 6588 6589 6590 6591 6592 6593 6612 6613 6614 6927 6928 6929 7239 7240 7241 7455 7456 7457 7590 7591 7592 7866 7867 7868 7911 7912 7913 8055 8056 8057 8301 8302 8303 8550 8551 8552 8910 8911 8912 8928 8929 8930 8982 8983 8984 9072 9073 9074 9129 9130 9131 9162 9163 9164 9225 9226 9227 9444 9445 9446 9666 9667 9668 9699 9700 9701 9711 9712 9713 9846 9847 9848 10026 10027 10028 10128 10129 10130 10131 10132 10133 10191 10192 10193 10359 10360 10361 10392 10393 10394 10521 10522 10523 10785 10786 10787 10944 10945 10946 11049 11050 11051 11205 11206 11207 11226 11227 11228 11916 11917 11918 12195 12196 12197 12429 12430 12431 13011 13012 13013 13254 13255 13256 13581 13582 13583 13632 13633 13634 13785 13786 13787 14199 14200 14201 14412 14413 14414 14643 14644 14645 14661 14662 14663 14820 14821 14822 15042 15043 15044 15063 15064 15065 15078 15079 15080 15231 15232 15233 15402 15403 15404 15477 15478 15479 15630 15631 15632 15870 15871 15872 15936 15937 15938 16173 16174 16175 16479 16480 16481 16644 16645 16646 17247 17248 17249 17361 17362 17363 17577 17578 17579 17589 17590 17591 17799 17800 17801 17865 17866 17867 18012 18013 18014 18087 18088 18089 18168 18169 18170 18219 18220 18221 18366 18367 18368 18456 18457 18458 18504 18505 18506 18612 18613 18614 18699 18700 18701 18753 18754 18755 18756 18757 18758 18849 18850 18851 18891 18892 18893 18975 18976 18977 18999 19000 19001 19179 19180 19181 19644 19645 19646 19647 19648 19649 19956 19957 19958 20034 20035 20036 20148 20149 20150 20286 20287 20288 20445 20446 20447 20571 20572 20573 20631 20632 20633 20721 20722 20723 20880 20881 20882 21006 21007 21008 21186 21187 21188 21219 21220 21221 21438 21439 21440 21504 21505 21506 21534 21535 21536 21597 21598 21599 21627 21628 21629 21648 21649 21650 21729 21730 21731 21912 21913 21914 22062 22063 22064 22065 22066 22067 22089 22090 22091 22428 22429 22430 22461 22462 22463 22554 22555 22556
INFO: s3tmat_io.c(118): Read /home/yaroslav/model/model_parameters/ua.cd_semi_untied/transition_matrices [49x3x4 array]
INFO: mod_inv.c(301): inserting tprob floor 1.000000e-04 and renormalizing
INFO: s3gau_io.c(169): Read /home/yaroslav/model/model_parameters/ua.cd_semi_untied/means [1x4x256 array]
INFO: s3gau_io.c(169): Read /home/yaroslav/model/model_parameters/ua.cd_semi_untied/variances [1x4x256 array]
INFO: gauden.c(176): 1 total mgau
INFO: gauden.c(150): 4 feature streams (|0|=12 |1|=24 |2|=3 |3|=12 )
INFO: gauden.c(187): 256 total densities
INFO: gauden.c(90): min_var=1.000000e-04
INFO: gauden.c(165): compute 1 densities/frame
INFO: main.c(431): Will reestimate mixing weights.
INFO: main.c(433): Will reestimate means.
INFO: main.c(435): Will reestimate variances.
INFO: main.c(443): Will reestimate transition matrices
INFO: main.c(456): Reading main dictionary: /home/yaroslav/model/etc/ua.dic
INFO: lexicon.c(221): 2280 entries added from /home/yaroslav/model/etc/ua.dic
INFO: main.c(466): Reading filler dictionary: /home/yaroslav/model/etc/ua.filler
INFO: lexicon.c(221): 3 entries added from /home/yaroslav/model/etc/ua.filler
INFO: corpus.c(1062): Will process all remaining utts starting at 0
INFO: main.c(665): Reestimation: Baum-Welch
INFO: cmn.c(183): CMN: 49.62  1.74  2.44  5.07 -3.61  0.51 -11.32 -1.18 -0.52 -2.64  0.10 -3.56 -0.03 
column defns
	<seq>
	<id>
	<n_frame_in>
	<n_frame_del>
	<n_state_shmm>
	<avg_states_alpha>
	<avg_states_beta>
	<avg_states_reest>
	<avg_posterior_prune>
	<frame_log_lik>
	<utt_log_lik>
	... timing info ... 
utt>     0                   uk_0001  528    0   296 6  1 1 6.002473e-13 -1.791450e+02 -9.458857e+04
INFO: cmn.c(183): CMN: 42.96 -2.48 10.29  5.36  0.01 -0.60 -11.06 -3.27 -0.41 -1.01  2.00 -2.10 -1.22 
utt>     1                   uk_0002  572    0   332 5  1 1 2.410813e-13 -1.835691e+02 -1.050015e+05
INFO: cmn.c(183): CMN: 45.62  0.39  4.68  3.27 -0.36  0.62 -10.26  0.16  2.43  0.21  2.32 -1.96 -0.19 
utt>     2                   uk_0003 1940    0  1012 5  1 1 2.052584e-13 -1.793356e+02 -3.479110e+05
INFO: cmn.c(183): CMN: 46.85 -0.32  6.75  3.74  0.71 -0.56 -11.51  0.48  1.03  0.15  2.69 -1.89  0.19 
utt>     3                   uk_0004 1824    0   988 5  1 1 2.007637e-13 -1.786683e+02 -3.258909e+05
INFO: cmn.c(183): CMN: 51.36  0.88  9.95  1.27 -0.85 -0.61 -10.99 -3.41 -3.80  0.21 -1.93 -0.50 -1.75 
utt>     4                   uk_0005 1962    0  1164 5  1 1 5.465963e-13 -1.803009e+02 -3.537503e+05
INFO: cmn.c(183): CMN: 51.54  0.68  3.93  1.77 -0.57 -2.00 -10.49  1.58 -2.65  1.25 -0.07 -0.31  0.08 
utt>     5                   uk_0006 2319    0  1404 5  1 1 2.096411e-13 -1.798413e+02 -4.170520e+05
INFO: cmn.c(183): CMN: 50.52  3.60  4.59  0.05  0.96 -1.97 -12.45  1.66 -1.66  3.51  1.15  0.13 -0.05 
utt>     6                   uk_0007 2587    0  1476 5  1 1 2.562156e-13 -1.823764e+02 -4.718078e+05
INFO: cmn.c(183): CMN: 50.35  1.06  6.24  3.53 -2.85 -2.06 -10.52  1.03 -4.25  1.47 -0.72 -1.95 -1.32 
utt>     7                   uk_0008 2572    0  1544 5  1 1 3.603660e-13 -1.777388e+02 -4.571441e+05
INFO: cmn.c(183): CMN: 52.02  2.40  5.14  3.25 -3.44 -4.74 -9.54  2.31 -2.88  1.39  0.25 -1.96  0.34 
utt>     8                   uk_0009 2300    0  1436 5  1 1 2.109691e-13 -1.803450e+02 -4.147934e+05
INFO: cmn.c(183): CMN: 50.66  0.83  7.38  4.29 -3.82 -3.18 -11.25  1.00 -2.50  0.17  0.26 -1.97 -0.57 
utt>     9                   uk_0010 3080    0  1808 5  1 1 2.321356e-13 -1.790246e+02 -5.513957e+05
INFO: cmn.c(183): CMN: 50.94  2.78  5.73  1.26 -0.67 -0.71 -12.68 -1.42 -1.66  0.24  1.38 -2.67  0.30 
utt>    10                   uk_0011 3049    0  1776 6  1 1 3.137353e-13 -1.797395e+02 -5.480258e+05
INFO: cmn.c(183): CMN: 50.40  0.21  7.35  5.78 -1.75 -1.26 -13.42 -2.52 -0.26 -1.86  1.19 -3.11 -0.81 
utt>    11                   uk_0012 2150    0  1160 5  1 1 2.751083e-13 -1.773646e+02 -3.813338e+05
INFO: cmn.c(183): CMN: 52.17  2.71  5.18  1.95 -1.69 -0.16 -11.54 -2.69 -1.20  1.21  0.42 -0.38 -0.13 
utt>    12                   uk_0013 3398    0  1888 6  1 1 2.108733e-13 -1.788855e+02 -6.078531e+05
INFO: cmn.c(183): CMN: 52.08  1.01  2.36  0.27  0.38 -1.58 -10.05  1.21  0.90  0.89  1.65 -1.25 -0.29 
utt>    13                   uk_0014 2760    0  1356 6  1 1 4.545536e-13 -1.814279e+02 -5.007410e+05
INFO: cmn.c(183): CMN: 51.40  0.24  5.36  4.08 -1.58  0.95 -9.75  0.62  0.57  1.32  0.44 -2.59 -1.02 
utt>    14                   uk_0015 2912    0  1408 5  1 1 2.417117e-13 -1.845458e+02 -5.373974e+05
INFO: cmn.c(183): CMN: 50.38  1.25  4.02  2.21 -0.93 -0.65 -11.43 -2.09  0.36 -0.19  1.53 -2.44  0.24 
utt>    15                   uk_0016 2010    0  1056 6  1 1 2.752756e-13 -1.796506e+02 -3.610978e+05
INFO: cmn.c(183): CMN: 51.02  1.08  5.94  3.66 -2.22 -0.09 -12.28 -1.27 -0.25  2.13  2.28 -0.09  0.94 
utt>    16                   uk_0017 2372    0  1348 5  1 1 2.167258e-13 -1.794528e+02 -4.256621e+05
INFO: cmn.c(183): CMN: 47.35  1.68  3.29  3.65 -0.91 -2.09 -11.27  2.07  2.66  2.20  2.47 -2.32  0.96 
utt>    17                   uk_0018 1273    0   616 5  1 1 2.946751e-13 -1.783425e+02 -2.270300e+05
INFO: cmn.c(183): CMN: 50.94  1.86  5.84  3.79 -2.64 -2.69 -11.19 -1.91  1.18  0.24  2.58 -2.75  0.77 
utt>    18                   uk_0019 2143    0  1144 5  1 1 3.938152e-13 -1.796496e+02 -3.849891e+05
INFO: cmn.c(183): CMN: 50.53  1.03  8.20  3.41 -0.19 -1.25 -10.76 -3.81 -2.37  1.14  0.77 -0.93 -0.79 
utt>    19                   uk_0020 2316    0  1276 5  1 1 2.142840e-13 -1.768649e+02 -4.096192e+05
INFO: cmn.c(183): CMN: 50.65  0.74  5.71  2.65  0.46 -0.79 -10.07 -2.50 -0.38 -0.68 -0.23 -1.08 -0.84 
utt>    20                   uk_0021 2899    0  1476 5  1 1 3.072246e-13 -1.775131e+02 -5.146104e+05
INFO: cmn.c(183): CMN: 49.86  1.96  2.91  3.39 -1.78 -3.52 -11.16 -0.21  0.76  0.75  1.80 -3.11  0.38 
utt>    21                   uk_0022 1519    0   788 6  1 1 6.406395e-13 -1.778945e+02 -2.702218e+05
INFO: cmn.c(183): CMN: 51.97  1.83  4.76  2.28 -1.73  0.11 -12.54 -1.06  1.31 -0.28  4.31 -2.13  1.46 
utt>    22                   uk_0023 2834    0  1452 5  1 1 2.518628e-13 -1.795500e+02 -5.088448e+05
INFO: cmn.c(183): CMN: 50.16  3.91  5.36  3.24  0.28 -1.44 -12.61  0.25 -2.70  2.10  1.19 -1.36 -0.08 
utt>    23                   uk_0024 2513    0  1452 5  1 1 3.147930e-13 -1.807424e+02 -4.542056e+05
INFO: cmn.c(183): CMN: 49.89  2.65  4.93  4.95 -1.82 -2.20 -12.96  2.08 -1.67  1.10  2.51 -3.39 -0.25 
utt>    24                   uk_0025 2117    0  1252 5  1 1 1.547038e-13 -1.777924e+02 -3.763865e+05
INFO: cmn.c(183): CMN: 51.41  1.28  5.42  5.61 -2.87 -1.98 -12.43  1.32 -1.88  0.87  1.83 -1.96  1.01 
utt>    25                   uk_0026 2539    0  1524 5  1 1 2.888588e-13 -1.781528e+02 -4.523299e+05
INFO: cmn.c(183): CMN: 52.01  0.48  7.16  4.08 -2.57 -3.24 -13.26  0.09 -3.26  1.82  0.85 -2.65  0.54 
utt>    26                   uk_0027 3067    0  1772 5  1 1 2.525665e-13 -1.784730e+02 -5.473767e+05
INFO: cmn.c(183): CMN: 48.70 -0.25  5.02  6.65 -2.87 -2.00 -12.75  0.47 -0.13  0.51  1.17 -2.62 -0.83 
utt>    27                   uk_0028 2216    0  1264 5  1 1 2.619361e-13 -1.765925e+02 -3.913290e+05
INFO: cmn.c(183): CMN: 52.31  1.98  3.72  4.45 -2.42 -2.62 -13.42 -2.00  1.01  0.53  2.67 -2.32  0.03 
utt>    28                   uk_0029 2264    0  1240 5  1 1 2.305259e-13 -1.787304e+02 -4.046456e+05
INFO: cmn.c(183): CMN: 52.20  3.06  2.97  5.11 -3.16 -2.00 -11.03  0.41  1.46  1.53  3.49 -2.26  0.97 
utt>    29                   uk_0030 2395    0  1496 5  1 1 1.735322e-13 -1.808051e+02 -4.330282e+05
INFO: cmn.c(183): CMN: 52.90  2.04  5.29  4.95 -2.11 -4.28 -11.15  2.05 -1.44  1.74  1.15 -0.85  0.99 
utt>    30                   uk_0031 2895    0  1808 5  1 1 3.224765e-13 -1.807799e+02 -5.233577e+05
INFO: cmn.c(183): CMN: 51.29  2.40  5.93  4.56 -3.22 -4.11 -9.06  2.02  0.18  3.92  2.06  1.12  0.31 
utt>    31                   uk_0032 2522    0  1380 5  1 1 4.072848e-13 -1.820207e+02 -4.590561e+05
INFO: cmn.c(183): CMN: 51.27  2.21  7.53  3.88  0.43 -2.03 -12.33 -0.80 -0.29  5.13  1.99  1.82 -0.10 
utt>    32                   uk_0033 2970    0  1560 5  1 1 2.179674e-13 -1.823490e+02 -5.415764e+05
INFO: cmn.c(183): CMN: 48.98  2.57  6.80  3.53  0.10  0.02 -12.41 -1.19 -0.59  1.14  0.73 -0.47 -0.16 
utt>    33                   uk_0034 2494    0  1480 5  1 1 3.365676e-13 -1.792503e+02 -4.470504e+05
INFO: cmn.c(183): CMN: 52.29  3.57  5.71  1.31  0.92 -0.45 -12.17 -1.12 -0.62  3.16  0.86  1.82  1.09 
utt>    34                   uk_0035 2502    0  1384 5  1 1 2.189825e-13 -1.809855e+02 -4.528256e+05
INFO: cmn.c(183): CMN: 49.43  3.10  6.57  3.52  1.83 -0.30 -12.12 -1.32 -2.86  1.21 -2.00 -1.08 -0.75 
utt>    35                   uk_0036 2922    0  1616 5  1 1 1.912588e-13 -1.779500e+02 -5.199698e+05
INFO: cmn.c(183): CMN: 51.19 -1.93  6.51  5.84 -1.10 -1.86 -11.93  2.97 -3.89  0.81 -0.54 -2.62 -0.78 
utt>    36                   uk_0037 2571    0  1424 6  1 1 3.443149e-13 -1.757226e+02 -4.517827e+05
INFO: cmn.c(183): CMN: 48.89 -1.25  8.15  6.44  0.69 -2.72 -9.59  0.86 -5.27  1.30 -0.52 -1.10 -0.94 
utt>    37                   uk_0038 2462    0  1564 5  1 1 2.503032e-13 -1.798653e+02 -4.428283e+05
INFO: cmn.c(183): CMN: 52.60  3.19  4.15  0.74 -0.03 -2.72 -11.84  0.81 -2.37  1.71  0.40 -1.16 -0.02 
ERROR: "backward.c", line 421: Failed to align audio to trancript: final state of the search is not reached
ERROR: "baum_welch.c", line 324: uk_0039 ignored
utt>    38                   uk_0039 3183    0  1808 12 
INFO: cmn.c(183): CMN: 51.09  2.04  5.67  5.54 -1.43 -1.20 -13.34 -0.55 -1.29 -0.08  0.09 -1.22 -0.83 
utt>    39                   uk_0040 2616    0  1556 6  1 1 3.248768e-13 -1.777767e+02 -4.650639e+05
INFO: cmn.c(183): CMN: 51.99  3.53  4.87  2.15 -0.06 -2.09 -13.51 -1.11 -3.36  2.49 -0.35 -0.09  0.12 
utt>    40                   uk_0041 2338    0  1300 5  1 1 3.083143e-13 -1.786105e+02 -4.175915e+05
INFO: cmn.c(183): CMN: 50.84  2.41  7.27  3.64 -1.01 -1.43 -13.51 -1.05  0.40  1.61  0.28 -0.19 -0.54 
utt>    41                   uk_0042 1646    0   876 5  1 1 4.037566e-13 -1.787293e+02 -2.941884e+05
INFO: cmn.c(183): CMN: 52.97  1.13  5.10  3.98 -2.58 -1.10 -13.12 -1.23 -2.60  2.00  0.76 -0.14  1.41 
utt>    42                   uk_0043 2462    0  1300 5  1 1 3.159834e-13 -1.794432e+02 -4.417890e+05
INFO: cmn.c(183): CMN: 47.33  0.72  5.49  6.92 -0.10 -1.42 -12.70  0.92 -1.30  0.88  1.73 -2.23 -0.19 
utt>    43                   uk_0044 2021    0  1212 5  1 1 2.428467e-13 -1.801551e+02 -3.640935e+05
INFO: cmn.c(183): CMN: 49.48  1.30  4.75  5.46 -1.41 -2.25 -11.66  1.71  0.65 -0.02  2.88 -2.86  0.86 
utt>    44                   uk_0045 2744    0  1688 5  1 1 2.700295e-13 -1.777917e+02 -4.878605e+05
INFO: cmn.c(183): CMN: 50.49  0.83  6.06  6.66 -1.58 -1.24 -12.97  3.52 -2.33  2.17  1.56 -2.07  0.42 
utt>    45                   uk_0046 2606    0  1496 5  1 1 3.297855e-13 -1.774880e+02 -4.625339e+05
INFO: cmn.c(183): CMN: 51.12  1.87  5.64  5.19 -2.01 -0.18 -14.00  1.43 -0.48  0.67  1.19 -1.58  0.22 
utt>    46                   uk_0047 2791    0  1676 5  1 1 3.000958e-13 -1.781850e+02 -4.973144e+05
INFO: cmn.c(183): CMN: 50.18  1.91  4.99  6.60  0.35 -0.34 -13.93  2.13 -1.28  1.07  1.04 -1.76  0.59 
utt>    47                   uk_0048 2181    0  1320 5  1 1 2.813360e-13 -1.774224e+02 -3.869583e+05
INFO: cmn.c(183): CMN: 50.95  1.37  6.82  7.28 -1.84 -2.61 -15.60  1.73 -1.20  2.75  1.88 -1.65 -0.13 
utt>    48                   uk_0049 2144    0  1288 6  1 1 5.305564e-13 -1.766699e+02 -3.787802e+05
INFO: cmn.c(183): CMN: 48.77  0.92  5.22  5.94  1.17 -0.18 -14.77  0.20  0.75  0.93  2.69 -2.34  0.06 
utt>    49                   uk_0050 2041    0  1280 5  1 1 2.610333e-13 -1.770141e+02 -3.612857e+05
INFO: cmn.c(183): CMN: 51.98  3.15  3.81  3.25 -2.76 -2.82 -13.14  2.02 -0.24 -0.20  2.48 -2.89  0.77 
utt>    50                   uk_0051 2631    0  1572 6  1 1 2.387404e-13 -1.768241e+02 -4.652243e+05
INFO: cmn.c(183): CMN: 51.33  1.70  6.46  4.08 -2.58 -2.41 -11.44 -1.25 -0.69  1.67  1.20 -1.94  0.66 
utt>    51                   uk_0052 2204    0  1380 5  1 1 3.338609e-13 -1.763047e+02 -3.885757e+05
INFO: cmn.c(183): CMN: 52.99  1.99  5.36  5.45 -3.57 -2.35 -10.47  1.34  0.08  1.80  2.13 -2.35  0.26 
utt>    52                   uk_0053 2650    0  1672 5  1 1 3.484249e-13 -1.786872e+02 -4.735212e+05
INFO: cmn.c(183): CMN: 53.32  3.30  3.67  5.33 -1.40 -2.41 -13.85  0.11 -0.60  0.15  1.71 -2.04 -0.11 
utt>    53                   uk_0054 2819    0  1764 5  1 1 3.114619e-13 -1.793241e+02 -5.055147e+05
INFO: cmn.c(183): CMN: 53.55  4.36  2.42  3.78 -0.58 -1.59 -15.24 -0.80  1.03  1.48  0.59 -1.56 -0.02 
ERROR: "backward.c", line 421: Failed to align audio to trancript: final state of the search is not reached
ERROR: "baum_welch.c", line 324: uk_0055 ignored
utt>    54                   uk_0055 2527    0  1648 8 
INFO: cmn.c(183): CMN: 51.15  1.92  4.38  5.69  0.66  0.94 -14.40 -1.86  2.25 -0.46  2.10 -1.97  0.17 
utt>    55                   uk_0056 2516    0  1556 5  1 1 2.182685e-13 -1.762024e+02 -4.433253e+05
INFO: cmn.c(183): CMN: 52.13  2.74  6.24  5.03  0.40  0.89 -14.17 -1.59 -1.66  0.20  0.02 -1.31  0.06 
utt>    56                   uk_0057 2340    0  1384 5  1 1 2.098361e-13 -1.766175e+02 -4.132850e+05
INFO: cmn.c(183): CMN: 50.14  1.58  3.05  4.13  0.70 -1.52 -9.58  1.84  0.75  1.38  1.55 -1.31  0.23 
utt>    57                   uk_0058 2069    0  1232 5  1 1 2.531342e-13 -1.761060e+02 -3.643633e+05
INFO: cmn.c(183): CMN: 52.51  2.45  3.76  7.20 -1.44 -2.23 -11.02  2.21  0.62  2.23  2.24 -1.84  1.80 
utt>    58                   uk_0059 2643    0  1584 5  1 1 3.361985e-13 -1.775992e+02 -4.693948e+05
INFO: cmn.c(183): CMN: 50.64  2.18  5.25  7.07 -1.84 -2.20 -10.41 -1.04 -1.31  0.73  1.68 -2.31  1.03 
utt>    59                   uk_0060 2326    0  1524 5  1 1 1.863851e-13 -1.770001e+02 -4.117023e+05
INFO: cmn.c(183): CMN: 51.76  0.94  5.76  4.59 -1.66 -1.80 -12.08 -0.46 -0.76  0.30  2.29 -1.71  1.27 
utt>    60                   uk_0061 2221    0  1276 5  1 1 3.057891e-13 -1.773677e+02 -3.939337e+05
INFO: cmn.c(183): CMN: 50.42  0.53  5.32  5.87 -0.35 -0.37 -12.18 -1.17  1.48  0.87  1.90 -1.61  0.47 
utt>    61                   uk_0062 2210    0  1320 5  1 1 3.276491e-13 -1.781175e+02 -3.936396e+05
INFO: cmn.c(183): CMN: 49.30  2.73  3.18  7.08 -0.15 -1.68 -14.11  0.09  0.67  1.55  2.59 -2.17  0.58 
utt>    62                   uk_0063 2476    0  1520 5  1 1 4.775846e-13 -1.767860e+02 -4.377221e+05
INFO: cmn.c(183): CMN: 50.13  2.34  4.24  7.06 -0.48 -3.73 -14.33  0.33  1.22  0.49  2.78 -1.90  1.13 
utt>    63                   uk_0064 1733    0   992 5  1 1 2.706599e-13 -1.761666e+02 -3.052968e+05
INFO: cmn.c(183): CMN: 50.79  3.49  3.60  6.78 -0.00 -1.58 -13.91  0.57  0.79  0.61  3.01 -2.68  1.18 
utt>    64                   uk_0065 2413    0  1468 6  1 1 2.943623e-13 -1.775752e+02 -4.284890e+05
INFO: cmn.c(183): CMN: 49.76  3.13  6.85  7.77 -1.82 -4.39 -10.58  1.04 -1.45  0.70  1.58 -2.27  1.22 
utt>    65                   uk_0066 3146    0  2016 5  1 1 1.738568e-13 -1.786507e+02 -5.620352e+05
INFO: cmn.c(183): CMN: 49.96  1.86  1.48  5.93 -0.98 -3.24 -11.14  2.57 -1.12  1.65  1.84 -2.43  1.02 
utt>    66                   uk_0067 2594    0  1768 6  1 1 3.390590e-13 -1.774576e+02 -4.603251e+05
INFO: cmn.c(183): CMN: 53.23  3.35  4.35  6.14 -1.20 -2.11 -15.00  2.97 -3.46  2.37  1.18 -2.49  0.12 
utt>    67                   uk_0068 2411    0  1364 5  1 1 2.878866e-13 -1.769005e+02 -4.265070e+05
INFO: cmn.c(183): CMN: 51.78  2.41  5.36  5.09 -1.12 -2.28 -14.34  0.22 -0.67  2.35  2.20 -1.20  0.42 
utt>    68                   uk_0069 2546    0  1552 5  1 1 1.959657e-13 -1.779997e+02 -4.531872e+05
INFO: cmn.c(183): CMN: 52.10  3.08  3.84  6.44 -1.20 -2.57 -14.97  0.21  1.18  1.14  2.41 -1.34  0.25 
utt>    69                   uk_0070 2350    0  1312 5  1 1 3.182938e-13 -1.774918e+02 -4.171058e+05
INFO: cmn.c(183): CMN: 52.48  1.66  5.31  5.55 -1.21 -1.41 -15.11 -0.31  1.08  0.16  2.27 -2.00  0.23 
utt>    70                   uk_0071 2533    0  1488 5  1 1 2.682469e-13 -1.779732e+02 -4.508061e+05
INFO: cmn.c(183): CMN: 51.24  1.22  6.92  3.92  1.68  0.91 -13.52 -1.56  0.93  1.81  0.56 -0.34 -2.06 
utt>    71                   uk_0072 1803    0   888 5  1 1 2.120648e-13 -1.785757e+02 -3.219721e+05
INFO: cmn.c(183): CMN: 48.60  1.34  4.25  9.54 -2.35 -3.39 -12.17  1.59  1.14  2.18  2.02 -1.13  1.28 
utt>    72                   uk_0073 2822    0  1716 6  1 1 3.185999e-13 -1.768059e+02 -4.989463e+05
INFO: cmn.c(183): CMN: 50.83  1.77  6.02  6.65 -2.09 -3.86 -12.03  1.76  0.29  1.44  1.74 -2.91  1.04 
ERROR: "backward.c", line 421: Failed to align audio to trancript: final state of the search is not reached
ERROR: "baum_welch.c", line 324: uk_0074 ignored
utt>    73                   uk_0074 2673    0  1652 8 
INFO: cmn.c(183): CMN: 51.84  1.41  2.55  5.57 -1.89 -5.49 -10.22  2.05  1.98  0.24  1.19 -3.18  1.06 
utt>    74                   uk_0075 2174    0  1356 5  1 1 4.011923e-13 -1.778416e+02 -3.866276e+05
INFO: cmn.c(183): CMN: 51.61  3.41  4.80  4.83 -1.35 -5.52 -11.72  2.84 -0.62  1.72  0.69 -2.43  1.56 
utt>    75                   uk_0076 2179    0  1232 5  1 1 3.467822e-13 -1.801837e+02 -3.926203e+05
INFO: cmn.c(183): CMN: 52.15  3.90  5.20  2.64  2.13 -1.33 -14.30  0.02 -1.18  0.55  2.21 -1.23  0.90 
utt>    76                   uk_0077 2362    0  1388 5  1 1 2.433165e-13 -1.799046e+02 -4.249348e+05
INFO: cmn.c(183): CMN: 49.70  0.20  4.21  2.51  2.02 -2.51 -13.00  2.61 -4.01  2.16 -0.44 -0.49 -0.87 
utt>    77                   uk_0078 2073    0  1144 5  1 1 3.827802e-13 -1.779587e+02 -3.689085e+05
INFO: cmn.c(183): CMN: 50.60 -0.25  7.43  4.62  2.67 -0.68 -12.29  0.48 -1.36  3.28  0.96  1.18  0.45 
utt>    78                   uk_0079 2508    0  1364 5  1 1 3.319273e-13 -1.797618e+02 -4.508425e+05
INFO: cmn.c(183): CMN: 49.54 -0.22  6.33  5.05  1.03 -1.28 -11.48  1.42 -2.85  2.47  1.48 -1.14  0.89 
utt>    79                   uk_0080 2118    0  1160 5  1 1 1.890179e-13 -1.750966e+02 -3.708545e+05
INFO: cmn.c(183): CMN: 51.22  0.25  4.57  0.15  1.55 -3.45 -9.40  2.76 -5.38  1.57 -2.23 -1.36  0.04 
utt>    80                   uk_0081 1628    0   728 5  1 1 1.893358e-13 -1.762850e+02 -2.869920e+05
INFO: cmn.c(183): CMN: 53.07  2.02  5.14  3.82 -0.51 -4.17 -11.15  1.97 -0.46  1.79  1.48 -1.43  1.97 
utt>    81                   uk_0082 2226    0  1288 5  1 1 1.170337e-13 -1.799474e+02 -4.005629e+05
INFO: cmn.c(183): CMN: 52.69  0.79  5.26  6.58 -2.62 -5.87 -9.42 -1.13 -2.62 -2.27  1.37 -3.73  1.56 
utt>    82                   uk_0083 1655    0  1008 5  1 1 2.044961e-13 -1.781797e+02 -2.948875e+05
overall> stats 187737 (-0) -1.786226e+02 -3.353407e+07
WARN: "accum.c", line 628: Over 500 senones never occur in the input data. This is normal for context-dependent untied senone training or for adaptation, but could indicate a serious problem otherwise.
INFO: s3mixw_io.c(233): Wrote /home/yaroslav/model/bwaccumdir/ua_buff_1/mixw_counts [22629x4x256 array]
INFO: s3tmat_io.c(176): Wrote /home/yaroslav/model/bwaccumdir/ua_buff_1/tmat_counts [49x3x4 array]
INFO: s3gau_io.c(485): Wrote /home/yaroslav/model/bwaccumdir/ua_buff_1/gauden_counts with means with vars (2pass) [1x4x256 vector arrays]
INFO: main.c(999): Counts saved to /home/yaroslav/model/bwaccumdir/ua_buff_1
Wed Apr  6 00:45:47 2016
