Current configuration:
[NAME]		[DEFLT]	[VALUE]
-dictfn			/home/yaroslav/model/etc/ua.dic
-example	no	no
-fdictfn		/home/yaroslav/model/etc/ua.filler
-help		no	no
-ignorewpos	no	no
-inCDmdef		
-inCImdef		
-lsnfn			/home/yaroslav/model/etc/ua_train.transcription
-maxtriphones	100000	100000
-minocc		1	1
-n_state_pm	3	3
-oalltphnmdef		
-ocimdef		
-ocountfn		
-ountiedmdef		/home/yaroslav/model/model_architecture/ua.untied.mdef
-phnlstfn		/home/yaroslav/model/etc/ua.phone
-triphnlstfn		

INFO: main.c(95): Will write untied mdef file /home/yaroslav/model/model_architecture/ua.untied.mdef
INFO: mk_mdef_gen.c(189): 0 single word triphones in input phone list
INFO: mk_mdef_gen.c(190): 0 word beginning triphones in input phone list
INFO: mk_mdef_gen.c(191): 0 word internal triphones in input phone list
INFO: mk_mdef_gen.c(192): 0 word ending triphones in input phone list
INFO: mk_mdef_gen.c(280): Reading dict /home/yaroslav/model/etc/ua.dic
INFO: mk_mdef_gen.c(322): 2280 words in dict /home/yaroslav/model/etc/ua.dic
INFO: mk_mdef_gen.c(280): Reading dict /home/yaroslav/model/etc/ua.filler
INFO: mk_mdef_gen.c(322): 3 words in dict /home/yaroslav/model/etc/ua.filler
INFO: mk_mdef_gen.c(442): 2283 words in dictionary
INFO: mk_mdef_gen.c(443): 9860 unique single word triphones in dictionary
INFO: mk_mdef_gen.c(444): 9418 unique word beginning triphones in dictionary
INFO: mk_mdef_gen.c(445): 3187 unique word internal triphones in dictionary
INFO: mk_mdef_gen.c(446): 7656 unique word ending triphones in dictionary
INFO: mk_mdef_gen.c(479): Out of vocabulary words in transcript will be mapped to SIL!
INFO: mk_mdef_gen.c(593): 6069 words in transcripts
INFO: mk_mdef_gen.c(594): 606 single word triphones in transcripts
INFO: mk_mdef_gen.c(595): 5214 word beginning triphones in transcripts
INFO: mk_mdef_gen.c(596): 17184 word internal triphones in transcripts
INFO: mk_mdef_gen.c(597): 5214 word ending triphones in transcripts
INFO: mk_mdef_gen.c(640): 28218 triphones extracted from transcripts
INFO: mk_mdef_gen.c(641): 7494 unique triphones extracted from transcripts
INFO: mk_mdef_gen.c(642): 3433 triphones occur once in the transcripts
INFO: mk_mdef_gen.c(643): 1290 triphones occur twice in the transcripts
INFO: mk_mdef_gen.c(644): 705 triphones occur thrice in the transcripts
INFO: mk_mdef_gen.c(645): The rest of the triphones occur more than three times
INFO: mk_mdef_gen.c(646): Count threshold is 1
INFO: mk_mdef_gen.c(897): 49 n_base, 7494 n_tri
INFO: mk_mdef_gen.c(969): Wrote mdef file /home/yaroslav/model/model_architecture/ua.untied.mdef
Wed Apr  6 00:42:37 2016
