        INFO: main.c(229): Compiled on Mar 30 2016 at 05:22:39
Current configuration:
[NAME]		[DEFLT]		[VALUE]
-2passvar	no		yes
-abeam		1e-100		1.000000e-90
-accumdir			/home/yaroslav/model/bwaccumdir/ua_buff_1
-agc		none		none
-agcthresh	2.0		2.000000e+00
-bbeam		1e-100		1.000000e-10
-cb2mllrfn	.1cls.		.1cls.
-cepdir				/home/yaroslav/model/feat
-cepext		mfc		mfc
-ceplen		13		13
-ckptintv			0
-cmn		current		current
-cmninit	8.0		8.0
-ctlfn				/home/yaroslav/model/etc/ua_train.fileids
-diagfull	no		yes
-dictfn				/home/yaroslav/model/etc/ua.dic.full
-example	no		no
-fdictfn			/home/yaroslav/model/etc/ua.filler
-feat		1s_c_d_dd	s2_4x
-fullvar	no		yes
-help		no		no
-hmmdir				
-latdir				
-latext				
-lda				
-ldadim		0		0
-lsnfn				/home/yaroslav/model/etc/ua_train.transcription
-lw		11.5		1.150000e+01
-maxuttlen	0		0
-meanfn				/home/yaroslav/model/model_parameters/ua.cd_semi_1000/means
-meanreest	yes		yes
-mixwfn				/home/yaroslav/model/model_parameters/ua.cd_semi_1000/mixture_weights
-mixwreest	yes		yes
-mllrmat			
-mmie		no		no
-mmie_type	rand		rand
-moddeffn			/home/yaroslav/model/model_architecture/ua.1000.mdef
-mwfloor	0.00001		1.000000e-05
-npart				2
-nskip				0
-outphsegdir			
-outputfullpath	no		no
-part				1
-pdumpdir			
-phsegdir			
-phsegext	phseg		phseg
-runlen		-1		-1
-sentdir			
-sentext	sent		sent
-spthresh	0.0		0.000000e+00
-svspec				
-timing		yes		no
-tmatfn				/home/yaroslav/model/model_parameters/ua.cd_semi_1000/transition_matrices
-tmatreest	yes		yes
-topn		4		256
-tpfloor	0.0001		1.000000e-05
-ts2cbfn			.semi.
-varfloor	0.00001		1.000000e-04
-varfn				/home/yaroslav/model/model_parameters/ua.cd_semi_1000/variances
-varnorm	no		yes
-varreest	yes		yes
-viterbi	no		no

INFO: feat.c(715): Initializing feature stream to type: 's2_4x', ceplen=13, CMN='current', VARNORM='yes', AGC='none'
INFO: cmn.c(143): mean[0]= 12.00, mean[1..12]= 0.0
INFO: main.c(318): Reading /home/yaroslav/model/model_architecture/ua.1000.mdef
INFO: model_def_io.c(573): Model definition info:
INFO: model_def_io.c(574): 30170 total models defined (49 base, 30121 tri)
INFO: model_def_io.c(575): 120680 total states
INFO: model_def_io.c(576): 1147 total tied states
INFO: model_def_io.c(577): 147 total tied CI states
INFO: model_def_io.c(578): 49 total tied transition matrices
INFO: model_def_io.c(579): 4 max state/model
INFO: model_def_io.c(580): 4 min state/model
INFO: s3mixw_io.c(117): Read /home/yaroslav/model/model_parameters/ua.cd_semi_1000/mixture_weights [1147x4x256 array]
INFO: mod_inv.c(408): Failed to norm for 12 mixw: 36 37 38 132 133 134 385 386 387 1106 1107 1108
INFO: s3tmat_io.c(118): Read /home/yaroslav/model/model_parameters/ua.cd_semi_1000/transition_matrices [49x3x4 array]
INFO: mod_inv.c(301): inserting tprob floor 1.000000e-05 and renormalizing
INFO: s3gau_io.c(169): Read /home/yaroslav/model/model_parameters/ua.cd_semi_1000/means [1x4x256 array]
INFO: s3gau_full_io.c(176): Read /home/yaroslav/model/model_parameters/ua.cd_semi_1000/variances [1x4x256 array of full matrices]
INFO: gauden.c(176): 1 total mgau
INFO: gauden.c(150): 4 feature streams (|0|=12 |1|=24 |2|=3 |3|=12 )
INFO: gauden.c(187): 256 total densities
INFO: gauden.c(90): min_var=1.000000e-04
INFO: gauden.c(165): compute 256 densities/frame
INFO: main.c(431): Will reestimate mixing weights.
INFO: main.c(433): Will reestimate means.
INFO: main.c(435): Will reestimate variances.
INFO: main.c(443): Will reestimate transition matrices
INFO: main.c(456): Reading main dictionary: /home/yaroslav/model/etc/ua.dic.full
INFO: lexicon.c(221): 2280 entries added from /home/yaroslav/model/etc/ua.dic.full
INFO: main.c(466): Reading filler dictionary: /home/yaroslav/model/etc/ua.filler
INFO: lexicon.c(221): 3 entries added from /home/yaroslav/model/etc/ua.filler
INFO: corpus.c(1065): Will process 41 utts starting at 0
INFO: main.c(665): Reestimation: Baum-Welch
INFO: cmn.c(183): CMN: 49.64  1.84  2.56  7.03 -0.41  5.49 -7.63 -2.08  0.44 -2.34  1.88 -1.85  0.32 
column defns
	<seq>
	<id>
	<n_frame_in>
	<n_frame_del>
	<n_state_shmm>
	<avg_states_alpha>
	<avg_states_beta>
	<avg_states_reest>
	<avg_posterior_prune>
	<frame_log_lik>
	<utt_log_lik>
	... timing info ... 
utt>     0                   uk_0001  527    0   296 17  2 5 3.175652e-12 -6.437546e+01 -3.392587e+04
INFO: cmn.c(183): CMN: 42.72 -3.31  9.67  7.30  3.67  5.14 -6.64 -3.87 -0.83 -2.12  2.30  0.17  0.84 
utt>     1                   uk_0002  572    0   332 19  2 4 4.716716e-12 -6.804396e+01 -3.892114e+04
INFO: cmn.c(183): CMN: 44.91 -0.26  4.36  4.14  1.83  4.27 -8.29 -2.97  0.79 -0.88  2.99 -0.30  1.74 
utt>     2                   uk_0003 1941    0  1012 20  2 4 4.418862e-12 -6.367266e+01 -1.235886e+05
INFO: cmn.c(183): CMN: 46.43 -1.02  6.22  4.80  3.35  4.13 -9.34 -2.41 -0.57 -1.91  2.49 -0.79  1.33 
utt>     3                   uk_0004 1824    0   988 19  2 4 4.130067e-12 -6.509931e+01 -1.187411e+05
INFO: cmn.c(183): CMN: 49.67 -0.19 10.00  3.74  3.32  4.87 -5.97 -2.19 -3.88  0.20 -1.38  0.53  0.54 
utt>     4                   uk_0005 2035    0  1164 20  2 5 4.418114e-12 -6.440292e+01 -1.310599e+05
INFO: cmn.c(183): CMN: 50.73  0.28  4.06  3.14  2.43  2.14 -8.94  0.11 -3.53 -0.50 -0.71 -0.90  0.40 
utt>     5                   uk_0006 2331    0  1404 19  2 4 4.151923e-12 -6.490557e+01 -1.512949e+05
INFO: cmn.c(183): CMN: 49.92  3.12  4.95  1.30  3.37  2.86 -10.97 -1.33 -4.76  0.08  0.08 -0.11  0.43 
utt>     6                   uk_0007 2586    0  1476 20  2 4 4.544461e-12 -6.496710e+01 -1.680049e+05
INFO: cmn.c(183): CMN: 49.73  0.68  6.42  5.78  0.97  2.53 -8.07  1.07 -3.91  0.83  0.81 -0.11  0.50 
utt>     7                   uk_0008 2575    0  1544 19  2 5 4.529021e-12 -6.351256e+01 -1.635448e+05
INFO: cmn.c(183): CMN: 51.81  2.18  5.40  5.51  0.28 -0.87 -9.17  0.56 -3.80 -0.56  0.61 -1.91  0.08 
utt>     8                   uk_0009 2300    0  1436 19  2 5 4.138738e-12 -6.604355e+01 -1.519002e+05
INFO: cmn.c(183): CMN: 50.29  0.38  7.53  6.93  0.52  1.76 -9.33 -0.27 -2.61 -0.91  0.87 -0.96  0.70 
utt>     9                   uk_0010 3080    0  1808 19  2 4 4.200053e-12 -6.440308e+01 -1.983615e+05
INFO: cmn.c(183): CMN: 50.69  2.52  6.29  3.26  2.36  4.97 -9.06 -2.54 -2.54 -1.50  2.09 -1.40  1.75 
utt>    10                   uk_0011 3051    0  1776 20  2 4 4.177673e-12 -6.450789e+01 -1.968136e+05
INFO: cmn.c(183): CMN: 49.64 -0.37  7.17  8.02  2.83  5.13 -8.81 -3.48 -0.04 -2.12  2.49 -0.67  1.32 
utt>    11                   uk_0012 2150    0  1160 19  2 4 3.882798e-12 -6.311230e+01 -1.356914e+05
INFO: cmn.c(183): CMN: 51.61  2.30  5.58  3.91  1.47  4.86 -7.50 -3.67 -3.10 -0.77 -0.07  0.04  1.91 
utt>    12                   uk_0013 3400    0  1888 19  2 4 3.672505e-12 -6.277299e+01 -2.134282e+05
INFO: cmn.c(183): CMN: 51.42  0.75  2.61  1.13  2.49  2.03 -8.98 -1.71 -0.37 -0.06  2.32  0.30  1.89 
utt>    13                   uk_0014 2764    0  1356 21  2 4 3.698009e-12 -6.197710e+01 -1.713047e+05
INFO: cmn.c(183): CMN: 50.85 -0.36  4.99  5.45  0.82  4.62 -7.69 -1.55 -0.33  1.42  3.50  0.46  1.25 
utt>    14                   uk_0015 2919    0  1408 21  2 4 3.510398e-12 -6.379308e+01 -1.862120e+05
INFO: cmn.c(183): CMN: 49.75  0.92  4.20  3.57  2.08  4.28 -7.94 -3.66 -0.77 -1.59  1.63 -1.41  1.43 
utt>    15                   uk_0016 2011    0  1056 20  2 4 3.788805e-12 -6.219791e+01 -1.250800e+05
INFO: cmn.c(183): CMN: 50.39  0.44  5.73  5.32  0.68  4.35 -9.75 -4.23 -3.66 -1.86  0.31 -1.19  0.64 
utt>    16                   uk_0017 2373    0  1348 19  2 4 3.716102e-12 -6.367946e+01 -1.511114e+05
INFO: cmn.c(183): CMN: 46.39  1.02  3.06  4.59  2.01  1.57 -10.84 -2.87 -0.22  0.74  3.86 -0.79  2.34 
utt>    17                   uk_0018 1266    0   616 19  2 4 3.415601e-12 -6.135745e+01 -7.767853e+04
INFO: cmn.c(183): CMN: 50.33  1.30  5.85  5.80  0.90  1.79 -8.77 -4.85 -1.46 -2.33  2.38 -2.26  0.55 
utt>    18                   uk_0019 2143    0  1144 19  2 4 4.045544e-12 -6.296420e+01 -1.349323e+05
INFO: cmn.c(183): CMN: 50.03  0.35  8.10  5.34  3.45  4.35 -6.29 -3.61 -3.88 -0.94  0.49 -0.05  0.85 
utt>    19                   uk_0020 2317    0  1276 19  2 4 4.332372e-12 -6.391830e+01 -1.480987e+05
INFO: cmn.c(183): CMN: 50.16  0.29  5.72  4.09  3.42  4.30 -6.27 -3.15 -0.80 -0.85  0.17 -0.11  0.76 
utt>    20                   uk_0021 2900    0  1476 20  2 4 3.890033e-12 -6.366941e+01 -1.846413e+05
INFO: cmn.c(183): CMN: 49.11  1.60  3.12  5.04  2.00  1.02 -9.32 -3.22 -1.23 -0.89  2.79 -1.81  1.12 
utt>    21                   uk_0022 1517    0   788 19  2 4 3.609477e-12 -6.131687e+01 -9.301769e+04
INFO: cmn.c(183): CMN: 51.34  1.35  4.85  3.64  0.75  4.50 -9.94 -4.46 -1.17 -3.73  2.97 -2.35  1.55 
utt>    22                   uk_0023 2834    0  1452 20  2 4 4.143497e-12 -6.322676e+01 -1.791846e+05
INFO: cmn.c(183): CMN: 49.33  3.16  5.25  4.62  3.49  3.88 -10.01 -1.26 -4.25 -0.42  1.05 -0.80  0.54 
utt>    23                   uk_0024 2513    0  1452 19  2 5 4.322802e-12 -6.425544e+01 -1.614739e+05
INFO: cmn.c(183): CMN: 49.27  2.16  4.87  6.77  1.96  2.96 -11.19 -0.48 -2.63 -1.41  3.81 -1.46  1.03 
utt>    24                   uk_0025 2117    0  1252 19  2 5 4.103175e-12 -6.286263e+01 -1.330802e+05
INFO: cmn.c(183): CMN: 50.75  0.74  5.17  7.53  1.03  2.89 -10.47 -0.81 -2.91 -1.83  1.67 -2.19  0.86 
utt>    25                   uk_0026 2540    0  1524 20  2 4 4.525187e-12 -6.394948e+01 -1.624317e+05
INFO: cmn.c(183): CMN: 51.54  0.01  7.24  6.59  1.89  2.51 -10.67 -1.46 -4.67 -0.69  1.67 -2.19  0.98 
utt>    26                   uk_0027 3062    0  1772 19  2 5 4.562487e-12 -6.346298e+01 -1.943236e+05
INFO: cmn.c(183): CMN: 48.17 -0.66  4.75  8.70  1.54  3.30 -10.12 -1.79 -0.89 -0.44  2.64 -0.38  1.30 
utt>    27                   uk_0028 2216    0  1264 19  2 4 4.651254e-12 -6.399235e+01 -1.418070e+05
INFO: cmn.c(183): CMN: 51.81  1.70  3.86  6.54  1.66  2.95 -10.42 -5.24 -1.80 -2.29  2.50 -1.14  0.67 
utt>    28                   uk_0029 2253    0  1240 19  2 4 4.184910e-12 -6.177029e+01 -1.391685e+05
INFO: cmn.c(183): CMN: 51.52  2.55  2.78  6.45  0.06  1.74 -9.85 -3.40 -1.23 -1.29  3.36 -1.71  1.78 
utt>    29                   uk_0030 2395    0  1496 20  2 5 4.824744e-12 -6.312791e+01 -1.511913e+05
INFO: cmn.c(183): CMN: 52.21  1.46  5.14  6.68  1.93  0.27 -10.27 -0.53 -3.18 -0.72  0.34 -1.43  0.73 
utt>    30                   uk_0031 2899    0  1808 20  2 5 3.933668e-12 -6.419389e+01 -1.860981e+05
INFO: cmn.c(183): CMN: 50.97  1.74  5.61  6.29  0.01 -0.93 -9.57 -1.82 -3.44  0.36  0.20  0.35  1.38 
utt>    31                   uk_0032 2492    0  1380 19  2 5 4.768230e-12 -6.350395e+01 -1.582518e+05
INFO: cmn.c(183): CMN: 50.53  1.17  6.89  4.99  3.37  2.70 -10.36 -4.02 -4.85  1.24  0.54  1.69  1.83 
utt>    32                   uk_0033 2969    0  1560 21  2 5 4.873194e-12 -6.373146e+01 -1.892187e+05
INFO: cmn.c(183): CMN: 48.49  1.89  6.60  5.01  3.11  5.40 -8.99 -3.11 -2.27 -0.57  0.23 -0.41  1.35 
utt>    33                   uk_0034 2494    0  1480 19  2 5 4.553850e-12 -6.443683e+01 -1.607055e+05
INFO: cmn.c(183): CMN: 51.65  2.89  5.77  2.40  3.22  4.55 -9.48 -3.88 -4.15 -0.29 -1.72 -0.33  1.84 
utt>    34                   uk_0035 2502    0  1384 19  2 5 4.222430e-12 -6.405951e+01 -1.602769e+05
INFO: cmn.c(183): CMN: 48.94  2.49  6.61  5.04  5.24  6.09 -7.67 -1.06 -2.84  1.51 -0.53  0.00  1.74 
utt>    35                   uk_0036 2908    0  1616 19  2 4 4.292381e-12 -6.482700e+01 -1.885169e+05
INFO: cmn.c(183): CMN: 50.65 -2.45  6.04  7.54  2.89  3.51 -9.83  2.44 -2.86  0.55  1.64 -0.69  0.93 
utt>    36                   uk_0037 2571    0  1424 18  2 4 4.496839e-12 -6.450711e+01 -1.658478e+05
INFO: cmn.c(183): CMN: 48.12 -2.16  7.28  7.78  4.75  2.47 -7.05  1.53 -4.91  0.24  0.06 -0.34 -0.15 
utt>    37                   uk_0038 2465    0  1564 19  2 5 4.235783e-12 -6.640829e+01 -1.636964e+05
INFO: cmn.c(183): CMN: 52.05  2.88  4.64  2.32  3.09  2.35 -9.96 -1.06 -3.79 -0.26  0.50 -0.85  1.08 
ERROR: "backward.c", line 421: Failed to align audio to trancript: final state of the search is not reached
ERROR: "baum_welch.c", line 324: uk_0039 ignored
utt>    38                   uk_0039 3194    0  1808 14 
INFO: cmn.c(183): CMN: 50.18  1.29  5.44  7.31  2.56  4.52 -9.82 -2.03 -2.00 -1.08  0.37 -0.16  0.89 
utt>    39                   uk_0040 2617    0  1556 19  2 5 4.568720e-12 -6.255358e+01 -1.637027e+05
INFO: cmn.c(183): CMN: 51.22  2.98  5.12  3.73  3.32  3.65 -10.20 -2.59 -5.91 -0.48 -1.57 -1.26  0.13 
utt>    40                   uk_0041 2338    0  1300 20  2 5 4.403686e-12 -6.273768e+01 -1.466807e+05
overall> stats 94767 (-0) -6.376702e+01 -6.043009e+06
WARN: "accum.c", line 642: The following senones never occur in the input data
	36 37 38 42 43 44 132 133 134 141 
	142 143 385 386 387 407 408 409 1106 1107 
	1108 1141 1142 1143 
INFO: s3mixw_io.c(233): Wrote /home/yaroslav/model/bwaccumdir/ua_buff_1/mixw_counts [1147x4x256 array]
INFO: s3tmat_io.c(176): Wrote /home/yaroslav/model/bwaccumdir/ua_buff_1/tmat_counts [49x3x4 array]
INFO: s3gau_full_io.c(517): Wrote /home/yaroslav/model/bwaccumdir/ua_buff_1/gauden_counts with means with full vars (2pass) [1x4x256 vector/matrix arrays]
INFO: main.c(999): Counts saved to /home/yaroslav/model/bwaccumdir/ua_buff_1
Thu Apr  7 00:50:03 2016
