        INFO: main.c(229): Compiled on Mar 30 2016 at 05:22:39
Current configuration:
[NAME]		[DEFLT]		[VALUE]
-2passvar	no		yes
-abeam		1e-100		1.000000e-90
-accumdir			/home/yaroslav/model/bwaccumdir/ua_buff_2
-agc		none		none
-agcthresh	2.0		2.000000e+00
-bbeam		1e-100		1.000000e-10
-cb2mllrfn	.1cls.		.1cls.
-cepdir				/home/yaroslav/model/feat
-cepext		mfc		mfc
-ceplen		13		13
-ckptintv			0
-cmn		current		current
-cmninit	8.0		8.0
-ctlfn				/home/yaroslav/model/etc/ua_train.fileids
-diagfull	no		yes
-dictfn				/home/yaroslav/model/etc/ua.dic.full
-example	no		no
-fdictfn			/home/yaroslav/model/etc/ua.filler
-feat		1s_c_d_dd	s2_4x
-fullvar	no		yes
-help		no		no
-hmmdir				
-latdir				
-latext				
-lda				
-ldadim		0		0
-lsnfn				/home/yaroslav/model/etc/ua_train.transcription
-lw		11.5		1.150000e+01
-maxuttlen	0		0
-meanfn				/home/yaroslav/model/model_parameters/ua.cd_semi_1000/means
-meanreest	yes		yes
-mixwfn				/home/yaroslav/model/model_parameters/ua.cd_semi_1000/mixture_weights
-mixwreest	yes		yes
-mllrmat			
-mmie		no		no
-mmie_type	rand		rand
-moddeffn			/home/yaroslav/model/model_architecture/ua.1000.mdef
-mwfloor	0.00001		1.000000e-05
-npart				2
-nskip				0
-outphsegdir			
-outputfullpath	no		no
-part				2
-pdumpdir			
-phsegdir			
-phsegext	phseg		phseg
-runlen		-1		-1
-sentdir			
-sentext	sent		sent
-spthresh	0.0		0.000000e+00
-svspec				
-timing		yes		no
-tmatfn				/home/yaroslav/model/model_parameters/ua.cd_semi_1000/transition_matrices
-tmatreest	yes		yes
-topn		4		256
-tpfloor	0.0001		1.000000e-05
-ts2cbfn			.semi.
-varfloor	0.00001		1.000000e-04
-varfn				/home/yaroslav/model/model_parameters/ua.cd_semi_1000/variances
-varnorm	no		yes
-varreest	yes		yes
-viterbi	no		no

INFO: feat.c(715): Initializing feature stream to type: 's2_4x', ceplen=13, CMN='current', VARNORM='yes', AGC='none'
INFO: cmn.c(143): mean[0]= 12.00, mean[1..12]= 0.0
INFO: main.c(318): Reading /home/yaroslav/model/model_architecture/ua.1000.mdef
INFO: model_def_io.c(573): Model definition info:
INFO: model_def_io.c(574): 30170 total models defined (49 base, 30121 tri)
INFO: model_def_io.c(575): 120680 total states
INFO: model_def_io.c(576): 1147 total tied states
INFO: model_def_io.c(577): 147 total tied CI states
INFO: model_def_io.c(578): 49 total tied transition matrices
INFO: model_def_io.c(579): 4 max state/model
INFO: model_def_io.c(580): 4 min state/model
INFO: s3mixw_io.c(117): Read /home/yaroslav/model/model_parameters/ua.cd_semi_1000/mixture_weights [1147x4x256 array]
INFO: mod_inv.c(408): Failed to norm for 12 mixw: 36 37 38 132 133 134 385 386 387 1106 1107 1108
INFO: s3tmat_io.c(118): Read /home/yaroslav/model/model_parameters/ua.cd_semi_1000/transition_matrices [49x3x4 array]
INFO: mod_inv.c(301): inserting tprob floor 1.000000e-05 and renormalizing
INFO: s3gau_io.c(169): Read /home/yaroslav/model/model_parameters/ua.cd_semi_1000/means [1x4x256 array]
INFO: s3gau_full_io.c(176): Read /home/yaroslav/model/model_parameters/ua.cd_semi_1000/variances [1x4x256 array of full matrices]
INFO: gauden.c(176): 1 total mgau
INFO: gauden.c(150): 4 feature streams (|0|=12 |1|=24 |2|=3 |3|=12 )
INFO: gauden.c(187): 256 total densities
INFO: gauden.c(90): min_var=1.000000e-04
INFO: gauden.c(165): compute 256 densities/frame
INFO: main.c(431): Will reestimate mixing weights.
INFO: main.c(433): Will reestimate means.
INFO: main.c(435): Will reestimate variances.
INFO: main.c(443): Will reestimate transition matrices
INFO: main.c(456): Reading main dictionary: /home/yaroslav/model/etc/ua.dic.full
INFO: lexicon.c(221): 2280 entries added from /home/yaroslav/model/etc/ua.dic.full
INFO: main.c(466): Reading filler dictionary: /home/yaroslav/model/etc/ua.filler
INFO: lexicon.c(221): 3 entries added from /home/yaroslav/model/etc/ua.filler
INFO: corpus.c(403): skipping 41 utts.
INFO: corpus.c(407): Last utt skipped: uk_0041
INFO: corpus.c(1062): Will process all remaining utts starting at 41
INFO: main.c(665): Reestimation: Baum-Welch
INFO: cmn.c(183): CMN: 49.88  1.55  7.13  5.41  2.70  4.08 -10.71 -4.09 -2.26  0.01 -0.04  0.59  0.83 
column defns
	<seq>
	<id>
	<n_frame_in>
	<n_frame_del>
	<n_state_shmm>
	<avg_states_alpha>
	<avg_states_beta>
	<avg_states_reest>
	<avg_posterior_prune>
	<frame_log_lik>
	<utt_log_lik>
	... timing info ... 
utt>    41                   uk_0042 1644    0   876 19  2 4 3.932007e-12 -6.135158e+01 -1.008620e+05
INFO: cmn.c(183): CMN: 52.50  0.72  5.13  5.94  0.94  4.13 -10.16 -3.12 -5.39 -1.71 -1.06 -2.32 -0.17 
utt>    42                   uk_0043 2462    0  1300 18  2 4 3.719783e-12 -6.278423e+01 -1.545748e+05
INFO: cmn.c(183): CMN: 47.11  0.17  4.93  8.31  3.50  4.27 -10.12 -0.95 -2.12 -0.94  2.43 -1.03  0.77 
utt>    43                   uk_0044 2021    0  1212 18  2 4 4.338311e-12 -6.770383e+01 -1.368294e+05
INFO: cmn.c(183): CMN: 48.76  0.64  4.37  6.85  2.09  2.24 -10.34 -1.63 -0.61 -1.92  3.14 -2.21  0.87 
ERROR: "backward.c", line 421: Failed to align audio to trancript: final state of the search is not reached
ERROR: "baum_welch.c", line 324: uk_0045 ignored
utt>    44                   uk_0045 2744    0  1688 11 
INFO: cmn.c(183): CMN: 49.96  0.15  5.43  8.13  1.91  3.66 -11.66  0.87 -3.48 -0.24  2.28 -1.67  1.03 
utt>    45                   uk_0046 2603    0  1496 19  2 4 4.209888e-12 -6.417067e+01 -1.670363e+05
INFO: cmn.c(183): CMN: 50.48  1.28  5.41  6.91  1.46  5.05 -11.46 -1.28 -1.60 -0.93  1.48 -1.17  1.19 
utt>    46                   uk_0047 2784    0  1676 18  2 4 4.294876e-12 -6.392196e+01 -1.779587e+05
INFO: cmn.c(183): CMN: 49.28  1.11  4.38  7.60  3.81  5.28 -11.28 -0.27 -1.89 -0.52  1.71 -1.36  1.79 
utt>    47                   uk_0048 2189    0  1320 18  2 4 3.725954e-12 -6.389684e+01 -1.398702e+05
INFO: cmn.c(183): CMN: 50.16  0.59  6.37  9.28  2.90  3.65 -13.28 -1.53 -3.34 -0.04  2.37 -0.56  1.51 
utt>    48                   uk_0049 2144    0  1288 19  2 5 4.310918e-12 -6.261786e+01 -1.342527e+05
INFO: cmn.c(183): CMN: 48.09  0.23  4.62  6.86  4.42  5.90 -11.56 -2.98 -1.20 -1.31  3.18 -1.08  1.09 
utt>    49                   uk_0050 2041    0  1280 18  2 4 4.547369e-12 -6.348712e+01 -1.295772e+05
INFO: cmn.c(183): CMN: 51.42  2.91  4.26  5.36  1.02  2.15 -11.72 -1.15 -1.23 -2.09  2.84 -2.21  1.30 
utt>    50                   uk_0051 2632    0  1572 19  2 4 3.750278e-12 -6.253433e+01 -1.645904e+05
INFO: cmn.c(183): CMN: 50.37  1.03  6.49  6.16  1.50  2.38 -8.68 -3.18 -2.86 -0.25  1.54 -1.56  1.18 
utt>    51                   uk_0052 2204    0  1380 18  2 5 4.427312e-12 -6.320609e+01 -1.393062e+05
INFO: cmn.c(183): CMN: 52.37  1.36  5.09  7.34  0.03  1.40 -9.46 -1.37 -1.70 -0.02  3.38 -0.71  1.79 
utt>    52                   uk_0053 2650    0  1672 19  2 4 3.653328e-12 -6.293764e+01 -1.667847e+05
INFO: cmn.c(183): CMN: 52.79  2.92  3.71  7.04  2.62  3.56 -11.00 -2.19 -1.76 -1.64  1.97 -0.92  0.96 
utt>    53                   uk_0054 2819    0  1764 19  2 4 4.468076e-12 -6.439541e+01 -1.815307e+05
INFO: cmn.c(183): CMN: 52.90  4.09  2.79  5.35  3.21  4.58 -12.16 -4.39 -1.70 -0.07  0.88 -0.91  1.30 
ERROR: "backward.c", line 421: Failed to align audio to trancript: final state of the search is not reached
ERROR: "baum_welch.c", line 324: uk_0055 ignored
utt>    54                   uk_0055 2528    0  1648 6 
INFO: cmn.c(183): CMN: 50.65  1.35  3.96  6.66  3.69  7.07 -10.33 -4.82  0.49 -1.76  2.41 -0.61  1.86 
utt>    55                   uk_0056 2515    0  1556 19  2 4 4.665479e-12 -6.506268e+01 -1.636326e+05
INFO: cmn.c(183): CMN: 51.40  1.99  6.03  6.47  3.78  7.24 -9.52 -2.47 -2.27 -0.73  0.32 -0.83  1.25 
utt>    56                   uk_0057 2341    0  1384 19  2 4 4.644200e-12 -6.388470e+01 -1.495541e+05
INFO: cmn.c(183): CMN: 49.50  0.99  2.66  4.72  3.10  2.21 -8.74 -1.17 -0.90 -0.06  1.57 -0.84  1.37 
utt>    57                   uk_0058 2069    0  1232 18  2 4 3.784520e-12 -6.412543e+01 -1.326755e+05
INFO: cmn.c(183): CMN: 51.86  1.75  3.04  8.15  1.77  1.69 -10.49 -1.56 -1.66 -0.52  2.07 -2.19  1.62 
utt>    58                   uk_0059 2645    0  1584 20  2 4 4.114512e-12 -6.239674e+01 -1.650394e+05
INFO: cmn.c(183): CMN: 49.70  1.35  4.75  8.63  2.30  2.55 -7.75 -2.53 -2.81 -1.43  2.04 -1.87  1.30 
utt>    59                   uk_0060 2326    0  1524 18  2 4 4.397325e-12 -6.613475e+01 -1.538294e+05
INFO: cmn.c(183): CMN: 50.81  0.16  5.61  6.28  2.02  3.14 -9.53 -2.73 -2.27 -2.50  1.17 -2.27  1.20 
utt>    60                   uk_0061 2225    0  1276 19  2 4 3.814530e-12 -6.246439e+01 -1.389833e+05
INFO: cmn.c(183): CMN: 49.86 -0.14  4.75  6.95  2.74  4.59 -9.37 -4.23 -0.94 -1.07  1.73 -1.41  0.43 
ERROR: "backward.c", line 421: Failed to align audio to trancript: final state of the search is not reached
ERROR: "baum_welch.c", line 324: uk_0062 ignored
utt>    61                   uk_0062 2202    0  1320 8 
INFO: cmn.c(183): CMN: 48.91  2.29  2.78  8.22  3.57  4.21 -11.68 -3.43 -1.84 -1.08  2.84 -1.25  1.65 
utt>    62                   uk_0063 2461    0  1520 20  2 4 3.977010e-12 -6.497600e+01 -1.599059e+05
INFO: cmn.c(183): CMN: 49.60  1.81  3.90  8.51  3.85  2.20 -12.55 -3.85 -1.32 -2.25  1.80 -2.34  0.81 
utt>    63                   uk_0064 1718    0   992 20  2 4 5.026069e-12 -6.307446e+01 -1.083619e+05
INFO: cmn.c(183): CMN: 50.02  2.77  3.15  7.83  3.62  4.04 -11.56 -3.05 -1.50 -2.24  3.03 -2.36  0.93 
utt>    64                   uk_0065 2413    0  1468 19  2 5 4.229385e-12 -6.407427e+01 -1.546112e+05
INFO: cmn.c(183): CMN: 49.00  2.15  6.30  9.62  2.88  0.59 -9.07 -0.90 -2.53 -1.29  1.59 -2.37  1.09 
utt>    65                   uk_0066 3147    0  2016 20  2 4 4.270983e-12 -6.528050e+01 -2.054377e+05
INFO: cmn.c(183): CMN: 49.45  1.57  1.25  7.02  2.60  1.25 -10.41 -0.02 -2.53 -0.64  2.74 -1.95  1.18 
utt>    66                   uk_0067 2593    0  1768 19  2 4 4.231047e-12 -6.574472e+01 -1.704761e+05
INFO: cmn.c(183): CMN: 52.24  2.66  4.12  7.70  3.02  3.78 -12.94  0.74 -4.62 -0.33  2.25 -1.99  0.97 
utt>    67                   uk_0068 2426    0  1364 20  2 4 4.067608e-12 -6.107124e+01 -1.481588e+05
INFO: cmn.c(183): CMN: 51.06  1.74  5.23  6.82  2.82  3.57 -11.90 -3.12 -4.00 -1.28  1.54 -0.99  0.88 
utt>    68                   uk_0069 2546    0  1552 19  2 4 3.861593e-12 -6.418822e+01 -1.634232e+05
INFO: cmn.c(183): CMN: 51.48  2.57  3.66  7.93  2.80  3.33 -12.64 -3.85 -1.57 -1.59  1.88 -0.92  1.55 
utt>    69                   uk_0070 2350    0  1312 19  2 4 3.892602e-12 -6.290088e+01 -1.478171e+05
INFO: cmn.c(183): CMN: 51.87  1.08  5.01  7.16  2.64  4.65 -12.26 -3.87 -0.94 -1.99  2.15 -1.61  0.62 
utt>    70                   uk_0071 2531    0  1488 19  2 4 3.647194e-12 -6.450912e+01 -1.632726e+05
INFO: cmn.c(183): CMN: 50.04  0.16  6.35  4.89  4.58  6.51 -9.76 -3.83 -1.26  0.74  0.91  1.59  0.18 
utt>    71                   uk_0072 1813    0   888 19  2 4 3.862506e-12 -6.161967e+01 -1.117165e+05
INFO: cmn.c(183): CMN: 48.23  0.76  3.43 10.87  1.87  1.37 -11.46 -2.54 -1.76 -0.39  1.59 -1.23  1.36 
utt>    72                   uk_0073 2804    0  1716 19  2 4 4.480769e-12 -6.499006e+01 -1.822321e+05
INFO: cmn.c(183): CMN: 50.32  1.15  5.69  8.47  2.16  1.15 -10.95 -1.47 -1.41 -0.22  3.07 -2.00  1.51 
ERROR: "backward.c", line 421: Failed to align audio to trancript: final state of the search is not reached
ERROR: "baum_welch.c", line 324: uk_0074 ignored
utt>    73                   uk_0074 2672    0  1652 14 
INFO: cmn.c(183): CMN: 51.01  1.05  2.50  7.06  2.42 -1.38 -10.02 -1.65  0.76  0.00  2.92 -2.12  1.99 
utt>    74                   uk_0075 2182    0  1356 19  2 4 3.953792e-12 -6.297730e+01 -1.374165e+05
INFO: cmn.c(183): CMN: 50.62  2.70  4.79  6.60  3.09 -0.94 -11.50 -0.61 -2.17  0.34  1.66 -2.54  1.74 
utt>    75                   uk_0076 2179    0  1232 19  2 4 4.073791e-12 -6.416821e+01 -1.398225e+05
INFO: cmn.c(183): CMN: 51.47  3.29  5.29  3.90  5.39  5.02 -11.07 -2.04 -2.62 -2.05  1.48 -1.34  1.83 
utt>    76                   uk_0077 2364    0  1388 20  2 5 4.541325e-12 -6.442657e+01 -1.523044e+05
INFO: cmn.c(183): CMN: 49.03 -0.21  4.24  3.72  5.32  3.25 -10.80  1.58 -4.54  0.72 -0.04  0.20  0.34 
utt>    77                   uk_0078 2073    0  1144 18  2 4 4.584101e-12 -6.613294e+01 -1.370936e+05
INFO: cmn.c(183): CMN: 49.74 -1.35  6.53  5.16  5.28  4.48 -9.92 -2.09 -4.54  0.14 -0.65  0.01 -0.06 
utt>    78                   uk_0079 2508    0  1364 19  2 4 4.128151e-12 -6.383624e+01 -1.601013e+05
INFO: cmn.c(183): CMN: 48.83 -1.05  5.65  6.01  4.10  3.77 -9.27  0.02 -4.22 -0.28  1.35 -1.22  1.35 
utt>    79                   uk_0080 2117    0  1160 19  2 4 4.051096e-12 -6.331324e+01 -1.340341e+05
INFO: cmn.c(183): CMN: 50.65  0.10  5.08  1.72  4.80  1.34 -7.75  3.33 -4.22  1.93 -0.55 -1.00  1.00 
utt>    80                   uk_0081 1628    0   728 19  2 4 3.866312e-12 -6.128943e+01 -9.977919e+04
INFO: cmn.c(183): CMN: 52.35  1.41  4.99  5.18  2.99  0.21 -10.56 -1.32 -2.54 -0.70  1.13 -2.47  1.41 
utt>    81                   uk_0082 2223    0  1288 19  2 4 4.193134e-12 -6.438574e+01 -1.431295e+05
INFO: cmn.c(183): CMN: 51.91  0.36  5.19  8.85  2.72 -0.51 -6.74 -1.21 -1.58 -3.05  2.33 -3.61  1.47 
utt>    82                   uk_0083 1655    0  1008 20  2 4 3.949795e-12 -6.340913e+01 -1.049421e+05
overall> stats 88045 (-0) -6.384149e+01 -5.620924e+06
WARN: "accum.c", line 642: The following senones never occur in the input data
	36 37 38 132 133 134 385 386 387 1106 
	1107 1108 
INFO: s3mixw_io.c(233): Wrote /home/yaroslav/model/bwaccumdir/ua_buff_2/mixw_counts [1147x4x256 array]
INFO: s3tmat_io.c(176): Wrote /home/yaroslav/model/bwaccumdir/ua_buff_2/tmat_counts [49x3x4 array]
INFO: s3gau_full_io.c(517): Wrote /home/yaroslav/model/bwaccumdir/ua_buff_2/gauden_counts with means with full vars (2pass) [1x4x256 vector/matrix arrays]
INFO: main.c(999): Counts saved to /home/yaroslav/model/bwaccumdir/ua_buff_2
Thu Apr  7 00:52:26 2016
