        INFO: main.c(229): Compiled on Mar 30 2016 at 05:22:39
Current configuration:
[NAME]		[DEFLT]		[VALUE]
-2passvar	no		no
-abeam		1e-100		1.000000e-90
-accumdir			/home/yaroslav/model/bwaccumdir/ua_buff_1
-agc		none		none
-agcthresh	2.0		2.000000e+00
-bbeam		1e-100		1.000000e-10
-cb2mllrfn	.1cls.		.1cls.
-cepdir				/home/yaroslav/model/feat
-cepext		mfc		mfc
-ceplen		13		13
-ckptintv			0
-cmn		current		current
-cmninit	8.0		8.0
-ctlfn				/home/yaroslav/model/etc/ua_train.fileids
-diagfull	no		no
-dictfn				/home/yaroslav/model/etc/ua.dic
-example	no		no
-fdictfn			/home/yaroslav/model/etc/ua.filler
-feat		1s_c_d_dd	s2_4x
-fullvar	no		no
-help		no		no
-hmmdir				
-latdir				
-latext				
-lda				
-ldadim		0		0
-lsnfn				/home/yaroslav/model/etc/ua_train.transcription
-lw		11.5		1.150000e+01
-maxuttlen	0		0
-meanfn				/home/yaroslav/model/model_parameters/ua.cd_semi_initial/means
-meanreest	yes		yes
-mixwfn				/home/yaroslav/model/model_parameters/ua.cd_semi_initial/mixture_weights
-mixwreest	yes		yes
-mllrmat			
-mmie		no		no
-mmie_type	rand		rand
-moddeffn			/home/yaroslav/model/model_architecture/ua.1000.mdef
-mwfloor	0.00001		1.000000e-05
-npart				2
-nskip				0
-outphsegdir			
-outputfullpath	no		no
-part				1
-pdumpdir			
-phsegdir			
-phsegext	phseg		phseg
-runlen		-1		-1
-sentdir			
-sentext	sent		sent
-spthresh	0.0		0.000000e+00
-svspec				
-timing		yes		no
-tmatfn				/home/yaroslav/model/model_parameters/ua.cd_semi_initial/transition_matrices
-tmatreest	yes		yes
-topn		4		256
-tpfloor	0.0001		1.000000e-05
-ts2cbfn			.semi.
-varfloor	0.00001		1.000000e-04
-varfn				/home/yaroslav/model/model_parameters/ua.cd_semi_initial/variances
-varnorm	no		no
-varreest	yes		yes
-viterbi	no		no

INFO: feat.c(715): Initializing feature stream to type: 's2_4x', ceplen=13, CMN='current', VARNORM='no', AGC='none'
INFO: cmn.c(143): mean[0]= 12.00, mean[1..12]= 0.0
INFO: main.c(318): Reading /home/yaroslav/model/model_architecture/ua.1000.mdef
INFO: model_def_io.c(573): Model definition info:
INFO: model_def_io.c(574): 30170 total models defined (49 base, 30121 tri)
INFO: model_def_io.c(575): 120680 total states
INFO: model_def_io.c(576): 1147 total tied states
INFO: model_def_io.c(577): 147 total tied CI states
INFO: model_def_io.c(578): 49 total tied transition matrices
INFO: model_def_io.c(579): 4 max state/model
INFO: model_def_io.c(580): 4 min state/model
INFO: s3mixw_io.c(117): Read /home/yaroslav/model/model_parameters/ua.cd_semi_initial/mixture_weights [1147x4x256 array]
INFO: mod_inv.c(408): Failed to norm for 3 mixw: 36 37 38
INFO: s3tmat_io.c(118): Read /home/yaroslav/model/model_parameters/ua.cd_semi_initial/transition_matrices [49x3x4 array]
INFO: mod_inv.c(301): inserting tprob floor 1.000000e-05 and renormalizing
INFO: s3gau_io.c(169): Read /home/yaroslav/model/model_parameters/ua.cd_semi_initial/means [1x4x256 array]
INFO: s3gau_io.c(169): Read /home/yaroslav/model/model_parameters/ua.cd_semi_initial/variances [1x4x256 array]
INFO: gauden.c(176): 1 total mgau
INFO: gauden.c(150): 4 feature streams (|0|=12 |1|=24 |2|=3 |3|=12 )
INFO: gauden.c(187): 256 total densities
INFO: gauden.c(90): min_var=1.000000e-04
INFO: gauden.c(165): compute 256 densities/frame
INFO: main.c(431): Will reestimate mixing weights.
INFO: main.c(433): Will reestimate means.
INFO: main.c(435): Will reestimate variances.
INFO: main.c(443): Will reestimate transition matrices
INFO: main.c(456): Reading main dictionary: /home/yaroslav/model/etc/ua.dic
INFO: lexicon.c(221): 2280 entries added from /home/yaroslav/model/etc/ua.dic
INFO: main.c(466): Reading filler dictionary: /home/yaroslav/model/etc/ua.filler
INFO: lexicon.c(221): 3 entries added from /home/yaroslav/model/etc/ua.filler
INFO: corpus.c(1065): Will process 41 utts starting at 0
INFO: main.c(665): Reestimation: Baum-Welch
INFO: cmn.c(183): CMN: 49.62  1.74  2.44  5.07 -3.61  0.51 -11.32 -1.18 -0.52 -2.64  0.10 -3.56 -0.03 
column defns
	<seq>
	<id>
	<n_frame_in>
	<n_frame_del>
	<n_state_shmm>
	<avg_states_alpha>
	<avg_states_beta>
	<avg_states_reest>
	<avg_posterior_prune>
	<frame_log_lik>
	<utt_log_lik>
	... timing info ... 
utt>     0                   uk_0001  528    0   296 25  2 5 4.709748e-12 -1.840438e+02 -9.717512e+04
INFO: cmn.c(183): CMN: 42.96 -2.48 10.29  5.36  0.01 -0.60 -11.06 -3.27 -0.41 -1.01  2.00 -2.10 -1.22 
utt>     1                   uk_0002  572    0   332 28  2 5 4.942196e-12 -1.870009e+02 -1.069645e+05
INFO: cmn.c(183): CMN: 45.62  0.39  4.68  3.27 -0.36  0.62 -10.26  0.16  2.43  0.21  2.32 -1.96 -0.19 
utt>     2                   uk_0003 1940    0  1012 31  2 5 4.952213e-12 -1.842825e+02 -3.575081e+05
INFO: cmn.c(183): CMN: 46.85 -0.32  6.75  3.74  0.71 -0.56 -11.51  0.48  1.03  0.15  2.69 -1.89  0.19 
utt>     3                   uk_0004 1824    0   988 28  2 5 5.012990e-12 -1.833368e+02 -3.344063e+05
INFO: cmn.c(183): CMN: 51.36  0.88  9.95  1.27 -0.85 -0.61 -10.99 -3.41 -3.80  0.21 -1.93 -0.50 -1.75 
utt>     4                   uk_0005 1962    0  1164 32  3 6 5.208120e-12 -1.857062e+02 -3.643556e+05
INFO: cmn.c(183): CMN: 51.54  0.68  3.93  1.77 -0.57 -2.00 -10.49  1.58 -2.65  1.25 -0.07 -0.31  0.08 
utt>     5                   uk_0006 2319    0  1404 28  2 5 5.412077e-12 -1.845835e+02 -4.280492e+05
INFO: cmn.c(183): CMN: 50.52  3.60  4.59  0.05  0.96 -1.97 -12.45  1.66 -1.66  3.51  1.15  0.13 -0.05 
utt>     6                   uk_0007 2587    0  1476 30  2 5 5.398520e-12 -1.873558e+02 -4.846894e+05
INFO: cmn.c(183): CMN: 50.35  1.06  6.24  3.53 -2.85 -2.06 -10.52  1.03 -4.25  1.47 -0.72 -1.95 -1.32 
utt>     7                   uk_0008 2572    0  1544 27  2 5 4.916585e-12 -1.826497e+02 -4.697749e+05
INFO: cmn.c(183): CMN: 52.02  2.40  5.14  3.25 -3.44 -4.74 -9.54  2.31 -2.88  1.39  0.25 -1.96  0.34 
utt>     8                   uk_0009 2300    0  1436 29  3 6 5.246249e-12 -1.860570e+02 -4.279311e+05
INFO: cmn.c(183): CMN: 50.66  0.83  7.38  4.29 -3.82 -3.18 -11.25  1.00 -2.50  0.17  0.26 -1.97 -0.57 
utt>     9                   uk_0010 3080    0  1808 29  2 5 5.537981e-12 -1.840629e+02 -5.669139e+05
INFO: cmn.c(183): CMN: 50.94  2.78  5.73  1.26 -0.67 -0.71 -12.68 -1.42 -1.66  0.24  1.38 -2.67  0.30 
utt>    10                   uk_0011 3049    0  1776 31  2 5 5.488302e-12 -1.844587e+02 -5.624146e+05
INFO: cmn.c(183): CMN: 50.40  0.21  7.35  5.78 -1.75 -1.26 -13.42 -2.52 -0.26 -1.86  1.19 -3.11 -0.81 
utt>    11                   uk_0012 2150    0  1160 28  2 5 4.263413e-12 -1.826105e+02 -3.926126e+05
INFO: cmn.c(183): CMN: 52.17  2.71  5.18  1.95 -1.69 -0.16 -11.54 -2.69 -1.20  1.21  0.42 -0.38 -0.13 
utt>    12                   uk_0013 3398    0  1888 30  2 5 4.898838e-12 -1.836662e+02 -6.240977e+05
INFO: cmn.c(183): CMN: 52.08  1.01  2.36  0.27  0.38 -1.58 -10.05  1.21  0.90  0.89  1.65 -1.25 -0.29 
utt>    13                   uk_0014 2760    0  1356 31  2 5 5.345869e-12 -1.858127e+02 -5.128431e+05
INFO: cmn.c(183): CMN: 51.40  0.24  5.36  4.08 -1.58  0.95 -9.75  0.62  0.57  1.32  0.44 -2.59 -1.02 
utt>    14                   uk_0015 2912    0  1408 34  2 5 5.052325e-12 -1.893337e+02 -5.513397e+05
INFO: cmn.c(183): CMN: 50.38  1.25  4.02  2.21 -0.93 -0.65 -11.43 -2.09  0.36 -0.19  1.53 -2.44  0.24 
utt>    15                   uk_0016 2010    0  1056 30  2 5 4.965631e-12 -1.840492e+02 -3.699389e+05
INFO: cmn.c(183): CMN: 51.02  1.08  5.94  3.66 -2.22 -0.09 -12.28 -1.27 -0.25  2.13  2.28 -0.09  0.94 
utt>    16                   uk_0017 2372    0  1348 29  2 5 4.648807e-12 -1.840087e+02 -4.364687e+05
INFO: cmn.c(183): CMN: 47.35  1.68  3.29  3.65 -0.91 -2.09 -11.27  2.07  2.66  2.20  2.47 -2.32  0.96 
utt>    17                   uk_0018 1273    0   616 29  2 5 5.083708e-12 -1.828736e+02 -2.327981e+05
INFO: cmn.c(183): CMN: 50.94  1.86  5.84  3.79 -2.64 -2.69 -11.19 -1.91  1.18  0.24  2.58 -2.75  0.77 
utt>    18                   uk_0019 2143    0  1144 28  2 5 4.575576e-12 -1.842264e+02 -3.947972e+05
INFO: cmn.c(183): CMN: 50.53  1.03  8.20  3.41 -0.19 -1.25 -10.76 -3.81 -2.37  1.14  0.77 -0.93 -0.79 
utt>    19                   uk_0020 2316    0  1276 29  2 5 4.323085e-12 -1.819368e+02 -4.213656e+05
INFO: cmn.c(183): CMN: 50.65  0.74  5.71  2.65  0.46 -0.79 -10.07 -2.50 -0.38 -0.68 -0.23 -1.08 -0.84 
utt>    20                   uk_0021 2899    0  1476 31  2 5 4.973665e-12 -1.824375e+02 -5.288864e+05
INFO: cmn.c(183): CMN: 49.86  1.96  2.91  3.39 -1.78 -3.52 -11.16 -0.21  0.76  0.75  1.80 -3.11  0.38 
utt>    21                   uk_0022 1519    0   788 28  2 5 4.547709e-12 -1.823463e+02 -2.769840e+05
INFO: cmn.c(183): CMN: 51.97  1.83  4.76  2.28 -1.73  0.11 -12.54 -1.06  1.31 -0.28  4.31 -2.13  1.46 
utt>    22                   uk_0023 2834    0  1452 30  2 5 5.164411e-12 -1.845587e+02 -5.230393e+05
INFO: cmn.c(183): CMN: 50.16  3.91  5.36  3.24  0.28 -1.44 -12.61  0.25 -2.70  2.10  1.19 -1.36 -0.08 
utt>    23                   uk_0024 2513    0  1452 29  2 5 4.621703e-12 -1.858462e+02 -4.670315e+05
INFO: cmn.c(183): CMN: 49.89  2.65  4.93  4.95 -1.82 -2.20 -12.96  2.08 -1.67  1.10  2.51 -3.39 -0.25 
utt>    24                   uk_0025 2117    0  1252 28  2 5 5.397620e-12 -1.826827e+02 -3.867392e+05
INFO: cmn.c(183): CMN: 51.41  1.28  5.42  5.61 -2.87 -1.98 -12.43  1.32 -1.88  0.87  1.83 -1.96  1.01 
utt>    25                   uk_0026 2539    0  1524 30  3 5 5.666174e-12 -1.834216e+02 -4.657075e+05
INFO: cmn.c(183): CMN: 52.01  0.48  7.16  4.08 -2.57 -3.24 -13.26  0.09 -3.26  1.82  0.85 -2.65  0.54 
utt>    26                   uk_0027 3067    0  1772 29  2 5 5.642043e-12 -1.836626e+02 -5.632931e+05
INFO: cmn.c(183): CMN: 48.70 -0.25  5.02  6.65 -2.87 -2.00 -12.75  0.47 -0.13  0.51  1.17 -2.62 -0.83 
utt>    27                   uk_0028 2216    0  1264 29  2 5 5.070566e-12 -1.817846e+02 -4.028346e+05
INFO: cmn.c(183): CMN: 52.31  1.98  3.72  4.45 -2.42 -2.62 -13.42 -2.00  1.01  0.53  2.67 -2.32  0.03 
utt>    28                   uk_0029 2264    0  1240 28  2 5 5.877482e-12 -1.834818e+02 -4.154029e+05
INFO: cmn.c(183): CMN: 52.20  3.06  2.97  5.11 -3.16 -2.00 -11.03  0.41  1.46  1.53  3.49 -2.26  0.97 
utt>    29                   uk_0030 2395    0  1496 30  2 5 5.662274e-12 -1.863827e+02 -4.463867e+05
INFO: cmn.c(183): CMN: 52.90  2.04  5.29  4.95 -2.11 -4.28 -11.15  2.05 -1.44  1.74  1.15 -0.85  0.99 
utt>    30                   uk_0031 2895    0  1808 29  3 6 5.755470e-12 -1.861069e+02 -5.387796e+05
INFO: cmn.c(183): CMN: 51.29  2.40  5.93  4.56 -3.22 -4.11 -9.06  2.02  0.18  3.92  2.06  1.12  0.31 
utt>    31                   uk_0032 2522    0  1380 28  2 5 4.938557e-12 -1.870944e+02 -4.718520e+05
INFO: cmn.c(183): CMN: 51.27  2.21  7.53  3.88  0.43 -2.03 -12.33 -0.80 -0.29  5.13  1.99  1.82 -0.10 
utt>    32                   uk_0033 2970    0  1560 32  3 6 5.492606e-12 -1.880251e+02 -5.584345e+05
INFO: cmn.c(183): CMN: 48.98  2.57  6.80  3.53  0.10  0.02 -12.41 -1.19 -0.59  1.14  0.73 -0.47 -0.16 
utt>    33                   uk_0034 2494    0  1480 29  2 5 4.632877e-12 -1.842016e+02 -4.593988e+05
INFO: cmn.c(183): CMN: 52.29  3.57  5.71  1.31  0.92 -0.45 -12.17 -1.12 -0.62  3.16  0.86  1.82  1.09 
utt>    34                   uk_0035 2502    0  1384 27  2 5 4.825618e-12 -1.858839e+02 -4.650815e+05
INFO: cmn.c(183): CMN: 49.43  3.10  6.57  3.52  1.83 -0.30 -12.12 -1.32 -2.86  1.21 -2.00 -1.08 -0.75 
utt>    35                   uk_0036 2922    0  1616 28  2 5 5.408384e-12 -1.823009e+02 -5.326833e+05
INFO: cmn.c(183): CMN: 51.19 -1.93  6.51  5.84 -1.10 -1.86 -11.93  2.97 -3.89  0.81 -0.54 -2.62 -0.78 
utt>    36                   uk_0037 2571    0  1424 26  2 5 5.054191e-12 -1.795886e+02 -4.617223e+05
INFO: cmn.c(183): CMN: 48.89 -1.25  8.15  6.44  0.69 -2.72 -9.59  0.86 -5.27  1.30 -0.52 -1.10 -0.94 
utt>    37                   uk_0038 2462    0  1564 28  2 5 4.883971e-12 -1.843527e+02 -4.538763e+05
INFO: cmn.c(183): CMN: 52.60  3.19  4.15  0.74 -0.03 -2.72 -11.84  0.81 -2.37  1.71  0.40 -1.16 -0.02 
ERROR: "backward.c", line 421: Failed to align audio to trancript: final state of the search is not reached
ERROR: "baum_welch.c", line 324: uk_0039 ignored
utt>    38                   uk_0039 3183    0  1808 16 
INFO: cmn.c(183): CMN: 51.09  2.04  5.67  5.54 -1.43 -1.20 -13.34 -0.55 -1.29 -0.08  0.09 -1.22 -0.83 
utt>    39                   uk_0040 2616    0  1556 28  2 5 5.006415e-12 -1.825948e+02 -4.776680e+05
INFO: cmn.c(183): CMN: 51.99  3.53  4.87  2.15 -0.06 -2.09 -13.51 -1.11 -3.36  2.49 -0.35 -0.09  0.12 
utt>    40                   uk_0041 2338    0  1300 29  3 6 5.135998e-12 -1.837940e+02 -4.297103e+05
overall> stats 94722 (-0) -1.843495e+02 -1.746196e+07
WARN: "accum.c", line 642: The following senones never occur in the input data
	36 37 38 42 43 44 132 133 134 141 
	142 143 
INFO: s3mixw_io.c(233): Wrote /home/yaroslav/model/bwaccumdir/ua_buff_1/mixw_counts [1147x4x256 array]
INFO: s3tmat_io.c(176): Wrote /home/yaroslav/model/bwaccumdir/ua_buff_1/tmat_counts [49x3x4 array]
INFO: s3gau_io.c(485): Wrote /home/yaroslav/model/bwaccumdir/ua_buff_1/gauden_counts with means with vars [1x4x256 vector arrays]
INFO: main.c(999): Counts saved to /home/yaroslav/model/bwaccumdir/ua_buff_1
Wed Apr  6 01:27:19 2016
