Current configuration:
[NAME]		[DEFLT]	[VALUE]
-dcountfn		/home/yaroslav/model/model_parameters/ua.cd_cont_1000/mixture_weights
-example	no	no
-fullvar	no	no
-help		no	no
-inmeanfn		/home/yaroslav/model/model_parameters/ua.cd_cont_1000/means
-inmixwfn		/home/yaroslav/model/model_parameters/ua.cd_cont_1000/mixture_weights
-invarfn		/home/yaroslav/model/model_parameters/ua.cd_cont_1000/variances
-ninc		1	1
-outmeanfn		/home/yaroslav/model/model_parameters/ua.cd_cont_initial/means
-outmixwfn		/home/yaroslav/model/model_parameters/ua.cd_cont_initial/mixture_weights
-outvarfn		/home/yaroslav/model/model_parameters/ua.cd_cont_initial/variances

INFO: main.c(86): Reading mixing weight file /home/yaroslav/model/model_parameters/ua.cd_cont_1000/mixture_weights.
INFO: s3mixw_io.c(117): Read /home/yaroslav/model/model_parameters/ua.cd_cont_1000/mixture_weights [1153x1x1 array]
INFO: s3gau_io.c(169): Read /home/yaroslav/model/model_parameters/ua.cd_cont_1000/means [1153x1x1 array]
INFO: s3gau_io.c(169): Read /home/yaroslav/model/model_parameters/ua.cd_cont_1000/variances [1153x1x1 array]
INFO: s3gau_io.c(553): Read /home/yaroslav/model/model_parameters/ua.cd_cont_1000/mixture_weights [1153x1x1 array]
INFO: main.c(151): output n_density == 2
0:0(1.83e+04)
1:0(2.84e+04)
2:0(2.42e+04)
3:0(3.96e+03)
4:0(2.49e+03)
5:0(2.32e+03)
6:0(7.17e+02)
7:0(3.69e+02)
8:0(3.23e+02)
9:0(1.20e+03)
10:0(5.84e+02)
11:0(3.07e+02)
12:0(9.90e+02)
13:0(1.53e+03)
14:0(1.29e+03)
15:0(3.90e+03)
16:0(4.06e+03)
17:0(2.62e+03)
18:0(1.56e+02)
19:0(2.14e+02)
20:0(8.84e+01)
21:0(5.76e+03)
22:0(4.11e+03)
23:0(4.74e+03)
24:0(1.23e+03)
25:0(8.50e+02)
26:0(7.56e+02)
27:0(6.79e+03)
28:0(1.10e+04)
29:0(9.51e+03)
30:0(3.43e+02)
31:0(1.12e+02)
32:0(2.40e+02)
33:0(9.56e+01)
34:0(5.43e+01)
35:0(7.83e+01)
36:0(2.69e+03)
37:0(3.13e+03)
38:0(1.73e+03)
39:0(9.14e+01)
40:0(1.66e+02)
41:0(1.14e+02)
42:0(2.10e+03)
43:0(3.86e+03)
44:0(2.53e+03)
45:0(2.34e+02)
46:0(3.37e+02)
47:0(1.86e+02)
48:0(6.25e+03)
49:0(5.37e+03)
50:0(4.07e+03)
51:0(8.07e+03)
52:0(4.75e+03)
53:0(7.26e+03)
54:0(8.52e+02)
55:0(6.33e+02)
56:0(4.57e+02)
57:0(3.54e+03)
58:0(4.89e+03)
59:0(3.68e+03)
60:0(2.21e+03)
61:0(2.23e+03)
62:0(2.56e+03)
63:0(4.74e+03)
64:0(7.70e+03)
65:0(5.79e+03)
66:0(7.48e+02)
67:0(8.09e+02)
68:0(6.10e+02)
69:0(7.97e+03)
70:0(7.89e+03)
71:0(7.06e+03)
72:0(2.44e+03)
73:0(2.54e+03)
74:0(2.01e+03)
75:0(1.62e+04)
76:0(2.01e+04)
77:0(1.77e+04)
78:0(8.59e+03)
79:0(4.12e+03)
80:0(3.42e+03)
81:0(9.03e+02)
82:0(4.54e+02)
83:0(4.91e+02)
84:0(5.33e+03)
85:0(5.81e+03)
86:0(3.98e+03)
87:0(7.01e+02)
88:0(7.77e+02)
89:0(1.08e+03)
90:0(6.37e+03)
91:0(1.04e+04)
92:0(6.11e+03)
93:0(4.02e+03)
94:0(6.93e+03)
95:0(4.23e+03)
96:0(1.85e+02)
97:0(4.80e+02)
98:0(5.51e+02)
99:0(1.51e+04)
100:0(3.59e+04)
101:0(1.59e+04)
102:0(3.24e+03)
103:0(4.38e+03)
104:0(2.66e+03)
105:0(1.19e+04)
106:0(6.33e+03)
107:0(5.51e+03)
108:0(3.16e+03)
109:0(2.50e+03)
110:0(4.98e+03)
111:0(6.65e+03)
112:0(9.23e+03)
113:0(8.61e+03)
114:0(6.56e+03)
115:0(8.68e+03)
116:0(7.41e+03)
117:0(1.49e+03)
118:0(1.22e+03)
119:0(1.39e+03)
120:0(1.07e+04)
121:0(1.60e+04)
122:0(1.85e+04)
123:0(2.35e+03)
124:0(1.90e+03)
125:0(2.13e+03)
126:0(2.36e+03)
127:0(1.96e+03)
128:0(2.05e+03)
129:0(1.26e+03)
130:0(3.27e+03)
131:0(2.31e+03)
132:0(1.36e+03)
133:0(1.53e+03)
134:0(2.85e+03)
135:0(5.33e+01)
136:0(6.96e+01)
137:0(7.99e+01)
138:0(4.24e+03)
139:0(6.25e+03)
140:0(4.98e+03)
141:0(1.44e+03)
142:0(2.60e+03)
143:0(2.12e+03)
144:0(1.15e+02)
145:0(8.99e+01)
146:0(9.34e+01)
147:0(2.49e+02)
148:0(4.07e+02)
149:0(3.73e+02)
150:0(8.21e+03)
151:0(5.62e+03)
152:0(8.82e+03)
153:0(6.21e+02)
154:0(9.20e+02)
155:0(1.41e+03)
156:0(9.79e+02)
157:0(5.60e+02)
158:0(3.62e+02)
159:0(2.31e+02)
160:0(8.49e+02)
161:0(1.55e+03)
162:0(3.70e+02)
163:0(5.68e+02)
164:0(5.10e+02)
165:0(3.06e+01)
166:0(4.15e+02)
167:0(4.02e+02)
168:0(7.43e+02)
169:0(5.35e+02)
170:0(9.34e+02)
171:0(4.45e+02)
172:0(2.80e+01)
173:0(7.41e+02)
174:0(4.56e+02)
175:0(7.56e+02)
176:0(3.18e+02)
177:0(4.59e+02)
178:0(9.90e+01)
179:0(6.19e+02)
180:0(5.09e+02)
181:0(4.58e+02)
182:0(5.20e+02)
183:0(1.89e+02)
184:0(9.95e+02)
185:0(9.87e+02)
186:0(6.00e+02)
187:0(7.44e+02)
188:0(2.66e+02)
189:0(9.88e+02)
190:0(9.98e+02)
191:0(1.23e+03)
192:0(2.23e+02)
193:0(1.85e+02)
194:0(3.29e+02)
195:0(6.60e+02)
196:0(2.24e+02)
197:0(3.97e+02)
198:0(9.32e+02)
199:0(9.62e+01)
200:0(3.27e+02)
201:0(1.07e+03)
202:0(8.56e+01)
203:0(4.99e+02)
204:0(5.36e+02)
205:0(3.46e+02)
206:0(4.56e+02)
207:0(1.68e+02)
208:0(2.83e+02)
209:0(5.02e+02)
210:0(4.92e+02)
211:0(2.55e+02)
212:0(3.84e+02)
213:0(4.98e+02)
214:0(8.70e+02)
215:0(3.02e+02)
216:0(4.06e+02)
217:0(7.04e+02)
218:0(1.98e+02)
219:0(1.64e+02)
220:0(7.04e+02)
221:0(6.91e+02)
222:0(1.01e+03)
223:0(7.16e+02)
224:0(9.26e+02)
225:0(6.91e+02)
226:0(1.48e+02)
227:0(4.14e+02)
228:0(5.79e+02)
229:0(4.15e+02)
230:0(8.11e+02)
231:0(1.50e+03)
232:0(1.12e+03)
233:0(1.56e+02)
234:0(5.95e+02)
235:0(1.56e+02)
236:0(2.96e+02)
237:0(1.75e+03)
238:0(1.70e+02)
239:0(2.38e+02)
240:0(6.27e+02)
241:0(6.53e+02)
242:0(3.07e+02)
243:0(6.27e+02)
244:0(7.37e+02)
245:0(1.97e+02)
246:0(2.18e+02)
247:0(3.82e+02)
248:0(5.74e+02)
249:0(7.38e+02)
250:0(6.05e+02)
251:0(8.46e+02)
252:0(7.42e+02)
253:0(2.60e+02)
254:0(5.44e+02)
255:0(7.87e+02)
256:0(7.19e+02)
257:0(4.07e+02)
258:0(8.65e+02)
259:0(6.86e+02)
260:0(7.82e+02)
261:0(4.20e+02)
262:0(3.40e+02)
263:0(3.29e+02)
264:0(7.56e+02)
265:0(5.69e+02)
266:0(4.13e+02)
267:0(5.11e+02)
268:0(3.54e+02)
269:0(7.38e+02)
270:0(4.58e+02)
271:0(1.55e+02)
272:0(3.83e+02)
273:0(5.40e+02)
274:0(6.31e+02)
275:0(1.20e+03)
276:0(1.62e+03)
277:0(1.06e+03)
278:0(1.85e+03)
279:0(2.40e+02)
280:0(1.81e+02)
281:0(1.19e+03)
282:0(1.14e+03)
283:0(1.66e+03)
284:0(5.17e+02)
285:0(4.64e+02)
286:0(7.99e+01)
287:0(1.80e+02)
288:0(7.02e+02)
289:0(3.13e+02)
290:0(4.56e+02)
291:0(2.09e+02)
292:0(4.18e+02)
293:0(6.95e+02)
294:0(6.36e+02)
295:0(1.15e+03)
296:0(7.40e+02)
297:0(2.85e+02)
298:0(7.22e+02)
299:0(4.71e+02)
300:0(7.65e+02)
301:0(1.14e+03)
302:0(8.11e+02)
303:0(1.59e+02)
304:0(7.17e+02)
305:0(4.43e+02)
306:0(3.97e+02)
307:0(3.17e+03)
308:0(3.14e+02)
309:0(1.19e+03)
310:0(2.64e+02)
311:0(1.44e+03)
312:0(7.39e+02)
313:0(2.61e+02)
314:0(3.85e+02)
315:0(2.49e+02)
316:0(9.72e+01)
317:0(3.49e+02)
318:0(2.58e+02)
319:0(3.14e+02)
320:0(4.78e+02)
321:0(2.80e+02)
322:0(3.37e+02)
323:0(2.36e+02)
324:0(1.14e+03)
325:0(3.66e+02)
326:0(7.83e+02)
327:0(7.49e+02)
328:0(1.68e+02)
329:0(2.30e+02)
330:0(1.21e+02)
331:0(8.21e+02)
332:0(9.13e+02)
333:0(1.16e+03)
334:0(1.21e+03)
335:0(7.31e+02)
336:0(5.72e+02)
337:0(8.83e+02)
338:0(7.28e+02)
339:0(7.86e+02)
340:0(3.68e+02)
341:0(2.76e+02)
342:0(3.94e+02)
343:0(1.38e+02)
344:0(6.19e+02)
345:0(9.10e+02)
346:0(7.28e+01)
347:0(1.13e+03)
348:0(1.35e+03)
349:0(2.89e+02)
350:0(5.13e+02)
351:0(7.89e+02)
352:0(3.96e+02)
353:0(1.26e+03)
354:0(2.54e+02)
355:0(6.26e+02)
356:0(5.16e+02)
357:0(2.39e+02)
358:0(4.45e+02)
359:0(6.97e+02)
360:0(9.73e+02)
361:0(1.25e+02)
362:0(7.20e+02)
363:0(8.40e+02)
364:0(5.77e+02)
365:0(2.65e+02)
366:0(4.05e+02)
367:0(4.82e+02)
368:0(8.87e+02)
369:0(7.33e+01)
370:0(4.22e+02)
371:0(8.83e+02)
372:0(8.02e+02)
373:0(4.87e+02)
374:0(7.58e+02)
375:0(1.04e+03)
376:0(4.30e+02)
377:0(6.69e+02)
378:0(8.47e+02)
379:0(1.62e+02)
380:0(6.27e+02)
381:0(2.32e+02)
382:0(5.47e+02)
383:0(4.46e+02)
384:0(6.95e+02)
385:0(5.37e+02)
386:0(5.47e+02)
387:0(2.35e+02)
388:0(7.69e+02)
389:0(5.52e+02)
390:0(5.07e+02)
391:0(1.28e+02)
392:0(2.37e+02)
393:0(3.29e+02)
394:0(3.04e+02)
395:0(3.05e+02)
396:0(7.41e+02)
397:0(7.95e+02)
398:0(6.21e+02)
399:0(4.36e+02)
400:0(5.91e+02)
401:0(2.99e+02)
402:0(5.64e+02)
403:0(1.06e+03)
404:0(5.23e+02)
405:0(1.92e+03)
406:0(7.89e+02)
407:0(5.37e+02)
408:0(6.60e+02)
409:0(1.22e+03)
410:0(3.35e+02)
411:0(1.23e+03)
412:0(8.00e+02)
413:0(2.34e+02)
414:0(1.05e+03)
415:0(1.12e+03)
416:0(9.05e+02)
417:0(1.20e+03)
418:0(2.00e+02)
419:0(7.21e+02)
420:0(6.93e+02)
421:0(5.25e+02)
422:0(2.87e+02)
423:0(9.59e+02)
424:0(1.67e+03)
425:0(1.56e+03)
426:0(3.46e+02)
427:0(9.23e+02)
428:0(2.90e+02)
429:0(1.06e+03)
430:0(4.36e+02)
431:0(3.53e+02)
432:0(2.39e+03)
433:0(9.61e+02)
434:0(1.70e+03)
435:0(1.23e+02)
436:0(2.71e+02)
437:0(2.26e+02)
438:0(1.64e+03)
439:0(1.62e+03)
440:0(8.89e+02)
441:0(3.24e+02)
442:0(2.09e+03)
443:0(1.05e+03)
444:0(1.94e+03)
445:0(1.38e+02)
446:0(1.59e+03)
447:0(6.86e+02)
448:0(1.20e+03)
449:0(2.02e+02)
450:0(5.58e+02)
451:0(8.21e+02)
452:0(2.90e+02)
453:0(8.87e+02)
454:0(9.13e+02)
455:0(4.94e+02)
456:0(1.07e+03)
457:0(3.86e+02)
458:0(2.03e+02)
459:0(5.19e+02)
460:0(2.21e+02)
461:0(1.26e+02)
462:0(4.58e+02)
463:0(2.89e+02)
464:0(3.84e+02)
465:0(1.39e+03)
466:0(9.66e+02)
467:0(3.69e+02)
468:0(3.11e+02)
469:0(3.97e+02)
470:0(1.02e+03)
471:0(4.09e+02)
472:0(4.17e+02)
473:0(8.21e+02)
474:0(4.13e+02)
475:0(1.78e+02)
476:0(4.39e+02)
477:0(4.07e+02)
478:0(4.22e+02)
479:0(8.84e+02)
480:0(8.14e+02)
481:0(4.92e+02)
482:0(5.99e+02)
483:0(1.45e+02)
484:0(4.24e+02)
485:0(1.01e+03)
486:0(7.93e+02)
487:0(4.23e+02)
488:0(3.69e+02)
489:0(6.79e+02)
490:0(1.56e+02)
491:0(8.38e+02)
492:0(4.51e+02)
493:0(1.27e+03)
494:0(2.05e+02)
495:0(5.59e+02)
496:0(1.58e+03)
497:0(1.08e+03)
498:0(6.44e+02)
499:0(4.01e+02)
500:0(3.27e+02)
501:0(2.81e+02)
502:0(2.38e+02)
503:0(2.51e+02)
504:0(1.51e+03)
505:0(2.82e+02)
506:0(1.04e+03)
507:0(8.36e+02)
508:0(6.80e+02)
509:0(2.40e+02)
510:0(5.64e+02)
511:0(1.27e+03)
512:0(7.51e+02)
513:0(3.52e+02)
514:0(1.08e+03)
515:0(7.21e+02)
516:0(1.26e+03)
517:0(3.86e+02)
518:0(1.04e+03)
519:0(6.11e+02)
520:0(6.08e+02)
521:0(1.00e+03)
522:0(1.03e+03)
523:0(1.01e+03)
524:0(1.66e+02)
525:0(7.42e+02)
526:0(4.51e+02)
527:0(5.31e+02)
528:0(2.39e+02)
529:0(6.59e+02)
530:0(1.15e+03)
531:0(9.01e+02)
532:0(6.95e+02)
533:0(3.71e+02)
534:0(8.17e+02)
535:0(1.55e+02)
536:0(9.22e+02)
537:0(4.29e+01)
538:0(7.71e+01)
539:0(3.19e+02)
540:0(1.92e+03)
541:0(3.25e+02)
542:0(3.98e+02)
543:0(8.36e+02)
544:0(1.15e+03)
545:0(1.03e+03)
546:0(1.70e+02)
547:0(1.44e+03)
548:0(1.30e+03)
549:0(8.24e+02)
550:0(4.19e+02)
551:0(2.59e+02)
552:0(6.04e+02)
553:0(9.54e+02)
554:0(2.04e+02)
555:0(5.93e+02)
556:0(6.33e+02)
557:0(1.09e+03)
558:0(1.78e+02)
559:0(1.07e+03)
560:0(8.76e+02)
561:0(1.62e+03)
562:0(6.31e+02)
563:0(3.74e+02)
564:0(1.44e+03)
565:0(6.81e+02)
566:0(4.52e+02)
567:0(4.82e+02)
568:0(5.05e+02)
569:0(1.22e+03)
570:0(6.15e+02)
571:0(6.31e+02)
572:0(1.12e+03)
573:0(2.10e+02)
574:0(6.72e+02)
575:0(7.53e+02)
576:0(3.32e+02)
577:0(7.33e+02)
578:0(6.33e+02)
579:0(5.03e+02)
580:0(2.66e+02)
581:0(5.07e+02)
582:0(5.92e+02)
583:0(7.45e+02)
584:0(3.56e+02)
585:0(2.37e+02)
586:0(6.62e+02)
587:0(4.75e+02)
588:0(4.64e+02)
589:0(5.14e+02)
590:0(2.28e+02)
591:0(3.04e+02)
592:0(9.32e+02)
593:0(7.28e+02)
594:0(8.38e+02)
595:0(6.10e+02)
596:0(2.29e+02)
597:0(7.77e+02)
598:0(6.35e+02)
599:0(1.24e+02)
600:0(6.95e+02)
601:0(1.55e+02)
602:0(3.76e+02)
603:0(4.24e+02)
604:0(1.86e+02)
605:0(2.15e+02)
606:0(3.08e+02)
607:0(8.65e+02)
608:0(4.90e+01)
609:0(4.44e+02)
610:0(7.57e+02)
611:0(3.04e+02)
612:0(4.17e+02)
613:0(2.34e+02)
614:0(1.45e+02)
615:0(5.69e+02)
616:0(9.45e+02)
617:0(1.02e+03)
618:0(5.28e+02)
619:0(6.53e+02)
620:0(2.73e+02)
621:0(3.47e+02)
622:0(8.06e+02)
623:0(2.80e+02)
624:0(4.82e+02)
625:0(2.79e+02)
626:0(4.57e+02)
627:0(2.96e+02)
628:0(1.58e+02)
629:0(5.01e+02)
630:0(3.14e+02)
631:0(2.30e+02)
632:0(2.47e+02)
633:0(3.98e+02)
634:0(4.78e+02)
635:0(4.38e+02)
636:0(8.16e+02)
637:0(1.36e+02)
638:0(2.33e+02)
639:0(3.27e+02)
640:0(1.48e+03)
641:0(5.95e+02)
642:0(4.29e+02)
643:0(3.65e+02)
644:0(4.07e+02)
645:0(1.12e+03)
646:0(3.06e+02)
647:0(1.02e+03)
648:0(7.42e+01)
649:0(1.52e+03)
650:0(2.69e+02)
651:0(1.32e+02)
652:0(4.44e+02)
653:0(7.14e+02)
654:0(2.74e+02)
655:0(7.60e+02)
656:0(3.47e+02)
657:0(4.99e+02)
658:0(4.02e+02)
659:0(1.29e+02)
660:0(1.16e+03)
661:0(2.12e+02)
662:0(1.55e+02)
663:0(1.36e+02)
664:0(1.66e+02)
665:0(1.90e+02)
666:0(1.07e+03)
667:0(1.14e+02)
668:0(2.48e+02)
669:0(5.31e+02)
670:0(6.21e+02)
671:0(3.88e+02)
672:0(6.11e+02)
673:0(4.03e+02)
674:0(4.82e+02)
675:0(3.77e+02)
676:0(2.08e+02)
677:0(4.59e+02)
678:0(1.01e+03)
679:0(5.42e+02)
680:0(2.66e+02)
681:0(2.86e+02)
682:0(4.27e+02)
683:0(3.60e+02)
684:0(1.13e+03)
685:0(9.87e+02)
686:0(3.79e+02)
687:0(4.25e+02)
688:0(6.48e+02)
689:0(7.90e+02)
690:0(2.37e+02)
691:0(4.58e+02)
692:0(3.96e+02)
693:0(1.56e+02)
694:0(1.59e+02)
695:0(4.17e+02)
696:0(4.17e+02)
697:0(1.18e+03)
698:0(4.28e+02)
699:0(3.55e+02)
700:0(1.63e+03)
701:0(2.34e+02)
702:0(4.13e+02)
703:0(7.85e+02)
704:0(2.20e+02)
705:0(6.87e+02)
706:0(1.19e+02)
707:0(2.35e+02)
708:0(6.61e+02)
709:0(4.37e+02)
710:0(4.97e+02)
711:0(9.16e+02)
712:0(6.68e+02)
713:0(4.28e+02)
714:0(3.69e+02)
715:0(5.06e+02)
716:0(1.37e+02)
717:0(5.28e+02)
718:0(2.32e+02)
719:0(5.96e+02)
720:0(1.25e+03)
721:0(5.79e+02)
722:0(4.92e+02)
723:0(4.33e+02)
724:0(4.56e+02)
725:0(1.52e+02)
726:0(6.50e+02)
727:0(1.26e+03)
728:0(8.92e+02)
729:0(3.60e+02)
730:0(5.31e+02)
731:0(6.97e+02)
732:0(5.28e+02)
733:0(6.33e+02)
734:0(1.13e+02)
735:0(3.36e+02)
736:0(7.93e+02)
737:0(4.79e+02)
738:0(3.24e+02)
739:0(7.26e+02)
740:0(1.20e+03)
741:0(1.48e+02)
742:0(1.04e+03)
743:0(1.32e+03)
744:0(7.27e+02)
745:0(4.30e+02)
746:0(1.18e+03)
747:0(1.79e+03)
748:0(2.33e+03)
749:0(9.68e+02)
750:0(3.61e+02)
751:0(6.09e+02)
752:0(9.97e+02)
753:0(1.22e+03)
754:0(5.94e+02)
755:0(1.24e+03)
756:0(5.46e+02)
757:0(3.27e+02)
758:0(1.99e+03)
759:0(8.86e+02)
760:0(2.88e+02)
761:0(7.89e+02)
762:0(5.29e+02)
763:0(2.38e+02)
764:0(2.24e+01)
765:0(4.09e+02)
766:0(1.06e+03)
767:0(9.68e+02)
768:0(4.63e+02)
769:0(8.38e+02)
770:0(2.97e+02)
771:0(8.93e+02)
772:0(3.38e+02)
773:0(5.70e+02)
774:0(3.98e+02)
775:0(6.24e+02)
776:0(2.29e+02)
777:0(1.87e+02)
778:0(2.85e+02)
779:0(1.02e+03)
780:0(1.53e+03)
781:0(1.04e+03)
782:0(5.05e+02)
783:0(1.38e+03)
784:0(6.23e+02)
785:0(4.29e+02)
786:0(3.28e+02)
787:0(1.63e+03)
788:0(1.53e+02)
789:0(8.32e+02)
790:0(7.13e+02)
791:0(1.03e+03)
792:0(1.61e+03)
793:0(7.59e+02)
794:0(3.23e+02)
795:0(1.41e+03)
796:0(8.51e+02)
797:0(2.01e+03)
798:0(8.54e+02)
799:0(1.96e+02)
800:0(2.18e+03)
801:0(3.28e+02)
802:0(8.07e+02)
803:0(2.85e+02)
804:0(4.92e+02)
805:0(9.20e+02)
806:0(9.42e+01)
807:0(1.92e+02)
808:0(5.44e+02)
809:0(1.85e+02)
810:0(3.87e+02)
811:0(3.09e+02)
812:0(6.35e+02)
813:0(2.04e+02)
814:0(1.73e+03)
815:0(4.92e+02)
816:0(4.16e+02)
817:0(3.15e+02)
818:0(1.32e+03)
819:0(6.41e+02)
820:0(3.48e+02)
821:0(2.65e+02)
822:0(3.34e+02)
823:0(1.16e+03)
824:0(4.01e+02)
825:0(8.56e+02)
826:0(2.17e+02)
827:0(1.82e+02)
828:0(4.77e+02)
829:0(6.83e+02)
830:0(3.29e+02)
831:0(1.17e+03)
832:0(3.00e+02)
833:0(5.17e+02)
834:0(2.02e+02)
835:0(3.59e+02)
836:0(2.69e+02)
837:0(2.74e+02)
838:0(3.78e+02)
839:0(3.92e+02)
840:0(7.16e+02)
841:0(4.72e+02)
842:0(1.58e+02)
843:0(3.45e+02)
844:0(6.03e+02)
845:0(4.34e+02)
846:0(4.43e+02)
847:0(1.14e+03)
848:0(7.76e+02)
849:0(1.36e+03)
850:0(4.21e+02)
851:0(2.52e+02)
852:0(4.07e+02)
853:0(5.17e+01)
854:0(1.39e+03)
855:0(2.77e+02)
856:0(2.01e+02)
857:0(8.34e+02)
858:0(3.28e+02)
859:0(1.64e+02)
860:0(9.65e+02)
861:0(8.69e+02)
862:0(3.04e+02)
863:0(1.27e+02)
864:0(1.38e+02)
865:0(3.50e+02)
866:0(1.53e+02)
867:0(4.03e+02)
868:0(2.25e+02)
869:0(5.95e+02)
870:0(7.80e+02)
871:0(6.67e+02)
872:0(1.07e+03)
873:0(8.97e+02)
874:0(3.59e+02)
875:0(2.98e+02)
876:0(2.41e+02)
877:0(5.04e+02)
878:0(3.14e+02)
879:0(7.54e+02)
880:0(4.92e+02)
881:0(1.13e+03)
882:0(6.96e+02)
883:0(2.14e+02)
884:0(2.65e+02)
885:0(8.43e+02)
886:0(6.06e+02)
887:0(9.87e+01)
888:0(4.07e+02)
889:0(6.23e+02)
890:0(6.17e+02)
891:0(2.50e+02)
892:0(2.81e+02)
893:0(7.78e+02)
894:0(6.39e+02)
895:0(3.83e+01)
896:0(2.54e+02)
897:0(5.79e+02)
898:0(3.47e+02)
899:0(1.19e+02)
900:0(5.30e+02)
901:0(1.42e+03)
902:0(2.47e+02)
903:0(5.24e+02)
904:0(9.18e+02)
905:0(6.90e+02)
906:0(2.71e+02)
907:0(2.22e+02)
908:0(5.85e+02)
909:0(7.76e+02)
910:0(1.06e+03)
911:0(5.96e+02)
912:0(3.05e+02)
913:0(5.66e+02)
914:0(1.88e+03)
915:0(1.98e+02)
916:0(3.92e+02)
917:0(5.70e+02)
918:0(2.66e+02)
919:0(2.78e+02)
920:0(3.89e+02)
921:0(1.80e+03)
922:0(6.93e+02)
923:0(6.56e+02)
924:0(8.14e+02)
925:0(8.85e+02)
926:0(6.19e+02)
927:0(3.19e+02)
928:0(8.22e+02)
929:0(7.03e+02)
930:0(9.53e+01)
931:0(1.04e+02)
932:0(2.95e+02)
933:0(6.12e+02)
934:0(4.84e+02)
935:0(3.31e+02)
936:0(3.93e+02)
937:0(5.83e+02)
938:0(5.36e+02)
939:0(7.20e+02)
940:0(4.34e+02)
941:0(6.31e+02)
942:0(3.66e+02)
943:0(5.68e+02)
944:0(9.79e+02)
945:0(7.72e+02)
946:0(9.50e+02)
947:0(6.69e+02)
948:0(3.99e+02)
949:0(7.53e+02)
950:0(4.21e+02)
951:0(3.83e+02)
952:0(2.06e+02)
953:0(4.96e+02)
954:0(3.35e+02)
955:0(3.28e+02)
956:0(3.09e+02)
957:0(4.03e+02)
958:0(3.70e+02)
959:0(1.91e+02)
960:0(1.05e+03)
961:0(5.78e+02)
962:0(1.25e+03)
963:0(2.79e+02)
964:0(3.61e+02)
965:0(5.10e+02)
966:0(8.84e+02)
967:0(7.27e+02)
968:0(4.97e+02)
969:0(3.72e+02)
970:0(2.50e+02)
971:0(7.76e+02)
972:0(2.06e+02)
973:0(6.09e+02)
974:0(2.53e+02)
975:0(4.97e+02)
976:0(8.44e+02)
977:0(6.60e+02)
978:0(4.46e+02)
979:0(2.27e+02)
980:0(1.12e+03)
981:0(5.82e+02)
982:0(6.91e+02)
983:0(6.88e+02)
984:0(3.02e+02)
985:0(5.54e+02)
986:0(2.68e+02)
987:0(1.54e+03)
988:0(9.91e+02)
989:0(4.33e+02)
990:0(7.48e+02)
991:0(4.92e+02)
992:0(3.99e+02)
993:0(1.77e+02)
994:0(5.59e+02)
995:0(3.49e+02)
996:0(8.47e+02)
997:0(1.75e+03)
998:0(4.52e+02)
999:0(3.64e+01)
1000:0(7.25e+01)
1001:0(3.15e+02)
1002:0(3.93e+02)
1003:0(3.68e+02)
1004:0(6.92e+02)
1005:0(3.14e+02)
1006:0(9.25e+01)
1007:0(5.72e+02)
1008:0(1.45e+03)
1009:0(8.04e+02)
1010:0(4.43e+02)
1011:0(1.25e+03)
1012:0(5.19e+02)
1013:0(9.96e+02)
1014:0(5.55e+02)
1015:0(1.08e+03)
1016:0(1.80e+02)
1017:0(7.66e+02)
1018:0(5.21e+02)
1019:0(3.42e+02)
1020:0(1.21e+03)
1021:0(4.87e+02)
1022:0(6.20e+02)
1023:0(1.70e+03)
1024:0(1.05e+02)
1025:0(1.29e+03)
1026:0(7.83e+02)
1027:0(1.46e+03)
1028:0(1.02e+03)
1029:0(1.33e+03)
1030:0(4.39e+02)
1031:0(7.43e+02)
1032:0(2.36e+02)
1033:0(5.40e+02)
1034:0(1.65e+02)
1035:0(2.36e+02)
1036:0(3.85e+02)
1037:0(4.75e+02)
1038:0(2.57e+02)
1039:0(8.70e+02)
1040:0(4.88e+01)
1041:0(5.64e+02)
1042:0(3.92e+02)
1043:0(8.99e+02)
1044:0(2.79e+02)
1045:0(3.76e+02)
1046:0(8.63e+02)
1047:0(5.05e+02)
1048:0(1.38e+02)
1049:0(2.35e+02)
1050:0(6.16e+02)
1051:0(3.09e+02)
1052:0(1.91e+02)
1053:0(4.77e+02)
1054:0(6.37e+02)
1055:0(2.30e+02)
1056:0(7.13e+01)
1057:0(8.20e+02)
1058:0(3.77e+02)
1059:0(5.40e+02)
1060:0(1.18e+03)
1061:0(9.44e+02)
1062:0(1.41e+02)
1063:0(1.45e+03)
1064:0(9.72e+01)
1065:0(8.20e+02)
1066:0(2.99e+02)
1067:0(7.77e+02)
1068:0(6.24e+02)
1069:0(1.55e+02)
1070:0(7.96e+02)
1071:0(1.87e+02)
1072:0(7.27e+02)
1073:0(2.73e+02)
1074:0(4.78e+02)
1075:0(4.19e+02)
1076:0(1.89e+02)
1077:0(1.12e+03)
1078:0(3.46e+02)
1079:0(6.93e+02)
1080:0(9.80e+02)
1081:0(1.35e+02)
1082:0(2.46e+02)
1083:0(3.98e+02)
1084:0(1.34e+03)
1085:0(8.64e+02)
1086:0(1.48e+03)
1087:0(8.87e+02)
1088:0(1.50e+03)
1089:0(9.72e+02)
1090:0(2.00e+02)
1091:0(5.04e+02)
1092:0(1.09e+03)
1093:0(7.88e+02)
1094:0(7.71e+02)
1095:0(1.26e+02)
1096:0(8.01e+02)
1097:0(2.30e+03)
1098:0(1.66e+02)
1099:0(4.15e+02)
1100:0(6.46e+02)
1101:0(5.30e+02)
1102:0(4.26e+02)
1103:0(6.35e+02)
1104:0(4.21e+02)
1105:0(4.72e+01)
1106:0(1.55e+02)
1107:0(7.65e+02)
1108:0(9.98e+02)
1109:0(1.29e+03)
1110:0(7.52e+02)
1111:0(1.21e+03)
1112:0(5.65e+02)
1113:0(3.55e+02)
1114:0(1.64e+02)
1115:0(1.01e+03)
1116:0(5.50e+02)
1117:0(9.61e+01)
1118:0(6.16e+02)
1119:0(3.31e+02)
1120:0(3.45e+02)
1121:0(6.02e+02)
1122:0(7.18e+02)
1123:0(6.96e+02)
1124:0(4.65e+02)
1125:0(6.94e+02)
1126:0(1.16e+02)
1127:0(6.85e+02)
1128:0(6.39e+02)
1129:0(4.03e+02)
1130:0(1.52e+03)
1131:0(1.28e+03)
1132:0(8.59e+02)
1133:0(1.28e+03)
1134:0(6.02e+02)
1135:0(1.45e+02)
1136:0(4.76e+02)
1137:0(5.79e+02)
1138:0(4.97e+02)
1139:0(4.28e+02)
1140:0(5.28e+02)
1141:0(1.42e+03)
1142:0(2.03e+02)
1143:0(1.34e+03)
1144:0(8.28e+02)
1145:0(8.73e+01)
1146:0(1.40e+03)
1147:0(4.95e+02)
1148:0(1.19e+03)
1149:0(8.91e+02)
1150:0(3.17e+02)
1151:0(1.05e+03)
1152:0(7.63e+02)INFO: s3mixw_io.c(233): Wrote /home/yaroslav/model/model_parameters/ua.cd_cont_initial/mixture_weights [1153x1x2 array]
INFO: s3gau_io.c(228): Wrote /home/yaroslav/model/model_parameters/ua.cd_cont_initial/means [1153x1x2 array]
INFO: s3gau_io.c(228): Wrote /home/yaroslav/model/model_parameters/ua.cd_cont_initial/variances [1153x1x2 array]

Tue Apr 12 15:26:51 2016
